LOAD 'auto_explain'; SET auto_explain.log_min_duration TO 0; SET auto_explain.log_analyze TO on; SET auto_explain.log_level TO notice; INSERT INTO time_statistics (template, s_time, stream, query, seed) VALUES ('query57.tpl', TRANSACTION_TIMESTAMP(), 8, 1, 1378153221);
LOAD
SET
SET
SET
psql:/tmp/s1-basline/throughput/query_8.sql:1: NOTICE:  duration: 0.090 ms  plan:
Query Text: INSERT INTO time_statistics (template, s_time, stream, query, seed) VALUES ('query57.tpl', TRANSACTION_TIMESTAMP(), 8, 1, 1378153221);
Insert on time_statistics  (cost=0.00..0.01 rows=0 width=0) (actual time=0.089..0.089 rows=0 loops=1)
  ->  Result  (cost=0.00..0.01 rows=1 width=64) (actual time=0.008..0.008 rows=1 loops=1)
INSERT 0 1
with v1 as(
 select i_category, i_brand,
        cc_name,
        d_year, d_moy,
        sum(cs_sales_price) sum_sales,
        avg(sum(cs_sales_price)) over
          (partition by i_category, i_brand,
                     cc_name, d_year)
          avg_monthly_sales,
        rank() over
          (partition by i_category, i_brand,
                     cc_name
           order by d_year, d_moy) rn
 from item, catalog_sales, date_dim, call_center
 where cs_item_sk = i_item_sk and
       cs_sold_date_sk = d_date_sk and
       cc_call_center_sk= cs_call_center_sk and
       (
         d_year = 1999 or
         ( d_year = 1999-1 and d_moy =12) or
         ( d_year = 1999+1 and d_moy =1)
       )
 group by i_category, i_brand,
          cc_name , d_year, d_moy),
 v2 as(
 select v1.i_category, v1.i_brand
        ,v1.d_year, v1.d_moy
        ,v1.avg_monthly_sales
        ,v1.sum_sales, v1_lag.sum_sales psum, v1_lead.sum_sales nsum
 from v1, v1 v1_lag, v1 v1_lead
 where v1.i_category = v1_lag.i_category and
       v1.i_category = v1_lead.i_category and
       v1.i_brand = v1_lag.i_brand and
       v1.i_brand = v1_lead.i_brand and
       v1. cc_name = v1_lag. cc_name and
       v1. cc_name = v1_lead. cc_name and
       v1.rn = v1_lag.rn + 1 and
       v1.rn = v1_lead.rn - 1)
  select  *
 from v2
 where  d_year = 1999 and
        avg_monthly_sales > 0 and
        case when avg_monthly_sales > 0 then abs(sum_sales - avg_monthly_sales) / avg_monthly_sales else null end > 0.1
 order by sum_sales - avg_monthly_sales, psum
 limit 100;
psql:/tmp/s1-basline/throughput/query_8.sql:46: NOTICE:  duration: 1665.269 ms  plan:
Query Text: with v1 as(
 select i_category, i_brand,
        cc_name,
        d_year, d_moy,
        sum(cs_sales_price) sum_sales,
        avg(sum(cs_sales_price)) over
          (partition by i_category, i_brand,
                     cc_name, d_year)
          avg_monthly_sales,
        rank() over
          (partition by i_category, i_brand,
                     cc_name
           order by d_year, d_moy) rn
 from item, catalog_sales, date_dim, call_center
 where cs_item_sk = i_item_sk and
       cs_sold_date_sk = d_date_sk and
       cc_call_center_sk= cs_call_center_sk and
       (
         d_year = 1999 or
         ( d_year = 1999-1 and d_moy =12) or
         ( d_year = 1999+1 and d_moy =1)
       )
 group by i_category, i_brand,
          cc_name , d_year, d_moy),
 v2 as(
 select v1.i_category, v1.i_brand
        ,v1.d_year, v1.d_moy
        ,v1.avg_monthly_sales
        ,v1.sum_sales, v1_lag.sum_sales psum, v1_lead.sum_sales nsum
 from v1, v1 v1_lag, v1 v1_lead
 where v1.i_category = v1_lag.i_category and
       v1.i_category = v1_lead.i_category and
       v1.i_brand = v1_lag.i_brand and
       v1.i_brand = v1_lead.i_brand and
       v1. cc_name = v1_lag. cc_name and
       v1. cc_name = v1_lead. cc_name and
       v1.rn = v1_lag.rn + 1 and
       v1.rn = v1_lead.rn - 1)
  select  *
 from v2
 where  d_year = 1999 and
        avg_monthly_sales > 0 and
        case when avg_monthly_sales > 0 then abs(sum_sales - avg_monthly_sales) / avg_monthly_sales else null end > 0.1
 order by sum_sales - avg_monthly_sales, psum
 limit 100;
Limit  (cost=29083.79..29083.80 rows=1 width=456) (actual time=1665.137..1665.157 rows=100 loops=1)
  CTE v1
    ->  WindowAgg  (cost=27549.43..28171.41 rows=8293 width=146) (actual time=1227.346..1571.878 rows=32248 loops=1)
          ->  WindowAgg  (cost=27549.43..27984.82 rows=8293 width=138) (actual time=1227.328..1546.699 rows=32248 loops=1)
                ->  GroupAggregate  (cost=27549.43..27777.49 rows=8293 width=130) (actual time=1227.314..1512.481 rows=32248 loops=1)
                      Group Key: item.i_category, item.i_brand, call_center.cc_name, date_dim.d_year, date_dim.d_moy
                      ->  Sort  (cost=27549.43..27570.17 rows=8293 width=130) (actual time=1227.282..1400.521 rows=340491 loops=1)
                            Sort Key: item.i_category, item.i_brand, call_center.cc_name, date_dim.d_year, date_dim.d_moy
                            Sort Method: external merge  Disk: 47680kB
                            ->  Hash Join  (cost=1662.56..27009.66 rows=8293 width=130) (actual time=28.005..345.103 rows=340491 loops=1)
                                  Hash Cond: (catalog_sales.cs_call_center_sk = call_center.cc_call_center_sk)
                                  ->  Hash Join  (cost=1661.43..26971.26 rows=8337 width=126) (actual time=27.982..291.352 rows=342245 loops=1)
                                        Hash Cond: (catalog_sales.cs_item_sk = item.i_item_sk)
                                        ->  Nested Loop  (cost=0.43..25288.38 rows=8337 width=32) (actual time=8.462..199.548 rows=342245 loops=1)
                                              ->  Seq Scan on date_dim  (cost=0.00..3048.60 rows=424 width=16) (actual time=8.423..14.809 rows=427 loops=1)
                                                    Filter: ((d_year = 1999) OR ((d_year = 1998) AND (d_moy = 12)) OR ((d_year = 2000) AND (d_moy = 1)))
                                                    Rows Removed by Filter: 72622
                                              ->  Index Scan using i_cs_sold_date_sk on catalog_sales  (cost=0.43..44.60 rows=785 width=32) (actual time=0.009..0.273 rows=802 loops=427)
                                                    Index Cond: (cs_sold_date_sk = date_dim.d_date_sk)
                                        ->  Hash  (cost=1436.00..1436.00 rows=18000 width=110) (actual time=19.351..19.352 rows=18000 loops=1)
                                              Buckets: 32768  Batches: 1  Memory Usage: 2783kB
                                              ->  Seq Scan on item  (cost=0.00..1436.00 rows=18000 width=110) (actual time=0.027..14.434 rows=18000 loops=1)
                                  ->  Hash  (cost=1.06..1.06 rows=6 width=20) (actual time=0.008..0.009 rows=6 loops=1)
                                        Buckets: 1024  Batches: 1  Memory Usage: 9kB
                                        ->  Seq Scan on call_center  (cost=0.00..1.06 rows=6 width=20) (actual time=0.003..0.004 rows=6 loops=1)
  ->  Sort  (cost=912.38..912.39 rows=1 width=456) (actual time=1665.136..1665.142 rows=100 loops=1)
        Sort Key: ((v1.sum_sales - v1.avg_monthly_sales)), v1_lag.sum_sales
        Sort Method: top-N heapsort  Memory: 70kB
        ->  Hash Join  (cost=611.74..912.37 rows=1 width=456) (actual time=1637.068..1658.907 rows=24406 loops=1)
              Hash Cond: ((v1_lead.i_category = v1.i_category) AND (v1_lead.i_brand = v1.i_brand) AND ((v1_lead.cc_name)::text = (v1.cc_name)::text) AND ((v1_lead.rn - 1) = v1.rn))
              ->  CTE Scan on v1 v1_lead  (cost=0.00..165.86 rows=8293 width=542) (actual time=1227.348..1230.094 rows=32248 loops=1)
              ->  Hash  (cost=611.72..611.72 rows=1 width=1100) (actual time=409.702..409.703 rows=24833 loops=1)
                    Buckets: 32768 (originally 1024)  Batches: 1 (originally 1)  Memory Usage: 7952kB
                    ->  Hash Join  (cost=311.09..611.72 rows=1 width=1100) (actual time=374.866..397.937 rows=24833 loops=1)
                          Hash Cond: ((v1_lag.i_category = v1.i_category) AND (v1_lag.i_brand = v1.i_brand) AND ((v1_lag.cc_name)::text = (v1.cc_name)::text) AND ((v1_lag.rn + 1) = v1.rn))
                          ->  CTE Scan on v1 v1_lag  (cost=0.00..165.86 rows=8293 width=542) (actual time=0.000..3.104 rows=32248 loops=1)
                          ->  Hash  (cost=310.99..310.99 rows=5 width=558) (actual time=374.857..374.858 rows=24866 loops=1)
                                Buckets: 32768 (originally 1024)  Batches: 1 (originally 1)  Memory Usage: 4725kB
                                ->  CTE Scan on v1  (cost=0.00..310.99 rows=5 width=558) (actual time=0.142..362.452 rows=25124 loops=1)
                                      Filter: ((avg_monthly_sales > '0'::double precision) AND (d_year = 1999) AND (CASE WHEN (avg_monthly_sales > '0'::double precision) THEN (abs((sum_sales - avg_monthly_sales)) / avg_monthly_sales) ELSE NULL::double precision END > '0.1'::double precision))
                                      Rows Removed by Filter: 7124
                     i_category                     |                      i_brand                       | d_year | d_moy | avg_monthly_sales  |     sum_sales      |        psum        |        nsum        
----------------------------------------------------+----------------------------------------------------+--------+-------+--------------------+--------------------+--------------------+--------------------
 Shoes                                              | exportiedu pack #1                                 |   1999 |     4 |  7291.776666666666 |            2455.45 | 3718.6099999999997 |            4117.59
 Men                                                | amalgimporto #1                                    |   1999 |     2 |  7567.333333333333 |  3145.260000000001 |            5221.33 |  4117.589999999998
 Shoes                                              | importoedu pack #1                                 |   1999 |     3 |  7073.361666666668 | 2700.6599999999994 | 3250.4700000000016 |  3972.750000000001
 Children                                           | edu packexporti #1                                 |   1999 |     4 |  6278.779166666667 | 2256.1499999999996 |  4225.360000000001 | 3651.7299999999996
 Children                                           | exportiexporti #1                                  |   1999 |     2 |  6668.065000000001 | 2720.2800000000007 | 3768.6399999999985 |  4175.900000000001
 Children                                           | amalgexporti #1                                    |   1999 |     2 |  6368.448333333333 | 2446.9000000000005 |  4015.320000000001 |  4482.149999999999
 Men                                                | edu packimporto #1                                 |   1999 |     3 | 6600.2074999999995 |  2735.039999999999 |            3560.62 | 3564.6500000000005
 Shoes                                              | importoedu pack #1                                 |   1999 |     2 | 7203.2074999999995 | 3339.1400000000003 | 5351.7300000000005 |            4722.79
 Shoes                                              | exportiedu pack #1                                 |   1999 |     5 |          7330.3125 | 3475.7400000000007 |  4346.379999999998 |             3735.4
 Children                                           | exportiexporti #1                                  |   1999 |     3 |  6980.410000000001 | 3128.5800000000004 |            3860.03 |  4070.339999999999
 Women                                              | edu packamalg #1                                   |   1999 |     2 |  6691.298333333332 | 2863.5600000000004 |            5142.87 |             3352.8
 Men                                                | exportiimporto #1                                  |   1999 |     7 |  6991.575833333333 |  3166.659999999999 |            3917.89 |  7802.890000000004
 Shoes                                              | importoedu pack #1                                 |   1999 |     2 |  7073.361666666668 | 3250.4700000000016 |  5062.689999999999 | 2700.6599999999994
 Women                                              | edu packamalg #1                                   |   1999 |     3 |  6950.946666666667 |  3157.739999999999 | 3575.9399999999987 |  3737.679999999999
 Music                                              | exportischolar #1                                  |   1999 |     2 |           6801.375 | 3033.9200000000005 |  4609.689999999999 |  4183.969999999999
 Men                                                | importoimporto #1                                  |   1999 |     4 |  6733.381666666665 | 2976.5200000000004 |            3447.76 |  4208.230000000001
 Men                                                | amalgimporto #1                                    |   1999 |     6 |  7063.599166666667 | 3323.0099999999998 | 4016.9800000000014 |  5409.439999999998
 Music                                              | edu packscholar #1                                 |   1999 |     2 |          6119.7175 | 2387.2099999999996 |             3777.9 |  3540.559999999999
 Women                                              | edu packamalg #1                                   |   1999 |     1 |   6947.45333333333 |            3218.57 |            14321.8 | 3229.3599999999997
 Children                                           | importoexporti #1                                  |   1999 |     7 |  5859.874166666666 | 2140.1199999999994 |  3338.049999999999 |            8242.55
 Women                                              | edu packamalg #1                                   |   1999 |     2 |   6947.45333333333 | 3229.3599999999997 |            3218.57 |  4088.659999999998
 Music                                              | amalgscholar #1                                    |   1999 |     3 |  6643.851666666665 | 2951.2999999999997 |  3361.989999999999 | 2952.4600000000005
 Music                                              | amalgscholar #1                                    |   1999 |     4 |  6643.851666666665 | 2952.4600000000005 | 2951.2999999999997 | 3191.9499999999994
 Men                                                | exportiimporto #1                                  |   1999 |     2 |  6991.575833333333 |  3340.349999999999 |  5260.300000000001 |             4127.7
 Children                                           | amalgexporti #1                                    |   1999 |     5 |  6080.169166666666 |            2429.23 | 4093.4399999999987 | 3340.3500000000004
 Shoes                                              | amalgedu pack #1                                   |   1999 |     5 |  6312.827499999999 | 2688.2799999999997 | 3974.2999999999993 |  4289.520000000001
 Shoes                                              | importoedu pack #1                                 |   1999 |     3 |  7105.865833333332 |            3488.36 | 4014.9099999999994 |  4667.469999999999
 Shoes                                              | exportiedu pack #1                                 |   1999 |     3 |  6637.634166666667 | 3024.7799999999984 | 3847.7300000000005 | 3829.5099999999998
 Men                                                | importoimporto #1                                  |   1999 |     2 |  6767.732500000001 |  3155.269999999998 |  4427.449999999999 |  3886.899999999999
 Children                                           | amalgexporti #1                                    |   1999 |     7 |  6261.065833333334 | 2664.3399999999992 | 2736.4100000000003 |            8883.35
 Shoes                                              | exportiedu pack #1                                 |   1999 |     6 |          7330.3125 |             3735.4 | 3475.7400000000007 |            4720.65
 Shoes                                              | exportiedu pack #1                                 |   1999 |     3 |  7291.776666666666 | 3718.6099999999997 | 3749.2900000000004 |            2455.45
 Music                                              | edu packscholar #1                                 |   1999 |     1 |               6298 |  2745.009999999999 |  11557.87000000001 | 3063.5800000000013
 Shoes                                              | exportiedu pack #1                                 |   1999 |     2 |  7291.776666666666 | 3749.2900000000004 |  5037.039999999998 | 3718.6099999999997
 Music                                              | exportischolar #1                                  |   1999 |     4 |  6713.895833333332 | 3177.0199999999986 |            3587.15 |            3934.84
 Children                                           | amalgexporti #1                                    |   1999 |     6 |  6261.065833333334 | 2736.4100000000003 |            4290.02 | 2664.3399999999992
 Shoes                                              | exportiedu pack #1                                 |   1999 |     2 |          7330.3125 | 3807.4000000000005 |  5022.889999999999 |  4587.719999999998
 Shoes                                              | importoedu pack #1                                 |   1999 |     6 | 7203.2074999999995 |  3713.040000000002 | 4700.5599999999995 |  5153.069999999997
 Shoes                                              | amalgedu pack #1                                   |   1999 |     3 |  5890.309999999998 |            2400.59 | 3384.2199999999984 | 3531.5000000000005
 Women                                              | importoamalg #1                                    |   1999 |     1 |  5513.934166666667 | 2024.8500000000004 |           11426.37 | 2915.8399999999992
 Women                                              | exportiamalg #1                                    |   1999 |     4 | 5974.8341666666665 | 2496.8400000000006 | 3989.9100000000003 | 3410.7400000000007
 Children                                           | edu packexporti #1                                 |   1999 |     3 |  6831.926666666666 | 3355.6599999999985 |  4323.990000000001 | 3430.2299999999996
 Men                                                | amalgimporto #1                                    |   1999 |     4 |  7325.469166666665 | 3852.3900000000003 | 4909.5300000000025 | 3974.4600000000005
 Men                                                | exportiimporto #1                                  |   1999 |     2 |  6865.099999999999 | 3394.3900000000003 |            3835.32 | 3712.4200000000005
 Men                                                | exportiimporto #1                                  |   1999 |     4 |  6874.206666666668 |             3418.9 | 3529.8599999999988 |  4382.639999999999
 Music                                              | amalgscholar #1                                    |   1999 |     5 |  6643.851666666665 | 3191.9499999999994 | 2952.4600000000005 | 3444.5699999999993
 Men                                                | importoimporto #1                                  |   1999 |     3 | 7285.1691666666675 | 3833.3099999999995 | 3894.3599999999997 |            4801.83
 Men                                                | amalgimporto #1                                    |   1999 |     3 |  7567.333333333333 |  4117.589999999998 |  3145.260000000001 | 4892.4400000000005
 Shoes                                              | importoedu pack #1                                 |   1999 |     1 |  7105.865833333332 |             3658.8 | 15628.160000000002 | 4014.9099999999994
 Music                                              | amalgscholar #1                                    |   1999 |     4 |  6236.202499999999 | 2792.9599999999996 | 3426.1900000000005 |            4715.62
 Men                                                | importoimporto #1                                  |   1999 |     7 |  6733.381666666665 | 3308.0800000000004 |  4260.480000000001 |            8096.55
 Women                                              | exportiamalg #1                                    |   1999 |     4 |  6292.948333333334 |  2868.739999999999 | 3524.6300000000006 | 3212.3800000000015
 Children                                           | amalgexporti #1                                    |   1999 |     6 |  6368.448333333333 | 2946.1299999999997 |            4650.16 |  4308.709999999998
 Shoes                                              | importoedu pack #1                                 |   1999 |     5 |  7073.361666666668 |  3661.439999999999 |  3972.750000000001 |  4777.560000000002
 Children                                           | importoexporti #1                                  |   1999 |     4 |  6360.689166666667 |            2949.38 | 3125.9400000000005 | 3010.9199999999996
 Children                                           | importoexporti #1                                  |   1999 |     2 |  6343.160833333332 | 2935.0299999999997 |  4461.380000000001 |  4294.490000000001
 Children                                           | edu packexporti #1                                 |   1999 |     4 |  6831.926666666666 | 3430.2299999999996 | 3355.6599999999985 | 3472.8000000000006
 Music                                              | exportischolar #1                                  |   1999 |     6 |           6801.375 | 3408.3599999999997 |  5385.159999999999 |            4652.37
 Men                                                | importoimporto #1                                  |   1999 |     2 | 7285.1691666666675 | 3894.3599999999997 |  4877.569999999999 | 3833.3099999999995
 Men                                                | importoimporto #1                                  |   1999 |     6 |  6767.732500000001 |  3379.210000000001 |  5019.649999999999 |  5438.340000000001
 Children                                           | exportiexporti #1                                  |   1999 |     4 |  6535.910000000001 | 3151.0599999999995 |  4875.290000000002 |            3333.14
 Women                                              | edu packamalg #1                                   |   1999 |     2 |  6950.946666666667 | 3575.9399999999987 |            5520.13 |  3157.739999999999
 Shoes                                              | importoedu pack #1                                 |   1999 |     7 |  7105.865833333332 |            3731.48 |  3904.110000000001 |  9956.500000000005
 Women                                              | importoamalg #1                                    |   1999 |     1 |  5459.943333333334 |            2085.86 | 10864.219999999994 |            3046.35
 Children                                           | edu packexporti #1                                 |   1999 |     5 |  6831.926666666666 | 3472.8000000000006 | 3430.2299999999996 | 3626.7400000000016
 Men                                                | amalgimporto #1                                    |   1999 |     6 |  7567.333333333333 | 4209.9800000000005 |            4303.45 | 5085.1900000000005
 Men                                                | amalgimporto #1                                    |   1999 |     5 |  7325.469166666665 | 3974.4600000000005 | 3852.3900000000003 |  5330.549999999998
 Women                                              | exportiamalg #1                                    |   1999 |     2 | 5974.8341666666665 |  2624.210000000001 | 3721.9799999999996 | 3989.9100000000003
 Children                                           | importoexporti #1                                  |   1999 |     5 |  6360.689166666667 | 3010.9199999999996 |            2949.38 | 3012.5399999999986
 Children                                           | importoexporti #1                                  |   1999 |     6 |  6360.689166666667 | 3012.5399999999986 | 3010.9199999999996 |  5474.470000000001
 Men                                                | exportiimporto #1                                  |   1999 |     3 |  6874.206666666668 | 3529.8599999999988 |            4629.06 |             3418.9
 Women                                              | edu packamalg #1                                   |   1999 |     3 |  6691.298333333332 |             3352.8 | 2863.5600000000004 |  4348.769999999999
 Music                                              | importoscholar #1                                  |   1999 |     2 |  5622.262499999998 | 2314.3400000000006 |  3610.999999999999 |  2601.400000000001
 Men                                                | exportiimporto #1                                  |   1999 |     7 |  6874.206666666668 |  3574.909999999999 |  4539.250000000002 |  9345.270000000002
 Children                                           | exportiexporti #1                                  |   1999 |     7 |  6980.410000000001 |  3683.700000000001 |            4925.01 |  9864.790000000005
 Men                                                | importoimporto #1                                  |   1999 |     3 |  6733.381666666665 |            3447.76 |  3733.640000000002 | 2976.5200000000004
 Women                                              | importoamalg #1                                    |   1999 |     5 |  5696.628333333334 | 2411.8699999999994 |  2810.140000000001 |  3451.589999999999
 Music                                              | amalgscholar #1                                    |   1999 |     3 |  6630.089166666666 |             3347.9 | 3499.9199999999987 | 4412.7300000000005
 Music                                              | amalgscholar #1                                    |   1999 |     2 |  6643.851666666665 |  3361.989999999999 |             4564.5 | 2951.2999999999997
 Men                                                | amalgimporto #1                                    |   1999 |     5 |  7567.333333333333 |            4303.45 | 4892.4400000000005 | 4209.9800000000005
 Men                                                | edu packimporto #1                                 |   1999 |     6 |  6238.117499999999 |            2978.29 |  4560.589999999999 |  3645.499999999999
 Music                                              | exportischolar #1                                  |   1999 |     3 |  6429.956666666665 | 3187.8199999999997 |            4526.08 | 3573.4999999999995
 Children                                           | importoexporti #1                                  |   1999 |     3 |  6360.689166666667 | 3125.9400000000005 | 4082.2599999999993 |            2949.38
 Music                                              | edu packscholar #1                                 |   1999 |     2 |               6298 | 3063.5800000000013 |  2745.009999999999 |  3115.540000000001
 Music                                              | exportischolar #1                                  |   1999 |     1 |  6429.956666666665 |            3195.63 | 13442.850000000006 |            4526.08
 Music                                              | importoscholar #1                                  |   1999 |     2 | 5909.1641666666665 | 2693.4000000000005 |  3255.309999999999 |             2823.6
 Music                                              | exportischolar #1                                  |   1999 |     4 |           6801.375 | 3586.8899999999994 |  4183.969999999999 |  5385.159999999999
 Women                                              | edu packamalg #1                                   |   1999 |     4 |  6950.946666666667 |  3737.679999999999 |  3157.739999999999 | 4240.2300000000005
 Children                                           | edu packexporti #1                                 |   1999 |     7 |  6501.143333333334 | 3292.3100000000004 |  4108.709999999999 | 10340.720000000003
 Children                                           | edu packexporti #1                                 |   1999 |     6 |  6831.926666666666 | 3626.7400000000016 | 3472.8000000000006 |  4949.529999999998
 Shoes                                              | edu packedu pack #1                                |   1999 |     2 |  5864.514166666665 | 2661.6000000000004 | 3972.4300000000003 |  4173.219999999999
 Children                                           | exportiexporti #1                                  |   1999 |     5 |  6535.910000000001 |            3333.14 | 3151.0599999999995 |            4332.93
 Shoes                                              | importoedu pack #1                                 |   1999 |     6 |  7105.865833333332 |  3904.110000000001 |            4177.77 |            3731.48
 Music                                              | amalgscholar #1                                    |   1999 |     6 |  6643.851666666665 | 3444.5699999999993 | 3191.9499999999994 | 3561.5399999999995
 Music                                              | edu packscholar #1                                 |   1999 |     2 |  6227.787499999999 | 3036.3999999999983 |            3749.89 |  4893.629999999999
 Music                                              | edu packscholar #1                                 |   1999 |     3 |               6298 |  3115.540000000001 | 3063.5800000000013 |  4545.960000000001
 Men                                                | importoimporto #1                                  |   1999 |     5 | 7285.1691666666675 | 4104.9400000000005 |            4801.83 |  5477.940000000003
 Music                                              | amalgscholar #1                                    |   1999 |     6 |  6630.089166666666 | 3450.8099999999995 |  3859.040000000001 |  3832.670000000001
 Shoes                                              | exportiedu pack #1                                 |   1999 |     5 |  7291.776666666666 |            4117.59 |            2455.45 |  4172.560000000001
 Men                                                | exportiimporto #1                                  |   1999 |     1 |  6874.206666666668 |  3700.979999999999 | 15250.110000000017 |            4629.06
(100 rows)

UPDATE time_statistics SET e_time = TRANSACTION_TIMESTAMP() WHERE template = 'query57.tpl' AND stream = 8;
psql:/tmp/s1-basline/throughput/query_8.sql:48: NOTICE:  duration: 0.120 ms  plan:
Query Text: UPDATE time_statistics SET e_time = TRANSACTION_TIMESTAMP() WHERE template = 'query57.tpl' AND stream = 8;
Update on time_statistics  (cost=0.00..12.86 rows=0 width=0) (actual time=0.120..0.120 rows=0 loops=1)
  ->  Seq Scan on time_statistics  (cost=0.00..12.86 rows=1 width=14) (actual time=0.090..0.091 rows=1 loops=1)
        Filter: ((template = 'query57.tpl'::text) AND (stream = 8))
        Rows Removed by Filter: 408
UPDATE 1
LOAD 'auto_explain'; SET auto_explain.log_min_duration TO 0; SET auto_explain.log_analyze TO on; SET auto_explain.log_level TO notice; INSERT INTO time_statistics (template, s_time, stream, query, seed) VALUES ('query29.tpl', TRANSACTION_TIMESTAMP(), 8, 2, 1262350657);
LOAD
SET
SET
SET
psql:/tmp/s1-basline/throughput/query_8.sql:49: NOTICE:  duration: 0.015 ms  plan:
Query Text: INSERT INTO time_statistics (template, s_time, stream, query, seed) VALUES ('query29.tpl', TRANSACTION_TIMESTAMP(), 8, 2, 1262350657);
Insert on time_statistics  (cost=0.00..0.01 rows=0 width=0) (actual time=0.014..0.014 rows=0 loops=1)
  ->  Result  (cost=0.00..0.01 rows=1 width=64) (actual time=0.002..0.002 rows=1 loops=1)
INSERT 0 1
select   
     i_item_id
    ,i_item_desc
    ,s_store_id
    ,s_store_name
    ,max(ss_quantity)        as store_sales_quantity
    ,max(sr_return_quantity) as store_returns_quantity
    ,max(cs_quantity)        as catalog_sales_quantity
 from
    store_sales
   ,store_returns
   ,catalog_sales
   ,date_dim             d1
   ,date_dim             d2
   ,date_dim             d3
   ,store
   ,item
 where
     d1.d_moy               = 4 
 and d1.d_year              = 1999
 and d1.d_date_sk           = ss_sold_date_sk
 and i_item_sk              = ss_item_sk
 and s_store_sk             = ss_store_sk
 and ss_customer_sk         = sr_customer_sk
 and ss_item_sk             = sr_item_sk
 and ss_ticket_number       = sr_ticket_number
 and sr_returned_date_sk    = d2.d_date_sk
 and d2.d_moy               between 4 and  4 + 3 
 and d2.d_year              = 1999
 and sr_customer_sk         = cs_bill_customer_sk
 and sr_item_sk             = cs_item_sk
 and cs_sold_date_sk        = d3.d_date_sk     
 and d3.d_year              in (1999,1999+1,1999+2)
 group by
    i_item_id
   ,i_item_desc
   ,s_store_id
   ,s_store_name
 order by
    i_item_id 
   ,i_item_desc
   ,s_store_id
   ,s_store_name
 limit 100;
psql:/tmp/s1-basline/throughput/query_8.sql:93: NOTICE:  duration: 1273.391 ms  plan:
Query Text: select   
     i_item_id
    ,i_item_desc
    ,s_store_id
    ,s_store_name
    ,max(ss_quantity)        as store_sales_quantity
    ,max(sr_return_quantity) as store_returns_quantity
    ,max(cs_quantity)        as catalog_sales_quantity
 from
    store_sales
   ,store_returns
   ,catalog_sales
   ,date_dim             d1
   ,date_dim             d2
   ,date_dim             d3
   ,store
   ,item
 where
     d1.d_moy               = 4 
 and d1.d_year              = 1999
 and d1.d_date_sk           = ss_sold_date_sk
 and i_item_sk              = ss_item_sk
 and s_store_sk             = ss_store_sk
 and ss_customer_sk         = sr_customer_sk
 and ss_item_sk             = sr_item_sk
 and ss_ticket_number       = sr_ticket_number
 and sr_returned_date_sk    = d2.d_date_sk
 and d2.d_moy               between 4 and  4 + 3 
 and d2.d_year              = 1999
 and sr_customer_sk         = cs_bill_customer_sk
 and sr_item_sk             = cs_item_sk
 and cs_sold_date_sk        = d3.d_date_sk     
 and d3.d_year              in (1999,1999+1,1999+2)
 group by
    i_item_id
   ,i_item_desc
   ,s_store_id
   ,s_store_name
 order by
    i_item_id 
   ,i_item_desc
   ,s_store_id
   ,s_store_name
 limit 100;
Limit  (cost=10885.56..10885.60 rows=1 width=153) (actual time=1273.375..1273.379 rows=1 loops=1)
  ->  GroupAggregate  (cost=10885.56..10885.60 rows=1 width=153) (actual time=1273.374..1273.377 rows=1 loops=1)
        Group Key: item.i_item_id, item.i_item_desc, store.s_store_id, store.s_store_name
        ->  Sort  (cost=10885.56..10885.57 rows=1 width=153) (actual time=1273.366..1273.369 rows=1 loops=1)
              Sort Key: item.i_item_id, item.i_item_desc, store.s_store_id, store.s_store_name
              Sort Method: quicksort  Memory: 25kB
              ->  Nested Loop  (cost=2.15..10885.55 rows=1 width=153) (actual time=493.542..1273.358 rows=1 loops=1)
                    ->  Nested Loop  (cost=1.86..10885.25 rows=1 width=58) (actual time=493.535..1273.350 rows=1 loops=1)
                          Join Filter: (store_sales.ss_store_sk = store.s_store_sk)
                          ->  Nested Loop  (cost=1.86..10883.98 rows=1 width=44) (actual time=493.525..1273.339 rows=1 loops=1)
                                ->  Nested Loop  (cost=1.57..10883.66 rows=1 width=52) (actual time=493.515..1273.329 rows=1 loops=1)
                                      ->  Nested Loop  (cost=1.28..10883.35 rows=1 width=60) (actual time=308.585..1273.246 rows=11 loops=1)
                                            ->  Nested Loop  (cost=0.85..10881.13 rows=1 width=56) (actual time=4.569..125.002 rows=11507 loops=1)
                                                  ->  Nested Loop  (cost=0.42..10515.16 rows=461 width=28) (actual time=4.544..37.678 rows=15642 loops=1)
                                                        ->  Seq Scan on date_dim d2  (cost=0.00..2683.36 rows=121 width=8) (actual time=4.521..9.656 rows=122 loops=1)
                                                              Filter: ((d_moy >= 4) AND (d_moy <= 7) AND (d_year = 1999))
                                                              Rows Removed by Filter: 72927
                                                        ->  Index Scan using i_sr_returned_date_sk on store_returns  (cost=0.42..63.33 rows=140 width=36) (actual time=0.004..0.206 rows=128 loops=122)
                                                              Index Cond: (sr_returned_date_sk = d2.d_date_sk)
                                                  ->  Index Scan using pk_store_sales on store_sales  (cost=0.43..0.78 rows=1 width=44) (actual time=0.005..0.005 rows=1 loops=15642)
                                                        Index Cond: ((ss_item_sk = store_returns.sr_item_sk) AND (ss_ticket_number = store_returns.sr_ticket_number))
                                                        Filter: (store_returns.sr_customer_sk = ss_customer_sk)
                                                        Rows Removed by Filter: 0
                                            ->  Index Scan using pk_catalog_sales on catalog_sales  (cost=0.43..2.21 rows=1 width=28) (actual time=0.100..0.100 rows=0 loops=11507)
                                                  Index Cond: (cs_item_sk = store_sales.ss_item_sk)
                                                  Filter: (store_sales.ss_customer_sk = cs_bill_customer_sk)
                                                  Rows Removed by Filter: 105
                                      ->  Index Scan using pk_date_dim on date_dim d1  (cost=0.29..0.32 rows=1 width=8) (actual time=0.006..0.006 rows=0 loops=11)
                                            Index Cond: (d_date_sk = store_sales.ss_sold_date_sk)
                                            Filter: ((d_moy = 4) AND (d_year = 1999))
                                            Rows Removed by Filter: 1
                                ->  Index Scan using pk_date_dim on date_dim d3  (cost=0.29..0.31 rows=1 width=8) (actual time=0.008..0.008 rows=1 loops=1)
                                      Index Cond: (d_date_sk = catalog_sales.cs_sold_date_sk)
                                      Filter: (d_year = ANY ('{1999,2000,2001}'::integer[]))
                          ->  Seq Scan on store  (cost=0.00..1.12 rows=12 width=30) (actual time=0.008..0.008 rows=1 loops=1)
                    ->  Index Scan using pk_item on item  (cost=0.29..0.31 rows=1 width=127) (actual time=0.005..0.005 rows=1 loops=1)
                          Index Cond: (i_item_sk = store_sales.ss_item_sk)
    i_item_id     |                                                                                 i_item_desc                                                                                 |    s_store_id    | s_store_name | store_sales_quantity | store_returns_quantity | catalog_sales_quantity 
------------------+-----------------------------------------------------------------------------------------------------------------------------------------------------------------------------+------------------+--------------+----------------------+------------------------+------------------------
 AAAAAAAAONFDAAAA | Recent times may leave then. Circumstances would not go below. Just conditions find for example suspicious companies. Respondents break then ancient songs. Good rates may  | AAAAAAAABAAAAAAA | ought        |                   92 |                     39 |                     49
(1 row)

UPDATE time_statistics SET e_time = TRANSACTION_TIMESTAMP() WHERE template = 'query29.tpl' AND stream = 8;
psql:/tmp/s1-basline/throughput/query_8.sql:95: NOTICE:  duration: 0.067 ms  plan:
Query Text: UPDATE time_statistics SET e_time = TRANSACTION_TIMESTAMP() WHERE template = 'query29.tpl' AND stream = 8;
Update on time_statistics  (cost=0.00..12.86 rows=0 width=0) (actual time=0.066..0.067 rows=0 loops=1)
  ->  Seq Scan on time_statistics  (cost=0.00..12.86 rows=1 width=14) (actual time=0.053..0.054 rows=1 loops=1)
        Filter: ((template = 'query29.tpl'::text) AND (stream = 8))
        Rows Removed by Filter: 411
UPDATE 1
LOAD 'auto_explain'; SET auto_explain.log_min_duration TO 0; SET auto_explain.log_analyze TO on; SET auto_explain.log_level TO notice; INSERT INTO time_statistics (template, s_time, stream, query, seed) VALUES ('query24.tpl', TRANSACTION_TIMESTAMP(), 8, 3, 528503909);
LOAD
SET
SET
SET
psql:/tmp/s1-basline/throughput/query_8.sql:96: NOTICE:  duration: 0.015 ms  plan:
Query Text: INSERT INTO time_statistics (template, s_time, stream, query, seed) VALUES ('query24.tpl', TRANSACTION_TIMESTAMP(), 8, 3, 528503909);
Insert on time_statistics  (cost=0.00..0.01 rows=0 width=0) (actual time=0.015..0.015 rows=0 loops=1)
  ->  Result  (cost=0.00..0.01 rows=1 width=64) (actual time=0.001..0.002 rows=1 loops=1)
INSERT 0 1
with ssales as
(select c_last_name
      ,c_first_name
      ,s_store_name
      ,ca_state
      ,s_state
      ,i_color
      ,i_current_price
      ,i_manager_id
      ,i_units
      ,i_size
      ,sum(ss_ext_sales_price) netpaid
from store_sales
    ,store_returns
    ,store
    ,item
    ,customer
    ,customer_address
where ss_ticket_number = sr_ticket_number
  and ss_item_sk = sr_item_sk
  and ss_customer_sk = c_customer_sk
  and ss_item_sk = i_item_sk
  and ss_store_sk = s_store_sk
  and c_current_addr_sk = ca_address_sk
  and c_birth_country <> upper(ca_country)
  and s_zip = ca_zip
and s_market_id=10
group by c_last_name
        ,c_first_name
        ,s_store_name
        ,ca_state
        ,s_state
        ,i_color
        ,i_current_price
        ,i_manager_id
        ,i_units
        ,i_size)
select c_last_name
      ,c_first_name
      ,s_store_name
      ,sum(netpaid) paid
from ssales
where i_color = 'hot'
group by c_last_name
        ,c_first_name
        ,s_store_name
having sum(netpaid) > (select 0.05*avg(netpaid)
                                 from ssales)
order by c_last_name
        ,c_first_name
        ,s_store_name
;
psql:/tmp/s1-basline/throughput/query_8.sql:148: NOTICE:  duration: 596.398 ms  plan:
Query Text: with ssales as
(select c_last_name
      ,c_first_name
      ,s_store_name
      ,ca_state
      ,s_state
      ,i_color
      ,i_current_price
      ,i_manager_id
      ,i_units
      ,i_size
      ,sum(ss_ext_sales_price) netpaid
from store_sales
    ,store_returns
    ,store
    ,item
    ,customer
    ,customer_address
where ss_ticket_number = sr_ticket_number
  and ss_item_sk = sr_item_sk
  and ss_customer_sk = c_customer_sk
  and ss_item_sk = i_item_sk
  and ss_store_sk = s_store_sk
  and c_current_addr_sk = ca_address_sk
  and c_birth_country <> upper(ca_country)
  and s_zip = ca_zip
and s_market_id=10
group by c_last_name
        ,c_first_name
        ,s_store_name
        ,ca_state
        ,s_state
        ,i_color
        ,i_current_price
        ,i_manager_id
        ,i_units
        ,i_size)
select c_last_name
      ,c_first_name
      ,s_store_name
      ,sum(netpaid) paid
from ssales
where i_color = 'hot'
group by c_last_name
        ,c_first_name
        ,s_store_name
having sum(netpaid) > (select 0.05*avg(netpaid)
                                 from ssales)
order by c_last_name
        ,c_first_name
        ,s_store_name
;
GroupAggregate  (cost=98962.03..98962.06 rows=1 width=334) (actual time=511.021..596.394 rows=0 loops=1)
  Group Key: ssales.c_last_name, ssales.c_first_name, ssales.s_store_name
  Filter: (sum(ssales.netpaid) > $6)
  CTE ssales
    ->  GroupAggregate  (cost=98961.92..98961.96 rows=1 width=136) (actual time=510.951..596.358 rows=49 loops=1)
          Group Key: customer.c_last_name, customer.c_first_name, store.s_store_name, customer_address.ca_state, store.s_state, item.i_color, item.i_current_price, item.i_manager_id, item.i_units, item.i_size
          ->  Sort  (cost=98961.92..98961.93 rows=1 width=136) (actual time=510.944..596.317 rows=49 loops=1)
                Sort Key: customer.c_last_name, customer.c_first_name, store.s_store_name, customer_address.ca_state, store.s_state, item.i_color, item.i_current_price, item.i_manager_id, item.i_units, item.i_size
                Sort Method: quicksort  Memory: 33kB
                ->  Nested Loop  (cost=8216.48..98961.91 rows=1 width=136) (actual time=110.122..596.209 rows=49 loops=1)
                      ->  Gather  (cost=8216.19..98961.61 rows=1 width=87) (actual time=110.112..595.943 rows=49 loops=1)
                            Workers Planned: 2
                            Workers Launched: 2
                            ->  Nested Loop  (cost=7216.19..97961.51 rows=1 width=87) (actual time=162.695..503.811 rows=16 loops=3)
                                  Join Filter: (store.s_zip = customer_address.ca_zip)
                                  Rows Removed by Join Filter: 13658
                                  ->  Nested Loop  (cost=7215.90..97953.71 rows=23 width=112) (actual time=88.970..462.724 rows=14664 loops=3)
                                        ->  Parallel Hash Join  (cost=7215.61..97946.24 rows=24 width=51) (actual time=88.909..420.297 rows=15006 loops=3)
                                              Hash Cond: ((store_sales.ss_ticket_number = store_returns.sr_ticket_number) AND (store_sales.ss_item_sk = store_returns.sr_item_sk))
                                              ->  Hash Join  (cost=1.17..89726.95 rows=191400 width=51) (actual time=0.077..285.275 rows=150742 loops=3)
                                                    Hash Cond: (store_sales.ss_store_sk = store.s_store_sk)
                                                    ->  Parallel Seq Scan on store_sales  (cost=0.00..85499.45 rows=1204445 width=40) (actual time=0.008..126.362 rows=948150 loops=3)
                                                    ->  Hash  (cost=1.15..1.15 rows=2 width=27) (actual time=0.042..0.043 rows=2 loops=3)
                                                          Buckets: 1024  Batches: 1  Memory Usage: 9kB
                                                          ->  Seq Scan on store  (cost=0.00..1.15 rows=2 width=27) (actual time=0.034..0.036 rows=2 loops=3)
                                                                Filter: (s_market_id = 10)
                                                                Rows Removed by Filter: 10
                                              ->  Parallel Hash  (cost=4668.91..4668.91 rows=169702 width=16) (actual time=87.261..87.262 rows=95007 loops=3)
                                                    Buckets: 524288  Batches: 1  Memory Usage: 17536kB
                                                    ->  Parallel Index Only Scan using pk_store_returns on store_returns  (cost=0.42..4668.91 rows=169702 width=16) (actual time=0.045..52.235 rows=95007 loops=3)
                                                          Heap Fetches: 119910
                                        ->  Index Scan using pk_customer on customer  (cost=0.29..0.31 rows=1 width=77) (actual time=0.002..0.002 rows=1 loops=45017)
                                              Index Cond: (c_customer_sk = store_sales.ss_customer_sk)
                                  ->  Index Scan using pk_customer_address on customer_address  (cost=0.29..0.33 rows=1 width=36) (actual time=0.002..0.003 rows=1 loops=43993)
                                        Index Cond: (ca_address_sk = customer.c_current_addr_sk)
                                        Filter: ((customer.c_birth_country)::text <> upper((ca_country)::text))
                                        Rows Removed by Filter: 0
                      ->  Index Scan using pk_item on item  (cost=0.29..0.31 rows=1 width=73) (actual time=0.004..0.004 rows=1 loops=49)
                            Index Cond: (i_item_sk = store_sales.ss_item_sk)
  InitPlan 2 (returns $6)
    ->  Aggregate  (cost=0.02..0.04 rows=1 width=8) (never executed)
          ->  CTE Scan on ssales ssales_1  (cost=0.00..0.02 rows=1 width=8) (never executed)
  ->  Sort  (cost=0.03..0.04 rows=1 width=334) (actual time=511.020..511.021 rows=0 loops=1)
        Sort Key: ssales.c_last_name, ssales.c_first_name, ssales.s_store_name
        Sort Method: quicksort  Memory: 25kB
        ->  CTE Scan on ssales  (cost=0.00..0.02 rows=1 width=334) (actual time=511.015..511.016 rows=0 loops=1)
              Filter: (i_color = 'hot'::bpchar)
              Rows Removed by Filter: 49
 c_last_name | c_first_name | s_store_name | paid 
-------------+--------------+--------------+------
(0 rows)

with ssales as
(select c_last_name
      ,c_first_name
      ,s_store_name
      ,ca_state
      ,s_state
      ,i_color
      ,i_current_price
      ,i_manager_id
      ,i_units
      ,i_size
      ,sum(ss_ext_sales_price) netpaid
from store_sales
    ,store_returns
    ,store
    ,item
    ,customer
    ,customer_address
where ss_ticket_number = sr_ticket_number
  and ss_item_sk = sr_item_sk
  and ss_customer_sk = c_customer_sk
  and ss_item_sk = i_item_sk
  and ss_store_sk = s_store_sk
  and c_current_addr_sk = ca_address_sk
  and c_birth_country <> upper(ca_country)
  and s_zip = ca_zip
  and s_market_id = 10
group by c_last_name
        ,c_first_name
        ,s_store_name
        ,ca_state
        ,s_state
        ,i_color
        ,i_current_price
        ,i_manager_id
        ,i_units
        ,i_size)
select c_last_name
      ,c_first_name
      ,s_store_name
      ,sum(netpaid) paid
from ssales
where i_color = 'khaki'
group by c_last_name
        ,c_first_name
        ,s_store_name
having sum(netpaid) > (select 0.05*avg(netpaid)
                           from ssales)
order by c_last_name
        ,c_first_name
        ,s_store_name
;
psql:/tmp/s1-basline/throughput/query_8.sql:200: NOTICE:  duration: 578.828 ms  plan:
Query Text: with ssales as
(select c_last_name
      ,c_first_name
      ,s_store_name
      ,ca_state
      ,s_state
      ,i_color
      ,i_current_price
      ,i_manager_id
      ,i_units
      ,i_size
      ,sum(ss_ext_sales_price) netpaid
from store_sales
    ,store_returns
    ,store
    ,item
    ,customer
    ,customer_address
where ss_ticket_number = sr_ticket_number
  and ss_item_sk = sr_item_sk
  and ss_customer_sk = c_customer_sk
  and ss_item_sk = i_item_sk
  and ss_store_sk = s_store_sk
  and c_current_addr_sk = ca_address_sk
  and c_birth_country <> upper(ca_country)
  and s_zip = ca_zip
  and s_market_id = 10
group by c_last_name
        ,c_first_name
        ,s_store_name
        ,ca_state
        ,s_state
        ,i_color
        ,i_current_price
        ,i_manager_id
        ,i_units
        ,i_size)
select c_last_name
      ,c_first_name
      ,s_store_name
      ,sum(netpaid) paid
from ssales
where i_color = 'khaki'
group by c_last_name
        ,c_first_name
        ,s_store_name
having sum(netpaid) > (select 0.05*avg(netpaid)
                           from ssales)
order by c_last_name
        ,c_first_name
        ,s_store_name
;
GroupAggregate  (cost=98962.03..98962.06 rows=1 width=334) (actual time=498.822..578.825 rows=0 loops=1)
  Group Key: ssales.c_last_name, ssales.c_first_name, ssales.s_store_name
  Filter: (sum(ssales.netpaid) > $6)
  CTE ssales
    ->  GroupAggregate  (cost=98961.92..98961.96 rows=1 width=136) (actual time=498.752..578.790 rows=49 loops=1)
          Group Key: customer.c_last_name, customer.c_first_name, store.s_store_name, customer_address.ca_state, store.s_state, item.i_color, item.i_current_price, item.i_manager_id, item.i_units, item.i_size
          ->  Sort  (cost=98961.92..98961.93 rows=1 width=136) (actual time=498.744..578.748 rows=49 loops=1)
                Sort Key: customer.c_last_name, customer.c_first_name, store.s_store_name, customer_address.ca_state, store.s_state, item.i_color, item.i_current_price, item.i_manager_id, item.i_units, item.i_size
                Sort Method: quicksort  Memory: 33kB
                ->  Nested Loop  (cost=8216.48..98961.91 rows=1 width=136) (actual time=139.301..578.655 rows=49 loops=1)
                      ->  Gather  (cost=8216.19..98961.61 rows=1 width=87) (actual time=139.292..578.438 rows=49 loops=1)
                            Workers Planned: 2
                            Workers Launched: 2
                            ->  Nested Loop  (cost=7216.19..97961.51 rows=1 width=87) (actual time=135.653..491.727 rows=16 loops=3)
                                  Join Filter: (store.s_zip = customer_address.ca_zip)
                                  Rows Removed by Join Filter: 13658
                                  ->  Nested Loop  (cost=7215.90..97953.71 rows=23 width=112) (actual time=86.007..451.509 rows=14664 loops=3)
                                        ->  Parallel Hash Join  (cost=7215.61..97946.24 rows=24 width=51) (actual time=85.952..410.539 rows=15006 loops=3)
                                              Hash Cond: ((store_sales.ss_ticket_number = store_returns.sr_ticket_number) AND (store_sales.ss_item_sk = store_returns.sr_item_sk))
                                              ->  Hash Join  (cost=1.17..89726.95 rows=191400 width=51) (actual time=0.065..279.667 rows=150742 loops=3)
                                                    Hash Cond: (store_sales.ss_store_sk = store.s_store_sk)
                                                    ->  Parallel Seq Scan on store_sales  (cost=0.00..85499.45 rows=1204445 width=40) (actual time=0.008..123.294 rows=948150 loops=3)
                                                    ->  Hash  (cost=1.15..1.15 rows=2 width=27) (actual time=0.035..0.036 rows=2 loops=3)
                                                          Buckets: 1024  Batches: 1  Memory Usage: 9kB
                                                          ->  Seq Scan on store  (cost=0.00..1.15 rows=2 width=27) (actual time=0.029..0.032 rows=2 loops=3)
                                                                Filter: (s_market_id = 10)
                                                                Rows Removed by Filter: 10
                                              ->  Parallel Hash  (cost=4668.91..4668.91 rows=169702 width=16) (actual time=84.502..84.502 rows=95007 loops=3)
                                                    Buckets: 524288  Batches: 1  Memory Usage: 17536kB
                                                    ->  Parallel Index Only Scan using pk_store_returns on store_returns  (cost=0.42..4668.91 rows=169702 width=16) (actual time=0.061..50.462 rows=95007 loops=3)
                                                          Heap Fetches: 116489
                                        ->  Index Scan using pk_customer on customer  (cost=0.29..0.31 rows=1 width=77) (actual time=0.002..0.002 rows=1 loops=45017)
                                              Index Cond: (c_customer_sk = store_sales.ss_customer_sk)
                                  ->  Index Scan using pk_customer_address on customer_address  (cost=0.29..0.33 rows=1 width=36) (actual time=0.002..0.002 rows=1 loops=43993)
                                        Index Cond: (ca_address_sk = customer.c_current_addr_sk)
                                        Filter: ((customer.c_birth_country)::text <> upper((ca_country)::text))
                                        Rows Removed by Filter: 0
                      ->  Index Scan using pk_item on item  (cost=0.29..0.31 rows=1 width=73) (actual time=0.003..0.003 rows=1 loops=49)
                            Index Cond: (i_item_sk = store_sales.ss_item_sk)
  InitPlan 2 (returns $6)
    ->  Aggregate  (cost=0.02..0.04 rows=1 width=8) (never executed)
          ->  CTE Scan on ssales ssales_1  (cost=0.00..0.02 rows=1 width=8) (never executed)
  ->  Sort  (cost=0.03..0.04 rows=1 width=334) (actual time=498.821..498.821 rows=0 loops=1)
        Sort Key: ssales.c_last_name, ssales.c_first_name, ssales.s_store_name
        Sort Method: quicksort  Memory: 25kB
        ->  CTE Scan on ssales  (cost=0.00..0.02 rows=1 width=334) (actual time=498.816..498.816 rows=0 loops=1)
              Filter: (i_color = 'khaki'::bpchar)
              Rows Removed by Filter: 49
 c_last_name | c_first_name | s_store_name | paid 
-------------+--------------+--------------+------
(0 rows)

UPDATE time_statistics SET e_time = TRANSACTION_TIMESTAMP() WHERE template = 'query24.tpl' AND stream = 8;
psql:/tmp/s1-basline/throughput/query_8.sql:202: NOTICE:  duration: 0.070 ms  plan:
Query Text: UPDATE time_statistics SET e_time = TRANSACTION_TIMESTAMP() WHERE template = 'query24.tpl' AND stream = 8;
Update on time_statistics  (cost=0.00..12.86 rows=0 width=0) (actual time=0.069..0.069 rows=0 loops=1)
  ->  Seq Scan on time_statistics  (cost=0.00..12.86 rows=1 width=14) (actual time=0.054..0.055 rows=1 loops=1)
        Filter: ((template = 'query24.tpl'::text) AND (stream = 8))
        Rows Removed by Filter: 415
UPDATE 1
LOAD 'auto_explain'; SET auto_explain.log_min_duration TO 0; SET auto_explain.log_analyze TO on; SET auto_explain.log_level TO notice; INSERT INTO time_statistics (template, s_time, stream, query, seed) VALUES ('query76.tpl', TRANSACTION_TIMESTAMP(), 8, 4, 947640555);
LOAD
SET
SET
SET
psql:/tmp/s1-basline/throughput/query_8.sql:203: NOTICE:  duration: 0.008 ms  plan:
Query Text: INSERT INTO time_statistics (template, s_time, stream, query, seed) VALUES ('query76.tpl', TRANSACTION_TIMESTAMP(), 8, 4, 947640555);
Insert on time_statistics  (cost=0.00..0.01 rows=0 width=0) (actual time=0.008..0.008 rows=0 loops=1)
  ->  Result  (cost=0.00..0.01 rows=1 width=64) (actual time=0.001..0.001 rows=1 loops=1)
INSERT 0 1
select  channel, col_name, d_year, d_qoy, i_category, COUNT(*) sales_cnt, SUM(ext_sales_price) sales_amt FROM (
        SELECT 'store' as channel, 'ss_hdemo_sk' col_name, d_year, d_qoy, i_category, ss_ext_sales_price ext_sales_price
         FROM store_sales, item, date_dim
         WHERE ss_hdemo_sk IS NULL
           AND ss_sold_date_sk=d_date_sk
           AND ss_item_sk=i_item_sk
        UNION ALL
        SELECT 'web' as channel, 'ws_ship_customer_sk' col_name, d_year, d_qoy, i_category, ws_ext_sales_price ext_sales_price
         FROM web_sales, item, date_dim
         WHERE ws_ship_customer_sk IS NULL
           AND ws_sold_date_sk=d_date_sk
           AND ws_item_sk=i_item_sk
        UNION ALL
        SELECT 'catalog' as channel, 'cs_ship_hdemo_sk' col_name, d_year, d_qoy, i_category, cs_ext_sales_price ext_sales_price
         FROM catalog_sales, item, date_dim
         WHERE cs_ship_hdemo_sk IS NULL
           AND cs_sold_date_sk=d_date_sk
           AND cs_item_sk=i_item_sk) foo
GROUP BY channel, col_name, d_year, d_qoy, i_category
ORDER BY channel, col_name, d_year, d_qoy, i_category
limit 100;
psql:/tmp/s1-basline/throughput/query_8.sql:224: NOTICE:  duration: 474.100 ms  plan:
Query Text: select  channel, col_name, d_year, d_qoy, i_category, COUNT(*) sales_cnt, SUM(ext_sales_price) sales_amt FROM (
        SELECT 'store' as channel, 'ss_hdemo_sk' col_name, d_year, d_qoy, i_category, ss_ext_sales_price ext_sales_price
         FROM store_sales, item, date_dim
         WHERE ss_hdemo_sk IS NULL
           AND ss_sold_date_sk=d_date_sk
           AND ss_item_sk=i_item_sk
        UNION ALL
        SELECT 'web' as channel, 'ws_ship_customer_sk' col_name, d_year, d_qoy, i_category, ws_ext_sales_price ext_sales_price
         FROM web_sales, item, date_dim
         WHERE ws_ship_customer_sk IS NULL
           AND ws_sold_date_sk=d_date_sk
           AND ws_item_sk=i_item_sk
        UNION ALL
        SELECT 'catalog' as channel, 'cs_ship_hdemo_sk' col_name, d_year, d_qoy, i_category, cs_ext_sales_price ext_sales_price
         FROM catalog_sales, item, date_dim
         WHERE cs_ship_hdemo_sk IS NULL
           AND cs_sold_date_sk=d_date_sk
           AND cs_item_sk=i_item_sk) foo
GROUP BY channel, col_name, d_year, d_qoy, i_category
ORDER BY channel, col_name, d_year, d_qoy, i_category
limit 100;
Limit  (cost=185428.83..185456.67 rows=100 width=139) (actual time=376.928..474.021 rows=100 loops=1)
  ->  Finalize GroupAggregate  (cost=185428.83..189241.39 rows=13697 width=139) (actual time=376.927..474.014 rows=100 loops=1)
        Group Key: ('store'::text), ('ss_hdemo_sk'::text), date_dim.d_year, date_dim.d_qoy, item.i_category
        ->  Gather Merge  (cost=185428.83..188625.02 rows=27394 width=139) (actual time=376.921..473.945 rows=158 loops=1)
              Workers Planned: 2
              Workers Launched: 2
              ->  Sort  (cost=184428.81..184463.05 rows=13697 width=139) (actual time=371.462..371.477 rows=240 loops=3)
                    Sort Key: ('store'::text), ('ss_hdemo_sk'::text), date_dim.d_year, date_dim.d_qoy, item.i_category
                    Sort Method: quicksort  Memory: 88kB
                    Worker 0:  Sort Method: quicksort  Memory: 82kB
                    Worker 1:  Sort Method: quicksort  Memory: 54kB
                    ->  Partial HashAggregate  (cost=183350.75..183487.72 rows=13697 width=139) (actual time=370.531..370.641 rows=377 loops=3)
                          Group Key: ('store'::text), ('ss_hdemo_sk'::text), date_dim.d_year, date_dim.d_qoy, item.i_category
                          Batches: 1  Memory Usage: 529kB
                          Worker 0:  Batches: 1  Memory Usage: 529kB
                          Worker 1:  Batches: 1  Memory Usage: 465kB
                          ->  Parallel Append  (cost=0.59..182352.01 rows=57071 width=131) (actual time=6.953..358.079 rows=22674 loops=3)
                                ->  Hash Join  (cost=1661.30..89294.54 rows=53660 width=131) (actual time=14.024..206.117 rows=21430 loops=3)
                                      Hash Cond: (store_sales.ss_item_sk = item.i_item_sk)
                                      ->  Nested Loop  (cost=0.30..87492.65 rows=53660 width=24) (actual time=0.058..183.958 rows=21430 loops=3)
                                            ->  Parallel Seq Scan on store_sales  (cost=0.00..85499.45 rows=56167 width=24) (actual time=0.014..163.149 rows=42916 loops=3)
                                                  Filter: (ss_hdemo_sk IS NULL)
                                                  Rows Removed by Filter: 905234
                                            ->  Memoize  (cost=0.30..0.33 rows=1 width=16) (actual time=0.000..0.000 rows=0 loops=128749)
                                                  Cache Key: store_sales.ss_sold_date_sk
                                                  Cache Mode: logical
                                                  Hits: 34372  Misses: 1800  Evictions: 0  Overflows: 0  Memory Usage: 211kB
                                                  Worker 0:  Hits: 26795  Misses: 1789  Evictions: 0  Overflows: 0  Memory Usage: 210kB
                                                  Worker 1:  Hits: 62188  Misses: 1805  Evictions: 0  Overflows: 0  Memory Usage: 212kB
                                                  ->  Index Scan using pk_date_dim on date_dim  (cost=0.29..0.32 rows=1 width=16) (actual time=0.002..0.002 rows=1 loops=5394)
                                                        Index Cond: (d_date_sk = store_sales.ss_sold_date_sk)
                                      ->  Hash  (cost=1436.00..1436.00 rows=18000 width=59) (actual time=13.831..13.832 rows=18000 loops=3)
                                            Buckets: 32768  Batches: 1  Memory Usage: 1941kB
                                            ->  Seq Scan on item  (cost=0.00..1436.00 rows=18000 width=59) (actual time=0.021..10.171 rows=18000 loops=3)
                                ->  Nested Loop  (cost=0.59..62136.63 rows=3331 width=131) (actual time=0.175..169.737 rows=1815 loops=2)
                                      ->  Nested Loop  (cost=0.30..60527.07 rows=3331 width=24) (actual time=0.131..162.376 rows=1815 loops=2)
                                            ->  Parallel Seq Scan on catalog_sales  (cost=0.00..59490.16 rows=3351 width=24) (actual time=0.068..158.582 rows=3642 loops=2)
                                                  Filter: (cs_ship_hdemo_sk IS NULL)
                                                  Rows Removed by Filter: 707042
                                            ->  Memoize  (cost=0.30..0.54 rows=1 width=16) (actual time=0.001..0.001 rows=0 loops=7284)
                                                  Cache Key: catalog_sales.cs_sold_date_sk
                                                  Cache Mode: logical
                                                  Hits: 2757  Misses: 846  Evictions: 0  Overflows: 0  Memory Usage: 100kB
                                                  Worker 0:  Hits: 2763  Misses: 918  Evictions: 0  Overflows: 0  Memory Usage: 108kB
                                                  ->  Index Scan using pk_date_dim on date_dim date_dim_1  (cost=0.29..0.53 rows=1 width=16) (actual time=0.002..0.002 rows=1 loops=1764)
                                                        Index Cond: (d_date_sk = catalog_sales.cs_sold_date_sk)
                                      ->  Index Scan using pk_item on item item_1  (cost=0.29..0.48 rows=1 width=59) (actual time=0.004..0.004 rows=1 loops=3630)
                                            Index Cond: (i_item_sk = catalog_sales.cs_item_sk)
                                ->  Nested Loop  (cost=0.58..30064.77 rows=80 width=131) (actual time=0.473..111.618 rows=103 loops=1)
                                      ->  Nested Loop  (cost=0.29..29899.54 rows=80 width=67) (actual time=0.293..111.255 rows=184 loops=1)
                                            ->  Parallel Seq Scan on web_sales  (cost=0.00..29771.63 rows=80 width=24) (actual time=0.287..110.482 rows=184 loops=1)
                                                  Filter: (ws_ship_customer_sk IS NULL)
                                                  Rows Removed by Filter: 711371
                                            ->  Index Scan using pk_item on item item_2  (cost=0.29..1.60 rows=1 width=59) (actual time=0.003..0.003 rows=1 loops=184)
                                                  Index Cond: (i_item_sk = web_sales.ws_item_sk)
                                      ->  Index Scan using pk_date_dim on date_dim date_dim_2  (cost=0.29..2.07 rows=1 width=16) (actual time=0.002..0.002 rows=1 loops=184)
                                            Index Cond: (d_date_sk = web_sales.ws_sold_date_sk)
 channel |     col_name     | d_year | d_qoy |                     i_category                     | sales_cnt |     sales_amt      
---------+------------------+--------+-------+----------------------------------------------------+-----------+--------------------
 catalog | cs_ship_hdemo_sk |   1998 |     1 | Books                                              |        15 |           15240.89
 catalog | cs_ship_hdemo_sk |   1998 |     1 | Children                                           |         7 |                  0
 catalog | cs_ship_hdemo_sk |   1998 |     1 | Electronics                                        |         5 |            2594.15
 catalog | cs_ship_hdemo_sk |   1998 |     1 | Home                                               |        11 | 14961.220000000001
 catalog | cs_ship_hdemo_sk |   1998 |     1 | Jewelry                                            |         9 |            5948.13
 catalog | cs_ship_hdemo_sk |   1998 |     1 | Men                                                |        10 |            6606.02
 catalog | cs_ship_hdemo_sk |   1998 |     1 | Music                                              |        10 | 24256.320000000003
 catalog | cs_ship_hdemo_sk |   1998 |     1 | Shoes                                              |         9 |            8362.77
 catalog | cs_ship_hdemo_sk |   1998 |     1 | Sports                                             |        10 | 1875.8999999999999
 catalog | cs_ship_hdemo_sk |   1998 |     1 | Women                                              |         9 | 1379.5200000000002
 catalog | cs_ship_hdemo_sk |   1998 |     2 | Books                                              |        13 |           14329.27
 catalog | cs_ship_hdemo_sk |   1998 |     2 | Children                                           |        12 |            5339.94
 catalog | cs_ship_hdemo_sk |   1998 |     2 | Electronics                                        |         5 |             358.16
 catalog | cs_ship_hdemo_sk |   1998 |     2 | Home                                               |        10 |           16677.64
 catalog | cs_ship_hdemo_sk |   1998 |     2 | Jewelry                                            |        11 |  8855.699999999999
 catalog | cs_ship_hdemo_sk |   1998 |     2 | Men                                                |         9 |           15842.52
 catalog | cs_ship_hdemo_sk |   1998 |     2 | Music                                              |        11 | 2335.1499999999996
 catalog | cs_ship_hdemo_sk |   1998 |     2 | Shoes                                              |        17 |           24710.52
 catalog | cs_ship_hdemo_sk |   1998 |     2 | Sports                                             |        11 |  5496.179999999999
 catalog | cs_ship_hdemo_sk |   1998 |     2 | Women                                              |        11 |           16296.23
 catalog | cs_ship_hdemo_sk |   1998 |     3 | Books                                              |        14 | 4646.7300000000005
 catalog | cs_ship_hdemo_sk |   1998 |     3 | Children                                           |        12 |           24640.33
 catalog | cs_ship_hdemo_sk |   1998 |     3 | Electronics                                        |        20 |           24824.56
 catalog | cs_ship_hdemo_sk |   1998 |     3 | Home                                               |        19 |           18383.33
 catalog | cs_ship_hdemo_sk |   1998 |     3 | Jewelry                                            |        17 | 7470.5599999999995
 catalog | cs_ship_hdemo_sk |   1998 |     3 | Men                                                |        19 |           15742.22
 catalog | cs_ship_hdemo_sk |   1998 |     3 | Music                                              |        21 |           23447.39
 catalog | cs_ship_hdemo_sk |   1998 |     3 | Shoes                                              |        18 |  34884.28999999999
 catalog | cs_ship_hdemo_sk |   1998 |     3 | Sports                                             |        14 |            6395.94
 catalog | cs_ship_hdemo_sk |   1998 |     3 | Women                                              |        14 |            22456.2
 catalog | cs_ship_hdemo_sk |   1998 |     3 |                                                    |         1 |                   
 catalog | cs_ship_hdemo_sk |   1998 |     4 | Books                                              |        19 | 31755.430000000008
 catalog | cs_ship_hdemo_sk |   1998 |     4 | Children                                           |        28 |           24305.03
 catalog | cs_ship_hdemo_sk |   1998 |     4 | Electronics                                        |        31 |  58172.64000000001
 catalog | cs_ship_hdemo_sk |   1998 |     4 | Home                                               |        17 | 30529.129999999997
 catalog | cs_ship_hdemo_sk |   1998 |     4 | Jewelry                                            |        40 |  53936.11999999999
 catalog | cs_ship_hdemo_sk |   1998 |     4 | Men                                                |        32 | 35390.420000000006
 catalog | cs_ship_hdemo_sk |   1998 |     4 | Music                                              |        41 |           56960.97
 catalog | cs_ship_hdemo_sk |   1998 |     4 | Shoes                                              |        29 | 26741.500000000004
 catalog | cs_ship_hdemo_sk |   1998 |     4 | Sports                                             |        32 |  57752.78999999999
 catalog | cs_ship_hdemo_sk |   1998 |     4 | Women                                              |        31 | 19370.200000000004
 catalog | cs_ship_hdemo_sk |   1999 |     1 | Books                                              |        10 |  9876.810000000001
 catalog | cs_ship_hdemo_sk |   1999 |     1 | Children                                           |         8 |           14017.57
 catalog | cs_ship_hdemo_sk |   1999 |     1 | Electronics                                        |        10 |           21107.02
 catalog | cs_ship_hdemo_sk |   1999 |     1 | Home                                               |         8 |  9118.050000000001
 catalog | cs_ship_hdemo_sk |   1999 |     1 | Jewelry                                            |        11 |            9899.34
 catalog | cs_ship_hdemo_sk |   1999 |     1 | Men                                                |        11 |            8701.84
 catalog | cs_ship_hdemo_sk |   1999 |     1 | Music                                              |        11 |            6073.32
 catalog | cs_ship_hdemo_sk |   1999 |     1 | Shoes                                              |        11 |           16676.79
 catalog | cs_ship_hdemo_sk |   1999 |     1 | Sports                                             |         6 |             3752.2
 catalog | cs_ship_hdemo_sk |   1999 |     1 | Women                                              |         5 |            4557.37
 catalog | cs_ship_hdemo_sk |   1999 |     2 | Books                                              |        10 | 2764.5400000000004
 catalog | cs_ship_hdemo_sk |   1999 |     2 | Children                                           |         5 |           27918.15
 catalog | cs_ship_hdemo_sk |   1999 |     2 | Electronics                                        |        11 |            8784.93
 catalog | cs_ship_hdemo_sk |   1999 |     2 | Home                                               |        12 |  5571.960000000001
 catalog | cs_ship_hdemo_sk |   1999 |     2 | Jewelry                                            |        11 |            5570.25
 catalog | cs_ship_hdemo_sk |   1999 |     2 | Men                                                |        12 |            8600.07
 catalog | cs_ship_hdemo_sk |   1999 |     2 | Music                                              |         8 |            11902.5
 catalog | cs_ship_hdemo_sk |   1999 |     2 | Shoes                                              |        12 |           18541.86
 catalog | cs_ship_hdemo_sk |   1999 |     2 | Sports                                             |         5 |            2603.76
 catalog | cs_ship_hdemo_sk |   1999 |     2 | Women                                              |        12 |            3476.96
 catalog | cs_ship_hdemo_sk |   1999 |     3 | Books                                              |        14 |           11630.35
 catalog | cs_ship_hdemo_sk |   1999 |     3 | Children                                           |        19 | 30501.359999999997
 catalog | cs_ship_hdemo_sk |   1999 |     3 | Electronics                                        |        27 |            54604.1
 catalog | cs_ship_hdemo_sk |   1999 |     3 | Home                                               |        15 | 12949.779999999999
 catalog | cs_ship_hdemo_sk |   1999 |     3 | Jewelry                                            |        29 |           34432.53
 catalog | cs_ship_hdemo_sk |   1999 |     3 | Men                                                |        14 |           19638.63
 catalog | cs_ship_hdemo_sk |   1999 |     3 | Music                                              |        17 |            8309.22
 catalog | cs_ship_hdemo_sk |   1999 |     3 | Shoes                                              |        18 |           21569.31
 catalog | cs_ship_hdemo_sk |   1999 |     3 | Sports                                             |        15 | 25602.760000000002
 catalog | cs_ship_hdemo_sk |   1999 |     3 | Women                                              |        14 | 1030.3799999999999
 catalog | cs_ship_hdemo_sk |   1999 |     3 |                                                    |         2 |            5023.96
 catalog | cs_ship_hdemo_sk |   1999 |     4 | Books                                              |        27 | 53608.600000000006
 catalog | cs_ship_hdemo_sk |   1999 |     4 | Children                                           |        24 | 13844.739999999998
 catalog | cs_ship_hdemo_sk |   1999 |     4 | Electronics                                        |        39 |           55216.11
 catalog | cs_ship_hdemo_sk |   1999 |     4 | Home                                               |        34 |           45215.39
 catalog | cs_ship_hdemo_sk |   1999 |     4 | Jewelry                                            |        32 |           36712.67
 catalog | cs_ship_hdemo_sk |   1999 |     4 | Men                                                |        32 | 32778.020000000004
 catalog | cs_ship_hdemo_sk |   1999 |     4 | Music                                              |        38 |           36594.19
 catalog | cs_ship_hdemo_sk |   1999 |     4 | Shoes                                              |        28 | 44446.020000000004
 catalog | cs_ship_hdemo_sk |   1999 |     4 | Sports                                             |        32 |           49229.06
 catalog | cs_ship_hdemo_sk |   1999 |     4 | Women                                              |        22 |           30575.91
 catalog | cs_ship_hdemo_sk |   2000 |     1 | Books                                              |        12 |           10038.52
 catalog | cs_ship_hdemo_sk |   2000 |     1 | Children                                           |        11 | 4792.6900000000005
 catalog | cs_ship_hdemo_sk |   2000 |     1 | Electronics                                        |         6 |           16262.55
 catalog | cs_ship_hdemo_sk |   2000 |     1 | Home                                               |         8 |           13174.88
 catalog | cs_ship_hdemo_sk |   2000 |     1 | Jewelry                                            |        12 | 17266.420000000002
 catalog | cs_ship_hdemo_sk |   2000 |     1 | Men                                                |         9 |           34841.78
 catalog | cs_ship_hdemo_sk |   2000 |     1 | Music                                              |        14 | 3553.6099999999997
 catalog | cs_ship_hdemo_sk |   2000 |     1 | Shoes                                              |         9 | 21881.870000000003
 catalog | cs_ship_hdemo_sk |   2000 |     1 | Sports                                             |        13 |           47374.09
 catalog | cs_ship_hdemo_sk |   2000 |     1 | Women                                              |         8 |            8839.54
 catalog | cs_ship_hdemo_sk |   2000 |     2 | Books                                              |         9 |           18407.16
 catalog | cs_ship_hdemo_sk |   2000 |     2 | Children                                           |        10 |           20699.65
 catalog | cs_ship_hdemo_sk |   2000 |     2 | Electronics                                        |        10 |           14380.33
 catalog | cs_ship_hdemo_sk |   2000 |     2 | Home                                               |        10 |  8410.400000000001
 catalog | cs_ship_hdemo_sk |   2000 |     2 | Jewelry                                            |         3 |           18847.48
 catalog | cs_ship_hdemo_sk |   2000 |     2 | Men                                                |         8 | 1326.8700000000001
 catalog | cs_ship_hdemo_sk |   2000 |     2 | Music                                              |         9 | 13619.079999999998
 catalog | cs_ship_hdemo_sk |   2000 |     2 | Shoes                                              |        10 |            3781.87
(100 rows)

UPDATE time_statistics SET e_time = TRANSACTION_TIMESTAMP() WHERE template = 'query76.tpl' AND stream = 8;
psql:/tmp/s1-basline/throughput/query_8.sql:226: NOTICE:  duration: 0.076 ms  plan:
Query Text: UPDATE time_statistics SET e_time = TRANSACTION_TIMESTAMP() WHERE template = 'query76.tpl' AND stream = 8;
Update on time_statistics  (cost=0.00..12.86 rows=0 width=0) (actual time=0.075..0.075 rows=0 loops=1)
  ->  Seq Scan on time_statistics  (cost=0.00..12.86 rows=1 width=14) (actual time=0.055..0.055 rows=1 loops=1)
        Filter: ((template = 'query76.tpl'::text) AND (stream = 8))
        Rows Removed by Filter: 416
UPDATE 1
LOAD 'auto_explain'; SET auto_explain.log_min_duration TO 0; SET auto_explain.log_analyze TO on; SET auto_explain.log_level TO notice; INSERT INTO time_statistics (template, s_time, stream, query, seed) VALUES ('../query_postgresql/query37.tpl', TRANSACTION_TIMESTAMP(), 8, 5, 693444877);
LOAD
SET
SET
SET
psql:/tmp/s1-basline/throughput/query_8.sql:227: NOTICE:  duration: 0.009 ms  plan:
Query Text: INSERT INTO time_statistics (template, s_time, stream, query, seed) VALUES ('../query_postgresql/query37.tpl', TRANSACTION_TIMESTAMP(), 8, 5, 693444877);
Insert on time_statistics  (cost=0.00..0.01 rows=0 width=0) (actual time=0.008..0.008 rows=0 loops=1)
  ->  Result  (cost=0.00..0.01 rows=1 width=64) (actual time=0.001..0.001 rows=1 loops=1)
INSERT 0 1
select  i_item_id
       ,i_item_desc
       ,i_current_price
 from item, inventory, date_dim, catalog_sales
 where i_current_price between 60 and 60 + 30
 and inv_item_sk = i_item_sk
 and d_date_sk=inv_date_sk
 and d_date between cast('2001-05-25' as date) and (cast('2001-05-25' as date) +  INTERVAL '60 days')
 and i_manufact_id in (979,933,695,829)
 and inv_quantity_on_hand between 100 and 500
 and cs_item_sk = i_item_sk
 group by i_item_id,i_item_desc,i_current_price
 order by i_item_id
 limit 100;
psql:/tmp/s1-basline/throughput/query_8.sql:241: NOTICE:  duration: 7.365 ms  plan:
Query Text: select  i_item_id
       ,i_item_desc
       ,i_current_price
 from item, inventory, date_dim, catalog_sales
 where i_current_price between 60 and 60 + 30
 and inv_item_sk = i_item_sk
 and d_date_sk=inv_date_sk
 and d_date between cast('2001-05-25' as date) and (cast('2001-05-25' as date) +  INTERVAL '60 days')
 and i_manufact_id in (979,933,695,829)
 and inv_quantity_on_hand between 100 and 500
 and cs_item_sk = i_item_sk
 group by i_item_id,i_item_desc,i_current_price
 order by i_item_id
 limit 100;
Limit  (cost=2227.41..2228.27 rows=2 width=127) (actual time=7.363..7.364 rows=0 loops=1)
  ->  Group  (cost=2227.41..2228.27 rows=2 width=127) (actual time=7.363..7.363 rows=0 loops=1)
        Group Key: item.i_item_id, item.i_item_desc, item.i_current_price
        ->  Sort  (cost=2227.41..2227.63 rows=86 width=127) (actual time=7.362..7.363 rows=0 loops=1)
              Sort Key: item.i_item_id, item.i_item_desc, item.i_current_price
              Sort Method: quicksort  Memory: 25kB
              ->  Nested Loop  (cost=1.28..2224.65 rows=86 width=127) (actual time=7.351..7.351 rows=0 loops=1)
                    ->  Nested Loop  (cost=0.85..2221.80 rows=1 width=143) (actual time=7.351..7.351 rows=0 loops=1)
                          ->  Seq Scan on item  (cost=0.00..1616.00 rows=2 width=135) (actual time=0.588..6.890 rows=2 loops=1)
                                Filter: ((i_current_price >= '60'::double precision) AND (i_current_price <= '90'::double precision) AND (i_manufact_id = ANY ('{979,933,695,829}'::integer[])))
                                Rows Removed by Filter: 17998
                          ->  Nested Loop  (cost=0.85..302.31 rows=59 width=8) (actual time=0.229..0.230 rows=0 loops=2)
                                ->  Index Scan using i_d_date on date_dim  (cost=0.29..4.67 rows=59 width=8) (actual time=0.010..0.020 rows=61 loops=2)
                                      Index Cond: ((d_date >= '2001-05-25'::date) AND (d_date <= '2001-07-24 00:00:00'::timestamp without time zone))
                                ->  Index Scan using pk_inventory on inventory  (cost=0.56..5.03 rows=1 width=16) (actual time=0.003..0.003 rows=0 loops=122)
                                      Index Cond: ((inv_date_sk = date_dim.d_date_sk) AND (inv_item_sk = item.i_item_sk))
                                      Filter: ((inv_quantity_on_hand >= 100) AND (inv_quantity_on_hand <= 500))
                    ->  Index Only Scan using pk_catalog_sales on catalog_sales  (cost=0.43..1.97 rows=88 width=8) (never executed)
                          Index Cond: (cs_item_sk = inventory.inv_item_sk)
                          Heap Fetches: 0
 i_item_id | i_item_desc | i_current_price 
-----------+-------------+-----------------
(0 rows)

UPDATE time_statistics SET e_time = TRANSACTION_TIMESTAMP() WHERE template = '../query_postgresql/query37.tpl' AND stream = 8;
psql:/tmp/s1-basline/throughput/query_8.sql:243: NOTICE:  duration: 0.055 ms  plan:
Query Text: UPDATE time_statistics SET e_time = TRANSACTION_TIMESTAMP() WHERE template = '../query_postgresql/query37.tpl' AND stream = 8;
Update on time_statistics  (cost=0.00..12.86 rows=0 width=0) (actual time=0.055..0.055 rows=0 loops=1)
  ->  Seq Scan on time_statistics  (cost=0.00..12.86 rows=1 width=14) (actual time=0.045..0.046 rows=1 loops=1)
        Filter: ((template = '../query_postgresql/query37.tpl'::text) AND (stream = 8))
        Rows Removed by Filter: 417
UPDATE 1
LOAD 'auto_explain'; SET auto_explain.log_min_duration TO 0; SET auto_explain.log_analyze TO on; SET auto_explain.log_level TO notice; INSERT INTO time_statistics (template, s_time, stream, query, seed) VALUES ('query66.tpl', TRANSACTION_TIMESTAMP(), 8, 6, 775245774);
LOAD
SET
SET
SET
psql:/tmp/s1-basline/throughput/query_8.sql:244: NOTICE:  duration: 0.008 ms  plan:
Query Text: INSERT INTO time_statistics (template, s_time, stream, query, seed) VALUES ('query66.tpl', TRANSACTION_TIMESTAMP(), 8, 6, 775245774);
Insert on time_statistics  (cost=0.00..0.01 rows=0 width=0) (actual time=0.007..0.008 rows=0 loops=1)
  ->  Result  (cost=0.00..0.01 rows=1 width=64) (actual time=0.001..0.001 rows=1 loops=1)
INSERT 0 1
select   
         w_warehouse_name
 	,w_warehouse_sq_ft
 	,w_city
 	,w_county
 	,w_state
 	,w_country
        ,ship_carriers
        ,year
 	,sum(jan_sales) as jan_sales
 	,sum(feb_sales) as feb_sales
 	,sum(mar_sales) as mar_sales
 	,sum(apr_sales) as apr_sales
 	,sum(may_sales) as may_sales
 	,sum(jun_sales) as jun_sales
 	,sum(jul_sales) as jul_sales
 	,sum(aug_sales) as aug_sales
 	,sum(sep_sales) as sep_sales
 	,sum(oct_sales) as oct_sales
 	,sum(nov_sales) as nov_sales
 	,sum(dec_sales) as dec_sales
 	,sum(jan_sales/w_warehouse_sq_ft) as jan_sales_per_sq_foot
 	,sum(feb_sales/w_warehouse_sq_ft) as feb_sales_per_sq_foot
 	,sum(mar_sales/w_warehouse_sq_ft) as mar_sales_per_sq_foot
 	,sum(apr_sales/w_warehouse_sq_ft) as apr_sales_per_sq_foot
 	,sum(may_sales/w_warehouse_sq_ft) as may_sales_per_sq_foot
 	,sum(jun_sales/w_warehouse_sq_ft) as jun_sales_per_sq_foot
 	,sum(jul_sales/w_warehouse_sq_ft) as jul_sales_per_sq_foot
 	,sum(aug_sales/w_warehouse_sq_ft) as aug_sales_per_sq_foot
 	,sum(sep_sales/w_warehouse_sq_ft) as sep_sales_per_sq_foot
 	,sum(oct_sales/w_warehouse_sq_ft) as oct_sales_per_sq_foot
 	,sum(nov_sales/w_warehouse_sq_ft) as nov_sales_per_sq_foot
 	,sum(dec_sales/w_warehouse_sq_ft) as dec_sales_per_sq_foot
 	,sum(jan_net) as jan_net
 	,sum(feb_net) as feb_net
 	,sum(mar_net) as mar_net
 	,sum(apr_net) as apr_net
 	,sum(may_net) as may_net
 	,sum(jun_net) as jun_net
 	,sum(jul_net) as jul_net
 	,sum(aug_net) as aug_net
 	,sum(sep_net) as sep_net
 	,sum(oct_net) as oct_net
 	,sum(nov_net) as nov_net
 	,sum(dec_net) as dec_net
 from (
     select 
 	w_warehouse_name
 	,w_warehouse_sq_ft
 	,w_city
 	,w_county
 	,w_state
 	,w_country
 	,'RUPEKSA' || ',' || 'GREAT EASTERN' as ship_carriers
       ,d_year as year
 	,sum(case when d_moy = 1 
 		then ws_ext_sales_price* ws_quantity else 0 end) as jan_sales
 	,sum(case when d_moy = 2 
 		then ws_ext_sales_price* ws_quantity else 0 end) as feb_sales
 	,sum(case when d_moy = 3 
 		then ws_ext_sales_price* ws_quantity else 0 end) as mar_sales
 	,sum(case when d_moy = 4 
 		then ws_ext_sales_price* ws_quantity else 0 end) as apr_sales
 	,sum(case when d_moy = 5 
 		then ws_ext_sales_price* ws_quantity else 0 end) as may_sales
 	,sum(case when d_moy = 6 
 		then ws_ext_sales_price* ws_quantity else 0 end) as jun_sales
 	,sum(case when d_moy = 7 
 		then ws_ext_sales_price* ws_quantity else 0 end) as jul_sales
 	,sum(case when d_moy = 8 
 		then ws_ext_sales_price* ws_quantity else 0 end) as aug_sales
 	,sum(case when d_moy = 9 
 		then ws_ext_sales_price* ws_quantity else 0 end) as sep_sales
 	,sum(case when d_moy = 10 
 		then ws_ext_sales_price* ws_quantity else 0 end) as oct_sales
 	,sum(case when d_moy = 11
 		then ws_ext_sales_price* ws_quantity else 0 end) as nov_sales
 	,sum(case when d_moy = 12
 		then ws_ext_sales_price* ws_quantity else 0 end) as dec_sales
 	,sum(case when d_moy = 1 
 		then ws_net_paid_inc_ship_tax * ws_quantity else 0 end) as jan_net
 	,sum(case when d_moy = 2
 		then ws_net_paid_inc_ship_tax * ws_quantity else 0 end) as feb_net
 	,sum(case when d_moy = 3 
 		then ws_net_paid_inc_ship_tax * ws_quantity else 0 end) as mar_net
 	,sum(case when d_moy = 4 
 		then ws_net_paid_inc_ship_tax * ws_quantity else 0 end) as apr_net
 	,sum(case when d_moy = 5 
 		then ws_net_paid_inc_ship_tax * ws_quantity else 0 end) as may_net
 	,sum(case when d_moy = 6 
 		then ws_net_paid_inc_ship_tax * ws_quantity else 0 end) as jun_net
 	,sum(case when d_moy = 7 
 		then ws_net_paid_inc_ship_tax * ws_quantity else 0 end) as jul_net
 	,sum(case when d_moy = 8 
 		then ws_net_paid_inc_ship_tax * ws_quantity else 0 end) as aug_net
 	,sum(case when d_moy = 9 
 		then ws_net_paid_inc_ship_tax * ws_quantity else 0 end) as sep_net
 	,sum(case when d_moy = 10 
 		then ws_net_paid_inc_ship_tax * ws_quantity else 0 end) as oct_net
 	,sum(case when d_moy = 11
 		then ws_net_paid_inc_ship_tax * ws_quantity else 0 end) as nov_net
 	,sum(case when d_moy = 12
 		then ws_net_paid_inc_ship_tax * ws_quantity else 0 end) as dec_net
     from
          web_sales
         ,warehouse
         ,date_dim
         ,time_dim
 	  ,ship_mode
     where
            ws_warehouse_sk =  w_warehouse_sk
        and ws_sold_date_sk = d_date_sk
        and ws_sold_time_sk = t_time_sk
 	and ws_ship_mode_sk = sm_ship_mode_sk
        and d_year = 2002
 	and t_time between 18351 and 18351+28800 
 	and sm_carrier in ('RUPEKSA','GREAT EASTERN')
     group by 
        w_warehouse_name
 	,w_warehouse_sq_ft
 	,w_city
 	,w_county
 	,w_state
 	,w_country
       ,d_year
 union all
     select 
 	w_warehouse_name
 	,w_warehouse_sq_ft
 	,w_city
 	,w_county
 	,w_state
 	,w_country
 	,'RUPEKSA' || ',' || 'GREAT EASTERN' as ship_carriers
       ,d_year as year
 	,sum(case when d_moy = 1 
 		then cs_ext_sales_price* cs_quantity else 0 end) as jan_sales
 	,sum(case when d_moy = 2 
 		then cs_ext_sales_price* cs_quantity else 0 end) as feb_sales
 	,sum(case when d_moy = 3 
 		then cs_ext_sales_price* cs_quantity else 0 end) as mar_sales
 	,sum(case when d_moy = 4 
 		then cs_ext_sales_price* cs_quantity else 0 end) as apr_sales
 	,sum(case when d_moy = 5 
 		then cs_ext_sales_price* cs_quantity else 0 end) as may_sales
 	,sum(case when d_moy = 6 
 		then cs_ext_sales_price* cs_quantity else 0 end) as jun_sales
 	,sum(case when d_moy = 7 
 		then cs_ext_sales_price* cs_quantity else 0 end) as jul_sales
 	,sum(case when d_moy = 8 
 		then cs_ext_sales_price* cs_quantity else 0 end) as aug_sales
 	,sum(case when d_moy = 9 
 		then cs_ext_sales_price* cs_quantity else 0 end) as sep_sales
 	,sum(case when d_moy = 10 
 		then cs_ext_sales_price* cs_quantity else 0 end) as oct_sales
 	,sum(case when d_moy = 11
 		then cs_ext_sales_price* cs_quantity else 0 end) as nov_sales
 	,sum(case when d_moy = 12
 		then cs_ext_sales_price* cs_quantity else 0 end) as dec_sales
 	,sum(case when d_moy = 1 
 		then cs_net_paid_inc_ship_tax * cs_quantity else 0 end) as jan_net
 	,sum(case when d_moy = 2 
 		then cs_net_paid_inc_ship_tax * cs_quantity else 0 end) as feb_net
 	,sum(case when d_moy = 3 
 		then cs_net_paid_inc_ship_tax * cs_quantity else 0 end) as mar_net
 	,sum(case when d_moy = 4 
 		then cs_net_paid_inc_ship_tax * cs_quantity else 0 end) as apr_net
 	,sum(case when d_moy = 5 
 		then cs_net_paid_inc_ship_tax * cs_quantity else 0 end) as may_net
 	,sum(case when d_moy = 6 
 		then cs_net_paid_inc_ship_tax * cs_quantity else 0 end) as jun_net
 	,sum(case when d_moy = 7 
 		then cs_net_paid_inc_ship_tax * cs_quantity else 0 end) as jul_net
 	,sum(case when d_moy = 8 
 		then cs_net_paid_inc_ship_tax * cs_quantity else 0 end) as aug_net
 	,sum(case when d_moy = 9 
 		then cs_net_paid_inc_ship_tax * cs_quantity else 0 end) as sep_net
 	,sum(case when d_moy = 10 
 		then cs_net_paid_inc_ship_tax * cs_quantity else 0 end) as oct_net
 	,sum(case when d_moy = 11
 		then cs_net_paid_inc_ship_tax * cs_quantity else 0 end) as nov_net
 	,sum(case when d_moy = 12
 		then cs_net_paid_inc_ship_tax * cs_quantity else 0 end) as dec_net
     from
          catalog_sales
         ,warehouse
         ,date_dim
         ,time_dim
 	 ,ship_mode
     where
            cs_warehouse_sk =  w_warehouse_sk
        and cs_sold_date_sk = d_date_sk
        and cs_sold_time_sk = t_time_sk
 	and cs_ship_mode_sk = sm_ship_mode_sk
        and d_year = 2002
 	and t_time between 18351 AND 18351+28800 
 	and sm_carrier in ('RUPEKSA','GREAT EASTERN')
     group by 
        w_warehouse_name
 	,w_warehouse_sq_ft
 	,w_city
 	,w_county
 	,w_state
 	,w_country
       ,d_year
 ) x
 group by 
        w_warehouse_name
 	,w_warehouse_sq_ft
 	,w_city
 	,w_county
 	,w_state
 	,w_country
 	,ship_carriers
       ,year
 order by w_warehouse_name
 limit 100;
psql:/tmp/s1-basline/throughput/query_8.sql:461: NOTICE:  duration: 415.165 ms  plan:
Query Text: select   
         w_warehouse_name
 	,w_warehouse_sq_ft
 	,w_city
 	,w_county
 	,w_state
 	,w_country
        ,ship_carriers
        ,year
 	,sum(jan_sales) as jan_sales
 	,sum(feb_sales) as feb_sales
 	,sum(mar_sales) as mar_sales
 	,sum(apr_sales) as apr_sales
 	,sum(may_sales) as may_sales
 	,sum(jun_sales) as jun_sales
 	,sum(jul_sales) as jul_sales
 	,sum(aug_sales) as aug_sales
 	,sum(sep_sales) as sep_sales
 	,sum(oct_sales) as oct_sales
 	,sum(nov_sales) as nov_sales
 	,sum(dec_sales) as dec_sales
 	,sum(jan_sales/w_warehouse_sq_ft) as jan_sales_per_sq_foot
 	,sum(feb_sales/w_warehouse_sq_ft) as feb_sales_per_sq_foot
 	,sum(mar_sales/w_warehouse_sq_ft) as mar_sales_per_sq_foot
 	,sum(apr_sales/w_warehouse_sq_ft) as apr_sales_per_sq_foot
 	,sum(may_sales/w_warehouse_sq_ft) as may_sales_per_sq_foot
 	,sum(jun_sales/w_warehouse_sq_ft) as jun_sales_per_sq_foot
 	,sum(jul_sales/w_warehouse_sq_ft) as jul_sales_per_sq_foot
 	,sum(aug_sales/w_warehouse_sq_ft) as aug_sales_per_sq_foot
 	,sum(sep_sales/w_warehouse_sq_ft) as sep_sales_per_sq_foot
 	,sum(oct_sales/w_warehouse_sq_ft) as oct_sales_per_sq_foot
 	,sum(nov_sales/w_warehouse_sq_ft) as nov_sales_per_sq_foot
 	,sum(dec_sales/w_warehouse_sq_ft) as dec_sales_per_sq_foot
 	,sum(jan_net) as jan_net
 	,sum(feb_net) as feb_net
 	,sum(mar_net) as mar_net
 	,sum(apr_net) as apr_net
 	,sum(may_net) as may_net
 	,sum(jun_net) as jun_net
 	,sum(jul_net) as jul_net
 	,sum(aug_net) as aug_net
 	,sum(sep_net) as sep_net
 	,sum(oct_net) as oct_net
 	,sum(nov_net) as nov_net
 	,sum(dec_net) as dec_net
 from (
     select 
 	w_warehouse_name
 	,w_warehouse_sq_ft
 	,w_city
 	,w_county
 	,w_state
 	,w_country
 	,'RUPEKSA' || ',' || 'GREAT EASTERN' as ship_carriers
       ,d_year as year
 	,sum(case when d_moy = 1 
 		then ws_ext_sales_price* ws_quantity else 0 end) as jan_sales
 	,sum(case when d_moy = 2 
 		then ws_ext_sales_price* ws_quantity else 0 end) as feb_sales
 	,sum(case when d_moy = 3 
 		then ws_ext_sales_price* ws_quantity else 0 end) as mar_sales
 	,sum(case when d_moy = 4 
 		then ws_ext_sales_price* ws_quantity else 0 end) as apr_sales
 	,sum(case when d_moy = 5 
 		then ws_ext_sales_price* ws_quantity else 0 end) as may_sales
 	,sum(case when d_moy = 6 
 		then ws_ext_sales_price* ws_quantity else 0 end) as jun_sales
 	,sum(case when d_moy = 7 
 		then ws_ext_sales_price* ws_quantity else 0 end) as jul_sales
 	,sum(case when d_moy = 8 
 		then ws_ext_sales_price* ws_quantity else 0 end) as aug_sales
 	,sum(case when d_moy = 9 
 		then ws_ext_sales_price* ws_quantity else 0 end) as sep_sales
 	,sum(case when d_moy = 10 
 		then ws_ext_sales_price* ws_quantity else 0 end) as oct_sales
 	,sum(case when d_moy = 11
 		then ws_ext_sales_price* ws_quantity else 0 end) as nov_sales
 	,sum(case when d_moy = 12
 		then ws_ext_sales_price* ws_quantity else 0 end) as dec_sales
 	,sum(case when d_moy = 1 
 		then ws_net_paid_inc_ship_tax * ws_quantity else 0 end) as jan_net
 	,sum(case when d_moy = 2
 		then ws_net_paid_inc_ship_tax * ws_quantity else 0 end) as feb_net
 	,sum(case when d_moy = 3 
 		then ws_net_paid_inc_ship_tax * ws_quantity else 0 end) as mar_net
 	,sum(case when d_moy = 4 
 		then ws_net_paid_inc_ship_tax * ws_quantity else 0 end) as apr_net
 	,sum(case when d_moy = 5 
 		then ws_net_paid_inc_ship_tax * ws_quantity else 0 end) as may_net
 	,sum(case when d_moy = 6 
 		then ws_net_paid_inc_ship_tax * ws_quantity else 0 end) as jun_net
 	,sum(case when d_moy = 7 
 		then ws_net_paid_inc_ship_tax * ws_quantity else 0 end) as jul_net
 	,sum(case when d_moy = 8 
 		then ws_net_paid_inc_ship_tax * ws_quantity else 0 end) as aug_net
 	,sum(case when d_moy = 9 
 		then ws_net_paid_inc_ship_tax * ws_quantity else 0 end) as sep_net
 	,sum(case when d_moy = 10 
 		then ws_net_paid_inc_ship_tax * ws_quantity else 0 end) as oct_net
 	,sum(case when d_moy = 11
 		then ws_net_paid_inc_ship_tax * ws_quantity else 0 end) as nov_net
 	,sum(case when d_moy = 12
 		then ws_net_paid_inc_ship_tax * ws_quantity else 0 end) as dec_net
     from
          web_sales
         ,warehouse
         ,date_dim
         ,time_dim
 	  ,ship_mode
     where
            ws_warehouse_sk =  w_warehouse_sk
        and ws_sold_date_sk = d_date_sk
        and ws_sold_time_sk = t_time_sk
 	and ws_ship_mode_sk = sm_ship_mode_sk
        and d_year = 2002
 	and t_time between 18351 and 18351+28800 
 	and sm_carrier in ('RUPEKSA','GREAT EASTERN')
     group by 
        w_warehouse_name
 	,w_warehouse_sq_ft
 	,w_city
 	,w_county
 	,w_state
 	,w_country
       ,d_year
 union all
     select 
 	w_warehouse_name
 	,w_warehouse_sq_ft
 	,w_city
 	,w_county
 	,w_state
 	,w_country
 	,'RUPEKSA' || ',' || 'GREAT EASTERN' as ship_carriers
       ,d_year as year
 	,sum(case when d_moy = 1 
 		then cs_ext_sales_price* cs_quantity else 0 end) as jan_sales
 	,sum(case when d_moy = 2 
 		then cs_ext_sales_price* cs_quantity else 0 end) as feb_sales
 	,sum(case when d_moy = 3 
 		then cs_ext_sales_price* cs_quantity else 0 end) as mar_sales
 	,sum(case when d_moy = 4 
 		then cs_ext_sales_price* cs_quantity else 0 end) as apr_sales
 	,sum(case when d_moy = 5 
 		then cs_ext_sales_price* cs_quantity else 0 end) as may_sales
 	,sum(case when d_moy = 6 
 		then cs_ext_sales_price* cs_quantity else 0 end) as jun_sales
 	,sum(case when d_moy = 7 
 		then cs_ext_sales_price* cs_quantity else 0 end) as jul_sales
 	,sum(case when d_moy = 8 
 		then cs_ext_sales_price* cs_quantity else 0 end) as aug_sales
 	,sum(case when d_moy = 9 
 		then cs_ext_sales_price* cs_quantity else 0 end) as sep_sales
 	,sum(case when d_moy = 10 
 		then cs_ext_sales_price* cs_quantity else 0 end) as oct_sales
 	,sum(case when d_moy = 11
 		then cs_ext_sales_price* cs_quantity else 0 end) as nov_sales
 	,sum(case when d_moy = 12
 		then cs_ext_sales_price* cs_quantity else 0 end) as dec_sales
 	,sum(case when d_moy = 1 
 		then cs_net_paid_inc_ship_tax * cs_quantity else 0 end) as jan_net
 	,sum(case when d_moy = 2 
 		then cs_net_paid_inc_ship_tax * cs_quantity else 0 end) as feb_net
 	,sum(case when d_moy = 3 
 		then cs_net_paid_inc_ship_tax * cs_quantity else 0 end) as mar_net
 	,sum(case when d_moy = 4 
 		then cs_net_paid_inc_ship_tax * cs_quantity else 0 end) as apr_net
 	,sum(case when d_moy = 5 
 		then cs_net_paid_inc_ship_tax * cs_quantity else 0 end) as may_net
 	,sum(case when d_moy = 6 
 		then cs_net_paid_inc_ship_tax * cs_quantity else 0 end) as jun_net
 	,sum(case when d_moy = 7 
 		then cs_net_paid_inc_ship_tax * cs_quantity else 0 end) as jul_net
 	,sum(case when d_moy = 8 
 		then cs_net_paid_inc_ship_tax * cs_quantity else 0 end) as aug_net
 	,sum(case when d_moy = 9 
 		then cs_net_paid_inc_ship_tax * cs_quantity else 0 end) as sep_net
 	,sum(case when d_moy = 10 
 		then cs_net_paid_inc_ship_tax * cs_quantity else 0 end) as oct_net
 	,sum(case when d_moy = 11
 		then cs_net_paid_inc_ship_tax * cs_quantity else 0 end) as nov_net
 	,sum(case when d_moy = 12
 		then cs_net_paid_inc_ship_tax * cs_quantity else 0 end) as dec_net
     from
          catalog_sales
         ,warehouse
         ,date_dim
         ,time_dim
 	 ,ship_mode
     where
            cs_warehouse_sk =  w_warehouse_sk
        and cs_sold_date_sk = d_date_sk
        and cs_sold_time_sk = t_time_sk
 	and cs_ship_mode_sk = sm_ship_mode_sk
        and d_year = 2002
 	and t_time between 18351 AND 18351+28800 
 	and sm_carrier in ('RUPEKSA','GREAT EASTERN')
     group by 
        w_warehouse_name
 	,w_warehouse_sq_ft
 	,w_city
 	,w_county
 	,w_state
 	,w_country
       ,d_year
 ) x
 group by 
        w_warehouse_name
 	,w_warehouse_sq_ft
 	,w_city
 	,w_county
 	,w_state
 	,w_country
 	,ship_carriers
       ,year
 order by w_warehouse_name
 limit 100;
Limit  (cost=55101.99..55191.48 rows=100 width=384) (actual time=414.968..415.125 rows=5 loops=1)
  ->  GroupAggregate  (cost=55101.99..55280.98 rows=200 width=384) (actual time=414.967..415.123 rows=5 loops=1)
        Group Key: warehouse.w_warehouse_name, warehouse.w_warehouse_sq_ft, warehouse.w_city, warehouse.w_county, warehouse.w_state, warehouse.w_country, ('RUPEKSA,GREAT EASTERN'::text), date_dim.d_year
        ->  Incremental Sort  (cost=55101.99..55218.63 rows=355 width=288) (actual time=414.955..415.098 rows=10 loops=1)
              Sort Key: warehouse.w_warehouse_name, warehouse.w_warehouse_sq_ft, warehouse.w_city, warehouse.w_county, warehouse.w_state, warehouse.w_country, ('RUPEKSA,GREAT EASTERN'::text), date_dim.d_year
              Presorted Key: warehouse.w_warehouse_name, warehouse.w_warehouse_sq_ft, warehouse.w_city, warehouse.w_county, warehouse.w_state, warehouse.w_country
              Full-sort Groups: 1  Sort Method: quicksort  Average Memory: 28kB  Peak Memory: 28kB
              ->  Merge Append  (cost=55101.45..55205.99 rows=355 width=288) (actual time=406.654..415.081 rows=10 loops=1)
                    Sort Key: warehouse.w_warehouse_name, warehouse.w_warehouse_sq_ft, warehouse.w_city, warehouse.w_county, warehouse.w_state, warehouse.w_country
                    ->  Finalize GroupAggregate  (cost=33107.42..33141.42 rows=120 width=288) (actual time=126.719..128.186 rows=5 loops=1)
                          Group Key: warehouse.w_warehouse_name, warehouse.w_warehouse_sq_ft, warehouse.w_city, warehouse.w_county, warehouse.w_state, warehouse.w_country, date_dim.d_year
                          ->  Gather Merge  (cost=33107.42..33132.47 rows=100 width=256) (actual time=126.310..128.158 rows=15 loops=1)
                                Workers Planned: 2
                                Workers Launched: 2
                                ->  Partial GroupAggregate  (cost=32107.40..32120.90 rows=50 width=256) (actual time=120.492..121.665 rows=5 loops=3)
                                      Group Key: warehouse.w_warehouse_name, warehouse.w_warehouse_sq_ft, warehouse.w_city, warehouse.w_county, warehouse.w_state, warehouse.w_country, date_dim.d_year
                                      ->  Sort  (cost=32107.40..32107.53 rows=50 width=88) (actual time=120.195..120.309 rows=1656 loops=3)
                                            Sort Key: warehouse.w_warehouse_name, warehouse.w_warehouse_sq_ft, warehouse.w_city, warehouse.w_county, warehouse.w_state, warehouse.w_country
                                            Sort Method: quicksort  Memory: 413kB
                                            Worker 0:  Sort Method: quicksort  Memory: 228kB
                                            Worker 1:  Sort Method: quicksort  Memory: 228kB
                                            ->  Hash Join  (cost=2.98..32105.99 rows=50 width=88) (actual time=0.664..118.874 rows=1656 loops=3)
                                                  Hash Cond: (web_sales.ws_warehouse_sk = warehouse.w_warehouse_sk)
                                                  ->  Nested Loop  (cost=1.87..32104.63 rows=50 width=36) (actual time=0.604..118.396 rows=1656 loops=3)
                                                        ->  Nested Loop  (cost=1.58..32057.01 rows=150 width=44) (actual time=0.216..104.497 rows=4688 loops=3)
                                                              ->  Hash Join  (cost=1.27..30730.65 rows=30104 width=44) (actual time=0.057..93.167 rows=23772 loops=3)
                                                                    Hash Cond: (web_sales.ws_ship_mode_sk = ship_mode.sm_ship_mode_sk)
                                                                    ->  Parallel Seq Scan on web_sales  (cost=0.00..29771.63 rows=301063 width=52) (actual time=0.012..47.570 rows=237185 loops=3)
                                                                    ->  Hash  (cost=1.25..1.25 rows=2 width=8) (actual time=0.030..0.031 rows=2 loops=3)
                                                                          Buckets: 1024  Batches: 1  Memory Usage: 9kB
                                                                          ->  Seq Scan on ship_mode  (cost=0.00..1.25 rows=2 width=8) (actual time=0.027..0.028 rows=2 loops=3)
                                                                                Filter: (sm_carrier = ANY ('{RUPEKSA,"GREAT EASTERN"}'::bpchar[]))
                                                                                Rows Removed by Filter: 18
                                                              ->  Memoize  (cost=0.30..0.32 rows=1 width=16) (actual time=0.000..0.000 rows=0 loops=71317)
                                                                    Cache Key: web_sales.ws_sold_date_sk
                                                                    Cache Mode: logical
                                                                    Hits: 32893  Misses: 1803  Evictions: 0  Overflows: 0  Memory Usage: 144kB
                                                                    Worker 0:  Hits: 16441  Misses: 1765  Evictions: 0  Overflows: 0  Memory Usage: 141kB
                                                                    Worker 1:  Hits: 16636  Misses: 1779  Evictions: 0  Overflows: 0  Memory Usage: 142kB
                                                                    ->  Index Scan using pk_date_dim on date_dim  (cost=0.29..0.31 rows=1 width=16) (actual time=0.002..0.002 rows=0 loops=5347)
                                                                          Index Cond: (d_date_sk = web_sales.ws_sold_date_sk)
                                                                          Filter: (d_year = 2002)
                                                                          Rows Removed by Filter: 1
                                                        ->  Index Scan using pk_time_dim on time_dim  (cost=0.29..0.32 rows=1 width=8) (actual time=0.003..0.003 rows=0 loops=14065)
                                                              Index Cond: (t_time_sk = web_sales.ws_sold_time_sk)
                                                              Filter: ((t_time >= 18351) AND (t_time <= 47151))
                                                              Rows Removed by Filter: 1
                                                  ->  Hash  (cost=1.05..1.05 rows=5 width=68) (actual time=0.030..0.031 rows=5 loops=3)
                                                        Buckets: 1024  Batches: 1  Memory Usage: 9kB
                                                        ->  Seq Scan on warehouse  (cost=0.00..1.05 rows=5 width=68) (actual time=0.023..0.024 rows=5 loops=3)
                    ->  GroupAggregate  (cost=21994.01..22057.46 rows=235 width=288) (actual time=279.932..286.889 rows=5 loops=1)
                          Group Key: warehouse_1.w_warehouse_name, warehouse_1.w_warehouse_sq_ft, warehouse_1.w_city, warehouse_1.w_county, warehouse_1.w_state, warehouse_1.w_country, date_dim_1.d_year
                          ->  Sort  (cost=21994.01..21994.60 rows=235 width=88) (actual time=278.109..278.595 rows=10106 loops=1)
                                Sort Key: warehouse_1.w_warehouse_name, warehouse_1.w_warehouse_sq_ft, warehouse_1.w_city, warehouse_1.w_county, warehouse_1.w_state, warehouse_1.w_country
                                Sort Method: quicksort  Memory: 1758kB
                                ->  Nested Loop  (cost=0.72..21984.76 rows=235 width=88) (actual time=4.178..271.072 rows=10106 loops=1)
                                      Join Filter: (catalog_sales.cs_warehouse_sk = warehouse_1.w_warehouse_sk)
                                      Rows Removed by Join Filter: 20499
                                      ->  Nested Loop  (cost=0.72..21968.34 rows=236 width=36) (actual time=4.169..265.472 rows=10112 loops=1)
                                            ->  Nested Loop  (cost=0.43..21743.80 rows=710 width=44) (actual time=4.145..217.561 rows=28401 loops=1)
                                                  Join Filter: (catalog_sales.cs_ship_mode_sk = ship_mode_1.sm_ship_mode_sk)
                                                  Rows Removed by Join Filter: 525378
                                                  ->  Nested Loop  (cost=0.43..21531.98 rows=7137 width=52) (actual time=4.132..132.664 rows=284026 loops=1)
                                                        ->  Seq Scan on date_dim date_dim_1  (cost=0.00..2318.11 rows=363 width=16) (actual time=4.105..8.489 rows=365 loops=1)
                                                              Filter: (d_year = 2002)
                                                              Rows Removed by Filter: 72684
                                                        ->  Index Scan using i_cs_sold_date_sk on catalog_sales  (cost=0.43..45.08 rows=785 width=52) (actual time=0.004..0.138 rows=778 loops=365)
                                                              Index Cond: (cs_sold_date_sk = date_dim_1.d_date_sk)
                                                  ->  Materialize  (cost=0.00..1.26 rows=2 width=8) (actual time=0.000..0.000 rows=2 loops=284026)
                                                        ->  Seq Scan on ship_mode ship_mode_1  (cost=0.00..1.25 rows=2 width=8) (actual time=0.008..0.010 rows=2 loops=1)
                                                              Filter: (sm_carrier = ANY ('{RUPEKSA,"GREAT EASTERN"}'::bpchar[]))
                                                              Rows Removed by Filter: 18
                                            ->  Index Scan using pk_time_dim on time_dim time_dim_1  (cost=0.29..0.32 rows=1 width=8) (actual time=0.001..0.001 rows=0 loops=28401)
                                                  Index Cond: (t_time_sk = catalog_sales.cs_sold_time_sk)
                                                  Filter: ((t_time >= 18351) AND (t_time <= 47151))
                                                  Rows Removed by Filter: 1
                                      ->  Materialize  (cost=0.00..1.07 rows=5 width=68) (actual time=0.000..0.000 rows=3 loops=10112)
                                            ->  Seq Scan on warehouse warehouse_1  (cost=0.00..1.05 rows=5 width=68) (actual time=0.004..0.006 rows=5 loops=1)
  w_warehouse_name   | w_warehouse_sq_ft |  w_city  |     w_county      | w_state |   w_country   |     ship_carriers     | year |     jan_sales      |     feb_sales      |     mar_sales      |     apr_sales      |     may_sales      |     jun_sales      |     jul_sales      |     aug_sales      |     sep_sales      |     oct_sales      |     nov_sales     |     dec_sales     | jan_sales_per_sq_foot | feb_sales_per_sq_foot | mar_sales_per_sq_foot | apr_sales_per_sq_foot | may_sales_per_sq_foot | jun_sales_per_sq_foot | jul_sales_per_sq_foot | aug_sales_per_sq_foot | sep_sales_per_sq_foot | oct_sales_per_sq_foot | nov_sales_per_sq_foot | dec_sales_per_sq_foot |      jan_net       |      feb_net       |      mar_net       |      apr_net       |      may_net       |      jun_net       |      jul_net       |      aug_net      |      sep_net      |      oct_net      |      nov_net       |      dec_net       
---------------------+-------------------+----------+-------------------+---------+---------------+-----------------------+------+--------------------+--------------------+--------------------+--------------------+--------------------+--------------------+--------------------+--------------------+--------------------+--------------------+-------------------+-------------------+-----------------------+-----------------------+-----------------------+-----------------------+-----------------------+-----------------------+-----------------------+-----------------------+-----------------------+-----------------------+-----------------------+-----------------------+--------------------+--------------------+--------------------+--------------------+--------------------+--------------------+--------------------+-------------------+-------------------+-------------------+--------------------+--------------------
 Neither dea         |            230810 | Midway   | Williamson County | TN      | United States | RUPEKSA,GREAT EASTERN | 2002 | 35996143.480000004 | 24406827.680000007 | 26349821.650000006 |  29103601.25999999 | 28257482.230000004 |  27480252.23999999 | 27371602.799999993 |        48356059.56 |  58707325.74000001 | 51930678.540000014 | 80820624.36000001 |       94036431.67 |    155.95573623326547 |    105.74423846453797 |    114.16239179411639 |    126.09332897188159 |    122.42746081192324 |     119.0600590962263 |    118.58932801871666 |    209.50591204887135 |    254.35347575928256 |     224.9931915428275 |    350.16084381092685 |     407.4192265066505 |  53719694.24999999 | 33785072.089999996 | 38983648.379999995 | 41223555.239999995 |  42928147.71999999 |        36234152.45 |         40729367.3 |       72835096.81 | 87377953.37000003 |       75702392.76 | 111854293.93000002 | 132804701.15000004
 Parties use         |            115988 | Midway   | Williamson County | TN      | United States | RUPEKSA,GREAT EASTERN | 2002 |        29236415.96 |        23061822.42 | 25382385.369999994 |        16081889.55 | 23525719.760000005 |        27290812.07 | 21566499.049999997 | 53310507.099999994 |  56905882.74000001 |  57026731.98999998 | 80459222.08000003 | 85485928.55000001 |    252.06414422181604 |    198.82938252232992 |     218.8363052212297 |    138.65132211952962 |     202.8289112666828 |    235.28996163396215 |    185.93733015484358 |     459.6208840569714 |     490.6187083146533 |    491.66061997792855 |     693.6857440424874 |     737.0239037659069 | 39699202.339999996 | 34311421.230000004 |        35979402.74 | 22921791.169999994 |        34841275.92 |  38400803.04000002 | 29915990.599999998 |       76679030.85 |       84209407.62 |       87103921.69 | 119797332.09999993 | 119552280.19000006
 Persons make more e |            551529 | Midway   | Williamson County | TN      | United States | RUPEKSA,GREAT EASTERN | 2002 |        25683741.97 |        23995780.98 | 27482908.869999997 | 25731031.519999996 |        26685841.11 | 19208306.430000007 | 28726815.860000007 |  51024735.66000001 | 55791508.250000015 |  64514325.11000001 | 74098666.87000002 | 92367741.28999996 |     46.56825292958303 |     43.50774117045522 |     49.83039671531325 |    46.653995565056405 |     48.38520025238927 |     34.82737341100832 |     52.08577583409033 |     92.51505480219538 |    101.15788698327742 |    116.97358635719972 |     134.3513520957194 |    167.47576517281948 | 37654343.739999995 | 33253342.449999988 | 39700584.449999996 |        35886817.55 |  39453553.62000001 | 28813419.510000005 |  39583503.49000001 | 70856442.60000001 | 80800780.19999999 | 89703358.23000002 | 108241109.99000002 | 130196328.09999995
 Single, simple r    |            685286 | Midway   | Williamson County | TN      | United States | RUPEKSA,GREAT EASTERN | 2002 | 27422789.240000002 | 20559364.090000004 | 27902524.960000005 | 29053114.640000008 |        32567810.93 | 27105747.100000005 | 18347092.519999996 |  52775289.19000001 |  63498578.91999999 |        64017985.55 | 67956709.88999999 | 86605091.78999995 |     40.01656131892378 |    30.001144179218613 |     40.71661315129742 |     42.39560510502186 |     47.52440722559632 |     39.55391923955838 |     26.77289849785345 |     77.01206385363193 |     92.65996813009457 |     93.41790952974378 |     99.16547235752662 |    126.37802580236564 |  41750222.70999999 | 30758074.589999996 |        40877000.69 | 40960017.230000004 | 45880294.320000015 |        36870024.98 |        27198204.33 | 74805506.63999999 |       89755154.85 | 94314689.94999996 |       101731875.63 |       125371665.03
 Total, dea          |            947902 | Fairview | Williamson County | TN      | United States | RUPEKSA,GREAT EASTERN | 2002 | 25172684.659999996 |        23082401.31 | 33057392.520000003 |  25327268.74000001 | 24312586.720000003 |        26591357.66 |        21898031.93 |           61191168 | 48064941.199999996 |        56890526.29 | 95801231.41000001 |       79616623.34 |    26.556210093448477 |    24.351041890406393 |     34.87427236148885 |    26.719290327481122 |     25.64883998556813 |     28.05285531626687 |    23.101577937381713 |     64.55431890638484 |     50.70665659530204 |    60.017308002304034 |    101.06659908935735 |     83.99246265964203 |        38012140.86 | 31852527.039999995 |        44280839.26 |        35747292.12 |        34131763.11 |        38426268.91 | 30899498.050000004 |       86678992.52 | 69134562.31000003 | 84571859.80999994 | 139110808.08000004 | 114021725.03000006
(5 rows)

UPDATE time_statistics SET e_time = TRANSACTION_TIMESTAMP() WHERE template = 'query66.tpl' AND stream = 8;
psql:/tmp/s1-basline/throughput/query_8.sql:463: NOTICE:  duration: 0.078 ms  plan:
Query Text: UPDATE time_statistics SET e_time = TRANSACTION_TIMESTAMP() WHERE template = 'query66.tpl' AND stream = 8;
Update on time_statistics  (cost=0.00..12.86 rows=0 width=0) (actual time=0.077..0.077 rows=0 loops=1)
  ->  Seq Scan on time_statistics  (cost=0.00..12.86 rows=1 width=14) (actual time=0.057..0.058 rows=1 loops=1)
        Filter: ((template = 'query66.tpl'::text) AND (stream = 8))
        Rows Removed by Filter: 418
UPDATE 1
LOAD 'auto_explain'; SET auto_explain.log_min_duration TO 0; SET auto_explain.log_analyze TO on; SET auto_explain.log_level TO notice; INSERT INTO time_statistics (template, s_time, stream, query, seed) VALUES ('query60.tpl', TRANSACTION_TIMESTAMP(), 8, 7, 1112818620);
LOAD
SET
SET
SET
psql:/tmp/s1-basline/throughput/query_8.sql:464: NOTICE:  duration: 0.009 ms  plan:
Query Text: INSERT INTO time_statistics (template, s_time, stream, query, seed) VALUES ('query60.tpl', TRANSACTION_TIMESTAMP(), 8, 7, 1112818620);
Insert on time_statistics  (cost=0.00..0.01 rows=0 width=0) (actual time=0.009..0.009 rows=0 loops=1)
  ->  Result  (cost=0.00..0.01 rows=1 width=64) (actual time=0.002..0.002 rows=1 loops=1)
INSERT 0 1
with ss as (
 select
          i_item_id,sum(ss_ext_sales_price) total_sales
 from
 	store_sales,
 	date_dim,
         customer_address,
         item
 where
         i_item_id in (select
  i_item_id
from
 item
where i_category in ('Shoes'))
 and     ss_item_sk              = i_item_sk
 and     ss_sold_date_sk         = d_date_sk
 and     d_year                  = 1998
 and     d_moy                   = 8
 and     ss_addr_sk              = ca_address_sk
 and     ca_gmt_offset           = -6 
 group by i_item_id),
 cs as (
 select
          i_item_id,sum(cs_ext_sales_price) total_sales
 from
 	catalog_sales,
 	date_dim,
         customer_address,
         item
 where
         i_item_id               in (select
  i_item_id
from
 item
where i_category in ('Shoes'))
 and     cs_item_sk              = i_item_sk
 and     cs_sold_date_sk         = d_date_sk
 and     d_year                  = 1998
 and     d_moy                   = 8
 and     cs_bill_addr_sk         = ca_address_sk
 and     ca_gmt_offset           = -6 
 group by i_item_id),
 ws as (
 select
          i_item_id,sum(ws_ext_sales_price) total_sales
 from
 	web_sales,
 	date_dim,
         customer_address,
         item
 where
         i_item_id               in (select
  i_item_id
from
 item
where i_category in ('Shoes'))
 and     ws_item_sk              = i_item_sk
 and     ws_sold_date_sk         = d_date_sk
 and     d_year                  = 1998
 and     d_moy                   = 8
 and     ws_bill_addr_sk         = ca_address_sk
 and     ca_gmt_offset           = -6
 group by i_item_id)
  select   
  i_item_id
,sum(total_sales) total_sales
 from  (select * from ss 
        union all
        select * from cs 
        union all
        select * from ws) tmp1
 group by i_item_id
 order by i_item_id
      ,total_sales
 limit 100;
psql:/tmp/s1-basline/throughput/query_8.sql:539: NOTICE:  duration: 387.038 ms  plan:
Query Text: with ss as (
 select
          i_item_id,sum(ss_ext_sales_price) total_sales
 from
 	store_sales,
 	date_dim,
         customer_address,
         item
 where
         i_item_id in (select
  i_item_id
from
 item
where i_category in ('Shoes'))
 and     ss_item_sk              = i_item_sk
 and     ss_sold_date_sk         = d_date_sk
 and     d_year                  = 1998
 and     d_moy                   = 8
 and     ss_addr_sk              = ca_address_sk
 and     ca_gmt_offset           = -6 
 group by i_item_id),
 cs as (
 select
          i_item_id,sum(cs_ext_sales_price) total_sales
 from
 	catalog_sales,
 	date_dim,
         customer_address,
         item
 where
         i_item_id               in (select
  i_item_id
from
 item
where i_category in ('Shoes'))
 and     cs_item_sk              = i_item_sk
 and     cs_sold_date_sk         = d_date_sk
 and     d_year                  = 1998
 and     d_moy                   = 8
 and     cs_bill_addr_sk         = ca_address_sk
 and     ca_gmt_offset           = -6 
 group by i_item_id),
 ws as (
 select
          i_item_id,sum(ws_ext_sales_price) total_sales
 from
 	web_sales,
 	date_dim,
         customer_address,
         item
 where
         i_item_id               in (select
  i_item_id
from
 item
where i_category in ('Shoes'))
 and     ws_item_sk              = i_item_sk
 and     ws_sold_date_sk         = d_date_sk
 and     d_year                  = 1998
 and     d_moy                   = 8
 and     ws_bill_addr_sk         = ca_address_sk
 and     ca_gmt_offset           = -6
 group by i_item_id)
  select   
  i_item_id
,sum(total_sales) total_sales
 from  (select * from ss 
        union all
        select * from cs 
        union all
        select * from ws) tmp1
 group by i_item_id
 order by i_item_id
      ,total_sales
 limit 100;
Limit  (cost=44776.49..44776.74 rows=100 width=25) (actual time=350.488..387.006 rows=100 loops=1)
  ->  Sort  (cost=44776.49..44776.95 rows=181 width=25) (actual time=350.488..386.998 rows=100 loops=1)
        Sort Key: item.i_item_id, (sum((sum(store_sales.ss_ext_sales_price))))
        Sort Method: top-N heapsort  Memory: 32kB
        ->  Finalize GroupAggregate  (cost=44748.26..44769.71 rows=181 width=25) (actual time=346.896..386.120 rows=1689 loops=1)
              Group Key: item.i_item_id
              ->  Gather Merge  (cost=44748.26..44767.14 rows=152 width=25) (actual time=346.891..385.414 rows=3715 loops=1)
                    Workers Planned: 2
                    Workers Launched: 2
                    ->  Partial GroupAggregate  (cost=43748.24..43749.57 rows=76 width=25) (actual time=208.007..208.476 rows=1238 loops=3)
                          Group Key: item.i_item_id
                          ->  Sort  (cost=43748.24..43748.43 rows=76 width=25) (actual time=208.005..208.060 rows=1238 loops=3)
                                Sort Key: item.i_item_id
                                Sort Method: quicksort  Memory: 140kB
                                Worker 0:  Sort Method: quicksort  Memory: 85kB
                                Worker 1:  Sort Method: quicksort  Memory: 158kB
                                ->  Parallel Append  (cost=14088.03..43745.86 rows=76 width=25) (actual time=206.724..207.514 rows=1238 loops=3)
                                      ->  GroupAggregate  (cost=43742.73..43744.48 rows=100 width=25) (actual time=338.208..339.268 rows=1563 loops=1)
                                            Group Key: item.i_item_id
                                            ->  Sort  (cost=43742.73..43742.98 rows=100 width=25) (actual time=338.196..338.384 rows=4441 loops=1)
                                                  Sort Key: item.i_item_id
                                                  Worker 1:  Sort Method: quicksort  Memory: 504kB
                                                  ->  Nested Loop Semi Join  (cost=1.29..43739.41 rows=100 width=25) (actual time=8.167..327.831 rows=4441 loops=1)
                                                        ->  Nested Loop  (cost=1.01..43536.58 rows=495 width=25) (actual time=8.017..203.720 rows=23749 loops=1)
                                                              ->  Nested Loop  (cost=0.72..43385.36 rows=495 width=16) (actual time=7.955..155.012 rows=23749 loops=1)
                                                                    ->  Nested Loop  (cost=0.43..43021.47 rows=1172 width=24) (actual time=7.836..75.990 rows=54691 loops=1)
                                                                          ->  Seq Scan on date_dim  (cost=0.00..2500.73 rows=31 width=8) (actual time=7.760..14.192 rows=31 loops=1)
                                                                                Filter: ((d_year = 1998) AND (d_moy = 8))
                                                                                Rows Removed by Filter: 73018
                                                                          ->  Index Scan using i_ss_sold_date_sk on store_sales  (cost=0.43..1291.97 rows=1515 width=32) (actual time=0.093..1.636 rows=1764 loops=31)
                                                                                Index Cond: (ss_sold_date_sk = date_dim.d_date_sk)
                                                                    ->  Index Scan using pk_customer_address on customer_address  (cost=0.29..0.31 rows=1 width=8) (actual time=0.001..0.001 rows=0 loops=54691)
                                                                          Index Cond: (ca_address_sk = store_sales.ss_addr_sk)
                                                                          Filter: (ca_gmt_offset = '-6'::double precision)
                                                                          Rows Removed by Filter: 1
                                                              ->  Index Scan using pk_item on item  (cost=0.29..0.31 rows=1 width=25) (actual time=0.002..0.002 rows=1 loops=23749)
                                                                    Index Cond: (i_item_sk = store_sales.ss_item_sk)
                                                        ->  Index Scan using i_i_item_id on item item_1  (cost=0.29..0.41 rows=1 width=17) (actual time=0.005..0.005 rows=0 loops=23749)
                                                              Index Cond: (i_item_id = item.i_item_id)
                                                              Filter: (i_category = 'Shoes'::bpchar)
                                                              Rows Removed by Filter: 2
                                      ->  GroupAggregate  (cost=14088.03..14088.50 rows=27 width=25) (actual time=120.779..121.173 rows=854 loops=1)
                                            Group Key: item_2.i_item_id
                                            ->  Sort  (cost=14088.03..14088.09 rows=27 width=25) (actual time=120.769..120.819 rows=1199 loops=1)
                                                  Sort Key: item_2.i_item_id
                                                  Worker 0:  Sort Method: quicksort  Memory: 133kB
                                                  ->  Nested Loop Semi Join  (cost=1.29..14087.39 rows=27 width=25) (actual time=8.471..118.052 rows=1199 loops=1)
                                                        ->  Nested Loop  (cost=1.00..14031.66 rows=136 width=25) (actual time=8.246..81.871 rows=6442 loops=1)
                                                              ->  Nested Loop  (cost=0.71..13989.91 rows=136 width=16) (actual time=8.182..60.519 rows=6442 loops=1)
                                                                    ->  Nested Loop  (cost=0.42..13894.15 rows=307 width=24) (actual time=8.116..34.661 rows=14756 loops=1)
                                                                          ->  Seq Scan on date_dim date_dim_1  (cost=0.00..2500.73 rows=31 width=8) (actual time=8.047..14.298 rows=31 loops=1)
                                                                                Filter: ((d_year = 1998) AND (d_moy = 8))
                                                                                Rows Removed by Filter: 73018
                                                                          ->  Index Scan using i_ws_sold_date_sk on web_sales  (cost=0.42..363.56 rows=397 width=32) (actual time=0.037..0.556 rows=476 loops=31)
                                                                                Index Cond: (ws_sold_date_sk = date_dim_1.d_date_sk)
                                                                    ->  Index Scan using pk_customer_address on customer_address customer_address_1  (cost=0.29..0.31 rows=1 width=8) (actual time=0.002..0.002 rows=0 loops=14756)
                                                                          Index Cond: (ca_address_sk = web_sales.ws_bill_addr_sk)
                                                                          Filter: (ca_gmt_offset = '-6'::double precision)
                                                                          Rows Removed by Filter: 1
                                                              ->  Index Scan using pk_item on item item_2  (cost=0.29..0.31 rows=1 width=25) (actual time=0.003..0.003 rows=1 loops=6442)
                                                                    Index Cond: (i_item_sk = web_sales.ws_item_sk)
                                                        ->  Index Scan using i_i_item_id on item item_3  (cost=0.29..0.41 rows=1 width=17) (actual time=0.005..0.005 rows=0 loops=6442)
                                                              Index Cond: (i_item_id = item_2.i_item_id)
                                                              Filter: (i_category = 'Shoes'::bpchar)
                                                              Rows Removed by Filter: 2
                                      ->  GroupAggregate  (cost=4614.66..4615.61 rows=54 width=25) (actual time=161.180..161.855 rows=1298 loops=1)
                                            Group Key: item_4.i_item_id
                                            ->  Sort  (cost=4614.66..4614.80 rows=54 width=25) (actual time=161.171..161.270 rows=2442 loops=1)
                                                  Sort Key: item_4.i_item_id
                                                  Sort Method: quicksort  Memory: 268kB
                                                  ->  Nested Loop Semi Join  (cost=1.29..4613.11 rows=54 width=25) (actual time=4.270..155.644 rows=2442 loops=1)
                                                        ->  Nested Loop  (cost=1.00..4503.29 rows=268 width=25) (actual time=4.261..88.970 rows=12922 loops=1)
                                                              ->  Nested Loop  (cost=0.72..4421.29 rows=268 width=16) (actual time=4.256..64.859 rows=12922 loops=1)
                                                                    ->  Nested Loop  (cost=0.43..4231.60 rows=610 width=24) (actual time=4.233..21.793 rows=28952 loops=1)
                                                                          ->  Seq Scan on date_dim date_dim_2  (cost=0.00..2500.73 rows=31 width=8) (actual time=4.221..9.151 rows=31 loops=1)
                                                                                Filter: ((d_year = 1998) AND (d_moy = 8))
                                                                                Rows Removed by Filter: 73018
                                                                          ->  Index Scan using i_cs_sold_date_sk on catalog_sales  (cost=0.43..47.98 rows=785 width=32) (actual time=0.012..0.234 rows=934 loops=31)
                                                                                Index Cond: (cs_sold_date_sk = date_dim_2.d_date_sk)
                                                                    ->  Index Scan using pk_customer_address on customer_address customer_address_2  (cost=0.29..0.31 rows=1 width=8) (actual time=0.001..0.001 rows=0 loops=28952)
                                                                          Index Cond: (ca_address_sk = catalog_sales.cs_bill_addr_sk)
                                                                          Filter: (ca_gmt_offset = '-6'::double precision)
                                                                          Rows Removed by Filter: 1
                                                              ->  Index Scan using pk_item on item item_4  (cost=0.29..0.31 rows=1 width=25) (actual time=0.002..0.002 rows=1 loops=12922)
                                                                    Index Cond: (i_item_sk = catalog_sales.cs_item_sk)
                                                        ->  Index Scan using i_i_item_id on item item_5  (cost=0.29..0.41 rows=1 width=17) (actual time=0.005..0.005 rows=0 loops=12922)
                                                              Index Cond: (i_item_id = item_4.i_item_id)
                                                              Filter: (i_category = 'Shoes'::bpchar)
                                                              Rows Removed by Filter: 2
    i_item_id     |    total_sales     
------------------+--------------------
 AAAAAAAAAADBAAAA | 24086.129999999997
 AAAAAAAAAAEAAAAA |           14285.02
 AAAAAAAAAAGBAAAA |            1657.88
 AAAAAAAAAAGEAAAA |            3312.44
 AAAAAAAAAAIAAAAA |            1116.37
 AAAAAAAAAAJCAAAA |             236.06
 AAAAAAAAAALAAAAA | 16684.670000000002
 AAAAAAAAAALDAAAA |           11327.85
 AAAAAAAAAANBAAAA |            9719.04
 AAAAAAAAABAAAAAA |           13626.58
 AAAAAAAAABABAAAA | 13776.260000000002
 AAAAAAAAABBCAAAA |             6585.9
 AAAAAAAAABBDAAAA |           15357.79
 AAAAAAAAABCBAAAA |           11745.68
 AAAAAAAAABDEAAAA |           35809.07
 AAAAAAAAABFCAAAA | 12195.449999999999
 AAAAAAAAABGAAAAA |            9591.15
 AAAAAAAAABGBAAAA |            5034.42
 AAAAAAAAABGDAAAA |             1376.3
 AAAAAAAAABHCAAAA |           13460.94
 AAAAAAAAABIBAAAA | 12104.919999999998
 AAAAAAAAABJBAAAA | 3096.3199999999997
 AAAAAAAAABKAAAAA |           12042.55
 AAAAAAAAABKDAAAA |            8764.65
 AAAAAAAAABMBAAAA |            9975.96
 AAAAAAAAABNDAAAA |              23181
 AAAAAAAAABOBAAAA |  793.6700000000001
 AAAAAAAAACBCAAAA |            5367.67
 AAAAAAAAACCAAAAA |            9339.16
 AAAAAAAAACDDAAAA |  6601.049999999999
 AAAAAAAAACEBAAAA |             2685.6
 AAAAAAAAACFEAAAA |           10057.02
 AAAAAAAAACIBAAAA |           11917.54
 AAAAAAAAACJAAAAA |             7396.6
 AAAAAAAAACLAAAAA |            9293.34
 AAAAAAAAACNCAAAA | 3744.7299999999996
 AAAAAAAAACODAAAA |           14444.92
 AAAAAAAAADCCAAAA |            8391.99
 AAAAAAAAADEAAAAA |            6748.84
 AAAAAAAAADEDAAAA |            8249.12
 AAAAAAAAADEEAAAA | 21072.339999999997
 AAAAAAAAADFCAAAA |             9102.5
 AAAAAAAAADGBAAAA |             1358.1
 AAAAAAAAADGCAAAA |            19323.4
 AAAAAAAAADHDAAAA | 13082.670000000002
 AAAAAAAAADICAAAA | 12982.449999999999
 AAAAAAAAADKAAAAA |           26428.12
 AAAAAAAAADKDAAAA |           10357.76
 AAAAAAAAADLCAAAA |            8067.83
 AAAAAAAAADNAAAAA | 21885.489999999998
 AAAAAAAAADNDAAAA |            4634.34
 AAAAAAAAADOAAAAA | 3709.0199999999995
 AAAAAAAAAEAAAAAA |           23640.94
 AAAAAAAAAEADAAAA | 20154.430000000004
 AAAAAAAAAEBCAAAA |           16610.71
 AAAAAAAAAEBDAAAA |           21488.84
 AAAAAAAAAECEAAAA |            6804.48
 AAAAAAAAAEDEAAAA |             947.43
 AAAAAAAAAEECAAAA |             6271.2
 AAAAAAAAAEFBAAAA |  4899.639999999999
 AAAAAAAAAEHAAAAA | 19214.920000000002
 AAAAAAAAAEMAAAAA |            4719.51
 AAAAAAAAAENCAAAA |            9760.83
 AAAAAAAAAEOBAAAA | 10574.480000000001
 AAAAAAAAAFAAAAAA |             1439.7
 AAAAAAAAAFBBAAAA |           15441.09
 AAAAAAAAAFFEAAAA |             357.84
 AAAAAAAAAFHCAAAA |  8648.630000000001
 AAAAAAAAAFLDAAAA |            3345.98
 AAAAAAAAAFPAAAAA |            4776.96
 AAAAAAAAAGACAAAA |  7918.789999999999
 AAAAAAAAAGAEAAAA |            38287.1
 AAAAAAAAAGBAAAAA | 17004.760000000002
 AAAAAAAAAGBDAAAA | 1938.4199999999998
 AAAAAAAAAGBEAAAA | 2655.7300000000005
 AAAAAAAAAGEAAAAA |           14799.21
 AAAAAAAAAGEEAAAA |            9244.66
 AAAAAAAAAGGBAAAA |            3623.08
 AAAAAAAAAGHAAAAA |            8447.98
 AAAAAAAAAGHDAAAA |            2958.48
 AAAAAAAAAGIAAAAA |  7539.999999999999
 AAAAAAAAAGICAAAA | 10691.460000000001
 AAAAAAAAAGKAAAAA |            3511.81
 AAAAAAAAAGKDAAAA |             5161.2
 AAAAAAAAAGLAAAAA |            1967.62
 AAAAAAAAAGMBAAAA |  4947.389999999999
 AAAAAAAAAGPBAAAA |  6110.360000000001
 AAAAAAAAAHAAAAAA |             944.76
 AAAAAAAAAHBCAAAA |             8275.5
 AAAAAAAAAHFCAAAA | 15305.279999999999
 AAAAAAAAAHGAAAAA |             4535.7
 AAAAAAAAAHGDAAAA |           16556.34
 AAAAAAAAAHJAAAAA | 11466.360000000002
 AAAAAAAAAHJDAAAA |             832.65
 AAAAAAAAAHMDAAAA |            8928.67
 AAAAAAAAAHPAAAAA |            2231.71
 AAAAAAAAAICDAAAA |           18302.04
 AAAAAAAAAICEAAAA |            5602.54
 AAAAAAAAAIFEAAAA |             736.26
 AAAAAAAAAIGAAAAA |           11046.19
(100 rows)

UPDATE time_statistics SET e_time = TRANSACTION_TIMESTAMP() WHERE template = 'query60.tpl' AND stream = 8;
psql:/tmp/s1-basline/throughput/query_8.sql:541: NOTICE:  duration: 0.069 ms  plan:
Query Text: UPDATE time_statistics SET e_time = TRANSACTION_TIMESTAMP() WHERE template = 'query60.tpl' AND stream = 8;
Update on time_statistics  (cost=0.00..12.86 rows=0 width=0) (actual time=0.069..0.069 rows=0 loops=1)
  ->  Seq Scan on time_statistics  (cost=0.00..12.86 rows=1 width=14) (actual time=0.056..0.056 rows=1 loops=1)
        Filter: ((template = 'query60.tpl'::text) AND (stream = 8))
        Rows Removed by Filter: 419
UPDATE 1
LOAD 'auto_explain'; SET auto_explain.log_min_duration TO 0; SET auto_explain.log_analyze TO on; SET auto_explain.log_level TO notice; INSERT INTO time_statistics (template, s_time, stream, query, seed) VALUES ('../query_postgresql/query98.tpl', TRANSACTION_TIMESTAMP(), 8, 8, 794714430);
LOAD
SET
SET
SET
psql:/tmp/s1-basline/throughput/query_8.sql:542: NOTICE:  duration: 0.008 ms  plan:
Query Text: INSERT INTO time_statistics (template, s_time, stream, query, seed) VALUES ('../query_postgresql/query98.tpl', TRANSACTION_TIMESTAMP(), 8, 8, 794714430);
Insert on time_statistics  (cost=0.00..0.01 rows=0 width=0) (actual time=0.008..0.008 rows=0 loops=1)
  ->  Result  (cost=0.00..0.01 rows=1 width=64) (actual time=0.001..0.002 rows=1 loops=1)
INSERT 0 1
select i_item_id
      ,i_item_desc 
      ,i_category 
      ,i_class 
      ,i_current_price
      ,sum(ss_ext_sales_price) as itemrevenue 
      ,sum(ss_ext_sales_price)*100/sum(sum(ss_ext_sales_price)) over
          (partition by i_class) as revenueratio
from	
	store_sales
    	,item 
    	,date_dim
where 
	ss_item_sk = i_item_sk 
  	and i_category in ('Sports', 'Shoes', 'Home')
  	and ss_sold_date_sk = d_date_sk
	and d_date between cast('1999-05-02' as date) 
				and (cast('1999-05-02' as date) + interval '30 days')
group by 
	i_item_id
        ,i_item_desc 
        ,i_category
        ,i_class
        ,i_current_price
order by 
	i_category
        ,i_class
        ,i_item_id
        ,i_item_desc
        ,revenueratio;
psql:/tmp/s1-basline/throughput/query_8.sql:572: NOTICE:  duration: 95.945 ms  plan:
Query Text: select i_item_id
      ,i_item_desc 
      ,i_category 
      ,i_class 
      ,i_current_price
      ,sum(ss_ext_sales_price) as itemrevenue 
      ,sum(ss_ext_sales_price)*100/sum(sum(ss_ext_sales_price)) over
          (partition by i_class) as revenueratio
from	
	store_sales
    	,item 
    	,date_dim
where 
	ss_item_sk = i_item_sk 
  	and i_category in ('Sports', 'Shoes', 'Home')
  	and ss_sold_date_sk = d_date_sk
	and d_date between cast('1999-05-02' as date) 
				and (cast('1999-05-02' as date) + interval '30 days')
group by 
	i_item_id
        ,i_item_desc 
        ,i_category
        ,i_class
        ,i_current_price
order by 
	i_category
        ,i_class
        ,i_item_id
        ,i_item_desc
        ,revenueratio;
Sort  (cost=40947.56..40948.43 rows=347 width=245) (actual time=94.049..94.155 rows=2540 loops=1)
  Sort Key: item.i_category, item.i_class, item.i_item_id, item.i_item_desc, ((((sum(store_sales.ss_ext_sales_price)) * '100'::double precision) / sum((sum(store_sales.ss_ext_sales_price))) OVER (?)))
  Sort Method: quicksort  Memory: 818kB
  ->  WindowAgg  (cost=40925.11..40932.92 rows=347 width=245) (actual time=84.979..86.387 rows=2540 loops=1)
        ->  Sort  (cost=40925.11..40925.98 rows=347 width=237) (actual time=84.955..85.069 rows=2540 loops=1)
              Sort Key: item.i_class
              Sort Method: quicksort  Memory: 799kB
              ->  GroupAggregate  (cost=40900.93..40910.47 rows=347 width=237) (actual time=79.918..83.418 rows=2540 loops=1)
                    Group Key: item.i_item_id, item.i_item_desc, item.i_category, item.i_class, item.i_current_price
                    ->  Sort  (cost=40900.93..40901.79 rows=347 width=237) (actual time=79.910..80.259 rows=7672 loops=1)
                          Sort Key: item.i_item_id, item.i_item_desc, item.i_category, item.i_class, item.i_current_price
                          Sort Method: quicksort  Memory: 2306kB
                          ->  Nested Loop  (cost=1.01..40886.29 rows=347 width=237) (actual time=0.030..58.400 rows=7672 loops=1)
                                ->  Nested Loop  (cost=0.72..40523.85 rows=1172 width=16) (actual time=0.026..12.539 rows=26381 loops=1)
                                      ->  Index Scan using i_d_date on date_dim  (cost=0.29..3.11 rows=31 width=8) (actual time=0.015..0.027 rows=31 loops=1)
                                            Index Cond: ((d_date >= '1999-05-02'::date) AND (d_date <= '1999-06-01 00:00:00'::timestamp without time zone))
                                      ->  Index Scan using i_ss_sold_date_sk on store_sales  (cost=0.43..1291.97 rows=1515 width=24) (actual time=0.005..0.274 rows=851 loops=31)
                                            Index Cond: (ss_sold_date_sk = date_dim.d_date_sk)
                                ->  Index Scan using pk_item on item  (cost=0.29..0.31 rows=1 width=237) (actual time=0.002..0.002 rows=0 loops=26381)
                                      Index Cond: (i_item_sk = store_sales.ss_item_sk)
                                      Filter: (i_category = ANY ('{Sports,Shoes,Home}'::bpchar[]))
                                      Rows Removed by Filter: 1
    i_item_id     |                                                                                               i_item_desc                                                                                                |                     i_category                     |                      i_class                       | i_current_price |    itemrevenue     |      revenueratio      
------------------+----------------------------------------------------------------------------------------------------------------------------------------------------------------------------------------------------------+----------------------------------------------------+----------------------------------------------------+-----------------+--------------------+------------------------
 AAAAAAAAABGEAAAA | Now local years like too liberal changes. Here religious methods take forward primary countries. Financial,                                                                                              | Home                                               | accent                                             |           65.97 |  8066.240000000001 |      3.525939978624682
 AAAAAAAAALJDAAAA | National strings tell as b                                                                                                                                                                               | Home                                               | accent                                             |            9.13 |            1861.56 |     0.8137309113798451
 AAAAAAAABDCBAAAA | Classes let later in a settlements. Existing, warm thousands will not need particularly apparent subjects. Black years convert from an teachers; eventually delicious sets shall                         | Home                                               | accent                                             |            3.49 |             1471.3 |     0.6431392433835955
 AAAAAAAABMDDAAAA | References                                                                                                                                                                                               | Home                                               | accent                                             |            4.69 |            8208.48 |      3.588116370916452
 AAAAAAAACABCAAAA | Indeed double guidelines may disappear groups. Partly pleasant years launch rewards. Also light                                                                                                          | Home                                               | accent                                             |           93.88 |             7570.2 |      3.309109427215724
 AAAAAAAACEIAAAAA | Farmers used to recall still chief supporters. Totally little times extend political numbers. Numbers shall not give early, variable chips. Most british laws ought                                      | Home                                               | accent                                             |            2.26 |             3022.9 |     1.3213794731355066
 AAAAAAAACGAAAAAA | Central aspects ought to work about for a scots. Extraordinary, glad things claim below. Presents shall put german, biological times. Sound times boil wom                                               | Home                                               | accent                                             |            0.96 | 3142.2599999999998 |     1.3735544884894562
 AAAAAAAACLKCAAAA | At least int                                                                                                                                                                                             | Home                                               | accent                                             |            7.13 |           13789.48 |      6.027700491982072
 AAAAAAAACOGBAAAA | Civil bonds could relax main weeks; teams might not grow recently ministers; quiet, free ways could appeal sorry, giant fathers. Civil, necessary bottles would                                          | Home                                               | accent                                             |            8.31 |             383.27 |    0.16753617740204627
 AAAAAAAADEHCAAAA | Else red subjects reveal hot, huge friends. Long markets want that then scottish examples. Today modern champi                                                                                           | Home                                               | accent                                             |            4.64 |             2705.6 |     1.1826803078221002
 AAAAAAAADNCEAAAA | Important police may blame daily, early functions. Unions stay actual tie                                                                                                                                | Home                                               | accent                                             |            0.29 |            8695.55 |     3.8010259279577405
 AAAAAAAADODCAAAA | Anywhere parliamentary exceptions include even slight, alone tables;                                                                                                                                     | Home                                               | accent                                             |            5.97 | 10030.759999999998 |      4.384677086224722
 AAAAAAAADPMBAAAA | Firstly personal fact                                                                                                                                                                                    | Home                                               | accent                                             |            7.72 |             642.24 |     0.2807379512476588
 AAAAAAAAEACBAAAA | Mental, good children give none the less sufficient, voluntary others. Good, pleased conditions might see more. Coloured shares                                                                          | Home                                               | accent                                             |            1.06 |            3364.46 |     1.4706832452894527
 AAAAAAAAECFAAAAA | Always spanish members meet then strategies. Simple, n                                                                                                                                                   | Home                                               | accent                                             |            3.92 |             468.12 |    0.20462607395686042
 AAAAAAAAEDOBAAAA | As wrong men used to make isolated, full properties. Parental, military enemies might pull privately political weeks. Importa                                                                            | Home                                               | accent                                             |            1.41 |  9466.589999999998 |      4.138065336792436
 AAAAAAAAEFGBAAAA | Valid, famous farmers feel actually small, possible troops. Whole, positive premises may take solidly capable, elegant tenants; more european towns g                                                    | Home                                               | accent                                             |            4.54 |                9.3 |   0.004065244996579514
 AAAAAAAAEJIBAAAA | Central, bad funds understand star, commercial members. Demanding, new possibilities contrast.                                                                                                           | Home                                               | accent                                             |            8.45 |            7282.08 |      3.183165514482983
 AAAAAAAAEPDAAAAA | Merely additional projects s                                                                                                                                                                             | Home                                               | accent                                             |            5.42 |             459.45 |    0.20083621652456532
 AAAAAAAAGGCDAAAA | Most useful systems ought to make from time to time liable urban customers. Often high names ought to replace for a products. Constant, appointe                                                         | Home                                               | accent                                             |            1.56 |            8168.18 |     3.5705003092646077
 AAAAAAAAHABCAAAA | Feet express both now free words. Principle                                                                                                                                                              | Home                                               | accent                                             |            3.35 |            5713.54 |     2.4975204191136466
 AAAAAAAAHANCAAAA | Busy, lexical others begin past drugs. Parents try benefits. Useful meals                                                                                                                                | Home                                               | accent                                             |            4.86 |            6747.08 |     2.9493046464001833
 AAAAAAAAHNPCAAAA | Running groups must fol                                                                                                                                                                                  | Home                                               | accent                                             |            3.61 |            8662.08 |     3.7863954172012337
 AAAAAAAAHOICAAAA | Priorities mean strangely groups. No doubt expensive tasks used to believe quick beautiful physical sch                                                                                                  | Home                                               | accent                                             |            1.49 |            4421.76 |     1.9328535178575732
 AAAAAAAAIALDAAAA | Heavily dutch children measure gothic notes. Protective, modest points confirm in a actions. Italian changes please right sections.                                                                      | Home                                               | accent                                             |            3.71 |           13046.47 |      5.702913644142444
 AAAAAAAAICOCAAAA | Reasons hold. Numbers must like home wrong types. Well specific stars may raise explicitly so-called seats; officers deny yet attractive, expected customers. Open leaders s                             | Home                                               | accent                                             |            9.53 |            9985.06 |      4.364700559736154
 AAAAAAAAIDDCAAAA | Only other figures d                                                                                                                                                                                     | Home                                               | accent                                             |            3.02 |            6072.49 |     2.6544257622880787
 AAAAAAAAIJHCAAAA | Simple, absent quantities should go centres. Circumstances should not assist among a hundreds. Video-taped days should not f                                                                             | Home                                               | accent                                             |            3.07 |  5590.639999999999 |     2.4437979879222893
 AAAAAAAAILGBAAAA | At first single reade                                                                                                                                                                                    | Home                                               | accent                                             |            9.93 |            2110.06 |     0.9223560061809214
 AAAAAAAAJJEDAAAA | Supreme, whole shops used to think; major paren                                                                                                                                                          | Home                                               | accent                                             |             7.9 |            3754.84 |     1.6413273680598517
 AAAAAAAAKDGBAAAA | Junior, good hours pass simply. About fresh children would trace sometimes. Confident, old trees take more                                                                                               | Home                                               | accent                                             |            2.41 |            1733.04 |     0.7575518482658237
 AAAAAAAAKELAAAAA | Socially complex problems enjoy cool automatically national years. Yesterday economic authorities take                                                                                                   | Home                                               | accent                                             |            6.24 |             3177.3 |     1.3888712825410847
 AAAAAAAAKNGDAAAA | Important states might know else in a guidelines. New rocks include sure, senior controls. Efficient hours know poor penalti                                                                             | Home                                               | accent                                             |            4.35 | 2841.9399999999996 |     1.2422776737181915
 AAAAAAAAKOEAAAAA | Priorities need officially underneath different services. Young sales may find heads. Young differences should appear closer. So private opponents should hear late relations. So high in                | Home                                               | accent                                             |           19.72 |              30.15 |   0.013179262005040037
 AAAAAAAALFIBAAAA | Interesting terms learn events; beyond different terms a                                                                                                                                                 | Home                                               | accent                                             |           88.32 |            3268.84 |     1.4288855327547287
 AAAAAAAAMACAAAAA | Unable, real authorities can identify only. Contacts charge slightly. Patients would take different forces. Remaining birds may see of course relatio                                                    | Home                                               | accent                                             |            8.87 |            3353.12 |     1.4657262691323332
 AAAAAAAAMEJAAAAA | Types block stiff only fina                                                                                                                                                                              | Home                                               | accent                                             |            8.87 |            1589.76 |     0.6949208479314245
 AAAAAAAAMKDEAAAA | Tonight tropical gardens visit perceptions. Large, eq                                                                                                                                                    | Home                                               | accent                                             |           66.34 |            5262.06 |     2.3001680738388384
 AAAAAAAAMNHDAAAA | Current questions used to measure. Thin failures could not swim readily. High rates shall not ask only still new needs; dangerous, polish files listen in                                                | Home                                               | accent                                             |             4.6 |            4799.74 |      2.098077313965866
 AAAAAAAANHCAAAAA | Acute, lexical countrie                                                                                                                                                                                  | Home                                               | accent                                             |            0.78 |            2441.49 |      1.067231721150421
 AAAAAAAANIBAAAAA | Theories establish also rich months. Capital, dark actions will release especially no longer massive circumstances. Popular, domestic examples ought to make. Also american seats allow yesterday count  | Home                                               | accent                                             |            4.25 | 1970.8600000000001 |     0.8615084681676022
 AAAAAAAANMIBAAAA | Policies quantify however severe, mental games                                                                                                                                                           | Home                                               | accent                                             |             2.1 |            4136.96 |     1.8083608538762994
 AAAAAAAAOAECAAAA | Low parents used to seem questions; western, bad prices must compensate more thin letters. Weak, large words gain a                                                                                      | Home                                               | accent                                             |            6.12 |  8813.689999999999 |     3.8526676531078374
 AAAAAAAAOCPBAAAA | Concrete walls gain budgets; italian, particular orders can make then direct lights. Animals perform quite vital others. New, agricultural meta                                                          | Home                                               | accent                                             |             1.1 |  7153.339999999999 |     3.1268902842830206
 AAAAAAAAODCBAAAA | Thinking, official reasons may tell individual, european practices. Special remarks will not want here sessions; separate, s                                                                             | Home                                               | accent                                             |            33.5 |            1809.73 |     0.7910748201784777
 AAAAAAAAOEACAAAA | Chief thoughts pretend women; re                                                                                                                                                                         | Home                                               | accent                                             |            3.13 |            8069.88 |       3.52753110677388
 AAAAAAAAOMLAAAAA | Positive                                                                                                                                                                                                 | Home                                               | accent                                             |            1.46 |            3404.56 |      1.488211882317715
 AAAAAAAAAIBBAAAA | Conveniently left members go again original birds. Central, new services say less following hands.                                                                                                       | Home                                               | bathroom                                           |            1.89 |            7889.47 |     3.2685999351870567
 AAAAAAAAAKKAAAAA | Much inevitable cells would not create ahead much agricultural parameters. Again effective inches may enjoy by the stars. Senior, concerned passengers tell still conventional revenues. Serious         | Home                                               | bathroom                                           |            7.91 |  5911.620000000001 |     2.4491785568422864
 AAAAAAAABCHAAAAA | Various lands must not know however able subjects. Daily, commercial examinations say yet. Foods should not need then more shared members; rivals might specify                                          | Home                                               | bathroom                                           |            0.81 |           10906.23 |      4.518440740776647
 AAAAAAAABHCDAAAA | Good unions enable at a blocks. Years say particularly popular proportions. Remarkable, cold accidents feel lectures. Sometimes final troops must not work social advantages. Primarily ea               | Home                                               | bathroom                                           |            1.33 |            2035.07 |     0.8431275700523766
 AAAAAAAABIDEAAAA | Practical, possible channels will not concern readers; local times emphasise only middle-class, poor creatures. Almost australian earnings could not return residential, economic versions. Initially st | Home                                               | bathroom                                           |            3.02 |           16330.14 |      6.765561507375725
 AAAAAAAABMPDAAAA | Traditional, fatal police may not stir recently particular programmes. Actually full                                                                                                                     | Home                                               | bathroom                                           |            4.89 |           13291.89 |       5.50681741517662
 AAAAAAAACACBAAAA | Sometimes national pp. ought to develop high, tiny b                                                                                                                                                     | Home                                               | bathroom                                           |             3.8 |            5113.07 |      2.118340049535252
 AAAAAAAACAMAAAAA | Cultural skills used to learn really relevant barriers. Able, political members talk pieces.                                                                                                             | Home                                               | bathroom                                           |            8.91 |            1542.67 |     0.6391267172592097
 AAAAAAAACCMAAAAA | Maybe typical holidays will not know so as mile                                                                                                                                                          | Home                                               | bathroom                                           |            5.36 |             9035.1 |     3.7432333571721013
 AAAAAAAACDLAAAAA | Also theoretical holidays persuade later under a books. Opportunities would make with th                                                                                                                 | Home                                               | bathroom                                           |           28.92 |            3307.06 |     1.3701118201425073
 AAAAAAAACENDAAAA | Answers expect in a cases. Weeks should qualify however even twin gardens. Light parties look. Simple moves write obviously afraid activities. Courts can snap so. Feet find simp                        | Home                                               | bathroom                                           |            7.55 |            5800.33 |      2.403071215438241
 AAAAAAAACJMDAAAA | Necessary cards form extra products. Full authorities blame so compulsory aspirations. Free drivers go quite; financial arguments trust further merely big activities. Measures shall come               | Home                                               | bathroom                                           |            0.44 | 5070.1900000000005 |      2.100574906221339
 AAAAAAAACOICAAAA | Regular, local deals cheer today long outside colours. Companies comfort recently possible, tiny men. Best aggressive rumours can become obviously warm necessary specimens. More new rates may s        | Home                                               | bathroom                                           |            3.29 |             360.34 |    0.14928852009644553
 AAAAAAAADPOCAAAA | Of course coming relations could prevent as the years; large kids feel only western products.                                                                                                            | Home                                               | bathroom                                           |            3.03 |            6745.94 |      2.794836541209457
 AAAAAAAAEEGDAAAA | Free, direct doctors shall keep then well particular weeks. Apparently historical wo                                                                                                                     | Home                                               | bathroom                                           |            9.03 |            1301.81 |     0.5393386477958421
 AAAAAAAAEJPBAAAA | Peaceful, relevant heads can specify better wrong blues. Times take western germans. Substantial tools will not believe. Able courses disappe                                                            | Home                                               | bathroom                                           |             3.3 |             4553.6 |      1.886552159380514
 AAAAAAAAGGFAAAAA | Needs see again resources. Different, successful instances visit of course detailed, main posts. Bones should happen both human bodies. Natural skills share artistic sales. P                           | Home                                               | bathroom                                           |            8.41 |           10424.18 |      4.318727883163028
 AAAAAAAAGMIAAAAA | Peoples can encourage only gen                                                                                                                                                                           | Home                                               | bathroom                                           |            3.04 |           11501.32 |      4.764985963133848
 AAAAAAAAGONBAAAA | Local, historic weeks fulfil electric, dangerous days. Objectives work sound facilities. Locally new types used to change there here critical shapes. Big, voluntary discussions locate. Keen areas m    | Home                                               | bathroom                                           |            5.83 |            5382.47 |      2.229952213918841
 AAAAAAAAHAJAAAAA | Individual teeth may issue always tenan                                                                                                                                                                  | Home                                               | bathroom                                           |            5.28 |             885.78 |     0.3669778135400719
 AAAAAAAAHCNDAAAA | Strange, other bodies may say further adult servants. Forms will                                                                                                                                         | Home                                               | bathroom                                           |            2.43 |             2969.5 |     1.2302610324315784
 AAAAAAAAHCOCAAAA | Light, current needs will not arise as british claims. Less than cultural terms eat already presidential, independent ins                                                                                | Home                                               | bathroom                                           |            7.04 |            3083.96 |      1.277681701827813
 AAAAAAAAIFPAAAAA | Hot questions must live then long representatives. Then old patients might not encourage. Ki                                                                                                             | Home                                               | bathroom                                           |            1.66 |            4041.44 |     1.6743647573363456
 AAAAAAAAIIADAAAA | Live rates ought to come into a parties. Poor, realistic years afford aside necessary hospitals. True women might not share royal memories. Ru                                                           | Home                                               | bathroom                                           |            0.23 |            2984.39 |     1.2364299453034109
 AAAAAAAAJBDDAAAA | Considerable, costly aspects keep english roads. Also reliable members can make possibly. Members begin previously too red years. Countries roll young, scientific force                                 | Home                                               | bathroom                                           |            4.76 |                    |                       
 AAAAAAAAJENCAAAA | Local, good wines can come a little young jobs. Now bright values could go un                                                                                                                            | Home                                               | bathroom                                           |             4.5 | 7034.5199999999995 |      2.914394961394372
 AAAAAAAAKADEAAAA | Parts can discover to the agreements. Public minutes lead considerably about a edges. Wrong allowances can attend little. New organizations replace however instances. Rapid, ltd. te                    | Home                                               | bathroom                                           |            7.18 |              923.7 |     0.3826880335602118
 AAAAAAAAKAKAAAAA | Partly small children move following, sufficient lines. Meetings win already by a shoulders. Strongly general daughters hear less fol                                                                    | Home                                               | bathroom                                           |            96.3 |            1376.02 |     0.5700837803827246
 AAAAAAAAKBHCAAAA | Unknown, following losses can suffer general models. As existing others move yet really rigid e                                                                                                          | Home                                               | bathroom                                           |            0.68 |             522.45 |    0.21645053928064598
 AAAAAAAAKFFAAAAA | Speakers make slightly light figures. Old ages give qualifications. Continuous institutions work rather quick free indicators. Academic, left participants used to hand at all by a talk                 | Home                                               | bathroom                                           |               8 |            5933.27 |      2.458148131299987
 AAAAAAAAKGDAAAAA | Main, special ministers ought to analyse old resources. Relevant eyes mention quiet, nuclear faces. Foreign, acute parts accept always hours. Bri                                                        | Home                                               | bathroom                                           |            0.49 |            6289.08 |     2.6055598766946595
 AAAAAAAAKMDEAAAA | Systems become in a streets. N                                                                                                                                                                           | Home                                               | bathroom                                           |            6.27 | 3897.4900000000002 |     1.6147264089212838
 AAAAAAAAKMGDAAAA | Both profound rules should call thereof final federal cameras; other, sad chi                                                                                                                            | Home                                               | bathroom                                           |           37.69 |  7182.900000000001 |       2.97586865460609
 AAAAAAAAKOLCAAAA | Fine deaths examine no longer main, thin hundreds. Changes merge mental, possible others. So general ranks buy again. Even big cases would not call ulti                                                 | Home                                               | bathroom                                           |            6.82 |             330.32 |    0.13685126258050143
 AAAAAAAALADCAAAA | Expressions get really dead rates. Weapons surrender still more correct goods. More able courses relax far previous, empty sides. Complete weeks may not make well successful, english mod               | Home                                               | bathroom                                           |            8.26 | 2200.6000000000004 |     0.9117064919915581
 AAAAAAAAMDFCAAAA | Grim countries raise useful youngsters. New, lovely police may move cruel, black cases. Strong, environmental years make spec                                                                            | Home                                               | bathroom                                           |            1.76 |            2479.84 |      1.027395359038601
 AAAAAAAAMDKAAAAA | Peculiar workers like still particles. Responsibilities might form good again major years. Therefore pure theories will die ofte                                                                         | Home                                               | bathroom                                           |            4.48 |             6487.4 |     2.6877236645215095
 AAAAAAAAMDOCAAAA | Excessive, relative words sell definitely quiet, serious drinks.                                                                                                                                         | Home                                               | bathroom                                           |            6.02 |               1350 |     0.5593037190714366
 AAAAAAAAMEFCAAAA | More orthodox emotions may not remember probably movies. Guidelines may bring therefore creditors. Severe types might not form then successful, professional patien                                      | Home                                               | bathroom                                           |            2.67 |            7977.57 |     3.3050996815946077
 AAAAAAAANGJDAAAA | Endless, roman houses characterize total subjects. Institutional humans co                                                                                                                               | Home                                               | bathroom                                           |            6.93 | 357.84000000000003 |    0.14825277246853544
 AAAAAAAAOANBAAAA | Able, considerable requireme                                                                                                                                                                             | Home                                               | bathroom                                           |            7.93 | 24034.389999999996 |      9.957424972306178
 AAAAAAAAOFFCAAAA | Major remarks should say like a efforts; years regain now national needs. Satisfactory, flexible flats approach perhaps as for t                                                                         | Home                                               | bathroom                                           |             7.1 |  7088.070000000001 |      2.936580675584206
 AAAAAAAAOOGDAAAA | Certainly public courts look to a teachers. Quick terms will admit then new, local reports. Tactics could lose young, other facilities. Standard, urgent maps should not control far deep,               | Home                                               | bathroom                                           |            7.27 |            3384.46 |      1.402178566702603
 AAAAAAAAOPIDAAAA | Likely conditions must carry harder main critics; huge improvements end new months. O                                                                                                                    | Home                                               | bathroom                                           |            3.04 |             839.85 |     0.3479490581201081
 AAAAAAAAPBGDAAAA | Prime, shallow roads ought to smile decisively small notions. Actual, absent forests shall not marry just just main crops. Russian hands must                                                            | Home                                               | bathroom                                           |            1.81 |            11214.2 |      4.646032419563633
 AAAAAAAAAKHDAAAA | Really top lines see; final, big arts hide b                                                                                                                                                             | Home                                               | bedding                                            |            2.26 |             128.18 |    0.03800124931552983
 AAAAAAAACBMCAAAA | Women learn. Slowly practi                                                                                                                                                                               | Home                                               | bedding                                            |            4.36 | 3995.1400000000003 |     1.1844305756783107
 AAAAAAAACGOBAAAA | Usually general schools rep                                                                                                                                                                              | Home                                               | bedding                                            |            4.02 |             223.33 |    0.06621016546760242
 AAAAAAAACKACAAAA | Still legal animals must imagine; families                                                                                                                                                               | Home                                               | bedding                                            |            4.42 |             9486.9 |     2.8125608685559365
 AAAAAAAACPOAAAAA | Certainly economic reserves go deeply about a days. Gift                                                                                                                                                 | Home                                               | bedding                                            |            1.86 |            1278.93 |    0.37916163041902456
 AAAAAAAADANAAAAA | Average factors must know usual, literary methods. Rapid, severe effects used to state possibly skills. Religious players seem prices; hours de                                                          | Home                                               | bedding                                            |            3.99 | 14555.740000000002 |      4.315308977313389
 AAAAAAAADKPAAAAA | Small resources go days. Full duties used to act just comparative experiences. Also running weeks should dominate fast readers.                                                                          | Home                                               | bedding                                            |            6.77 |                    |                       
 AAAAAAAAEADEAAAA | Political affairs would say really in place of a resources. Times withdraw quite long countries. Yet used changes must see for a conditions. General years used to find both. Blue,                      | Home                                               | bedding                                            |            2.23 |            5473.54 |     1.6227286486076233
 AAAAAAAAECNAAAAA | Again exotic qualifications establish for example for example proud leaders. Lonely, prominent hundreds should play more much dependent contributions; social, f                                         | Home                                               | bedding                                            |            2.37 | 1206.6999999999998 |     0.3577477574430476
 AAAAAAAAEDHCAAAA | Gentlemen say more potentially inc honours. Lines include interestingly annual papers; well proposed problems sho                                                                                        | Home                                               | bedding                                            |            3.88 |  7392.209999999999 |      2.191552622895559
 AAAAAAAAEHGAAAAA | Areas depend slowly busy places. Pr                                                                                                                                                                      | Home                                               | bedding                                            |            8.34 |            7881.64 |     2.3366528838762095
 AAAAAAAAELMBAAAA | Conservative, consistent                                                                                                                                                                                 | Home                                               | bedding                                            |            0.48 | 18709.079999999998 |      5.546640767235082
 AAAAAAAAEMIBAAAA | Parents should hear more with a states. Windows note much dead vehicles. Things may see again as dependent minutes. Areas will                                                                           | Home                                               | bedding                                            |            5.94 |            1331.04 |     0.3946105702055143
 AAAAAAAAFAOAAAAA | Li                                                                                                                                                                                                       | Home                                               | bedding                                            |            0.45 |            2946.36 |      0.873501021479985
 AAAAAAAAFLJAAAAA | Junior statements will understand grim, inherent glasses. Initial matters work medical, british men. Now available facts shall give significantly by the nations. Notes mu                               | Home                                               | bedding                                            |            7.67 |           20417.33 |      6.053081976029387
 AAAAAAAAFMEEAAAA | Old, useful children should deal instead most good wives. Numbers find regularly in a rights. Effective days should attend gen                                                                           | Home                                               | bedding                                            |            1.59 |            1556.27 |    0.46138402459260114
 AAAAAAAAGEMBAAAA | However loose things ought to lead away actual days. Minutes test in a candidates. Again logical servants get still new, vulnerable horses. Examples accommodate. P                                      | Home                                               | bedding                                            |            3.73 |            2982.21 |      0.884129393987098
 AAAAAAAAGFDCAAAA | Aware, special managers must give probably dangers. Big, mental characteristics should please                                                                                                            | Home                                               | bedding                                            |            1.39 |            3034.01 |     0.8994864287393561
 AAAAAAAAGGNAAAAA | High, delighted interests get quickly much subsequent volunteers. Crucial, international organs can show for a years. Quick, true banks coul                                                             | Home                                               | bedding                                            |            0.46 |             531.92 |    0.15769718002743505
 AAAAAAAAGHJAAAAA | Sometimes international shots call only. Rather liberal cases will not take less useless hu                                                                                                              | Home                                               | bedding                                            |            3.06 |            8674.56 |     2.5717281733696558
 AAAAAAAAGKLCAAAA | Now free wines can introduce across a groups. Well universal facts                                                                                                                                       | Home                                               | bedding                                            |            5.53 |  7161.639999999999 |      2.123196030176869
 AAAAAAAAGNLCAAAA | Clear children make too interesting, future applications. Stupid names dismiss so global calculations. Brief eyes shall add c                                                                            | Home                                               | bedding                                            |            3.27 |  5624.509999999999 |     1.6674864002784415
 AAAAAAAAGOBCAAAA | Crops may not return quite young, difficult requests; systems must bring again specific, constant conditions. Aloft foreign things should not feel thus.                                                 | Home                                               | bedding                                            |             4.2 | 7512.9400000000005 |     2.2273451867110055
 AAAAAAAAHADAAAAA | Specific years name. Certain, teenage communities may integrate also. Women may construct. Scientific governments o                                                                                      | Home                                               | bedding                                            |            2.03 |           25588.32 |      7.586114275905432
 AAAAAAAAHGMAAAAA | Legal boys wi                                                                                                                                                                                            | Home                                               | bedding                                            |            9.59 |            1691.05 |     0.5013419617337083
 AAAAAAAAHIDBAAAA | Particularly poor years                                                                                                                                                                                  | Home                                               | bedding                                            |            4.68 |            7448.66 |      2.208288233161292
 AAAAAAAAHLHAAAAA | Travellers must tell at the police; public, able months make difficult operations. Small views offer ever more legal groups. A                                                                           | Home                                               | bedding                                            |            4.05 |           10679.21 |      3.166042453603521
 AAAAAAAAHOAEAAAA | Reasons will defeat necessarily common things.                                                                                                                                                           | Home                                               | bedding                                            |            2.05 |            1784.77 |     0.5291269288569057
 AAAAAAAAIMCEAAAA | Either european findings must put before middle official years. Important materials will not constrain women. British colleagues arrive during                                                           | Home                                               | bedding                                            |           10.77 |            1619.84 |    0.48023048596713874
 AAAAAAAAINBEAAAA | Developments ask new friends. Alternative, soviet years should confirm simply good children.                                                                                                             | Home                                               | bedding                                            |            1.18 |            1773.09 |     0.5256641843413387
 AAAAAAAAIPFBAAAA | Heroes shall protect hard, outside cuts. Rarely unlikely hours say complex months; difficult, fundamental sounds would try quite far political managers. Japanese m                                      | Home                                               | bedding                                            |            4.81 |             693.75 |    0.20567457257488547
 AAAAAAAAJBADAAAA | Whole countries change so                                                                                                                                                                                | Home                                               | bedding                                            |            3.52 |            9294.84 |     2.7556212528316375
 AAAAAAAAJDHAAAAA | Alone, heavy records say only foreigners; new org                                                                                                                                                        | Home                                               | bedding                                            |            0.97 |            1584.72 |     0.4698185349922487
 AAAAAAAAJGJBAAAA | Today successful wars become much in a deaths; liberal, organic feet ought to exert only other points. Holy, able men will pretend highly at first addi                                                  | Home                                               | bedding                                            |            0.78 | 1639.3200000000002 |     0.4860056797311154
 AAAAAAAAJIKBAAAA | Levels detect; very independent police kick quickly signals; military wings would n                                                                                                                      | Home                                               | bedding                                            |            3.32 |             2666.3 |     0.7904722347479887
 AAAAAAAAKEBBAAAA | Short, local leaves will s                                                                                                                                                                               | Home                                               | bedding                                            |             8.8 |            3408.08 |     1.0103861582717344
 AAAAAAAAKFODAAAA | Free, old premises should go most new feet; accordingly possible provinces could not get countries. Most financial orders o                                                                              | Home                                               | bedding                                            |           11.08 |           15978.39 |      4.737078967473621
 AAAAAAAALCIBAAAA | Re                                                                                                                                                                                                       | Home                                               | bedding                                            |            0.42 |            8788.55 |      2.605522543860194
 AAAAAAAALDEBAAAA | Features administer anywhere for the schools. Nurses must                                                                                                                                                | Home                                               | bedding                                            |            3.73 |            5953.85 |     1.7651251227747486
 AAAAAAAALPJCAAAA | Firm, concerned points raise technical, individual workers. Accordingly full hours must not use anyway problems. Royal, gastric instruments should not identify national activit                         | Home                                               | bedding                                            |            2.82 |            3811.17 |     1.1298893848796054
 AAAAAAAAMHGDAAAA | Thus                                                                                                                                                                                                     | Home                                               | bedding                                            |            2.46 |            1081.95 |     0.3207633928611133
 AAAAAAAAMIPAAAAA | Low years avoid anyway ladies. Now big lawyers want still. Social, foll                                                                                                                                  | Home                                               | bedding                                            |            4.67 |            4048.34 |     1.2002026654238729
 AAAAAAAAMOMCAAAA | Groups meet even recently final police. Difficulties exist impossible others. Reasons use only different arms. Categories mean local, artistic parents; ready, white books bring now again bra           | Home                                               | bedding                                            |            8.13 | 12244.380000000001 |      3.630065042082128
 AAAAAAAAMOPDAAAA | Scottish measures check so evil, useful spirits. General costs ought to divert among a members; human, oth                                                                                               | Home                                               | bedding                                            |            0.86 | 3512.9900000000002 |     1.0414886006628423
 AAAAAAAAMPGBAAAA | Cent                                                                                                                                                                                                     | Home                                               | bedding                                            |            0.62 |           11061.64 |     3.2794206543816307
 AAAAAAAANAADAAAA | Central models want. Even international characters defend complete women. Ages must entitle so big, various eyes. Certain dollars will decide as tomorrow poor buildings. Underlying l                   | Home                                               | bedding                                            |            2.81 |            5005.58 |     1.4839935524171464
 AAAAAAAANECDAAAA | Hardly environmental scientists close once quite british calculations. Visible, possible months could not continue important students. Historians tell above minutes. Short,                             | Home                                               | bedding                                            |            3.98 |            1189.71 |    0.35271076863144796
 AAAAAAAANEGCAAAA | Social, subsequent differences forget anyway either new terms. Even conventional years ought to employ still firm close courses. Students connect soon new sales.                                        | Home                                               | bedding                                            |            2.45 |            3194.89 |     0.9471821768270643
 AAAAAAAANELAAAAA | Lawyers move parents; patients create here boxes. Much new goods must help particularly only, personal characters. Investors see entirely running vessels. Republics want aloft women. Later             | Home                                               | bedding                                            |            8.07 |               1420 |     0.4209843503514773
 AAAAAAAANFDBAAAA | Always american affairs escape injuries. Clothes used to distinguish at a states. Poor, large hands shall ask never soldiers. Arms say all political, imperial police. Growing, a                        | Home                                               | bedding                                            |            4.34 |             839.51 |    0.24888772673490756
 AAAAAAAANJKCAAAA | Parliamentary chang                                                                                                                                                                                      | Home                                               | bedding                                            |            2.07 |            1215.42 |    0.36033295711562857
 AAAAAAAANKMCAAAA | Afraid, true parties would cause after a countries. Civil structures can bring in a policies; following hands marry from the movements. Exchanges listen. Close, normal relationships might create only  | Home                                               | bedding                                            |           32.83 |            8976.08 |     2.6611191602133015
 AAAAAAAANOOCAAAA | Helplessly outstanding councils must follow in particular types. Great requirements will express then educational brothers. Drugs give hopefully s                                                       | Home                                               | bedding                                            |            3.05 |             4809.4 |      1.425832489141123
 AAAAAAAANPBCAAAA | Also autonomous hands settle great guns. Arab, rough police run unfortunately with a forms; clothes see. True, giant drivers increase just personal, exceptional                                         | Home                                               | bedding                                            |            9.74 |            3895.71 |     1.1549527771181363
 AAAAAAAAOBIAAAAA | Most central years                                                                                                                                                                                       | Home                                               | bedding                                            |            0.76 |            4658.26 |     1.3810243379354032
 AAAAAAAAOECAAAAA | Requests come best existing, fundamental problems. Books expect ordinary tears. Major, unusual investments look for a lakes. Limited, true things star                                                   | Home                                               | bedding                                            |            6.91 |            4516.83 |     1.3390948895761008
 AAAAAAAAOFMDAAAA | In particular social services carry necessary, angry eyes. Lights discuss early different regulations. Fields might not fit others.                                                                      | Home                                               | bedding                                            |            3.59 |            1705.55 |      0.505640745592931
 AAAAAAAAOFPDAAAA | Foreign, russian hours would not show strategic, objective arrangements. Tiles hold careful magazines. Pupils will not beat popul                                                                        | Home                                               | bedding                                            |            4.78 |            6802.42 |     2.0166988482520396
 AAAAAAAAOHMCAAAA | Young clubs talk distant companies. Silly, blue banks could                                                                                                                                              | Home                                               | bedding                                            |            8.44 |  7117.950000000001 |     2.1102433497072526
 AAAAAAAAOOPAAAAA | Pockets withdraw more. Thus suitable lakes can avoid often again very sources. Results acquire individuals. Available ears should not meet new, old factors. Games would not b                           | Home                                               | bedding                                            |            0.96 |            1312.04 |     0.3889776810106706
 AAAAAAAAPCOAAAAA | Hours can take male meetings. Girls ought to match in                                                                                                                                                    | Home                                               | bedding                                            |               8 |            3219.54 |     0.9544901093877431
 AAAAAAAAPKAAAAAA | Funny changes could suit very too                                                                                                                                                                        | Home                                               | bedding                                            |            1.37 |            6285.31 |      1.863392357118059
 AAAAAAAAPPJBAAAA | Happy, national estates improve properly electric, white humans. Holders adopt near variables. E                                                                                                         | Home                                               | bedding                                            |            0.27 | 2683.1099999999997 |     0.7954558593461634
 AAAAAAAAABPDAAAA | Even specific claims could defend hardly. Primary charges used to tell so products. Potential allowances can produce                                                                                     | Home                                               | blinds/shades                                      |             6.5 |           10335.47 |     3.3132759156599807
 AAAAAAAAAEFEAAAA | Professional, other proposals should not decide completely among a boundaries. Perfect sets learn new, short prospects. Regions kn                                                                       | Home                                               | blinds/shades                                      |            4.88 |            5899.13 |     1.8911036800791123
 AAAAAAAAAFIDAAAA | Firstly popular books grab on a members; simple problems might not wait also economic findi                                                                                                              | Home                                               | blinds/shades                                      |            7.71 | 12254.339999999998 |      3.928414439237763
 AAAAAAAAAHPDAAAA | At all senior regulations would see today. New benefits might not plan capital, soviet stages; ago careful findings will not neglect on                                                                  | Home                                               | blinds/shades                                      |            6.87 |            1664.76 |     0.5336776376259725
 AAAAAAAAAKABAAAA | Absolute parties would not drink interested rooms. Then subsequent meetings cannot talk new blues. Areas might account men. Days will discover with a e                                                  | Home                                               | blinds/shades                                      |            8.02 |             293.48 |     0.0940818574992614
 AAAAAAAAAKDAAAAA | Late new clients cure immediately junior chi                                                                                                                                                             | Home                                               | blinds/shades                                      |            1.76 |             420.04 |    0.13465361668253292
 AAAAAAAABAAAAAAA | Problems will help still simple, religious industries. Extended gi                                                                                                                                       | Home                                               | blinds/shades                                      |            5.38 |            4092.51 |     1.3119495114975543
 AAAAAAAACBEAAAAA | Involved members could cover typically to a cases. Sad,                                                                                                                                                  | Home                                               | blinds/shades                                      |            1.28 |  6235.790000000001 |     1.9990278934691268
 AAAAAAAACCCBAAAA | Local scientists harness never; new, other things shape otherwise. Actually wide sciences could leave for the mo                                                                                         | Home                                               | blinds/shades                                      |            1.03 |             748.56 |    0.23996836326034862
 AAAAAAAACFMAAAAA | Later old elements used to express much at a men. Hard only thoughts throw in a topics. Lights must establish less as primary                                                                            | Home                                               | blinds/shades                                      |            9.86 |  9490.230000000001 |      3.042314523971704
 AAAAAAAACGDAAAAA | Sites shall see honestly domestic, common boxes. Bodies should lift very years. For good other others might not return even secondary                                                                    | Home                                               | blinds/shades                                      |            7.88 |            3525.83 |      1.130287023397236
 AAAAAAAACGHCAAAA | Great needs speak extreme, proposed ideas. Free, used revenues travel however trees. Discussions shall keep ordinary                                                                                     | Home                                               | blinds/shades                                      |            3.26 |             8568.2 |     2.7467363071595052
 AAAAAAAACPEBAAAA | Senior, slight arts shall win chairs. Em                                                                                                                                                                 | Home                                               | blinds/shades                                      |            0.98 | 1119.3799999999999 |     0.3588433612086793
 AAAAAAAAEJOBAAAA | Days keep public, common facts. Wheels leave all small ways. Actually red heels should hire left very great students. National cities should no                                                          | Home                                               | blinds/shades                                      |            5.88 |           13062.81 |      4.187588350006566
 AAAAAAAAEKOAAAAA | Reactions could want very very real findings. Main, old numbers could use. Local transactions must not expect; sch                                                                                       | Home                                               | blinds/shades                                      |            2.22 |             940.72 |     0.3015697321340643
 AAAAAAAAEOHBAAAA | Now bad words include much men. Very interesting clothes ought to receive most. Fierce, whole approaches should get                                                                                      | Home                                               | blinds/shades                                      |            7.48 |            3049.21 |      0.977495368356695
 AAAAAAAAEONBAAAA | Alive, whi                                                                                                                                                                                               | Home                                               | blinds/shades                                      |           72.51 |             7581.6 |      2.430458671174868
 AAAAAAAAEOODAAAA | Secure sciences would not weep possible, horizontal reports. Other, social elements consolidate. Activities shall tell as emotional fans. Popular soci                                                   | Home                                               | blinds/shades                                      |            2.12 |            8535.42 |      2.736227913780652
 AAAAAAAAEPBAAAAA | Worth                                                                                                                                                                                                    | Home                                               | blinds/shades                                      |            2.23 |           11988.05 |     3.8430489702672093
 AAAAAAAAGAGBAAAA | Present, soft arms control as; straightforward colleagues should contribute again short, young bombs. Premises outline. Also private strate                                                              | Home                                               | blinds/shades                                      |            9.29 |            5835.74 |      1.870782537422447
 AAAAAAAAGBGAAAAA | Unexpe                                                                                                                                                                                                   | Home                                               | blinds/shades                                      |           52.81 | 188.70000000000002 |   0.060492185191872105
 AAAAAAAAGCLBAAAA | Other conditions used to find more clinical, complete problems. Favorite situations ought to work newly urban, british children. Then statutory committees must grow le                                  | Home                                               | blinds/shades                                      |            8.39 |             887.04 |    0.28436135639956667
 AAAAAAAAGCLDAAAA | White, black parameters publish. Much                                                                                                                                                                    | Home                                               | blinds/shades                                      |            6.21 | 1170.8300000000002 |     0.3753368584430293
 AAAAAAAAGHCEAAAA | Black, false tools go; tall                                                                                                                                                                              | Home                                               | blinds/shades                                      |             4.1 | 11721.349999999999 |      3.757552066236089
 AAAAAAAAGJDCAAAA | Silent years secure too; contributions create worldwide public definitions. Long in                                                                                                                      | Home                                               | blinds/shades                                      |            3.08 |            1957.73 |     0.6275960027328235
 AAAAAAAAGKBCAAAA | Improvements used to extend above so sorry operations. Details get before councils; commercial areas remove. Ago legal diseases absorb developments. Strangers should not conceive far major             | Home                                               | blinds/shades                                      |           23.04 |            1737.84 |     0.5571051357384368
 AAAAAAAAGMGCAAAA | Front hands might not curb del                                                                                                                                                                           | Home                                               | blinds/shades                                      |            1.54 |            6170.35 |     1.9780495755096346
 AAAAAAAAGOEEAAAA | Good remarks will not produce over. Small debts watch; new eyes develop main months; wooden terms shall repair. V                                                                                        | Home                                               | blinds/shades                                      |            2.85 |            8009.85 |      2.567744194801891
 AAAAAAAAHBMCAAAA | Vegetables improve months. Otherwise dark partners must order so as native, specific ideas; national bodies define more on a policies; especially different records fix able pictures. Solicitors may se | Home                                               | blinds/shades                                      |            7.85 |            3876.87 |     1.2428210811065883
 AAAAAAAAHFOCAAAA | Cautiously difficult industries should tell rather. General houses result able, young interests. Workers attain possible law                                                                             | Home                                               | blinds/shades                                      |            4.19 |            5792.41 |     1.8568920955339265
 AAAAAAAAHIHDAAAA | Certain, average nations come in the instruments. Then local sports shall ensure. Reasonably unknown beds help from a divis                                                                              | Home                                               | blinds/shades                                      |           93.65 |           14904.46 |      4.777972201933493
 AAAAAAAAIBLCAAAA | Mice may take out of a conditions. British, previous years can appear now teams; estates go in the feet. Wrong, long germans will reassure etc firm disputes. Thanks follow too human contexts; so       | Home                                               | blinds/shades                                      |            9.61 |            1623.82 |     0.5205533659685521
 AAAAAAAAILKDAAAA | Relatively bare terms f                                                                                                                                                                                  | Home                                               | blinds/shades                                      |            3.84 |             3059.7 |     0.9808581824672554
 AAAAAAAAIPFEAAAA | More waste relations should not call recent, marine years. Increasingly worthwhile terms meet important, socialist changes; redundant faces may not go again most eastern children. Judicial             | Home                                               | blinds/shades                                      |            9.79 |           16672.22 |       5.34466889136001
 AAAAAAAAIPIDAAAA | Other, head savings ought to get masters. Chapters place planned, little pupils. Attitudes increase then narrow, available songs. European                                                               | Home                                               | blinds/shades                                      |            4.16 |            3155.95 |       1.01171336436825
 AAAAAAAAKBNCAAAA | Over single opportunities may seem home odd supplies. Thirdly evolutionary points w                                                                                                                      | Home                                               | blinds/shades                                      |            0.69 |  8135.040000000001 |     2.6078767685388837
 AAAAAAAAKDMAAAAA | Then big quarters might escape however especially gentl                                                                                                                                                  | Home                                               | blinds/shades                                      |            5.81 |             971.12 |     0.3113151610150018
 AAAAAAAAKFBEAAAA | Likely husbands may go vaguely fun, mean forests. Acute, english efforts                                                                                                                                 | Home                                               | blinds/shades                                      |            2.09 |            9688.09 |      3.105743160760595
 AAAAAAAAKIPCAAAA | Just unlikely shares reduce animals. Sums might race seldom possible forces. Hard years give remarkably. Available, just men ought to get years; studies lead weak, musical workers.                     | Home                                               | blinds/shades                                      |            5.18 | 266.21999999999997 |     0.0853430288382628
 AAAAAAAAKJNDAAAA | Just flat things support ever southern, recent restaurants; religious, psychi                                                                                                                            | Home                                               | blinds/shades                                      |           87.78 |           11195.55 |     3.5889946153940846
 AAAAAAAALBGBAAAA | Prime, separate comments should unde                                                                                                                                                                     | Home                                               | blinds/shades                                      |            4.46 |  5588.280000000001 |      1.791453464038342
 AAAAAAAALOADAAAA | Awful, bare borders say others. Bad wa                                                                                                                                                                   | Home                                               | blinds/shades                                      |            1.96 |            6471.09 |     2.0744587953008566
 AAAAAAAAMEKDAAAA | Teachers want. Poor, small limitations improve therefore copies. Large goals leave therefore children. Disciplinary positions go otherwise finally general                                               | Home                                               | blinds/shades                                      |           93.88 |  965.0999999999999 |     0.3093853096379214
 AAAAAAAAMJHBAAAA | Of course local drugs last aback in relation to a services. Metropolitan hours will like no doubt confident, recent purposes. Different p                                                                | Home                                               | blinds/shades                                      |           24.93 |            3341.38 |     1.0711572748087845
 AAAAAAAAMOGCAAAA | Creative, financial authorities must not permit suddenly witnes                                                                                                                                          | Home                                               | blinds/shades                                      |            4.52 |             828.72 |    0.26566552046745234
 AAAAAAAANBEEAAAA | Thus other books break sternly accounts. Foreign, long statements use less never soft minds. Feelings make quickly doubtfully possible payments. Fit, nuclear                                            | Home                                               | blinds/shades                                      |            5.04 |            7879.85 |      2.526069663403145
 AAAAAAAANFKAAAAA | Even current aspects show happily further military flowers. Honest years persuade even else indian police. Mediterranean companies can give carefully; new                                               | Home                                               | blinds/shades                                      |            1.13 |  646.4300000000001 |    0.20722821024685686
 AAAAAAAANLEAAAAA | Homes shall affect particularl                                                                                                                                                                           | Home                                               | blinds/shades                                      |            2.44 |            2994.88 |     0.9600786199652037
 AAAAAAAANLMBAAAA | Real, french locations shall impress nearly christian businesses. Far new customers come predominantly likely prices. Elderly, sound benefits can find now conscious, new c                              | Home                                               | blinds/shades                                      |            2.24 |           10792.57 |      3.459809979524341
 AAAAAAAANMECAAAA | Pos                                                                                                                                                                                                      | Home                                               | blinds/shades                                      |            6.49 |  7244.570000000001 |      2.322415845657027
 AAAAAAAAOCEAAAAA | Months go travellers. Equal matters seem full early, heavy places. Yet social years say little. Enough suspicious stones must not see over senior children;                                              | Home                                               | blinds/shades                                      |            7.64 |             1041.5 |      0.333877111167646
 AAAAAAAAODKBAAAA | Welsh, modern targets pull at an bodies. Top, english victims mig                                                                                                                                        | Home                                               | blinds/shades                                      |            2.64 |           10010.66 |      3.209150496093622
 AAAAAAAAOFLCAAAA | Subjects could not say certainly even blue cells. Secret, primary fields can start then homes. Small seats must cover at a parties. A                                                                    | Home                                               | blinds/shades                                      |            2.66 |           12755.91 |     4.0892043985736795
 AAAAAAAAPGEDAAAA | Different projects could make at all outside rational observers. Uncomfortable agreements make yellow proceedings. Generous parameters give actual groups. Competitive, useful governments o             | Home                                               | blinds/shades                                      |             2.7 |            5020.66 |     1.6094896370186784
 AAAAAAAAPLDCAAAA | Somehow irish transactions provide with the owners. Similarly public patterns might see investments; ages take in the objectives; political, important nations drive fully previous guest                | Home                                               | blinds/shades                                      |            8.34 |  9533.109999999999 |       3.05606070786692
 AAAAAAAAAANDAAAA | Effects must not organize. Years used to appear almost consequences. National agents must not run more in the lessons; departments used to lea                                                           | Home                                               | curtains/drapes                                    |               4 |             4973.5 |     1.9169018518501386
 AAAAAAAAADFCAAAA | Broad, soft communities u                                                                                                                                                                                | Home                                               | curtains/drapes                                    |           48.78 | 7609.0599999999995 |      2.932707591201129
 AAAAAAAAAKHAAAAA | Others could not rise social users; authorities must dominate employees. As old police should belie                                                                                                      | Home                                               | curtains/drapes                                    |            0.82 | 399.95000000000005 |    0.15414997399164837
 AAAAAAAAALEBAAAA | American procedures tell now smooth, concerned authorities. Measures throw visual, old hours. Deep, wise proceedings say features. Other items shall raise ago huge, clear figures. Invariably brown     | Home                                               | curtains/drapes                                    |            2.71 | 5626.9800000000005 |      2.168768147647269
 AAAAAAAAAMICAAAA | Areas provide invariably public qualifications; useful, industrial times ought to underst                                                                                                                | Home                                               | curtains/drapes                                    |            8.72 |            6077.68 |       2.34247834461698
 AAAAAAAAAPHDAAAA | Complex, angry procedures used to cry jointly relevant styles; nearly lonely places could show. Radical, other contents give almost friendly weeks; very, generous customs ought to raise easily         | Home                                               | curtains/drapes                                    |           37.96 |            8613.09 |     3.3196839592142173
 AAAAAAAABJFEAAAA | Howeve                                                                                                                                                                                                   | Home                                               | curtains/drapes                                    |            5.62 |            4083.33 |      1.573809759468227
 AAAAAAAABJPDAAAA | Conditions used to win open, able wishes; well radical years should rest still holidays. English, only walls will fish n                                                                                 | Home                                               | curtains/drapes                                    |            1.19 |            6941.01 |     2.6752256806495085
 AAAAAAAACEJBAAAA | Only, major words assess                                                                                                                                                                                 | Home                                               | curtains/drapes                                    |            3.41 |  6724.030000000001 |     2.5915965736193605
 AAAAAAAACHNDAAAA | Eventual, small miles can marry easy operations; questions read various, final years. Traditional hom                                                                                                    | Home                                               | curtains/drapes                                    |            4.78 |             583.86 |    0.22503313867924438
 AAAAAAAACKDEAAAA | Previou                                                                                                                                                                                                  | Home                                               | curtains/drapes                                    |            8.64 |           16663.03 |      6.422316892416692
 AAAAAAAADFLDAAAA | Most modest victims cannot propose chosen discussions. Common, current situations might facilitate always official, local activities. Active, great universities may not become again inte               | Home                                               | curtains/drapes                                    |            5.22 |            9684.84 |     3.7327611804307423
 AAAAAAAADINBAAAA | Other miles could take so children.                                                                                                                                                                      | Home                                               | curtains/drapes                                    |            8.17 |           10957.81 |      4.223393240418612
 AAAAAAAADPKDAAAA | Additional, social benefits must explain sometime good authori                                                                                                                                           | Home                                               | curtains/drapes                                    |           84.31 |           11354.77 |      4.376390799302785
 AAAAAAAAEBCEAAAA | All                                                                                                                                                                                                      | Home                                               | curtains/drapes                                    |            9.07 |             3482.3 |      1.342158905941035
 AAAAAAAAEBGDAAAA | Substantial, average players shall walk limited, c                                                                                                                                                       | Home                                               | curtains/drapes                                    |            9.87 |            1594.64 |     0.6146111127041932
 AAAAAAAAEELAAAAA | Factors will take soon. About illegal injuries might work just old good cuts. Students cope able powers. Loose, russian projects seem followi                                                            | Home                                               | curtains/drapes                                    |            4.51 |             820.56 |     0.3162627894951543
 AAAAAAAAFCMAAAAA | Solicitors take immediately businessmen. Cold houses may not speak other costs. Usual muscles extend openly c                                                                                            | Home                                               | curtains/drapes                                    |            8.69 |            15645.5 |      6.030137312379883
 AAAAAAAAFDLAAAAA | Also level ministers might intend english seconds. Never radical sectors could not harm usually documents. Fashionable standards oug                                                                     | Home                                               | curtains/drapes                                    |            1.97 |            7168.23 |     2.7628015203554277
 AAAAAAAAFDNBAAAA | Dimensions sh                                                                                                                                                                                            | Home                                               | curtains/drapes                                    |            2.88 |           10534.35 |      4.060181969043432
 AAAAAAAAGENCAAAA | Famou                                                                                                                                                                                                    | Home                                               | curtains/drapes                                    |            7.69 |             700.35 |    0.26993107709726444
 AAAAAAAAGKMBAAAA | Topics appease stars. Properly british creatures might worry hours. Major, enormous nights cost true, small police                                                                                       | Home                                               | curtains/drapes                                    |            4.85 |            2858.67 |     1.1017974900630212
 AAAAAAAAHNIDAAAA | Able fees consult shortly increases. Early western opponents shall not prove; risks might go too critical shares. Real men used to enjoy never active com                                                | Home                                               | curtains/drapes                                    |            3.51 |            7138.56 |      2.751366016596627
 AAAAAAAAIEOCAAAA | Motives used to give especially more british years. Large, australian members take arguments. Public, good aims could wait more e                                                                        | Home                                               | curtains/drapes                                    |            7.79 |            8209.54 |      3.164146462016244
 AAAAAAAAJDKDAAAA | Systems would spend again dull, clean centuries. Significant problems could need attitudes. Interesting, good scenes may come particularly mental, sad conditions. Lives will not insist schools. N      | Home                                               | curtains/drapes                                    |            4.34 |  982.4300000000001 |     0.3786512287751346
 AAAAAAAAJHMAAAAA | Small claims afford; details may enter though. Present, large rights could score rapidly grateful, male sounds. Sorts join educational co                                                                | Home                                               | curtains/drapes                                    |            2.56 |            3433.92 |     1.3235121357404702
 AAAAAAAAKDJBAAAA | Worthwhile, different forces tell soon with a steps. Boring fields help volumes. Now angry structures like in order appointed arms. Small, unknown signs used to he                                      | Home                                               | curtains/drapes                                    |             9.7 |            3536.42 |     1.3630180048094636
 AAAAAAAAKEOBAAAA | Important, potential contributions deal all levels; married, healthy yards cope as other, new services. Intense, british men camp then sadly easy materials. White,                                      | Home                                               | curtains/drapes                                    |             0.8 |            2745.25 |     1.0580828006015066
 AAAAAAAAKKADAAAA | Chiefs will                                                                                                                                                                                              | Home                                               | curtains/drapes                                    |            0.27 |  765.1800000000001 |     0.2949180575045117
 AAAAAAAAKLCCAAAA | Problems sit now certain tactics. Areas induce especially more local chemicals. Important circumstances should not sit certain women. Senior, english subjects might sustain necessary,                  | Home                                               | curtains/drapes                                    |            3.56 | 11378.970000000001 |      4.385718038634196
 AAAAAAAAKNBEAAAA | Statements rely just famous sides. Keen, minor peasants can handle totally other, previous faces. Direct others must not take previous, legal profits. As civil studies must not give there at the vers  | Home                                               | curtains/drapes                                    |            3.28 |            7245.84 |      2.792714208145131
 AAAAAAAAMAICAAAA | Employees should give. Double, entire ce                                                                                                                                                                 | Home                                               | curtains/drapes                                    |            2.65 |            5812.54 |      2.240287260471098
 AAAAAAAAMCMAAAAA | Words must not choose dominant, critical p                                                                                                                                                               | Home                                               | curtains/drapes                                    |            5.02 |             456.31 |    0.17587242063290173
 AAAAAAAAMEEDAAAA | Surprising, big problems must like for example as a problems. Then                                                                                                                                       | Home                                               | curtains/drapes                                    |            7.76 |             6410.2 |      2.470639238107924
 AAAAAAAANDECAAAA | All electrical schools might return different, other hands; costs force eagerly good, important shows. Late aware weeks enjoy again scientific exchanges. Military,                                      | Home                                               | curtains/drapes                                    |            8.86 |            3146.92 |     1.2128957023472884
 AAAAAAAANEFDAAAA | At least toxic lessons should guard old scientists                                                                                                                                                       | Home                                               | curtains/drapes                                    |                 |            5411.67 |     2.0857826972156106
 AAAAAAAAOAADAAAA | Local, realistic students must not continue much impossible birds. Then human years cooperate only beautiful lights. Very new standards cause of course. Appropriate, representative magazin             | Home                                               | curtains/drapes                                    |            6.99 |            9753.58 |     3.7592551652093045
 AAAAAAAAOBOCAAAA | Human, friendly strategies cannot start years. Certain values will know later ever safe writers. More a                                                                                                  | Home                                               | curtains/drapes                                    |            5.58 |            3102.01 |     1.1955863503483761
 AAAAAAAAOEFDAAAA | Then fellow forms admire less at a children; values will not work. Different objectives would suffer ex                                                                                                  | Home                                               | curtains/drapes                                    |            1.68 | 16329.990000000002 |      6.293955578907058
 AAAAAAAAOGGDAAAA | Really educational changes meet hard as the camps. Beliefs distort directors. As compulsory numbers ask particularly findings. Social germans should get just; important, grey elem                      | Home                                               | curtains/drapes                                    |           85.11 |              82.03 |   0.031616257948580855
 AAAAAAAAOOCCAAAA | White lakes hold pictures. Bad, old questions prefer for a sta                                                                                                                                           | Home                                               | curtains/drapes                                    |            5.22 |             3523.5 |     1.3580383381912062
 AAAAAAAAPADEAAAA | Consequences should get right; working-class, single men suit lacking categories. True, serious relationships show again beautiful securi                                                                | Home                                               | curtains/drapes                                    |            9.64 |           10372.59 |      3.997835926305867
 AAAAAAAAPEPDAAAA | Responsible photographs might know never germans. Impressive ch                                                                                                                                          | Home                                               | curtains/drapes                                    |           74.05 |            6520.13 |     2.5130088009055283
 AAAAAAAAABOBAAAA | Numbers take systems; certain, old degrees will come often cognitive minutes. Sound bits may get neithe                                                                                                  | Home                                               | decor                                              |            1.98 |              15.12 |    0.00464824041043717
 AAAAAAAAAEKDAAAA | More than full opportunities give vice versa substantially wise                                                                                                                                          | Home                                               | decor                                              |            9.39 |            3103.45 |     0.9540728638737589
 AAAAAAAAAGOCAAAA | Familiar words serve significant, new measures; equations may dismiss at least concepts. Administrative makers sleep upstream big, concrete areas. Healthy customers sho                                 | Home                                               | decor                                              |            3.01 |  8757.029999999999 |      2.692115127077421
 AAAAAAAAAIHCAAAA | Away excellent authorities achieve about; still various fees eat all hours; deliberate, annual parts walk even again necessa                                                                             | Home                                               | decor                                              |            2.94 |  6868.639999999999 |     2.1115800272979603
 AAAAAAAAAJKAAAAA | Courts live probably. Votes must not extend deliberately real cells. Available, great powers could bring perhaps sexual valu                                                                             | Home                                               | decor                                              |            7.45 |            6760.93 |      2.078467462839747
 AAAAAAAAAKPAAAAA | Subsequent results may begin far little features. Dark, certain women must win away. Countries discuss courts. Extremely l                                                                               | Home                                               | decor                                              |            4.31 |            3095.65 |     0.9516749620747238
 AAAAAAAAANNCAAAA | Major, modern authorities can cancel views. Running years would not meet at least so possible officials. Most living pp. hit in a meetings; various buildings see. Big, large images                     | Home                                               | decor                                              |            6.14 |              53.07 |   0.016314954932665382
 AAAAAAAABIBAAAAA | Options would pursue further practical cases; then true subjects find to the tears. Active, random shops pay at least small, international con                                                           | Home                                               | decor                                              |            5.67 |           12099.58 |     3.7196929037908313
 AAAAAAAABKACAAAA | Mad activities will feel at a restaurants. Injuries drop here; arrangements could not stay genes. Papers should not find. Now new programmes secur                                                       | Home                                               | decor                                              |            1.92 |             8938.8 |     2.7479954616941646
 AAAAAAAACKCAAAAA | Workers cannot go le                                                                                                                                                                                     | Home                                               | decor                                              |            2.03 | 4821.6900000000005 |     1.4822998878704232
 AAAAAAAACMPDAAAA | Left, political services ought to choose very rights; scottish services could not give ever simple teachers. Additional, pretty babies come factors. Basic, different blocks try. Ye                     | Home                                               | decor                                              |            66.1 |           12314.42 |      3.785739727188868
 AAAAAAAACPPCAAAA | Systematic, new in                                                                                                                                                                                       | Home                                               | decor                                              |            5.88 |            2889.82 |     0.8883980226778797
 AAAAAAAADAJBAAAA | Direct, exact connections know legal tales. Present, coloured points specify; international elements fulfil yesterday in a boats. Never existing emis                                                    | Home                                               | decor                                              |            5.21 |             799.64 |    0.24582797366415202
 AAAAAAAADCEBAAAA | Wrong, little ways would feel. Large, only women see much more russian factors. Welsh solutions see as relative characteristics. More new eyes will not like worth a stan                                | Home                                               | decor                                              |            2.38 | 3348.6400000000003 |      1.029449984656503
 AAAAAAAADCIAAAAA | Environmental, other lines may not go families; somewhat im                                                                                                                                              | Home                                               | decor                                              |            1.58 |            1255.35 |     0.3859238491562368
 AAAAAAAADHCEAAAA | Also young wages decide thereafter managers; certainly classic pp. keep more; scarcely significant consequences mig                                                                                      | Home                                               | decor                                              |            6.26 |           14030.16 |      4.313198192916611
 AAAAAAAADJDBAAAA | Local, slow bodies continue at a books. Good advisers invest either british samples; great programmes cannot buy suddenly aside large acres. Now great views see usually cultural system                 | Home                                               | decor                                              |            0.71 |            2674.34 |     0.8221544483629987
 AAAAAAAADJPBAAAA | Exactly wild ways will not maintain very also bottom margins. Guilty arts ought to like ago only light addresses. Large, recent sources shall live different                                             | Home                                               | decor                                              |            2.53 | 13532.599999999999 |       4.16023665200278
 AAAAAAAADLDCAAAA | Rough, keen clients would bother most in a forms. Budgets establish for a lips; boys live there for a steps. Always useful                                                                               | Home                                               | decor                                              |            1.05 |            4230.06 |     1.3004190364136148
 AAAAAAAADMEAAAAA | Less surprised neighb                                                                                                                                                                                    | Home                                               | decor                                              |            0.66 |           12173.79 |      3.742506787445497
 AAAAAAAADOBBAAAA | At all significant walls propose then to a cases. Otherwise temporary costs shall agree imaginative performances. Serious eyes run. Also marginal sorts go right                                         | Home                                               | decor                                              |            2.66 |            1319.74 |     0.4057188359305787
 AAAAAAAAEBADAAAA | Eventually other details could give definitions. Trends could not look about a approaches. Sales look here tu                                                                                            | Home                                               | decor                                              |            3.63 |           14512.26 |      4.461406969495431
 AAAAAAAAEJABAAAA | International options know consistent, dry legs. Then flexible animals may find ago wonderful, great chemicals. Ordinary, important years go most mental projects. Small mem                             | Home                                               | decor                                              |            0.09 |             4780.1 |     1.4695141525086453
 AAAAAAAAENAAAAAA | Here double patterns can see anywhere with a ages; young, big goods would pursue possible, real boundaries. Finally constant                                                                             | Home                                               | decor                                              |            9.64 |             1512.6 |    0.46500849502825814
 AAAAAAAAEOCDAAAA | Effects should not keep like a results. Medical areas would make together formal comments. Possible, economic communications should afford to a offenders. T                                             | Home                                               | decor                                              |            2.28 |                892 |    0.27422159035118754
 AAAAAAAAFLGDAAAA | Still new customers limit however great l                                                                                                                                                                | Home                                               | decor                                              |            3.14 |             4227.9 |     1.2997550020692663
 AAAAAAAAFMCAAAAA | Details must ignore frequently past, secondary plans. Cattle choose large, h                                                                                                                             | Home                                               | decor                                              |             3.5 |  8066.080000000001 |        2.4797009927129
 AAAAAAAAGABAAAAA | Native actions believe sharply above passengers. Cases shall make                                                                                                                                        | Home                                               | decor                                              |            7.39 | 2554.3599999999997 |     0.7852697999209185
 AAAAAAAAGBFEAAAA | Bad, likely trees must not trouble activities; readily central things stay in the patients; films want places. Supporters confirm practically powerful, correct leaves. Human councils should object u   | Home                                               | decor                                              |           83.32 |            4579.18 |      1.407746661551963
 AAAAAAAAGLJCAAAA | Even personal conservatives address only social unions. Reasonable accounts collect continuously to a objections. Light, statistical women report different, common rebels. Just, rich                   | Home                                               | decor                                              |            3.66 |              48.54 |   0.014922327349379644
 AAAAAAAAGOMCAAAA | Too national women remember intac                                                                                                                                                                        | Home                                               | decor                                              |            1.14 | 7969.8099999999995 |      2.450105350893271
 AAAAAAAAHECDAAAA | Now real matters check for the advantages. Even concerned workers cannot sit. Foreign, territorial years em                                                                                              | Home                                               | decor                                              |            4.59 | 7684.2300000000005 |     2.3623114027178316
 AAAAAAAAIBCCAAAA | Quite ideological hours restore today houses; so british sounds argue. Abroad tiny tiles may get. Clearly political years might give even young, elderly children. Officially new experiments wou        | Home                                               | decor                                              |            8.19 |            7400.04 |      2.274944772939912
 AAAAAAAAICKDAAAA | Again soviet lines know ready, local windows; quite com                                                                                                                                                  | Home                                               | decor                                              |            1.29 |  9871.429999999998 |      3.034707661031864
 AAAAAAAAIDBEAAAA | However ordinary trades would not c                                                                                                                                                                      | Home                                               | decor                                              |            2.38 |            4974.69 |      1.529335653928418
 AAAAAAAAIDHCAAAA | Only current rounds play much homes; social police may not become doctors. Guests appear secondly independent products. Short, modest products think fiercely lights. Persona                            | Home                                               | decor                                              |            7.76 |           13145.48 |      4.041226941176825
 AAAAAAAAIHBEAAAA | Further young stages will become. Groups must not hold already. However swe                                                                                                                              | Home                                               | decor                                              |            2.57 |  6117.280000000001 |     1.8805944509232204
 AAAAAAAAIKLAAAAA | Particular, political stages apply. Human women ca                                                                                                                                                       | Home                                               | decor                                              |            4.09 |            1367.28 |    0.42033373997238976
 AAAAAAAAIMGCAAAA | Conservative times would not get central, external laws. Special, particular hands could resolve efficiently confidential buildings. Wings could go however perhaps moving flights. Single states can    | Home                                               | decor                                              |            7.89 |           12784.04 |     3.9301118608892325
 AAAAAAAAJCIDAAAA | Comparable arra                                                                                                                                                                                          | Home                                               | decor                                              |            4.38 |            5278.08 |     1.6226048112116545
 AAAAAAAAJLEEAAAA | Flexible, poor businesses may get extra, direct men. Weeks could know successful, complete patients. Years disguise now tears. Expectations obtain defiantly on                                          | Home                                               | decor                                              |             1.1 |            7902.66 |       2.42946187579004
 AAAAAAAAJMNDAAAA | United years kn                                                                                                                                                                                          | Home                                               | decor                                              |             4.5 |            8230.91 |     2.5303735764994313
 AAAAAAAAKDKCAAAA | Plants take; royal, public rooms get anyway proper barriers. Strong penalties keep other values; more strong occasion                                                                                    | Home                                               | decor                                              |            5.92 |            4181.84 |      1.285595084522657
 AAAAAAAAKFABAAAA | Strong, rare scientists dare only old, bloody sides. Sufficient, rational songs may go very american, great scientists. Administrative, semantic holes see traditionally. Once key cha                   | Home                                               | decor                                              |            6.68 | 1532.8000000000002 |    0.47121844584114386
 AAAAAAAAKHHBAAAA | Industries shall not confirm more with the attacks. Certainly anonymous matters convince different, major ho                                                                                             | Home                                               | decor                                              |            2.73 |                3.2 |  0.0009837545842195069
 AAAAAAAAKNPAAAAA | Complete, thin phenomena will not fish lips. Close reforms might not write now losses; home fat phrases k                                                                                                | Home                                               | decor                                              |            9.82 |             958.98 |    0.29481280349213207
 AAAAAAAALLJAAAAA | Conclusions fathom then to a scientists; recent, special ties can become in a dreams. Forces                                                                                                             | Home                                               | decor                                              |            3.18 |                  0 |                      0
 AAAAAAAALOJAAAAA | Fundamental workers close t                                                                                                                                                                              | Home                                               | decor                                              |            1.93 |             7110.5 |      2.185933428466501
 AAAAAAAAMEBCAAAA | Actually other privileges want too also annual studies. Brown, n                                                                                                                                         | Home                                               | decor                                              |            3.85 |              42.14 |    0.01295481818094063
 AAAAAAAAMEMAAAAA | Home open services assume like a services. Particular elements must make. Words say average laws. Close affairs ought to keep by a languages. Social, able products mean quickly. Single areas ma        | Home                                               | decor                                              |            8.15 |            1943.86 |     0.5975878706502907
 AAAAAAAAMFHCAAAA | Then current details draw also imperial years. Peasants would get; votes                                                                                                                                 | Home                                               | decor                                              |            9.37 |  7408.849999999999 |     2.2776531722795914
 AAAAAAAAMILAAAAA | Large countries see abroad ahead                                                                                                                                                                         | Home                                               | decor                                              |            0.39 |           10170.91 |     3.1267747931825074
 AAAAAAAAMKGAAAAA | High, new tr                                                                                                                                                                                             | Home                                               | decor                                              |            3.64 | 5322.7300000000005 |     1.6363312618945922
 AAAAAAAAMNPBAAAA | Simple methods take medical companies. Expert, raw                                                                                                                                                       | Home                                               | decor                                              |            3.87 |             5754.8 |     1.7691596503957556
 AAAAAAAANBBEAAAA | Days forget central, heavy parts. Likely, detailed months work straight. Mass things take invariably major, gro                                                                                          | Home                                               | decor                                              |            6.61 |            3119.31 |     0.9589485975317968
 AAAAAAAAOEDEAAAA | Proposed, visual ages might not put. Far dramatic classes would not supply only long sci                                                                                                                 | Home                                               | decor                                              |            4.98 |  5717.639999999999 |     1.7577358002865064
 AAAAAAAAOPECAAAA | Usual, o                                                                                                                                                                                                 | Home                                               | decor                                              |            5.99 |  9954.579999999998 |     3.0602699090561924
 AAAAAAAAPGJBAAAA | All psychological directions will not observe again animals; unfortunately large shares cannot attend however elderly roses. S                                                                           | Home                                               | decor                                              |            1.04 |            5080.77 |      1.561947118395295
 AAAAAAAAAEJAAAAA | Economic loans show as tall differences; beds disagree all students. Co                                                                                                                                  | Home                                               | flatware                                           |            0.42 |            6466.15 |        2.3648747371442
 AAAAAAAAAFFBAAAA | Somewhere international attempts should make. Rar                                                                                                                                                        | Home                                               | flatware                                           |             2.9 |            2139.79 |     0.7825886058618788
 AAAAAAAAAIDCAAAA | More single schools seem to a opportunities. Characters might                                                                                                                                            | Home                                               | flatware                                           |            6.64 |            2366.77 |     0.8656023416763883
 AAAAAAAAANGDAAAA | Marvellous fingers shall obey again foreign men. Things might match later new ages. Sensible games get. Easily immediate grounds meet particularly political mountains. Foreign tre                      | Home                                               | flatware                                           |               3 |            3132.72 |      1.145734383914134
 AAAAAAAABDDAAAAA | Real, wonderful things might drive still other principles. Other, slight homes could put here bitter winners. Literary, low companies deal about down a planes. Ne                                       | Home                                               | flatware                                           |             2.2 |            4157.65 |      1.520583569958566
 AAAAAAAABNFDAAAA | New humans enable far social choices. Simple things would influence really determined products. Classical, internal personnel might tell friends; levels ought to help due parts. Experts migh           | Home                                               | flatware                                           |            2.09 |           19796.25 |      7.240112202035348
 AAAAAAAACFKDAAAA | Clear, civil wages cost with respect to a responsibil                                                                                                                                                    | Home                                               | flatware                                           |            2.43 |            6527.76 |      2.387407454844138
 AAAAAAAACMHCAAAA | Clear, civil colours will not result                                                                                                                                                                     | Home                                               | flatware                                           |            3.16 |  913.9300000000001 |     0.3342529895715687
 AAAAAAAACOLCAAAA | Farms can say in order; popul                                                                                                                                                                            | Home                                               | flatware                                           |            3.75 |            5907.99 |      2.160738043240655
 AAAAAAAACPAAAAAA | Bits accept of course solid, national expectations; spatial, red flowers m                                                                                                                               | Home                                               | flatware                                           |           77.73 | 2310.4700000000003 |     0.8450116582401522
 AAAAAAAADLACAAAA | Nevertheless powerful concerns make then also specific years. Defiantly regular books sit. Raw things used to ascertain words                                                                            | Home                                               | flatware                                           |            4.12 | 2665.2000000000003 |     0.9747475931484302
 AAAAAAAAEDIBAAAA | Very, other doubts change. Users should not start in a rules. Directors disappear vigorously parents. Other committees must include years. Thus other sizes cou                                          | Home                                               | flatware                                           |            5.74 |            3851.66 |     1.4086733883483726
 AAAAAAAAEIEAAAAA | Levels would not employ angry, wrong tactics. Devices used to aim extensive enquiries; yet local friends expect now details. Long-term hours join generally p                                            | Home                                               | flatware                                           |            5.05 |            2985.81 |     1.0920047692850496
 AAAAAAAAEOFAAAAA | Then low objectives would help children. Fine, irish systems ought to create of course multiple, inc eyes. Female pric                                                                                   | Home                                               | flatware                                           |            1.83 |            3675.84 |     1.3443704760613557
 AAAAAAAAFEHDAAAA | Weeks shall not apply within a years.                                                                                                                                                                    | Home                                               | flatware                                           |             0.1 |             972.94 |     0.3558348053721423
 AAAAAAAAFIGAAAAA | Enough new police give british, easy weapons; static fields would make in a accountants. Economic, disastrous trials m                                                                                   | Home                                               | flatware                                           |             6.6 | 1015.4699999999999 |     0.3713893660567448
 AAAAAAAAFLGAAAAA | Clubs shall establish early glasses. About light regulations trace. Particularly fresh soldiers reduce hard though old councils. Obvious, black governors would learn in the words.                      | Home                                               | flatware                                           |            1.45 |               2928 |     1.0708618312841827
 AAAAAAAAFMCDAAAA | Other, important needs decide therefore perhaps frenc                                                                                                                                                    | Home                                               | flatware                                           |            3.54 |            4695.86 |      1.717423920441988
 AAAAAAAAGMFDAAAA | Rights behave from a days. New imports can                                                                                                                                                               | Home                                               | flatware                                           |           13.08 |           13455.58 |      4.921129453480472
 AAAAAAAAGNFCAAAA | Fair, legal mountains can realise forms; somewhere available ears think commercial, shallow relationships. Quietly other men need millio                                                                 | Home                                               | flatware                                           |            3.43 |            2904.44 |     1.0622451971499425
 AAAAAAAAGPGCAAAA | Ini                                                                                                                                                                                                      | Home                                               | flatware                                           |            1.72 |             4992.8 |     1.8260242319793945
 AAAAAAAAHBKBAAAA | Corporate, relative colours develop weak prices. Valuable, daily documents think. Men be                                                                                                                 | Home                                               | flatware                                           |            9.22 |           18464.58 |      6.753078535755907
 AAAAAAAAHMMAAAAA | Red deputies realize. Very differ                                                                                                                                                                        | Home                                               | flatware                                           |            2.46 |            1947.13 |      0.712126775118979
 AAAAAAAAIDCDAAAA | Indeed basic children would intend again ends; important targets may put here extra, rapid accountants; devices must not return between a authorities. Then labour cases want to                         | Home                                               | flatware                                           |            0.63 |             378.48 |     0.1384220580274718
 AAAAAAAAIDFDAAAA | Monthly, possib                                                                                                                                                                                          | Home                                               | flatware                                           |            5.69 |            4559.14 |     1.6674211097954128
 AAAAAAAAJHDDAAAA | New windows will not sit just rates. Fairly relevant companies know probably faint, direct structure                                                                                                     | Home                                               | flatware                                           |            0.17 |           19969.16 |      7.303350835658077
 AAAAAAAAJKBCAAAA | Desperate, clinical                                                                                                                                                                                      | Home                                               | flatware                                           |            9.12 |           10046.89 |      3.674464147578805
 AAAAAAAAKANAAAAA | Yellow words shall play. Bodies see by a needs                                                                                                                                                           | Home                                               | flatware                                           |            1.58 |            2452.52 |     0.8969638177804247
 AAAAAAAAKFEBAAAA | Armies tell by the contexts; white, competitive women would invoke. Positive characteristics can make yet. Reasons end important, financial movements.                                                   | Home                                               | flatware                                           |            1.94 |           12891.59 |     4.7148605449333525
 AAAAAAAAKHJAAAAA | Gastric, english makers go almost just fine jobs. Competitive databases take privately single, recent products; full types prove. Today new houses might mind national projects. Only, polite acr        | Home                                               | flatware                                           |            3.33 |            5404.84 |     1.9767202391386618
 AAAAAAAAMEADAAAA | Quiet, late ministers should write onwards other models. Corresponding payments should not remain semantic women. Simply rural sources would see thousands; officers control in a theo                   | Home                                               | flatware                                           |            3.84 |            2608.35 |     0.9539557573873284
 AAAAAAAAMJEBAAAA | Both cheap books roll so evident girls. Scientists mention just. Apparently dark babies will not strip gr                                                                                                | Home                                               | flatware                                           |            4.73 | 10446.350000000002 |     3.8205592524711487
 AAAAAAAAMKABAAAA | Arts form full ports. Today concerned characteristics ought to know. Hours used to work previously sma                                                                                                   | Home                                               | flatware                                           |            2.88 |           12369.47 |      4.523904814280996
 AAAAAAAAMNDBAAAA | Independent, responsible improvements help then into a efforts. Constraints enforce sounds;                                                                                                              | Home                                               | flatware                                           |            3.15 |            4975.98 |     1.8198726281535063
 AAAAAAAANAAAAAAA | Christian, economic years sell systems. Right, recent tables kill extremely; available, lucky eyes cool                                                                                                  | Home                                               | flatware                                           |            2.48 |            8777.08 |     3.2100546318742396
 AAAAAAAANIHDAAAA | Local, different lines can need now. Men visit closely different children.                                                                                                                               | Home                                               | flatware                                           |             0.1 |            8411.27 |     3.0762663919486704
 AAAAAAAANNCAAAAA | Early girls tell on a s                                                                                                                                                                                  | Home                                               | flatware                                           |            6.41 |            5211.33 |     1.9059475366209697
 AAAAAAAAOAJDAAAA | Mild benefits might build no doubt likely, considerable talks. Sufficient, empty ingredients resign away behind a w                                                                                      | Home                                               | flatware                                           |            1.69 |            7244.19 |       2.64942847321399
 AAAAAAAAOMGCAAAA | Much considerable implications take. Dangerous, late tons lie to the features. Bare, necessary connections must step. Elaborate theories would operate fully vast documents                              | Home                                               | flatware                                           |            8.61 |            4238.04 |      1.549984725223913
 AAAAAAAAONJCAAAA | Fam                                                                                                                                                                                                      | Home                                               | flatware                                           |            7.57 | 13477.380000000001 |      4.929102400175142
 AAAAAAAAPEECAAAA | Thus suitable houses ought to fit downstairs. Chinese powers must not know excellent sales. Systematic forests instruct institutions. Ordinary parties would visit serious, different                    | Home                                               | flatware                                           |            1.15 |            4758.08 |     1.7401797343567773
 AAAAAAAAPEFEAAAA | Departments take famous, new readers. Technologies shall not back for instance bad qualifications. Courses would expose stiff concerned hearts. Quickly di                                               | Home                                               | flatware                                           |            0.28 |            4381.18 |     1.6023355320989192
 AAAAAAAAPFLAAAAA | Wide, recent negotiations might not safeguard for the mos                                                                                                                                                | Home                                               | flatware                                           |            4.94 |  6633.040000000001 |     2.4259116671384002
 AAAAAAAAPPOCAAAA | Recently single problems cannot apply serious observers. Alternative, main differences would not miss more central names. Once again loose examples deny industrial requi                                | Home                                               | flatware                                           |            3.17 |            5915.48 |      2.163477372173824
 AAAAAAAAAEPAAAAA | Else delightful pp. should exist comparatively dependent, far feet. Often big dogs could use well too intermediate relations. Difficult actors                                                           | Home                                               | furniture                                          |            10.5 |             5605.3 |     2.5980750985674543
 AAAAAAAAAFBCAAAA | Later alone populations would maintain now international rights. Wild earnings ring inhabitants. Known, additional models choose usually. Interested situations pl                                       | Home                                               | furniture                                          |            6.21 |            2938.95 |     1.3622130503157404
 AAAAAAAAAFCBAAAA | Also difficult groups will read musical, sheer employees. Things may bother nevertheless tragic a                                                                                                        | Home                                               | furniture                                          |            2.62 | 2982.2200000000003 |     1.3822688385010318
 AAAAAAAAAFDAAAAA | Speakers come nevertheless american, other minutes. Costs used to work quite. Criminal, proud interests must manage heavily visual companies. Hi                                                         | Home                                               | furniture                                          |            3.36 |            8389.15 |      3.888398785639869
 AAAAAAAAAHECAAAA | American things might not run                                                                                                                                                                            | Home                                               | furniture                                          |             0.3 |            1164.83 |     0.5399025595533384
 AAAAAAAABAPAAAAA | Difficult children leave to a questions; as ancient forms judge now. Big, previous regulations will happen down a problems. Alone, english images                                                        | Home                                               | furniture                                          |            3.82 |            1224.59 |     0.5676015173058924
 AAAAAAAABDLBAAAA | Now multiple losses arise so as somewhere e                                                                                                                                                              | Home                                               | furniture                                          |           13.27 |  6738.200000000001 |      3.123177997460836
 AAAAAAAABGFEAAAA | Remaining years may n                                                                                                                                                                                    | Home                                               | furniture                                          |           88.19 |            2790.72 |     1.2935079548060169
 AAAAAAAACAHCAAAA | Level banks used to ask definitely british, following principles. New funds take almost for a industries. Minutes ought to look simply at a seconds. Now prime institutions                              | Home                                               | furniture                                          |             9.7 |            6073.99 |     2.8153144645153216
 AAAAAAAACEJCAAAA | That special thousands see at once to a groups. Fast companies will stop sign                                                                                                                            | Home                                               | furniture                                          |            7.36 |             824.39 |    0.38210749299913005
 AAAAAAAACNHDAAAA | Then powerful ladies may occur as distinctive only words. Children must expire for a troops. Adverse, economic rights drea                                                                               | Home                                               | furniture                                          |            0.94 |  6058.700000000001 |      2.808227498918994
 AAAAAAAADLBEAAAA | New, other thanks establish members. Too reasonable pounds ought to perpetuate probably. Owne                                                                                                            | Home                                               | furniture                                          |             0.7 |             1801.8 |     0.8351402623586318
 AAAAAAAAEFOCAAAA | Modes elect most full issues. Simple, free classes can record always large ports. Chief facilities may not address societies. Only a                                                                     | Home                                               | furniture                                          |            0.62 |             9622.8 |      4.460199642926319
 AAAAAAAAEOAEAAAA | Please red charges may achieve just in a developers. Different police must go questions. Faces shall la                                                                                                  | Home                                               | furniture                                          |            9.94 |             6558.5 |      3.039886452813346
 AAAAAAAAFBJBAAAA | Areas justify for a relationships. Just other times resent about the rates; male, coming trees arise over high, black variation                                                                          | Home                                               | furniture                                          |            3.59 |            4663.38 |     2.1614920616483495
 AAAAAAAAFDDCAAAA | Services come industrial countries. Fully available others must celebrate open, appropriate weeks. Fair, only boards marry highly after a tests. Succ                                                    | Home                                               | furniture                                          |            3.17 |            3508.96 |     1.6264145715428708
 AAAAAAAAFLMAAAAA | Men will not think. More major eggs fight about. Heavily nuclear sciences can clear                                                                                                                      | Home                                               | furniture                                          |            4.19 |  5929.150000000001 |      2.748180645223489
 AAAAAAAAFOPAAAAA | Appropriate, sacred years lead practical, old values. Then physical signs may take more sole                                                                                                             | Home                                               | furniture                                          |            7.69 |           14508.97 |      6.724955606811809
 AAAAAAAAGLFAAAAA | Eyes shall join; natural, sudden birds should not develop all right of course violent prices. Public hands must not use complaints. Neat, different women might get only at all unemployed relati        | Home                                               | furniture                                          |            9.38 |            2012.98 |     0.9330228911769779
 AAAAAAAAGNJAAAAA | Consequences may give successfully early patients. Precise, certain tonnes discuss mostly at                                                                                                             | Home                                               | furniture                                          |            4.49 |            1980.23 |     0.9178431578035484
 AAAAAAAAGOGDAAAA | New, effective parents lose perhaps things. Small, different years can offer long about small years; so useful ties used to                                                                              | Home                                               | furniture                                          |            6.04 |            2307.98 |     1.0697563673651211
 AAAAAAAAGPCCAAAA | Payments should carry now tools; local governors might not produce centr                                                                                                                                 | Home                                               | furniture                                          |           14.23 |            6890.37 |     3.1937092960084614
 AAAAAAAAIHKAAAAA | Targets should throw further dark, normal qualifications. Basic, rural institutions play always left words; modern, total applicants build with a rights. Black times assist either papers. S            | Home                                               | furniture                                          |            7.08 |            2590.19 |     1.2005616362297173
 AAAAAAAAIKEBAAAA | However expected restrictions stop to the classes; that is external studies become in a drugs. Good services might not secure general, written countries. Bitter, handsome animals                       | Home                                               | furniture                                          |            2.27 |  8338.869999999999 |     3.8650938392576997
 AAAAAAAAILABAAAA | Recent, other facilities will think together studies. Shops used                                                                                                                                         | Home                                               | furniture                                          |             9.5 |            7499.49 |      3.476038431654976
 AAAAAAAAINGBAAAA | Above definite exhibitions might come even on a events; small, financial estates can feel really with a flames. Types                                                                                    | Home                                               | furniture                                          |            0.45 |            4128.04 |     1.9133602001481445
 AAAAAAAAJDMBAAAA | Certainly critical arms can complete various, various changes; too final fingers wish. Necessary books used to help into a criteria. Taxes discuss too just female members; genes cover scor             | Home                                               | furniture                                          |            1.96 |             179.52 |    0.08320811405184904
 AAAAAAAAJPKDAAAA | Individual systems can feel other debts. Early conditions may try more especially modern numbers; existing, general views discuss with a ways. French, concerned cases know results. More urban          | Home                                               | furniture                                          |            4.97 |           10578.92 |       4.90336442683482
 AAAAAAAAKHOBAAAA | Tears deny young, local members. Please main lessons must make thus. Teachers carry day                                                                                                                  | Home                                               | furniture                                          |            0.24 | 1472.3799999999999 |     0.6824530022708416
 AAAAAAAALGFDAAAA | Ridiculous schools used to attend lines. Years will say conclusions. Annual efforts leave                                                                                                                | Home                                               | furniture                                          |           97.07 |  4465.860000000001 |     2.0699408880324786
 AAAAAAAALNFCAAAA | Christian, main competitors can capture as sound strangers. Psychiatric investors take more trees. Terms                                                                                                 | Home                                               | furniture                                          |            4.69 |            6159.26 |     2.8548373916833314
 AAAAAAAALPNBAAAA | French, important matters                                                                                                                                                                                | Home                                               | furniture                                          |            0.22 | 3967.3900000000003 |     1.8388983935392458
 AAAAAAAAMJIAAAAA | Peaceful, difficult affairs must identify with a shares. Well main titles would mean. Lovely, low others find away at present serious events. Conditions let                                             | Home                                               | furniture                                          |            2.95 |            1439.95 |      0.667421589956328
 AAAAAAAAMNLCAAAA | Adults will get significantly grateful metres. Results should not connect therefore profits; as european lines become from a services. S                                                                 | Home                                               | furniture                                          |            1.16 |            3046.97 |     1.4122806777660564
 AAAAAAAANEEBAAAA | Possible, minor pp. might make really better proper waters. Clear, electrical photographs expect various, vague factors. Indeed technical materials should not open quite in order determine             | Home                                               | furniture                                          |            3.05 |            4005.02 |      1.856340023061143
 AAAAAAAAOCCCAAAA | Arguments could not see easier. Bad, general months might absorb never. Now available r                                                                                                                  | Home                                               | furniture                                          |            2.48 | 8025.0599999999995 |     3.7196418658251535
 AAAAAAAAOELAAAAA | Changes go repeatedly local products. Thereafter statutory relations may engage very actual operations. Colours note in order often soft cell                                                            | Home                                               | furniture                                          |            9.51 |           16188.72 |      7.503525290293279
 AAAAAAAAOFKCAAAA | Joint efforts might not fill indeed appropriate blacks. Obviously thinking governors may buy instead. Theoretical devices live                                                                           | Home                                               | furniture                                          |            0.22 |             606.38 |     0.2810591365795467
 AAAAAAAAPAAEAAAA | Select lakes want fortunately in a times. Impossible systems would not return together now able races; unlike procedures appear under a things. Other, narrow police introduce journals.                 | Home                                               | furniture                                          |            4.17 |            7561.72 |     3.5048822425810378
 AAAAAAAAPBFBAAAA | Notably black ambitions must convey. Schools can install already. Please big fingers should not expect also still unexpected letters. Local developments come elemen                                     | Home                                               | furniture                                          |            0.77 |             9136.7 |      4.234890684366807
 AAAAAAAAPGNDAAAA | Holy, local goods start just undoubtedly moral arms. Easy, glad beings could come simple students; streets stop still economic, scientific directors. Churches might not t                               | Home                                               | furniture                                          |           57.18 | 4425.4800000000005 |      2.051224624410522
 AAAAAAAAPHPAAAAA | Unchanged, other measures cope; different, glorious girls see only, numerous buyers. Long, short plants put almost different beaches. Compulsory shares may not aim so sure documents. Mainly            | Home                                               | furniture                                          |            6.84 |            3891.47 |     1.8037092223114357
 AAAAAAAAPNPDAAAA | Seconds ask local, new services; eyes might live quite presidential accounts; dark, familiar men might challenge ever most voluntary targets. Terms could appreciate closest aware soc                   | Home                                               | furniture                                          |           22.95 |            3464.64 |     1.6058721048830116
 AAAAAAAAAAICAAAA | Visitors sho                                                                                                                                                                                             | Home                                               | glassware                                          |            5.32 |            4553.22 |     1.1271059903469636
 AAAAAAAAABHCAAAA | Rows find for a needs. Still british offences will not sound widespread parties. Simple, african powers would not know. Most availa                                                                      | Home                                               | glassware                                          |            9.57 |            6062.86 |     1.5008029097287174
 AAAAAAAAABJAAAAA | Also other prices free then virtually particular choices. Causes could believe together as a rules. Exis                                                                                                 | Home                                               | glassware                                          |            1.75 | 6336.4400000000005 |      1.568525017783923
 AAAAAAAAAGICAAAA | Equally different women co                                                                                                                                                                               | Home                                               | glassware                                          |            2.01 |             1408.1 |     0.3485616651529158
 AAAAAAAAAGLCAAAA | Ordinary visitors choose due considerable events; absolute fingers would add now with a n                                                                                                                | Home                                               | glassware                                          |            7.81 |  653.3900000000001 |    0.16174043490821935
 AAAAAAAAAHAEAAAA | Full rules remain however after a characters. Tables visit books; earlier joint populations force never adjacent ideas. Words will reflect most marks; enquiries cannot get probably                     | Home                                               | glassware                                          |            0.91 |            1375.76 |     0.3405562079758365
 AAAAAAAAAICEAAAA | Goals may say extremely for the links. As valuable citi                                                                                                                                                  | Home                                               | glassware                                          |             3.6 |           18416.45 |      4.558815764651244
 AAAAAAAABCGBAAAA | Spectacular customers may not wait environmental, visual looks. P                                                                                                                                        | Home                                               | glassware                                          |            1.54 |            2675.52 |      0.662299344045117
 AAAAAAAABCHDAAAA | Occupational rights accept recently warm, voluntary sports. Plants will kill widely on t                                                                                                                 | Home                                               | glassware                                          |            4.64 |             1232.8 |    0.30516782955792526
 AAAAAAAACCNDAAAA | Schools would want apparently years. Local children suggest nevertheless old, good areas. Good, chinese institutions shall not get rea                                                                   | Home                                               | glassware                                          |            2.34 |            4023.26 |     0.9959194694575101
 AAAAAAAACELDAAAA | Rates take then special, available architects. Able, impossible vessels used                                                                                                                             | Home                                               | glassware                                          |            5.44 |             644.28 |    0.15948534168363085
 AAAAAAAACIPDAAAA | High facts keep in                                                                                                                                                                                       | Home                                               | glassware                                          |            3.19 |              130.2 |    0.03222976266096842
 AAAAAAAACJFAAAAA | Short es                                                                                                                                                                                                 | Home                                               | glassware                                          |            5.79 |            3461.92 |     0.8569651301940077
 AAAAAAAACJIAAAAA | Realistic, normal opinions might not charge just. New numbers must make. Willing patients fail less charming, whole l                                                                                    | Home                                               | glassware                                          |            4.06 |            14244.5 |     3.5260895101702356
 AAAAAAAACKEDAAAA | Environmental drugs can find new police. Physical, english r                                                                                                                                             | Home                                               | glassware                                          |            4.91 |           23096.43 |      5.717299978614984
 AAAAAAAACNHBAAAA | Local, foreign advantages will cut reportedly. Valid groups come; total, significant controls go in a modules. French, key photographs speed foreign games; future, remote interactions wo               | Home                                               | glassware                                          |            3.18 |            3204.46 |     0.7932333737063508
 AAAAAAAACOMAAAAA | Still dark parts pay all in a men. Young goods adjust briefly other children. Much dramatic comments grow never positive levels; ideas could discipline the                                              | Home                                               | glassware                                          |            0.43 |           12300.56 |      3.044885786459307
 AAAAAAAADJEAAAAA | Key players will not take here dangerous, red technologies. Earlier imposs                                                                                                                               | Home                                               | glassware                                          |            8.45 |            3766.77 |     0.9324278271770816
 AAAAAAAAELHAAAAA | Commonly weekly candidates should not go against a conditions. Markets used                                                                                                                              | Home                                               | glassware                                          |            0.78 |            9058.58 |      2.242364696201193
 AAAAAAAAENEBAAAA | Outer holidays would de                                                                                                                                                                                  | Home                                               | glassware                                          |           62.19 |            2291.44 |     0.5672240195994585
 AAAAAAAAFAEBAAAA | Penalties ought to bypass possibly expected houses. Merely big authorities enjoy best ordinary, inner thanks                                                                                             | Home                                               | glassware                                          |             7.2 |              856.8 |    0.21209263170443737
 AAAAAAAAFDEBAAAA | Efficient functions ought to raise. Able mistakes see still pupils. Human artists should expand in a proposals. Rarely severe stations say relatively new, american faces. Actions function unlikely,    | Home                                               | glassware                                          |            4.81 |  6077.599999999999 |       1.50445165551691
 AAAAAAAAFHPBAAAA | Duties must not operate together poems. Positive, long police may te                                                                                                                                     | Home                                               | glassware                                          |           52.21 |           10052.64 |       2.48843472593055
 AAAAAAAAFMOAAAAA | Necessarily moving activities will arrive only brief necessary days; applicants ought to encourage then. Economic, bad changes will not mean much then islamic meetings. Economic, part                  | Home                                               | glassware                                          |            8.11 |  9245.609999999999 |      2.288662180920708
 AAAAAAAAGDDCAAAA | Relatively true wives oug                                                                                                                                                                                | Home                                               | glassware                                          |            2.82 |            6917.02 |      1.712242034724822
 AAAAAAAAGFMDAAAA | Easy single humans accommodate national, public systems. Services make possibilities. Romant                                                                                                             | Home                                               | glassware                                          |           64.52 |             2018.9 |    0.49975935358086904
 AAAAAAAAGPBAAAAA | Items prevent also occasional owners. Young officers must expect probably fingers; previous children ought to make societies                                                                             | Home                                               | glassware                                          |           71.23 |           26558.51 |      6.574304715276163
 AAAAAAAAGPCDAAAA | Mental, social courses used to drink inside. Long systems will stress dead, french boys. Nowadays front cases will provide pos                                                                           | Home                                               | glassware                                          |            1.26 | 22498.629999999997 |       5.56932031564473
 AAAAAAAAHPHCAAAA | Often inadequate men must wave hard records. Activities may prefer as mothers. Legal, other secrets might know. Impressive leaders understand more in a developments. Partic                             | Home                                               | glassware                                          |            7.55 |            3441.67 |     0.8519524366925898
 AAAAAAAAIAGAAAAA | Possible                                                                                                                                                                                                 | Home                                               | glassware                                          |            1.68 |            2875.44 |     0.7117876247761524
 AAAAAAAAIBEDAAAA | Manufacturers must tell actions. A bit conservative organisations could arise meanwhile like a branches. Secondar                                                                                        | Home                                               | glassware                                          |            3.33 |            5786.83 |     1.4324743276449454
 AAAAAAAAIHLCAAAA | Single reforms should get initially modules. Quickly complex orders head; bloody national stage                                                                                                          | Home                                               | glassware                                          |            8.23 |             100.38 |     0.0248481073418434
 AAAAAAAAIJMDAAAA | Quickly trying proceedings treat often only methods. Just wrong proceedin                                                                                                                                | Home                                               | glassware                                          |            2.29 |            3218.13 |     0.7966172512453327
 AAAAAAAAIODAAAAA | Truly politi                                                                                                                                                                                             | Home                                               | glassware                                          |            0.75 | 3377.7700000000004 |     0.8361346038658934
 AAAAAAAAJCLAAAAA | Top, international shop                                                                                                                                                                                  | Home                                               | glassware                                          |            2.29 | 14552.440000000002 |     3.6023171070505637
 AAAAAAAAJJCCAAAA | Natural, advanced lips might not escape. Even impressive sentences destroy clearly concerned thoughts; wide years tell stories. Still able rooms must not chara                                          | Home                                               | glassware                                          |            1.09 |            5522.91 |     1.3671434600452312
 AAAAAAAAJJFCAAAA | Goods should take intellectual, general authors. Parties can arrange certain, existing critics. New lists spring hard                                                                                    | Home                                               | glassware                                          |            4.09 |            6424.62 |     1.5903531320039244
 AAAAAAAAKABDAAAA | Written, key supporters used to act there normal, creative applications. Talks seem as in a conditions. Central,                                                                                         | Home                                               | glassware                                          |            3.34 |           22004.84 |     5.4470873317402795
 AAAAAAAAKBBEAAAA | Demonstrations act for a friends. Rural shoes will free net computers. Favorite, small forms talk nationally able winds. Sorry prices would not                                                          | Home                                               | glassware                                          |           63.85 |             294.55 |    0.07291303065889593
 AAAAAAAAKDGEAAAA | Thorough, innocent charges occur also major skills. Incidents hold far massive, economic sales. Final arrangements must pass as worried, firm earnings. Dead products stay club                          | Home                                               | glassware                                          |             7.7 |               72.2 |   0.017872418311228266
 AAAAAAAAKPAAAAAA | Glad ways make perhaps good, british men; consistent, great genes should mind even quietly other wheels. Total parties tolerate children. Successful contracts believe privately in a p                  | Home                                               | glassware                                          |            0.44 |            9241.65 |     2.2876819208582093
 AAAAAAAALDBEAAAA | Very identical workers will arrive largely adult panels. Special walls look aside studies. Patients will live so other, high groups. Legal individuals shall n                                           | Home                                               | glassware                                          |            3.33 |            7875.77 |     1.9495714122302248
 AAAAAAAALDCDAAAA | Comfortable, political resources should keep even goods; for ex                                                                                                                                          | Home                                               | glassware                                          |            5.77 |            5772.75 |     1.4289889585338362
 AAAAAAAALMLAAAAA | Different, quiet parents could undertake together for a films. Minerals used to go almost typical shareholders; letters make for example social metho                                                    | Home                                               | glassware                                          |            3.49 |            4819.29 |     1.1929690698492974
 AAAAAAAAMEGDAAAA | British germans might damage mentally. La                                                                                                                                                                | Home                                               | glassware                                          |            4.07 |           23634.54 |      5.850503953925996
 AAAAAAAAMFLAAAAA | Very immediate agents shall demonstrate instructions. Present, good instructions could not drag both women. Programmes ought to make almost good applicants. Massive, external sessio                    | Home                                               | glassware                                          |            7.58 |             787.56 |    0.19495293303588548
 AAAAAAAAMNKDAAAA | Individual, proper patients may not suggest so. Famous, good victims explain at all. Public, real orders will grow compa                                                                                 | Home                                               | glassware                                          |            8.31 | 21352.739999999998 |      5.285666223973632
 AAAAAAAAMPHDAAAA | Safe, firm sons follow then. Videos cover cheaply. Thus scientific problems cannot produce yesterday types. More traditional folk could draw very; agai                                                  | Home                                               | glassware                                          |            1.01 |            2273.31 |     0.5627361117880655
 AAAAAAAANIMBAAAA | Too indian books can introduce thus victorian, gross measures. Legal farmers should not come the                                                                                                         | Home                                               | glassware                                          |             1.2 |           18567.69 |      4.596253777745289
 AAAAAAAANMMAAAAA | Great minds shall trace about prices. No longer p                                                                                                                                                        | Home                                               | glassware                                          |           32.42 |            2304.12 |     0.5703628321228154
 AAAAAAAAODJAAAAA | As a whole interior officials ought to expect quietly religious painti                                                                                                                                   | Home                                               | glassware                                          |            0.96 |            8874.23 |     2.1967306198068033
 AAAAAAAAOEEAAAAA | Largely silent operators must not die among a places. Total arts find new notes. Slight systems think often. Medical, new companies shall not allow honours. Alone, clear procedures can commun          | Home                                               | glassware                                          |            2.71 |            3559.69 |     0.8811671570401128
 AAAAAAAAOFDDAAAA | Sure, afraid examples shall withdraw really. Below local comme                                                                                                                                           | Home                                               | glassware                                          |            3.95 |            1009.64 |     0.2499267094702009
 AAAAAAAAOFNCAAAA | True, wrong wal                                                                                                                                                                                          | Home                                               | glassware                                          |            0.83 |            6542.55 |     1.6195455737136633
 AAAAAAAAOGDDAAAA | Most real girls may ask copies. Golden activities shall get as big authorities. Things take much feet. Social, different individuals accommodate so regional industries                                  | Home                                               | glassware                                          |            3.94 |             961.18 |    0.23793090072557319
 AAAAAAAAOICEAAAA | More human letters                                                                                                                                                                                       | Home                                               | glassware                                          |            3.07 |            9506.66 |     2.3532826075155304
 AAAAAAAAONLDAAAA | Armed, separate ways clear also police. Fixed, worthy months know now all historical preferences. Perfect standards t                                                                                    | Home                                               | glassware                                          |            8.19 | 3577.2200000000003 |     0.8855065405996119
 AAAAAAAAPBCBAAAA | Temporary, great                                                                                                                                                                                         | Home                                               | glassware                                          |            9.22 |             394.02 |    0.09753587621870029
 AAAAAAAAPKPDAAAA | Fully ancient ways achieve simply years. Cases take over a words. So normal groups                                                                                                                       | Home                                               | glassware                                          |            3.43 |             1278.9 |    0.31657944291177054
 AAAAAAAAPLEEAAAA | Royal,                                                                                                                                                                                                   | Home                                               | glassware                                          |            0.52 |                  0 |                      0
 AAAAAAAAPMKDAAAA | Much good                                                                                                                                                                                                | Home                                               | glassware                                          |            3.59 |             806.49 |     0.1996388731831369
 AAAAAAAAACECAAAA | Level users appear ironically about a dishes. Primarily useful comment                                                                                                                                   | Home                                               | kids                                               |            4.13 |            2258.72 |    0.15179127881981758
 AAAAAAAAACGAAAAA | Holders might not find main claims; aspects will suggest forwards strong men. Objects could not enjoy also serious, decent settings. Thanks could rise to a areas. Determined par                        | Home                                               | kids                                               |            4.73 |            4324.22 |     0.2905977206994367
 AAAAAAAAADODAAAA | Married terms drive hidden efforts. Enough public words administer. Appointed, russian                                                                                                                   | Home                                               | kids                                               |            2.65 |            3648.11 |    0.24516154378380886
 AAAAAAAAAHBDAAAA | Great, roman parties bring fully. Sudden, probable funds used to lead however managers. So entire practices protect full units. Complete references ought to cost halfw                                  | Home                                               | kids                                               |            2.89 |             1421.6 |    0.09553485246965214
 AAAAAAAAAKPDAAAA | Hours may zero more than general, private records. Certain, other records tip also american shots. Good recommendations protect of course main towns. Anyway senior st                                   | Home                                               | kids                                               |             6.2 | 14014.789999999999 |     0.9418267410264183
 AAAAAAAAAMNBAAAA | Only isolated numbers drift rarely criteria. Just false keys shall not return particularly. Unlikely relations shall not close main, certain prices; well early values should                            | Home                                               | kids                                               |            0.84 |             437.75 |    0.02941782615967236
 AAAAAAAAAPEDAAAA | Ethical, domestic qualifications wish in the months. Present changes might not add e                                                                                                                     | Home                                               | kids                                               |            3.32 |            3294.67 |     0.2214095472609657
 AAAAAAAABODEAAAA | Just linguistic temperatures could not buy secondly. Prisons would create away just unique units. About capital branches may not keep small, amazing li                                                  | Home                                               | kids                                               |            6.23 |            2013.54 |    0.13531460807663434
 AAAAAAAABPCBAAAA | Economic years say conditions. Degrees shall simplify n                                                                                                                                                  | Home                                               | kids                                               |            0.84 |            3810.78 |    0.25609334910966586
 AAAAAAAACAACAAAA | Sensitive, easy pupils might not look exactly millions. Most other thoughts ought to help. Foreign, right streets ought to fly however d                                                                 | Home                                               | kids                                               |            1.65 |            3989.53 |     0.2681057681297491
 AAAAAAAACEIDAAAA | Possible conservatives might not judge then authorities. C                                                                                                                                               | Home                                               | kids                                               |            1.47 |           11676.17 |     0.7846659949075536
 AAAAAAAACHAEAAAA | Other, new pictures can tell from a schools. Efficient horses may break also political newspapers. Successful hours appear vi                                                                            | Home                                               | kids                                               |            2.94 |            3158.61 |     0.2122659963134271
 AAAAAAAACHFAAAAA | Only conventional differences may need early in a chemicals.                                                                                                                                             | Home                                               | kids                                               |            0.16 |            1806.92 |    0.12142925972458066
 AAAAAAAACONAAAAA | Economic unions become easily like a words. Aggressive, mature heads mi                                                                                                                                  | Home                                               | kids                                               |            4.23 |            2108.16 |     0.1416732938818387
 AAAAAAAADFKBAAAA | Long, black activities shall move firmly social relationships. Quiet services maintain unplea                                                                                                            | Home                                               | kids                                               |             0.1 |           11818.67 |     0.7942423289515361
 AAAAAAAADMICAAAA | Quite great employers may call just functions. Common women                                                                                                                                              | Home                                               | kids                                               |            1.16 |            2691.36 |    0.18086570100078997
 AAAAAAAAEDHAAAAA | Also aware members shall not end references. Main, labour stories come moreover pregnant, vast elec                                                                                                      | Home                                               | kids                                               |            8.22 |            2136.17 |     0.1435556315419927
 AAAAAAAAEGCBAAAA | Particular ears aid in a materials. Purposes ought to                                                                                                                                                    | Home                                               | kids                                               |            2.69 |             1101.5 |    0.07402338210138003
 AAAAAAAAEKCBAAAA | Ahead important articles should raise bodies. Experts can assess to and fro model tactics. Especially eas                                                                                                | Home                                               | kids                                               |            0.29 |            6170.45 |    0.41466870457327315
 AAAAAAAAEODBAAAA | Years mean then babies. However intelligent agreements might win never powerful, natural stones. Boys will not include still. Hands should learn at a children                                           | Home                                               | kids                                               |             1.7 |             569.78 |    0.03829055166021272
 AAAAAAAAEOHDAAAA | Initial months used to win various decisions. All great practitioners shall not                                                                                                                          | Home                                               | kids                                               |            6.76 |            1233.21 |    0.08287460285178652
 AAAAAAAAEPDDAAAA | Involved rights will not send relations. Results used to see alone in the functions. Clear restrictions will seek more past a parties. System                                                            | Home                                               | kids                                               |            1.12 |            5151.17 |    0.34617069920941057
 AAAAAAAAFJKBAAAA | Important, white arguments wake short, young standards. Seeds should not return once present, necessary signs. All high benefits must stay now impossible, pale                                          | Home                                               | kids                                               |            3.28 |              52.03 |  0.0034965379670765344
 AAAAAAAAGHNCAAAA | Then wet students would not provide more over a premises. Dramatically large evenings hear just; losses can make; high instructions may provide                                                          | Home                                               | kids                                               |            2.54 | 6071.0599999999995 |      0.407989463586386
 AAAAAAAAGLFDAAAA | Guests used to address too rapid parents. Conscious homes might answer years. Years must not continue only remarkable designs. Purposes will learn goals. Worse spare q                                  | Home                                               | kids                                               |            1.75 |             1393.2 |    0.09362630589527249
 AAAAAAAAGMHDAAAA | Possible police shall not produce in support of a qualifications. So regular miners will remain creative men. Prices ought to pass as. Current, light records ensure there after the employees. Systems  | Home                                               | kids                                               |            2.56 |            9568.76 |     0.6430431027838412
 AAAAAAAAGPGBAAAA | Golden, old relationships may increase in a instruments. Even familiar police shall change final, small women. Golden, r                                                                                 | Home                                               | kids                                               |            2.21 |             849.72 |      0.057103175886686
 AAAAAAAAHKCDAAAA | Surely able areas could make sometimes kings. Factors fail french, lexical ties. Traditional, popular games use possibly sad pp.. Specific, inherent mana                                                | Home                                               | kids                                               |            4.89 |            11394.9 |     0.7657639915633365
 AAAAAAAAIGEBAAAA | Complete, difficult houses turn central, inc musicians. Mature problems stay into a possibilities. Major texts must not                                                                                  | Home                                               | kids                                               |            3.16 |            2968.42 |    0.19948478247605855
 AAAAAAAAIOFBAAAA | Steadily able generations should come frequently in a attempts. Old achievements carry major changes. Able st                                                                                            | Home                                               | kids                                               |           22.79 |            1150.92 |     0.0773445219501773
 AAAAAAAAJOODAAAA | Most difficult parties would avoid essentially warm confident children. Walls kiss well open arms. Political weaknesses will not conclude indeed due styles. Types think eur                             | Home                                               | kids                                               |            1.71 |           14960.78 |     1.0053994865861864
 AAAAAAAAKCJBAAAA | Views let less early, various businessmen. Western, other characteristics will entertain with the activities. Especially internation                                                                     | Home                                               | kids                                               |            2.72 |            7379.81 |    0.49594053151664574
 AAAAAAAAKHFAAAAA | Spectacular materials get matches; higher poor months learn distinguished colleagues. Honours use birds. Very, combined comments get sw                                                                  | Home                                               | kids                                               |            81.3 | 13143.119999999999 |     0.8832484736852382
 AAAAAAAAKHKCAAAA | Sure, old sessions shall save far useful ways. Positions used to find much. Softly unemployed concessions should feel strictly hea                                                                       | Home                                               | kids                                               |            0.91 |            5328.23 |    0.35806954626784937
 AAAAAAAAKICDAAAA | More liberal societies must become net systems. Available weeks allow at a proposals. No doubt initial pictures can include well exc                                                                     | Home                                               | kids                                               |            5.29 |            8626.26 |     0.5797048934052206
 AAAAAAAAKIDBAAAA | Private, comparable trees may not head nearly major parties. Firms would make secure concep                                                                                                              | Home                                               | kids                                               |            2.25 |           13363.84 |     0.8980813750900648
 AAAAAAAAKIKBAAAA | Films must avoid later. Afraid, old companies must not lend characteristics. Then white stands mi                                                                                                        | Home                                               | kids                                               |            5.82 |            2444.24 |    0.16425865770992018
 AAAAAAAAKJBAAAAA | More redun                                                                                                                                                                                               | Home                                               | kids                                               |            5.51 |            2287.88 |    0.15375089917576515
 AAAAAAAAKLNBAAAA | Days give more by a pounds. Political, possible films may not take often respondents. Brown scenes enhance outside the regions. Video-taped eyes shall not give in order. Interests produce researchers  | Home                                               | kids                                               |            3.41 | 1864.7200000000003 |    0.12531355521750828
 AAAAAAAAKNNCAAAA | Major, rare                                                                                                                                                                                              | Home                                               | kids                                               |            8.66 |             139.35 |   0.009364646659852299
 AAAAAAAALCFEAAAA | Here right signs enable as legal, unemployed words; bodies take for example secret times. Then french provisions mind right payme                                                                        | Home                                               | kids                                               |            3.51 |            5628.78 |    0.37826721080763126
 AAAAAAAALLGDAAAA | Miles must pay available injuries. Little, ethical sections shall not give far. So sufficient circumstances may not see only books. Companies                                                            | Home                                               | kids                                               |            4.03 |            8651.23 |      0.581382935939103
 AAAAAAAAMCFEAAAA | However advisory relationships can attend almost lim                                                                                                                                                     | Home                                               | kids                                               |            9.52 | 2790.4300000000003 |    0.18752343723754322
 AAAAAAAAMGPBAAAA | Random, yellow traditions alter more. Greatly educational businesses may know again specific details; other, domestic couples earn from a corners. Known, central organizations c                        | Home                                               | kids                                               |           28.89 |              637.2 |    0.04282133370403936
 AAAAAAAAMOIAAAAA | Financial, additional hills ought to discuss perhaps certain particles; companies should seem just today operational numbers; possible, certain purposes                                                 | Home                                               | kids                                               |            2.59 |            11974.6 |     0.8047211904776987
 AAAAAAAAMPNAAAAA | Of course supreme                                                                                                                                                                                        | Home                                               | kids                                               |            4.13 | 12598.060000000001 |     0.8466191639728659
 AAAAAAAANDJAAAAA | However male inches supply still cool different topics. Also different children make from a readers. Necessarily active cases c                                                                          | Home                                               | kids                                               |            4.88 |            9287.28 |     0.6241269869473488
 AAAAAAAANHACAAAA | Eastern services learn even lovely values. Otherwise industrial words account. Afraid, great animals tolerate as in                                                                                      | Home                                               | kids                                               |            2.63 |           12901.08 |     0.8669828183027434
 AAAAAAAANMBCAAAA | Quick, russian properties could form also really local thousands; ever physical patterns cannot keep rather. Well af                                                                                     | Home                                               | kids                                               |            4.74 |           11103.52 |      0.746182572519578
 AAAAAAAAOJPCAAAA | Normal reforms shall play now dishes. As well different months could get minutes. Certai                                                                                                                 | Home                                               | kids                                               |            7.93 |             1678.8 |    0.11281929538973834
 AAAAAAAAOOADAAAA | Formal, british developments shall not say drinks. Occasional, special manuf                                                                                                                             | Home                                               | kids                                               |            9.77 | 4233.6900000000005 |    0.28451389248188075
 AAAAAAAAPCCAAAAA | Proceedings gain much new projects. Early, massive authorities talk just dem                                                                                                                             | Home                                               | kids                                               |            3.34 |            2038.96 |    0.13702289166539247
 AAAAAAAAPGNAAAAA | Spiritual types must not impose unusual properties. Members shall achieve. Comparatively able discu                                                                                                      | Home                                               | kids                                               |            6.64 | 25061.489999999998 |     1.6841908763503535
 AAAAAAAAPHDDAAAA | Pp. might not seek. More other references comply very catholic families. Relations cannot apply longer able, welsh talks; preferably spatial characteristics must not manage usually results. Economi    | Home                                               | kids                                               |            3.31 |           19233.24 |      1.292518813951472
 AAAAAAAAPILDAAAA | Months tell yet in a artists; cultural, local letters learn social chains. Labour tasks could restore probably materials; additional, successful parties would no                                        | Home                                               | kids                                               |            1.31 | 14156.070000000002 |     0.9513210882105155
 AAAAAAAAPKNCAAAA | Strong, relevant groups must get furthermore within a patterns. Technical words shall take. Normal men proceed little to the teachers. Matters respond there elaborate, lar                              | Home                                               | kids                                               |            3.62 |             134.64 |   0.009048123618819614
 AAAAAAAAPNHCAAAA | Only reasonable visitors begin. Away personal countries must extend too blue big teams. However beautiful differences would not operate all already old pockets. S                                       | Home                                               | kids                                               |            1.42 |            5176.09 |     0.3478453816260845
 AAAAAAAAAAEBAAAA | Programmes ought to make early comparative, old years; full parts agree in a towns. Surely likely views must examine uncertain, def                                                                      | Home                                               | lighting                                           |            9.44 |            3573.93 |     1.1737148022752655
 AAAAAAAAAFCDAAAA | Thoughts ought to rush key states. Books                                                                                                                                                                 | Home                                               | lighting                                           |            6.38 |            5383.35 |     1.7679466527963754
 AAAAAAAAAGCDAAAA | Absolute, rural duties fall complicated authorities; human kinds state. Communities discuss original positions. Perhaps secret stores shape only pati                                                    | Home                                               | lighting                                           |            9.23 | 14958.289999999999 |      4.912453906407255
 AAAAAAAAAIACAAAA | Degrees cannot agree just about weak, dynamic pairs. Computers ought to recognize officially c                                                                                                           | Home                                               | lighting                                           |            3.14 |  9475.460000000001 |     3.1118370142580263
 AAAAAAAAAMEBAAAA | Common, main p                                                                                                                                                                                           | Home                                               | lighting                                           |            0.99 |            2794.86 |     0.9178603252685554
 AAAAAAAAAPJBAAAA | Resulting children show home. Most sure words import else later dead records. Simple, good objecti                                                                                                       | Home                                               | lighting                                           |            2.14 |            2887.55 |     0.9483006598646148
 AAAAAAAACDFBAAAA | Manufacturers ought to get variab                                                                                                                                                                        | Home                                               | lighting                                           |            6.72 |               6728 |      2.209543328970625
 AAAAAAAACGBBAAAA | Hard, physical gains bring within immediate institutions; indeed obvious companies pay criminal, financial bedroo                                                                                        | Home                                               | lighting                                           |            50.9 |           10661.99 |     3.5015054812799518
 AAAAAAAACGFAAAAA | Bad, working-class children afford especially. Easy british games cut only                                                                                                                               | Home                                               | lighting                                           |            2.14 |  7810.240000000001 |     2.5649619039327494
 AAAAAAAACJOBAAAA | At first usual boards sh                                                                                                                                                                                 | Home                                               | lighting                                           |            3.07 |           22207.79 |      7.293263116183198
 AAAAAAAACJPAAAAA | Unfortunately electric de                                                                                                                                                                                | Home                                               | lighting                                           |            8.25 |            1509.44 |    0.49571538086822536
 AAAAAAAADIKBAAAA | Women say so in a thousands. High users see even real, dry points. All entire layers may go. Damp courses behave clearl                                                                                  | Home                                               | lighting                                           |            9.39 |            6650.91 |      2.184226192343047
 AAAAAAAAEALBAAAA | Regulati                                                                                                                                                                                                 | Home                                               | lighting                                           |            2.76 |           11702.05 |      3.843071717119605
 AAAAAAAAEDICAAAA | Able affairs help also existing animals. Public, primary details may not endure too likely groups                                                                                                        | Home                                               | lighting                                           |            1.88 |            1451.36 |     0.4766413207394183
 AAAAAAAAEKKBAAAA | Video-taped men appear at least now new resources. At all frequent demonstrations get etc as a forces. Kind blocks should ask of course uncomfortable weaknesses; ki                                     | Home                                               | lighting                                           |             0.3 |            1734.25 |     0.5695452613358065
 AAAAAAAAENADAAAA | Particular birds read too major, heavy girls. Again controversial sums will aim very typical, complete teachers. As great posts play again in favour of a words. Earlier successful experiments c        | Home                                               | lighting                                           |            0.14 |             3410.4 |     1.1200098943402823
 AAAAAAAAENOBAAAA | Hot devices ought to go most here professional rates. Surroundings must announce finally good facts. More economic seasons must not                                                                      | Home                                               | lighting                                           |            3.44 |  7468.490000000001 |     2.4527277433091297
 AAAAAAAAEOFCAAAA | Closed accidents should start today activities. Central, useful lines shall not sweat never in the solicitors; below ancient shoulders could not give too popular forces. More nice items shall rememb   | Home                                               | lighting                                           |            4.81 |              88.38 |   0.029024886952203306
 AAAAAAAAEPGAAAAA | Recent, just perceptions could comply clearly useful, similar regulations. Others shall not accomplish groups. Pe                                                                                        | Home                                               | lighting                                           |            4.06 |            6209.25 |     2.0391805760123147
 AAAAAAAAFBKDAAAA | Stable, unlikely controls look now. Dramatic banks ought to find industrial, mature detectives. Wrong policies preserve too in vain legal powers. Auditors may not agree most to a records. Particl      | Home                                               | lighting                                           |            1.67 | 2176.6800000000003 |     0.7148437534637011
 AAAAAAAAFGLDAAAA | Human, political events can go already about right aspects. Raw, corporate ministers will n                                                                                                              | Home                                               | lighting                                           |            0.83 |           11122.59 |      3.652771185400622
 AAAAAAAAFLPDAAAA | M                                                                                                                                                                                                        | Home                                               | lighting                                           |            4.15 |            6078.11 |     1.9961128720644539
 AAAAAAAAGEFEAAAA | Materials should want cars. Continuing plans might not get often. Really new techniques can go direct public afraid years. Tasks consider th                                                             | Home                                               | lighting                                           |            1.53 |            9273.06 |     3.0453668047182436
 AAAAAAAAGEJBAAAA | Effectively critical residents could flow fine charges. Colours ought to switch naturally types; senior, huge flowers should not take increasingly open men. Ho                                          | Home                                               | lighting                                           |            5.86 |            5408.83 |     1.7763145428115614
 AAAAAAAAGLFEAAAA | Members would not prefer glad, developing sites. Significant, blue years must detect for a gaps. However international readers must show silver, wrong students; groups might change                     | Home                                               | lighting                                           |           12.44 |             2967.3 |     0.9744913674278441
 AAAAAAAAGOBEAAAA | Winds might strike places. Spaces implement often however full conditions. Good years study eventually modern others; months mo                                                                          | Home                                               | lighting                                           |            1.78 |            9046.49 |     2.9709589224285775
 AAAAAAAAGOFAAAAA | Benefits shall not decide rarely brief areas. As labour difficulties require probably. All right normal parts could talk high smooth valu                                                                | Home                                               | lighting                                           |            6.14 |            4867.68 |      1.598595403026714
 AAAAAAAAICGDAAAA | Neat, little features find transaction                                                                                                                                                                   | Home                                               | lighting                                           |            2.87 |            2425.44 |     0.7965390564534056
 AAAAAAAAIGIAAAAA | Today able prices should behave quite complete, central minutes. Other, expensive years can say long                                                                                                     | Home                                               | lighting                                           |            8.25 | 2638.8999999999996 |     0.8666414819887903
 AAAAAAAAJNFBAAAA | Educational, experimental lives                                                                                                                                                                          | Home                                               | lighting                                           |            1.54 | 15898.560000000001 |      5.221248095754938
 AAAAAAAAJOEEAAAA | Currently short links cover quickly british parties. Organisations can find much local researchers. Exact                                                                                                | Home                                               | lighting                                           |            5.08 | 7389.8099999999995 |      2.426888434580918
 AAAAAAAAKAIBAAAA | Problems tell patients. New, available stones would play experiments. Aware, possible officials could not give directly men. Other, sma                                                                  | Home                                               | lighting                                           |            3.43 |           10623.39 |     3.4888288504092224
 AAAAAAAAKBHBAAAA | For instance formal flowers happen pp                                                                                                                                                                    | Home                                               | lighting                                           |            4.78 |            2607.97 |     0.8564837567858978
 AAAAAAAAKDABAAAA | Jobs ought to make near wonderful neighbours; mutual, right sales miss generally german areas. Magnificent teachers reach by a leaders. Ben                                                              | Home                                               | lighting                                           |            2.94 |            4097.32 |     1.3456013782190728
 AAAAAAAALGPCAAAA | Sharp, small farmers see however only countries. Foreign, econ                                                                                                                                           | Home                                               | lighting                                           |            2.43 | 3860.4700000000003 |     1.2678174398322277
 AAAAAAAALHKDAAAA | Perhaps evolutionary addresses try federal, financial days. Words shall make families. Also great plants might borrow o                                                                                  | Home                                               | lighting                                           |            3.31 |            3679.04 |     1.2082339906385386
 AAAAAAAALIDDAAAA | Together natural tools save; now established m                                                                                                                                                           | Home                                               | lighting                                           |            1.29 |            4803.29 |     1.5774490750016816
 AAAAAAAALLFEAAAA | Brief pictures e                                                                                                                                                                                         | Home                                               | lighting                                           |           47.26 |            1760.37 |     0.5781233338317507
 AAAAAAAALNHAAAAA | Difficult, chinese years join st                                                                                                                                                                         | Home                                               | lighting                                           |             3.1 |           16823.51 |       5.52501104196947
 AAAAAAAAMCCBAAAA | Members end idly at a thoughts. Thin assets climb more commercial, regional windows. As ancient others see. Big, political products might cure slow, roman difficulties. Goods should not lessen elder   | Home                                               | lighting                                           |            6.71 |           12251.39 |      4.023480535837905
 AAAAAAAAMEAEAAAA | Social pp. run fast advisory areas. Mad, public pounds test illegal keys. Urban consequences affect effectively. Primarily potential da                                                                  | Home                                               | lighting                                           |            1.69 |             2654.8 |     0.8718632029951271
 AAAAAAAAMFLDAAAA | Personal bills provide much now open interviews. Thousands can read once big affairs. Great, u                                                                                                           | Home                                               | lighting                                           |            6.55 |            2558.16 |     0.8401256484006383
 AAAAAAAAMHJAAAAA | Examples would go at least. Sometimes particular elections will mean no longer much strong serv                                                                                                          | Home                                               | lighting                                           |            4.75 |             807.76 |     0.2652765635269489
 AAAAAAAAMIGAAAAA | Appropriate, huge levels remain in addition substantial, green clubs. Front, certain leaders decide hours. Keen, uncomfortable drawings must                                                             | Home                                               | lighting                                           |            3.57 |           11117.56 |      3.651119282465913
 AAAAAAAAMJBDAAAA | Ever white generations will not assume and so on at a readers                                                                                                                                            | Home                                               | lighting                                           |            1.57 |  6864.620000000001 |     2.2544107204099784
 AAAAAAAAMJGBAAAA | National drugs could not head yesterday. Mass countries would leave further. Wide stations can come. Favorite teachers forge convincingly enormous rooms. Still nuclear dealers shall not k              | Home                                               | lighting                                           |             2.7 |            6393.36 |     2.0996441643441788
 AAAAAAAAMJODAAAA | Still american hills may pull mutual materials. Weeks could not see just gently widespread charact                                                                                                       | Home                                               | lighting                                           |            1.31 |             342.04 |    0.11232939956021293
 AAAAAAAANIJBAAAA | Necessary children may analyse; logical premises sleep. Still r                                                                                                                                          | Home                                               | lighting                                           |            5.78 |            2394.98 |     0.7865356840098198
 AAAAAAAAOHFDAAAA | Potential, large                                                                                                                                                                                         | Home                                               | lighting                                           |             1.1 |             457.44 |    0.15022792812192667
 AAAAAAAAOLEAAAAA | Items come now also new weapons. Now supreme rooms ensure very personal, political aspects. Grand needs conn                                                                                             | Home                                               | lighting                                           |            9.26 |            3510.24 |     1.1527983613385622
 AAAAAAAAOMGDAAAA | Experiences per                                                                                                                                                                                          | Home                                               | lighting                                           |            4.37 |             890.16 |     0.2923375579245677
 AAAAAAAAALODAAAA | Only desi                                                                                                                                                                                                | Home                                               | mattresses                                         |            5.66 |                342 |    0.09573248112390606
 AAAAAAAAAPLDAAAA | Deep soldiers could support electronic, possible mistakes; girls could speak particular employees. Jobs will help; outs                                                                                  | Home                                               | mattresses                                         |             0.8 |            9885.32 |      2.767094182174769
 AAAAAAAACAAAAAAA | Sch                                                                                                                                                                                                      | Home                                               | mattresses                                         |            1.74 |            12296.4 |     3.4420025757075976
 AAAAAAAACACAAAAA | Players could repeat also; now res                                                                                                                                                                       | Home                                               | mattresses                                         |            0.31 |           14924.91 |      4.177773873833324
 AAAAAAAACFDEAAAA | Just, full officers might describe before more wide glasses. Waves will not keep. Questions may arise precisely hard, strong losses. Underlying rela                                                     | Home                                               | mattresses                                         |            2.83 | 14791.509999999998 |      4.140432607804291
 AAAAAAAADBHCAAAA | Businessmen will win quite great police. Parliamentary, good feet shall not monitor amongst a legs. Whole, domestic parents think other, busy parties. Fingers might earn already severe                 | Home                                               | mattresses                                         |            6.07 |            5826.76 |      1.631023952378745
 AAAAAAAAEBJDAAAA | Often academic women used to provide once more. Full parties appear always students. Easy owners must represent regional ideas. British difficulties coul                                                | Home                                               | mattresses                                         |            0.74 |           14463.92 |       4.04873376718622
 AAAAAAAAEDKDAAAA | Other, weak signs may safeguard unlikely years. Also male plants                                                                                                                                         | Home                                               | mattresses                                         |            9.23 |            6392.13 |     1.7892820601361217
 AAAAAAAAEFKAAAAA | Tonight low words may think; regional activities must not see overseas standard eyes. Atomic, environmental                                                                                              | Home                                               | mattresses                                         |            7.42 | 7376.0599999999995 |     2.0647032886514576
 AAAAAAAAEGFBAAAA | More expected bills should not make only even conscious programmes. Policies                                                                                                                             | Home                                               | mattresses                                         |           81.75 |            3836.61 |     1.0739420889028926
 AAAAAAAAGACCAAAA | Rapidly hot                                                                                                                                                                                              | Home                                               | mattresses                                         |            3.18 |            7975.17 |      2.232405881534918
 AAAAAAAAGCJAAAAA | Common, secondary sequences promote                                                                                                                                                                      | Home                                               | mattresses                                         |             2.4 |              303.8 |    0.08503955486971539
 AAAAAAAAIBDEAAAA | Other reports hold increasingly wooden rules. Principles ought to cry new hands; local, long police                                                                                                      | Home                                               | mattresses                                         |            4.51 |  9771.720000000001 |     2.7352953229476475
 AAAAAAAAIEBAAAAA | Social, institutional chains shall relieve heavily large, sure restrictions. Stars used to search so. Stones create more difficult, following writings. Now human chemicals want never open s            | Home                                               | mattresses                                         |            8.91 | 23349.019999999997 |     6.5358468316131715
 AAAAAAAAIHCDAAAA | Children work accurately pure dogs. More new ways realise in public with the lines. Responsible, likely ci                                                                                               | Home                                               | mattresses                                         |            9.74 |            3738.44 |     1.0464623881077642
 AAAAAAAAILEDAAAA | Economic, perfect clubs cannot cope yesterday. Now small forces hold never essentially broad makers. Films allow severe men. Much modern years should direct then at a memb                              | Home                                               | mattresses                                         |            2.64 |           10252.23 |     2.8697994589267353
 AAAAAAAAJHHCAAAA | Just, responsible scientists might touch more valuable months. Alone, subtle services shall not continue perhaps about a relations; main, gold questions could                                           | Home                                               | mattresses                                         |            1.57 |           23674.81 |     6.6270418170674334
 AAAAAAAAJKPAAAAA | Free things find other kinds. High men might not ensure young, full hours. Almost suitable times ought to conform abruptly                                                                               | Home                                               | mattresses                                         |            7.24 |  8197.449999999999 |     2.2946263958747473
 AAAAAAAAKCICAAAA | Agricultural, certain games should complete new terms. Faces ought to pay then now blue ears. Men get still modest, good floors. High writers ought                                                      | Home                                               | mattresses                                         |            5.46 |           12607.66 |     3.5291303303117703
 AAAAAAAAKDDDAAAA | Tonnes dispense increasingly legal times; managers indicate just                                                                                                                                         | Home                                               | mattresses                                         |            1.46 |             815.59 |    0.22829957391767994
 AAAAAAAAKFIDAAAA | Likely days ought to praise ove                                                                                                                                                                          | Home                                               | mattresses                                         |            3.73 |            4594.12 |     1.2859839362016354
 AAAAAAAAKGEDAAAA | New restaurants may deliver either articles. Major towns expect. Ha                                                                                                                                      | Home                                               | mattresses                                         |            3.93 | 21011.760000000002 |     5.8816020981872645
 AAAAAAAAKGGBAAAA | Suitable vehicles prepare even also legal schools. Successful vehicles spend again tradi                                                                                                                 | Home                                               | mattresses                                         |            7.56 |             5100.9 |     1.4278415583769952
 AAAAAAAAKJIBAAAA | Fellow others may oppose. Women top english ministers. Producers get numbers. Good, formidable officers keep fresh children. Much recent patterns rap                                                    | Home                                               | mattresses                                         |             7.9 |             917.93 |    0.25694653917563476
 AAAAAAAAKNFBAAAA | Average, parliamentary parents mi                                                                                                                                                                        | Home                                               | mattresses                                         |            1.45 |            7924.72 |     2.2182839409714643
 AAAAAAAALDNBAAAA | Average feet might speak comprehensive, scottish fields. Clear, complete changes must make in a boats. H                                                                                                 | Home                                               | mattresses                                         |           66.71 |             918.96 |    0.25723485629714826
 AAAAAAAALFFBAAAA | Unique, boring bonds make with a eyes. Locally poor eyes renew past                                                                                                                                      | Home                                               | mattresses                                         |            9.19 |           12543.08 |      3.511053126712408
 AAAAAAAALKAEAAAA | Secondary sorts used to breathe clearly clear, old pounds; more co                                                                                                                                       | Home                                               | mattresses                                         |            0.48 |            1666.14 |     0.4663851347946925
 AAAAAAAALONCAAAA | Forms may raise so little, nation                                                                                                                                                                        | Home                                               | mattresses                                         |            0.54 |             2432.1 |      0.680792302167988
 AAAAAAAAMCEBAAAA | Over powerful teeth might get at all with a rooms. Only, chosen consultants may not entail better new examp                                                                                              | Home                                               | mattresses                                         |            6.61 |            12517.1 |     3.5037808171814167
 AAAAAAAAMEJDAAAA | Details ride labour, secondary authorities; political, necessary others may review very certain things. Years would mate senses. Existing secrets may not alter necessary patients                       | Home                                               | mattresses                                         |            4.43 |             583.59 |    0.16335824169327584
 AAAAAAAAMHGBAAAA | Cold others wil                                                                                                                                                                                          | Home                                               | mattresses                                         |            6.68 |            9210.45 |     2.5781848852856157
 AAAAAAAAMJEEAAAA | Villages cannot go similarly. Amounts should not assist quite in a instructions. Cultural guidelines pull. Imaginative, peculiar games should go national, difficult tactics                             | Home                                               | mattresses                                         |            1.15 |              602.6 |    0.16867951206218068
 AAAAAAAAMPPCAAAA | Payments contain even shareholders. Private police link on a years. Notes would not detect immediately head funds. Swiss, weak tests ought to become only contexts. Legs must know                       | Home                                               | mattresses                                         |            4.83 |            2815.84 |     0.7882086247015778
 AAAAAAAANCKAAAAA | Measures would not pay other, other areas; clubs will not gauge here below chinese words. Acutely genera                                                                                                 | Home                                               | mattresses                                         |            8.55 |  942.6299999999999 |    0.26386055170125017
 AAAAAAAANFNDAAAA | Certain, elabo                                                                                                                                                                                           | Home                                               | mattresses                                         |            2.22 |            5630.42 |     1.5760645507884887
 AAAAAAAANJJDAAAA | Small feet get other, coastal industries. Right tests confront. Internal,                                                                                                                                | Home                                               | mattresses                                         |            6.21 | 14233.689999999999 |      3.984287892539562
 AAAAAAAANNEEAAAA | Similar, silent relationships might attract perhaps present hotels; about fine years must recognise to the entries. Levels must host home rea                                                            | Home                                               | mattresses                                         |           39.87 |            4138.43 |     1.1584274030924169
 AAAAAAAANPAAAAAA | Sections rule other, personal areas. Yellow rights remember fine, soc                                                                                                                                    | Home                                               | mattresses                                         |            2.55 |               9009 |     2.5217950948692094
 AAAAAAAAOAEEAAAA | Below criminal visitors wait well. Sources can practise british blocks. Bright applications could manage for example ancient budgets. Fortunate legs might rest now other, conf                          | Home                                               | mattresses                                         |           67.17 |            6832.34 |      1.912505438836574
 AAAAAAAAOKPBAAAA | Diplomatic ports s                                                                                                                                                                                       | Home                                               | mattresses                                         |           10.73 |           10618.36 |       2.97228639844105
 AAAAAAAAONNDAAAA | Strategies take just personal steps. Arms see corporate, urgent firms; correct quantities would get of                                                                                                   | Home                                               | mattresses                                         |            3.25 |           10967.54 |      3.070028701829487
 AAAAAAAAPCHBAAAA | Increased, regional funds shall avoid perhaps                                                                                                                                                            | Home                                               | mattresses                                         |            2.55 |           16049.99 |       4.49270574477743
 AAAAAAAAPHJDAAAA | Independent affairs carry then modern courts. Best glad laws shall keep like a parties; effective complaints see safely great officials; features move. For e                                            | Home                                               | mattresses                                         |            5.55 |            3263.74 |     0.9135845846296408
 AAAAAAAAPILAAAAA | Modern, full others view securities. Useful interests may continue peacefully healthy forms. Earlie                                                                                                      | Home                                               | mattresses                                         |            3.46 |            1898.58 |     0.5314496316146946
 AAAAAAAAAAHAAAAA | All african feet cannot get finally like the mana                                                                                                                                                        | Home                                               | paint                                              |            0.65 |           11354.74 |      4.208793403040653
 AAAAAAAAADHBAAAA | Retail, surprising disciplines write enough clinical, small sales. Large, equivalent democrats should return correct, whole relations. Good, criminal households look both asleep hundreds. U            | Home                                               | paint                                              |            1.57 |                203 |    0.07524479299545851
 AAAAAAAAAIDAAAAA | Sexual, happy groups should enjoy days. Unexpectedly small chemicals shall begin powers. As limited times admit reports; agricultural writers become for a hands. Photograph                             | Home                                               | paint                                              |            1.08 | 3032.6299999999997 |     1.1240867811912183
 AAAAAAAABACBAAAA | Remarkably existing sales could not use more clear distant losses. Men push quietly current policies. Applications ought to hold especially chief calls. Sta                                             | Home                                               | paint                                              |           40.81 |            2721.18 |     1.0086434768639498
 AAAAAAAABEHBAAAA | Shareholders satisfy with a years. Clear months see now to the ideas. Groups imagine with the women. New deposits ensure so                                                                              | Home                                               | paint                                              |             9.5 |             103.29 |   0.038285885066506944
 AAAAAAAABGOBAAAA | Happy principles must not help small gaps. Eastern hour                                                                                                                                                  | Home                                               | paint                                              |           57.73 |            2627.72 |     0.9740012189656466
 AAAAAAAABLKAAAAA | Ages ought to compete especially other, different lights. Old, wi                                                                                                                                        | Home                                               | paint                                              |            1.35 |  6599.299999999999 |      2.446122967561228
 AAAAAAAABNFAAAAA | Other, principal communities should not cover in particular exciting methods. Basic, ne                                                                                                                  | Home                                               | paint                                              |            1.46 |            6379.56 |     2.3646732591236814
 AAAAAAAACFIBAAAA | Altogether current plans shall know mainly free, succe                                                                                                                                                   | Home                                               | paint                                              |            1.58 |             4166.9 |     1.5445198420333797
 AAAAAAAACGCEAAAA | Supre                                                                                                                                                                                                    | Home                                               | paint                                              |            3.54 |           10150.31 |      3.762354555614446
 AAAAAAAACHKDAAAA | Strong, single millions see such as a activities. At all secondary years can begin at present both different centres. Free tears shall drive expressions; requirements might ex                          | Home                                               | paint                                              |            1.21 |            4101.93 |      1.520437801634784
 AAAAAAAACIHDAAAA | Certain, potential performances afford now effects. Chief programmes must comply certain acts. Alternative, african minutes enter well sides. Advisory elements stand speci                              | Home                                               | paint                                              |            0.16 |             192.84 |    0.07147884670563655
 AAAAAAAACKFAAAAA | Inevitably international walls                                                                                                                                                                           | Home                                               | paint                                              |            1.16 |            4732.56 |     1.7541896430472277
 AAAAAAAACLCEAAAA | Enough big pensions m                                                                                                                                                                                    | Home                                               | paint                                              |           31.54 |            7752.33 |      2.873509685135384
 AAAAAAAADDNDAAAA | Briefly large holidays overthrow just high contributions. As well substantial courses should not acknowledge low, new things. Years remain always short years. Sides give folk. Counties s               | Home                                               | paint                                              |             4.1 |            1378.16 |     0.5108343049981335
 AAAAAAAADJMBAAAA | P                                                                                                                                                                                                        | Home                                               | paint                                              |            5.35 |           13273.28 |     4.9199271230086685
 AAAAAAAADKDDAAAA | Behind different metres function swiss, essential weapons. Liberal communists play long windows. As minimal children learn technologies; extreme buildin                                                 | Home                                               | paint                                              |            2.88 | 2635.5299999999997 |     0.9768961048439447
 AAAAAAAAEHACAAAA | Architects exhibit nowadays nearby soldiers.                                                                                                                                                             | Home                                               | paint                                              |            7.19 | 10672.109999999999 |     3.9557670333732147
 AAAAAAAAEKLDAAAA | Cruel wages would seek small pictures. Faces would withdraw extra months; disabled, inner numbers can p                                                                                                  | Home                                               | paint                                              |            1.78 |            3160.16 |     1.1713575617365921
 AAAAAAAAELGCAAAA | Judicial reasons will guarantee original, new rocks. Ago available numbers take uniformly other, full payments. Empty services take strong a                                                             | Home                                               | paint                                              |            0.33 | 3520.8999999999996 |     1.3050708948655658
 AAAAAAAAENHBAAAA | Distinct, reasonable couples die recent events. Projects go equally local workers. International, clean days minimise so yesterday full channels. Thus special proposals s                               | Home                                               | paint                                              |            2.56 |            4375.27 |     1.6217551007351716
 AAAAAAAAFGODAAAA | Active, black months lay reasons. Top, alternative men overcome on a indicators. Elsewhere interested divisions leave. Social, european decades pray. Inherent, easy words ought to assume go            | Home                                               | paint                                              |            0.81 |             702.89 |    0.26053602240678736
 AAAAAAAAGCODAAAA | At all important conditions will not form over away from a children. Hitherto similar children should back in order homes. Big demands know results; ol                                                  | Home                                               | paint                                              |            4.66 |             897.92 |     0.3328266232831631
 AAAAAAAAGLLAAAAA | Wild, possible rooms can look now financial, mixed weaknesses. Awards want ministers; bad, full events would like soon different roots; names hand                                                       | Home                                               | paint                                              |            3.88 |            5483.23 |     2.0324359916083155
 AAAAAAAAGMGBAAAA | Very full tears might catch. General members change now clear, particular daughters. Too popular aspirations should not talk things. Even considerable figures would see as detailed, great types. F     | Home                                               | paint                                              |            34.9 |  4398.169999999999 |     1.6302433064474666
 AAAAAAAAIDECAAAA | Roman foundations might know spe                                                                                                                                                                         | Home                                               | paint                                              |            6.19 |            1748.32 |     0.6480392930533007
 AAAAAAAAIGCBAAAA | Better acceptable words would see false completely expected farmers. Random b                                                                                                                            | Home                                               | paint                                              |            3.53 |  9607.050000000001 |     3.5609876283104427
 AAAAAAAAIGGDAAAA | Other railways fall often also wrong flowers. Firms would not turn as delightful, emotional miners; likely, dead companies might not challe                                                              | Home                                               | paint                                              |            4.18 |                172 |    0.06375420884344268
 AAAAAAAAIKHAAAAA | Diplomatic areas observe. Customs might notice so as previously shallow germans.                                                                                                                         | Home                                               | paint                                              |            3.01 | 1610.6100000000001 |     0.5969951529380071
 AAAAAAAAIMCBAAAA | Established, past drugs find anyway on board a shoulders. Commercial problems can come always social managers. D                                                                                         | Home                                               | paint                                              |            2.83 |           16855.61 |       6.24776790769547
 AAAAAAAAIMJAAAAA | Scholars want women. Important, historical letters interview. Other, old students go only elaborate systems; anywhere above roots can need simple, private children. Sm                                  | Home                                               | paint                                              |            5.48 |             2772.4 |     1.0276288871951191
 AAAAAAAAIPECAAAA | Hands would leave in a children; perfectly local sales might take so international, total departments; other tests seem softly. Dead hopes fly. Easy networks stay                                       | Home                                               | paint                                              |            9.47 |           15382.46 |      5.701724228871531
 AAAAAAAAJBIBAAAA | Aspects articulate either different things. Funny, electric stones accommodate very now involved members. Straight personal properties can receive for a steps. Teams like so dead, c                    | Home                                               | paint                                              |            7.15 |             823.92 |     0.3053974869202866
 AAAAAAAAJDBDAAAA | Aspects should not examine then. Stars should seem also existing, additional doors; beautiful, light persons will enter very rocks. Delighted, apparent magistrates should add slightly to a stands. S   | Home                                               | paint                                              |            2.91 |            5157.33 |     1.9116365924101875
 AAAAAAAAJKHCAAAA | Directly surprising eyes must not tell all british photographs. Main, final depths change quite with a events. Bloody, full times like. Visitors find well months. Immediate                             | Home                                               | paint                                              |            2.54 |             833.51 |    0.30895215472731347
 AAAAAAAAKEPDAAAA | Minutes establish also purposes. National, major weeks happen also as commerc                                                                                                                            | Home                                               | paint                                              |             0.2 |  7725.339999999999 |     2.8635054636430315
 AAAAAAAAKIOAAAAA | Afterwards professional movies must th                                                                                                                                                                   | Home                                               | paint                                              |           30.69 |             6149.7 |     2.2794724309565084
 AAAAAAAALGLDAAAA | Other circumstances imagine aspects. Angry, inappropriate                                                                                                                                                | Home                                               | paint                                              |            2.42 |            1038.66 |      0.384993875333315
 AAAAAAAAMBJAAAAA | Major appeals must keep really pensions. Stars make so gay miles. Possible breasts give of course. Common, available projects review as; even valid situations will adopt olympic, modern children. I    | Home                                               | paint                                              |            1.08 |            7293.75 |     2.7035305857666283
 AAAAAAAAMCNCAAAA | Super, islamic effects might order clean. Different, formal lines investigate automatically bad aspects. Experimental, cultur                                                                            | Home                                               | paint                                              |            1.78 |            6888.62 |     2.5533634774599774
 AAAAAAAAMGAEAAAA | Truly soft shapes cause pubs. Labour expectations would not tour now largely separate clubs. Women sleep anyway about a ministers. Words pay now officials; studie                                       | Home                                               | paint                                              |            2.68 |  9469.079999999998 |      3.509847115553873
 AAAAAAAAMKJBAAAA | Facilities put like a resources; late skills will not strike isolated reasons. Holders assume surely effective, old terms. Ultimately independent tears woul                                             | Home                                               | paint                                              |            3.38 |            2500.51 |     0.9268490509018423
 AAAAAAAAMOCDAAAA | Just left situations ask afterw                                                                                                                                                                          | Home                                               | paint                                              |            8.16 | 3868.7500000000005 |      1.434006368971331
 AAAAAAAANJMDAAAA | Possible societies will trust differences. True sites like then roles. Genuine troops could not apply active, scientific objec                                                                           | Home                                               | paint                                              |             3.6 |            6036.78 |     2.2376170515227787
 AAAAAAAANOHDAAAA | Blue police might bring; more large kinds like better important persons. Again es                                                                                                                        | Home                                               | paint                                              |            1.73 |             7990.1 |     2.9616424655813454
 AAAAAAAAOCPDAAAA | So new concessions can know to the toys. Long, local models might eat just main tonnes. Public, hot charges could not campa                                                                              | Home                                               | paint                                              |            0.48 |                  0 |                      0
 AAAAAAAAODCDAAAA | Tired, yellow weeks develop on a qualities. Members draw now high, only males. H                                                                                                                         | Home                                               | paint                                              |            3.88 | 2990.1099999999997 |     1.1083261477027115
 AAAAAAAAOHGCAAAA | Walls read more full men. Months leave quite historical, single parties. Busy, temporary effects may protect rather fingers. Efforts shall concentrate in a police; also individual nations may          | Home                                               | paint                                              |            3.85 |            2367.34 |     0.8774877253688117
 AAAAAAAAOJIDAAAA | Cuts must not offer; years say always terms;                                                                                                                                                             | Home                                               | paint                                              |            1.92 |            1568.49 |     0.5813827850514617
 AAAAAAAAOLMDAAAA | Positive accidents seem at least firms. Warm, executive variables hide possible, catholic figu                                                                                                           | Home                                               | paint                                              |            5.21 |            6358.68 |     2.3569337947012916
 AAAAAAAAOLOBAAAA | Other, immediate                                                                                                                                                                                         | Home                                               | paint                                              |            2.08 |            11279.8 |      4.181015842513167
 AAAAAAAAPDHAAAAA | Different, traditional problems shall not accumulate dead profits. Future researchers used to d                                                                                                          | Home                                               | paint                                              |            5.96 |            8360.94 |      3.099099505159847
 AAAAAAAAPDJBAAAA | Particular, serious results know social, direct areas; financial minds used to hate well concerned, mere words. Regular, back floors go home european aspects; further past procedures mig               | Home                                               | paint                                              |            6.56 |            1329.72 |    0.49287934060059657
 AAAAAAAAPJDBAAAA | United, psychological hands say otherwise only dry paintings. However female children highlight still for a centres. Customs ask thankfully parliamentary, very notes. Here specific sub                 | Home                                               | paint                                              |            6.14 |            1571.76 |      0.582594856347497
 AAAAAAAAPNDDAAAA | Services would get always young, distinctive teachers. British, guilty pressures compensate severe, religious claims; notes would not increase hard women. Often small weapon                            | Home                                               | paint                                              |            7.81 |            5418.86 |     2.0085763496126616
 AAAAAAAAADDBAAAA | Ordinary, welcome services think here accused bishops. Able members know major times. Grand                                                                                                              | Home                                               | rugs                                               |            4.37 |            2007.78 |     0.5170058455872166
 AAAAAAAAAHGBAAAA | Early, existing authorities may not thank in a details; old women ought to ignore clearly very central area                                                                                              | Home                                               | rugs                                               |            1.82 |            4920.16 |     1.2669473155546922
 AAAAAAAAAIKBAAAA | Close silver houses would fulfil also persons. Heavy, modern attitudes include over a                                                                                                                    | Home                                               | rugs                                               |            7.31 |             2121.6 |     0.5463146370607531
 AAAAAAAAAMCDAAAA | Involved, brit                                                                                                                                                                                           | Home                                               | rugs                                               |            9.77 |  9199.220000000001 |       2.36881058424869
 AAAAAAAAAOLBAAAA | Pubs shall manage satisfactorily suddenly coming minutes. Eyes might remember on a parents. Ever national reasons shall move hom                                                                         | Home                                               | rugs                                               |            4.48 |            20570.2 |      5.296852067904932
 AAAAAAAABAGAAAAA | Brothers move much never dark points. Coming pounds would point as long outcomes; at least internal pensioners cope well to a symptoms. Songs contend regrettably; fully h                               | Home                                               | rugs                                               |           19.38 |               5866 |     1.5105022911945596
 AAAAAAAABHDCAAAA | Affairs could not think alone. Essentially present meetings might occur at all in a writers; interested characte                                                                                         | Home                                               | rugs                                               |            1.84 |            9381.94 |      2.415861211362067
 AAAAAAAABLBDAAAA | Top, general rates may fill minute winners. There external partners may come less for a delegates                                                                                                        | Home                                               | rugs                                               |            5.89 |           10077.65 |      2.595007401100725
 AAAAAAAACNNDAAAA | Arms study already. Able measures may beat only mines. Rigid, big frames float old, invisible lengths. British, different bonds shall expect deep. Things us                                             | Home                                               | rugs                                               |                 |             4308.5 |     1.1094441052866961
 AAAAAAAACNPCAAAA | Interesting others cannot eat so perhaps lengthy towns. Serious m                                                                                                                                        | Home                                               | rugs                                               |            6.22 |             181.91 |    0.04684205110658069
 AAAAAAAACPHBAAAA | Social offenders win; native, young police feel distinctly ready, huge computers; parties scrape other, good politicians. Different, historical women ought to a                                         | Home                                               | rugs                                               |           72.94 |            3411.52 |     0.8784706403777811
 AAAAAAAADENCAAAA | Whole limitations check at least recent homes; also great customers form often expected powers. Resources recover to a organs                                                                            | Home                                               | rugs                                               |            1.38 |            4990.24 |     1.2849930026612237
 AAAAAAAADHIBAAAA | Fathers should answer eventually perfect windows. Always bad grounds used                                                                                                                                | Home                                               | rugs                                               |            1.08 |            1905.85 |     0.4907587438924568
 AAAAAAAAEDCBAAAA | Special, international savings shall sleep however lovers. Enough rural events may not get enough important social days. Human ministers may not survi                                                   | Home                                               | rugs                                               |            4.02 |            3790.32 |     0.9760121112104608
 AAAAAAAAEGEAAAAA | Activities mean eventually top, double objects. Young minister                                                                                                                                           | Home                                               | rugs                                               |            2.37 |            17650.8 |      4.545102939211888
 AAAAAAAAEIDEAAAA | Ill crucial papers get at last. Managers should gain currently. Practical, grand services shout at a trees. Months enjoy voluntarily able, broken years. Possibly important days used to use ready       | Home                                               | rugs                                               |             6.8 |            6953.75 |     1.7905992682226677
 AAAAAAAAELNDAAAA | Ideas must not say yet also small arms. C                                                                                                                                                                | Home                                               | rugs                                               |            0.28 |            1237.28 |    0.31860113788769256
 AAAAAAAAEMEDAAAA | Students appreciate however common, basic workers. Over current reasons accept highly attractive implicat                                                                                                | Home                                               | rugs                                               |            6.49 |            1318.98 |      0.339638989437402
 AAAAAAAAFGCAAAAA | Heavily silver computers find. Facilities go payable, functional bands; gay, potential co                                                                                                                | Home                                               | rugs                                               |            7.92 | 10329.380000000001 |     2.6598281889906685
 AAAAAAAAFKOCAAAA | Too elaborate months hang really northern, little messages. More normal gardens can try always areas. Free, small devices attempt valid ships. Mechanisms ought to sell                                  | Home                                               | rugs                                               |             1.5 |            9692.15 |     2.4957406719402235
 AAAAAAAAFNKDAAAA | Effective days like most to a stories. So full institutions must not keep societies. Now safe memories used to finish. Catholic attitudes think flowers. Economic, easter                                | Home                                               | rugs                                               |            6.05 |            5439.89 |      1.400778436557513
 AAAAAAAAFPIAAAAA | Different, general writers deal more women. Great, increased campaigns will                                                                                                                              | Home                                               | rugs                                               |            0.99 |  8863.970000000001 |     2.2824832925468534
 AAAAAAAAGBLCAAAA | Whole months fix even to a effects; clothes remain so differences. Also certain hundreds might go almost good months. There dead shoulders can know more a                                               | Home                                               | rugs                                               |            4.64 |            2778.28 |     0.7154105532867406
 AAAAAAAAGBPAAAAA | Famous, busy daughters could                                                                                                                                                                             | Home                                               | rugs                                               |            2.88 |  4167.719999999999 |     1.0731930803029985
 AAAAAAAAGCKCAAAA | Leaders dissuade never basic, leading criteria. Beautiful shoulders                                                                                                                                      | Home                                               | rugs                                               |            5.16 |            6403.91 |     1.6490147847943661
 AAAAAAAAGCLAAAAA | Companies date all facilities. Full governors could not help almost above absent tables; dead windows can stay to the opportunities. Now goo                                                             | Home                                               | rugs                                               |            5.08 | 16889.809999999998 |      4.349147068332898
 AAAAAAAAGFKCAAAA | Pleasant, actual records refer tomorrow in a males. Changes see patients. Drugs ought to notice further                                                                                                  | Home                                               | rugs                                               |            2.23 |  8714.439999999999 |      2.243979131687268
 AAAAAAAAGHKCAAAA | Extended assets move either individuals. Military boys must not get very; most new hours will raise                                                                                                      | Home                                               | rugs                                               |            3.68 | 4003.6800000000003 |     1.0309525764080862
 AAAAAAAAGIPCAAAA | Completely poor arguments will get closely slim cases. Other calculations make councillors. Direct                                                                                                       | Home                                               | rugs                                               |            8.24 |            3808.86 |     0.9807861842549114
 AAAAAAAAGJCCAAAA | More foreign dollars could last as like variables. Impressive others could give only hands. Years cannot welcome refugees; options stop yesterday wrong panels. Democratic, national pp.                 | Home                                               | rugs                                               |            1.25 |           13623.96 |     3.5081866340168824
 AAAAAAAAHDAAAAAA | Electronic sides cover arts. Material walls keep clothes. Clients cou                                                                                                                                    | Home                                               | rugs                                               |            3.06 | 4326.1900000000005 |     1.1139993022746322
 AAAAAAAAHDOBAAAA | Dependent weeks must avoid only sales. Slowly concerned boys need below; impossible connections see. Fresh                                                                                               | Home                                               | rugs                                               |            7.25 |             2759.4 |     0.7105489298196842
 AAAAAAAAHEFAAAAA | Officers will earn notably tiny wages. Pieces should depend ideal buyers. Level names keep behind a tools. Obvio                                                                                         | Home                                               | rugs                                               |            2.47 |             469.57 |    0.12091485865602272
 AAAAAAAAHLABAAAA | International, basic minutes know interesting, good countries. Considerable conferences could respond far home psychological adults. Possible scientists affect. Old, irish plants ca                    | Home                                               | rugs                                               |            3.16 |             232.56 |     0.0598844890624287
 AAAAAAAAIAPDAAAA | Rough, black courses will not look now steep blocks. Even far police shal                                                                                                                                | Home                                               | rugs                                               |            9.64 |            3895.58 |     1.0031166920442725
 AAAAAAAAIDIAAAAA | Always french americans take chemicals. No clear troops give significant tables. Fans afford really young managers; soft, good fires distinguis                                                          | Home                                               | rugs                                               |            3.72 |              364.8 |    0.09393645343126071
 AAAAAAAAIDJDAAAA | Cases will help                                                                                                                                                                                          | Home                                               | rugs                                               |            3.42 |            2065.28 |     0.5318121670573305
 AAAAAAAAIEDBAAAA | Voluntary ways may get patiently millions. Industrial areas lose in a wounds. Firms would not want british decades; principal, young payments give consistent, burning galleri                           | Home                                               | rugs                                               |            4.14 | 11161.529999999999 |      2.874107848318584
 AAAAAAAAIFDAAAAA | Foreign, wrong persons know here. Police understand winners. Sexual, pri                                                                                                                                 | Home                                               | rugs                                               |             7.9 |            6654.65 |     1.7135806464537804
 AAAAAAAAIFEAAAAA | Small males shall not need major                                                                                                                                                                         | Home                                               | rugs                                               |            5.46 |  5300.429999999999 |     1.3648673132145206
 AAAAAAAAILIBAAAA | More similar rules can cook others. Sides fall separately. Necessary,                                                                                                                                    | Home                                               | rugs                                               |           67.41 |            8646.89 |     2.2265849227254217
 AAAAAAAAIOCBAAAA | Jointly other kinds reveal often still great men. Rural contributions used to embody wide; federal, central characters may not regard as. Christian                                                      | Home                                               | rugs                                               |            2.03 |            1668.28 |      0.429584173602806
 AAAAAAAAIOECAAAA | Relatively central fees disappoint far goods. Now developing terms want sales. Alternative meetings must meet then eastern times; local actions ought to make hence personal, above qu                   | Home                                               | rugs                                               |            3.12 |           15503.16 |      3.992082969784495
 AAAAAAAAJADBAAAA | Roses used to match quite buildings. Still alone calculations should not throw cold citizens. Further local writings must give again clearly full relations. Additional events give. Open colours kn     | Home                                               | rugs                                               |             7.9 | 1103.3300000000002 |    0.28410884639340156
 AAAAAAAAJFBBAAAA | Full meetings will insist never more subject implications. Very christian wo                                                                                                                             | Home                                               | rugs                                               |            3.19 |             6231.8 |     1.6046962458687788
 AAAAAAAAJKJAAAAA | Players might eliminate also at a fees; political animals will not make very. Children may not want together nevertheless automatic                                                                      | Home                                               | rugs                                               |           39.88 |             3223.5 |      0.830055256676724
 AAAAAAAAJPDBAAAA | Early careers cannot put otherwise young, labour points. Just small children can drift then possibly available                                                                                           | Home                                               | rugs                                               |            1.27 |            7467.66 |     1.9229317319914703
 AAAAAAAAKBLBAAAA | Effectively clear months can hide to a years. Books market as here practical tears. High titles produce able, personal others. Moreover nuclear books used                                               | Home                                               | rugs                                               |            1.07 |            4283.73 |      1.103065799498614
 AAAAAAAAKNDDAAAA | Too southern systems used to respond truly major forces.                                                                                                                                                 | Home                                               | rugs                                               |            4.05 |            3147.52 |     0.8104903122367372
 AAAAAAAAKPCBAAAA | Extensive, giant policemen used to feel leaders. Well true seats obtain below; increased, tall typ                                                                                                       | Home                                               | rugs                                               |            2.66 |            3942.76 |     1.0152656006870544
 AAAAAAAALNDBAAAA | Important, available accounts teach angrily right houses. Likely, hard advisers bring late as the ways. Old courses can obtain                                                                           | Home                                               | rugs                                               |            5.76 |             1623.2 |     0.4179760175702368
 AAAAAAAAMAKBAAAA | Solid feelings must allow in a doctors. Players must give all of a sudden only main eyes. In order future systems know then other universities. Enterpri                                                 | Home                                               | rugs                                               |            7.79 | 1688.5300000000002 |    0.43479857377271564
 AAAAAAAAMDGEAAAA | Distinct companies provide educational trousers; at least independent cultures can scratch aside for the results. In particular additional teeth shall scream firmly financial reforms. Long             | Home                                               | rugs                                               |            8.76 |  5443.130000000001 |      1.401612740584699
 AAAAAAAAMDHDAAAA | Available, close states might mark others. Never clear ways study initially males. Normal men will own clear, adequate officers; never                                                                   | Home                                               | rugs                                               |            7.04 |                  0 |                      0
 AAAAAAAAMIPCAAAA | Leaves can permit too always soviet subjects. Local months may not bring rich, major suggestions; usual, joint associations would go most basic sides. Tired areas ought to pr                           | Home                                               | rugs                                               |            1.14 |           14204.56 |     3.6576918556785873
 AAAAAAAAMOJAAAAA | Employees can stifle conventional times. New, environmental words attempt white, easy services. Attitudes use                                                                                            | Home                                               | rugs                                               |            6.55 |           12687.77 |     3.2671165453715645
 AAAAAAAANONAAAAA | Necessary, dead budgets assume plates. Wrong, warm towns shall not go years. Right provisions get nea                                                                                                    | Home                                               | rugs                                               |           46.36 |               15.3 |   0.003939769017265046
 AAAAAAAAOCJBAAAA | Acts see critical volunteers; a lit                                                                                                                                                                      | Home                                               | rugs                                               |           80.36 |            3596.08 |     0.9259950697782018
 AAAAAAAAOINCAAAA | Central levels stay. Things may encourage                                                                                                                                                                | Home                                               | rugs                                               |            8.92 |            13591.8 |      3.499905394043337
 AAAAAAAAOKDCAAAA | Powerfu                                                                                                                                                                                                  | Home                                               | rugs                                               |            4.87 |            5399.22 |      1.390305861006391
 AAAAAAAAOKEDAAAA | Faint, large fees could go so. Hands will respect now sales. Significant, professional miles match probably only, british men. Modern, useful children bring only,                                       | Home                                               | rugs                                               |             3.8 | 3152.3599999999997 |     0.8117366182526561
 AAAAAAAAONPCAAAA | Groups used to blame societies; originall                                                                                                                                                                | Home                                               | rugs                                               |            3.37 |            4445.28 |     1.1446651252985598
 AAAAAAAAOPDAAAAA | Other appointments phone courses. Therefore economic planes cannot call prime, basic boys. Very new partners take very full methods; strong lights nod by and larg                                       | Home                                               | rugs                                               |            3.27 |                594 |    0.15295573831734885
 AAAAAAAAPHECAAAA | Expected, absolute sports would talk merely right legal wishes. Loca                                                                                                                                     | Home                                               | rugs                                               |            2.05 | 5569.5199999999995 |     1.4341583226822234
 AAAAAAAAPJJBAAAA | Players buy la                                                                                                                                                                                           | Home                                               | rugs                                               |            4.05 | 1690.7800000000002 |     0.4353779515693723
 AAAAAAAAPKDDAAAA | Relatively specific wives ought to move c                                                                                                                                                                | Home                                               | rugs                                               |            8.62 |             179.53 |    0.04622919814833946
 AAAAAAAAPMOCAAAA | Problems cannot sell afterwards usual, final machines. English, related                                                                                                                                  | Home                                               | rugs                                               |            4.95 | 12561.670000000002 |      3.234645638634498
 AAAAAAAAPPHDAAAA | Only commercial games will not get main shops. Only friends remain originally indeed genuine conditions.                                                                                                 | Home                                               | rugs                                               |           98.39 |  4846.539999999999 |     1.2479900740480872
 AAAAAAAAAJACAAAA | Measures may pursue on an minutes; judicial, early hands guarantee please to the things. Russian procedures form rather clear figures; publications may talk most                                        | Home                                               | tables                                             |            9.94 |            3278.44 |      1.287577094524891
 AAAAAAAAANCBAAAA | Very written ind                                                                                                                                                                                         | Home                                               | tables                                             |            7.92 |            12006.3 |       4.71536366991441
 AAAAAAAAAPICAAAA | United words can meet now spati                                                                                                                                                                          | Home                                               | tables                                             |            2.81 |             1689.9 |     0.6636926501743553
 AAAAAAAABGPDAAAA | True, present orders let. Agencies might give so more other conditions; contemporary men will punish for a shops. Tight, interesting criticisms start yesterday indeed c                                 | Home                                               | tables                                             |            0.85 |            1713.79 |     0.6730752274941171
 AAAAAAAACHBBAAAA | Possible, natural styles would spell etc injuries. New members compare later responsible                                                                                                                 | Home                                               | tables                                             |            6.89 |            1908.17 |     0.7494161810066865
 AAAAAAAACIDEAAAA | Public bodies avoid stories. Legal unions might watch even on a metals. A                                                                                                                                | Home                                               | tables                                             |            5.43 | 12719.839999999998 |      4.995599928631144
 AAAAAAAACIGBAAAA | Standard measures might believe as serious hours; good parents ought to begin; others might not begin regularly as economic types; too whole police comment by a parents. Effects consider. Chea         | Home                                               | tables                                             |            7.09 |            6245.57 |     2.4528900557130293
 AAAAAAAACKBBAAAA | Good, practical gentlemen shall like for a others. Intensive forms impart. All early years ought to shape r                                                                                              | Home                                               | tables                                             |            6.92 |           12957.76 |      5.089040815860852
 AAAAAAAADAOCAAAA | Students comment almost publishers. Large, natural cases position hen                                                                                                                                    | Home                                               | tables                                             |            4.25 |             346.08 |     0.1359197303818811
 AAAAAAAADKCBAAAA | New colonies used to make images; now natural things may sort. Unit                                                                                                                                      | Home                                               | tables                                             |            1.67 |            1400.72 |     0.5501198703782608
 AAAAAAAADKMAAAAA | Less than known things ought to think however illegal strong forests; users must like ba                                                                                                                 | Home                                               | tables                                             |            4.06 |             1983.2 |     0.7788835219988055
 AAAAAAAAEEBCAAAA | Endless, top feet might not take only military, old questions. Good, white toys would put so past, statutory characters. Given, critical quantities disrup                                               | Home                                               | tables                                             |            1.73 |  552.2099999999999 |    0.21687538810153306
 AAAAAAAAEHBBAAAA | Quite runnin                                                                                                                                                                                             | Home                                               | tables                                             |            5.46 |            1278.02 |     0.5019305762328123
 AAAAAAAAEPADAAAA | Colours play great days; successful attitudes should vary financial fires. Shows                                                                                                                         | Home                                               | tables                                             |            7.82 |  9164.119999999999 |     3.5991236696347784
 AAAAAAAAFCADAAAA | Holders use in a efforts. Fresh advisers will not make only elaborate thoughts. Tough, likely years could not                                                                                            | Home                                               | tables                                             |            7.08 | 2092.8599999999997 |     0.8219514763263513
 AAAAAAAAFFLBAAAA | Satisfactory operati                                                                                                                                                                                     | Home                                               | tables                                             |            0.29 |            2206.71 |     0.8666650145371038
 AAAAAAAAFIBCAAAA | Supporters ensure adversely users; recent, video-taped rats must conform howeve                                                                                                                          | Home                                               | tables                                             |            2.15 |             3095.6 |      1.215768369654852
 AAAAAAAAGBIBAAAA | Precious, social rules focus to a channels. Spiritual, prime buildings lead more                                                                                                                         | Home                                               | tables                                             |            0.86 |  9418.949999999999 |      3.699205803514849
 AAAAAAAAGFOAAAAA | Single friends might give here. Great, lovely relations cause away h                                                                                                                                     | Home                                               | tables                                             |            0.33 |             667.48 |     0.2621466182249711
 AAAAAAAAHGIBAAAA | Structures help amounts. Counties see as                                                                                                                                                                 | Home                                               | tables                                             |            9.08 |            5070.25 |     1.9912939579540359
 AAAAAAAAHNACAAAA | Extra original women must not count quiet children. Respecti                                                                                                                                             | Home                                               | tables                                             |            4.86 |            3647.74 |     1.4326162659015342
 AAAAAAAAIACEAAAA | Never private seconds boost still m                                                                                                                                                                      | Home                                               | tables                                             |            6.47 |             2933.6 |      1.152144362714651
 AAAAAAAAICDEAAAA | Now old buildings might not convey; industrial, guilty universities would discover doctors. Spiritual, african weekends might combat also about a activities. Ahead psychological places                 | Home                                               | tables                                             |            3.59 |            2094.84 |     0.8227291030778427
 AAAAAAAAIJLDAAAA | Properly massive readers see awful signals. Bold waters stop therefore most g                                                                                                                            | Home                                               | tables                                             |            1.93 |            9175.14 |      3.603451673069847
 AAAAAAAAIMACAAAA | Trying, british angles cannot ship only earlier massive limits. Clear artists save before a months. Right g                                                                                              | Home                                               | tables                                             |            1.74 |            1486.08 |     0.5836442236647766
 AAAAAAAAIMADAAAA | Still fixed families answer with a sequences. Examinations might allow successfully contemp                                                                                                              | Home                                               | tables                                             |            8.02 |             856.14 |     0.3362410944554545
 AAAAAAAAINKDAAAA | Features may respond over famous thoughts. Reservations com                                                                                                                                              | Home                                               | tables                                             |            0.37 |            2630.94 |     1.0332774371558782
 AAAAAAAAJAFCAAAA | Linguistic constraints go long likely buildings; more loyal differences say as usual other problems; versions turn sexual, scottish organisms. Aware, comparable patterns could compete upper grounds    | Home                                               | tables                                             |            1.31 |            8662.45 |      3.402097400735455
 AAAAAAAAJFLDAAAA | Good hands flee knowingly as extraordinary members. Ab                                                                                                                                                   | Home                                               | tables                                             |            1.24 |             2289.8 |     0.8992978462448896
 AAAAAAAAKNFDAAAA | Very professional documents report still previous, great pieces; certainly independent differences could need eag                                                                                        | Home                                               | tables                                             |            8.03 |            8856.07 |      3.478139871252502
 AAAAAAAAKOACAAAA | New firms meet also quiet, desirable years. Initial, partial films see now old windows. New stations will respond successful, british skills. Litera                                                     | Home                                               | tables                                             |            4.02 | 11043.039999999999 |      4.337052182721707
 AAAAAAAAKPDAAAAA | Very serious activities fill quickly relative                                                                                                                                                            | Home                                               | tables                                             |            0.78 |           10074.11 |      3.956513855286097
 AAAAAAAALGIAAAAA | Happy, large schools would stay both social players. Accessible applicants may leave afraid, living friends. Scenes put even in a sheets. Continental services cooperate only legal sections. Bare       | Home                                               | tables                                             |            0.38 |            9573.01 |     3.7597114486334133
 AAAAAAAALMJCAAAA | German individuals would not account even from a letters. Similar, extra res                                                                                                                             | Home                                               | tables                                             |            3.19 |            2074.56 |     0.8147643199868102
 AAAAAAAALOMDAAAA | Issues could not make things. In addition great others carry most on the cases. Occas                                                                                                                    | Home                                               | tables                                             |            8.81 |            5004.26 |     1.9653769936454935
 AAAAAAAAMADEAAAA | Total, concerned prices can pick computers. Fair big resources notice greatly above nuclear ways; more joint shares add for instan                                                                       | Home                                               | tables                                             |            4.67 |  6924.780000000001 |      2.719643523329412
 AAAAAAAAMBADAAAA | Too twin st                                                                                                                                                                                              | Home                                               | tables                                             |            70.7 |            3720.13 |     1.4610467712249982
 AAAAAAAAMBFBAAAA | Also proposed emotions encourage up the illustrations. Groups cannot see so fun, liable centres. Angry, private months would buy in the days. Evidently real trees lose biological bodies                | Home                                               | tables                                             |            1.98 |  9523.380000000001 |     3.7402197235442647
 AAAAAAAAMEIBAAAA | In order clear thanks may recognise here used, other dogs. Really delighted phrases                                                                                                                      | Home                                               | tables                                             |            1.84 | 10443.210000000001 |      4.101474478506024
 AAAAAAAAMHFEAAAA | Certain holes would dance home somewhat western values. Local agents should increase at the elements. Twice multiple troops make again only issues; objective, complex bars would deal simply            | Home                                               | tables                                             |            7.87 | 4445.6900000000005 |     1.7460037741603822
 AAAAAAAAMHMDAAAA | Excellent contexts maximize too with a allowances. More young pieces influence deep, legal properties. Certain cases feel opportunities. Powerful organisations could travel so si                       | Home                                               | tables                                             |            9.17 | 1375.7600000000002 |      0.540317060420067
 AAAAAAAAMJBAAAAA | Things depend little                                                                                                                                                                                     | Home                                               | tables                                             |            2.84 |            2132.16 |     0.8373861891211039
 AAAAAAAAMJJBAAAA | Suitable, single issues restrict now international lips. Places fire of course growing offices. Popular messages will activate today continuously political seconds; sophisticated f                     | Home                                               | tables                                             |           25.52 |           17903.41 |      7.031399272180635
 AAAAAAAAOIDBAAAA | Particularly civil practices confirm instead quiet, social fears. Targets used to play respective, remaining classes. Great, useles                                                                      | Home                                               | tables                                             |            9.63 |            4052.09 |     1.5914210017427086
 AAAAAAAAOKCDAAAA | Men live also. Architects ought to find resources. However mad scien                                                                                                                                     | Home                                               | tables                                             |            4.81 |            1786.68 |     0.7017021032093717
 AAAAAAAAOKMCAAAA | Initially inland communicati                                                                                                                                                                             | Home                                               | tables                                             |            2.93 |            7177.84 |     2.8190305060225427
 AAAAAAAAOLICAAAA | Actually true volunteers know                                                                                                                                                                            | Home                                               | tables                                             |            6.23 |            7805.53 |     3.0655499684688063
 AAAAAAAAPFGCAAAA | Certain matters assume here however enthusiastic calls; really successf                                                                                                                                  | Home                                               | tables                                             |            3.11 |            5812.85 |      2.282943263841648
 AAAAAAAAPJNDAAAA | Fond women make there years. Courses create yet. Basic, various teachers win furiously tr                                                                                                                | Home                                               | tables                                             |            3.29 |             522.33 |    0.20514029348811827
 AAAAAAAAPLLDAAAA | Altogether wild considerations bury only. More capable weeks realise more good men. Comme                                                                                                                | Home                                               | tables                                             |            3.34 |             797.28 |     0.3131243719338482
 AAAAAAAAACJDAAAA | Various, high patients put as in a hundreds. Literally able members should not make patients. Significant objec                                                                                          | Home                                               | wallpaper                                          |             6.1 |            3279.45 |     1.3086670997431828
 AAAAAAAAADKDAAAA | Standards agree so amazing men; principles worry before statutory,                                                                                                                                       | Home                                               | wallpaper                                          |            0.12 |            2139.12 |     0.8536175170844615
 AAAAAAAAAEJBAAAA | Similar years accept more other, national versions. Proud, professional drawings will identify thereof difficult, northern costs. Loans support. Sometimes unpleasan                                     | Home                                               | wallpaper                                          |            4.29 |            2264.11 |     0.9034948748111841
 AAAAAAAAAFBBAAAA | Internal, good                                                                                                                                                                                           | Home                                               | wallpaper                                          |            5.94 |            4059.73 |      1.620038446947016
 AAAAAAAAANBCAAAA | Back, dif                                                                                                                                                                                                | Home                                               | wallpaper                                          |           39.91 |             1503.2 |     0.5998531413297816
 AAAAAAAAAOCAAAAA | Angrily new partners increase very. Customers keep on a years. Early, var                                                                                                                                | Home                                               | wallpaper                                          |            4.42 |            2530.23 |     1.0096902699486785
 AAAAAAAACCDEAAAA | Always eastern plans would claim. More big feelings hold against no changes. As classic police could use from                                                                                            | Home                                               | wallpaper                                          |            7.64 |            2549.87 |     1.0175276273832958
 AAAAAAAACCLCAAAA | Long mountains used to use how                                                                                                                                                                           | Home                                               | wallpaper                                          |            3.36 |            3162.12 |     1.2618464710362753
 AAAAAAAACGMAAAAA | Only international drugs might not enter solely french, legislative rocks; levels hear personal, apparent children. Brief rewards may not go hence in a volunteers. Followers may talk here. Small       | Home                                               | wallpaper                                          |            8.91 |            2792.79 |     1.1144650442884518
 AAAAAAAACHCAAAAA | Even local policies could lay regulations. Magnificent matters shall secure still social, dar                                                                                                            | Home                                               | wallpaper                                          |            2.99 |  7662.959999999999 |     3.0579102101413405
 AAAAAAAACMMDAAAA | Domestic, old drugs shall discount advantages. Internal, broad cities work characteristics. Rules allow so complete elections. Parts choose over sick buyers. Surprised child                            | Home                                               | wallpaper                                          |            4.34 |              81.62 |   0.032570525143252246
 AAAAAAAACNFAAAAA | New, small industries can me                                                                                                                                                                             | Home                                               | wallpaper                                          |            2.96 |            3297.48 |     1.3158619854125388
 AAAAAAAADDDEAAAA | Simply large women include very blind patterns. New photographs will not study also appropriate stairs. Numbers go decisions. Aware, other statements prefer all extra, emotional dreams. Accessibl      | Home                                               | wallpaper                                          |            1.17 |            3212.44 |     1.2819267065815885
 AAAAAAAADKHCAAAA | So free requests might not ensure brown, racial others; groups cr                                                                                                                                        | Home                                               | wallpaper                                          |            2.57 |  6224.280000000001 |      2.483803825516321
 AAAAAAAADNBCAAAA | More long machines near                                                                                                                                                                                  | Home                                               | wallpaper                                          |            2.64 |            1255.29 |     0.5009244610031011
 AAAAAAAAEGEDAAAA | Therefore national fans maintain in public unexpected, dangerous imports. Male, extra arrangements would vary original years. Fatal provisions hate over overtly front jews. Social, clear delegates     | Home                                               | wallpaper                                          |            3.53 |            1210.48 |     0.4830429952879684
 AAAAAAAAEIEBAAAA | Long religious creditors keep; great sectors provide slowly efficient videos. Rightly philosophical settlements would hurt auditors. Complete patterns s                                                 | Home                                               | wallpaper                                          |            8.18 |           18149.16 |      7.242436561001077
 AAAAAAAAENGDAAAA | Then ancient clergy inform together. Available, essential individuals shal                                                                                                                               | Home                                               | wallpaper                                          |           70.85 |            11107.3 |      4.432376793967725
 AAAAAAAAEPHAAAAA | Palestinian, social courses show however. Real, long examples think firm patients. Now indian processes could go spontaneously international, young nations; single methods would addre                  | Home                                               | wallpaper                                          |            6.16 |               1030 |    0.41102230945295043
 AAAAAAAAFCCEAAAA | Most different leaders know there after a scenes. Numerous, different groups allow only white records. Brief worlds marry. Most extensive types want                                                     | Home                                               | wallpaper                                          |            4.36 |            5701.01 |     2.2749925207906454
 AAAAAAAAFDPCAAAA | Welsh toys develop really s                                                                                                                                                                              | Home                                               | wallpaper                                          |            6.89 |  641.5999999999999 |     0.2560309842184592
 AAAAAAAAFFMAAAAA | Unhappy, warm beings used to administer about into a elections. Victims will go now with a unions. Inherent, new                                                                                         | Home                                               | wallpaper                                          |            0.24 |             2387.7 |     0.9528135614376793
 AAAAAAAAGACDAAAA | Comprehensive types must draw figures. Political applications shall not allow however prime, genuine sectors. Softly free needs survive too poo                                                          | Home                                               | wallpaper                                          |            9.07 |              218.5 |    0.08719259671404822
 AAAAAAAAGGEEAAAA | Streets restrict more yesterday large services. Lucky applications cannot slow                                                                                                                           | Home                                               | wallpaper                                          |            2.29 |             602.72 |    0.24051588966357504
 AAAAAAAAGIBBAAAA | Systems could not escape too now other weeks. British, only others could come animals. Very clinical wages market enough. Part                                                                           | Home                                               | wallpaper                                          |            9.43 |            6787.71 |      2.708641009802802
 AAAAAAAAGJACAAAA | Families buy responsible elections. Cattle may say then true, likely components. Full, reliable departments used                                                                                         | Home                                               | wallpaper                                          |            6.09 |            1741.67 |     0.6950147822377866
 AAAAAAAAGKFCAAAA | Recently upper implications will confuse elsewhere as empty computers. Times turn never future rights. Nice, internal yards can save more nearly psychiatric animals. Musical, ordinary ch               | Home                                               | wallpaper                                          |            3.51 |           18041.22 |      7.199363019173552
 AAAAAAAAHDGDAAAA | Nearly japanese employees tell socially just different priorities. More upper techniques fall lads. Late easy detectives shall not think pa                                                              | Home                                               | wallpaper                                          |            0.68 |             481.07 |    0.19197136156168046
 AAAAAAAAHJIBAAAA | In                                                                                                                                                                                                       | Home                                               | wallpaper                                          |            1.81 |           17804.17 |      7.104768030381491
 AAAAAAAAHMGDAAAA | Facilities might ask much on the voters. Thereby original costs could not anticipate personally; nasty, free indians find worse perhaps old police. There passive feet should no                         | Home                                               | wallpaper                                          |           84.83 |  8855.970000000001 |     3.5339817882000446
 AAAAAAAAIAFBAAAA | Forces would not study neither below clear authorities; extra examples ought to live surprisingly used environments. Primitive, outstanding years teach even running, impossible eyes; surprising        | Home                                               | wallpaper                                          |             0.3 |            2500.54 |     0.9978424521160006
 AAAAAAAAIFLBAAAA | Beautiful, attractive films cannot widen                                                                                                                                                                 | Home                                               | wallpaper                                          |           64.38 |            6598.41 |     2.6331006960363523
 AAAAAAAAIHIAAAAA | New difficulties should restore                                                                                                                                                                          | Home                                               | wallpaper                                          |            0.86 |              16420 |      6.552413904094608
 AAAAAAAAIIJDAAAA | Obviously holy departments show implicitly solid years. Russian, determined banks respond                                                                                                                | Home                                               | wallpaper                                          |            7.34 |            1009.92 |     0.4030093696725473
 AAAAAAAAILOCAAAA | G                                                                                                                                                                                                        | Home                                               | wallpaper                                          |            7.98 |              664.4 |    0.26512934213644684
 AAAAAAAAINICAAAA | Substantial, special thanks                                                                                                                                                                              | Home                                               | wallpaper                                          |            2.79 |            2084.22 |     0.8317096289398332
 AAAAAAAAIPBBAAAA | New times act yet long present clouds. Civil, autonomous advantages go now such as a d                                                                                                                   | Home                                               | wallpaper                                          |             3.1 |             628.66 |    0.25086726704921536
 AAAAAAAAJKGDAAAA | Architects ought to know usually just married proposals. Light, high conferences seem even associations. Words used to leave here ready, old members. White documents land in                            | Home                                               | wallpaper                                          |            3.53 | 3479.1400000000003 |     1.3883535511748915
 AAAAAAAAJLIAAAAA | Costs tell as changing, national operators. Today                                                                                                                                                        | Home                                               | wallpaper                                          |           56.49 |             325.68 |    0.12996285994430767
 AAAAAAAAKBCDAAAA | Alone, simple businessmen might feel home interesting eyes. Only parental positions might find upstairs labour conditions. More late trees will not produce workers. Patients                            | Home                                               | wallpaper                                          |            4.64 |             3243.8 |     1.2944409392266802
 AAAAAAAAKCCAAAAA | Alive studies improve now new causes. Affairs must see abroad other decisions. Months would follow theoretically happy houses. Safe effects used to indicate more australian effect                      | Home                                               | wallpaper                                          |             9.3 |           15836.58 |      6.319599694598452
 AAAAAAAAKLBEAAAA | Remarkable parents may ignore                                                                                                                                                                            | Home                                               | wallpaper                                          |           34.39 |            9309.45 |     3.7149433385793884
 AAAAAAAALLAAAAAA | Fresh actions see angry, large matters. Normally sexual fires can communicate respectively. High, diplomatic holes ought to gain ther                                                                    | Home                                               | wallpaper                                          |            0.54 |            4449.54 |     1.7755924337895932
 AAAAAAAALMFDAAAA | Couples should describe just likely, compulsory complaints. Necessary disputes may stand nearly. Adverse reactions                                                                                       | Home                                               | wallpaper                                          |            1.85 | 3151.7000000000003 |     1.2576883618474406
 AAAAAAAALNHDAAAA | Sales go nights. Later fine issues should serve new occasions. Automatic, good ideas shall drift. Good, good families might win other roles. Also rural mice                                             | Home                                               | wallpaper                                          |            1.88 |            7690.34 |     3.0688362206586435
 AAAAAAAAMICEAAAA | Minimal, principal patients ex                                                                                                                                                                           | Home                                               | wallpaper                                          |            4.57 | 3221.9300000000003 |     1.2857136985395579
 AAAAAAAAMLPCAAAA | Effects take again too conservat                                                                                                                                                                         | Home                                               | wallpaper                                          |            4.57 |            2964.14 |      1.182842396448416
 AAAAAAAANCOCAAAA | Royal sports may give quite difficult comments; quickl                                                                                                                                                   | Home                                               | wallpaper                                          |            0.52 | 3305.6400000000003 |     1.3191182398252925
 AAAAAAAANICCAAAA | Dangerous, sexual years would escape grounds. In general bad stages will give here m                                                                                                                     | Home                                               | wallpaper                                          |            2.24 |            1087.46 |     0.4339517676094228
 AAAAAAAANKKBAAAA | Local, interesting men consider. Already funny roots lose. Black, only factors may close simultaneously new females. Always fine pools get modest trends. Also ne                                        | Home                                               | wallpaper                                          |             0.5 |            3645.33 |      1.454671801279732
 AAAAAAAAOBLCAAAA | Terrible, dead vegetables decide easily. Home little practices might                                                                                                                                     | Home                                               | wallpaper                                          |            0.64 |             5599.8 |       2.23460459075207
 AAAAAAAAOFCBAAAA | Bodies will not ensure exactly large customers; systematic representatives e                                                                                                                             | Home                                               | wallpaper                                          |            0.23 |             3814.4 |     1.5221393176478972
 AAAAAAAAOIAEAAAA | Necessarily light rounds might reduce from a payments. Courses feel potentially very laws. Different, other heels help now for a bills; clear,                                                           | Home                                               | wallpaper                                          |           33.92 |            6461.53 |      2.578478624465556
 AAAAAAAAOJDCAAAA | Representatives represent especially public motives. Customers might review also sources. Significant, guilty galleries thank thus much effective corporations. Mos                                      | Home                                               | wallpaper                                          |            1.85 |            1521.44 |     0.6071318276641717
 AAAAAAAAOPBEAAAA | Blind interests can pull up to mothers. Current creatures photograph. Other, simpl                                                                                                                       | Home                                               | wallpaper                                          |             3.5 |             703.05 |     0.2805526550105794
 AAAAAAAAPFKBAAAA | At least capital profits e                                                                                                                                                                               | Home                                               | wallpaper                                          |            3.82 |              102.6 |   0.040942610630944384
 AAAAAAAAALJCAAAA |                                                                                                                                                                                                          | Home                                               |                                                    |             2.3 |            5335.44 |      20.89995174017411
 AAAAAAAAKBCAAAAA | Too serious regulations shall accept parts. Still tropical forces think direct feet. Children will need more boys; safe, possible shares used                                                            | Home                                               |                                                    |                 |             7359.6 |     28.828978458568628
 AAAAAAAANHGCAAAA | Fair problems recover far still independent patients. Obvious, artificial times make straight at a police. Only y                                                                                        | Home                                               |                                                    |                 |            3971.49 |     15.557095447907592
 AAAAAAAANJCEAAAA | Earl                                                                                                                                                                                                     | Home                                               |                                                    |            3.32 |              97.66 |    0.38255313281480136
 AAAAAAAAABBCAAAA | Small, strong troops might safeguard also; large, potential unions pay very in a friends. Labour conservatives want direct workers. Basic rules become at first novel r                                  | Shoes                                              | athletic                                           |            2.41 |            9950.41 |     0.8372089250736715
 AAAAAAAAADEAAAAA | Additi                                                                                                                                                                                                   | Shoes                                              | athletic                                           |            2.75 |  5355.969999999999 |    0.45064131894332304
 AAAAAAAAAEBCAAAA | Free pilots shall smell almost different, likely towns; dirty lives could remember never aboard a mind                                                                                                   | Shoes                                              | athletic                                           |            4.05 |            2618.46 |     0.2203123370743925
 AAAAAAAAAGHDAAAA | Plates find centrally important, different results; royal women know to the skills. Rapidly like women remember suddenly new, other methods. Roy                                                         | Shoes                                              | athletic                                           |            9.13 |            8172.81 |     0.6876449789437172
 AAAAAAAAAGIAAAAA | Necessary, different responsibilities should n                                                                                                                                                           | Shoes                                              | athletic                                           |            1.66 |           12539.29 |     1.0550324561587954
 AAAAAAAAAHGAAAAA | Together public winners fit by an symptoms. Just legal purposes move level, personal jobs. Goods commun                                                                                                  | Shoes                                              | athletic                                           |            1.45 |            7685.91 |      0.646678121736992
 AAAAAAAAAHJAAAAA | Individual, central sales would get still; huge shareholders develop nasty systems. Months take similarly; local, expensive studies could offer quite less                                               | Shoes                                              | athletic                                           |            1.07 |              355.2 |    0.02988586502326719
 AAAAAAAAAIMDAAAA | External, sufficient breasts ought to earn in the threats. Together native feelings shall not provide undern                                                                                             | Shoes                                              | athletic                                           |            3.94 |             448.38 |   0.037725856303864144
 AAAAAAAAAINBAAAA | Ancient, e                                                                                                                                                                                               | Shoes                                              | athletic                                           |            4.93 |            2657.18 |    0.22357016560395584
 AAAAAAAAAJDEAAAA | Chief arms might see much well personal trees. Certain colleagues land. Careful, confident reports must wait then c                                                                                      | Shoes                                              | athletic                                           |            1.06 |           23774.69 |     2.0003580414133455
 AAAAAAAAAJLAAAAA | Lovely benefits must pour both very, short problems; bad questions increase ruling, arab features. Criticisms shall not                                                                                  | Shoes                                              | athletic                                           |            3.84 |              197.2 |   0.016592039928458025
 AAAAAAAAAKKDAAAA | Rather british quanti                                                                                                                                                                                    | Shoes                                              | athletic                                           |            0.39 | 2655.5299999999997 |    0.22343133768366197
 AAAAAAAAALADAAAA | Doubts intervene inland reasonable folk. Double other children might not care upstairs british poor                                                                                                      | Shoes                                              | athletic                                           |            4.81 |            9977.91 |     0.8395227237452364
 AAAAAAAAALJAAAAA | Tears regard gently white, intensive colleges. Sure visitors might approve better national boys. Economic,                                                                                               | Shoes                                              | athletic                                           |            4.76 |            4879.85 |    0.41058147081585145
 AAAAAAAAANIBAAAA | Similar, following representatives may hear in a bodies. Words would identify such as a funds. Resources might meet other others. Emotional students must not give terrib                                | Shoes                                              | athletic                                           |            5.65 |            3517.24 |     0.2959340087118139
 AAAAAAAAANNDAAAA | Remaining, advisory scientists may stimulate more. Local processes may not feed. Unlik                                                                                                                   | Shoes                                              | athletic                                           |            4.47 |            3244.15 |     0.2729567258311719
 AAAAAAAAAPEBAAAA | Scottish, high comments make. Black, ethical governments will not go yet in a details. Minor, random parents will think other years. At least late seconds write                                         | Shoes                                              | athletic                                           |            5.18 |            1077.87 |    0.09068996996798706
 AAAAAAAAAPGBAAAA | Permanent, recent features ought to let wearily. Persons used to lead arab, specific tons                                                                                                                | Shoes                                              | athletic                                           |             9.2 |            1039.71 |    0.08747925879319013
 AAAAAAAABACEAAAA | Giant sheets visit very human, wide pictures; nuclear russians may manifest exactly. Even political careers ought to attend for a parties. O                                                             | Shoes                                              | athletic                                           |           87.77 |            2375.04 |    0.19983143261503522
 AAAAAAAABBDCAAAA | For instance european businessmen will need separate sections. Casually young products should get now reasons. American ban                                                                              | Shoes                                              | athletic                                           |            2.45 |            3694.78 |     0.3108718929354368
 AAAAAAAABBIDAAAA | Old bodie                                                                                                                                                                                                | Shoes                                              | athletic                                           |            9.68 |            6114.42 |     0.5144558863050828
 AAAAAAAABFFCAAAA | Important, reside                                                                                                                                                                                        | Shoes                                              | athletic                                           |            4.71 |           13457.42 |     1.1322822006796633
 AAAAAAAABGGAAAAA | Most effective courses could pop also special males. Wid                                                                                                                                                 | Shoes                                              | athletic                                           |            9.39 |            3541.27 |    0.29795584806009406
 AAAAAAAABHFAAAAA | Dirty, elderly students must insist. Chief emotions can prove; beautiful leaders could pay members. More confidential details check. Never fascinating re                                                | Shoes                                              | athletic                                           |             1.2 |             1904.2 |     0.1602158338325039
 AAAAAAAABIEDAAAA | Services mention right main issues. Occasional hands decipher similarly. Unexpected ideas impose small, other feet. Studies may work much in the s                                                       | Shoes                                              | athletic                                           |            4.52 |             801.63 |    0.06744765196678401
 AAAAAAAABIFCAAAA | Also sexual films should want full-time, tall kids; clubs see ago children. Even subsequent years move so in search of a actions. Handsome pupils help then american cases. Just agri                    | Shoes                                              | athletic                                           |            2.53 |            1203.58 |     0.1012669747317115
 AAAAAAAABJECAAAA | Often voluntary operations come inherent hospitals. Known goods may fight participants. Dark students                                                                                                    | Shoes                                              | athletic                                           |            0.67 |             757.62 |    0.06374473271094508
 AAAAAAAABMBCAAAA | Legs believe almost full values; negotiations could not calm traditionally pictures. Unemployed telecommunications should wis                                                                            | Shoes                                              | athletic                                           |            1.43 |             525.49 |    0.04421374777893209
 AAAAAAAABNODAAAA | Different, typical authorities may not produce now however political men. Then only mem                                                                                                                  | Shoes                                              | athletic                                           |             9.7 |             5911.7 |     0.4973994038796415
 AAAAAAAABNPCAAAA | Other, maximum flowers cannot prove subtle lips. Profound, private women would call still safe standards. Other, interesting bits                                                                        | Shoes                                              | athletic                                           |           33.95 |            9411.43 |     0.7918601538736699
 AAAAAAAABPPAAAAA | Close problems minimise in a years. Integrated, local thousands leave none the less educational parties. Pa                                                                                              | Shoes                                              | athletic                                           |            1.77 |            5860.25 |     0.4930704969104774
 AAAAAAAACACEAAAA | Free employees suggest later on the ranks. Always young police ask now recent casualties. At all interesting conflicts spot never different stairs. Monetary assessments know either sup                 | Shoes                                              | athletic                                           |            5.11 |            4766.17 |     0.4010166477982697
 AAAAAAAACAGAAAAA | Urgent animals would not make by a years. Prime weeks give. Na                                                                                                                                           | Shoes                                              | athletic                                           |           30.41 |           12043.15 |     1.0132881625984242
 AAAAAAAACBBDAAAA | Places win at all. Well good days want forward. Then wonderful ideas increase openly ago complex scientists; shares get bett                                                                             | Shoes                                              | athletic                                           |            6.58 |             113.75 |   0.009570712686927486
 AAAAAAAACCHCAAAA | Large years could influence more in a interests; old, cheap fears solve most british, internal arms. Deep hundreds fi                                                                                    | Shoes                                              | athletic                                           |            1.13 |            7364.56 |     0.6196403325330874
 AAAAAAAACCJBAAAA | Western weeks give really about a computers. Always different schools would                                                                                                                              | Shoes                                              | athletic                                           |           22.43 |  6115.900000000001 |     0.5145804107426797
 AAAAAAAACDAAAAAA | Again inc respondents must say young, marked days; political, important children give conversely voluntary troops. Automatic students get never; grand, previous powers will not remember                | Shoes                                              | athletic                                           |           49.34 |               57.5 |     0.0048379426769084
 AAAAAAAACDPCAAAA | Available photographs answer; yet right readers know years. Needs come still of course similar bishops. Companies must not spend in general rural effort                                                 | Shoes                                              | athletic                                           |            1.69 |             3389.5 |    0.28518620353706126
 AAAAAAAACEGCAAAA | Attitudes cry quickly more major hopes. Please unable experiments make especially by a forces. Living, natural artists make perhaps in a                                                                 | Shoes                                              | athletic                                           |            8.16 | 7650.6900000000005 |     0.6437147766747187
 AAAAAAAACHMCAAAA | However unique children would not deny much home large troubles. Arrangements occur just. Commonly brown options may not include. Orthodox, russian theori                                               | Shoes                                              | athletic                                           |            5.99 |           16693.97 |      1.404599476696148
 AAAAAAAACKHDAAAA | Likely, new minds might celebrate. Islamic authorities keep too indeed enormous lawyers. Here senior threats                                                                                             | Shoes                                              | athletic                                           |            1.89 |            3015.23 |     0.2536958243077307
 AAAAAAAACKOAAAAA | Human times should bring special, working parts. Scottish, british governments must help                                                                                                                 | Shoes                                              | athletic                                           |            5.08 | 1632.3600000000001 |    0.13734372361875122
 AAAAAAAACLHCAAAA | Wide, possible pounds would try still necessary miles. Families make as pilo                                                                                                                             | Shoes                                              | athletic                                           |            9.99 | 16217.689999999999 |     1.3645261664673143
 AAAAAAAACMCBAAAA | Republics carry equally children. Special parties make new lawyers. Close studies shall obtain; policies could carry also direct decent                                                                  | Shoes                                              | athletic                                           |            8.29 |            5947.99 |     0.5004527767447721
 AAAAAAAACMPCAAAA | Possible categories stop much. Free, able services would link once difficult features. Much vertical modes shall not wr                                                                                  | Shoes                                              | athletic                                           |            2.15 |  8984.390000000001 |     0.7559298053389403
 AAAAAAAACNEDAAAA | Now unlikely voices suppose. As visual provisions use with the entries; more social things see fair clearly dramatic rules. Here light services                                                          | Shoes                                              | athletic                                           |            6.61 |            5425.74 |     0.4565116365184171
 AAAAAAAADAICAAAA | Commercial, successful farmers can a                                                                                                                                                                     | Shoes                                              | athletic                                           |            2.63 |            5367.26 |    0.45159123847066746
 AAAAAAAADBGDAAAA | Pounds shall explore to a offenders. National, english relationships understand afterwards nuclear, romantic indians. Correct powers would sound victorian villages. Therefore base grounds can resul    | Shoes                                              | athletic                                           |            0.19 |            8400.89 |     0.7068352044350088
 AAAAAAAADCFAAAAA | Forward police should compare then easy hands. Chemical communications turn now as considera                                                                                                             | Shoes                                              | athletic                                           |            4.05 |             8516.8 |     0.7165876554903209
 AAAAAAAADDNAAAAA | Irrelevant scientists must notice following, emotional miles. Special, new                                                                                                                               | Shoes                                              | athletic                                           |            3.93 |            3301.65 |     0.2777946685080803
 AAAAAAAADFIDAAAA | Men pl                                                                                                                                                                                                   | Shoes                                              | athletic                                           |            1.99 |            1191.58 |     0.1002573171295741
 AAAAAAAADJFCAAAA | Quiet writers say evil advantages; private charges admit environmental, original sales. Reports travel as local, legal terms; glad, awful points become other teachers. Objects say                      | Shoes                                              | athletic                                           |             0.9 |            5843.21 |     0.4916367831154423
 AAAAAAAADMHDAAAA | Childre                                                                                                                                                                                                  | Shoes                                              | athletic                                           |            5.48 |            1552.19 |    0.13059836945513825
 AAAAAAAADNDAAAAA | Doors look likely, important circumstances. Opinions accommodate gingerly. Apparent advis                                                                                                                | Shoes                                              | athletic                                           |            3.37 |           12137.45 |      1.021222388588554
 AAAAAAAADNGAAAAA | Respectable lips                                                                                                                                                                                         | Shoes                                              | athletic                                           |            8.22 |            5813.73 |    0.48915639093952473
 AAAAAAAADOCDAAAA | Observations shall buy bad with a concerns. Existing, corporate solicitors rest small positions; exactly able buses must fall so police. Advisers could not b                                            | Shoes                                              | athletic                                           |            4.55 |            6017.88 |     0.5063331908958874
 AAAAAAAAEAJAAAAA | Main, regional historians find simply worth the techniques. Old, steep firms will repeat indeed complaints. Glad figures want twice for a cards; complex, special studies prove at a                     | Shoes                                              | athletic                                           |            7.95 |            3524.56 |     0.2965498998491177
 AAAAAAAAEBEEAAAA | Expensive, following li                                                                                                                                                                                  | Shoes                                              | athletic                                           |            9.37 |            2423.19 |    0.20388268374361157
 AAAAAAAAECCCAAAA | Judges will not make increasingly lovely rules. Financial demands should not make thus likely boys. La                                                                                                   | Shoes                                              | athletic                                           |             0.2 |            5589.01 |     0.4702488695768316
 AAAAAAAAEDLCAAAA | Usually existing chapters educate. Alone independent forces must not reduce exclusively without a years. Completely extra schools see about earlier gastric lengths. Illustrations identify in           | Shoes                                              | athletic                                           |            9.58 |             9986.4 |     0.8402370564987486
 AAAAAAAAEDNDAAAA | For example proper remarks must not offer also recent states. Level, old books could appear now perhaps old children. Profits would see. Different women know. Sa                                        | Shoes                                              | athletic                                           |            0.88 |           17515.66 |     1.4737349396211719
 AAAAAAAAEGABAAAA | Settlements must negotiate above nearly similar procedures. Italian friends dominate much results. Also typ                                                                                              | Shoes                                              | athletic                                           |            4.97 |            5588.27 |     0.4701866073580331
 AAAAAAAAEGKAAAAA | More crucial women might search so suddenly occupational teachers. Villages should want namely then total savings; other, personal cattle could leave. Linguistic, obvious workers shall not slow eve    | Shoes                                              | athletic                                           |            0.13 |              26.78 |  0.0022532192154366424
 AAAAAAAAEHEBAAAA | Damages invest enough with a scholars. Leaders guarantee here new interests. Bombs should keep between th                                                                                                | Shoes                                              | athletic                                           |            4.08 | 3837.4399999999996 |     0.3228750390621803
 AAAAAAAAEKEBAAAA | Businessmen ought to try more concerned, quiet arrangements; conditions reflect now positive f                                                                                                           | Shoes                                              | athletic                                           |            4.64 |            2370.07 |    0.19941326609148335
 AAAAAAAAEKJDAAAA | Perhaps local pupils cannot complete hardly at a provisions; alternative women discuss normal movies; extraor                                                                                            | Shoes                                              | athletic                                           |            9.71 |  8945.529999999999 |      0.752660197470685
 AAAAAAAAEKLAAAAA | Fatal, local egg                                                                                                                                                                                         | Shoes                                              | athletic                                           |             0.6 |             902.64 |    0.07594644483277561
 AAAAAAAAEOOAAAAA | Remote officials locate chief units. Workshops use appropriate groups; short settlements will not move vegetables. Short-term lines must enforce ho                                                      | Shoes                                              | athletic                                           |            8.02 | 1978.4900000000002 |    0.16646645577106958
 AAAAAAAAFABEAAAA | Capital, clear mammals bring hardly intrinsically close officers; social shareholders coul                                                                                                               | Shoes                                              | athletic                                           |            5.92 |               23.7 |  0.0019940737642213753
 AAAAAAAAFAFAAAAA | Old letters end. Normal, new rounds achieve thus gastric schools. Less than other earnings see. Really white students serve                                                                              | Shoes                                              | athletic                                           |            0.21 |  6099.389999999999 |     0.5131912901584056
 AAAAAAAAFCJAAAAA | Sometimes sorry districts could swap locally recent, other relatives. External, small prog                                                                                                               | Shoes                                              | athletic                                           |            2.07 | 1428.3000000000002 |    0.12017449609440467
 AAAAAAAAFCLBAAAA | Inner birds accept late still serious funds. Seconds talk on a clients. Guns give periods; traditionally legal requirements might beat reasonable, considerable priorities. Jus                          | Shoes                                              | athletic                                           |           53.03 |            6518.26 |     0.5484342301423469
 AAAAAAAAFCPAAAAA | Different types reflect so in the firms. Post-war,                                                                                                                                                       | Shoes                                              | athletic                                           |            3.97 |            2756.87 |    0.23195789613371234
 AAAAAAAAFDIDAAAA | Scientific, good effects allow strongly scottish problems. Somewhere                                                                                                                                     | Shoes                                              | athletic                                           |            4.32 |            8086.16 |       0.68035440967495
 AAAAAAAAFEMBAAAA | Then final things secure therefore only quiet movements; motives care. Proper pp. ought to grind certainly new units. Still gold obligations win as. Awar                                                | Shoes                                              | athletic                                           |               2 |            1141.83 |    0.09607144498737945
 AAAAAAAAFGBEAAAA | Young                                                                                                                                                                                                    | Shoes                                              | athletic                                           |            1.21 |            1964.25 |    0.16526832874986652
 AAAAAAAAFHABAAAA | Constraints could introduce very styles. Other stars turn personal powers. Models would forget away ethnic, political years. Yet new lips shall fight at last more helpful groups. Particularly glad     | Shoes                                              | athletic                                           |            5.61 |            15096.5 |     1.2701913325556113
 AAAAAAAAFHFCAAAA | Relationships may tell estates; opportunities may                                                                                                                                                        | Shoes                                              | athletic                                           |            9.97 |             889.56 |    0.07484591804644584
 AAAAAAAAFJCAAAAA | Masses might tax yet. Schools shall give ever act                                                                                                                                                        | Shoes                                              | athletic                                           |           64.48 |  8794.380000000001 |     0.7399427185904295
 AAAAAAAAFJODAAAA | Fields should descend then in a years. Purposes lead as revenues. Familiar arguments depict too questions. Peoples allow notoriously ind                                                                 | Shoes                                              | athletic                                           |            3.17 |             169.88 |   0.014293386120925199
 AAAAAAAAFKFCAAAA | Recent                                                                                                                                                                                                   | Shoes                                              | athletic                                           |            2.83 |            3069.84 |      0.258290607778791
 AAAAAAAAFLCEAAAA | Strong recommendations used to use really in a samples; academic subsidies attempt common weeks. Safely associated hours might not find c                                                                | Shoes                                              | athletic                                           |            2.26 | 12691.609999999999 |     1.0678483766552591
 AAAAAAAAFLNCAAAA | So general ports shall receive then dimensions. Probably ordinary weeks say typically loose concepts. Hundreds would keep newly at a conditions. General sales aid constant characters. No               | Shoes                                              | athletic                                           |            5.76 |            7272.88 |     0.6119265484527576
 AAAAAAAAFNCCAAAA | Happy shareholders see; aware facilities ought to see sales; economic activities may need considerably other databases. Techniques wish so financial names. Minimal, urgen                               | Shoes                                              | athletic                                           |            3.06 |            1707.33 |    0.14365155948810465
 AAAAAAAAGAJBAAAA | Parents say more. Christian, sure months would not colour. Schools regulate too such as the flowers. Perceptions used to consider as obvious w                                                           | Shoes                                              | athletic                                           |            4.39 |            9714.47 |     0.8173573738529798
 AAAAAAAAGAPCAAAA | Yet blue feelings ca                                                                                                                                                                                     | Shoes                                              | athletic                                           |            4.67 |              586.5 |   0.049347015304465676
 AAAAAAAAGDBDAAAA | Qu                                                                                                                                                                                                       | Shoes                                              | athletic                                           |            2.92 |               3610 |    0.30373866197633603
 AAAAAAAAGDIDAAAA | Independent houses give still much new memories. Futures may not think later towards the days. However subject animals shall imagine commonly on a tables; tired                                         | Shoes                                              | athletic                                           |            0.84 |            7990.22 |     0.6722821971458615
 AAAAAAAAGEBCAAAA | All right spatial claims occur here strong samples. Comments go in a concentrations. Now senior levels will declare teache                                                                               | Shoes                                              | athletic                                           |           96.33 |             4106.4 |       0.34550483145142
 AAAAAAAAGELCAAAA | Interior persons say also. Likely women go suddenly such as a windows. Square, wise interactions declare much young, main patients. Even potential calculations m                                        | Shoes                                              | athletic                                           |            3.89 |             220.99 |    0.01859368612469543
 AAAAAAAAGFEBAAAA | No considerable pressures will wear broadly services. Things contact however. Rapid years rest thereof behind a humans. Commonly unique goods cannot take companies.                                     | Shoes                                              | athletic                                           |            2.42 |           11298.82 |     0.9506616256818463
 AAAAAAAAGFIAAAAA | Negat                                                                                                                                                                                                    | Shoes                                              | athletic                                           |            9.65 |             974.34 |     0.0819791490055466
 AAAAAAAAGFNBAAAA | In order jewish hundreds cannot play to the years. Exotic, other resources will reflect for a customers. Fine, written regulations would                                                                 | Shoes                                              | athletic                                           |            8.95 |            3791.79 |     0.3190341332673826
 AAAAAAAAGGBDAAAA | Words find. Different, prime banks travel. Often beautiful matters pay else regional, british customers; solar, relevant effec                                                                           | Shoes                                              | athletic                                           |            0.32 |            13347.8 |      1.123058978484138
 AAAAAAAAGGDEAAAA | Groups result good degrees. Women might finish possible children. Tourists should not deserve now. Possible propos                                                                                       | Shoes                                              | athletic                                           |            3.63 | 11147.899999999998 |     0.9379634985722981
 AAAAAAAAGGEBAAAA | At last legal                                                                                                                                                                                            | Shoes                                              | athletic                                           |            8.15 |           12751.68 |     1.0729025543352921
 AAAAAAAAGHAEAAAA | Effective feelings could not look only matters. Procedures see new, severe individ                                                                                                                       | Shoes                                              | athletic                                           |           84.23 |            9411.58 |     0.7918727745936966
 AAAAAAAAGJPCAAAA | Sexual enemies bear private, red activities. Possible, running deta                                                                                                                                      | Shoes                                              | athletic                                           |             0.3 |  5544.179999999999 |    0.46647695705151315
 AAAAAAAAGKKDAAAA | Goods coul                                                                                                                                                                                               | Shoes                                              | athletic                                           |            2.01 |            6025.25 |     0.5069532889398667
 AAAAAAAAGKNCAAAA | Much different hands shall not t                                                                                                                                                                         | Shoes                                              | athletic                                           |            0.88 | 3001.1800000000003 |     0.2525136835318948
 AAAAAAAAGMNDAAAA | Gothic, old schemes used to forget notably. Popular, popular couples go almost low phrases. Official, whole knees might press including a teeth                                                          | Shoes                                              | athletic                                           |           94.85 |            7629.14 |     0.6419015998975469
 AAAAAAAAGNGAAAAA | British, old years shall not operate never at a places. Good, rece                                                                                                                                       | Shoes                                              | athletic                                           |            5.11 | 2098.9799999999996 |    0.17660425947786418
 AAAAAAAAGNGDAAAA | Recent assum                                                                                                                                                                                             | Shoes                                              | athletic                                           |            7.59 |            8412.57 |     0.7078179378344226
 AAAAAAAAHDDDAAAA | Positive, european laws tell polit                                                                                                                                                                       | Shoes                                              | athletic                                           |            1.47 |            6597.25 |     0.5550803013084163
 AAAAAAAAHDPAAAAA | Questions produce. British, left tickets close                                                                                                                                                           | Shoes                                              | athletic                                           |            6.88 |            2175.58 |    0.18304924050484134
 AAAAAAAAHMADAAAA | Measures discuss extensive, scientific claims; real, crucial procedures shall stay in order at a meals; effects see less complete cells. Royal plans w                                                   | Shoes                                              | athletic                                           |            1.34 |            1743.38 |    0.14668473920119246
 AAAAAAAAHPDAAAAA | Interests ask provisions. Members recover at all patients. British institutions might not talk sure common talks. Pictures could not close again respectable, th                                         | Shoes                                              | athletic                                           |            1.59 |           26986.09 |      2.270559243372017
 AAAAAAAAIAPAAAAA | Good tea                                                                                                                                                                                                 | Shoes                                              | athletic                                           |            4.02 |             7729.4 |     0.6503372891634049
 AAAAAAAAIBJCAAAA | Foods appear extremely general eyes. Twin, different boys go quite libraries. Failures may marry later members. More simple specimens induce now to a rumours; patterns must go ways. Nec                | Shoes                                              | athletic                                           |           95.13 | 13373.140000000001 |     1.1251910387873183
 AAAAAAAAIBNDAAAA | Low, direct instruments get mentally in a jobs. Outside concerned children shall give boxes. However presidential ways shall focus more political,                                                       | Shoes                                              | athletic                                           |            0.94 | 1407.8600000000001 |     0.1184547126454306
 AAAAAAAAIBOCAAAA | Burning, different days concentrate at least for a groups. Applications reveal once good parts. Comm                                                                                                     | Shoes                                              | athletic                                           |            3.73 | 227.07999999999998 |   0.019106087357780164
 AAAAAAAAICBDAAAA | General women should not write implicitly                                                                                                                                                                | Shoes                                              | athletic                                           |            3.52 |            6710.82 |     0.5646358691313118
 AAAAAAAAICKCAAAA | Other roles would not provid                                                                                                                                                                             | Shoes                                              | athletic                                           |            3.06 |            4777.73 |      0.401989284621662
 AAAAAAAAIDNBAAAA | Too existing plants speak for a figures; decidedly available theories would obs                                                                                                                          | Shoes                                              | athletic                                           |               8 |            5284.44 |     0.4446229182532491
 AAAAAAAAIEEBAAAA | Here complex techniques must not check together. Important, other methods might select variable fingers. Economic, dry decisions afford both new, other teachers. Really real plans must thi             | Shoes                                              | athletic                                           |             1.2 |            5239.96 |     0.4408804540746598
 AAAAAAAAIFDDAAAA | Toxic owners should not                                                                                                                                                                                  | Shoes                                              | athletic                                           |            9.47 |             808.65 |    0.06803830166403439
 AAAAAAAAIHEDAAAA | Privileges will evaluate in the rewards. Philosophical, other changes drive extremely new, new councillors. Local years benefit so specialist, high pp.; onc                                             | Shoes                                              | athletic                                           |            1.08 |            8271.48 |      0.695946888577292
 AAAAAAAAIIECAAAA | Right, rare years must maintain originally deliberate detectives; accountants may s                                                                                                                      | Shoes                                              | athletic                                           |            2.85 | 2753.0299999999997 |    0.23163480570102837
 AAAAAAAAIIJAAAAA | As different settings stay particularly no longer national companies. Individual amounts will not get more passengers. Teams tell human provisions; never professional mammals canno                     | Shoes                                              | athletic                                           |            3.02 |             500.78 |    0.04213469449986414
 AAAAAAAAIIPDAAAA | Welsh, simple rules should not plan good, marginal decisions. So only pieces cannot ask accurate, other years. More great stairs co                                                                      | Shoes                                              | athletic                                           |            2.18 |           13996.79 |     1.1776637857517342
 AAAAAAAAIJFAAAAA | Social, different departments mind afterwards before a rights. Technical, early documents will not cause still relative months; full school                                                              | Shoes                                              | athletic                                           |            2.52 |            5485.33 |     0.4615254278943644
 AAAAAAAAILCEAAAA | More than dynamic bands go therefore rural pp.. Proposed, specified races light much sad words. Quiet models must say useful, present governments. National objects learn also others. As small areas ca | Shoes                                              | athletic                                           |            4.48 |            3773.64 |    0.31750702614414983
 AAAAAAAAILGDAAAA | Communist                                                                                                                                                                                                | Shoes                                              | athletic                                           |            2.53 |           10519.15 |     0.8850616471269738
 AAAAAAAAIOBCAAAA | Things may not abandon thus almost british clients. Central, potential contexts sell most a                                                                                                              | Shoes                                              | athletic                                           |            7.29 |                  0 |                      0
 AAAAAAAAJAJBAAAA | Holes used to provide women. Socialist victims volunteer problems. Artificial aspects                                                                                                                    | Shoes                                              | athletic                                           |            4.08 |           14358.98 |     1.2081377763282466
 AAAAAAAAJDGBAAAA | Groups take again perfect shops. Words explor                                                                                                                                                            | Shoes                                              | athletic                                           |            9.87 |              250.5 |    0.02107660244461833
 AAAAAAAAJDLCAAAA | Ears face certainly other, technical days. General, total blocks print as green, outdoor records. Feet decay grants. Minutes ought to find initially. Working, productive deputies mig                   | Shoes                                              | athletic                                           |            1.66 |             2837.7 |    0.23875878146544288
 AAAAAAAAJFPCAAAA | Decisions say very old circumstances. O                                                                                                                                                                  | Shoes                                              | athletic                                           |            1.25 |            5487.02 |     0.4616676213399987
 AAAAAAAAJGFCAAAA | Irish, european farmers can average from a girls; subsequent copies would assess silent, long stations. Full child                                                                                       | Shoes                                              | athletic                                           |            0.72 |  8102.860000000001 |     0.6817595165045912
 AAAAAAAAJKDAAAAA | Soon confident hands want easier. Ministers kill liable, funny individuals. Ol                                                                                                                           | Shoes                                              | athletic                                           |            3.88 |            2002.75 |    0.16850764689005734
 AAAAAAAAJMEDAAAA | New designs may wait only true ministers. High, black implications should explain as to a metres. New fields used to enable subsequent persons. Systems might produce soon tests; other, social architec | Shoes                                              | athletic                                           |            0.27 |              61.76 |   0.005196371125667179
 AAAAAAAAJOACAAAA | Also public things may mean besides with a efforts. Ment                                                                                                                                                 | Shoes                                              | athletic                                           |            8.53 |            3881.88 |     0.3266141377154292
 AAAAAAAAJPFCAAAA | Considerable, complete eyes circumvent for a patients. Normal police shall mark impossible, simple offences. Satisfactory, actual thoughts thi                                                           | Shoes                                              | athletic                                           |            5.65 |            9545.08 |     0.8031052154174753
 AAAAAAAAKCKDAAAA | Well huge services act away fees. Old-fashioned, other columns give all right leaders; artists monitor geographical, young years. Theories us                                                            | Shoes                                              | athletic                                           |            3.84 |  5411.199999999999 |     0.4552882680571605
 AAAAAAAAKFACAAAA | Still eastern creatures might agree true services. Writings ask since a judges. Special, independent objectives ought to abolish democratic, necessary hands. Fellow horses withdraw soon european cou   | Shoes                                              | athletic                                           |            7.19 | 2064.8599999999997 |    0.17373346636245351
 AAAAAAAAKFDEAAAA | Blind minutes ought to complain right with a roles. Again sound services ought to accept. Vocational members will stand. Hands would not produce mo                                                      | Shoes                                              | athletic                                           |            1.69 |              780.2 |    0.06564457176563362
 AAAAAAAAKFKAAAAA | Heavy, social clothes will develop nearly. Orders dive                                                                                                                                                   | Shoes                                              | athletic                                           |            8.34 |            3131.76 |       0.26350044100582
 AAAAAAAAKFNBAAAA | Questions help. Routes meet thus now ridiculous materials. Typical, other animals reach again fun glasses. Often great objects shall get motives. Soviet objections keep in a gates; available,          | Shoes                                              | athletic                                           |            4.54 |            9887.41 |     0.8319082226624501
 AAAAAAAAKGPDAAAA | Now low conditions fulfil perhaps principa                                                                                                                                                               | Shoes                                              | athletic                                           |            3.74 |             367.64 |   0.030932543404149637
 AAAAAAAAKHODAAAA | Real aware chemicals run mostly values. Equally religious characters imagine logical, current representations. Normal wages see natural s                                                                | Shoes                                              | athletic                                           |             2.5 | 13007.609999999999 |     1.0944360268448776
 AAAAAAAAKILAAAAA | Growing, obvious times should escape just national arms; finally adverse users may not                                                                                                                   | Shoes                                              | athletic                                           |            8.95 |            6493.46 |      0.546347604431263
 AAAAAAAAKJICAAAA | From time to time round customers provide basically. Adde                                                                                                                                                | Shoes                                              | athletic                                           |           71.09 |             185.68 |   0.015622768630406117
 AAAAAAAAKJKAAAAA | Yards agree. Just customers will not release. Collective signs prove supreme, afraid players. Again small officials make before a members; white, joint winds ought to take still. C                     | Shoes                                              | athletic                                           |             1.3 |            2485.79 |    0.20914973090142835
 AAAAAAAAKKCDAAAA | Probably primary plans survive; theoretical, dependent reports                                                                                                                                           | Shoes                                              | athletic                                           |            7.76 |            9228.65 |      0.776481385830447
 AAAAAAAAKKEBAAAA | Talks ought to kill improvements. Underlying, civil decades last now again awkward years. Simple lights attack also financial sentences; girls change especially homes. Eyes interfere sites. Appa       | Shoes                                              | athletic                                           |           39.83 | 2377.6000000000004 |    0.20004682623682457
 AAAAAAAAKNCBAAAA | Automatic offences put national vehicles. Act                                                                                                                                                            | Shoes                                              | athletic                                           |            1.44 |           11624.48 |     0.9780620502411853
 AAAAAAAAKNFEAAAA | Across lively girls may not indicate. Only splendid companies go about. Big, marginal participants can use approximately clear, dirty companies. Genuine funds will occupy please b                      | Shoes                                              | athletic                                           |            10.4 |            2448.31 |     0.2059962336574192
 AAAAAAAAKOEEAAAA | Real weeks change by far good delightful parties. Independent, good bonds might note relatively under a types; even conscious persons rely too other, marginal programmes. Potential scenes can allo     | Shoes                                              | athletic                                           |            8.05 |            1157.62 |    0.09739998611552524
 AAAAAAAAKPBCAAAA | Most political sons ought to understand circa more than past products. Able, random situations can hear at first ever nervous millions. Commercial expec                                                 | Shoes                                              | athletic                                           |            5.69 |             1644.3 |    0.13834833293287793
 AAAAAAAALBKDAAAA | Free studies would help so visible, integrated others. Professional powers think doubly suitable photograph                                                                                              | Shoes                                              | athletic                                           |             1.8 |                  0 |                      0
 AAAAAAAALCFBAAAA | So sufficient years introduce never. Features give acceptable terms. Courses could encourage even authorities. Sure examples encourage under the signs. Often equa                                       | Shoes                                              | athletic                                           |            8.53 | 3812.6800000000003 |    0.32079177887643684
 AAAAAAAALIADAAAA | Very royal applications transcend new sheets. Then suitable personne                                                                                                                                     | Shoes                                              | athletic                                           |            8.89 |             9118.8 |      0.767238811864214
 AAAAAAAALIFEAAAA | Good good tiles fight alone serious weapons; full, national changes maximise certainly                                                                                                                   | Shoes                                              | athletic                                           |            3.13 |            1411.01 |    0.11871974776599167
 AAAAAAAALKKDAAAA | Steep families achieve. Constant, industrial men become just. Considerable children should think more critical, twin mothers. Public uses could not find on the shoulders. Resu                          | Shoes                                              | athletic                                           |            6.94 |            5168.14 |     0.4348376533258675
 AAAAAAAALKMBAAAA | More than british agents used to host clearly increased desperate                                                                                                                                        | Shoes                                              | athletic                                           |            4.93 |            8998.54 |     0.7571203599281272
 AAAAAAAALLPDAAAA | Servants take very likely, obvious eyes. Restrictions must embrace carefully full months. Also formal friends may not mean always more than weekly colleagues. Financial, specific places think nev      | Shoes                                              | athletic                                           |             0.9 |           16575.36 |      1.394619852680355
 AAAAAAAALMOAAAAA | Here professional groups shall pull similarly industrial types. Cities ought to run very dependent discussions. Perfect, able forces should not make so parameters. General, new cour                    | Shoes                                              | athletic                                           |            3.56 |            6146.28 |     0.5171365272387576
 AAAAAAAALNKDAAAA | Significant objects matter dependent supporters. Wooden, monthly players help beside the methods. More new tensions fight literary questions. Deeper black lips noti                                     | Shoes                                              | athletic                                           |            7.93 |            10292.5 |     0.8659917391666035
 AAAAAAAALNMBAAAA | Direct, important centuries protest fast costly windows. As adult women will not recycle perma                                                                                                           | Shoes                                              | athletic                                           |            4.49 |           14490.11 |      1.219170809775603
 AAAAAAAAMCKCAAAA | Yet necessary windows take circumstances. Unable, chief seconds should change always. Evolutionary employees establish short                                                                             | Shoes                                              | athletic                                           |           49.61 |           19509.52 |     1.6414945985043123
 AAAAAAAAMDABAAAA | Years think simple feet. Never british feet spend. Organisational, essential molecules will understand a                                                                                                 | Shoes                                              | athletic                                           |            7.19 |               5256 |    0.44223002973618347
 AAAAAAAAMFDAAAAA | Hardly d                                                                                                                                                                                                 | Shoes                                              | athletic                                           |           43.31 |            1801.83 |    0.15160261310493672
 AAAAAAAAMFJAAAAA | Current shoes used to mention perhaps to a legs. Justly possible seconds must come little. Pretty political gods would                                                                                   | Shoes                                              | athletic                                           |            2.62 | 4441.0199999999995 |     0.3736591336870215
 AAAAAAAAMGEBAAAA | Likely woods boost either rural, present magistrates; of course catholic styles make as to a students. Habits prevent public, basic policies. Clear bright areas adopt eve                               | Shoes                                              | athletic                                           |            1.38 |              269.8 |   0.022700468421389328
 AAAAAAAAMGNDAAAA | Figures will interfere. Only general others love social boats. Reduced events command better states; above right men opt tomorrow separate areas. Excellent, visual words hear alrea                     | Shoes                                              | athletic                                           |            5.11 |            5820.77 |     0.4897487233994453
 AAAAAAAAMHHDAAAA | Original, final offi                                                                                                                                                                                     | Shoes                                              | athletic                                           |            8.27 | 2812.7799999999997 |    0.23666205917833755
 AAAAAAAAMICBAAAA | Elements go special conditions. Special, normal clients could not speak. Somewhere united jobs could try. Regional rates neg                                                                             | Shoes                                              | athletic                                           |            9.67 |           19852.64 |     1.6703640748747612
 AAAAAAAAMJEAAAAA | Conservatives used to develop so linear jobs. Social sa                                                                                                                                                  | Shoes                                              | athletic                                           |            6.82 |            9521.74 |      0.801141431381318
 AAAAAAAAMNCBAAAA | Areas may understand already minutes. Japan                                                                                                                                                              | Shoes                                              | athletic                                           |            0.28 |           17601.44 |      1.480952308713784
 AAAAAAAAMONBAAAA | Small, other researchers take. There different markets might go redundant, true regulations; senior, ju                                                                                                  | Shoes                                              | athletic                                           |            6.39 | 21345.200000000004 |     1.7959452874286121
 AAAAAAAAMPGCAAAA | Wal                                                                                                                                                                                                      | Shoes                                              | athletic                                           |            6.04 |            3664.95 |    0.30836205241279024
 AAAAAAAANANCAAAA | Nice, annual components should make steps. American, responsi                                                                                                                                            | Shoes                                              | athletic                                           |           30.42 |           16148.56 |      1.358709697297668
 AAAAAAAANAOBAAAA | More massive companies go with the lives. White, underlying animals could imagine sorry, upper ways; cat                                                                                                 | Shoes                                              | athletic                                           |            0.92 |            1734.27 |    0.14591824080490315
 AAAAAAAANBLAAAAA | Dependent, primary types roll often levels. Scient                                                                                                                                                       | Shoes                                              | athletic                                           |            2.03 |            9490.97 |     0.7985525010131705
 AAAAAAAAOBOAAAAA | Offices would mean there. More other firms used to claim offers. Indeed young claims write more essential purposes. Simple photographs carry enough from the agents. Domestic days must kn               | Shoes                                              | athletic                                           |            7.19 |            7717.28 |     0.6493175349852461
 AAAAAAAAODJCAAAA | Economic projects strip earnings. Mea                                                                                                                                                                    | Shoes                                              | athletic                                           |            4.48 |            6659.31 |      0.560301913874137
 AAAAAAAAOEBEAAAA | Much brief plants could dig firmly into the divisions. Endless miles can prepare simpl                                                                                                                   | Shoes                                              | athletic                                           |            3.31 |           10549.53 |     0.8876177636230517
 AAAAAAAAOEIDAAAA | Hardly prime purposes can deal common levels. Objectives tour now high issues; affairs might use slightly wide systems; all other systems may need                                                       | Shoes                                              | athletic                                           |            2.58 |            6613.71 |     0.5564652149860149
 AAAAAAAAOGPCAAAA | Thoughts will not prepa                                                                                                                                                                                  | Shoes                                              | athletic                                           |            4.91 |            1871.95 |    0.15750237902675962
 AAAAAAAAOIKAAAAA | Issues form still working terms. Relevant positions want too final sets. Aside small months cannot try young teeth. Social, important things would take relevant, armed ways. Then tradi                 | Shoes                                              | athletic                                           |            0.41 |            4630.95 |     0.3896394893848514
 AAAAAAAAOJAAAAAA | Throughout main states want thus major, new pockets. Idly young breasts thank bc resulting parties. Costs taste too free critics. Eyes ought to mo                                                       | Shoes                                              | athletic                                           |            9.01 |           12550.59 |     1.0559832170674746
 AAAAAAAAOKDEAAAA | Everyday, southe                                                                                                                                                                                         | Shoes                                              | athletic                                           |            7.56 | 3479.5200000000004 |    0.29276031831576205
 AAAAAAAAOKIDAAAA | Silent laws build always to a personnel. Alw                                                                                                                                                             | Shoes                                              | athletic                                           |            4.56 |  8802.949999999999 |     0.7406637823946225
 AAAAAAAAOLGBAAAA | White descriptions pay british facilities. Walls conceive afraid farmer                                                                                                                                  | Shoes                                              | athletic                                           |            8.48 | 3395.6899999999996 |    0.28570701858349706
 AAAAAAAAOMFDAAAA | Further genetic others might suffice deliberately. Fresh, possible teachers come as behind a times. Eastern surveys cannot break little risks. Recent, main routes                                       | Shoes                                              | athletic                                           |             6.9 |  6028.400000000001 |     0.5072183240604278
 AAAAAAAAONPBAAAA | Real users shall not illustrate                                                                                                                                                                          | Shoes                                              | athletic                                           |            6.48 |            2009.74 |     0.1690957724433024
 AAAAAAAAOPFEAAAA | Years must eat about national origins. Simply blind                                                                                                                                                      | Shoes                                              | athletic                                           |            6.46 | 10852.279999999999 |     0.9130905835436433
 AAAAAAAAOPIAAAAA | Pleasant hours must decide rather changing men. Men get. Areas run naturally. Years will                                                                                                                 | Shoes                                              | athletic                                           |            3.78 |              518.5 |    0.04362562222568705
 AAAAAAAAOPMCAAAA | Again american breas                                                                                                                                                                                     | Shoes                                              | athletic                                           |             5.3 |             576.83 |   0.048533399553409955
 AAAAAAAAPFACAAAA | Boys should exploit equally of course other terms. Authorities fail m                                                                                                                                    | Shoes                                              | athletic                                           |            1.17 |            1553.82 |    0.13073551461276192
 AAAAAAAAPGDEAAAA | Unlikely, recent men compete contemporary, possible directors. Quickly good attempts could seem presumably pounds. Narrow, usual securities could satisfy to a homes. Comfortable years                  | Shoes                                              | athletic                                           |            6.35 |            2262.13 |    0.19033139596025736
 AAAAAAAAPGGBAAAA | Public forces should believe over only special aspects. Ch                                                                                                                                               | Shoes                                              | athletic                                           |            2.13 |            7826.66 |     0.6585205640287286
 AAAAAAAAPHOBAAAA | Enormous eyes would see above civil, critical arms. Armed cases must say on a sports. Studies shall turn of course never significant                                                                     | Shoes                                              | athletic                                           |            3.98 |            2817.32 |    0.23704404630447953
 AAAAAAAAPIIDAAAA | Public, fine adults excuse inevitably by the legs. Immediate, great times may get true, co                                                                                                               | Shoes                                              | athletic                                           |           54.48 | 16888.309999999998 |     1.4209508815627632
 AAAAAAAAPKCBAAAA | Strongly grateful trees win however highly foreign trends. Initial, alternative pp. come hands. Visible interests shall not leave small facilities. Friends imagine usual companies. Vast activities ma  | Shoes                                              | athletic                                           |             0.6 |           12697.27 |     1.0683245984909342
 AAAAAAAAPLBEAAAA | Possible things want at least related accountants. Equal relations may control because of an instructions. Persons cannot abandon most high                                                              | Shoes                                              | athletic                                           |            3.01 |            3004.42 |     0.2527862910844719
 AAAAAAAAPMNAAAAA | Skills pass then recently various weeks. So proper states should think with a states; careful, secret forces cannot leave nevertheless dead disputes; women                                              | Shoes                                              | athletic                                           |            2.24 |           14407.23 |      1.212197441270174
 AAAAAAAAPPEAAAAA | Months fit more apparent flowers. Politicians might limit by a solicitors; about equal comments will not reca                                                                                            | Shoes                                              | athletic                                           |            64.7 | 3005.3599999999997 |     0.2528653809299726
 AAAAAAAAAAIAAAAA | Beautiful, atomic children cover; weeks wi                                                                                                                                                               | Shoes                                              | kids                                               |           56.42 |            4569.21 |    0.30706162299722795
 AAAAAAAAABDEAAAA | Accused, right goods know catholic rounds. High,                                                                                                                                                         | Shoes                                              | kids                                               |            7.97 |            16527.2 |     1.1106665825382913
 AAAAAAAAABKDAAAA | Small, clear professionals find others. New pubs should emerg                                                                                                                                            | Shoes                                              | kids                                               |            0.19 |            5141.48 |     0.3455195084944197
 AAAAAAAAACDDAAAA | Really british fathers take on a groups. Numbers must not come anywhere perhaps cool days. Accordingly dynamic publications could c                                                                      | Shoes                                              | kids                                               |            5.46 |             1011.6 |    0.06798189136065005
 AAAAAAAAACLAAAAA | Circumstances ought to work special habits. Natural producers run at least late additional                                                                                                               | Shoes                                              | kids                                               |           96.69 |            1361.52 |    0.09149733563202081
 AAAAAAAAADEDAAAA | Beautiful, representative conditions will detect wide likely, medical fingers; times strengthen. Societies give in a injuries. New vegetables could not know further dogs. Big lads will                 | Shoes                                              | kids                                               |            4.28 |             4450.5 |    0.29908403272100936
 AAAAAAAAADNAAAAA | Then academic games will become guilty programs. Accounts believe. Various, complete re                                                                                                                  | Shoes                                              | kids                                               |             3.7 |            1603.88 |    0.10778449576464946
 AAAAAAAAAEDEAAAA | Singl                                                                                                                                                                                                    | Shoes                                              | kids                                               |            7.64 |  9741.560000000001 |     0.6546556678561232
 AAAAAAAAAFLDAAAA | Actually useful spirits put in accordance with a colleagues. Young thousands assess sincerely; remote, future points can decide. Ideas plot still. Articles take more white securities. Tiny tables woul | Shoes                                              | kids                                               |            0.47 |              29.82 |    0.00200397390309864
 AAAAAAAAAGLAAAAA | Definitely modern parts should not go for a children. Implications achieve however th                                                                                                                    | Shoes                                              | kids                                               |            2.78 |            2682.96 |    0.18030120130977625
 AAAAAAAAAJABAAAA | New, common environments enquire so by a ways. New, other quantities should like so meetings; british, regular ty                                                                                        | Shoes                                              | kids                                               |            0.14 | 2802.3599999999997 |    0.18832516120347098
 AAAAAAAAAJDBAAAA | Available, angry services buy properly confident rooms. Intense, internal measurements will not meet usually in a children. Happy details go                                                             | Shoes                                              | kids                                               |           58.69 |             2581.5 |    0.17348285147046075
 AAAAAAAAALFAAAAA | Still, able others might not kill. Patients feel g                                                                                                                                                       | Shoes                                              | kids                                               |           13.43 |             3744.9 |     0.2516660586758584
 AAAAAAAAAMLCAAAA | Irish readers must look temporarily minute, golden features. E                                                                                                                                           | Shoes                                              | kids                                               |            6.04 |             433.81 |   0.029153048923649266
 AAAAAAAAANHCAAAA | Yet like walls give never entire classes. Never indian poles must not make nowhere dark times                                                                                                            | Shoes                                              | kids                                               |            5.78 |           16804.94 |     1.1293313616075942
 AAAAAAAAANKAAAAA | Small, major feelings cannot happen parallel days. Exactly residential hands wear slightly by the observers. Daily, valuable fields should not like more states; early gover                             | Shoes                                              | kids                                               |             1.1 |            9830.02 |     0.6606003872212507
 AAAAAAAAAOBCAAAA | Excitin                                                                                                                                                                                                  | Shoes                                              | kids                                               |            2.62 | 3112.5699999999997 |    0.20917200038791867
 AAAAAAAAAOJAAAAA | Simple organizations must not establish implicit ideas. Views give too british minutes. Ill, soft reasons write in a consumers. Players describe however. Critics poison about; ladies                   | Shoes                                              | kids                                               |             3.7 |            2199.69 |    0.14782432444356297
 AAAAAAAAAPAEAAAA | Clear abilities make again low decisions. Criminal, independent beliefs give otherwise proposals; less sole days could offer on a years. Runs affect there afraid, additional point                      | Shoes                                              | kids                                               |             4.8 |             567.04 |    0.03810641723719158
 AAAAAAAAAPBDAAAA | Of course british days ca                                                                                                                                                                                | Shoes                                              | kids                                               |           82.16 |             132.93 |   0.008933207610291826
 AAAAAAAABABCAAAA | Presently hard b                                                                                                                                                                                         | Shoes                                              | kids                                               |            0.91 |             955.38 |    0.06420377557150835
 AAAAAAAABFCCAAAA | Ways adapt partly trees. More old things believe then recent reports. Around retail things may make commercial homes. Professional deta                                                                  | Shoes                                              | kids                                               |            6.93 |             167.56 |    0.01126042478883998
 AAAAAAAABJIBAAAA | Emotions will not expect merely after the advances. Duties must not delay; also short years occur however with a democrats. Materials can absorb hitherto f                                              | Shoes                                              | kids                                               |            0.96 |            17812.5 |     1.1970417554978046
 AAAAAAAABPECAAAA | Particular users grow more rewards. Old, original places take to a re                                                                                                                                    | Shoes                                              | kids                                               |            7.95 |           16125.45 |     1.0836680407686776
 AAAAAAAACAGDAAAA | Partners put so other members. Enough official issues might prevent in general regular important magazines; strategies make once away from a questions.                                                  | Shoes                                              | kids                                               |            5.32 |            4259.83 |       0.28627056175844
 AAAAAAAACDCAAAAA | Nice, public figures may                                                                                                                                                                                 | Shoes                                              | kids                                               |            6.89 |           12580.08 |     0.8454108658247197
 AAAAAAAACDGAAAAA | Junior problems might permit only liberal problems. Sudden, difficult funds play modern, social employees. Armed types consider common, coming allowances. Bo                                            | Shoes                                              | kids                                               |            1.16 |            2070.09 |    0.13911490063935159
 AAAAAAAACEKAAAAA | Facilities would like somehow following shares. Sometimes expensive pains believe both bad results. Special, careful                                                                                     | Shoes                                              | kids                                               |            2.73 |             974.01 |    0.06545575524336374
 AAAAAAAACEMBAAAA | Blocks should resume days. Phases could not appear subsequently also full systems. Cor                                                                                                                   | Shoes                                              | kids                                               |            0.92 |            8146.15 |     0.5474403759465791
 AAAAAAAACEOCAAAA | Terms ought to react. Small d                                                                                                                                                                            | Shoes                                              | kids                                               |             4.5 |            4213.07 |     0.2831281801451304
 AAAAAAAACGFEAAAA | Direct, ideal years give so really good things. Ever sorry acts would not think maybe. Blue blacks aspire as a pieces.                                                                                   | Shoes                                              | kids                                               |            1.91 |             288.68 |   0.019399972714504207
 AAAAAAAACGMCAAAA | Naval, intimate words ought to answer rather. Up                                                                                                                                                         | Shoes                                              | kids                                               |            3.01 | 4621.0599999999995 |    0.31054606454235417
 AAAAAAAACHICAAAA | Years identify there narrow nerves. Fields expect also unemployed children. Economic months prevent l                                                                                                    | Shoes                                              | kids                                               |            3.93 |  9173.910000000002 |     0.6165082571889889
 AAAAAAAACIABAAAA | Beneficial purposes stabilize thus genetic, daily trees. Most national circumstances think with a firms. As other citizens talk only still ind                                                           | Shoes                                              | kids                                               |            1.61 |            5808.94 |     0.3903743851329918
 AAAAAAAACIPBAAAA | Controversial, public reasons cry quickly yet public principles; general, white children must adopt only more strategic developments. Chapters must not live yet strong, black students. Terms sho       | Shoes                                              | kids                                               |            0.86 |           10433.84 |     0.7011785066769523
 AAAAAAAACJFBAAAA | Local, single reports move for a changes. Wild, alone cultures follow only consistent problems. All african teachers can provide tomorrow. Explicit, american farmers cou                                | Shoes                                              | kids                                               |            1.07 |  5625.849999999999 |    0.37807030793921814
 AAAAAAAACKGBAAAA | Clear, changing surroundings ma                                                                                                                                                                          | Shoes                                              | kids                                               |            7.35 |               2.62 | 0.00017607014172094023
 AAAAAAAACKKAAAAA | Seconds must try really confident forces. Operations should remember for a benefits. Terms ought to block finally approximately liberal attitudes. Dynamic details might benefit also on a police. Ago   | Shoes                                              | kids                                               |            8.38 |  689.8199999999999 |   0.046357521054175184
 AAAAAAAACLMDAAAA | Points might look by a conditions. Material, powerful eyes might not help up a examples; really different nerves make                                                                                    | Shoes                                              | kids                                               |            3.99 |                    |                       
 AAAAAAAACNLCAAAA | Processes would not stay really in a theories; economic, isolated lines should not get there in the youngsters; si                                                                                       | Shoes                                              | kids                                               |            4.97 |             5716.3 |     0.3841487599692407
 AAAAAAAACNPBAAAA | Groups must not concentrate key standards. Relations would not maintain never big computers. Financial processes                                                                                         | Shoes                                              | kids                                               |            3.19 |             7842.1 |     0.5270075032022081
 AAAAAAAACOGAAAAA | Horses may tell far just busy others. Financial houses give now blue parts. Little, effective pensions bother exceptionally costs. Open issues shall contact. Uses force t                               | Shoes                                              | kids                                               |            16.8 |            3816.32 |    0.25646565009635824
 AAAAAAAACPHCAAAA | Please thick thanks make studies. Masters might concentrate better restaurants. Scottish, clear artists ought to love there to a reforms. Photograph                                                     | Shoes                                              | kids                                               |           93.22 |             144.54 |   0.009713426826085763
 AAAAAAAACPIAAAAA | Expectations rescue normally by a spea                                                                                                                                                                   | Shoes                                              | kids                                               |           81.08 |            7401.33 |    0.49738672596314754
 AAAAAAAACPKBAAAA | Plain, clean letters can realise devices. Arms ask travellers. Sometimes national others take indu                                                                                                       | Shoes                                              | kids                                               |            1.05 |            1041.62 |    0.06999930573258234
 AAAAAAAADABDAAAA | T                                                                                                                                                                                                        | Shoes                                              | kids                                               |            3.78 |            1240.62 |     0.0833725722220736
 AAAAAAAADAHDAAAA | Major, flexible computers remove more fine components. Still central problems can get at least similar days. However strong entries see here local colleagues                                            | Shoes                                              | kids                                               |            0.81 |            7722.09 |     0.5189425498785707
 AAAAAAAADDDBAAAA | Long-term vessels sha                                                                                                                                                                                    | Shoes                                              | kids                                               |            0.96 |               1024 |    0.06881520042833694
 AAAAAAAADFCAAAAA | Liberal, routine books shall include against a agreements; finally applicable cases see well similar societies; special, political n                                                                     | Shoes                                              | kids                                               |            1.98 |            2973.18 |    0.19980466563429963
 AAAAAAAADFHBAAAA | Public contents used to tell sort of                                                                                                                                                                     | Shoes                                              | kids                                               |            0.26 |            5259.46 |    0.35344804105939553
 AAAAAAAADGPBAAAA | However commercial carers cannot say comprehensive companies. Often concerned goods might pull badly. New, racial objections would send just deeper good russians. Banks may                             | Shoes                                              | kids                                               |            1.75 |            1277.55 |    0.08585435479220885
 AAAAAAAADMAEAAAA | Cars minimise royal schools; very natural users provide here versus the channels. Political, green holders can say somehow. Members mean equal discussions. Superior, fine areas cannot res              | Shoes                                              | kids                                               |            9.05 |            9856.68 |     0.6623920017167775
 AAAAAAAADOEEAAAA | Much illegal minutes shall express enough pregnant mad passages. Keen, clear views would make ahead previously social years. Other, significant terms accept more individual owners. Childre             | Shoes                                              | kids                                               |            2.61 |  9282.050000000001 |     0.6237755186873486
 AAAAAAAAEABAAAAA | Various, old members used to collaborate as well like a towns. T                                                                                                                                         | Shoes                                              | kids                                               |            8.46 |             3808.2 |    0.25591996706171166
 AAAAAAAAEBKBAAAA | Famous, normal years destroy in a members. Shots write differently sexual children; other, severe standards withdraw generally variables. Natural, useful transactions ought to reflect                  | Shoes                                              | kids                                               |            2.22 |             1130.4 |    0.07596552984784384
 AAAAAAAAEFDCAAAA | Just cheap par                                                                                                                                                                                           | Shoes                                              | kids                                               |            3.97 |            4381.64 |     0.2944564793015804
 AAAAAAAAEFEBAAAA | Patients provide just. Alone processes should see merely at once suitable factors. Large, social others will keep now. Soviet, large ways would not get points; very simil                               | Shoes                                              | kids                                               |            6.29 |             8482.5 |      0.570043884407586
 AAAAAAAAEFEDAAAA | Now isolated feelings may not defend effectively in a types. Phys                                                                                                                                        | Shoes                                              | kids                                               |            9.01 |            9119.21 |     0.6128322889629829
 AAAAAAAAEFKBAAAA | Subjective, western books borrow for a drugs. Powerful, formal policies fire. Rather other values should get at random brit                                                                              | Shoes                                              | kids                                               |            5.51 |            3622.99 |    0.24347342089830123
 AAAAAAAAEIOCAAAA | Occasional subjects would help both british ways. Profits make then big barriers. Good activities renew. Managers would know overtly for a fields; new, public feet expect discussions. About unlikely l | Shoes                                              | kids                                               |            4.62 |            6885.67 |    0.46273316516932306
 AAAAAAAAEJCEAAAA | Royal eyes ought to educate sometimes open crews. Profits would not feel different, main patients. Personal friends shall take great resources. Fascinating, cheap readers may thin                      | Shoes                                              | kids                                               |            4.02 |            4159.86 |    0.27955234341193524
 AAAAAAAAEJFEAAAA | Blind purposes relax never sorry, long cells. Poor, available parties shrink truly hot arms. Else able hands would ask british years; key sources would not send enormously harsh,                       | Shoes                                              | kids                                               |            3.32 |              51.12 |   0.003435383833883383
 AAAAAAAAEJMAAAAA | Months used to work entirely. Comprehensive times disregard actually difficulties; at once similar officials find willing armies; new sectors shall use more words. Clear, economic d                    | Shoes                                              | kids                                               |            7.49 |            5132.57 |     0.3449207356078802
 AAAAAAAAEJPDAAAA | Full, responsible properties disagree in a costs; other settlements must examine ever blind ministers. Originally industrial minutes k                                                                   | Shoes                                              | kids                                               |            2.03 |           10195.21 |     0.6851420112880713
 AAAAAAAAEKGAAAAA | Polit                                                                                                                                                                                                    | Shoes                                              | kids                                               |            3.19 |            5000.35 |     0.3360352416619479
 AAAAAAAAEKGCAAAA | Languages say highly certain women. National responses feel at least ordinary, potential results; very black clothes would wan                                                                           | Shoes                                              | kids                                               |            4.03 |            5519.91 |     0.3709508915980287
 AAAAAAAAEKIBAAAA | Wealthy tests may not require soon small teachers. Organisers may ring. Carefully small causes l                                                                                                         | Shoes                                              | kids                                               |            5.57 |            5476.82 |    0.36805514258781674
 AAAAAAAAELEEAAAA | Trees used to perform there methods. At all definite gates should make to an ages. Small, strange decades ought to respond future areas.                                                                 | Shoes                                              | kids                                               |            3.54 |             884.68 |    0.05945256983880969
 AAAAAAAAELHBAAAA | Good, sure enemies watch thin ide                                                                                                                                                                        | Shoes                                              | kids                                               |            0.47 |            7126.55 |    0.47892086583258264
 AAAAAAAAEMAEAAAA | Comprehensive                                                                                                                                                                                            | Shoes                                              | kids                                               |            6.81 | 21166.370000000003 |     1.4224296815335338
 AAAAAAAAEMDEAAAA | Briefly young steps shall become less from a companies. Then real numbers become significantly adva                                                                                                      | Shoes                                              | kids                                               |            9.73 |            1167.94 |    0.07848830584792173
 AAAAAAAAEOEAAAAA | Often married companies touch common conditions. Major, innocent materials tell popular,                                                                                                                 | Shoes                                              | kids                                               |            4.61 |             855.44 |   0.057487573295328664
 AAAAAAAAEOLAAAAA | Here overseas wings decrease tenants. Legs might not shut almost nuclear drinks. Northern, likely authors speak great colours. British schools talk respectively                                         | Shoes                                              | kids                                               |            3.11 | 15785.210000000001 |      1.060803115188856
 AAAAAAAAEPGBAAAA | Other, normal odds can help far clever circumstances. Previously nice points can make always in a men. Controls can shoot; trees could not supply feelings. For example dead                             | Shoes                                              | kids                                               |            9.55 |            1478.49 |     0.0993579938293866
 AAAAAAAAEPKDAAAA | Sections take again in order single signs. Long christian families rea                                                                                                                                   | Shoes                                              | kids                                               |            0.82 | 15102.719999999998 |     1.0149381873174343
 AAAAAAAAFAKBAAAA | Children fade so waves. Simply daily guests cannot understand. Areas try. At first scientific animals tell as so original cars. Full, old rules raise major examples. Large, long goods                  | Shoes                                              | kids                                               |            1.28 |            2583.16 |    0.17359440736178014
 AAAAAAAAFBBAAAAA | Great, darling others might agre                                                                                                                                                                         | Shoes                                              | kids                                               |            3.58 |              150.4 |   0.010107232562911989
 AAAAAAAAFCFEAAAA | Parents think here briefly available meals. Only national doubts used to choose less in the taxes. Excessive, certain solicitors infer international terms. Already new processe                         | Shoes                                              | kids                                               |            0.56 |           13746.36 |     0.9237876157813221
 AAAAAAAAFFADAAAA | Serious, appropriate years might not run well instead right courses. Specified needs present tasks. Methods derive increasingly false losses. Extremely free effects bring regardless physical,          | Shoes                                              | kids                                               |            2.86 |            8804.34 |      0.591672286854711
 AAAAAAAAFFMDAAAA | New witnesses dislodge companies. Ancient, famous clergy need at least strong threats. Hours remember                                                                                                    | Shoes                                              | kids                                               |            1.04 | 3403.3700000000003 |     0.2287144420720597
 AAAAAAAAFNDEAAAA | More useful ideas                                                                                                                                                                                        | Shoes                                              | kids                                               |            0.87 |            8875.32 |     0.5964423092437768
 AAAAAAAAFOMAAAAA | Awful, dramatic years could feel m                                                                                                                                                                       | Shoes                                              | kids                                               |            8.48 |            5341.92 |    0.35898954635951336
 AAAAAAAAFPKBAAAA | Mechanisms may fit around the dangers. Men could form powers. New kings could not vote relatively in a pages. Machines would not interfere there specified, just rights. Young, local ideas used to ra   | Shoes                                              | kids                                               |            3.46 |            8215.07 |     0.5520719615066582
 AAAAAAAAGANAAAAA | British citizens might free so molecular workshops. Significant, definite legs ought to consider of course important, hungry transactions. Single, new                                                   | Shoes                                              | kids                                               |            4.53 |            2881.14 |     0.1936193618770495
 AAAAAAAAGBICAAAA | Often mad ingredients campaign rural, old interests. Cases shall not take firms. Islamic changes discuss still. More large visitors handle more to a parents. Prime, open tea                            | Shoes                                              | kids                                               |            1.58 |            1668.77 |    0.11214525587773032
 AAAAAAAAGDAEAAAA | Very practical teachers may not bear ever strong, future pictures. Shoulders may advance joint services. Carefully natural conditions might promote quickly new wooden author                            | Shoes                                              | kids                                               |            5.16 |            4463.89 |     0.2999838721094229
 AAAAAAAAGEKCAAAA | Wrong competitive members meet small participants; hands change at first cards. Due regulations trade ultimate thoughts. Effective, effective audiences will not remember in order wounds. Serious       | Shoes                                              | kids                                               |            3.34 |            5594.14 |     0.3759393216056414
 AAAAAAAAGEKDAAAA | Local, particular ideas could think assistant, dependent rights.                                                                                                                                         | Shoes                                              | kids                                               |            1.66 |             914.27 |    0.06144108720274963
 AAAAAAAAGFDAAAAA | Even electric things determine just grey races.                                                                                                                                                          | Shoes                                              | kids                                               |            1.88 |  949.4200000000001 |    0.06380324960026529
 AAAAAAAAGFMAAAAA | Arts use there critics. Re                                                                                                                                                                               | Shoes                                              | kids                                               |            2.78 |              88.64 |   0.005956815787077917
 AAAAAAAAGFNCAAAA | Financial decisions respect very absolute, unique numbers. Things could not say at l                                                                                                                     | Shoes                                              | kids                                               |            3.84 |             2675.6 |    0.17980659205669758
 AAAAAAAAGGOCAAAA | Future acts ought to fight most movements. Compulsory, special times shall not perform very only, able eyes. Over natural heels attract sure ears. Foreign, alone songs might not improve sternly num    | Shoes                                              | kids                                               |             8.1 |           19262.83 |      1.294507331315412
 AAAAAAAAGHBAAAAA | Respective, popular heels could not talk then neutral, logical manufacturers; likely, big children live. So equivalent constraints might not use runs. Good, clear compa                                 | Shoes                                              | kids                                               |            1.04 | 3402.4799999999996 |    0.22865463198574984
 AAAAAAAAGHJBAAAA | As old events thin                                                                                                                                                                                       | Shoes                                              | kids                                               |            3.53 |           11003.31 |     0.7394482256104729
 AAAAAAAAGHJDAAAA | Schools used to listen partially terms. Millions rethink ago more public statements; special villages u                                                                                                  | Shoes                                              | kids                                               |            4.36 |            1056.55 |    0.07100263673101503
 AAAAAAAAGIFBAAAA | Early new views seem always pregnant, legal unions. Rules could argue. New, international men wi                                                                                                         | Shoes                                              | kids                                               |            2.08 |  7451.439999999999 |     0.5007542354294209
 AAAAAAAAGIFDAAAA | Elements benefit forward western books; imperial, free rooms rally too.                                                                                                                                  | Shoes                                              | kids                                               |            8.18 |             4321.3 |     0.2904014898544653
 AAAAAAAAGIGAAAAA | Blocks will not sit sure, serious fragm                                                                                                                                                                  | Shoes                                              | kids                                               |            4.99 | 18125.260000000002 |     1.2180599606598814
 AAAAAAAAGJDEAAAA | Profits oppose further narrow stores. Architects shall face. Strictly single years used to say senior, primar                                                                                            | Shoes                                              | kids                                               |            4.51 |            9651.03 |     0.6485718396385671
 AAAAAAAAGJEDAAAA | Rather strange sections can understand later inadequate bizarre parties; centres shall not top surely great paths. Regions attain                                                                        | Shoes                                              | kids                                               |               4 |            6834.15 |     0.4592709003977724
 AAAAAAAAGJEEAAAA | Primarily narrow circumstances must support well. Right, unable goals may stop less than on a factors. Slightly economic parents make so black services. Departments ought to continue even inc, cen     | Shoes                                              | kids                                               |            6.55 |            5437.52 |     0.3654140904620026
 AAAAAAAAGKAAAAAA | Fairly eager inha                                                                                                                                                                                        | Shoes                                              | kids                                               |            2.65 |            4386.65 |     0.2947931630458635
 AAAAAAAAGKABAAAA | For example prime representations ought to change senior aspects. Local years control really. Following products will kiss functions. Already immediate arms issue directly more conce                   | Shoes                                              | kids                                               |            0.88 | 10490.949999999999 |     0.7050164325524038
 AAAAAAAAGLGCAAAA | Details will leave at a eyes; sometimes keen factors could not let socially political conservative studies. Animals shall not work like british ye                                                       | Shoes                                              | kids                                               |            4.19 |            1234.23 |    0.08294314924283819
 AAAAAAAAGLLBAAAA | Short plants overcome open free newsp                                                                                                                                                                    | Shoes                                              | kids                                               |            9.87 |            8449.04 |     0.5677952939717149
 AAAAAAAAGLNBAAAA | Initially natural americans might leave today heavy products. Strengths could complete presumably unwittingly sure demands. Social years ought to become so; personal ends mean enough black, fresh wome | Shoes                                              | kids                                               |               2 |              129.7 |   0.008716144038628222
 AAAAAAAAGMABAAAA | Companies play. Fine proteins should seem so even effective payments. Moving, parliamentary efforts tell cool. Foreign, military conditions ought to leave more. Forward, euro                           | Shoes                                              | kids                                               |           65.54 |             627.84 |    0.04219231976262409
 AAAAAAAAGMACAAAA | Individual workshops understand ready efforts. Natural workers match really individual women. Furious schools enter naturally maxi                                                                       | Shoes                                              | kids                                               |            8.26 |  8751.630000000001 |     0.5881300512936001
 AAAAAAAAGNCBAAAA | Even fond artists could vary low. Boo                                                                                                                                                                    | Shoes                                              | kids                                               |           32.86 |            7564.04 |     0.5083212193827713
 AAAAAAAAGNGBAAAA | Commercial, clear police could wait sole, labour mines. Other, initial rates may know to a gir                                                                                                           | Shoes                                              | kids                                               |            4.19 |             3411.9 |    0.22928767806781525
 AAAAAAAAGNHDAAAA | Relentlessly open forms take otherwise good ministers. Just s                                                                                                                                            | Shoes                                              | kids                                               |            2.56 |            8339.77 |     0.5604520938244449
 AAAAAAAAGOCAAAAA | Widely liable names captur                                                                                                                                                                               | Shoes                                              | kids                                               |            3.54 |            1611.71 |    0.10831069011948724
 AAAAAAAAGOOAAAAA | Really upper workers stay usually leaders. Areas will not take. Mad habits should not increase other, possible differences. Complex, electrical sales can get comprehensive colours. Black,              | Shoes                                              | kids                                               |            6.34 |            1402.61 |    0.09425867995389617
 AAAAAAAAHAAAAAAA | Phenomena demand hard p                                                                                                                                                                                  | Shoes                                              | kids                                               |            7.13 |               2537 |     0.1704923471549715
 AAAAAAAAHAPDAAAA | Participants swim. Big, old interests cos                                                                                                                                                                | Shoes                                              | kids                                               |            2.86 |  9163.449999999999 |     0.6158053206689884
 AAAAAAAAHBFDAAAA | Lists ought to see anywhere upper, other flower                                                                                                                                                          | Shoes                                              | kids                                               |            9.01 | 12213.819999999998 |     0.8207973352496388
 AAAAAAAAHBIDAAAA | More great children obey lands. Great, english police send thus then annual profits. True men designate bett                                                                                             | Shoes                                              | kids                                               |            4.53 |                7.7 |   0.000517458050095893
 AAAAAAAAHGFBAAAA | Newspapers must wish often new years. Then different eyes must not sleep yet historical, other cases; authorities ought to wear particularly clearly big seconds. Minute                                 | Shoes                                              | kids                                               |            3.48 |            6331.84 |     0.4255144908985947
 AAAAAAAAHIBAAAAA | Here professional areas form residents. Purposes will not explain even only foreign rules. Names shall take enough too magnificent futures. Firm programmes resolve. Suddenly s                          | Shoes                                              | kids                                               |            2.48 |            5644.49 |    0.37932295963451523
 AAAAAAAAHIEDAAAA | Organisations could not pin through a parts. Southern, consistent firms make more still mental plans. Children add also instead warm regul                                                               | Shoes                                              | kids                                               |             0.7 |            4081.15 |    0.27426284690244856
 AAAAAAAAHIHAAAAA | Married results simplify tightly fixed, general branches. Arbitrary, sorry ways would not consider right eyes. European, successful duties will                                                          | Shoes                                              | kids                                               |             3.3 |            4452.43 |    0.29921373324525413
 AAAAAAAAHJGAAAAA | Ago senior proposals could not save always amazing, hungry regions. Papers ask best tall, industrial problems. Running jobs will say to a damages. As well likely                                        | Shoes                                              | kids                                               |             1.1 | 21838.239999999998 |     1.4675809205098878
 AAAAAAAAHKFAAAAA | Proposed areas                                                                                                                                                                                           | Shoes                                              | kids                                               |            4.48 |             1859.6 |    0.12496947921536658
 AAAAAAAAHKIAAAAA | Soon premier sons remember international consequences. Just old problems want ago ways. Technical hands could not establish everyday substances. White preferences should not state eithe                | Shoes                                              | kids                                               |           61.55 |  5170.089999999999 |     0.3474421675610747
 AAAAAAAAHLJBAAAA | Attractive, legal programmes enhance just. Forma                                                                                                                                                         | Shoes                                              | kids                                               |            0.17 |            3173.49 |    0.21326596719465138
 AAAAAAAAHLNAAAAA | Extraordinary materials shall not trust personal, likely eyes. Actual hands say increasingly free patients. Identical, stupid cells find interested, main reserves. Other images stay then rational pr   | Shoes                                              | kids                                               |            0.36 | 3143.0499999999997 |    0.21122032783816838
 AAAAAAAAHLNDAAAA | Rural councils buy so much as emphatically special developments. Spanish dogs see onl                                                                                                                    | Shoes                                              | kids                                               |            2.15 |            5698.64 |    0.38296196657122855
 AAAAAAAAHPBCAAAA | Extreme questions refuse. Other eyes cannot split after the relationships. Rate                                                                                                                          | Shoes                                              | kids                                               |            5.44 |                798 |    0.05362747064630164
 AAAAAAAAIAHBAAAA | Political, modern shares bother just social, tall members; head, religious children may                                                                                                                  | Shoes                                              | kids                                               |            1.18 |            3309.22 |    0.22238734136861443
 AAAAAAAAIALBAAAA | Nuclear services must protect; powerful differences will not make only level, compatible connections. Sometimes used lines pass at least real arts. Suc                                                  | Shoes                                              | kids                                               |            9.22 |            4805.44 |    0.32293683276010493
 AAAAAAAAIAMDAAAA | Parents finish int                                                                                                                                                                                       | Shoes                                              | kids                                               |            4.56 |             1571.7 |    0.10562192432931365
 AAAAAAAAIBLAAAAA | Individual, encouraging clubs run very theoretical users; french, urgent techniques use. Structures can earn mere values. Youn                                                                           | Shoes                                              | kids                                               |            2.54 |             3653.7 |    0.24553720488770966
 AAAAAAAAIBNBAAAA | More separate                                                                                                                                                                                            | Shoes                                              | kids                                               |            0.53 |  4509.780000000001 |    0.30306778768330606
 AAAAAAAAIDIBAAAA | As annual programmes could not arrange levels. Deep words might not make too later static stories. Cultural, main types read thus                                                                        | Shoes                                              | kids                                               |            0.93 |            2387.85 |     0.1604691175222699
 AAAAAAAAIEKAAAAA | Basic visits see human meetings. Yet planned fans expect thus games. Rebels keep extensive tons. Children give also. Economic, racial studies might not say worlds. Inc, only fees                       | Shoes                                              | kids                                               |            4.09 |            7487.37 |     0.5031688156553878
 AAAAAAAAIFCCAAAA | Just different areas ought to win difficult, original children. Before natural examinations dismantle pre                                                                                                | Shoes                                              | kids                                               |            4.85 |            1957.02 |    0.13151633158424214
 AAAAAAAAIFNAAAAA | Assumptions could assist anywhere. Desirable problems shou                                                                                                                                               | Shoes                                              | kids                                               |            2.83 |            5767.72 |    0.38760430450637456
 AAAAAAAAIGDCAAAA | Universities happen really social conditions. Concrete cars might not eat even male parts. Short, german prices take at last good yards. Dark decisions woul                                             | Shoes                                              | kids                                               |            8.01 | 2293.9199999999996 |    0.15415680133454165
 AAAAAAAAIHDBAAAA | Yet colonial situations cannot support only central recommendations. Clear, small                                                                                                                        | Shoes                                              | kids                                               |            0.45 |            7116.63 |    0.47825421857843314
 AAAAAAAAIJJDAAAA | Tonnes pull very; roads eat into a buildings. Personnel think always teeth. Old, public players buy in the sports; clubs develop. Small, usual families must c                                           | Shoes                                              | kids                                               |            1.92 |             694.95 |    0.04670226907975855
 AAAAAAAAIMCAAAAA | Remote systems must come sometimes responsible                                                                                                                                                           | Shoes                                              | kids                                               |            4.51 |  7208.679999999999 |     0.4844401943591249
 AAAAAAAAINPBAAAA | Either recent fathers should run so slightly true sessions. Policies                                                                                                                                     | Shoes                                              | kids                                               |            7.39 |            3057.85 |     0.2054946881150294
 AAAAAAAAIOHAAAAA | Years might stop. Authorities listen assistant, rare years. Good problems leave to the off                                                                                                               | Shoes                                              | kids                                               |            6.57 | 12793.650000000001 |     0.8597632704687432
 AAAAAAAAIPHBAAAA | Likely, white inhabitants incorporate by an nations. Associations used to                                                                                                                                | Shoes                                              | kids                                               |            1.31 |             522.76 |    0.03513069743741935
 AAAAAAAAJAABAAAA | However autonomous specimens give of course special males. Errors deal disputes. Visual, ancient days work open. Others move areas. Good, lengthy studies think at least difficult,                      | Shoes                                              | kids                                               |             2.2 | 4712.5199999999995 |     0.3166923909399867
 AAAAAAAAJBNCAAAA | Bold, early colleagues shall cause in the proce                                                                                                                                                          | Shoes                                              | kids                                               |            2.49 |            1890.37 |     0.1270372953454251
 AAAAAAAAJEPAAAAA | Steps must clear widely too regional arguments. European, japanese farmers gather prominent sessions. Outside democratic things cou                                                                      | Shoes                                              | kids                                               |           86.18 |            1051.82 |    0.07068476964309899
 AAAAAAAAJFGCAAAA | Nationally available degrees sue prob                                                                                                                                                                    | Shoes                                              | kids                                               |             6.9 |             177.57 |    0.01193312025396464
 AAAAAAAAJHNCAAAA | At all brief rates must accommodate then well sorry systems. Cold questions should allow enough. Relevant structures may ask here. New groups can cause over consistent cases; changes would not         | Shoes                                              | kids                                               |           97.41 |            5143.34 |    0.34564450485457276
 AAAAAAAAJHPDAAAA | Short days prove precisely. Sons would break. Available applications cannot appear wet needs. Alleged childr                                                                                             | Shoes                                              | kids                                               |            0.85 | 2992.3199999999997 |    0.20109091850168087
 AAAAAAAAJINBAAAA | European measures must not allocate together. Rather above teachers wish alternativ                                                                                                                      | Shoes                                              | kids                                               |            1.06 |            8718.48 |     0.5859022935844209
 AAAAAAAAJLFAAAAA | Better physical creditors raise more                                                                                                                                                                     | Shoes                                              | kids                                               |            4.18 |             6728.6 |    0.45217769297080856
 AAAAAAAAJPPBAAAA | Foreign years throw only red men. Other, slim signs ought to see books. However intensive factors                                                                                                        | Shoes                                              | kids                                               |            4.07 |            7741.85 |     0.5202704681993363
 AAAAAAAAKACCAAAA | Police long american, big companies. Northern heads become high countries. Then unique sections live.                                                                                                    | Shoes                                              | kids                                               |            3.16 |             2543.4 |    0.17092244215764862
 AAAAAAAAKAJAAAAA | Foreign, atlantic symptoms hire then. However personal cells can want. Capitalist, attractive windows access usually increasing tales. As gentle argum                                                   | Shoes                                              | kids                                               |            1.87 |            3565.35 |    0.23959987778044053
 AAAAAAAAKAMBAAAA | Modern, formal surfaces used to expect alone carefully prepared stones. Original countries clear more; stable workers ex                                                                                 | Shoes                                              | kids                                               |             4.4 |           12298.71 |     0.8265021422460858
 AAAAAAAAKBIAAAAA | Lives may love perhaps white careers; useful, ethnic prices will make right both high years. Tough, rich children cause occasionally then practical offic                                                | Shoes                                              | kids                                               |            2.54 | 1167.0300000000002 |    0.07842715171472858
 AAAAAAAAKDAAAAAA | Similar                                                                                                                                                                                                  | Shoes                                              | kids                                               |            4.95 |                187 |   0.012566838359471687
 AAAAAAAAKDFCAAAA | Now large passengers would not flower perhaps for a words. Young, practical observations finish even economic, white days; yards overcome warm, secondary members. More industrial ra                    | Shoes                                              | kids                                               |            3.47 |             2117.7 |    0.14231440424520422
 AAAAAAAAKDNCAAAA | Grand demonstrations ought to prove almost past uses. Goods put more short, vital children. So old years could mimic further regions. Fai                                                                | Shoes                                              | kids                                               |            8.28 |            2734.69 |     0.1837775785736023
 AAAAAAAAKGABAAAA | Young, large lives might mention home back players; homes might remind rights. Difficulties indicate indeed whole homes. Linear centuries tell. Japanese places exist here hard                          | Shoes                                              | kids                                               |            6.79 |           11890.56 |     0.7990735054737951
 AAAAAAAAKGMAAAAA | Just extensive complaints n                                                                                                                                                                              | Shoes                                              | kids                                               |            4.72 |            5156.01 |     0.3464959585551851
 AAAAAAAAKHMDAAAA | Just fresh r                                                                                                                                                                                             | Shoes                                              | kids                                               |            0.45 |           13083.49 |     0.8792411979024826
 AAAAAAAAKIFAAAAA | Remarkable items know just; hence other bands can contemplate public powers. Good, comi                                                                                                                  | Shoes                                              | kids                                               |            2.54 |            8255.81 |     0.5548097850080747
 AAAAAAAAKMHAAAAA | Resources can try prizes. All similar fingers could not move european, red homes. Industrial types like nevertheless diplomatic communists. Private, regular                                             | Shoes                                              | kids                                               |            1.75 | 3286.0499999999997 |    0.22083026305423498
 AAAAAAAAKPEAAAAA | So strong criteria cannot send. Islands cope arts; just immediate stones shall not go basically costs. Superb locations start new, difficult boards. Big requests shall get now                          | Shoes                                              | kids                                               |            6.33 |            5047.65 |    0.33921391254110833
 AAAAAAAALAEEAAAA | New, new directors might touch positively as white signals. Total, ready nurses walk firmly. Honest men become others. Entirely ethical ele                                                              | Shoes                                              | kids                                               |            9.16 |             495.18 |   0.033277256785257704
 AAAAAAAALCDDAAAA | Then mass babies cause more r                                                                                                                                                                            | Shoes                                              | kids                                               |            1.92 |  5170.120000000001 |    0.34744418363139984
 AAAAAAAALILBAAAA | Important ideas play there outstanding, asleep pupils. Actual votes can taste much necessary authorities. Complete times cannot work alone so c                                                          | Shoes                                              | kids                                               |            2.31 |            1176.52 |    0.07906490196088573
 AAAAAAAALKDEAAAA | Difficult, recent legs forget including a students; white services play; white examples need                                                                                                             | Shoes                                              | kids                                               |            0.35 |              717.5 |    0.04821768194075367
 AAAAAAAALKEAAAAA | Really internation                                                                                                                                                                                       | Shoes                                              | kids                                               |            2.33 |            3096.44 |    0.20808802657648404
 AAAAAAAALLDAAAAA | Too rough engines tell often s                                                                                                                                                                           | Shoes                                              | kids                                               |            3.45 |             4995.3 |      0.335695869823898
 AAAAAAAALLECAAAA | Only sexual                                                                                                                                                                                              | Shoes                                              | kids                                               |            6.05 |            8319.95 |     0.5591201433630293
 AAAAAAAALLIBAAAA | Technical teeth may race consequently; police could thank; just sexual choices hold fat, short players. Regulations may str                                                                              | Shoes                                              | kids                                               |            9.69 |            1947.12 |    0.13085102837697601
 AAAAAAAALNDEAAAA | Short, significant                                                                                                                                                                                       | Shoes                                              | kids                                               |            2.56 |            7986.98 |     0.5367437788253111
 AAAAAAAALOFEAAAA | Schools could not find at first by a trees. Already new                                                                                                                                                  | Shoes                                              | kids                                               |            1.94 |            9348.47 |     0.6282390983870069
 AAAAAAAALOPAAAAA | Independently                                                                                                                                                                                            | Shoes                                              | kids                                               |            7.06 |             432.39 |   0.029057621594930284
 AAAAAAAAMAEBAAAA | Again daily champions may serve raw, large solicitors. Left, simple languages fight at least public, surprising opportunities. Later valuable letters might not come                                     | Shoes                                              | kids                                               |            4.71 |             1193.4 |     0.0801992775304466
 AAAAAAAAMBABAAAA | Marks should talk like a seats. Useful decisions taste. Lost, inc farms make. Central, possible animals would know most;                                                                                 | Shoes                                              | kids                                               |            3.84 | 1338.5700000000002 |     0.0899550418333584
 AAAAAAAAMECEAAAA | New isla                                                                                                                                                                                                 | Shoes                                              | kids                                               |            9.17 |           13783.94 |     0.9263130798751668
 AAAAAAAAMEDAAAAA | Flat s                                                                                                                                                                                                   | Shoes                                              | kids                                               |            0.88 |              599.3 |    0.04027436486006086
 AAAAAAAAMFPAAAAA | As political years might not undertake moderately voluntary                                                                                                                                              | Shoes                                              | kids                                               |            1.16 |             227.48 |   0.015287189251404383
 AAAAAAAAMGKBAAAA | Au                                                                                                                                                                                                       | Shoes                                              | kids                                               |            1.55 |             182.16 |   0.012241579013697126
 AAAAAAAAMJABAAAA | Totally social servants should kill earl                                                                                                                                                                 | Shoes                                              | kids                                               |            4.23 |             3385.6 |      0.227520256416189
 AAAAAAAAMNGDAAAA | Colleagues should practise. Yet app                                                                                                                                                                      | Shoes                                              | kids                                               |            4.85 |             506.78 |   0.034056803977609955
 AAAAAAAAMNJBAAAA | Other tests ought to yield famous directors. Medium, local parties pay fortunate ears. Big benefits could genera                                                                                         | Shoes                                              | kids                                               |            0.52 |            2111.99 |    0.14193067886000324
 AAAAAAAAMOCAAAAA | Open years shift minutes. Ordinary, heavy speeches might choose just statements. Situations get similarly in the forms. Average, appropriate shelve                                                      | Shoes                                              | kids                                               |            5.38 |            3759.43 |     0.2526425087366238
 AAAAAAAAMOGAAAAA | Trains keep a little positions. National, geographical shops complete individual, british proposals. Things play similar, civil disciplines. Tory, british properties can extend minor,                  | Shoes                                              | kids                                               |            7.65 |                  0 |                      0
 AAAAAAAAMOLDAAAA | Previously sound arts must make very consciously universal males. Professional events could come a little.                                                                                               | Shoes                                              | kids                                               |            5.94 |              99.52 |  0.0066879772916289965
 AAAAAAAAMOPCAAAA | However indian facts facilitate still difficult meetings. Royal, stupid manag                                                                                                                            | Shoes                                              | kids                                               |            0.66 |  5589.610000000001 |    0.37563489498655905
 AAAAAAAAMPABAAAA | Consumers shall not control even. Aspects leave. Already available wounds must not shut to a lakes. Influences might look anywhere names. Most nice areas need usually serious facts. So foreign win     | Shoes                                              | kids                                               |            3.45 |            1259.61 |    0.08464874473782957
 AAAAAAAAMPEDAAAA | Growing, old groups shall try soon legal studies. Here open activities must not include re                                                                                                               | Shoes                                              | kids                                               |           24.28 |             997.01 |    0.06700140915923458
 AAAAAAAANAGAAAAA | Strong rights ought to mind further. Drugs should not share just gold, silent clothes. For long technical members find to a individuals. F                                                               | Shoes                                              | kids                                               |           10.33 | 2994.7799999999997 |    0.20125623626833486
 AAAAAAAANAGDAAAA | Titles dominate as gentlemen. Rough rules may behave otherwise by a lessons. Muscles will not mean there. Years must not question strong, important threats. Pink volun                                  | Shoes                                              | kids                                               |            9.39 |           17901.89 |     1.2030489730430087
 AAAAAAAANAIBAAAA | International, principal runs must not put all powerful                                                                                                                                                  | Shoes                                              | kids                                               |            1.69 |            5223.55 |    0.35103480488031197
 AAAAAAAANAKCAAAA | That is unable videos should worry standards. Different, public eyes tell great, major services. Daily, whole stars use yards. Present clas                                                              | Shoes                                              | kids                                               |            1.52 |            5810.61 |    0.39048661304775284
 AAAAAAAANEACAAAA | Resources learn cool, clear churches; relevant savings look private, future days. Common, legitima                                                                                                       | Shoes                                              | kids                                               |            2.68 | 192.07999999999998 |    0.01290822626784664
 AAAAAAAANFHDAAAA | Estimates get certainly existing leaders. Only groups will make issues; intensive computers would not write. Firmly successful blocks fall now                                                           | Shoes                                              | kids                                               |            0.21 |            3258.36 |     0.2189694301442148
 AAAAAAAANGCBAAAA | Professional relationships cannot form relatively organic legs. Small changes mu                                                                                                                         | Shoes                                              | kids                                               |            8.66 |             410.39 |   0.027579170023227732
 AAAAAAAANGMDAAAA | Mean projects can insist briefly etc big talks; fat needs know likely, welsh cases. Very blue resources regard on a bodies                                                                               | Shoes                                              | kids                                               |            8.26 | 4020.3099999999995 |    0.27017425628324926
 AAAAAAAANIAEAAAA | Backs bring then for a bills. Short properties shall not take. Shops cannot lose there further full int                                                                                                  | Shoes                                              | kids                                               |           74.52 |               1324 |    0.08897590367882628
 AAAAAAAANJPDAAAA | Various, social patients satisfy proper, strategic opportunities. So single departments could consider now asian, dry hours. Teac                                                                        | Shoes                                              | kids                                               |               2 |  7340.700000000001 |     0.4933122478362237
 AAAAAAAANLDEAAAA | Purposes enable roots. Annual devices will not sell currently at a provisions; groups can make both. Tall, high assumptions ought to enable. Quite existing acti                                         | Shoes                                              | kids                                               |            5.74 |               0.72 |  4.838568780117441e-05
 AAAAAAAANMJDAAAA | Manufacturing emotions shall rely english letters. Real, full services accumulate; lists spend                                                                                                           | Shoes                                              | kids                                               |            4.34 |            9377.48 |     0.6301886383913292
 AAAAAAAANOLCAAAA | Moves might not slow to a pp.. Then digital areas cannot review so here responsible offices. Familiar, sensible interactions rest. Above available o                                                     | Shoes                                              | kids                                               |            3.92 |            9098.14 |     0.6114163355713569
 AAAAAAAANPADAAAA | Small eyes could try then outside contracts;                                                                                                                                                             | Shoes                                              | kids                                               |            7.73 |             413.71 |   0.027802281805866483
 AAAAAAAANPDAAAAA | Exactly nat                                                                                                                                                                                              | Shoes                                              | kids                                               |            4.45 | 1081.3600000000001 |    0.07266992688983051
 AAAAAAAAOAIAAAAA | Precious, full ministers used to make. Arms used to put medical loans. Similarly social options could try at last in a children. Private contribut                                                       | Shoes                                              | kids                                               |            9.98 |           12732.02 |     0.8556215899976509
 AAAAAAAAOALAAAAA | Here industrial men may eat available, difficult authorities. Benefits act then. Considerable houses used to ease very famous results. Almost reasonable coins say tomorr                                | Shoes                                              | kids                                               |            7.11 |            1535.84 |    0.10321204826743849
 AAAAAAAAOBCCAAAA | Soft, capitalist ways come both reduced years. Old governments will not give rules. Most afraid tools can break much to the men. Just                                                                    | Shoes                                              | kids                                               |            1.85 |             277.16 |    0.01862580170968542
 AAAAAAAAOCGEAAAA | Eyes stuff so later electronic patients; asleep copies need. Powerful, waiting deals relate costs. Always sc                                                                                             | Shoes                                              | kids                                               |            3.87 |             5249.2 |     0.3527585450082288
 AAAAAAAAODFAAAAA | Distinct nurses cannot encourage then regular, professional games; features may pay ideas. Yellow, other pupils propose in a tenants. So-c                                                               | Shoes                                              | kids                                               |            0.22 | 3217.6600000000003 |    0.21623429473656514
 AAAAAAAAOFNDAAAA | Academic efforts come for a c                                                                                                                                                                            | Shoes                                              | kids                                               |            1.39 |            8212.05 |     0.5518690104272699
 AAAAAAAAOGCEAAAA | Only fees work approximately tough theories. Arguments may put especially opposite posts. Patients shall return to a times. Average achievemen                                                           | Shoes                                              | kids                                               |            4.09 |  4995.879999999999 |    0.33573484718351554
 AAAAAAAAOHEDAAAA | Both inadequate levels accommodate other, able standards.                                                                                                                                                | Shoes                                              | kids                                               |            19.5 | 7228.0199999999995 |     0.4857398876953398
 AAAAAAAAOHNDAAAA | Free, only visitors keep of course wonderful circumstances. Interna                                                                                                                                      | Shoes                                              | kids                                               |            4.92 |             101.12 |   0.006795501042298273
 AAAAAAAAOIGAAAAA | New, individual methods know as an doctors. Outside unlikely points refuse so; rates would avoid women. Sure, static reasons conquer home great things.                                                  | Shoes                                              | kids                                               |           69.64 |            6604.46 |    0.44383519396575605
 AAAAAAAAOIOCAAAA | Deep names stand french services; organisations f                                                                                                                                                        | Shoes                                              | kids                                               |           44.63 |  7197.780000000001 |     0.4837076888076906
 AAAAAAAAOJEEAAAA | Different events would pay military, interested needs. Great workers may wish ideas. Languages should not ease important authorities. Con                                                                | Shoes                                              | kids                                               |            2.89 |             832.66 |    0.05595670389517484
 AAAAAAAAOKAEAAAA | Waiting friends ought to take inevitably. Yester                                                                                                                                                         | Shoes                                              | kids                                               |           63.06 |  5166.610000000001 |     0.3472083034033691
 AAAAAAAAOLDBAAAA | Even economic emotions might say cases. Facilities would draw. Closely                                                                                                                                   | Shoes                                              | kids                                               |            4.28 |            2914.65 |    0.19587131243012917
 AAAAAAAAOLJDAAAA | Defensive rights inform surely sums. Now good birds conceive primary,                                                                                                                                    | Shoes                                              | kids                                               |            9.14 |            5023.05 |     0.3375607348745682
 AAAAAAAAONBBAAAA | New children will                                                                                                                                                                                        | Shoes                                              | kids                                               |            5.79 |            1626.66 |     0.1093153651648033
 AAAAAAAAONEEAAAA | Foreign, public costs must not copy far tra                                                                                                                                                              | Shoes                                              | kids                                               |            4.53 |           15987.02 |     1.0743652202654603
 AAAAAAAAOOICAAAA | More major ambitions shall not work symptoms; specific farms make suddenly much estimated compariso                                                                                                      | Shoes                                              | kids                                               |            1.47 |  5931.539999999999 |      0.398613392528025
 AAAAAAAAPBPDAAAA | More future men determine; films talk more members. Yesterday local systems make away possible, beautiful masses. Middle-class, public feet take finally. Young writers would n                          | Shoes                                              | kids                                               |            3.67 |            1765.09 |    0.11861818566802075
 AAAAAAAAPCEEAAAA | Main drugs can get. Notable subsidies build nice, digital events. More pure p                                                                                                                            | Shoes                                              | kids                                               |            6.03 |            9346.67 |      0.628118134167504
 AAAAAAAAPGHAAAAA | Different, selective readers would not educate schools. Early,                                                                                                                                           | Shoes                                              | kids                                               |            0.43 |            1974.51 |     0.1326917005837457
 AAAAAAAAPIFAAAAA | More national carers take alrea                                                                                                                                                                          | Shoes                                              | kids                                               |            2.19 |            8676.56 |      0.583085171316886
 AAAAAAAAPLACAAAA | Criteria r                                                                                                                                                                                               | Shoes                                              | kids                                               |            5.22 |            5240.97 |     0.3522054697157237
 AAAAAAAAPOCDAAAA | Obviously rare words could not identify partly. Existing, local wo                                                                                                                                       | Shoes                                              | kids                                               |            0.23 |            3057.42 |    0.20546579110703705
 AAAAAAAAPPGBAAAA | Actually great members present others. Later final houses might produce in the lives. Most international wages continue. Yards should express much trees. Central, sorry meetings shall n                | Shoes                                              | kids                                               |            6.26 | 3418.6800000000003 |    0.22974330996127632
 AAAAAAAAAADBAAAA | Aside total changes speak at the artists. Videos can avoid anyway full territories. National girls c                                                                                                     | Shoes                                              | mens                                               |            3.13 |            6020.11 |     0.4786552406062506
 AAAAAAAAABABAAAA | Basically difficult policies interpret always; shares would hear systems; free pounds respond indeed under a authorities. Lives used to spin select police.                                              | Shoes                                              | mens                                               |             5.4 |            3838.92 |     0.3052301662707405
 AAAAAAAAABFCAAAA | Pr                                                                                                                                                                                                       | Shoes                                              | mens                                               |            4.06 | 1274.8200000000002 |    0.10136015352371641
 AAAAAAAAABIBAAAA | Paintings like straight past bi                                                                                                                                                                          | Shoes                                              | mens                                               |             8.3 |            2700.04 |     0.2146785184733337
 AAAAAAAAABKAAAAA | States should deal basic, actual standards. Past children might arrange. Transactions will su                                                                                                            | Shoes                                              | mens                                               |            0.42 |            3683.91 |     0.2929054165823835
 AAAAAAAAADGBAAAA | Children let english                                                                                                                                                                                     | Shoes                                              | mens                                               |            5.47 |            8568.41 |     0.6812690050784792
 AAAAAAAAAGAEAAAA | Fair, mere fees find other, likely steps. Military, bloody differences cannot wish just. Added systems may tear moreover different considerations. Christian branches take still together                | Shoes                                              | mens                                               |             5.2 |            4817.72 |      0.383053951800473
 AAAAAAAAAGPBAAAA | Finally sorry tonnes remember generally only small relatives. Fully random times s                                                                                                                       | Shoes                                              | mens                                               |            3.85 |  4141.320000000001 |    0.32927380413771146
 AAAAAAAAAIGAAAAA | Questions change otherwise sharp, important times. Socialist, remarkable personnel believe attractive, whole changes; logical, young patients will think only in the parents. Very me                    | Shoes                                              | mens                                               |            1.46 |           15073.18 |     1.1984592639671574
 AAAAAAAAAIIDAAAA | Maximum manufacturers should warm international, other proposals. Top, old companies shall not renounce. Other sanctions behave windows. Worthwhile, formal families give available examples.            | Shoes                                              | mens                                               |            4.84 |            1432.31 |     0.1138820864855856
 AAAAAAAAAJHDAAAA | Late light cases will notice very industries; loans go internal neighbours; clear, conscious photographs reach                                                                                           | Shoes                                              | mens                                               |            9.17 |            2069.44 |     0.1645399006197892
 AAAAAAAAAKECAAAA | Indeed local rights supply properly. Rates must miss for example firmly propo                                                                                                                            | Shoes                                              | mens                                               |            0.53 |            9360.86 |     0.7442762168102288
 AAAAAAAAAKFCAAAA | About wonderful pictures i                                                                                                                                                                               | Shoes                                              | mens                                               |            1.63 |            2121.46 |    0.16867597880047647
 AAAAAAAAALDAAAAA | Favorite, variable demands could notice now after a counties. Social proc                                                                                                                                | Shoes                                              | mens                                               |            3.96 |              923.8 |    0.07345076938329272
 AAAAAAAAALOAAAAA | Other, profitable years conquer best long                                                                                                                                                                | Shoes                                              | mens                                               |            2.56 |            1509.97 |    0.12005678528435862
 AAAAAAAAAMOCAAAA | Formal, personal awards can keep sometimes concerned, hot pp.. Perfect others find industrial visits. Now elderly years will not vary even correct o                                                     | Shoes                                              | mens                                               |            0.57 |             434.07 |    0.03451263852154781
 AAAAAAAABCEDAAAA | Evolutionary arguments should not get here otherwise free things. Necessary accounts talk regularl                                                                                                       | Shoes                                              | mens                                               |            6.43 |           13395.28 |     1.0650504677469508
 AAAAAAAABEKBAAAA | Conditions see to a friends. Particularly royal kilometres cannot think far for a eyes. Electric                                                                                                         | Shoes                                              | mens                                               |            7.06 |            7242.68 |     0.5758610287908492
 AAAAAAAABMMDAAAA | Previous, inadequate subjects appreciate really; various conditions should submit other, sure                                                                                                            | Shoes                                              | mens                                               |            6.81 |            14001.1 |      1.113218843053063
 AAAAAAAABNBEAAAA | Perfect scholars make however personal, sharp stars. All other hearts entertain however years. Concerned types would investigate precisely good month                                                    | Shoes                                              | mens                                               |            6.51 |            2343.43 |    0.18632467687366272
 AAAAAAAABNEBAAAA | Other, scottish sisters used to work therefore fully strong directions. Elected courts will meet diffe                                                                                                   | Shoes                                              | mens                                               |            4.83 |  797.5400000000001 |    0.06341191449875652
 AAAAAAAABNHBAAAA | Audiences would revoke however men. Centra                                                                                                                                                               | Shoes                                              | mens                                               |           93.66 |             4839.1 |    0.38475386244067095
 AAAAAAAACBCCAAAA | Projects should spend. Key lives find for a pro                                                                                                                                                          | Shoes                                              | mens                                               |            4.96 |            9474.09 |     0.7532790644149813
 AAAAAAAACBIDAAAA | Around local meals shall not see on a share                                                                                                                                                              | Shoes                                              | mens                                               |            3.84 |            1574.88 |    0.12521773943100242
 AAAAAAAACBNDAAAA | Supreme effects see instead front skills. Though goo                                                                                                                                                     | Shoes                                              | mens                                               |            2.63 |            1901.85 |     0.1512149228746647
 AAAAAAAACCABAAAA | Particular roses lose different pictures. Spiritual, diplomatic bodies may say around unpleasant components                                                                                              | Shoes                                              | mens                                               |            8.27 | 2273.5699999999997 |    0.18077015127383936
 AAAAAAAACCFEAAAA | Polit                                                                                                                                                                                                    | Shoes                                              | mens                                               |            9.35 |            6493.56 |     0.5162989586886493
 AAAAAAAACCHAAAAA | Naturally joint processes leave best average goods. Comments might not become otherwise in a pounds. Areas come complaints. About sure applications like so important women. Local authori               | Shoes                                              | mens                                               |              96 |            2509.44 |     0.1995240297913077
 AAAAAAAACDMDAAAA | Beyond small estimates ought to worry also in a families. Old costs serve about then spare pare                                                                                                          | Shoes                                              | mens                                               |            1.64 |             6597.6 |     0.5245711150500239
 AAAAAAAACEODAAAA | Available, roman claims scrap n                                                                                                                                                                          | Shoes                                              | mens                                               |           27.27 |            9040.17 |     0.7187783523011055
 AAAAAAAACFEDAAAA | So full heads shall not contribute precisely no lon                                                                                                                                                      | Shoes                                              | mens                                               |            0.27 |            4814.18 |    0.38277248857941126
 AAAAAAAACGIBAAAA | Single, difficult rules                                                                                                                                                                                  | Shoes                                              | mens                                               |            2.03 |            6404.72 |     0.5092353449713818
 AAAAAAAACGPAAAAA | So single departments can go never particular scottish manufacturer                                                                                                                                      | Shoes                                              | mens                                               |            9.71 |            5596.07 |    0.44494008121104445
 AAAAAAAACKBEAAAA | Aware sorts stretch indicators. Middle, golden applications use. Villages should turn qu                                                                                                                 | Shoes                                              | mens                                               |            0.52 |            1176.76 |    0.09356346328153663
 AAAAAAAACMNBAAAA | Arms regulate sympathetic, alone governments. Relations kill conventional students. Funny, tired types increase also; today particular chi                                                               | Shoes                                              | mens                                               |            4.38 |             6355.3 |     0.5053059911903445
 AAAAAAAACPIBAAAA | So remarkable brothers divorce. Mental in                                                                                                                                                                | Shoes                                              | mens                                               |            6.49 | 12610.910000000002 |     1.0026856918418057
 AAAAAAAACPMAAAAA | Sessions sh                                                                                                                                                                                              | Shoes                                              | mens                                               |            2.52 |           11413.93 |     0.9075145488060686
 AAAAAAAADBJDAAAA | Firm, bloody things answer instrum                                                                                                                                                                       | Shoes                                              | mens                                               |             3.9 |            5405.58 |    0.42979433856131133
 AAAAAAAADEECAAAA | Grey, scottish ages could not recognise exclusively real, dangerous types. Strange conditions take quickly british, young m                                                                              | Shoes                                              | mens                                               |            5.29 |             2518.3 |    0.20022848293780696
 AAAAAAAADFLAAAAA | Clear vulnerable scenes would organize inevitable police. Officially fast workers used to track never. Clear, future producers perform to a rates. Here scientific ladies cannot know mem                | Shoes                                              | mens                                               |            4.15 |            2186.08 |    0.17381387522562083
 AAAAAAAADFODAAAA | Chips say in the sports. Successful doubts could attack. Remains will say occupational, poor methods. Issues might supp                                                                                  | Shoes                                              | mens                                               |            1.23 |            2207.27 |    0.17549867908276737
 AAAAAAAADHDAAAAA | Women panic also students; existing situations cannot ask very collective, sophi                                                                                                                         | Shoes                                              | mens                                               |           11.29 | 11932.220000000001 |      0.948723467688583
 AAAAAAAADICAAAAA | Frankly local children might not swallow closer too efficient chemicals. Plans must vote also for a associations. Elegant occupations win levels; talks minimise too to the railways. Applicable, true p | Shoes                                              | mens                                               |            8.11 |             8270.3 |     0.6575664624709305
 AAAAAAAADJICAAAA | Windows might not evaluate constant, political clients; sometimes horrible parts talk here cultural year                                                                                                 | Shoes                                              | mens                                               |            5.18 |              26.66 |  0.0021197201902560985
 AAAAAAAADKJDAAAA | Birds can come on a creatures. Old suggestions compensate nurses. Companies take also jews. American, minor pressures maximise new, following societies; further social methods shall insist even nece   | Shoes                                              | mens                                               |            0.39 | 395.94000000000005 |   0.031480945691297814
 AAAAAAAAEANCAAAA | Areas get european, active levels. Coloured activities turn just sincerely round models. L                                                                                                               | Shoes                                              | mens                                               |            2.51 |           25053.38 |     1.9919788229616777
 AAAAAAAAEBJCAAAA | Preliminary, human boys shall infer as t                                                                                                                                                                 | Shoes                                              | mens                                               |           83.36 | 1919.9299999999998 |    0.15265245254607615
 AAAAAAAAECDCAAAA | Much foreign books interpret really; certain, joint questions know only in a students. Countries would underestimate with a nerves. Casually new teams give                                              | Shoes                                              | mens                                               |            0.42 |            7336.47 |     0.5833182139612962
 AAAAAAAAEHLAAAAA | Historical, potential firms could know never joint games. Varieties should cry at least needs. Public, anxious re                                                                                        | Shoes                                              | mens                                               |           75.66 |              33.06 |  0.0026285802509327313
 AAAAAAAAEHNCAAAA | Rich feet can suffer cars. Old eyes would like well even ill fri                                                                                                                                         | Shoes                                              | mens                                               |            0.77 |             819.04 |    0.06512136626509207
 AAAAAAAAEHOAAAAA | Especially unknown patterns get communists. Dangerous forces continue also features. Simple, static children should not prove cattle; dif                                                                | Shoes                                              | mens                                               |            1.89 |              215.2 |   0.017110419540251776
 AAAAAAAAEIACAAAA | Signals make just jewish years. Sincerely capital eyes shall not know databases. Indeed important cells must keep within a purposes.                                                                     | Shoes                                              | mens                                               |            4.09 |             2511.4 |    0.19967986818488992
 AAAAAAAAEIBAAAAA | Other months used to serve consistent, unique prices. Nearly impossible contexts can use simply. Other ways shall refer often ordinary writers. Welcome, us                                              | Shoes                                              | mens                                               |           85.15 |            7958.92 |     0.6328088303313228
 AAAAAAAAEIBBAAAA | Wooden children justify in a prisoners. Fine thoughts should find pur                                                                                                                                    | Shoes                                              | mens                                               |            8.35 |            5493.76 |    0.43680547608482156
 AAAAAAAAEIDCAAAA | Full firms attack others. Terms remember ever with a statements. Popular, substantial                                                                                                                    | Shoes                                              | mens                                               |            6.09 |           11003.83 |     0.8749077502305238
 AAAAAAAAEKDDAAAA | Days used to treat after a children. Both great others may know now; free, good managers will waste. Light examinations will                                                                             | Shoes                                              | mens                                               |             0.5 |  772.3900000000001 |    0.06141225347906632
 AAAAAAAAEKMDAAAA | Yet critical proposals leave still average, clinical companies. Above military expectations might consider just fruits. So human persons take great classes. Other, beneficial p                         | Shoes                                              | mens                                               |            8.58 |            8737.47 |     0.6947108616187904
 AAAAAAAAEKNCAAAA | Late international hopes might draw then strong local waters. Then easy ge                                                                                                                               | Shoes                                              | mens                                               |            2.62 |            1190.45 |    0.09465194675507774
 AAAAAAAAELEDAAAA | Wonderful skills reach foreign, free owners. Other, certain commentators happen solicitors. Yesterday early elections publici                                                                            | Shoes                                              | mens                                               |            9.16 |               4528 |     0.3600184929287177
 AAAAAAAAELLDAAAA | Nearly other dreams can like. Special papers used to supply curious, original cases. Carefully global grounds would build so precise, direct savings. Exceptionally long standards used to choose        | Shoes                                              | mens                                               |            7.92 |            5411.61 |     0.4302737801497301
 AAAAAAAAENBCAAAA | Left studies serve here different, econom                                                                                                                                                                | Shoes                                              | mens                                               |            4.55 |            7060.81 |     0.5614006570353399
 AAAAAAAAENPAAAAA | Actually glad children deduce theoretical, hot pupils. Economic proposals get. Little, similar windows must go for a lights. Hig                                                                         | Shoes                                              | mens                                               |            1.04 | 18164.489999999998 |     1.4442474193062638
 AAAAAAAAEODCAAAA | Still convenient details believe similarly close activities. Years shall win easily arms; regularly specific patients could welcome n                                                                    | Shoes                                              | mens                                               |            2.92 |           13505.62 |      1.073823533230554
 AAAAAAAAEPOCAAAA | Already metropolitan men put symbolic men. Foreign parties would n                                                                                                                                       | Shoes                                              | mens                                               |            4.67 |  5734.999999999999 |    0.45598631999695133
 AAAAAAAAFCGAAAAA | Bitter, rich millions try inherent shops. Still central minutes adopt suddenly only companies. Small, provincial mo                                                                                      | Shoes                                              | mens                                               |            1.37 |             6217.8 |     0.4943734508242449
 AAAAAAAAFFAAAAAA | National, warm relations used to trap indian pro                                                                                                                                                         | Shoes                                              | mens                                               |            9.69 |            15592.2 |     1.2397262247003427
 AAAAAAAAFFGDAAAA | Widely available days will not explain indeed in a parents; prime members could rescue so variables. As bad questions mount also. Middle, private families                                               | Shoes                                              | mens                                               |            5.82 |             3640.4 |     0.2894459632636272
 AAAAAAAAFJPCAAAA | Patients should see over central groups. Natural, positive studies tuck hereby new men. Young, exact communities come perhap                                                                             | Shoes                                              | mens                                               |            5.26 |            6614.99 |     0.5259537832461436
 AAAAAAAAFPBBAAAA | Unique vehicles compete. Respo                                                                                                                                                                           | Shoes                                              | mens                                               |            2.53 |             9881.6 |      0.785679933684721
 AAAAAAAAGABDAAAA | Areas give. Art                                                                                                                                                                                          | Shoes                                              | mens                                               |            9.68 |            5243.24 |     0.4168867850847106
 AAAAAAAAGCDCAAAA | Increased churches look here in a categories; modern, official stars date then good clubs; difficult, aware bits carry for a ministers. Specially comp                                                   | Shoes                                              | mens                                               |            1.68 |           14124.68 |      1.123044612787191
 AAAAAAAAGDABAAAA | Never whole years might know moreover. Eas                                                                                                                                                               | Shoes                                              | mens                                               |            9.66 |            1917.63 |    0.15246958096177052
 AAAAAAAAGDGEAAAA | African times might commit so main shareholders. Workers live finally foreigners. Forth special                                                                                                          | Shoes                                              | mens                                               |            0.57 |             7331.1 |     0.5828912485666348
 AAAAAAAAGEDAAAAA | Free actions own. So national men cannot raise truly major characteristics; comments expect good experiences. Wines commit much to a soldiers. Things must make. Immense, large taxes                    | Shoes                                              | mens                                               |             0.7 |            1228.18 |    0.09765183583153544
 AAAAAAAAGEHAAAAA | Yet likely levels achieve now internal minutes. Possible stories borrow general, additional costs. Main practices discuss however women. Never military women would join typically gen                   | Shoes                                              | mens                                               |            9.84 |             182.52 |    0.01451205285542172
 AAAAAAAAGFLDAAAA | Here large arms come in the readers. Beautiful letters run so with a folk. Black industries lie royal institutions. Medical centres widen at least different, fine inhabi                                | Shoes                                              | mens                                               |            5.03 |            5218.82 |    0.41494516591569136
 AAAAAAAAGGICAAAA | Members know much stable months. Alone men should not promote finally at a shares. Running numbers would not supply there years;                                                                         | Shoes                                              | mens                                               |            9.21 |            4091.58 |    0.32531900735364017
 AAAAAAAAGHDDAAAA | Old, final subjects                                                                                                                                                                                      | Shoes                                              | mens                                               |            4.74 |            4715.92 |    0.37495989646033534
 AAAAAAAAGJKBAAAA | Fresh houses get in a methods. Constantly temporary christians                                                                                                                                           | Shoes                                              | mens                                               |            5.49 |               3270 |    0.25999568725196703
 AAAAAAAAGJLDAAAA | Actual                                                                                                                                                                                                   | Shoes                                              | mens                                               |            8.24 |             3672.8 |    0.29202206732080266
 AAAAAAAAGJMCAAAA | A                                                                                                                                                                                                        | Shoes                                              | mens                                               |            8.03 | 15975.960000000003 |     1.2702387460886655
 AAAAAAAAGKJAAAAA | Black dollars cover strengths. Suddenly new police let. Individual countries can link; pressures seem home; full standards go. Able yards used to                                                        | Shoes                                              | mens                                               |            5.99 |            2679.67 |    0.21305891231146135
 AAAAAAAAGKPAAAAA | Continuous years arrange away dominant methods. Large candidates talk round,                                                                                                                             | Shoes                                              | mens                                               |            1.21 |            2166.36 |    0.17224595016366095
 AAAAAAAAGLCEAAAA | Supreme, new interests would consolidate. Australian, natural companies would trace                                                                                                                      | Shoes                                              | mens                                               |            4.49 |           14998.46 |     1.1925183227587577
 AAAAAAAAGLDDAAAA | Matters work alive advisers. Appropriate, particular friends ought to see national, industrial blocks.                                                                                                   | Shoes                                              | mens                                               |            5.52 |            6728.43 |     0.5349733278216369
 AAAAAAAAGLECAAAA | Customers grow correctly problems. Open, historical prices approach just poor friends. Local plans would take apart. Strong roads would cut; bus                                                         | Shoes                                              | mens                                               |            6.97 |            4539.57 |     0.3609384165071597
 AAAAAAAAGLMAAAAA | Still cold properties hope yet extra, black households. Similar states muster other, subsequent c                                                                                                        | Shoes                                              | mens                                               |            8.37 |            7627.54 |     0.6064610105021006
 AAAAAAAAGMBDAAAA | Important                                                                                                                                                                                                | Shoes                                              | mens                                               |            2.73 |             917.15 |     0.0729220319764959
 AAAAAAAAGOADAAAA | Also new women put police. Even modern provisions can please still independent able countries. C                                                                                                         | Shoes                                              | mens                                               |             1.2 |            4921.48 |     0.3913038455341929
 AAAAAAAAGOLAAAAA | Likely, adequate laws lie small, small weeks; foreign, appropriate problems must accompany brilliantly so retail championships. White meetings cann                                                      | Shoes                                              | mens                                               |           23.88 |              110.4 |   0.008777836046671915
 AAAAAAAAGPHDAAAA | Distinct, fine politicians scrap yet from a ord                                                                                                                                                          | Shoes                                              | mens                                               |            7.62 |            4053.84 |    0.32231832318333764
 AAAAAAAAHAKCAAAA | Victorian, tall samples will succeed today. Long slow waves might not look empty, direct houses. Educational, foreign teams dodge almost. Very normal station                                            | Shoes                                              | mens                                               |             8.3 |  4606.860000000001 |     0.3662886029888676
 AAAAAAAAHBLAAAAA | Months become further rather implicit firms; weak, favorite pap                                                                                                                                          | Shoes                                              | mens                                               |            0.45 |  5951.710000000001 |    0.47321679870776917
 AAAAAAAAHEJCAAAA | However firm characteristics should join in a images; particular, foreign orders ben                                                                                                                     | Shoes                                              | mens                                               |            3.21 | 3439.4700000000003 |     0.2734701426399153
 AAAAAAAAHFHAAAAA | Ready, ide                                                                                                                                                                                               | Shoes                                              | mens                                               |            8.83 |             2940.5 |    0.23379734506556854
 AAAAAAAAHGAAAAAA | New, common actions record wide; very new eggs hurt never. Temporary men might send less video-taped years; annual organisers could deal still then different terms. Tr                                  | Shoes                                              | mens                                               |            9.56 | 2899.7200000000003 |    0.23055495236644463
 AAAAAAAAHICCAAAA | Young museums become less with a employees. Schools used to h                                                                                                                                            | Shoes                                              | mens                                               |            1.36 |            8241.55 |     0.6552805676671097
 AAAAAAAAHIEAAAAA | Brave animals question really. Slow, private months may spell too into a theories; however similar stories speak to a vehicles; different clothes sleep well other, local members. Operations            | Shoes                                              | mens                                               |            0.96 |               1978 |    0.15726956250287183
 AAAAAAAAHKOAAAAA | Ideas give here for a hands. Modern women must smooth friends. Dark eyes would negotiate on a days. Employees must answer indeed deep societies. Black, national members raise together daily cro        | Shoes                                              | mens                                               |            1.45 |            2025.86 |    0.16107488164411926
 AAAAAAAAHOFCAAAA | Fresh, difficult wages shall measure then solutions. Available notes make colleagues. Effective, political offi                                                                                          | Shoes                                              | mens                                               |           60.06 |             138.92 |    0.01104544369206216
 AAAAAAAAIBDCAAAA | Heavy budgets start gas                                                                                                                                                                                  | Shoes                                              | mens                                               |            4.97 |  4265.030000000001 |     0.3391099100918218
 AAAAAAAAIBJBAAAA | Probably french signs must not like perhaps real drawings. Images sl                                                                                                                                     | Shoes                                              | mens                                               |            4.58 |            9398.92 |     0.7473023439835652
 AAAAAAAAIDNCAAAA | Bombs lead children. Now brit                                                                                                                                                                            | Shoes                                              | mens                                               |            1.18 | 2465.7599999999998 |    0.19605105987718968
 AAAAAAAAIGMAAAAA | Particular societies would let for instance to a policies. Forces might not slow depen                                                                                                                   | Shoes                                              | mens                                               |            7.47 |  4949.030000000001 |     0.3934943290766369
 AAAAAAAAIHMCAAAA | Effective, right owners shall begin slightly local governments. Other signs enable years. Hours keep worst within                                                                                        | Shoes                                              | mens                                               |            0.74 |            7325.54 |     0.5824491763889219
 AAAAAAAAIIDAAAAA | Moreover direct sentences teach particularly particular conditions; firms know well sorts. Considerable, gross levels tell yet here delicate systems. Roy                                                | Shoes                                              | mens                                               |            3.77 |           18429.92 |     1.4653515952289824
 AAAAAAAAIJDCAAAA | Young, new reasons may get hardly windows. Important, young features believe later. Very social miners could refuse other rivers. Ministers                                                              | Shoes                                              | mens                                               |            4.94 |               1848 |     0.1469333425203777
 AAAAAAAAIJFBAAAA | Countries will relax practical, general traditions                                                                                                                                                       | Shoes                                              | mens                                               |            0.55 |  5643.360000000001 |     0.4487000800031379
 AAAAAAAAIJHBAAAA | Royal, recent daughters harden in the countrie                                                                                                                                                           | Shoes                                              | mens                                               |            7.24 | 31820.879999999997 |      2.530058582434976
 AAAAAAAAIJKBAAAA | Main, previous questions cannot rise such as a teams. Tomorrow yellow regions cannot mean generally new aims; counties set also concentrations. Asleep cou                                               | Shoes                                              | mens                                               |            2.81 |            7965.35 |     0.6333200756735339
 AAAAAAAAIJPDAAAA | Only, rough relations develop. Then full reasons must not carry in terms of a measures                                                                                                                   | Shoes                                              | mens                                               |            6.84 | 1600.3799999999999 |    0.12724522873526087
 AAAAAAAAIKPBAAAA | Weeks drive just revolutionary ways. Briti                                                                                                                                                               | Shoes                                              | mens                                               |            2.28 |            6219.17 |     0.4944823786809835
 AAAAAAAAILFBAAAA | Efforts would not                                                                                                                                                                                        | Shoes                                              | mens                                               |           39.83 |              473.4 |    0.03763974261317468
 AAAAAAAAIMDAAAAA | High, new parties would not describe following, possible samples. Statutory, other manufacturers will find therefore beautiful, other assumpti                                                           | Shoes                                              | mens                                               |             4.9 |  6963.030000000001 |     0.5536262294208149
 AAAAAAAAIMFEAAAA | Good, social ways will not go at least different, german votes. Medical companies rise only rural, expert doctors. Much national problems should continue in a drug                                      | Shoes                                              | mens                                               |            7.51 |            6511.19 |     0.5177007091370445
 AAAAAAAAIMHCAAAA | Below public eyes should continue now out of a products. Clubs generate though to a symbols. Too cent                                                                                                    | Shoes                                              | mens                                               |            9.74 |            4309.07 |     0.3426115033843528
 AAAAAAAAINAEAAAA | Companies can tolerate now colleagues. Women let please from a tales; probably small police get even however neutral workers. Prime components should expect currently. Largely us                       | Shoes                                              | mens                                               |            1.71 |           21822.29 |     1.7350768458598558
 AAAAAAAAINFDAAAA | Most great bars may work bad, responsible coins. Conscious clouds suggest exactly able users. More intense men may not include also economic new ideas. Elsewhere back methods must look beside          | Shoes                                              | mens                                               |             4.7 |             209.55 |   0.016661191517935686
 AAAAAAAAINGCAAAA | Cas                                                                                                                                                                                                      | Shoes                                              | mens                                               |            2.45 |           10978.35 |     0.8728818511139549
 AAAAAAAAIOOBAAAA | Ne                                                                                                                                                                                                       | Shoes                                              | mens                                               |            4.33 |           14918.91 |     1.1861933512233163
 AAAAAAAAIPLDAAAA | Gradually human d                                                                                                                                                                                        | Shoes                                              | mens                                               |            5.48 |           26459.86 |     2.1038071820461264
 AAAAAAAAIPNCAAAA | Soviet, peaceful arms reduce al                                                                                                                                                                          | Shoes                                              | mens                                               |            4.94 |            1341.71 |    0.10667853625163203
 AAAAAAAAJAHAAAAA | Perceptions might talk                                                                                                                                                                                   | Shoes                                              | mens                                               |            5.97 |            7369.53 |      0.585946794212229
 AAAAAAAAJDBAAAAA | Able, awful settings could find often other, diffic                                                                                                                                                      | Shoes                                              | mens                                               |            0.22 | 3033.7699999999995 |     0.2412131853560856
 AAAAAAAAJDJBAAAA | Good conclusions undertake still. Hot scenes ought to                                                                                                                                                    | Shoes                                              | mens                                               |            1.67 |            3824.46 |    0.30408046057114924
 AAAAAAAAJEMAAAAA | Ready groups must put so years. Women go usually still new authorities. Services act as well nice, spiritual poems. Cat                                                                                  | Shoes                                              | mens                                               |            3.97 |             978.38 |    0.07779039158825062
 AAAAAAAAJJEAAAAA | Scientific models rate faces. By now large photographs ought to make ne                                                                                                                                  | Shoes                                              | mens                                               |             1.3 |            6184.23 |      0.491704320787227
 AAAAAAAAJODCAAAA | There british objects go chief mountains. Casualties could not expect enough then new costs. Letters could not get.                                                                                      | Shoes                                              | mens                                               |            1.13 | 3790.6499999999996 |     0.3013922482818559
 AAAAAAAAKAPDAAAA | Agencies will not take again long-term, written areas. More public systems seek again english, certain heroes. Then left a                                                                               | Shoes                                              | mens                                               |            5.84 |             328.48 |   0.026117242614228178
 AAAAAAAAKBEEAAAA | Again widespread sports may not form crude, cold preferences. Too future comments could not change more quickly new contracts. Secr                                                                      | Shoes                                              | mens                                               |           75.11 | 10180.859999999999 |     0.8094739120844223
 AAAAAAAAKBFAAAAA | Current, liberal directors give late. Never roman factors stem. Base buildings ought to establish again very small years. Substantially nuclear years hear ultimate dollars. True, chem                  | Shoes                                              | mens                                               |           20.85 |             1352.4 |    0.10752849157173096
 AAAAAAAAKBJCAAAA | Secret, blind deals ought to reconcile remarkable weeks. Possible, little sales will glance then transactions. New, significant bits might show pictures. Conscious figures used to remember. R          | Shoes                                              | mens                                               |             8.3 |             308.01 |    0.02448968551390776
 AAAAAAAAKBJDAAAA | Studies give only,                                                                                                                                                                                       | Shoes                                              | mens                                               |            0.35 |           12337.14 |     0.9809184076525177
 AAAAAAAAKCBAAAAA | Frequent pass                                                                                                                                                                                            | Shoes                                              | mens                                               |            3.74 |  9833.400000000001 |     0.7818475813527502
 AAAAAAAAKFCAAAAA |                                                                                                                                                                                                          | Shoes                                              | mens                                               |             5.9 | 15786.710000000001 |     1.2551915950756884
 AAAAAAAAKGBDAAAA | Far from incredible systems reali                                                                                                                                                                        | Shoes                                              | mens                                               |            2.81 |            8532.73 |      0.678432110240207
 AAAAAAAAKGDEAAAA | Vital yards sit more soft, firm experiences; about federal publications must not change indeed so equal t                                                                                                | Shoes                                              | mens                                               |            1.81 |             7104.1 |     0.5648426182895104
 AAAAAAAAKGECAAAA | Small problems might bury indirectly affairs. English, whole restrictions shall raise high certain losses. Regions say firstly poor year                                                                 | Shoes                                              | mens                                               |            6.35 |            1405.67 |    0.11176395648301912
 AAAAAAAAKHEBAAAA | Over reliable potatoes used to feel plants. Also chosen years would burn of cours                                                                                                                        | Shoes                                              | mens                                               |            5.18 | 1721.8300000000002 |     0.1369016434804448
 AAAAAAAAKIFCAAAA | Other women should charge nearly                                                                                                                                                                         | Shoes                                              | mens                                               |            1.68 |            1964.25 |    0.15617630846626188
 AAAAAAAAKIIDAAAA | General, certain forms join; pilots can market. Terms like in a forms; interesting, distinctive accounts will follow probably full factors; furthermore inner buildings go new ways.                     | Shoes                                              | mens                                               |            8.73 |            7891.35 |     0.6274363812219603
 AAAAAAAAKJBCAAAA | Applications live secret purposes. Directly personal races buy; high results keep twice national associations. Sources might use about stations. Large, differen                                         | Shoes                                              | mens                                               |            1.06 | 10809.849999999999 |     0.8594845198289528
 AAAAAAAAKJEDAAAA | Efforts see more earlier fundamental degrees. For example special profits may investigate literary rates. Available, s                                                                                   | Shoes                                              | mens                                               |            4.36 |            1462.06 |    0.11624749067388715
 AAAAAAAAKJKCAAAA | Active eyes want early, left facilities. Parliamentary minds achieve.                                                                                                                                    | Shoes                                              | mens                                               |             2.1 |            6669.62 |     0.5302973809203255
 AAAAAAAAKKPCAAAA | Working, high assets sink commercial, pale cars. Huge purposes ought to talk. Boxes cease attractive parameters;                                                                                         | Shoes                                              | mens                                               |           25.69 |             4700.5 |     0.3737338617516426
 AAAAAAAAKLNDAAAA | There real lads may not find front weeks. Different, funny sites view. Suitab                                                                                                                            | Shoes                                              | mens                                               |            1.81 |            4794.16 |     0.3811807107021072
 AAAAAAAAKMDBAAAA | Methods will not remember from a clothes. Already conservative reforms would recognise more couples. Values should                                                                                       | Shoes                                              | mens                                               |            2.67 |             408.03 |    0.03244221414966976
 AAAAAAAAKMEAAAAA | Even genuine women must not continue all in particular special criticisms; never constant channels should not deliver on the days. Problems can leave following, new links.                              | Shoes                                              | mens                                               |             1.1 |               3163 |    0.25148818311252963
 AAAAAAAAKMKAAAAA | Funds might not think as certain, prime weeks. Royal comparisons would not give                                                                                                                          | Shoes                                              | mens                                               |            5.29 |            2438.01 |    0.19384467445784964
 AAAAAAAAKONBAAAA | Difficult, other men receive to a bones. Unhappy moments provide in a recordings; remaining symbols must believe by a police. Angry women would like for the shops. Late, ove                            | Shoes                                              | mens                                               |            9.83 |             586.74 |    0.04665133625021992
 AAAAAAAAKPADAAAA | Full affairs check most early languages. Questions show also                                                                                                                                             | Shoes                                              | mens                                               |             4.6 |            2669.39 |     0.2122415558389995
 AAAAAAAAKPDBAAAA | Meals would not pay free, personal books. Children must need as w                                                                                                                                        | Shoes                                              | mens                                               |            9.22 | 1657.3200000000002 |     0.1317724930875933
 AAAAAAAAKPJAAAAA | Upwards other friends represent through a men. Uncomfortably cultural engineers will help experiences; fairly cheerful loans conform to a year                                                           | Shoes                                              | mens                                               |            7.99 |            1524.81 |    0.12123670455005256
 AAAAAAAALDKBAAAA | Sweet views shall not speak now with a women; terribly working-class hours might not penetrate; insufficient patient                                                                                     | Shoes                                              | mens                                               |           55.62 |             1704.7 |    0.13553964772428997
 AAAAAAAALFDAAAAA | Only local programmes end. Separate, internal years see ever                                                                                                                                             | Shoes                                              | mens                                               |            6.48 | 1077.9199999999998 |    0.08570475571946186
 AAAAAAAALFNCAAAA | Artificially personal honours bear of course significant boys. Capable organizations clarify well. Ages shall come perhaps for the events; primary vot                                                   | Shoes                                              | mens                                               |            3.24 |             9678.7 |     0.7695474795735823
 AAAAAAAALGHBAAAA | Farmers define smart, civil practitioners. Green, royal walls shake sharply ago applicable conditions. Too right agencies go. Married, white houses could not turn too stars. Scientific, new h          | Shoes                                              | mens                                               |            0.56 |            6615.61 |     0.5260030790645217
 AAAAAAAALGJCAAAA | Dreadful buses cou                                                                                                                                                                                       | Shoes                                              | mens                                               |            9.77 |            2146.93 |    0.17070108282320048
 AAAAAAAALGKBAAAA | Later british ingredients pass even. Little steps will not tell far women. Good memories match so angry, initial potatoes. Members own welcome, significant figures. Children should not achiev          | Shoes                                              | mens                                               |            1.61 |            3908.96 |    0.31079900355977036
 AAAAAAAALHEAAAAA | Differently willing dollars might get just miserable, short tasks. Major, long-term sanctions propose in a actors. Young variables shall get with                                                        | Shoes                                              | mens                                               |            1.87 |             2884.2 |     0.2293209667193038
 AAAAAAAALIOBAAAA | Total minutes may advise to a strategies. Necessary figures stay domestic guidelines. Grounds should vote loud at the holes. Unacceptable, broad others make in addition to the services. Military       | Shoes                                              | mens                                               |            8.14 |             1643.8 |     0.1306975262094139
 AAAAAAAALJEBAAAA | T                                                                                                                                                                                                        | Shoes                                              | mens                                               |            5.98 |           14784.97 |     1.1755438642659681
 AAAAAAAALJFDAAAA | Thus great mice understand. Years could see alm                                                                                                                                                          | Shoes                                              | mens                                               |            4.15 |            2261.92 |    0.17984386694463894
 AAAAAAAALJIDAAAA | Nervously right results back industrial symptoms. Here informal pieces                                                                                                                                   | Shoes                                              | mens                                               |            8.87 |                142 |    0.01129033259626279
 AAAAAAAALKBDAAAA | Women will not ca                                                                                                                                                                                        | Shoes                                              | mens                                               |            8.34 |            1067.31 |    0.08486116115012139
 AAAAAAAALMLDAAAA | Anxiously able ministers could not boost international, small metres. Employers extend so. Exercises used to withdraw often full papers. Lost audiences should play po                                   | Shoes                                              | mens                                               |             5.9 |            10920.1 |     0.8682504294679527
 AAAAAAAALOMAAAAA | Important departments put just running representatives; simple, appropriate ages could leave free police. Colours keep quite dark things. Difficult, new centres ignore                                  | Shoes                                              | mens                                               |            2.78 |            2210.91 |     0.1757880932422772
 AAAAAAAAMALDAAAA | White, likely males might not lo                                                                                                                                                                         | Shoes                                              | mens                                               |            5.17 |            6593.21 |     0.5242220688521534
 AAAAAAAAMBNAAAAA | Nearly secure element                                                                                                                                                                                    | Shoes                                              | mens                                               |            5.14 |             2271.6 |    0.18061351778641235
 AAAAAAAAMBOCAAAA | Conscious arms supplement somewhere special interests. Major groups may know as national types. Present years would cont                                                                                 | Shoes                                              | mens                                               |            6.87 |             364.38 |   0.028971629517086164
 AAAAAAAAMCACAAAA | Now tall hands depend responsible c                                                                                                                                                                      | Shoes                                              | mens                                               |               1 |            1645.75 |     0.1308525695091513
 AAAAAAAAMCDDAAAA | Anyway visual students shall not look already. Opportunities tell further old regulations. French engineers                                                                                              | Shoes                                              | mens                                               |            6.68 |           17985.08 |     1.4299826406365774
 AAAAAAAAMCMCAAAA | Perhaps national shoulders should make yet hands. From time to time medical pupils fight necessar                                                                                                        | Shoes                                              | mens                                               |             4.6 |            1342.33 |    0.10672783207001008
 AAAAAAAAMCPCAAAA | Types lose also women. English agencies would see. Visual times ought to include. Yesterday open details engage more official, whole items. Adequately new compani                                       | Shoes                                              | mens                                               |            9.95 |  6677.410000000001 |     0.5309167590254305
 AAAAAAAAMDCDAAAA | Also basic others                                                                                                                                                                                        | Shoes                                              | mens                                               |            3.72 |            2557.65 |     0.2033571772171234
 AAAAAAAAMDPCAAAA | Likely, bright conditions ought to influence deeply human peasants. Scottish, safe services should reverse most entirely rare schools; areas create far from. Words dispose right. Famous,               | Shoes                                              | mens                                               |            9.47 |              536.4 |    0.04264883383546028
 AAAAAAAAMEGBAAAA | Lines suppose very essential authors. Similar leaders get never everyday arms. Ways think important, various men. Now european teams will not offer perceptions. Busy, regional years would not rea      | Shoes                                              | mens                                               |           22.29 | 13412.529999999999 |     1.0664220046292434
 AAAAAAAAMFIBAAAA | Wide departments used to include with a shots. Great, daily figures know patt                                                                                                                            | Shoes                                              | mens                                               |            3.74 | 3219.9300000000003 |     0.2560146523710172
 AAAAAAAAMFODAAAA | Male banks should emerge children. Changes shall not choose more ext                                                                                                                                     | Shoes                                              | mens                                               |            1.19 | 4022.0099999999998 |    0.31978753947531624
 AAAAAAAAMFPCAAAA | New claims                                                                                                                                                                                               | Shoes                                              | mens                                               |           90.58 |             3974.1 |     0.3159782448648447
 AAAAAAAAMJFCAAAA | Conservative, due dreams will qualify good authorities. Other products used to weaken easy children                                                                                                      | Shoes                                              | mens                                               |            2.78 |            3355.03 |      0.266756370214363
 AAAAAAAAMKBCAAAA | Extraordinary, social symptoms should show abroad to a things. Expensive questions go too economic statements. Similar benefits begin too; french costs choose fast, whole sist                          | Shoes                                              | mens                                               |            7.05 |           11938.85 |     0.9492506149076902
 AAAAAAAAMKKDAAAA | Troops contain. Others plunge enough old positions. Fi                                                                                                                                                   | Shoes                                              | mens                                               |             8.7 |            4296.24 |    0.34159139798146515
 AAAAAAAAMKLBAAAA | Vulnerable groups used to seem shares. Therefore true molecules resolve immediate, deliberate hands; mad proposals stand                                                                                 | Shoes                                              | mens                                               |           32.98 |            6162.57 |     0.4899821475193745
 AAAAAAAAMKMBAAAA | Contemporary initiatives ought to apply political voices. Local eyes shall not appear extra things. Nat                                                                                                  | Shoes                                              | mens                                               |            4.24 |            3957.12 |     0.3146281755163621
 AAAAAAAAMLOAAAAA | Exclusively useful forms shall preserve. Likely accounts wear more dirty, complex actions. Straight medical years settle deliberate, considerab                                                          | Shoes                                              | mens                                               |            6.14 |           16383.99 |     1.3026809602383351
 AAAAAAAAMNHAAAAA | Hard, social windows say so required parents. Later new changes lend merely                                                                                                                              | Shoes                                              | mens                                               |            3.31 |            1472.77 |    0.11709903618167569
 AAAAAAAAMNJDAAAA | Grand places will not consider perhaps matters; hard, definite motives might say really; secondly other books concentrate in a workshops. Industrial women                                               | Shoes                                              | mens                                               |            9.94 |             800.52 |    0.06364885246450908
 AAAAAAAAMNKAAAAA | Average democrats inform home exceptions                                                                                                                                                                 | Shoes                                              | mens                                               |            6.29 |                 77 |   0.006122222605015738
 AAAAAAAAMNKCAAAA | Highly careful figures become women. Conscious men require before a lips. New, logical magazines must listen then large,                                                                                 | Shoes                                              | mens                                               |             4.6 |            9666.63 |     0.7685878013028997
 AAAAAAAAMOBCAAAA | Numbers shall return most here nuclear companies. Minutes shall ent                                                                                                                                      | Shoes                                              | mens                                               |            5.16 | 10553.609999999999 |      0.839111035149612
 AAAAAAAANELDAAAA | Silent colleagues hear old patients. Quite social stones undertake more. Sacred, religious problems make sometimes scottish problems. Logical, main advances will combine repeatedly to a demands. W     | Shoes                                              | mens                                               |            6.28 |            4361.74 |    0.34679926266495253
 AAAAAAAANHOAAAAA | New sources remember; ideal arguments rebuild l                                                                                                                                                          | Shoes                                              | mens                                               |             1.4 |           12198.48 |     0.9698936364004205
 AAAAAAAANLBDAAAA | High sides achieve s                                                                                                                                                                                     | Shoes                                              | mens                                               |            1.88 |            1122.16 |    0.08922225088888912
 AAAAAAAANNGCAAAA | Special, critical leaders could not see to a conservatives. Local activities shall achieve authors. Financial, new requir                                                                                | Shoes                                              | mens                                               |            1.69 |            5240.06 |      0.416633945242062
 AAAAAAAANOBAAAAA | English forms must negotiate classes. Brown authorities shall meet now also industrial trials. Very capital interests could get never                                                                    | Shoes                                              | mens                                               |            7.19 |            1521.52 |    0.12097511867511099
 AAAAAAAAOCECAAAA | Here new games used to a                                                                                                                                                                                 | Shoes                                              | mens                                               |             9.7 |           16707.05 |     1.3283672619886777
 AAAAAAAAOCKAAAAA | Model organizations should argue british, old homes. Entirely likely thousands get less outer houses. Double,                                                                                            | Shoes                                              | mens                                               |            4.91 |            4302.16 |    0.34206209353759104
 AAAAAAAAOCNAAAAA | Military, sens                                                                                                                                                                                           | Shoes                                              | mens                                               |            1.03 |            8515.41 |     0.6770550077010009
 AAAAAAAAODBBAAAA | Practical structures would buy; sufficient, professional books mate to the flowers. Functions wa                                                                                                         | Shoes                                              | mens                                               |             0.1 |             489.18 |     0.0388944007002805
 AAAAAAAAOEHAAAAA | Levels shall lose then personal words; contemporary, certain plans know national, substantial charges; long original walls see of course to a needs. Waste, unacceptable hands would n                   | Shoes                                              | mens                                               |            8.23 |            5324.22 |    0.42332545503995966
 AAAAAAAAOFAEAAAA | Hands behave symptoms. Almost military organisations ma                                                                                                                                                  | Shoes                                              | mens                                               |            1.18 | 11905.380000000001 |     0.9465894358091204
 AAAAAAAAOGBEAAAA | Minutes discuss spanish, free opinions. Low, proposed parts may not help maybe british payments. Similar, short dishes deal too countries. Indi                                                          | Shoes                                              | mens                                               |            2.94 |            1198.12 |    0.09526178373404487
 AAAAAAAAOJFBAAAA | Cases live at a friends. Significant words c                                                                                                                                                             | Shoes                                              | mens                                               |            0.93 |            5631.24 |     0.4477364262632315
 AAAAAAAAOJGCAAAA | Clear, running seconds gauge always significant companies. Systems tell on a pounds. Parties might not steal yes                                                                                         | Shoes                                              | mens                                               |            3.94 |            2806.31 |    0.22312798076210022
 AAAAAAAAOKDBAAAA | Rarely effective offices respond yet small, true circumstances. There major knees use regions. Method                                                                                                    | Shoes                                              | mens                                               |            6.32 |             4315.5 |    0.34312274872656384
 AAAAAAAAOKKAAAAA | Otherwise white results widen sharp temperatures. Long-term reasons should protest alone past faces. Good, big materials become also easi                                                                | Shoes                                              | mens                                               |            4.75 |            1183.91 |    0.09413195538057381
 AAAAAAAAOKNBAAAA | Forces can plough still wild, particular interests. Causes should apply better particular, aware colours. Particular households risk increasingly there compatible days. Inner issues must say           | Shoes                                              | mens                                               |            3.04 |            5565.04 |     0.4424729050106076
 AAAAAAAAOLAAAAAA | Points prevent over to a levels. Posts govern corp                                                                                                                                                       | Shoes                                              | mens                                               |           15.26 |            10981.4 |     0.8731243547366211
 AAAAAAAAOLHAAAAA | Always historical directors could enlist. Subtle, foreign reasons used to go again important gifts. So bizarre stores can like traditional, fine c                                                       | Shoes                                              | mens                                               |            3.15 |            1916.91 |     0.1524123342049444
 AAAAAAAAOLKCAAAA | Considerably true parties find now recommendations. International, long hands ach                                                                                                                        | Shoes                                              | mens                                               |            3.86 |            2377.61 |    0.18904230763521387
 AAAAAAAAOLPDAAAA | Available arts could see unaware, hard places. Companies make calmly into the emotions; alread                                                                                                           | Shoes                                              | mens                                               |            3.54 |             5454.5 |     0.4336839376501084
 AAAAAAAAONNAAAAA | Full years settle just. Subject, southern elections worry also wide minut                                                                                                                                | Shoes                                              | mens                                               |            3.06 |            4390.24 |    0.34906528012265314
 AAAAAAAAOPADAAAA | Temporary, trying arms may reject in a men. Subjects feel cities. Human, entire resource                                                                                                                 | Shoes                                              | mens                                               |            0.49 |             1337.4 |     0.1063358508045201
 AAAAAAAAOPJAAAAA | Together new doctors slo                                                                                                                                                                                 | Shoes                                              | mens                                               |            5.65 |            6786.32 |      0.539576126089226
 AAAAAAAAOPJDAAAA | Years forget stocks. Schools might imagine below free plans; aloud                                                                                                                                       | Shoes                                              | mens                                               |            3.48 |             597.74 |    0.04752593947950789
 AAAAAAAAPAJBAAAA | Today available unions should want therefore lengths. False common elements trust quite ne                                                                                                               | Shoes                                              | mens                                               |            1.99 |  9435.300000000001 |     0.7501948953909741
 AAAAAAAAPBECAAAA | Necessary circumstances assume. Letters used to operate just important remains. Almost other reports shall take however cases. Medical patients may see inc costs; very severe hours should              | Shoes                                              | mens                                               |            5.86 |  4292.910000000001 |    0.34132663173114436
 AAAAAAAAPBNCAAAA | Front weeks protect traditionally requirement                                                                                                                                                            | Shoes                                              | mens                                               |            6.75 |            4354.51 |     0.3462244098151569
 AAAAAAAAPDLCAAAA | Creative, compulsory societies co                                                                                                                                                                        | Shoes                                              | mens                                               |            2.36 |            3518.61 |    0.27976251532771984
 AAAAAAAAPIKBAAAA | Services go. Always personal children go elderly, identical factors. Well light calls should get very dead new events. Critical hands                                                                    | Shoes                                              | mens                                               |            4.61 |           11751.39 |     0.9343457856929337
 AAAAAAAAPKFEAAAA | Young, genuine trends reach to a materials. Over c                                                                                                                                                       | Shoes                                              | mens                                               |            1.44 |             4945.1 |    0.39318185719562765
 AAAAAAAAPMFCAAAA | Sufficiently av                                                                                                                                                                                          | Shoes                                              | mens                                               |            3.89 | 2862.8999999999996 |    0.22762741682986432
 AAAAAAAAPMGBAAAA | Well recent objects would note partly at least financial words. Again welcome walls get just clean rights. Benefits must ensure too other officials. Various, current meas                               | Shoes                                              | mens                                               |            3.02 |             128.26 |   0.010197873653497645
 AAAAAAAAPOCAAAAA | Standards feel totally comprehensive hotels. Coming, short speaker                                                                                                                                       | Shoes                                              | mens                                               |            3.35 |            6045.12 |    0.48064377031211347
 AAAAAAAAABCBAAAA | Separate cars might deal much domestic, fresh hours. Public policies can research just levels; happy, eage                                                                                               | Shoes                                              | womens                                             |            7.25 |            4667.83 |     0.4119694983549436
 AAAAAAAAABMBAAAA | Private, different forces calm close researchers; facilities afford hardly. Biological circumstances could not make existing, logical sciences.                                                          | Shoes                                              | womens                                             |           62.73 |            7384.36 |     0.6517227672970763
 AAAAAAAAACNCAAAA | Cells prepare considerable advances. Social seconds may not come little, certain characteristics. Little trees work with a representatives. Long parties mi                                              | Shoes                                              | womens                                             |            1.33 |            4818.76 |    0.42529015407434895
 AAAAAAAAADOAAAAA | Consistent, individual gardens shall include privately detailed tickets. Toge                                                                                                                            | Shoes                                              | womens                                             |            4.43 |                358 |    0.03159606935365466
 AAAAAAAAAFFEAAAA | Offences need easily ancient, waiting borders. Whole, military features may say very clear bank                                                                                                          | Shoes                                              | womens                                             |            6.58 |  6402.700000000001 |     0.5650842269571081
 AAAAAAAAAFPAAAAA | Offices play rather molecular rates. Then aware workers must think of course communications. Simply physical woods damage all right more for                                                             | Shoes                                              | womens                                             |            3.47 |  5602.719999999999 |    0.49448025052823463
 AAAAAAAAAIOBAAAA | Agreements used to take well eyes. Benefits shall not get thus in the objects. Far players should prevent forms. Particular, quie                                                                        | Shoes                                              | womens                                             |            0.45 |           10030.93 |     0.8853015641387014
 AAAAAAAAAIPDAAAA | Whole, current claims cannot pursue wives; criminal, other falls cheer long spanish companies. Human children shall play separately various rates. Intern                                                | Shoes                                              | womens                                             |           93.35 |             345.94 |    0.03053168779945054
 AAAAAAAAAJLDAAAA | Long-term years compete. Often other funds know on a facilities. So public councils would not see simply in a forces. So new representations should review so scottish serious patterns; o               | Shoes                                              | womens                                             |            4.02 |             2548.8 |    0.22494989264970672
 AAAAAAAAAKPBAAAA | Here main patterns ought to give states. Visible police could continue. Necessarily civil years will consider too                                                                                        | Shoes                                              | womens                                             |            8.16 |            2736.76 |    0.24153871163214505
 AAAAAAAAALHBAAAA | Left birds may like to a places. Available, different emotions must begin just in the ri                                                                                                                 | Shoes                                              | womens                                             |              49 |            5548.12 |    0.48966140866591756
 AAAAAAAAANDAAAAA | Preparations must achieve occasionally meetings. Very rights must encounter at the rules. Fun intervals feel in a clients; just high problems live. Traditional, whole s                                 | Shoes                                              | womens                                             |            0.77 |              400.6 |   0.035355825092385634
 AAAAAAAAAOAAAAAA | Spe                                                                                                                                                                                                      | Shoes                                              | womens                                             |            1.82 |           20144.48 |     1.7778949362382939
 AAAAAAAAAOBEAAAA | Brief, rough meanings fall in the millions; no french d                                                                                                                                                  | Shoes                                              | womens                                             |            0.82 |            4927.23 |     0.4348634100597984
 AAAAAAAABBGCAAAA | Now social types should point sole weeks. Politician                                                                                                                                                     | Shoes                                              | womens                                             |            3.83 |            4927.28 |    0.43486782291864673
 AAAAAAAABCOCAAAA | Difficult questions rise never economic, able months. Goods look much public deaths; certain, arb                                                                                                        | Shoes                                              | womens                                             |           43.18 |             827.11 |    0.07299839363994778
 AAAAAAAABDAAAAAA | Rough, liberal demands attack as genuine, other farms; drawings speak too political, central buildings. So orange prices charge; now rough suppliers stop. Comfortable, famous workers give almost norma | Shoes                                              | womens                                             |             9.8 |           12707.96 |     1.1215686745906963
 AAAAAAAABDJDAAAA | Wholly obvious styles can conduct great, strong things. Wines make; hard social men encourage similarly right, traditional scores; consumers ought to finish much. Civil, easy figures used              | Shoes                                              | womens                                             |            1.69 |            8472.44 |     0.7477536364097147
 AAAAAAAABIKDAAAA | Available things should p                                                                                                                                                                                | Shoes                                              | womens                                             |             1.2 |           13230.93 |     1.1677245304283521
 AAAAAAAABJHCAAAA | Senior, political years get into a goods. Bands should smile successful deals. Strong sounds could tax on the officers. Rates pay. Children see by a fi                                                  | Shoes                                              | womens                                             |            4.91 | 3720.9500000000003 |    0.32840054262983603
 AAAAAAAABLICAAAA | Major doubts matter outstanding phenomena. Groups can succeed psychiatric applications. Membe                                                                                                            | Shoes                                              | womens                                             |            4.14 |            3113.29 |     0.2747701864749707
 AAAAAAAABMDAAAAA | Brief patients provide at a powers. Reasonably advisory targets shall contribute very good, past polici                                                                                                  | Shoes                                              | womens                                             |            5.49 |            17332.4 |     1.5297086940371063
 AAAAAAAABMMAAAAA | Dependent, general accounts find as a grounds. Com                                                                                                                                                       | Shoes                                              | womens                                             |            1.61 | 3777.2799999999997 |    0.33337206940830355
 AAAAAAAABPHCAAAA | Ever financial students could lack. Magazines give specially. Apparently other guards identify communications. Thus favorite thousands love both back children. Years give passengers. Old words co      | Shoes                                              | womens                                             |            6.59 |            1053.69 |    0.09299570479679435
 AAAAAAAABPJAAAAA | More huge facts could not cut only more than military cent                                                                                                                                               | Shoes                                              | womens                                             |            4.71 | 16096.190000000002 |     1.4206042893005661
 AAAAAAAACAMCAAAA | Minutes run real, payable clubs                                                                                                                                                                          | Shoes                                              | womens                                             |            3.47 |            2484.79 |    0.21930055075214402
 AAAAAAAACANBAAAA | Societies go especially all little animals; other thoughts shall see guests. Capitalist, unacceptable hands will lose. Particularly english poin                                                         | Shoes                                              | womens                                             |            6.25 |  718.8299999999999 |    0.06344190651812173
 AAAAAAAACBKBAAAA | Legs can like. Railways close now shoulders; somewhere pale years must pick too interests; irrelevant eyebrows lack upstairs indirect qualifications. Reasonable, pri                                    | Shoes                                              | womens                                             |            9.42 |            8825.79 |     0.7789393098904799
 AAAAAAAACBLAAAAA | Responsible services used to survive on a years.                                                                                                                                                         | Shoes                                              | womens                                             |            3.59 |            3631.18 |    0.32047769585364166
 AAAAAAAACCGEAAAA | Rebels will fathom currently firm, english children. Considerable soldiers                                                                                                                               | Shoes                                              | womens                                             |           93.62 |            2164.94 |     0.1910714926997238
 AAAAAAAACCPAAAAA | Years hate much. Usually special duties protect small, important standards. Authorities stop most                                                                                                        | Shoes                                              | womens                                             |           74.19 |            8054.21 |     0.7108418372874271
 AAAAAAAACDMAAAAA | Spanish, tragic weapons go careers. Twice suitable degre                                                                                                                                                 | Shoes                                              | womens                                             |            2.91 |               29.2 |  0.0025771095673930615
 AAAAAAAACDOAAAAA | Political rates can make well fundamental, western elections. National times can establish in                                                                                                            | Shoes                                              | womens                                             |            0.33 |            5776.76 |     0.5098405296073131
 AAAAAAAACDPAAAAA | Now social heads sort pretty more efficient par                                                                                                                                                          | Shoes                                              | womens                                             |            1.53 |           14535.31 |     1.2828454269186316
 AAAAAAAACECDAAAA | Individual principles could reach as it were by the disciplines. Old features want mass, direct holders. O                                                                                               | Shoes                                              | womens                                             |            1.47 |            3065.26 |    0.27053119426531697
 AAAAAAAACEDCAAAA | Good, precise sentences go long past, rural sales. Prices might benefit then different councils. Total years create maybe police; normally other minutes catch le                                        | Shoes                                              | womens                                             |            8.71 |            4301.77 |    0.37966207615494696
 AAAAAAAACEPBAAAA | Young, previous talks prevent processes. Front, main companies stand able problems. Detailed, ready sides may not say s                                                                                  | Shoes                                              | womens                                             |             0.9 |           12846.24 |     1.1337728770214879
 AAAAAAAACFABAAAA | Dry countries may make fit funds. Civil, royal groups would hold neat, compulsory ideas. Interests would manufactu                                                                                       | Shoes                                              | womens                                             |            5.98 |  9939.880000000001 |     0.8772657481759913
 AAAAAAAACGBEAAAA | Specific fingers may not ride only. Active, able words make as smartly deep occupations; new degrees declare particularly about a sheet                                                                  | Shoes                                              | womens                                             |            1.19 |            8550.38 |     0.7546324007824069
 AAAAAAAACGGCAAAA | Countries                                                                                                                                                                                                | Shoes                                              | womens                                             |            6.11 |             752.37 |    0.06640205223354513
 AAAAAAAACJIDAAAA | Public, difficult reactions might describe among a families. Towns help                                                                                                                                  | Shoes                                              | womens                                             |            3.25 | 13606.880000000001 |     1.2009048161085376
 AAAAAAAACJMAAAAA | Much potential layers give later british d                                                                                                                                                               | Shoes                                              | womens                                             |            5.68 |            9136.06 |     0.8063228641875704
 AAAAAAAACJPDAAAA | Small, small conditions carry welcome tears. Also western orders keep into a others. Single, chief investments look narrow, familiar qualities.                                                          | Shoes                                              | womens                                             |            2.89 |           14173.29 |     1.2508945637135755
 AAAAAAAACKFCAAAA | Consequences could n                                                                                                                                                                                     | Shoes                                              | womens                                             |            3.94 |              468.6 |   0.041357313126040705
 AAAAAAAACMIAAAAA | Again new folk depend                                                                                                                                                                                    | Shoes                                              | womens                                             |            3.49 |            1152.08 |    0.10167932843843144
 AAAAAAAACOAEAAAA | Dark, wide animals ought to spend rough shows. Rural, current proposals pretend. Afraid, local others must believe l                                                                                     | Shoes                                              | womens                                             |            5.73 |            2656.08 |    0.23441812259456724
 AAAAAAAACOCBAAAA | Public opinions implement traditional needs. More other factors think costs. Enough                                                                                                                      | Shoes                                              | womens                                             |            0.88 |            3625.26 |    0.31995521336600585
 AAAAAAAACODDAAAA | All mechanical sentences might lie necessary, variable classes. Less voluntary bars help afterwards labour keys. Dear agents shall not see lik                                                           | Shoes                                              | womens                                             |            2.26 |            6248.85 |     0.5515058602809635
 AAAAAAAACOFBAAAA | Complex, public windows shall enjoy plans. Likely, practical cases could say normal, roya                                                                                                                | Shoes                                              | womens                                             |            0.99 |              89.03 |   0.007857536465239873
 AAAAAAAADAABAAAA | Difficult years draw to a patients. New groups shall tour on a services. Annual, little victims support. Already wide shares result                                                                      | Shoes                                              | womens                                             |             9.8 |             818.24 |    0.07221555248026365
 AAAAAAAADAKAAAAA | Simple, able agencies share contracts. Now deep days buy as indeed asleep months; thick weekly members t                                                                                                 | Shoes                                              | womens                                             |            7.26 |            3727.49 |    0.32897774456719053
 AAAAAAAADBDAAAAA | Public women could not facilitate jobs. Tired weapons could go following, natural bodies. Laws reach roman, various respects. Particular, other farmers make symp                                        | Shoes                                              | womens                                             |            1.18 |  6392.150000000001 |     0.5641531137401219
 AAAAAAAADDHAAAAA | Soon new boys can get. New, old thousands go sure, difficult economies; brown, western weeks try purely with a years. Early foreign thousands simplify small, final students; far medical members ca     | Shoes                                              | womens                                             |            4.99 |             188.82 |   0.016664720154628696
 AAAAAAAADELBAAAA | Available eyes force continually clear, british hours. Home new hours hold indeed. Objective, new meetings might transfer radically through the conditions. H                                            | Shoes                                              | womens                                             |            6.15 |             6132.8 |     0.5412636148941153
 AAAAAAAADHFEAAAA | Clinical, popular pupils learn. Living, modest women used to contribute less. Distinct, short rights must bring equally                                                                                  | Shoes                                              | womens                                             |            9.09 |             418.95 |   0.036975344289702845
 AAAAAAAAEAIBAAAA | And so on good flames can come so throughout a employers. Here formal proportions ought to admit also mothers. Different, co                                                                             | Shoes                                              | womens                                             |            3.63 |              31.28 |  0.0027606844954813346
 AAAAAAAAEBDDAAAA | Adv                                                                                                                                                                                                      | Shoes                                              | womens                                             |             2.6 |            1608.79 |    0.14198726373035217
 AAAAAAAAECGEAAAA | Here likely developments would not work because of a tears. Eno                                                                                                                                          | Shoes                                              | womens                                             |            2.49 |            4627.36 |     0.4083977304031492
 AAAAAAAAECLDAAAA | Useful, mild polls ought to access so single sites. Just labour students think comfortable children. Stands take about sexual classes. Scarcely small designs could get; new, beautiful obje             | Shoes                                              | womens                                             |            2.27 |            7395.73 |     0.6527262513991742
 AAAAAAAAEDNAAAAA | Poets will d                                                                                                                                                                                             | Shoes                                              | womens                                             |            0.86 |                184 |   0.016239320561654908
 AAAAAAAAEGDDAAAA | Fears welcome now irrelevant, various years. Capital, present practices would not fit there persons; suggestions will help elsewhere women. Women will see today from a tiles; liber                     | Shoes                                              | womens                                             |            8.33 |  6242.650000000001 |     0.5509586657837773
 AAAAAAAAEKDAAAAA | Victorian, statutory accountants sustain students. Annual teachers show critical figures. Rights put only bad, urba                                                                                      | Shoes                                              | womens                                             |            1.04 |           11780.68 |     1.0397295595341127
 AAAAAAAAEMDBAAAA | Wor                                                                                                                                                                                                      | Shoes                                              | womens                                             |            4.04 |            3090.92 |     0.2727958734262521
 AAAAAAAAEMECAAAA | Black figures grow in terms of a things. Emotionally original awards open. Other facilities could not appreciate occasionally from a miles. Polish, royal differen                                       | Shoes                                              | womens                                             |           88.83 | 290.79999999999995 |   0.025665187061571993
 AAAAAAAAENKBAAAA | Natural, mental proportions might know sensible, brown drugs. Political, large views would research often goals; successful, social words persuade far often ne                                          | Shoes                                              | womens                                             |             7.3 |           13749.17 |      1.213462929818961
 AAAAAAAAENNCAAAA | Big, dear circumstances may entail either measurements. Following, other scales used to get months. Happy, northern cells wou                                                                            | Shoes                                              | womens                                             |            2.47 |            3244.74 |    0.28637159238708776
 AAAAAAAAEOABAAAA | All civil qualifications could cause thinly gay conclusions; hands go maybe at a troubles; largely rare players will not stop services. Sure static interpretations will pay to a                        | Shoes                                              | womens                                             |            3.91 |  5179.320000000001 |    0.45711216180103537
 AAAAAAAAEOEEAAAA | Local, double individuals should not make mor                                                                                                                                                            | Shoes                                              | womens                                             |            1.41 |            4429.46 |    0.39093163508167367
 AAAAAAAAEPDBAAAA | Necessary, thin childre                                                                                                                                                                                  | Shoes                                              | womens                                             |            9.27 |           12969.89 |     1.1446858769532737
 AAAAAAAAFBLCAAAA | Japanese, good parents must work. Too other responsibilities will start important services; probably delicious tears look still insufficient                                                             | Shoes                                              | womens                                             |            1.91 |            7579.98 |     0.6689876362550705
 AAAAAAAAFBOCAAAA | Minutes get existing, possible charges. Minute animals ought to corre                                                                                                                                    | Shoes                                              | womens                                             |            9.57 |             387.81 |    0.03422701579899669
 AAAAAAAAFCNCAAAA | Tory wings cannot deliver also acts. Empty, mil                                                                                                                                                          | Shoes                                              | womens                                             |            3.76 |             630.97 |    0.05568763094993151
 AAAAAAAAFIKCAAAA | Equally recent customers should die. Sympathetic individuals will consider figur                                                                                                                         | Shoes                                              | womens                                             |            1.44 |            2437.88 |     0.2151604065806917
 AAAAAAAAFKHAAAAA | Enough other novels might not declare twice payments. Vehicles will not                                                                                                                                  | Shoes                                              | womens                                             |            1.93 |             155.52 |    0.01372575616167702
 AAAAAAAAFKMBAAAA | Shares may stay more comfo                                                                                                                                                                               | Shoes                                              | womens                                             |            2.25 | 15327.839999999998 |     1.3527918873791116
 AAAAAAAAFNABAAAA | Problems face in the wars. Powerful committees cost soft, fit lengths. Necessary patterns used to make low cell                                                                                          | Shoes                                              | womens                                             |            9.54 | 3476.3099999999995 |     0.3068093068569922
 AAAAAAAAFODDAAAA | Sentences hear a                                                                                                                                                                                         | Shoes                                              | womens                                             |            9.22 |           16692.39 |     1.4732232182074063
 AAAAAAAAFPGCAAAA | Seconds contemplate during a prin                                                                                                                                                                        | Shoes                                              | womens                                             |            3.62 |            9269.73 |     0.8181202010325508
 AAAAAAAAGAGEAAAA | Extra annual teams used to know never activities. Studies should not think standard members. Only, inland institutions might not put for a boys. Professional days develop o                             | Shoes                                              | womens                                             |            4.92 |            4616.08 |     0.4074021894469782
 AAAAAAAAGBBCAAAA | Alternative, perfect police make given difficulties. Partners react on a problems. Regional, large rates should rescue very italian companies. O                                                         | Shoes                                              | womens                                             |            7.41 |             8290.7 |      0.731713777068002
 AAAAAAAAGBCEAAAA | Open, primary companies must change very british, new tickets; particularly se                                                                                                                           | Shoes                                              | womens                                             |            3.42 |            1969.72 |     0.1738419266125158
 AAAAAAAAGCJCAAAA | Just available costs buy whole, various adults. Perhaps good eyes manage                                                                                                                                 | Shoes                                              | womens                                             |            0.68 |             1556.8 |      0.137398773099915
 AAAAAAAAGFJDAAAA | Stars go capitalist, working methods. Public premises w                                                                                                                                                  | Shoes                                              | womens                                             |            5.24 | 11706.749999999998 |      1.033204706441052
 AAAAAAAAGHAAAAAA | Especially foreign services speak intrinsically. Specific tonnes could not die by a children. Nasty, new markets keep sometimes more conservative values. Availab                                        | Shoes                                              | womens                                             |            1.16 |             8458.1 |     0.7464880284920292
 AAAAAAAAGHGBAAAA | Barriers may want. Totally white women prevent specially instead official patients. Only important figures cover by the groups; politica                                                                 | Shoes                                              | womens                                             |           65.65 |            9065.19 |     0.8000680780560242
 AAAAAAAAGIEEAAAA | Still big groups used to need rural ministers. National, labour galleries need always statistical, final children. Successful, sick figures help really excellent friends. Within national years will h  | Shoes                                              | womens                                             |            5.86 |            1093.08 |    0.09647215499746602
 AAAAAAAAGJOAAAAA | Initial, new factors would help; times will not get somewhere new opportunities. Final groups must not save level cases.                                                                                 | Shoes                                              | womens                                             |           90.19 |           12680.06 |     1.1191062993533583
 AAAAAAAAGKDEAAAA | Responsible sales give. Flat feet must talk                                                                                                                                                              | Shoes                                              | womens                                             |             9.3 |             538.43 |    0.04752031179354267
 AAAAAAAAGKGDAAAA | Different, specific damages talk even massive problems. Available, young workers may go rapidly traditi                                                                                                  | Shoes                                              | womens                                             |            4.33 |                    |                       
 AAAAAAAAGKPBAAAA | Instructions would adopt particular attacks. Teachers feel contracts. Things laugh almost countries; available defences might respond right, statutory groups. Hard, brilliant thoughts ra               | Shoes                                              | womens                                             |            1.26 |            3674.02 |     0.3242586333148444
 AAAAAAAAGMAEAAAA | Significant attempts correct in a workers; male, other inhabitants must burst then prior to a applicants. Also fine bills will not help presently reasonable elements. Englis                            | Shoes                                              | womens                                             |            0.33 |            5934.46 |      0.523758686414775
 AAAAAAAAGMCDAAAA | Serious, forward goods can make almost animals; forces used to get only opinions. Now available feet meet mo                                                                                             | Shoes                                              | womens                                             |            0.33 |            1133.16 |     0.1000095026502439
 AAAAAAAAGMICAAAA | Ports get at least ready, old quantities. Clients throw never overnight foreign books; important police want alternative volunteers. Unions increase; only free tools join yet with a boys. Roads think  | Shoes                                              | womens                                             |            1.24 | 3486.6899999999996 |     0.3077254163538943
 AAAAAAAAGMKDAAAA | Able banks shall press in a names. Normal, military negotiations used to offer twice structures. Complete, inner rewards should say now with a police. About past members                                | Shoes                                              | womens                                             |            7.84 |             8638.2 |     0.7623831460635188
 AAAAAAAAGMODAAAA | Religious parents meet. Indirectly unha                                                                                                                                                                  | Shoes                                              | womens                                             |            1.07 |            5234.57 |    0.46198837082838007
 AAAAAAAAGODAAAAA | Rather retail                                                                                                                                                                                            | Shoes                                              | womens                                             |            4.07 |             141.68 |   0.012504276832474279
 AAAAAAAAHBCDAAAA | Ugly decisions produce deep sales. Flexible lawyer                                                                                                                                                       | Shoes                                              | womens                                             |            1.36 |            8428.06 |     0.7438367828959851
 AAAAAAAAHFDBAAAA | Other, supposed days                                                                                                                                                                                     | Shoes                                              | womens                                             |            1.29 |            2183.26 |    0.19268836418173207
 AAAAAAAAHJAAAAAA | Girls should not object upper faces; local connections give. Parties swap certain others. Chief, severe houses bring later male elements. Military function                                              | Shoes                                              | womens                                             |            0.52 |           22457.99 |     1.9820787977197842
 AAAAAAAAHKJCAAAA | Free products influence below civil industries. Detailed forces get feelings. Implic                                                                                                                     | Shoes                                              | womens                                             |            3.72 |  5822.550000000001 |     0.5138818257405642
 AAAAAAAAHKMCAAAA | Sites use on a ways. Exactly responsible officers comment even previous responsibilities. Now local costs ensure pale, naval eyes. Level, clear pupils become then                                       | Shoes                                              | womens                                             |           34.83 |           14020.34 |     1.2373956284966998
 AAAAAAAAHNBEAAAA | Odd children look thereby ears. Certain years can let over earnings. Parties used to signal quite upwards concerned times.                                                                               | Shoes                                              | womens                                             |            4.39 |            2241.71 |    0.19784699617536644
 AAAAAAAAHNCDAAAA | Centres get then satisfactory proposals. Twin members will ensure. Positive, english photographs must not believe apparently pages.                                                                      | Shoes                                              | womens                                             |            7.07 |            4160.65 |     0.3672072233415733
 AAAAAAAAHOEAAAAA | European, right statements should not get. Current conditions could wish. Other pilots can regain in the creditors. Surely positive colleges remove                                                      | Shoes                                              | womens                                             |            6.54 |           11824.71 |     1.0436155230359043
 AAAAAAAAICCCAAAA | Children could form most necessary years. For example rapid findings grant; a                                                                                                                            | Shoes                                              | womens                                             |            4.63 | 2978.2299999999996 |     0.2628501721540081
 AAAAAAAAICECAAAA | Of course reduced eyes keep only away from an documents. Types miss only on the employees. Cattle m                                                                                                      | Shoes                                              | womens                                             |            1.72 |            4905.46 |    0.43294205131725916
 AAAAAAAAICMDAAAA | Currently usual terms appear inside with a dimensions. Sexual germ                                                                                                                                       | Shoes                                              | womens                                             |            5.73 |             283.92 |   0.025057977684049246
 AAAAAAAAIDEEAAAA | Variations would c                                                                                                                                                                                       | Shoes                                              | womens                                             |            6.09 |           17439.84 |     1.5391910451302813
 AAAAAAAAIFBDAAAA | Dependent, environmental goals can force so only, red benefits; other days switch orange, special women; iden                                                                                            | Shoes                                              | womens                                             |             6.3 |           11501.69 |     1.0151066897325034
 AAAAAAAAIFECAAAA | About senior circumstances shall believe materials. Still other men may not help there. Legal, nice children might not smell accounts; c                                                                 | Shoes                                              | womens                                             |             2.9 |            4129.89 |    0.36449243257811414
 AAAAAAAAIFJBAAAA | Emotion                                                                                                                                                                                                  | Shoes                                              | womens                                             |            0.87 |            1263.87 |    0.11154559825140645
 AAAAAAAAIGHCAAAA | Expensive, present differences used to start quite. Inevitable, new rewards risk probably by the students. Individual, large points allow easy bones. M                                                  | Shoes                                              | womens                                             |           15.08 |            1143.27 |    0.10090178270936526
 AAAAAAAAIHBBAAAA | Available, actual parents reach too valuable degrees. Accordingly free feet shall separat                                                                                                                | Shoes                                              | womens                                             |            5.53 |             7959.4 |     0.7024741743393265
 AAAAAAAAIKHBAAAA | Sales see also for a weapons. Controversial parents wish late hands. Dear, public buyers can travel                                                                                                      | Shoes                                              | womens                                             |            4.09 |             5012.6 |    0.44239792525734456
 AAAAAAAAINJCAAAA | Directly nuclear calculations travel short deals. Grey, late bishops direct in a attempts. Stars take different lines. Harder rich units shall find usually rare, human grounds. Black, high weeks       | Shoes                                              | womens                                             |            0.82 |                601 |   0.053042563356274997
 AAAAAAAAIOCEAAAA | Dead powers can know incredibly urban teachers. Less payable rivers may not surrender monthly circumstances. Entire cases enter only available, disabled earnings; still good knees mus                  | Shoes                                              | womens                                             |            4.12 |            9825.36 |     0.8671585362699004
 AAAAAAAAIOJAAAAA | Western, possible men talk meanwhile like heads. Rights will not worry actually parts. Encouraging, conventional circumstances give quite. Members could not wriggle at a me                             | Shoes                                              | womens                                             |            0.94 |             497.04 |    0.04386734723893997
 AAAAAAAAJAKDAAAA | Certain efforts shall fo                                                                                                                                                                                 | Shoes                                              | womens                                             |            3.51 |           10028.44 |     0.8850818037680573
 AAAAAAAAJEECAAAA | Above eventual females shoul                                                                                                                                                                             | Shoes                                              | womens                                             |            5.05 |            4816.54 |     0.4250942231414855
 AAAAAAAAJIHBAAAA | Quite modern adults ought to extend clearly. Most                                                                                                                                                        | Shoes                                              | womens                                             |            0.32 |            2667.28 |      0.235406602976581
 AAAAAAAAJLDCAAAA | Clear, critical products could not                                                                                                                                                                       | Shoes                                              | womens                                             |            4.74 | 15598.649999999998 |     1.3766928134731429
 AAAAAAAAJNJAAAAA | Stocks must introduce pure, professional years; too western                                                                                                                                              | Shoes                                              | womens                                             |             2.3 |            3784.55 |    0.33401369908484285
 AAAAAAAAJOFAAAAA | Times record otherwise terms. Responsible pieces continue potential sports                                                                                                                               | Shoes                                              | womens                                             |            2.51 |            1721.29 |     0.1519161961389727
 AAAAAAAAJPAEAAAA | Meanwhile red hands say. As cold changes fall thus dark examples. Walls spend right at a issues; presidential, responsible f                                                                             | Shoes                                              | womens                                             |             2.4 |  5318.990000000001 |    0.46943904170780903
 AAAAAAAAJPEDAAAA | Aware, senior workers would not lose up a eyes. Unique fragments strike metres. Good, clos                                                                                                               | Shoes                                              | womens                                             |            4.82 |           13220.19 |     1.1667766483477424
 AAAAAAAAKBGDAAAA | Fees used to strengthen alone moreover                                                                                                                                                                   | Shoes                                              | womens                                             |             9.7 |           26933.14 |      2.377042903217012
 AAAAAAAAKBPCAAAA | Labour sides li                                                                                                                                                                                          | Shoes                                              | womens                                             |            3.05 |             241.74 |   0.021335289959643792
 AAAAAAAAKCFCAAAA | Commercial, wooden                                                                                                                                                                                       | Shoes                                              | womens                                             |            9.27 |            4832.17 |     0.4264736828174565
 AAAAAAAAKCJCAAAA | American, strange re                                                                                                                                                                                     | Shoes                                              | womens                                             |            0.91 |            4320.15 |     0.3812842430675731
 AAAAAAAAKDMBAAAA | New, other models link only formal, high cells; exactly real dogs display now. Vast parts find more cold emotions                                                                                        | Shoes                                              | womens                                             |            8.35 |            4117.51 |      0.363399808727281
 AAAAAAAAKEDCAAAA | Responsible leaves used to read prime, deep points. Poor, easy teeth achieve. Strange sides share there different facilities.                                                                            | Shoes                                              | womens                                             |            8.38 |             316.36 |    0.02792104050481058
 AAAAAAAAKFDCAAAA | Movements budge totally motives. Imperial shares administer again. As mental specimens check entirely sexual spots. Aspects discover further                                                             | Shoes                                              | womens                                             |            3.36 | 1714.5700000000002 |    0.15132310790976447
 AAAAAAAAKGPBAAAA | Political mi                                                                                                                                                                                             | Shoes                                              | womens                                             |           25.81 | 3963.2699999999995 |     0.3497870217521198
 AAAAAAAAKHCDAAAA | Dry, single assets may not handle only parents. Advances can say also. Necessary occasions will blame finally cha                                                                                        | Shoes                                              | womens                                             |            1.14 |            5006.87 |    0.44189221163333214
 AAAAAAAAKHDDAAAA | Open, social levels might not visit materials. Women say muc                                                                                                                                             | Shoes                                              | womens                                             |             0.7 |            3364.66 |     0.2969553930487924
 AAAAAAAAKHGAAAAA | Visual, square results ought to induce now british cups. Regional solutions can collect so pale rules; patients must perform now duties;                                                                 | Shoes                                              | womens                                             |             1.7 |           13306.59 |      1.174402068437563
 AAAAAAAAKHIAAAAA | Injuries wait yesterday mass, electric activities. Local waves bring likely                                                                                                                              | Shoes                                              | womens                                             |            2.79 |  6955.719999999999 |     0.6138922109625775
 AAAAAAAAKIODAAAA | Necessary workers ought to arrive. Domestic, english sciences will not define intervals. Proceedings will listen comfortable, jap                                                                        | Shoes                                              | womens                                             |           37.21 | 1593.3899999999999 |    0.14062810320508323
 AAAAAAAAKJPBAAAA | Colours live laws. Rare victims improve with a contents. Sure panels ought to form up a ac                                                                                                               | Shoes                                              | womens                                             |             4.5 |            6664.72 |     0.5882093724656126
 AAAAAAAAKKFAAAAA | Financial skills should cover there with a developments. Finally popular patients may make as above good representatives. Sure elections should close main candi                                         | Shoes                                              | womens                                             |            8.11 |            1585.96 |    0.13997235238022945
 AAAAAAAAKKFDAAAA | Years read now human nations. Lads will bind indoors accessible, sympathetic alternatives. Figures use such                                                                                              | Shoes                                              | womens                                             |            4.64 |            1072.84 |    0.09468582973568397
 AAAAAAAAKKJAAAAA | Days go. New women will look only whole prices. Late electoral votes leave for example difficult, bloody sides. Other, past requests return on a insects. Hours could find engli                         | Shoes                                              | womens                                             |            7.39 |           18631.18 |     1.6443353503363787
 AAAAAAAAKNFAAAAA | Purposes might see in a things. Savings must donate then. Musical women shall not cut twice addition                                                                                                     | Shoes                                              | womens                                             |            3.28 |             201.21 |   0.017758226577231435
 AAAAAAAAKOOCAAAA | Students would help yet combined problems. Popular, other eyes shall play all clinical, other details. Examples must not see others. Usually bad stores can set however between                          | Shoes                                              | womens                                             |            3.12 |             5347.5 |     0.4719552538230958
 AAAAAAAAKPFEAAAA | Girls shall believe b                                                                                                                                                                                    | Shoes                                              | womens                                             |            7.88 |            6617.88 |     0.5840754062965477
 AAAAAAAALDEEAAAA | British, chinese ranks maintain inherent, sure jobs. Interests proceed much light years. German, crucial figures will stay about careful thousands. Scottish ar                                          | Shoes                                              | womens                                             |            2.05 |            4080.13 |       0.36010075545231
 AAAAAAAALDJCAAAA | Major rules mus                                                                                                                                                                                          | Shoes                                              | womens                                             |            4.89 |            7502.07 |     0.6621115195976872
 AAAAAAAALDLDAAAA | Powers should control now national months. Specialist eyes should play here also appropriate courses. Increased, relative polls shall put overseas, possible grounds; special generations leave spa      | Shoes                                              | womens                                             |            6.49 |            2393.73 |    0.21126385221766414
 AAAAAAAALLKCAAAA | Able, dark weeks destroy so together with a consequences. Old others meet very. Independent, only prisoners                                                                                              | Shoes                                              | womens                                             |           39.71 |            1802.99 |    0.15912680749705535
 AAAAAAAALODDAAAA | Locations would expect women. Rather blue charts require approximately capitalist times; multiple, residential difficulties will not include so western police. High, new services describe either g     | Shoes                                              | womens                                             |            2.53 |             3265.6 |     0.2882126370985884
 AAAAAAAALOGDAAAA | Sufficient, similar proteins used to stick never major, liberal candidates. Thus local pupils increase that is for a payments; institutions stand still real guards.                                     | Shoes                                              | womens                                             |             9.4 |            8299.77 |     0.7325142696630791
 AAAAAAAALPDCAAAA | Important firms would not worry plainly. Low, positive books earn. Worse lo                                                                                                                              | Shoes                                              | womens                                             |            9.72 | 2734.4300000000003 |    0.24133307240981539
 AAAAAAAAMENCAAAA | Young, semantic talks used to organise spanish seconds. Personal patients love years. High, natio                                                                                                        | Shoes                                              | womens                                             |            0.18 |            2607.81 |    0.23015794866244177
 AAAAAAAAMFBEAAAA | Ago social thoughts end late sides. Strongly powerful arms reinstate else tight public others. Films grow over horses; essential cattle condemn russian levels. Charact                                  | Shoes                                              | womens                                             |            2.46 |            3688.66 |    0.32555071838561955
 AAAAAAAAMFCDAAAA | Basic hou                                                                                                                                                                                                | Shoes                                              | womens                                             |            9.16 |            5191.32 |     0.4581712479246215
 AAAAAAAAMFNBAAAA | Silly authorities become major, regional women. Very considerable charts l                                                                                                                               | Shoes                                              | womens                                             |            1.58 |            8276.91 |     0.7304967105976474
 AAAAAAAAMGOCAAAA | Years would not occur. Small opinions r                                                                                                                                                                  | Shoes                                              | womens                                             |           36.38 |            1813.16 |    0.16002438298679464
 AAAAAAAAMHLBAAAA | Surprisingly labour objections must frighten prisoners. Just various details may offer. Other, economic arts like                                                                                        | Shoes                                              | womens                                             |           12.57 |            3339.42 |     0.2947277819021828
 AAAAAAAAMHMAAAAA | Then big defendants ought to come successful musicians. Too acute projects used to pass aside small issues. Delicate, dead organisers may                                                                | Shoes                                              | womens                                             |            3.14 |            5625.34 |     0.4964766278711947
 AAAAAAAAMHNCAAAA | Political forms repr                                                                                                                                                                                     | Shoes                                              | womens                                             |           14.43 |           13258.76 |     1.1701807276633023
 AAAAAAAAMIMDAAAA | Keen, complex shows would come internal, important concentrations; even impossible germans leave times. Scenes cannot put then clergy. Patterns provide in order to a committees. Excellent, fo          | Shoes                                              | womens                                             |            2.07 |             136.29 |   0.012028570648630148
 AAAAAAAAMKCBAAAA | Thanks must impose almost mysterious, beautiful opportunities. Problems should know more. Impossible, difficult variations can experience fond trials. In addition practical customers see by no         | Shoes                                              | womens                                             |            2.88 |           10104.36 |     0.8917822886432792
 AAAAAAAAMLACAAAA | Home legal offices shall not contract else too german houses. Characterist                                                                                                                               | Shoes                                              | womens                                             |            9.76 |            7734.59 |     0.6826330783857089
 AAAAAAAAMMBBAAAA | Specific, female teachers recognise indeed immediate dogs. For instance good ingredients turn reports. International scientists used to support police                                                   | Shoes                                              | womens                                             |            5.17 | 1248.6000000000001 |    0.11019791115914306
 AAAAAAAAMMOCAAAA | Years encounter soon specific, creative arrangements; cl                                                                                                                                                 | Shoes                                              | womens                                             |              91 |            4637.83 |    0.40932178304597816
 AAAAAAAAMNCEAAAA | Often important versi                                                                                                                                                                                    | Shoes                                              | womens                                             |            0.34 |              11.76 |   0.001037904401114466
 AAAAAAAAMNMAAAAA | Half-way eventual materials shall pay absolutely places                                                                                                                                                  | Shoes                                              | womens                                             |            8.72 |            4050.15 |    0.35745480528688384
 AAAAAAAAMOCBAAAA | Formal children                                                                                                                                                                                          | Shoes                                              | womens                                             |            5.37 |            5960.52 |     0.5260586684464963
 AAAAAAAAMPOCAAAA | Males shall put well free kinds; bad requirements must get very other outcomes. Names go for e                                                                                                           | Shoes                                              | womens                                             |            8.24 |            2020.28 |    0.17830420947989228
 AAAAAAAANCNAAAAA | Distinct partners will find guests. New, industrial firms will start right main, running partners. Dangerous standards obtain in order british, coming miles; answ                                       | Shoes                                              | womens                                             |            2.37 |            6151.82 |     0.5429422663999994
 AAAAAAAANDAAAAAA | Once excellent trends produce. National values might not read for the scholars. Issues could not agree thus quantities; sincerely new others take professional respondents. Certain, full securiti       | Shoes                                              | womens                                             |            8.62 |            6199.27 |     0.5471300694470131
 AAAAAAAANEKBAAAA | Appeals would beat either new meetings. Formally executive rig                                                                                                                                           | Shoes                                              | womens                                             |            9.94 |            5074.36 |    0.44784868850673476
 AAAAAAAANFCCAAAA | Other changes wear there proposed lists; standa                                                                                                                                                          | Shoes                                              | womens                                             |            2.98 |             330.75 |    0.02919106128134435
 AAAAAAAANFMBAAAA | Again old inter                                                                                                                                                                                          | Shoes                                              | womens                                             |             5.8 |            1090.58 |    0.09625151205505222
 AAAAAAAANGPAAAAA | Statistical teachers know long other meetings. Final, major police may extract generally for a carers. Often s                                                                                           | Shoes                                              | womens                                             |            7.69 |            3825.31 |     0.3376110616179573
 AAAAAAAANHDCAAAA | Trousers take the                                                                                                                                                                                        | Shoes                                              | womens                                             |            9.93 |            7069.94 |     0.6239729457155788
 AAAAAAAANHFDAAAA | Allies determine obviously years. Families seek most trees. Even physical policies explain as ashamed ministers. Crossly critical flowers find ever other opinions. Lines would not mean only. Other co  | Shoes                                              | womens                                             |             4.1 | 6728.9800000000005 |     0.5938807786574165
 AAAAAAAANLBAAAAA | Also great interests get. Severe, relative months might prove too empty reports. Available, pretty documents will reinforce more also hot pp.; as well elderly months survive also likely diffi          | Shoes                                              | womens                                             |           15.74 |               8.62 |  0.0007607768654427461
 AAAAAAAANLNDAAAA | National, other classes compensate shares. Especially large hands get shoulders. Stable, golden                                                                                                          | Shoes                                              | womens                                             |            9.17 |            3851.87 |    0.33995517223816135
 AAAAAAAANOBDAAAA | Other skills might go over now potential drivers. Exceptions would remove nevertheless stable things. Different, mental ins                                                                              | Shoes                                              | womens                                             |            2.51 |            8707.18 |     0.7684711261305999
 AAAAAAAANOCCAAAA | Still internal thanks should pass very muscles. Elements shall understand then on a books. Social i                                                                                                      | Shoes                                              | womens                                             |            5.23 |  5570.950000000001 |     0.4916763200160404
 AAAAAAAAOABCAAAA | Talks question sessions. Subtle, necessary countries will survive completely excellent, broad missiles; courses lead carefully of course normal conditions                                               | Shoes                                              | womens                                             |            6.71 |           11334.37 |     1.0003394988826333
 AAAAAAAAOCBDAAAA | Involved, brillia                                                                                                                                                                                        | Shoes                                              | womens                                             |            6.61 |             3872.6 |     0.3417847435166565
 AAAAAAAAOCMBAAAA | Always common wome                                                                                                                                                                                       | Shoes                                              | womens                                             |            5.74 |            2557.79 |    0.22574332467062666
 AAAAAAAAOFHAAAAA | True, right firms should walk just international lessons. Skills expect overnight yet solid products. Then rural programmes catch. Different, competitive parts look never ethni                         | Shoes                                              | womens                                             |            0.94 |            4142.73 |    0.36562565473035125
 AAAAAAAAOICCAAAA | Permanent parts should not conduct at la                                                                                                                                                                 | Shoes                                              | womens                                             |            69.1 | 3462.9900000000002 |     0.3056337212598116
 AAAAAAAAOIFBAAAA | Normal units may save by a forces; social signs write very important, high members. English, willing efforts will fetch curious, crucial dec                                                             | Shoes                                              | womens                                             |            8.56 |           11215.95 |      0.989888083986377
 AAAAAAAAOJJDAAAA | Domestic funds mean frenc                                                                                                                                                                                | Shoes                                              | womens                                             |            4.37 |              554.4 |    0.04892977890968196
 AAAAAAAAOJOAAAAA | Soci                                                                                                                                                                                                     | Shoes                                              | womens                                             |            2.48 |             7756.4 |     0.6845579674153268
 AAAAAAAAOKLCAAAA | Savagely firm projects find in the networ                                                                                                                                                                | Shoes                                              | womens                                             |            1.28 |  7678.349999999999 |     0.6776694947531683
 AAAAAAAAOLPAAAAA | Global, gastric nights stop only annual judges; etc permanent parents may not conceal possible places. Areas ought to strengthen full parties. In part new                                               | Shoes                                              | womens                                             |            9.44 |            1783.25 |    0.15738461082375607
 AAAAAAAAOMJDAAAA | Others receive right witnesses. Other changes ca                                                                                                                                                         | Shoes                                              | womens                                             |             3.7 |            6301.08 |     0.5561155326338724
 AAAAAAAAOMOAAAAA | Originally inappropriate elements like only useful guests. Tears should assess in the measures; risks must ask absolutely. Nice requests ought to ban often solid, cor                                   | Shoes                                              | womens                                             |            4.19 |              853.3 |    0.07530984910467464
 AAAAAAAAOMODAAAA | Maybe new countries might tell ever now open parts. Railways must no                                                                                                                                     | Shoes                                              | womens                                             |            4.28 |            3641.11 |     0.3213540896209093
 AAAAAAAAONOCAAAA | Indirect reasons affect forward integrated months. Italian followers must devote. Vital studies end as other, unaware individuals. Afraid, hot players make by a interpretations. Generally go           | Shoes                                              | womens                                             |            2.26 |            2438.55 |     0.2152195388892586
 AAAAAAAAOOCEAAAA |                                                                                                                                                                                                          | Shoes                                              | womens                                             |                 |             1130.5 |    0.09977473855951562
 AAAAAAAAOOKAAAAA | Extreme centres may prevent yesterday simple targets. Possible men may escape ahead prices. Surely significant miles may perform indeed. Long little marke                                               | Shoes                                              | womens                                             |            2.77 |            2100.84 |    0.18541420765623423
 AAAAAAAAOOOCAAAA | Economic, delicate features fetch basically political, pregnant chairs. Studies must find current, certain police. Various barriers could not give almost companies. Tonight brief attacks await in a d  | Shoes                                              | womens                                             |            7.55 |            2918.62 |     0.2575891618350937
 AAAAAAAAOPFAAAAA | Plain, entire materials would not feel however nearly changing lines. Social, modern books enforce simple, mid                                                                                           | Shoes                                              | womens                                             |            9.33 |            4637.63 |    0.40930413161058504
 AAAAAAAAPFLDAAAA | Big, national areas justify gently jobs. Projects learn true orders. Previous, modest officers must not complete however tickets. Concerne                                                               | Shoes                                              | womens                                             |            7.26 |            2970.36 |    0.26215558817128953
 AAAAAAAAPHGDAAAA | Foreign parties can detach ultimately principles. Rocks could leave then. Hotels give substantially natural steps. Rur                                                                                   | Shoes                                              | womens                                             |            9.77 |              10101 |     0.8914857445286751
 AAAAAAAAPKBCAAAA | Policies listen young, public lists; electronic, major                                                                                                                                                   | Shoes                                              | womens                                             |            1.22 |           18143.77 |     1.6013179197116167
 AAAAAAAAPLGCAAAA | Jeans must think however now previous procedures. Numerous, ugly temperatures become teachers. Mean, widesprea                                                                                           | Shoes                                              | womens                                             |            0.22 |  9587.710000000001 |     0.8461842181640457
 AAAAAAAAPNGDAAAA | Rooms may appoint. European germans ride good, central wheels. Sure, military practition                                                                                                                 | Shoes                                              | womens                                             |            3.88 |            2161.57 |    0.19077406601335004
 AAAAAAAAINODAAAA |                                                                                                                                                                                                          | Shoes                                              |                                                    |            2.27 |            7510.72 |     29.420944764435642
 AAAAAAAAAAHBAAAA | Presumably old causes find too police; electrical years contribute right still firms. Currently national benefits shall complement here above, certain methods. Very disabled departments come qu        | Sports                                             | archery                                            |            6.55 |           12992.59 |      3.852531254879569
 AAAAAAAAAANBAAAA | Beaches might avoid brown men. White strategies may not charge however complex variables. There joint areas tell remarkable relations. Therefore black horses buy to a hands. Impossible, intellec       | Sports                                             | archery                                            |            2.37 |            4095.55 |     1.2144025464454755
 AAAAAAAAADHDAAAA | New, new members would not suggest then considerable stations. Rather commercial sc                                                                                                                      | Sports                                             | archery                                            |            3.23 | 11584.740000000002 |     3.4350789896128138
 AAAAAAAAAFCAAAAA | Local, aware weeks become home                                                                                                                                                                           | Sports                                             | archery                                            |            8.51 |            7566.28 |     2.2435349828764077
 AAAAAAAAAJEDAAAA | So beautiful instructions get. Only other guests may not mention from the tonnes. British processes must position                                                                                        | Sports                                             | archery                                            |            0.56 | 3838.3500000000004 |     1.1381382266481892
 AAAAAAAAAPCDAAAA | Well local concen                                                                                                                                                                                        | Sports                                             | archery                                            |           67.11 |            1344.35 |    0.39862339937590185
 AAAAAAAABIPBAAAA | Players deny separate americans. Moving, additional principles ensure also. Massive men acknowledge in a students; british, total childr                                                                 | Sports                                             | archery                                            |            3.46 |           10687.55 |     3.1690463882172946
 AAAAAAAACGEEAAAA | Thanks sleep only from a rights. Grossly good possibilities may treat later chief, practical services. Constitutional, early days will help long                                                         | Sports                                             | archery                                            |            6.94 |             775.01 |    0.22980408431607668
 AAAAAAAACHBEAAAA | Infrequently right police will bring nevertheless for a producers. Ju                                                                                                                                    | Sports                                             | archery                                            |            2.28 |            1078.88 |     0.3199068792492082
 AAAAAAAACIIBAAAA | Heads use. Major, po                                                                                                                                                                                     | Sports                                             | archery                                            |            1.33 |            2306.86 |     0.6840245286452881
 AAAAAAAACKDCAAAA | Sharply financial years must happe                                                                                                                                                                       | Sports                                             | archery                                            |            0.95 |             940.69 |     0.2789311158246864
 AAAAAAAAEAGDAAAA | Cold, personal tensions ring only by the ingredients. Patients pay moreover. About managerial parties form; men used to safeguard pr                                                                     | Sports                                             | archery                                            |           16.55 |            1301.05 |    0.38578418846135093
 AAAAAAAAEBNCAAAA | Signals bring somewhere new, specific fun                                                                                                                                                                | Sports                                             | archery                                            |            9.42 | 13838.029999999999 |      4.103219071867974
 AAAAAAAAEEIAAAAA | Detectives quote ago alone useful terms. High approaches register then available toys. Free                                                                                                              | Sports                                             | archery                                            |            4.41 |            1021.14 |    0.30278595457931967
 AAAAAAAAEGDAAAAA | Affairs recognise tories. Top reductions care selec                                                                                                                                                      | Sports                                             | archery                                            |           19.34 | 2990.0800000000004 |     0.8866112649279554
 AAAAAAAAEGHAAAAA | Writers must not matter. Ahead shy drugs take functions; now great days suggest gently happily clear months. Appa                                                                                        | Sports                                             | archery                                            |             8.9 |            1541.41 |     0.4570551523278974
 AAAAAAAAEHJDAAAA | Social conditions would lean ironically very commercial others. Upper styles top both systems. Systems step also together other                                                                          | Sports                                             | archery                                            |            0.85 |            3714.13 |      1.101304813719655
 AAAAAAAAEIABAAAA | Black, disastrous facts invent; books should depict almost huge branches; private, local parties c                                                                                                       | Sports                                             | archery                                            |            2.86 |           17615.29 |      5.223243039976443
 AAAAAAAAEJEDAAAA | Domestic clubs may not use identical, special worlds. Great games come quite. Articles would want already. Important, interesting officers will reduce perhaps als                                       | Sports                                             | archery                                            |            0.35 | 1867.4599999999998 |      0.553734707032039
 AAAAAAAAEKECAAAA | Then particular thoughts discuss here never diplomatic individuals. Women ask just                                                                                                                       | Sports                                             | archery                                            |            1.45 |           14092.11 |     4.1785582568372375
 AAAAAAAAFDFAAAAA | Natural, large-scale skills owe. Terms ought to double deliberately concrete, great managers; just private times like howev                                                                              | Sports                                             | archery                                            |            2.21 | 10747.349999999999 |      3.186778139087736
 AAAAAAAAFKBAAAAA | Cultures find really strong actions. Other, major businesses can cope very adjacent others. Units feel for example civ                                                                                   | Sports                                             | archery                                            |            5.47 |             827.73 |     0.2454364907690819
 AAAAAAAAFLECAAAA | Elaborate hands should establish as to a things. Groups help li                                                                                                                                          | Sports                                             | archery                                            |             0.1 |           13692.19 |      4.059974949009358
 AAAAAAAAHIMBAAAA | Small provisions set. Later strong dogs insist; wooden authorities put exclusively main, aware friends. Previously military organizations result schools.                                                | Sports                                             | archery                                            |            0.23 |            2126.52 |     0.6305505495152622
 AAAAAAAAHJCEAAAA | Bold, german items would scramble.                                                                                                                                                                       | Sports                                             | archery                                            |            3.25 |            8345.42 |      2.474563684769323
 AAAAAAAAIDGCAAAA | Only financial cells access readily. Alive parties might know somehow classical police. Records spare ag                                                                                                 | Sports                                             | archery                                            |            4.16 | 2803.2899999999995 |     0.8312247474515355
 AAAAAAAAIGKBAAAA | Interesting children may allow almost more true musicians. Aware, l                                                                                                                                      | Sports                                             | archery                                            |            8.85 |            4360.72 |     1.2930301113002438
 AAAAAAAAIGMDAAAA | Keys send also in a should                                                                                                                                                                               | Sports                                             | archery                                            |            5.41 |            1329.84 |    0.39432092939044844
 AAAAAAAAJBECAAAA | Courses used to receive at a matters. Movements might avoid academic, essential leaders. Horizontal, single ways would find thus also annual children; for long valuable po                              | Sports                                             | archery                                            |            2.85 | 5799.4400000000005 |     1.7196358740481128
 AAAAAAAAJKMDAAAA | So related properties feel as parts. Conscious speakers concern purposes. Lexical signs can count only large rules. Small, industrial stairs would assess properly                                       | Sports                                             | archery                                            |            3.49 |            8779.16 |     2.6031752169189146
 AAAAAAAAJLNBAAAA | Less national departments ensure by a conditions. Ordinary words                                                                                                                                         | Sports                                             | archery                                            |            0.57 |            1357.67 |    0.40257301344938495
 AAAAAAAAJMFCAAAA | Chief requirements reflect usual, national                                                                                                                                                               | Sports                                             | archery                                            |            9.16 |            2470.64 |     0.7325881767650375
 AAAAAAAAKGHDAAAA | Legal, evident responsibilities shall fit. European companies respond here african, small countries. Quiet units used to pay never. Much widespread rounds discourage to a friends.                      | Sports                                             | archery                                            |            1.95 | 11168.960000000001 |      3.311792913075816
 AAAAAAAAKLCAAAAA | Away psychiatric bars help very conventional workers. Broad, christian activities might see overall easy, separate changes; corporate                                                                    | Sports                                             | archery                                            |           28.33 |            4591.05 |     1.3613270039087546
 AAAAAAAALHNDAAAA | Types should not ge                                                                                                                                                                                      | Sports                                             | archery                                            |            0.61 |             1853.7 |     0.5496546252263989
 AAAAAAAAMDIDAAAA | Traditional, above women could step extra pri                                                                                                                                                            | Sports                                             | archery                                            |           86.73 |            6973.86 |     2.0678720422297965
 AAAAAAAAMFMCAAAA | Se                                                                                                                                                                                                       | Sports                                             | archery                                            |           84.29 |            2590.96 |     0.7682651711585425
 AAAAAAAAMGGBAAAA | Cars used to rest political, serious funds. Past, guilty hands could assess industrial followers. Soft, other males exercise significantly forests. Again grand seconds can replace better in a years    | Sports                                             | archery                                            |            0.92 |            2855.04 |      0.846569531858649
 AAAAAAAAMKDDAAAA | Federal, annual children play; also considerable years operate again at a ways. Main, public changes may not save great, large disputes. Discussi                                                        | Sports                                             | archery                                            |            2.15 | 11302.840000000002 |     3.3514906857603446
 AAAAAAAAMKGDAAAA | Violent women should respond in the advertisements. Demonstrations account bars. Other teachers can commit very important properties. Pos                                                                | Sports                                             | archery                                            |            7.45 |           10919.98 |     3.2379659677292825
 AAAAAAAAMLJCAAAA | Acts take legal specialists; good, quick games will not involve. Male, main functi                                                                                                                       | Sports                                             | archery                                            |            5.63 |           11016.91 |     3.2667074160883454
 AAAAAAAAMLLDAAAA | Running, public breasts will exploit even above used differences. Certain characters stick so outside terms. Supposed arrangements will quote e                                                          | Sports                                             | archery                                            |            1.78 |           30063.82 |      8.914450944043757
 AAAAAAAAMOECAAAA | Conservative, mass studies grant so effectively brilliant marks. Small, common changes take also in front of a funds. Formal planes convert most to the champ                                            | Sports                                             | archery                                            |            0.91 |            8811.52 |      2.612770525583923
 AAAAAAAANAMDAAAA | Clear, environmental lectures would produce attitudes. Able, public officials must fail softly. Thereafter preliminary plans mean well                                                                   | Sports                                             | archery                                            |            0.13 | 1405.8600000000001 |    0.41686219529631824
 AAAAAAAANFHAAAAA | Others include much prices. Strong approache                                                                                                                                                             | Sports                                             | archery                                            |            0.18 |            5413.91 |     1.6053194540969158
 AAAAAAAANHBBAAAA | As vital changes consume specifically black, italian results. Regularly irish houses learn quite personal suppliers. Ne                                                                                  | Sports                                             | archery                                            |            2.03 | 11276.830000000002 |     3.3437782636844218
 AAAAAAAAOGACAAAA | Never internal children see quietly; jobs make northwards in addition to a benefits. Belatedly independent points expect once young men. Bands hold developments; plants put ahead successful chairs.    | Sports                                             | archery                                            |            9.01 |                    |                       
 AAAAAAAAOJCEAAAA | Normal attitudes could connect young measurements. Small shadows develop over great, sexual things. Always important types would try. Well independent years could know before severe prisoners          | Sports                                             | archery                                            |            9.84 |            8368.78 |     2.4814903352765727
 AAAAAAAAOPLDAAAA | Sources may not examine. Seldom sound s                                                                                                                                                                  | Sports                                             | archery                                            |            2.92 | 10347.380000000001 |     3.0681800053812025
 AAAAAAAAOPMAAAAA | Old opportunities score both never potential reasons. Words read so. Interactions should oust. Protective, special forces see in a incentives. Reasonable, big difficult                                 | Sports                                             | archery                                            |             2.5 |           16828.02 |      4.989803650214352
 AAAAAAAAPMDBAAAA | Reactions                                                                                                                                                                                                | Sports                                             | archery                                            |            0.91 |             3627.2 |     1.0755285410914355
 AAAAAAAAABOCAAAA | Sexual relations can appreciate endlessly sexually commercial runs. Couples come more likely, particular parts. Long appropriate rooms teach even federal amo                                            | Sports                                             | athletic shoes                                     |            0.34 |            4348.08 |     1.1824854500262911
 AAAAAAAAALGDAAAA | Children hit objects; wonderful others would refuse. Primitive classes remain only environmentally sma                                                                                                   | Sports                                             | athletic shoes                                     |            4.23 |           12421.82 |      3.378185638913172
 AAAAAAAAAMHDAAAA | Specially other materials care to a examinations. Circumstances give always also delicious charges. Main, base ships can exchange such as a strategies. Particularly nuclear proposals should not        | Sports                                             | athletic shoes                                     |            1.85 |            9392.83 |     2.5544343272364927
 AAAAAAAAAPDEAAAA | As other charges shall pay occasionally eyes. Meetings sum enough. Super, forthcoming adults might not form else fully outside bits;                                                                     | Sports                                             | athletic shoes                                     |            2.98 |           10563.65 |      2.872845583377084
 AAAAAAAABCLCAAAA | Black friends assume yet. Fresh, bizarre newspapers recognise familiar museums. Informal, other pieces sustain completely premier liabilities.                                                           | Sports                                             | athletic shoes                                     |            6.15 |           12443.32 |     3.3840326879958855
 AAAAAAAABDGDAAAA | Royal things may not consider most different, common territories. Mutual decad                                                                                                                           | Sports                                             | athletic shoes                                     |            2.87 |            1033.02 |     0.2809357508569666
 AAAAAAAABEFAAAAA | Doctors will not draw also angry events. Totally outstanding miles must not se                                                                                                                           | Sports                                             | athletic shoes                                     |            6.36 |            6442.95 |     1.7521974366264863
 AAAAAAAABPMDAAAA | Sectors could not support; social weeks tackle sincerely local times. Serious cha                                                                                                                        | Sports                                             | athletic shoes                                     |            4.59 |            4928.76 |     1.3404047272983899
 AAAAAAAACAPCAAAA | Good, emotional grounds shall consider moreov                                                                                                                                                            | Sports                                             | athletic shoes                                     |            2.77 |               81.2 |     0.0220828086286671
 AAAAAAAACCBDAAAA | Still social magistrates shock completely children; red, able dogs define however. Peacefully free communications reappear most sure lives. Surprisingly superb roads say                                | Sports                                             | athletic shoes                                     |            2.51 |  8817.019999999999 |      2.397839474570571
 AAAAAAAACOLBAAAA | Similar eyes fill into a rates; central, bright talks serve years. Lessons see now patt                                                                                                                  | Sports                                             | athletic shoes                                     |            3.08 |             319.36 |    0.08685179511885623
 AAAAAAAADDGEAAAA | Areas run more new branches. Similar, legal rules view for example. There suitable years                                                                                                                 | Sports                                             | athletic shoes                                     |            6.74 | 4357.4400000000005 |     1.1850309560455565
 AAAAAAAADHCBAAAA | Ashamed, only members want much possible remains. Men tell. Even clear days shall not take mo                                                                                                            | Sports                                             | athletic shoes                                     |            3.39 |  6729.149999999999 |      1.830031178369399
 AAAAAAAAECEAAAAA | Difficult parts understand just usual, essential drawings. Good, social details must assess on a ministers. Designs might turn suddenly eventually labour players. Certain hours may rev                 | Sports                                             | athletic shoes                                     |            2.98 |            2306.39 |     0.6272360713432452
 AAAAAAAAEKIDAAAA | Things ensure simply secrets. Successful boundaries make so just black times; in particular central buyers would not make often entire, other ways. Points want here designs. Literally available min    | Sports                                             | athletic shoes                                     |               4 |           15773.74 |      4.289759627812209
 AAAAAAAAEMMBAAAA | Friends encourage sometimes teams. Women react by the questions; techniques report everywhere on a barriers. Always potential days live perfec                                                           | Sports                                             | athletic shoes                                     |            0.66 |            6670.59 |     1.8141054484027153
 AAAAAAAAEOPBAAAA | Vast, substantial representatives make necessarily new consequences. Indirect, human armies comply always significant cases. Young, true men cannot go other, future schools; extensive wome             | Sports                                             | athletic shoes                                     |            2.56 |            6976.74 |     1.8973647077828437
 AAAAAAAAFFHCAAAA | Ordinary services take more political qualifications; previou                                                                                                                                            | Sports                                             | athletic shoes                                     |            6.47 |             423.98 |    0.11530380791111179
 AAAAAAAAFIPAAAAA | Good origins understand. Both small managers help sometimes with a papers; proceedings ought                                                                                                             | Sports                                             | athletic shoes                                     |             0.4 |            6915.59 |     1.8807346123685211
 AAAAAAAAFMLDAAAA | Sorry, large conditions could reach as old prices. Annual, bare eyes make total                                                                                                                          | Sports                                             | athletic shoes                                     |            2.97 |            5810.02 |     1.5800684703045373
 AAAAAAAAFOIBAAAA | Used varieties make. Capable, shy buyers could not get for the members. Quickly old men would not repay also unable new times. Opportunities think nevertheles                                           | Sports                                             | athletic shoes                                     |            7.25 |               68.4 |   0.018601774756167856
 AAAAAAAAGAHDAAAA | Bottom opponents examine neither subsequent, good thanks. Small, obvious poles come skills. Just free issues ought to sue as at least forward areas. Emp                                                 | Sports                                             | athletic shoes                                     |            0.81 |  7319.200000000001 |     1.9904986812184762
 AAAAAAAAGDFDAAAA | Clearly friendly users shall not see never clear remarkable agencies. Human, corres                                                                                                                      | Sports                                             | athletic shoes                                     |            7.36 |  8549.849999999999 |      2.325181051155288
 AAAAAAAAGHMAAAAA | Elsewhere economic restaurants enhance widely old chemicals. Available conferences encourage fairly useless, estimated feet. Flat constant causes may not t                                              | Sports                                             | athletic shoes                                     |            3.04 |              98.28 |   0.026727813202283283
 AAAAAAAAGKICAAAA | Green countries represent automatically beneficial, social factors. Religious documents seem especially live, personal forces; shoulders may go nearly then large issues. Stron                          | Sports                                             | athletic shoes                                     |            4.17 |              284.2 |    0.07728983020033485
 AAAAAAAAGMCAAAAA | Fiscal, complex shoes retain for exampl                                                                                                                                                                  | Sports                                             | athletic shoes                                     |            2.61 |            6963.51 |     1.8937667329286902
 AAAAAAAAHMJDAAAA | New, u                                                                                                                                                                                                   | Sports                                             | athletic shoes                                     |            3.04 |             3675.5 |     0.9995734373727331
 AAAAAAAAIDACAAAA | More integrated names think que                                                                                                                                                                          | Sports                                             | athletic shoes                                     |            0.37 |            2393.06 |     0.6508064780408632
 AAAAAAAAIDMCAAAA | Inevitably heavy positions like with a bars; rules say subjects. Now full statements secure upside down political, final clothes. Only serious boo                                                       | Sports                                             | athletic shoes                                     |            1.53 |            9501.12 |     2.5838844177093794
 AAAAAAAAIEHAAAAA | Rapid levels arrange better. Low, simple possibilities should not lead c                                                                                                                                 | Sports                                             | athletic shoes                                     |            2.63 |           10928.58 |       2.97209040299358
 AAAAAAAAIFLCAAAA | True, new lights eat everywhere important, bright conservatives. Modest flowers would not keep to a years. Candidates must embrace; even l                                                               | Sports                                             | athletic shoes                                     |            8.01 |              895.4 |     0.2435091976121739
 AAAAAAAAIGKCAAAA | Criminal, different consequences may view privileges. Important terms meet deep on a results. Initial, big decades sleep soon. Improvements invite new claims.                                           | Sports                                             | athletic shoes                                     |           82.09 |            5730.81 |     1.5585268536607353
 AAAAAAAAIGLAAAAA | Members will pretend black windows. Sufficiently american objects keep still fundamental days. Top hands make frequently tight effects. Full                                                             | Sports                                             | athletic shoes                                     |            2.93 |            1083.14 |     0.2945661741139715
 AAAAAAAAIHFDAAAA | Of course common individuals attract years; bloody likely opportunities come around commercial states. Different, imaginative children acknowledge. Blue doctors would organize in a times; public w     | Sports                                             | athletic shoes                                     |            0.96 |             2794.5 |     0.7599804028671209
 AAAAAAAAIPDCAAAA | Unknown hands refer still environmental, public implications. Other charges can allow just possible inches. Abs                                                                                          | Sports                                             | athletic shoes                                     |            8.28 | 3339.1400000000003 |      0.908098394141964
 AAAAAAAAJFEBAAAA | Effective qualities operate per a eyes. Remaining issues will resist most at a rates. So distinct arms can trade as. Then different notes train thoroughly gol                                           | Sports                                             | athletic shoes                                     |            8.98 |           12723.36 |     3.4601911821876583
 AAAAAAAAJGKAAAAA | Massive, magnetic others should not present gently. Alternative women see deep large other                                                                                                               | Sports                                             | athletic shoes                                     |            0.63 |           10748.24 |     2.9230458991993213
 AAAAAAAAJHMDAAAA | Whole, main offices will continue with a facts. Historic, new officials can lose whole, gentle sports. Unusual actions would kill light, huge reasons; historical teachers shall rely me                 | Sports                                             | athletic shoes                                     |            2.15 |            8981.01 |      2.442437501504255
 AAAAAAAAJNFEAAAA | Political securities take into the hu                                                                                                                                                                    | Sports                                             | athletic shoes                                     |            6.98 |            26490.9 |      7.204353141639868
 AAAAAAAAKBMCAAAA | Reliable sides shall see men. Governments will muster sometimes small vehicles. Parties tell merely. Numbe                                                                                               | Sports                                             | athletic shoes                                     |            1.04 |                862 |    0.23442587485112118
 AAAAAAAAKGPAAAAA | Strong, old stairs could sail here in the years. Improvements should call due, russian shares. No                                                                                                        | Sports                                             | athletic shoes                                     |             4.7 | 10820.730000000001 |     2.9427599730600615
 AAAAAAAAKJABAAAA | Good single men might not confirm shortly per annum sha                                                                                                                                                  | Sports                                             | athletic shoes                                     |           39.59 |            4204.91 |     1.1435495422508446
 AAAAAAAAKJAEAAAA | Crucial, tired shares could not seem besides physical maps; tall, specified adults may circulate really. Rather inherent interests relish very just only tanks. Lo                                       | Sports                                             | athletic shoes                                     |            0.72 |  7736.400000000001 |     2.1039586290002483
 AAAAAAAAKKNCAAAA | Primarily aware perceptions could not hope books. Acids regulate most good orders. Running, brave police establish authorities. Skills see so in the figures.                                            | Sports                                             | athletic shoes                                     |            0.46 | 10898.970000000001 |      2.964037792605713
 AAAAAAAAKMPDAAAA | Ultimately personal farmers set however basic men. However soviet affairs shall understand new, young funds. Clean opportunities shall not close quite much other qua                                    | Sports                                             | athletic shoes                                     |            4.14 |            3648.24 |     0.9921599230473949
 AAAAAAAALMCDAAAA | Potential fingers notice pp.. Absolutely other jews study. Human products deliver ahead in a columns. Rooms may mean always. Provisions see home central need                                            | Sports                                             | athletic shoes                                     |            7.54 |            6428.43 |     1.7482486388273701
 AAAAAAAAMCADAAAA | Aggressive, chief compan                                                                                                                                                                                 | Sports                                             | athletic shoes                                     |            7.22 |              39.66 |   0.010785765889321886
 AAAAAAAAMDLDAAAA | Labour, tall years could stop to a measures. Industries might not undertake parties. Ever due cells cope up a concepts. Sto                                                                              | Sports                                             | athletic shoes                                     |            9.58 |  6794.749999999999 |     1.8478714769659577
 AAAAAAAAMELCAAAA | Areas attend only. Public users may feel levels; other, multiple rats go much once again moral changes. Opposite persons try; sheer angles must promote almost simply ec                                 | Sports                                             | athletic shoes                                     |            2.36 |            7035.88 |     1.9134481720968755
 AAAAAAAAMFCEAAAA | Forces disperse; early animals want well now new times. English inches may not ru                                                                                                                        | Sports                                             | athletic shoes                                     |             1.8 |             760.01 |    0.20668910573735572
 AAAAAAAAMFNCAAAA | Pale, good agents could know about a attitudes. Clear questions see                                                                                                                                      | Sports                                             | athletic shoes                                     |            7.78 |           12636.05 |     3.4364467237964154
 AAAAAAAAMGFCAAAA | Young, new rises shall live in a concentrations; responses                                                                                                                                               | Sports                                             | athletic shoes                                     |            3.34 |             1891.6 |     0.5144315369702794
 AAAAAAAAMIBEAAAA | Miles should not wish again in the states. Sweet, universal effects inform redundant activities. Original levels give old t                                                                              | Sports                                             | athletic shoes                                     |            4.59 |            9316.46 |      2.533665064983151
 AAAAAAAAMIJAAAAA | New sounds shall say coming, short estates; only old groups take fears. Broad contents might emphasize at least normal, able fields. Methods remind high, us                                             | Sports                                             | athletic shoes                                     |            0.39 |             2200.8 |     0.5985202614528394
 AAAAAAAAMNBDAAAA | Trials t                                                                                                                                                                                                 | Sports                                             | athletic shoes                                     |            1.21 |             276.04 |     0.0750706711066166
 AAAAAAAAMOPAAAAA | I                                                                                                                                                                                                        | Sports                                             | athletic shoes                                     |               8 |  7634.759999999999 |     2.0763170444064336
 AAAAAAAANBGCAAAA | Black, usual resources give even very original sources. Obvious, warm developments come open, vast activities. Organisational councillors shall not w                                                    | Sports                                             | athletic shoes                                     |            0.59 |              846.3 |    0.23015616924188384
 AAAAAAAANENBAAAA | Services help great, foreign backs. Darling, large students might appro                                                                                                                                  | Sports                                             | athletic shoes                                     |            3.43 |            2804.56 |     0.7627162779262883
 AAAAAAAANHBEAAAA | Unnecessarily young wines ensure. Away extra women shall work mature, like bottles. Automatic, free claims wil                                                                                           | Sports                                             | athletic shoes                                     |             9.4 |            8360.23 |     2.2736127978034673
 AAAAAAAAOFECAAAA | Usual, great premises live less on a hopes. Real vehicles should get workers. Residents ought to move anyway local trusts. Articles shall feel backwards prayers. There sex                              | Sports                                             | athletic shoes                                     |            1.85 |            8868.58 |     2.4118615141382325
 AAAAAAAAOOLBAAAA | Long-term, heavy                                                                                                                                                                                         | Sports                                             | athletic shoes                                     |            0.38 | 4140.0599999999995 |     1.1259132104827525
 AAAAAAAAOPAAAAAA | Broken, social advertisements take once p                                                                                                                                                                | Sports                                             | athletic shoes                                     |             4.1 | 177.57999999999998 |    0.04829390586550128
 AAAAAAAAAMODAAAA | Even thick points make straight; eventually accurate theories wav                                                                                                                                        | Sports                                             | baseball                                           |            1.64 |            2770.58 |     1.2022770961044917
 AAAAAAAABFKDAAAA | Still great years play activities. Monetary, medical difficulties would guess particularly users. Various, heavy things reform new, s                                                                    | Sports                                             | baseball                                           |             2.3 |           15838.09 |      6.872847148626493
 AAAAAAAABHODAAAA | More important                                                                                                                                                                                           | Sports                                             | baseball                                           |            9.25 |              747.1 |    0.32419970493530803
 AAAAAAAABJMAAAAA | Further sexual things shall withdraw federal                                                                                                                                                             | Sports                                             | baseball                                           |            9.67 |  5439.240000000001 |     2.3603266002841994
 AAAAAAAABMCEAAAA | Victorian studies may not constitute clearly legal positi                                                                                                                                                | Sports                                             | baseball                                           |             3.1 |  5516.469999999999 |     2.3938401101385067
 AAAAAAAACDKCAAAA | Children reconcile more in a matters. Still present children look other nights. Recently other shareholders facilitate at once with a issues. Read                                                       | Sports                                             | baseball                                           |            4.37 |                833 |     0.3614755109237205
 AAAAAAAACLNAAAAA | Things could not put significant, following offers. English statem                                                                                                                                       | Sports                                             | baseball                                           |            1.23 |            1849.78 |     0.8027012852298676
 AAAAAAAADCNBAAAA | Levels would include forward deliberate women. Italian, local stages repeat now european companies. German companies could not put unable, political t                                                   | Sports                                             | baseball                                           |            4.74 | 5277.9400000000005 |      2.290331402310614
 AAAAAAAADPEDAAAA | Students shall not say. Better regional premises might ask detailed kids. Errors prove. Things ought to need more neighbours; suddenly afraid students can monitor so                                    | Sports                                             | baseball                                           |             1.7 |             456.84 |     0.1982430641181182
 AAAAAAAAEONAAAAA | Ends flow for a kilometres. Also christian criteria suggest already considerable doubts. Disciplin                                                                                                       | Sports                                             | baseball                                           |            7.25 |            1117.74 |     0.4850367798077783
 AAAAAAAAEPAEAAAA | Deaf relations may coincide directly either final enemies. Nuclear movements play else effective effects. Sometimes friendly things hold less high requirements. Groups teleph                           | Sports                                             | baseball                                           |             3.1 |            5751.93 |     2.4960166093006912
 AAAAAAAAFDIAAAAA | Years make rather economic guns. Local, only words ought to look later parents. Foreign, wide reforms feel in a intentions. Respects determine out of a leaders; tight tradit                            | Sports                                             | baseball                                           |            3.78 |             618.38 |     0.2683424086974913
 AAAAAAAAFLLBAAAA | High, new parties cannot write. Prime, absolute companies would prove never useless prisoners. Governments escape ordinary policies; penalties get soviet, possible ideas. Special sc                    | Sports                                             | baseball                                           |           80.22 |              377.7 |    0.16390072085941085
 AAAAAAAAGANBAAAA | American, horizontal things resign perhaps always free elections. Overall heavy networks could call generally                                                                                            | Sports                                             | baseball                                           |            5.41 |           16472.42 |      7.148110967167001
 AAAAAAAAGKJDAAAA | Months could not protect                                                                                                                                                                                 | Sports                                             | baseball                                           |            9.88 |            7451.53 |     3.2335481559585006
 AAAAAAAAGLLDAAAA | Fundamental words learn very exact lights; tired men would come as subjects. Newly remarkable countries will communicate for the minutes. Girls soften yet about a materials. Russian, nice figures r    | Sports                                             | baseball                                           |            1.29 |            3428.79 |     1.4879035019209408
 AAAAAAAAHEMCAAAA | Quick,                                                                                                                                                                                                   | Sports                                             | baseball                                           |            8.65 |  5798.219999999999 |      2.516103885892118
 AAAAAAAAICHDAAAA | Both small times should abuse red,                                                                                                                                                                       | Sports                                             | baseball                                           |            0.12 | 21680.879999999997 |      9.408291927101887
 AAAAAAAAIEGBAAAA | Large-scale, central adults find also still common investments. So little properties will close onl                                                                                                      | Sports                                             | baseball                                           |            2.59 |            1079.73 |     0.4685425611160489
 AAAAAAAAIIHAAAAA | Effects see eyebrows. Now equal consequences turn facilities. Special, confident forces might evaluate already manufacturers; whole, other signs find other, specialist women. Decent, canadian prob     | Sports                                             | baseball                                           |            0.51 |  9500.200000000003 |      4.122556601293554
 AAAAAAAAIOPAAAAA | Huge, golden options make just sympathetic tabl                                                                                                                                                          | Sports                                             | baseball                                           |            1.33 |            3023.66 |     1.3120996919083034
 AAAAAAAAJBLBAAAA | Back, increased times make then close details; potential grounds say aware, french ways. Technological women cannot bring earlier individual, common methods. Rates make politic                         | Sports                                             | baseball                                           |            3.27 |              122.8 |     0.0532883466283708
 AAAAAAAAJCBEAAAA | Modern companies happen more legs; obviously professional readers derive around costs. Almost particular passages would no                                                                               | Sports                                             | baseball                                           |            0.57 |             945.36 |     0.4102334802002982
 AAAAAAAAKAGDAAAA | Lovely pieces can make all qualities; central, lucky words swim statements. Powerful goals                                                                                                               | Sports                                             | baseball                                           |            9.91 |            1313.79 |     0.5701115384111342
 AAAAAAAAKEPAAAAA | Guests ignore across a resources. Forms can ease again national humans. Hidden, unacceptable institutions turn; bonds favour hugely. Communities tell in order others; weeks imagine s                   | Sports                                             | baseball                                           |            9.34 |           10897.91 |      4.729084736195346
 AAAAAAAAKFAEAAAA | Figures may not flush actually national answers. Days see                                                                                                                                                | Sports                                             | baseball                                           |           11.67 |            4749.86 |      2.061174154040988
 AAAAAAAAKFMCAAAA | Over healthy managers go certainly ahead small houses. Industrial bonds used to find years; frequently global payments cannot fall very. Professional                                                    | Sports                                             | baseball                                           |            6.26 |  7421.610000000001 |       3.22056454577022
 AAAAAAAAKLEAAAAA | Official, private records permit. Early, reliable types might charge responsible wheels. Horizontally general ears come in a weeks. Mos                                                                  | Sports                                             | baseball                                           |            6.25 | 20524.670000000002 |       8.90656131427462
 AAAAAAAALGEEAAAA | Seats convert excessively new seconds. Again chief prices should not take properly british, public de                                                                                                    | Sports                                             | baseball                                           |               9 |           10202.45 |      4.427293909272164
 AAAAAAAALJLAAAAA | Around complete buildings would prevent here. Problems would go ancient, potential words. Other kings safeguard supposedly very tot                                                                      | Sports                                             | baseball                                           |            1.37 |            4445.73 |     1.9291987072976131
 AAAAAAAALKGBAAAA | As exciting forces pull now more new models; peasants make now deliberately ear                                                                                                                          | Sports                                             | baseball                                           |            2.68 |             686.16 |    0.29775514594888364
 AAAAAAAAMNNDAAAA | Estimated, additional subsidies could not exercise. Schools specify scales; common, small areas must try only routine associations.                                                                      | Sports                                             | baseball                                           |            3.85 |            1524.03 |      0.661343965081726
 AAAAAAAANALBAAAA | Probably new views persuade perhaps. Really great centuries must rise perfect, very speakers. Old, corporate weeks prepare there costs. Rich americans ought to hold really in the rates. Cells          | Sports                                             | baseball                                           |            7.89 |  7412.780000000001 |      3.216732818565591
 AAAAAAAANDCBAAAA | Also different pilots improve much incidentally independent spir                                                                                                                                         | Sports                                             | baseball                                           |            2.13 |            7285.01 |     3.1612877693090193
 AAAAAAAANJOBAAAA | Horrible, proposed fragments exercise relatively in a months. Tensions make just large, local forces. Times ought to find therefore minute features. L                                                   | Sports                                             | baseball                                           |            9.36 |  9847.439999999999 |      4.273239382101659
 AAAAAAAANLICAAAA | Simply useful ages harm only. Items may persuade rapidly complex events; problems may dry sharp. Responsible, so                                                                                         | Sports                                             | baseball                                           |            2.02 |             1911.2 |     0.8293541374278687
 AAAAAAAANPGDAAAA | Fun women will not exploit in a types. Other sales hear quickly orange, simple interests. Main, sure structures go however authorities. European affairs fail by a individuals. Ext                      | Sports                                             | baseball                                           |             3.8 |              450.8 |    0.19562204120577814
 AAAAAAAAOBLDAAAA | Available, residential circumstances cannot get in a assets. Current ideas dream about a wages; large effects remember very recently other posts. Countries close happily ligh                           | Sports                                             | baseball                                           |            3.21 |            2493.05 |     1.0818445648359922
 AAAAAAAAOEKBAAAA | Indeed novel things cause evident hospital                                                                                                                                                               | Sports                                             | baseball                                           |            1.23 |            7445.58 |      3.230966188023331
 AAAAAAAAOKEEAAAA | Social, principal things go mostly hands. Fully inc regulations must tell improved individuals. Yet likely members run. Fears become. Workers would no                                                   | Sports                                             | baseball                                           |            2.49 |            1597.71 |     0.6933169730587485
 AAAAAAAAOPKCAAAA | Historic, able things may discuss together; positive, welcome tasks could not bounce sometimes never prime proceedings; old, simple offices used to find in a areas. Long, independent generations fl    | Sports                                             | baseball                                           |            5.96 |            3687.43 |      1.600138827425516
 AAAAAAAAOPPCAAAA | And so on                                                                                                                                                                                                | Sports                                             | baseball                                           |           34.76 |  589.9300000000001 |    0.25599669646966444
 AAAAAAAAPNAAAAAA | Probably dead characters would build big poor requests; everywhere distant players shall find developments. Years borrow early d                                                                         | Sports                                             | baseball                                           |            4.37 |            9858.86 |     4.2781950247604215
 AAAAAAAAAILAAAAA | Parties feel sensitive minutes. Practices will get soft, french cases; dead traditions see. Close unknown paintings ar                                                                                   | Sports                                             | basketball                                         |           96.24 |            3732.82 |     1.4282979010622794
 AAAAAAAABDDDAAAA | Low, secret communities develop too soon powerful bodies. Guilty, physical leaders sit parents. Christian, scientific limitations                                                                        | Sports                                             | basketball                                         |            1.88 |  9563.359999999999 |      3.659251454691884
 AAAAAAAABNLAAAAA | Medieval, clear governments top now together political phrases. Previous, great shoulders take changing tools. Events draw the                                                                           | Sports                                             | basketball                                         |            3.44 | 11686.619999999999 |      4.471679538931011
 AAAAAAAADPBAAAAA | Here limited proposals should establish in a laws. Low, working critics may not compete twice familiar plants. Affairs see; various, m                                                                   | Sports                                             | basketball                                         |            4.98 |             632.17 |    0.24188872865944275
 AAAAAAAAEAGEAAAA | Married students concern relatively social types. Then common clubs may work very hence keen reforms. Yellow, simple patients bring even by a stu                                                        | Sports                                             | basketball                                         |            3.43 | 306.84000000000003 |    0.11740692772808489
 AAAAAAAAECJBAAAA | Other individuals may not work yesterday for a paintings. Libe                                                                                                                                           | Sports                                             | basketball                                         |            7.19 | 3347.7200000000003 |      1.280946161171504
 AAAAAAAAEFNDAAAA | Main tools see famous accounts. Ele                                                                                                                                                                      | Sports                                             | basketball                                         |            7.87 |            4067.46 |      1.556342009701721
 AAAAAAAAEHOBAAAA | Materials say all but other, corporate numbers. Years must prepare just houses. Reasonable, bitter re                                                                                                    | Sports                                             | basketball                                         |             0.4 |            5049.21 |     1.9319913751594429
 AAAAAAAAFIADAAAA | Policies assure here for a newspapers. Demands apply strong, european cases. Short teachers leave affectionately wrong, dutch questions. As small solicitors can form in a fields. Electrical, fu        | Sports                                             | basketball                                         |            7.31 |  6846.610000000001 |      2.619734863291563
 AAAAAAAAGCPDAAAA | Extra, modest hospitals co                                                                                                                                                                               | Sports                                             | basketball                                         |            23.1 |             649.34 |    0.24845852708562977
 AAAAAAAAGFFBAAAA | Ve                                                                                                                                                                                                       | Sports                                             | basketball                                         |            5.77 |              13.15 |  0.0050316161505159565
 AAAAAAAAGGNDAAAA | Concepts go all right banks. Current mont                                                                                                                                                                | Sports                                             | basketball                                         |            2.63 |            7532.45 |      2.882159473228435
 AAAAAAAAGKDAAAAA | Metropolitan governments ou                                                                                                                                                                              | Sports                                             | basketball                                         |            0.15 |              11572 |      4.427822212454042
 AAAAAAAAGOCEAAAA | Etc mean classes would not lead spiritual skills. Buyers should not hide most more great pressur                                                                                                         | Sports                                             | basketball                                         |            3.04 |            1865.49 |      0.713796928716807
 AAAAAAAAGOIDAAAA | Completely kind cases note too private, alive museums. Here obvious efforts would screw in a things. Large jobs will say then. Nuclear, financial cars will                                              | Sports                                             | basketball                                         |            7.23 |            2763.06 |      1.057236298163089
 AAAAAAAAGPBDAAAA | Years use able plans. Possible clothes share as real an                                                                                                                                                  | Sports                                             | basketball                                         |            4.18 |  8454.689999999999 |     3.2350383841525283
 AAAAAAAAHCNAAAAA | Social, technological standards might reduce students. Dark, major women live; immediatel                                                                                                                | Sports                                             | basketball                                         |            6.92 |           14959.16 |      5.723859395753025
 AAAAAAAAHPMDAAAA | Now popular efforts may not like other trousers. Inc places visit places. Popular crops ought to seem                                                                                                    | Sports                                             | basketball                                         |            4.97 | 413.59000000000003 |    0.15825293716288172
 AAAAAAAAIADCAAAA | Only hard houses say better reasons. Then underlying suggestions hear points. Small, old values report stores; serious spirits win indeed positive tickets. Enough empty bodies will feel really         | Sports                                             | basketball                                         |            3.27 |             187.84 |     0.0718736713089671
 AAAAAAAAIDFAAAAA | At                                                                                                                                                                                                       | Sports                                             | basketball                                         |            0.34 |  7408.070000000001 |     2.8345676544602854
 AAAAAAAAIEGCAAAA | Solicitors speak also pretty years. Far technical women promote minutes. Main, good others may crea                                                                                                      | Sports                                             | basketball                                         |            7.92 |               79.2 |   0.030304486625160745
 AAAAAAAAILJAAAAA | African, full areas could set principles. Left, flat photographs might give friends. Monetary demonstrations might not derive separately. Participants                                                   | Sports                                             | basketball                                         |            0.57 |            5140.48 |     1.9669142349356854
 AAAAAAAAIOMAAAAA | New bishops might not remember less than public delegates; as different functions confuse. Documents define in a posts;                                                                                  | Sports                                             | basketball                                         |            2.91 |            8704.23 |     3.3305204749661983
 AAAAAAAAJANDAAAA | Words shall take particularly serious women. Cultural, regular councils cannot take essentially for a                                                                                                    | Sports                                             | basketball                                         |            5.16 |            2168.41 |     0.8297039374099092
 AAAAAAAAJAOCAAAA | Unaware elections should miss never services. All full men used to settle together finally equal eggs; sharply upper classes might maintain thus pink, high leaves. Local, similar documents must no     | Sports                                             | basketball                                         |            4.28 |             2994.9 |      1.145945795374923
 AAAAAAAAKAEAAAAA | Criminal novels hold to a humans. Recent, current meetings bring. Now sad players know very traditions. British, great                                                                                   | Sports                                             | basketball                                         |            6.94 | 2033.2199999999998 |       0.77797586232335
 AAAAAAAAKKLDAAAA | Old qualifications ought to take anxious, important farmers. Already great lines shoul                                                                                                                   | Sports                                             | basketball                                         |            0.56 |            5805.24 |     2.2212729537354563
 AAAAAAAAKLMCAAAA | Yet male concepts could check later. Authorities could write much working-class years. Harsh, national arts insist low. Birds should not sur                                                             | Sports                                             | basketball                                         |            0.71 |  7613.210000000001 |      2.913060866408334
 AAAAAAAAKNEEAAAA | Rules could not assist advantages. Direct records might not believe for a symptoms. Involved plans comply later upper years. Small, possible areas live photographs. Sites                               | Sports                                             | basketball                                         |             1.5 |            9028.07 |        3.4544321536113
 AAAAAAAAKNJCAAAA | Other, mental adults make about railways; times may not revert so indeed new terms. Previous, aware prices know pensioners. Properties pray quietly only differences. Children reinstate poor thoughts   | Sports                                             | basketball                                         |            4.18 |           13382.04 |      5.120402174209167
 AAAAAAAALNNDAAAA | Capital, essential choices shall give big, physical hours. Forces control. Never international pounds keep words. Visitors can make suddenly electrical responses; as british governors drive therefore  | Sports                                             | basketball                                         |            9.04 |            5286.71 |      2.022866571794237
 AAAAAAAAMDBBAAAA | Alternative, likely metres pay chief years. Lengthy, crucial articles can crack. Specific fields should communicate far strong, european areas; earl                                                     | Sports                                             | basketball                                         |             4.3 |            13197.3 |      5.049714663361539
 AAAAAAAAMHCEAAAA | Here fast individuals mean now civil roots. Fresh experiences could begin on the germans. Employers should not improve here. Stations help probably inc routes. Other lives exchange awa                 | Sports                                             | basketball                                         |            4.83 |           16132.98 |      6.173000967600831
 AAAAAAAAMHPDAAAA | Ostensibly red machines distribute public, previous effects. Great nurses leave good, still f                                                                                                            | Sports                                             | basketball                                         |            2.59 |            2561.48 |     0.9801052575835447
 AAAAAAAAMJAEAAAA | Legs must arise experimentally more black hands; much academic waves hold inner, different times. Now other times see too just african months. Bad, video-taped movements                                | Sports                                             | basketball                                         |            4.32 |            4299.76 |     1.6452275178207216
 AAAAAAAAMLGAAAAA | Able rights return purposes. Here different legs visit there girls. Specified, complete bodies account banks;                                                                                            | Sports                                             | basketball                                         |           85.86 |            3063.62 |     1.1722402943759465
 AAAAAAAAMMFAAAAA | High, external pupils could imagine finally future decisions. Unable, reasonable variables might minimize enough                                                                                         | Sports                                             | basketball                                         |            1.48 |            3793.26 |     1.4514242037343086
 AAAAAAAAMODDAAAA | Things harness likely within a knees. Indeed main lives shall not break now appropriate male car                                                                                                         | Sports                                             | basketball                                         |            3.74 |            9759.11 |     3.7341517483392987
 AAAAAAAANEFAAAAA | Highly royal lengths used to suit great clubs. Indeed previous delegates shall explain never s                                                                                                           | Sports                                             | basketball                                         |            0.52 |             2433.8 |     0.9312507518726796
 AAAAAAAANKACAAAA | More probable women mean administrative years; meetings used to see                                                                                                                                      | Sports                                             | basketball                                         |            6.51 |             367.42 |     0.1405867989370778
 AAAAAAAANLGBAAAA | Aware, adequate systems shall not pass so acceptable eyebrows. Views can make usual, new officials. Soviet paths need out of a employees. Important, vast masses place human cats; overs                 | Sports                                             | basketball                                         |           14.98 |  5382.870000000001 |     2.0596605040401395
 AAAAAAAAOCGBAAAA | Local, inner experiences mus                                                                                                                                                                             | Sports                                             | basketball                                         |            3.18 |           15609.56 |      5.972723513189951
 AAAAAAAAOHCCAAAA | Long, delighted concessions try of cours                                                                                                                                                                 | Sports                                             | basketball                                         |            8.41 |            4482.51 |     1.7151535901786525
 AAAAAAAAOINDAAAA | Home commercial situations enter so su                                                                                                                                                                   | Sports                                             | basketball                                         |            4.59 |               7486 |     2.8643861979287037
 AAAAAAAAOLECAAAA | New, modest parents will not like in a phrases. Special courses must not suffer too extra months; huge provisions might not know already into a prices. Normal programs must not listen in genera        | Sports                                             | basketball                                         |            0.35 |            2267.12 |     0.8674735822933639
 AAAAAAAAPHCBAAAA | Certain days feel okay; degrees specify otherwise often                                                                                                                                                  | Sports                                             | basketball                                         |            2.14 | 3385.7999999999997 |     1.2955168032256217
 AAAAAAAAPIHBAAAA | Contributions should make over tender stores. Windows will display for the roots. Real, female topics can get. Suitable, hot wishes could tell. Systems care on a activities. Usual tas                  | Sports                                             | basketball                                         |            1.44 |            1645.06 |     0.6294532672675118
 AAAAAAAAPMPBAAAA | Large respondents used to alter cups. Fair members know immediate, similar clouds. Nearly possible humans use most for a buildings; massive, little affairs should set still other, small organizations  | Sports                                             | basketball                                         |            2.06 |            2192.43 |      0.838894767823247
 AAAAAAAAACJCAAAA | Final cases take clearly about local devices. Strange metres think in order so substantial sons; as american indians cannot                                                                              | Sports                                             | camping                                            |             5.3 |            2689.92 |     0.6349419164297169
 AAAAAAAAAHKDAAAA | Soviet, natural consequences justify very. Japanese borders would write please. Only certain reasons express. Directly natural directors keep. Deliberate, industrial effects lighten less new newspaper | Sports                                             | camping                                            |            3.12 |              752.4 |    0.17760018808058192
 AAAAAAAAALBCAAAA | Approx necessary clothes would think able references. Concepts develop also italian customers. Only, old affairs discourage. Powers might cut educationa                                                 | Sports                                             | camping                                            |            2.02 |            1451.25 |    0.34256017138748607
 AAAAAAAAALKBAAAA | Wide, environmental skills matter more ancient in                                                                                                                                                        | Sports                                             | camping                                            |            1.59 |            7683.84 |     1.8137312987521248
 AAAAAAAABELAAAAA | Princi                                                                                                                                                                                                   | Sports                                             | camping                                            |            3.41 |             942.95 |    0.22257854512305253
 AAAAAAAACBCAAAAA | Years could not include in a times. Hot stages could attack perhaps in a approaches. Good boys get all right other tons. Good, electoral services shut old, new eyes. Certain, wise a                    | Sports                                             | camping                                            |            1.13 |           11215.38 |      2.647333329871341
 AAAAAAAACBPCAAAA | Home sharp payments locate otherwise also modest cattle. Important, cruel players tempt trees. Further red years walk current clients. More old re                                                       | Sports                                             | camping                                            |            9.49 |             4719.5 |     1.1140139389238521
 AAAAAAAACMLDAAAA | Short investors shall not reach procedures. Clear others nod also at the terms. Less new nee                                                                                                             | Sports                                             | camping                                            |            3.19 |  798.8000000000001 |     0.1885526717686986
 AAAAAAAACNEBAAAA | Accounts might escape exceptionally known, dull                                                                                                                                                          | Sports                                             | camping                                            |            8.77 | 1563.8400000000001 |    0.36913646747466405
 AAAAAAAACOADAAAA | Again white firms might not question also little, tremendous projects. Goods run by no means in a children; immediate changes determine to a tasks. Places would appear shops. Membe                     | Sports                                             | camping                                            |            1.25 |             242.64 |   0.057273936251824024
 AAAAAAAACODEAAAA | Round, national surfaces can play at a schools. Quite ancient benefits negotiate exceptionally. Agricultural years will make rooms. Domestic premises believe just both easy workers. N                  | Sports                                             | camping                                            |               4 |            1718.13 |     0.4055558361867228
 AAAAAAAADGCCAAAA | Technological, black difficulties ought to go students. There inadequate directions ought to wear white, special ope                                                                                     | Sports                                             | camping                                            |            8.01 |  9458.710000000001 |     2.2326803229660834
 AAAAAAAAEMPBAAAA | Women m                                                                                                                                                                                                  | Sports                                             | camping                                            |             3.3 | 10460.960000000001 |      2.469256331078475
 AAAAAAAAEPNCAAAA | Awards might see of course; useful, new sections arrive at least famous, human ships. Slow costly s                                                                                                      | Sports                                             | camping                                            |            2.02 |             5650.9 |      1.333866165370229
 AAAAAAAAFCMDAAAA | Brothers would not                                                                                                                                                                                       | Sports                                             | camping                                            |            2.55 |           12182.26 |      2.875560429620614
 AAAAAAAAFJJCAAAA | True, famous directions will not make also generations; also senior men shall send lect                                                                                                                  | Sports                                             | camping                                            |            4.96 | 10889.240000000002 |      2.570349643879049
 AAAAAAAAFPCDAAAA | National chemicals find duties. Male,                                                                                                                                                                    | Sports                                             | camping                                            |            7.86 |            6568.68 |     1.5505034601822925
 AAAAAAAAGDEAAAAA | Actions abandon unexpec                                                                                                                                                                                  | Sports                                             | camping                                            |            4.19 |           13041.64 |      3.078412701859703
 AAAAAAAAGENDAAAA | Criteria hurt in a goods; bitter, typical feet used to tel                                                                                                                                               | Sports                                             | camping                                            |            5.98 | 13489.620000000003 |      3.184156099329585
 AAAAAAAAGINBAAAA | Enormous, similar causes concern indeed front rights. Again constant issues achieve con                                                                                                                  | Sports                                             | camping                                            |            4.63 |            24257.8 |       5.72593014675856
 AAAAAAAAGOIAAAAA | Enough tall costs find soon red branches. Low, fun countries find. Still criminal legs should support very new others; public, nice eyes brush surely normal years. Months see fro                       | Sports                                             | camping                                            |            7.14 |            3361.13 |     0.7933776185051652
 AAAAAAAAGOPDAAAA | Recently central com                                                                                                                                                                                     | Sports                                             | camping                                            |            0.92 |            3235.26 |      0.763666646052078
 AAAAAAAAIBHBAAAA | Concerns would not understand only existing men. Possible, marvellous magistra                                                                                                                           | Sports                                             | camping                                            |            8.05 |            4500.18 |     1.0622445699049352
 AAAAAAAAIBPCAAAA | Different rivals ought to reflect almost. Merely old hands evaluate just. Loans prove for a ears. Eyes bind both for a countries. Formerly dominant pictures might not fi                                | Sports                                             | camping                                            |            3.62 |            3243.75 |     0.7656706673131148
 AAAAAAAAIEMBAAAA | Similar tables c                                                                                                                                                                                         | Sports                                             | camping                                            |            8.53 |           23755.18 |      5.607289255566292
 AAAAAAAAIGNCAAAA | Strong, british cases claim later very great periods. Bad, wide emissions might not say well most national hands. Possible sisters agree high, tired exampl                                              | Sports                                             | camping                                            |            0.14 |            11542.2 |      2.724477526400442
 AAAAAAAAIOBAAAAA | Left exhibitions ask in s                                                                                                                                                                                | Sports                                             | camping                                            |            3.35 |  7429.109999999999 |     1.7536035795738063
 AAAAAAAAIPPCAAAA | Careful, final lines make. Cold churches indicate only in                                                                                                                                                | Sports                                             | camping                                            |            0.36 | 17148.649999999998 |      4.047851495651344
 AAAAAAAAJEJAAAAA | Original, able examples step further different roads. Extra names regard                                                                                                                                 | Sports                                             | camping                                            |            0.82 |             2907.6 |     0.6863241718010367
 AAAAAAAAJHCBAAAA | Regular, french principles should afford employer                                                                                                                                                        | Sports                                             | camping                                            |            5.19 |            2633.29 |     0.6215746933422589
 AAAAAAAAJICAAAAA | Elegant, following talks sense; everyday women walk only. Bare, old                                                                                                                                      | Sports                                             | camping                                            |            0.63 |           11006.54 |      2.598037711478533
 AAAAAAAAJIEEAAAA | British, industrial years should detail quic                                                                                                                                                             | Sports                                             | camping                                            |           24.04 |            1967.68 |    0.46446084274641075
 AAAAAAAAJKMAAAAA | Tories may enjoy l                                                                                                                                                                                       | Sports                                             | camping                                            |            3.29 |           13894.91 |      3.279822739716585
 AAAAAAAAKBAAAAAA | Senior, uncertain masses used to get close attractive arms. Sincerely automatic bacteria mean. National, shy women get better free memories. Schoo                                                       | Sports                                             | camping                                            |            7.26 |               9474 |      2.236289449595206
 AAAAAAAAKCHDAAAA | Wrong results would not specify. Industrial, urban guidelines must not                                                                                                                                   | Sports                                             | camping                                            |            4.72 | 13684.159999999998 |       3.23007627555127
 AAAAAAAAKKLAAAAA | Unique proceedings meet different studies. Usual specialists talk. Improvements notice. Solid features sho                                                                                               | Sports                                             | camping                                            |            8.68 |            5348.39 |     1.2624602205320357
 AAAAAAAAKLHDAAAA | Only findings should sort constantly. Services must promise types. Very certain industries would no                                                                                                      | Sports                                             | camping                                            |           56.24 |            5642.67 |     1.3319235157850309
 AAAAAAAAKPKAAAAA | National imports get sometimes do                                                                                                                                                                        | Sports                                             | camping                                            |            6.62 | 7592.0199999999995 |     1.7920576553848213
 AAAAAAAALDPCAAAA | Enquiries like now accounts. Today constant collections must not make alone for a sche                                                                                                                   | Sports                                             | camping                                            |            3.77 |            6492.57 |      1.532538082305082
 AAAAAAAALEICAAAA | Groups hit very married women. Popular children provide here bills. Books demand as hard authorities. Flat terms exp                                                                                     | Sports                                             | camping                                            |            3.74 |            9458.06 |     2.2325268937764866
 AAAAAAAAMABAAAAA | Old days would not extend still parts. Traders look then good implications.                                                                                                                              | Sports                                             | camping                                            |            6.14 |            8354.04 |     1.9719285954714312
 AAAAAAAAMAOCAAAA | Used, actual folk must not fill more new books. St                                                                                                                                                       | Sports                                             | camping                                            |            6.75 |            7068.85 |      1.668566041352235
 AAAAAAAAMBCCAAAA | Young songs can build ways. Military events might take further. Books must seek hard certain cells. Still light friends avoid twice young areas. Brown, crimi                                            | Sports                                             | camping                                            |             4.7 |           10789.52 |       2.54681124574588
 AAAAAAAAMDHBAAAA | Basic services continue. Wounds shall not say equally police. Terms run again factors. Wonderful, royal others can let seriously mechanical benefits; much collective officials ought                    | Sports                                             | camping                                            |            1.51 |             765.66 |    0.18073014354834976
 AAAAAAAAMELBAAAA | Cases take key, clinical proposals. Complete, clear authorities follow at once in order empty missiles. Minimum fears                                                                                    | Sports                                             | camping                                            |            2.46 | 10608.129999999997 |      2.503995060052184
 AAAAAAAAMHHCAAAA | Separate, peculiar principles dodge fresh, great records. Letters expect. Sexual, used courts used to say high after a houses. Local earnings let behind bad rights. Close, relevant findings le         | Sports                                             | camping                                            |           98.18 |             321.98 |    0.07600173917887529
 AAAAAAAAMINCAAAA | Kindly different papers may not determine even different, complicated guards. There good engineers can pour as generally important areas; charges indicate grave                                         | Sports                                             | camping                                            |            2.91 |            1595.52 |    0.37661437013068855
 AAAAAAAAMPFCAAAA | Men shall mimic already ways. Terms should buy over slightly sorry benefits                                                                                                                              | Sports                                             | camping                                            |               2 |             612.34 |    0.14453973839615036
 AAAAAAAANKJCAAAA | Other, large cats used to restore much intelligent shareholders. At least young parties would not p                                                                                                      | Sports                                             | camping                                            |             1.9 | 2000.8400000000001 |    0.47228809186490106
 AAAAAAAANLCCAAAA | Exactly early cats fix. Liberal books could not last societies.                                                                                                                                          | Sports                                             | camping                                            |            0.98 |            8765.02 |      2.068938331379668
 AAAAAAAAOBHAAAAA | Voices might follow traditional friends.                                                                                                                                                                 | Sports                                             | camping                                            |            3.84 |            5568.59 |     1.3144373090691757
 AAAAAAAAOCFEAAAA | Either japanese operations fail then different, commercial ears. Patterns cannot apologise due, old feelings. Necessary subjects say clearl                                                              | Sports                                             | camping                                            |            3.22 |           11774.66 |     2.7793485254982784
 AAAAAAAAODBCAAAA | Good, upper benefits face skills. Small, natural sheets mus                                                                                                                                              | Sports                                             | camping                                            |               6 |            8490.99 |     2.0042549454948704
 AAAAAAAAOIEAAAAA | Nervous applications argue. Likely eyes talk as. Greatly alone problems g                                                                                                                                | Sports                                             | camping                                            |            8.78 |              90.65 |   0.021397470826029708
 AAAAAAAAOLNCAAAA | Irish, large hand                                                                                                                                                                                        | Sports                                             | camping                                            |           26.86 |           10808.09 |     2.5511945996701977
 AAAAAAAAOMBBAAAA | Compl                                                                                                                                                                                                    | Sports                                             | camping                                            |            8.89 |  9867.029999999999 |       2.32906217942151
 AAAAAAAAOOBDAAAA | Attractive words succeed international, absent shows. Nuclear, northern houses set. Fingers support at last european, free leaves. Pools greet transactions. G                                           | Sports                                             | camping                                            |            9.22 |            7885.46 |     1.8613226729158765
 AAAAAAAAPCBEAAAA | Basic, new problems say hig                                                                                                                                                                              | Sports                                             | camping                                            |            4.68 |            4674.32 |     1.1033494300223627
 AAAAAAAAPNDAAAAA | Much unlikely jobs work wrong mou                                                                                                                                                                        | Sports                                             | camping                                            |            1.62 |             9510.7 |       2.24495229768473
 AAAAAAAAAAACAAAA | Parents turn outside with a ligh                                                                                                                                                                         | Sports                                             | fishing                                            |            4.76 |            1192.59 |      0.447680715910757
 AAAAAAAAADFDAAAA | Physical, mild jews used to affect enough for a products. British years would capture blank, poor weeks. About british patients respond young, parliamentary complaints. Golden, h                       | Sports                                             | fishing                                            |            0.17 | 11380.660000000002 |        4.2721320959734
 AAAAAAAAAOCDAAAA | Available devices may make almost powerful studies. Modern, other origins may take children. Familiar eyes used to demand. Correct dollars appear just. Branches improve yet head doors. Days shall not  | Sports                                             | fishing                                            |            3.48 |             454.44 |    0.17059008086474348
 AAAAAAAAAPKBAAAA | Common, black numbers would feel equally different objectives. Most deep states shall see carefully. Ago formal directors must please very high public miles. Still fat conditions avoid organi          | Sports                                             | fishing                                            |            1.74 |            2364.32 |     0.8875308951459606
 AAAAAAAABAHCAAAA | There significant changes would not mention however british normal days. Days achieve acids. No doubt northern services could work properly services. Much sure ladies keep                              | Sports                                             | fishing                                            |             8.1 | 13148.929999999998 |      4.935914602554465
 AAAAAAAABBEEAAAA | Poor, good awards should put years. Intens                                                                                                                                                               | Sports                                             | fishing                                            |             0.5 |            1448.74 |     0.5438356521256678
 AAAAAAAABCNDAAAA | Personal, visual needs draw cl                                                                                                                                                                           | Sports                                             | fishing                                            |            0.91 | 1546.1599999999999 |     0.5804056848645185
 AAAAAAAACDKBAAAA | New novels change better new children. Black, central households happen as                                                                                                                               | Sports                                             | fishing                                            |            6.39 | 3369.4399999999996 |     1.2648381349989024
 AAAAAAAACLFBAAAA | Local leaves receive miles. Reasonable, social eyes strengthen inadequate, worried days. High hands may make encouraging, dramat                                                                         | Sports                                             | fishing                                            |            1.87 |            5521.89 |     2.0728361535653077
 AAAAAAAACOPBAAAA | Short, concerned words get directors. Strong, poor documents                                                                                                                                             | Sports                                             | fishing                                            |            4.49 |            1377.24 |     0.5169956055148299
 AAAAAAAADEFEAAAA | Instead different writings might know just                                                                                                                                                               | Sports                                             | fishing                                            |            9.36 |              703.8 |    0.26419615111479283
 AAAAAAAAECKDAAAA | Months hear almost. Old, intensive systems talk increasingly forward simp                                                                                                                                | Sports                                             | fishing                                            |             1.1 |            1325.89 |    0.49771957203977363
 AAAAAAAAEJEAAAAA | Problems illustrate undoubtedly with a arms. Quarters must c                                                                                                                                             | Sports                                             | fishing                                            |            5.43 |               2570 |     0.9647401369210253
 AAAAAAAAEMAAAAAA | Private, liberal minds may not say days. Projects reach apparent relatives. Sexual, expensive items used to look                                                                                         | Sports                                             | fishing                                            |            9.01 |            8233.61 |     3.0907758905658844
 AAAAAAAAEMFCAAAA | Relations must not seem more than about narrow reasons. Determined, hot adults would not come often services. Small, prime words disce                                                                   | Sports                                             | fishing                                            |            9.04 |            7644.09 |      2.869478767796358
 AAAAAAAAEOACAAAA | Once british advantages would trust cultural, right ideas. Fine units note. Cur                                                                                                                          | Sports                                             | fishing                                            |            3.38 | 7737.9400000000005 |     2.9047086751310034
 AAAAAAAAFBHAAAAA | Rare, particular costs could implement years. Av                                                                                                                                                         | Sports                                             | fishing                                            |             0.5 |           12094.69 |      4.540168438372512
 AAAAAAAAGBCBAAAA | Long results shall stay very to a years. Legs shall cause enough. British authorities shall not happen even prices. Main, great heads ought to l                                                         | Sports                                             | fishing                                            |            1.48 |  4959.459999999999 |     1.8617082176865165
 AAAAAAAAGHCCAAAA | Useful, old artists back further magic parent                                                                                                                                                            | Sports                                             | fishing                                            |            8.89 |           15697.57 |      5.892636510166295
 AAAAAAAAHIKAAAAA | Good times must not circulate. Elections give just real cups.                                                                                                                                            | Sports                                             | fishing                                            |            4.25 |             1939.6 |     0.7280972644249107
 AAAAAAAAHPGDAAAA | Unique, certain products encourage sure                                                                                                                                                                  | Sports                                             | fishing                                            |            0.95 |           10219.13 |      3.836110846464497
 AAAAAAAAIAOBAAAA | Cultural                                                                                                                                                                                                 | Sports                                             | fishing                                            |           14.81 |            6491.28 |      2.436730877818176
 AAAAAAAAIGEEAAAA | Small detectives might not seem between a interests. Acute habits can drive enough. Then moder                                                                                                           | Sports                                             | fishing                                            |             3.3 |           18062.52 |      6.780403898030645
 AAAAAAAAJIPCAAAA | Ne                                                                                                                                                                                                       | Sports                                             | fishing                                            |            6.34 |            9111.28 |     3.4202402781034245
 AAAAAAAAKCGEAAAA | Famous, safe patients must maintain. Fairly clear members can go now personnel. Co                                                                                                                       | Sports                                             | fishing                                            |            6.71 |            3190.02 |     1.1974865103427272
 AAAAAAAAKGJDAAAA | For certain free writers might play appropriate, easy weapons. Hours matter already competent tables. Public, blue stars pursue then. Peculiar benefits                                                  | Sports                                             | fishing                                            |            3.17 |            6446.05 |      2.419752202178901
 AAAAAAAAKLIAAAAA | Cups remain both feelings. Pilots must not appear royal effects. Little, inner banks say from a colleges; e                                                                                              | Sports                                             | fishing                                            |            0.92 |            8652.98 |     3.2482012101069624
 AAAAAAAAKMPBAAAA | Thinking resources provide only in a cuts; conscious patients monitor largely secret, new efforts. Only voluntary representatives could remain and so on movements. Principles used to tell rig          | Sports                                             | fishing                                            |             0.5 |            1716.12 |     0.6442061648921829
 AAAAAAAALAGCAAAA | Examples will persuade all but variou                                                                                                                                                                    | Sports                                             | fishing                                            |             8.2 |            1920.12 |     0.7207847594182097
 AAAAAAAAMALCAAAA | No doubt other vehicles happen private, underlying conservatives                                                                                                                                         | Sports                                             | fishing                                            |            1.97 |            1169.81 |     0.4391294395220174
 AAAAAAAAMCFDAAAA | Normally radical years may not look more. Exclusive courts handle political services. Early, narrow elections will follow much. Only easy words may                                                      | Sports                                             | fishing                                            |             6.2 |  9697.339999999998 |      3.640238567848146
 AAAAAAAAMCJAAAAA | Thanks may take later more dependent eyes. Most important designs may help then neighbours.                                                                                                              | Sports                                             | fishing                                            |           17.98 |                438 |     0.1644187470705872
 AAAAAAAAMIHCAAAA | L                                                                                                                                                                                                        | Sports                                             | fishing                                            |            4.46 |             169.57 |    0.06365407977342345
 AAAAAAAANHCDAAAA | Small effects cho                                                                                                                                                                                        | Sports                                             | fishing                                            |            6.49 |              52.16 |   0.019580095541556684
 AAAAAAAANJBCAAAA | Shoulders win i                                                                                                                                                                                          | Sports                                             | fishing                                            |            2.61 |              287.5 |    0.10792326434427812
 AAAAAAAANPCEAAAA | Channels put more elaborate views; criminal, past links sou                                                                                                                                              | Sports                                             | fishing                                            |            3.23 |           13926.04 |      5.227630247613882
 AAAAAAAAOACBAAAA | Long, social systems can put hi                                                                                                                                                                          | Sports                                             | fishing                                            |            5.74 |           11972.66 |     4.4943601742057915
 AAAAAAAAOAIBAAAA | Organizations may not hear. Other, legal books will resist. Serious, urgent students can make forwards women; practical, effective departments might escape safely key j                                 | Sports                                             | fishing                                            |            6.09 |            2305.17 |     0.8653268565860855
 AAAAAAAAOGGAAAAA | Right, satisfied councillors might please just to a rivers. Remaining boots might come most senior, academic comments. Metres come afterwards sof                                                        | Sports                                             | fishing                                            |            4.41 |            2826.46 |     1.0610114425687942
 AAAAAAAAOGMDAAAA | Other years help partners; only, serious edges hear now jewish, sharp trains. Deep officials shall t                                                                                                     | Sports                                             | fishing                                            |            1.91 |            5886.42 |     2.2096753450485065
 AAAAAAAAOIECAAAA | Local cells would collect abroad productive, successful patients. Sites shall stop sensible, necessary la                                                                                                | Sports                                             | fishing                                            |           51.94 |            15676.5 |      5.884727142584612
 AAAAAAAAOJOBAAAA | Then clear minutes c                                                                                                                                                                                     | Sports                                             | fishing                                            |            2.08 |              13160 |      4.940070117463304
 AAAAAAAAOKBAAAAA | Wide documents might report well just young committees. Experienced pictures get too other, sure holes. Ar                                                                                               | Sports                                             | fishing                                            |            6.41 |           11408.13 |      4.282443929265703
 AAAAAAAAOMKBAAAA | International words think. Local, available functions would need japanese stocks. Native signs must solve really only eastern women. Glad, effective pensions involve ot                                 | Sports                                             | fishing                                            |            6.24 |             221.76 |    0.08324543687299867
 AAAAAAAAPIJCAAAA | Grey, little guests alleviate also lively areas. Effects understand generally general, legal days. Very                                                                                                  | Sports                                             | fishing                                            |           18.49 |             6674.9 |     2.5056591205969463
 AAAAAAAAAAIDAAAA | Efforts manipulate as the operations. A little american seats can see surely american, twin duties. Special children must restric                                                                        | Sports                                             | fitness                                            |            6.19 |            3875.96 |     1.1133331406906262
 AAAAAAAAAIIBAAAA | Figures survive however sides. Future areas will look convincingly also small lips; mental lips find running girls; feet realise fast sp                                                                 | Sports                                             | fitness                                            |            0.85 |            7537.76 |      2.165150830909549
 AAAAAAAAAJIDAAAA | Ages used to wake at least big,                                                                                                                                                                          | Sports                                             | fitness                                            |            1.13 |           21228.22 |      6.097607004167114
 AAAAAAAAAJMCAAAA | As short representations may give early national, dead pictures. French shoulders think. Financial, following                                                                                            | Sports                                             | fitness                                            |           37.73 |            3360.22 |     0.9651916650356186
 AAAAAAAAALEEAAAA | Wrong shares like therefore alternative buildings. Only k                                                                                                                                                | Sports                                             | fitness                                            |            9.36 | 12164.999999999998 |      3.494282102111855
 AAAAAAAAAMCCAAAA | Accidentally wet communities might not collect partly sect                                                                                                                                               | Sports                                             | fitness                                            |             7.2 |            3094.54 |     0.8888775779917157
 AAAAAAAAAMPBAAAA | Men find much issues; permanent profit                                                                                                                                                                   | Sports                                             | fitness                                            |            3.92 |            1613.35 |     0.4634196489471568
 AAAAAAAABDJAAAAA | Schools                                                                                                                                                                                                  | Sports                                             | fitness                                            |            2.43 |           15308.92 |      4.397343621756041
 AAAAAAAABIMBAAAA | Sole owners move genes; new farms must not go too off a judges; big architects should implement now liberal, personal masters; compe                                                                     | Sports                                             | fitness                                            |            8.01 |            1591.92 |     0.4572640825313527
 AAAAAAAACDCDAAAA | Losses emerge then. White, multiple pains shall begin very rates. Full kids mind ago good, islamic institutions. Following, soft conditions can cause here for every principles. Economic,               | Sports                                             | fitness                                            |            3.21 |           10759.25 |     3.0904936051908742
 AAAAAAAACEEBAAAA | Increased lessons influence probably police. Econ                                                                                                                                                        | Sports                                             | fitness                                            |            3.61 |             371.62 |    0.10674435797672074
 AAAAAAAACPGAAAAA | Physically clear schools move over. Only new experiences disclose enough; private, able ministers should learn new, common arts. Major, complete decisions hate other, possible sources.                 | Sports                                             | fitness                                            |            9.09 | 13331.630000000001 |     3.8293856227683913
 AAAAAAAACPGCAAAA | Basic hours exist easy. Even beautiful techniques should last once later high children; only politic                                                                                                     | Sports                                             | fitness                                            |            7.36 |            9433.77 |     2.7097619125721133
 AAAAAAAADIEBAAAA | American industries would not take colleagues. Parti                                                                                                                                                     | Sports                                             | fitness                                            |             0.5 |            1368.44 |    0.39307154951203843
 AAAAAAAADKLBAAAA | As full levels guess times. Communists might not enjoy small, good profits. Ch                                                                                                                           | Sports                                             | fitness                                            |           35.64 |            5091.44 |     1.4624683654727813
 AAAAAAAADMDEAAAA | Perhaps only newspapers talk generally units. Lovely, parliamentary                                                                                                                                      | Sports                                             | fitness                                            |            1.42 |             105.84 |    0.03040154687114828
 AAAAAAAADMHAAAAA | Days tell past others                                                                                                                                                                                    | Sports                                             | fitness                                            |            1.18 | 14533.539999999999 |      4.174622992381976
 AAAAAAAADNNCAAAA | Stages can succeed painfully so dry                                                                                                                                                                      | Sports                                             | fitness                                            |            4.37 |            8328.17 |       2.39218868675256
 AAAAAAAAECNDAAAA | National, retail plants ought to determine there left patients; h                                                                                                                                        | Sports                                             | fitness                                            |            1.89 |           16565.71 |     4.7583447564139245
 AAAAAAAAEGOBAAAA | More major prices keep admirably beautiful, commercial needs. Only faces fly so. Styles might investigate mo                                                                                             | Sports                                             | fitness                                            |            0.77 |             1523.9 |    0.43772597578366274
 AAAAAAAAENOAAAAA | Buildings collect still contrary funds; remarks sleep perhaps for a workers. Doctors may inspire actions; outside criteria can know                                                                      | Sports                                             | fitness                                            |            5.19 |            1086.67 |    0.31213576094549034
 AAAAAAAAFGDCAAAA | Plans leave streets. Mechanisms must give close                                                                                                                                                          | Sports                                             | fitness                                            |             2.7 |              357.7 |    0.10274596859230668
 AAAAAAAAGEBAAAAA | Round, local aspects would receive ver                                                                                                                                                                   | Sports                                             | fitness                                            |              27 |            7492.72 |     2.1522135135335425
 AAAAAAAAGHMDAAAA | Current officers draw high defence                                                                                                                                                                       | Sports                                             | fitness                                            |           88.16 |             339.48 |    0.09751244455609805
 AAAAAAAAHIICAAAA | Most proposed resources must not take ever foreign, international arguments. Open, common missiles can like strategic, warm trustees. Medical miles succee                                               | Sports                                             | fitness                                            |           45.58 | 470.91999999999996 |    0.13526735121467445
 AAAAAAAAHKACAAAA | Newly large diseases must not make; front, suitable courses detect temporary, specific laws. Boys enjoy af                                                                                               | Sports                                             | fitness                                            |           46.25 | 3910.0099999999998 |      1.123113683689139
 AAAAAAAAHOCCAAAA | So financial signs would instruct however major mass goods. Prospects arrange at a spirits. Brilliantly oth                                                                                              | Sports                                             | fitness                                            |            2.06 | 3809.5200000000004 |     1.0942488741173169
 AAAAAAAAIAKCAAAA | Quite net others dispose once obvious winds. Previous steps give little engines. Worthy, chief payments serve sadly like a versions. Oth                                                                 | Sports                                             | fitness                                            |            0.48 |            7297.25 |     2.0960665901878945
 AAAAAAAAICDBAAAA | Countries say even freq                                                                                                                                                                                  | Sports                                             | fitness                                            |           45.49 |  4167.799999999999 |     1.1971614422673071
 AAAAAAAAICKAAAAA | Sometimes surprising soldiers help often. Married eyes shall review too good, other teachers; words check. As appropriate parties get around other teachers. Roses prove away with a leads. Long vi      | Sports                                             | fitness                                            |            4.09 | 2862.1800000000003 |     0.8221343482961374
 AAAAAAAAIEKBAAAA | Worthy others find. Other, enormous shoulders may become significant hands. Concerned rules leave. New groups show in a functions; interested rep                                                        | Sports                                             | fitness                                            |            8.65 |            15031.8 |       4.31774350205713
 AAAAAAAAIFMDAAAA | Necessary v                                                                                                                                                                                              | Sports                                             | fitness                                            |            6.16 |             4060.2 |     1.1662543519107733
 AAAAAAAAIGCDAAAA | Companies shall get in a parts; visual governments shall not put only whole, multiple millions. Entirely extra places say perfectly. Foreign, dutch aspects shall support significantly local nations    | Sports                                             | fitness                                            |           46.23 |             2058.1 |     0.5911699132228861
 AAAAAAAAIHBAAAAA | Long houses put truly. Grey roots put hard progressive prices. Boards establish                                                                                                                          | Sports                                             | fitness                                            |            4.41 |  747.0899999999999 |    0.21459459232772263
 AAAAAAAAIIABAAAA | Poor others could contain from a stars; international charges used to consider of course int                                                                                                             | Sports                                             | fitness                                            |            2.36 | 3509.1400000000003 |     1.0079675376740485
 AAAAAAAAIIIBAAAA | Over perfect eyes minimise. So natural tests prevent so true lakes. However welsh sons appear yet just naval markets. Rare students remain therefore high                                                | Sports                                             | fitness                                            |            5.51 |            1158.66 |     0.3328142129414651
 AAAAAAAAIOBDAAAA | Women see still green, large figures. Important commentators know expectations. Here female studies may not add existing                                                                                 | Sports                                             | fitness                                            |            2.28 |             4226.6 |     1.2140511905290565
 AAAAAAAAJDNAAAAA | Now prime conservatives achieve far young, sorry clients; particular, free copies provoke likely banks. Too social fac                                                                                   | Sports                                             | fitness                                            |            1.21 | 2815.9500000000003 |     0.8088552145862622
 AAAAAAAAKABAAAAA | Never weak courses d                                                                                                                                                                                     | Sports                                             | fitness                                            |           84.76 |            5734.08 |      1.647060675386564
 AAAAAAAAKBPAAAAA | Single eyes could look never. Grey duties might not                                                                                                                                                      | Sports                                             | fitness                                            |            4.03 |            4087.03 |     1.1739610176567379
 AAAAAAAAKIKAAAAA | Explicitly great volunteers tell to a rates. Legitimate travellers could not love quite mass drivers. Perhaps parliamentary talks may make choices. Stories go almost quiet countries.                   | Sports                                             | fitness                                            |            2.38 | 12351.990000000002 |     3.5479932250279185
 AAAAAAAAKOHBAAAA | New examples keep then. Servic                                                                                                                                                                           | Sports                                             | fitness                                            |            4.97 |            6876.44 |     1.9751928662758775
 AAAAAAAAKOJBAAAA | Orthodox, economic employees must seek yet modest children                                                                                                                                               | Sports                                             | fitness                                            |            3.62 |               6720 |     1.9302569441998907
 AAAAAAAALFBCAAAA | British, other cases might come unable, keen courts; considerable, economic prices proceed late quite new duties. Large tales cannot give really in a glasses. Primary, cent                             | Sports                                             | fitness                                            |            0.37 |            6972.59 |     2.0028110515712374
 AAAAAAAALGNBAAAA | New, awkwar                                                                                                                                                                                              | Sports                                             | fitness                                            |            6.46 |            3456.45 |     0.9928328295803143
 AAAAAAAALHFCAAAA | Regions meet diffic                                                                                                                                                                                      | Sports                                             | fitness                                            |           90.74 |           13357.82 |       3.83690845451967
 AAAAAAAALJKBAAAA | Quite concerned items would produce just external, new teeth. Dead damages fulfil almost in a campaigns. Rich losses used to use. Always european faces help now i                                       | Sports                                             | fitness                                            |            9.86 |            8124.71 |      2.333746710879508
 AAAAAAAALLCBAAAA | Stages would shield. Happy, little users can serve quickly statutory, external costs. Features must not carry reasonably rare politicians. Flowers augment also bloody                                   | Sports                                             | fitness                                            |            0.13 |            5745.24 |      1.650266280668896
 AAAAAAAAMFIAAAAA | Single, rural                                                                                                                                                                                            | Sports                                             | fitness                                            |            5.92 | 11975.589999999998 |     3.4398758569033876
 AAAAAAAAMMKAAAAA | Months shall savour natural minutes. Democratic weeks could fathom particularly sudden, front subjects. Unpleasant patterns must not publish individually to a ministers.                                | Sports                                             | fitness                                            |            2.95 |            2578.23 |     0.7405723751851911
 AAAAAAAAMOKBAAAA | Decisions might construct well in a systems. So dear investments should eat different judges; just different lips rally t                                                                                | Sports                                             | fitness                                            |            9.21 |             407.99 |    0.11719129920596925
 AAAAAAAANCCCAAAA | Considerable, useful stars allow more quite new trees. Separately local libraries produce almost actually open choices. Old,                                                                             | Sports                                             | fitness                                            |            3.83 | 7222.0199999999995 |     2.0744574785938235
 AAAAAAAAODHCAAAA | Communities shall matter eventually thereby low waves. Sound, fatal lengths could invite just royal, molecular others.                                                                                   | Sports                                             | fitness                                            |            3.84 |           21965.71 |      6.309444086574551
 AAAAAAAAOJMAAAAA | Already political hearts will attempt deaf, initial copies. Spare, local patients provide for a years. Painfully hard places should care then local economic men. Human characters will                  | Sports                                             | fitness                                            |           44.28 |            4808.81 |     1.3812855499758747
 AAAAAAAAONMBAAAA | Busy, efficient departments eliminate                                                                                                                                                                    | Sports                                             | fitness                                            |            1.94 |            1157.12 |    0.33237186239175254
 AAAAAAAAOPHCAAAA | Probable, main blacks provide also. Then important years shall compare lightly black results. Lexical players will                                                                                       | Sports                                             | fitness                                            |           89.31 | 2605.5299999999997 |     0.7484140440210031
 AAAAAAAAPAKDAAAA | Evolutionary paintings ignore innocent pages. Good times will read                                                                                                                                       | Sports                                             | fitness                                            |            0.77 |            4625.75 |     1.3287032826834293
 AAAAAAAAPIBBAAAA | Other, significant minutes might not stop net, bitter goods. Fans go away simple, ordinary names. Central, average members occur birds. Premier, other sums could                                        | Sports                                             | fitness                                            |            6.71 |             776.09 |    0.22292457021191864
 AAAAAAAAAFNCAAAA | Tory women ensure fully. Safe mammals should know black, brave needs. Associated, apparent cases notice hard results; eventual, joint words know on the thoughts. Ol                                     | Sports                                             | football                                           |            0.12 | 2808.3599999999997 |     0.9053839356153368
 AAAAAAAAAJOCAAAA | Minutes will kn                                                                                                                                                                                          | Sports                                             | football                                           |             0.9 |            9371.08 |     3.0211316538357518
 AAAAAAAAAMDBAAAA | Different book                                                                                                                                                                                           | Sports                                             | football                                           |            7.42 |            3005.63 |     0.9689815829891913
 AAAAAAAAAMOAAAAA | Worried eyes must cook again also gross countries. True employers sue now such as the years. E                                                                                                           | Sports                                             | football                                           |            4.13 |            7862.04 |     2.5346339917835334
 AAAAAAAAANGBAAAA | Essential, soft flowers will not offer only models. Honestly married decisions make all only logical effects. Even prospective symptoms contro                                                           | Sports                                             | football                                           |            0.55 |            6068.69 |     1.9564779573236477
 AAAAAAAAANHAAAAA | Similar issues could see personal, a                                                                                                                                                                     | Sports                                             | football                                           |            0.65 |             1060.5 |     0.3418933696962159
 AAAAAAAAAOIAAAAA | Christians get quickly on the parents; e                                                                                                                                                                 | Sports                                             | football                                           |            6.79 |  4951.450000000001 |     1.5962922445849397
 AAAAAAAABFOCAAAA | Unhappy events win certainly conservatives. Even lovely holidays bother all only individual stages; rare toys pass everywhere. Types could                                                               | Sports                                             | football                                           |            0.41 |           10120.82 |     3.2628394661846825
 AAAAAAAABHKBAAAA | Even sensitive years follow for a workers; appropriate wishes emphasise grounds. Square departments may take at a banks. General purposes might keep there. Ruling                                       | Sports                                             | football                                           |            6.89 |               60.3 |     0.0194400473292615
 AAAAAAAABLABAAAA | Troops explain                                                                                                                                                                                           | Sports                                             | football                                           |            8.82 |           13312.18 |      4.291698329281067
 AAAAAAAABMFEAAAA | Vulnerable, substantial regul                                                                                                                                                                            | Sports                                             | football                                           |           80.12 |  543.9599999999999 |    0.17536663590754697
 AAAAAAAACKLAAAAA | Us                                                                                                                                                                                                       | Sports                                             | football                                           |            6.24 |           22475.22 |      7.245760207886644
 AAAAAAAACLLCAAAA | As junior things reduce foods; old, ancient police could disclose only less than                                                                                                                         | Sports                                             | football                                           |            1.32 |            1642.68 |     0.5295817072442998
 AAAAAAAADGEAAAAA | Bold, mass eggs tidy of course national, left notes. Workers advocate no doubt fine pupils. Blind, g                                                                                                     | Sports                                             | football                                           |            3.59 |            5506.86 |     1.7753502327631339
 AAAAAAAADIIDAAAA | Able parts find neighbouring colonies. Inland, foreign payments should make therefore activ                                                                                                              | Sports                                             | football                                           |            8.69 |  6205.490000000001 |      2.000580751264659
 AAAAAAAADNHCAAAA | Ugly rights identify short soldiers; only remarkable bodies manage softly. Lucky, prime systems might feel. Subject words jump around a drivers. Now social awar                                         | Sports                                             | football                                           |            2.54 |            8630.14 |      2.782260863319284
 AAAAAAAAEJHCAAAA | Personnel knit just. Only intense causes shall depend however memb                                                                                                                                       | Sports                                             | football                                           |            3.86 |            3212.55 |     1.0356902827134167
 AAAAAAAAFIAAAAAA | Effects decide however safe schools. Mothers listen social, increased theories. Only ele                                                                                                                 | Sports                                             | football                                           |             3.9 |               9.12 |   0.002940186262734077
 AAAAAAAAGEMAAAAA | Either implicit directions could compensate quite in a theories; there existing standards manipulate much firms. Other, present things shall say bad, large performanc                                   | Sports                                             | football                                           |            1.53 |             752.53 |    0.24260727722535913
 AAAAAAAAGIDCAAAA | Perhaps selective problems evaluate at a boys. Sure, fixed stories might receive as great effects. Real pupils may stick rather religious ideas. Original years greet good students. Particular months   | Sports                                             | football                                           |            3.19 |            3411.58 |     1.0998553344537636
 AAAAAAAAGLPDAAAA | Difficult, old numbers must not turn so perhaps technological policies. More modern projects would explain political politicians. Dry, old calls could not say sharply. Soon charming stones invo        | Sports                                             | football                                           |            1.44 | 12504.099999999999 |      4.031182351738286
 AAAAAAAAGMEDAAAA | Other workers give there scenes. Isolated, dark matters ensure successful bedrooms. So public courts must not seek only direct red remains.                                                              | Sports                                             | football                                           |            3.96 |            3003.56 |     0.9683142380808734
 AAAAAAAAGNJBAAAA | Alone, local councils must catch act                                                                                                                                                                     | Sports                                             | football                                           |            4.45 |  708.3000000000001 |    0.22834801862878804
 AAAAAAAAHLMBAAAA | Children see in the potatoes; experts pay ahead. Perfect, oth                                                                                                                                            | Sports                                             | football                                           |            3.99 | 13831.300000000001 |      4.459056826288799
 AAAAAAAAIAIDAAAA | Additional members may say for a differences. Then related women ought                                                                                                                                   | Sports                                             | football                                           |            5.84 |            1584.98 |     0.5109798709109932
 AAAAAAAAICDDAAAA | Transactions ought to burn of course in a states. Informal films give home old, new points. Human children attract assets. Feet move essentiall                                                          | Sports                                             | football                                           |           48.46 | 4259.7699999999995 |     1.3733023285533705
 AAAAAAAAIEDEAAAA | Sites confirm also poor, black students. General, different interviews keep well under a points; as retail sea                                                                                           | Sports                                             | football                                           |            5.48 |            4158.88 |      1.340776518021875
 AAAAAAAAIHNAAAAA | Also actual animals cannot burn steps. Twice only services like enough. As prime communications read so as ever                                                                                          | Sports                                             | football                                           |             6.2 |             4665.9 |     1.5042341100099703
 AAAAAAAAIKDCAAAA | Due high budgets work yet lexical                                                                                                                                                                        | Sports                                             | football                                           |            5.92 |             125.05 |    0.04031472501698425
 AAAAAAAAIKMBAAAA | Strong solicitors must not admit alone with a miles. Harder available shows notice between the minds; different bits deepen very                                                                         | Sports                                             | football                                           |            2.82 |  4789.459999999999 |     1.5440684756485032
 AAAAAAAAILLCAAAA | More similar libraries reflect in a copies. Other, sexual terms may not alter only up to a situations; happy, new supporters shall happen scottish principles; pp. would appoint date                    | Sports                                             | football                                           |            7.64 |            2221.99 |     0.7163447888083873
 AAAAAAAAIPAAAAAA | Equivalent minutes should not reap even also unfair properties. Popular times must not interpret better; birds used to provide unusual sal                                                               | Sports                                             | football                                           |            4.29 |  5761.600000000001 |     1.8574755670360377
 AAAAAAAAJKFEAAAA | Cultural, full relationships take st                                                                                                                                                                     | Sports                                             | football                                           |            3.69 |            4076.46 |      1.314205229450105
 AAAAAAAAJPMBAAAA | Assistant, local assets disclose similar, other years. There unkno                                                                                                                                       | Sports                                             | football                                           |            4.19 |             129.15 |    0.04163651927983619
 AAAAAAAAKCHBAAAA | Simply special eyes might not take politely specific, able casualties. Other, surpris                                                                                                                    | Sports                                             | football                                           |            5.54 |            8417.35 |     2.7136597410772683
 AAAAAAAALBKAAAAA | Early extensiv                                                                                                                                                                                           | Sports                                             | football                                           |            5.94 |  9943.980000000001 |     3.2058282229059665
 AAAAAAAALMDCAAAA | Mediterranean doctors must carry at all previous owners. Of course close groups can change extra short useful years. Palestinian, old users may separate                                                 | Sports                                             | football                                           |             1.4 | 3471.8599999999997 |      1.119288934006133
 AAAAAAAAMFCBAAAA | Bills take. Workers may not bring significant, visible agencies. Parties shall not generate very young boots. Earlier final shares meet still large foods. Following pages o                             | Sports                                             | football                                           |           27.99 |           26515.28 |       8.54823048339338
 AAAAAAAAMKGBAAAA | Social plans used to mee                                                                                                                                                                                 | Sports                                             | football                                           |            9.73 | 4174.1900000000005 |      1.345712291232671
 AAAAAAAAMMEAAAAA | Rocks will attack today proper ladies. F                                                                                                                                                                 | Sports                                             | football                                           |            6.72 | 11783.519999999999 |      3.798875398097834
 AAAAAAAAMNFEAAAA | Solidly quiet powers will not make never including a relations. Fresh, mathematical wea                                                                                                                  | Sports                                             | football                                           |            0.25 |              632.6 |     0.2039431830927168
 AAAAAAAAMPLAAAAA | Techniques cut in a states. Finally legal soldier                                                                                                                                                        | Sports                                             | football                                           |            3.41 |            5606.59 |      1.807502072234896
 AAAAAAAANHMCAAAA | Possible, metropolitan courts will push too other keys. Left titles make usually methods; white, perfe                                                                                                   | Sports                                             | football                                           |            6.32 |            5110.35 |     1.6475198319915674
 AAAAAAAANKCDAAAA | Lengths rule. Just russian residents will not replace mixed rates. Schools could expect useful, single years. Streets used to draw either. Christian structures may not confirm due to a shoe            | Sports                                             | football                                           |            4.39 |            7943.09 |     2.5607636076382043
 AAAAAAAAOBICAAAA | Irish, central events talk mostly. New women leave nonetheless different differences. Hot, actual reports move ot                                                                                        | Sports                                             | football                                           |            6.85 |           11250.53 |     3.6270453678155286
 AAAAAAAAODPAAAAA | Henceforth constant policies may resist. Feet could help then for a points. Evoluti                                                                                                                      | Sports                                             | football                                           |            0.99 |            5496.21 |     1.7719167915681648
 AAAAAAAAOFFBAAAA | Royal films should get probably white representations. Real days ought to force by the minutes. Valuable, british books can cool of course                                                               | Sports                                             | football                                           |           35.92 |            4014.76 |     1.2943138377384062
 AAAAAAAAOIICAAAA | Sure tired hours go generally subjects. Possible, high politicians help sometimes black, british computers.                                                                                              | Sports                                             | football                                           |            0.84 |            7115.02 |     2.2938030770919093
 AAAAAAAAOINAAAAA | Clear, new years allow. Writers master select years. Rapid, tiny schools might explain kinds. Experiences write about servants; used holidays should attack kilometres.                                  | Sports                                             | football                                           |             4.9 |            3371.85 |     1.0870468256578836
 AAAAAAAAONDBAAAA | Dead beliefs might meet about. Fees must hire in a patients; players secure then colleges. Full details lie. Flowers cultivate before with a clients. Wooden areas kno                                   | Sports                                             | football                                           |            4.56 | 20198.710000000003 |      6.511838779270772
 AAAAAAAAOPDCAAAA | Specimens could not give taxes. Legislative authorities would take crucial speeches. Always short times want effectively high others. Now little decades used to                                         | Sports                                             | football                                           |            0.47 |            1296.42 |    0.41795134591378424
 AAAAAAAAPEJDAAAA | Actually financial ladies cannot annoy even so greek things; differences shall safeguard proposed requirements. Red, ill solicitors establish national objects; relations cannot disarm al               | Sports                                             | football                                           |            1.74 | 1010.4399999999999 |     0.3257545841356383
 AAAAAAAAANEAAAAA | More grim soldiers mean particularly electric, free newspapers. Less statutory demands cannot practise even. Most wild players used to see now between the emotions. Much clean copies will transfer ver | Sports                                             | golf                                               |            4.62 |              384.6 |    0.14868776092121458
 AAAAAAAABBOAAAAA | Causes fit unlikely months. Small, increased bacteria would feel only. Activities help. Late dependent conditions                                                                                        | Sports                                             | golf                                               |            1.14 |            2359.49 |     0.9121874285387326
 AAAAAAAACBFDAAAA | Deep thick recommendations move; well green results take over there later left words; local, big movements cannot share well schools. Quite dry y                                                        | Sports                                             | golf                                               |            9.47 |            1600.01 |     0.6185696941018007
 AAAAAAAACBIAAAAA | Anywhere asleep aspects                                                                                                                                                                                  | Sports                                             | golf                                               |           33.42 |  9762.109999999999 |     3.7740672848845502
 AAAAAAAACGJDAAAA | Roman, advanced hours analyse databases. Old resources might speak always. Better ordinary consumers ought to help. Normal tonne                                                                         | Sports                                             | golf                                               |            9.98 |             8790.6 |       3.39847798011968
 AAAAAAAACNIDAAAA | Chronic couples should                                                                                                                                                                                   | Sports                                             | golf                                               |            4.89 |            4989.58 |      1.928989802749022
 AAAAAAAADCFDAAAA | Political, empty panels sit still; public lengths ought to make again. Organic citie                                                                                                                     | Sports                                             | golf                                               |            2.91 |            1193.61 |     0.4614539737731953
 AAAAAAAAEAHDAAAA | Essentially essential companies take then. Ill, major months get                                                                                                                                         | Sports                                             | golf                                               |           45.62 |            1127.65 |    0.43595359751120033
 AAAAAAAAEBPAAAAA | Beautiful poun                                                                                                                                                                                           | Sports                                             | golf                                               |             2.4 |            6581.29 |     2.5443506866177334
 AAAAAAAAEBPCAAAA | Systems may make less remote children. Sheer, chinese categories ease                                                                                                                                    | Sports                                             | golf                                               |            0.18 | 5603.9400000000005 |     2.1665036165804246
 AAAAAAAAEGNCAAAA | Others may not understand further in a emotions. Local lives introduce empty, natio                                                                                                                      | Sports                                             | golf                                               |            0.16 |  7821.509999999999 |      3.023824256169758
 AAAAAAAAEHCEAAAA | Constant, local walls overlook much with a potatoes. Unaccep                                                                                                                                             | Sports                                             | golf                                               |            97.5 |            4784.74 |     1.8497979126109523
 AAAAAAAAEHNBAAAA | Sure historic holes shall lead with a comparisons; enough black homes could not produce less than down a articles. Specific, double industries end into the years. Environmental, isolated men must m    | Sports                                             | golf                                               |            4.97 |  7273.820000000001 |     2.8120853071865555
 AAAAAAAAEIEDAAAA | Industrial, vocational plants add suff                                                                                                                                                                   | Sports                                             | golf                                               |            1.15 |              11408 |      4.410374354106126
 AAAAAAAAEOJBAAAA | Progressive wages see extremely at the                                                                                                                                                                   | Sports                                             | golf                                               |            8.17 |            4109.29 |     1.5886664822567287
 AAAAAAAAFGEEAAAA | Possible, necessary merchants become annual, high papers. Sessions might not take. Nearly sacred arrangements should reside then r                                                                       | Sports                                             | golf                                               |            1.12 |            7125.26 |      2.754651470050685
 AAAAAAAAFMLAAAAA | Primary horses change central, political guards. Owners used to replace away odd margins. Obviously productive claims answer both. Fund                                                                  | Sports                                             | golf                                               |            1.32 |                238 |    0.09201166692472458
 AAAAAAAAGEDDAAAA | Seats shall love. Horses would believe perhaps. Actively dirty issues can look as for a opportunities. Rights might meet between the votes. Minist                                                       | Sports                                             | golf                                               |            0.81 | 1806.1999999999998 |     0.6982834991573005
 AAAAAAAAGPMBAAAA | Ultimate, a                                                                                                                                                                                              | Sports                                             | golf                                               |            7.53 |            2446.06 |     0.9456557058734949
 AAAAAAAAHBBBAAAA | Trying years recall with a issues; broken bands might come proposals. Industrial aspects may speak aside comprehensive, available muscles. Rules could n                                                 | Sports                                             | golf                                               |            8.04 |  7019.789999999999 |        2.7138763838719
 AAAAAAAAIAACAAAA | Little groups would ma                                                                                                                                                                                   | Sports                                             | golf                                               |            0.27 |            5169.21 |     1.9984354150586368
 AAAAAAAAICGBAAAA | Scholars run average parts. Plain schools cause local systems. Very recent sisters ought to help eastern papers. Maybe difficult periods report already important varieties. Then small claims           | Sports                                             | golf                                               |           31.86 |            1973.74 |     0.7630550734285961
 AAAAAAAAICMBAAAA | Cells seem then concerned, litt                                                                                                                                                                          | Sports                                             | golf                                               |            9.86 |            8373.44 |      3.237202404597335
 AAAAAAAAIJACAAAA | National, expected rivers will achieve never christian, old eyes; always social strin                                                                                                                    | Sports                                             | golf                                               |            5.87 | 4998.0199999999995 |     1.9322527374920666
 AAAAAAAAIJIBAAAA | Parents clarify ill complete, universal friends. Much american days allow. Happy, legal books drift.                                                                                                     | Sports                                             | golf                                               |            4.85 |             290.16 |    0.11217691291965583
 AAAAAAAAINEBAAAA | Key, unlikely situations cry as difficult, different groups. Increased, giant points follow particular views; traders make as. Problems learn new goals. Ye                                              | Sports                                             | golf                                               |            3.05 |             842.01 |    0.32552413305582917
 AAAAAAAAIOGDAAAA | Times call about detaile                                                                                                                                                                                 | Sports                                             | golf                                               |            0.52 |            4995.76 |     1.9313790132599244
 AAAAAAAAKDBDAAAA | New, tall relatives will not say chairs. Difficult, open friends may concentrate other areas; considerations used to hold ever. Friends might play simply different,                                     | Sports                                             | golf                                               |            0.99 |            7301.81 |     2.8229063431412738
 AAAAAAAAKDLCAAAA | Often wooden opportunities could go silently final colleagues. Below similar procedures locate home notes. As only services go. Vast industries                                                          | Sports                                             | golf                                               |            5.57 |           25874.01 |     10.002986513138625
 AAAAAAAAKLGBAAAA | For example surprising injuries ought to light correctly pri                                                                                                                                             | Sports                                             | golf                                               |            6.36 | 4032.5499999999997 |     1.5589985187281432
 AAAAAAAAKMCEAAAA | Good, fast funds make packages. Far from industrial proposals will shift to a resources. Subtle                                                                                                          | Sports                                             | golf                                               |            3.03 | 23363.760000000002 |      9.032514719450432
 AAAAAAAAKMOBAAAA | Logical, polish words must see by a developments; terms shall not provide difficulties. Purposes                                                                                                         | Sports                                             | golf                                               |            4.65 |  6430.539999999999 |     2.4860701875046987
 AAAAAAAAKOBEAAAA | Then different others will not identify rather satisfactory inhabitants. Strange, strong months end total features. Officials must rule certainly in a variables. Sorry co                               | Sports                                             | golf                                               |            1.35 |  7328.889999999999 |       2.83337556978128
 AAAAAAAALKCCAAAA | Private roots make                                                                                                                                                                                       | Sports                                             | golf                                               |            0.13 |           12347.22 |      4.773480227253352
 AAAAAAAAMBIBAAAA | Controls find at least good, national authorities. Local, other aspects secure definitely usual, daily lights. Police involve                                                                            | Sports                                             | golf                                               |            1.28 |  9931.960000000001 |      3.839731913570116
 AAAAAAAAMCKBAAAA | Skilled, sufficient matters need again immediate, other copies. Also used men sho                                                                                                                        | Sports                                             | golf                                               |            9.94 |            5323.98 |     2.0582700608146856
 AAAAAAAAMKBDAAAA | Systems affect just about. For sure poor claims cannot underpin authorities. Insects need there games. Even true areas must let completely in a contract                                                 | Sports                                             | golf                                               |            1.55 |            1402.48 |     0.5422038765907047
 AAAAAAAAMOHCAAAA | Inevitable, other eyes study so even new attitudes. States see so. Other seasons could draw rather standard, ready futures. Brilliant, little classes should not p                                       | Sports                                             | golf                                               |            4.39 |             2834.6 |     1.0958666851463206
 AAAAAAAAOCBCAAAA | Times should make levels. Good, blue lives must study in the events. Months shall practise                                                                                                               | Sports                                             | golf                                               |            2.89 |           10643.57 |      4.114842931638616
 AAAAAAAAOCGAAAAA | Decisively bitter matters could not cover points; ends may c                                                                                                                                             | Sports                                             | golf                                               |             0.3 |            3625.45 |     1.4016121758497593
 AAAAAAAAOGIDAAAA | Loud considerable papers put a little black, isolated things. Serious companies worry very useful officials. Grimly local politicians use so. United, alone decisions would not give all. New cells      | Sports                                             | golf                                               |             5.5 |               4.07 |  0.0015734768251412985
 AAAAAAAAOLFEAAAA | Assets would see more more head fans; sick institutions think able workers; no doubt other events install all outstanding items                                                                          | Sports                                             | golf                                               |            3.42 |            4409.95 |     1.7049027334230635
 AAAAAAAAPINBAAAA | True countries must take much with a populations. Social rates feed at least personal profits.                                                                                                           | Sports                                             | golf                                               |            7.65 |  5738.179999999999 |      2.218401289555109
 AAAAAAAAPLEBAAAA | So normal jobs used to se                                                                                                                                                                                | Sports                                             | golf                                               |            6.76 | 5001.9400000000005 |     1.9337682237708274
 AAAAAAAAAEGAAAAA | Legal problems care more well current styles. A little strong factors look willing, appropriate children. Novels seem scottish boundaries. Teachers ta                                                   | Sports                                             | guns                                               |            4.85 | 2097.5299999999997 |     0.7710359303118468
 AAAAAAAAAEHDAAAA | Partly special earnings would not survive contemporary, previous claims.                                                                                                                                 | Sports                                             | guns                                               |            5.85 |             196.56 |    0.07225394748208447
 AAAAAAAAAEIBAAAA | As crucial days must fall pleasant cattle. Now other agencies appear since standard years. Notably gastric relations should pull. Right, conti                                                           | Sports                                             | guns                                               |           89.14 |             584.52 |    0.21486506604715105
 AAAAAAAAAEPBAAAA | Military women like obviously on a options; able, southern eyes start still little components. Ne                                                                                                        | Sports                                             | guns                                               |            0.94 |              210.5 |    0.07737818449826404
 AAAAAAAAALLDAAAA | Symptoms might put more. Just desirable trusts may see low, new goods; young houses shall not grow recent, new inches. There european flowers develop legally. Hard,                                     | Sports                                             | guns                                               |            1.36 |           14440.73 |      5.308301521280839
 AAAAAAAABAFEAAAA | Other, good prices shall ride then then separate boys; little, great designs operate. Already loca                                                                                                       | Sports                                             | guns                                               |             3.5 |              412.4 |     0.1515950749980242
 AAAAAAAABMIBAAAA | Just little ways cut conversely british makers. Plain, progressive powers may not call well underneat                                                                                                    | Sports                                             | guns                                               |            7.38 |             301.56 |    0.11085114164986463
 AAAAAAAACIBCAAAA | Cars break just but for a functions. Please new feelings know long, available powers. Continental, long-term birds know above busy, modern                                                               | Sports                                             | guns                                               |            2.29 |             201.81 |    0.07418380719047347
 AAAAAAAACJECAAAA | Formerly interested women say thereafter. Right stages say lately. Of course good leaders will suffer very public local requirements. Owners will obtain events. Supposedl                               | Sports                                             | guns                                               |            3.26 |            8564.49 |     3.1482407950286815
 AAAAAAAACLCCAAAA | Previous men act finally personal men. Sensitive considerations can come circumstances. Continued subjects might test then long men. Minutes shall                                                       | Sports                                             | guns                                               |            5.63 |           10274.85 |     3.7769560047125337
 AAAAAAAACLJDAAAA | Left, big subsidies get moving women. Ed                                                                                                                                                                 | Sports                                             | guns                                               |            3.62 |            2966.38 |     1.0904185222420926
 AAAAAAAACNOCAAAA | Good years could hold often risks. Movements could not take. Eager, good                                                                                                                                 | Sports                                             | guns                                               |            9.39 | 2119.5800000000004 |     0.7791413410870809
 AAAAAAAACOKAAAAA | Good skills use again numbers; leaders must come even white, leading years; similar, married problems used to ring                                                                                       | Sports                                             | guns                                               |            4.39 |            9496.78 |     3.4909434440827747
 AAAAAAAACPECAAAA | Magistrates vote. Skilfully constant links give; strange, environmental                                                                                                                                  | Sports                                             | guns                                               |            1.41 |           13027.83 |       4.78893032471268
 AAAAAAAADCIDAAAA | Also poor trees confront about only orders. Essential elections work alwa                                                                                                                                | Sports                                             | guns                                               |           23.25 |  516.1600000000001 |    0.18973645468229916
 AAAAAAAADDHDAAAA | Useful, national relationships may not want british, sick lawyers. So dangerous parts used to create more at least old relations. Living, likely minutes look conventional executives; wild in           | Sports                                             | guns                                               |            0.56 | 10126.880000000001 |     3.7225633683219965
 AAAAAAAADEPAAAAA | Holy, widespread powers might lay ancient, light miles.                                                                                                                                                  | Sports                                             | guns                                               |           15.99 |            6483.25 |     2.3831929436977215
 AAAAAAAADMEDAAAA | Important surveys cannot come now diseases. Female police need good, acceptable rooms. Leaves create even palestinian cameras. Only great findings might inform deliberately. Po                         | Sports                                             | guns                                               |            7.79 |            1225.72 |     0.4505652650983953
 AAAAAAAADOPCAAAA | Key supporters may keep more bonds. Incredibl                                                                                                                                                            | Sports                                             | guns                                               |           25.58 |            1579.55 |     0.5806304575973062
 AAAAAAAAECICAAAA | Minimum, new arrangements go left, fundamental funds. Standard, traditional feet would whisper. Other farms know passages. So narrow directors get men. Representative rights can restore very leade     | Sports                                             | guns                                               |            5.92 |            5248.75 |      1.929400217982249
 AAAAAAAAEDGBAAAA | Flo                                                                                                                                                                                                      | Sports                                             | guns                                               |            3.45 |            3499.41 |     1.2863562594540152
 AAAAAAAAEJCCAAAA | Always major pp. may not give here. Blac                                                                                                                                                                 | Sports                                             | guns                                               |            4.11 | 16367.300000000001 |      6.016493867641032
 AAAAAAAAENKCAAAA | Years come here new feet. Real tests might apply hopefully; established, clear sides would t                                                                                                             | Sports                                             | guns                                               |            5.79 |            8118.08 |     2.9841439050435503
 AAAAAAAAEOLCAAAA | Only ages may not provide alone typical teachers. Strange structures work now still essential shares. Necessary, actual notes may find institutions.                                                     | Sports                                             | guns                                               |            5.89 |            11548.6 |      4.245176729200248
 AAAAAAAAEPNDAAAA | Int                                                                                                                                                                                                      | Sports                                             | guns                                               |            1.77 |            2704.63 |     0.9942012310666978
 AAAAAAAAFACAAAAA | Important, comfortable years might reach also. Merchants can intercept really only unable banks. Times like indeed. Little neighbours will look right also slight musicians. F                           | Sports                                             | guns                                               |            6.16 |           11472.49 |     4.2171992773134885
 AAAAAAAAFLCBAAAA | Always                                                                                                                                                                                                   | Sports                                             | guns                                               |            2.08 |            4791.59 |     1.7613517104989882
 AAAAAAAAGEKAAAAA | Ill, new purposes shall not enter affairs. Rea                                                                                                                                                           | Sports                                             | guns                                               |            4.49 |            1490.36 |     0.5478448980942175
 AAAAAAAAGIPAAAAA | A                                                                                                                                                                                                        | Sports                                             | guns                                               |            0.87 | 4026.3900000000003 |     1.4800700630972228
 AAAAAAAAGOKBAAAA | Forces seduce. Social publications take ever complex musicians. Excessive characters would not sack other months; rates raise enough different, scientific reports. Only public individuals need ope     | Sports                                             | guns                                               |            0.55 |            5528.25 |      2.032142272933626
 AAAAAAAAHDADAAAA | Activities might not explain tota                                                                                                                                                                        | Sports                                             | guns                                               |            4.83 |            2802.34 |     1.0301186771822577
 AAAAAAAAIHAEAAAA | Confident, keen uses start. There nice we                                                                                                                                                                | Sports                                             | guns                                               |            8.87 |  9934.369999999999 |     3.6517981697578112
 AAAAAAAAIMFDAAAA | Communities must stir professionally old, other shelves; disabled, welsh roads matter industrial, roman concentrations; chosen, evil fortunes ought to produce a                                         | Sports                                             | guns                                               |            4.54 |             185.25 |    0.06809647828172644
 AAAAAAAAIOJDAAAA | Electoral, strong qualities should determine british children. Mass cells                                                                                                                                | Sports                                             | guns                                               |            3.71 |               4708 |     1.7306246680181812
 AAAAAAAAJLOAAAAA | Blue, public changes can travel slightly features; educational talks think unexpectedly scottish characters. Foreign, vulnerable allies deny keys. Brown, chief areas will not reme                      | Sports                                             | guns                                               |            1.66 |            2330.37 |      0.856626127359713
 AAAAAAAAJMCCAAAA | Liberal persons need parties. Reasonably diverse consultants cannot c                                                                                                                                    | Sports                                             | guns                                               |            0.59 | 7132.6900000000005 |      2.621922103510323
 AAAAAAAAKEDAAAAA | Other communities used to say islands. Just long processes could not e                                                                                                                                   | Sports                                             | guns                                               |             0.6 |            1125.08 |    0.41357077346939153
 AAAAAAAAKEPCAAAA | Different, following children rea                                                                                                                                                                        | Sports                                             | guns                                               |            1.94 | 10254.710000000001 |     3.7695526952788283
 AAAAAAAAKLJBAAAA | Social regulations produce short agreements. More legislative hands offer il                                                                                                                             | Sports                                             | guns                                               |            5.05 |            2152.95 |     0.7914078969859266
 AAAAAAAAKMBDAAAA | Thus possible men experience parliamentary signs. Special, beautiful years should speak professio                                                                                                        | Sports                                             | guns                                               |            8.08 |           19615.68 |      7.210573425648019
 AAAAAAAAKNKBAAAA | Meals would need less; always just procedures would point relative parties. Parents use abroad services; true, other clients must w                                                                      | Sports                                             | guns                                               |             1.7 |            1515.24 |     0.5569905951503544
 AAAAAAAALCLBAAAA | Huge children tell. Available names choose at least to a times. Times must not know all concentrations. More su                                                                                          | Sports                                             | guns                                               |             3.8 |            3434.92 |       1.26265023038849
 AAAAAAAALNEDAAAA | Black, literary notes ought to belong however questions. Stan                                                                                                                                            | Sports                                             | guns                                               |            9.62 |  722.4399999999999 |     0.2655633995673438
 AAAAAAAAMGLCAAAA | New, corresponding prisons say reliab                                                                                                                                                                    | Sports                                             | guns                                               |            2.73 |            1222.74 |     0.4494698399686811
 AAAAAAAAMKEDAAAA | Great, pol                                                                                                                                                                                               | Sports                                             | guns                                               |            8.41 |             778.05 |    0.28600520878325103
 AAAAAAAAMMGCAAAA | Black, main children use fairly gently christian units. Clothes could not read tonight to a words; good, wri                                                                                             | Sports                                             | guns                                               |            7.02 |            9999.75 |     3.6758313559929494
 AAAAAAAAMMHDAAAA | In order yellow periods see women. Expectations see. Important, independent dogs can read again tonnes. Possible results might take really blue vehicles. Considerable, social units rais                | Sports                                             | guns                                               |            8.35 |             344.25 |    0.12654365802150783
 AAAAAAAANAHCAAAA | Rates give suitable years. Different, gre                                                                                                                                                                | Sports                                             | guns                                               |           76.87 |             7006.2 |      2.575425350269537
 AAAAAAAANCGBAAAA | Men cook even. Current                                                                                                                                                                                   | Sports                                             | guns                                               |           43.87 |              72.56 |    0.02667249913156313
 AAAAAAAAOCDBAAAA | Previous coins mean often forward likely factors. German charges challenge really social occupations. Specific, special buildings will insert. Priorities go depending on a                              | Sports                                             | guns                                               |            6.53 |  6216.610000000001 |     2.2851781260510844
 AAAAAAAAOFCEAAAA | Other skills get still also big things; full details will venture inherent modules. Legal, internat                                                                                                      | Sports                                             | guns                                               |            0.73 |            3911.61 |     1.4378778159869579
 AAAAAAAAOHFAAAAA | However old needs implement moments. Dark,                                                                                                                                                               | Sports                                             | guns                                               |            4.78 |            4827.99 |     1.7747320711438186
 AAAAAAAAONODAAAA | Mercifully changing servants shall accept                                                                                                                                                                | Sports                                             | guns                                               |            6.88 |              79.79 |   0.029330191644258853
 AAAAAAAAPAEAAAAA | Wet, imaginative men play initially external minutes. Distinguished, new lines shall get with a drivers. Human, rig                                                                                      | Sports                                             | guns                                               |            1.48 |           12043.98 |      4.427274615360581
 AAAAAAAAABGAAAAA | Quicker national courts shall work less soon white ideas. For example vital letters would not pick coun                                                                                                  | Sports                                             | hockey                                             |            2.88 | 13792.119999999999 |       5.25194973891274
 AAAAAAAAADLDAAAA | So legal others ought to dream more arab types. However main pupils know at all types. Total chiefs might not fear then only, military                                                                   | Sports                                             | hockey                                             |            1.92 |             112.68 |    0.04290781232911891
 AAAAAAAAAHDAAAAA | Dealers should implement later for instance back numbers. Small numbers used to endure in general for the documents. Certainly traditional eyes used t                                                   | Sports                                             | hockey                                             |            2.85 |            3822.66 |     1.4556441061237992
 AAAAAAAAAHHDAAAA | Future, appointed movements                                                                                                                                                                              | Sports                                             | hockey                                             |            2.84 |            9687.33 |     3.6888723607582845
 AAAAAAAAAJBBAAAA | Highly new things present then political roses. Immediately controversial things might not stay formal places. Credit                                                                                    | Sports                                             | hockey                                             |            4.55 |             481.92 |    0.18351200672389942
 AAAAAAAAALIDAAAA | Married, essential titles should think meanwhile marginal pubs. Almost elderly measures make solutions. So large faces will not treat tiny, full relations; leg                                          | Sports                                             | hockey                                             |            5.56 |            4323.68 |      1.646429268824679
 AAAAAAAAALNCAAAA | Spatial, good managers could fulfil much spare, implicit visitors. Also local pupils may not bring fundamentally. Constitutional, recent projects move in a con                                          | Sports                                             | hockey                                             |            7.56 |  980.3199999999999 |     0.3732994904373611
 AAAAAAAAAPDCAAAA | Recent differences enable usual, whole problems. Keys appear affairs. Far disciplinary requirements display poor boxes                                                                                   | Sports                                             | hockey                                             |            2.57 |              57.48 |     0.0218880107621384
 AAAAAAAABEBEAAAA | Attempts may not see together. Even de                                                                                                                                                                   | Sports                                             | hockey                                             |            1.73 | 304.57000000000005 |    0.11597827831984157
 AAAAAAAABPKCAAAA | New, open tea                                                                                                                                                                                            | Sports                                             | hockey                                             |            4.09 | 1860.6399999999999 |     0.7085196302099025
 AAAAAAAACBLCAAAA | Rapid fingers will promote ago drivers. Changes admit best still old weeks; moral, remarkable affairs should describe conventional inches. Sources can invest too al                                     | Sports                                             | hockey                                             |           16.29 |               4.98 |  0.0018963516631080245
 AAAAAAAACDCEAAAA | Appropriate, liable schools could not consult simply. There environmental orders spend there moments. Numbers lie linguistic, social systems. New patterns would sh                                      | Sports                                             | hockey                                             |            4.99 |              10550 |      4.017371495138486
 AAAAAAAACFNAAAAA | Good, available areas should hold later owners. Unable projects shoul                                                                                                                                    | Sports                                             | hockey                                             |             6.5 | 10866.729999999998 |      4.137980222499168
 AAAAAAAACGPDAAAA | Authorities escape now eastern, available rooms. Successful dreams will share even very christian toys; used times hear thus. Forms might favour wooden opportunities. The                               | Sports                                             | hockey                                             |            9.23 |            1875.24 |     0.7140792154069662
 AAAAAAAACLFCAAAA | Rigid communications must get controversial cells; situations may release                                                                                                                                | Sports                                             | hockey                                             |            2.49 |            11383.2 |      4.334648644877763
 AAAAAAAACOAAAAAA | Exceptional views may eat operations. Positions sit. Plants take manufacturing, full periods. Proper, necessary competitors sh                                                                           | Sports                                             | hockey                                             |            3.21 |  7413.710000000001 |     2.8230926281728097
 AAAAAAAADBCBAAAA | Clear grounds improve s                                                                                                                                                                                  | Sports                                             | hockey                                             |            2.47 |            5128.47 |      1.952888075040082
 AAAAAAAADCJCAAAA | Eastern views assert for the schools. Economic centuries say with a nations. Great, future officers ought to imagine big, financial procedures; new courts would lead just by a views. Available, o      | Sports                                             | hockey                                             |            9.58 |            1586.61 |     0.6041707855830969
 AAAAAAAAEBECAAAA | Never                                                                                                                                                                                                    | Sports                                             | hockey                                             |            7.19 |            1241.92 |    0.47291507177652964
 AAAAAAAAEHPAAAAA | Val                                                                                                                                                                                                      | Sports                                             | hockey                                             |            6.08 |             733.59 |    0.27934630854205134
 AAAAAAAAFMDCAAAA | Institutions used to shift now external markets. Words could see just slowly financial ways. He                                                                                                          | Sports                                             | hockey                                             |            0.76 |              937.4 |    0.35695583313202045
 AAAAAAAAGCMDAAAA | Other, orange affairs write theoretical republics. National                                                                                                                                              | Sports                                             | hockey                                             |            9.36 |                    |                       
 AAAAAAAAGHFBAAAA | Intense, national ways might compensate combined trains; over concerned miles would see directly wrong, modern measures; inner cards finance previously global, active children. Over sepa               | Sports                                             | hockey                                             |            0.71 |             4410.3 |     1.6794136023705462
 AAAAAAAAGJHBAAAA | Exports might come dogs; doctors would exhibit personal, necessary windows. Similar affairs ought to let priests. Eyes                                                                                   | Sports                                             | hockey                                             |            1.83 |            2854.12 |     1.0868303631947538
 AAAAAAAAGMFCAAAA | Strong, prospective ingredients find once well scottish colleagues. Future cells ought to act h                                                                                                          | Sports                                             | hockey                                             |            0.97 | 1927.6399999999999 |     0.7340327951553317
 AAAAAAAAHMDAAAAA | Other marks fit politically french, cautious losses. Payable efforts give. Letters must not put demanding files. Offenders should not join factors. Right social grounds affect payment                  | Sports                                             | hockey                                             |            1.71 |            3931.83 |      1.497215333244583
 AAAAAAAAIDJCAAAA | Old, true authorities save then ever african efforts. Artists frustrate more than groups. Safe payments shall prove. Clear qualities lift estimated, beautiful proble                                    | Sports                                             | hockey                                             |             7.4 | 2348.9300000000003 |     0.8944572915711511
 AAAAAAAAIFFCAAAA | High relevant farmers must extend then crude patients. Yet human alternatives would balance gladly travellers. Together mutual taxes turn just arts. Thus american years account of course pounds. E     | Sports                                             | hockey                                             |            0.14 |            2739.84 |      1.043313281254998
 AAAAAAAAIHDEAAAA | Lands become so private gains. Isolated libraries fall there visible, new classes. Steps remain women. Companies ruin now. On                                                                            | Sports                                             | hockey                                             |            0.23 |            3704.56 |      1.410672392988647
 AAAAAAAAIIICAAAA | Likely, experienced interests could handle; dreams can write far by a prices. Demands ought to control rather free, usual circumstances. Separate, real games shall tell both fr                         | Sports                                             | hockey                                             |            7.11 |            10224.5 |     3.8934232087244967
 AAAAAAAAINNBAAAA | References ought to come to the houses. English, real companies u                                                                                                                                        | Sports                                             | hockey                                             |            4.77 |             1497.6 |     0.5702763555563408
 AAAAAAAAJIIAAAAA | Certainly various respects should not stay eventually. Others could take much slowly serious attacks; groups must attend to the accounts. Functions may become with the women; trees ought to use        | Sports                                             | hockey                                             |            7.17 |             6620.9 |     2.5211957281670516
 AAAAAAAAKEHBAAAA | Increased, good profits know in a resources. Controls t                                                                                                                                                  | Sports                                             | hockey                                             |           71.64 |            6311.12 |     2.4032335156775733
 AAAAAAAAKJADAAAA | Groups meet only modern years. Prime years used to reinforce windows; significant fruits                                                                                                                 | Sports                                             | hockey                                             |            0.22 |  8630.619999999999 |      3.286484054348067
 AAAAAAAALDFDAAAA | Also young teachers enter harsh, external opinions. Very strong costs wash all right in a estates. At last real grounds shall fight soon later white                                                     | Sports                                             | hockey                                             |             2.8 |            2242.02 |      0.853746657775392
 AAAAAAAALIPDAAAA | Nice pieces come parts. Dollars lie elsewhere without a years. Lakes need then strange costs. Hopefully wide weekends may achieve most days. Specific heroes ensure longer silver, special hours.        | Sports                                             | hockey                                             |            8.74 |            2741.64 |     1.0439987095669645
 AAAAAAAALMNBAAAA | Soviet borders must not convince very normal, great professionals. Aspects must come here colleagues. Services may believe companies. Holes like here just positive pieces; forces produce un            | Sports                                             | hockey                                             |            6.22 |  6471.450000000001 |      2.464286138598479
 AAAAAAAALOCEAAAA | Firms stay bc mothers; red, political demands get really high                                                                                                                                            | Sports                                             | hockey                                             |           29.08 |           19319.64 |      7.356793462780785
 AAAAAAAAMGHAAAAA | Circumstances contribute either sports. Away prime                                                                                                                                                       | Sports                                             | hockey                                             |            2.45 |            2526.17 |     0.9619491326894775
 AAAAAAAAMIODAAAA | Political heels will publish most u                                                                                                                                                                      | Sports                                             | hockey                                             |            3.54 |  8987.720000000001 |     3.4224654155721392
 AAAAAAAAMIPDAAAA | C                                                                                                                                                                                                        | Sports                                             | hockey                                             |            4.68 |            4083.16 |     1.5548408146056547
 AAAAAAAAMLBBAAAA | Huge adu                                                                                                                                                                                                 | Sports                                             | hockey                                             |            8.63 |  4423.530000000001 |      1.684451500463502
 AAAAAAAAMLFBAAAA | Now economic models must intrude cla                                                                                                                                                                     | Sports                                             | hockey                                             |            2.68 |            4752.87 |     1.8098620339430191
 AAAAAAAAMMBAAAAA | British months shake very large meals. Judicial, political beans a                                                                                                                                       | Sports                                             | hockey                                             |            2.77 |            5063.62 |     1.9281936161339466
 AAAAAAAAMMJBAAAA | Individ                                                                                                                                                                                                  | Sports                                             | hockey                                             |            1.55 |            8664.72 |     3.2994691129247706
 AAAAAAAAMPKDAAAA | Men shall charge shapes. Sure, right allegations ought to expect for the police; loose rules could look sudden, gross bodies. Always generous cities agr                                                 | Sports                                             | hockey                                             |            1.75 |            4325.36 |      1.647069001915848
 AAAAAAAANCHDAAAA | Branches reveal early, red girls. Other,                                                                                                                                                                 | Sports                                             | hockey                                             |            1.88 |            1339.44 |     0.5100500545448619
 AAAAAAAANIKAAAAA | Informal, gastric responsibilities must mean bodies. Medical, exciting circumstances will not offer exactly specific injuries; social sports like critical animals. Enough hot topics incorpo            | Sports                                             | hockey                                             |            3.48 | 20789.710000000003 |      7.916586573099102
 AAAAAAAAOBCAAAAA | Almost used positions ought to go for a difficulties. Golden symptoms know; other, brief creditors get ever. Ready, great movements shall restore extremely to                                           | Sports                                             | hockey                                             |           80.87 |            5397.88 |      2.055477653666173
 AAAAAAAAOHEBAAAA | Thousands want. Nowadays wrong events like ago with a systems. Burning officials will criticise windows. Chemicals reduce on the months. Little, old stars reduce                                        | Sports                                             | hockey                                             |            2.37 | 1444.6200000000001 |     0.5501019155741192
 AAAAAAAAOIGBAAAA | Much international doubts will come just all right new years. Often ugly ears should not break hours.                                                                                                    | Sports                                             | hockey                                             |            4.38 | 1114.9499999999998 |     0.4245657202374079
 AAAAAAAAOJFEAAAA | Claims cannot enjoy royal companies. Past illustrations will read widely types. Results reject ame                                                                                                       | Sports                                             | hockey                                             |            9.87 |            4782.32 |     1.8210764027138087
 AAAAAAAAOLGDAAAA | Groups sho                                                                                                                                                                                               | Sports                                             | hockey                                             |            3.32 |             864.24 |     0.3290969801856383
 AAAAAAAAONGBAAAA | Sanctions ought to get wholly significant, other bodies. Particularly open services shall not require in order fruit                                                                                     | Sports                                             | hockey                                             |            4.74 |            9647.08 |     3.6735454221156947
 AAAAAAAAONOAAAAA | Very accurate societies ought to answer but different amazing trees. Concerned minutes must like at least rapid, living heads. Mental, royal products can open so actions. Medi                          | Sports                                             | hockey                                             |            4.61 |            1280.17 |     0.4874804234058232
 AAAAAAAAADDEAAAA | Deep satisfied results save just there open pp.. Nuclear, chosen                                                                                                                                         | Sports                                             | optics                                             |           40.08 |            2927.29 |      1.094263048532394
 AAAAAAAAAECCAAAA | Rough years shall win new days. Fresh citizens keep colours. Financial, national others shake quite possible, informal employer                                                                          | Sports                                             | optics                                             |           15.79 |                419 |    0.15662821836410915
 AAAAAAAAAENCAAAA | Still british knees ought to come much among a sources. Silver charges would not grow years. Small, other things may not attack for a drinks. N                                                          | Sports                                             | optics                                             |            0.51 |            3645.34 |      1.362680452342295
 AAAAAAAAAFKCAAAA | Tragic churches should get underway truly vital mice. Ruthlessly financial problems read sometimes other duties. Enough direct elements help. H                                                          | Sports                                             | optics                                             |            8.63 |              140.3 |    0.05244615521834014
 AAAAAAAAAMFAAAAA | Farmers take minute, social loans. Services put other factories; mass faces follow just short issues. A                                                                                                  | Sports                                             | optics                                             |           81.67 |             497.91 |    0.18612590979874363
 AAAAAAAAANEDAAAA | Late references suit so certainly delightful documents. Deep attitudes would remind this in the answers. Shares say features. New pieces stay conventional, spanish cells. Englis                        | Sports                                             | optics                                             |            2.54 |              210.5 |    0.07868792354569207
 AAAAAAAAANJDAAAA | Shortly young patients might not know otherwise alwa                                                                                                                                                     | Sports                                             | optics                                             |           60.53 |            3005.99 |     1.1236822389506647
 AAAAAAAABDMAAAAA | Young feelings might make political politicians. High bags ought to specify busy, responsible studies. J                                                                                                 | Sports                                             | optics                                             |            3.07 | 16546.260000000002 |       6.18522965248049
 AAAAAAAABFHAAAAA | Gran                                                                                                                                                                                                     | Sports                                             | optics                                             |            4.62 |  8835.689999999999 |     3.3029078346481513
 AAAAAAAABLKDAAAA | Eyes would not tell easily today famous patterns. Following services glance new, creative women. Better primary claims work otherwise. Electronic actions will not state now mental reports.             | Sports                                             | optics                                             |            4.62 |              251.2 |      0.093902168145738
 AAAAAAAABOKDAAAA | Final children require trains.                                                                                                                                                                           | Sports                                             | optics                                             |            8.21 |            3423.51 |     1.2797572120565903
 AAAAAAAACGMDAAAA | However personal drivers ought to become indoors big apparent cars. E                                                                                                                                    | Sports                                             | optics                                             |            7.66 |               2276 |     0.8508014916389318
 AAAAAAAACIMBAAAA | Chronic, sure                                                                                                                                                                                            | Sports                                             | optics                                             |             3.4 |            4154.31 |     1.5529407490028697
 AAAAAAAACMGCAAAA | Small, considerable children manage thus new plants. Much new performances will protect just oddly very awards; new, indian women must no                                                                | Sports                                             | optics                                             |           78.32 |            2873.35 |     1.0740995017577877
 AAAAAAAADLPCAAAA | Low, special circumstances may know. British, other products welcome. Local, ambitious sisters cannot sit positive resources. Months could deposit as rational lips; refugees put more fine students. Cl | Sports                                             | optics                                             |            2.01 |             535.23 |    0.20007666184969486
 AAAAAAAADPABAAAA | Authors would not select yesterday; safely contemporary conservatives earn likely, good departments. Concentrations inform units.                                                                        | Sports                                             | optics                                             |            5.63 |  4260.299999999999 |      1.592561333404807
 AAAAAAAAECAEAAAA | Yet late arts might see to the things. Once again local authorities try now contemporary results. Very tired universities shall not drop clear at a months; following doors                              | Sports                                             | optics                                             |            3.25 |            5013.12 |      1.873976262638384
 AAAAAAAAEFFCAAAA | Special, old arrangements unite to a miles. Minor, small bacteria like s                                                                                                                                 | Sports                                             | optics                                             |           40.41 |            4769.34 |      1.782847797070836
 AAAAAAAAFBNDAAAA | Exactly standard studies must det                                                                                                                                                                        | Sports                                             | optics                                             |            2.22 |               1669 |     0.6238961729109742
 AAAAAAAAFJBEAAAA | Well sorry effects could study. Full, new qualities pay                                                                                                                                                  | Sports                                             | optics                                             |            0.75 |            2290.58 |     0.8562517050607664
 AAAAAAAAFPODAAAA | All right bold governments ought to form total, recent towns. Evenings import hard on a rebels. General, local structures trust under the reasons; extra differences would                               | Sports                                             | optics                                             |            6.58 |                    |                       
 AAAAAAAAGAOCAAAA | Tonight great structures go. Soviet, other decisions change criteria. Minutes progress really widespread shares. Existing, political cases can check really important musicians                          | Sports                                             | optics                                             |           26.34 |              67.65 |    0.02528854170007634
 AAAAAAAAGEADAAAA | Attitudes would acc                                                                                                                                                                                      | Sports                                             | optics                                             |              48 |            1199.13 |    0.44825201786862584
 AAAAAAAAGFAAAAAA | British, good                                                                                                                                                                                            | Sports                                             | optics                                             |            1.47 |            6475.27 |      2.420548934430943
 AAAAAAAAGFGDAAAA | Friends might shake. Well double books could not tell soon police. Current, christian requests can                                                                                                       | Sports                                             | optics                                             |            6.42 |             4649.1 |     1.7379003579870642
 AAAAAAAAGJNDAAAA | Black relations see simply fashionable models. Essential, social thousands o                                                                                                                             | Sports                                             | optics                                             |            0.47 |             654.22 |    0.24455683297892003
 AAAAAAAAHDJDAAAA | Lives used to come everywhere contacts. Absolute pp. could write again open procedures; so available authorities will beco                                                                               | Sports                                             | optics                                             |            4.68 |            5775.78 |     2.1590695252101537
 AAAAAAAAHIBDAAAA | Mechanisms cross never roads. Important, happy emissions shall help elsewhere different, residential writers. Civil, responsible questions would allow by the friends. Lectures believe even             | Sports                                             | optics                                             |            0.59 |           13317.62 |      4.978317645465936
 AAAAAAAAHMIBAAAA | Disputes think late f                                                                                                                                                                                    | Sports                                             | optics                                             |            4.09 |             151.81 |    0.05674875854380766
 AAAAAAAAHOABAAAA | Certain forms aid both human, vocational aspects. New floors could give. Future circumstances go already words; disputes would help as r                                                                 | Sports                                             | optics                                             |            9.81 |             1837.4 |     0.6868465117475279
 AAAAAAAAIDAAAAAA | Already dark quarters demonstrate completely islamic windows; determined statements solve in particular oral relatives. New stations may play old, stro                                                  | Sports                                             | optics                                             |            5.56 |           14135.02 |      5.283873506303222
 AAAAAAAAIOKDAAAA | Main,                                                                                                                                                                                                    | Sports                                             | optics                                             |            0.57 |            2200.83 |     0.8227018659243015
 AAAAAAAAIPMCAAAA | Japanese, future rig                                                                                                                                                                                     | Sports                                             | optics                                             |            5.71 |             637.36 |    0.23825432280799191
 AAAAAAAAJABDAAAA | Growing others might want later active husbands; boys serve                                                                                                                                              | Sports                                             | optics                                             |            1.62 |           19180.22 |      7.169841733727097
 AAAAAAAAJAHDAAAA | Hidden, deep references could help too levels. Future disciplines might bear beautiful, only atti                                                                                                        | Sports                                             | optics                                             |             0.1 |            4056.69 |     1.5164489908245775
 AAAAAAAAKFDBAAAA | Outdoor, wooden hours obtain aside easy arrangements. Existing, great duties persua                                                                                                                      | Sports                                             | optics                                             |            7.08 |             122.85 |    0.04592309457286589
 AAAAAAAAKFGBAAAA | English groups shall imply necessary de                                                                                                                                                                  | Sports                                             | optics                                             |           12.88 |            1565.24 |      0.585109194539948
 AAAAAAAAKFLDAAAA | Most total guidelines will not acquire just genes; available, basic goods shall use as historical roads. Feet make american bits. However other products appear ever. Religious, closed ori              | Sports                                             | optics                                             |             9.4 |            3735.96 |     1.3965555099751246
 AAAAAAAAKIBEAAAA | Weeks shall not talk parents; operat                                                                                                                                                                     | Sports                                             | optics                                             |            4.24 | 2428.2400000000002 |     0.9077109903591037
 AAAAAAAAKJJBAAAA | Twice actual games affect very chief futures. Successful, good passengers would evolve very rights. Au                                                                                                   | Sports                                             | optics                                             |            0.48 |            19579.4 |     7.3190609514039116
 AAAAAAAAKMICAAAA | More accur                                                                                                                                                                                               | Sports                                             | optics                                             |            2.08 |            2048.85 |     0.7658895589386755
 AAAAAAAAKOBBAAAA | Away recent views find better firms. New, traditional details enjoy already. Now full note                                                                                                               | Sports                                             | optics                                             |           98.62 |             108.63 |    0.04060745432194076
 AAAAAAAAKOGBAAAA | Important professionals could hurry nowadays inc                                                                                                                                                         | Sports                                             | optics                                             |            5.36 |            2706.54 |     1.0117435277594176
 AAAAAAAAKPBDAAAA | Fo                                                                                                                                                                                                       | Sports                                             | optics                                             |            1.42 |            7011.88 |     2.6211414601024576
 AAAAAAAALAEBAAAA | Men learn now. So conscious characteristics used to take now wide able difficulties. Favorite companies could not see white writers. Black,                                                              | Sports                                             | optics                                             |           83.84 |  6763.200000000001 |     2.5281813041530863
 AAAAAAAALNEAAAAA | Bad, english molecules shall not hear also decisive, base services. German, white processe                                                                                                               | Sports                                             | optics                                             |            9.53 |           13266.15 |      4.959077420169515
 AAAAAAAAMEHCAAAA | Others thank however private, existing goods. Early efficient grounds influence able, long heads. Independent, old men confirm sure on a                                                                 | Sports                                             | optics                                             |            1.21 |  9188.039999999999 |      3.434621325675822
 AAAAAAAAMFBCAAAA | True, lesser windows attempt friends. Slow studies will play. Years find more nervous pp.; services                                                                                                      | Sports                                             | optics                                             |            1.62 |  5159.410000000001 |     1.9286615658949129
 AAAAAAAAMIKCAAAA | Police remove comprehensive sisters. Now independent colleagues say only healthy margins; very d                                                                                                         | Sports                                             | optics                                             |            1.75 |            8239.51 |     3.0800471873347517
 AAAAAAAAMJACAAAA | Again new homes might not win nuclear, australian investments. Giant,                                                                                                                                    | Sports                                             | optics                                             |            1.86 |           10671.14 |     3.9890254083865866
 AAAAAAAAMMPBAAAA | Automatically individual councils will keep still legal changes. High transactions should sell more. Rates should not object jobs. Guidelines might                                                      | Sports                                             | optics                                             |            3.83 |           10929.15 |      4.085473252348696
 AAAAAAAANDJDAAAA | Local roses could not wear swe                                                                                                                                                                           | Sports                                             | optics                                             |            2.97 |            3853.65 |      1.440549722431621
 AAAAAAAAOGODAAAA | More real eyes reflect arms. Firm, technical ma                                                                                                                                                          | Sports                                             | optics                                             |            3.75 |            3444.46 |     1.2875886229747957
 AAAAAAAAOHIDAAAA | Video-tape                                                                                                                                                                                               | Sports                                             | optics                                             |            2.84 |           10172.36 |     3.8025742800914784
 AAAAAAAAOMCDAAAA | Of course great teachers mean only efficient forms. Both alo                                                                                                                                             | Sports                                             | optics                                             |            0.73 |            1058.35 |    0.39562643175573964
 AAAAAAAAPBPAAAAA | Other, unemployed reactions can proceed there organisations; by now able days look at the strategies. Most other animals ought to call orthodox others. Round                                            | Sports                                             | optics                                             |            1.02 |            3377.13 |     1.2624197018710834
 AAAAAAAAPKHCAAAA | Features may overwhelm almost new, wet factors. Japanese, current operations shall follow meanwhile absolute places. Ev                                                                                  | Sports                                             | optics                                             |            5.49 |                    |                       
 AAAAAAAAADCDAAAA | Inc, easy banks can snatch even for a programmes; in particular free details would support together ago global                                                                                           | Sports                                             | outdoor                                            |            0.22 |             3119.4 |     0.9482300845008155
 AAAAAAAAAEKCAAAA | Political, y                                                                                                                                                                                             | Sports                                             | outdoor                                            |            2.41 | 1287.0600000000002 |    0.39123838320113474
 AAAAAAAAAGBAAAAA | Now male measures come most convenient responsibil                                                                                                                                                       | Sports                                             | outdoor                                            |           11.94 |            6727.16 |     2.0449110390621614
 AAAAAAAAAJBAAAAA | Different meetings shall not give ordinary, full wages; ne                                                                                                                                               | Sports                                             | outdoor                                            |            2.72 |             521.28 |      0.158457837548434
 AAAAAAAAAKICAAAA | Words raise closely categories. Large executives help most in a investors. Severe, sure parents divide                                                                                                   | Sports                                             | outdoor                                            |            6.87 |            5709.41 |     1.7355370669839716
 AAAAAAAAAPMBAAAA | Main, african conventions persuade romantic, elderly users. Diffe                                                                                                                                        | Sports                                             | outdoor                                            |            6.45 |            8729.25 |      2.653503066336072
 AAAAAAAABCICAAAA | Only rich cells oug                                                                                                                                                                                      | Sports                                             | outdoor                                            |            7.16 |            2337.29 |      0.710485572290476
 AAAAAAAABFPBAAAA | Special hands reduce only. Victims cannot build even rational, initial centuries. Simple, widespread wives shall enhanc                                                                                  | Sports                                             | outdoor                                            |            9.37 |            6163.42 |     1.8735462805071539
 AAAAAAAABHHBAAAA | Rational, royal bishops shall not adm                                                                                                                                                                    | Sports                                             | outdoor                                            |            6.97 |            3977.53 |      1.209083031353635
 AAAAAAAABPADAAAA | Curious clergy provide. Federal, national institutions attend very elements; differences lift about                                                                                                      | Sports                                             | outdoor                                            |             9.8 |            9761.53 |     2.9672938439306424
 AAAAAAAACAPAAAAA | Extensive, main instruments let there then sensitive measures. Industrial countries sha                                                                                                                  | Sports                                             | outdoor                                            |            7.33 |            1134.56 |     0.3448816838722976
 AAAAAAAACBNAAAAA | Very main hands may not confirm finally; other, local consequences read from time to time alone members. Equal, catholic years will not place                                                            | Sports                                             | outdoor                                            |             3.6 |               9.75 |  0.0029637889734830257
 AAAAAAAACFECAAAA | Male, representative diseases                                                                                                                                                                            | Sports                                             | outdoor                                            |            1.93 |            1341.27 |    0.40771704989370033
 AAAAAAAACFOCAAAA | Confident values could not meet others; local detai                                                                                                                                                      | Sports                                             | outdoor                                            |            0.62 | 13693.820000000002 |      4.162624894447316
 AAAAAAAACJAAAAAA | Highly available bodies could not think up a sequences. Patients could become. Social voters may not allow. Past, recent meals say ago there competent terms. Primary,                                   | Sports                                             | outdoor                                            |            9.46 |            2394.54 |     0.7278883331860558
 AAAAAAAACNKAAAAA | Years run constantly warm,                                                                                                                                                                               | Sports                                             | outdoor                                            |            1.54 |            5196.75 |     1.5796995228664528
 AAAAAAAACOJAAAAA | Cattle appoint very hot stones. Pleasant miles withhold then bad investors. Formidable acids protect all right observations. Companies use there; in addition                                            | Sports                                             | outdoor                                            |            1.67 |             8063.7 |      2.451190271330777
 AAAAAAAADALCAAAA | Upper, model problems seem. Societies might need therefo                                                                                                                                                 | Sports                                             | outdoor                                            |           26.59 | 2612.8399999999997 |     0.7942468083564501
 AAAAAAAAEFBEAAAA | Lovers hope. However empty forms take really temporary troops. Simple prices shall look. New comments used to eat very makers. Enough bad men last only with a                                           | Sports                                             | outdoor                                            |            3.69 |            1571.58 |     0.4777263051227132
 AAAAAAAAEGOCAAAA | Free enquiries see today christian groups. New, international relation                                                                                                                                   | Sports                                             | outdoor                                            |            8.94 |             2266.3 |     0.6889061487799572
 AAAAAAAAENJAAAAA | Successful, free seconds target. Days                                                                                                                                                                    | Sports                                             | outdoor                                            |            1.43 |            1397.26 |    0.42473679806039927
 AAAAAAAAFDODAAAA | Problems show. Most only methods ought to allow twice serious broad markets. Small colleges could attract supposedly enough                                                                              | Sports                                             | outdoor                                            |           42.28 |            1049.48 |    0.31901920532215033
 AAAAAAAAFEAEAAAA | Lakes join                                                                                                                                                                                               | Sports                                             | outdoor                                            |           81.07 |  7558.429999999999 |       2.29759912726598
 AAAAAAAAFIDDAAAA | Developments ought to shout rare, green projects. Patient, northern patients cause as rarely different reasons; progressive, differ                                                                      | Sports                                             | outdoor                                            |            1.62 |             3705.4 |     1.1263614012660517
 AAAAAAAAFJLDAAAA | Miles compensate more everyday, labour styles. Traditional, cheap powers can use in a colours. Local types gener                                                                                         | Sports                                             | outdoor                                            |            0.71 |            2453.16 |     0.7457075444297045
 AAAAAAAAFLPAAAAA | Significantly labour drugs can exist also in a profits. Other, mental jobs shall think at once acceptable procedures. British, able levels would speak there pretty bloody mat                           | Sports                                             | outdoor                                            |            9.72 |             432.92 |    0.13159830998977143
 AAAAAAAAGCDAAAAA | Lovely ears used to learn narrow policies. Tools would alter now considerable lives. Great, political circumstance                                                                                       | Sports                                             | outdoor                                            |            3.78 | 5452.0199999999995 |     1.6572960778675823
 AAAAAAAAGEGEAAAA | However early companies may not find in a women. Hands go else unusual lands. Labour leaders could store. Concerned sentences add at all in a belief                                                     | Sports                                             | outdoor                                            |             9.3 |            4409.45 |     1.3403773629871516
 AAAAAAAAGEIBAAAA | Of course scottish forms devote                                                                                                                                                                          | Sports                                             | outdoor                                            |            9.17 |            1109.31 |     0.3372062303768672
 AAAAAAAAGEOBAAAA | Contracts will not earn difficult, french hours. Visible, nearby companies come in short perceptions. So regulatory                                                                                      | Sports                                             | outdoor                                            |            2.39 |             260.95 |    0.07932315206465596
 AAAAAAAAGFADAAAA | New, regional streets must answer more boards. Public, invisible facilities shall not depend partly like a tiles. Rural, only countries                                                                  | Sports                                             | outdoor                                            |            0.52 |                726 |    0.22068828664088994
 AAAAAAAAGKCCAAAA | Video-taped walls could call years. Ordinary flights accept once. Fast white shareholders might not bring full effects. Important, adminis                                                               | Sports                                             | outdoor                                            |            3.46 |            2723.84 |     0.8279884059007184
 AAAAAAAAGLCBAAAA | Gains would not pass never available thoughts. Negative, economic prizes withdraw mature, traditional                                                                                                    | Sports                                             | outdoor                                            |            9.34 |            1598.26 |    0.48583644766758777
 AAAAAAAAGMEAAAAA | Total, good pp. develop usually difficult films; m                                                                                                                                                       | Sports                                             | outdoor                                            |            7.38 |            7785.16 |      2.366520139979601
 AAAAAAAAGPPCAAAA | New officials can see always familiar, straight departments. Weak comparisons might cut. Remarks must not put only local, high pools. Functions may come desperate, legal teeth. Further front win       | Sports                                             | outdoor                                            |            0.17 |  4644.470000000001 |     1.4118183562741244
 AAAAAAAAHFJBAAAA | Centrally liberal women write at least final, mature workers. Never rare miles used to go less social flights. Local hands must not w                                                                    | Sports                                             | outdoor                                            |            1.25 |            1148.64 |     0.3491616991283634
 AAAAAAAAHJECAAAA | Then evolutionary questions mean with a systems. Main, full nights will seem today heavy days; almost automatic standards could dispel at least corresponding national contributions; instruments m      | Sports                                             | outdoor                                            |            6.58 |            7553.32 |      2.296045797865519
 AAAAAAAAHNGCAAAA | Thoughts create to                                                                                                                                                                                       | Sports                                             | outdoor                                            |            5.17 |            3232.32 |     0.9825553204890928
 AAAAAAAAHODBAAAA | Comprehensive cat                                                                                                                                                                                        | Sports                                             | outdoor                                            |            8.24 |            9433.65 |      2.867625420481861
 AAAAAAAAIEFAAAAA | Old, difficult leg                                                                                                                                                                                       | Sports                                             | outdoor                                            |            2.92 | 3729.0499999999997 |     1.1335504893914745
 AAAAAAAAIFHCAAAA | Perfect, organisational metres must state merely rights. Coherent, free words might tell much young transa                                                                                               | Sports                                             | outdoor                                            |            4.52 |           16887.77 |      5.133516565406917
 AAAAAAAAJDHDAAAA | Years continue deposits. Basic prizes lose almost a                                                                                                                                                      | Sports                                             | outdoor                                            |            2.74 |            1370.88 |    0.41671784902240105
 AAAAAAAAJIGCAAAA | New, important numbers fall. Properly small products can give natural, working cases. Other, long things ask now. Real groups could form as interesting, high shops. Other, d                            | Sports                                             | outdoor                                            |           83.21 |           17251.28 |      5.244015737689051
 AAAAAAAAKAHDAAAA | Overall, primary churches raise for instance local, specified men. Major subjects give at once national, active units. Chemical, human families might not manufact                                       | Sports                                             | outdoor                                            |            8.96 |            1013.74 |     0.3081550188696085
 AAAAAAAAKBIBAAAA | Plans occur much previous customs. Yet cold times could not cover very possible necessary activities. Local police may offer anyway public changes. Movements go                                         | Sports                                             | outdoor                                            |            1.64 |            5282.98 |      1.605911576526293
 AAAAAAAAKDBCAAAA | Frequently noble passages find often p                                                                                                                                                                   | Sports                                             | outdoor                                            |            0.24 |            5123.79 |     1.5575212619941121
 AAAAAAAAKKBBAAAA | Locally different agencies let names. Backwards new jobs continue requirements.                                                                                                                          | Sports                                             | outdoor                                            |            9.04 |             447.04 |    0.13589048438008738
 AAAAAAAAKKNBAAAA | New objectives must not walk full, able sounds. New times tell therefore differ                                                                                                                          | Sports                                             | outdoor                                            |            3.16 |            1198.08 |    0.36419038906159423
 AAAAAAAAKOKDAAAA | Dates must not wear also only results. Biological levels add there great acts; middle, capable windows could generate sensibly for a prices. Psyc                                                        | Sports                                             | outdoor                                            |            8.65 |            3453.12 |     1.0496737415501236
 AAAAAAAAKPGAAAAA | Complex, rapid shops can persuade increasing, other industries. As real columns think yet. Ma                                                                                                            | Sports                                             | outdoor                                            |            9.14 |           10915.85 |      3.318182140122532
 AAAAAAAALKHAAAAA | Hard eyes ought to make very various boots. Small, aware weeks may say always yet other laws. Special companies count more warm models. Alternat                                                         | Sports                                             | outdoor                                            |            3.48 |               6769 |     2.0576294934878567
 AAAAAAAALMBBAAAA | Prices leave later early shares; alone, brave men should forget only services. Front, long liabilities must not make much low essential appeals. Americans follow there necessary, chri                  | Sports                                             | outdoor                                            |            0.12 |            8345.77 |     2.5369334462795314
 AAAAAAAALPCDAAAA | Now british bishops could not signal with the reactions. Still odd forces ask then managers. Long, technical databases could know in addition. Available, international boys should appear most. Impo    | Sports                                             | outdoor                                            |            3.64 |            8746.25 |     2.6586706983924016
 AAAAAAAAMHLCAAAA | Basic, respectable managers consider so quite holy backs; christian, good troops may not get                                                                                                             | Sports                                             | outdoor                                            |            4.98 |            1381.71 |     0.4200099346206391
 AAAAAAAAMIOAAAAA | Cameras put contents. Local units love by a boys. Cases put old days. Procedures should not make only new, spec                                                                                          | Sports                                             | outdoor                                            |            2.74 | 5453.5599999999995 |     1.6577642045362144
 AAAAAAAAMJLDAAAA | Political sources should occur often through a changes. Substantially firm objec                                                                                                                         | Sports                                             | outdoor                                            |            6.12 |             644.62 |    0.19595052800888493
 AAAAAAAAMKIBAAAA | Dangers might not call satisfactory firms. Large conditions give in a managers. Little, busy cases stuff just inside a substances. T                                                                     | Sports                                             | outdoor                                            |           97.44 |            9485.25 |      2.883310703664602
 AAAAAAAAMLMAAAAA | Years spend dimly parliamen                                                                                                                                                                              | Sports                                             | outdoor                                            |            6.43 |           11229.47 |     3.4135158322111216
 AAAAAAAANBCAAAAA | Today small discussions go over most red floors. Towns might coinc                                                                                                                                       | Sports                                             | outdoor                                            |            5.99 |            4109.91 |      1.249323686154628
 AAAAAAAANJNCAAAA | Entire companies could not drink then rightly other men. Angry, wooden problems stick also p                                                                                                             | Sports                                             | outdoor                                            |            5.68 |             1713.6 |     0.5208973112780013
 AAAAAAAANOABAAAA | Annual, numerous principles fly philosophical feet. As general effects may giv                                                                                                                           | Sports                                             | outdoor                                            |            7.98 |            2217.53 |     0.6740811243454169
 AAAAAAAAOEEEAAAA | Sound drugs go in full small, ultimate effects. Accordingly existing men might not make about.                                                                                                           | Sports                                             | outdoor                                            |            5.37 |           10204.61 |      3.101980574019961
 AAAAAAAAOENBAAAA | Too great sectors may call now so similar institutions. Sources should focus. Honestly excellent individuals                                                                                             | Sports                                             | outdoor                                            |            9.92 |           13972.39 |      4.247304145149179
 AAAAAAAAOFOCAAAA | Agents stay recent opportunities. Serious, new terms ought to respond always gentle, empty functions. Legal, different unions risk deep difficul                                                         | Sports                                             | outdoor                                            |            2.08 |  6421.669999999999 |      1.952048691009922
 AAAAAAAAOMEBAAAA | Special, impossible qu                                                                                                                                                                                   | Sports                                             | outdoor                                            |            1.72 |  7796.620000000001 |       2.37000373194228
 AAAAAAAAPBKCAAAA | General, deep nurses could attempt months. Tender writers manage most only boots. Guilty, local others ought to apologise then very basic weeks; just ambiti                                             | Sports                                             | outdoor                                            |            1.89 |           10512.77 |        3.1956545442834
 AAAAAAAAABPBAAAA | Technical changes insert here whole hundreds. Main outcomes will meet. Once trad                                                                                                                         | Sports                                             | pools                                              |           51.06 |            4647.79 |     1.5507747701167818
 AAAAAAAAAIECAAAA | Questions would intend useful policies. Quite likely girls go. Assessments ought to comply never interesting photographs. Further great friends cannot set. Experienc                                    | Sports                                             | pools                                              |            2.82 |           10804.61 |     3.6050502688270085
 AAAAAAAAAKEDAAAA | Social, high decisions might see better also professional limitations. Years might need all                                                                                                              | Sports                                             | pools                                              |            5.58 |           15994.64 |      5.336748039197271
 AAAAAAAAAKKCAAAA | Major, junior improvements can see. Poor, free rocks could expect again; also indirect options ought to no yesterday. Subject, cultural effects shall put largely. By now real steps work                | Sports                                             | pools                                              |            0.63 |             169.92 |   0.056695257087399295
 AAAAAAAAALKCAAAA | Experts study local flowers. Foreign minutes fly environmentally. European days could help olympic clients; popular, constant sports cannot hope equally figu                                            | Sports                                             | pools                                              |           65.56 |             731.43 |    0.24404785717653288
 AAAAAAAAAMEEAAAA | So long approaches must escape too full whole contracts. Individual, ame                                                                                                                                 | Sports                                             | pools                                              |             1.3 | 12227.220000000001 |      4.079716227425791
 AAAAAAAAAMGBAAAA | Just strange inches deny to the signs. Afterwards christian systems ought to go loo                                                                                                                      | Sports                                             | pools                                              |            7.54 |            3397.25 |     1.1335214344407207
 AAAAAAAAANICAAAA | Producers will not prove well average, possible friends; secondary, effici                                                                                                                               | Sports                                             | pools                                              |            3.99 |            6164.36 |     2.0567912840117746
 AAAAAAAAAOPCAAAA | Legal, major quarters must not aid almost never foreign appointments. Very transactions would use written, dangerous materials; mechanical, large suggestions play today; essential                      | Sports                                             | pools                                              |            5.36 |            7133.43 |     2.3801297537957082
 AAAAAAAACECCAAAA | Homes make most positive votes. Theoretical, average wheels prepare more than letters. Specially great notions afford to a consultants. Distant, new boys could not adopt t                              | Sports                                             | pools                                              |            1.03 |            2728.37 |     0.9103439181941362
 AAAAAAAACGFDAAAA | Natural, heavy buyers may not face powerful tests; crucial, possible stairs help sections. Years may resign great others; sim                                                                            | Sports                                             | pools                                              |            9.09 |            2544.13 |     0.8488706709849645
 AAAAAAAACILCAAAA | Rights shall not go calmly suitable sha                                                                                                                                                                  | Sports                                             | pools                                              |            4.56 |            6152.17 |      2.052723986554763
 AAAAAAAACJNCAAAA | Years could not seem ever by a yards. Years should stop against the professionals. Only old types shall provide ships. Reliable phases used to cease locally large, mere wages. Men put lights. Comm     | Sports                                             | pools                                              |            1.65 |             521.16 |    0.17388947848204458
 AAAAAAAACKCDAAAA | High, middle policies draw however. Natural forests know alternative families. Hundre                                                                                                                    | Sports                                             | pools                                              |            4.92 | 1950.1599999999999 |     0.6506875150751096
 AAAAAAAACNJCAAAA | Good in                                                                                                                                                                                                  | Sports                                             | pools                                              |            1.75 |  7896.539999999999 |      2.634747913141078
 AAAAAAAACPKCAAAA | Practical, interesting humans give extraordinarily homes. Events might think records. Olympic talks call most holes. Financial, wide laws seem also g                                                    | Sports                                             | pools                                              |            8.85 |            8169.07 |     2.7256798717923787
 AAAAAAAADIIAAAAA | Of course extended workers cook shortly travellers; hard independent plants could come. Free, fundamental devices gather very drawings. Real, cer                                                        | Sports                                             | pools                                              |            6.91 | 16428.629999999997 |       5.48155250378861
 AAAAAAAADMLCAAAA | Horses gauge exact, only shares. Able, smooth prices may not live as still tiny questions. Legal accounts shall find dead genuinely apparent thousands. Much good parts could damage just i              | Sports                                             | pools                                              |            3.82 |  8803.510000000002 |     2.9373661883326903
 AAAAAAAAEBPDAAAA | Years take indeed fo                                                                                                                                                                                     | Sports                                             | pools                                              |            0.64 |             397.44 |    0.13260924539086616
 AAAAAAAAEFIAAAAA | Past matters undermine there great, continuous heads. Cool offenders can call for a animals. Areas carry assets. Left prices must ruin still; quarters shall not attempt long. States balance. Pa        | Sports                                             | pools                                              |            0.66 |            4357.87 |     1.4540404896625752
 AAAAAAAAEFODAAAA | Proudly theoretical ministers get other                                                                                                                                                                  | Sports                                             | pools                                              |            5.21 | 3720.7699999999995 |     1.2414666414376332
 AAAAAAAAEMBDAAAA | Modest, western boards see teenage phases. Employers shall not come human, full components; possible, weak levels like well previous, other patients; closely steep points                               | Sports                                             | pools                                              |            1.94 | 1266.3899999999999 |     0.4225418233457603
 AAAAAAAAEOCAAAAA | Still pregnant decades could rid at a years. Children exercise more heavy route                                                                                                                          | Sports                                             | pools                                              |             6.7 |           11650.64 |     3.8873353933188426
 AAAAAAAAEPHDAAAA | So direct friends spread well aware groups. Hard, rural regions make so healthy affairs. Active jobs should come just about likely things; locations shall not speak today. Tear                         | Sports                                             | pools                                              |            3.47 |             6949.4 |     2.3187265748774286
 AAAAAAAAFJCDAAAA | Democratic, linguistic weapons submit proposals. Electoral words characterize into the things; revolutionary boats mu                                                                                    | Sports                                             | pools                                              |            0.95 |  797.0999999999999 |     0.2659592127140182
 AAAAAAAAFPIDAAAA | Even mental times could form just common sure things. African points question in a types; national things shall abandon then again                                                                       | Sports                                             | pools                                              |            4.25 |           12879.32 |      4.297294953571583
 AAAAAAAAGAICAAAA | Clients see. Subjective, old pieces would admit scarcely more english ends. Here general boundaries must fight genuine, traditional questions. Here                                                      | Sports                                             | pools                                              |            6.75 |            1442.55 |     0.4813191096482336
 AAAAAAAAGJEBAAAA | Now darling lines bring now. Early generous parties influence currently. Good, warm courses mean penalties. Financial features may exercise mainly acceptable y                                          | Sports                                             | pools                                              |            0.93 |            1292.76 |    0.43134039873061625
 AAAAAAAAGLIBAAAA | Shy recommendations would wa                                                                                                                                                                             | Sports                                             | pools                                              |            2.19 |            5116.38 |     1.7071238197788843
 AAAAAAAAGPLCAAAA | Acti                                                                                                                                                                                                     | Sports                                             | pools                                              |             0.6 |             958.75 |     0.3198951137743884
 AAAAAAAAHHBBAAAA | Recently live                                                                                                                                                                                            | Sports                                             | pools                                              |            1.04 | 2858.6899999999996 |     0.9538262975704889
 AAAAAAAAIBGCAAAA | Glad, bloody hours may meet together during a legs; extreme stores allow mainly. Problems must not discuss just good contracts. At first complete days advise never human objectives. Royal              | Sports                                             | pools                                              |           68.58 |              192.7 |    0.06429599835653158
 AAAAAAAAIDHBAAAA | Anyway simple contracts may get following jobs. Nearby                                                                                                                                                   | Sports                                             | pools                                              |            5.06 |              874.4 |    0.29175101693280336
 AAAAAAAAIFGAAAAA | Hills know; almost young lectures must secure mental lovers. Soviet lines mind civil politicians. Canadian, long difficulties lead likely, old exceptions. Pockets used to pay outside improved,         | Sports                                             | pools                                              |            9.28 |             3369.7 |      1.124329141992758
 AAAAAAAAIKIDAAAA | We                                                                                                                                                                                                       | Sports                                             | pools                                              |            5.65 |            2954.72 |     0.9858675260197767
 AAAAAAAAIONCAAAA | New towns cou                                                                                                                                                                                            | Sports                                             | pools                                              |            7.08 |            1986.92 |     0.6629528025664748
 AAAAAAAAJCGCAAAA | Then conscious states must indicate for example movements. Exactly present buses cann                                                                                                                    | Sports                                             | pools                                              |             4.4 |            1589.84 |     0.5304636742457092
 AAAAAAAAJNIBAAAA | Other, new                                                                                                                                                                                               | Sports                                             | pools                                              |            0.61 | 15243.619999999999 |      5.086163811456107
 AAAAAAAAJOHBAAAA | Religious, romantic services would not fire then harshly nervous factors. Directions could make only normal areas; typical, clear services achieve. Spirits ans                                          | Sports                                             | pools                                              |            4.25 | 8030.9400000000005 |     2.6795916193119025
 AAAAAAAAKFBDAAAA | As well bizarre ears enable distinctive schools. New, complex researchers administer relat                                                                                                               | Sports                                             | pools                                              |            1.97 |            7185.84 |     2.3976167972511613
 AAAAAAAAKGCCAAAA | Fine cells enjoy additional tables. Prime, positive books could not think due off a babies. Teams lie parents. Ago chie                                                                                  | Sports                                             | pools                                              |            1.04 | 14802.300000000001 |      4.938913629854111
 AAAAAAAAKPECAAAA | Again political                                                                                                                                                                                          | Sports                                             | pools                                              |             6.1 |              55.08 |   0.018377911725364602
 AAAAAAAALDBBAAAA | British accidents may not aid findings; financially old workers say very together new frames. Different teachers continue very immediate, individual feet. More old words get often effective,           | Sports                                             | pools                                              |             0.9 | 6541.7300000000005 |      2.182704002744542
 AAAAAAAALGLAAAAA | Police come costly premises; countries should reflect of course for a writers. Early styles continue more efficient, emotional workers. Forward difficult bills savour again                             | Sports                                             | pools                                              |            8.18 | 13909.109999999999 |     4.6408931691791215
 AAAAAAAALMIAAAAA | Almost domestic cars launch twice goods. Shops produce most with a paper                                                                                                                                 | Sports                                             | pools                                              |             1.4 |            9925.65 |     3.3117777690062664
 AAAAAAAAMFDDAAAA | Payment                                                                                                                                                                                                  | Sports                                             | pools                                              |            4.41 |            7019.75 |     2.3421994523262195
 AAAAAAAAMFPDAAAA | Dead, established plants help as. About early texts ask standard cards. Adults will not incorporate moderately like politicians. Aspects mind goo                                                        | Sports                                             | pools                                              |            2.62 |           20404.74 |       6.80821551378025
 AAAAAAAAMHNAAAAA | Roc                                                                                                                                                                                                      | Sports                                             | pools                                              |             3.2 |            6026.65 |     2.0108431681130825
 AAAAAAAANOGBAAAA | Average parents used to go quickly subject shadows. Slow leader                                                                                                                                          | Sports                                             | pools                                              |            3.15 |              17.86 |    0.00595914131109317
 AAAAAAAAOCGDAAAA | Brilliant reductions would judge positive gentlemen; fairly free shares make basic sources. Never initial relationships would get immediately divine essential insects. Men used                         | Sports                                             | pools                                              |            0.74 |            7403.94 |      2.470387722220334
 AAAAAAAAOFPBAAAA | Thousands raise more european cards. Shares turn for a minds. Mechanical m                                                                                                                               | Sports                                             | pools                                              |            1.39 |            1048.84 |      0.349954410567019
 AAAAAAAAONLAAAAA | Likely days quit now however difficult feelings. Different problems draw massive prices. Streets get; groups give only hot pupils. Main parents may restrict also. Cultural words ough                   | Sports                                             | pools                                              |            1.39 |             970.83 |    0.32392570879331367
 AAAAAAAAAAJCAAAA | Closer bad shares could make for                                                                                                                                                                         | Sports                                             | sailing                                            |            3.73 |            4360.99 |     1.9988862863939887
 AAAAAAAAAGHBAAAA | Old, mean weeks cannot remain hardly dirty regulati                                                                                                                                                      | Sports                                             | sailing                                            |             7.9 |             109.76 |   0.050309163468525306
 AAAAAAAAAKDBAAAA | Empty, domestic times could stand by the charges; moving, bad talks shall not explain long, easy communities; p                                                                                          | Sports                                             | sailing                                            |             0.7 |            9988.92 |      4.578482226257488
 AAAAAAAABBEBAAAA | Ready, small events go just in a machines. Mostly only ideas will accomplish always. Powerful women leave there misleading, present a                                                                    | Sports                                             | sailing                                            |            2.33 |            6558.68 |      3.006210862406592
 AAAAAAAABCBDAAAA | National, other days must issue furthermore level manuf                                                                                                                                                  | Sports                                             | sailing                                            |            1.14 |            8537.73 |     3.9133204648335695
 AAAAAAAACDMCAAAA | Too low case                                                                                                                                                                                             | Sports                                             | sailing                                            |             0.1 |            5936.97 |      2.721246303186322
 AAAAAAAACHCCAAAA | Dry officers try. Already political points can include little studies. Local prospects ought to show close separate, central sports. Fruits                                                              | Sports                                             | sailing                                            |            0.35 |           11597.59 |      5.315825903343062
 AAAAAAAACOKCAAAA | Ago only angles might not rely to a parties; groups used to find shallow, original families; english, possible conditions must observe enough real conditions. Too visual patients used to               | Sports                                             | sailing                                            |             0.1 |           10630.57 |      4.872586405736161
 AAAAAAAADIBBAAAA | Mutual, important countries make sound men. Frames shall not find. Too growing friends might                                                                                                             | Sports                                             | sailing                                            |            5.38 |           17793.75 |      8.155873519206198
 AAAAAAAAEBHBAAAA | Areas assist often also solar women. Areas achieve. Proceedings must not succeed degrees. Arrangements mark traditional, confident pages; always royal increases should work even pounds. Only,          | Sports                                             | sailing                                            |            4.74 | 19468.350000000002 |      8.923436612722893
 AAAAAAAAEHPCAAAA | Rights should settle l                                                                                                                                                                                   | Sports                                             | sailing                                            |            7.52 |            4720.54 |     2.1636882153763892
 AAAAAAAAGKLBAAAA | Here perfect customers might not confirm high all but little feet. Common, foreign writings work. National, special leaders plan also imperial, regular students; whole, private metres might            | Sports                                             | sailing                                            |            5.73 |             460.43 |     0.2110408904501923
 AAAAAAAAGKNDAAAA | Absent, new agencies would not produce in a names. Quickly friendly wings remember previous times. Times shall care obvious hundreds. Net groups may not rest right pupils. Tiny, sweet costs aff        | Sports                                             | sailing                                            |            4.71 |             6759.8 |      3.098395437450231
 AAAAAAAAHLKDAAAA | Years face. Together equal measures might see pensioners. Crazy movements bring so sure, minimum directions. Losses may not hide; facilities                                                             | Sports                                             | sailing                                            |            9.66 |            2067.84 |     0.9478070388735002
 AAAAAAAAHMHCAAAA | Fit, contemporary proceedings keep developments. Careful methods rec                                                                                                                                     | Sports                                             | sailing                                            |            8.22 |             104.06 |   0.047696533805892345
 AAAAAAAAIINAAAAA | Beautiful allegations become also even local workers. French, german countries should understand to a days; favorite, different supporters                                                               | Sports                                             | sailing                                            |            7.14 |            13124.2 |      6.015556880408345
 AAAAAAAAJFDCAAAA | Remarkable, impossible women write a                                                                                                                                                                     | Sports                                             | sailing                                            |            6.91 |            9514.84 |      4.361184775299411
 AAAAAAAAJHJAAAAA | Years might develop special                                                                                                                                                                              | Sports                                             | sailing                                            |           95.43 | 1576.6799999999998 |     0.7226808660491478
 AAAAAAAAJHPAAAAA | British, obvious forces could reach high things. So faint interests appeal also. Civil, happy affairs get however. Popular, pleased railways know cleverly nice payments. Consumers know                 | Sports                                             | sailing                                            |             8.7 |           11960.58 |      5.482204577244665
 AAAAAAAAJKGAAAAA | Thin eyes make. Ways ought to combat. Articles see as smal                                                                                                                                               | Sports                                             | sailing                                            |            8.87 | 4524.1900000000005 |      2.073689998839901
 AAAAAAAAKLLAAAAA | Economic, delighted children say yet difficult plans. Years find unable payments. Strong resources build too of course specified months. Units could ignore direct prizes. Immediately light             | Sports                                             | sailing                                            |            1.05 |            7849.72 |     3.5979668974321473
 AAAAAAAAKMLBAAAA | English friends make historical, individual consumers. Consequently cons                                                                                                                                 | Sports                                             | sailing                                            |             2.1 |            7312.01 |      3.351504249029626
 AAAAAAAAKOGCAAAA | Too major speeches attend lights. Common, large towns help also. Necessary, labour rates see pri                                                                                                         | Sports                                             | sailing                                            |            8.24 |            1210.96 |     0.5550508800459676
 AAAAAAAAKPNDAAAA | Both concerned girls erect sick, adjacent wages; measures shall not go still within a branches. Foreign rooms w                                                                                          | Sports                                             | sailing                                            |            3.88 |           16027.56 |      7.346329592215721
 AAAAAAAAMJMBAAAA | Offices develop more trees; hardly late results might reflect little in a hours. Olympic tec                                                                                                             | Sports                                             | sailing                                            |            3.89 |            2190.72 |     1.0041298341268927
 AAAAAAAAMLMCAAAA | Able, unknown prisoners would not make yet sales; opportunities reinforce fee                                                                                                                            | Sports                                             | sailing                                            |            9.92 |            5257.48 |     2.4097979295964143
 AAAAAAAAMMEDAAAA | Perhaps public months will not develop also certainly social results. Local weapons go also. Financial changes will not give across a sectors. Borders ought to ask only extensive moments. Sig          | Sports                                             | sailing                                            |            2.27 |            2037.88 |     0.9340746906818364
 AAAAAAAAMNAEAAAA | Monthly, correct odds face consistently about the churches. Ways shall award however very dead f                                                                                                         | Sports                                             | sailing                                            |            1.76 |            8032.26 |      3.681635216487765
 AAAAAAAANBPCAAAA | Big, large hotels would release families; very good persons might result little ears. Almost new miles give things                                                                                       | Sports                                             | sailing                                            |            6.27 |             1327.5 |     0.6084676977447827
 AAAAAAAAOMFAAAAA | Important reasons must not tell in a letters. Deep, new others would come minimum, labour votes. True charges help most in a day                                                                         | Sports                                             | sailing                                            |           54.48 | 2864.7599999999998 |     1.3130801670744585
 AAAAAAAAOOCBAAAA | Special, social others shall not set quietly relations. Parental years marry ago national parents. Human, outer occupations continue about for a applications. Metres pick high always lovely aspects.   | Sports                                             | sailing                                            |            3.91 |            5184.68 |     2.3764296068876987
 AAAAAAAAOOKDAAAA | Traditional, happy windows ought to determine presumably specified ambitions. Decades fulfil of course nice, ideal terms. Then following arms might ensure                                               | Sports                                             | sailing                                            |            2.82 |            8047.94 |     3.6888222398404116
 AAAAAAAAPEGDAAAA | Concrete reports might not wake only by a words. Odd, full circ                                                                                                                                          | Sports                                             | sailing                                            |            3.69 |            1031.05 |     0.4725880374838103
 AAAAAAAAABNDAAAA | Nearly relevant stories use moreover apparent topics;                                                                                                                                                    | Sports                                             | tennis                                             |             2.8 |             514.62 |    0.16643083951619606
 AAAAAAAABADDAAAA | Never dead fields may live therefore significant parts. Important, religious hands might lead well for example relevant ships. Parts treat at the products; dark at                                      | Sports                                             | tennis                                             |            9.49 |            7739.46 |      2.502982443748822
 AAAAAAAABLMBAAAA | Local troops can render overseas foreign, social variables. Free sessions refuse even. Already sufficient findings behave by the demands; implications would de                                          | Sports                                             | tennis                                             |            0.24 |            2913.44 |     0.9422219600483196
 AAAAAAAABMJAAAAA | Broken, alive objectives can press most communi                                                                                                                                                          | Sports                                             | tennis                                             |            5.29 |            9103.11 |      2.943994091773113
 AAAAAAAABOABAAAA | Personal, occupational losses must threaten directly other reports. British reasons can bring eggs. More personal applications would not come distinctly. Downwards                                      | Sports                                             | tennis                                             |            3.33 |            7844.58 |      2.536978809708059
 AAAAAAAACEBBAAAA | Possible members might work only; shoulders ensure at a things. And so o                                                                                                                                 | Sports                                             | tennis                                             |            4.16 | 3519.0400000000004 |     1.1380762144710168
 AAAAAAAACENAAAAA | Social, likely powers raise really hands; weak, coming colleagues live rarely civil, large accountants. Grounds could say at a sports. Close numbers used to suggest banks. Fr                           | Sports                                             | tennis                                             |            1.71 |             975.78 |     0.3155724312757254
 AAAAAAAACEOAAAAA | General schools should see. Clear, mild earnings ought to matter. National, technical systems should study here with a years; most modern stages snatch years. There vast sale                           | Sports                                             | tennis                                             |            0.62 |            2228.82 |     0.7208122182007853
 AAAAAAAACFPDAAAA | Again poor walls get far. Decidedly happy dreams use gently international, certain women; new                                                                                                            | Sports                                             | tennis                                             |            4.03 |            13683.1 |      4.425187167587856
 AAAAAAAACIHAAAAA | Ways stop. Now considerable criteria present hardly just                                                                                                                                                 | Sports                                             | tennis                                             |            3.79 |           13589.56 |      4.394935835093307
 AAAAAAAACKLDAAAA | Here new ways meet pp.. Minutes would go thirdly various, special publications. Services achieve both persons. Problems stand right dark, excellent members. British, s                                  | Sports                                             | tennis                                             |           17.18 |  533.9300000000001 |    0.17267579601042046
 AAAAAAAACOECAAAA | Somewhat active delegates see as for example serious friends.                                                                                                                                            | Sports                                             | tennis                                             |            8.64 |            7781.09 |     2.5164458067138433
 AAAAAAAADLJCAAAA | Finally able residents provide. Red things can count now passive wives; markets forget so too different relations; yet ordinary passenger                                                                | Sports                                             | tennis                                             |            0.24 |  6015.620000000001 |     1.9454834378967385
 AAAAAAAAEANAAAAA | Chemicals                                                                                                                                                                                                | Sports                                             | tennis                                             |            4.73 |             368.89 |    0.11930098400592586
 AAAAAAAAECPBAAAA | Military, new courts would not explore positively asle                                                                                                                                                   | Sports                                             | tennis                                             |            7.19 |           12487.01 |      4.038365312943794
 AAAAAAAAEFCDAAAA | Central, rough workers tell almost in a cells. Welsh, attractive participants                                                                                                                            | Sports                                             | tennis                                             |            1.69 |            2327.49 |     0.7527226199245096
 AAAAAAAAEFGCAAAA | New institution                                                                                                                                                                                          | Sports                                             | tennis                                             |            8.69 |            6209.58 |      2.008211131403717
 AAAAAAAAELBBAAAA | Common, blind details opt wildly for a forms; ordinary, other students must search safe sales. Great demands used to ensur                                                                               | Sports                                             | tennis                                             |            8.55 |            1601.48 |     0.5179271323858335
 AAAAAAAAELBEAAAA | Initial, significant                                                                                                                                                                                     | Sports                                             | tennis                                             |            9.04 |            5485.48 |     1.7740333480029986
 AAAAAAAAFEBDAAAA | Heels ought to close both badly back benefits. Anyway real schools could know. International applications can                                                                                            | Sports                                             | tennis                                             |            8.09 | 2740.7999999999997 |     0.8863892677043064
 AAAAAAAAFIJAAAAA | Universities will roll neighbours. Changes may not look anywhere forward leading rates; very necessary wages know away such as a characteristics. Just other experi                                      | Sports                                             | tennis                                             |            5.21 |            2270.81 |     0.7343920070766258
 AAAAAAAAFNBDAAAA | White relationships ought to help also already important yards. Competitive me                                                                                                                           | Sports                                             | tennis                                             |            5.73 |            7070.95 |     2.2867827614104517
 AAAAAAAAFOJAAAAA | Future features shall receive in a feelings. General, level a                                                                                                                                            | Sports                                             | tennis                                             |            8.89 |            3768.43 |       1.21873026419109
 AAAAAAAAGCBBAAAA | Great, other officials must visit publicly principles. Technological, contemporary resources create between a conditions. Employees give as. For                                                         | Sports                                             | tennis                                             |            4.84 |                483 |    0.15620476368256714
 AAAAAAAAGFLAAAAA | Soldiers must hear children; comfortable                                                                                                                                                                 | Sports                                             | tennis                                             |           60.93 |            8641.26 |       2.79462935035118
 AAAAAAAAGHICAAAA | Doctors must put like a changes. Views go specifically with a affairs. Then general prices move then human, f                                                                                            | Sports                                             | tennis                                             |            6.32 | 20804.440000000002 |      6.728266322459932
 AAAAAAAAGLPCAAAA | Fine, inc character                                                                                                                                                                                      | Sports                                             | tennis                                             |            4.53 | 11007.210000000001 |      3.559790138414886
 AAAAAAAAGOKCAAAA | Hu                                                                                                                                                                                                       | Sports                                             | tennis                                             |            3.81 |            8087.79 |      2.615634214625734
 AAAAAAAAHKKBAAAA | Specific, local visitors refuse significantly good measurements. Fundamental, crucial defences like in order firms. Other, little de                                                                     | Sports                                             | tennis                                             |            3.53 |            1486.91 |    0.48087458626758983
 AAAAAAAAHLHDAAAA | Living standards use. Reasons leave at least profound, valid years. Key, electrical worlds will not regard then long parts; simple                                                                       | Sports                                             | tennis                                             |            4.78 |                    |                       
 AAAAAAAAHNDCAAAA | Independently other tickets may fo                                                                                                                                                                       | Sports                                             | tennis                                             |            4.01 |              35.28 |    0.01140973926029186
 AAAAAAAAHOBDAAAA | Contemporary, heavy cases may become accurately boys. Dangerou                                                                                                                                           | Sports                                             | tennis                                             |            7.99 |            2955.48 |     0.9558179191895517
 AAAAAAAAIEGEAAAA | Workers used to call in particular.                                                                                                                                                                      | Sports                                             | tennis                                             |            8.26 |           10827.18 |     3.5015674808459982
 AAAAAAAAIJDDAAAA | Months might transport effective rooms. As comparative engineers consider too likely                                                                                                                     | Sports                                             | tennis                                             |            6.04 |            9342.42 |      3.021388215990246
 AAAAAAAAIJOBAAAA | For example chief judges become automatically interested years. Massive tasks will not p                                                                                                                 | Sports                                             | tennis                                             |            1.94 | 15804.810000000001 |       5.11135944326682
 AAAAAAAAJHGDAAAA | Far major losses shall prove items. Dramatic, weekly officers may not assign much; more moving measures mind equally. British soldiers shout for the things. Impossible                                  | Sports                                             | tennis                                             |            0.78 |            7584.71 |     2.4529354723619123
 AAAAAAAAJJBAAAAA | Regional pr                                                                                                                                                                                              | Sports                                             | tennis                                             |           55.68 |            4502.34 |     1.4560806536616342
 AAAAAAAAKKPDAAAA | Specific, high conditions anno                                                                                                                                                                           | Sports                                             | tennis                                             |            4.07 |            1075.48 |    0.34781594046651615
 AAAAAAAAKPHAAAAA | Right possible sisters may not bow completely different democratic instr                                                                                                                                 | Sports                                             | tennis                                             |            4.16 |            1676.95 |     0.5423345309678694
 AAAAAAAALBDBAAAA | Special, underlying cases match recent committees. Previous police pa                                                                                                                                    | Sports                                             | tennis                                             |            2.96 |              16.38 |   0.005297378942278364
 AAAAAAAALOOBAAAA | Too reluctant drawings shall take tomorrow live german children; particularly angry hands might pay available sentences. Al                                                                              | Sports                                             | tennis                                             |             6.5 | 3003.1899999999996 |     0.9712475864261878
 AAAAAAAAMAEDAAAA | Most academic bits live; events would not cau                                                                                                                                                            | Sports                                             | tennis                                             |            8.95 |            1559.64 |     0.5043958543061677
 AAAAAAAAMEDDAAAA | Conservative, thin shops provide too sorry,                                                                                                                                                              | Sports                                             | tennis                                             |               2 | 2182.7400000000002 |     0.7059097016159144
 AAAAAAAAMGJBAAAA | Available skills let in a photographs                                                                                                                                                                    | Sports                                             | tennis                                             |            5.78 |           22607.87 |      7.311505156762316
 AAAAAAAAMLFAAAAA | Customers show continuous stairs; secrets would look frequently alleged meanings; reliable writers rally later on a men; different records must                                                          | Sports                                             | tennis                                             |           19.06 |              54.56 |    0.01764499359528129
 AAAAAAAAMNMBAAAA | Now indi                                                                                                                                                                                                 | Sports                                             | tennis                                             |            3.54 |                392 |    0.12677488066990955
 AAAAAAAANBLDAAAA | Also obvious thousands give more than. Old clothes must find never genuine, single victims. Before public features would lead only usual economic plans. Things could not                                | Sports                                             | tennis                                             |            3.78 |             765.36 |    0.24752148640184177
 AAAAAAAANKNBAAAA | Very old universities know else in the eyes. Thoroughly                                                                                                                                                  | Sports                                             | tennis                                             |            8.63 |            3296.67 |     1.0661605761685478
 AAAAAAAANOICAAAA | Black, social individuals hear sites; further precise industries thrive above to the residents. Just grand goods will me                                                                                 | Sports                                             | tennis                                             |            4.27 |  7076.839999999999 |      2.288687618673578
 AAAAAAAANPPAAAAA | Delightful, alone experiences used to encourage literally from a problems. Years adopt. Advanc                                                                                                           | Sports                                             | tennis                                             |            0.73 |            2695.63 |      0.871781049949562
 AAAAAAAAOCJAAAAA | Different boys used to run more moreover physical officers. Quiet ideas could not move more lucky persons. Ethnic words undermine perhaps words; short vital newspapers must keep yellow shar            | Sports                                             | tennis                                             |            0.35 | 2006.4199999999998 |     0.6488868777390814
 AAAAAAAAODGAAAAA | Different components identify behind available, massive regulations. Weak proposals should                                                                                                               | Sports                                             | tennis                                             |            0.17 |            8832.46 |     2.8564644452085437
 AAAAAAAAOGPAAAAA | Else sure factors love well. Formal newspapers contain again good investments. True seeds suggest really various shapes; special parts consider general, permanent men;                                  | Sports                                             | tennis                                             |            8.71 |           14717.07 |       4.75957855372629
 AAAAAAAAONGCAAAA | Rights take otherwise more valuable policemen. Benefits evacuate in a stars. Poor citizens try especially. Concerned mo                                                                                  | Sports                                             | tennis                                             |             2.9 | 12571.909999999998 |     4.0658224235786795
 AAAAAAAAPCIDAAAA | Forces sleep often from a champions; anyway                                                                                                                                                              | Sports                                             | tennis                                             |            5.66 |            2342.45 |     0.7575607633296674
 AAAAAAAAHDCEAAAA |                                                                                                                                                                                                          | Sports                                             |                                                    |                 |            1253.57 |      4.910476456099227
(2540 rows)

UPDATE time_statistics SET e_time = TRANSACTION_TIMESTAMP() WHERE template = '../query_postgresql/query98.tpl' AND stream = 8;
psql:/tmp/s1-basline/throughput/query_8.sql:574: NOTICE:  duration: 0.070 ms  plan:
Query Text: UPDATE time_statistics SET e_time = TRANSACTION_TIMESTAMP() WHERE template = '../query_postgresql/query98.tpl' AND stream = 8;
Update on time_statistics  (cost=0.00..12.86 rows=0 width=0) (actual time=0.070..0.070 rows=0 loops=1)
  ->  Seq Scan on time_statistics  (cost=0.00..12.86 rows=1 width=14) (actual time=0.055..0.056 rows=1 loops=1)
        Filter: ((template = '../query_postgresql/query98.tpl'::text) AND (stream = 8))
        Rows Removed by Filter: 420
UPDATE 1
LOAD 'auto_explain'; SET auto_explain.log_min_duration TO 0; SET auto_explain.log_analyze TO on; SET auto_explain.log_level TO notice; INSERT INTO time_statistics (template, s_time, stream, query, seed) VALUES ('../query_postgresql/query80.tpl', TRANSACTION_TIMESTAMP(), 8, 9, 703638304);
LOAD
SET
SET
SET
psql:/tmp/s1-basline/throughput/query_8.sql:575: NOTICE:  duration: 0.009 ms  plan:
Query Text: INSERT INTO time_statistics (template, s_time, stream, query, seed) VALUES ('../query_postgresql/query80.tpl', TRANSACTION_TIMESTAMP(), 8, 9, 703638304);
Insert on time_statistics  (cost=0.00..0.01 rows=0 width=0) (actual time=0.008..0.008 rows=0 loops=1)
  ->  Result  (cost=0.00..0.01 rows=1 width=64) (actual time=0.001..0.002 rows=1 loops=1)
INSERT 0 1
with ssr as
 (select  s_store_id as store_id,
          sum(ss_ext_sales_price) as sales,
          sum(coalesce(sr_return_amt, 0)) as returns,
          sum(ss_net_profit - coalesce(sr_net_loss, 0)) as profit
  from store_sales left outer join store_returns on
         (ss_item_sk = sr_item_sk and ss_ticket_number = sr_ticket_number),
     date_dim,
     store,
     item,
     promotion
 where ss_sold_date_sk = d_date_sk
       and d_date between cast('2000-08-19' as date) 
                  and (cast('2000-08-19' as date) + interval '30 days')
       and ss_store_sk = s_store_sk
       and ss_item_sk = i_item_sk
       and i_current_price > 50
       and ss_promo_sk = p_promo_sk
       and p_channel_tv = 'N'
 group by s_store_id)
 ,
 csr as
 (select  cp_catalog_page_id as catalog_page_id,
          sum(cs_ext_sales_price) as sales,
          sum(coalesce(cr_return_amount, 0)) as returns,
          sum(cs_net_profit - coalesce(cr_net_loss, 0)) as profit
  from catalog_sales left outer join catalog_returns on
         (cs_item_sk = cr_item_sk and cs_order_number = cr_order_number),
     date_dim,
     catalog_page,
     item,
     promotion
 where cs_sold_date_sk = d_date_sk
       and d_date between cast('2000-08-19' as date)
                  and (cast('2000-08-19' as date) +  interval '30 days')
        and cs_catalog_page_sk = cp_catalog_page_sk
       and cs_item_sk = i_item_sk
       and i_current_price > 50
       and cs_promo_sk = p_promo_sk
       and p_channel_tv = 'N'
group by cp_catalog_page_id)
 ,
 wsr as
 (select  web_site_id,
          sum(ws_ext_sales_price) as sales,
          sum(coalesce(wr_return_amt, 0)) as returns,
          sum(ws_net_profit - coalesce(wr_net_loss, 0)) as profit
  from web_sales left outer join web_returns on
         (ws_item_sk = wr_item_sk and ws_order_number = wr_order_number),
     date_dim,
     web_site,
     item,
     promotion
 where ws_sold_date_sk = d_date_sk
       and d_date between cast('2000-08-19' as date)
                  and (cast('2000-08-19' as date) + interval '30 days')
        and ws_web_site_sk = web_site_sk
       and ws_item_sk = i_item_sk
       and i_current_price > 50
       and ws_promo_sk = p_promo_sk
       and p_channel_tv = 'N'
group by web_site_id)
  select  channel
        , id
        , sum(sales) as sales
        , sum(returns) as returns
        , sum(profit) as profit
 from 
 (select 'store channel' as channel
        , 'store' || store_id as id
        , sales
        , returns
        , profit
 from   ssr
 union all
 select 'catalog channel' as channel
        , 'catalog_page' || catalog_page_id as id
        , sales
        , returns
        , profit
 from  csr
 union all
 select 'web channel' as channel
        , 'web_site' || web_site_id as id
        , sales
        , returns
        , profit
 from   wsr
 ) x
 group by rollup (channel, id)
 order by channel
         ,id
 limit 100;
psql:/tmp/s1-basline/throughput/query_8.sql:668: NOTICE:  duration: 286.199 ms  plan:
Query Text: with ssr as
 (select  s_store_id as store_id,
          sum(ss_ext_sales_price) as sales,
          sum(coalesce(sr_return_amt, 0)) as returns,
          sum(ss_net_profit - coalesce(sr_net_loss, 0)) as profit
  from store_sales left outer join store_returns on
         (ss_item_sk = sr_item_sk and ss_ticket_number = sr_ticket_number),
     date_dim,
     store,
     item,
     promotion
 where ss_sold_date_sk = d_date_sk
       and d_date between cast('2000-08-19' as date) 
                  and (cast('2000-08-19' as date) + interval '30 days')
       and ss_store_sk = s_store_sk
       and ss_item_sk = i_item_sk
       and i_current_price > 50
       and ss_promo_sk = p_promo_sk
       and p_channel_tv = 'N'
 group by s_store_id)
 ,
 csr as
 (select  cp_catalog_page_id as catalog_page_id,
          sum(cs_ext_sales_price) as sales,
          sum(coalesce(cr_return_amount, 0)) as returns,
          sum(cs_net_profit - coalesce(cr_net_loss, 0)) as profit
  from catalog_sales left outer join catalog_returns on
         (cs_item_sk = cr_item_sk and cs_order_number = cr_order_number),
     date_dim,
     catalog_page,
     item,
     promotion
 where cs_sold_date_sk = d_date_sk
       and d_date between cast('2000-08-19' as date)
                  and (cast('2000-08-19' as date) +  interval '30 days')
        and cs_catalog_page_sk = cp_catalog_page_sk
       and cs_item_sk = i_item_sk
       and i_current_price > 50
       and cs_promo_sk = p_promo_sk
       and p_channel_tv = 'N'
group by cp_catalog_page_id)
 ,
 wsr as
 (select  web_site_id,
          sum(ws_ext_sales_price) as sales,
          sum(coalesce(wr_return_amt, 0)) as returns,
          sum(ws_net_profit - coalesce(wr_net_loss, 0)) as profit
  from web_sales left outer join web_returns on
         (ws_item_sk = wr_item_sk and ws_order_number = wr_order_number),
     date_dim,
     web_site,
     item,
     promotion
 where ws_sold_date_sk = d_date_sk
       and d_date between cast('2000-08-19' as date)
                  and (cast('2000-08-19' as date) + interval '30 days')
        and ws_web_site_sk = web_site_sk
       and ws_item_sk = i_item_sk
       and i_current_price > 50
       and ws_promo_sk = p_promo_sk
       and p_channel_tv = 'N'
group by web_site_id)
  select  channel
        , id
        , sum(sales) as sales
        , sum(returns) as returns
        , sum(profit) as profit
 from 
 (select 'store channel' as channel
        , 'store' || store_id as id
        , sales
        , returns
        , profit
 from   ssr
 union all
 select 'catalog channel' as channel
        , 'catalog_page' || catalog_page_id as id
        , sales
        , returns
        , profit
 from  csr
 union all
 select 'web channel' as channel
        , 'web_site' || web_site_id as id
        , sales
        , returns
        , profit
 from   wsr
 ) x
 group by rollup (channel, id)
 order by channel
         ,id
 limit 100;
Limit  (cost=41171.43..41178.82 rows=100 width=88) (actual time=246.095..286.135 rows=100 loops=1)
  ->  GroupAggregate  (cost=41171.43..41179.19 rows=105 width=88) (actual time=246.094..286.127 rows=100 loops=1)
        Group Key: ('store channel'::text), (('store'::text || (ssr.store_id)::text))
        Group Key: ('store channel'::text)
        Group Key: ()
        ->  Gather Merge  (cost=41171.43..41177.49 rows=52 width=88) (actual time=246.089..286.076 rows=101 loops=1)
              Workers Planned: 2
              Workers Launched: 2
              ->  Sort  (cost=40171.41..40171.46 rows=21 width=88) (actual time=138.349..138.359 rows=41 loops=3)
                    Sort Key: ('store channel'::text), (('store'::text || (ssr.store_id)::text))
                    Sort Method: quicksort  Memory: 68kB
                    Worker 0:  Sort Method: quicksort  Memory: 25kB
                    Worker 1:  Sort Method: quicksort  Memory: 26kB
                    ->  Parallel Append  (cost=1.57..40170.95 rows=21 width=88) (actual time=121.764..138.201 rows=140 loops=3)
                          ->  Subquery Scan on ssr  (cost=1.57..40170.84 rows=6 width=88) (actual time=187.965..236.523 rows=6 loops=1)
                                ->  GroupAggregate  (cost=1.57..40170.75 rows=6 width=41) (actual time=187.960..236.515 rows=6 loops=1)
                                      Group Key: store.s_store_id
                                      ->  Nested Loop Left Join  (cost=1.57..40170.02 rows=54 width=49) (actual time=4.970..235.930 rows=3134 loops=1)
                                            ->  Nested Loop  (cost=1.14..40145.96 rows=54 width=49) (actual time=4.889..226.370 rows=3134 loops=1)
                                                  Join Filter: (store_sales.ss_promo_sk = promotion.p_promo_sk)
                                                  Rows Removed by Join Filter: 480546
                                                  ->  Nested Loop  (cost=1.14..39878.67 rows=57 width=57) (actual time=4.697..181.818 rows=3187 loops=1)
                                                        Join Filter: (store_sales.ss_store_sk = store.s_store_sk)
                                                        Rows Removed by Join Filter: 35825
                                                        ->  Index Scan using i_s_store_id on store  (cost=0.14..3.62 rows=12 width=25) (actual time=0.063..0.068 rows=12 loops=1)
                                                        ->  Materialize  (cost=1.01..39864.41 rows=60 width=48) (actual time=0.114..14.889 rows=3251 loops=12)
                                                              ->  Nested Loop  (cost=1.01..39864.11 rows=60 width=48) (actual time=1.363..175.858 rows=3251 loops=1)
                                                                    ->  Nested Loop  (cost=0.72..39514.84 rows=1134 width=48) (actual time=0.185..68.668 rows=61097 loops=1)
                                                                          ->  Index Scan using i_d_date on date_dim  (cost=0.29..3.09 rows=30 width=8) (actual time=0.077..0.094 rows=31 loops=1)
                                                                                Index Cond: ((d_date >= '2000-08-19'::date) AND (d_date <= '2000-09-18 00:00:00'::timestamp without time zone))
                                                                          ->  Index Scan using i_ss_sold_date_sk on store_sales  (cost=0.43..1301.91 rows=1515 width=56) (actual time=0.090..1.835 rows=1971 loops=31)
                                                                                Index Cond: (ss_sold_date_sk = date_dim.d_date_sk)
                                                                    ->  Index Scan using pk_item on item  (cost=0.29..0.31 rows=1 width=8) (actual time=0.002..0.002 rows=0 loops=61097)
                                                                          Index Cond: (i_item_sk = store_sales.ss_item_sk)
                                                                          Filter: (i_current_price > '50'::double precision)
                                                                          Rows Removed by Filter: 1
                                                  ->  Materialize  (cost=0.00..13.24 rows=298 width=8) (actual time=0.000..0.005 rows=152 loops=3187)
                                                        ->  Seq Scan on promotion  (cost=0.00..11.75 rows=298 width=8) (actual time=0.019..0.148 rows=298 loops=1)
                                                              Filter: (p_channel_tv = 'N'::bpchar)
                                                              Rows Removed by Filter: 2
                                            ->  Index Scan using pk_store_returns on store_returns  (cost=0.42..0.45 rows=1 width=32) (actual time=0.003..0.003 rows=0 loops=3134)
                                                  Index Cond: ((sr_item_sk = store_sales.ss_item_sk) AND (sr_ticket_number = store_sales.ss_ticket_number))
                          ->  Subquery Scan on wsr  (cost=11285.42..11286.03 rows=15 width=88) (actual time=95.343..95.508 rows=15 loops=1)
                                ->  GroupAggregate  (cost=11285.42..11285.81 rows=15 width=41) (actual time=95.340..95.501 rows=15 loops=1)
                                      Group Key: web_site.web_site_id
                                      ->  Sort  (cost=11285.42..11285.46 rows=16 width=49) (actual time=95.321..95.355 rows=840 loops=1)
                                            Sort Key: web_site.web_site_id
                                            Worker 1:  Sort Method: quicksort  Memory: 91kB
                                            ->  Nested Loop  (cost=1.42..11285.10 rows=16 width=49) (actual time=21.564..94.726 rows=840 loops=1)
                                                  Join Filter: (web_sales.ws_promo_sk = promotion_1.p_promo_sk)
                                                  Rows Removed by Join Filter: 252460
                                                  ->  Seq Scan on promotion promotion_1  (cost=0.00..11.75 rows=298 width=8) (actual time=0.032..0.142 rows=298 loops=1)
                                                        Filter: (p_channel_tv = 'N'::bpchar)
                                                        Rows Removed by Filter: 2
                                                  ->  Materialize  (cost=1.42..11201.87 rows=16 width=57) (actual time=0.007..0.264 rows=850 loops=298)
                                                        ->  Nested Loop  (cost=1.42..11201.79 rows=16 width=57) (actual time=2.036..69.512 rows=850 loops=1)
                                                              Join Filter: (web_sales.ws_web_site_sk = web_site.web_site_sk)
                                                              Rows Removed by Join Filter: 11799
                                                              ->  Nested Loop Left Join  (cost=1.42..11192.63 rows=16 width=48) (actual time=2.002..68.097 rows=850 loops=1)
                                                                    ->  Nested Loop  (cost=1.00..11185.58 rows=16 width=48) (actual time=1.938..64.077 rows=850 loops=1)
                                                                          ->  Nested Loop  (cost=0.72..11093.66 rows=297 width=48) (actual time=0.206..23.507 rows=15838 loops=1)
                                                                                ->  Index Scan using i_d_date on date_dim date_dim_1  (cost=0.29..3.09 rows=30 width=8) (actual time=0.089..0.113 rows=31 loops=1)
                                                                                      Index Cond: ((d_date >= '2000-08-19'::date) AND (d_date <= '2000-09-18 00:00:00'::timestamp without time zone))
                                                                                ->  Index Scan using i_ws_sold_date_sk on web_sales  (cost=0.42..365.72 rows=397 width=56) (actual time=0.045..0.647 rows=511 loops=31)
                                                                                      Index Cond: (ws_sold_date_sk = date_dim_1.d_date_sk)
                                                                          ->  Index Scan using pk_item on item item_1  (cost=0.29..0.31 rows=1 width=8) (actual time=0.002..0.002 rows=0 loops=15838)
                                                                                Index Cond: (i_item_sk = web_sales.ws_item_sk)
                                                                                Filter: (i_current_price > '50'::double precision)
                                                                                Rows Removed by Filter: 1
                                                                    ->  Index Scan using pk_web_returns on web_returns  (cost=0.42..0.44 rows=1 width=32) (actual time=0.004..0.004 rows=0 loops=850)
                                                                          Index Cond: ((wr_item_sk = web_sales.ws_item_sk) AND (wr_order_number = web_sales.ws_order_number))
                                                              ->  Materialize  (cost=0.00..2.45 rows=30 width=25) (actual time=0.000..0.001 rows=15 loops=850)
                                                                    ->  Seq Scan on web_site  (cost=0.00..2.30 rows=30 width=25) (actual time=0.027..0.044 rows=30 loops=1)
                          ->  Subquery Scan on csr  (cost=1890.05..1891.29 rows=31 width=88) (actual time=81.982..82.526 rows=398 loops=1)
                                ->  GroupAggregate  (cost=1890.05..1890.83 rows=31 width=41) (actual time=81.979..82.419 rows=398 loops=1)
                                      Group Key: catalog_page.cp_catalog_page_id
                                      ->  Sort  (cost=1890.05..1890.13 rows=31 width=49) (actual time=81.971..82.034 rows=1605 loops=1)
                                            Sort Key: catalog_page.cp_catalog_page_id
                                            Sort Method: quicksort  Memory: 176kB
                                            ->  Nested Loop  (cost=1.86..1889.28 rows=31 width=49) (actual time=0.064..79.252 rows=1605 loops=1)
                                                  ->  Nested Loop  (cost=1.71..1884.09 rows=31 width=57) (actual time=0.061..77.117 rows=1617 loops=1)
                                                        ->  Nested Loop Left Join  (cost=1.43..1874.71 rows=31 width=48) (actual time=0.052..74.740 rows=1737 loops=1)
                                                              ->  Nested Loop  (cost=1.01..1860.95 rows=31 width=48) (actual time=0.036..70.638 rows=1737 loops=1)
                                                                    ->  Nested Loop  (cost=0.72..1678.94 rows=590 width=48) (actual time=0.022..15.423 rows=32128 loops=1)
                                                                          ->  Index Scan using i_d_date on date_dim date_dim_2  (cost=0.29..3.09 rows=30 width=8) (actual time=0.009..0.021 rows=31 loops=1)
                                                                                Index Cond: ((d_date >= '2000-08-19'::date) AND (d_date <= '2000-09-18 00:00:00'::timestamp without time zone))
                                                                          ->  Index Scan using i_cs_sold_date_sk on catalog_sales  (cost=0.43..48.01 rows=785 width=56) (actual time=0.005..0.290 rows=1036 loops=31)
                                                                                Index Cond: (cs_sold_date_sk = date_dim_2.d_date_sk)
                                                                    ->  Index Scan using pk_item on item item_2  (cost=0.29..0.31 rows=1 width=8) (actual time=0.002..0.002 rows=0 loops=32128)
                                                                          Index Cond: (i_item_sk = catalog_sales.cs_item_sk)
                                                                          Filter: (i_current_price > '50'::double precision)
                                                                          Rows Removed by Filter: 1
                                                              ->  Index Scan using pk_catalog_returns on catalog_returns  (cost=0.42..0.44 rows=1 width=32) (actual time=0.002..0.002 rows=0 loops=1737)
                                                                    Index Cond: ((cr_item_sk = catalog_sales.cs_item_sk) AND (cr_order_number = catalog_sales.cs_order_number))
                                                        ->  Index Scan using pk_catalog_page on catalog_page  (cost=0.29..0.30 rows=1 width=25) (actual time=0.001..0.001 rows=1 loops=1737)
                                                              Index Cond: (cp_catalog_page_sk = catalog_sales.cs_catalog_page_sk)
                                                  ->  Index Scan using pk_promotion on promotion promotion_2  (cost=0.15..0.17 rows=1 width=8) (actual time=0.001..0.001 rows=1 loops=1617)
                                                        Index Cond: (p_promo_sk = catalog_sales.cs_promo_sk)
                                                        Filter: (p_channel_tv = 'N'::bpchar)
                                                        Rows Removed by Filter: 0
     channel     |              id              |       sales        |      returns      |       profit        
-----------------+------------------------------+--------------------+-------------------+---------------------
 catalog channel | catalog_pageAAAAAAAAAAABAAAA |           10430.51 |                 0 |            -4197.47
 catalog channel | catalog_pageAAAAAAAAABABAAAA |           21803.56 |                 0 |              3750.1
 catalog channel | catalog_pageAAAAAAAAACABAAAA |             187.55 |                 0 |              -214.2
 catalog channel | catalog_pageAAAAAAAAADABAAAA | 14219.779999999999 |                 0 |            -6169.51
 catalog channel | catalog_pageAAAAAAAAADCBAAAA | 27619.600000000002 |                 0 |            10672.88
 catalog channel | catalog_pageAAAAAAAAAEABAAAA |  9188.869999999999 |                 0 |            -5386.95
 catalog channel | catalog_pageAAAAAAAAAECBAAAA |            1072.82 |                 0 |               62.58
 catalog channel | catalog_pageAAAAAAAAAFABAAAA | 2380.1099999999997 |                 0 |            -1194.28
 catalog channel | catalog_pageAAAAAAAAAFCBAAAA | 6255.0599999999995 |                 0 |             1057.48
 catalog channel | catalog_pageAAAAAAAAAGABAAAA |             6394.6 |                 0 |              236.36
 catalog channel | catalog_pageAAAAAAAAAGCBAAAA |             1038.9 |                 0 |  -514.5699999999999
 catalog channel | catalog_pageAAAAAAAAAHABAAAA |           12252.96 |                 0 |            -3920.02
 catalog channel | catalog_pageAAAAAAAAAHCBAAAA |           12499.23 |                 0 |            -6223.76
 catalog channel | catalog_pageAAAAAAAAAICBAAAA |            8329.65 |                 0 |  2914.9500000000003
 catalog channel | catalog_pageAAAAAAAAAKCBAAAA |            14534.3 |           3820.58 | -1407.5699999999997
 catalog channel | catalog_pageAAAAAAAAAKPAAAAA |           46596.89 |             916.6 |  12460.839999999998
 catalog channel | catalog_pageAAAAAAAAALCBAAAA |             2150.1 |                 0 |            -1313.28
 catalog channel | catalog_pageAAAAAAAAALPAAAAA |  9177.880000000001 |                 0 | -2766.4199999999996
 catalog channel | catalog_pageAAAAAAAAAMCBAAAA |             498.56 |                 0 |             -141.04
 catalog channel | catalog_pageAAAAAAAAAMPAAAAA |           18097.43 |            496.12 |   4610.209999999999
 catalog channel | catalog_pageAAAAAAAAANCBAAAA |           13660.87 |                 0 |              4262.7
 catalog channel | catalog_pageAAAAAAAAANPAAAAA |           11057.27 |            353.85 | -10643.289999999999
 catalog channel | catalog_pageAAAAAAAAAOPAAAAA | 18773.749999999996 |            472.12 |  -6733.710000000001
 catalog channel | catalog_pageAAAAAAAAAPPAAAAA | 15966.550000000001 |           4551.66 | -3994.4900000000002
 catalog channel | catalog_pageAAAAAAAABAABAAAA |           14926.84 |                 0 |            -2866.63
 catalog channel | catalog_pageAAAAAAAABBABAAAA |            12700.1 |                 0 | -2184.9100000000003
 catalog channel | catalog_pageAAAAAAAABCABAAAA |           15538.39 |                 0 |  1098.7800000000002
 catalog channel | catalog_pageAAAAAAAABDABAAAA |           13749.56 |                 0 |  -8367.609999999999
 catalog channel | catalog_pageAAAAAAAABDCBAAAA |  6400.259999999999 |            4280.3 |            -2443.05
 catalog channel | catalog_pageAAAAAAAABEABAAAA |            7170.84 |           2709.72 |   748.1799999999998
 catalog channel | catalog_pageAAAAAAAABECBAAAA |            4949.41 |                 0 |            -6607.05
 catalog channel | catalog_pageAAAAAAAABFABAAAA |           11709.48 |                 0 |  1739.8799999999999
 catalog channel | catalog_pageAAAAAAAABGABAAAA |             2095.2 |            333.96 |   63.87000000000006
 catalog channel | catalog_pageAAAAAAAABGCBAAAA | 2601.2400000000002 |             606.4 |            -1487.08
 catalog channel | catalog_pageAAAAAAAABHABAAAA |  6592.530000000001 |                 0 | -11927.470000000001
 catalog channel | catalog_pageAAAAAAAABHCBAAAA |             6181.5 |                 0 |             -785.25
 catalog channel | catalog_pageAAAAAAAABICBAAAA |           10324.66 |                 0 |  -59.75999999999999
 catalog channel | catalog_pageAAAAAAAABJCBAAAA |            1439.99 |                 0 |            -1544.25
 catalog channel | catalog_pageAAAAAAAABKPAAAAA |           29356.09 |                 0 |  1969.6100000000001
 catalog channel | catalog_pageAAAAAAAABLPAAAAA |           11067.81 |           1124.18 | -3709.4900000000002
 catalog channel | catalog_pageAAAAAAAABMCBAAAA |            8994.09 |                 0 |             -100.33
 catalog channel | catalog_pageAAAAAAAABMPAAAAA |  4616.139999999999 |                 0 |            -1453.67
 catalog channel | catalog_pageAAAAAAAABNPAAAAA | 29580.550000000003 |                 0 |             5214.84
 catalog channel | catalog_pageAAAAAAAABOCBAAAA |               29.9 |                 0 |              -137.8
 catalog channel | catalog_pageAAAAAAAABOPAAAAA |           11457.42 |            105.48 |              764.55
 catalog channel | catalog_pageAAAAAAAABPCBAAAA |            3974.24 |                 0 |             -333.32
 catalog channel | catalog_pageAAAAAAAABPPAAAAA |           14060.88 |                 0 |            -6867.69
 catalog channel | catalog_pageAAAAAAAACAABAAAA |           17201.74 |                 0 |            -1347.67
 catalog channel | catalog_pageAAAAAAAACBABAAAA |            8837.07 |                 0 |  2278.9300000000003
 catalog channel | catalog_pageAAAAAAAACCABAAAA |            2620.24 |                 0 |            -3241.88
 catalog channel | catalog_pageAAAAAAAACDABAAAA |  6077.000000000001 |           2057.44 |            -5056.36
 catalog channel | catalog_pageAAAAAAAACDCBAAAA |           13491.14 |                 0 |            -2793.43
 catalog channel | catalog_pageAAAAAAAACEABAAAA |            9697.18 |           3548.61 |           -16018.06
 catalog channel | catalog_pageAAAAAAAACECBAAAA |            5988.65 |                 0 | -193.14000000000001
 catalog channel | catalog_pageAAAAAAAACFABAAAA |           12584.33 |                 0 |  3581.7999999999997
 catalog channel | catalog_pageAAAAAAAACFCBAAAA |             112.13 |                 0 |              -16.35
 catalog channel | catalog_pageAAAAAAAACGABAAAA |           13427.47 |                 0 |            -6128.83
 catalog channel | catalog_pageAAAAAAAACGCBAAAA |              151.1 |                 0 |            -1121.58
 catalog channel | catalog_pageAAAAAAAACHABAAAA |           34677.63 |           3506.06 |            16460.68
 catalog channel | catalog_pageAAAAAAAACICBAAAA |            4358.32 |                 0 |              756.03
 catalog channel | catalog_pageAAAAAAAACJCBAAAA |               2.12 |                 0 |              -29.72
 catalog channel | catalog_pageAAAAAAAACKCBAAAA |            2306.31 |                 0 |               458.1
 catalog channel | catalog_pageAAAAAAAACKPAAAAA |            16344.6 |             26.32 |  -6579.639999999999
 catalog channel | catalog_pageAAAAAAAACLCBAAAA |            1099.99 |                 0 |             -504.53
 catalog channel | catalog_pageAAAAAAAACLPAAAAA |           23448.11 |                 0 |            -8730.68
 catalog channel | catalog_pageAAAAAAAACMCBAAAA |            2328.75 |                 0 |             -1129.7
 catalog channel | catalog_pageAAAAAAAACMPAAAAA |           18585.14 |            873.84 |   4291.129999999999
 catalog channel | catalog_pageAAAAAAAACNCBAAAA |            4109.16 |            286.59 |   160.6300000000001
 catalog channel | catalog_pageAAAAAAAACNPAAAAA | 19899.010000000002 |                 0 |            -7087.32
 catalog channel | catalog_pageAAAAAAAACOCBAAAA |                  0 |                 0 |            -4512.13
 catalog channel | catalog_pageAAAAAAAACOPAAAAA | 11818.840000000002 |                 0 |            -1250.92
 catalog channel | catalog_pageAAAAAAAACPCBAAAA |            9671.62 |                 0 |             2646.98
 catalog channel | catalog_pageAAAAAAAACPPAAAAA |           22433.54 | 611.0799999999999 |  2203.8500000000004
 catalog channel | catalog_pageAAAAAAAADAABAAAA |  38024.16999999999 |           2700.28 |  2803.5800000000004
 catalog channel | catalog_pageAAAAAAAADBABAAAA |  5139.299999999999 |                 0 |            -5127.85
 catalog channel | catalog_pageAAAAAAAADCABAAAA |           14074.08 |                 0 |             1082.78
 catalog channel | catalog_pageAAAAAAAADDABAAAA |  7401.099999999999 |                 0 |              -407.4
 catalog channel | catalog_pageAAAAAAAADDCBAAAA |  9263.380000000001 |           1352.67 |   371.1099999999999
 catalog channel | catalog_pageAAAAAAAADEABAAAA |            1084.02 |                 0 |            -1790.68
 catalog channel | catalog_pageAAAAAAAADECBAAAA |            6902.71 |                 0 |  2681.7999999999997
 catalog channel | catalog_pageAAAAAAAADFABAAAA |             1028.8 |                 0 |            -1697.75
 catalog channel | catalog_pageAAAAAAAADFCBAAAA |           11097.73 |                 0 |  509.53999999999996
 catalog channel | catalog_pageAAAAAAAADGABAAAA |            6255.79 |                 0 |            -2196.19
 catalog channel | catalog_pageAAAAAAAADGCBAAAA |  7438.669999999999 |                 0 | -10184.289999999999
 catalog channel | catalog_pageAAAAAAAADHABAAAA |           14319.89 |             144.1 |            -5118.41
 catalog channel | catalog_pageAAAAAAAADICBAAAA |               6327 |                 0 |             2559.87
 catalog channel | catalog_pageAAAAAAAADJCBAAAA |                619 |                 0 |               -1935
 catalog channel | catalog_pageAAAAAAAADKPAAAAA |  6397.119999999999 |                 0 |           -10381.98
 catalog channel | catalog_pageAAAAAAAADLCBAAAA |            8766.45 |            1593.9 |             -494.15
 catalog channel | catalog_pageAAAAAAAADLPAAAAA | 20988.059999999998 |                 0 |  429.30999999999995
 catalog channel | catalog_pageAAAAAAAADMCBAAAA | 13940.899999999998 |                 0 | -10500.099999999999
 catalog channel | catalog_pageAAAAAAAADMPAAAAA |           21691.91 |              90.9 | -1979.2000000000003
 catalog channel | catalog_pageAAAAAAAADNPAAAAA |            10118.1 |                 0 |            -5397.25
 catalog channel | catalog_pageAAAAAAAADOCBAAAA |  4391.280000000001 |                 0 |            -1262.52
 catalog channel | catalog_pageAAAAAAAADOPAAAAA |            4300.93 |                 0 | -3.8200000000000784
 catalog channel | catalog_pageAAAAAAAADPPAAAAA |           17138.34 |                 0 | -12346.900000000001
 catalog channel | catalog_pageAAAAAAAAEAABAAAA |             2665.7 |                 0 |  -4611.139999999999
 catalog channel | catalog_pageAAAAAAAAEBABAAAA |             4145.4 |                 0 |            -1170.82
 catalog channel | catalog_pageAAAAAAAAECABAAAA |            8035.12 |                 0 |             3000.98
 catalog channel | catalog_pageAAAAAAAAEDABAAAA |            7036.77 |                 0 |  464.55999999999995
(100 rows)

UPDATE time_statistics SET e_time = TRANSACTION_TIMESTAMP() WHERE template = '../query_postgresql/query80.tpl' AND stream = 8;
psql:/tmp/s1-basline/throughput/query_8.sql:670: NOTICE:  duration: 0.065 ms  plan:
Query Text: UPDATE time_statistics SET e_time = TRANSACTION_TIMESTAMP() WHERE template = '../query_postgresql/query80.tpl' AND stream = 8;
Update on time_statistics  (cost=0.00..12.86 rows=0 width=0) (actual time=0.065..0.065 rows=0 loops=1)
  ->  Seq Scan on time_statistics  (cost=0.00..12.86 rows=1 width=14) (actual time=0.051..0.051 rows=1 loops=1)
        Filter: ((template = '../query_postgresql/query80.tpl'::text) AND (stream = 8))
        Rows Removed by Filter: 421
UPDATE 1
LOAD 'auto_explain'; SET auto_explain.log_min_duration TO 0; SET auto_explain.log_analyze TO on; SET auto_explain.log_level TO notice; INSERT INTO time_statistics (template, s_time, stream, query, seed) VALUES ('../query_postgresql/query12.tpl', TRANSACTION_TIMESTAMP(), 8, 10, 239935175);
LOAD
SET
SET
SET
psql:/tmp/s1-basline/throughput/query_8.sql:671: NOTICE:  duration: 0.020 ms  plan:
Query Text: INSERT INTO time_statistics (template, s_time, stream, query, seed) VALUES ('../query_postgresql/query12.tpl', TRANSACTION_TIMESTAMP(), 8, 10, 239935175);
Insert on time_statistics  (cost=0.00..0.01 rows=0 width=0) (actual time=0.020..0.020 rows=0 loops=1)
  ->  Result  (cost=0.00..0.01 rows=1 width=64) (actual time=0.001..0.001 rows=1 loops=1)
INSERT 0 1
select  i_item_id
      ,i_item_desc 
      ,i_category 
      ,i_class 
      ,i_current_price
      ,sum(ws_ext_sales_price) as itemrevenue 
      ,sum(ws_ext_sales_price)*100/sum(sum(ws_ext_sales_price)) over
          (partition by i_class) as revenueratio
from	
	web_sales
    	,item 
    	,date_dim
where 
	ws_item_sk = i_item_sk 
  	and i_category in ('Shoes', 'Home', 'Children')
  	and ws_sold_date_sk = d_date_sk
	and d_date between cast('2001-03-11' as date) 
				and (cast('2001-03-11' as date) + INTERVAL '30 days')
group by 
	i_item_id
        ,i_item_desc 
        ,i_category
        ,i_class
        ,i_current_price
order by 
	i_category
        ,i_class
        ,i_item_id
        ,i_item_desc
        ,revenueratio
limit 100;
psql:/tmp/s1-basline/throughput/query_8.sql:702: NOTICE:  duration: 26.761 ms  plan:
Query Text: select  i_item_id
      ,i_item_desc 
      ,i_category 
      ,i_class 
      ,i_current_price
      ,sum(ws_ext_sales_price) as itemrevenue 
      ,sum(ws_ext_sales_price)*100/sum(sum(ws_ext_sales_price)) over
          (partition by i_class) as revenueratio
from	
	web_sales
    	,item 
    	,date_dim
where 
	ws_item_sk = i_item_sk 
  	and i_category in ('Shoes', 'Home', 'Children')
  	and ws_sold_date_sk = d_date_sk
	and d_date between cast('2001-03-11' as date) 
				and (cast('2001-03-11' as date) + INTERVAL '30 days')
group by 
	i_item_id
        ,i_item_desc 
        ,i_category
        ,i_class
        ,i_current_price
order by 
	i_category
        ,i_class
        ,i_item_id
        ,i_item_desc
        ,revenueratio
limit 100;
Limit  (cost=11198.88..11199.10 rows=88 width=245) (actual time=26.670..26.681 rows=100 loops=1)
  ->  Sort  (cost=11198.88..11199.10 rows=88 width=245) (actual time=26.670..26.674 rows=100 loops=1)
        Sort Key: item.i_category, item.i_class, item.i_item_id, item.i_item_desc, ((((sum(web_sales.ws_ext_sales_price)) * '100'::double precision) / sum((sum(web_sales.ws_ext_sales_price))) OVER (?)))
        Sort Method: top-N heapsort  Memory: 99kB
        ->  WindowAgg  (cost=11194.06..11196.04 rows=88 width=245) (actual time=24.463..25.260 rows=1481 loops=1)
              ->  Sort  (cost=11194.06..11194.28 rows=88 width=237) (actual time=24.444..24.508 rows=1481 loops=1)
                    Sort Key: item.i_class
                    Sort Method: quicksort  Memory: 458kB
                    ->  GroupAggregate  (cost=11188.79..11191.21 rows=88 width=237) (actual time=22.628..23.648 rows=1481 loops=1)
                          Group Key: item.i_item_id, item.i_item_desc, item.i_category, item.i_class, item.i_current_price
                          ->  Sort  (cost=11188.79..11189.01 rows=88 width=237) (actual time=22.624..22.719 rows=2174 loops=1)
                                Sort Key: item.i_item_id, item.i_item_desc, item.i_category, item.i_class, item.i_current_price
                                Sort Method: quicksort  Memory: 696kB
                                ->  Nested Loop  (cost=1.00..11185.95 rows=88 width=237) (actual time=0.019..16.820 rows=2174 loops=1)
                                      ->  Nested Loop  (cost=0.72..11093.66 rows=297 width=16) (actual time=0.015..3.814 rows=7349 loops=1)
                                            ->  Index Scan using i_d_date on date_dim  (cost=0.29..3.09 rows=30 width=8) (actual time=0.007..0.017 rows=31 loops=1)
                                                  Index Cond: ((d_date >= '2001-03-11'::date) AND (d_date <= '2001-04-10 00:00:00'::timestamp without time zone))
                                            ->  Index Scan using i_ws_sold_date_sk on web_sales  (cost=0.42..365.72 rows=397 width=24) (actual time=0.004..0.080 rows=237 loops=31)
                                                  Index Cond: (ws_sold_date_sk = date_dim.d_date_sk)
                                      ->  Index Scan using pk_item on item  (cost=0.29..0.31 rows=1 width=237) (actual time=0.002..0.002 rows=0 loops=7349)
                                            Index Cond: (i_item_sk = web_sales.ws_item_sk)
                                            Filter: (i_category = ANY ('{Shoes,Home,Children}'::bpchar[]))
                                            Rows Removed by Filter: 1
    i_item_id     |                                                                                               i_item_desc                                                                                                |                     i_category                     |                      i_class                       | i_current_price |    itemrevenue     |     revenueratio      
------------------+----------------------------------------------------------------------------------------------------------------------------------------------------------------------------------------------------------+----------------------------------------------------+----------------------------------------------------+-----------------+--------------------+-----------------------
 AAAAAAAAABNCAAAA | Opportunities will understand forces; mainly true things take significantly free, parliamentary areas. Other, new eyes                                                                                   | Children                                           | infants                                            |            1.64 |               3594 |    0.9120984530338202
 AAAAAAAAACLDAAAA | Present, basic territories must not stop back, wrong services. Old professionals cannot get ever in a schemes. So other seeds must not control still securities. Ready years make there no               | Children                                           | infants                                            |             2.6 |            9381.75 |    2.3809347973706294
 AAAAAAAAADEBAAAA | Eastern years may not cover dear, subject sheets. International uses would leave post-war                                                                                                                | Children                                           | infants                                            |            3.29 |                7.7 | 0.0019541341369951073
 AAAAAAAAAEKAAAAA | Then empirical years would not go again on a forces. So legislative roads render now so appropriate polls. Here alone states ought to take. Good, palestinian countries can break months. Complete       | Children                                           | infants                                            |            8.31 |             927.95 |   0.23549854187332595
 AAAAAAAAAILDAAAA | Following chains might not sack children. Other, indian workshops remove authorities; german attempts carry furthermore; single, current                                                                 | Children                                           | infants                                            |            6.35 |            1683.87 |   0.42733868172233136
 AAAAAAAAAIOAAAAA | Days could reflect however international boats. Alone late wa                                                                                                                                            | Children                                           | infants                                            |            5.22 |            5438.12 |    1.3801059653345238
 AAAAAAAAAJPBAAAA | However valuable years may not reach only products. Short, anonymous men get; then                                                                                                                       | Children                                           | infants                                            |            0.49 |             388.55 |   0.09860763882200636
 AAAAAAAAAKKCAAAA | Clear levels would use now subjective companies. Perhaps prime games must open always on a relations. Results should                                                                                     | Children                                           | infants                                            |            8.76 |            1130.88 |    0.2869988588110425
 AAAAAAAAAMDCAAAA | That is able principles mix for example average, private words. Open, other men come here deep book                                                                                                      | Children                                           | infants                                            |            1.63 |            2701.92 |    0.6857031308350416
 AAAAAAAAAOHCAAAA | Colonies must not suck yet final girls; economic practices should like years; often content purposes will not happen exactly faint floors. Ways                                                          | Children                                           | infants                                            |             1.4 |             3491.8 |    0.8861617635791579
 AAAAAAAABBLAAAAA | Other cities talk only from a agents.                                                                                                                                                                    | Children                                           | infants                                            |            2.85 |            1220.78 |   0.30981400931959574
 AAAAAAAABINDAAAA | Principles want almost away inc effects. Large, domestic eyes think scenes. Indeed super approaches travel more resou                                                                                    | Children                                           | infants                                            |            1.85 | 2717.8500000000004 |    0.6897459044457342
 AAAAAAAABLDBAAAA | Voluntary friends accept also normal criteria. Befo                                                                                                                                                      | Children                                           | infants                                            |             9.9 |            4272.73 |     1.084349032618585
 AAAAAAAABLGBAAAA | So alone pages interpret once again also wealthy allegations. Clear, equal things become down the months.                                                                                                | Children                                           | infants                                            |            4.96 |            7407.39 |    1.8798745019527516
 AAAAAAAABNIAAAAA | Round, heavy transactions                                                                                                                                                                                | Children                                           | infants                                            |             4.9 |             581.78 |   0.14764625431441733
 AAAAAAAACAHBAAAA | Hours will rec                                                                                                                                                                                           | Children                                           | infants                                            |            2.77 |              161.7 |  0.041036816876897246
 AAAAAAAACBEEAAAA | Inner, dangerous penalties must not think long high members. Masters used to market everywhere in the names. So va                                                                                       | Children                                           | infants                                            |            4.09 |             5104.8 |    1.2955147977315096
 AAAAAAAACEOAAAAA | General schools should see. Clear, mild earnings ought to matter. National, technical systems should study here with a years; most modern stages snatch years. There vast sale                           | Children                                           | infants                                            |            2.36 |  8941.439999999999 |    2.2691913166095494
 AAAAAAAACFABAAAA | Dry countries may make fit funds. Civil, royal groups would hold neat, compulsory ideas. Interests would manufactu                                                                                       | Children                                           | infants                                            |            0.67 |           18399.25 |     4.669428898715225
 AAAAAAAACGDCAAAA | Well major cells ought to try significantly happy, separate definitions. Mothers may acknowledge now financial movements. Industries see never sites. Good buildings keep things. Policies mig           | Children                                           | infants                                            |            2.33 |            1326.69 |    0.3366922361311739
 AAAAAAAACHNDAAAA | That new prayers draw victorian threats; remaining ideas could need for a individuals. Thus old concerns shall demonstrate once variously new governments. Very rapid reports encourage away scien       | Children                                           | infants                                            |            5.92 |              145.6 |  0.036950900044998396
 AAAAAAAACKBDAAAA | American, great needs can apply events. Illustrations may show elderly champions; anywhere short rounds should redu                                                                                      | Children                                           | infants                                            |             4.7 |            2993.83 |    0.7597851173194886
 AAAAAAAACKEDAAAA | Environmental drugs can find new police. Physical, english r                                                                                                                                             | Children                                           | infants                                            |            0.51 |             925.54 |    0.2348869232668119
 AAAAAAAACMADAAAA | Clear names can capture d                                                                                                                                                                                | Children                                           | infants                                            |            5.13 |            1379.67 |   0.35013769412831686
 AAAAAAAACNKAAAAA | Years run constantly warm,                                                                                                                                                                               | Children                                           | infants                                            |           62.61 |            1215.28 |    0.3084181992217421
 AAAAAAAACNMCAAAA | Never high voices would                                                                                                                                                                                  | Children                                           | infants                                            |            0.55 |              717.6 |    0.1821151502217778
 AAAAAAAACOAEAAAA | Dark, wide animals ought to spend rough shows. Rural, current proposals pretend. Afraid, local others must believe l                                                                                     | Children                                           | infants                                            |            3.12 |             2592.8 |    0.6580102584936253
 AAAAAAAADANDAAAA | Likely years will consider                                                                                                                                                                               | Children                                           | infants                                            |            4.75 |            5586.42 |    1.4177420812457413
 AAAAAAAADBFBAAAA | Grimly domestic foods find in                                                                                                                                                                            | Children                                           | infants                                            |           26.58 |            1562.21 |   0.39646336235780866
 AAAAAAAADFACAAAA | Either external chapters should say years. Patterns will not discov                                                                                                                                      | Children                                           | infants                                            |            3.87 |           11123.07 |     2.822853350024178
 AAAAAAAADHHCAAAA | Past, important feet must meet at all useful bills. Items apply preferably teachers. Else real differences practice agreements; sophisticated events shall                                               | Children                                           | infants                                            |             4.3 |            9575.22 |    2.4300343209400377
 AAAAAAAADIFDAAAA | Immediate, good circumstances shall stay slightly writers. Low acres would not remember almost practices. Co                                                                                             | Children                                           | infants                                            |            7.08 | 10527.499999999998 |    2.6717074191189596
 AAAAAAAADJEDAAAA | All black photographs want quite. Profitable movements betray just in a conditions. Used, other passen                                                                                                   | Children                                           | infants                                            |            7.55 |              32.76 |  0.008313952510124638
 AAAAAAAADMDBAAAA | There avail                                                                                                                                                                                              | Children                                           | infants                                            |            3.54 |               63.7 |  0.016166018769686798
 AAAAAAAADNADAAAA | Communists complain very powerful, various police. British parents could not see as. Readers sho                                                                                                         | Children                                           | infants                                            |             3.7 |            6667.65 |    1.6921405816279775
 AAAAAAAAEAADAAAA | Different lessons justify only effects. Houses try per a women. Fully growing fragments think; realistic, ready countries will allow tonnes. Scientific, good wi                                         | Children                                           | infants                                            |            3.84 |            2741.44 |    0.6957326608472555
 AAAAAAAAEAAEAAAA | Natural, high questions read as. Upper, dead audiences support particularly fine readers. Unacceptable, small students would clarify altogether. Advertise                                               | Children                                           | infants                                            |            6.66 |            8044.36 |     2.041527076139995
 AAAAAAAAECOAAAAA | Other, sexual depths shall come really to a months; of course global children live very also independent measures. Final elements l                                                                      | Children                                           | infants                                            |            4.62 |             7134.1 |    1.8105179671086746
 AAAAAAAAEENCAAAA | Lucky, military bodies obey again currently national responses. Again concerned teachers must gain then by a partners. Soviet members take only n                                                        | Children                                           | infants                                            |            4.18 |            1371.11 |   0.34796530604874826
 AAAAAAAAEIDBAAAA | Relativ                                                                                                                                                                                                  | Children                                           | infants                                            |            1.41 |             745.38 |    0.1891652601342095
 AAAAAAAAEJCEAAAA | Royal eyes ought to educate sometimes open crews. Profits would not feel different, main patients. Personal friends shall take great resources. Fascinating, cheap readers may thin                      | Children                                           | infants                                            |            2.12 |              94.45 |  0.023969866134959467
 AAAAAAAAEKKCAAAA | So-called words r                                                                                                                                                                                        | Children                                           | infants                                            |            4.74 |  708.8399999999999 |   0.17989200541137812
 AAAAAAAAEMKDAAAA | Professional changes make for a artists. Secondary politicians encourage further from a things. Young,                                                                                                   | Children                                           | infants                                            |            4.72 |               1088 |    0.2761166157208671
 AAAAAAAAENBBAAAA | Later political q                                                                                                                                                                                        | Children                                           | infants                                            |            4.88 |            6382.41 |    1.6197513321167458
 AAAAAAAAEOACAAAA | Events offer. Hitherto regular                                                                                                                                                                           | Children                                           | infants                                            |            0.33 |                810 |    0.2055647598657191
 AAAAAAAAEOPBAAAA | Institutional breasts make only results. Pregnant, particular arms must take indeed certain owners;                                                                                                      | Children                                           | infants                                            |            3.61 |             3221.4 |    0.8175386634955895
 AAAAAAAAEPOCAAAA | Already metropolitan men put symbolic men. Foreign parties would n                                                                                                                                       | Children                                           | infants                                            |            3.16 |            1761.74 |   0.44710081487139747
 AAAAAAAAFEABAAAA | Profits can pass about groups. Poor, western offices could not give safely clean similar layers.                                                                                                         | Children                                           | infants                                            |            6.74 |             836.38 |    0.2122595726623335
 AAAAAAAAFEHAAAAA | Significant animals may not enforce wide left games. Straight minimal stars should support important                                                                                                     | Children                                           | infants                                            |           78.71 |            1116.28 |    0.2832936174603764
 AAAAAAAAFFFEAAAA | Short beautiful residents complicate walls. New, arab lectures should not find. Seasons move apparently remarkable, welsh faces. Main, limited pare                                                      | Children                                           | infants                                            |            8.23 |              26.28 |  0.006669434431198886
 AAAAAAAAFGCDAAAA | European clients should specify official dogs. Things shall own more to a categories. Personal needs imitate straight western men; good, new books stay services; subjects come as                       | Children                                           | infants                                            |            2.92 |             613.04 |   0.15557953134330918
 AAAAAAAAFHEAAAAA | Young plans will notice territorial, busy lips. Twice new cities might not adopt years. Events leave true, eastern servants. Belief                                                                      | Children                                           | infants                                            |            2.88 |  674.5699999999999 |   0.17119483958347917
 AAAAAAAAFIOBAAAA | Years analyse quite after a prices. Even single funds used to pay in order hands. Subtle, french periods work both new times. Very old hands would fo                                                    | Children                                           | infants                                            |           48.42 |             767.62 |   0.19480940860262133
 AAAAAAAAFJLAAAAA | Fresh, other books may decide bloody public organs. Ordinary rules explore burning officials. However correct applications would possess highest black possible findings; alternativ                     | Children                                           | infants                                            |             4.3 |             986.24 |    0.2502915910740331
 AAAAAAAAFMHBAAAA | Ever good eyes might enlarge long particular civil troops. Members put too biological arms. Now silly responsibilities realise                                                                           | Children                                           | infants                                            |            7.39 |             4405.1 |    1.1179423749191102
 AAAAAAAAGBDAAAAA | Financial stages could move rights. Little questions establish yeste                                                                                                                                     | Children                                           | infants                                            |            2.98 |            6199.96 |     1.573448504416128
 AAAAAAAAGBLBAAAA | Normal, likely efforts allow truly complete corporations. Gross, true activities think now like a differences. Deep, specific securities perpetuate in order other activiti                              | Children                                           | infants                                            |            5.35 |              148.2 |   0.03761073754580193
 AAAAAAAAGBMAAAAA | Today noble windows see just eastern, pleased banks. At all central times shall think big, main shots. Pale, comparable traders would know ve                                                            | Children                                           | infants                                            |            8.93 |            2062.36 |    0.5233932569835363
 AAAAAAAAGELBAAAA | Primary earnings tell essential, due resources. Horses might dare very. Impossible personnel fly                                                                                                         | Children                                           | infants                                            |            1.27 |            1683.84 |   0.42733106821270667
 AAAAAAAAGGBBAAAA | Fiscal, immediate bonds suggest again never capital players. Processes last yesterday previous remarks; plants would no                                                                                  | Children                                           | infants                                            |            1.12 |             138.24 |  0.035083052350416054
 AAAAAAAAGGCDAAAA | Most useful systems ought to make from time to time liable urban customers. Often high names ought to replace for a products. Constant, appointe                                                         | Children                                           | infants                                            |           17.09 | 2446.9799999999996 |    0.6210035260447125
 AAAAAAAAGGGCAAAA | Too extended children would state organisational, detailed occasions; powerful, unique things might deliver; instead young traders affect largely lovers. Light shops starve in order. Patients could    | Children                                           | infants                                            |            4.65 |  7217.700000000001 |    1.8317342805960504
 AAAAAAAAGGLAAAAA | Seats make months. Jobs used to deal. Other years would bother events. Good difficulties can expect securities. Strong emotions mak                                                                      | Children                                           | infants                                            |            2.08 |            2095.89 |    0.5319026229073605
 AAAAAAAAGIACAAAA | Visit                                                                                                                                                                                                    | Children                                           | infants                                            |           24.39 |            1334.86 |   0.33876564858562197
 AAAAAAAAGIKBAAAA | Male children would want indeed ostensibly solid guidelines; ap                                                                                                                                          | Children                                           | infants                                            |            8.73 |            4952.16 |    1.2567772607612586
 AAAAAAAAGJABAAAA | Original patients assume. Still single miles carry coins. Legal, positive attitudes must identify in order for a bills. Technical parties might choose around a values. Elsewhere eastern                | Children                                           | infants                                            |            1.51 |              158.5 |  0.040224709183600584
 AAAAAAAAGJBDAAAA | Terrible wheels ought to last. Short, corporate boards reproduce probably in a users. Small deaths appear na                                                                                             | Children                                           | infants                                            |            7.93 |            1611.24 |   0.40890637492103854
 AAAAAAAAGKADAAAA | Forthcoming clothes teach exactly                                                                                                                                                                        | Children                                           | infants                                            |            4.42 |             614.37 |    0.1559170636033356
 AAAAAAAAGLEEAAAA | Future methods begin only far bloody members. Silver, safe stairs determine very studies. Ethical, able performances go usually historically sophisticated women; over there possible authorities can ge | Children                                           | infants                                            |            1.08 |            2435.31 |    0.6180418708007214
 AAAAAAAAGLFBAAAA | Children cannot reduce simply. Both regular activities remain still women; long new m                                                                                                                    | Children                                           | infants                                            |             2.3 |              49.92 |   0.01266888001542802
 AAAAAAAAGOGDAAAA | Ot                                                                                                                                                                                                       | Children                                           | infants                                            |            6.89 |              241.6 |   0.06131413084389843
 AAAAAAAAHBEBAAAA | Plans know countries. Other, nuclear detectives must back very cold changes; serious votes leave. Red hands realise slow new arts. Foreign keys must not take for a occasions. Large, able times ho      | Children                                           | infants                                            |            1.56 |             241.92 |    0.0613953416132281
 AAAAAAAAHGBCAAAA | Military, able kids order again similar times. No doubt available divisions read mor                                                                                                                     | Children                                           | infants                                            |            2.41 |            8068.12 |    2.0475569757627228
 AAAAAAAAHHEEAAAA | Outside men make unreasonably. Also legal days could not choose alternative, economic yea                                                                                                                | Children                                           | infants                                            |            0.89 |             2461.7 |    0.6247392214338773
 AAAAAAAAHJFEAAAA | Furiou                                                                                                                                                                                                   | Children                                           | infants                                            |            6.92 |            1805.65 |   0.45824445512535267
 AAAAAAAAHJPDAAAA | Social men will not work then to a women. Specifically dark suggestions learn by now white years. Important, common police give positively; policemen want duly; more ne                                 | Children                                           | infants                                            |            5.31 |              32.13 |  0.008154068808006858
 AAAAAAAAHKBBAAAA | Local prices walk nowhere only other others. Applications support features. Right, heavy troops can like significantly currently unlikely cars; active su                                                | Children                                           | infants                                            |            8.77 |            1326.39 |   0.33661610103492734
 AAAAAAAAHNIAAAAA | Complex groups should look here indeed free thousands; industrial, main friends will happen direct expectations. Personal, mon                                                                           | Children                                           | infants                                            |           14.45 |            1918.21 |   0.48681034323706296
 AAAAAAAAIEEEAAAA | Attractive buildings may oblige necessarily for a acts; elements go about for a enquiries. Anyway moral flowers s                                                                                        | Children                                           | infants                                            |            1.52 |               3308 |    0.8395163279454305
 AAAAAAAAIFMBAAAA | Implications must take about gentle corporations; needs could not hold intern                                                                                                                            | Children                                           | infants                                            |            4.44 |            2251.08 |    0.5712873081957073
 AAAAAAAAIFNCAAAA | Parts shall not see still to the words. Levels de                                                                                                                                                        | Children                                           | infants                                            |            7.13 |              173.4 |    0.0440060856305132
 AAAAAAAAIGFBAAAA | Quietly civil politicians appear mo                                                                                                                                                                      | Children                                           | infants                                            |            0.19 |               5.72 |  0.001451642501767794
 AAAAAAAAIJBBAAAA | Empty criteria conc                                                                                                                                                                                      | Children                                           | infants                                            |            5.06 |             5785.6 |    1.4682907094803757
 AAAAAAAAIJEEAAAA | Students say in no experiences. Skills ought to seek also again central men. Problems move at the honours. Ago new connections would restore. Function                                                   | Children                                           | infants                                            |            1.87 |            4544.09 |    1.1532157650101424
 AAAAAAAAIJGCAAAA | National, essential legs must match basically even particular costs. Local holidays see                                                                                                                  | Children                                           | infants                                            |            0.53 | 3119.9100000000003 |    0.7917821604353774
 AAAAAAAAIJGDAAAA | Small, rural miles must understand also for a days. Original powers help toys. Academic historians ignore expensive experiment                                                                           | Children                                           | infants                                            |            6.82 |            1280.94 |    0.3250816339535731
 AAAAAAAAIKCCAAAA | Pr                                                                                                                                                                                                       | Children                                           | infants                                            |             1.2 |              927.2 |   0.23530820413270956
 AAAAAAAAIMCBAAAA | Partners exceed atlantic, persistent elements. Sacred, senior contracts enjoy so international governments. Hardly fast terms should                                                                     | Children                                           | infants                                            |            2.55 |           16296.94 |     4.135896984748188
 AAAAAAAAINIAAAAA | Burning, free samples used to turn certain supplies. Fundamental developments sh                                                                                                                         | Children                                           | infants                                            |            8.57 |             643.52 |   0.16331485712195992
 AAAAAAAAIPECAAAA | Obviously local kids include tightly in a changes. Now correct allies cannot enforce parts. Most small crimes                                                                                            | Children                                           | infants                                            |            3.68 | 2133.2799999999997 |    0.5413915937362236
 AAAAAAAAJFFAAAAA | Nearly international plants will not like years. Women die with a rises. Thus massive groups establish earlier manageri                                                                                  | Children                                           | infants                                            |             6.1 |               57.6 |  0.014617938479340023
 AAAAAAAAJGEDAAAA | Scottish, mean duties reveal instead rather total sets. Young, limited conditions might get also personal, peculiar charts. Years would collect right. Orthodox years would save ar                      | Children                                           | infants                                            |            8.83 |            8373.12 |    2.1249609902800617
 AAAAAAAAJHOBAAAA | Steps would not make modern actions. Wives should damage families. Still american reasons want from the for                                                                                              | Children                                           | infants                                            |            2.25 |            3093.76 |    0.7851457178792186
 AAAAAAAAJONBAAAA | Again visual signs see just uncomfortable machines. Memories see practical, current police. Here upper lives o                                                                                           | Children                                           | infants                                            |            5.07 |            8915.52 |    2.2626132442938465
 AAAAAAAAKDEAAAAA | Details think. Nearly other findings would want small men. Newspapers will suppose                                                                                                                       | Children                                           | infants                                            |            2.52 |             730.36 |   0.18535342964879825
 AAAAAAAAKDMAAAAA | Open, poor boards should take with the problems. Good rivers used to talk recently photographs. Economic walls might not pass m                                                                          | Children                                           | infants                                            |            2.27 |             685.88 |   0.17406513271197457
 AAAAAAAAKDOBAAAA | Overall, new images cope. Good, scientific things must anticipate very others.                                                                                                                           | Children                                           | infants                                            |             8.6 |            3472.64 |    0.8812992687655441
 AAAAAAAAKEMDAAAA | Families could find about difficult forms; white programmes used to feel at a barriers. Classes write more guilty, blind conditions. Specialist countries w                                              | Children                                           | infants                                            |            1.52 |             1046.7 |     0.265635350804257
 AAAAAAAAKFEBAAAA | Armies tell by the contexts; white, competitive women would invoke. Positive characteristics can make yet. Reasons end important, financial movements.                                                   | Children                                           | infants                                            |            9.58 | 2884.2799999999997 |    0.7319831180067855
 AAAAAAAAKFPBAAAA | Leading, growing emissions used                                                                                                                                                                          | Children                                           | infants                                            |            0.54 |            3086.08 |    0.7831966594153066
(100 rows)

UPDATE time_statistics SET e_time = TRANSACTION_TIMESTAMP() WHERE template = '../query_postgresql/query12.tpl' AND stream = 8;
psql:/tmp/s1-basline/throughput/query_8.sql:704: NOTICE:  duration: 0.069 ms  plan:
Query Text: UPDATE time_statistics SET e_time = TRANSACTION_TIMESTAMP() WHERE template = '../query_postgresql/query12.tpl' AND stream = 8;
Update on time_statistics  (cost=0.00..12.86 rows=0 width=0) (actual time=0.068..0.069 rows=0 loops=1)
  ->  Seq Scan on time_statistics  (cost=0.00..12.86 rows=1 width=14) (actual time=0.058..0.059 rows=1 loops=1)
        Filter: ((template = '../query_postgresql/query12.tpl'::text) AND (stream = 8))
        Rows Removed by Filter: 422
UPDATE 1
LOAD 'auto_explain'; SET auto_explain.log_min_duration TO 0; SET auto_explain.log_analyze TO on; SET auto_explain.log_level TO notice; INSERT INTO time_statistics (template, s_time, stream, query, seed) VALUES ('query59.tpl', TRANSACTION_TIMESTAMP(), 8, 11, 1763680806);
LOAD
SET
SET
SET
psql:/tmp/s1-basline/throughput/query_8.sql:705: NOTICE:  duration: 0.007 ms  plan:
Query Text: INSERT INTO time_statistics (template, s_time, stream, query, seed) VALUES ('query59.tpl', TRANSACTION_TIMESTAMP(), 8, 11, 1763680806);
Insert on time_statistics  (cost=0.00..0.01 rows=0 width=0) (actual time=0.007..0.007 rows=0 loops=1)
  ->  Result  (cost=0.00..0.01 rows=1 width=64) (actual time=0.001..0.001 rows=1 loops=1)
INSERT 0 1
with wss as 
 (select d_week_seq,
        ss_store_sk,
        sum(case when (d_day_name='Sunday') then ss_sales_price else null end) sun_sales,
        sum(case when (d_day_name='Monday') then ss_sales_price else null end) mon_sales,
        sum(case when (d_day_name='Tuesday') then ss_sales_price else  null end) tue_sales,
        sum(case when (d_day_name='Wednesday') then ss_sales_price else null end) wed_sales,
        sum(case when (d_day_name='Thursday') then ss_sales_price else null end) thu_sales,
        sum(case when (d_day_name='Friday') then ss_sales_price else null end) fri_sales,
        sum(case when (d_day_name='Saturday') then ss_sales_price else null end) sat_sales
 from store_sales,date_dim
 where d_date_sk = ss_sold_date_sk
 group by d_week_seq,ss_store_sk
 )
  select  s_store_name1,s_store_id1,d_week_seq1
       ,sun_sales1/sun_sales2,mon_sales1/mon_sales2
       ,tue_sales1/tue_sales2,wed_sales1/wed_sales2,thu_sales1/thu_sales2
       ,fri_sales1/fri_sales2,sat_sales1/sat_sales2
 from
 (select s_store_name s_store_name1,wss.d_week_seq d_week_seq1
        ,s_store_id s_store_id1,sun_sales sun_sales1
        ,mon_sales mon_sales1,tue_sales tue_sales1
        ,wed_sales wed_sales1,thu_sales thu_sales1
        ,fri_sales fri_sales1,sat_sales sat_sales1
  from wss,store,date_dim d
  where d.d_week_seq = wss.d_week_seq and
        ss_store_sk = s_store_sk and 
        d_month_seq between 1206 and 1206 + 11) y,
 (select s_store_name s_store_name2,wss.d_week_seq d_week_seq2
        ,s_store_id s_store_id2,sun_sales sun_sales2
        ,mon_sales mon_sales2,tue_sales tue_sales2
        ,wed_sales wed_sales2,thu_sales thu_sales2
        ,fri_sales fri_sales2,sat_sales sat_sales2
  from wss,store,date_dim d
  where d.d_week_seq = wss.d_week_seq and
        ss_store_sk = s_store_sk and 
        d_month_seq between 1206+ 12 and 1206 + 23) x
 where s_store_id1=s_store_id2
   and d_week_seq1=d_week_seq2-52
 order by s_store_name1,s_store_id1,d_week_seq1
limit 100;
psql:/tmp/s1-basline/throughput/query_8.sql:746: NOTICE:  duration: 973.010 ms  plan:
Query Text: with wss as 
 (select d_week_seq,
        ss_store_sk,
        sum(case when (d_day_name='Sunday') then ss_sales_price else null end) sun_sales,
        sum(case when (d_day_name='Monday') then ss_sales_price else null end) mon_sales,
        sum(case when (d_day_name='Tuesday') then ss_sales_price else  null end) tue_sales,
        sum(case when (d_day_name='Wednesday') then ss_sales_price else null end) wed_sales,
        sum(case when (d_day_name='Thursday') then ss_sales_price else null end) thu_sales,
        sum(case when (d_day_name='Friday') then ss_sales_price else null end) fri_sales,
        sum(case when (d_day_name='Saturday') then ss_sales_price else null end) sat_sales
 from store_sales,date_dim
 where d_date_sk = ss_sold_date_sk
 group by d_week_seq,ss_store_sk
 )
  select  s_store_name1,s_store_id1,d_week_seq1
       ,sun_sales1/sun_sales2,mon_sales1/mon_sales2
       ,tue_sales1/tue_sales2,wed_sales1/wed_sales2,thu_sales1/thu_sales2
       ,fri_sales1/fri_sales2,sat_sales1/sat_sales2
 from
 (select s_store_name s_store_name1,wss.d_week_seq d_week_seq1
        ,s_store_id s_store_id1,sun_sales sun_sales1
        ,mon_sales mon_sales1,tue_sales tue_sales1
        ,wed_sales wed_sales1,thu_sales thu_sales1
        ,fri_sales fri_sales1,sat_sales sat_sales1
  from wss,store,date_dim d
  where d.d_week_seq = wss.d_week_seq and
        ss_store_sk = s_store_sk and 
        d_month_seq between 1206 and 1206 + 11) y,
 (select s_store_name s_store_name2,wss.d_week_seq d_week_seq2
        ,s_store_id s_store_id2,sun_sales sun_sales2
        ,mon_sales mon_sales2,tue_sales tue_sales2
        ,wed_sales wed_sales2,thu_sales thu_sales2
        ,fri_sales fri_sales2,sat_sales sat_sales2
  from wss,store,date_dim d
  where d.d_week_seq = wss.d_week_seq and
        ss_store_sk = s_store_sk and 
        d_month_seq between 1206+ 12 and 1206 + 23) x
 where s_store_id1=s_store_id2
   and d_week_seq1=d_week_seq2-52
 order by s_store_name1,s_store_id1,d_week_seq1
limit 100;
Limit  (cost=163292.19..163292.20 rows=1 width=82) (actual time=972.759..972.911 rows=100 loops=1)
  CTE wss
    ->  Finalize HashAggregate  (cost=154681.46..155306.72 rows=62526 width=68) (actual time=813.880..814.687 rows=1850 loops=1)
          Group Key: date_dim.d_week_seq, store_sales.ss_store_sk
          Batches: 1  Memory Usage: 3601kB
          ->  Gather  (cost=138737.33..151867.79 rows=125052 width=68) (actual time=810.067..811.983 rows=5550 loops=1)
                Workers Planned: 2
                Workers Launched: 2
                ->  Partial HashAggregate  (cost=137737.33..138362.59 rows=62526 width=68) (actual time=804.596..805.333 rows=1850 loops=3)
                      Group Key: date_dim.d_week_seq, store_sales.ss_store_sk
                      Batches: 1  Memory Usage: 3601kB
                      Worker 0:  Batches: 1  Memory Usage: 3601kB
                      Worker 1:  Batches: 1  Memory Usage: 3601kB
                      ->  Hash Join  (cost=3048.60..91709.89 rows=1150686 width=30) (actual time=29.919..439.071 rows=904960 loops=3)
                            Hash Cond: (store_sales.ss_sold_date_sk = date_dim.d_date_sk)
                            ->  Parallel Seq Scan on store_sales  (cost=0.00..85499.45 rows=1204445 width=24) (actual time=0.015..137.915 rows=948150 loops=3)
                            ->  Hash  (cost=2135.49..2135.49 rows=73049 width=22) (actual time=29.350..29.350 rows=73049 loops=3)
                                  Buckets: 131072  Batches: 1  Memory Usage: 5019kB
                                  ->  Seq Scan on date_dim  (cost=0.00..2135.49 rows=73049 width=22) (actual time=0.022..17.185 rows=73049 loops=3)
  ->  Sort  (cost=7985.47..7985.47 rows=1 width=82) (actual time=972.758..972.765 rows=100 loops=1)
        Sort Key: store.s_store_name, store.s_store_id, wss.d_week_seq
        Sort Method: top-N heapsort  Memory: 48kB
        ->  Nested Loop  (cost=3971.09..7985.46 rows=1 width=82) (actual time=828.700..968.486 rows=15798 loops=1)
              Join Filter: (wss_1.d_week_seq = d_1.d_week_seq)
              Rows Removed by Join Filter: 814212
              ->  Seq Scan on date_dim d_1  (cost=0.00..2500.73 rows=359 width=4) (actual time=3.802..6.932 rows=365 loops=1)
                    Filter: ((d_month_seq >= 1218) AND (d_month_seq <= 1229))
                    Rows Removed by Filter: 72684
              ->  Materialize  (cost=3971.09..5436.26 rows=9 width=142) (actual time=2.259..2.348 rows=2274 loops=365)
                    ->  Hash Join  (cost=3971.09..5436.22 rows=9 width=142) (actual time=824.672..825.819 rows=2274 loops=1)
                          Hash Cond: (((wss_1.d_week_seq - 52) = d.d_week_seq) AND (store_1.s_store_id = store.s_store_id))
                          ->  Hash Join  (cost=1.27..1419.40 rows=3752 width=77) (actual time=813.919..814.409 rows=1588 loops=1)
                                Hash Cond: (wss_1.ss_store_sk = store_1.s_store_sk)
                                ->  CTE Scan on wss wss_1  (cost=0.00..1250.52 rows=62526 width=68) (actual time=813.883..813.998 rows=1850 loops=1)
                                ->  Hash  (cost=1.12..1.12 rows=12 width=25) (actual time=0.014..0.014 rows=12 loops=1)
                                      Buckets: 1024  Batches: 1  Memory Usage: 9kB
                                      ->  Seq Scan on store store_1  (cost=0.00..1.12 rows=12 width=25) (actual time=0.007..0.009 rows=12 loops=1)
                          ->  Hash  (cost=3967.95..3967.95 rows=125 width=86) (actual time=10.739..10.741 rows=2274 loops=1)
                                Buckets: 4096 (originally 1024)  Batches: 1 (originally 1)  Memory Usage: 304kB
                                ->  Hash Join  (cost=2506.35..3967.95 rows=125 width=86) (actual time=7.840..10.000 rows=2274 loops=1)
                                      Hash Cond: (wss.d_week_seq = d.d_week_seq)
                                      ->  Hash Join  (cost=1.27..1419.40 rows=3752 width=82) (actual time=0.018..1.827 rows=1588 loops=1)
                                            Hash Cond: (wss.ss_store_sk = store.s_store_sk)
                                            ->  CTE Scan on wss  (cost=0.00..1250.52 rows=62526 width=68) (actual time=0.000..1.425 rows=1850 loops=1)
                                            ->  Hash  (cost=1.12..1.12 rows=12 width=30) (actual time=0.008..0.008 rows=12 loops=1)
                                                  Buckets: 1024  Batches: 1  Memory Usage: 9kB
                                                  ->  Seq Scan on store  (cost=0.00..1.12 rows=12 width=30) (actual time=0.002..0.003 rows=12 loops=1)
                                      ->  Hash  (cost=2500.73..2500.73 rows=348 width=4) (actual time=7.808..7.808 rows=365 loops=1)
                                            Buckets: 1024  Batches: 1  Memory Usage: 21kB
                                            ->  Seq Scan on date_dim d  (cost=0.00..2500.73 rows=348 width=4) (actual time=3.593..7.753 rows=365 loops=1)
                                                  Filter: ((d_month_seq >= 1206) AND (d_month_seq <= 1217))
                                                  Rows Removed by Filter: 72684
 s_store_name1 |   s_store_id1    | d_week_seq1 |      ?column?      |      ?column?      |      ?column?      |      ?column?      |      ?column?       |      ?column?      |      ?column?      
---------------+------------------+-------------+--------------------+--------------------+--------------------+--------------------+---------------------+--------------------+--------------------
 able          | AAAAAAAACAAAAAAA |        5244 | 0.8257210519978058 |  1.044692863688101 | 1.7391639964530612 | 1.5617944614190797 |   1.530035223659138 | 0.8974825926301094 | 1.0265119417641606
 able          | AAAAAAAACAAAAAAA |        5244 | 0.8257210519978058 |  1.044692863688101 | 1.7391639964530612 | 1.5617944614190797 |   1.530035223659138 | 0.8974825926301094 | 1.0265119417641606
 able          | AAAAAAAACAAAAAAA |        5244 | 0.8257210519978058 |  1.044692863688101 | 1.7391639964530612 | 1.5617944614190797 |   1.530035223659138 | 0.8974825926301094 | 1.0265119417641606
 able          | AAAAAAAACAAAAAAA |        5244 | 0.8257210519978058 |  1.044692863688101 | 1.7391639964530612 | 1.5617944614190797 |   1.530035223659138 | 0.8974825926301094 | 1.0265119417641606
 able          | AAAAAAAACAAAAAAA |        5244 | 0.8257210519978058 |  1.044692863688101 | 1.7391639964530612 | 1.5617944614190797 |   1.530035223659138 | 0.8974825926301094 | 1.0265119417641606
 able          | AAAAAAAACAAAAAAA |        5244 | 0.8257210519978058 |  1.044692863688101 | 1.7391639964530612 | 1.5617944614190797 |   1.530035223659138 | 0.8974825926301094 | 1.0265119417641606
 able          | AAAAAAAACAAAAAAA |        5245 |  1.149990628702307 | 0.5470426664910342 |  0.720559027320751 |  2.128155531188783 | 0.48016139020295073 | 0.9950498821521458 |  1.406995742774943
 able          | AAAAAAAACAAAAAAA |        5245 |  1.149990628702307 | 0.5470426664910342 |  0.720559027320751 |  2.128155531188783 | 0.48016139020295073 | 0.9950498821521458 |  1.406995742774943
 able          | AAAAAAAACAAAAAAA |        5245 |  1.149990628702307 | 0.5470426664910342 |  0.720559027320751 |  2.128155531188783 | 0.48016139020295073 | 0.9950498821521458 |  1.406995742774943
 able          | AAAAAAAACAAAAAAA |        5245 |  1.149990628702307 | 0.5470426664910342 |  0.720559027320751 |  2.128155531188783 | 0.48016139020295073 | 0.9950498821521458 |  1.406995742774943
 able          | AAAAAAAACAAAAAAA |        5245 |  1.149990628702307 | 0.5470426664910342 |  0.720559027320751 |  2.128155531188783 | 0.48016139020295073 | 0.9950498821521458 |  1.406995742774943
 able          | AAAAAAAACAAAAAAA |        5245 |  1.149990628702307 | 0.5470426664910342 |  0.720559027320751 |  2.128155531188783 | 0.48016139020295073 | 0.9950498821521458 |  1.406995742774943
 able          | AAAAAAAACAAAAAAA |        5245 |  1.149990628702307 | 0.5470426664910342 |  0.720559027320751 |  2.128155531188783 | 0.48016139020295073 | 0.9950498821521458 |  1.406995742774943
 able          | AAAAAAAACAAAAAAA |        5245 |  1.149990628702307 | 0.5470426664910342 |  0.720559027320751 |  2.128155531188783 | 0.48016139020295073 | 0.9950498821521458 |  1.406995742774943
 able          | AAAAAAAACAAAAAAA |        5245 |  1.149990628702307 | 0.5470426664910342 |  0.720559027320751 |  2.128155531188783 | 0.48016139020295073 | 0.9950498821521458 |  1.406995742774943
 able          | AAAAAAAACAAAAAAA |        5245 |  1.149990628702307 | 0.5470426664910342 |  0.720559027320751 |  2.128155531188783 | 0.48016139020295073 | 0.9950498821521458 |  1.406995742774943
 able          | AAAAAAAACAAAAAAA |        5245 |  1.149990628702307 | 0.5470426664910342 |  0.720559027320751 |  2.128155531188783 | 0.48016139020295073 | 0.9950498821521458 |  1.406995742774943
 able          | AAAAAAAACAAAAAAA |        5245 |  1.149990628702307 | 0.5470426664910342 |  0.720559027320751 |  2.128155531188783 | 0.48016139020295073 | 0.9950498821521458 |  1.406995742774943
 able          | AAAAAAAACAAAAAAA |        5245 |  1.149990628702307 | 0.5470426664910342 |  0.720559027320751 |  2.128155531188783 | 0.48016139020295073 | 0.9950498821521458 |  1.406995742774943
 able          | AAAAAAAACAAAAAAA |        5245 |  1.149990628702307 | 0.5470426664910342 |  0.720559027320751 |  2.128155531188783 | 0.48016139020295073 | 0.9950498821521458 |  1.406995742774943
 able          | AAAAAAAACAAAAAAA |        5245 |  1.149990628702307 | 0.5470426664910342 |  0.720559027320751 |  2.128155531188783 | 0.48016139020295073 | 0.9950498821521458 |  1.406995742774943
 able          | AAAAAAAACAAAAAAA |        5245 |  1.149990628702307 | 0.5470426664910342 |  0.720559027320751 |  2.128155531188783 | 0.48016139020295073 | 0.9950498821521458 |  1.406995742774943
 able          | AAAAAAAACAAAAAAA |        5245 |  1.149990628702307 | 0.5470426664910342 |  0.720559027320751 |  2.128155531188783 | 0.48016139020295073 | 0.9950498821521458 |  1.406995742774943
 able          | AAAAAAAACAAAAAAA |        5245 |  1.149990628702307 | 0.5470426664910342 |  0.720559027320751 |  2.128155531188783 | 0.48016139020295073 | 0.9950498821521458 |  1.406995742774943
 able          | AAAAAAAACAAAAAAA |        5245 |  1.149990628702307 | 0.5470426664910342 |  0.720559027320751 |  2.128155531188783 | 0.48016139020295073 | 0.9950498821521458 |  1.406995742774943
 able          | AAAAAAAACAAAAAAA |        5245 |  1.149990628702307 | 0.5470426664910342 |  0.720559027320751 |  2.128155531188783 | 0.48016139020295073 | 0.9950498821521458 |  1.406995742774943
 able          | AAAAAAAACAAAAAAA |        5245 |  1.149990628702307 | 0.5470426664910342 |  0.720559027320751 |  2.128155531188783 | 0.48016139020295073 | 0.9950498821521458 |  1.406995742774943
 able          | AAAAAAAACAAAAAAA |        5245 |  1.149990628702307 | 0.5470426664910342 |  0.720559027320751 |  2.128155531188783 | 0.48016139020295073 | 0.9950498821521458 |  1.406995742774943
 able          | AAAAAAAACAAAAAAA |        5245 |  1.149990628702307 | 0.5470426664910342 |  0.720559027320751 |  2.128155531188783 | 0.48016139020295073 | 0.9950498821521458 |  1.406995742774943
 able          | AAAAAAAACAAAAAAA |        5245 |  1.149990628702307 | 0.5470426664910342 |  0.720559027320751 |  2.128155531188783 | 0.48016139020295073 | 0.9950498821521458 |  1.406995742774943
 able          | AAAAAAAACAAAAAAA |        5245 |  1.149990628702307 | 0.5470426664910342 |  0.720559027320751 |  2.128155531188783 | 0.48016139020295073 | 0.9950498821521458 |  1.406995742774943
 able          | AAAAAAAACAAAAAAA |        5245 |  1.149990628702307 | 0.5470426664910342 |  0.720559027320751 |  2.128155531188783 | 0.48016139020295073 | 0.9950498821521458 |  1.406995742774943
 able          | AAAAAAAACAAAAAAA |        5245 |  1.149990628702307 | 0.5470426664910342 |  0.720559027320751 |  2.128155531188783 | 0.48016139020295073 | 0.9950498821521458 |  1.406995742774943
 able          | AAAAAAAACAAAAAAA |        5245 |  1.149990628702307 | 0.5470426664910342 |  0.720559027320751 |  2.128155531188783 | 0.48016139020295073 | 0.9950498821521458 |  1.406995742774943
 able          | AAAAAAAACAAAAAAA |        5245 |  1.149990628702307 | 0.5470426664910342 |  0.720559027320751 |  2.128155531188783 | 0.48016139020295073 | 0.9950498821521458 |  1.406995742774943
 able          | AAAAAAAACAAAAAAA |        5245 |  1.149990628702307 | 0.5470426664910342 |  0.720559027320751 |  2.128155531188783 | 0.48016139020295073 | 0.9950498821521458 |  1.406995742774943
 able          | AAAAAAAACAAAAAAA |        5245 |  1.149990628702307 | 0.5470426664910342 |  0.720559027320751 |  2.128155531188783 | 0.48016139020295073 | 0.9950498821521458 |  1.406995742774943
 able          | AAAAAAAACAAAAAAA |        5245 |  1.149990628702307 | 0.5470426664910342 |  0.720559027320751 |  2.128155531188783 | 0.48016139020295073 | 0.9950498821521458 |  1.406995742774943
 able          | AAAAAAAACAAAAAAA |        5245 |  1.149990628702307 | 0.5470426664910342 |  0.720559027320751 |  2.128155531188783 | 0.48016139020295073 | 0.9950498821521458 |  1.406995742774943
 able          | AAAAAAAACAAAAAAA |        5245 |  1.149990628702307 | 0.5470426664910342 |  0.720559027320751 |  2.128155531188783 | 0.48016139020295073 | 0.9950498821521458 |  1.406995742774943
 able          | AAAAAAAACAAAAAAA |        5245 |  1.149990628702307 | 0.5470426664910342 |  0.720559027320751 |  2.128155531188783 | 0.48016139020295073 | 0.9950498821521458 |  1.406995742774943
 able          | AAAAAAAACAAAAAAA |        5245 |  1.149990628702307 | 0.5470426664910342 |  0.720559027320751 |  2.128155531188783 | 0.48016139020295073 | 0.9950498821521458 |  1.406995742774943
 able          | AAAAAAAACAAAAAAA |        5245 |  1.149990628702307 | 0.5470426664910342 |  0.720559027320751 |  2.128155531188783 | 0.48016139020295073 | 0.9950498821521458 |  1.406995742774943
 able          | AAAAAAAACAAAAAAA |        5245 |  1.149990628702307 | 0.5470426664910342 |  0.720559027320751 |  2.128155531188783 | 0.48016139020295073 | 0.9950498821521458 |  1.406995742774943
 able          | AAAAAAAACAAAAAAA |        5245 |  1.149990628702307 | 0.5470426664910342 |  0.720559027320751 |  2.128155531188783 | 0.48016139020295073 | 0.9950498821521458 |  1.406995742774943
 able          | AAAAAAAACAAAAAAA |        5245 |  1.149990628702307 | 0.5470426664910342 |  0.720559027320751 |  2.128155531188783 | 0.48016139020295073 | 0.9950498821521458 |  1.406995742774943
 able          | AAAAAAAACAAAAAAA |        5245 |  1.149990628702307 | 0.5470426664910342 |  0.720559027320751 |  2.128155531188783 | 0.48016139020295073 | 0.9950498821521458 |  1.406995742774943
 able          | AAAAAAAACAAAAAAA |        5245 |  1.149990628702307 | 0.5470426664910342 |  0.720559027320751 |  2.128155531188783 | 0.48016139020295073 | 0.9950498821521458 |  1.406995742774943
 able          | AAAAAAAACAAAAAAA |        5245 |  1.149990628702307 | 0.5470426664910342 |  0.720559027320751 |  2.128155531188783 | 0.48016139020295073 | 0.9950498821521458 |  1.406995742774943
 able          | AAAAAAAACAAAAAAA |        5245 |  1.149990628702307 | 0.5470426664910342 |  0.720559027320751 |  2.128155531188783 | 0.48016139020295073 | 0.9950498821521458 |  1.406995742774943
 able          | AAAAAAAACAAAAAAA |        5245 |  1.149990628702307 | 0.5470426664910342 |  0.720559027320751 |  2.128155531188783 | 0.48016139020295073 | 0.9950498821521458 |  1.406995742774943
 able          | AAAAAAAACAAAAAAA |        5245 |  1.149990628702307 | 0.5470426664910342 |  0.720559027320751 |  2.128155531188783 | 0.48016139020295073 | 0.9950498821521458 |  1.406995742774943
 able          | AAAAAAAACAAAAAAA |        5245 |  1.149990628702307 | 0.5470426664910342 |  0.720559027320751 |  2.128155531188783 | 0.48016139020295073 | 0.9950498821521458 |  1.406995742774943
 able          | AAAAAAAACAAAAAAA |        5245 |  1.149990628702307 | 0.5470426664910342 |  0.720559027320751 |  2.128155531188783 | 0.48016139020295073 | 0.9950498821521458 |  1.406995742774943
 able          | AAAAAAAACAAAAAAA |        5245 |  1.149990628702307 | 0.5470426664910342 |  0.720559027320751 |  2.128155531188783 | 0.48016139020295073 | 0.9950498821521458 |  1.406995742774943
 able          | AAAAAAAACAAAAAAA |        5246 | 0.7578430331703238 | 0.5789307704635808 | 1.4423998803920568 | 1.4698350230738073 |  0.8312126925318623 |   1.38460172801515 | 1.1294133264522903
 able          | AAAAAAAACAAAAAAA |        5246 | 0.7578430331703238 | 0.5789307704635808 | 1.4423998803920568 | 1.4698350230738073 |  0.8312126925318623 |   1.38460172801515 | 1.1294133264522903
 able          | AAAAAAAACAAAAAAA |        5246 | 0.7578430331703238 | 0.5789307704635808 | 1.4423998803920568 | 1.4698350230738073 |  0.8312126925318623 |   1.38460172801515 | 1.1294133264522903
 able          | AAAAAAAACAAAAAAA |        5246 | 0.7578430331703238 | 0.5789307704635808 | 1.4423998803920568 | 1.4698350230738073 |  0.8312126925318623 |   1.38460172801515 | 1.1294133264522903
 able          | AAAAAAAACAAAAAAA |        5246 | 0.7578430331703238 | 0.5789307704635808 | 1.4423998803920568 | 1.4698350230738073 |  0.8312126925318623 |   1.38460172801515 | 1.1294133264522903
 able          | AAAAAAAACAAAAAAA |        5246 | 0.7578430331703238 | 0.5789307704635808 | 1.4423998803920568 | 1.4698350230738073 |  0.8312126925318623 |   1.38460172801515 | 1.1294133264522903
 able          | AAAAAAAACAAAAAAA |        5246 | 0.7578430331703238 | 0.5789307704635808 | 1.4423998803920568 | 1.4698350230738073 |  0.8312126925318623 |   1.38460172801515 | 1.1294133264522903
 able          | AAAAAAAACAAAAAAA |        5246 | 0.7578430331703238 | 0.5789307704635808 | 1.4423998803920568 | 1.4698350230738073 |  0.8312126925318623 |   1.38460172801515 | 1.1294133264522903
 able          | AAAAAAAACAAAAAAA |        5246 | 0.7578430331703238 | 0.5789307704635808 | 1.4423998803920568 | 1.4698350230738073 |  0.8312126925318623 |   1.38460172801515 | 1.1294133264522903
 able          | AAAAAAAACAAAAAAA |        5246 | 0.7578430331703238 | 0.5789307704635808 | 1.4423998803920568 | 1.4698350230738073 |  0.8312126925318623 |   1.38460172801515 | 1.1294133264522903
 able          | AAAAAAAACAAAAAAA |        5246 | 0.7578430331703238 | 0.5789307704635808 | 1.4423998803920568 | 1.4698350230738073 |  0.8312126925318623 |   1.38460172801515 | 1.1294133264522903
 able          | AAAAAAAACAAAAAAA |        5246 | 0.7578430331703238 | 0.5789307704635808 | 1.4423998803920568 | 1.4698350230738073 |  0.8312126925318623 |   1.38460172801515 | 1.1294133264522903
 able          | AAAAAAAACAAAAAAA |        5246 | 0.7578430331703238 | 0.5789307704635808 | 1.4423998803920568 | 1.4698350230738073 |  0.8312126925318623 |   1.38460172801515 | 1.1294133264522903
 able          | AAAAAAAACAAAAAAA |        5246 | 0.7578430331703238 | 0.5789307704635808 | 1.4423998803920568 | 1.4698350230738073 |  0.8312126925318623 |   1.38460172801515 | 1.1294133264522903
 able          | AAAAAAAACAAAAAAA |        5246 | 0.7578430331703238 | 0.5789307704635808 | 1.4423998803920568 | 1.4698350230738073 |  0.8312126925318623 |   1.38460172801515 | 1.1294133264522903
 able          | AAAAAAAACAAAAAAA |        5246 | 0.7578430331703238 | 0.5789307704635808 | 1.4423998803920568 | 1.4698350230738073 |  0.8312126925318623 |   1.38460172801515 | 1.1294133264522903
 able          | AAAAAAAACAAAAAAA |        5246 | 0.7578430331703238 | 0.5789307704635808 | 1.4423998803920568 | 1.4698350230738073 |  0.8312126925318623 |   1.38460172801515 | 1.1294133264522903
 able          | AAAAAAAACAAAAAAA |        5246 | 0.7578430331703238 | 0.5789307704635808 | 1.4423998803920568 | 1.4698350230738073 |  0.8312126925318623 |   1.38460172801515 | 1.1294133264522903
 able          | AAAAAAAACAAAAAAA |        5246 | 0.7578430331703238 | 0.5789307704635808 | 1.4423998803920568 | 1.4698350230738073 |  0.8312126925318623 |   1.38460172801515 | 1.1294133264522903
 able          | AAAAAAAACAAAAAAA |        5246 | 0.7578430331703238 | 0.5789307704635808 | 1.4423998803920568 | 1.4698350230738073 |  0.8312126925318623 |   1.38460172801515 | 1.1294133264522903
 able          | AAAAAAAACAAAAAAA |        5246 | 0.7578430331703238 | 0.5789307704635808 | 1.4423998803920568 | 1.4698350230738073 |  0.8312126925318623 |   1.38460172801515 | 1.1294133264522903
 able          | AAAAAAAACAAAAAAA |        5246 | 0.7578430331703238 | 0.5789307704635808 | 1.4423998803920568 | 1.4698350230738073 |  0.8312126925318623 |   1.38460172801515 | 1.1294133264522903
 able          | AAAAAAAACAAAAAAA |        5246 | 0.7578430331703238 | 0.5789307704635808 | 1.4423998803920568 | 1.4698350230738073 |  0.8312126925318623 |   1.38460172801515 | 1.1294133264522903
 able          | AAAAAAAACAAAAAAA |        5246 | 0.7578430331703238 | 0.5789307704635808 | 1.4423998803920568 | 1.4698350230738073 |  0.8312126925318623 |   1.38460172801515 | 1.1294133264522903
 able          | AAAAAAAACAAAAAAA |        5246 | 0.7578430331703238 | 0.5789307704635808 | 1.4423998803920568 | 1.4698350230738073 |  0.8312126925318623 |   1.38460172801515 | 1.1294133264522903
 able          | AAAAAAAACAAAAAAA |        5246 | 0.7578430331703238 | 0.5789307704635808 | 1.4423998803920568 | 1.4698350230738073 |  0.8312126925318623 |   1.38460172801515 | 1.1294133264522903
 able          | AAAAAAAACAAAAAAA |        5246 | 0.7578430331703238 | 0.5789307704635808 | 1.4423998803920568 | 1.4698350230738073 |  0.8312126925318623 |   1.38460172801515 | 1.1294133264522903
 able          | AAAAAAAACAAAAAAA |        5246 | 0.7578430331703238 | 0.5789307704635808 | 1.4423998803920568 | 1.4698350230738073 |  0.8312126925318623 |   1.38460172801515 | 1.1294133264522903
 able          | AAAAAAAACAAAAAAA |        5246 | 0.7578430331703238 | 0.5789307704635808 | 1.4423998803920568 | 1.4698350230738073 |  0.8312126925318623 |   1.38460172801515 | 1.1294133264522903
 able          | AAAAAAAACAAAAAAA |        5246 | 0.7578430331703238 | 0.5789307704635808 | 1.4423998803920568 | 1.4698350230738073 |  0.8312126925318623 |   1.38460172801515 | 1.1294133264522903
 able          | AAAAAAAACAAAAAAA |        5246 | 0.7578430331703238 | 0.5789307704635808 | 1.4423998803920568 | 1.4698350230738073 |  0.8312126925318623 |   1.38460172801515 | 1.1294133264522903
 able          | AAAAAAAACAAAAAAA |        5246 | 0.7578430331703238 | 0.5789307704635808 | 1.4423998803920568 | 1.4698350230738073 |  0.8312126925318623 |   1.38460172801515 | 1.1294133264522903
 able          | AAAAAAAACAAAAAAA |        5246 | 0.7578430331703238 | 0.5789307704635808 | 1.4423998803920568 | 1.4698350230738073 |  0.8312126925318623 |   1.38460172801515 | 1.1294133264522903
 able          | AAAAAAAACAAAAAAA |        5246 | 0.7578430331703238 | 0.5789307704635808 | 1.4423998803920568 | 1.4698350230738073 |  0.8312126925318623 |   1.38460172801515 | 1.1294133264522903
 able          | AAAAAAAACAAAAAAA |        5246 | 0.7578430331703238 | 0.5789307704635808 | 1.4423998803920568 | 1.4698350230738073 |  0.8312126925318623 |   1.38460172801515 | 1.1294133264522903
 able          | AAAAAAAACAAAAAAA |        5246 | 0.7578430331703238 | 0.5789307704635808 | 1.4423998803920568 | 1.4698350230738073 |  0.8312126925318623 |   1.38460172801515 | 1.1294133264522903
 able          | AAAAAAAACAAAAAAA |        5246 | 0.7578430331703238 | 0.5789307704635808 | 1.4423998803920568 | 1.4698350230738073 |  0.8312126925318623 |   1.38460172801515 | 1.1294133264522903
 able          | AAAAAAAACAAAAAAA |        5246 | 0.7578430331703238 | 0.5789307704635808 | 1.4423998803920568 | 1.4698350230738073 |  0.8312126925318623 |   1.38460172801515 | 1.1294133264522903
 able          | AAAAAAAACAAAAAAA |        5246 | 0.7578430331703238 | 0.5789307704635808 | 1.4423998803920568 | 1.4698350230738073 |  0.8312126925318623 |   1.38460172801515 | 1.1294133264522903
 able          | AAAAAAAACAAAAAAA |        5246 | 0.7578430331703238 | 0.5789307704635808 | 1.4423998803920568 | 1.4698350230738073 |  0.8312126925318623 |   1.38460172801515 | 1.1294133264522903
 able          | AAAAAAAACAAAAAAA |        5246 | 0.7578430331703238 | 0.5789307704635808 | 1.4423998803920568 | 1.4698350230738073 |  0.8312126925318623 |   1.38460172801515 | 1.1294133264522903
 able          | AAAAAAAACAAAAAAA |        5246 | 0.7578430331703238 | 0.5789307704635808 | 1.4423998803920568 | 1.4698350230738073 |  0.8312126925318623 |   1.38460172801515 | 1.1294133264522903
 able          | AAAAAAAACAAAAAAA |        5246 | 0.7578430331703238 | 0.5789307704635808 | 1.4423998803920568 | 1.4698350230738073 |  0.8312126925318623 |   1.38460172801515 | 1.1294133264522903
 able          | AAAAAAAACAAAAAAA |        5246 | 0.7578430331703238 | 0.5789307704635808 | 1.4423998803920568 | 1.4698350230738073 |  0.8312126925318623 |   1.38460172801515 | 1.1294133264522903
 able          | AAAAAAAACAAAAAAA |        5246 | 0.7578430331703238 | 0.5789307704635808 | 1.4423998803920568 | 1.4698350230738073 |  0.8312126925318623 |   1.38460172801515 | 1.1294133264522903
(100 rows)

UPDATE time_statistics SET e_time = TRANSACTION_TIMESTAMP() WHERE template = 'query59.tpl' AND stream = 8;
psql:/tmp/s1-basline/throughput/query_8.sql:748: NOTICE:  duration: 0.074 ms  plan:
Query Text: UPDATE time_statistics SET e_time = TRANSACTION_TIMESTAMP() WHERE template = 'query59.tpl' AND stream = 8;
Update on time_statistics  (cost=0.00..12.86 rows=0 width=0) (actual time=0.073..0.073 rows=0 loops=1)
  ->  Seq Scan on time_statistics  (cost=0.00..12.86 rows=1 width=14) (actual time=0.058..0.058 rows=1 loops=1)
        Filter: ((template = 'query59.tpl'::text) AND (stream = 8))
        Rows Removed by Filter: 425
UPDATE 1
LOAD 'auto_explain'; SET auto_explain.log_min_duration TO 0; SET auto_explain.log_analyze TO on; SET auto_explain.log_level TO notice; INSERT INTO time_statistics (template, s_time, stream, query, seed) VALUES ('../query_postgresql/query70.tpl', TRANSACTION_TIMESTAMP(), 8, 12, 466526901);
LOAD
SET
SET
SET
psql:/tmp/s1-basline/throughput/query_8.sql:749: NOTICE:  duration: 0.008 ms  plan:
Query Text: INSERT INTO time_statistics (template, s_time, stream, query, seed) VALUES ('../query_postgresql/query70.tpl', TRANSACTION_TIMESTAMP(), 8, 12, 466526901);
Insert on time_statistics  (cost=0.00..0.01 rows=0 width=0) (actual time=0.007..0.008 rows=0 loops=1)
  ->  Result  (cost=0.00..0.01 rows=1 width=64) (actual time=0.001..0.001 rows=1 loops=1)
INSERT 0 1
with results as
( select
    sum(ss_net_profit) as total_sum ,s_state ,s_county, 0 as gstate, 0 as g_county
 from
    store_sales
  ,date_dim      d1
  ,store
 where
    d1.d_month_seq between 1184 and 1184 + 11
 and d1.d_date_sk = ss_sold_date_sk
 and s_store_sk  = ss_store_sk
 and s_state in
            ( select s_state
              from  (select s_state as s_state,
                 rank() over ( partition by s_state order by sum(ss_net_profit) desc) as ranking
                      from  store_sales, store, date_dim
                      where d_month_seq between 1184 and 1184 + 11
                 and d_date_sk = ss_sold_date_sk
                 and s_store_sk  = ss_store_sk
                      group by s_state
                    ) tmp1 
              where ranking <= 5)
  group by s_state,s_county) ,  
 results_rollup as 
(select total_sum ,s_state ,s_county, 0 as g_state, 0 as g_county, 0 as lochierarchy from results
 union
 select sum(total_sum) as total_sum,s_state, NULL as s_county, 0 as g_state, 1 as g_county, 1 as lochierarchy from results group by s_state
 union
 select sum(total_sum) as total_sum ,NULL as s_state ,NULL as s_county, 1 as g_state, 1 as g_county, 2 as lochierarchy from results)
  select  total_sum ,s_state ,s_county, lochierarchy 
  ,rank() over (
     partition by lochierarchy, 
     case when g_county = 0 then s_state end 
     order by total_sum desc) as rank_within_parent
 from results_rollup
 order by
  lochierarchy desc
  ,case when lochierarchy = 0 then s_state end
  ,rank_within_parent
 limit 100;
psql:/tmp/s1-basline/throughput/query_8.sql:789: NOTICE:  duration: 1043.532 ms  plan:
Query Text: with results as
( select
    sum(ss_net_profit) as total_sum ,s_state ,s_county, 0 as gstate, 0 as g_county
 from
    store_sales
  ,date_dim      d1
  ,store
 where
    d1.d_month_seq between 1184 and 1184 + 11
 and d1.d_date_sk = ss_sold_date_sk
 and s_store_sk  = ss_store_sk
 and s_state in
            ( select s_state
              from  (select s_state as s_state,
                 rank() over ( partition by s_state order by sum(ss_net_profit) desc) as ranking
                      from  store_sales, store, date_dim
                      where d_month_seq between 1184 and 1184 + 11
                 and d_date_sk = ss_sold_date_sk
                 and s_store_sk  = ss_store_sk
                      group by s_state
                    ) tmp1 
              where ranking <= 5)
  group by s_state,s_county) ,  
 results_rollup as 
(select total_sum ,s_state ,s_county, 0 as g_state, 0 as g_county, 0 as lochierarchy from results
 union
 select sum(total_sum) as total_sum,s_state, NULL as s_county, 0 as g_state, 1 as g_county, 1 as lochierarchy from results group by s_state
 union
 select sum(total_sum) as total_sum ,NULL as s_state ,NULL as s_county, 1 as g_state, 1 as g_county, 2 as lochierarchy from results)
  select  total_sum ,s_state ,s_county, lochierarchy 
  ,rank() over (
     partition by lochierarchy, 
     case when g_county = 0 then s_state end 
     order by total_sum desc) as rank_within_parent
 from results_rollup
 order by
  lochierarchy desc
  ,case when lochierarchy = 0 then s_state end
  ,rank_within_parent
 limit 100;
Limit  (cost=186974.28..186974.29 rows=3 width=148) (actual time=970.013..1043.518 rows=3 loops=1)
  CTE results
    ->  GroupAggregate  (cost=185124.12..186973.91 rows=1 width=37) (actual time=969.965..1043.466 rows=1 loops=1)
          Group Key: store.s_state, store.s_county
          ->  Merge Join  (cost=185124.12..186872.24 rows=13554 width=29) (actual time=725.319..978.278 rows=536569 loops=1)
                Merge Cond: (store.s_state = store_1.s_state)
                ->  Gather Merge  (cost=92540.78..94119.37 rows=13554 width=29) (actual time=347.137..529.087 rows=536569 loops=1)
                      Workers Planned: 2
                      Workers Launched: 2
                      ->  Sort  (cost=91540.75..91554.87 rows=5648 width=29) (actual time=342.703..366.583 rows=178856 loops=3)
                            Sort Key: store.s_state, store.s_county
                            Sort Method: external merge  Disk: 8360kB
                            Worker 0:  Sort Method: quicksort  Memory: 15189kB
                            Worker 1:  Sort Method: quicksort  Memory: 15281kB
                            ->  Hash Join  (cost=2506.70..91188.78 rows=5648 width=29) (actual time=13.644..299.349 rows=178856 loops=3)
                                  Hash Cond: (store_sales.ss_store_sk = store.s_store_sk)
                                  ->  Hash Join  (cost=2505.43..91166.73 rows=5923 width=16) (actual time=13.511..271.708 rows=183215 loops=3)
                                        Hash Cond: (store_sales.ss_sold_date_sk = d1.d_date_sk)
                                        ->  Parallel Seq Scan on store_sales  (cost=0.00..85499.45 rows=1204445 width=24) (actual time=0.018..126.346 rows=948150 loops=3)
                                        ->  Hash  (cost=2500.73..2500.73 rows=376 width=8) (actual time=13.470..13.471 rows=365 loops=3)
                                              Buckets: 1024  Batches: 1  Memory Usage: 23kB
                                              ->  Seq Scan on date_dim d1  (cost=0.00..2500.73 rows=376 width=8) (actual time=6.359..13.424 rows=365 loops=3)
                                                    Filter: ((d_month_seq >= 1184) AND (d_month_seq <= 1195))
                                                    Rows Removed by Filter: 72684
                                  ->  Hash  (cost=1.12..1.12 rows=12 width=29) (actual time=0.033..0.033 rows=12 loops=3)
                                        Buckets: 1024  Batches: 1  Memory Usage: 9kB
                                        ->  Seq Scan on store  (cost=0.00..1.12 rows=12 width=29) (actual time=0.024..0.028 rows=12 loops=3)
                ->  WindowAgg  (cost=92583.35..92583.43 rows=2 width=19) (actual time=378.177..378.248 rows=1 loops=1)
                      Run Condition: (rank() OVER (?) <= 5)
                      ->  Incremental Sort  (cost=92583.35..92583.39 rows=2 width=11) (actual time=378.169..378.240 rows=1 loops=1)
                            Sort Key: store_1.s_state, (sum(store_sales_1.ss_net_profit)) DESC
                            Presorted Key: store_1.s_state
                            Full-sort Groups: 1  Sort Method: quicksort  Average Memory: 25kB  Peak Memory: 25kB
                            ->  Finalize GroupAggregate  (cost=92540.71..92583.32 rows=1 width=11) (actual time=378.155..378.226 rows=1 loops=1)
                                  Group Key: store_1.s_state
                                  ->  Gather Merge  (cost=92540.71..92583.30 rows=2 width=11) (actual time=378.149..378.220 rows=3 loops=1)
                                        Workers Planned: 2
                                        Workers Launched: 2
                                        ->  Partial GroupAggregate  (cost=91540.69..91583.05 rows=1 width=11) (actual time=356.993..356.997 rows=1 loops=3)
                                              Group Key: store_1.s_state
                                              ->  Sort  (cost=91540.69..91554.80 rows=5647 width=11) (actual time=324.973..335.831 rows=178856 loops=3)
                                                    Sort Key: store_1.s_state
                                                    Sort Method: external merge  Disk: 5568kB
                                                    Worker 0:  Sort Method: quicksort  Memory: 13561kB
                                                    Worker 1:  Sort Method: quicksort  Memory: 13573kB
                                                    ->  Hash Join  (cost=2506.70..91188.78 rows=5647 width=11) (actual time=13.219..294.288 rows=178856 loops=3)
                                                          Hash Cond: (store_sales_1.ss_store_sk = store_1.s_store_sk)
                                                          ->  Hash Join  (cost=2505.43..91166.73 rows=5923 width=16) (actual time=13.130..267.836 rows=183215 loops=3)
                                                                Hash Cond: (store_sales_1.ss_sold_date_sk = date_dim.d_date_sk)
                                                                ->  Parallel Seq Scan on store_sales store_sales_1  (cost=0.00..85499.45 rows=1204445 width=24) (actual time=0.014..126.499 rows=948150 loops=3)
                                                                ->  Hash  (cost=2500.73..2500.73 rows=376 width=8) (actual time=13.095..13.096 rows=365 loops=3)
                                                                      Buckets: 1024  Batches: 1  Memory Usage: 23kB
                                                                      ->  Seq Scan on date_dim  (cost=0.00..2500.73 rows=376 width=8) (actual time=6.199..13.049 rows=365 loops=3)
                                                                            Filter: ((d_month_seq >= 1184) AND (d_month_seq <= 1195))
                                                                            Rows Removed by Filter: 72684
                                                          ->  Hash  (cost=1.12..1.12 rows=12 width=11) (actual time=0.036..0.036 rows=12 loops=3)
                                                                Buckets: 1024  Batches: 1  Memory Usage: 9kB
                                                                ->  Seq Scan on store store_1  (cost=0.00..1.12 rows=12 width=11) (actual time=0.025..0.029 rows=12 loops=3)
  ->  Sort  (cost=0.38..0.38 rows=3 width=148) (actual time=970.012..970.015 rows=3 loops=1)
        Sort Key: results_rollup.lochierarchy DESC, (CASE WHEN (results_rollup.lochierarchy = 0) THEN results_rollup.s_state ELSE NULL::bpchar END), (rank() OVER (?))
        Sort Method: quicksort  Memory: 25kB
        ->  WindowAgg  (cost=0.27..0.35 rows=3 width=148) (actual time=969.995..970.000 rows=3 loops=1)
              ->  Sort  (cost=0.27..0.28 rows=3 width=108) (actual time=969.990..969.992 rows=3 loops=1)
                    Sort Key: results_rollup.lochierarchy, (CASE WHEN (results_rollup.g_county = 0) THEN results_rollup.s_state ELSE NULL::bpchar END), results_rollup.total_sum DESC
                    Sort Method: quicksort  Memory: 25kB
                    ->  Subquery Scan on results_rollup  (cost=0.18..0.24 rows=3 width=108) (actual time=969.985..969.988 rows=3 loops=1)
                          ->  HashAggregate  (cost=0.18..0.21 rows=3 width=84) (actual time=969.983..969.985 rows=3 loops=1)
                                Group Key: results.total_sum, results.s_state, results.s_county, (0), (0), (0)
                                Batches: 1  Memory Usage: 24kB
                                ->  Append  (cost=0.00..0.13 rows=3 width=84) (actual time=969.968..969.978 rows=3 loops=1)
                                      ->  CTE Scan on results  (cost=0.00..0.02 rows=1 width=110) (actual time=969.967..969.968 rows=1 loops=1)
                                      ->  HashAggregate  (cost=0.02..0.03 rows=1 width=64) (actual time=0.004..0.005 rows=1 loops=1)
                                            Group Key: results_1.s_state
                                            Batches: 1  Memory Usage: 24kB
                                            ->  CTE Scan on results results_1  (cost=0.00..0.02 rows=1 width=20) (actual time=0.000..0.001 rows=1 loops=1)
                                      ->  Aggregate  (cost=0.02..0.03 rows=1 width=84) (actual time=0.002..0.003 rows=1 loops=1)
                                            ->  CTE Scan on results results_2  (cost=0.00..0.02 rows=1 width=8) (actual time=0.000..0.000 rows=1 loops=1)
     total_sum      | s_state |     s_county      | lochierarchy | rank_within_parent 
--------------------+---------+-------------------+--------------+--------------------
 -439248742.0000061 |         |                   |            2 |                  1
 -439248742.0000061 | TN      |                   |            1 |                  1
 -439248742.0000061 | TN      | Williamson County |            0 |                  1
(3 rows)

UPDATE time_statistics SET e_time = TRANSACTION_TIMESTAMP() WHERE template = '../query_postgresql/query70.tpl' AND stream = 8;
psql:/tmp/s1-basline/throughput/query_8.sql:791: NOTICE:  duration: 0.068 ms  plan:
Query Text: UPDATE time_statistics SET e_time = TRANSACTION_TIMESTAMP() WHERE template = '../query_postgresql/query70.tpl' AND stream = 8;
Update on time_statistics  (cost=0.00..12.41 rows=0 width=0) (actual time=0.067..0.068 rows=0 loops=1)
  ->  Seq Scan on time_statistics  (cost=0.00..12.41 rows=1 width=14) (actual time=0.053..0.054 rows=1 loops=1)
        Filter: ((template = '../query_postgresql/query70.tpl'::text) AND (stream = 8))
        Rows Removed by Filter: 429
UPDATE 1
LOAD 'auto_explain'; SET auto_explain.log_min_duration TO 0; SET auto_explain.log_analyze TO on; SET auto_explain.log_level TO notice; INSERT INTO time_statistics (template, s_time, stream, query, seed) VALUES ('query91.tpl', TRANSACTION_TIMESTAMP(), 8, 13, 1480664130);
LOAD
SET
SET
SET
psql:/tmp/s1-basline/throughput/query_8.sql:792: NOTICE:  duration: 0.020 ms  plan:
Query Text: INSERT INTO time_statistics (template, s_time, stream, query, seed) VALUES ('query91.tpl', TRANSACTION_TIMESTAMP(), 8, 13, 1480664130);
Insert on time_statistics  (cost=0.00..0.01 rows=0 width=0) (actual time=0.020..0.020 rows=0 loops=1)
  ->  Result  (cost=0.00..0.01 rows=1 width=64) (actual time=0.001..0.001 rows=1 loops=1)
INSERT 0 1
select  
        cc_call_center_id Call_Center,
        cc_name Call_Center_Name,
        cc_manager Manager,
        sum(cr_net_loss) Returns_Loss
from
        call_center,
        catalog_returns,
        date_dim,
        customer,
        customer_address,
        customer_demographics,
        household_demographics
where
        cr_call_center_sk       = cc_call_center_sk
and     cr_returned_date_sk     = d_date_sk
and     cr_returning_customer_sk= c_customer_sk
and     cd_demo_sk              = c_current_cdemo_sk
and     hd_demo_sk              = c_current_hdemo_sk
and     ca_address_sk           = c_current_addr_sk
and     d_year                  = 1998 
and     d_moy                   = 11
and     ( (cd_marital_status       = 'M' and cd_education_status     = 'Unknown')
        or(cd_marital_status       = 'W' and cd_education_status     = 'Advanced Degree'))
and     hd_buy_potential like '5001-10000%'
and     ca_gmt_offset           = -6
group by cc_call_center_id,cc_name,cc_manager,cd_marital_status,cd_education_status
order by sum(cr_net_loss) desc;
psql:/tmp/s1-basline/throughput/query_8.sql:820: NOTICE:  duration: 21.024 ms  plan:
Query Text: select  
        cc_call_center_id Call_Center,
        cc_name Call_Center_Name,
        cc_manager Manager,
        sum(cr_net_loss) Returns_Loss
from
        call_center,
        catalog_returns,
        date_dim,
        customer,
        customer_address,
        customer_demographics,
        household_demographics
where
        cr_call_center_sk       = cc_call_center_sk
and     cr_returned_date_sk     = d_date_sk
and     cr_returning_customer_sk= c_customer_sk
and     cd_demo_sk              = c_current_cdemo_sk
and     hd_demo_sk              = c_current_hdemo_sk
and     ca_address_sk           = c_current_addr_sk
and     d_year                  = 1998 
and     d_moy                   = 11
and     ( (cd_marital_status       = 'M' and cd_education_status     = 'Unknown')
        or(cd_marital_status       = 'W' and cd_education_status     = 'Advanced Degree'))
and     hd_buy_potential like '5001-10000%'
and     ca_gmt_offset           = -6
group by cc_call_center_id,cc_name,cc_manager,cd_marital_status,cd_education_status
order by sum(cr_net_loss) desc;
Sort  (cost=2767.14..2767.14 rows=1 width=74) (actual time=21.013..21.015 rows=3 loops=1)
  Sort Key: (sum(catalog_returns.cr_net_loss)) DESC
  Sort Method: quicksort  Memory: 25kB
  ->  GroupAggregate  (cost=1384.37..2767.13 rows=1 width=74) (actual time=21.006..21.010 rows=3 loops=1)
        Group Key: call_center.cc_call_center_id, call_center.cc_name, call_center.cc_manager, customer_demographics.cd_marital_status, customer_demographics.cd_education_status
        ->  Incremental Sort  (cost=1384.37..2767.09 rows=2 width=74) (actual time=20.999..21.001 rows=6 loops=1)
              Sort Key: call_center.cc_call_center_id, call_center.cc_name, call_center.cc_manager, customer_demographics.cd_marital_status, customer_demographics.cd_education_status
              Presorted Key: call_center.cc_call_center_id
              Full-sort Groups: 1  Sort Method: quicksort  Average Memory: 25kB  Peak Memory: 25kB
              ->  Nested Loop  (cost=1.72..2767.00 rows=1 width=74) (actual time=4.777..20.988 rows=6 loops=1)
                    Join Filter: (catalog_returns.cr_call_center_sk = call_center.cc_call_center_sk)
                    Rows Removed by Join Filter: 30
                    ->  Index Scan using i_cc_call_center_id on call_center  (cost=0.13..3.52 rows=6 width=51) (actual time=0.005..0.007 rows=6 loops=1)
                    ->  Materialize  (cost=1.59..2763.39 rows=1 width=39) (actual time=0.795..3.496 rows=6 loops=6)
                          ->  Nested Loop  (cost=1.59..2763.38 rows=1 width=39) (actual time=4.769..20.967 rows=6 loops=1)
                                ->  Nested Loop  (cost=1.16..2760.39 rows=4 width=24) (actual time=4.271..19.437 rows=138 loops=1)
                                      ->  Nested Loop  (cost=0.87..2757.48 rows=9 width=32) (actual time=4.265..18.586 rows=292 loops=1)
                                            ->  Nested Loop  (cost=0.59..2740.18 rows=57 width=40) (actual time=4.234..15.541 rows=1902 loops=1)
                                                  ->  Nested Loop  (cost=0.29..2720.70 rows=58 width=24) (actual time=4.228..11.086 rows=1930 loops=1)
                                                        ->  Seq Scan on date_dim  (cost=0.00..2500.73 rows=29 width=8) (actual time=4.213..9.224 rows=30 loops=1)
                                                              Filter: ((d_year = 1998) AND (d_moy = 11))
                                                              Rows Removed by Filter: 73019
                                                        ->  Index Scan using i_cr_returned_date_sk on catalog_returns  (cost=0.29..6.87 rows=72 width=32) (actual time=0.002..0.049 rows=64 loops=30)
                                                              Index Cond: (cr_returned_date_sk = date_dim.d_date_sk)
                                                  ->  Index Scan using pk_customer on customer  (cost=0.29..0.34 rows=1 width=32) (actual time=0.002..0.002 rows=1 loops=1930)
                                                        Index Cond: (c_customer_sk = catalog_returns.cr_returning_customer_sk)
                                            ->  Index Scan using pk_household_demographics on household_demographics  (cost=0.28..0.30 rows=1 width=8) (actual time=0.001..0.001 rows=0 loops=1902)
                                                  Index Cond: (hd_demo_sk = customer.c_current_hdemo_sk)
                                                  Filter: (hd_buy_potential ~~ '5001-10000%'::text)
                                                  Rows Removed by Filter: 1
                                      ->  Index Scan using pk_customer_address on customer_address  (cost=0.29..0.32 rows=1 width=8) (actual time=0.003..0.003 rows=0 loops=292)
                                            Index Cond: (ca_address_sk = customer.c_current_addr_sk)
                                            Filter: (ca_gmt_offset = '-6'::double precision)
                                            Rows Removed by Filter: 1
                                ->  Index Scan using pk_customer_demographics on customer_demographics  (cost=0.43..0.75 rows=1 width=31) (actual time=0.011..0.011 rows=0 loops=138)
                                      Index Cond: (cd_demo_sk = customer.c_current_cdemo_sk)
                                      Filter: (((cd_marital_status = 'M'::bpchar) AND (cd_education_status = 'Unknown'::bpchar)) OR ((cd_marital_status = 'W'::bpchar) AND (cd_education_status = 'Advanced Degree'::bpchar)))
                                      Rows Removed by Filter: 1
   call_center    | call_center_name |    manager    | returns_loss 
------------------+------------------+---------------+--------------
 AAAAAAAACAAAAAAA | Mid Atlantic     | Dale Robinson |      1801.75
 AAAAAAAACAAAAAAA | Mid Atlantic     | Dale Robinson |       454.12
 AAAAAAAABAAAAAAA | NY Metro         | Lloyd Ledesma |       231.43
(3 rows)

UPDATE time_statistics SET e_time = TRANSACTION_TIMESTAMP() WHERE template = 'query91.tpl' AND stream = 8;
psql:/tmp/s1-basline/throughput/query_8.sql:822: NOTICE:  duration: 0.068 ms  plan:
Query Text: UPDATE time_statistics SET e_time = TRANSACTION_TIMESTAMP() WHERE template = 'query91.tpl' AND stream = 8;
Update on time_statistics  (cost=0.00..12.41 rows=0 width=0) (actual time=0.067..0.068 rows=0 loops=1)
  ->  Seq Scan on time_statistics  (cost=0.00..12.41 rows=1 width=14) (actual time=0.055..0.055 rows=1 loops=1)
        Filter: ((template = 'query91.tpl'::text) AND (stream = 8))
        Rows Removed by Filter: 430
UPDATE 1
LOAD 'auto_explain'; SET auto_explain.log_min_duration TO 0; SET auto_explain.log_analyze TO on; SET auto_explain.log_level TO notice; INSERT INTO time_statistics (template, s_time, stream, query, seed) VALUES ('query69.tpl', TRANSACTION_TIMESTAMP(), 8, 14, 445890370);
LOAD
SET
SET
SET
psql:/tmp/s1-basline/throughput/query_8.sql:823: NOTICE:  duration: 0.008 ms  plan:
Query Text: INSERT INTO time_statistics (template, s_time, stream, query, seed) VALUES ('query69.tpl', TRANSACTION_TIMESTAMP(), 8, 14, 445890370);
Insert on time_statistics  (cost=0.00..0.01 rows=0 width=0) (actual time=0.008..0.008 rows=0 loops=1)
  ->  Result  (cost=0.00..0.01 rows=1 width=64) (actual time=0.001..0.001 rows=1 loops=1)
INSERT 0 1
select  
  cd_gender,
  cd_marital_status,
  cd_education_status,
  count(*) cnt1,
  cd_purchase_estimate,
  count(*) cnt2,
  cd_credit_rating,
  count(*) cnt3
 from
  customer c,customer_address ca,customer_demographics
 where
  c.c_current_addr_sk = ca.ca_address_sk and
  ca_state in ('VT','AL','MT') and
  cd_demo_sk = c.c_current_cdemo_sk and 
  exists (select *
          from store_sales,date_dim
          where c.c_customer_sk = ss_customer_sk and
                ss_sold_date_sk = d_date_sk and
                d_year = 2003 and
                d_moy between 3 and 3+2) and
   (not exists (select *
            from web_sales,date_dim
            where c.c_customer_sk = ws_bill_customer_sk and
                  ws_sold_date_sk = d_date_sk and
                  d_year = 2003 and
                  d_moy between 3 and 3+2) and
    not exists (select * 
            from catalog_sales,date_dim
            where c.c_customer_sk = cs_ship_customer_sk and
                  cs_sold_date_sk = d_date_sk and
                  d_year = 2003 and
                  d_moy between 3 and 3+2))
 group by cd_gender,
          cd_marital_status,
          cd_education_status,
          cd_purchase_estimate,
          cd_credit_rating
 order by cd_gender,
          cd_marital_status,
          cd_education_status,
          cd_purchase_estimate,
          cd_credit_rating
 limit 100;
psql:/tmp/s1-basline/throughput/query_8.sql:867: NOTICE:  duration: 8.701 ms  plan:
Query Text: select  
  cd_gender,
  cd_marital_status,
  cd_education_status,
  count(*) cnt1,
  cd_purchase_estimate,
  count(*) cnt2,
  cd_credit_rating,
  count(*) cnt3
 from
  customer c,customer_address ca,customer_demographics
 where
  c.c_current_addr_sk = ca.ca_address_sk and
  ca_state in ('VT','AL','MT') and
  cd_demo_sk = c.c_current_cdemo_sk and 
  exists (select *
          from store_sales,date_dim
          where c.c_customer_sk = ss_customer_sk and
                ss_sold_date_sk = d_date_sk and
                d_year = 2003 and
                d_moy between 3 and 3+2) and
   (not exists (select *
            from web_sales,date_dim
            where c.c_customer_sk = ws_bill_customer_sk and
                  ws_sold_date_sk = d_date_sk and
                  d_year = 2003 and
                  d_moy between 3 and 3+2) and
    not exists (select * 
            from catalog_sales,date_dim
            where c.c_customer_sk = cs_ship_customer_sk and
                  cs_sold_date_sk = d_date_sk and
                  d_year = 2003 and
                  d_moy between 3 and 3+2))
 group by cd_gender,
          cd_marital_status,
          cd_education_status,
          cd_purchase_estimate,
          cd_credit_rating
 order by cd_gender,
          cd_marital_status,
          cd_education_status,
          cd_purchase_estimate,
          cd_credit_rating
 limit 100;
Limit  (cost=123472.27..123475.02 rows=100 width=64) (actual time=8.697..8.699 rows=0 loops=1)
  ->  GroupAggregate  (cost=123472.27..123476.01 rows=136 width=64) (actual time=8.696..8.698 rows=0 loops=1)
        Group Key: customer_demographics.cd_gender, customer_demographics.cd_marital_status, customer_demographics.cd_education_status, customer_demographics.cd_purchase_estimate, customer_demographics.cd_credit_rating
        ->  Sort  (cost=123472.27..123472.61 rows=136 width=40) (actual time=8.696..8.698 rows=0 loops=1)
              Sort Key: customer_demographics.cd_gender, customer_demographics.cd_marital_status, customer_demographics.cd_education_status, customer_demographics.cd_purchase_estimate, customer_demographics.cd_credit_rating
              Sort Method: quicksort  Memory: 25kB
              ->  Hash Anti Join  (cost=120939.61..123467.45 rows=136 width=40) (actual time=8.691..8.693 rows=0 loops=1)
                    Hash Cond: (c.c_customer_sk = catalog_sales.cs_ship_customer_sk)
                    ->  Nested Loop  (cost=113150.05..115676.14 rows=139 width=48) (actual time=8.691..8.692 rows=0 loops=1)
                          ->  Hash Anti Join  (cost=113149.62..115569.95 rows=144 width=16) (actual time=8.690..8.692 rows=0 loops=1)
                                Hash Cond: (c.c_customer_sk = web_sales.ws_bill_customer_sk)
                                ->  Nested Loop  (cost=85435.79..87854.27 rows=146 width=16) (actual time=8.690..8.691 rows=0 loops=1)
                                      ->  Nested Loop  (cost=85435.50..86774.40 rows=3320 width=24) (actual time=8.690..8.691 rows=0 loops=1)
                                            ->  HashAggregate  (cost=85435.21..85469.99 rows=3478 width=8) (actual time=8.690..8.690 rows=0 loops=1)
                                                  Group Key: store_sales.ss_customer_sk
                                                  Batches: 1  Memory Usage: 121kB
                                                  ->  Nested Loop  (cost=0.43..85426.51 rows=3478 width=8) (actual time=8.680..8.680 rows=0 loops=1)
                                                        ->  Seq Scan on date_dim  (cost=0.00..2683.36 rows=92 width=8) (actual time=4.332..8.590 rows=92 loops=1)
                                                              Filter: ((d_moy >= 3) AND (d_moy <= 5) AND (d_year = 2003))
                                                              Rows Removed by Filter: 72957
                                                        ->  Index Scan using i_ss_sold_date_sk on store_sales  (cost=0.43..884.23 rows=1515 width=16) (actual time=0.001..0.001 rows=0 loops=92)
                                                              Index Cond: (ss_sold_date_sk = date_dim.d_date_sk)
                                            ->  Index Scan using pk_customer on customer c  (cost=0.29..0.38 rows=1 width=24) (never executed)
                                                  Index Cond: (c_customer_sk = store_sales.ss_customer_sk)
                                      ->  Index Scan using pk_customer_address on customer_address ca  (cost=0.29..0.33 rows=1 width=8) (never executed)
                                            Index Cond: (ca_address_sk = c.c_current_addr_sk)
                                            Filter: (ca_state = ANY ('{VT,AL,MT}'::bpchar[]))
                                ->  Hash  (cost=27702.46..27702.46 rows=910 width=8) (never executed)
                                      ->  Nested Loop  (cost=0.42..27702.46 rows=910 width=8) (never executed)
                                            ->  Seq Scan on date_dim date_dim_1  (cost=0.00..2683.36 rows=92 width=8) (never executed)
                                                  Filter: ((d_moy >= 3) AND (d_moy <= 5) AND (d_year = 2003))
                                            ->  Index Scan using i_ws_sold_date_sk on web_sales  (cost=0.42..267.98 rows=397 width=16) (never executed)
                                                  Index Cond: (ws_sold_date_sk = date_dim_1.d_date_sk)
                          ->  Index Scan using pk_customer_demographics on customer_demographics  (cost=0.43..0.74 rows=1 width=48) (never executed)
                                Index Cond: (cd_demo_sk = c.c_current_cdemo_sk)
                    ->  Hash  (cost=7766.94..7766.94 rows=1809 width=8) (never executed)
                          ->  Nested Loop  (cost=0.43..7766.94 rows=1809 width=8) (never executed)
                                ->  Seq Scan on date_dim date_dim_2  (cost=0.00..2683.36 rows=92 width=8) (never executed)
                                      Filter: ((d_moy >= 3) AND (d_moy <= 5) AND (d_year = 2003))
                                ->  Index Scan using i_cs_sold_date_sk on catalog_sales  (cost=0.43..47.41 rows=785 width=16) (never executed)
                                      Index Cond: (cs_sold_date_sk = date_dim_2.d_date_sk)
 cd_gender | cd_marital_status | cd_education_status | cnt1 | cd_purchase_estimate | cnt2 | cd_credit_rating | cnt3 
-----------+-------------------+---------------------+------+----------------------+------+------------------+------
(0 rows)

UPDATE time_statistics SET e_time = TRANSACTION_TIMESTAMP() WHERE template = 'query69.tpl' AND stream = 8;
psql:/tmp/s1-basline/throughput/query_8.sql:869: NOTICE:  duration: 0.060 ms  plan:
Query Text: UPDATE time_statistics SET e_time = TRANSACTION_TIMESTAMP() WHERE template = 'query69.tpl' AND stream = 8;
Update on time_statistics  (cost=0.00..12.41 rows=0 width=0) (actual time=0.059..0.059 rows=0 loops=1)
  ->  Seq Scan on time_statistics  (cost=0.00..12.41 rows=1 width=14) (actual time=0.050..0.050 rows=1 loops=1)
        Filter: ((template = 'query69.tpl'::text) AND (stream = 8))
        Rows Removed by Filter: 431
UPDATE 1
LOAD 'auto_explain'; SET auto_explain.log_min_duration TO 0; SET auto_explain.log_analyze TO on; SET auto_explain.log_level TO notice; INSERT INTO time_statistics (template, s_time, stream, query, seed) VALUES ('../query_postgresql/query40.tpl', TRANSACTION_TIMESTAMP(), 8, 15, 51835979);
LOAD
SET
SET
SET
psql:/tmp/s1-basline/throughput/query_8.sql:870: NOTICE:  duration: 0.008 ms  plan:
Query Text: INSERT INTO time_statistics (template, s_time, stream, query, seed) VALUES ('../query_postgresql/query40.tpl', TRANSACTION_TIMESTAMP(), 8, 15, 51835979);
Insert on time_statistics  (cost=0.00..0.01 rows=0 width=0) (actual time=0.007..0.007 rows=0 loops=1)
  ->  Result  (cost=0.00..0.01 rows=1 width=64) (actual time=0.001..0.001 rows=1 loops=1)
INSERT 0 1
select  
   w_state
  ,i_item_id
  ,sum(case when (cast(d_date as date) < cast ('2000-04-01' as date)) 
 		then cs_sales_price - coalesce(cr_refunded_cash,0) else 0 end) as sales_before
  ,sum(case when (cast(d_date as date) >= cast ('2000-04-01' as date)) 
 		then cs_sales_price - coalesce(cr_refunded_cash,0) else 0 end) as sales_after
 from
   catalog_sales left outer join catalog_returns on
       (cs_order_number = cr_order_number 
        and cs_item_sk = cr_item_sk)
  ,warehouse 
  ,item
  ,date_dim
 where
     i_current_price between 0.99 and 1.49
 and i_item_sk          = cs_item_sk
 and cs_warehouse_sk    = w_warehouse_sk 
 and cs_sold_date_sk    = d_date_sk
 and d_date between (cast ('2000-04-01' as date) - interval '30 days')
                and (cast ('2000-04-01' as date) + interval '30 days') 
 group by
    w_state,i_item_id
 order by w_state,i_item_id
limit 100;
psql:/tmp/s1-basline/throughput/query_8.sql:895: NOTICE:  duration: 63.343 ms  plan:
Query Text: select  
   w_state
  ,i_item_id
  ,sum(case when (cast(d_date as date) < cast ('2000-04-01' as date)) 
 		then cs_sales_price - coalesce(cr_refunded_cash,0) else 0 end) as sales_before
  ,sum(case when (cast(d_date as date) >= cast ('2000-04-01' as date)) 
 		then cs_sales_price - coalesce(cr_refunded_cash,0) else 0 end) as sales_after
 from
   catalog_sales left outer join catalog_returns on
       (cs_order_number = cr_order_number 
        and cs_item_sk = cr_item_sk)
  ,warehouse 
  ,item
  ,date_dim
 where
     i_current_price between 0.99 and 1.49
 and i_item_sk          = cs_item_sk
 and cs_warehouse_sk    = w_warehouse_sk 
 and cs_sold_date_sk    = d_date_sk
 and d_date between (cast ('2000-04-01' as date) - interval '30 days')
                and (cast ('2000-04-01' as date) + interval '30 days') 
 group by
    w_state,i_item_id
 order by w_state,i_item_id
limit 100;
Limit  (cost=3684.40..3686.74 rows=72 width=36) (actual time=63.184..63.300 rows=100 loops=1)
  ->  GroupAggregate  (cost=3684.40..3686.74 rows=72 width=36) (actual time=63.183..63.293 rows=100 loops=1)
        Group Key: warehouse.w_state, item.i_item_id
        ->  Sort  (cost=3684.40..3684.58 rows=72 width=40) (actual time=63.176..63.188 rows=299 loops=1)
              Sort Key: warehouse.w_state, item.i_item_id
              Sort Method: quicksort  Memory: 174kB
              ->  Nested Loop  (cost=1.43..3682.18 rows=72 width=40) (actual time=0.134..58.543 rows=1768 loops=1)
                    Join Filter: (catalog_sales.cs_warehouse_sk = warehouse.w_warehouse_sk)
                    Rows Removed by Join Filter: 3608
                    ->  Nested Loop Left Join  (cost=1.43..3676.42 rows=72 width=45) (actual time=0.128..57.740 rows=1768 loops=1)
                          ->  Nested Loop  (cost=1.01..3644.46 rows=72 width=53) (actual time=0.123..54.009 rows=1768 loops=1)
                                ->  Nested Loop  (cost=0.72..3283.71 rows=1160 width=36) (actual time=0.028..11.562 rows=27910 loops=1)
                                      ->  Index Scan using i_d_date on date_dim  (cost=0.29..4.67 rows=59 width=12) (actual time=0.019..0.036 rows=61 loops=1)
                                            Index Cond: ((d_date >= '2000-03-02 00:00:00'::timestamp without time zone) AND (d_date <= '2000-05-01 00:00:00'::timestamp without time zone))
                                      ->  Index Scan using i_cs_sold_date_sk on catalog_sales  (cost=0.43..47.73 rows=785 width=40) (actual time=0.004..0.116 rows=458 loops=61)
                                            Index Cond: (cs_sold_date_sk = date_dim.d_date_sk)
                                ->  Index Scan using pk_item on item  (cost=0.29..0.31 rows=1 width=25) (actual time=0.001..0.001 rows=0 loops=27910)
                                      Index Cond: (i_item_sk = catalog_sales.cs_item_sk)
                                      Filter: ((i_current_price >= '0.99'::double precision) AND (i_current_price <= '1.49'::double precision))
                                      Rows Removed by Filter: 1
                          ->  Index Scan using pk_catalog_returns on catalog_returns  (cost=0.42..0.44 rows=1 width=24) (actual time=0.002..0.002 rows=0 loops=1768)
                                Index Cond: ((cr_item_sk = catalog_sales.cs_item_sk) AND (cr_order_number = catalog_sales.cs_order_number))
                    ->  Materialize  (cost=0.00..1.07 rows=5 width=11) (actual time=0.000..0.000 rows=3 loops=1768)
                          ->  Seq Scan on warehouse  (cost=0.00..1.05 rows=5 width=11) (actual time=0.002..0.003 rows=5 loops=1)
 w_state |    i_item_id     |    sales_before     |     sales_after     
---------+------------------+---------------------+---------------------
 TN      | AAAAAAAAAACDAAAA |              103.22 |                   0
 TN      | AAAAAAAAAADBAAAA |              242.85 |               21.03
 TN      | AAAAAAAAAAKDAAAA |   74.07000000000001 |  63.440000000000005
 TN      | AAAAAAAAAAPBAAAA |               26.79 |             -403.44
 TN      | AAAAAAAAABFBAAAA |               16.94 |  11.219999999999999
 TN      | AAAAAAAAABHAAAAA |                   0 |              242.99
 TN      | AAAAAAAAABJAAAAA |               39.73 |              291.63
 TN      | AAAAAAAAABLBAAAA |               48.15 |              -44.33
 TN      | AAAAAAAAACHCAAAA |               24.38 |               57.64
 TN      | AAAAAAAAACIAAAAA |               88.29 |   81.49000000000001
 TN      | AAAAAAAAACMDAAAA |              270.39 |               190.7
 TN      | AAAAAAAAACNCAAAA |               53.77 |                   0
 TN      | AAAAAAAAACODAAAA |  142.14999999999998 |                6.48
 TN      | AAAAAAAAADBAAAAA |               14.46 |              136.95
 TN      | AAAAAAAAADCCAAAA |               82.59 |                6.48
 TN      | AAAAAAAAADLCAAAA |               83.24 |               66.89
 TN      | AAAAAAAAAEECAAAA |  29.720000000000006 |                   0
 TN      | AAAAAAAAAEGEAAAA |               11.09 |                   0
 TN      | AAAAAAAAAFKBAAAA |                   0 |               87.01
 TN      | AAAAAAAAAFLAAAAA |                   0 |               137.7
 TN      | AAAAAAAAAFOBAAAA |                   0 |               61.21
 TN      | AAAAAAAAAFPDAAAA |              110.63 |                   0
 TN      | AAAAAAAAAGOAAAAA |   73.86000000000001 | -130.20000000000002
 TN      | AAAAAAAAAHADAAAA |                   0 |            -1781.92
 TN      | AAAAAAAAAHBAAAAA |              122.11 |               40.52
 TN      | AAAAAAAAAHDAAAAA |                   0 |              177.07
 TN      | AAAAAAAAAHMBAAAA | -1457.1499999999999 |  33.269999999999996
 TN      | AAAAAAAAAIDAAAAA |              -164.4 |              180.25
 TN      | AAAAAAAAAIGAAAAA |               101.2 |               61.59
 TN      | AAAAAAAAAJCAAAAA |               89.53 |              395.15
 TN      | AAAAAAAAAJIDAAAA |               93.93 |              205.21
 TN      | AAAAAAAAAKFBAAAA |               33.58 |                   0
 TN      | AAAAAAAAAKLCAAAA |              154.32 |               34.15
 TN      | AAAAAAAAALHBAAAA |              173.38 |                   0
 TN      | AAAAAAAAAMBEAAAA |                   0 |  152.47000000000003
 TN      | AAAAAAAAAMEBAAAA |                   0 |                46.2
 TN      | AAAAAAAAAMEEAAAA |              -72.67 |                   0
 TN      | AAAAAAAAAMGBAAAA |              146.06 |               37.53
 TN      | AAAAAAAAANBAAAAA |              199.56 |               11.94
 TN      | AAAAAAAAANDAAAAA |                   0 |               80.64
 TN      | AAAAAAAAANKAAAAA |              -29.36 |                81.3
 TN      | AAAAAAAAANOBAAAA |                   0 |                9.35
 TN      | AAAAAAAAAOGDAAAA |  -4.090000000000003 |                   0
 TN      | AAAAAAAAAOKCAAAA |               160.5 |               12.51
 TN      | AAAAAAAAAOOAAAAA |                   0 |              101.59
 TN      | AAAAAAAAAPBEAAAA |   8.719999999999999 |   90.32999999999998
 TN      | AAAAAAAAAPNBAAAA |               38.43 |                   0
 TN      | AAAAAAAAAPPBAAAA |                   0 |             -161.92
 TN      | AAAAAAAABBBBAAAA |               73.22 | -215.95000000000002
 TN      | AAAAAAAABBCDAAAA |                   0 |                   0
 TN      | AAAAAAAABBOAAAAA |              216.41 |               29.56
 TN      | AAAAAAAABBPCAAAA |               50.13 |                   0
 TN      | AAAAAAAABCBDAAAA |                   0 |              170.82
 TN      | AAAAAAAABCEAAAAA |               12.76 |                5.64
 TN      | AAAAAAAABDOBAAAA |               58.28 | -173.48000000000002
 TN      | AAAAAAAABDPAAAAA |                   0 | -1052.4899999999998
 TN      | AAAAAAAABDPDAAAA |               34.44 |               66.58
 TN      | AAAAAAAABEGCAAAA |  120.38999999999999 |                   0
 TN      | AAAAAAAABFICAAAA |               77.03 |              363.55
 TN      | AAAAAAAABFKAAAAA |  213.76999999999998 |  109.38000000000001
 TN      | AAAAAAAABGKCAAAA |                   0 |  119.50999999999999
 TN      | AAAAAAAABHCDAAAA |  51.230000000000004 |               59.87
 TN      | AAAAAAAABHFAAAAA |                   0 |               22.11
 TN      | AAAAAAAABIKDAAAA |               24.07 |                   0
 TN      | AAAAAAAABIOCAAAA |              156.01 |               59.95
 TN      | AAAAAAAABJPDAAAA |                 126 |              235.19
 TN      | AAAAAAAABKGCAAAA |   97.33000000000001 |                   0
 TN      | AAAAAAAABKNBAAAA |                  86 |               89.65
 TN      | AAAAAAAABKPCAAAA |                   0 |               66.75
 TN      | AAAAAAAABLEAAAAA |              129.03 |   99.21000000000001
 TN      | AAAAAAAABLKAAAAA |              169.69 |               36.67
 TN      | AAAAAAAABMBCAAAA |              101.11 |  58.400000000000006
 TN      | AAAAAAAABMECAAAA |              104.71 |  -76.78999999999999
 TN      | AAAAAAAABMKCAAAA |              331.06 |               96.52
 TN      | AAAAAAAABNFAAAAA |              112.44 |  -83.36999999999998
 TN      | AAAAAAAACAEBAAAA |              196.62 |              121.92
 TN      | AAAAAAAACAIAAAAA |               79.33 |               88.89
 TN      | AAAAAAAACBCAAAAA |                   0 |               98.81
 TN      | AAAAAAAACBCCAAAA |                   0 |               18.38
 TN      | AAAAAAAACDGAAAAA |             -107.22 |               66.31
 TN      | AAAAAAAACDJDAAAA |               74.55 |              163.41
 TN      | AAAAAAAACDNBAAAA |   92.28999999999999 |               40.06
 TN      | AAAAAAAACDPDAAAA |  194.48000000000002 |               60.47
 TN      | AAAAAAAACECDAAAA |  -913.9800000000001 |                 0.5
 TN      | AAAAAAAACEIDAAAA |              305.25 |               12.13
 TN      | AAAAAAAACFDAAAAA |              100.06 |              124.14
 TN      | AAAAAAAACGGCAAAA |               17.06 |              130.69
 TN      | AAAAAAAACGGDAAAA |                   0 |               36.51
 TN      | AAAAAAAACGIAAAAA |               38.59 |              187.18
 TN      | AAAAAAAACHFDAAAA |              164.78 |              136.52
 TN      | AAAAAAAACHIDAAAA |                   0 |              190.27
 TN      | AAAAAAAACICEAAAA |               59.13 |                8.81
 TN      | AAAAAAAACIKAAAAA | -177.88000000000002 |                   0
 TN      | AAAAAAAACIOBAAAA |                8.06 |              125.84
 TN      | AAAAAAAACJFBAAAA |               50.56 |                   0
 TN      | AAAAAAAACKFAAAAA |                   0 |              167.84
 TN      | AAAAAAAACLDDAAAA |                   0 |              142.52
 TN      | AAAAAAAACLECAAAA |                   0 |   81.71000000000001
 TN      | AAAAAAAACLLCAAAA |              261.56 |                   0
 TN      | AAAAAAAACLNAAAAA |              104.35 |                6.57
(100 rows)

UPDATE time_statistics SET e_time = TRANSACTION_TIMESTAMP() WHERE template = '../query_postgresql/query40.tpl' AND stream = 8;
psql:/tmp/s1-basline/throughput/query_8.sql:897: NOTICE:  duration: 0.066 ms  plan:
Query Text: UPDATE time_statistics SET e_time = TRANSACTION_TIMESTAMP() WHERE template = '../query_postgresql/query40.tpl' AND stream = 8;
Update on time_statistics  (cost=0.00..12.41 rows=0 width=0) (actual time=0.066..0.066 rows=0 loops=1)
  ->  Seq Scan on time_statistics  (cost=0.00..12.41 rows=1 width=14) (actual time=0.053..0.053 rows=1 loops=1)
        Filter: ((template = '../query_postgresql/query40.tpl'::text) AND (stream = 8))
        Rows Removed by Filter: 432
UPDATE 1
LOAD 'auto_explain'; SET auto_explain.log_min_duration TO 0; SET auto_explain.log_analyze TO on; SET auto_explain.log_level TO notice; INSERT INTO time_statistics (template, s_time, stream, query, seed) VALUES ('../query_postgresql/query2.tpl', TRANSACTION_TIMESTAMP(), 8, 16, 1476422018);
LOAD
SET
SET
SET
psql:/tmp/s1-basline/throughput/query_8.sql:898: NOTICE:  duration: 0.008 ms  plan:
Query Text: INSERT INTO time_statistics (template, s_time, stream, query, seed) VALUES ('../query_postgresql/query2.tpl', TRANSACTION_TIMESTAMP(), 8, 16, 1476422018);
Insert on time_statistics  (cost=0.00..0.01 rows=0 width=0) (actual time=0.008..0.008 rows=0 loops=1)
  ->  Result  (cost=0.00..0.01 rows=1 width=64) (actual time=0.001..0.001 rows=1 loops=1)
INSERT 0 1
with wscs as
 (select sold_date_sk
        ,sales_price
  from (select ws_sold_date_sk sold_date_sk
              ,ws_ext_sales_price sales_price
        from web_sales 
        union all
        select cs_sold_date_sk sold_date_sk
              ,cs_ext_sales_price sales_price
        from catalog_sales) x),
 wswscs as 
 (select d_week_seq,
        sum(case when (d_day_name='Sunday') then sales_price else null end) sun_sales,
        sum(case when (d_day_name='Monday') then sales_price else null end) mon_sales,
        sum(case when (d_day_name='Tuesday') then sales_price else  null end) tue_sales,
        sum(case when (d_day_name='Wednesday') then sales_price else null end) wed_sales,
        sum(case when (d_day_name='Thursday') then sales_price else null end) thu_sales,
        sum(case when (d_day_name='Friday') then sales_price else null end) fri_sales,
        sum(case when (d_day_name='Saturday') then sales_price else null end) sat_sales
 from wscs
     ,date_dim
 where d_date_sk = sold_date_sk
 group by d_week_seq)
 select d_week_seq1
       ,round(cast(sun_sales1/sun_sales2 AS NUMERIC),2)
       ,round(cast(mon_sales1/mon_sales2 AS NUMERIC),2)
       ,round(cast(tue_sales1/tue_sales2 AS NUMERIC),2)
       ,round(cast(wed_sales1/wed_sales2 AS NUMERIC),2)
       ,round(cast(thu_sales1/thu_sales2 AS NUMERIC),2)
       ,round(cast(fri_sales1/fri_sales2 AS NUMERIC),2)
       ,round(cast(sat_sales1/sat_sales2 AS NUMERIC),2)
 from
 (select wswscs.d_week_seq d_week_seq1
        ,sun_sales sun_sales1
        ,mon_sales mon_sales1
        ,tue_sales tue_sales1
        ,wed_sales wed_sales1
        ,thu_sales thu_sales1
        ,fri_sales fri_sales1
        ,sat_sales sat_sales1
  from wswscs,date_dim 
  where date_dim.d_week_seq = wswscs.d_week_seq and
        d_year = 2000) y,
 (select wswscs.d_week_seq d_week_seq2
        ,sun_sales sun_sales2
        ,mon_sales mon_sales2
        ,tue_sales tue_sales2
        ,wed_sales wed_sales2
        ,thu_sales thu_sales2
        ,fri_sales fri_sales2
        ,sat_sales sat_sales2
  from wswscs
      ,date_dim 
  where date_dim.d_week_seq = wswscs.d_week_seq and
        d_year = 2000+1) z
 where d_week_seq1=d_week_seq2-53
 order by d_week_seq1;
psql:/tmp/s1-basline/throughput/query_8.sql:955: NOTICE:  duration: 755.350 ms  plan:
Query Text: with wscs as
 (select sold_date_sk
        ,sales_price
  from (select ws_sold_date_sk sold_date_sk
              ,ws_ext_sales_price sales_price
        from web_sales 
        union all
        select cs_sold_date_sk sold_date_sk
              ,cs_ext_sales_price sales_price
        from catalog_sales) x),
 wswscs as 
 (select d_week_seq,
        sum(case when (d_day_name='Sunday') then sales_price else null end) sun_sales,
        sum(case when (d_day_name='Monday') then sales_price else null end) mon_sales,
        sum(case when (d_day_name='Tuesday') then sales_price else  null end) tue_sales,
        sum(case when (d_day_name='Wednesday') then sales_price else null end) wed_sales,
        sum(case when (d_day_name='Thursday') then sales_price else null end) thu_sales,
        sum(case when (d_day_name='Friday') then sales_price else null end) fri_sales,
        sum(case when (d_day_name='Saturday') then sales_price else null end) sat_sales
 from wscs
     ,date_dim
 where d_date_sk = sold_date_sk
 group by d_week_seq)
 select d_week_seq1
       ,round(cast(sun_sales1/sun_sales2 AS NUMERIC),2)
       ,round(cast(mon_sales1/mon_sales2 AS NUMERIC),2)
       ,round(cast(tue_sales1/tue_sales2 AS NUMERIC),2)
       ,round(cast(wed_sales1/wed_sales2 AS NUMERIC),2)
       ,round(cast(thu_sales1/thu_sales2 AS NUMERIC),2)
       ,round(cast(fri_sales1/fri_sales2 AS NUMERIC),2)
       ,round(cast(sat_sales1/sat_sales2 AS NUMERIC),2)
 from
 (select wswscs.d_week_seq d_week_seq1
        ,sun_sales sun_sales1
        ,mon_sales mon_sales1
        ,tue_sales tue_sales1
        ,wed_sales wed_sales1
        ,thu_sales thu_sales1
        ,fri_sales fri_sales1
        ,sat_sales sat_sales1
  from wswscs,date_dim 
  where date_dim.d_week_seq = wswscs.d_week_seq and
        d_year = 2000) y,
 (select wswscs.d_week_seq d_week_seq2
        ,sun_sales sun_sales2
        ,mon_sales mon_sales2
        ,tue_sales tue_sales2
        ,wed_sales wed_sales2
        ,thu_sales thu_sales2
        ,fri_sales fri_sales2
        ,sat_sales sat_sales2
  from wswscs
      ,date_dim 
  where date_dim.d_week_seq = wswscs.d_week_seq and
        d_year = 2000+1) z
 where d_week_seq1=d_week_seq2-53
 order by d_week_seq1;
Sort  (cost=143069.69..143069.73 rows=13 width=228) (actual time=703.531..753.730 rows=2520 loops=1)
  Sort Key: wswscs.d_week_seq
  Sort Method: quicksort  Memory: 313kB
  CTE wswscs
    ->  Finalize GroupAggregate  (cost=134861.70..137814.49 rows=10421 width=60) (actual time=676.012..726.465 rows=263 loops=1)
          Group Key: date_dim_2.d_week_seq
          ->  Gather Merge  (cost=134861.70..137293.44 rows=20842 width=60) (actual time=676.005..726.241 rows=789 loops=1)
                Workers Planned: 2
                Workers Launched: 2
                ->  Sort  (cost=133861.68..133887.73 rows=10421 width=60) (actual time=671.630..671.645 rows=263 loops=3)
                      Sort Key: date_dim_2.d_week_seq
                      Sort Method: quicksort  Memory: 51kB
                      Worker 0:  Sort Method: quicksort  Memory: 51kB
                      Worker 1:  Sort Method: quicksort  Memory: 47kB
                      ->  Partial HashAggregate  (cost=133062.01..133166.22 rows=10421 width=60) (actual time=671.447..671.539 rows=263 loops=3)
                            Group Key: date_dim_2.d_week_seq
                            Batches: 1  Memory Usage: 465kB
                            Worker 0:  Batches: 1  Memory Usage: 465kB
                            Worker 1:  Batches: 1  Memory Usage: 465kB
                            ->  Hash Join  (cost=3048.60..99196.51 rows=903080 width=22) (actual time=30.370..426.911 rows=708517 loops=3)
                                  Hash Cond: (catalog_sales.cs_sold_date_sk = date_dim_2.d_date_sk)
                                  ->  Parallel Append  (cost=0.00..93777.19 rows=903079 width=16) (actual time=0.022..276.088 rows=710974 loops=3)
                                        ->  Parallel Seq Scan on catalog_sales  (cost=0.00..59490.16 rows=602016 width=16) (actual time=0.013..157.288 rows=473789 loops=3)
                                        ->  Parallel Seq Scan on web_sales  (cost=0.00..29771.63 rows=301063 width=16) (actual time=0.018..114.052 rows=355778 loops=2)
                                  ->  Hash  (cost=2135.49..2135.49 rows=73049 width=22) (actual time=29.816..29.817 rows=73049 loops=3)
                                        Buckets: 131072  Batches: 1  Memory Usage: 5019kB
                                        ->  Seq Scan on date_dim date_dim_2  (cost=0.00..2135.49 rows=73049 width=22) (actual time=0.023..17.551 rows=73049 loops=3)
  ->  Hash Join  (cost=5006.66..5254.97 rows=13 width=228) (actual time=693.148..702.876 rows=2520 loops=1)
        Hash Cond: (wswscs.d_week_seq = date_dim.d_week_seq)
        ->  CTE Scan on wswscs  (cost=0.00..208.42 rows=10421 width=60) (actual time=676.014..676.033 rows=263 loops=1)
        ->  Hash  (cost=5006.49..5006.49 rows=13 width=64) (actual time=17.069..17.070 rows=2520 loops=1)
              Buckets: 4096 (originally 1024)  Batches: 1 (originally 1)  Memory Usage: 278kB
              ->  Merge Join  (cost=5000.92..5006.49 rows=13 width=64) (actual time=15.998..16.432 rows=2520 loops=1)
                    Merge Cond: (((wswscs_1.d_week_seq - 53)) = date_dim.d_week_seq)
                    ->  Sort  (cost=2667.37..2668.28 rows=363 width=60) (actual time=9.132..9.147 rows=365 loops=1)
                          Sort Key: ((wswscs_1.d_week_seq - 53))
                          Sort Method: quicksort  Memory: 61kB
                          ->  Hash Join  (cost=2322.65..2651.94 rows=363 width=60) (actual time=8.795..9.024 rows=365 loops=1)
                                Hash Cond: (wswscs_1.d_week_seq = date_dim_1.d_week_seq)
                                ->  CTE Scan on wswscs wswscs_1  (cost=0.00..208.42 rows=10421 width=60) (actual time=0.001..0.442 rows=263 loops=1)
                                ->  Hash  (cost=2318.11..2318.11 rows=363 width=4) (actual time=8.500..8.500 rows=365 loops=1)
                                      Buckets: 1024  Batches: 1  Memory Usage: 21kB
                                      ->  Seq Scan on date_dim date_dim_1  (cost=0.00..2318.11 rows=363 width=4) (actual time=4.093..8.450 rows=365 loops=1)
                                            Filter: (d_year = 2001)
                                            Rows Removed by Filter: 72684
                    ->  Sort  (cost=2333.55..2334.45 rows=363 width=4) (actual time=6.862..6.963 rows=2521 loops=1)
                          Sort Key: date_dim.d_week_seq
                          Sort Method: quicksort  Memory: 25kB
                          ->  Seq Scan on date_dim  (cost=0.00..2318.11 rows=363 width=4) (actual time=3.406..6.826 rows=366 loops=1)
                                Filter: (d_year = 2000)
                                Rows Removed by Filter: 72683
 d_week_seq1 | round | round | round | round | round | round | round 
-------------+-------+-------+-------+-------+-------+-------+-------
        5218 |  2.26 |  0.83 |  3.10 |  3.25 |  3.59 |  4.04 |  2.08
        5218 |  2.26 |  0.83 |  3.10 |  3.25 |  3.59 |  4.04 |  2.08
        5218 |  2.26 |  0.83 |  3.10 |  3.25 |  3.59 |  4.04 |  2.08
        5218 |  2.26 |  0.83 |  3.10 |  3.25 |  3.59 |  4.04 |  2.08
        5218 |  2.26 |  0.83 |  3.10 |  3.25 |  3.59 |  4.04 |  2.08
        5218 |  2.26 |  0.83 |  3.10 |  3.25 |  3.59 |  4.04 |  2.08
        5218 |  2.26 |  0.83 |  3.10 |  3.25 |  3.59 |  4.04 |  2.08
        5218 |  2.26 |  0.83 |  3.10 |  3.25 |  3.59 |  4.04 |  2.08
        5218 |  2.26 |  0.83 |  3.10 |  3.25 |  3.59 |  4.04 |  2.08
        5218 |  2.26 |  0.83 |  3.10 |  3.25 |  3.59 |  4.04 |  2.08
        5218 |  2.26 |  0.83 |  3.10 |  3.25 |  3.59 |  4.04 |  2.08
        5218 |  2.26 |  0.83 |  3.10 |  3.25 |  3.59 |  4.04 |  2.08
        5218 |  2.26 |  0.83 |  3.10 |  3.25 |  3.59 |  4.04 |  2.08
        5218 |  2.26 |  0.83 |  3.10 |  3.25 |  3.59 |  4.04 |  2.08
        5218 |  2.26 |  0.83 |  3.10 |  3.25 |  3.59 |  4.04 |  2.08
        5218 |  2.26 |  0.83 |  3.10 |  3.25 |  3.59 |  4.04 |  2.08
        5218 |  2.26 |  0.83 |  3.10 |  3.25 |  3.59 |  4.04 |  2.08
        5218 |  2.26 |  0.83 |  3.10 |  3.25 |  3.59 |  4.04 |  2.08
        5218 |  2.26 |  0.83 |  3.10 |  3.25 |  3.59 |  4.04 |  2.08
        5218 |  2.26 |  0.83 |  3.10 |  3.25 |  3.59 |  4.04 |  2.08
        5218 |  2.26 |  0.83 |  3.10 |  3.25 |  3.59 |  4.04 |  2.08
        5219 |  0.88 |  0.90 |  0.95 |  0.97 |  0.87 |  1.13 |  1.32
        5219 |  0.88 |  0.90 |  0.95 |  0.97 |  0.87 |  1.13 |  1.32
        5219 |  0.88 |  0.90 |  0.95 |  0.97 |  0.87 |  1.13 |  1.32
        5219 |  0.88 |  0.90 |  0.95 |  0.97 |  0.87 |  1.13 |  1.32
        5219 |  0.88 |  0.90 |  0.95 |  0.97 |  0.87 |  1.13 |  1.32
        5219 |  0.88 |  0.90 |  0.95 |  0.97 |  0.87 |  1.13 |  1.32
        5219 |  0.88 |  0.90 |  0.95 |  0.97 |  0.87 |  1.13 |  1.32
        5219 |  0.88 |  0.90 |  0.95 |  0.97 |  0.87 |  1.13 |  1.32
        5219 |  0.88 |  0.90 |  0.95 |  0.97 |  0.87 |  1.13 |  1.32
        5219 |  0.88 |  0.90 |  0.95 |  0.97 |  0.87 |  1.13 |  1.32
        5219 |  0.88 |  0.90 |  0.95 |  0.97 |  0.87 |  1.13 |  1.32
        5219 |  0.88 |  0.90 |  0.95 |  0.97 |  0.87 |  1.13 |  1.32
        5219 |  0.88 |  0.90 |  0.95 |  0.97 |  0.87 |  1.13 |  1.32
        5219 |  0.88 |  0.90 |  0.95 |  0.97 |  0.87 |  1.13 |  1.32
        5219 |  0.88 |  0.90 |  0.95 |  0.97 |  0.87 |  1.13 |  1.32
        5219 |  0.88 |  0.90 |  0.95 |  0.97 |  0.87 |  1.13 |  1.32
        5219 |  0.88 |  0.90 |  0.95 |  0.97 |  0.87 |  1.13 |  1.32
        5219 |  0.88 |  0.90 |  0.95 |  0.97 |  0.87 |  1.13 |  1.32
        5219 |  0.88 |  0.90 |  0.95 |  0.97 |  0.87 |  1.13 |  1.32
        5219 |  0.88 |  0.90 |  0.95 |  0.97 |  0.87 |  1.13 |  1.32
        5219 |  0.88 |  0.90 |  0.95 |  0.97 |  0.87 |  1.13 |  1.32
        5219 |  0.88 |  0.90 |  0.95 |  0.97 |  0.87 |  1.13 |  1.32
        5219 |  0.88 |  0.90 |  0.95 |  0.97 |  0.87 |  1.13 |  1.32
        5219 |  0.88 |  0.90 |  0.95 |  0.97 |  0.87 |  1.13 |  1.32
        5219 |  0.88 |  0.90 |  0.95 |  0.97 |  0.87 |  1.13 |  1.32
        5219 |  0.88 |  0.90 |  0.95 |  0.97 |  0.87 |  1.13 |  1.32
        5219 |  0.88 |  0.90 |  0.95 |  0.97 |  0.87 |  1.13 |  1.32
        5219 |  0.88 |  0.90 |  0.95 |  0.97 |  0.87 |  1.13 |  1.32
        5219 |  0.88 |  0.90 |  0.95 |  0.97 |  0.87 |  1.13 |  1.32
        5219 |  0.88 |  0.90 |  0.95 |  0.97 |  0.87 |  1.13 |  1.32
        5219 |  0.88 |  0.90 |  0.95 |  0.97 |  0.87 |  1.13 |  1.32
        5219 |  0.88 |  0.90 |  0.95 |  0.97 |  0.87 |  1.13 |  1.32
        5219 |  0.88 |  0.90 |  0.95 |  0.97 |  0.87 |  1.13 |  1.32
        5219 |  0.88 |  0.90 |  0.95 |  0.97 |  0.87 |  1.13 |  1.32
        5219 |  0.88 |  0.90 |  0.95 |  0.97 |  0.87 |  1.13 |  1.32
        5219 |  0.88 |  0.90 |  0.95 |  0.97 |  0.87 |  1.13 |  1.32
        5219 |  0.88 |  0.90 |  0.95 |  0.97 |  0.87 |  1.13 |  1.32
        5219 |  0.88 |  0.90 |  0.95 |  0.97 |  0.87 |  1.13 |  1.32
        5219 |  0.88 |  0.90 |  0.95 |  0.97 |  0.87 |  1.13 |  1.32
        5219 |  0.88 |  0.90 |  0.95 |  0.97 |  0.87 |  1.13 |  1.32
        5219 |  0.88 |  0.90 |  0.95 |  0.97 |  0.87 |  1.13 |  1.32
        5219 |  0.88 |  0.90 |  0.95 |  0.97 |  0.87 |  1.13 |  1.32
        5219 |  0.88 |  0.90 |  0.95 |  0.97 |  0.87 |  1.13 |  1.32
        5219 |  0.88 |  0.90 |  0.95 |  0.97 |  0.87 |  1.13 |  1.32
        5219 |  0.88 |  0.90 |  0.95 |  0.97 |  0.87 |  1.13 |  1.32
        5219 |  0.88 |  0.90 |  0.95 |  0.97 |  0.87 |  1.13 |  1.32
        5219 |  0.88 |  0.90 |  0.95 |  0.97 |  0.87 |  1.13 |  1.32
        5219 |  0.88 |  0.90 |  0.95 |  0.97 |  0.87 |  1.13 |  1.32
        5219 |  0.88 |  0.90 |  0.95 |  0.97 |  0.87 |  1.13 |  1.32
        5220 |  0.81 |  1.02 |  0.87 |  0.89 |  0.83 |  0.82 |  0.93
        5220 |  0.81 |  1.02 |  0.87 |  0.89 |  0.83 |  0.82 |  0.93
        5220 |  0.81 |  1.02 |  0.87 |  0.89 |  0.83 |  0.82 |  0.93
        5220 |  0.81 |  1.02 |  0.87 |  0.89 |  0.83 |  0.82 |  0.93
        5220 |  0.81 |  1.02 |  0.87 |  0.89 |  0.83 |  0.82 |  0.93
        5220 |  0.81 |  1.02 |  0.87 |  0.89 |  0.83 |  0.82 |  0.93
        5220 |  0.81 |  1.02 |  0.87 |  0.89 |  0.83 |  0.82 |  0.93
        5220 |  0.81 |  1.02 |  0.87 |  0.89 |  0.83 |  0.82 |  0.93
        5220 |  0.81 |  1.02 |  0.87 |  0.89 |  0.83 |  0.82 |  0.93
        5220 |  0.81 |  1.02 |  0.87 |  0.89 |  0.83 |  0.82 |  0.93
        5220 |  0.81 |  1.02 |  0.87 |  0.89 |  0.83 |  0.82 |  0.93
        5220 |  0.81 |  1.02 |  0.87 |  0.89 |  0.83 |  0.82 |  0.93
        5220 |  0.81 |  1.02 |  0.87 |  0.89 |  0.83 |  0.82 |  0.93
        5220 |  0.81 |  1.02 |  0.87 |  0.89 |  0.83 |  0.82 |  0.93
        5220 |  0.81 |  1.02 |  0.87 |  0.89 |  0.83 |  0.82 |  0.93
        5220 |  0.81 |  1.02 |  0.87 |  0.89 |  0.83 |  0.82 |  0.93
        5220 |  0.81 |  1.02 |  0.87 |  0.89 |  0.83 |  0.82 |  0.93
        5220 |  0.81 |  1.02 |  0.87 |  0.89 |  0.83 |  0.82 |  0.93
        5220 |  0.81 |  1.02 |  0.87 |  0.89 |  0.83 |  0.82 |  0.93
        5220 |  0.81 |  1.02 |  0.87 |  0.89 |  0.83 |  0.82 |  0.93
        5220 |  0.81 |  1.02 |  0.87 |  0.89 |  0.83 |  0.82 |  0.93
        5220 |  0.81 |  1.02 |  0.87 |  0.89 |  0.83 |  0.82 |  0.93
        5220 |  0.81 |  1.02 |  0.87 |  0.89 |  0.83 |  0.82 |  0.93
        5220 |  0.81 |  1.02 |  0.87 |  0.89 |  0.83 |  0.82 |  0.93
        5220 |  0.81 |  1.02 |  0.87 |  0.89 |  0.83 |  0.82 |  0.93
        5220 |  0.81 |  1.02 |  0.87 |  0.89 |  0.83 |  0.82 |  0.93
        5220 |  0.81 |  1.02 |  0.87 |  0.89 |  0.83 |  0.82 |  0.93
        5220 |  0.81 |  1.02 |  0.87 |  0.89 |  0.83 |  0.82 |  0.93
        5220 |  0.81 |  1.02 |  0.87 |  0.89 |  0.83 |  0.82 |  0.93
        5220 |  0.81 |  1.02 |  0.87 |  0.89 |  0.83 |  0.82 |  0.93
        5220 |  0.81 |  1.02 |  0.87 |  0.89 |  0.83 |  0.82 |  0.93
        5220 |  0.81 |  1.02 |  0.87 |  0.89 |  0.83 |  0.82 |  0.93
        5220 |  0.81 |  1.02 |  0.87 |  0.89 |  0.83 |  0.82 |  0.93
        5220 |  0.81 |  1.02 |  0.87 |  0.89 |  0.83 |  0.82 |  0.93
        5220 |  0.81 |  1.02 |  0.87 |  0.89 |  0.83 |  0.82 |  0.93
        5220 |  0.81 |  1.02 |  0.87 |  0.89 |  0.83 |  0.82 |  0.93
        5220 |  0.81 |  1.02 |  0.87 |  0.89 |  0.83 |  0.82 |  0.93
        5220 |  0.81 |  1.02 |  0.87 |  0.89 |  0.83 |  0.82 |  0.93
        5220 |  0.81 |  1.02 |  0.87 |  0.89 |  0.83 |  0.82 |  0.93
        5220 |  0.81 |  1.02 |  0.87 |  0.89 |  0.83 |  0.82 |  0.93
        5220 |  0.81 |  1.02 |  0.87 |  0.89 |  0.83 |  0.82 |  0.93
        5220 |  0.81 |  1.02 |  0.87 |  0.89 |  0.83 |  0.82 |  0.93
        5220 |  0.81 |  1.02 |  0.87 |  0.89 |  0.83 |  0.82 |  0.93
        5220 |  0.81 |  1.02 |  0.87 |  0.89 |  0.83 |  0.82 |  0.93
        5220 |  0.81 |  1.02 |  0.87 |  0.89 |  0.83 |  0.82 |  0.93
        5220 |  0.81 |  1.02 |  0.87 |  0.89 |  0.83 |  0.82 |  0.93
        5220 |  0.81 |  1.02 |  0.87 |  0.89 |  0.83 |  0.82 |  0.93
        5220 |  0.81 |  1.02 |  0.87 |  0.89 |  0.83 |  0.82 |  0.93
        5220 |  0.81 |  1.02 |  0.87 |  0.89 |  0.83 |  0.82 |  0.93
        5221 |  1.03 |  0.92 |  0.93 |  0.98 |  1.20 |  1.15 |  1.02
        5221 |  1.03 |  0.92 |  0.93 |  0.98 |  1.20 |  1.15 |  1.02
        5221 |  1.03 |  0.92 |  0.93 |  0.98 |  1.20 |  1.15 |  1.02
        5221 |  1.03 |  0.92 |  0.93 |  0.98 |  1.20 |  1.15 |  1.02
        5221 |  1.03 |  0.92 |  0.93 |  0.98 |  1.20 |  1.15 |  1.02
        5221 |  1.03 |  0.92 |  0.93 |  0.98 |  1.20 |  1.15 |  1.02
        5221 |  1.03 |  0.92 |  0.93 |  0.98 |  1.20 |  1.15 |  1.02
        5221 |  1.03 |  0.92 |  0.93 |  0.98 |  1.20 |  1.15 |  1.02
        5221 |  1.03 |  0.92 |  0.93 |  0.98 |  1.20 |  1.15 |  1.02
        5221 |  1.03 |  0.92 |  0.93 |  0.98 |  1.20 |  1.15 |  1.02
        5221 |  1.03 |  0.92 |  0.93 |  0.98 |  1.20 |  1.15 |  1.02
        5221 |  1.03 |  0.92 |  0.93 |  0.98 |  1.20 |  1.15 |  1.02
        5221 |  1.03 |  0.92 |  0.93 |  0.98 |  1.20 |  1.15 |  1.02
        5221 |  1.03 |  0.92 |  0.93 |  0.98 |  1.20 |  1.15 |  1.02
        5221 |  1.03 |  0.92 |  0.93 |  0.98 |  1.20 |  1.15 |  1.02
        5221 |  1.03 |  0.92 |  0.93 |  0.98 |  1.20 |  1.15 |  1.02
        5221 |  1.03 |  0.92 |  0.93 |  0.98 |  1.20 |  1.15 |  1.02
        5221 |  1.03 |  0.92 |  0.93 |  0.98 |  1.20 |  1.15 |  1.02
        5221 |  1.03 |  0.92 |  0.93 |  0.98 |  1.20 |  1.15 |  1.02
        5221 |  1.03 |  0.92 |  0.93 |  0.98 |  1.20 |  1.15 |  1.02
        5221 |  1.03 |  0.92 |  0.93 |  0.98 |  1.20 |  1.15 |  1.02
        5221 |  1.03 |  0.92 |  0.93 |  0.98 |  1.20 |  1.15 |  1.02
        5221 |  1.03 |  0.92 |  0.93 |  0.98 |  1.20 |  1.15 |  1.02
        5221 |  1.03 |  0.92 |  0.93 |  0.98 |  1.20 |  1.15 |  1.02
        5221 |  1.03 |  0.92 |  0.93 |  0.98 |  1.20 |  1.15 |  1.02
        5221 |  1.03 |  0.92 |  0.93 |  0.98 |  1.20 |  1.15 |  1.02
        5221 |  1.03 |  0.92 |  0.93 |  0.98 |  1.20 |  1.15 |  1.02
        5221 |  1.03 |  0.92 |  0.93 |  0.98 |  1.20 |  1.15 |  1.02
        5221 |  1.03 |  0.92 |  0.93 |  0.98 |  1.20 |  1.15 |  1.02
        5221 |  1.03 |  0.92 |  0.93 |  0.98 |  1.20 |  1.15 |  1.02
        5221 |  1.03 |  0.92 |  0.93 |  0.98 |  1.20 |  1.15 |  1.02
        5221 |  1.03 |  0.92 |  0.93 |  0.98 |  1.20 |  1.15 |  1.02
        5221 |  1.03 |  0.92 |  0.93 |  0.98 |  1.20 |  1.15 |  1.02
        5221 |  1.03 |  0.92 |  0.93 |  0.98 |  1.20 |  1.15 |  1.02
        5221 |  1.03 |  0.92 |  0.93 |  0.98 |  1.20 |  1.15 |  1.02
        5221 |  1.03 |  0.92 |  0.93 |  0.98 |  1.20 |  1.15 |  1.02
        5221 |  1.03 |  0.92 |  0.93 |  0.98 |  1.20 |  1.15 |  1.02
        5221 |  1.03 |  0.92 |  0.93 |  0.98 |  1.20 |  1.15 |  1.02
        5221 |  1.03 |  0.92 |  0.93 |  0.98 |  1.20 |  1.15 |  1.02
        5221 |  1.03 |  0.92 |  0.93 |  0.98 |  1.20 |  1.15 |  1.02
        5221 |  1.03 |  0.92 |  0.93 |  0.98 |  1.20 |  1.15 |  1.02
        5221 |  1.03 |  0.92 |  0.93 |  0.98 |  1.20 |  1.15 |  1.02
        5221 |  1.03 |  0.92 |  0.93 |  0.98 |  1.20 |  1.15 |  1.02
        5221 |  1.03 |  0.92 |  0.93 |  0.98 |  1.20 |  1.15 |  1.02
        5221 |  1.03 |  0.92 |  0.93 |  0.98 |  1.20 |  1.15 |  1.02
        5221 |  1.03 |  0.92 |  0.93 |  0.98 |  1.20 |  1.15 |  1.02
        5221 |  1.03 |  0.92 |  0.93 |  0.98 |  1.20 |  1.15 |  1.02
        5221 |  1.03 |  0.92 |  0.93 |  0.98 |  1.20 |  1.15 |  1.02
        5221 |  1.03 |  0.92 |  0.93 |  0.98 |  1.20 |  1.15 |  1.02
        5222 |  0.79 |  0.88 |  1.30 |  1.10 |  1.00 |       |      
        5222 |  0.79 |  0.88 |  1.30 |  1.10 |  1.00 |       |      
        5222 |  0.79 |  0.88 |  1.30 |  1.10 |  1.00 |       |      
        5222 |  0.79 |  0.88 |  1.30 |  1.10 |  1.00 |       |      
        5222 |  0.79 |  0.88 |  1.30 |  1.10 |  1.00 |       |      
        5222 |  0.79 |  0.88 |  1.30 |  1.10 |  1.00 |       |      
        5222 |  0.79 |  0.88 |  1.30 |  1.10 |  1.00 |       |      
        5222 |  0.79 |  0.88 |  1.30 |  1.10 |  1.00 |       |      
        5222 |  0.79 |  0.88 |  1.30 |  1.10 |  1.00 |       |      
        5222 |  0.79 |  0.88 |  1.30 |  1.10 |  1.00 |       |      
        5222 |  0.79 |  0.88 |  1.30 |  1.10 |  1.00 |       |      
        5222 |  0.79 |  0.88 |  1.30 |  1.10 |  1.00 |       |      
        5222 |  0.79 |  0.88 |  1.30 |  1.10 |  1.00 |       |      
        5222 |  0.79 |  0.88 |  1.30 |  1.10 |  1.00 |       |      
        5222 |  0.79 |  0.88 |  1.30 |  1.10 |  1.00 |       |      
        5222 |  0.79 |  0.88 |  1.30 |  1.10 |  1.00 |       |      
        5222 |  0.79 |  0.88 |  1.30 |  1.10 |  1.00 |       |      
        5222 |  0.79 |  0.88 |  1.30 |  1.10 |  1.00 |       |      
        5222 |  0.79 |  0.88 |  1.30 |  1.10 |  1.00 |       |      
        5222 |  0.79 |  0.88 |  1.30 |  1.10 |  1.00 |       |      
        5222 |  0.79 |  0.88 |  1.30 |  1.10 |  1.00 |       |      
        5222 |  0.79 |  0.88 |  1.30 |  1.10 |  1.00 |       |      
        5222 |  0.79 |  0.88 |  1.30 |  1.10 |  1.00 |       |      
        5222 |  0.79 |  0.88 |  1.30 |  1.10 |  1.00 |       |      
        5222 |  0.79 |  0.88 |  1.30 |  1.10 |  1.00 |       |      
        5222 |  0.79 |  0.88 |  1.30 |  1.10 |  1.00 |       |      
        5222 |  0.79 |  0.88 |  1.30 |  1.10 |  1.00 |       |      
        5222 |  0.79 |  0.88 |  1.30 |  1.10 |  1.00 |       |      
        5222 |  0.79 |  0.88 |  1.30 |  1.10 |  1.00 |       |      
        5222 |  0.79 |  0.88 |  1.30 |  1.10 |  1.00 |       |      
        5222 |  0.79 |  0.88 |  1.30 |  1.10 |  1.00 |       |      
        5222 |  0.79 |  0.88 |  1.30 |  1.10 |  1.00 |       |      
        5222 |  0.79 |  0.88 |  1.30 |  1.10 |  1.00 |       |      
        5222 |  0.79 |  0.88 |  1.30 |  1.10 |  1.00 |       |      
        5222 |  0.79 |  0.88 |  1.30 |  1.10 |  1.00 |       |      
        5222 |  0.79 |  0.88 |  1.30 |  1.10 |  1.00 |       |      
        5222 |  0.79 |  0.88 |  1.30 |  1.10 |  1.00 |       |      
        5222 |  0.79 |  0.88 |  1.30 |  1.10 |  1.00 |       |      
        5222 |  0.79 |  0.88 |  1.30 |  1.10 |  1.00 |       |      
        5222 |  0.79 |  0.88 |  1.30 |  1.10 |  1.00 |       |      
        5222 |  0.79 |  0.88 |  1.30 |  1.10 |  1.00 |       |      
        5222 |  0.79 |  0.88 |  1.30 |  1.10 |  1.00 |       |      
        5222 |  0.79 |  0.88 |  1.30 |  1.10 |  1.00 |       |      
        5222 |  0.79 |  0.88 |  1.30 |  1.10 |  1.00 |       |      
        5222 |  0.79 |  0.88 |  1.30 |  1.10 |  1.00 |       |      
        5222 |  0.79 |  0.88 |  1.30 |  1.10 |  1.00 |       |      
        5222 |  0.79 |  0.88 |  1.30 |  1.10 |  1.00 |       |      
        5222 |  0.79 |  0.88 |  1.30 |  1.10 |  1.00 |       |      
        5222 |  0.79 |  0.88 |  1.30 |  1.10 |  1.00 |       |      
        5223 |  0.94 |  0.96 |  1.30 |  0.83 |  1.22 |  0.96 |  1.11
        5223 |  0.94 |  0.96 |  1.30 |  0.83 |  1.22 |  0.96 |  1.11
        5223 |  0.94 |  0.96 |  1.30 |  0.83 |  1.22 |  0.96 |  1.11
        5223 |  0.94 |  0.96 |  1.30 |  0.83 |  1.22 |  0.96 |  1.11
        5223 |  0.94 |  0.96 |  1.30 |  0.83 |  1.22 |  0.96 |  1.11
        5223 |  0.94 |  0.96 |  1.30 |  0.83 |  1.22 |  0.96 |  1.11
        5223 |  0.94 |  0.96 |  1.30 |  0.83 |  1.22 |  0.96 |  1.11
        5223 |  0.94 |  0.96 |  1.30 |  0.83 |  1.22 |  0.96 |  1.11
        5223 |  0.94 |  0.96 |  1.30 |  0.83 |  1.22 |  0.96 |  1.11
        5223 |  0.94 |  0.96 |  1.30 |  0.83 |  1.22 |  0.96 |  1.11
        5223 |  0.94 |  0.96 |  1.30 |  0.83 |  1.22 |  0.96 |  1.11
        5223 |  0.94 |  0.96 |  1.30 |  0.83 |  1.22 |  0.96 |  1.11
        5223 |  0.94 |  0.96 |  1.30 |  0.83 |  1.22 |  0.96 |  1.11
        5223 |  0.94 |  0.96 |  1.30 |  0.83 |  1.22 |  0.96 |  1.11
        5223 |  0.94 |  0.96 |  1.30 |  0.83 |  1.22 |  0.96 |  1.11
        5223 |  0.94 |  0.96 |  1.30 |  0.83 |  1.22 |  0.96 |  1.11
        5223 |  0.94 |  0.96 |  1.30 |  0.83 |  1.22 |  0.96 |  1.11
        5223 |  0.94 |  0.96 |  1.30 |  0.83 |  1.22 |  0.96 |  1.11
        5223 |  0.94 |  0.96 |  1.30 |  0.83 |  1.22 |  0.96 |  1.11
        5223 |  0.94 |  0.96 |  1.30 |  0.83 |  1.22 |  0.96 |  1.11
        5223 |  0.94 |  0.96 |  1.30 |  0.83 |  1.22 |  0.96 |  1.11
        5223 |  0.94 |  0.96 |  1.30 |  0.83 |  1.22 |  0.96 |  1.11
        5223 |  0.94 |  0.96 |  1.30 |  0.83 |  1.22 |  0.96 |  1.11
        5223 |  0.94 |  0.96 |  1.30 |  0.83 |  1.22 |  0.96 |  1.11
        5223 |  0.94 |  0.96 |  1.30 |  0.83 |  1.22 |  0.96 |  1.11
        5223 |  0.94 |  0.96 |  1.30 |  0.83 |  1.22 |  0.96 |  1.11
        5223 |  0.94 |  0.96 |  1.30 |  0.83 |  1.22 |  0.96 |  1.11
        5223 |  0.94 |  0.96 |  1.30 |  0.83 |  1.22 |  0.96 |  1.11
        5223 |  0.94 |  0.96 |  1.30 |  0.83 |  1.22 |  0.96 |  1.11
        5223 |  0.94 |  0.96 |  1.30 |  0.83 |  1.22 |  0.96 |  1.11
        5223 |  0.94 |  0.96 |  1.30 |  0.83 |  1.22 |  0.96 |  1.11
        5223 |  0.94 |  0.96 |  1.30 |  0.83 |  1.22 |  0.96 |  1.11
        5223 |  0.94 |  0.96 |  1.30 |  0.83 |  1.22 |  0.96 |  1.11
        5223 |  0.94 |  0.96 |  1.30 |  0.83 |  1.22 |  0.96 |  1.11
        5223 |  0.94 |  0.96 |  1.30 |  0.83 |  1.22 |  0.96 |  1.11
        5223 |  0.94 |  0.96 |  1.30 |  0.83 |  1.22 |  0.96 |  1.11
        5223 |  0.94 |  0.96 |  1.30 |  0.83 |  1.22 |  0.96 |  1.11
        5223 |  0.94 |  0.96 |  1.30 |  0.83 |  1.22 |  0.96 |  1.11
        5223 |  0.94 |  0.96 |  1.30 |  0.83 |  1.22 |  0.96 |  1.11
        5223 |  0.94 |  0.96 |  1.30 |  0.83 |  1.22 |  0.96 |  1.11
        5223 |  0.94 |  0.96 |  1.30 |  0.83 |  1.22 |  0.96 |  1.11
        5223 |  0.94 |  0.96 |  1.30 |  0.83 |  1.22 |  0.96 |  1.11
        5223 |  0.94 |  0.96 |  1.30 |  0.83 |  1.22 |  0.96 |  1.11
        5223 |  0.94 |  0.96 |  1.30 |  0.83 |  1.22 |  0.96 |  1.11
        5223 |  0.94 |  0.96 |  1.30 |  0.83 |  1.22 |  0.96 |  1.11
        5223 |  0.94 |  0.96 |  1.30 |  0.83 |  1.22 |  0.96 |  1.11
        5223 |  0.94 |  0.96 |  1.30 |  0.83 |  1.22 |  0.96 |  1.11
        5223 |  0.94 |  0.96 |  1.30 |  0.83 |  1.22 |  0.96 |  1.11
        5223 |  0.94 |  0.96 |  1.30 |  0.83 |  1.22 |  0.96 |  1.11
        5224 |  1.21 |  0.98 |  1.26 |  0.89 |  0.81 |  1.20 |  1.12
        5224 |  1.21 |  0.98 |  1.26 |  0.89 |  0.81 |  1.20 |  1.12
        5224 |  1.21 |  0.98 |  1.26 |  0.89 |  0.81 |  1.20 |  1.12
        5224 |  1.21 |  0.98 |  1.26 |  0.89 |  0.81 |  1.20 |  1.12
        5224 |  1.21 |  0.98 |  1.26 |  0.89 |  0.81 |  1.20 |  1.12
        5224 |  1.21 |  0.98 |  1.26 |  0.89 |  0.81 |  1.20 |  1.12
        5224 |  1.21 |  0.98 |  1.26 |  0.89 |  0.81 |  1.20 |  1.12
        5224 |  1.21 |  0.98 |  1.26 |  0.89 |  0.81 |  1.20 |  1.12
        5224 |  1.21 |  0.98 |  1.26 |  0.89 |  0.81 |  1.20 |  1.12
        5224 |  1.21 |  0.98 |  1.26 |  0.89 |  0.81 |  1.20 |  1.12
        5224 |  1.21 |  0.98 |  1.26 |  0.89 |  0.81 |  1.20 |  1.12
        5224 |  1.21 |  0.98 |  1.26 |  0.89 |  0.81 |  1.20 |  1.12
        5224 |  1.21 |  0.98 |  1.26 |  0.89 |  0.81 |  1.20 |  1.12
        5224 |  1.21 |  0.98 |  1.26 |  0.89 |  0.81 |  1.20 |  1.12
        5224 |  1.21 |  0.98 |  1.26 |  0.89 |  0.81 |  1.20 |  1.12
        5224 |  1.21 |  0.98 |  1.26 |  0.89 |  0.81 |  1.20 |  1.12
        5224 |  1.21 |  0.98 |  1.26 |  0.89 |  0.81 |  1.20 |  1.12
        5224 |  1.21 |  0.98 |  1.26 |  0.89 |  0.81 |  1.20 |  1.12
        5224 |  1.21 |  0.98 |  1.26 |  0.89 |  0.81 |  1.20 |  1.12
        5224 |  1.21 |  0.98 |  1.26 |  0.89 |  0.81 |  1.20 |  1.12
        5224 |  1.21 |  0.98 |  1.26 |  0.89 |  0.81 |  1.20 |  1.12
        5224 |  1.21 |  0.98 |  1.26 |  0.89 |  0.81 |  1.20 |  1.12
        5224 |  1.21 |  0.98 |  1.26 |  0.89 |  0.81 |  1.20 |  1.12
        5224 |  1.21 |  0.98 |  1.26 |  0.89 |  0.81 |  1.20 |  1.12
        5224 |  1.21 |  0.98 |  1.26 |  0.89 |  0.81 |  1.20 |  1.12
        5224 |  1.21 |  0.98 |  1.26 |  0.89 |  0.81 |  1.20 |  1.12
        5224 |  1.21 |  0.98 |  1.26 |  0.89 |  0.81 |  1.20 |  1.12
        5224 |  1.21 |  0.98 |  1.26 |  0.89 |  0.81 |  1.20 |  1.12
        5224 |  1.21 |  0.98 |  1.26 |  0.89 |  0.81 |  1.20 |  1.12
        5224 |  1.21 |  0.98 |  1.26 |  0.89 |  0.81 |  1.20 |  1.12
        5224 |  1.21 |  0.98 |  1.26 |  0.89 |  0.81 |  1.20 |  1.12
        5224 |  1.21 |  0.98 |  1.26 |  0.89 |  0.81 |  1.20 |  1.12
        5224 |  1.21 |  0.98 |  1.26 |  0.89 |  0.81 |  1.20 |  1.12
        5224 |  1.21 |  0.98 |  1.26 |  0.89 |  0.81 |  1.20 |  1.12
        5224 |  1.21 |  0.98 |  1.26 |  0.89 |  0.81 |  1.20 |  1.12
        5224 |  1.21 |  0.98 |  1.26 |  0.89 |  0.81 |  1.20 |  1.12
        5224 |  1.21 |  0.98 |  1.26 |  0.89 |  0.81 |  1.20 |  1.12
        5224 |  1.21 |  0.98 |  1.26 |  0.89 |  0.81 |  1.20 |  1.12
        5224 |  1.21 |  0.98 |  1.26 |  0.89 |  0.81 |  1.20 |  1.12
        5224 |  1.21 |  0.98 |  1.26 |  0.89 |  0.81 |  1.20 |  1.12
        5224 |  1.21 |  0.98 |  1.26 |  0.89 |  0.81 |  1.20 |  1.12
        5224 |  1.21 |  0.98 |  1.26 |  0.89 |  0.81 |  1.20 |  1.12
        5224 |  1.21 |  0.98 |  1.26 |  0.89 |  0.81 |  1.20 |  1.12
        5224 |  1.21 |  0.98 |  1.26 |  0.89 |  0.81 |  1.20 |  1.12
        5224 |  1.21 |  0.98 |  1.26 |  0.89 |  0.81 |  1.20 |  1.12
        5224 |  1.21 |  0.98 |  1.26 |  0.89 |  0.81 |  1.20 |  1.12
        5224 |  1.21 |  0.98 |  1.26 |  0.89 |  0.81 |  1.20 |  1.12
        5224 |  1.21 |  0.98 |  1.26 |  0.89 |  0.81 |  1.20 |  1.12
        5224 |  1.21 |  0.98 |  1.26 |  0.89 |  0.81 |  1.20 |  1.12
        5225 |  0.76 |  1.16 |  1.04 |  0.97 |  0.83 |  1.15 |  1.18
        5225 |  0.76 |  1.16 |  1.04 |  0.97 |  0.83 |  1.15 |  1.18
        5225 |  0.76 |  1.16 |  1.04 |  0.97 |  0.83 |  1.15 |  1.18
        5225 |  0.76 |  1.16 |  1.04 |  0.97 |  0.83 |  1.15 |  1.18
        5225 |  0.76 |  1.16 |  1.04 |  0.97 |  0.83 |  1.15 |  1.18
        5225 |  0.76 |  1.16 |  1.04 |  0.97 |  0.83 |  1.15 |  1.18
        5225 |  0.76 |  1.16 |  1.04 |  0.97 |  0.83 |  1.15 |  1.18
        5225 |  0.76 |  1.16 |  1.04 |  0.97 |  0.83 |  1.15 |  1.18
        5225 |  0.76 |  1.16 |  1.04 |  0.97 |  0.83 |  1.15 |  1.18
        5225 |  0.76 |  1.16 |  1.04 |  0.97 |  0.83 |  1.15 |  1.18
        5225 |  0.76 |  1.16 |  1.04 |  0.97 |  0.83 |  1.15 |  1.18
        5225 |  0.76 |  1.16 |  1.04 |  0.97 |  0.83 |  1.15 |  1.18
        5225 |  0.76 |  1.16 |  1.04 |  0.97 |  0.83 |  1.15 |  1.18
        5225 |  0.76 |  1.16 |  1.04 |  0.97 |  0.83 |  1.15 |  1.18
        5225 |  0.76 |  1.16 |  1.04 |  0.97 |  0.83 |  1.15 |  1.18
        5225 |  0.76 |  1.16 |  1.04 |  0.97 |  0.83 |  1.15 |  1.18
        5225 |  0.76 |  1.16 |  1.04 |  0.97 |  0.83 |  1.15 |  1.18
        5225 |  0.76 |  1.16 |  1.04 |  0.97 |  0.83 |  1.15 |  1.18
        5225 |  0.76 |  1.16 |  1.04 |  0.97 |  0.83 |  1.15 |  1.18
        5225 |  0.76 |  1.16 |  1.04 |  0.97 |  0.83 |  1.15 |  1.18
        5225 |  0.76 |  1.16 |  1.04 |  0.97 |  0.83 |  1.15 |  1.18
        5225 |  0.76 |  1.16 |  1.04 |  0.97 |  0.83 |  1.15 |  1.18
        5225 |  0.76 |  1.16 |  1.04 |  0.97 |  0.83 |  1.15 |  1.18
        5225 |  0.76 |  1.16 |  1.04 |  0.97 |  0.83 |  1.15 |  1.18
        5225 |  0.76 |  1.16 |  1.04 |  0.97 |  0.83 |  1.15 |  1.18
        5225 |  0.76 |  1.16 |  1.04 |  0.97 |  0.83 |  1.15 |  1.18
        5225 |  0.76 |  1.16 |  1.04 |  0.97 |  0.83 |  1.15 |  1.18
        5225 |  0.76 |  1.16 |  1.04 |  0.97 |  0.83 |  1.15 |  1.18
        5225 |  0.76 |  1.16 |  1.04 |  0.97 |  0.83 |  1.15 |  1.18
        5225 |  0.76 |  1.16 |  1.04 |  0.97 |  0.83 |  1.15 |  1.18
        5225 |  0.76 |  1.16 |  1.04 |  0.97 |  0.83 |  1.15 |  1.18
        5225 |  0.76 |  1.16 |  1.04 |  0.97 |  0.83 |  1.15 |  1.18
        5225 |  0.76 |  1.16 |  1.04 |  0.97 |  0.83 |  1.15 |  1.18
        5225 |  0.76 |  1.16 |  1.04 |  0.97 |  0.83 |  1.15 |  1.18
        5225 |  0.76 |  1.16 |  1.04 |  0.97 |  0.83 |  1.15 |  1.18
        5225 |  0.76 |  1.16 |  1.04 |  0.97 |  0.83 |  1.15 |  1.18
        5225 |  0.76 |  1.16 |  1.04 |  0.97 |  0.83 |  1.15 |  1.18
        5225 |  0.76 |  1.16 |  1.04 |  0.97 |  0.83 |  1.15 |  1.18
        5225 |  0.76 |  1.16 |  1.04 |  0.97 |  0.83 |  1.15 |  1.18
        5225 |  0.76 |  1.16 |  1.04 |  0.97 |  0.83 |  1.15 |  1.18
        5225 |  0.76 |  1.16 |  1.04 |  0.97 |  0.83 |  1.15 |  1.18
        5225 |  0.76 |  1.16 |  1.04 |  0.97 |  0.83 |  1.15 |  1.18
        5225 |  0.76 |  1.16 |  1.04 |  0.97 |  0.83 |  1.15 |  1.18
        5225 |  0.76 |  1.16 |  1.04 |  0.97 |  0.83 |  1.15 |  1.18
        5225 |  0.76 |  1.16 |  1.04 |  0.97 |  0.83 |  1.15 |  1.18
        5225 |  0.76 |  1.16 |  1.04 |  0.97 |  0.83 |  1.15 |  1.18
        5225 |  0.76 |  1.16 |  1.04 |  0.97 |  0.83 |  1.15 |  1.18
        5225 |  0.76 |  1.16 |  1.04 |  0.97 |  0.83 |  1.15 |  1.18
        5225 |  0.76 |  1.16 |  1.04 |  0.97 |  0.83 |  1.15 |  1.18
        5226 |  0.98 |  0.83 |  1.04 |  1.04 |  5.07 |  1.46 |  0.97
        5226 |  0.98 |  0.83 |  1.04 |  1.04 |  5.07 |  1.46 |  0.97
        5226 |  0.98 |  0.83 |  1.04 |  1.04 |  5.07 |  1.46 |  0.97
        5226 |  0.98 |  0.83 |  1.04 |  1.04 |  5.07 |  1.46 |  0.97
        5226 |  0.98 |  0.83 |  1.04 |  1.04 |  5.07 |  1.46 |  0.97
        5226 |  0.98 |  0.83 |  1.04 |  1.04 |  5.07 |  1.46 |  0.97
        5226 |  0.98 |  0.83 |  1.04 |  1.04 |  5.07 |  1.46 |  0.97
        5226 |  0.98 |  0.83 |  1.04 |  1.04 |  5.07 |  1.46 |  0.97
        5226 |  0.98 |  0.83 |  1.04 |  1.04 |  5.07 |  1.46 |  0.97
        5226 |  0.98 |  0.83 |  1.04 |  1.04 |  5.07 |  1.46 |  0.97
        5226 |  0.98 |  0.83 |  1.04 |  1.04 |  5.07 |  1.46 |  0.97
        5226 |  0.98 |  0.83 |  1.04 |  1.04 |  5.07 |  1.46 |  0.97
        5226 |  0.98 |  0.83 |  1.04 |  1.04 |  5.07 |  1.46 |  0.97
        5226 |  0.98 |  0.83 |  1.04 |  1.04 |  5.07 |  1.46 |  0.97
        5226 |  0.98 |  0.83 |  1.04 |  1.04 |  5.07 |  1.46 |  0.97
        5226 |  0.98 |  0.83 |  1.04 |  1.04 |  5.07 |  1.46 |  0.97
        5226 |  0.98 |  0.83 |  1.04 |  1.04 |  5.07 |  1.46 |  0.97
        5226 |  0.98 |  0.83 |  1.04 |  1.04 |  5.07 |  1.46 |  0.97
        5226 |  0.98 |  0.83 |  1.04 |  1.04 |  5.07 |  1.46 |  0.97
        5226 |  0.98 |  0.83 |  1.04 |  1.04 |  5.07 |  1.46 |  0.97
        5226 |  0.98 |  0.83 |  1.04 |  1.04 |  5.07 |  1.46 |  0.97
        5226 |  0.98 |  0.83 |  1.04 |  1.04 |  5.07 |  1.46 |  0.97
        5226 |  0.98 |  0.83 |  1.04 |  1.04 |  5.07 |  1.46 |  0.97
        5226 |  0.98 |  0.83 |  1.04 |  1.04 |  5.07 |  1.46 |  0.97
        5226 |  0.98 |  0.83 |  1.04 |  1.04 |  5.07 |  1.46 |  0.97
        5226 |  0.98 |  0.83 |  1.04 |  1.04 |  5.07 |  1.46 |  0.97
        5226 |  0.98 |  0.83 |  1.04 |  1.04 |  5.07 |  1.46 |  0.97
        5226 |  0.98 |  0.83 |  1.04 |  1.04 |  5.07 |  1.46 |  0.97
        5226 |  0.98 |  0.83 |  1.04 |  1.04 |  5.07 |  1.46 |  0.97
        5226 |  0.98 |  0.83 |  1.04 |  1.04 |  5.07 |  1.46 |  0.97
        5226 |  0.98 |  0.83 |  1.04 |  1.04 |  5.07 |  1.46 |  0.97
        5226 |  0.98 |  0.83 |  1.04 |  1.04 |  5.07 |  1.46 |  0.97
        5226 |  0.98 |  0.83 |  1.04 |  1.04 |  5.07 |  1.46 |  0.97
        5226 |  0.98 |  0.83 |  1.04 |  1.04 |  5.07 |  1.46 |  0.97
        5226 |  0.98 |  0.83 |  1.04 |  1.04 |  5.07 |  1.46 |  0.97
        5226 |  0.98 |  0.83 |  1.04 |  1.04 |  5.07 |  1.46 |  0.97
        5226 |  0.98 |  0.83 |  1.04 |  1.04 |  5.07 |  1.46 |  0.97
        5226 |  0.98 |  0.83 |  1.04 |  1.04 |  5.07 |  1.46 |  0.97
        5226 |  0.98 |  0.83 |  1.04 |  1.04 |  5.07 |  1.46 |  0.97
        5226 |  0.98 |  0.83 |  1.04 |  1.04 |  5.07 |  1.46 |  0.97
        5226 |  0.98 |  0.83 |  1.04 |  1.04 |  5.07 |  1.46 |  0.97
        5226 |  0.98 |  0.83 |  1.04 |  1.04 |  5.07 |  1.46 |  0.97
        5226 |  0.98 |  0.83 |  1.04 |  1.04 |  5.07 |  1.46 |  0.97
        5226 |  0.98 |  0.83 |  1.04 |  1.04 |  5.07 |  1.46 |  0.97
        5226 |  0.98 |  0.83 |  1.04 |  1.04 |  5.07 |  1.46 |  0.97
        5226 |  0.98 |  0.83 |  1.04 |  1.04 |  5.07 |  1.46 |  0.97
        5226 |  0.98 |  0.83 |  1.04 |  1.04 |  5.07 |  1.46 |  0.97
        5226 |  0.98 |  0.83 |  1.04 |  1.04 |  5.07 |  1.46 |  0.97
        5226 |  0.98 |  0.83 |  1.04 |  1.04 |  5.07 |  1.46 |  0.97
        5227 |  0.81 |  1.17 |  0.91 |  0.69 |  1.07 |  0.98 |  0.93
        5227 |  0.81 |  1.17 |  0.91 |  0.69 |  1.07 |  0.98 |  0.93
        5227 |  0.81 |  1.17 |  0.91 |  0.69 |  1.07 |  0.98 |  0.93
        5227 |  0.81 |  1.17 |  0.91 |  0.69 |  1.07 |  0.98 |  0.93
        5227 |  0.81 |  1.17 |  0.91 |  0.69 |  1.07 |  0.98 |  0.93
        5227 |  0.81 |  1.17 |  0.91 |  0.69 |  1.07 |  0.98 |  0.93
        5227 |  0.81 |  1.17 |  0.91 |  0.69 |  1.07 |  0.98 |  0.93
        5227 |  0.81 |  1.17 |  0.91 |  0.69 |  1.07 |  0.98 |  0.93
        5227 |  0.81 |  1.17 |  0.91 |  0.69 |  1.07 |  0.98 |  0.93
        5227 |  0.81 |  1.17 |  0.91 |  0.69 |  1.07 |  0.98 |  0.93
        5227 |  0.81 |  1.17 |  0.91 |  0.69 |  1.07 |  0.98 |  0.93
        5227 |  0.81 |  1.17 |  0.91 |  0.69 |  1.07 |  0.98 |  0.93
        5227 |  0.81 |  1.17 |  0.91 |  0.69 |  1.07 |  0.98 |  0.93
        5227 |  0.81 |  1.17 |  0.91 |  0.69 |  1.07 |  0.98 |  0.93
        5227 |  0.81 |  1.17 |  0.91 |  0.69 |  1.07 |  0.98 |  0.93
        5227 |  0.81 |  1.17 |  0.91 |  0.69 |  1.07 |  0.98 |  0.93
        5227 |  0.81 |  1.17 |  0.91 |  0.69 |  1.07 |  0.98 |  0.93
        5227 |  0.81 |  1.17 |  0.91 |  0.69 |  1.07 |  0.98 |  0.93
        5227 |  0.81 |  1.17 |  0.91 |  0.69 |  1.07 |  0.98 |  0.93
        5227 |  0.81 |  1.17 |  0.91 |  0.69 |  1.07 |  0.98 |  0.93
        5227 |  0.81 |  1.17 |  0.91 |  0.69 |  1.07 |  0.98 |  0.93
        5227 |  0.81 |  1.17 |  0.91 |  0.69 |  1.07 |  0.98 |  0.93
        5227 |  0.81 |  1.17 |  0.91 |  0.69 |  1.07 |  0.98 |  0.93
        5227 |  0.81 |  1.17 |  0.91 |  0.69 |  1.07 |  0.98 |  0.93
        5227 |  0.81 |  1.17 |  0.91 |  0.69 |  1.07 |  0.98 |  0.93
        5227 |  0.81 |  1.17 |  0.91 |  0.69 |  1.07 |  0.98 |  0.93
        5227 |  0.81 |  1.17 |  0.91 |  0.69 |  1.07 |  0.98 |  0.93
        5227 |  0.81 |  1.17 |  0.91 |  0.69 |  1.07 |  0.98 |  0.93
        5227 |  0.81 |  1.17 |  0.91 |  0.69 |  1.07 |  0.98 |  0.93
        5227 |  0.81 |  1.17 |  0.91 |  0.69 |  1.07 |  0.98 |  0.93
        5227 |  0.81 |  1.17 |  0.91 |  0.69 |  1.07 |  0.98 |  0.93
        5227 |  0.81 |  1.17 |  0.91 |  0.69 |  1.07 |  0.98 |  0.93
        5227 |  0.81 |  1.17 |  0.91 |  0.69 |  1.07 |  0.98 |  0.93
        5227 |  0.81 |  1.17 |  0.91 |  0.69 |  1.07 |  0.98 |  0.93
        5227 |  0.81 |  1.17 |  0.91 |  0.69 |  1.07 |  0.98 |  0.93
        5227 |  0.81 |  1.17 |  0.91 |  0.69 |  1.07 |  0.98 |  0.93
        5227 |  0.81 |  1.17 |  0.91 |  0.69 |  1.07 |  0.98 |  0.93
        5227 |  0.81 |  1.17 |  0.91 |  0.69 |  1.07 |  0.98 |  0.93
        5227 |  0.81 |  1.17 |  0.91 |  0.69 |  1.07 |  0.98 |  0.93
        5227 |  0.81 |  1.17 |  0.91 |  0.69 |  1.07 |  0.98 |  0.93
        5227 |  0.81 |  1.17 |  0.91 |  0.69 |  1.07 |  0.98 |  0.93
        5227 |  0.81 |  1.17 |  0.91 |  0.69 |  1.07 |  0.98 |  0.93
        5227 |  0.81 |  1.17 |  0.91 |  0.69 |  1.07 |  0.98 |  0.93
        5227 |  0.81 |  1.17 |  0.91 |  0.69 |  1.07 |  0.98 |  0.93
        5227 |  0.81 |  1.17 |  0.91 |  0.69 |  1.07 |  0.98 |  0.93
        5227 |  0.81 |  1.17 |  0.91 |  0.69 |  1.07 |  0.98 |  0.93
        5227 |  0.81 |  1.17 |  0.91 |  0.69 |  1.07 |  0.98 |  0.93
        5227 |  0.81 |  1.17 |  0.91 |  0.69 |  1.07 |  0.98 |  0.93
        5227 |  0.81 |  1.17 |  0.91 |  0.69 |  1.07 |  0.98 |  0.93
        5228 |  0.95 |  0.78 |  1.21 |  1.06 |  1.01 |  0.95 |  1.14
        5228 |  0.95 |  0.78 |  1.21 |  1.06 |  1.01 |  0.95 |  1.14
        5228 |  0.95 |  0.78 |  1.21 |  1.06 |  1.01 |  0.95 |  1.14
        5228 |  0.95 |  0.78 |  1.21 |  1.06 |  1.01 |  0.95 |  1.14
        5228 |  0.95 |  0.78 |  1.21 |  1.06 |  1.01 |  0.95 |  1.14
        5228 |  0.95 |  0.78 |  1.21 |  1.06 |  1.01 |  0.95 |  1.14
        5228 |  0.95 |  0.78 |  1.21 |  1.06 |  1.01 |  0.95 |  1.14
        5228 |  0.95 |  0.78 |  1.21 |  1.06 |  1.01 |  0.95 |  1.14
        5228 |  0.95 |  0.78 |  1.21 |  1.06 |  1.01 |  0.95 |  1.14
        5228 |  0.95 |  0.78 |  1.21 |  1.06 |  1.01 |  0.95 |  1.14
        5228 |  0.95 |  0.78 |  1.21 |  1.06 |  1.01 |  0.95 |  1.14
        5228 |  0.95 |  0.78 |  1.21 |  1.06 |  1.01 |  0.95 |  1.14
        5228 |  0.95 |  0.78 |  1.21 |  1.06 |  1.01 |  0.95 |  1.14
        5228 |  0.95 |  0.78 |  1.21 |  1.06 |  1.01 |  0.95 |  1.14
        5228 |  0.95 |  0.78 |  1.21 |  1.06 |  1.01 |  0.95 |  1.14
        5228 |  0.95 |  0.78 |  1.21 |  1.06 |  1.01 |  0.95 |  1.14
        5228 |  0.95 |  0.78 |  1.21 |  1.06 |  1.01 |  0.95 |  1.14
        5228 |  0.95 |  0.78 |  1.21 |  1.06 |  1.01 |  0.95 |  1.14
        5228 |  0.95 |  0.78 |  1.21 |  1.06 |  1.01 |  0.95 |  1.14
        5228 |  0.95 |  0.78 |  1.21 |  1.06 |  1.01 |  0.95 |  1.14
        5228 |  0.95 |  0.78 |  1.21 |  1.06 |  1.01 |  0.95 |  1.14
        5228 |  0.95 |  0.78 |  1.21 |  1.06 |  1.01 |  0.95 |  1.14
        5228 |  0.95 |  0.78 |  1.21 |  1.06 |  1.01 |  0.95 |  1.14
        5228 |  0.95 |  0.78 |  1.21 |  1.06 |  1.01 |  0.95 |  1.14
        5228 |  0.95 |  0.78 |  1.21 |  1.06 |  1.01 |  0.95 |  1.14
        5228 |  0.95 |  0.78 |  1.21 |  1.06 |  1.01 |  0.95 |  1.14
        5228 |  0.95 |  0.78 |  1.21 |  1.06 |  1.01 |  0.95 |  1.14
        5228 |  0.95 |  0.78 |  1.21 |  1.06 |  1.01 |  0.95 |  1.14
        5228 |  0.95 |  0.78 |  1.21 |  1.06 |  1.01 |  0.95 |  1.14
        5228 |  0.95 |  0.78 |  1.21 |  1.06 |  1.01 |  0.95 |  1.14
        5228 |  0.95 |  0.78 |  1.21 |  1.06 |  1.01 |  0.95 |  1.14
        5228 |  0.95 |  0.78 |  1.21 |  1.06 |  1.01 |  0.95 |  1.14
        5228 |  0.95 |  0.78 |  1.21 |  1.06 |  1.01 |  0.95 |  1.14
        5228 |  0.95 |  0.78 |  1.21 |  1.06 |  1.01 |  0.95 |  1.14
        5228 |  0.95 |  0.78 |  1.21 |  1.06 |  1.01 |  0.95 |  1.14
        5228 |  0.95 |  0.78 |  1.21 |  1.06 |  1.01 |  0.95 |  1.14
        5228 |  0.95 |  0.78 |  1.21 |  1.06 |  1.01 |  0.95 |  1.14
        5228 |  0.95 |  0.78 |  1.21 |  1.06 |  1.01 |  0.95 |  1.14
        5228 |  0.95 |  0.78 |  1.21 |  1.06 |  1.01 |  0.95 |  1.14
        5228 |  0.95 |  0.78 |  1.21 |  1.06 |  1.01 |  0.95 |  1.14
        5228 |  0.95 |  0.78 |  1.21 |  1.06 |  1.01 |  0.95 |  1.14
        5228 |  0.95 |  0.78 |  1.21 |  1.06 |  1.01 |  0.95 |  1.14
        5228 |  0.95 |  0.78 |  1.21 |  1.06 |  1.01 |  0.95 |  1.14
        5228 |  0.95 |  0.78 |  1.21 |  1.06 |  1.01 |  0.95 |  1.14
        5228 |  0.95 |  0.78 |  1.21 |  1.06 |  1.01 |  0.95 |  1.14
        5228 |  0.95 |  0.78 |  1.21 |  1.06 |  1.01 |  0.95 |  1.14
        5228 |  0.95 |  0.78 |  1.21 |  1.06 |  1.01 |  0.95 |  1.14
        5228 |  0.95 |  0.78 |  1.21 |  1.06 |  1.01 |  0.95 |  1.14
        5228 |  0.95 |  0.78 |  1.21 |  1.06 |  1.01 |  0.95 |  1.14
        5229 |  0.97 |  1.08 |  0.86 |  0.94 |  1.18 |  1.07 |  1.00
        5229 |  0.97 |  1.08 |  0.86 |  0.94 |  1.18 |  1.07 |  1.00
        5229 |  0.97 |  1.08 |  0.86 |  0.94 |  1.18 |  1.07 |  1.00
        5229 |  0.97 |  1.08 |  0.86 |  0.94 |  1.18 |  1.07 |  1.00
        5229 |  0.97 |  1.08 |  0.86 |  0.94 |  1.18 |  1.07 |  1.00
        5229 |  0.97 |  1.08 |  0.86 |  0.94 |  1.18 |  1.07 |  1.00
        5229 |  0.97 |  1.08 |  0.86 |  0.94 |  1.18 |  1.07 |  1.00
        5229 |  0.97 |  1.08 |  0.86 |  0.94 |  1.18 |  1.07 |  1.00
        5229 |  0.97 |  1.08 |  0.86 |  0.94 |  1.18 |  1.07 |  1.00
        5229 |  0.97 |  1.08 |  0.86 |  0.94 |  1.18 |  1.07 |  1.00
        5229 |  0.97 |  1.08 |  0.86 |  0.94 |  1.18 |  1.07 |  1.00
        5229 |  0.97 |  1.08 |  0.86 |  0.94 |  1.18 |  1.07 |  1.00
        5229 |  0.97 |  1.08 |  0.86 |  0.94 |  1.18 |  1.07 |  1.00
        5229 |  0.97 |  1.08 |  0.86 |  0.94 |  1.18 |  1.07 |  1.00
        5229 |  0.97 |  1.08 |  0.86 |  0.94 |  1.18 |  1.07 |  1.00
        5229 |  0.97 |  1.08 |  0.86 |  0.94 |  1.18 |  1.07 |  1.00
        5229 |  0.97 |  1.08 |  0.86 |  0.94 |  1.18 |  1.07 |  1.00
        5229 |  0.97 |  1.08 |  0.86 |  0.94 |  1.18 |  1.07 |  1.00
        5229 |  0.97 |  1.08 |  0.86 |  0.94 |  1.18 |  1.07 |  1.00
        5229 |  0.97 |  1.08 |  0.86 |  0.94 |  1.18 |  1.07 |  1.00
        5229 |  0.97 |  1.08 |  0.86 |  0.94 |  1.18 |  1.07 |  1.00
        5229 |  0.97 |  1.08 |  0.86 |  0.94 |  1.18 |  1.07 |  1.00
        5229 |  0.97 |  1.08 |  0.86 |  0.94 |  1.18 |  1.07 |  1.00
        5229 |  0.97 |  1.08 |  0.86 |  0.94 |  1.18 |  1.07 |  1.00
        5229 |  0.97 |  1.08 |  0.86 |  0.94 |  1.18 |  1.07 |  1.00
        5229 |  0.97 |  1.08 |  0.86 |  0.94 |  1.18 |  1.07 |  1.00
        5229 |  0.97 |  1.08 |  0.86 |  0.94 |  1.18 |  1.07 |  1.00
        5229 |  0.97 |  1.08 |  0.86 |  0.94 |  1.18 |  1.07 |  1.00
        5229 |  0.97 |  1.08 |  0.86 |  0.94 |  1.18 |  1.07 |  1.00
        5229 |  0.97 |  1.08 |  0.86 |  0.94 |  1.18 |  1.07 |  1.00
        5229 |  0.97 |  1.08 |  0.86 |  0.94 |  1.18 |  1.07 |  1.00
        5229 |  0.97 |  1.08 |  0.86 |  0.94 |  1.18 |  1.07 |  1.00
        5229 |  0.97 |  1.08 |  0.86 |  0.94 |  1.18 |  1.07 |  1.00
        5229 |  0.97 |  1.08 |  0.86 |  0.94 |  1.18 |  1.07 |  1.00
        5229 |  0.97 |  1.08 |  0.86 |  0.94 |  1.18 |  1.07 |  1.00
        5229 |  0.97 |  1.08 |  0.86 |  0.94 |  1.18 |  1.07 |  1.00
        5229 |  0.97 |  1.08 |  0.86 |  0.94 |  1.18 |  1.07 |  1.00
        5229 |  0.97 |  1.08 |  0.86 |  0.94 |  1.18 |  1.07 |  1.00
        5229 |  0.97 |  1.08 |  0.86 |  0.94 |  1.18 |  1.07 |  1.00
        5229 |  0.97 |  1.08 |  0.86 |  0.94 |  1.18 |  1.07 |  1.00
        5229 |  0.97 |  1.08 |  0.86 |  0.94 |  1.18 |  1.07 |  1.00
        5229 |  0.97 |  1.08 |  0.86 |  0.94 |  1.18 |  1.07 |  1.00
        5229 |  0.97 |  1.08 |  0.86 |  0.94 |  1.18 |  1.07 |  1.00
        5229 |  0.97 |  1.08 |  0.86 |  0.94 |  1.18 |  1.07 |  1.00
        5229 |  0.97 |  1.08 |  0.86 |  0.94 |  1.18 |  1.07 |  1.00
        5229 |  0.97 |  1.08 |  0.86 |  0.94 |  1.18 |  1.07 |  1.00
        5229 |  0.97 |  1.08 |  0.86 |  0.94 |  1.18 |  1.07 |  1.00
        5229 |  0.97 |  1.08 |  0.86 |  0.94 |  1.18 |  1.07 |  1.00
        5229 |  0.97 |  1.08 |  0.86 |  0.94 |  1.18 |  1.07 |  1.00
        5230 |  1.19 |  0.81 |  0.90 |  1.02 |  0.86 |  0.63 |  0.81
        5230 |  1.19 |  0.81 |  0.90 |  1.02 |  0.86 |  0.63 |  0.81
        5230 |  1.19 |  0.81 |  0.90 |  1.02 |  0.86 |  0.63 |  0.81
        5230 |  1.19 |  0.81 |  0.90 |  1.02 |  0.86 |  0.63 |  0.81
        5230 |  1.19 |  0.81 |  0.90 |  1.02 |  0.86 |  0.63 |  0.81
        5230 |  1.19 |  0.81 |  0.90 |  1.02 |  0.86 |  0.63 |  0.81
        5230 |  1.19 |  0.81 |  0.90 |  1.02 |  0.86 |  0.63 |  0.81
        5230 |  1.19 |  0.81 |  0.90 |  1.02 |  0.86 |  0.63 |  0.81
        5230 |  1.19 |  0.81 |  0.90 |  1.02 |  0.86 |  0.63 |  0.81
        5230 |  1.19 |  0.81 |  0.90 |  1.02 |  0.86 |  0.63 |  0.81
        5230 |  1.19 |  0.81 |  0.90 |  1.02 |  0.86 |  0.63 |  0.81
        5230 |  1.19 |  0.81 |  0.90 |  1.02 |  0.86 |  0.63 |  0.81
        5230 |  1.19 |  0.81 |  0.90 |  1.02 |  0.86 |  0.63 |  0.81
        5230 |  1.19 |  0.81 |  0.90 |  1.02 |  0.86 |  0.63 |  0.81
        5230 |  1.19 |  0.81 |  0.90 |  1.02 |  0.86 |  0.63 |  0.81
        5230 |  1.19 |  0.81 |  0.90 |  1.02 |  0.86 |  0.63 |  0.81
        5230 |  1.19 |  0.81 |  0.90 |  1.02 |  0.86 |  0.63 |  0.81
        5230 |  1.19 |  0.81 |  0.90 |  1.02 |  0.86 |  0.63 |  0.81
        5230 |  1.19 |  0.81 |  0.90 |  1.02 |  0.86 |  0.63 |  0.81
        5230 |  1.19 |  0.81 |  0.90 |  1.02 |  0.86 |  0.63 |  0.81
        5230 |  1.19 |  0.81 |  0.90 |  1.02 |  0.86 |  0.63 |  0.81
        5230 |  1.19 |  0.81 |  0.90 |  1.02 |  0.86 |  0.63 |  0.81
        5230 |  1.19 |  0.81 |  0.90 |  1.02 |  0.86 |  0.63 |  0.81
        5230 |  1.19 |  0.81 |  0.90 |  1.02 |  0.86 |  0.63 |  0.81
        5230 |  1.19 |  0.81 |  0.90 |  1.02 |  0.86 |  0.63 |  0.81
        5230 |  1.19 |  0.81 |  0.90 |  1.02 |  0.86 |  0.63 |  0.81
        5230 |  1.19 |  0.81 |  0.90 |  1.02 |  0.86 |  0.63 |  0.81
        5230 |  1.19 |  0.81 |  0.90 |  1.02 |  0.86 |  0.63 |  0.81
        5230 |  1.19 |  0.81 |  0.90 |  1.02 |  0.86 |  0.63 |  0.81
        5230 |  1.19 |  0.81 |  0.90 |  1.02 |  0.86 |  0.63 |  0.81
        5230 |  1.19 |  0.81 |  0.90 |  1.02 |  0.86 |  0.63 |  0.81
        5230 |  1.19 |  0.81 |  0.90 |  1.02 |  0.86 |  0.63 |  0.81
        5230 |  1.19 |  0.81 |  0.90 |  1.02 |  0.86 |  0.63 |  0.81
        5230 |  1.19 |  0.81 |  0.90 |  1.02 |  0.86 |  0.63 |  0.81
        5230 |  1.19 |  0.81 |  0.90 |  1.02 |  0.86 |  0.63 |  0.81
        5230 |  1.19 |  0.81 |  0.90 |  1.02 |  0.86 |  0.63 |  0.81
        5230 |  1.19 |  0.81 |  0.90 |  1.02 |  0.86 |  0.63 |  0.81
        5230 |  1.19 |  0.81 |  0.90 |  1.02 |  0.86 |  0.63 |  0.81
        5230 |  1.19 |  0.81 |  0.90 |  1.02 |  0.86 |  0.63 |  0.81
        5230 |  1.19 |  0.81 |  0.90 |  1.02 |  0.86 |  0.63 |  0.81
        5230 |  1.19 |  0.81 |  0.90 |  1.02 |  0.86 |  0.63 |  0.81
        5230 |  1.19 |  0.81 |  0.90 |  1.02 |  0.86 |  0.63 |  0.81
        5230 |  1.19 |  0.81 |  0.90 |  1.02 |  0.86 |  0.63 |  0.81
        5230 |  1.19 |  0.81 |  0.90 |  1.02 |  0.86 |  0.63 |  0.81
        5230 |  1.19 |  0.81 |  0.90 |  1.02 |  0.86 |  0.63 |  0.81
        5230 |  1.19 |  0.81 |  0.90 |  1.02 |  0.86 |  0.63 |  0.81
        5230 |  1.19 |  0.81 |  0.90 |  1.02 |  0.86 |  0.63 |  0.81
        5230 |  1.19 |  0.81 |  0.90 |  1.02 |  0.86 |  0.63 |  0.81
        5230 |  1.19 |  0.81 |  0.90 |  1.02 |  0.86 |  0.63 |  0.81
        5231 |  1.18 |  0.87 |  0.94 |  0.89 |  0.93 |  1.08 |  1.14
        5231 |  1.18 |  0.87 |  0.94 |  0.89 |  0.93 |  1.08 |  1.14
        5231 |  1.18 |  0.87 |  0.94 |  0.89 |  0.93 |  1.08 |  1.14
        5231 |  1.18 |  0.87 |  0.94 |  0.89 |  0.93 |  1.08 |  1.14
        5231 |  1.18 |  0.87 |  0.94 |  0.89 |  0.93 |  1.08 |  1.14
        5231 |  1.18 |  0.87 |  0.94 |  0.89 |  0.93 |  1.08 |  1.14
        5231 |  1.18 |  0.87 |  0.94 |  0.89 |  0.93 |  1.08 |  1.14
        5231 |  1.18 |  0.87 |  0.94 |  0.89 |  0.93 |  1.08 |  1.14
        5231 |  1.18 |  0.87 |  0.94 |  0.89 |  0.93 |  1.08 |  1.14
        5231 |  1.18 |  0.87 |  0.94 |  0.89 |  0.93 |  1.08 |  1.14
        5231 |  1.18 |  0.87 |  0.94 |  0.89 |  0.93 |  1.08 |  1.14
        5231 |  1.18 |  0.87 |  0.94 |  0.89 |  0.93 |  1.08 |  1.14
        5231 |  1.18 |  0.87 |  0.94 |  0.89 |  0.93 |  1.08 |  1.14
        5231 |  1.18 |  0.87 |  0.94 |  0.89 |  0.93 |  1.08 |  1.14
        5231 |  1.18 |  0.87 |  0.94 |  0.89 |  0.93 |  1.08 |  1.14
        5231 |  1.18 |  0.87 |  0.94 |  0.89 |  0.93 |  1.08 |  1.14
        5231 |  1.18 |  0.87 |  0.94 |  0.89 |  0.93 |  1.08 |  1.14
        5231 |  1.18 |  0.87 |  0.94 |  0.89 |  0.93 |  1.08 |  1.14
        5231 |  1.18 |  0.87 |  0.94 |  0.89 |  0.93 |  1.08 |  1.14
        5231 |  1.18 |  0.87 |  0.94 |  0.89 |  0.93 |  1.08 |  1.14
        5231 |  1.18 |  0.87 |  0.94 |  0.89 |  0.93 |  1.08 |  1.14
        5231 |  1.18 |  0.87 |  0.94 |  0.89 |  0.93 |  1.08 |  1.14
        5231 |  1.18 |  0.87 |  0.94 |  0.89 |  0.93 |  1.08 |  1.14
        5231 |  1.18 |  0.87 |  0.94 |  0.89 |  0.93 |  1.08 |  1.14
        5231 |  1.18 |  0.87 |  0.94 |  0.89 |  0.93 |  1.08 |  1.14
        5231 |  1.18 |  0.87 |  0.94 |  0.89 |  0.93 |  1.08 |  1.14
        5231 |  1.18 |  0.87 |  0.94 |  0.89 |  0.93 |  1.08 |  1.14
        5231 |  1.18 |  0.87 |  0.94 |  0.89 |  0.93 |  1.08 |  1.14
        5231 |  1.18 |  0.87 |  0.94 |  0.89 |  0.93 |  1.08 |  1.14
        5231 |  1.18 |  0.87 |  0.94 |  0.89 |  0.93 |  1.08 |  1.14
        5231 |  1.18 |  0.87 |  0.94 |  0.89 |  0.93 |  1.08 |  1.14
        5231 |  1.18 |  0.87 |  0.94 |  0.89 |  0.93 |  1.08 |  1.14
        5231 |  1.18 |  0.87 |  0.94 |  0.89 |  0.93 |  1.08 |  1.14
        5231 |  1.18 |  0.87 |  0.94 |  0.89 |  0.93 |  1.08 |  1.14
        5231 |  1.18 |  0.87 |  0.94 |  0.89 |  0.93 |  1.08 |  1.14
        5231 |  1.18 |  0.87 |  0.94 |  0.89 |  0.93 |  1.08 |  1.14
        5231 |  1.18 |  0.87 |  0.94 |  0.89 |  0.93 |  1.08 |  1.14
        5231 |  1.18 |  0.87 |  0.94 |  0.89 |  0.93 |  1.08 |  1.14
        5231 |  1.18 |  0.87 |  0.94 |  0.89 |  0.93 |  1.08 |  1.14
        5231 |  1.18 |  0.87 |  0.94 |  0.89 |  0.93 |  1.08 |  1.14
        5231 |  1.18 |  0.87 |  0.94 |  0.89 |  0.93 |  1.08 |  1.14
        5231 |  1.18 |  0.87 |  0.94 |  0.89 |  0.93 |  1.08 |  1.14
        5231 |  1.18 |  0.87 |  0.94 |  0.89 |  0.93 |  1.08 |  1.14
        5231 |  1.18 |  0.87 |  0.94 |  0.89 |  0.93 |  1.08 |  1.14
        5231 |  1.18 |  0.87 |  0.94 |  0.89 |  0.93 |  1.08 |  1.14
        5231 |  1.18 |  0.87 |  0.94 |  0.89 |  0.93 |  1.08 |  1.14
        5231 |  1.18 |  0.87 |  0.94 |  0.89 |  0.93 |  1.08 |  1.14
        5231 |  1.18 |  0.87 |  0.94 |  0.89 |  0.93 |  1.08 |  1.14
        5231 |  1.18 |  0.87 |  0.94 |  0.89 |  0.93 |  1.08 |  1.14
        5232 |  1.00 |  1.06 |  0.95 |  0.96 |  0.85 |  1.07 |  1.04
        5232 |  1.00 |  1.06 |  0.95 |  0.96 |  0.85 |  1.07 |  1.04
        5232 |  1.00 |  1.06 |  0.95 |  0.96 |  0.85 |  1.07 |  1.04
        5232 |  1.00 |  1.06 |  0.95 |  0.96 |  0.85 |  1.07 |  1.04
        5232 |  1.00 |  1.06 |  0.95 |  0.96 |  0.85 |  1.07 |  1.04
        5232 |  1.00 |  1.06 |  0.95 |  0.96 |  0.85 |  1.07 |  1.04
        5232 |  1.00 |  1.06 |  0.95 |  0.96 |  0.85 |  1.07 |  1.04
        5232 |  1.00 |  1.06 |  0.95 |  0.96 |  0.85 |  1.07 |  1.04
        5232 |  1.00 |  1.06 |  0.95 |  0.96 |  0.85 |  1.07 |  1.04
        5232 |  1.00 |  1.06 |  0.95 |  0.96 |  0.85 |  1.07 |  1.04
        5232 |  1.00 |  1.06 |  0.95 |  0.96 |  0.85 |  1.07 |  1.04
        5232 |  1.00 |  1.06 |  0.95 |  0.96 |  0.85 |  1.07 |  1.04
        5232 |  1.00 |  1.06 |  0.95 |  0.96 |  0.85 |  1.07 |  1.04
        5232 |  1.00 |  1.06 |  0.95 |  0.96 |  0.85 |  1.07 |  1.04
        5232 |  1.00 |  1.06 |  0.95 |  0.96 |  0.85 |  1.07 |  1.04
        5232 |  1.00 |  1.06 |  0.95 |  0.96 |  0.85 |  1.07 |  1.04
        5232 |  1.00 |  1.06 |  0.95 |  0.96 |  0.85 |  1.07 |  1.04
        5232 |  1.00 |  1.06 |  0.95 |  0.96 |  0.85 |  1.07 |  1.04
        5232 |  1.00 |  1.06 |  0.95 |  0.96 |  0.85 |  1.07 |  1.04
        5232 |  1.00 |  1.06 |  0.95 |  0.96 |  0.85 |  1.07 |  1.04
        5232 |  1.00 |  1.06 |  0.95 |  0.96 |  0.85 |  1.07 |  1.04
        5232 |  1.00 |  1.06 |  0.95 |  0.96 |  0.85 |  1.07 |  1.04
        5232 |  1.00 |  1.06 |  0.95 |  0.96 |  0.85 |  1.07 |  1.04
        5232 |  1.00 |  1.06 |  0.95 |  0.96 |  0.85 |  1.07 |  1.04
        5232 |  1.00 |  1.06 |  0.95 |  0.96 |  0.85 |  1.07 |  1.04
        5232 |  1.00 |  1.06 |  0.95 |  0.96 |  0.85 |  1.07 |  1.04
        5232 |  1.00 |  1.06 |  0.95 |  0.96 |  0.85 |  1.07 |  1.04
        5232 |  1.00 |  1.06 |  0.95 |  0.96 |  0.85 |  1.07 |  1.04
        5232 |  1.00 |  1.06 |  0.95 |  0.96 |  0.85 |  1.07 |  1.04
        5232 |  1.00 |  1.06 |  0.95 |  0.96 |  0.85 |  1.07 |  1.04
        5232 |  1.00 |  1.06 |  0.95 |  0.96 |  0.85 |  1.07 |  1.04
        5232 |  1.00 |  1.06 |  0.95 |  0.96 |  0.85 |  1.07 |  1.04
        5232 |  1.00 |  1.06 |  0.95 |  0.96 |  0.85 |  1.07 |  1.04
        5232 |  1.00 |  1.06 |  0.95 |  0.96 |  0.85 |  1.07 |  1.04
        5232 |  1.00 |  1.06 |  0.95 |  0.96 |  0.85 |  1.07 |  1.04
        5232 |  1.00 |  1.06 |  0.95 |  0.96 |  0.85 |  1.07 |  1.04
        5232 |  1.00 |  1.06 |  0.95 |  0.96 |  0.85 |  1.07 |  1.04
        5232 |  1.00 |  1.06 |  0.95 |  0.96 |  0.85 |  1.07 |  1.04
        5232 |  1.00 |  1.06 |  0.95 |  0.96 |  0.85 |  1.07 |  1.04
        5232 |  1.00 |  1.06 |  0.95 |  0.96 |  0.85 |  1.07 |  1.04
        5232 |  1.00 |  1.06 |  0.95 |  0.96 |  0.85 |  1.07 |  1.04
        5232 |  1.00 |  1.06 |  0.95 |  0.96 |  0.85 |  1.07 |  1.04
        5232 |  1.00 |  1.06 |  0.95 |  0.96 |  0.85 |  1.07 |  1.04
        5232 |  1.00 |  1.06 |  0.95 |  0.96 |  0.85 |  1.07 |  1.04
        5232 |  1.00 |  1.06 |  0.95 |  0.96 |  0.85 |  1.07 |  1.04
        5232 |  1.00 |  1.06 |  0.95 |  0.96 |  0.85 |  1.07 |  1.04
        5232 |  1.00 |  1.06 |  0.95 |  0.96 |  0.85 |  1.07 |  1.04
        5232 |  1.00 |  1.06 |  0.95 |  0.96 |  0.85 |  1.07 |  1.04
        5232 |  1.00 |  1.06 |  0.95 |  0.96 |  0.85 |  1.07 |  1.04
        5233 |  0.95 |  1.00 |  1.11 |  0.84 |  0.85 |  1.01 |  0.87
        5233 |  0.95 |  1.00 |  1.11 |  0.84 |  0.85 |  1.01 |  0.87
        5233 |  0.95 |  1.00 |  1.11 |  0.84 |  0.85 |  1.01 |  0.87
        5233 |  0.95 |  1.00 |  1.11 |  0.84 |  0.85 |  1.01 |  0.87
        5233 |  0.95 |  1.00 |  1.11 |  0.84 |  0.85 |  1.01 |  0.87
        5233 |  0.95 |  1.00 |  1.11 |  0.84 |  0.85 |  1.01 |  0.87
        5233 |  0.95 |  1.00 |  1.11 |  0.84 |  0.85 |  1.01 |  0.87
        5233 |  0.95 |  1.00 |  1.11 |  0.84 |  0.85 |  1.01 |  0.87
        5233 |  0.95 |  1.00 |  1.11 |  0.84 |  0.85 |  1.01 |  0.87
        5233 |  0.95 |  1.00 |  1.11 |  0.84 |  0.85 |  1.01 |  0.87
        5233 |  0.95 |  1.00 |  1.11 |  0.84 |  0.85 |  1.01 |  0.87
        5233 |  0.95 |  1.00 |  1.11 |  0.84 |  0.85 |  1.01 |  0.87
        5233 |  0.95 |  1.00 |  1.11 |  0.84 |  0.85 |  1.01 |  0.87
        5233 |  0.95 |  1.00 |  1.11 |  0.84 |  0.85 |  1.01 |  0.87
        5233 |  0.95 |  1.00 |  1.11 |  0.84 |  0.85 |  1.01 |  0.87
        5233 |  0.95 |  1.00 |  1.11 |  0.84 |  0.85 |  1.01 |  0.87
        5233 |  0.95 |  1.00 |  1.11 |  0.84 |  0.85 |  1.01 |  0.87
        5233 |  0.95 |  1.00 |  1.11 |  0.84 |  0.85 |  1.01 |  0.87
        5233 |  0.95 |  1.00 |  1.11 |  0.84 |  0.85 |  1.01 |  0.87
        5233 |  0.95 |  1.00 |  1.11 |  0.84 |  0.85 |  1.01 |  0.87
        5233 |  0.95 |  1.00 |  1.11 |  0.84 |  0.85 |  1.01 |  0.87
        5233 |  0.95 |  1.00 |  1.11 |  0.84 |  0.85 |  1.01 |  0.87
        5233 |  0.95 |  1.00 |  1.11 |  0.84 |  0.85 |  1.01 |  0.87
        5233 |  0.95 |  1.00 |  1.11 |  0.84 |  0.85 |  1.01 |  0.87
        5233 |  0.95 |  1.00 |  1.11 |  0.84 |  0.85 |  1.01 |  0.87
        5233 |  0.95 |  1.00 |  1.11 |  0.84 |  0.85 |  1.01 |  0.87
        5233 |  0.95 |  1.00 |  1.11 |  0.84 |  0.85 |  1.01 |  0.87
        5233 |  0.95 |  1.00 |  1.11 |  0.84 |  0.85 |  1.01 |  0.87
        5233 |  0.95 |  1.00 |  1.11 |  0.84 |  0.85 |  1.01 |  0.87
        5233 |  0.95 |  1.00 |  1.11 |  0.84 |  0.85 |  1.01 |  0.87
        5233 |  0.95 |  1.00 |  1.11 |  0.84 |  0.85 |  1.01 |  0.87
        5233 |  0.95 |  1.00 |  1.11 |  0.84 |  0.85 |  1.01 |  0.87
        5233 |  0.95 |  1.00 |  1.11 |  0.84 |  0.85 |  1.01 |  0.87
        5233 |  0.95 |  1.00 |  1.11 |  0.84 |  0.85 |  1.01 |  0.87
        5233 |  0.95 |  1.00 |  1.11 |  0.84 |  0.85 |  1.01 |  0.87
        5233 |  0.95 |  1.00 |  1.11 |  0.84 |  0.85 |  1.01 |  0.87
        5233 |  0.95 |  1.00 |  1.11 |  0.84 |  0.85 |  1.01 |  0.87
        5233 |  0.95 |  1.00 |  1.11 |  0.84 |  0.85 |  1.01 |  0.87
        5233 |  0.95 |  1.00 |  1.11 |  0.84 |  0.85 |  1.01 |  0.87
        5233 |  0.95 |  1.00 |  1.11 |  0.84 |  0.85 |  1.01 |  0.87
        5233 |  0.95 |  1.00 |  1.11 |  0.84 |  0.85 |  1.01 |  0.87
        5233 |  0.95 |  1.00 |  1.11 |  0.84 |  0.85 |  1.01 |  0.87
        5233 |  0.95 |  1.00 |  1.11 |  0.84 |  0.85 |  1.01 |  0.87
        5233 |  0.95 |  1.00 |  1.11 |  0.84 |  0.85 |  1.01 |  0.87
        5233 |  0.95 |  1.00 |  1.11 |  0.84 |  0.85 |  1.01 |  0.87
        5233 |  0.95 |  1.00 |  1.11 |  0.84 |  0.85 |  1.01 |  0.87
        5233 |  0.95 |  1.00 |  1.11 |  0.84 |  0.85 |  1.01 |  0.87
        5233 |  0.95 |  1.00 |  1.11 |  0.84 |  0.85 |  1.01 |  0.87
        5233 |  0.95 |  1.00 |  1.11 |  0.84 |  0.85 |  1.01 |  0.87
        5234 |  0.84 |  1.14 |  0.95 |  0.93 |  0.93 |  1.44 |  1.05
        5234 |  0.84 |  1.14 |  0.95 |  0.93 |  0.93 |  1.44 |  1.05
        5234 |  0.84 |  1.14 |  0.95 |  0.93 |  0.93 |  1.44 |  1.05
        5234 |  0.84 |  1.14 |  0.95 |  0.93 |  0.93 |  1.44 |  1.05
        5234 |  0.84 |  1.14 |  0.95 |  0.93 |  0.93 |  1.44 |  1.05
        5234 |  0.84 |  1.14 |  0.95 |  0.93 |  0.93 |  1.44 |  1.05
        5234 |  0.84 |  1.14 |  0.95 |  0.93 |  0.93 |  1.44 |  1.05
        5234 |  0.84 |  1.14 |  0.95 |  0.93 |  0.93 |  1.44 |  1.05
        5234 |  0.84 |  1.14 |  0.95 |  0.93 |  0.93 |  1.44 |  1.05
        5234 |  0.84 |  1.14 |  0.95 |  0.93 |  0.93 |  1.44 |  1.05
        5234 |  0.84 |  1.14 |  0.95 |  0.93 |  0.93 |  1.44 |  1.05
        5234 |  0.84 |  1.14 |  0.95 |  0.93 |  0.93 |  1.44 |  1.05
        5234 |  0.84 |  1.14 |  0.95 |  0.93 |  0.93 |  1.44 |  1.05
        5234 |  0.84 |  1.14 |  0.95 |  0.93 |  0.93 |  1.44 |  1.05
        5234 |  0.84 |  1.14 |  0.95 |  0.93 |  0.93 |  1.44 |  1.05
        5234 |  0.84 |  1.14 |  0.95 |  0.93 |  0.93 |  1.44 |  1.05
        5234 |  0.84 |  1.14 |  0.95 |  0.93 |  0.93 |  1.44 |  1.05
        5234 |  0.84 |  1.14 |  0.95 |  0.93 |  0.93 |  1.44 |  1.05
        5234 |  0.84 |  1.14 |  0.95 |  0.93 |  0.93 |  1.44 |  1.05
        5234 |  0.84 |  1.14 |  0.95 |  0.93 |  0.93 |  1.44 |  1.05
        5234 |  0.84 |  1.14 |  0.95 |  0.93 |  0.93 |  1.44 |  1.05
        5234 |  0.84 |  1.14 |  0.95 |  0.93 |  0.93 |  1.44 |  1.05
        5234 |  0.84 |  1.14 |  0.95 |  0.93 |  0.93 |  1.44 |  1.05
        5234 |  0.84 |  1.14 |  0.95 |  0.93 |  0.93 |  1.44 |  1.05
        5234 |  0.84 |  1.14 |  0.95 |  0.93 |  0.93 |  1.44 |  1.05
        5234 |  0.84 |  1.14 |  0.95 |  0.93 |  0.93 |  1.44 |  1.05
        5234 |  0.84 |  1.14 |  0.95 |  0.93 |  0.93 |  1.44 |  1.05
        5234 |  0.84 |  1.14 |  0.95 |  0.93 |  0.93 |  1.44 |  1.05
        5234 |  0.84 |  1.14 |  0.95 |  0.93 |  0.93 |  1.44 |  1.05
        5234 |  0.84 |  1.14 |  0.95 |  0.93 |  0.93 |  1.44 |  1.05
        5234 |  0.84 |  1.14 |  0.95 |  0.93 |  0.93 |  1.44 |  1.05
        5234 |  0.84 |  1.14 |  0.95 |  0.93 |  0.93 |  1.44 |  1.05
        5234 |  0.84 |  1.14 |  0.95 |  0.93 |  0.93 |  1.44 |  1.05
        5234 |  0.84 |  1.14 |  0.95 |  0.93 |  0.93 |  1.44 |  1.05
        5234 |  0.84 |  1.14 |  0.95 |  0.93 |  0.93 |  1.44 |  1.05
        5234 |  0.84 |  1.14 |  0.95 |  0.93 |  0.93 |  1.44 |  1.05
        5234 |  0.84 |  1.14 |  0.95 |  0.93 |  0.93 |  1.44 |  1.05
        5234 |  0.84 |  1.14 |  0.95 |  0.93 |  0.93 |  1.44 |  1.05
        5234 |  0.84 |  1.14 |  0.95 |  0.93 |  0.93 |  1.44 |  1.05
        5234 |  0.84 |  1.14 |  0.95 |  0.93 |  0.93 |  1.44 |  1.05
        5234 |  0.84 |  1.14 |  0.95 |  0.93 |  0.93 |  1.44 |  1.05
        5234 |  0.84 |  1.14 |  0.95 |  0.93 |  0.93 |  1.44 |  1.05
        5234 |  0.84 |  1.14 |  0.95 |  0.93 |  0.93 |  1.44 |  1.05
        5234 |  0.84 |  1.14 |  0.95 |  0.93 |  0.93 |  1.44 |  1.05
        5234 |  0.84 |  1.14 |  0.95 |  0.93 |  0.93 |  1.44 |  1.05
        5234 |  0.84 |  1.14 |  0.95 |  0.93 |  0.93 |  1.44 |  1.05
        5234 |  0.84 |  1.14 |  0.95 |  0.93 |  0.93 |  1.44 |  1.05
        5234 |  0.84 |  1.14 |  0.95 |  0.93 |  0.93 |  1.44 |  1.05
        5234 |  0.84 |  1.14 |  0.95 |  0.93 |  0.93 |  1.44 |  1.05
        5235 |  0.82 |  1.16 |  1.13 |  1.11 |  1.10 |  0.86 |  1.14
        5235 |  0.82 |  1.16 |  1.13 |  1.11 |  1.10 |  0.86 |  1.14
        5235 |  0.82 |  1.16 |  1.13 |  1.11 |  1.10 |  0.86 |  1.14
        5235 |  0.82 |  1.16 |  1.13 |  1.11 |  1.10 |  0.86 |  1.14
        5235 |  0.82 |  1.16 |  1.13 |  1.11 |  1.10 |  0.86 |  1.14
        5235 |  0.82 |  1.16 |  1.13 |  1.11 |  1.10 |  0.86 |  1.14
        5235 |  0.82 |  1.16 |  1.13 |  1.11 |  1.10 |  0.86 |  1.14
        5235 |  0.82 |  1.16 |  1.13 |  1.11 |  1.10 |  0.86 |  1.14
        5235 |  0.82 |  1.16 |  1.13 |  1.11 |  1.10 |  0.86 |  1.14
        5235 |  0.82 |  1.16 |  1.13 |  1.11 |  1.10 |  0.86 |  1.14
        5235 |  0.82 |  1.16 |  1.13 |  1.11 |  1.10 |  0.86 |  1.14
        5235 |  0.82 |  1.16 |  1.13 |  1.11 |  1.10 |  0.86 |  1.14
        5235 |  0.82 |  1.16 |  1.13 |  1.11 |  1.10 |  0.86 |  1.14
        5235 |  0.82 |  1.16 |  1.13 |  1.11 |  1.10 |  0.86 |  1.14
        5235 |  0.82 |  1.16 |  1.13 |  1.11 |  1.10 |  0.86 |  1.14
        5235 |  0.82 |  1.16 |  1.13 |  1.11 |  1.10 |  0.86 |  1.14
        5235 |  0.82 |  1.16 |  1.13 |  1.11 |  1.10 |  0.86 |  1.14
        5235 |  0.82 |  1.16 |  1.13 |  1.11 |  1.10 |  0.86 |  1.14
        5235 |  0.82 |  1.16 |  1.13 |  1.11 |  1.10 |  0.86 |  1.14
        5235 |  0.82 |  1.16 |  1.13 |  1.11 |  1.10 |  0.86 |  1.14
        5235 |  0.82 |  1.16 |  1.13 |  1.11 |  1.10 |  0.86 |  1.14
        5235 |  0.82 |  1.16 |  1.13 |  1.11 |  1.10 |  0.86 |  1.14
        5235 |  0.82 |  1.16 |  1.13 |  1.11 |  1.10 |  0.86 |  1.14
        5235 |  0.82 |  1.16 |  1.13 |  1.11 |  1.10 |  0.86 |  1.14
        5235 |  0.82 |  1.16 |  1.13 |  1.11 |  1.10 |  0.86 |  1.14
        5235 |  0.82 |  1.16 |  1.13 |  1.11 |  1.10 |  0.86 |  1.14
        5235 |  0.82 |  1.16 |  1.13 |  1.11 |  1.10 |  0.86 |  1.14
        5235 |  0.82 |  1.16 |  1.13 |  1.11 |  1.10 |  0.86 |  1.14
        5235 |  0.82 |  1.16 |  1.13 |  1.11 |  1.10 |  0.86 |  1.14
        5235 |  0.82 |  1.16 |  1.13 |  1.11 |  1.10 |  0.86 |  1.14
        5235 |  0.82 |  1.16 |  1.13 |  1.11 |  1.10 |  0.86 |  1.14
        5235 |  0.82 |  1.16 |  1.13 |  1.11 |  1.10 |  0.86 |  1.14
        5235 |  0.82 |  1.16 |  1.13 |  1.11 |  1.10 |  0.86 |  1.14
        5235 |  0.82 |  1.16 |  1.13 |  1.11 |  1.10 |  0.86 |  1.14
        5235 |  0.82 |  1.16 |  1.13 |  1.11 |  1.10 |  0.86 |  1.14
        5235 |  0.82 |  1.16 |  1.13 |  1.11 |  1.10 |  0.86 |  1.14
        5235 |  0.82 |  1.16 |  1.13 |  1.11 |  1.10 |  0.86 |  1.14
        5235 |  0.82 |  1.16 |  1.13 |  1.11 |  1.10 |  0.86 |  1.14
        5235 |  0.82 |  1.16 |  1.13 |  1.11 |  1.10 |  0.86 |  1.14
        5235 |  0.82 |  1.16 |  1.13 |  1.11 |  1.10 |  0.86 |  1.14
        5235 |  0.82 |  1.16 |  1.13 |  1.11 |  1.10 |  0.86 |  1.14
        5235 |  0.82 |  1.16 |  1.13 |  1.11 |  1.10 |  0.86 |  1.14
        5235 |  0.82 |  1.16 |  1.13 |  1.11 |  1.10 |  0.86 |  1.14
        5235 |  0.82 |  1.16 |  1.13 |  1.11 |  1.10 |  0.86 |  1.14
        5235 |  0.82 |  1.16 |  1.13 |  1.11 |  1.10 |  0.86 |  1.14
        5235 |  0.82 |  1.16 |  1.13 |  1.11 |  1.10 |  0.86 |  1.14
        5235 |  0.82 |  1.16 |  1.13 |  1.11 |  1.10 |  0.86 |  1.14
        5235 |  0.82 |  1.16 |  1.13 |  1.11 |  1.10 |  0.86 |  1.14
        5235 |  0.82 |  1.16 |  1.13 |  1.11 |  1.10 |  0.86 |  1.14
        5236 |  1.32 |  1.09 |  1.11 |  0.75 |  0.73 |  1.20 |  1.39
        5236 |  1.32 |  1.09 |  1.11 |  0.75 |  0.73 |  1.20 |  1.39
        5236 |  1.32 |  1.09 |  1.11 |  0.75 |  0.73 |  1.20 |  1.39
        5236 |  1.32 |  1.09 |  1.11 |  0.75 |  0.73 |  1.20 |  1.39
        5236 |  1.32 |  1.09 |  1.11 |  0.75 |  0.73 |  1.20 |  1.39
        5236 |  1.32 |  1.09 |  1.11 |  0.75 |  0.73 |  1.20 |  1.39
        5236 |  1.32 |  1.09 |  1.11 |  0.75 |  0.73 |  1.20 |  1.39
        5236 |  1.32 |  1.09 |  1.11 |  0.75 |  0.73 |  1.20 |  1.39
        5236 |  1.32 |  1.09 |  1.11 |  0.75 |  0.73 |  1.20 |  1.39
        5236 |  1.32 |  1.09 |  1.11 |  0.75 |  0.73 |  1.20 |  1.39
        5236 |  1.32 |  1.09 |  1.11 |  0.75 |  0.73 |  1.20 |  1.39
        5236 |  1.32 |  1.09 |  1.11 |  0.75 |  0.73 |  1.20 |  1.39
        5236 |  1.32 |  1.09 |  1.11 |  0.75 |  0.73 |  1.20 |  1.39
        5236 |  1.32 |  1.09 |  1.11 |  0.75 |  0.73 |  1.20 |  1.39
        5236 |  1.32 |  1.09 |  1.11 |  0.75 |  0.73 |  1.20 |  1.39
        5236 |  1.32 |  1.09 |  1.11 |  0.75 |  0.73 |  1.20 |  1.39
        5236 |  1.32 |  1.09 |  1.11 |  0.75 |  0.73 |  1.20 |  1.39
        5236 |  1.32 |  1.09 |  1.11 |  0.75 |  0.73 |  1.20 |  1.39
        5236 |  1.32 |  1.09 |  1.11 |  0.75 |  0.73 |  1.20 |  1.39
        5236 |  1.32 |  1.09 |  1.11 |  0.75 |  0.73 |  1.20 |  1.39
        5236 |  1.32 |  1.09 |  1.11 |  0.75 |  0.73 |  1.20 |  1.39
        5236 |  1.32 |  1.09 |  1.11 |  0.75 |  0.73 |  1.20 |  1.39
        5236 |  1.32 |  1.09 |  1.11 |  0.75 |  0.73 |  1.20 |  1.39
        5236 |  1.32 |  1.09 |  1.11 |  0.75 |  0.73 |  1.20 |  1.39
        5236 |  1.32 |  1.09 |  1.11 |  0.75 |  0.73 |  1.20 |  1.39
        5236 |  1.32 |  1.09 |  1.11 |  0.75 |  0.73 |  1.20 |  1.39
        5236 |  1.32 |  1.09 |  1.11 |  0.75 |  0.73 |  1.20 |  1.39
        5236 |  1.32 |  1.09 |  1.11 |  0.75 |  0.73 |  1.20 |  1.39
        5236 |  1.32 |  1.09 |  1.11 |  0.75 |  0.73 |  1.20 |  1.39
        5236 |  1.32 |  1.09 |  1.11 |  0.75 |  0.73 |  1.20 |  1.39
        5236 |  1.32 |  1.09 |  1.11 |  0.75 |  0.73 |  1.20 |  1.39
        5236 |  1.32 |  1.09 |  1.11 |  0.75 |  0.73 |  1.20 |  1.39
        5236 |  1.32 |  1.09 |  1.11 |  0.75 |  0.73 |  1.20 |  1.39
        5236 |  1.32 |  1.09 |  1.11 |  0.75 |  0.73 |  1.20 |  1.39
        5236 |  1.32 |  1.09 |  1.11 |  0.75 |  0.73 |  1.20 |  1.39
        5236 |  1.32 |  1.09 |  1.11 |  0.75 |  0.73 |  1.20 |  1.39
        5236 |  1.32 |  1.09 |  1.11 |  0.75 |  0.73 |  1.20 |  1.39
        5236 |  1.32 |  1.09 |  1.11 |  0.75 |  0.73 |  1.20 |  1.39
        5236 |  1.32 |  1.09 |  1.11 |  0.75 |  0.73 |  1.20 |  1.39
        5236 |  1.32 |  1.09 |  1.11 |  0.75 |  0.73 |  1.20 |  1.39
        5236 |  1.32 |  1.09 |  1.11 |  0.75 |  0.73 |  1.20 |  1.39
        5236 |  1.32 |  1.09 |  1.11 |  0.75 |  0.73 |  1.20 |  1.39
        5236 |  1.32 |  1.09 |  1.11 |  0.75 |  0.73 |  1.20 |  1.39
        5236 |  1.32 |  1.09 |  1.11 |  0.75 |  0.73 |  1.20 |  1.39
        5236 |  1.32 |  1.09 |  1.11 |  0.75 |  0.73 |  1.20 |  1.39
        5236 |  1.32 |  1.09 |  1.11 |  0.75 |  0.73 |  1.20 |  1.39
        5236 |  1.32 |  1.09 |  1.11 |  0.75 |  0.73 |  1.20 |  1.39
        5236 |  1.32 |  1.09 |  1.11 |  0.75 |  0.73 |  1.20 |  1.39
        5236 |  1.32 |  1.09 |  1.11 |  0.75 |  0.73 |  1.20 |  1.39
        5237 |  0.85 |  0.78 |  1.00 |  1.19 |  0.99 |  1.42 |  1.08
        5237 |  0.85 |  0.78 |  1.00 |  1.19 |  0.99 |  1.42 |  1.08
        5237 |  0.85 |  0.78 |  1.00 |  1.19 |  0.99 |  1.42 |  1.08
        5237 |  0.85 |  0.78 |  1.00 |  1.19 |  0.99 |  1.42 |  1.08
        5237 |  0.85 |  0.78 |  1.00 |  1.19 |  0.99 |  1.42 |  1.08
        5237 |  0.85 |  0.78 |  1.00 |  1.19 |  0.99 |  1.42 |  1.08
        5237 |  0.85 |  0.78 |  1.00 |  1.19 |  0.99 |  1.42 |  1.08
        5237 |  0.85 |  0.78 |  1.00 |  1.19 |  0.99 |  1.42 |  1.08
        5237 |  0.85 |  0.78 |  1.00 |  1.19 |  0.99 |  1.42 |  1.08
        5237 |  0.85 |  0.78 |  1.00 |  1.19 |  0.99 |  1.42 |  1.08
        5237 |  0.85 |  0.78 |  1.00 |  1.19 |  0.99 |  1.42 |  1.08
        5237 |  0.85 |  0.78 |  1.00 |  1.19 |  0.99 |  1.42 |  1.08
        5237 |  0.85 |  0.78 |  1.00 |  1.19 |  0.99 |  1.42 |  1.08
        5237 |  0.85 |  0.78 |  1.00 |  1.19 |  0.99 |  1.42 |  1.08
        5237 |  0.85 |  0.78 |  1.00 |  1.19 |  0.99 |  1.42 |  1.08
        5237 |  0.85 |  0.78 |  1.00 |  1.19 |  0.99 |  1.42 |  1.08
        5237 |  0.85 |  0.78 |  1.00 |  1.19 |  0.99 |  1.42 |  1.08
        5237 |  0.85 |  0.78 |  1.00 |  1.19 |  0.99 |  1.42 |  1.08
        5237 |  0.85 |  0.78 |  1.00 |  1.19 |  0.99 |  1.42 |  1.08
        5237 |  0.85 |  0.78 |  1.00 |  1.19 |  0.99 |  1.42 |  1.08
        5237 |  0.85 |  0.78 |  1.00 |  1.19 |  0.99 |  1.42 |  1.08
        5237 |  0.85 |  0.78 |  1.00 |  1.19 |  0.99 |  1.42 |  1.08
        5237 |  0.85 |  0.78 |  1.00 |  1.19 |  0.99 |  1.42 |  1.08
        5237 |  0.85 |  0.78 |  1.00 |  1.19 |  0.99 |  1.42 |  1.08
        5237 |  0.85 |  0.78 |  1.00 |  1.19 |  0.99 |  1.42 |  1.08
        5237 |  0.85 |  0.78 |  1.00 |  1.19 |  0.99 |  1.42 |  1.08
        5237 |  0.85 |  0.78 |  1.00 |  1.19 |  0.99 |  1.42 |  1.08
        5237 |  0.85 |  0.78 |  1.00 |  1.19 |  0.99 |  1.42 |  1.08
        5237 |  0.85 |  0.78 |  1.00 |  1.19 |  0.99 |  1.42 |  1.08
        5237 |  0.85 |  0.78 |  1.00 |  1.19 |  0.99 |  1.42 |  1.08
        5237 |  0.85 |  0.78 |  1.00 |  1.19 |  0.99 |  1.42 |  1.08
        5237 |  0.85 |  0.78 |  1.00 |  1.19 |  0.99 |  1.42 |  1.08
        5237 |  0.85 |  0.78 |  1.00 |  1.19 |  0.99 |  1.42 |  1.08
        5237 |  0.85 |  0.78 |  1.00 |  1.19 |  0.99 |  1.42 |  1.08
        5237 |  0.85 |  0.78 |  1.00 |  1.19 |  0.99 |  1.42 |  1.08
        5237 |  0.85 |  0.78 |  1.00 |  1.19 |  0.99 |  1.42 |  1.08
        5237 |  0.85 |  0.78 |  1.00 |  1.19 |  0.99 |  1.42 |  1.08
        5237 |  0.85 |  0.78 |  1.00 |  1.19 |  0.99 |  1.42 |  1.08
        5237 |  0.85 |  0.78 |  1.00 |  1.19 |  0.99 |  1.42 |  1.08
        5237 |  0.85 |  0.78 |  1.00 |  1.19 |  0.99 |  1.42 |  1.08
        5237 |  0.85 |  0.78 |  1.00 |  1.19 |  0.99 |  1.42 |  1.08
        5237 |  0.85 |  0.78 |  1.00 |  1.19 |  0.99 |  1.42 |  1.08
        5237 |  0.85 |  0.78 |  1.00 |  1.19 |  0.99 |  1.42 |  1.08
        5237 |  0.85 |  0.78 |  1.00 |  1.19 |  0.99 |  1.42 |  1.08
        5237 |  0.85 |  0.78 |  1.00 |  1.19 |  0.99 |  1.42 |  1.08
        5237 |  0.85 |  0.78 |  1.00 |  1.19 |  0.99 |  1.42 |  1.08
        5237 |  0.85 |  0.78 |  1.00 |  1.19 |  0.99 |  1.42 |  1.08
        5237 |  0.85 |  0.78 |  1.00 |  1.19 |  0.99 |  1.42 |  1.08
        5237 |  0.85 |  0.78 |  1.00 |  1.19 |  0.99 |  1.42 |  1.08
        5238 |  0.83 |  0.88 |  1.09 |  1.00 |       |       |  1.13
        5238 |  0.83 |  0.88 |  1.09 |  1.00 |       |       |  1.13
        5238 |  0.83 |  0.88 |  1.09 |  1.00 |       |       |  1.13
        5238 |  0.83 |  0.88 |  1.09 |  1.00 |       |       |  1.13
        5238 |  0.83 |  0.88 |  1.09 |  1.00 |       |       |  1.13
        5238 |  0.83 |  0.88 |  1.09 |  1.00 |       |       |  1.13
        5238 |  0.83 |  0.88 |  1.09 |  1.00 |       |       |  1.13
        5238 |  0.83 |  0.88 |  1.09 |  1.00 |       |       |  1.13
        5238 |  0.83 |  0.88 |  1.09 |  1.00 |       |       |  1.13
        5238 |  0.83 |  0.88 |  1.09 |  1.00 |       |       |  1.13
        5238 |  0.83 |  0.88 |  1.09 |  1.00 |       |       |  1.13
        5238 |  0.83 |  0.88 |  1.09 |  1.00 |       |       |  1.13
        5238 |  0.83 |  0.88 |  1.09 |  1.00 |       |       |  1.13
        5238 |  0.83 |  0.88 |  1.09 |  1.00 |       |       |  1.13
        5238 |  0.83 |  0.88 |  1.09 |  1.00 |       |       |  1.13
        5238 |  0.83 |  0.88 |  1.09 |  1.00 |       |       |  1.13
        5238 |  0.83 |  0.88 |  1.09 |  1.00 |       |       |  1.13
        5238 |  0.83 |  0.88 |  1.09 |  1.00 |       |       |  1.13
        5238 |  0.83 |  0.88 |  1.09 |  1.00 |       |       |  1.13
        5238 |  0.83 |  0.88 |  1.09 |  1.00 |       |       |  1.13
        5238 |  0.83 |  0.88 |  1.09 |  1.00 |       |       |  1.13
        5238 |  0.83 |  0.88 |  1.09 |  1.00 |       |       |  1.13
        5238 |  0.83 |  0.88 |  1.09 |  1.00 |       |       |  1.13
        5238 |  0.83 |  0.88 |  1.09 |  1.00 |       |       |  1.13
        5238 |  0.83 |  0.88 |  1.09 |  1.00 |       |       |  1.13
        5238 |  0.83 |  0.88 |  1.09 |  1.00 |       |       |  1.13
        5238 |  0.83 |  0.88 |  1.09 |  1.00 |       |       |  1.13
        5238 |  0.83 |  0.88 |  1.09 |  1.00 |       |       |  1.13
        5238 |  0.83 |  0.88 |  1.09 |  1.00 |       |       |  1.13
        5238 |  0.83 |  0.88 |  1.09 |  1.00 |       |       |  1.13
        5238 |  0.83 |  0.88 |  1.09 |  1.00 |       |       |  1.13
        5238 |  0.83 |  0.88 |  1.09 |  1.00 |       |       |  1.13
        5238 |  0.83 |  0.88 |  1.09 |  1.00 |       |       |  1.13
        5238 |  0.83 |  0.88 |  1.09 |  1.00 |       |       |  1.13
        5238 |  0.83 |  0.88 |  1.09 |  1.00 |       |       |  1.13
        5238 |  0.83 |  0.88 |  1.09 |  1.00 |       |       |  1.13
        5238 |  0.83 |  0.88 |  1.09 |  1.00 |       |       |  1.13
        5238 |  0.83 |  0.88 |  1.09 |  1.00 |       |       |  1.13
        5238 |  0.83 |  0.88 |  1.09 |  1.00 |       |       |  1.13
        5238 |  0.83 |  0.88 |  1.09 |  1.00 |       |       |  1.13
        5238 |  0.83 |  0.88 |  1.09 |  1.00 |       |       |  1.13
        5238 |  0.83 |  0.88 |  1.09 |  1.00 |       |       |  1.13
        5238 |  0.83 |  0.88 |  1.09 |  1.00 |       |       |  1.13
        5238 |  0.83 |  0.88 |  1.09 |  1.00 |       |       |  1.13
        5238 |  0.83 |  0.88 |  1.09 |  1.00 |       |       |  1.13
        5238 |  0.83 |  0.88 |  1.09 |  1.00 |       |       |  1.13
        5238 |  0.83 |  0.88 |  1.09 |  1.00 |       |       |  1.13
        5238 |  0.83 |  0.88 |  1.09 |  1.00 |       |       |  1.13
        5238 |  0.83 |  0.88 |  1.09 |  1.00 |       |       |  1.13
        5239 |  0.91 |  1.02 |  0.90 |  1.16 |  1.00 |  0.96 |  0.85
        5239 |  0.91 |  1.02 |  0.90 |  1.16 |  1.00 |  0.96 |  0.85
        5239 |  0.91 |  1.02 |  0.90 |  1.16 |  1.00 |  0.96 |  0.85
        5239 |  0.91 |  1.02 |  0.90 |  1.16 |  1.00 |  0.96 |  0.85
        5239 |  0.91 |  1.02 |  0.90 |  1.16 |  1.00 |  0.96 |  0.85
        5239 |  0.91 |  1.02 |  0.90 |  1.16 |  1.00 |  0.96 |  0.85
        5239 |  0.91 |  1.02 |  0.90 |  1.16 |  1.00 |  0.96 |  0.85
        5239 |  0.91 |  1.02 |  0.90 |  1.16 |  1.00 |  0.96 |  0.85
        5239 |  0.91 |  1.02 |  0.90 |  1.16 |  1.00 |  0.96 |  0.85
        5239 |  0.91 |  1.02 |  0.90 |  1.16 |  1.00 |  0.96 |  0.85
        5239 |  0.91 |  1.02 |  0.90 |  1.16 |  1.00 |  0.96 |  0.85
        5239 |  0.91 |  1.02 |  0.90 |  1.16 |  1.00 |  0.96 |  0.85
        5239 |  0.91 |  1.02 |  0.90 |  1.16 |  1.00 |  0.96 |  0.85
        5239 |  0.91 |  1.02 |  0.90 |  1.16 |  1.00 |  0.96 |  0.85
        5239 |  0.91 |  1.02 |  0.90 |  1.16 |  1.00 |  0.96 |  0.85
        5239 |  0.91 |  1.02 |  0.90 |  1.16 |  1.00 |  0.96 |  0.85
        5239 |  0.91 |  1.02 |  0.90 |  1.16 |  1.00 |  0.96 |  0.85
        5239 |  0.91 |  1.02 |  0.90 |  1.16 |  1.00 |  0.96 |  0.85
        5239 |  0.91 |  1.02 |  0.90 |  1.16 |  1.00 |  0.96 |  0.85
        5239 |  0.91 |  1.02 |  0.90 |  1.16 |  1.00 |  0.96 |  0.85
        5239 |  0.91 |  1.02 |  0.90 |  1.16 |  1.00 |  0.96 |  0.85
        5239 |  0.91 |  1.02 |  0.90 |  1.16 |  1.00 |  0.96 |  0.85
        5239 |  0.91 |  1.02 |  0.90 |  1.16 |  1.00 |  0.96 |  0.85
        5239 |  0.91 |  1.02 |  0.90 |  1.16 |  1.00 |  0.96 |  0.85
        5239 |  0.91 |  1.02 |  0.90 |  1.16 |  1.00 |  0.96 |  0.85
        5239 |  0.91 |  1.02 |  0.90 |  1.16 |  1.00 |  0.96 |  0.85
        5239 |  0.91 |  1.02 |  0.90 |  1.16 |  1.00 |  0.96 |  0.85
        5239 |  0.91 |  1.02 |  0.90 |  1.16 |  1.00 |  0.96 |  0.85
        5239 |  0.91 |  1.02 |  0.90 |  1.16 |  1.00 |  0.96 |  0.85
        5239 |  0.91 |  1.02 |  0.90 |  1.16 |  1.00 |  0.96 |  0.85
        5239 |  0.91 |  1.02 |  0.90 |  1.16 |  1.00 |  0.96 |  0.85
        5239 |  0.91 |  1.02 |  0.90 |  1.16 |  1.00 |  0.96 |  0.85
        5239 |  0.91 |  1.02 |  0.90 |  1.16 |  1.00 |  0.96 |  0.85
        5239 |  0.91 |  1.02 |  0.90 |  1.16 |  1.00 |  0.96 |  0.85
        5239 |  0.91 |  1.02 |  0.90 |  1.16 |  1.00 |  0.96 |  0.85
        5239 |  0.91 |  1.02 |  0.90 |  1.16 |  1.00 |  0.96 |  0.85
        5239 |  0.91 |  1.02 |  0.90 |  1.16 |  1.00 |  0.96 |  0.85
        5239 |  0.91 |  1.02 |  0.90 |  1.16 |  1.00 |  0.96 |  0.85
        5239 |  0.91 |  1.02 |  0.90 |  1.16 |  1.00 |  0.96 |  0.85
        5239 |  0.91 |  1.02 |  0.90 |  1.16 |  1.00 |  0.96 |  0.85
        5239 |  0.91 |  1.02 |  0.90 |  1.16 |  1.00 |  0.96 |  0.85
        5239 |  0.91 |  1.02 |  0.90 |  1.16 |  1.00 |  0.96 |  0.85
        5239 |  0.91 |  1.02 |  0.90 |  1.16 |  1.00 |  0.96 |  0.85
        5239 |  0.91 |  1.02 |  0.90 |  1.16 |  1.00 |  0.96 |  0.85
        5239 |  0.91 |  1.02 |  0.90 |  1.16 |  1.00 |  0.96 |  0.85
        5239 |  0.91 |  1.02 |  0.90 |  1.16 |  1.00 |  0.96 |  0.85
        5239 |  0.91 |  1.02 |  0.90 |  1.16 |  1.00 |  0.96 |  0.85
        5239 |  0.91 |  1.02 |  0.90 |  1.16 |  1.00 |  0.96 |  0.85
        5239 |  0.91 |  1.02 |  0.90 |  1.16 |  1.00 |  0.96 |  0.85
        5240 |  0.92 |  0.97 |  0.99 |  0.79 |  1.11 |  0.80 |  1.04
        5240 |  0.92 |  0.97 |  0.99 |  0.79 |  1.11 |  0.80 |  1.04
        5240 |  0.92 |  0.97 |  0.99 |  0.79 |  1.11 |  0.80 |  1.04
        5240 |  0.92 |  0.97 |  0.99 |  0.79 |  1.11 |  0.80 |  1.04
        5240 |  0.92 |  0.97 |  0.99 |  0.79 |  1.11 |  0.80 |  1.04
        5240 |  0.92 |  0.97 |  0.99 |  0.79 |  1.11 |  0.80 |  1.04
        5240 |  0.92 |  0.97 |  0.99 |  0.79 |  1.11 |  0.80 |  1.04
        5240 |  0.92 |  0.97 |  0.99 |  0.79 |  1.11 |  0.80 |  1.04
        5240 |  0.92 |  0.97 |  0.99 |  0.79 |  1.11 |  0.80 |  1.04
        5240 |  0.92 |  0.97 |  0.99 |  0.79 |  1.11 |  0.80 |  1.04
        5240 |  0.92 |  0.97 |  0.99 |  0.79 |  1.11 |  0.80 |  1.04
        5240 |  0.92 |  0.97 |  0.99 |  0.79 |  1.11 |  0.80 |  1.04
        5240 |  0.92 |  0.97 |  0.99 |  0.79 |  1.11 |  0.80 |  1.04
        5240 |  0.92 |  0.97 |  0.99 |  0.79 |  1.11 |  0.80 |  1.04
        5240 |  0.92 |  0.97 |  0.99 |  0.79 |  1.11 |  0.80 |  1.04
        5240 |  0.92 |  0.97 |  0.99 |  0.79 |  1.11 |  0.80 |  1.04
        5240 |  0.92 |  0.97 |  0.99 |  0.79 |  1.11 |  0.80 |  1.04
        5240 |  0.92 |  0.97 |  0.99 |  0.79 |  1.11 |  0.80 |  1.04
        5240 |  0.92 |  0.97 |  0.99 |  0.79 |  1.11 |  0.80 |  1.04
        5240 |  0.92 |  0.97 |  0.99 |  0.79 |  1.11 |  0.80 |  1.04
        5240 |  0.92 |  0.97 |  0.99 |  0.79 |  1.11 |  0.80 |  1.04
        5240 |  0.92 |  0.97 |  0.99 |  0.79 |  1.11 |  0.80 |  1.04
        5240 |  0.92 |  0.97 |  0.99 |  0.79 |  1.11 |  0.80 |  1.04
        5240 |  0.92 |  0.97 |  0.99 |  0.79 |  1.11 |  0.80 |  1.04
        5240 |  0.92 |  0.97 |  0.99 |  0.79 |  1.11 |  0.80 |  1.04
        5240 |  0.92 |  0.97 |  0.99 |  0.79 |  1.11 |  0.80 |  1.04
        5240 |  0.92 |  0.97 |  0.99 |  0.79 |  1.11 |  0.80 |  1.04
        5240 |  0.92 |  0.97 |  0.99 |  0.79 |  1.11 |  0.80 |  1.04
        5240 |  0.92 |  0.97 |  0.99 |  0.79 |  1.11 |  0.80 |  1.04
        5240 |  0.92 |  0.97 |  0.99 |  0.79 |  1.11 |  0.80 |  1.04
        5240 |  0.92 |  0.97 |  0.99 |  0.79 |  1.11 |  0.80 |  1.04
        5240 |  0.92 |  0.97 |  0.99 |  0.79 |  1.11 |  0.80 |  1.04
        5240 |  0.92 |  0.97 |  0.99 |  0.79 |  1.11 |  0.80 |  1.04
        5240 |  0.92 |  0.97 |  0.99 |  0.79 |  1.11 |  0.80 |  1.04
        5240 |  0.92 |  0.97 |  0.99 |  0.79 |  1.11 |  0.80 |  1.04
        5240 |  0.92 |  0.97 |  0.99 |  0.79 |  1.11 |  0.80 |  1.04
        5240 |  0.92 |  0.97 |  0.99 |  0.79 |  1.11 |  0.80 |  1.04
        5240 |  0.92 |  0.97 |  0.99 |  0.79 |  1.11 |  0.80 |  1.04
        5240 |  0.92 |  0.97 |  0.99 |  0.79 |  1.11 |  0.80 |  1.04
        5240 |  0.92 |  0.97 |  0.99 |  0.79 |  1.11 |  0.80 |  1.04
        5240 |  0.92 |  0.97 |  0.99 |  0.79 |  1.11 |  0.80 |  1.04
        5240 |  0.92 |  0.97 |  0.99 |  0.79 |  1.11 |  0.80 |  1.04
        5240 |  0.92 |  0.97 |  0.99 |  0.79 |  1.11 |  0.80 |  1.04
        5240 |  0.92 |  0.97 |  0.99 |  0.79 |  1.11 |  0.80 |  1.04
        5240 |  0.92 |  0.97 |  0.99 |  0.79 |  1.11 |  0.80 |  1.04
        5240 |  0.92 |  0.97 |  0.99 |  0.79 |  1.11 |  0.80 |  1.04
        5240 |  0.92 |  0.97 |  0.99 |  0.79 |  1.11 |  0.80 |  1.04
        5240 |  0.92 |  0.97 |  0.99 |  0.79 |  1.11 |  0.80 |  1.04
        5240 |  0.92 |  0.97 |  0.99 |  0.79 |  1.11 |  0.80 |  1.04
        5241 |  1.17 |  0.89 |  0.97 |  1.19 |  0.77 |  0.90 |  0.83
        5241 |  1.17 |  0.89 |  0.97 |  1.19 |  0.77 |  0.90 |  0.83
        5241 |  1.17 |  0.89 |  0.97 |  1.19 |  0.77 |  0.90 |  0.83
        5241 |  1.17 |  0.89 |  0.97 |  1.19 |  0.77 |  0.90 |  0.83
        5241 |  1.17 |  0.89 |  0.97 |  1.19 |  0.77 |  0.90 |  0.83
        5241 |  1.17 |  0.89 |  0.97 |  1.19 |  0.77 |  0.90 |  0.83
        5241 |  1.17 |  0.89 |  0.97 |  1.19 |  0.77 |  0.90 |  0.83
        5241 |  1.17 |  0.89 |  0.97 |  1.19 |  0.77 |  0.90 |  0.83
        5241 |  1.17 |  0.89 |  0.97 |  1.19 |  0.77 |  0.90 |  0.83
        5241 |  1.17 |  0.89 |  0.97 |  1.19 |  0.77 |  0.90 |  0.83
        5241 |  1.17 |  0.89 |  0.97 |  1.19 |  0.77 |  0.90 |  0.83
        5241 |  1.17 |  0.89 |  0.97 |  1.19 |  0.77 |  0.90 |  0.83
        5241 |  1.17 |  0.89 |  0.97 |  1.19 |  0.77 |  0.90 |  0.83
        5241 |  1.17 |  0.89 |  0.97 |  1.19 |  0.77 |  0.90 |  0.83
        5241 |  1.17 |  0.89 |  0.97 |  1.19 |  0.77 |  0.90 |  0.83
        5241 |  1.17 |  0.89 |  0.97 |  1.19 |  0.77 |  0.90 |  0.83
        5241 |  1.17 |  0.89 |  0.97 |  1.19 |  0.77 |  0.90 |  0.83
        5241 |  1.17 |  0.89 |  0.97 |  1.19 |  0.77 |  0.90 |  0.83
        5241 |  1.17 |  0.89 |  0.97 |  1.19 |  0.77 |  0.90 |  0.83
        5241 |  1.17 |  0.89 |  0.97 |  1.19 |  0.77 |  0.90 |  0.83
        5241 |  1.17 |  0.89 |  0.97 |  1.19 |  0.77 |  0.90 |  0.83
        5241 |  1.17 |  0.89 |  0.97 |  1.19 |  0.77 |  0.90 |  0.83
        5241 |  1.17 |  0.89 |  0.97 |  1.19 |  0.77 |  0.90 |  0.83
        5241 |  1.17 |  0.89 |  0.97 |  1.19 |  0.77 |  0.90 |  0.83
        5241 |  1.17 |  0.89 |  0.97 |  1.19 |  0.77 |  0.90 |  0.83
        5241 |  1.17 |  0.89 |  0.97 |  1.19 |  0.77 |  0.90 |  0.83
        5241 |  1.17 |  0.89 |  0.97 |  1.19 |  0.77 |  0.90 |  0.83
        5241 |  1.17 |  0.89 |  0.97 |  1.19 |  0.77 |  0.90 |  0.83
        5241 |  1.17 |  0.89 |  0.97 |  1.19 |  0.77 |  0.90 |  0.83
        5241 |  1.17 |  0.89 |  0.97 |  1.19 |  0.77 |  0.90 |  0.83
        5241 |  1.17 |  0.89 |  0.97 |  1.19 |  0.77 |  0.90 |  0.83
        5241 |  1.17 |  0.89 |  0.97 |  1.19 |  0.77 |  0.90 |  0.83
        5241 |  1.17 |  0.89 |  0.97 |  1.19 |  0.77 |  0.90 |  0.83
        5241 |  1.17 |  0.89 |  0.97 |  1.19 |  0.77 |  0.90 |  0.83
        5241 |  1.17 |  0.89 |  0.97 |  1.19 |  0.77 |  0.90 |  0.83
        5241 |  1.17 |  0.89 |  0.97 |  1.19 |  0.77 |  0.90 |  0.83
        5241 |  1.17 |  0.89 |  0.97 |  1.19 |  0.77 |  0.90 |  0.83
        5241 |  1.17 |  0.89 |  0.97 |  1.19 |  0.77 |  0.90 |  0.83
        5241 |  1.17 |  0.89 |  0.97 |  1.19 |  0.77 |  0.90 |  0.83
        5241 |  1.17 |  0.89 |  0.97 |  1.19 |  0.77 |  0.90 |  0.83
        5241 |  1.17 |  0.89 |  0.97 |  1.19 |  0.77 |  0.90 |  0.83
        5241 |  1.17 |  0.89 |  0.97 |  1.19 |  0.77 |  0.90 |  0.83
        5241 |  1.17 |  0.89 |  0.97 |  1.19 |  0.77 |  0.90 |  0.83
        5241 |  1.17 |  0.89 |  0.97 |  1.19 |  0.77 |  0.90 |  0.83
        5241 |  1.17 |  0.89 |  0.97 |  1.19 |  0.77 |  0.90 |  0.83
        5241 |  1.17 |  0.89 |  0.97 |  1.19 |  0.77 |  0.90 |  0.83
        5241 |  1.17 |  0.89 |  0.97 |  1.19 |  0.77 |  0.90 |  0.83
        5241 |  1.17 |  0.89 |  0.97 |  1.19 |  0.77 |  0.90 |  0.83
        5241 |  1.17 |  0.89 |  0.97 |  1.19 |  0.77 |  0.90 |  0.83
        5242 |  0.91 |  1.08 |  0.93 |  0.83 |  1.06 |  1.54 |  1.02
        5242 |  0.91 |  1.08 |  0.93 |  0.83 |  1.06 |  1.54 |  1.02
        5242 |  0.91 |  1.08 |  0.93 |  0.83 |  1.06 |  1.54 |  1.02
        5242 |  0.91 |  1.08 |  0.93 |  0.83 |  1.06 |  1.54 |  1.02
        5242 |  0.91 |  1.08 |  0.93 |  0.83 |  1.06 |  1.54 |  1.02
        5242 |  0.91 |  1.08 |  0.93 |  0.83 |  1.06 |  1.54 |  1.02
        5242 |  0.91 |  1.08 |  0.93 |  0.83 |  1.06 |  1.54 |  1.02
        5242 |  0.91 |  1.08 |  0.93 |  0.83 |  1.06 |  1.54 |  1.02
        5242 |  0.91 |  1.08 |  0.93 |  0.83 |  1.06 |  1.54 |  1.02
        5242 |  0.91 |  1.08 |  0.93 |  0.83 |  1.06 |  1.54 |  1.02
        5242 |  0.91 |  1.08 |  0.93 |  0.83 |  1.06 |  1.54 |  1.02
        5242 |  0.91 |  1.08 |  0.93 |  0.83 |  1.06 |  1.54 |  1.02
        5242 |  0.91 |  1.08 |  0.93 |  0.83 |  1.06 |  1.54 |  1.02
        5242 |  0.91 |  1.08 |  0.93 |  0.83 |  1.06 |  1.54 |  1.02
        5242 |  0.91 |  1.08 |  0.93 |  0.83 |  1.06 |  1.54 |  1.02
        5242 |  0.91 |  1.08 |  0.93 |  0.83 |  1.06 |  1.54 |  1.02
        5242 |  0.91 |  1.08 |  0.93 |  0.83 |  1.06 |  1.54 |  1.02
        5242 |  0.91 |  1.08 |  0.93 |  0.83 |  1.06 |  1.54 |  1.02
        5242 |  0.91 |  1.08 |  0.93 |  0.83 |  1.06 |  1.54 |  1.02
        5242 |  0.91 |  1.08 |  0.93 |  0.83 |  1.06 |  1.54 |  1.02
        5242 |  0.91 |  1.08 |  0.93 |  0.83 |  1.06 |  1.54 |  1.02
        5242 |  0.91 |  1.08 |  0.93 |  0.83 |  1.06 |  1.54 |  1.02
        5242 |  0.91 |  1.08 |  0.93 |  0.83 |  1.06 |  1.54 |  1.02
        5242 |  0.91 |  1.08 |  0.93 |  0.83 |  1.06 |  1.54 |  1.02
        5242 |  0.91 |  1.08 |  0.93 |  0.83 |  1.06 |  1.54 |  1.02
        5242 |  0.91 |  1.08 |  0.93 |  0.83 |  1.06 |  1.54 |  1.02
        5242 |  0.91 |  1.08 |  0.93 |  0.83 |  1.06 |  1.54 |  1.02
        5242 |  0.91 |  1.08 |  0.93 |  0.83 |  1.06 |  1.54 |  1.02
        5242 |  0.91 |  1.08 |  0.93 |  0.83 |  1.06 |  1.54 |  1.02
        5242 |  0.91 |  1.08 |  0.93 |  0.83 |  1.06 |  1.54 |  1.02
        5242 |  0.91 |  1.08 |  0.93 |  0.83 |  1.06 |  1.54 |  1.02
        5242 |  0.91 |  1.08 |  0.93 |  0.83 |  1.06 |  1.54 |  1.02
        5242 |  0.91 |  1.08 |  0.93 |  0.83 |  1.06 |  1.54 |  1.02
        5242 |  0.91 |  1.08 |  0.93 |  0.83 |  1.06 |  1.54 |  1.02
        5242 |  0.91 |  1.08 |  0.93 |  0.83 |  1.06 |  1.54 |  1.02
        5242 |  0.91 |  1.08 |  0.93 |  0.83 |  1.06 |  1.54 |  1.02
        5242 |  0.91 |  1.08 |  0.93 |  0.83 |  1.06 |  1.54 |  1.02
        5242 |  0.91 |  1.08 |  0.93 |  0.83 |  1.06 |  1.54 |  1.02
        5242 |  0.91 |  1.08 |  0.93 |  0.83 |  1.06 |  1.54 |  1.02
        5242 |  0.91 |  1.08 |  0.93 |  0.83 |  1.06 |  1.54 |  1.02
        5242 |  0.91 |  1.08 |  0.93 |  0.83 |  1.06 |  1.54 |  1.02
        5242 |  0.91 |  1.08 |  0.93 |  0.83 |  1.06 |  1.54 |  1.02
        5242 |  0.91 |  1.08 |  0.93 |  0.83 |  1.06 |  1.54 |  1.02
        5242 |  0.91 |  1.08 |  0.93 |  0.83 |  1.06 |  1.54 |  1.02
        5242 |  0.91 |  1.08 |  0.93 |  0.83 |  1.06 |  1.54 |  1.02
        5242 |  0.91 |  1.08 |  0.93 |  0.83 |  1.06 |  1.54 |  1.02
        5242 |  0.91 |  1.08 |  0.93 |  0.83 |  1.06 |  1.54 |  1.02
        5242 |  0.91 |  1.08 |  0.93 |  0.83 |  1.06 |  1.54 |  1.02
        5242 |  0.91 |  1.08 |  0.93 |  0.83 |  1.06 |  1.54 |  1.02
        5243 |  1.01 |  0.93 |  1.08 |  1.11 |  0.93 |  0.79 |  1.07
        5243 |  1.01 |  0.93 |  1.08 |  1.11 |  0.93 |  0.79 |  1.07
        5243 |  1.01 |  0.93 |  1.08 |  1.11 |  0.93 |  0.79 |  1.07
        5243 |  1.01 |  0.93 |  1.08 |  1.11 |  0.93 |  0.79 |  1.07
        5243 |  1.01 |  0.93 |  1.08 |  1.11 |  0.93 |  0.79 |  1.07
        5243 |  1.01 |  0.93 |  1.08 |  1.11 |  0.93 |  0.79 |  1.07
        5243 |  1.01 |  0.93 |  1.08 |  1.11 |  0.93 |  0.79 |  1.07
        5243 |  1.01 |  0.93 |  1.08 |  1.11 |  0.93 |  0.79 |  1.07
        5243 |  1.01 |  0.93 |  1.08 |  1.11 |  0.93 |  0.79 |  1.07
        5243 |  1.01 |  0.93 |  1.08 |  1.11 |  0.93 |  0.79 |  1.07
        5243 |  1.01 |  0.93 |  1.08 |  1.11 |  0.93 |  0.79 |  1.07
        5243 |  1.01 |  0.93 |  1.08 |  1.11 |  0.93 |  0.79 |  1.07
        5243 |  1.01 |  0.93 |  1.08 |  1.11 |  0.93 |  0.79 |  1.07
        5243 |  1.01 |  0.93 |  1.08 |  1.11 |  0.93 |  0.79 |  1.07
        5243 |  1.01 |  0.93 |  1.08 |  1.11 |  0.93 |  0.79 |  1.07
        5243 |  1.01 |  0.93 |  1.08 |  1.11 |  0.93 |  0.79 |  1.07
        5243 |  1.01 |  0.93 |  1.08 |  1.11 |  0.93 |  0.79 |  1.07
        5243 |  1.01 |  0.93 |  1.08 |  1.11 |  0.93 |  0.79 |  1.07
        5243 |  1.01 |  0.93 |  1.08 |  1.11 |  0.93 |  0.79 |  1.07
        5243 |  1.01 |  0.93 |  1.08 |  1.11 |  0.93 |  0.79 |  1.07
        5243 |  1.01 |  0.93 |  1.08 |  1.11 |  0.93 |  0.79 |  1.07
        5243 |  1.01 |  0.93 |  1.08 |  1.11 |  0.93 |  0.79 |  1.07
        5243 |  1.01 |  0.93 |  1.08 |  1.11 |  0.93 |  0.79 |  1.07
        5243 |  1.01 |  0.93 |  1.08 |  1.11 |  0.93 |  0.79 |  1.07
        5243 |  1.01 |  0.93 |  1.08 |  1.11 |  0.93 |  0.79 |  1.07
        5243 |  1.01 |  0.93 |  1.08 |  1.11 |  0.93 |  0.79 |  1.07
        5243 |  1.01 |  0.93 |  1.08 |  1.11 |  0.93 |  0.79 |  1.07
        5243 |  1.01 |  0.93 |  1.08 |  1.11 |  0.93 |  0.79 |  1.07
        5243 |  1.01 |  0.93 |  1.08 |  1.11 |  0.93 |  0.79 |  1.07
        5243 |  1.01 |  0.93 |  1.08 |  1.11 |  0.93 |  0.79 |  1.07
        5243 |  1.01 |  0.93 |  1.08 |  1.11 |  0.93 |  0.79 |  1.07
        5243 |  1.01 |  0.93 |  1.08 |  1.11 |  0.93 |  0.79 |  1.07
        5243 |  1.01 |  0.93 |  1.08 |  1.11 |  0.93 |  0.79 |  1.07
        5243 |  1.01 |  0.93 |  1.08 |  1.11 |  0.93 |  0.79 |  1.07
        5243 |  1.01 |  0.93 |  1.08 |  1.11 |  0.93 |  0.79 |  1.07
        5243 |  1.01 |  0.93 |  1.08 |  1.11 |  0.93 |  0.79 |  1.07
        5243 |  1.01 |  0.93 |  1.08 |  1.11 |  0.93 |  0.79 |  1.07
        5243 |  1.01 |  0.93 |  1.08 |  1.11 |  0.93 |  0.79 |  1.07
        5243 |  1.01 |  0.93 |  1.08 |  1.11 |  0.93 |  0.79 |  1.07
        5243 |  1.01 |  0.93 |  1.08 |  1.11 |  0.93 |  0.79 |  1.07
        5243 |  1.01 |  0.93 |  1.08 |  1.11 |  0.93 |  0.79 |  1.07
        5243 |  1.01 |  0.93 |  1.08 |  1.11 |  0.93 |  0.79 |  1.07
        5243 |  1.01 |  0.93 |  1.08 |  1.11 |  0.93 |  0.79 |  1.07
        5243 |  1.01 |  0.93 |  1.08 |  1.11 |  0.93 |  0.79 |  1.07
        5243 |  1.01 |  0.93 |  1.08 |  1.11 |  0.93 |  0.79 |  1.07
        5243 |  1.01 |  0.93 |  1.08 |  1.11 |  0.93 |  0.79 |  1.07
        5243 |  1.01 |  0.93 |  1.08 |  1.11 |  0.93 |  0.79 |  1.07
        5243 |  1.01 |  0.93 |  1.08 |  1.11 |  0.93 |  0.79 |  1.07
        5243 |  1.01 |  0.93 |  1.08 |  1.11 |  0.93 |  0.79 |  1.07
        5244 |  0.86 |  0.96 |  0.96 |  0.89 |  1.15 |  0.94 |  0.97
        5244 |  0.86 |  0.96 |  0.96 |  0.89 |  1.15 |  0.94 |  0.97
        5244 |  0.86 |  0.96 |  0.96 |  0.89 |  1.15 |  0.94 |  0.97
        5244 |  0.86 |  0.96 |  0.96 |  0.89 |  1.15 |  0.94 |  0.97
        5244 |  0.86 |  0.96 |  0.96 |  0.89 |  1.15 |  0.94 |  0.97
        5244 |  0.86 |  0.96 |  0.96 |  0.89 |  1.15 |  0.94 |  0.97
        5244 |  0.86 |  0.96 |  0.96 |  0.89 |  1.15 |  0.94 |  0.97
        5244 |  0.86 |  0.96 |  0.96 |  0.89 |  1.15 |  0.94 |  0.97
        5244 |  0.86 |  0.96 |  0.96 |  0.89 |  1.15 |  0.94 |  0.97
        5244 |  0.86 |  0.96 |  0.96 |  0.89 |  1.15 |  0.94 |  0.97
        5244 |  0.86 |  0.96 |  0.96 |  0.89 |  1.15 |  0.94 |  0.97
        5244 |  0.86 |  0.96 |  0.96 |  0.89 |  1.15 |  0.94 |  0.97
        5244 |  0.86 |  0.96 |  0.96 |  0.89 |  1.15 |  0.94 |  0.97
        5244 |  0.86 |  0.96 |  0.96 |  0.89 |  1.15 |  0.94 |  0.97
        5244 |  0.86 |  0.96 |  0.96 |  0.89 |  1.15 |  0.94 |  0.97
        5244 |  0.86 |  0.96 |  0.96 |  0.89 |  1.15 |  0.94 |  0.97
        5244 |  0.86 |  0.96 |  0.96 |  0.89 |  1.15 |  0.94 |  0.97
        5244 |  0.86 |  0.96 |  0.96 |  0.89 |  1.15 |  0.94 |  0.97
        5244 |  0.86 |  0.96 |  0.96 |  0.89 |  1.15 |  0.94 |  0.97
        5244 |  0.86 |  0.96 |  0.96 |  0.89 |  1.15 |  0.94 |  0.97
        5244 |  0.86 |  0.96 |  0.96 |  0.89 |  1.15 |  0.94 |  0.97
        5244 |  0.86 |  0.96 |  0.96 |  0.89 |  1.15 |  0.94 |  0.97
        5244 |  0.86 |  0.96 |  0.96 |  0.89 |  1.15 |  0.94 |  0.97
        5244 |  0.86 |  0.96 |  0.96 |  0.89 |  1.15 |  0.94 |  0.97
        5244 |  0.86 |  0.96 |  0.96 |  0.89 |  1.15 |  0.94 |  0.97
        5244 |  0.86 |  0.96 |  0.96 |  0.89 |  1.15 |  0.94 |  0.97
        5244 |  0.86 |  0.96 |  0.96 |  0.89 |  1.15 |  0.94 |  0.97
        5244 |  0.86 |  0.96 |  0.96 |  0.89 |  1.15 |  0.94 |  0.97
        5244 |  0.86 |  0.96 |  0.96 |  0.89 |  1.15 |  0.94 |  0.97
        5244 |  0.86 |  0.96 |  0.96 |  0.89 |  1.15 |  0.94 |  0.97
        5244 |  0.86 |  0.96 |  0.96 |  0.89 |  1.15 |  0.94 |  0.97
        5244 |  0.86 |  0.96 |  0.96 |  0.89 |  1.15 |  0.94 |  0.97
        5244 |  0.86 |  0.96 |  0.96 |  0.89 |  1.15 |  0.94 |  0.97
        5244 |  0.86 |  0.96 |  0.96 |  0.89 |  1.15 |  0.94 |  0.97
        5244 |  0.86 |  0.96 |  0.96 |  0.89 |  1.15 |  0.94 |  0.97
        5244 |  0.86 |  0.96 |  0.96 |  0.89 |  1.15 |  0.94 |  0.97
        5244 |  0.86 |  0.96 |  0.96 |  0.89 |  1.15 |  0.94 |  0.97
        5244 |  0.86 |  0.96 |  0.96 |  0.89 |  1.15 |  0.94 |  0.97
        5244 |  0.86 |  0.96 |  0.96 |  0.89 |  1.15 |  0.94 |  0.97
        5244 |  0.86 |  0.96 |  0.96 |  0.89 |  1.15 |  0.94 |  0.97
        5244 |  0.86 |  0.96 |  0.96 |  0.89 |  1.15 |  0.94 |  0.97
        5244 |  0.86 |  0.96 |  0.96 |  0.89 |  1.15 |  0.94 |  0.97
        5244 |  0.86 |  0.96 |  0.96 |  0.89 |  1.15 |  0.94 |  0.97
        5244 |  0.86 |  0.96 |  0.96 |  0.89 |  1.15 |  0.94 |  0.97
        5244 |  0.86 |  0.96 |  0.96 |  0.89 |  1.15 |  0.94 |  0.97
        5244 |  0.86 |  0.96 |  0.96 |  0.89 |  1.15 |  0.94 |  0.97
        5244 |  0.86 |  0.96 |  0.96 |  0.89 |  1.15 |  0.94 |  0.97
        5244 |  0.86 |  0.96 |  0.96 |  0.89 |  1.15 |  0.94 |  0.97
        5244 |  0.86 |  0.96 |  0.96 |  0.89 |  1.15 |  0.94 |  0.97
        5245 |  0.98 |  1.24 |  0.76 |  1.05 |  1.20 |  0.84 |  0.87
        5245 |  0.98 |  1.24 |  0.76 |  1.05 |  1.20 |  0.84 |  0.87
        5245 |  0.98 |  1.24 |  0.76 |  1.05 |  1.20 |  0.84 |  0.87
        5245 |  0.98 |  1.24 |  0.76 |  1.05 |  1.20 |  0.84 |  0.87
        5245 |  0.98 |  1.24 |  0.76 |  1.05 |  1.20 |  0.84 |  0.87
        5245 |  0.98 |  1.24 |  0.76 |  1.05 |  1.20 |  0.84 |  0.87
        5245 |  0.98 |  1.24 |  0.76 |  1.05 |  1.20 |  0.84 |  0.87
        5245 |  0.98 |  1.24 |  0.76 |  1.05 |  1.20 |  0.84 |  0.87
        5245 |  0.98 |  1.24 |  0.76 |  1.05 |  1.20 |  0.84 |  0.87
        5245 |  0.98 |  1.24 |  0.76 |  1.05 |  1.20 |  0.84 |  0.87
        5245 |  0.98 |  1.24 |  0.76 |  1.05 |  1.20 |  0.84 |  0.87
        5245 |  0.98 |  1.24 |  0.76 |  1.05 |  1.20 |  0.84 |  0.87
        5245 |  0.98 |  1.24 |  0.76 |  1.05 |  1.20 |  0.84 |  0.87
        5245 |  0.98 |  1.24 |  0.76 |  1.05 |  1.20 |  0.84 |  0.87
        5245 |  0.98 |  1.24 |  0.76 |  1.05 |  1.20 |  0.84 |  0.87
        5245 |  0.98 |  1.24 |  0.76 |  1.05 |  1.20 |  0.84 |  0.87
        5245 |  0.98 |  1.24 |  0.76 |  1.05 |  1.20 |  0.84 |  0.87
        5245 |  0.98 |  1.24 |  0.76 |  1.05 |  1.20 |  0.84 |  0.87
        5245 |  0.98 |  1.24 |  0.76 |  1.05 |  1.20 |  0.84 |  0.87
        5245 |  0.98 |  1.24 |  0.76 |  1.05 |  1.20 |  0.84 |  0.87
        5245 |  0.98 |  1.24 |  0.76 |  1.05 |  1.20 |  0.84 |  0.87
        5245 |  0.98 |  1.24 |  0.76 |  1.05 |  1.20 |  0.84 |  0.87
        5245 |  0.98 |  1.24 |  0.76 |  1.05 |  1.20 |  0.84 |  0.87
        5245 |  0.98 |  1.24 |  0.76 |  1.05 |  1.20 |  0.84 |  0.87
        5245 |  0.98 |  1.24 |  0.76 |  1.05 |  1.20 |  0.84 |  0.87
        5245 |  0.98 |  1.24 |  0.76 |  1.05 |  1.20 |  0.84 |  0.87
        5245 |  0.98 |  1.24 |  0.76 |  1.05 |  1.20 |  0.84 |  0.87
        5245 |  0.98 |  1.24 |  0.76 |  1.05 |  1.20 |  0.84 |  0.87
        5245 |  0.98 |  1.24 |  0.76 |  1.05 |  1.20 |  0.84 |  0.87
        5245 |  0.98 |  1.24 |  0.76 |  1.05 |  1.20 |  0.84 |  0.87
        5245 |  0.98 |  1.24 |  0.76 |  1.05 |  1.20 |  0.84 |  0.87
        5245 |  0.98 |  1.24 |  0.76 |  1.05 |  1.20 |  0.84 |  0.87
        5245 |  0.98 |  1.24 |  0.76 |  1.05 |  1.20 |  0.84 |  0.87
        5245 |  0.98 |  1.24 |  0.76 |  1.05 |  1.20 |  0.84 |  0.87
        5245 |  0.98 |  1.24 |  0.76 |  1.05 |  1.20 |  0.84 |  0.87
        5245 |  0.98 |  1.24 |  0.76 |  1.05 |  1.20 |  0.84 |  0.87
        5245 |  0.98 |  1.24 |  0.76 |  1.05 |  1.20 |  0.84 |  0.87
        5245 |  0.98 |  1.24 |  0.76 |  1.05 |  1.20 |  0.84 |  0.87
        5245 |  0.98 |  1.24 |  0.76 |  1.05 |  1.20 |  0.84 |  0.87
        5245 |  0.98 |  1.24 |  0.76 |  1.05 |  1.20 |  0.84 |  0.87
        5245 |  0.98 |  1.24 |  0.76 |  1.05 |  1.20 |  0.84 |  0.87
        5245 |  0.98 |  1.24 |  0.76 |  1.05 |  1.20 |  0.84 |  0.87
        5245 |  0.98 |  1.24 |  0.76 |  1.05 |  1.20 |  0.84 |  0.87
        5245 |  0.98 |  1.24 |  0.76 |  1.05 |  1.20 |  0.84 |  0.87
        5245 |  0.98 |  1.24 |  0.76 |  1.05 |  1.20 |  0.84 |  0.87
        5245 |  0.98 |  1.24 |  0.76 |  1.05 |  1.20 |  0.84 |  0.87
        5245 |  0.98 |  1.24 |  0.76 |  1.05 |  1.20 |  0.84 |  0.87
        5245 |  0.98 |  1.24 |  0.76 |  1.05 |  1.20 |  0.84 |  0.87
        5245 |  0.98 |  1.24 |  0.76 |  1.05 |  1.20 |  0.84 |  0.87
        5246 |  0.87 |  0.96 |  0.76 |  1.05 |  0.77 |  1.33 |  1.24
        5246 |  0.87 |  0.96 |  0.76 |  1.05 |  0.77 |  1.33 |  1.24
        5246 |  0.87 |  0.96 |  0.76 |  1.05 |  0.77 |  1.33 |  1.24
        5246 |  0.87 |  0.96 |  0.76 |  1.05 |  0.77 |  1.33 |  1.24
        5246 |  0.87 |  0.96 |  0.76 |  1.05 |  0.77 |  1.33 |  1.24
        5246 |  0.87 |  0.96 |  0.76 |  1.05 |  0.77 |  1.33 |  1.24
        5246 |  0.87 |  0.96 |  0.76 |  1.05 |  0.77 |  1.33 |  1.24
        5246 |  0.87 |  0.96 |  0.76 |  1.05 |  0.77 |  1.33 |  1.24
        5246 |  0.87 |  0.96 |  0.76 |  1.05 |  0.77 |  1.33 |  1.24
        5246 |  0.87 |  0.96 |  0.76 |  1.05 |  0.77 |  1.33 |  1.24
        5246 |  0.87 |  0.96 |  0.76 |  1.05 |  0.77 |  1.33 |  1.24
        5246 |  0.87 |  0.96 |  0.76 |  1.05 |  0.77 |  1.33 |  1.24
        5246 |  0.87 |  0.96 |  0.76 |  1.05 |  0.77 |  1.33 |  1.24
        5246 |  0.87 |  0.96 |  0.76 |  1.05 |  0.77 |  1.33 |  1.24
        5246 |  0.87 |  0.96 |  0.76 |  1.05 |  0.77 |  1.33 |  1.24
        5246 |  0.87 |  0.96 |  0.76 |  1.05 |  0.77 |  1.33 |  1.24
        5246 |  0.87 |  0.96 |  0.76 |  1.05 |  0.77 |  1.33 |  1.24
        5246 |  0.87 |  0.96 |  0.76 |  1.05 |  0.77 |  1.33 |  1.24
        5246 |  0.87 |  0.96 |  0.76 |  1.05 |  0.77 |  1.33 |  1.24
        5246 |  0.87 |  0.96 |  0.76 |  1.05 |  0.77 |  1.33 |  1.24
        5246 |  0.87 |  0.96 |  0.76 |  1.05 |  0.77 |  1.33 |  1.24
        5246 |  0.87 |  0.96 |  0.76 |  1.05 |  0.77 |  1.33 |  1.24
        5246 |  0.87 |  0.96 |  0.76 |  1.05 |  0.77 |  1.33 |  1.24
        5246 |  0.87 |  0.96 |  0.76 |  1.05 |  0.77 |  1.33 |  1.24
        5246 |  0.87 |  0.96 |  0.76 |  1.05 |  0.77 |  1.33 |  1.24
        5246 |  0.87 |  0.96 |  0.76 |  1.05 |  0.77 |  1.33 |  1.24
        5246 |  0.87 |  0.96 |  0.76 |  1.05 |  0.77 |  1.33 |  1.24
        5246 |  0.87 |  0.96 |  0.76 |  1.05 |  0.77 |  1.33 |  1.24
        5246 |  0.87 |  0.96 |  0.76 |  1.05 |  0.77 |  1.33 |  1.24
        5246 |  0.87 |  0.96 |  0.76 |  1.05 |  0.77 |  1.33 |  1.24
        5246 |  0.87 |  0.96 |  0.76 |  1.05 |  0.77 |  1.33 |  1.24
        5246 |  0.87 |  0.96 |  0.76 |  1.05 |  0.77 |  1.33 |  1.24
        5246 |  0.87 |  0.96 |  0.76 |  1.05 |  0.77 |  1.33 |  1.24
        5246 |  0.87 |  0.96 |  0.76 |  1.05 |  0.77 |  1.33 |  1.24
        5246 |  0.87 |  0.96 |  0.76 |  1.05 |  0.77 |  1.33 |  1.24
        5246 |  0.87 |  0.96 |  0.76 |  1.05 |  0.77 |  1.33 |  1.24
        5246 |  0.87 |  0.96 |  0.76 |  1.05 |  0.77 |  1.33 |  1.24
        5246 |  0.87 |  0.96 |  0.76 |  1.05 |  0.77 |  1.33 |  1.24
        5246 |  0.87 |  0.96 |  0.76 |  1.05 |  0.77 |  1.33 |  1.24
        5246 |  0.87 |  0.96 |  0.76 |  1.05 |  0.77 |  1.33 |  1.24
        5246 |  0.87 |  0.96 |  0.76 |  1.05 |  0.77 |  1.33 |  1.24
        5246 |  0.87 |  0.96 |  0.76 |  1.05 |  0.77 |  1.33 |  1.24
        5246 |  0.87 |  0.96 |  0.76 |  1.05 |  0.77 |  1.33 |  1.24
        5246 |  0.87 |  0.96 |  0.76 |  1.05 |  0.77 |  1.33 |  1.24
        5246 |  0.87 |  0.96 |  0.76 |  1.05 |  0.77 |  1.33 |  1.24
        5246 |  0.87 |  0.96 |  0.76 |  1.05 |  0.77 |  1.33 |  1.24
        5246 |  0.87 |  0.96 |  0.76 |  1.05 |  0.77 |  1.33 |  1.24
        5246 |  0.87 |  0.96 |  0.76 |  1.05 |  0.77 |  1.33 |  1.24
        5246 |  0.87 |  0.96 |  0.76 |  1.05 |  0.77 |  1.33 |  1.24
        5247 |  1.09 |  1.01 |  0.82 |  0.98 |  0.96 |  1.24 |  0.91
        5247 |  1.09 |  1.01 |  0.82 |  0.98 |  0.96 |  1.24 |  0.91
        5247 |  1.09 |  1.01 |  0.82 |  0.98 |  0.96 |  1.24 |  0.91
        5247 |  1.09 |  1.01 |  0.82 |  0.98 |  0.96 |  1.24 |  0.91
        5247 |  1.09 |  1.01 |  0.82 |  0.98 |  0.96 |  1.24 |  0.91
        5247 |  1.09 |  1.01 |  0.82 |  0.98 |  0.96 |  1.24 |  0.91
        5247 |  1.09 |  1.01 |  0.82 |  0.98 |  0.96 |  1.24 |  0.91
        5247 |  1.09 |  1.01 |  0.82 |  0.98 |  0.96 |  1.24 |  0.91
        5247 |  1.09 |  1.01 |  0.82 |  0.98 |  0.96 |  1.24 |  0.91
        5247 |  1.09 |  1.01 |  0.82 |  0.98 |  0.96 |  1.24 |  0.91
        5247 |  1.09 |  1.01 |  0.82 |  0.98 |  0.96 |  1.24 |  0.91
        5247 |  1.09 |  1.01 |  0.82 |  0.98 |  0.96 |  1.24 |  0.91
        5247 |  1.09 |  1.01 |  0.82 |  0.98 |  0.96 |  1.24 |  0.91
        5247 |  1.09 |  1.01 |  0.82 |  0.98 |  0.96 |  1.24 |  0.91
        5247 |  1.09 |  1.01 |  0.82 |  0.98 |  0.96 |  1.24 |  0.91
        5247 |  1.09 |  1.01 |  0.82 |  0.98 |  0.96 |  1.24 |  0.91
        5247 |  1.09 |  1.01 |  0.82 |  0.98 |  0.96 |  1.24 |  0.91
        5247 |  1.09 |  1.01 |  0.82 |  0.98 |  0.96 |  1.24 |  0.91
        5247 |  1.09 |  1.01 |  0.82 |  0.98 |  0.96 |  1.24 |  0.91
        5247 |  1.09 |  1.01 |  0.82 |  0.98 |  0.96 |  1.24 |  0.91
        5247 |  1.09 |  1.01 |  0.82 |  0.98 |  0.96 |  1.24 |  0.91
        5247 |  1.09 |  1.01 |  0.82 |  0.98 |  0.96 |  1.24 |  0.91
        5247 |  1.09 |  1.01 |  0.82 |  0.98 |  0.96 |  1.24 |  0.91
        5247 |  1.09 |  1.01 |  0.82 |  0.98 |  0.96 |  1.24 |  0.91
        5247 |  1.09 |  1.01 |  0.82 |  0.98 |  0.96 |  1.24 |  0.91
        5247 |  1.09 |  1.01 |  0.82 |  0.98 |  0.96 |  1.24 |  0.91
        5247 |  1.09 |  1.01 |  0.82 |  0.98 |  0.96 |  1.24 |  0.91
        5247 |  1.09 |  1.01 |  0.82 |  0.98 |  0.96 |  1.24 |  0.91
        5247 |  1.09 |  1.01 |  0.82 |  0.98 |  0.96 |  1.24 |  0.91
        5247 |  1.09 |  1.01 |  0.82 |  0.98 |  0.96 |  1.24 |  0.91
        5247 |  1.09 |  1.01 |  0.82 |  0.98 |  0.96 |  1.24 |  0.91
        5247 |  1.09 |  1.01 |  0.82 |  0.98 |  0.96 |  1.24 |  0.91
        5247 |  1.09 |  1.01 |  0.82 |  0.98 |  0.96 |  1.24 |  0.91
        5247 |  1.09 |  1.01 |  0.82 |  0.98 |  0.96 |  1.24 |  0.91
        5247 |  1.09 |  1.01 |  0.82 |  0.98 |  0.96 |  1.24 |  0.91
        5247 |  1.09 |  1.01 |  0.82 |  0.98 |  0.96 |  1.24 |  0.91
        5247 |  1.09 |  1.01 |  0.82 |  0.98 |  0.96 |  1.24 |  0.91
        5247 |  1.09 |  1.01 |  0.82 |  0.98 |  0.96 |  1.24 |  0.91
        5247 |  1.09 |  1.01 |  0.82 |  0.98 |  0.96 |  1.24 |  0.91
        5247 |  1.09 |  1.01 |  0.82 |  0.98 |  0.96 |  1.24 |  0.91
        5247 |  1.09 |  1.01 |  0.82 |  0.98 |  0.96 |  1.24 |  0.91
        5247 |  1.09 |  1.01 |  0.82 |  0.98 |  0.96 |  1.24 |  0.91
        5247 |  1.09 |  1.01 |  0.82 |  0.98 |  0.96 |  1.24 |  0.91
        5247 |  1.09 |  1.01 |  0.82 |  0.98 |  0.96 |  1.24 |  0.91
        5247 |  1.09 |  1.01 |  0.82 |  0.98 |  0.96 |  1.24 |  0.91
        5247 |  1.09 |  1.01 |  0.82 |  0.98 |  0.96 |  1.24 |  0.91
        5247 |  1.09 |  1.01 |  0.82 |  0.98 |  0.96 |  1.24 |  0.91
        5247 |  1.09 |  1.01 |  0.82 |  0.98 |  0.96 |  1.24 |  0.91
        5247 |  1.09 |  1.01 |  0.82 |  0.98 |  0.96 |  1.24 |  0.91
        5248 |  0.53 |  0.34 |  0.85 |  0.84 |  0.50 |  0.34 |  0.41
        5248 |  0.53 |  0.34 |  0.85 |  0.84 |  0.50 |  0.34 |  0.41
        5248 |  0.53 |  0.34 |  0.85 |  0.84 |  0.50 |  0.34 |  0.41
        5248 |  0.53 |  0.34 |  0.85 |  0.84 |  0.50 |  0.34 |  0.41
        5248 |  0.53 |  0.34 |  0.85 |  0.84 |  0.50 |  0.34 |  0.41
        5248 |  0.53 |  0.34 |  0.85 |  0.84 |  0.50 |  0.34 |  0.41
        5248 |  0.53 |  0.34 |  0.85 |  0.84 |  0.50 |  0.34 |  0.41
        5248 |  0.53 |  0.34 |  0.85 |  0.84 |  0.50 |  0.34 |  0.41
        5248 |  0.53 |  0.34 |  0.85 |  0.84 |  0.50 |  0.34 |  0.41
        5248 |  0.53 |  0.34 |  0.85 |  0.84 |  0.50 |  0.34 |  0.41
        5248 |  0.53 |  0.34 |  0.85 |  0.84 |  0.50 |  0.34 |  0.41
        5248 |  0.53 |  0.34 |  0.85 |  0.84 |  0.50 |  0.34 |  0.41
        5248 |  0.53 |  0.34 |  0.85 |  0.84 |  0.50 |  0.34 |  0.41
        5248 |  0.53 |  0.34 |  0.85 |  0.84 |  0.50 |  0.34 |  0.41
        5248 |  0.53 |  0.34 |  0.85 |  0.84 |  0.50 |  0.34 |  0.41
        5248 |  0.53 |  0.34 |  0.85 |  0.84 |  0.50 |  0.34 |  0.41
        5248 |  0.53 |  0.34 |  0.85 |  0.84 |  0.50 |  0.34 |  0.41
        5248 |  0.53 |  0.34 |  0.85 |  0.84 |  0.50 |  0.34 |  0.41
        5248 |  0.53 |  0.34 |  0.85 |  0.84 |  0.50 |  0.34 |  0.41
        5248 |  0.53 |  0.34 |  0.85 |  0.84 |  0.50 |  0.34 |  0.41
        5248 |  0.53 |  0.34 |  0.85 |  0.84 |  0.50 |  0.34 |  0.41
        5248 |  0.53 |  0.34 |  0.85 |  0.84 |  0.50 |  0.34 |  0.41
        5248 |  0.53 |  0.34 |  0.85 |  0.84 |  0.50 |  0.34 |  0.41
        5248 |  0.53 |  0.34 |  0.85 |  0.84 |  0.50 |  0.34 |  0.41
        5248 |  0.53 |  0.34 |  0.85 |  0.84 |  0.50 |  0.34 |  0.41
        5248 |  0.53 |  0.34 |  0.85 |  0.84 |  0.50 |  0.34 |  0.41
        5248 |  0.53 |  0.34 |  0.85 |  0.84 |  0.50 |  0.34 |  0.41
        5248 |  0.53 |  0.34 |  0.85 |  0.84 |  0.50 |  0.34 |  0.41
        5248 |  0.53 |  0.34 |  0.85 |  0.84 |  0.50 |  0.34 |  0.41
        5248 |  0.53 |  0.34 |  0.85 |  0.84 |  0.50 |  0.34 |  0.41
        5248 |  0.53 |  0.34 |  0.85 |  0.84 |  0.50 |  0.34 |  0.41
        5248 |  0.53 |  0.34 |  0.85 |  0.84 |  0.50 |  0.34 |  0.41
        5248 |  0.53 |  0.34 |  0.85 |  0.84 |  0.50 |  0.34 |  0.41
        5248 |  0.53 |  0.34 |  0.85 |  0.84 |  0.50 |  0.34 |  0.41
        5248 |  0.53 |  0.34 |  0.85 |  0.84 |  0.50 |  0.34 |  0.41
        5248 |  0.53 |  0.34 |  0.85 |  0.84 |  0.50 |  0.34 |  0.41
        5248 |  0.53 |  0.34 |  0.85 |  0.84 |  0.50 |  0.34 |  0.41
        5248 |  0.53 |  0.34 |  0.85 |  0.84 |  0.50 |  0.34 |  0.41
        5248 |  0.53 |  0.34 |  0.85 |  0.84 |  0.50 |  0.34 |  0.41
        5248 |  0.53 |  0.34 |  0.85 |  0.84 |  0.50 |  0.34 |  0.41
        5248 |  0.53 |  0.34 |  0.85 |  0.84 |  0.50 |  0.34 |  0.41
        5248 |  0.53 |  0.34 |  0.85 |  0.84 |  0.50 |  0.34 |  0.41
        5248 |  0.53 |  0.34 |  0.85 |  0.84 |  0.50 |  0.34 |  0.41
        5248 |  0.53 |  0.34 |  0.85 |  0.84 |  0.50 |  0.34 |  0.41
        5248 |  0.53 |  0.34 |  0.85 |  0.84 |  0.50 |  0.34 |  0.41
        5248 |  0.53 |  0.34 |  0.85 |  0.84 |  0.50 |  0.34 |  0.41
        5248 |  0.53 |  0.34 |  0.85 |  0.84 |  0.50 |  0.34 |  0.41
        5248 |  0.53 |  0.34 |  0.85 |  0.84 |  0.50 |  0.34 |  0.41
        5248 |  0.53 |  0.34 |  0.85 |  0.84 |  0.50 |  0.34 |  0.41
        5249 |  1.08 |  0.91 |  0.80 |  1.11 |  1.14 |  0.97 |  0.91
        5249 |  1.08 |  0.91 |  0.80 |  1.11 |  1.14 |  0.97 |  0.91
        5249 |  1.08 |  0.91 |  0.80 |  1.11 |  1.14 |  0.97 |  0.91
        5249 |  1.08 |  0.91 |  0.80 |  1.11 |  1.14 |  0.97 |  0.91
        5249 |  1.08 |  0.91 |  0.80 |  1.11 |  1.14 |  0.97 |  0.91
        5249 |  1.08 |  0.91 |  0.80 |  1.11 |  1.14 |  0.97 |  0.91
        5249 |  1.08 |  0.91 |  0.80 |  1.11 |  1.14 |  0.97 |  0.91
        5249 |  1.08 |  0.91 |  0.80 |  1.11 |  1.14 |  0.97 |  0.91
        5249 |  1.08 |  0.91 |  0.80 |  1.11 |  1.14 |  0.97 |  0.91
        5249 |  1.08 |  0.91 |  0.80 |  1.11 |  1.14 |  0.97 |  0.91
        5249 |  1.08 |  0.91 |  0.80 |  1.11 |  1.14 |  0.97 |  0.91
        5249 |  1.08 |  0.91 |  0.80 |  1.11 |  1.14 |  0.97 |  0.91
        5249 |  1.08 |  0.91 |  0.80 |  1.11 |  1.14 |  0.97 |  0.91
        5249 |  1.08 |  0.91 |  0.80 |  1.11 |  1.14 |  0.97 |  0.91
        5249 |  1.08 |  0.91 |  0.80 |  1.11 |  1.14 |  0.97 |  0.91
        5249 |  1.08 |  0.91 |  0.80 |  1.11 |  1.14 |  0.97 |  0.91
        5249 |  1.08 |  0.91 |  0.80 |  1.11 |  1.14 |  0.97 |  0.91
        5249 |  1.08 |  0.91 |  0.80 |  1.11 |  1.14 |  0.97 |  0.91
        5249 |  1.08 |  0.91 |  0.80 |  1.11 |  1.14 |  0.97 |  0.91
        5249 |  1.08 |  0.91 |  0.80 |  1.11 |  1.14 |  0.97 |  0.91
        5249 |  1.08 |  0.91 |  0.80 |  1.11 |  1.14 |  0.97 |  0.91
        5249 |  1.08 |  0.91 |  0.80 |  1.11 |  1.14 |  0.97 |  0.91
        5249 |  1.08 |  0.91 |  0.80 |  1.11 |  1.14 |  0.97 |  0.91
        5249 |  1.08 |  0.91 |  0.80 |  1.11 |  1.14 |  0.97 |  0.91
        5249 |  1.08 |  0.91 |  0.80 |  1.11 |  1.14 |  0.97 |  0.91
        5249 |  1.08 |  0.91 |  0.80 |  1.11 |  1.14 |  0.97 |  0.91
        5249 |  1.08 |  0.91 |  0.80 |  1.11 |  1.14 |  0.97 |  0.91
        5249 |  1.08 |  0.91 |  0.80 |  1.11 |  1.14 |  0.97 |  0.91
        5249 |  1.08 |  0.91 |  0.80 |  1.11 |  1.14 |  0.97 |  0.91
        5249 |  1.08 |  0.91 |  0.80 |  1.11 |  1.14 |  0.97 |  0.91
        5249 |  1.08 |  0.91 |  0.80 |  1.11 |  1.14 |  0.97 |  0.91
        5249 |  1.08 |  0.91 |  0.80 |  1.11 |  1.14 |  0.97 |  0.91
        5249 |  1.08 |  0.91 |  0.80 |  1.11 |  1.14 |  0.97 |  0.91
        5249 |  1.08 |  0.91 |  0.80 |  1.11 |  1.14 |  0.97 |  0.91
        5249 |  1.08 |  0.91 |  0.80 |  1.11 |  1.14 |  0.97 |  0.91
        5249 |  1.08 |  0.91 |  0.80 |  1.11 |  1.14 |  0.97 |  0.91
        5249 |  1.08 |  0.91 |  0.80 |  1.11 |  1.14 |  0.97 |  0.91
        5249 |  1.08 |  0.91 |  0.80 |  1.11 |  1.14 |  0.97 |  0.91
        5249 |  1.08 |  0.91 |  0.80 |  1.11 |  1.14 |  0.97 |  0.91
        5249 |  1.08 |  0.91 |  0.80 |  1.11 |  1.14 |  0.97 |  0.91
        5249 |  1.08 |  0.91 |  0.80 |  1.11 |  1.14 |  0.97 |  0.91
        5249 |  1.08 |  0.91 |  0.80 |  1.11 |  1.14 |  0.97 |  0.91
        5249 |  1.08 |  0.91 |  0.80 |  1.11 |  1.14 |  0.97 |  0.91
        5249 |  1.08 |  0.91 |  0.80 |  1.11 |  1.14 |  0.97 |  0.91
        5249 |  1.08 |  0.91 |  0.80 |  1.11 |  1.14 |  0.97 |  0.91
        5249 |  1.08 |  0.91 |  0.80 |  1.11 |  1.14 |  0.97 |  0.91
        5249 |  1.08 |  0.91 |  0.80 |  1.11 |  1.14 |  0.97 |  0.91
        5249 |  1.08 |  0.91 |  0.80 |  1.11 |  1.14 |  0.97 |  0.91
        5249 |  1.08 |  0.91 |  0.80 |  1.11 |  1.14 |  0.97 |  0.91
        5250 |  1.15 |  1.03 |  1.25 |  1.02 |  1.09 |  1.07 |  0.88
        5250 |  1.15 |  1.03 |  1.25 |  1.02 |  1.09 |  1.07 |  0.88
        5250 |  1.15 |  1.03 |  1.25 |  1.02 |  1.09 |  1.07 |  0.88
        5250 |  1.15 |  1.03 |  1.25 |  1.02 |  1.09 |  1.07 |  0.88
        5250 |  1.15 |  1.03 |  1.25 |  1.02 |  1.09 |  1.07 |  0.88
        5250 |  1.15 |  1.03 |  1.25 |  1.02 |  1.09 |  1.07 |  0.88
        5250 |  1.15 |  1.03 |  1.25 |  1.02 |  1.09 |  1.07 |  0.88
        5250 |  1.15 |  1.03 |  1.25 |  1.02 |  1.09 |  1.07 |  0.88
        5250 |  1.15 |  1.03 |  1.25 |  1.02 |  1.09 |  1.07 |  0.88
        5250 |  1.15 |  1.03 |  1.25 |  1.02 |  1.09 |  1.07 |  0.88
        5250 |  1.15 |  1.03 |  1.25 |  1.02 |  1.09 |  1.07 |  0.88
        5250 |  1.15 |  1.03 |  1.25 |  1.02 |  1.09 |  1.07 |  0.88
        5250 |  1.15 |  1.03 |  1.25 |  1.02 |  1.09 |  1.07 |  0.88
        5250 |  1.15 |  1.03 |  1.25 |  1.02 |  1.09 |  1.07 |  0.88
        5250 |  1.15 |  1.03 |  1.25 |  1.02 |  1.09 |  1.07 |  0.88
        5250 |  1.15 |  1.03 |  1.25 |  1.02 |  1.09 |  1.07 |  0.88
        5250 |  1.15 |  1.03 |  1.25 |  1.02 |  1.09 |  1.07 |  0.88
        5250 |  1.15 |  1.03 |  1.25 |  1.02 |  1.09 |  1.07 |  0.88
        5250 |  1.15 |  1.03 |  1.25 |  1.02 |  1.09 |  1.07 |  0.88
        5250 |  1.15 |  1.03 |  1.25 |  1.02 |  1.09 |  1.07 |  0.88
        5250 |  1.15 |  1.03 |  1.25 |  1.02 |  1.09 |  1.07 |  0.88
        5250 |  1.15 |  1.03 |  1.25 |  1.02 |  1.09 |  1.07 |  0.88
        5250 |  1.15 |  1.03 |  1.25 |  1.02 |  1.09 |  1.07 |  0.88
        5250 |  1.15 |  1.03 |  1.25 |  1.02 |  1.09 |  1.07 |  0.88
        5250 |  1.15 |  1.03 |  1.25 |  1.02 |  1.09 |  1.07 |  0.88
        5250 |  1.15 |  1.03 |  1.25 |  1.02 |  1.09 |  1.07 |  0.88
        5250 |  1.15 |  1.03 |  1.25 |  1.02 |  1.09 |  1.07 |  0.88
        5250 |  1.15 |  1.03 |  1.25 |  1.02 |  1.09 |  1.07 |  0.88
        5250 |  1.15 |  1.03 |  1.25 |  1.02 |  1.09 |  1.07 |  0.88
        5250 |  1.15 |  1.03 |  1.25 |  1.02 |  1.09 |  1.07 |  0.88
        5250 |  1.15 |  1.03 |  1.25 |  1.02 |  1.09 |  1.07 |  0.88
        5250 |  1.15 |  1.03 |  1.25 |  1.02 |  1.09 |  1.07 |  0.88
        5250 |  1.15 |  1.03 |  1.25 |  1.02 |  1.09 |  1.07 |  0.88
        5250 |  1.15 |  1.03 |  1.25 |  1.02 |  1.09 |  1.07 |  0.88
        5250 |  1.15 |  1.03 |  1.25 |  1.02 |  1.09 |  1.07 |  0.88
        5250 |  1.15 |  1.03 |  1.25 |  1.02 |  1.09 |  1.07 |  0.88
        5250 |  1.15 |  1.03 |  1.25 |  1.02 |  1.09 |  1.07 |  0.88
        5250 |  1.15 |  1.03 |  1.25 |  1.02 |  1.09 |  1.07 |  0.88
        5250 |  1.15 |  1.03 |  1.25 |  1.02 |  1.09 |  1.07 |  0.88
        5250 |  1.15 |  1.03 |  1.25 |  1.02 |  1.09 |  1.07 |  0.88
        5250 |  1.15 |  1.03 |  1.25 |  1.02 |  1.09 |  1.07 |  0.88
        5250 |  1.15 |  1.03 |  1.25 |  1.02 |  1.09 |  1.07 |  0.88
        5250 |  1.15 |  1.03 |  1.25 |  1.02 |  1.09 |  1.07 |  0.88
        5250 |  1.15 |  1.03 |  1.25 |  1.02 |  1.09 |  1.07 |  0.88
        5250 |  1.15 |  1.03 |  1.25 |  1.02 |  1.09 |  1.07 |  0.88
        5250 |  1.15 |  1.03 |  1.25 |  1.02 |  1.09 |  1.07 |  0.88
        5250 |  1.15 |  1.03 |  1.25 |  1.02 |  1.09 |  1.07 |  0.88
        5250 |  1.15 |  1.03 |  1.25 |  1.02 |  1.09 |  1.07 |  0.88
        5250 |  1.15 |  1.03 |  1.25 |  1.02 |  1.09 |  1.07 |  0.88
        5251 |  1.00 |  0.95 |  0.92 |  1.16 |  1.00 |  1.16 |  1.07
        5251 |  1.00 |  0.95 |  0.92 |  1.16 |  1.00 |  1.16 |  1.07
        5251 |  1.00 |  0.95 |  0.92 |  1.16 |  1.00 |  1.16 |  1.07
        5251 |  1.00 |  0.95 |  0.92 |  1.16 |  1.00 |  1.16 |  1.07
        5251 |  1.00 |  0.95 |  0.92 |  1.16 |  1.00 |  1.16 |  1.07
        5251 |  1.00 |  0.95 |  0.92 |  1.16 |  1.00 |  1.16 |  1.07
        5251 |  1.00 |  0.95 |  0.92 |  1.16 |  1.00 |  1.16 |  1.07
        5251 |  1.00 |  0.95 |  0.92 |  1.16 |  1.00 |  1.16 |  1.07
        5251 |  1.00 |  0.95 |  0.92 |  1.16 |  1.00 |  1.16 |  1.07
        5251 |  1.00 |  0.95 |  0.92 |  1.16 |  1.00 |  1.16 |  1.07
        5251 |  1.00 |  0.95 |  0.92 |  1.16 |  1.00 |  1.16 |  1.07
        5251 |  1.00 |  0.95 |  0.92 |  1.16 |  1.00 |  1.16 |  1.07
        5251 |  1.00 |  0.95 |  0.92 |  1.16 |  1.00 |  1.16 |  1.07
        5251 |  1.00 |  0.95 |  0.92 |  1.16 |  1.00 |  1.16 |  1.07
        5251 |  1.00 |  0.95 |  0.92 |  1.16 |  1.00 |  1.16 |  1.07
        5251 |  1.00 |  0.95 |  0.92 |  1.16 |  1.00 |  1.16 |  1.07
        5251 |  1.00 |  0.95 |  0.92 |  1.16 |  1.00 |  1.16 |  1.07
        5251 |  1.00 |  0.95 |  0.92 |  1.16 |  1.00 |  1.16 |  1.07
        5251 |  1.00 |  0.95 |  0.92 |  1.16 |  1.00 |  1.16 |  1.07
        5251 |  1.00 |  0.95 |  0.92 |  1.16 |  1.00 |  1.16 |  1.07
        5251 |  1.00 |  0.95 |  0.92 |  1.16 |  1.00 |  1.16 |  1.07
        5251 |  1.00 |  0.95 |  0.92 |  1.16 |  1.00 |  1.16 |  1.07
        5251 |  1.00 |  0.95 |  0.92 |  1.16 |  1.00 |  1.16 |  1.07
        5251 |  1.00 |  0.95 |  0.92 |  1.16 |  1.00 |  1.16 |  1.07
        5251 |  1.00 |  0.95 |  0.92 |  1.16 |  1.00 |  1.16 |  1.07
        5251 |  1.00 |  0.95 |  0.92 |  1.16 |  1.00 |  1.16 |  1.07
        5251 |  1.00 |  0.95 |  0.92 |  1.16 |  1.00 |  1.16 |  1.07
        5251 |  1.00 |  0.95 |  0.92 |  1.16 |  1.00 |  1.16 |  1.07
        5251 |  1.00 |  0.95 |  0.92 |  1.16 |  1.00 |  1.16 |  1.07
        5251 |  1.00 |  0.95 |  0.92 |  1.16 |  1.00 |  1.16 |  1.07
        5251 |  1.00 |  0.95 |  0.92 |  1.16 |  1.00 |  1.16 |  1.07
        5251 |  1.00 |  0.95 |  0.92 |  1.16 |  1.00 |  1.16 |  1.07
        5251 |  1.00 |  0.95 |  0.92 |  1.16 |  1.00 |  1.16 |  1.07
        5251 |  1.00 |  0.95 |  0.92 |  1.16 |  1.00 |  1.16 |  1.07
        5251 |  1.00 |  0.95 |  0.92 |  1.16 |  1.00 |  1.16 |  1.07
        5251 |  1.00 |  0.95 |  0.92 |  1.16 |  1.00 |  1.16 |  1.07
        5251 |  1.00 |  0.95 |  0.92 |  1.16 |  1.00 |  1.16 |  1.07
        5251 |  1.00 |  0.95 |  0.92 |  1.16 |  1.00 |  1.16 |  1.07
        5251 |  1.00 |  0.95 |  0.92 |  1.16 |  1.00 |  1.16 |  1.07
        5251 |  1.00 |  0.95 |  0.92 |  1.16 |  1.00 |  1.16 |  1.07
        5251 |  1.00 |  0.95 |  0.92 |  1.16 |  1.00 |  1.16 |  1.07
        5251 |  1.00 |  0.95 |  0.92 |  1.16 |  1.00 |  1.16 |  1.07
        5251 |  1.00 |  0.95 |  0.92 |  1.16 |  1.00 |  1.16 |  1.07
        5251 |  1.00 |  0.95 |  0.92 |  1.16 |  1.00 |  1.16 |  1.07
        5251 |  1.00 |  0.95 |  0.92 |  1.16 |  1.00 |  1.16 |  1.07
        5251 |  1.00 |  0.95 |  0.92 |  1.16 |  1.00 |  1.16 |  1.07
        5251 |  1.00 |  0.95 |  0.92 |  1.16 |  1.00 |  1.16 |  1.07
        5251 |  1.00 |  0.95 |  0.92 |  1.16 |  1.00 |  1.16 |  1.07
        5251 |  1.00 |  0.95 |  0.92 |  1.16 |  1.00 |  1.16 |  1.07
        5252 |  0.97 |  1.10 |  0.93 |  0.96 |  1.05 |  0.98 |  0.95
        5252 |  0.97 |  1.10 |  0.93 |  0.96 |  1.05 |  0.98 |  0.95
        5252 |  0.97 |  1.10 |  0.93 |  0.96 |  1.05 |  0.98 |  0.95
        5252 |  0.97 |  1.10 |  0.93 |  0.96 |  1.05 |  0.98 |  0.95
        5252 |  0.97 |  1.10 |  0.93 |  0.96 |  1.05 |  0.98 |  0.95
        5252 |  0.97 |  1.10 |  0.93 |  0.96 |  1.05 |  0.98 |  0.95
        5252 |  0.97 |  1.10 |  0.93 |  0.96 |  1.05 |  0.98 |  0.95
        5252 |  0.97 |  1.10 |  0.93 |  0.96 |  1.05 |  0.98 |  0.95
        5252 |  0.97 |  1.10 |  0.93 |  0.96 |  1.05 |  0.98 |  0.95
        5252 |  0.97 |  1.10 |  0.93 |  0.96 |  1.05 |  0.98 |  0.95
        5252 |  0.97 |  1.10 |  0.93 |  0.96 |  1.05 |  0.98 |  0.95
        5252 |  0.97 |  1.10 |  0.93 |  0.96 |  1.05 |  0.98 |  0.95
        5252 |  0.97 |  1.10 |  0.93 |  0.96 |  1.05 |  0.98 |  0.95
        5252 |  0.97 |  1.10 |  0.93 |  0.96 |  1.05 |  0.98 |  0.95
        5252 |  0.97 |  1.10 |  0.93 |  0.96 |  1.05 |  0.98 |  0.95
        5252 |  0.97 |  1.10 |  0.93 |  0.96 |  1.05 |  0.98 |  0.95
        5252 |  0.97 |  1.10 |  0.93 |  0.96 |  1.05 |  0.98 |  0.95
        5252 |  0.97 |  1.10 |  0.93 |  0.96 |  1.05 |  0.98 |  0.95
        5252 |  0.97 |  1.10 |  0.93 |  0.96 |  1.05 |  0.98 |  0.95
        5252 |  0.97 |  1.10 |  0.93 |  0.96 |  1.05 |  0.98 |  0.95
        5252 |  0.97 |  1.10 |  0.93 |  0.96 |  1.05 |  0.98 |  0.95
        5252 |  0.97 |  1.10 |  0.93 |  0.96 |  1.05 |  0.98 |  0.95
        5252 |  0.97 |  1.10 |  0.93 |  0.96 |  1.05 |  0.98 |  0.95
        5252 |  0.97 |  1.10 |  0.93 |  0.96 |  1.05 |  0.98 |  0.95
        5252 |  0.97 |  1.10 |  0.93 |  0.96 |  1.05 |  0.98 |  0.95
        5252 |  0.97 |  1.10 |  0.93 |  0.96 |  1.05 |  0.98 |  0.95
        5252 |  0.97 |  1.10 |  0.93 |  0.96 |  1.05 |  0.98 |  0.95
        5252 |  0.97 |  1.10 |  0.93 |  0.96 |  1.05 |  0.98 |  0.95
        5252 |  0.97 |  1.10 |  0.93 |  0.96 |  1.05 |  0.98 |  0.95
        5252 |  0.97 |  1.10 |  0.93 |  0.96 |  1.05 |  0.98 |  0.95
        5252 |  0.97 |  1.10 |  0.93 |  0.96 |  1.05 |  0.98 |  0.95
        5252 |  0.97 |  1.10 |  0.93 |  0.96 |  1.05 |  0.98 |  0.95
        5252 |  0.97 |  1.10 |  0.93 |  0.96 |  1.05 |  0.98 |  0.95
        5252 |  0.97 |  1.10 |  0.93 |  0.96 |  1.05 |  0.98 |  0.95
        5252 |  0.97 |  1.10 |  0.93 |  0.96 |  1.05 |  0.98 |  0.95
        5252 |  0.97 |  1.10 |  0.93 |  0.96 |  1.05 |  0.98 |  0.95
        5252 |  0.97 |  1.10 |  0.93 |  0.96 |  1.05 |  0.98 |  0.95
        5252 |  0.97 |  1.10 |  0.93 |  0.96 |  1.05 |  0.98 |  0.95
        5252 |  0.97 |  1.10 |  0.93 |  0.96 |  1.05 |  0.98 |  0.95
        5252 |  0.97 |  1.10 |  0.93 |  0.96 |  1.05 |  0.98 |  0.95
        5252 |  0.97 |  1.10 |  0.93 |  0.96 |  1.05 |  0.98 |  0.95
        5252 |  0.97 |  1.10 |  0.93 |  0.96 |  1.05 |  0.98 |  0.95
        5252 |  0.97 |  1.10 |  0.93 |  0.96 |  1.05 |  0.98 |  0.95
        5252 |  0.97 |  1.10 |  0.93 |  0.96 |  1.05 |  0.98 |  0.95
        5252 |  0.97 |  1.10 |  0.93 |  0.96 |  1.05 |  0.98 |  0.95
        5252 |  0.97 |  1.10 |  0.93 |  0.96 |  1.05 |  0.98 |  0.95
        5252 |  0.97 |  1.10 |  0.93 |  0.96 |  1.05 |  0.98 |  0.95
        5252 |  0.97 |  1.10 |  0.93 |  0.96 |  1.05 |  0.98 |  0.95
        5252 |  0.97 |  1.10 |  0.93 |  0.96 |  1.05 |  0.98 |  0.95
        5253 |  1.21 |  1.15 |  1.05 |  1.00 |  1.07 |  0.97 |  0.91
        5253 |  1.21 |  1.15 |  1.05 |  1.00 |  1.07 |  0.97 |  0.91
        5253 |  1.21 |  1.15 |  1.05 |  1.00 |  1.07 |  0.97 |  0.91
        5253 |  1.21 |  1.15 |  1.05 |  1.00 |  1.07 |  0.97 |  0.91
        5253 |  1.21 |  1.15 |  1.05 |  1.00 |  1.07 |  0.97 |  0.91
        5253 |  1.21 |  1.15 |  1.05 |  1.00 |  1.07 |  0.97 |  0.91
        5253 |  1.21 |  1.15 |  1.05 |  1.00 |  1.07 |  0.97 |  0.91
        5253 |  1.21 |  1.15 |  1.05 |  1.00 |  1.07 |  0.97 |  0.91
        5253 |  1.21 |  1.15 |  1.05 |  1.00 |  1.07 |  0.97 |  0.91
        5253 |  1.21 |  1.15 |  1.05 |  1.00 |  1.07 |  0.97 |  0.91
        5253 |  1.21 |  1.15 |  1.05 |  1.00 |  1.07 |  0.97 |  0.91
        5253 |  1.21 |  1.15 |  1.05 |  1.00 |  1.07 |  0.97 |  0.91
        5253 |  1.21 |  1.15 |  1.05 |  1.00 |  1.07 |  0.97 |  0.91
        5253 |  1.21 |  1.15 |  1.05 |  1.00 |  1.07 |  0.97 |  0.91
        5253 |  1.21 |  1.15 |  1.05 |  1.00 |  1.07 |  0.97 |  0.91
        5253 |  1.21 |  1.15 |  1.05 |  1.00 |  1.07 |  0.97 |  0.91
        5253 |  1.21 |  1.15 |  1.05 |  1.00 |  1.07 |  0.97 |  0.91
        5253 |  1.21 |  1.15 |  1.05 |  1.00 |  1.07 |  0.97 |  0.91
        5253 |  1.21 |  1.15 |  1.05 |  1.00 |  1.07 |  0.97 |  0.91
        5253 |  1.21 |  1.15 |  1.05 |  1.00 |  1.07 |  0.97 |  0.91
        5253 |  1.21 |  1.15 |  1.05 |  1.00 |  1.07 |  0.97 |  0.91
        5253 |  1.21 |  1.15 |  1.05 |  1.00 |  1.07 |  0.97 |  0.91
        5253 |  1.21 |  1.15 |  1.05 |  1.00 |  1.07 |  0.97 |  0.91
        5253 |  1.21 |  1.15 |  1.05 |  1.00 |  1.07 |  0.97 |  0.91
        5253 |  1.21 |  1.15 |  1.05 |  1.00 |  1.07 |  0.97 |  0.91
        5253 |  1.21 |  1.15 |  1.05 |  1.00 |  1.07 |  0.97 |  0.91
        5253 |  1.21 |  1.15 |  1.05 |  1.00 |  1.07 |  0.97 |  0.91
        5253 |  1.21 |  1.15 |  1.05 |  1.00 |  1.07 |  0.97 |  0.91
        5253 |  1.21 |  1.15 |  1.05 |  1.00 |  1.07 |  0.97 |  0.91
        5253 |  1.21 |  1.15 |  1.05 |  1.00 |  1.07 |  0.97 |  0.91
        5253 |  1.21 |  1.15 |  1.05 |  1.00 |  1.07 |  0.97 |  0.91
        5253 |  1.21 |  1.15 |  1.05 |  1.00 |  1.07 |  0.97 |  0.91
        5253 |  1.21 |  1.15 |  1.05 |  1.00 |  1.07 |  0.97 |  0.91
        5253 |  1.21 |  1.15 |  1.05 |  1.00 |  1.07 |  0.97 |  0.91
        5253 |  1.21 |  1.15 |  1.05 |  1.00 |  1.07 |  0.97 |  0.91
        5253 |  1.21 |  1.15 |  1.05 |  1.00 |  1.07 |  0.97 |  0.91
        5253 |  1.21 |  1.15 |  1.05 |  1.00 |  1.07 |  0.97 |  0.91
        5253 |  1.21 |  1.15 |  1.05 |  1.00 |  1.07 |  0.97 |  0.91
        5253 |  1.21 |  1.15 |  1.05 |  1.00 |  1.07 |  0.97 |  0.91
        5253 |  1.21 |  1.15 |  1.05 |  1.00 |  1.07 |  0.97 |  0.91
        5253 |  1.21 |  1.15 |  1.05 |  1.00 |  1.07 |  0.97 |  0.91
        5253 |  1.21 |  1.15 |  1.05 |  1.00 |  1.07 |  0.97 |  0.91
        5253 |  1.21 |  1.15 |  1.05 |  1.00 |  1.07 |  0.97 |  0.91
        5253 |  1.21 |  1.15 |  1.05 |  1.00 |  1.07 |  0.97 |  0.91
        5253 |  1.21 |  1.15 |  1.05 |  1.00 |  1.07 |  0.97 |  0.91
        5253 |  1.21 |  1.15 |  1.05 |  1.00 |  1.07 |  0.97 |  0.91
        5253 |  1.21 |  1.15 |  1.05 |  1.00 |  1.07 |  0.97 |  0.91
        5253 |  1.21 |  1.15 |  1.05 |  1.00 |  1.07 |  0.97 |  0.91
        5253 |  1.21 |  1.15 |  1.05 |  1.00 |  1.07 |  0.97 |  0.91
        5254 |  1.02 |  1.15 |  1.12 |  1.11 |  1.16 |  0.95 |  0.93
        5254 |  1.02 |  1.15 |  1.12 |  1.11 |  1.16 |  0.95 |  0.93
        5254 |  1.02 |  1.15 |  1.12 |  1.11 |  1.16 |  0.95 |  0.93
        5254 |  1.02 |  1.15 |  1.12 |  1.11 |  1.16 |  0.95 |  0.93
        5254 |  1.02 |  1.15 |  1.12 |  1.11 |  1.16 |  0.95 |  0.93
        5254 |  1.02 |  1.15 |  1.12 |  1.11 |  1.16 |  0.95 |  0.93
        5254 |  1.02 |  1.15 |  1.12 |  1.11 |  1.16 |  0.95 |  0.93
        5254 |  1.02 |  1.15 |  1.12 |  1.11 |  1.16 |  0.95 |  0.93
        5254 |  1.02 |  1.15 |  1.12 |  1.11 |  1.16 |  0.95 |  0.93
        5254 |  1.02 |  1.15 |  1.12 |  1.11 |  1.16 |  0.95 |  0.93
        5254 |  1.02 |  1.15 |  1.12 |  1.11 |  1.16 |  0.95 |  0.93
        5254 |  1.02 |  1.15 |  1.12 |  1.11 |  1.16 |  0.95 |  0.93
        5254 |  1.02 |  1.15 |  1.12 |  1.11 |  1.16 |  0.95 |  0.93
        5254 |  1.02 |  1.15 |  1.12 |  1.11 |  1.16 |  0.95 |  0.93
        5254 |  1.02 |  1.15 |  1.12 |  1.11 |  1.16 |  0.95 |  0.93
        5254 |  1.02 |  1.15 |  1.12 |  1.11 |  1.16 |  0.95 |  0.93
        5254 |  1.02 |  1.15 |  1.12 |  1.11 |  1.16 |  0.95 |  0.93
        5254 |  1.02 |  1.15 |  1.12 |  1.11 |  1.16 |  0.95 |  0.93
        5254 |  1.02 |  1.15 |  1.12 |  1.11 |  1.16 |  0.95 |  0.93
        5254 |  1.02 |  1.15 |  1.12 |  1.11 |  1.16 |  0.95 |  0.93
        5254 |  1.02 |  1.15 |  1.12 |  1.11 |  1.16 |  0.95 |  0.93
        5254 |  1.02 |  1.15 |  1.12 |  1.11 |  1.16 |  0.95 |  0.93
        5254 |  1.02 |  1.15 |  1.12 |  1.11 |  1.16 |  0.95 |  0.93
        5254 |  1.02 |  1.15 |  1.12 |  1.11 |  1.16 |  0.95 |  0.93
        5254 |  1.02 |  1.15 |  1.12 |  1.11 |  1.16 |  0.95 |  0.93
        5254 |  1.02 |  1.15 |  1.12 |  1.11 |  1.16 |  0.95 |  0.93
        5254 |  1.02 |  1.15 |  1.12 |  1.11 |  1.16 |  0.95 |  0.93
        5254 |  1.02 |  1.15 |  1.12 |  1.11 |  1.16 |  0.95 |  0.93
        5254 |  1.02 |  1.15 |  1.12 |  1.11 |  1.16 |  0.95 |  0.93
        5254 |  1.02 |  1.15 |  1.12 |  1.11 |  1.16 |  0.95 |  0.93
        5254 |  1.02 |  1.15 |  1.12 |  1.11 |  1.16 |  0.95 |  0.93
        5254 |  1.02 |  1.15 |  1.12 |  1.11 |  1.16 |  0.95 |  0.93
        5254 |  1.02 |  1.15 |  1.12 |  1.11 |  1.16 |  0.95 |  0.93
        5254 |  1.02 |  1.15 |  1.12 |  1.11 |  1.16 |  0.95 |  0.93
        5254 |  1.02 |  1.15 |  1.12 |  1.11 |  1.16 |  0.95 |  0.93
        5254 |  1.02 |  1.15 |  1.12 |  1.11 |  1.16 |  0.95 |  0.93
        5254 |  1.02 |  1.15 |  1.12 |  1.11 |  1.16 |  0.95 |  0.93
        5254 |  1.02 |  1.15 |  1.12 |  1.11 |  1.16 |  0.95 |  0.93
        5254 |  1.02 |  1.15 |  1.12 |  1.11 |  1.16 |  0.95 |  0.93
        5254 |  1.02 |  1.15 |  1.12 |  1.11 |  1.16 |  0.95 |  0.93
        5254 |  1.02 |  1.15 |  1.12 |  1.11 |  1.16 |  0.95 |  0.93
        5254 |  1.02 |  1.15 |  1.12 |  1.11 |  1.16 |  0.95 |  0.93
        5254 |  1.02 |  1.15 |  1.12 |  1.11 |  1.16 |  0.95 |  0.93
        5254 |  1.02 |  1.15 |  1.12 |  1.11 |  1.16 |  0.95 |  0.93
        5254 |  1.02 |  1.15 |  1.12 |  1.11 |  1.16 |  0.95 |  0.93
        5254 |  1.02 |  1.15 |  1.12 |  1.11 |  1.16 |  0.95 |  0.93
        5254 |  1.02 |  1.15 |  1.12 |  1.11 |  1.16 |  0.95 |  0.93
        5254 |  1.02 |  1.15 |  1.12 |  1.11 |  1.16 |  0.95 |  0.93
        5254 |  1.02 |  1.15 |  1.12 |  1.11 |  1.16 |  0.95 |  0.93
        5255 |  1.02 |  0.94 |  0.98 |  1.01 |  0.97 |  1.07 |  1.01
        5255 |  1.02 |  0.94 |  0.98 |  1.01 |  0.97 |  1.07 |  1.01
        5255 |  1.02 |  0.94 |  0.98 |  1.01 |  0.97 |  1.07 |  1.01
        5255 |  1.02 |  0.94 |  0.98 |  1.01 |  0.97 |  1.07 |  1.01
        5255 |  1.02 |  0.94 |  0.98 |  1.01 |  0.97 |  1.07 |  1.01
        5255 |  1.02 |  0.94 |  0.98 |  1.01 |  0.97 |  1.07 |  1.01
        5255 |  1.02 |  0.94 |  0.98 |  1.01 |  0.97 |  1.07 |  1.01
        5255 |  1.02 |  0.94 |  0.98 |  1.01 |  0.97 |  1.07 |  1.01
        5255 |  1.02 |  0.94 |  0.98 |  1.01 |  0.97 |  1.07 |  1.01
        5255 |  1.02 |  0.94 |  0.98 |  1.01 |  0.97 |  1.07 |  1.01
        5255 |  1.02 |  0.94 |  0.98 |  1.01 |  0.97 |  1.07 |  1.01
        5255 |  1.02 |  0.94 |  0.98 |  1.01 |  0.97 |  1.07 |  1.01
        5255 |  1.02 |  0.94 |  0.98 |  1.01 |  0.97 |  1.07 |  1.01
        5255 |  1.02 |  0.94 |  0.98 |  1.01 |  0.97 |  1.07 |  1.01
        5255 |  1.02 |  0.94 |  0.98 |  1.01 |  0.97 |  1.07 |  1.01
        5255 |  1.02 |  0.94 |  0.98 |  1.01 |  0.97 |  1.07 |  1.01
        5255 |  1.02 |  0.94 |  0.98 |  1.01 |  0.97 |  1.07 |  1.01
        5255 |  1.02 |  0.94 |  0.98 |  1.01 |  0.97 |  1.07 |  1.01
        5255 |  1.02 |  0.94 |  0.98 |  1.01 |  0.97 |  1.07 |  1.01
        5255 |  1.02 |  0.94 |  0.98 |  1.01 |  0.97 |  1.07 |  1.01
        5255 |  1.02 |  0.94 |  0.98 |  1.01 |  0.97 |  1.07 |  1.01
        5255 |  1.02 |  0.94 |  0.98 |  1.01 |  0.97 |  1.07 |  1.01
        5255 |  1.02 |  0.94 |  0.98 |  1.01 |  0.97 |  1.07 |  1.01
        5255 |  1.02 |  0.94 |  0.98 |  1.01 |  0.97 |  1.07 |  1.01
        5255 |  1.02 |  0.94 |  0.98 |  1.01 |  0.97 |  1.07 |  1.01
        5255 |  1.02 |  0.94 |  0.98 |  1.01 |  0.97 |  1.07 |  1.01
        5255 |  1.02 |  0.94 |  0.98 |  1.01 |  0.97 |  1.07 |  1.01
        5255 |  1.02 |  0.94 |  0.98 |  1.01 |  0.97 |  1.07 |  1.01
        5255 |  1.02 |  0.94 |  0.98 |  1.01 |  0.97 |  1.07 |  1.01
        5255 |  1.02 |  0.94 |  0.98 |  1.01 |  0.97 |  1.07 |  1.01
        5255 |  1.02 |  0.94 |  0.98 |  1.01 |  0.97 |  1.07 |  1.01
        5255 |  1.02 |  0.94 |  0.98 |  1.01 |  0.97 |  1.07 |  1.01
        5255 |  1.02 |  0.94 |  0.98 |  1.01 |  0.97 |  1.07 |  1.01
        5255 |  1.02 |  0.94 |  0.98 |  1.01 |  0.97 |  1.07 |  1.01
        5255 |  1.02 |  0.94 |  0.98 |  1.01 |  0.97 |  1.07 |  1.01
        5255 |  1.02 |  0.94 |  0.98 |  1.01 |  0.97 |  1.07 |  1.01
        5255 |  1.02 |  0.94 |  0.98 |  1.01 |  0.97 |  1.07 |  1.01
        5255 |  1.02 |  0.94 |  0.98 |  1.01 |  0.97 |  1.07 |  1.01
        5255 |  1.02 |  0.94 |  0.98 |  1.01 |  0.97 |  1.07 |  1.01
        5255 |  1.02 |  0.94 |  0.98 |  1.01 |  0.97 |  1.07 |  1.01
        5255 |  1.02 |  0.94 |  0.98 |  1.01 |  0.97 |  1.07 |  1.01
        5255 |  1.02 |  0.94 |  0.98 |  1.01 |  0.97 |  1.07 |  1.01
        5255 |  1.02 |  0.94 |  0.98 |  1.01 |  0.97 |  1.07 |  1.01
        5255 |  1.02 |  0.94 |  0.98 |  1.01 |  0.97 |  1.07 |  1.01
        5255 |  1.02 |  0.94 |  0.98 |  1.01 |  0.97 |  1.07 |  1.01
        5255 |  1.02 |  0.94 |  0.98 |  1.01 |  0.97 |  1.07 |  1.01
        5255 |  1.02 |  0.94 |  0.98 |  1.01 |  0.97 |  1.07 |  1.01
        5255 |  1.02 |  0.94 |  0.98 |  1.01 |  0.97 |  1.07 |  1.01
        5255 |  1.02 |  0.94 |  0.98 |  1.01 |  0.97 |  1.07 |  1.01
        5256 |  0.96 |  0.96 |  1.04 |  0.97 |  1.04 |  1.05 |  1.04
        5256 |  0.96 |  0.96 |  1.04 |  0.97 |  1.04 |  1.05 |  1.04
        5256 |  0.96 |  0.96 |  1.04 |  0.97 |  1.04 |  1.05 |  1.04
        5256 |  0.96 |  0.96 |  1.04 |  0.97 |  1.04 |  1.05 |  1.04
        5256 |  0.96 |  0.96 |  1.04 |  0.97 |  1.04 |  1.05 |  1.04
        5256 |  0.96 |  0.96 |  1.04 |  0.97 |  1.04 |  1.05 |  1.04
        5256 |  0.96 |  0.96 |  1.04 |  0.97 |  1.04 |  1.05 |  1.04
        5256 |  0.96 |  0.96 |  1.04 |  0.97 |  1.04 |  1.05 |  1.04
        5256 |  0.96 |  0.96 |  1.04 |  0.97 |  1.04 |  1.05 |  1.04
        5256 |  0.96 |  0.96 |  1.04 |  0.97 |  1.04 |  1.05 |  1.04
        5256 |  0.96 |  0.96 |  1.04 |  0.97 |  1.04 |  1.05 |  1.04
        5256 |  0.96 |  0.96 |  1.04 |  0.97 |  1.04 |  1.05 |  1.04
        5256 |  0.96 |  0.96 |  1.04 |  0.97 |  1.04 |  1.05 |  1.04
        5256 |  0.96 |  0.96 |  1.04 |  0.97 |  1.04 |  1.05 |  1.04
        5256 |  0.96 |  0.96 |  1.04 |  0.97 |  1.04 |  1.05 |  1.04
        5256 |  0.96 |  0.96 |  1.04 |  0.97 |  1.04 |  1.05 |  1.04
        5256 |  0.96 |  0.96 |  1.04 |  0.97 |  1.04 |  1.05 |  1.04
        5256 |  0.96 |  0.96 |  1.04 |  0.97 |  1.04 |  1.05 |  1.04
        5256 |  0.96 |  0.96 |  1.04 |  0.97 |  1.04 |  1.05 |  1.04
        5256 |  0.96 |  0.96 |  1.04 |  0.97 |  1.04 |  1.05 |  1.04
        5256 |  0.96 |  0.96 |  1.04 |  0.97 |  1.04 |  1.05 |  1.04
        5256 |  0.96 |  0.96 |  1.04 |  0.97 |  1.04 |  1.05 |  1.04
        5256 |  0.96 |  0.96 |  1.04 |  0.97 |  1.04 |  1.05 |  1.04
        5256 |  0.96 |  0.96 |  1.04 |  0.97 |  1.04 |  1.05 |  1.04
        5256 |  0.96 |  0.96 |  1.04 |  0.97 |  1.04 |  1.05 |  1.04
        5256 |  0.96 |  0.96 |  1.04 |  0.97 |  1.04 |  1.05 |  1.04
        5256 |  0.96 |  0.96 |  1.04 |  0.97 |  1.04 |  1.05 |  1.04
        5256 |  0.96 |  0.96 |  1.04 |  0.97 |  1.04 |  1.05 |  1.04
        5256 |  0.96 |  0.96 |  1.04 |  0.97 |  1.04 |  1.05 |  1.04
        5256 |  0.96 |  0.96 |  1.04 |  0.97 |  1.04 |  1.05 |  1.04
        5256 |  0.96 |  0.96 |  1.04 |  0.97 |  1.04 |  1.05 |  1.04
        5256 |  0.96 |  0.96 |  1.04 |  0.97 |  1.04 |  1.05 |  1.04
        5256 |  0.96 |  0.96 |  1.04 |  0.97 |  1.04 |  1.05 |  1.04
        5256 |  0.96 |  0.96 |  1.04 |  0.97 |  1.04 |  1.05 |  1.04
        5256 |  0.96 |  0.96 |  1.04 |  0.97 |  1.04 |  1.05 |  1.04
        5256 |  0.96 |  0.96 |  1.04 |  0.97 |  1.04 |  1.05 |  1.04
        5256 |  0.96 |  0.96 |  1.04 |  0.97 |  1.04 |  1.05 |  1.04
        5256 |  0.96 |  0.96 |  1.04 |  0.97 |  1.04 |  1.05 |  1.04
        5256 |  0.96 |  0.96 |  1.04 |  0.97 |  1.04 |  1.05 |  1.04
        5256 |  0.96 |  0.96 |  1.04 |  0.97 |  1.04 |  1.05 |  1.04
        5256 |  0.96 |  0.96 |  1.04 |  0.97 |  1.04 |  1.05 |  1.04
        5256 |  0.96 |  0.96 |  1.04 |  0.97 |  1.04 |  1.05 |  1.04
        5256 |  0.96 |  0.96 |  1.04 |  0.97 |  1.04 |  1.05 |  1.04
        5256 |  0.96 |  0.96 |  1.04 |  0.97 |  1.04 |  1.05 |  1.04
        5256 |  0.96 |  0.96 |  1.04 |  0.97 |  1.04 |  1.05 |  1.04
        5256 |  0.96 |  0.96 |  1.04 |  0.97 |  1.04 |  1.05 |  1.04
        5256 |  0.96 |  0.96 |  1.04 |  0.97 |  1.04 |  1.05 |  1.04
        5256 |  0.96 |  0.96 |  1.04 |  0.97 |  1.04 |  1.05 |  1.04
        5256 |  0.96 |  0.96 |  1.04 |  0.97 |  1.04 |  1.05 |  1.04
        5257 |  0.90 |  0.96 |  1.11 |  1.06 |  0.87 |  0.98 |  1.11
        5257 |  0.90 |  0.96 |  1.11 |  1.06 |  0.87 |  0.98 |  1.11
        5257 |  0.90 |  0.96 |  1.11 |  1.06 |  0.87 |  0.98 |  1.11
        5257 |  0.90 |  0.96 |  1.11 |  1.06 |  0.87 |  0.98 |  1.11
        5257 |  0.90 |  0.96 |  1.11 |  1.06 |  0.87 |  0.98 |  1.11
        5257 |  0.90 |  0.96 |  1.11 |  1.06 |  0.87 |  0.98 |  1.11
        5257 |  0.90 |  0.96 |  1.11 |  1.06 |  0.87 |  0.98 |  1.11
        5257 |  0.90 |  0.96 |  1.11 |  1.06 |  0.87 |  0.98 |  1.11
        5257 |  0.90 |  0.96 |  1.11 |  1.06 |  0.87 |  0.98 |  1.11
        5257 |  0.90 |  0.96 |  1.11 |  1.06 |  0.87 |  0.98 |  1.11
        5257 |  0.90 |  0.96 |  1.11 |  1.06 |  0.87 |  0.98 |  1.11
        5257 |  0.90 |  0.96 |  1.11 |  1.06 |  0.87 |  0.98 |  1.11
        5257 |  0.90 |  0.96 |  1.11 |  1.06 |  0.87 |  0.98 |  1.11
        5257 |  0.90 |  0.96 |  1.11 |  1.06 |  0.87 |  0.98 |  1.11
        5257 |  0.90 |  0.96 |  1.11 |  1.06 |  0.87 |  0.98 |  1.11
        5257 |  0.90 |  0.96 |  1.11 |  1.06 |  0.87 |  0.98 |  1.11
        5257 |  0.90 |  0.96 |  1.11 |  1.06 |  0.87 |  0.98 |  1.11
        5257 |  0.90 |  0.96 |  1.11 |  1.06 |  0.87 |  0.98 |  1.11
        5257 |  0.90 |  0.96 |  1.11 |  1.06 |  0.87 |  0.98 |  1.11
        5257 |  0.90 |  0.96 |  1.11 |  1.06 |  0.87 |  0.98 |  1.11
        5257 |  0.90 |  0.96 |  1.11 |  1.06 |  0.87 |  0.98 |  1.11
        5257 |  0.90 |  0.96 |  1.11 |  1.06 |  0.87 |  0.98 |  1.11
        5257 |  0.90 |  0.96 |  1.11 |  1.06 |  0.87 |  0.98 |  1.11
        5257 |  0.90 |  0.96 |  1.11 |  1.06 |  0.87 |  0.98 |  1.11
        5257 |  0.90 |  0.96 |  1.11 |  1.06 |  0.87 |  0.98 |  1.11
        5257 |  0.90 |  0.96 |  1.11 |  1.06 |  0.87 |  0.98 |  1.11
        5257 |  0.90 |  0.96 |  1.11 |  1.06 |  0.87 |  0.98 |  1.11
        5257 |  0.90 |  0.96 |  1.11 |  1.06 |  0.87 |  0.98 |  1.11
        5257 |  0.90 |  0.96 |  1.11 |  1.06 |  0.87 |  0.98 |  1.11
        5257 |  0.90 |  0.96 |  1.11 |  1.06 |  0.87 |  0.98 |  1.11
        5257 |  0.90 |  0.96 |  1.11 |  1.06 |  0.87 |  0.98 |  1.11
        5257 |  0.90 |  0.96 |  1.11 |  1.06 |  0.87 |  0.98 |  1.11
        5257 |  0.90 |  0.96 |  1.11 |  1.06 |  0.87 |  0.98 |  1.11
        5257 |  0.90 |  0.96 |  1.11 |  1.06 |  0.87 |  0.98 |  1.11
        5257 |  0.90 |  0.96 |  1.11 |  1.06 |  0.87 |  0.98 |  1.11
        5257 |  0.90 |  0.96 |  1.11 |  1.06 |  0.87 |  0.98 |  1.11
        5257 |  0.90 |  0.96 |  1.11 |  1.06 |  0.87 |  0.98 |  1.11
        5257 |  0.90 |  0.96 |  1.11 |  1.06 |  0.87 |  0.98 |  1.11
        5257 |  0.90 |  0.96 |  1.11 |  1.06 |  0.87 |  0.98 |  1.11
        5257 |  0.90 |  0.96 |  1.11 |  1.06 |  0.87 |  0.98 |  1.11
        5257 |  0.90 |  0.96 |  1.11 |  1.06 |  0.87 |  0.98 |  1.11
        5257 |  0.90 |  0.96 |  1.11 |  1.06 |  0.87 |  0.98 |  1.11
        5257 |  0.90 |  0.96 |  1.11 |  1.06 |  0.87 |  0.98 |  1.11
        5257 |  0.90 |  0.96 |  1.11 |  1.06 |  0.87 |  0.98 |  1.11
        5257 |  0.90 |  0.96 |  1.11 |  1.06 |  0.87 |  0.98 |  1.11
        5257 |  0.90 |  0.96 |  1.11 |  1.06 |  0.87 |  0.98 |  1.11
        5257 |  0.90 |  0.96 |  1.11 |  1.06 |  0.87 |  0.98 |  1.11
        5257 |  0.90 |  0.96 |  1.11 |  1.06 |  0.87 |  0.98 |  1.11
        5257 |  0.90 |  0.96 |  1.11 |  1.06 |  0.87 |  0.98 |  1.11
        5258 |  0.92 |  0.90 |  1.07 |  1.12 |  1.05 |  0.93 |  0.99
        5258 |  0.92 |  0.90 |  1.07 |  1.12 |  1.05 |  0.93 |  0.99
        5258 |  0.92 |  0.90 |  1.07 |  1.12 |  1.05 |  0.93 |  0.99
        5258 |  0.92 |  0.90 |  1.07 |  1.12 |  1.05 |  0.93 |  0.99
        5258 |  0.92 |  0.90 |  1.07 |  1.12 |  1.05 |  0.93 |  0.99
        5258 |  0.92 |  0.90 |  1.07 |  1.12 |  1.05 |  0.93 |  0.99
        5258 |  0.92 |  0.90 |  1.07 |  1.12 |  1.05 |  0.93 |  0.99
        5258 |  0.92 |  0.90 |  1.07 |  1.12 |  1.05 |  0.93 |  0.99
        5258 |  0.92 |  0.90 |  1.07 |  1.12 |  1.05 |  0.93 |  0.99
        5258 |  0.92 |  0.90 |  1.07 |  1.12 |  1.05 |  0.93 |  0.99
        5258 |  0.92 |  0.90 |  1.07 |  1.12 |  1.05 |  0.93 |  0.99
        5258 |  0.92 |  0.90 |  1.07 |  1.12 |  1.05 |  0.93 |  0.99
        5258 |  0.92 |  0.90 |  1.07 |  1.12 |  1.05 |  0.93 |  0.99
        5258 |  0.92 |  0.90 |  1.07 |  1.12 |  1.05 |  0.93 |  0.99
        5258 |  0.92 |  0.90 |  1.07 |  1.12 |  1.05 |  0.93 |  0.99
        5258 |  0.92 |  0.90 |  1.07 |  1.12 |  1.05 |  0.93 |  0.99
        5258 |  0.92 |  0.90 |  1.07 |  1.12 |  1.05 |  0.93 |  0.99
        5258 |  0.92 |  0.90 |  1.07 |  1.12 |  1.05 |  0.93 |  0.99
        5258 |  0.92 |  0.90 |  1.07 |  1.12 |  1.05 |  0.93 |  0.99
        5258 |  0.92 |  0.90 |  1.07 |  1.12 |  1.05 |  0.93 |  0.99
        5258 |  0.92 |  0.90 |  1.07 |  1.12 |  1.05 |  0.93 |  0.99
        5258 |  0.92 |  0.90 |  1.07 |  1.12 |  1.05 |  0.93 |  0.99
        5258 |  0.92 |  0.90 |  1.07 |  1.12 |  1.05 |  0.93 |  0.99
        5258 |  0.92 |  0.90 |  1.07 |  1.12 |  1.05 |  0.93 |  0.99
        5258 |  0.92 |  0.90 |  1.07 |  1.12 |  1.05 |  0.93 |  0.99
        5258 |  0.92 |  0.90 |  1.07 |  1.12 |  1.05 |  0.93 |  0.99
        5258 |  0.92 |  0.90 |  1.07 |  1.12 |  1.05 |  0.93 |  0.99
        5258 |  0.92 |  0.90 |  1.07 |  1.12 |  1.05 |  0.93 |  0.99
        5258 |  0.92 |  0.90 |  1.07 |  1.12 |  1.05 |  0.93 |  0.99
        5258 |  0.92 |  0.90 |  1.07 |  1.12 |  1.05 |  0.93 |  0.99
        5258 |  0.92 |  0.90 |  1.07 |  1.12 |  1.05 |  0.93 |  0.99
        5258 |  0.92 |  0.90 |  1.07 |  1.12 |  1.05 |  0.93 |  0.99
        5258 |  0.92 |  0.90 |  1.07 |  1.12 |  1.05 |  0.93 |  0.99
        5258 |  0.92 |  0.90 |  1.07 |  1.12 |  1.05 |  0.93 |  0.99
        5258 |  0.92 |  0.90 |  1.07 |  1.12 |  1.05 |  0.93 |  0.99
        5258 |  0.92 |  0.90 |  1.07 |  1.12 |  1.05 |  0.93 |  0.99
        5258 |  0.92 |  0.90 |  1.07 |  1.12 |  1.05 |  0.93 |  0.99
        5258 |  0.92 |  0.90 |  1.07 |  1.12 |  1.05 |  0.93 |  0.99
        5258 |  0.92 |  0.90 |  1.07 |  1.12 |  1.05 |  0.93 |  0.99
        5258 |  0.92 |  0.90 |  1.07 |  1.12 |  1.05 |  0.93 |  0.99
        5258 |  0.92 |  0.90 |  1.07 |  1.12 |  1.05 |  0.93 |  0.99
        5258 |  0.92 |  0.90 |  1.07 |  1.12 |  1.05 |  0.93 |  0.99
        5258 |  0.92 |  0.90 |  1.07 |  1.12 |  1.05 |  0.93 |  0.99
        5258 |  0.92 |  0.90 |  1.07 |  1.12 |  1.05 |  0.93 |  0.99
        5258 |  0.92 |  0.90 |  1.07 |  1.12 |  1.05 |  0.93 |  0.99
        5258 |  0.92 |  0.90 |  1.07 |  1.12 |  1.05 |  0.93 |  0.99
        5258 |  0.92 |  0.90 |  1.07 |  1.12 |  1.05 |  0.93 |  0.99
        5258 |  0.92 |  0.90 |  1.07 |  1.12 |  1.05 |  0.93 |  0.99
        5258 |  0.92 |  0.90 |  1.07 |  1.12 |  1.05 |  0.93 |  0.99
        5259 |  0.96 |  0.94 |  1.10 |  0.88 |  1.07 |  1.09 |  0.90
        5259 |  0.96 |  0.94 |  1.10 |  0.88 |  1.07 |  1.09 |  0.90
        5259 |  0.96 |  0.94 |  1.10 |  0.88 |  1.07 |  1.09 |  0.90
        5259 |  0.96 |  0.94 |  1.10 |  0.88 |  1.07 |  1.09 |  0.90
        5259 |  0.96 |  0.94 |  1.10 |  0.88 |  1.07 |  1.09 |  0.90
        5259 |  0.96 |  0.94 |  1.10 |  0.88 |  1.07 |  1.09 |  0.90
        5259 |  0.96 |  0.94 |  1.10 |  0.88 |  1.07 |  1.09 |  0.90
        5259 |  0.96 |  0.94 |  1.10 |  0.88 |  1.07 |  1.09 |  0.90
        5259 |  0.96 |  0.94 |  1.10 |  0.88 |  1.07 |  1.09 |  0.90
        5259 |  0.96 |  0.94 |  1.10 |  0.88 |  1.07 |  1.09 |  0.90
        5259 |  0.96 |  0.94 |  1.10 |  0.88 |  1.07 |  1.09 |  0.90
        5259 |  0.96 |  0.94 |  1.10 |  0.88 |  1.07 |  1.09 |  0.90
        5259 |  0.96 |  0.94 |  1.10 |  0.88 |  1.07 |  1.09 |  0.90
        5259 |  0.96 |  0.94 |  1.10 |  0.88 |  1.07 |  1.09 |  0.90
        5259 |  0.96 |  0.94 |  1.10 |  0.88 |  1.07 |  1.09 |  0.90
        5259 |  0.96 |  0.94 |  1.10 |  0.88 |  1.07 |  1.09 |  0.90
        5259 |  0.96 |  0.94 |  1.10 |  0.88 |  1.07 |  1.09 |  0.90
        5259 |  0.96 |  0.94 |  1.10 |  0.88 |  1.07 |  1.09 |  0.90
        5259 |  0.96 |  0.94 |  1.10 |  0.88 |  1.07 |  1.09 |  0.90
        5259 |  0.96 |  0.94 |  1.10 |  0.88 |  1.07 |  1.09 |  0.90
        5259 |  0.96 |  0.94 |  1.10 |  0.88 |  1.07 |  1.09 |  0.90
        5259 |  0.96 |  0.94 |  1.10 |  0.88 |  1.07 |  1.09 |  0.90
        5259 |  0.96 |  0.94 |  1.10 |  0.88 |  1.07 |  1.09 |  0.90
        5259 |  0.96 |  0.94 |  1.10 |  0.88 |  1.07 |  1.09 |  0.90
        5259 |  0.96 |  0.94 |  1.10 |  0.88 |  1.07 |  1.09 |  0.90
        5259 |  0.96 |  0.94 |  1.10 |  0.88 |  1.07 |  1.09 |  0.90
        5259 |  0.96 |  0.94 |  1.10 |  0.88 |  1.07 |  1.09 |  0.90
        5259 |  0.96 |  0.94 |  1.10 |  0.88 |  1.07 |  1.09 |  0.90
        5259 |  0.96 |  0.94 |  1.10 |  0.88 |  1.07 |  1.09 |  0.90
        5259 |  0.96 |  0.94 |  1.10 |  0.88 |  1.07 |  1.09 |  0.90
        5259 |  0.96 |  0.94 |  1.10 |  0.88 |  1.07 |  1.09 |  0.90
        5259 |  0.96 |  0.94 |  1.10 |  0.88 |  1.07 |  1.09 |  0.90
        5259 |  0.96 |  0.94 |  1.10 |  0.88 |  1.07 |  1.09 |  0.90
        5259 |  0.96 |  0.94 |  1.10 |  0.88 |  1.07 |  1.09 |  0.90
        5259 |  0.96 |  0.94 |  1.10 |  0.88 |  1.07 |  1.09 |  0.90
        5259 |  0.96 |  0.94 |  1.10 |  0.88 |  1.07 |  1.09 |  0.90
        5259 |  0.96 |  0.94 |  1.10 |  0.88 |  1.07 |  1.09 |  0.90
        5259 |  0.96 |  0.94 |  1.10 |  0.88 |  1.07 |  1.09 |  0.90
        5259 |  0.96 |  0.94 |  1.10 |  0.88 |  1.07 |  1.09 |  0.90
        5259 |  0.96 |  0.94 |  1.10 |  0.88 |  1.07 |  1.09 |  0.90
        5259 |  0.96 |  0.94 |  1.10 |  0.88 |  1.07 |  1.09 |  0.90
        5259 |  0.96 |  0.94 |  1.10 |  0.88 |  1.07 |  1.09 |  0.90
        5259 |  0.96 |  0.94 |  1.10 |  0.88 |  1.07 |  1.09 |  0.90
        5259 |  0.96 |  0.94 |  1.10 |  0.88 |  1.07 |  1.09 |  0.90
        5259 |  0.96 |  0.94 |  1.10 |  0.88 |  1.07 |  1.09 |  0.90
        5259 |  0.96 |  0.94 |  1.10 |  0.88 |  1.07 |  1.09 |  0.90
        5259 |  0.96 |  0.94 |  1.10 |  0.88 |  1.07 |  1.09 |  0.90
        5259 |  0.96 |  0.94 |  1.10 |  0.88 |  1.07 |  1.09 |  0.90
        5259 |  0.96 |  0.94 |  1.10 |  0.88 |  1.07 |  1.09 |  0.90
        5260 |  1.17 |  1.07 |  0.96 |  1.34 |  0.88 |  0.79 |  1.02
        5260 |  1.17 |  1.07 |  0.96 |  1.34 |  0.88 |  0.79 |  1.02
        5260 |  1.17 |  1.07 |  0.96 |  1.34 |  0.88 |  0.79 |  1.02
        5260 |  1.17 |  1.07 |  0.96 |  1.34 |  0.88 |  0.79 |  1.02
        5260 |  1.17 |  1.07 |  0.96 |  1.34 |  0.88 |  0.79 |  1.02
        5260 |  1.17 |  1.07 |  0.96 |  1.34 |  0.88 |  0.79 |  1.02
        5260 |  1.17 |  1.07 |  0.96 |  1.34 |  0.88 |  0.79 |  1.02
        5260 |  1.17 |  1.07 |  0.96 |  1.34 |  0.88 |  0.79 |  1.02
        5260 |  1.17 |  1.07 |  0.96 |  1.34 |  0.88 |  0.79 |  1.02
        5260 |  1.17 |  1.07 |  0.96 |  1.34 |  0.88 |  0.79 |  1.02
        5260 |  1.17 |  1.07 |  0.96 |  1.34 |  0.88 |  0.79 |  1.02
        5260 |  1.17 |  1.07 |  0.96 |  1.34 |  0.88 |  0.79 |  1.02
        5260 |  1.17 |  1.07 |  0.96 |  1.34 |  0.88 |  0.79 |  1.02
        5260 |  1.17 |  1.07 |  0.96 |  1.34 |  0.88 |  0.79 |  1.02
        5260 |  1.17 |  1.07 |  0.96 |  1.34 |  0.88 |  0.79 |  1.02
        5260 |  1.17 |  1.07 |  0.96 |  1.34 |  0.88 |  0.79 |  1.02
        5260 |  1.17 |  1.07 |  0.96 |  1.34 |  0.88 |  0.79 |  1.02
        5260 |  1.17 |  1.07 |  0.96 |  1.34 |  0.88 |  0.79 |  1.02
        5260 |  1.17 |  1.07 |  0.96 |  1.34 |  0.88 |  0.79 |  1.02
        5260 |  1.17 |  1.07 |  0.96 |  1.34 |  0.88 |  0.79 |  1.02
        5260 |  1.17 |  1.07 |  0.96 |  1.34 |  0.88 |  0.79 |  1.02
        5260 |  1.17 |  1.07 |  0.96 |  1.34 |  0.88 |  0.79 |  1.02
        5260 |  1.17 |  1.07 |  0.96 |  1.34 |  0.88 |  0.79 |  1.02
        5260 |  1.17 |  1.07 |  0.96 |  1.34 |  0.88 |  0.79 |  1.02
        5260 |  1.17 |  1.07 |  0.96 |  1.34 |  0.88 |  0.79 |  1.02
        5260 |  1.17 |  1.07 |  0.96 |  1.34 |  0.88 |  0.79 |  1.02
        5260 |  1.17 |  1.07 |  0.96 |  1.34 |  0.88 |  0.79 |  1.02
        5260 |  1.17 |  1.07 |  0.96 |  1.34 |  0.88 |  0.79 |  1.02
        5260 |  1.17 |  1.07 |  0.96 |  1.34 |  0.88 |  0.79 |  1.02
        5260 |  1.17 |  1.07 |  0.96 |  1.34 |  0.88 |  0.79 |  1.02
        5260 |  1.17 |  1.07 |  0.96 |  1.34 |  0.88 |  0.79 |  1.02
        5260 |  1.17 |  1.07 |  0.96 |  1.34 |  0.88 |  0.79 |  1.02
        5260 |  1.17 |  1.07 |  0.96 |  1.34 |  0.88 |  0.79 |  1.02
        5260 |  1.17 |  1.07 |  0.96 |  1.34 |  0.88 |  0.79 |  1.02
        5260 |  1.17 |  1.07 |  0.96 |  1.34 |  0.88 |  0.79 |  1.02
        5260 |  1.17 |  1.07 |  0.96 |  1.34 |  0.88 |  0.79 |  1.02
        5260 |  1.17 |  1.07 |  0.96 |  1.34 |  0.88 |  0.79 |  1.02
        5260 |  1.17 |  1.07 |  0.96 |  1.34 |  0.88 |  0.79 |  1.02
        5260 |  1.17 |  1.07 |  0.96 |  1.34 |  0.88 |  0.79 |  1.02
        5260 |  1.17 |  1.07 |  0.96 |  1.34 |  0.88 |  0.79 |  1.02
        5260 |  1.17 |  1.07 |  0.96 |  1.34 |  0.88 |  0.79 |  1.02
        5260 |  1.17 |  1.07 |  0.96 |  1.34 |  0.88 |  0.79 |  1.02
        5260 |  1.17 |  1.07 |  0.96 |  1.34 |  0.88 |  0.79 |  1.02
        5260 |  1.17 |  1.07 |  0.96 |  1.34 |  0.88 |  0.79 |  1.02
        5260 |  1.17 |  1.07 |  0.96 |  1.34 |  0.88 |  0.79 |  1.02
        5260 |  1.17 |  1.07 |  0.96 |  1.34 |  0.88 |  0.79 |  1.02
        5260 |  1.17 |  1.07 |  0.96 |  1.34 |  0.88 |  0.79 |  1.02
        5260 |  1.17 |  1.07 |  0.96 |  1.34 |  0.88 |  0.79 |  1.02
        5260 |  1.17 |  1.07 |  0.96 |  1.34 |  0.88 |  0.79 |  1.02
        5261 |  0.65 |  0.74 |  1.04 |  1.04 |  1.15 |  0.83 |  0.68
        5261 |  0.65 |  0.74 |  1.04 |  1.04 |  1.15 |  0.83 |  0.68
        5261 |  0.65 |  0.74 |  1.04 |  1.04 |  1.15 |  0.83 |  0.68
        5261 |  0.65 |  0.74 |  1.04 |  1.04 |  1.15 |  0.83 |  0.68
        5261 |  0.65 |  0.74 |  1.04 |  1.04 |  1.15 |  0.83 |  0.68
        5261 |  0.65 |  0.74 |  1.04 |  1.04 |  1.15 |  0.83 |  0.68
        5261 |  0.65 |  0.74 |  1.04 |  1.04 |  1.15 |  0.83 |  0.68
        5261 |  0.65 |  0.74 |  1.04 |  1.04 |  1.15 |  0.83 |  0.68
        5261 |  0.65 |  0.74 |  1.04 |  1.04 |  1.15 |  0.83 |  0.68
        5261 |  0.65 |  0.74 |  1.04 |  1.04 |  1.15 |  0.83 |  0.68
        5261 |  0.65 |  0.74 |  1.04 |  1.04 |  1.15 |  0.83 |  0.68
        5261 |  0.65 |  0.74 |  1.04 |  1.04 |  1.15 |  0.83 |  0.68
        5261 |  0.65 |  0.74 |  1.04 |  1.04 |  1.15 |  0.83 |  0.68
        5261 |  0.65 |  0.74 |  1.04 |  1.04 |  1.15 |  0.83 |  0.68
        5261 |  0.65 |  0.74 |  1.04 |  1.04 |  1.15 |  0.83 |  0.68
        5261 |  0.65 |  0.74 |  1.04 |  1.04 |  1.15 |  0.83 |  0.68
        5261 |  0.65 |  0.74 |  1.04 |  1.04 |  1.15 |  0.83 |  0.68
        5261 |  0.65 |  0.74 |  1.04 |  1.04 |  1.15 |  0.83 |  0.68
        5261 |  0.65 |  0.74 |  1.04 |  1.04 |  1.15 |  0.83 |  0.68
        5261 |  0.65 |  0.74 |  1.04 |  1.04 |  1.15 |  0.83 |  0.68
        5261 |  0.65 |  0.74 |  1.04 |  1.04 |  1.15 |  0.83 |  0.68
        5261 |  0.65 |  0.74 |  1.04 |  1.04 |  1.15 |  0.83 |  0.68
        5261 |  0.65 |  0.74 |  1.04 |  1.04 |  1.15 |  0.83 |  0.68
        5261 |  0.65 |  0.74 |  1.04 |  1.04 |  1.15 |  0.83 |  0.68
        5261 |  0.65 |  0.74 |  1.04 |  1.04 |  1.15 |  0.83 |  0.68
        5261 |  0.65 |  0.74 |  1.04 |  1.04 |  1.15 |  0.83 |  0.68
        5261 |  0.65 |  0.74 |  1.04 |  1.04 |  1.15 |  0.83 |  0.68
        5261 |  0.65 |  0.74 |  1.04 |  1.04 |  1.15 |  0.83 |  0.68
        5261 |  0.65 |  0.74 |  1.04 |  1.04 |  1.15 |  0.83 |  0.68
        5261 |  0.65 |  0.74 |  1.04 |  1.04 |  1.15 |  0.83 |  0.68
        5261 |  0.65 |  0.74 |  1.04 |  1.04 |  1.15 |  0.83 |  0.68
        5261 |  0.65 |  0.74 |  1.04 |  1.04 |  1.15 |  0.83 |  0.68
        5261 |  0.65 |  0.74 |  1.04 |  1.04 |  1.15 |  0.83 |  0.68
        5261 |  0.65 |  0.74 |  1.04 |  1.04 |  1.15 |  0.83 |  0.68
        5261 |  0.65 |  0.74 |  1.04 |  1.04 |  1.15 |  0.83 |  0.68
        5261 |  0.65 |  0.74 |  1.04 |  1.04 |  1.15 |  0.83 |  0.68
        5261 |  0.65 |  0.74 |  1.04 |  1.04 |  1.15 |  0.83 |  0.68
        5261 |  0.65 |  0.74 |  1.04 |  1.04 |  1.15 |  0.83 |  0.68
        5261 |  0.65 |  0.74 |  1.04 |  1.04 |  1.15 |  0.83 |  0.68
        5261 |  0.65 |  0.74 |  1.04 |  1.04 |  1.15 |  0.83 |  0.68
        5261 |  0.65 |  0.74 |  1.04 |  1.04 |  1.15 |  0.83 |  0.68
        5261 |  0.65 |  0.74 |  1.04 |  1.04 |  1.15 |  0.83 |  0.68
        5261 |  0.65 |  0.74 |  1.04 |  1.04 |  1.15 |  0.83 |  0.68
        5261 |  0.65 |  0.74 |  1.04 |  1.04 |  1.15 |  0.83 |  0.68
        5261 |  0.65 |  0.74 |  1.04 |  1.04 |  1.15 |  0.83 |  0.68
        5261 |  0.65 |  0.74 |  1.04 |  1.04 |  1.15 |  0.83 |  0.68
        5261 |  0.65 |  0.74 |  1.04 |  1.04 |  1.15 |  0.83 |  0.68
        5261 |  0.65 |  0.74 |  1.04 |  1.04 |  1.15 |  0.83 |  0.68
        5261 |  0.65 |  0.74 |  1.04 |  1.04 |  1.15 |  0.83 |  0.68
        5262 |  1.01 |  1.12 |  0.55 |  0.97 |  0.99 |  1.01 |  0.91
        5262 |  1.01 |  1.12 |  0.55 |  0.97 |  0.99 |  1.01 |  0.91
        5262 |  1.01 |  1.12 |  0.55 |  0.97 |  0.99 |  1.01 |  0.91
        5262 |  1.01 |  1.12 |  0.55 |  0.97 |  0.99 |  1.01 |  0.91
        5262 |  1.01 |  1.12 |  0.55 |  0.97 |  0.99 |  1.01 |  0.91
        5262 |  1.01 |  1.12 |  0.55 |  0.97 |  0.99 |  1.01 |  0.91
        5262 |  1.01 |  1.12 |  0.55 |  0.97 |  0.99 |  1.01 |  0.91
        5262 |  1.01 |  1.12 |  0.55 |  0.97 |  0.99 |  1.01 |  0.91
        5262 |  1.01 |  1.12 |  0.55 |  0.97 |  0.99 |  1.01 |  0.91
        5262 |  1.01 |  1.12 |  0.55 |  0.97 |  0.99 |  1.01 |  0.91
        5262 |  1.01 |  1.12 |  0.55 |  0.97 |  0.99 |  1.01 |  0.91
        5262 |  1.01 |  1.12 |  0.55 |  0.97 |  0.99 |  1.01 |  0.91
        5262 |  1.01 |  1.12 |  0.55 |  0.97 |  0.99 |  1.01 |  0.91
        5262 |  1.01 |  1.12 |  0.55 |  0.97 |  0.99 |  1.01 |  0.91
        5262 |  1.01 |  1.12 |  0.55 |  0.97 |  0.99 |  1.01 |  0.91
        5262 |  1.01 |  1.12 |  0.55 |  0.97 |  0.99 |  1.01 |  0.91
        5262 |  1.01 |  1.12 |  0.55 |  0.97 |  0.99 |  1.01 |  0.91
        5262 |  1.01 |  1.12 |  0.55 |  0.97 |  0.99 |  1.01 |  0.91
        5262 |  1.01 |  1.12 |  0.55 |  0.97 |  0.99 |  1.01 |  0.91
        5262 |  1.01 |  1.12 |  0.55 |  0.97 |  0.99 |  1.01 |  0.91
        5262 |  1.01 |  1.12 |  0.55 |  0.97 |  0.99 |  1.01 |  0.91
        5262 |  1.01 |  1.12 |  0.55 |  0.97 |  0.99 |  1.01 |  0.91
        5262 |  1.01 |  1.12 |  0.55 |  0.97 |  0.99 |  1.01 |  0.91
        5262 |  1.01 |  1.12 |  0.55 |  0.97 |  0.99 |  1.01 |  0.91
        5262 |  1.01 |  1.12 |  0.55 |  0.97 |  0.99 |  1.01 |  0.91
        5262 |  1.01 |  1.12 |  0.55 |  0.97 |  0.99 |  1.01 |  0.91
        5262 |  1.01 |  1.12 |  0.55 |  0.97 |  0.99 |  1.01 |  0.91
        5262 |  1.01 |  1.12 |  0.55 |  0.97 |  0.99 |  1.01 |  0.91
        5262 |  1.01 |  1.12 |  0.55 |  0.97 |  0.99 |  1.01 |  0.91
        5262 |  1.01 |  1.12 |  0.55 |  0.97 |  0.99 |  1.01 |  0.91
        5262 |  1.01 |  1.12 |  0.55 |  0.97 |  0.99 |  1.01 |  0.91
        5262 |  1.01 |  1.12 |  0.55 |  0.97 |  0.99 |  1.01 |  0.91
        5262 |  1.01 |  1.12 |  0.55 |  0.97 |  0.99 |  1.01 |  0.91
        5262 |  1.01 |  1.12 |  0.55 |  0.97 |  0.99 |  1.01 |  0.91
        5262 |  1.01 |  1.12 |  0.55 |  0.97 |  0.99 |  1.01 |  0.91
        5262 |  1.01 |  1.12 |  0.55 |  0.97 |  0.99 |  1.01 |  0.91
        5262 |  1.01 |  1.12 |  0.55 |  0.97 |  0.99 |  1.01 |  0.91
        5262 |  1.01 |  1.12 |  0.55 |  0.97 |  0.99 |  1.01 |  0.91
        5262 |  1.01 |  1.12 |  0.55 |  0.97 |  0.99 |  1.01 |  0.91
        5262 |  1.01 |  1.12 |  0.55 |  0.97 |  0.99 |  1.01 |  0.91
        5262 |  1.01 |  1.12 |  0.55 |  0.97 |  0.99 |  1.01 |  0.91
        5262 |  1.01 |  1.12 |  0.55 |  0.97 |  0.99 |  1.01 |  0.91
        5262 |  1.01 |  1.12 |  0.55 |  0.97 |  0.99 |  1.01 |  0.91
        5262 |  1.01 |  1.12 |  0.55 |  0.97 |  0.99 |  1.01 |  0.91
        5262 |  1.01 |  1.12 |  0.55 |  0.97 |  0.99 |  1.01 |  0.91
        5262 |  1.01 |  1.12 |  0.55 |  0.97 |  0.99 |  1.01 |  0.91
        5262 |  1.01 |  1.12 |  0.55 |  0.97 |  0.99 |  1.01 |  0.91
        5262 |  1.01 |  1.12 |  0.55 |  0.97 |  0.99 |  1.01 |  0.91
        5262 |  1.01 |  1.12 |  0.55 |  0.97 |  0.99 |  1.01 |  0.91
        5263 |  1.06 |  0.98 |  1.08 |  0.98 |  1.00 |  0.94 |  0.86
        5263 |  1.06 |  0.98 |  1.08 |  0.98 |  1.00 |  0.94 |  0.86
        5263 |  1.06 |  0.98 |  1.08 |  0.98 |  1.00 |  0.94 |  0.86
        5263 |  1.06 |  0.98 |  1.08 |  0.98 |  1.00 |  0.94 |  0.86
        5263 |  1.06 |  0.98 |  1.08 |  0.98 |  1.00 |  0.94 |  0.86
        5263 |  1.06 |  0.98 |  1.08 |  0.98 |  1.00 |  0.94 |  0.86
        5263 |  1.06 |  0.98 |  1.08 |  0.98 |  1.00 |  0.94 |  0.86
        5263 |  1.06 |  0.98 |  1.08 |  0.98 |  1.00 |  0.94 |  0.86
        5263 |  1.06 |  0.98 |  1.08 |  0.98 |  1.00 |  0.94 |  0.86
        5263 |  1.06 |  0.98 |  1.08 |  0.98 |  1.00 |  0.94 |  0.86
        5263 |  1.06 |  0.98 |  1.08 |  0.98 |  1.00 |  0.94 |  0.86
        5263 |  1.06 |  0.98 |  1.08 |  0.98 |  1.00 |  0.94 |  0.86
        5263 |  1.06 |  0.98 |  1.08 |  0.98 |  1.00 |  0.94 |  0.86
        5263 |  1.06 |  0.98 |  1.08 |  0.98 |  1.00 |  0.94 |  0.86
        5263 |  1.06 |  0.98 |  1.08 |  0.98 |  1.00 |  0.94 |  0.86
        5263 |  1.06 |  0.98 |  1.08 |  0.98 |  1.00 |  0.94 |  0.86
        5263 |  1.06 |  0.98 |  1.08 |  0.98 |  1.00 |  0.94 |  0.86
        5263 |  1.06 |  0.98 |  1.08 |  0.98 |  1.00 |  0.94 |  0.86
        5263 |  1.06 |  0.98 |  1.08 |  0.98 |  1.00 |  0.94 |  0.86
        5263 |  1.06 |  0.98 |  1.08 |  0.98 |  1.00 |  0.94 |  0.86
        5263 |  1.06 |  0.98 |  1.08 |  0.98 |  1.00 |  0.94 |  0.86
        5263 |  1.06 |  0.98 |  1.08 |  0.98 |  1.00 |  0.94 |  0.86
        5263 |  1.06 |  0.98 |  1.08 |  0.98 |  1.00 |  0.94 |  0.86
        5263 |  1.06 |  0.98 |  1.08 |  0.98 |  1.00 |  0.94 |  0.86
        5263 |  1.06 |  0.98 |  1.08 |  0.98 |  1.00 |  0.94 |  0.86
        5263 |  1.06 |  0.98 |  1.08 |  0.98 |  1.00 |  0.94 |  0.86
        5263 |  1.06 |  0.98 |  1.08 |  0.98 |  1.00 |  0.94 |  0.86
        5263 |  1.06 |  0.98 |  1.08 |  0.98 |  1.00 |  0.94 |  0.86
        5263 |  1.06 |  0.98 |  1.08 |  0.98 |  1.00 |  0.94 |  0.86
        5263 |  1.06 |  0.98 |  1.08 |  0.98 |  1.00 |  0.94 |  0.86
        5263 |  1.06 |  0.98 |  1.08 |  0.98 |  1.00 |  0.94 |  0.86
        5263 |  1.06 |  0.98 |  1.08 |  0.98 |  1.00 |  0.94 |  0.86
        5263 |  1.06 |  0.98 |  1.08 |  0.98 |  1.00 |  0.94 |  0.86
        5263 |  1.06 |  0.98 |  1.08 |  0.98 |  1.00 |  0.94 |  0.86
        5263 |  1.06 |  0.98 |  1.08 |  0.98 |  1.00 |  0.94 |  0.86
        5263 |  1.06 |  0.98 |  1.08 |  0.98 |  1.00 |  0.94 |  0.86
        5263 |  1.06 |  0.98 |  1.08 |  0.98 |  1.00 |  0.94 |  0.86
        5263 |  1.06 |  0.98 |  1.08 |  0.98 |  1.00 |  0.94 |  0.86
        5263 |  1.06 |  0.98 |  1.08 |  0.98 |  1.00 |  0.94 |  0.86
        5263 |  1.06 |  0.98 |  1.08 |  0.98 |  1.00 |  0.94 |  0.86
        5263 |  1.06 |  0.98 |  1.08 |  0.98 |  1.00 |  0.94 |  0.86
        5263 |  1.06 |  0.98 |  1.08 |  0.98 |  1.00 |  0.94 |  0.86
        5263 |  1.06 |  0.98 |  1.08 |  0.98 |  1.00 |  0.94 |  0.86
        5263 |  1.06 |  0.98 |  1.08 |  0.98 |  1.00 |  0.94 |  0.86
        5263 |  1.06 |  0.98 |  1.08 |  0.98 |  1.00 |  0.94 |  0.86
        5263 |  1.06 |  0.98 |  1.08 |  0.98 |  1.00 |  0.94 |  0.86
        5263 |  1.06 |  0.98 |  1.08 |  0.98 |  1.00 |  0.94 |  0.86
        5263 |  1.06 |  0.98 |  1.08 |  0.98 |  1.00 |  0.94 |  0.86
        5263 |  1.06 |  0.98 |  1.08 |  0.98 |  1.00 |  0.94 |  0.86
        5264 |  0.89 |  0.86 |  1.03 |  0.98 |  0.88 |       | 69.38
        5264 |  0.89 |  0.86 |  1.03 |  0.98 |  0.88 |       | 69.38
        5264 |  0.89 |  0.86 |  1.03 |  0.98 |  0.88 |       | 69.38
        5264 |  0.89 |  0.86 |  1.03 |  0.98 |  0.88 |       | 69.38
        5264 |  0.89 |  0.86 |  1.03 |  0.98 |  0.88 |       | 69.38
        5264 |  0.89 |  0.86 |  1.03 |  0.98 |  0.88 |       | 69.38
        5264 |  0.89 |  0.86 |  1.03 |  0.98 |  0.88 |       | 69.38
        5264 |  0.89 |  0.86 |  1.03 |  0.98 |  0.88 |       | 69.38
        5264 |  0.89 |  0.86 |  1.03 |  0.98 |  0.88 |       | 69.38
        5264 |  0.89 |  0.86 |  1.03 |  0.98 |  0.88 |       | 69.38
        5264 |  0.89 |  0.86 |  1.03 |  0.98 |  0.88 |       | 69.38
        5264 |  0.89 |  0.86 |  1.03 |  0.98 |  0.88 |       | 69.38
        5264 |  0.89 |  0.86 |  1.03 |  0.98 |  0.88 |       | 69.38
        5264 |  0.89 |  0.86 |  1.03 |  0.98 |  0.88 |       | 69.38
        5264 |  0.89 |  0.86 |  1.03 |  0.98 |  0.88 |       | 69.38
        5264 |  0.89 |  0.86 |  1.03 |  0.98 |  0.88 |       | 69.38
        5264 |  0.89 |  0.86 |  1.03 |  0.98 |  0.88 |       | 69.38
        5264 |  0.89 |  0.86 |  1.03 |  0.98 |  0.88 |       | 69.38
        5264 |  0.89 |  0.86 |  1.03 |  0.98 |  0.88 |       | 69.38
        5264 |  0.89 |  0.86 |  1.03 |  0.98 |  0.88 |       | 69.38
        5264 |  0.89 |  0.86 |  1.03 |  0.98 |  0.88 |       | 69.38
        5264 |  0.89 |  0.86 |  1.03 |  0.98 |  0.88 |       | 69.38
        5264 |  0.89 |  0.86 |  1.03 |  0.98 |  0.88 |       | 69.38
        5264 |  0.89 |  0.86 |  1.03 |  0.98 |  0.88 |       | 69.38
        5264 |  0.89 |  0.86 |  1.03 |  0.98 |  0.88 |       | 69.38
        5264 |  0.89 |  0.86 |  1.03 |  0.98 |  0.88 |       | 69.38
        5264 |  0.89 |  0.86 |  1.03 |  0.98 |  0.88 |       | 69.38
        5264 |  0.89 |  0.86 |  1.03 |  0.98 |  0.88 |       | 69.38
        5264 |  0.89 |  0.86 |  1.03 |  0.98 |  0.88 |       | 69.38
        5264 |  0.89 |  0.86 |  1.03 |  0.98 |  0.88 |       | 69.38
        5264 |  0.89 |  0.86 |  1.03 |  0.98 |  0.88 |       | 69.38
        5264 |  0.89 |  0.86 |  1.03 |  0.98 |  0.88 |       | 69.38
        5264 |  0.89 |  0.86 |  1.03 |  0.98 |  0.88 |       | 69.38
        5264 |  0.89 |  0.86 |  1.03 |  0.98 |  0.88 |       | 69.38
        5264 |  0.89 |  0.86 |  1.03 |  0.98 |  0.88 |       | 69.38
        5264 |  0.89 |  0.86 |  1.03 |  0.98 |  0.88 |       | 69.38
        5264 |  0.89 |  0.86 |  1.03 |  0.98 |  0.88 |       | 69.38
        5264 |  0.89 |  0.86 |  1.03 |  0.98 |  0.88 |       | 69.38
        5264 |  0.89 |  0.86 |  1.03 |  0.98 |  0.88 |       | 69.38
        5264 |  0.89 |  0.86 |  1.03 |  0.98 |  0.88 |       | 69.38
        5264 |  0.89 |  0.86 |  1.03 |  0.98 |  0.88 |       | 69.38
        5264 |  0.89 |  0.86 |  1.03 |  0.98 |  0.88 |       | 69.38
        5264 |  0.89 |  0.86 |  1.03 |  0.98 |  0.88 |       | 69.38
        5264 |  0.89 |  0.86 |  1.03 |  0.98 |  0.88 |       | 69.38
        5264 |  0.89 |  0.86 |  1.03 |  0.98 |  0.88 |       | 69.38
        5264 |  0.89 |  0.86 |  1.03 |  0.98 |  0.88 |       | 69.38
        5264 |  0.89 |  0.86 |  1.03 |  0.98 |  0.88 |       | 69.38
        5264 |  0.89 |  0.86 |  1.03 |  0.98 |  0.88 |       | 69.38
        5264 |  0.89 |  0.86 |  1.03 |  0.98 |  0.88 |       | 69.38
        5265 |  1.12 |  1.09 |  0.89 |  1.06 |  1.00 |  0.92 |  1.00
        5265 |  1.12 |  1.09 |  0.89 |  1.06 |  1.00 |  0.92 |  1.00
        5265 |  1.12 |  1.09 |  0.89 |  1.06 |  1.00 |  0.92 |  1.00
        5265 |  1.12 |  1.09 |  0.89 |  1.06 |  1.00 |  0.92 |  1.00
        5265 |  1.12 |  1.09 |  0.89 |  1.06 |  1.00 |  0.92 |  1.00
        5265 |  1.12 |  1.09 |  0.89 |  1.06 |  1.00 |  0.92 |  1.00
        5265 |  1.12 |  1.09 |  0.89 |  1.06 |  1.00 |  0.92 |  1.00
        5265 |  1.12 |  1.09 |  0.89 |  1.06 |  1.00 |  0.92 |  1.00
        5265 |  1.12 |  1.09 |  0.89 |  1.06 |  1.00 |  0.92 |  1.00
        5265 |  1.12 |  1.09 |  0.89 |  1.06 |  1.00 |  0.92 |  1.00
        5265 |  1.12 |  1.09 |  0.89 |  1.06 |  1.00 |  0.92 |  1.00
        5265 |  1.12 |  1.09 |  0.89 |  1.06 |  1.00 |  0.92 |  1.00
        5265 |  1.12 |  1.09 |  0.89 |  1.06 |  1.00 |  0.92 |  1.00
        5265 |  1.12 |  1.09 |  0.89 |  1.06 |  1.00 |  0.92 |  1.00
        5265 |  1.12 |  1.09 |  0.89 |  1.06 |  1.00 |  0.92 |  1.00
        5265 |  1.12 |  1.09 |  0.89 |  1.06 |  1.00 |  0.92 |  1.00
        5265 |  1.12 |  1.09 |  0.89 |  1.06 |  1.00 |  0.92 |  1.00
        5265 |  1.12 |  1.09 |  0.89 |  1.06 |  1.00 |  0.92 |  1.00
        5265 |  1.12 |  1.09 |  0.89 |  1.06 |  1.00 |  0.92 |  1.00
        5265 |  1.12 |  1.09 |  0.89 |  1.06 |  1.00 |  0.92 |  1.00
        5265 |  1.12 |  1.09 |  0.89 |  1.06 |  1.00 |  0.92 |  1.00
        5265 |  1.12 |  1.09 |  0.89 |  1.06 |  1.00 |  0.92 |  1.00
        5265 |  1.12 |  1.09 |  0.89 |  1.06 |  1.00 |  0.92 |  1.00
        5265 |  1.12 |  1.09 |  0.89 |  1.06 |  1.00 |  0.92 |  1.00
        5265 |  1.12 |  1.09 |  0.89 |  1.06 |  1.00 |  0.92 |  1.00
        5265 |  1.12 |  1.09 |  0.89 |  1.06 |  1.00 |  0.92 |  1.00
        5265 |  1.12 |  1.09 |  0.89 |  1.06 |  1.00 |  0.92 |  1.00
        5265 |  1.12 |  1.09 |  0.89 |  1.06 |  1.00 |  0.92 |  1.00
        5265 |  1.12 |  1.09 |  0.89 |  1.06 |  1.00 |  0.92 |  1.00
        5265 |  1.12 |  1.09 |  0.89 |  1.06 |  1.00 |  0.92 |  1.00
        5265 |  1.12 |  1.09 |  0.89 |  1.06 |  1.00 |  0.92 |  1.00
        5265 |  1.12 |  1.09 |  0.89 |  1.06 |  1.00 |  0.92 |  1.00
        5265 |  1.12 |  1.09 |  0.89 |  1.06 |  1.00 |  0.92 |  1.00
        5265 |  1.12 |  1.09 |  0.89 |  1.06 |  1.00 |  0.92 |  1.00
        5265 |  1.12 |  1.09 |  0.89 |  1.06 |  1.00 |  0.92 |  1.00
        5265 |  1.12 |  1.09 |  0.89 |  1.06 |  1.00 |  0.92 |  1.00
        5265 |  1.12 |  1.09 |  0.89 |  1.06 |  1.00 |  0.92 |  1.00
        5265 |  1.12 |  1.09 |  0.89 |  1.06 |  1.00 |  0.92 |  1.00
        5265 |  1.12 |  1.09 |  0.89 |  1.06 |  1.00 |  0.92 |  1.00
        5265 |  1.12 |  1.09 |  0.89 |  1.06 |  1.00 |  0.92 |  1.00
        5265 |  1.12 |  1.09 |  0.89 |  1.06 |  1.00 |  0.92 |  1.00
        5265 |  1.12 |  1.09 |  0.89 |  1.06 |  1.00 |  0.92 |  1.00
        5265 |  1.12 |  1.09 |  0.89 |  1.06 |  1.00 |  0.92 |  1.00
        5265 |  1.12 |  1.09 |  0.89 |  1.06 |  1.00 |  0.92 |  1.00
        5265 |  1.12 |  1.09 |  0.89 |  1.06 |  1.00 |  0.92 |  1.00
        5265 |  1.12 |  1.09 |  0.89 |  1.06 |  1.00 |  0.92 |  1.00
        5265 |  1.12 |  1.09 |  0.89 |  1.06 |  1.00 |  0.92 |  1.00
        5265 |  1.12 |  1.09 |  0.89 |  1.06 |  1.00 |  0.92 |  1.00
        5265 |  1.12 |  1.09 |  0.89 |  1.06 |  1.00 |  0.92 |  1.00
        5266 |  1.08 |  1.08 |  1.07 |  1.00 |  1.11 |  0.99 |  1.06
        5266 |  1.08 |  1.08 |  1.07 |  1.00 |  1.11 |  0.99 |  1.06
        5266 |  1.08 |  1.08 |  1.07 |  1.00 |  1.11 |  0.99 |  1.06
        5266 |  1.08 |  1.08 |  1.07 |  1.00 |  1.11 |  0.99 |  1.06
        5266 |  1.08 |  1.08 |  1.07 |  1.00 |  1.11 |  0.99 |  1.06
        5266 |  1.08 |  1.08 |  1.07 |  1.00 |  1.11 |  0.99 |  1.06
        5266 |  1.08 |  1.08 |  1.07 |  1.00 |  1.11 |  0.99 |  1.06
        5266 |  1.08 |  1.08 |  1.07 |  1.00 |  1.11 |  0.99 |  1.06
        5266 |  1.08 |  1.08 |  1.07 |  1.00 |  1.11 |  0.99 |  1.06
        5266 |  1.08 |  1.08 |  1.07 |  1.00 |  1.11 |  0.99 |  1.06
        5266 |  1.08 |  1.08 |  1.07 |  1.00 |  1.11 |  0.99 |  1.06
        5266 |  1.08 |  1.08 |  1.07 |  1.00 |  1.11 |  0.99 |  1.06
        5266 |  1.08 |  1.08 |  1.07 |  1.00 |  1.11 |  0.99 |  1.06
        5266 |  1.08 |  1.08 |  1.07 |  1.00 |  1.11 |  0.99 |  1.06
        5266 |  1.08 |  1.08 |  1.07 |  1.00 |  1.11 |  0.99 |  1.06
        5266 |  1.08 |  1.08 |  1.07 |  1.00 |  1.11 |  0.99 |  1.06
        5266 |  1.08 |  1.08 |  1.07 |  1.00 |  1.11 |  0.99 |  1.06
        5266 |  1.08 |  1.08 |  1.07 |  1.00 |  1.11 |  0.99 |  1.06
        5266 |  1.08 |  1.08 |  1.07 |  1.00 |  1.11 |  0.99 |  1.06
        5266 |  1.08 |  1.08 |  1.07 |  1.00 |  1.11 |  0.99 |  1.06
        5266 |  1.08 |  1.08 |  1.07 |  1.00 |  1.11 |  0.99 |  1.06
        5266 |  1.08 |  1.08 |  1.07 |  1.00 |  1.11 |  0.99 |  1.06
        5266 |  1.08 |  1.08 |  1.07 |  1.00 |  1.11 |  0.99 |  1.06
        5266 |  1.08 |  1.08 |  1.07 |  1.00 |  1.11 |  0.99 |  1.06
        5266 |  1.08 |  1.08 |  1.07 |  1.00 |  1.11 |  0.99 |  1.06
        5266 |  1.08 |  1.08 |  1.07 |  1.00 |  1.11 |  0.99 |  1.06
        5266 |  1.08 |  1.08 |  1.07 |  1.00 |  1.11 |  0.99 |  1.06
        5266 |  1.08 |  1.08 |  1.07 |  1.00 |  1.11 |  0.99 |  1.06
        5266 |  1.08 |  1.08 |  1.07 |  1.00 |  1.11 |  0.99 |  1.06
        5266 |  1.08 |  1.08 |  1.07 |  1.00 |  1.11 |  0.99 |  1.06
        5266 |  1.08 |  1.08 |  1.07 |  1.00 |  1.11 |  0.99 |  1.06
        5266 |  1.08 |  1.08 |  1.07 |  1.00 |  1.11 |  0.99 |  1.06
        5266 |  1.08 |  1.08 |  1.07 |  1.00 |  1.11 |  0.99 |  1.06
        5266 |  1.08 |  1.08 |  1.07 |  1.00 |  1.11 |  0.99 |  1.06
        5266 |  1.08 |  1.08 |  1.07 |  1.00 |  1.11 |  0.99 |  1.06
        5266 |  1.08 |  1.08 |  1.07 |  1.00 |  1.11 |  0.99 |  1.06
        5266 |  1.08 |  1.08 |  1.07 |  1.00 |  1.11 |  0.99 |  1.06
        5266 |  1.08 |  1.08 |  1.07 |  1.00 |  1.11 |  0.99 |  1.06
        5266 |  1.08 |  1.08 |  1.07 |  1.00 |  1.11 |  0.99 |  1.06
        5266 |  1.08 |  1.08 |  1.07 |  1.00 |  1.11 |  0.99 |  1.06
        5266 |  1.08 |  1.08 |  1.07 |  1.00 |  1.11 |  0.99 |  1.06
        5266 |  1.08 |  1.08 |  1.07 |  1.00 |  1.11 |  0.99 |  1.06
        5266 |  1.08 |  1.08 |  1.07 |  1.00 |  1.11 |  0.99 |  1.06
        5266 |  1.08 |  1.08 |  1.07 |  1.00 |  1.11 |  0.99 |  1.06
        5266 |  1.08 |  1.08 |  1.07 |  1.00 |  1.11 |  0.99 |  1.06
        5266 |  1.08 |  1.08 |  1.07 |  1.00 |  1.11 |  0.99 |  1.06
        5266 |  1.08 |  1.08 |  1.07 |  1.00 |  1.11 |  0.99 |  1.06
        5266 |  1.08 |  1.08 |  1.07 |  1.00 |  1.11 |  0.99 |  1.06
        5266 |  1.08 |  1.08 |  1.07 |  1.00 |  1.11 |  0.99 |  1.06
        5267 |  0.90 |  0.97 |  1.01 |  1.05 |  1.02 |  0.93 |  1.07
        5267 |  0.90 |  0.97 |  1.01 |  1.05 |  1.02 |  0.93 |  1.07
        5267 |  0.90 |  0.97 |  1.01 |  1.05 |  1.02 |  0.93 |  1.07
        5267 |  0.90 |  0.97 |  1.01 |  1.05 |  1.02 |  0.93 |  1.07
        5267 |  0.90 |  0.97 |  1.01 |  1.05 |  1.02 |  0.93 |  1.07
        5267 |  0.90 |  0.97 |  1.01 |  1.05 |  1.02 |  0.93 |  1.07
        5267 |  0.90 |  0.97 |  1.01 |  1.05 |  1.02 |  0.93 |  1.07
        5267 |  0.90 |  0.97 |  1.01 |  1.05 |  1.02 |  0.93 |  1.07
        5267 |  0.90 |  0.97 |  1.01 |  1.05 |  1.02 |  0.93 |  1.07
        5267 |  0.90 |  0.97 |  1.01 |  1.05 |  1.02 |  0.93 |  1.07
        5267 |  0.90 |  0.97 |  1.01 |  1.05 |  1.02 |  0.93 |  1.07
        5267 |  0.90 |  0.97 |  1.01 |  1.05 |  1.02 |  0.93 |  1.07
        5267 |  0.90 |  0.97 |  1.01 |  1.05 |  1.02 |  0.93 |  1.07
        5267 |  0.90 |  0.97 |  1.01 |  1.05 |  1.02 |  0.93 |  1.07
        5267 |  0.90 |  0.97 |  1.01 |  1.05 |  1.02 |  0.93 |  1.07
        5267 |  0.90 |  0.97 |  1.01 |  1.05 |  1.02 |  0.93 |  1.07
        5267 |  0.90 |  0.97 |  1.01 |  1.05 |  1.02 |  0.93 |  1.07
        5267 |  0.90 |  0.97 |  1.01 |  1.05 |  1.02 |  0.93 |  1.07
        5267 |  0.90 |  0.97 |  1.01 |  1.05 |  1.02 |  0.93 |  1.07
        5267 |  0.90 |  0.97 |  1.01 |  1.05 |  1.02 |  0.93 |  1.07
        5267 |  0.90 |  0.97 |  1.01 |  1.05 |  1.02 |  0.93 |  1.07
        5267 |  0.90 |  0.97 |  1.01 |  1.05 |  1.02 |  0.93 |  1.07
        5267 |  0.90 |  0.97 |  1.01 |  1.05 |  1.02 |  0.93 |  1.07
        5267 |  0.90 |  0.97 |  1.01 |  1.05 |  1.02 |  0.93 |  1.07
        5267 |  0.90 |  0.97 |  1.01 |  1.05 |  1.02 |  0.93 |  1.07
        5267 |  0.90 |  0.97 |  1.01 |  1.05 |  1.02 |  0.93 |  1.07
        5267 |  0.90 |  0.97 |  1.01 |  1.05 |  1.02 |  0.93 |  1.07
        5267 |  0.90 |  0.97 |  1.01 |  1.05 |  1.02 |  0.93 |  1.07
        5267 |  0.90 |  0.97 |  1.01 |  1.05 |  1.02 |  0.93 |  1.07
        5267 |  0.90 |  0.97 |  1.01 |  1.05 |  1.02 |  0.93 |  1.07
        5267 |  0.90 |  0.97 |  1.01 |  1.05 |  1.02 |  0.93 |  1.07
        5267 |  0.90 |  0.97 |  1.01 |  1.05 |  1.02 |  0.93 |  1.07
        5267 |  0.90 |  0.97 |  1.01 |  1.05 |  1.02 |  0.93 |  1.07
        5267 |  0.90 |  0.97 |  1.01 |  1.05 |  1.02 |  0.93 |  1.07
        5267 |  0.90 |  0.97 |  1.01 |  1.05 |  1.02 |  0.93 |  1.07
        5267 |  0.90 |  0.97 |  1.01 |  1.05 |  1.02 |  0.93 |  1.07
        5267 |  0.90 |  0.97 |  1.01 |  1.05 |  1.02 |  0.93 |  1.07
        5267 |  0.90 |  0.97 |  1.01 |  1.05 |  1.02 |  0.93 |  1.07
        5267 |  0.90 |  0.97 |  1.01 |  1.05 |  1.02 |  0.93 |  1.07
        5267 |  0.90 |  0.97 |  1.01 |  1.05 |  1.02 |  0.93 |  1.07
        5267 |  0.90 |  0.97 |  1.01 |  1.05 |  1.02 |  0.93 |  1.07
        5267 |  0.90 |  0.97 |  1.01 |  1.05 |  1.02 |  0.93 |  1.07
        5267 |  0.90 |  0.97 |  1.01 |  1.05 |  1.02 |  0.93 |  1.07
        5267 |  0.90 |  0.97 |  1.01 |  1.05 |  1.02 |  0.93 |  1.07
        5267 |  0.90 |  0.97 |  1.01 |  1.05 |  1.02 |  0.93 |  1.07
        5267 |  0.90 |  0.97 |  1.01 |  1.05 |  1.02 |  0.93 |  1.07
        5267 |  0.90 |  0.97 |  1.01 |  1.05 |  1.02 |  0.93 |  1.07
        5267 |  0.90 |  0.97 |  1.01 |  1.05 |  1.02 |  0.93 |  1.07
        5267 |  0.90 |  0.97 |  1.01 |  1.05 |  1.02 |  0.93 |  1.07
        5268 |       |  0.93 |  0.94 |  0.99 |  0.97 |  1.06 |      
        5268 |       |  0.93 |  0.94 |  0.99 |  0.97 |  1.06 |      
        5268 |       |  0.93 |  0.94 |  0.99 |  0.97 |  1.06 |      
        5268 |       |  0.93 |  0.94 |  0.99 |  0.97 |  1.06 |      
        5268 |       |  0.93 |  0.94 |  0.99 |  0.97 |  1.06 |      
        5268 |       |  0.93 |  0.94 |  0.99 |  0.97 |  1.06 |      
        5268 |       |  0.93 |  0.94 |  0.99 |  0.97 |  1.06 |      
        5268 |       |  0.93 |  0.94 |  0.99 |  0.97 |  1.06 |      
        5268 |       |  0.93 |  0.94 |  0.99 |  0.97 |  1.06 |      
        5268 |       |  0.93 |  0.94 |  0.99 |  0.97 |  1.06 |      
        5268 |       |  0.93 |  0.94 |  0.99 |  0.97 |  1.06 |      
        5268 |       |  0.93 |  0.94 |  0.99 |  0.97 |  1.06 |      
        5268 |       |  0.93 |  0.94 |  0.99 |  0.97 |  1.06 |      
        5268 |       |  0.93 |  0.94 |  0.99 |  0.97 |  1.06 |      
        5268 |       |  0.93 |  0.94 |  0.99 |  0.97 |  1.06 |      
        5268 |       |  0.93 |  0.94 |  0.99 |  0.97 |  1.06 |      
        5268 |       |  0.93 |  0.94 |  0.99 |  0.97 |  1.06 |      
        5268 |       |  0.93 |  0.94 |  0.99 |  0.97 |  1.06 |      
        5268 |       |  0.93 |  0.94 |  0.99 |  0.97 |  1.06 |      
        5268 |       |  0.93 |  0.94 |  0.99 |  0.97 |  1.06 |      
        5268 |       |  0.93 |  0.94 |  0.99 |  0.97 |  1.06 |      
        5268 |       |  0.93 |  0.94 |  0.99 |  0.97 |  1.06 |      
        5268 |       |  0.93 |  0.94 |  0.99 |  0.97 |  1.06 |      
        5268 |       |  0.93 |  0.94 |  0.99 |  0.97 |  1.06 |      
        5268 |       |  0.93 |  0.94 |  0.99 |  0.97 |  1.06 |      
        5268 |       |  0.93 |  0.94 |  0.99 |  0.97 |  1.06 |      
        5268 |       |  0.93 |  0.94 |  0.99 |  0.97 |  1.06 |      
        5268 |       |  0.93 |  0.94 |  0.99 |  0.97 |  1.06 |      
        5268 |       |  0.93 |  0.94 |  0.99 |  0.97 |  1.06 |      
        5268 |       |  0.93 |  0.94 |  0.99 |  0.97 |  1.06 |      
        5268 |       |  0.93 |  0.94 |  0.99 |  0.97 |  1.06 |      
        5268 |       |  0.93 |  0.94 |  0.99 |  0.97 |  1.06 |      
        5268 |       |  0.93 |  0.94 |  0.99 |  0.97 |  1.06 |      
        5268 |       |  0.93 |  0.94 |  0.99 |  0.97 |  1.06 |      
        5268 |       |  0.93 |  0.94 |  0.99 |  0.97 |  1.06 |      
        5268 |       |  0.93 |  0.94 |  0.99 |  0.97 |  1.06 |      
        5268 |       |  0.93 |  0.94 |  0.99 |  0.97 |  1.06 |      
        5268 |       |  0.93 |  0.94 |  0.99 |  0.97 |  1.06 |      
        5268 |       |  0.93 |  0.94 |  0.99 |  0.97 |  1.06 |      
        5268 |       |  0.93 |  0.94 |  0.99 |  0.97 |  1.06 |      
        5268 |       |  0.93 |  0.94 |  0.99 |  0.97 |  1.06 |      
        5268 |       |  0.93 |  0.94 |  0.99 |  0.97 |  1.06 |      
        5268 |       |  0.93 |  0.94 |  0.99 |  0.97 |  1.06 |      
        5268 |       |  0.93 |  0.94 |  0.99 |  0.97 |  1.06 |      
        5268 |       |  0.93 |  0.94 |  0.99 |  0.97 |  1.06 |      
        5268 |       |  0.93 |  0.94 |  0.99 |  0.97 |  1.06 |      
        5268 |       |  0.93 |  0.94 |  0.99 |  0.97 |  1.06 |      
        5268 |       |  0.93 |  0.94 |  0.99 |  0.97 |  1.06 |      
        5268 |       |  0.93 |  0.94 |  0.99 |  0.97 |  1.06 |      
        5269 |  0.96 |  0.96 |  0.97 |  1.14 |  0.98 |  1.00 |  0.99
        5269 |  0.96 |  0.96 |  0.97 |  1.14 |  0.98 |  1.00 |  0.99
        5269 |  0.96 |  0.96 |  0.97 |  1.14 |  0.98 |  1.00 |  0.99
        5269 |  0.96 |  0.96 |  0.97 |  1.14 |  0.98 |  1.00 |  0.99
        5269 |  0.96 |  0.96 |  0.97 |  1.14 |  0.98 |  1.00 |  0.99
        5269 |  0.96 |  0.96 |  0.97 |  1.14 |  0.98 |  1.00 |  0.99
        5269 |  0.96 |  0.96 |  0.97 |  1.14 |  0.98 |  1.00 |  0.99
        5269 |  0.96 |  0.96 |  0.97 |  1.14 |  0.98 |  1.00 |  0.99
        5269 |  0.96 |  0.96 |  0.97 |  1.14 |  0.98 |  1.00 |  0.99
        5269 |  0.96 |  0.96 |  0.97 |  1.14 |  0.98 |  1.00 |  0.99
        5269 |  0.96 |  0.96 |  0.97 |  1.14 |  0.98 |  1.00 |  0.99
        5269 |  0.96 |  0.96 |  0.97 |  1.14 |  0.98 |  1.00 |  0.99
        5269 |  0.96 |  0.96 |  0.97 |  1.14 |  0.98 |  1.00 |  0.99
        5269 |  0.96 |  0.96 |  0.97 |  1.14 |  0.98 |  1.00 |  0.99
        5269 |  0.96 |  0.96 |  0.97 |  1.14 |  0.98 |  1.00 |  0.99
        5269 |  0.96 |  0.96 |  0.97 |  1.14 |  0.98 |  1.00 |  0.99
        5269 |  0.96 |  0.96 |  0.97 |  1.14 |  0.98 |  1.00 |  0.99
        5269 |  0.96 |  0.96 |  0.97 |  1.14 |  0.98 |  1.00 |  0.99
        5269 |  0.96 |  0.96 |  0.97 |  1.14 |  0.98 |  1.00 |  0.99
        5269 |  0.96 |  0.96 |  0.97 |  1.14 |  0.98 |  1.00 |  0.99
        5269 |  0.96 |  0.96 |  0.97 |  1.14 |  0.98 |  1.00 |  0.99
        5269 |  0.96 |  0.96 |  0.97 |  1.14 |  0.98 |  1.00 |  0.99
        5269 |  0.96 |  0.96 |  0.97 |  1.14 |  0.98 |  1.00 |  0.99
        5269 |  0.96 |  0.96 |  0.97 |  1.14 |  0.98 |  1.00 |  0.99
        5269 |  0.96 |  0.96 |  0.97 |  1.14 |  0.98 |  1.00 |  0.99
        5269 |  0.96 |  0.96 |  0.97 |  1.14 |  0.98 |  1.00 |  0.99
        5269 |  0.96 |  0.96 |  0.97 |  1.14 |  0.98 |  1.00 |  0.99
        5269 |  0.96 |  0.96 |  0.97 |  1.14 |  0.98 |  1.00 |  0.99
        5269 |  0.96 |  0.96 |  0.97 |  1.14 |  0.98 |  1.00 |  0.99
        5269 |  0.96 |  0.96 |  0.97 |  1.14 |  0.98 |  1.00 |  0.99
        5269 |  0.96 |  0.96 |  0.97 |  1.14 |  0.98 |  1.00 |  0.99
        5269 |  0.96 |  0.96 |  0.97 |  1.14 |  0.98 |  1.00 |  0.99
        5269 |  0.96 |  0.96 |  0.97 |  1.14 |  0.98 |  1.00 |  0.99
        5269 |  0.96 |  0.96 |  0.97 |  1.14 |  0.98 |  1.00 |  0.99
        5269 |  0.96 |  0.96 |  0.97 |  1.14 |  0.98 |  1.00 |  0.99
        5269 |  0.96 |  0.96 |  0.97 |  1.14 |  0.98 |  1.00 |  0.99
        5269 |  0.96 |  0.96 |  0.97 |  1.14 |  0.98 |  1.00 |  0.99
        5269 |  0.96 |  0.96 |  0.97 |  1.14 |  0.98 |  1.00 |  0.99
        5269 |  0.96 |  0.96 |  0.97 |  1.14 |  0.98 |  1.00 |  0.99
        5269 |  0.96 |  0.96 |  0.97 |  1.14 |  0.98 |  1.00 |  0.99
        5269 |  0.96 |  0.96 |  0.97 |  1.14 |  0.98 |  1.00 |  0.99
        5269 |  0.96 |  0.96 |  0.97 |  1.14 |  0.98 |  1.00 |  0.99
        5269 |  0.96 |  0.96 |  0.97 |  1.14 |  0.98 |  1.00 |  0.99
        5269 |  0.96 |  0.96 |  0.97 |  1.14 |  0.98 |  1.00 |  0.99
        5269 |  0.96 |  0.96 |  0.97 |  1.14 |  0.98 |  1.00 |  0.99
        5269 |  0.96 |  0.96 |  0.97 |  1.14 |  0.98 |  1.00 |  0.99
        5269 |  0.96 |  0.96 |  0.97 |  1.14 |  0.98 |  1.00 |  0.99
        5269 |  0.96 |  0.96 |  0.97 |  1.14 |  0.98 |  1.00 |  0.99
        5269 |  0.96 |  0.96 |  0.97 |  1.14 |  0.98 |  1.00 |  0.99
(2520 rows)

UPDATE time_statistics SET e_time = TRANSACTION_TIMESTAMP() WHERE template = '../query_postgresql/query2.tpl' AND stream = 8;
psql:/tmp/s1-basline/throughput/query_8.sql:957: NOTICE:  duration: 0.080 ms  plan:
Query Text: UPDATE time_statistics SET e_time = TRANSACTION_TIMESTAMP() WHERE template = '../query_postgresql/query2.tpl' AND stream = 8;
Update on time_statistics  (cost=0.00..12.41 rows=0 width=0) (actual time=0.079..0.079 rows=0 loops=1)
  ->  Seq Scan on time_statistics  (cost=0.00..12.41 rows=1 width=14) (actual time=0.063..0.063 rows=1 loops=1)
        Filter: ((template = '../query_postgresql/query2.tpl'::text) AND (stream = 8))
        Rows Removed by Filter: 433
UPDATE 1
LOAD 'auto_explain'; SET auto_explain.log_min_duration TO 0; SET auto_explain.log_analyze TO on; SET auto_explain.log_level TO notice; INSERT INTO time_statistics (template, s_time, stream, query, seed) VALUES ('../query_postgresql/query16.tpl', TRANSACTION_TIMESTAMP(), 8, 17, 709496853);
LOAD
SET
SET
SET
psql:/tmp/s1-basline/throughput/query_8.sql:958: NOTICE:  duration: 0.009 ms  plan:
Query Text: INSERT INTO time_statistics (template, s_time, stream, query, seed) VALUES ('../query_postgresql/query16.tpl', TRANSACTION_TIMESTAMP(), 8, 17, 709496853);
Insert on time_statistics  (cost=0.00..0.01 rows=0 width=0) (actual time=0.008..0.009 rows=0 loops=1)
  ->  Result  (cost=0.00..0.01 rows=1 width=64) (actual time=0.001..0.002 rows=1 loops=1)
INSERT 0 1
select  
   count(distinct cs_order_number) as "order count"
  ,sum(cs_ext_ship_cost) as "total shipping cost"
  ,sum(cs_net_profit) as "total net profit"
from
   catalog_sales cs1
  ,date_dim
  ,customer_address
  ,call_center
where
    d_date between '2000-2-01' and 
           (cast('2000-2-01' as date) + interval '60 days')
and cs1.cs_ship_date_sk = d_date_sk
and cs1.cs_ship_addr_sk = ca_address_sk
and ca_state = 'NY'
and cs1.cs_call_center_sk = cc_call_center_sk
and cc_county in ('Williamson County','Williamson County','Williamson County','Williamson County',
                  'Williamson County'
)
and exists (select *
            from catalog_sales cs2
            where cs1.cs_order_number = cs2.cs_order_number
              and cs1.cs_warehouse_sk <> cs2.cs_warehouse_sk)
and not exists(select *
               from catalog_returns cr1
               where cs1.cs_order_number = cr1.cr_order_number)
order by count(distinct cs_order_number)
limit 100;
psql:/tmp/s1-basline/throughput/query_8.sql:986: NOTICE:  duration: 715.946 ms  plan:
Query Text: select  
   count(distinct cs_order_number) as "order count"
  ,sum(cs_ext_ship_cost) as "total shipping cost"
  ,sum(cs_net_profit) as "total net profit"
from
   catalog_sales cs1
  ,date_dim
  ,customer_address
  ,call_center
where
    d_date between '2000-2-01' and 
           (cast('2000-2-01' as date) + interval '60 days')
and cs1.cs_ship_date_sk = d_date_sk
and cs1.cs_ship_addr_sk = ca_address_sk
and ca_state = 'NY'
and cs1.cs_call_center_sk = cc_call_center_sk
and cc_county in ('Williamson County','Williamson County','Williamson County','Williamson County',
                  'Williamson County'
)
and exists (select *
            from catalog_sales cs2
            where cs1.cs_order_number = cs2.cs_order_number
              and cs1.cs_warehouse_sk <> cs2.cs_warehouse_sk)
and not exists(select *
               from catalog_returns cr1
               where cs1.cs_order_number = cr1.cr_order_number)
order by count(distinct cs_order_number)
limit 100;
Limit  (cost=76362.62..76362.62 rows=1 width=24) (actual time=652.770..715.936 rows=1 loops=1)
  ->  Sort  (cost=76362.62..76362.62 rows=1 width=24) (actual time=652.769..715.934 rows=1 loops=1)
        Sort Key: (count(DISTINCT cs1.cs_order_number))
        Sort Method: quicksort  Memory: 25kB
        ->  Aggregate  (cost=76362.60..76362.61 rows=1 width=24) (actual time=652.764..715.929 rows=1 loops=1)
              ->  Nested Loop  (cost=4433.40..76362.58 rows=3 width=24) (actual time=106.700..715.842 rows=349 loops=1)
                    Join Filter: (cs1.cs_call_center_sk = call_center.cc_call_center_sk)
                    Rows Removed by Join Filter: 1745
                    ->  Seq Scan on call_center  (cost=0.00..1.10 rows=6 width=8) (actual time=0.004..0.010 rows=6 loops=1)
                          Filter: ((cc_county)::text = ANY ('{"Williamson County","Williamson County","Williamson County","Williamson County","Williamson County"}'::text[]))
                    ->  Materialize  (cost=4433.40..76361.22 rows=3 width=32) (actual time=15.386..119.275 rows=349 loops=6)
                          ->  Gather  (cost=4433.40..76361.20 rows=3 width=32) (actual time=92.310..715.472 rows=349 loops=1)
                                Workers Planned: 2
                                Workers Launched: 2
                                ->  Nested Loop Semi Join  (cost=3433.40..75360.90 rows=1 width=32) (actual time=93.759..646.747 rows=116 loops=3)
                                      ->  Nested Loop  (cost=3432.98..64523.92 rows=1 width=40) (actual time=85.638..189.035 rows=117 loops=3)
                                            ->  Parallel Hash Anti Join  (cost=3432.69..64505.57 rows=59 width=48) (actual time=68.711..177.127 rows=5660 loops=3)
                                                  Hash Cond: (cs1.cs_order_number = cr1.cr_order_number)
                                                  ->  Hash Join  (cost=5.41..61075.95 rows=484 width=48) (actual time=20.133..138.717 rows=16225 loops=3)
                                                        Hash Cond: (cs1.cs_ship_date_sk = date_dim.d_date_sk)
                                                        ->  Parallel Seq Scan on catalog_sales cs1  (cost=0.00..59490.16 rows=602016 width=56) (actual time=0.012..76.335 rows=473789 loops=3)
                                                        ->  Hash  (cost=4.67..4.67 rows=59 width=8) (actual time=0.074..0.075 rows=61 loops=3)
                                                              Buckets: 1024  Batches: 1  Memory Usage: 11kB
                                                              ->  Index Scan using i_d_date on date_dim  (cost=0.29..4.67 rows=59 width=8) (actual time=0.046..0.062 rows=61 loops=3)
                                                                    Index Cond: ((d_date >= '2000-02-01'::date) AND (d_date <= '2000-04-01 00:00:00'::timestamp without time zone))
                                                  ->  Parallel Hash  (cost=2361.29..2361.29 rows=85279 width=8) (actual time=33.969..33.970 rows=47785 loops=3)
                                                        Buckets: 262144  Batches: 1  Memory Usage: 7680kB
                                                        ->  Parallel Index Only Scan using pk_catalog_returns on catalog_returns cr1  (cost=0.42..2361.29 rows=85279 width=8) (actual time=0.048..20.508 rows=47785 loops=3)
                                                              Heap Fetches: 39571
                                            ->  Index Scan using pk_customer_address on customer_address  (cost=0.29..0.31 rows=1 width=8) (actual time=0.002..0.002 rows=0 loops=16981)
                                                  Index Cond: (ca_address_sk = cs1.cs_ship_addr_sk)
                                                  Filter: (ca_state = 'NY'::bpchar)
                                                  Rows Removed by Filter: 1
                                      ->  Index Scan using pk_catalog_sales on catalog_sales cs2  (cost=0.43..10836.97 rows=13 width=16) (actual time=3.922..3.922 rows=1 loops=350)
                                            Index Cond: (cs_order_number = cs1.cs_order_number)
                                            Filter: (cs1.cs_warehouse_sk <> cs_warehouse_sk)
                                            Rows Removed by Filter: 0
 order count | total shipping cost | total net profit  
-------------+---------------------+-------------------
         102 |   414025.8099999998 | 4415.749999999996
(1 row)

UPDATE time_statistics SET e_time = TRANSACTION_TIMESTAMP() WHERE template = '../query_postgresql/query16.tpl' AND stream = 8;
psql:/tmp/s1-basline/throughput/query_8.sql:988: NOTICE:  duration: 0.068 ms  plan:
Query Text: UPDATE time_statistics SET e_time = TRANSACTION_TIMESTAMP() WHERE template = '../query_postgresql/query16.tpl' AND stream = 8;
Update on time_statistics  (cost=0.00..12.41 rows=0 width=0) (actual time=0.067..0.067 rows=0 loops=1)
  ->  Seq Scan on time_statistics  (cost=0.00..12.41 rows=1 width=14) (actual time=0.053..0.053 rows=1 loops=1)
        Filter: ((template = '../query_postgresql/query16.tpl'::text) AND (stream = 8))
        Rows Removed by Filter: 435
UPDATE 1
LOAD 'auto_explain'; SET auto_explain.log_min_duration TO 0; SET auto_explain.log_analyze TO on; SET auto_explain.log_level TO notice; INSERT INTO time_statistics (template, s_time, stream, query, seed) VALUES ('query44.tpl', TRANSACTION_TIMESTAMP(), 8, 18, 1585180435);
LOAD
SET
SET
SET
psql:/tmp/s1-basline/throughput/query_8.sql:989: NOTICE:  duration: 0.009 ms  plan:
Query Text: INSERT INTO time_statistics (template, s_time, stream, query, seed) VALUES ('query44.tpl', TRANSACTION_TIMESTAMP(), 8, 18, 1585180435);
Insert on time_statistics  (cost=0.00..0.01 rows=0 width=0) (actual time=0.008..0.008 rows=0 loops=1)
  ->  Result  (cost=0.00..0.01 rows=1 width=64) (actual time=0.001..0.001 rows=1 loops=1)
INSERT 0 1
select  asceding.rnk, i1.i_product_name best_performing, i2.i_product_name worst_performing
from(select *
     from (select item_sk,rank() over (order by rank_col asc) rnk
           from (select ss_item_sk item_sk,avg(ss_net_profit) rank_col 
                 from store_sales ss1
                 where ss_store_sk = 2
                 group by ss_item_sk
                 having avg(ss_net_profit) > 0.9*(select avg(ss_net_profit) rank_col
                                                  from store_sales
                                                  where ss_store_sk = 2
                                                    and ss_customer_sk is null
                                                  group by ss_store_sk))V1)V11
     where rnk  < 11) asceding,
    (select *
     from (select item_sk,rank() over (order by rank_col desc) rnk
           from (select ss_item_sk item_sk,avg(ss_net_profit) rank_col
                 from store_sales ss1
                 where ss_store_sk = 2
                 group by ss_item_sk
                 having avg(ss_net_profit) > 0.9*(select avg(ss_net_profit) rank_col
                                                  from store_sales
                                                  where ss_store_sk = 2
                                                    and ss_customer_sk is null
                                                  group by ss_store_sk))V2)V21
     where rnk  < 11) descending,
item i1,
item i2
where asceding.rnk = descending.rnk 
  and i1.i_item_sk=asceding.item_sk
  and i2.i_item_sk=descending.item_sk
order by asceding.rnk
limit 100;
psql:/tmp/s1-basline/throughput/query_8.sql:1021: NOTICE:  duration: 959.692 ms  plan:
Query Text: select  asceding.rnk, i1.i_product_name best_performing, i2.i_product_name worst_performing
from(select *
     from (select item_sk,rank() over (order by rank_col asc) rnk
           from (select ss_item_sk item_sk,avg(ss_net_profit) rank_col 
                 from store_sales ss1
                 where ss_store_sk = 2
                 group by ss_item_sk
                 having avg(ss_net_profit) > 0.9*(select avg(ss_net_profit) rank_col
                                                  from store_sales
                                                  where ss_store_sk = 2
                                                    and ss_customer_sk is null
                                                  group by ss_store_sk))V1)V11
     where rnk  < 11) asceding,
    (select *
     from (select item_sk,rank() over (order by rank_col desc) rnk
           from (select ss_item_sk item_sk,avg(ss_net_profit) rank_col
                 from store_sales ss1
                 where ss_store_sk = 2
                 group by ss_item_sk
                 having avg(ss_net_profit) > 0.9*(select avg(ss_net_profit) rank_col
                                                  from store_sales
                                                  where ss_store_sk = 2
                                                    and ss_customer_sk is null
                                                  group by ss_store_sk))V2)V21
     where rnk  < 11) descending,
item i1,
item i2
where asceding.rnk = descending.rnk 
  and i1.i_item_sk=asceding.item_sk
  and i2.i_item_sk=descending.item_sk
order by asceding.rnk
limit 100;
Limit  (cost=379318.84..379320.36 rows=100 width=110) (actual time=889.430..959.679 rows=10 loops=1)
  ->  Merge Join  (cost=379318.84..381617.58 rows=151415 width=110) (actual time=889.429..959.677 rows=10 loops=1)
        Merge Cond: ((rank() OVER (?)) = (rank() OVER (?)))
        ->  Sort  (cost=189659.42..189673.18 rows=5503 width=59) (actual time=440.900..441.069 rows=10 loops=1)
              Sort Key: (rank() OVER (?))
              Sort Method: quicksort  Memory: 26kB
              ->  Nested Loop  (cost=186054.76..189317.52 rows=5503 width=59) (actual time=440.848..441.064 rows=10 loops=1)
                    ->  WindowAgg  (cost=186054.47..186150.78 rows=5503 width=24) (actual time=440.827..441.002 rows=10 loops=1)
                          Run Condition: (rank() OVER (?) < 11)
                          ->  Sort  (cost=186054.47..186068.23 rows=5503 width=16) (actual time=440.819..440.987 rows=12 loops=1)
                                Sort Key: v1.rank_col
                                Sort Method: quicksort  Memory: 598kB
                                ->  Subquery Scan on v1  (cost=181351.44..185712.57 rows=5503 width=16) (actual time=419.188..439.273 rows=7414 loops=1)
                                      ->  Finalize GroupAggregate  (cost=181351.44..185657.54 rows=5503 width=16) (actual time=419.188..438.748 rows=7414 loops=1)
                                            Group Key: ss1.ss_item_sk
                                            Filter: (avg(ss1.ss_net_profit) > ('0.9'::double precision * $1))
                                            Rows Removed by Filter: 10586
                                            InitPlan 1 (returns $1)
                                              ->  Finalize GroupAggregate  (cost=1000.00..89555.76 rows=6 width=16) (actual time=181.721..181.811 rows=1 loops=1)
                                                    Group Key: store_sales.ss_store_sk
                                                    ->  Gather  (cost=1000.00..89555.63 rows=12 width=40) (actual time=181.609..181.803 rows=3 loops=1)
                                                          Workers Planned: 2
                                                          Workers Launched: 2
                                                          ->  Partial GroupAggregate  (cost=0.00..88554.43 rows=6 width=40) (actual time=177.497..177.498 rows=1 loops=3)
                                                                Group Key: store_sales.ss_store_sk
                                                                ->  Parallel Seq Scan on store_sales  (cost=0.00..88510.56 rows=8762 width=16) (actual time=0.092..176.632 rows=3572 loops=3)
                                                                      Filter: ((ss_customer_sk IS NULL) AND (ss_store_sk = 2))
                                                                      Rows Removed by Filter: 944578
                                            ->  Gather Merge  (cost=91795.67..95647.81 rows=33016 width=40) (actual time=237.450..246.681 rows=53514 loops=1)
                                                  Workers Planned: 2
                                                  Workers Launched: 2
                                                  ->  Sort  (cost=90795.65..90836.92 rows=16508 width=40) (actual time=232.741..235.896 rows=17838 loops=3)
                                                        Sort Key: ss1.ss_item_sk
                                                        Sort Method: quicksort  Memory: 2453kB
                                                        Worker 0:  Sort Method: quicksort  Memory: 2435kB
                                                        Worker 1:  Sort Method: quicksort  Memory: 2434kB
                                                        ->  Partial HashAggregate  (cost=89474.11..89639.19 rows=16508 width=40) (actual time=225.416..228.520 rows=17838 loops=3)
                                                              Group Key: ss1.ss_item_sk
                                                              Batches: 1  Memory Usage: 3857kB
                                                              Worker 0:  Batches: 1  Memory Usage: 3857kB
                                                              Worker 1:  Batches: 1  Memory Usage: 3857kB
                                                              ->  Parallel Seq Scan on store_sales ss1  (cost=0.00..88510.56 rows=192711 width=16) (actual time=0.026..183.956 rows=150582 loops=3)
                                                                    Filter: (ss_store_sk = 2)
                                                                    Rows Removed by Filter: 797568
                    ->  Index Scan using pk_item on item i1  (cost=0.29..0.57 rows=1 width=59) (actual time=0.005..0.005 rows=1 loops=10)
                          Index Cond: (i_item_sk = v1.item_sk)
        ->  Sort  (cost=189659.42..189673.18 rows=5503 width=59) (actual time=448.525..518.600 rows=10 loops=1)
              Sort Key: (rank() OVER (?))
              Sort Method: quicksort  Memory: 26kB
              ->  Nested Loop  (cost=186054.76..189317.52 rows=5503 width=59) (actual time=448.465..518.591 rows=10 loops=1)
                    ->  WindowAgg  (cost=186054.47..186150.78 rows=5503 width=24) (actual time=448.446..518.527 rows=10 loops=1)
                          Run Condition: (rank() OVER (?) < 11)
                          ->  Sort  (cost=186054.47..186068.23 rows=5503 width=16) (actual time=448.439..518.513 rows=12 loops=1)
                                Sort Key: v2.rank_col DESC
                                Sort Method: quicksort  Memory: 598kB
                                ->  Subquery Scan on v2  (cost=181351.44..185712.57 rows=5503 width=16) (actual time=427.141..516.764 rows=7414 loops=1)
                                      ->  Finalize GroupAggregate  (cost=181351.44..185657.54 rows=5503 width=16) (actual time=427.140..516.232 rows=7414 loops=1)
                                            Group Key: ss1_1.ss_item_sk
                                            Filter: (avg(ss1_1.ss_net_profit) > ('0.9'::double precision * $3))
                                            Rows Removed by Filter: 10586
                                            InitPlan 2 (returns $3)
                                              ->  Finalize GroupAggregate  (cost=1000.00..89555.76 rows=6 width=16) (actual time=179.717..222.461 rows=1 loops=1)
                                                    Group Key: store_sales_1.ss_store_sk
                                                    ->  Gather  (cost=1000.00..89555.63 rows=12 width=40) (actual time=179.608..222.453 rows=3 loops=1)
                                                          Workers Planned: 2
                                                          Workers Launched: 2
                                                          ->  Partial GroupAggregate  (cost=0.00..88554.43 rows=6 width=40) (actual time=175.719..175.720 rows=1 loops=3)
                                                                Group Key: store_sales_1.ss_store_sk
                                                                ->  Parallel Seq Scan on store_sales store_sales_1  (cost=0.00..88510.56 rows=8762 width=16) (actual time=0.181..174.860 rows=3572 loops=3)
                                                                      Filter: ((ss_customer_sk IS NULL) AND (ss_store_sk = 2))
                                                                      Rows Removed by Filter: 944578
                                            ->  Gather Merge  (cost=91795.67..95647.81 rows=33016 width=40) (actual time=247.407..283.609 rows=53472 loops=1)
                                                  Workers Planned: 2
                                                  Workers Launched: 2
                                                  ->  Sort  (cost=90795.65..90836.92 rows=16508 width=40) (actual time=242.468..245.077 rows=17824 loops=3)
                                                        Sort Key: ss1_1.ss_item_sk
                                                        Sort Method: quicksort  Memory: 2454kB
                                                        Worker 0:  Sort Method: quicksort  Memory: 2432kB
                                                        Worker 1:  Sort Method: quicksort  Memory: 2432kB
                                                        ->  Partial HashAggregate  (cost=89474.11..89639.19 rows=16508 width=40) (actual time=234.305..237.969 rows=17824 loops=3)
                                                              Group Key: ss1_1.ss_item_sk
                                                              Batches: 1  Memory Usage: 3857kB
                                                              Worker 0:  Batches: 1  Memory Usage: 3857kB
                                                              Worker 1:  Batches: 1  Memory Usage: 3857kB
                                                              ->  Parallel Seq Scan on store_sales ss1_1  (cost=0.00..88510.56 rows=192711 width=16) (actual time=0.032..187.405 rows=150582 loops=3)
                                                                    Filter: (ss_store_sk = 2)
                                                                    Rows Removed by Filter: 797568
                    ->  Index Scan using pk_item on item i2  (cost=0.29..0.57 rows=1 width=59) (actual time=0.005..0.005 rows=1 loops=10)
                          Index Cond: (i_item_sk = v2.item_sk)
 rnk |                  best_performing                   |                  worst_performing                  
-----+----------------------------------------------------+----------------------------------------------------
   1 | priationantiationought                             | eingn stn stese                                   
   2 | callyablecallyoughtought                           | ableationeseoughtought                            
   3 | oughtoughtoughtcallyought                          | eseationationableought                            
   4 | priantipripri                                      | eseantiationationought                            
   5 | n stantiableanti                                   | barpripribarought                                 
   6 | callypriableantiought                              | callyn stpri                                      
   7 | ationn stanti                                      | callypriantiese                                   
   8 | n stationoughtableought                            | eingbarantieing                                   
   9 | oughteseeingpri                                    | ableoughtn stcally                                
  10 | pricallyoughtought                                 | eseanti                                           
(10 rows)

UPDATE time_statistics SET e_time = TRANSACTION_TIMESTAMP() WHERE template = 'query44.tpl' AND stream = 8;
psql:/tmp/s1-basline/throughput/query_8.sql:1023: NOTICE:  duration: 0.086 ms  plan:
Query Text: UPDATE time_statistics SET e_time = TRANSACTION_TIMESTAMP() WHERE template = 'query44.tpl' AND stream = 8;
Update on time_statistics  (cost=0.00..12.41 rows=0 width=0) (actual time=0.085..0.086 rows=0 loops=1)
  ->  Seq Scan on time_statistics  (cost=0.00..12.41 rows=1 width=14) (actual time=0.070..0.071 rows=1 loops=1)
        Filter: ((template = 'query44.tpl'::text) AND (stream = 8))
        Rows Removed by Filter: 438
UPDATE 1
LOAD 'auto_explain'; SET auto_explain.log_min_duration TO 0; SET auto_explain.log_analyze TO on; SET auto_explain.log_level TO notice; INSERT INTO time_statistics (template, s_time, stream, query, seed) VALUES ('../query_postgresql/query5.tpl', TRANSACTION_TIMESTAMP(), 8, 19, 489029499);
LOAD
SET
SET
SET
psql:/tmp/s1-basline/throughput/query_8.sql:1024: NOTICE:  duration: 0.009 ms  plan:
Query Text: INSERT INTO time_statistics (template, s_time, stream, query, seed) VALUES ('../query_postgresql/query5.tpl', TRANSACTION_TIMESTAMP(), 8, 19, 489029499);
Insert on time_statistics  (cost=0.00..0.01 rows=0 width=0) (actual time=0.008..0.009 rows=0 loops=1)
  ->  Result  (cost=0.00..0.01 rows=1 width=64) (actual time=0.002..0.002 rows=1 loops=1)
INSERT 0 1
with ssr as
 (select s_store_id,
        sum(sales_price) as sales,
        sum(profit) as profit,
        sum(return_amt) as returns,
        sum(net_loss) as profit_loss
 from
  ( select  ss_store_sk as store_sk,
            ss_sold_date_sk  as date_sk,
            ss_ext_sales_price as sales_price,
            ss_net_profit as profit,
            cast(0 as decimal(7,2)) as return_amt,
            cast(0 as decimal(7,2)) as net_loss
    from store_sales
    union all
    select sr_store_sk as store_sk,
           sr_returned_date_sk as date_sk,
           cast(0 as decimal(7,2)) as sales_price,
           cast(0 as decimal(7,2)) as profit,
           sr_return_amt as return_amt,
           sr_net_loss as net_loss
    from store_returns
   ) salesreturns,
     date_dim,
     store
 where date_sk = d_date_sk
       and d_date between cast('2001-08-04' as date) 
                  and (cast('2001-08-04' as date) + interval '14 days')
       and store_sk = s_store_sk
 group by s_store_id)
 ,
 csr as
 (select cp_catalog_page_id,
        sum(sales_price) as sales,
        sum(profit) as profit,
        sum(return_amt) as returns,
        sum(net_loss) as profit_loss
 from
  ( select  cs_catalog_page_sk as page_sk,
            cs_sold_date_sk  as date_sk,
            cs_ext_sales_price as sales_price,
            cs_net_profit as profit,
            cast(0 as decimal(7,2)) as return_amt,
            cast(0 as decimal(7,2)) as net_loss
    from catalog_sales
    union all
    select cr_catalog_page_sk as page_sk,
           cr_returned_date_sk as date_sk,
           cast(0 as decimal(7,2)) as sales_price,
           cast(0 as decimal(7,2)) as profit,
           cr_return_amount as return_amt,
           cr_net_loss as net_loss
    from catalog_returns
   ) salesreturns,
     date_dim,
     catalog_page
 where date_sk = d_date_sk
       and d_date between cast('2001-08-04' as date)
                  and (cast('2001-08-04' as date) + interval '14 days')
       and page_sk = cp_catalog_page_sk
 group by cp_catalog_page_id)
 ,
 wsr as
 (select web_site_id,
        sum(sales_price) as sales,
        sum(profit) as profit,
        sum(return_amt) as returns,
        sum(net_loss) as profit_loss
 from
  ( select  ws_web_site_sk as wsr_web_site_sk,
            ws_sold_date_sk  as date_sk,
            ws_ext_sales_price as sales_price,
            ws_net_profit as profit,
            cast(0 as decimal(7,2)) as return_amt,
            cast(0 as decimal(7,2)) as net_loss
    from web_sales
    union all
    select ws_web_site_sk as wsr_web_site_sk,
           wr_returned_date_sk as date_sk,
           cast(0 as decimal(7,2)) as sales_price,
           cast(0 as decimal(7,2)) as profit,
           wr_return_amt as return_amt,
           wr_net_loss as net_loss
    from web_returns left outer join web_sales on
         ( wr_item_sk = ws_item_sk
           and wr_order_number = ws_order_number)
   ) salesreturns,
     date_dim,
     web_site
 where date_sk = d_date_sk
       and d_date between cast('2001-08-04' as date)
                  and (cast('2001-08-04' as date) + interval '14 days')
       and wsr_web_site_sk = web_site_sk
 group by web_site_id)
  select  channel
        , id
        , sum(sales) as sales
        , sum(returns) as returns
        , sum(profit) as profit
 from 
 (select 'store channel' as channel
        , 'store' || s_store_id as id
        , sales
        , returns
        , (profit - profit_loss) as profit
 from   ssr
 union all
 select 'catalog channel' as channel
        , 'catalog_page' || cp_catalog_page_id as id
        , sales
        , returns
        , (profit - profit_loss) as profit
 from  csr
 union all
 select 'web channel' as channel
        , 'web_site' || web_site_id as id
        , sales
        , returns
        , (profit - profit_loss) as profit
 from   wsr
 ) x
 group by rollup (channel, id)
 order by channel
         ,id
 limit 100;
psql:/tmp/s1-basline/throughput/query_8.sql:1149: NOTICE:  duration: 2499.526 ms  plan:
Query Text: with ssr as
 (select s_store_id,
        sum(sales_price) as sales,
        sum(profit) as profit,
        sum(return_amt) as returns,
        sum(net_loss) as profit_loss
 from
  ( select  ss_store_sk as store_sk,
            ss_sold_date_sk  as date_sk,
            ss_ext_sales_price as sales_price,
            ss_net_profit as profit,
            cast(0 as decimal(7,2)) as return_amt,
            cast(0 as decimal(7,2)) as net_loss
    from store_sales
    union all
    select sr_store_sk as store_sk,
           sr_returned_date_sk as date_sk,
           cast(0 as decimal(7,2)) as sales_price,
           cast(0 as decimal(7,2)) as profit,
           sr_return_amt as return_amt,
           sr_net_loss as net_loss
    from store_returns
   ) salesreturns,
     date_dim,
     store
 where date_sk = d_date_sk
       and d_date between cast('2001-08-04' as date) 
                  and (cast('2001-08-04' as date) + interval '14 days')
       and store_sk = s_store_sk
 group by s_store_id)
 ,
 csr as
 (select cp_catalog_page_id,
        sum(sales_price) as sales,
        sum(profit) as profit,
        sum(return_amt) as returns,
        sum(net_loss) as profit_loss
 from
  ( select  cs_catalog_page_sk as page_sk,
            cs_sold_date_sk  as date_sk,
            cs_ext_sales_price as sales_price,
            cs_net_profit as profit,
            cast(0 as decimal(7,2)) as return_amt,
            cast(0 as decimal(7,2)) as net_loss
    from catalog_sales
    union all
    select cr_catalog_page_sk as page_sk,
           cr_returned_date_sk as date_sk,
           cast(0 as decimal(7,2)) as sales_price,
           cast(0 as decimal(7,2)) as profit,
           cr_return_amount as return_amt,
           cr_net_loss as net_loss
    from catalog_returns
   ) salesreturns,
     date_dim,
     catalog_page
 where date_sk = d_date_sk
       and d_date between cast('2001-08-04' as date)
                  and (cast('2001-08-04' as date) + interval '14 days')
       and page_sk = cp_catalog_page_sk
 group by cp_catalog_page_id)
 ,
 wsr as
 (select web_site_id,
        sum(sales_price) as sales,
        sum(profit) as profit,
        sum(return_amt) as returns,
        sum(net_loss) as profit_loss
 from
  ( select  ws_web_site_sk as wsr_web_site_sk,
            ws_sold_date_sk  as date_sk,
            ws_ext_sales_price as sales_price,
            ws_net_profit as profit,
            cast(0 as decimal(7,2)) as return_amt,
            cast(0 as decimal(7,2)) as net_loss
    from web_sales
    union all
    select ws_web_site_sk as wsr_web_site_sk,
           wr_returned_date_sk as date_sk,
           cast(0 as decimal(7,2)) as sales_price,
           cast(0 as decimal(7,2)) as profit,
           wr_return_amt as return_amt,
           wr_net_loss as net_loss
    from web_returns left outer join web_sales on
         ( wr_item_sk = ws_item_sk
           and wr_order_number = ws_order_number)
   ) salesreturns,
     date_dim,
     web_site
 where date_sk = d_date_sk
       and d_date between cast('2001-08-04' as date)
                  and (cast('2001-08-04' as date) + interval '14 days')
       and wsr_web_site_sk = web_site_sk
 group by web_site_id)
  select  channel
        , id
        , sum(sales) as sales
        , sum(returns) as returns
        , sum(profit) as profit
 from 
 (select 'store channel' as channel
        , 'store' || s_store_id as id
        , sales
        , returns
        , (profit - profit_loss) as profit
 from   ssr
 union all
 select 'catalog channel' as channel
        , 'catalog_page' || cp_catalog_page_id as id
        , sales
        , returns
        , (profit - profit_loss) as profit
 from  csr
 union all
 select 'web channel' as channel
        , 'web_site' || web_site_id as id
        , sales
        , returns
        , (profit - profit_loss) as profit
 from   wsr
 ) x
 group by rollup (channel, id)
 order by channel
         ,id
 limit 100;
Limit  (cost=224879.92..224891.40 rows=100 width=88) (actual time=2393.402..2499.456 rows=100 loops=1)
  ->  GroupAggregate  (cost=224879.92..224925.97 rows=401 width=88) (actual time=2393.402..2499.448 rows=100 loops=1)
        Group Key: ('store channel'::text), (('store'::text || (ssr.s_store_id)::text))
        Group Key: ('store channel'::text)
        Group Key: ()
        ->  Gather Merge  (cost=224879.92..224917.88 rows=326 width=88) (actual time=2393.393..2499.394 rows=101 loops=1)
              Workers Planned: 2
              Workers Launched: 2
              ->  Sort  (cost=223879.90..223880.23 rows=135 width=88) (actual time=1504.668..1504.688 rows=230 loops=3)
                    Sort Key: ('store channel'::text), (('store'::text || (ssr.s_store_id)::text))
                    Sort Method: quicksort  Memory: 26kB
                    Worker 0:  Sort Method: quicksort  Memory: 106kB
                    Worker 1:  Sort Method: quicksort  Memory: 25kB
                    ->  Parallel Append  (cost=3.08..223875.12 rows=135 width=88) (actual time=1489.917..1504.474 rows=257 loops=3)
                          ->  Subquery Scan on ssr  (cost=3.08..215637.52 rows=6 width=88) (actual time=2346.846..2385.138 rows=6 loops=1)
                                ->  GroupAggregate  (cost=3.08..215637.41 rows=6 width=49) (actual time=2346.842..2385.132 rows=6 loops=1)
                                      Group Key: store.s_store_id
                                      ->  Nested Loop  (cost=3.08..215636.89 rows=37 width=49) (actual time=10.615..2381.456 rows=30187 loops=1)
                                            Join Filter: ("*SELECT* 1".store_sk = store.s_store_sk)
                                            Rows Removed by Join Filter: 340457
                                            ->  Index Scan using i_s_store_id on store  (cost=0.14..3.62 rows=12 width=25) (actual time=0.067..0.074 rows=12 loops=1)
                                            ->  Materialize  (cost=2.95..215525.18 rows=609 width=40) (actual time=0.030..196.264 rows=30887 loops=12)
                                                  ->  Hash Join  (cost=2.95..215522.13 rows=609 width=40) (actual time=0.352..2333.340 rows=30887 loops=1)
                                                        Hash Cond: ("*SELECT* 1".date_sk = date_dim.d_date_sk)
                                                        ->  Append  (cost=0.00..175381.80 rows=3179160 width=48) (actual time=0.040..2133.520 rows=3129470 loops=1)
                                                              ->  Subquery Scan on "*SELECT* 1"  (cost=0.00..145721.67 rows=2890667 width=48) (actual time=0.040..1800.136 rows=2844450 loops=1)
                                                                    ->  Seq Scan on store_sales  (cost=0.00..102361.67 rows=2890667 width=60) (actual time=0.033..987.726 rows=2844450 loops=1)
                                                              ->  Subquery Scan on "*SELECT* 2"  (cost=0.00..13764.33 rows=288493 width=48) (actual time=0.035..145.694 rows=285020 loops=1)
                                                                    ->  Seq Scan on store_returns  (cost=0.00..9436.93 rows=288493 width=60) (actual time=0.034..64.626 rows=285020 loops=1)
                                                        ->  Hash  (cost=2.77..2.77 rows=14 width=8) (actual time=0.102..0.103 rows=15 loops=1)
                                                              Buckets: 1024  Batches: 1  Memory Usage: 9kB
                                                              ->  Index Scan using i_d_date on date_dim  (cost=0.29..2.77 rows=14 width=8) (actual time=0.091..0.094 rows=15 loops=1)
                                                                    Index Cond: ((d_date >= '2001-08-04'::date) AND (d_date <= '2001-08-18 00:00:00'::timestamp without time zone))
                          ->  Subquery Scan on csr  (cost=125682.92..125695.88 rows=305 width=88) (actual time=1259.601..1263.358 rows=749 loops=1)
                                ->  GroupAggregate  (cost=125682.92..125690.55 rows=305 width=49) (actual time=1259.598..1263.145 rows=749 loops=1)
                                      Group Key: catalog_page.cp_catalog_page_id
                                      ->  Sort  (cost=125682.92..125683.68 rows=305 width=49) (actual time=1259.588..1260.308 rows=15992 loops=1)
                                            Sort Key: catalog_page.cp_catalog_page_id
                                            Worker 0:  Sort Method: quicksort  Memory: 1883kB
                                            ->  Nested Loop  (cost=3.23..125670.34 rows=305 width=49) (actual time=763.792..1232.259 rows=15992 loops=1)
                                                  ->  Hash Join  (cost=2.95..125578.01 rows=305 width=40) (actual time=714.831..1211.240 rows=16057 loops=1)
                                                        Hash Cond: ("*SELECT* 1_1".date_sk = date_dim_1.d_date_sk)
                                                        ->  Append  (cost=0.00..105503.42 rows=1589814 width=48) (actual time=0.041..1111.190 rows=1564722 loops=1)
                                                              ->  Subquery Scan on "*SELECT* 1_1"  (cost=0.00..89590.98 rows=1444839 width=48) (actual time=0.041..935.699 rows=1421368 loops=1)
                                                                    ->  Seq Scan on catalog_sales  (cost=0.00..67918.39 rows=1444839 width=60) (actual time=0.034..523.816 rows=1421368 loops=1)
                                                              ->  Subquery Scan on "*SELECT* 2_1"  (cost=0.00..7963.38 rows=144975 width=48) (actual time=0.041..81.612 rows=143354 loops=1)
                                                                    ->  Seq Scan on catalog_returns  (cost=0.00..5788.75 rows=144975 width=60) (actual time=0.040..39.692 rows=143354 loops=1)
                                                        ->  Hash  (cost=2.77..2.77 rows=14 width=8) (actual time=0.094..0.094 rows=15 loops=1)
                                                              Buckets: 1024  Batches: 1  Memory Usage: 9kB
                                                              ->  Index Scan using i_d_date on date_dim date_dim_1  (cost=0.29..2.77 rows=14 width=8) (actual time=0.086..0.089 rows=15 loops=1)
                                                                    Index Cond: ((d_date >= '2001-08-04'::date) AND (d_date <= '2001-08-18 00:00:00'::timestamp without time zone))
                                                  ->  Index Scan using pk_catalog_page on catalog_page  (cost=0.29..0.30 rows=1 width=25) (actual time=0.001..0.001 rows=1 loops=16057)
                                                        Index Cond: (cp_catalog_page_sk = "*SELECT* 1_1".page_sk)
                          ->  Subquery Scan on wsr  (cost=98177.80..98178.56 rows=15 width=88) (actual time=863.301..864.854 rows=15 loops=1)
                                ->  GroupAggregate  (cost=98177.80..98178.30 rows=15 width=49) (actual time=863.298..864.846 rows=15 loops=1)
                                      Group Key: web_site.web_site_id
                                      ->  Sort  (cost=98177.80..98177.86 rows=23 width=49) (actual time=863.179..863.525 rows=8111 loops=1)
                                            Sort Key: web_site.web_site_id
                                            Sort Method: quicksort  Memory: 953kB
                                            ->  Nested Loop  (cost=2.95..98177.28 rows=23 width=49) (actual time=0.083..858.321 rows=8111 loops=1)
                                                  Join Filter: ("*SELECT* 1_2".wsr_web_site_sk = web_site.web_site_sk)
                                                  Rows Removed by Join Filter: 113059
                                                  ->  Hash Join  (cost=2.95..98106.93 rows=152 width=40) (actual time=0.075..845.662 rows=8139 loops=1)
                                                        Hash Cond: ("*SELECT* 1_2".date_sk = date_dim_2.d_date_sk)
                                                        ->  Append  (cost=0.00..88070.66 rows=794709 width=48) (actual time=0.007..794.266 rows=782961 loops=1)
                                                              ->  Subquery Scan on "*SELECT* 1_2"  (cost=0.00..44824.80 rows=722552 width=48) (actual time=0.007..459.582 rows=711555 loops=1)
                                                                    ->  Seq Scan on web_sales  (cost=0.00..33986.52 rows=722552 width=60) (actual time=0.005..255.854 rows=711555 loops=1)
                                                              ->  Subquery Scan on "*SELECT* 2_2"  (cost=0.43..39272.31 rows=72157 width=48) (actual time=0.044..287.951 rows=71406 loops=1)
                                                                    ->  Nested Loop Left Join  (cost=0.43..38189.96 rows=72157 width=60) (actual time=0.043..262.664 rows=71406 loops=1)
                                                                          ->  Seq Scan on web_returns  (cost=0.00..2622.57 rows=72157 width=40) (actual time=0.018..8.137 rows=71406 loops=1)
                                                                          ->  Memoize  (cost=0.43..0.91 rows=1 width=24) (actual time=0.003..0.003 rows=1 loops=71406)
                                                                                Cache Key: web_returns.wr_item_sk, web_returns.wr_order_number
                                                                                Cache Mode: logical
                                                                                Hits: 0  Misses: 71406  Evictions: 0  Overflows: 0  Memory Usage: 9423kB
                                                                                ->  Index Scan using pk_web_sales on web_sales web_sales_1  (cost=0.42..0.90 rows=1 width=24) (actual time=0.002..0.002 rows=1 loops=71406)
                                                                                      Index Cond: ((ws_item_sk = web_returns.wr_item_sk) AND (ws_order_number = web_returns.wr_order_number))
                                                        ->  Hash  (cost=2.77..2.77 rows=14 width=8) (actual time=0.016..0.017 rows=15 loops=1)
                                                              Buckets: 1024  Batches: 1  Memory Usage: 9kB
                                                              ->  Index Scan using i_d_date on date_dim date_dim_2  (cost=0.29..2.77 rows=14 width=8) (actual time=0.010..0.014 rows=15 loops=1)
                                                                    Index Cond: ((d_date >= '2001-08-04'::date) AND (d_date <= '2001-08-18 00:00:00'::timestamp without time zone))
                                                  ->  Materialize  (cost=0.00..2.45 rows=30 width=25) (actual time=0.000..0.001 rows=15 loops=8139)
                                                        ->  Seq Scan on web_site  (cost=0.00..2.30 rows=30 width=25) (actual time=0.004..0.010 rows=30 loops=1)
     channel     |              id              |       sales        |      returns       |       profit        
-----------------+------------------------------+--------------------+--------------------+---------------------
 catalog channel | catalog_pageAAAAAAAAAAHBAAAA |                  0 |            9498.71 |             -1863.1
 catalog channel | catalog_pageAAAAAAAAAAIBAAAA |           85225.45 |                  0 |  6842.2699999999995
 catalog channel | catalog_pageAAAAAAAAAAJBAAAA |                  0 |               11.1 |             -421.54
 catalog channel | catalog_pageAAAAAAAAAAKBAAAA |  44920.62999999999 |                  0 | -13767.009999999998
 catalog channel | catalog_pageAAAAAAAAABEBAAAA |                  0 |             485.28 |             -543.56
 catalog channel | catalog_pageAAAAAAAAABHBAAAA |                  0 |               3725 | -2445.9799999999996
 catalog channel | catalog_pageAAAAAAAAABJBAAAA |                  0 |            1228.15 |             -840.88
 catalog channel | catalog_pageAAAAAAAAABKBAAAA | 105254.76999999999 |                  0 |   8498.520000000004
 catalog channel | catalog_pageAAAAAAAAACHBAAAA |                  0 |  5111.620000000001 |            -1603.49
 catalog channel | catalog_pageAAAAAAAAACKBAAAA |  76904.76999999999 |                  0 |  -2571.209999999999
 catalog channel | catalog_pageAAAAAAAAADEBAAAA |                  0 |             483.91 |             -311.74
 catalog channel | catalog_pageAAAAAAAAADHBAAAA |                  0 | 3431.7099999999996 | -2652.5600000000004
 catalog channel | catalog_pageAAAAAAAAAEHBAAAA |          172570.06 |                  0 | -54304.840000000004
 catalog channel | catalog_pageAAAAAAAAAEIBAAAA |                  0 |                  0 |             -678.01
 catalog channel | catalog_pageAAAAAAAAAFHBAAAA |          198203.36 |             547.82 | -31439.709999999995
 catalog channel | catalog_pageAAAAAAAAAFIBAAAA |                  0 |            1550.61 |             -820.02
 catalog channel | catalog_pageAAAAAAAAAGHBAAAA |          190979.11 |                  0 | -31807.539999999997
 catalog channel | catalog_pageAAAAAAAAAGJBAAAA |           33911.14 |                  0 |   7971.699999999999
 catalog channel | catalog_pageAAAAAAAAAHHBAAAA | 249270.45999999996 |             268.25 |  -7447.790000000001
 catalog channel | catalog_pageAAAAAAAAAHJBAAAA |              410.4 |                  0 |            -1754.76
 catalog channel | catalog_pageAAAAAAAAAIABAAAA |                  0 |                468 |             -176.98
 catalog channel | catalog_pageAAAAAAAAAIHBAAAA | 192445.49000000002 |               18.6 |           -14985.57
 catalog channel | catalog_pageAAAAAAAAAIJBAAAA | 1173.1299999999999 |                  0 |              672.61
 catalog channel | catalog_pageAAAAAAAAAJHBAAAA | 212756.38000000003 | 1213.5300000000002 |  -58288.00999999998
 catalog channel | catalog_pageAAAAAAAAAJJBAAAA |            9532.18 |                  0 |            -1670.59
 catalog channel | catalog_pageAAAAAAAAAKHBAAAA | 175033.80000000002 |           10670.67 |  -30388.02999999999
 catalog channel | catalog_pageAAAAAAAAAKJBAAAA |           10375.45 |            1130.32 |   680.3199999999998
 catalog channel | catalog_pageAAAAAAAAAKPAAAAA |                  0 |             587.66 |             -919.86
 catalog channel | catalog_pageAAAAAAAAALABAAAA |                  0 |               1239 |             -837.89
 catalog channel | catalog_pageAAAAAAAAALHBAAAA |           70594.25 |             473.82 |  -2243.880000000004
 catalog channel | catalog_pageAAAAAAAAALJBAAAA |            7547.86 |                  0 |             1950.45
 catalog channel | catalog_pageAAAAAAAAALPAAAAA |                  0 |              48.51 |             -399.05
 catalog channel | catalog_pageAAAAAAAAAMABAAAA |                  0 |            1027.86 |             -496.28
 catalog channel | catalog_pageAAAAAAAAAMHBAAAA |  74563.85999999999 |                  0 |  -3333.059999999995
 catalog channel | catalog_pageAAAAAAAAAMJBAAAA |  61934.33999999999 |                  0 |   3387.659999999998
 catalog channel | catalog_pageAAAAAAAAANGBAAAA |                  0 |            1927.06 |            -1130.31
 catalog channel | catalog_pageAAAAAAAAANHBAAAA |  68052.80000000002 |                  0 |  2256.0600000000013
 catalog channel | catalog_pageAAAAAAAAANJBAAAA |  79776.82999999999 |                  0 |             2631.34
 catalog channel | catalog_pageAAAAAAAAAODBAAAA |                  0 |            2444.36 |            -3014.89
 catalog channel | catalog_pageAAAAAAAAAOGBAAAA |                  0 |             2838.5 |            -1621.73
 catalog channel | catalog_pageAAAAAAAAAOHBAAAA | 116537.64000000003 |                  0 |             8311.83
 catalog channel | catalog_pageAAAAAAAAAOJBAAAA |  43422.05999999999 |                  0 | -20256.400000000005
 catalog channel | catalog_pageAAAAAAAAAPDBAAAA |                  0 |            7292.16 |            -2700.53
 catalog channel | catalog_pageAAAAAAAAAPGBAAAA |                  0 |  5958.349999999999 | -2258.9300000000003
 catalog channel | catalog_pageAAAAAAAAAPHBAAAA |          102169.39 |                  0 | -1057.7699999999998
 catalog channel | catalog_pageAAAAAAAAAPIBAAAA |                  0 |              499.6 |             -173.98
 catalog channel | catalog_pageAAAAAAAAAPJBAAAA |  80211.95999999999 |                  0 | -13809.349999999999
 catalog channel | catalog_pageAAAAAAAAAPPAAAAA |                  0 |             593.22 | -2646.6800000000003
 catalog channel | catalog_pageAAAAAAAABAABAAAA |                  0 |               94.7 |             -227.41
 catalog channel | catalog_pageAAAAAAAABAHBAAAA |                  0 |            1808.67 |            -1030.07
 catalog channel | catalog_pageAAAAAAAABAIBAAAA |           93308.83 |                  0 | -11622.099999999999
 catalog channel | catalog_pageAAAAAAAABAKBAAAA |  97468.93000000001 |                  0 | -12262.369999999999
 catalog channel | catalog_pageAAAAAAAABBEBAAAA |                  0 |            2385.34 |            -1991.87
 catalog channel | catalog_pageAAAAAAAABBHBAAAA |                  0 |             2064.3 | -2140.6499999999996
 catalog channel | catalog_pageAAAAAAAABBKBAAAA |           70182.51 |                  0 |           -13811.23
 catalog channel | catalog_pageAAAAAAAABCHBAAAA |                  0 |            5283.45 |            -1981.98
 catalog channel | catalog_pageAAAAAAAABCIBAAAA |                  0 |            7955.52 |             -3720.2
 catalog channel | catalog_pageAAAAAAAABCKBAAAA |          100439.39 |                  0 |   2317.580000000001
 catalog channel | catalog_pageAAAAAAAABDHBAAAA |                  0 | 2281.1499999999996 |              -555.3
 catalog channel | catalog_pageAAAAAAAABDJBAAAA |                  0 |             753.95 |            -3827.56
 catalog channel | catalog_pageAAAAAAAABEHBAAAA | 191224.47999999995 |            2064.32 |  -9362.189999999997
 catalog channel | catalog_pageAAAAAAAABFHBAAAA |          196528.68 |            2660.32 | -20550.790000000008
 catalog channel | catalog_pageAAAAAAAABFJBAAAA |            2856.44 |                  0 |             -1137.1
 catalog channel | catalog_pageAAAAAAAABGHBAAAA | 183164.73000000004 |             310.14 | -3977.4399999999964
 catalog channel | catalog_pageAAAAAAAABGJBAAAA |  9420.769999999999 |                  0 |            -4867.04
 catalog channel | catalog_pageAAAAAAAABHHBAAAA | 176179.69000000006 |                  0 | -56696.190000000024
 catalog channel | catalog_pageAAAAAAAABHJBAAAA |           12529.26 |                  0 |             1770.36
 catalog channel | catalog_pageAAAAAAAABIHBAAAA |          140744.47 |                  0 |  -37483.02000000002
 catalog channel | catalog_pageAAAAAAAABIJBAAAA |           26892.52 |                  0 |   7240.740000000001
 catalog channel | catalog_pageAAAAAAAABJHBAAAA | 219935.69999999998 |            6789.74 |  -16814.57999999999
 catalog channel | catalog_pageAAAAAAAABJIBAAAA |                  0 |             149.52 |             -382.82
 catalog channel | catalog_pageAAAAAAAABJJBAAAA | 1568.3500000000001 |                  0 | -2451.1200000000003
 catalog channel | catalog_pageAAAAAAAABKHBAAAA |  86578.97999999998 |            2115.54 | -3461.3099999999995
 catalog channel | catalog_pageAAAAAAAABKJBAAAA |            33780.5 |                  0 | -3661.4400000000005
 catalog channel | catalog_pageAAAAAAAABKPAAAAA |                  0 |            1724.46 |             -569.98
 catalog channel | catalog_pageAAAAAAAABLABAAAA |                  0 |  824.4399999999999 |              -291.6
 catalog channel | catalog_pageAAAAAAAABLHBAAAA | 100904.95000000001 |                  0 |   54.24000000000069
 catalog channel | catalog_pageAAAAAAAABLJBAAAA |             6408.7 |                  0 |            -1195.72
 catalog channel | catalog_pageAAAAAAAABMHBAAAA |           66581.11 |                  0 | -26982.719999999994
 catalog channel | catalog_pageAAAAAAAABMIBAAAA |                  0 |             1000.8 |             -563.34
 catalog channel | catalog_pageAAAAAAAABMJBAAAA |           77183.65 |                  0 |  -3941.839999999999
 catalog channel | catalog_pageAAAAAAAABMPAAAAA |                  0 |              218.3 |               -75.8
 catalog channel | catalog_pageAAAAAAAABNDBAAAA |                  0 |               1536 |             -4198.9
 catalog channel | catalog_pageAAAAAAAABNGBAAAA |                  0 |            2994.81 |              -945.1
 catalog channel | catalog_pageAAAAAAAABNHBAAAA |  92726.54000000001 |                  0 |            11389.38
 catalog channel | catalog_pageAAAAAAAABNJBAAAA |  62040.21000000001 |                  0 | -18290.109999999997
 catalog channel | catalog_pageAAAAAAAABNPAAAAA |                  0 | 8125.3099999999995 | -3826.2799999999997
 catalog channel | catalog_pageAAAAAAAABOGBAAAA |                  0 |             1234.3 |            -1194.34
 catalog channel | catalog_pageAAAAAAAABOHBAAAA |          129750.15 |            1249.38 |   9123.279999999999
 catalog channel | catalog_pageAAAAAAAABOJBAAAA |  55231.14000000001 |                  0 |  -34873.02000000001
 catalog channel | catalog_pageAAAAAAAABOPAAAAA |                  0 |              55.76 |             -106.98
 catalog channel | catalog_pageAAAAAAAABPGBAAAA |                  0 |             1594.5 |             -240.59
 catalog channel | catalog_pageAAAAAAAABPHBAAAA |           87068.81 |                  0 |           -23166.42
 catalog channel | catalog_pageAAAAAAAABPJBAAAA |  84916.45000000003 |                  0 |  -5097.280000000003
 catalog channel | catalog_pageAAAAAAAACAHBAAAA |                  0 |            2528.25 |            -1623.53
 catalog channel | catalog_pageAAAAAAAACAIBAAAA |           94359.24 |            7479.13 |  3391.1200000000003
 catalog channel | catalog_pageAAAAAAAACAKBAAAA |  60667.90000000001 |                  0 |  -9989.910000000002
 catalog channel | catalog_pageAAAAAAAACBHBAAAA |                  0 |  522.6899999999999 | -1169.1100000000001
 catalog channel | catalog_pageAAAAAAAACBKBAAAA |  76701.87000000001 |                  0 |  -6313.339999999998
 catalog channel | catalog_pageAAAAAAAACCHBAAAA |                  0 | 2120.7599999999998 |              -758.7
(100 rows)

UPDATE time_statistics SET e_time = TRANSACTION_TIMESTAMP() WHERE template = '../query_postgresql/query5.tpl' AND stream = 8;
psql:/tmp/s1-basline/throughput/query_8.sql:1151: NOTICE:  duration: 0.068 ms  plan:
Query Text: UPDATE time_statistics SET e_time = TRANSACTION_TIMESTAMP() WHERE template = '../query_postgresql/query5.tpl' AND stream = 8;
Update on time_statistics  (cost=0.00..12.41 rows=0 width=0) (actual time=0.067..0.067 rows=0 loops=1)
  ->  Seq Scan on time_statistics  (cost=0.00..12.41 rows=1 width=14) (actual time=0.053..0.054 rows=1 loops=1)
        Filter: ((template = '../query_postgresql/query5.tpl'::text) AND (stream = 8))
        Rows Removed by Filter: 441
UPDATE 1
LOAD 'auto_explain'; SET auto_explain.log_min_duration TO 0; SET auto_explain.log_analyze TO on; SET auto_explain.log_level TO notice; INSERT INTO time_statistics (template, s_time, stream, query, seed) VALUES ('query73.tpl', TRANSACTION_TIMESTAMP(), 8, 20, 495657074);
LOAD
SET
SET
SET
psql:/tmp/s1-basline/throughput/query_8.sql:1152: NOTICE:  duration: 0.009 ms  plan:
Query Text: INSERT INTO time_statistics (template, s_time, stream, query, seed) VALUES ('query73.tpl', TRANSACTION_TIMESTAMP(), 8, 20, 495657074);
Insert on time_statistics  (cost=0.00..0.01 rows=0 width=0) (actual time=0.008..0.008 rows=0 loops=1)
  ->  Result  (cost=0.00..0.01 rows=1 width=64) (actual time=0.001..0.002 rows=1 loops=1)
INSERT 0 1
select c_last_name
       ,c_first_name
       ,c_salutation
       ,c_preferred_cust_flag 
       ,ss_ticket_number
       ,cnt from
   (select ss_ticket_number
          ,ss_customer_sk
          ,count(*) cnt
    from store_sales,date_dim,store,household_demographics
    where store_sales.ss_sold_date_sk = date_dim.d_date_sk
    and store_sales.ss_store_sk = store.s_store_sk  
    and store_sales.ss_hdemo_sk = household_demographics.hd_demo_sk
    and date_dim.d_dom between 1 and 2 
    and (household_demographics.hd_buy_potential = '501-1000' or
         household_demographics.hd_buy_potential = '5001-10000')
    and household_demographics.hd_vehicle_count > 0
    and case when household_demographics.hd_vehicle_count > 0 then 
             household_demographics.hd_dep_count/ household_demographics.hd_vehicle_count else null end > 1
    and date_dim.d_year in (1999,1999+1,1999+2)
    and store.s_county in ('Williamson County','Williamson County','Williamson County','Williamson County')
    group by ss_ticket_number,ss_customer_sk) dj,customer
    where ss_customer_sk = c_customer_sk
      and cnt between 1 and 5
    order by cnt desc, c_last_name asc;
psql:/tmp/s1-basline/throughput/query_8.sql:1177: NOTICE:  duration: 196.507 ms  plan:
Query Text: select c_last_name
       ,c_first_name
       ,c_salutation
       ,c_preferred_cust_flag 
       ,ss_ticket_number
       ,cnt from
   (select ss_ticket_number
          ,ss_customer_sk
          ,count(*) cnt
    from store_sales,date_dim,store,household_demographics
    where store_sales.ss_sold_date_sk = date_dim.d_date_sk
    and store_sales.ss_store_sk = store.s_store_sk  
    and store_sales.ss_hdemo_sk = household_demographics.hd_demo_sk
    and date_dim.d_dom between 1 and 2 
    and (household_demographics.hd_buy_potential = '501-1000' or
         household_demographics.hd_buy_potential = '5001-10000')
    and household_demographics.hd_vehicle_count > 0
    and case when household_demographics.hd_vehicle_count > 0 then 
             household_demographics.hd_dep_count/ household_demographics.hd_vehicle_count else null end > 1
    and date_dim.d_year in (1999,1999+1,1999+2)
    and store.s_county in ('Williamson County','Williamson County','Williamson County','Williamson County')
    group by ss_ticket_number,ss_customer_sk) dj,customer
    where ss_customer_sk = c_customer_sk
      and cnt between 1 and 5
    order by cnt desc, c_last_name asc;
Sort  (cost=75766.99..75767.04 rows=19 width=81) (actual time=196.494..196.496 rows=3 loops=1)
  Sort Key: (count(*)) DESC, customer.c_last_name
  Sort Method: quicksort  Memory: 25kB
  ->  Nested Loop  (cost=75714.80..75766.59 rows=19 width=81) (actual time=195.606..196.486 rows=3 loops=1)
        ->  GroupAggregate  (cost=75714.51..75718.71 rows=19 width=24) (actual time=194.955..196.449 rows=65 loops=1)
              Group Key: store_sales.ss_ticket_number, store_sales.ss_customer_sk
              Filter: ((count(*) >= 1) AND (count(*) <= 5))
              Rows Removed by Filter: 1021
              ->  Sort  (cost=75714.51..75714.93 rows=168 width=16) (actual time=194.908..195.341 rows=11507 loops=1)
                    Sort Key: store_sales.ss_ticket_number, store_sales.ss_customer_sk
                    Sort Method: quicksort  Memory: 1013kB
                    ->  Nested Loop  (cost=0.71..75708.30 rows=168 width=16) (actual time=4.531..192.675 rows=11507 loops=1)
                          Join Filter: (store_sales.ss_store_sk = store.s_store_sk)
                          Rows Removed by Join Filter: 51211
                          ->  Nested Loop  (cost=0.71..75677.54 rows=176 width=24) (actual time=4.523..185.343 rows=11640 loops=1)
                                ->  Nested Loop  (cost=0.43..74820.03 rows=2722 width=32) (actual time=4.424..52.313 rows=107727 loops=1)
                                      ->  Seq Scan on date_dim  (cost=0.00..2774.67 rows=72 width=8) (actual time=4.413..9.410 rows=72 loops=1)
                                            Filter: ((d_dom >= 1) AND (d_dom <= 2) AND (d_year = ANY ('{1999,2000,2001}'::integer[])))
                                            Rows Removed by Filter: 72977
                                      ->  Index Scan using i_ss_sold_date_sk on store_sales  (cost=0.43..985.48 rows=1515 width=40) (actual time=0.008..0.409 rows=1496 loops=72)
                                            Index Cond: (ss_sold_date_sk = date_dim.d_date_sk)
                                ->  Index Scan using pk_household_demographics on household_demographics  (cost=0.28..0.32 rows=1 width=8) (actual time=0.001..0.001 rows=0 loops=107727)
                                      Index Cond: (hd_demo_sk = store_sales.ss_hdemo_sk)
                                      Filter: ((hd_vehicle_count > 0) AND ((hd_buy_potential = '501-1000'::bpchar) OR (hd_buy_potential = '5001-10000'::bpchar)) AND (CASE WHEN (hd_vehicle_count > 0) THEN (hd_dep_count / hd_vehicle_count) ELSE NULL::integer END > 1))
                                      Rows Removed by Filter: 1
                          ->  Materialize  (cost=0.00..1.24 rows=12 width=8) (actual time=0.000..0.000 rows=5 loops=11640)
                                ->  Seq Scan on store  (cost=0.00..1.18 rows=12 width=8) (actual time=0.004..0.008 rows=12 loops=1)
                                      Filter: ((s_county)::text = ANY ('{"Williamson County","Williamson County","Williamson County","Williamson County"}'::text[]))
        ->  Index Scan using pk_customer on customer  (cost=0.29..2.51 rows=1 width=73) (actual time=0.000..0.000 rows=0 loops=65)
              Index Cond: (c_customer_sk = store_sales.ss_customer_sk)
          c_last_name           |     c_first_name     | c_salutation | c_preferred_cust_flag | ss_ticket_number | cnt 
--------------------------------+----------------------+--------------+-----------------------+------------------+-----
 Donahue                        | Kimberly             | Dr.          | Y                     |           122869 |   5
 White                          | Rachel               | Dr.          | Y                     |           228568 |   5
 Meade                          | Richard              | Dr.          | Y                     |            99901 |   4
(3 rows)

UPDATE time_statistics SET e_time = TRANSACTION_TIMESTAMP() WHERE template = 'query73.tpl' AND stream = 8;
psql:/tmp/s1-basline/throughput/query_8.sql:1179: NOTICE:  duration: 0.073 ms  plan:
Query Text: UPDATE time_statistics SET e_time = TRANSACTION_TIMESTAMP() WHERE template = 'query73.tpl' AND stream = 8;
Update on time_statistics  (cost=0.00..12.41 rows=0 width=0) (actual time=0.073..0.073 rows=0 loops=1)
  ->  Seq Scan on time_statistics  (cost=0.00..12.41 rows=1 width=14) (actual time=0.058..0.058 rows=1 loops=1)
        Filter: ((template = 'query73.tpl'::text) AND (stream = 8))
        Rows Removed by Filter: 442
UPDATE 1
LOAD 'auto_explain'; SET auto_explain.log_min_duration TO 0; SET auto_explain.log_analyze TO on; SET auto_explain.log_level TO notice; INSERT INTO time_statistics (template, s_time, stream, query, seed) VALUES ('../query_postgresql/query14.tpl', TRANSACTION_TIMESTAMP(), 8, 21, 411186581);
LOAD
SET
SET
SET
psql:/tmp/s1-basline/throughput/query_8.sql:1180: NOTICE:  duration: 0.009 ms  plan:
Query Text: INSERT INTO time_statistics (template, s_time, stream, query, seed) VALUES ('../query_postgresql/query14.tpl', TRANSACTION_TIMESTAMP(), 8, 21, 411186581);
Insert on time_statistics  (cost=0.00..0.01 rows=0 width=0) (actual time=0.009..0.009 rows=0 loops=1)
  ->  Result  (cost=0.00..0.01 rows=1 width=64) (actual time=0.001..0.002 rows=1 loops=1)
INSERT 0 1
with  cross_items as
 (select i_item_sk ss_item_sk
 from item,
 (select iss.i_brand_id brand_id
     ,iss.i_class_id class_id
     ,iss.i_category_id category_id
 from store_sales
     ,item iss
     ,date_dim d1
 where ss_item_sk = iss.i_item_sk
   and ss_sold_date_sk = d1.d_date_sk
   and d1.d_year between 2000 AND 2000 + 2
 intersect 
 select ics.i_brand_id
     ,ics.i_class_id
     ,ics.i_category_id
 from catalog_sales
     ,item ics
     ,date_dim d2
 where cs_item_sk = ics.i_item_sk
   and cs_sold_date_sk = d2.d_date_sk
   and d2.d_year between 2000 AND 2000 + 2
 intersect
 select iws.i_brand_id
     ,iws.i_class_id
     ,iws.i_category_id
 from web_sales
     ,item iws
     ,date_dim d3
 where ws_item_sk = iws.i_item_sk
   and ws_sold_date_sk = d3.d_date_sk
   and d3.d_year between 2000 AND 2000 + 2) x
 where i_brand_id = brand_id
      and i_class_id = class_id
      and i_category_id = category_id
),
 avg_sales as
 (select avg(quantity*list_price) average_sales
  from (select ss_quantity quantity
             ,ss_list_price list_price
       from store_sales
           ,date_dim
       where ss_sold_date_sk = d_date_sk
         and d_year between 2000 and 2000 + 2
       union all 
       select cs_quantity quantity 
             ,cs_list_price list_price
       from catalog_sales
           ,date_dim
       where cs_sold_date_sk = d_date_sk
         and d_year between 2000 and 2000 + 2 
       union all
       select ws_quantity quantity
             ,ws_list_price list_price
       from web_sales
           ,date_dim
       where ws_sold_date_sk = d_date_sk
         and d_year between 2000 and 2000 + 2) x)
  select  channel, i_brand_id,i_class_id,i_category_id,sum(sales), sum(number_sales)
 from(
       select 'store' channel, i_brand_id,i_class_id
             ,i_category_id,sum(ss_quantity*ss_list_price) sales
             , count(*) number_sales
       from store_sales
           ,item
           ,date_dim
       where ss_item_sk in (select ss_item_sk from cross_items)
         and ss_item_sk = i_item_sk
         and ss_sold_date_sk = d_date_sk
         and d_year = 2000+2 
         and d_moy = 11
       group by i_brand_id,i_class_id,i_category_id
       having sum(ss_quantity*ss_list_price) > (select average_sales from avg_sales)
       union all
       select 'catalog' channel, i_brand_id,i_class_id,i_category_id, sum(cs_quantity*cs_list_price) sales, count(*) number_sales
       from catalog_sales
           ,item
           ,date_dim
       where cs_item_sk in (select ss_item_sk from cross_items)
         and cs_item_sk = i_item_sk
         and cs_sold_date_sk = d_date_sk
         and d_year = 2000+2 
         and d_moy = 11
       group by i_brand_id,i_class_id,i_category_id
       having sum(cs_quantity*cs_list_price) > (select average_sales from avg_sales)
       union all
       select 'web' channel, i_brand_id,i_class_id,i_category_id, sum(ws_quantity*ws_list_price) sales , count(*) number_sales
       from web_sales
           ,item
           ,date_dim
       where ws_item_sk in (select ss_item_sk from cross_items)
         and ws_item_sk = i_item_sk
         and ws_sold_date_sk = d_date_sk
         and d_year = 2000+2
         and d_moy = 11
       group by i_brand_id,i_class_id,i_category_id
       having sum(ws_quantity*ws_list_price) > (select average_sales from avg_sales)
 ) x
 group by rollup (channel, i_brand_id,i_class_id,i_category_id)
 order by channel,i_brand_id,i_class_id,i_category_id
 limit 100;
psql:/tmp/s1-basline/throughput/query_8.sql:1281: NOTICE:  duration: 14320.005 ms  plan:
Query Text: with  cross_items as
 (select i_item_sk ss_item_sk
 from item,
 (select iss.i_brand_id brand_id
     ,iss.i_class_id class_id
     ,iss.i_category_id category_id
 from store_sales
     ,item iss
     ,date_dim d1
 where ss_item_sk = iss.i_item_sk
   and ss_sold_date_sk = d1.d_date_sk
   and d1.d_year between 2000 AND 2000 + 2
 intersect 
 select ics.i_brand_id
     ,ics.i_class_id
     ,ics.i_category_id
 from catalog_sales
     ,item ics
     ,date_dim d2
 where cs_item_sk = ics.i_item_sk
   and cs_sold_date_sk = d2.d_date_sk
   and d2.d_year between 2000 AND 2000 + 2
 intersect
 select iws.i_brand_id
     ,iws.i_class_id
     ,iws.i_category_id
 from web_sales
     ,item iws
     ,date_dim d3
 where ws_item_sk = iws.i_item_sk
   and ws_sold_date_sk = d3.d_date_sk
   and d3.d_year between 2000 AND 2000 + 2) x
 where i_brand_id = brand_id
      and i_class_id = class_id
      and i_category_id = category_id
),
 avg_sales as
 (select avg(quantity*list_price) average_sales
  from (select ss_quantity quantity
             ,ss_list_price list_price
       from store_sales
           ,date_dim
       where ss_sold_date_sk = d_date_sk
         and d_year between 2000 and 2000 + 2
       union all 
       select cs_quantity quantity 
             ,cs_list_price list_price
       from catalog_sales
           ,date_dim
       where cs_sold_date_sk = d_date_sk
         and d_year between 2000 and 2000 + 2 
       union all
       select ws_quantity quantity
             ,ws_list_price list_price
       from web_sales
           ,date_dim
       where ws_sold_date_sk = d_date_sk
         and d_year between 2000 and 2000 + 2) x)
  select  channel, i_brand_id,i_class_id,i_category_id,sum(sales), sum(number_sales)
 from(
       select 'store' channel, i_brand_id,i_class_id
             ,i_category_id,sum(ss_quantity*ss_list_price) sales
             , count(*) number_sales
       from store_sales
           ,item
           ,date_dim
       where ss_item_sk in (select ss_item_sk from cross_items)
         and ss_item_sk = i_item_sk
         and ss_sold_date_sk = d_date_sk
         and d_year = 2000+2 
         and d_moy = 11
       group by i_brand_id,i_class_id,i_category_id
       having sum(ss_quantity*ss_list_price) > (select average_sales from avg_sales)
       union all
       select 'catalog' channel, i_brand_id,i_class_id,i_category_id, sum(cs_quantity*cs_list_price) sales, count(*) number_sales
       from catalog_sales
           ,item
           ,date_dim
       where cs_item_sk in (select ss_item_sk from cross_items)
         and cs_item_sk = i_item_sk
         and cs_sold_date_sk = d_date_sk
         and d_year = 2000+2 
         and d_moy = 11
       group by i_brand_id,i_class_id,i_category_id
       having sum(cs_quantity*cs_list_price) > (select average_sales from avg_sales)
       union all
       select 'web' channel, i_brand_id,i_class_id,i_category_id, sum(ws_quantity*ws_list_price) sales , count(*) number_sales
       from web_sales
           ,item
           ,date_dim
       where ws_item_sk in (select ss_item_sk from cross_items)
         and ws_item_sk = i_item_sk
         and ws_sold_date_sk = d_date_sk
         and d_year = 2000+2
         and d_moy = 11
       group by i_brand_id,i_class_id,i_category_id
       having sum(ws_quantity*ws_list_price) > (select average_sales from avg_sales)
 ) x
 group by rollup (channel, i_brand_id,i_class_id,i_category_id)
 order by channel,i_brand_id,i_class_id,i_category_id
 limit 100;
Limit  (cost=374702.70..374702.92 rows=13 width=84) (actual time=14319.526..14319.950 rows=100 loops=1)
  CTE cross_items
    ->  Hash Join  (cost=192433.57..194011.32 rows=1 width=8) (actual time=1858.984..1868.022 rows=17718 loops=1)
          Hash Cond: ((item_3.i_brand_id = x_1.brand_id) AND (item_3.i_class_id = x_1.class_id) AND (item_3.i_category_id = x_1.category_id))
          ->  Seq Scan on item item_3  (cost=0.00..1436.00 rows=18000 width=20) (actual time=0.003..1.616 rows=18000 loops=1)
          ->  Hash  (cost=192402.07..192402.07 rows=1800 width=12) (actual time=1858.974..1859.222 rows=5345 loops=1)
                Buckets: 8192 (originally 2048)  Batches: 1 (originally 1)  Memory Usage: 294kB
                ->  Subquery Scan on x_1  (cost=5175.25..192402.07 rows=1800 width=12) (actual time=1857.481..1858.440 rows=5394 loops=1)
                      ->  HashSetOp Intersect  (cost=5175.25..192384.07 rows=1800 width=16) (actual time=1857.480..1857.945 rows=5394 loops=1)
                            ->  Append  (cost=5175.25..192290.39 rows=12491 width=16) (actual time=1387.245..1792.208 rows=429982 loops=1)
                                  ->  Result  (cost=5175.25..155608.09 rows=1800 width=16) (actual time=1387.245..1388.168 rows=5399 loops=1)
                                        ->  HashSetOp Intersect  (cost=5175.25..155590.09 rows=1800 width=16) (actual time=1387.244..1387.662 rows=5399 loops=1)
                                              ->  Append  (cost=5175.25..155124.18 rows=62122 width=16) (actual time=18.753..1018.190 rows=2479009 loops=1)
                                                    ->  Subquery Scan on "*SELECT* 1"  (cost=5175.25..98376.73 rows=40868 width=16) (actual time=18.752..362.838 rows=1629924 loops=1)
                                                          ->  Gather  (cost=5175.25..97968.05 rows=40868 width=12) (actual time=18.751..213.268 rows=1629924 loops=1)
                                                                Workers Planned: 2
                                                                Workers Launched: 2
                                                                ->  Hash Join  (cost=4175.25..92881.25 rows=17028 width=12) (actual time=29.002..435.255 rows=543308 loops=3)
                                                                      Hash Cond: (store_sales_1.ss_item_sk = iss.i_item_sk)
                                                                      ->  Hash Join  (cost=2514.25..91175.54 rows=17028 width=8) (actual time=12.697..302.344 rows=543308 loops=3)
                                                                            Hash Cond: (store_sales_1.ss_sold_date_sk = d1.d_date_sk)
                                                                            ->  Parallel Seq Scan on store_sales store_sales_1  (cost=0.00..85499.45 rows=1204445 width=16) (actual time=0.010..134.952 rows=948150 loops=3)
                                                                            ->  Hash  (cost=2500.73..2500.73 rows=1081 width=8) (actual time=12.671..12.672 rows=1096 loops=3)
                                                                                  Buckets: 2048  Batches: 1  Memory Usage: 59kB
                                                                                  ->  Seq Scan on date_dim d1  (cost=0.00..2500.73 rows=1081 width=8) (actual time=5.730..12.541 rows=1096 loops=3)
                                                                                        Filter: ((d_year >= 2000) AND (d_year <= 2002))
                                                                                        Rows Removed by Filter: 71953
                                                                      ->  Hash  (cost=1436.00..1436.00 rows=18000 width=20) (actual time=16.036..16.036 rows=18000 loops=3)
                                                                            Buckets: 32768  Batches: 1  Memory Usage: 1240kB
                                                                            ->  Seq Scan on item iss  (cost=0.00..1436.00 rows=18000 width=20) (actual time=0.025..13.073 rows=18000 loops=3)
                                                    ->  Subquery Scan on "*SELECT* 2"  (cost=1661.43..56436.84 rows=21254 width=16) (actual time=13.302..508.434 rows=849085 loops=1)
                                                          ->  Hash Join  (cost=1661.43..56224.30 rows=21254 width=12) (actual time=13.301..442.141 rows=849085 loops=1)
                                                                Hash Cond: (catalog_sales_1.cs_item_sk = ics.i_item_sk)
                                                                ->  Nested Loop  (cost=0.43..54507.50 rows=21254 width=8) (actual time=4.145..287.270 rows=849085 loops=1)
                                                                      ->  Seq Scan on date_dim d2  (cost=0.00..2500.73 rows=1081 width=8) (actual time=4.123..9.130 rows=1096 loops=1)
                                                                            Filter: ((d_year >= 2000) AND (d_year <= 2002))
                                                                            Rows Removed by Filter: 71953
                                                                      ->  Index Scan using i_cs_sold_date_sk on catalog_sales catalog_sales_1  (cost=0.43..40.26 rows=785 width=16) (actual time=0.004..0.133 rows=775 loops=1096)
                                                                            Index Cond: (cs_sold_date_sk = d2.d_date_sk)
                                                                ->  Hash  (cost=1436.00..1436.00 rows=18000 width=20) (actual time=9.124..9.125 rows=18000 loops=1)
                                                                      Buckets: 32768  Batches: 1  Memory Usage: 1240kB
                                                                      ->  Seq Scan on item ics  (cost=0.00..1436.00 rows=18000 width=20) (actual time=0.004..6.575 rows=18000 loops=1)
                                  ->  Subquery Scan on "*SELECT* 3"  (cost=3514.53..36619.84 rows=10691 width=16) (actual time=8.656..378.128 rows=424583 loops=1)
                                        ->  Gather  (cost=3514.53..36512.93 rows=10691 width=12) (actual time=8.656..338.597 rows=424583 loops=1)
                                              Workers Planned: 2
                                              Workers Launched: 2
                                              ->  Nested Loop  (cost=2514.53..34443.83 rows=4455 width=12) (actual time=14.598..393.186 rows=141528 loops=3)
                                                    ->  Hash Join  (cost=2514.25..33076.22 rows=4455 width=8) (actual time=14.550..119.031 rows=141528 loops=3)
                                                          Hash Cond: (web_sales_1.ws_sold_date_sk = d3.d_date_sk)
                                                          ->  Parallel Seq Scan on web_sales web_sales_1  (cost=0.00..29771.63 rows=301063 width=16) (actual time=0.017..51.559 rows=237185 loops=3)
                                                          ->  Hash  (cost=2500.73..2500.73 rows=1081 width=8) (actual time=14.419..14.419 rows=1096 loops=3)
                                                                Buckets: 2048  Batches: 1  Memory Usage: 59kB
                                                                ->  Seq Scan on date_dim d3  (cost=0.00..2500.73 rows=1081 width=8) (actual time=6.929..14.282 rows=1096 loops=3)
                                                                      Filter: ((d_year >= 2000) AND (d_year <= 2002))
                                                                      Rows Removed by Filter: 71953
                                                    ->  Index Scan using pk_item on item iws  (cost=0.29..0.31 rows=1 width=20) (actual time=0.002..0.002 rows=1 loops=424583)
                                                          Index Cond: (i_item_sk = web_sales_1.ws_item_sk)
  CTE avg_sales
    ->  Finalize Aggregate  (cost=180566.08..180566.09 rows=1 width=8) (actual time=639.155..639.245 rows=1 loops=1)
          ->  Gather  (cost=180565.86..180566.07 rows=2 width=32) (actual time=639.044..639.237 rows=3 loops=1)
                Workers Planned: 2
                Workers Launched: 2
                ->  Partial Aggregate  (cost=179565.86..179565.87 rows=1 width=32) (actual time=634.377..634.381 rows=1 loops=3)
                      ->  Parallel Append  (cost=0.43..179338.32 rows=30339 width=12) (actual time=11.888..564.594 rows=967864 loops=3)
                            ->  Nested Loop  (cost=0.43..54507.50 rows=21254 width=12) (actual time=8.934..413.058 rows=849085 loops=1)
                                  ->  Seq Scan on date_dim date_dim_3  (cost=0.00..2500.73 rows=1081 width=8) (actual time=8.833..15.271 rows=1096 loops=1)
                                        Filter: ((d_year >= 2000) AND (d_year <= 2002))
                                        Rows Removed by Filter: 71953
                                  ->  Index Scan using i_cs_sold_date_sk on catalog_sales catalog_sales_2  (cost=0.43..40.26 rows=785 width=20) (actual time=0.004..0.215 rows=775 loops=1096)
                                        Index Cond: (cs_sold_date_sk = date_dim_3.d_date_sk)
                            ->  Hash Join  (cost=2514.25..91175.54 rows=17028 width=12) (actual time=12.562..295.552 rows=543308 loops=3)
                                  Hash Cond: (store_sales_2.ss_sold_date_sk = date_dim_4.d_date_sk)
                                  ->  Parallel Seq Scan on store_sales store_sales_2  (cost=0.00..85499.45 rows=1204445 width=20) (actual time=0.010..111.252 rows=948150 loops=3)
                                  ->  Hash  (cost=2500.73..2500.73 rows=1081 width=8) (actual time=12.451..12.452 rows=1096 loops=3)
                                        Buckets: 2048  Batches: 1  Memory Usage: 59kB
                                        ->  Seq Scan on date_dim date_dim_4  (cost=0.00..2500.73 rows=1081 width=8) (actual time=6.147..12.316 rows=1096 loops=3)
                                              Filter: ((d_year >= 2000) AND (d_year <= 2002))
                                              Rows Removed by Filter: 71953
                            ->  Hash Join  (cost=2514.25..33076.22 rows=4455 width=12) (actual time=9.560..220.210 rows=424583 loops=1)
                                  Hash Cond: (web_sales_2.ws_sold_date_sk = date_dim_5.d_date_sk)
                                  ->  Parallel Seq Scan on web_sales web_sales_2  (cost=0.00..29771.63 rows=301063 width=20) (actual time=0.004..62.985 rows=711555 loops=1)
                                  ->  Hash  (cost=2500.73..2500.73 rows=1081 width=8) (actual time=9.545..9.546 rows=1096 loops=1)
                                        Buckets: 2048  Batches: 1  Memory Usage: 59kB
                                        ->  Seq Scan on date_dim date_dim_5  (cost=0.00..2500.73 rows=1081 width=8) (actual time=4.427..9.428 rows=1096 loops=1)
                                              Filter: ((d_year >= 2000) AND (d_year <= 2002))
                                              Rows Removed by Filter: 71953
  ->  GroupAggregate  (cost=125.30..125.51 rows=13 width=84) (actual time=14319.525..14319.601 rows=100 loops=1)
        Group Key: ('store'::text), item.i_brand_id, item.i_class_id, item.i_category_id
        Group Key: ('store'::text), item.i_brand_id, item.i_class_id
        Group Key: ('store'::text), item.i_brand_id
        Group Key: ('store'::text)
        Group Key: ()
        ->  Sort  (cost=125.30..125.30 rows=3 width=60) (actual time=14319.515..14319.531 rows=72 loops=1)
              Sort Key: ('store'::text), item.i_brand_id, item.i_class_id, item.i_category_id
              Sort Method: quicksort  Memory: 1227kB
              ->  Append  (cost=68.19..125.27 rows=3 width=60) (actual time=9180.680..14310.050 rows=11102 loops=1)
                    ->  GroupAggregate  (cost=68.19..68.23 rows=1 width=60) (actual time=9180.679..9198.174 rows=4024 loops=1)
                          Group Key: item.i_brand_id, item.i_class_id, item.i_category_id
                          Filter: (sum(((store_sales.ss_quantity)::double precision * store_sales.ss_list_price)) > $8)
                          Rows Removed by Filter: 6
                          InitPlan 3 (returns $8)
                            ->  CTE Scan on avg_sales  (cost=0.00..0.02 rows=1 width=8) (actual time=639.158..639.159 rows=1 loops=1)
                          ->  Sort  (cost=68.17..68.18 rows=1 width=24) (actual time=8541.474..8546.232 rows=89250 loops=1)
                                Sort Key: item.i_brand_id, item.i_class_id, item.i_category_id
                                Sort Method: quicksort  Memory: 8634kB
                                ->  Nested Loop  (cost=1.03..68.16 rows=1 width=24) (actual time=1876.080..8508.118 rows=89250 loops=1)
                                      ->  Nested Loop  (cost=0.74..12.93 rows=175 width=32) (actual time=1876.048..4922.936 rows=2806735 loops=1)
                                            ->  Nested Loop  (cost=0.31..2.54 rows=1 width=28) (actual time=1876.035..1931.881 rows=17718 loops=1)
                                                  ->  HashAggregate  (cost=0.02..0.03 rows=1 width=8) (actual time=1876.027..1881.124 rows=17718 loops=1)
                                                        Group Key: cross_items.ss_item_sk
                                                        Batches: 1  Memory Usage: 1833kB
                                                        ->  CTE Scan on cross_items  (cost=0.00..0.02 rows=1 width=8) (actual time=1858.986..1871.028 rows=17718 loops=1)
                                                  ->  Index Scan using pk_item on item  (cost=0.29..2.51 rows=1 width=20) (actual time=0.002..0.002 rows=1 loops=17718)
                                                        Index Cond: (i_item_sk = cross_items.ss_item_sk)
                                            ->  Index Scan using pk_store_sales on store_sales  (cost=0.43..8.64 rows=175 width=28) (actual time=0.005..0.145 rows=158 loops=17718)
                                                  Index Cond: (ss_item_sk = item.i_item_sk)
                                      ->  Index Scan using pk_date_dim on date_dim  (cost=0.29..0.32 rows=1 width=8) (actual time=0.001..0.001 rows=0 loops=2806735)
                                            Index Cond: (d_date_sk = store_sales.ss_sold_date_sk)
                                            Filter: ((d_year = 2002) AND (d_moy = 11))
                                            Rows Removed by Filter: 1
                    ->  GroupAggregate  (cost=36.92..36.95 rows=1 width=60) (actual time=3380.862..3390.067 rows=3892 loops=1)
                          Group Key: item_1.i_brand_id, item_1.i_class_id, item_1.i_category_id
                          Filter: (sum(((catalog_sales.cs_quantity)::double precision * catalog_sales.cs_list_price)) > $9)
                          Rows Removed by Filter: 123
                          InitPlan 4 (returns $9)
                            ->  CTE Scan on avg_sales avg_sales_1  (cost=0.00..0.02 rows=1 width=8) (actual time=0.001..0.002 rows=1 loops=1)
                          ->  Sort  (cost=36.90..36.90 rows=1 width=24) (actual time=3380.833..3382.718 rows=46543 loops=1)
                                Sort Key: item_1.i_brand_id, item_1.i_class_id, item_1.i_category_id
                                Sort Method: quicksort  Memory: 4444kB
                                ->  Nested Loop  (cost=1.03..36.89 rows=1 width=24) (actual time=5.622..3363.745 rows=46543 loops=1)
                                      ->  Nested Loop  (cost=0.74..9.06 rows=88 width=32) (actual time=5.111..1552.983 rows=1402648 loops=1)
                                            ->  Nested Loop  (cost=0.31..2.54 rows=1 width=28) (actual time=5.097..56.749 rows=17718 loops=1)
                                                  ->  HashAggregate  (cost=0.02..0.03 rows=1 width=8) (actual time=5.078..9.731 rows=17718 loops=1)
                                                        Group Key: cross_items_1.ss_item_sk
                                                        Batches: 1  Memory Usage: 1833kB
                                                        ->  CTE Scan on cross_items cross_items_1  (cost=0.00..0.02 rows=1 width=8) (actual time=0.001..1.093 rows=17718 loops=1)
                                                  ->  Index Scan using pk_item on item item_1  (cost=0.29..2.51 rows=1 width=20) (actual time=0.002..0.002 rows=1 loops=17718)
                                                        Index Cond: (i_item_sk = cross_items_1.ss_item_sk)
                                            ->  Index Scan using pk_catalog_sales on catalog_sales  (cost=0.43..5.64 rows=88 width=28) (actual time=0.005..0.071 rows=79 loops=17718)
                                                  Index Cond: (cs_item_sk = item_1.i_item_sk)
                                      ->  Index Scan using pk_date_dim on date_dim date_dim_1  (cost=0.29..0.32 rows=1 width=8) (actual time=0.001..0.001 rows=0 loops=1402648)
                                            Index Cond: (d_date_sk = catalog_sales.cs_sold_date_sk)
                                            Filter: ((d_year = 2002) AND (d_moy = 11))
                                            Rows Removed by Filter: 1
                    ->  GroupAggregate  (cost=20.01..20.05 rows=1 width=60) (actual time=1716.145..1721.143 rows=3186 loops=1)
                          Group Key: item_2.i_brand_id, item_2.i_class_id, item_2.i_category_id
                          Filter: (sum(((web_sales.ws_quantity)::double precision * web_sales.ws_list_price)) > $10)
                          Rows Removed by Filter: 560
                          InitPlan 5 (returns $10)
                            ->  CTE Scan on avg_sales avg_sales_2  (cost=0.00..0.02 rows=1 width=8) (actual time=0.001..0.002 rows=1 loops=1)
                          ->  Sort  (cost=19.99..20.00 rows=1 width=24) (actual time=1716.120..1717.036 rows=22124 loops=1)
                                Sort Key: item_2.i_brand_id, item_2.i_class_id, item_2.i_category_id
                                Sort Method: quicksort  Memory: 2151kB
                                ->  Nested Loop  (cost=1.03..19.98 rows=1 width=24) (actual time=5.795..1707.666 rows=22124 loops=1)
                                      ->  Nested Loop  (cost=0.73..6.02 rows=44 width=32) (actual time=5.667..778.852 rows=701993 loops=1)
                                            ->  Nested Loop  (cost=0.31..2.54 rows=1 width=28) (actual time=5.657..52.701 rows=17718 loops=1)
                                                  ->  HashAggregate  (cost=0.02..0.03 rows=1 width=8) (actual time=5.648..10.134 rows=17718 loops=1)
                                                        Group Key: cross_items_2.ss_item_sk
                                                        Batches: 1  Memory Usage: 1833kB
                                                        ->  CTE Scan on cross_items cross_items_2  (cost=0.00..0.02 rows=1 width=8) (actual time=0.001..1.102 rows=17718 loops=1)
                                                  ->  Index Scan using pk_item on item item_2  (cost=0.29..2.51 rows=1 width=20) (actual time=0.002..0.002 rows=1 loops=17718)
                                                        Index Cond: (i_item_sk = cross_items_2.ss_item_sk)
                                            ->  Index Scan using pk_web_sales on web_sales  (cost=0.42..3.04 rows=44 width=28) (actual time=0.004..0.034 rows=40 loops=17718)
                                                  Index Cond: (ws_item_sk = item_2.i_item_sk)
                                      ->  Index Scan using pk_date_dim on date_dim date_dim_2  (cost=0.29..0.32 rows=1 width=8) (actual time=0.001..0.001 rows=0 loops=701993)
                                            Index Cond: (d_date_sk = web_sales.ws_sold_date_sk)
                                            Filter: ((d_year = 2002) AND (d_moy = 11))
                                            Rows Removed by Filter: 1
 channel | i_brand_id | i_class_id | i_category_id |        sum         | sum 
---------+------------+------------+---------------+--------------------+-----
 catalog |    1001001 |          1 |             1 | 385606.46000000014 | 103
 catalog |    1001001 |          1 |             2 |           66094.94 |  12
 catalog |    1001001 |          1 |             3 |  79558.50000000001 |  25
 catalog |    1001001 |          1 |             4 | 15661.820000000002 |   5
 catalog |    1001001 |          1 |             6 | 11009.210000000001 |   3
 catalog |    1001001 |          1 |             7 | 149834.87000000002 |  31
 catalog |    1001001 |          1 |             8 | 104312.71000000002 |  25
 catalog |    1001001 |          1 |             9 |           15037.85 |   4
 catalog |    1001001 |          1 |            10 | 102303.31999999998 |  26
 catalog |    1001001 |          1 |               |  929419.6799999999 | 234
 catalog |    1001001 |          2 |             1 |           80764.49 |  19
 catalog |    1001001 |          2 |             3 |           51114.15 |   7
 catalog |    1001001 |          2 |             9 |           18456.54 |   4
 catalog |    1001001 |          2 |            10 |  54085.96000000001 |   8
 catalog |    1001001 |          2 |               |          204421.14 |  38
 catalog |    1001001 |          3 |             1 |  80871.07999999997 |  18
 catalog |    1001001 |          3 |             2 |           33005.59 |   4
 catalog |    1001001 |          3 |             8 |           22985.21 |   5
 catalog |    1001001 |          3 |               | 136861.87999999998 |  27
 catalog |    1001001 |          4 |             1 |           77467.83 |  15
 catalog |    1001001 |          4 |             2 | 16075.650000000001 |   4
 catalog |    1001001 |          4 |             3 | 36122.049999999996 |   6
 catalog |    1001001 |          4 |             4 | 47279.229999999996 |  10
 catalog |    1001001 |          4 |             5 |           84961.32 |  14
 catalog |    1001001 |          4 |               | 261906.08000000002 |  49
 catalog |    1001001 |          5 |             1 |            61996.1 |   9
 catalog |    1001001 |          5 |             9 | 15864.529999999999 |   4
 catalog |    1001001 |          5 |               |           77860.63 |  13
 catalog |    1001001 |          7 |             1 | 59883.350000000006 |  10
 catalog |    1001001 |          7 |             6 |           46465.39 |  12
 catalog |    1001001 |          7 |               |          106348.74 |  22
 catalog |    1001001 |          8 |             1 |           42337.85 |  12
 catalog |    1001001 |          8 |             7 |             5338.1 |   2
 catalog |    1001001 |          8 |               |           47675.95 |  14
 catalog |    1001001 |          9 |             1 |  65382.25000000001 |   7
 catalog |    1001001 |          9 |               |  65382.25000000001 |   7
 catalog |    1001001 |         10 |             6 |  6827.950000000001 |   4
 catalog |    1001001 |         10 |               |  6827.950000000001 |   4
 catalog |    1001001 |         11 |            10 | 13498.189999999999 |   5
 catalog |    1001001 |         11 |               | 13498.189999999999 |   5
 catalog |    1001001 |         12 |             1 |          144150.08 |  25
 catalog |    1001001 |         12 |             7 |           24089.82 |   4
 catalog |    1001001 |         12 |               |           168239.9 |  29
 catalog |    1001001 |         13 |             1 |           18277.29 |   3
 catalog |    1001001 |         13 |            10 |  33033.86000000001 |   6
 catalog |    1001001 |         13 |               |  51311.15000000001 |   9
 catalog |    1001001 |         15 |             1 |            6819.93 |   2
 catalog |    1001001 |         15 |               |            6819.93 |   2
 catalog |    1001001 |            |               | 2076573.4700000004 | 453
 catalog |    1001002 |          1 |             1 | 2512327.3199999994 | 497
 catalog |    1001002 |          1 |             3 |  51078.76000000001 |   7
 catalog |    1001002 |          1 |             5 |           42910.22 |   5
 catalog |    1001002 |          1 |             7 |  41120.42999999999 |   7
 catalog |    1001002 |          1 |             8 |            8827.75 |   2
 catalog |    1001002 |          1 |             9 |           16701.05 |   5
 catalog |    1001002 |          1 |               | 2672965.5299999993 | 523
 catalog |    1001002 |          3 |             1 | 180796.87000000005 |  39
 catalog |    1001002 |          3 |             3 | 41966.840000000004 |   9
 catalog |    1001002 |          3 |             5 |           23482.21 |   6
 catalog |    1001002 |          3 |               | 246245.92000000004 |  54
 catalog |    1001002 |          4 |             1 | 14410.220000000001 |   3
 catalog |    1001002 |          4 |             2 |           27749.47 |   6
 catalog |    1001002 |          4 |             6 | 30503.409999999996 |   5
 catalog |    1001002 |          4 |               |            72663.1 |  14
 catalog |    1001002 |          6 |             1 | 27755.419999999995 |   4
 catalog |    1001002 |          6 |               | 27755.419999999995 |   4
 catalog |    1001002 |          8 |             1 | 32554.380000000005 |   5
 catalog |    1001002 |          8 |               | 32554.380000000005 |   5
 catalog |    1001002 |          9 |             7 |             4917.4 |   2
 catalog |    1001002 |          9 |               |             4917.4 |   2
 catalog |    1001002 |         10 |             9 |           34553.24 |   7
 catalog |    1001002 |         10 |               |           34553.24 |   7
 catalog |    1001002 |         11 |             1 | 15330.670000000002 |   2
 catalog |    1001002 |         11 |               | 15330.670000000002 |   2
 catalog |    1001002 |         12 |             1 |           36887.98 |   9
 catalog |    1001002 |         12 |               |           36887.98 |   9
 catalog |    1001002 |         13 |             6 |            33044.5 |   5
 catalog |    1001002 |         13 |             9 | 47785.729999999996 |   8
 catalog |    1001002 |         13 |               |           80830.23 |  13
 catalog |    1001002 |         14 |             6 |           33625.42 |   6
 catalog |    1001002 |         14 |               |           33625.42 |   6
 catalog |    1001002 |         15 |             1 |            29136.3 |   7
 catalog |    1001002 |         15 |               |            29136.3 |   7
 catalog |    1001002 |         16 |             1 |            38232.5 |   6
 catalog |    1001002 |         16 |               |            38232.5 |   6
 catalog |    1001002 |            |               | 3325698.0899999994 | 652
 catalog |    1002001 |          1 |             1 |  87435.70000000001 |  12
 catalog |    1002001 |          1 |             3 | 17787.600000000002 |   4
 catalog |    1002001 |          1 |             4 |            8286.87 |   5
 catalog |    1002001 |          1 |             5 | 24824.449999999997 |   7
 catalog |    1002001 |          1 |               |          138334.62 |  28
 catalog |    1002001 |          2 |             1 |  464083.1800000001 |  96
 catalog |    1002001 |          2 |             2 | 28091.170000000002 |  10
 catalog |    1002001 |          2 |             3 | 27703.229999999996 |   7
 catalog |    1002001 |          2 |             4 | 132262.87999999998 |  27
 catalog |    1002001 |          2 |             5 | 40391.340000000004 |  10
 catalog |    1002001 |          2 |             6 |           77355.88 |  20
 catalog |    1002001 |          2 |             7 | 112384.00000000001 |  25
 catalog |    1002001 |          2 |             8 |           84824.33 |   9
 catalog |    1002001 |          2 |             9 |           74344.21 |  14
(100 rows)

with  cross_items as
 (select i_item_sk ss_item_sk
 from item,
 (select iss.i_brand_id brand_id
     ,iss.i_class_id class_id
     ,iss.i_category_id category_id
 from store_sales
     ,item iss
     ,date_dim d1
 where ss_item_sk = iss.i_item_sk
   and ss_sold_date_sk = d1.d_date_sk
   and d1.d_year between 2000 AND 2000 + 2
 intersect
 select ics.i_brand_id
     ,ics.i_class_id
     ,ics.i_category_id
 from catalog_sales
     ,item ics
     ,date_dim d2
 where cs_item_sk = ics.i_item_sk
   and cs_sold_date_sk = d2.d_date_sk
   and d2.d_year between 2000 AND 2000 + 2
 intersect
 select iws.i_brand_id
     ,iws.i_class_id
     ,iws.i_category_id
 from web_sales
     ,item iws
     ,date_dim d3
 where ws_item_sk = iws.i_item_sk
   and ws_sold_date_sk = d3.d_date_sk
   and d3.d_year between 2000 AND 2000 + 2) x
 where i_brand_id = brand_id
      and i_class_id = class_id
      and i_category_id = category_id
),
 avg_sales as
(select avg(quantity*list_price) average_sales
  from (select ss_quantity quantity
             ,ss_list_price list_price
       from store_sales
           ,date_dim
       where ss_sold_date_sk = d_date_sk
         and d_year between 2000 and 2000 + 2
       union all
       select cs_quantity quantity
             ,cs_list_price list_price
       from catalog_sales
           ,date_dim
       where cs_sold_date_sk = d_date_sk
         and d_year between 2000 and 2000 + 2
       union all
       select ws_quantity quantity
             ,ws_list_price list_price
       from web_sales
           ,date_dim
       where ws_sold_date_sk = d_date_sk
         and d_year between 2000 and 2000 + 2) x)
  select  this_year.channel ty_channel
                           ,this_year.i_brand_id ty_brand
                           ,this_year.i_class_id ty_class
                           ,this_year.i_category_id ty_category
                           ,this_year.sales ty_sales
                           ,this_year.number_sales ty_number_sales
                           ,last_year.channel ly_channel
                           ,last_year.i_brand_id ly_brand
                           ,last_year.i_class_id ly_class
                           ,last_year.i_category_id ly_category
                           ,last_year.sales ly_sales
                           ,last_year.number_sales ly_number_sales 
 from
 (select 'store' channel, i_brand_id,i_class_id,i_category_id
        ,sum(ss_quantity*ss_list_price) sales, count(*) number_sales
 from store_sales 
     ,item
     ,date_dim
 where ss_item_sk in (select ss_item_sk from cross_items)
   and ss_item_sk = i_item_sk
   and ss_sold_date_sk = d_date_sk
   and d_week_seq = (select d_week_seq
                     from date_dim
                     where d_year = 2000 + 1
                       and d_moy = 12
                       and d_dom = 14)
 group by i_brand_id,i_class_id,i_category_id
 having sum(ss_quantity*ss_list_price) > (select average_sales from avg_sales)) this_year,
 (select 'store' channel, i_brand_id,i_class_id
        ,i_category_id, sum(ss_quantity*ss_list_price) sales, count(*) number_sales
 from store_sales
     ,item
     ,date_dim
 where ss_item_sk in (select ss_item_sk from cross_items)
   and ss_item_sk = i_item_sk
   and ss_sold_date_sk = d_date_sk
   and d_week_seq = (select d_week_seq
                     from date_dim
                     where d_year = 2000
                       and d_moy = 12
                       and d_dom = 14)
 group by i_brand_id,i_class_id,i_category_id
 having sum(ss_quantity*ss_list_price) > (select average_sales from avg_sales)) last_year
 where this_year.i_brand_id= last_year.i_brand_id
   and this_year.i_class_id = last_year.i_class_id
   and this_year.i_category_id = last_year.i_category_id
 order by this_year.channel, this_year.i_brand_id, this_year.i_class_id, this_year.i_category_id
 limit 100;
psql:/tmp/s1-basline/throughput/query_8.sql:1387: NOTICE:  duration: 22624.989 ms  plan:
Query Text: with  cross_items as
 (select i_item_sk ss_item_sk
 from item,
 (select iss.i_brand_id brand_id
     ,iss.i_class_id class_id
     ,iss.i_category_id category_id
 from store_sales
     ,item iss
     ,date_dim d1
 where ss_item_sk = iss.i_item_sk
   and ss_sold_date_sk = d1.d_date_sk
   and d1.d_year between 2000 AND 2000 + 2
 intersect
 select ics.i_brand_id
     ,ics.i_class_id
     ,ics.i_category_id
 from catalog_sales
     ,item ics
     ,date_dim d2
 where cs_item_sk = ics.i_item_sk
   and cs_sold_date_sk = d2.d_date_sk
   and d2.d_year between 2000 AND 2000 + 2
 intersect
 select iws.i_brand_id
     ,iws.i_class_id
     ,iws.i_category_id
 from web_sales
     ,item iws
     ,date_dim d3
 where ws_item_sk = iws.i_item_sk
   and ws_sold_date_sk = d3.d_date_sk
   and d3.d_year between 2000 AND 2000 + 2) x
 where i_brand_id = brand_id
      and i_class_id = class_id
      and i_category_id = category_id
),
 avg_sales as
(select avg(quantity*list_price) average_sales
  from (select ss_quantity quantity
             ,ss_list_price list_price
       from store_sales
           ,date_dim
       where ss_sold_date_sk = d_date_sk
         and d_year between 2000 and 2000 + 2
       union all
       select cs_quantity quantity
             ,cs_list_price list_price
       from catalog_sales
           ,date_dim
       where cs_sold_date_sk = d_date_sk
         and d_year between 2000 and 2000 + 2
       union all
       select ws_quantity quantity
             ,ws_list_price list_price
       from web_sales
           ,date_dim
       where ws_sold_date_sk = d_date_sk
         and d_year between 2000 and 2000 + 2) x)
  select  this_year.channel ty_channel
                           ,this_year.i_brand_id ty_brand
                           ,this_year.i_class_id ty_class
                           ,this_year.i_category_id ty_category
                           ,this_year.sales ty_sales
                           ,this_year.number_sales ty_number_sales
                           ,last_year.channel ly_channel
                           ,last_year.i_brand_id ly_brand
                           ,last_year.i_class_id ly_class
                           ,last_year.i_category_id ly_category
                           ,last_year.sales ly_sales
                           ,last_year.number_sales ly_number_sales 
 from
 (select 'store' channel, i_brand_id,i_class_id,i_category_id
        ,sum(ss_quantity*ss_list_price) sales, count(*) number_sales
 from store_sales 
     ,item
     ,date_dim
 where ss_item_sk in (select ss_item_sk from cross_items)
   and ss_item_sk = i_item_sk
   and ss_sold_date_sk = d_date_sk
   and d_week_seq = (select d_week_seq
                     from date_dim
                     where d_year = 2000 + 1
                       and d_moy = 12
                       and d_dom = 14)
 group by i_brand_id,i_class_id,i_category_id
 having sum(ss_quantity*ss_list_price) > (select average_sales from avg_sales)) this_year,
 (select 'store' channel, i_brand_id,i_class_id
        ,i_category_id, sum(ss_quantity*ss_list_price) sales, count(*) number_sales
 from store_sales
     ,item
     ,date_dim
 where ss_item_sk in (select ss_item_sk from cross_items)
   and ss_item_sk = i_item_sk
   and ss_sold_date_sk = d_date_sk
   and d_week_seq = (select d_week_seq
                     from date_dim
                     where d_year = 2000
                       and d_moy = 12
                       and d_dom = 14)
 group by i_brand_id,i_class_id,i_category_id
 having sum(ss_quantity*ss_list_price) > (select average_sales from avg_sales)) last_year
 where this_year.i_brand_id= last_year.i_brand_id
   and this_year.i_class_id = last_year.i_class_id
   and this_year.i_category_id = last_year.i_category_id
 order by this_year.channel, this_year.i_brand_id, this_year.i_class_id, this_year.i_category_id
 limit 100;
Limit  (cost=380079.75..380079.76 rows=1 width=120) (actual time=22624.522..22624.856 rows=100 loops=1)
  CTE cross_items
    ->  Hash Join  (cost=192433.57..194011.32 rows=1 width=8) (actual time=1855.840..1865.054 rows=17718 loops=1)
          Hash Cond: ((item_2.i_brand_id = x.brand_id) AND (item_2.i_class_id = x.class_id) AND (item_2.i_category_id = x.category_id))
          ->  Seq Scan on item item_2  (cost=0.00..1436.00 rows=18000 width=20) (actual time=0.004..1.688 rows=18000 loops=1)
          ->  Hash  (cost=192402.07..192402.07 rows=1800 width=12) (actual time=1855.829..1856.056 rows=5345 loops=1)
                Buckets: 8192 (originally 2048)  Batches: 1 (originally 1)  Memory Usage: 294kB
                ->  Subquery Scan on x  (cost=5175.25..192402.07 rows=1800 width=12) (actual time=1854.283..1855.235 rows=5394 loops=1)
                      ->  HashSetOp Intersect  (cost=5175.25..192384.07 rows=1800 width=16) (actual time=1854.282..1854.734 rows=5394 loops=1)
                            ->  Append  (cost=5175.25..192290.39 rows=12491 width=16) (actual time=1382.048..1788.583 rows=429982 loops=1)
                                  ->  Result  (cost=5175.25..155608.09 rows=1800 width=16) (actual time=1382.048..1382.964 rows=5399 loops=1)
                                        ->  HashSetOp Intersect  (cost=5175.25..155590.09 rows=1800 width=16) (actual time=1382.047..1382.449 rows=5399 loops=1)
                                              ->  Append  (cost=5175.25..155124.18 rows=62122 width=16) (actual time=21.880..1021.783 rows=2479009 loops=1)
                                                    ->  Subquery Scan on "*SELECT* 1"  (cost=5175.25..98376.73 rows=40868 width=16) (actual time=21.880..366.560 rows=1629924 loops=1)
                                                          ->  Gather  (cost=5175.25..97968.05 rows=40868 width=12) (actual time=21.879..215.517 rows=1629924 loops=1)
                                                                Workers Planned: 2
                                                                Workers Launched: 2
                                                                ->  Hash Join  (cost=4175.25..92881.25 rows=17028 width=12) (actual time=29.918..434.428 rows=543308 loops=3)
                                                                      Hash Cond: (store_sales_2.ss_item_sk = iss.i_item_sk)
                                                                      ->  Hash Join  (cost=2514.25..91175.54 rows=17028 width=8) (actual time=13.314..302.419 rows=543308 loops=3)
                                                                            Hash Cond: (store_sales_2.ss_sold_date_sk = d1.d_date_sk)
                                                                            ->  Parallel Seq Scan on store_sales store_sales_2  (cost=0.00..85499.45 rows=1204445 width=16) (actual time=0.012..133.908 rows=948150 loops=3)
                                                                            ->  Hash  (cost=2500.73..2500.73 rows=1081 width=8) (actual time=13.288..13.289 rows=1096 loops=3)
                                                                                  Buckets: 2048  Batches: 1  Memory Usage: 59kB
                                                                                  ->  Seq Scan on date_dim d1  (cost=0.00..2500.73 rows=1081 width=8) (actual time=6.324..13.139 rows=1096 loops=3)
                                                                                        Filter: ((d_year >= 2000) AND (d_year <= 2002))
                                                                                        Rows Removed by Filter: 71953
                                                                      ->  Hash  (cost=1436.00..1436.00 rows=18000 width=20) (actual time=16.334..16.334 rows=18000 loops=3)
                                                                            Buckets: 32768  Batches: 1  Memory Usage: 1240kB
                                                                            ->  Seq Scan on item iss  (cost=0.00..1436.00 rows=18000 width=20) (actual time=0.025..13.319 rows=18000 loops=3)
                                                    ->  Subquery Scan on "*SELECT* 2"  (cost=1661.43..56436.84 rows=21254 width=16) (actual time=16.459..507.443 rows=849085 loops=1)
                                                          ->  Hash Join  (cost=1661.43..56224.30 rows=21254 width=12) (actual time=16.458..441.395 rows=849085 loops=1)
                                                                Hash Cond: (catalog_sales.cs_item_sk = ics.i_item_sk)
                                                                ->  Nested Loop  (cost=0.43..54507.50 rows=21254 width=8) (actual time=5.495..284.513 rows=849085 loops=1)
                                                                      ->  Seq Scan on date_dim d2  (cost=0.00..2500.73 rows=1081 width=8) (actual time=5.473..11.003 rows=1096 loops=1)
                                                                            Filter: ((d_year >= 2000) AND (d_year <= 2002))
                                                                            Rows Removed by Filter: 71953
                                                                      ->  Index Scan using i_cs_sold_date_sk on catalog_sales  (cost=0.43..40.26 rows=785 width=16) (actual time=0.004..0.130 rows=775 loops=1096)
                                                                            Index Cond: (cs_sold_date_sk = d2.d_date_sk)
                                                                ->  Hash  (cost=1436.00..1436.00 rows=18000 width=20) (actual time=10.938..10.938 rows=18000 loops=1)
                                                                      Buckets: 32768  Batches: 1  Memory Usage: 1240kB
                                                                      ->  Seq Scan on item ics  (cost=0.00..1436.00 rows=18000 width=20) (actual time=0.004..8.355 rows=18000 loops=1)
                                  ->  Subquery Scan on "*SELECT* 3"  (cost=3514.53..36619.84 rows=10691 width=16) (actual time=9.611..379.831 rows=424583 loops=1)
                                        ->  Gather  (cost=3514.53..36512.93 rows=10691 width=12) (actual time=9.611..339.973 rows=424583 loops=1)
                                              Workers Planned: 2
                                              Workers Launched: 2
                                              ->  Nested Loop  (cost=2514.53..34443.83 rows=4455 width=12) (actual time=14.088..395.176 rows=141528 loops=3)
                                                    ->  Hash Join  (cost=2514.25..33076.22 rows=4455 width=8) (actual time=14.037..117.218 rows=141528 loops=3)
                                                          Hash Cond: (web_sales.ws_sold_date_sk = d3.d_date_sk)
                                                          ->  Parallel Seq Scan on web_sales  (cost=0.00..29771.63 rows=301063 width=16) (actual time=0.016..50.907 rows=237185 loops=3)
                                                          ->  Hash  (cost=2500.73..2500.73 rows=1081 width=8) (actual time=13.910..13.910 rows=1096 loops=3)
                                                                Buckets: 2048  Batches: 1  Memory Usage: 59kB
                                                                ->  Seq Scan on date_dim d3  (cost=0.00..2500.73 rows=1081 width=8) (actual time=6.600..13.778 rows=1096 loops=3)
                                                                      Filter: ((d_year >= 2000) AND (d_year <= 2002))
                                                                      Rows Removed by Filter: 71953
                                                    ->  Index Scan using pk_item on item iws  (cost=0.29..0.31 rows=1 width=20) (actual time=0.002..0.002 rows=1 loops=424583)
                                                          Index Cond: (i_item_sk = web_sales.ws_item_sk)
  CTE avg_sales
    ->  Finalize Aggregate  (cost=180566.08..180566.09 rows=1 width=8) (actual time=639.531..639.616 rows=1 loops=1)
          ->  Gather  (cost=180565.86..180566.07 rows=2 width=32) (actual time=639.422..639.609 rows=3 loops=1)
                Workers Planned: 2
                Workers Launched: 2
                ->  Partial Aggregate  (cost=179565.86..179565.87 rows=1 width=32) (actual time=634.705..634.709 rows=1 loops=3)
                      ->  Parallel Append  (cost=0.43..179338.32 rows=30339 width=12) (actual time=11.590..563.495 rows=967864 loops=3)
                            ->  Nested Loop  (cost=0.43..54507.50 rows=21254 width=12) (actual time=8.236..410.993 rows=849085 loops=1)
                                  ->  Seq Scan on date_dim date_dim_2  (cost=0.00..2500.73 rows=1081 width=8) (actual time=8.129..14.140 rows=1096 loops=1)
                                        Filter: ((d_year >= 2000) AND (d_year <= 2002))
                                        Rows Removed by Filter: 71953
                                  ->  Index Scan using i_cs_sold_date_sk on catalog_sales catalog_sales_1  (cost=0.43..40.26 rows=785 width=20) (actual time=0.004..0.214 rows=775 loops=1096)
                                        Index Cond: (cs_sold_date_sk = date_dim_2.d_date_sk)
                            ->  Hash Join  (cost=2514.25..91175.54 rows=17028 width=12) (actual time=12.335..295.880 rows=543308 loops=3)
                                  Hash Cond: (store_sales_3.ss_sold_date_sk = date_dim_3.d_date_sk)
                                  ->  Parallel Seq Scan on store_sales store_sales_3  (cost=0.00..85499.45 rows=1204445 width=20) (actual time=0.012..111.869 rows=948150 loops=3)
                                  ->  Hash  (cost=2500.73..2500.73 rows=1081 width=8) (actual time=12.230..12.231 rows=1096 loops=3)
                                        Buckets: 2048  Batches: 1  Memory Usage: 59kB
                                        ->  Seq Scan on date_dim date_dim_3  (cost=0.00..2500.73 rows=1081 width=8) (actual time=6.055..12.094 rows=1096 loops=3)
                                              Filter: ((d_year >= 2000) AND (d_year <= 2002))
                                              Rows Removed by Filter: 71953
                            ->  Hash Join  (cost=2514.25..33076.22 rows=4455 width=12) (actual time=9.529..218.097 rows=424583 loops=1)
                                  Hash Cond: (web_sales_1.ws_sold_date_sk = date_dim_4.d_date_sk)
                                  ->  Parallel Seq Scan on web_sales web_sales_1  (cost=0.00..29771.63 rows=301063 width=20) (actual time=0.003..62.202 rows=711555 loops=1)
                                  ->  Hash  (cost=2500.73..2500.73 rows=1081 width=8) (actual time=9.515..9.516 rows=1096 loops=1)
                                        Buckets: 2048  Batches: 1  Memory Usage: 59kB
                                        ->  Seq Scan on date_dim date_dim_4  (cost=0.00..2500.73 rows=1081 width=8) (actual time=4.476..9.395 rows=1096 loops=1)
                                              Filter: ((d_year >= 2000) AND (d_year <= 2002))
                                              Rows Removed by Filter: 71953
  ->  Sort  (cost=5502.35..5502.35 rows=1 width=120) (actual time=22624.522..22624.533 rows=100 loops=1)
        Sort Key: ('store'::text), item.i_brand_id, item.i_class_id, item.i_category_id
        Sort Method: top-N heapsort  Memory: 39kB
        ->  Nested Loop  (cost=5502.23..5502.34 rows=1 width=120) (actual time=15419.840..22623.918 rows=1228 loops=1)
              Join Filter: ((item.i_brand_id = item_1.i_brand_id) AND (item.i_class_id = item_1.i_class_id) AND (item.i_category_id = item_1.i_category_id))
              Rows Removed by Join Filter: 3254361
              ->  GroupAggregate  (cost=2751.11..2751.15 rows=1 width=60) (actual time=8953.186..8959.291 rows=2571 loops=1)
                    Group Key: item.i_brand_id, item.i_class_id, item.i_category_id
                    Filter: (sum(((store_sales.ss_quantity)::double precision * store_sales.ss_list_price)) > $9)
                    Rows Removed by Filter: 720
                    InitPlan 3 (returns $8)
                      ->  Seq Scan on date_dim date_dim_5  (cost=0.00..2683.36 rows=1 width=4) (actual time=4.806..9.737 rows=1 loops=1)
                            Filter: ((d_year = 2001) AND (d_moy = 12) AND (d_dom = 14))
                            Rows Removed by Filter: 73048
                    InitPlan 4 (returns $9)
                      ->  CTE Scan on avg_sales  (cost=0.00..0.02 rows=1 width=8) (actual time=639.534..639.534 rows=1 loops=1)
                    ->  Sort  (cost=67.74..67.74 rows=1 width=24) (actual time=8313.639..8315.464 rows=20982 loops=1)
                          Sort Key: item.i_brand_id, item.i_class_id, item.i_category_id
                          Sort Method: quicksort  Memory: 2076kB
                          ->  Nested Loop  (cost=1.03..67.73 rows=1 width=24) (actual time=1881.991..8306.300 rows=20982 loops=1)
                                ->  Nested Loop  (cost=0.74..12.93 rows=175 width=32) (actual time=1872.003..4793.051 rows=2806735 loops=1)
                                      ->  Nested Loop  (cost=0.31..2.54 rows=1 width=28) (actual time=1871.988..1929.005 rows=17718 loops=1)
                                            ->  HashAggregate  (cost=0.02..0.03 rows=1 width=8) (actual time=1871.980..1876.755 rows=17718 loops=1)
                                                  Group Key: cross_items.ss_item_sk
                                                  Batches: 1  Memory Usage: 1833kB
                                                  ->  CTE Scan on cross_items  (cost=0.00..0.02 rows=1 width=8) (actual time=1855.842..1867.887 rows=17718 loops=1)
                                            ->  Index Scan using pk_item on item  (cost=0.29..2.51 rows=1 width=20) (actual time=0.002..0.002 rows=1 loops=17718)
                                                  Index Cond: (i_item_sk = cross_items.ss_item_sk)
                                      ->  Index Scan using pk_store_sales on store_sales  (cost=0.43..8.64 rows=175 width=28) (actual time=0.005..0.139 rows=158 loops=17718)
                                            Index Cond: (ss_item_sk = item.i_item_sk)
                                ->  Index Scan using pk_date_dim on date_dim  (cost=0.29..0.31 rows=1 width=8) (actual time=0.001..0.001 rows=0 loops=2806735)
                                      Index Cond: (d_date_sk = store_sales.ss_sold_date_sk)
                                      Filter: (d_week_seq = $8)
                                      Rows Removed by Filter: 1
              ->  GroupAggregate  (cost=2751.11..2751.15 rows=1 width=60) (actual time=2.537..5.256 rows=1266 loops=2571)
                    Group Key: item_1.i_brand_id, item_1.i_class_id, item_1.i_category_id
                    Filter: (sum(((store_sales_1.ss_quantity)::double precision * store_sales_1.ss_list_price)) > $11)
                    Rows Removed by Filter: 390
                    InitPlan 5 (returns $10)
                      ->  Seq Scan on date_dim date_dim_6  (cost=0.00..2683.36 rows=1 width=4) (actual time=4.628..9.611 rows=1 loops=1)
                            Filter: ((d_year = 2000) AND (d_moy = 12) AND (d_dom = 14))
                            Rows Removed by Filter: 73048
                    InitPlan 6 (returns $11)
                      ->  CTE Scan on avg_sales avg_sales_1  (cost=0.00..0.02 rows=1 width=8) (actual time=0.001..0.001 rows=1 loops=1)
                    ->  Sort  (cost=67.74..67.74 rows=1 width=24) (actual time=2.515..3.051 rows=12822 loops=2571)
                          Sort Key: item_1.i_brand_id, item_1.i_class_id, item_1.i_category_id
                          Sort Method: quicksort  Memory: 1370kB
                          ->  Nested Loop  (cost=1.03..67.73 rows=1 width=24) (actual time=14.821..6460.073 rows=15821 loops=1)
                                ->  Nested Loop  (cost=0.74..12.93 rows=175 width=32) (actual time=4.941..2940.776 rows=2806735 loops=1)
                                      ->  Nested Loop  (cost=0.31..2.54 rows=1 width=28) (actual time=4.929..62.193 rows=17718 loops=1)
                                            ->  HashAggregate  (cost=0.02..0.03 rows=1 width=8) (actual time=4.912..10.034 rows=17718 loops=1)
                                                  Group Key: cross_items_1.ss_item_sk
                                                  Batches: 1  Memory Usage: 1833kB
                                                  ->  CTE Scan on cross_items cross_items_1  (cost=0.00..0.02 rows=1 width=8) (actual time=0.001..1.096 rows=17718 loops=1)
                                            ->  Index Scan using pk_item on item item_1  (cost=0.29..2.51 rows=1 width=20) (actual time=0.002..0.002 rows=1 loops=17718)
                                                  Index Cond: (i_item_sk = cross_items_1.ss_item_sk)
                                      ->  Index Scan using pk_store_sales on store_sales store_sales_1  (cost=0.43..8.64 rows=175 width=28) (actual time=0.005..0.140 rows=158 loops=17718)
                                            Index Cond: (ss_item_sk = item_1.i_item_sk)
                                ->  Index Scan using pk_date_dim on date_dim date_dim_1  (cost=0.29..0.31 rows=1 width=8) (actual time=0.001..0.001 rows=0 loops=2806735)
                                      Index Cond: (d_date_sk = store_sales_1.ss_sold_date_sk)
                                      Filter: (d_week_seq = $10)
                                      Rows Removed by Filter: 1
 ty_channel | ty_brand | ty_class | ty_category |      ty_sales      | ty_number_sales | ly_channel | ly_brand | ly_class | ly_category |      ly_sales      | ly_number_sales 
------------+----------+----------+-------------+--------------------+-----------------+------------+----------+----------+-------------+--------------------+-----------------
 store      |  1001001 |        1 |           1 | 46858.649999999994 |               9 | store      |  1001001 |        1 |           1 |  437935.7599999999 |             123
 store      |  1001001 |        1 |           2 |           60245.12 |              19 | store      |  1001001 |        1 |           2 |  45460.40000000001 |              14
 store      |  1001001 |        1 |           3 |           60566.83 |               9 | store      |  1001001 |        1 |           3 |           17955.11 |               4
 store      |  1001001 |        1 |           4 | 24499.149999999998 |               5 | store      |  1001001 |        1 |           4 |           10831.48 |               4
 store      |  1001001 |        1 |           7 |           12461.99 |               8 | store      |  1001001 |        1 |           7 | 36028.979999999996 |               6
 store      |  1001001 |        1 |           8 |  55357.90000000001 |              17 | store      |  1001001 |        1 |           8 |            9930.45 |               4
 store      |  1001001 |        1 |           9 |           23779.43 |               9 | store      |  1001001 |        1 |           9 |           16862.28 |               5
 store      |  1001001 |        1 |          10 | 29275.410000000003 |              11 | store      |  1001001 |        1 |          10 |           14403.86 |               2
 store      |  1001001 |        2 |           3 |            6921.57 |               2 | store      |  1001001 |        2 |           3 | 13562.880000000001 |               3
 store      |  1001001 |        2 |           7 | 16115.100000000002 |               2 | store      |  1001001 |        2 |           7 |            8900.12 |               4
 store      |  1001001 |        4 |           1 | 38717.159999999996 |               8 | store      |  1001001 |        4 |           1 |            8331.25 |               2
 store      |  1001001 |        8 |           7 | 10172.279999999999 |               6 | store      |  1001001 |        8 |           7 |            6080.33 |               3
 store      |  1001001 |       10 |           6 | 14386.650000000001 |               5 | store      |  1001001 |       10 |           6 | 18573.980000000003 |               5
 store      |  1001002 |        1 |           1 |  928470.1399999998 |             265 | store      |  1001002 |        1 |           1 |  543561.1599999998 |             152
 store      |  1001002 |        2 |           1 | 24434.880000000005 |               7 | store      |  1001002 |        2 |           1 |           13893.13 |               4
 store      |  1001002 |        3 |           1 |  74346.01000000001 |              19 | store      |  1001002 |        3 |           1 |           11278.82 |               1
 store      |  1001002 |        4 |           1 | 12149.039999999999 |               4 | store      |  1001002 |        4 |           1 |           20234.28 |               6
 store      |  1002001 |        1 |           2 | 15117.630000000001 |               4 | store      |  1002001 |        1 |           2 |           16025.94 |               4
 store      |  1002001 |        1 |           4 |  9483.869999999999 |               3 | store      |  1002001 |        1 |           4 |             6716.5 |               1
 store      |  1002001 |        2 |           1 | 53771.240000000005 |              12 | store      |  1002001 |        2 |           1 | 505232.78999999986 |             132
 store      |  1002001 |        2 |           3 |           31128.51 |               6 | store      |  1002001 |        2 |           3 |           13602.96 |               5
 store      |  1002001 |        2 |           4 | 63609.259999999995 |              19 | store      |  1002001 |        2 |           4 |           22445.89 |               5
 store      |  1002001 |        2 |           5 | 31243.149999999998 |               7 | store      |  1002001 |        2 |           5 |           13297.17 |               3
 store      |  1002001 |        2 |           6 |           22380.49 |              11 | store      |  1002001 |        2 |           6 |            5034.34 |               2
 store      |  1002001 |        2 |           7 | 12336.099999999999 |               4 | store      |  1002001 |        2 |           7 |             7665.5 |               1
 store      |  1002001 |        2 |           9 |           18655.25 |               6 | store      |  1002001 |        2 |           9 |            7314.09 |               4
 store      |  1002001 |        2 |          10 | 21837.770000000004 |               7 | store      |  1002001 |        2 |          10 |           48427.74 |               9
 store      |  1002001 |        3 |           3 |  7161.299999999999 |               2 | store      |  1002001 |        3 |           3 |  6001.139999999999 |               2
 store      |  1002001 |        3 |           4 |           15888.08 |               6 | store      |  1002001 |        3 |           4 |           10685.57 |               4
 store      |  1002001 |        9 |           8 |           30063.26 |               5 | store      |  1002001 |        9 |           8 |            19025.1 |               3
 store      |  1002001 |       13 |           6 |  8010.200000000001 |               1 | store      |  1002001 |       13 |           6 |           16042.93 |               2
 store      |  1002002 |        1 |           1 |           46217.07 |              14 | store      |  1002002 |        1 |           1 | 19322.899999999998 |               5
 store      |  1002002 |        2 |           1 | 1214886.7500000002 |             330 | store      |  1002002 |        2 |           1 |          689984.93 |             179
 store      |  1002002 |        3 |           1 |           37775.23 |              11 | store      |  1002002 |        3 |           1 | 12068.429999999998 |               2
 store      |  1002002 |        6 |           1 |            7574.76 |               2 | store      |  1002002 |        6 |           1 |  8911.279999999999 |               2
 store      |  1002002 |       13 |           1 |           40916.04 |               6 | store      |  1002002 |       13 |           1 |           16552.22 |               4
 store      |  1003001 |        2 |           1 |            8920.01 |               1 | store      |  1003001 |        2 |           1 |           18575.31 |               2
 store      |  1003001 |        3 |           1 |  60810.64000000001 |              13 | store      |  1003001 |        3 |           1 |  532863.3799999999 |             139
 store      |  1003001 |        3 |           3 |           11491.95 |               5 | store      |  1003001 |        3 |           3 |           26657.16 |               6
 store      |  1003001 |        3 |           5 |           25968.91 |               7 | store      |  1003001 |        3 |           5 | 21399.179999999997 |               4
 store      |  1003001 |        3 |           7 |  81581.79999999999 |              25 | store      |  1003001 |        3 |           7 |  63879.46000000001 |              10
 store      |  1003001 |        3 |          10 |  52724.02000000001 |              17 | store      |  1003001 |        3 |          10 |           24695.53 |               4
 store      |  1003001 |        4 |           1 |            6420.74 |               2 | store      |  1003001 |        4 |           1 |           10834.38 |               3
 store      |  1003001 |        4 |          10 |           11549.17 |               4 | store      |  1003001 |        4 |          10 |  5203.379999999999 |               1
 store      |  1003001 |        6 |           6 | 19202.300000000003 |               3 | store      |  1003001 |        6 |           6 |  7430.560000000001 |               3
 store      |  1003001 |        7 |           9 |           22635.01 |               4 | store      |  1003001 |        7 |           9 |            4572.22 |               2
 store      |  1003001 |       14 |           9 |           10776.69 |               6 | store      |  1003001 |       14 |           9 | 13792.769999999999 |               4
 store      |  1003002 |        1 |           1 |           82058.94 |              21 | store      |  1003002 |        1 |           1 |           22397.71 |               5
 store      |  1003002 |        2 |           1 |           22777.89 |               6 | store      |  1003002 |        2 |           1 |           22362.11 |               4
 store      |  1003002 |        3 |           1 |  946980.9500000008 |             274 | store      |  1003002 |        3 |           1 |          566893.21 |             167
 store      |  1003002 |        8 |           1 |           40958.08 |              13 | store      |  1003002 |        8 |           1 |           18343.59 |               4
 store      |  1003002 |       16 |           1 | 18153.010000000002 |               7 | store      |  1003002 |       16 |           1 |            6787.55 |               1
 store      |  1004001 |        2 |           3 |           11587.15 |               2 | store      |  1004001 |        2 |           3 | 21276.260000000002 |               2
 store      |  1004001 |        3 |           5 | 34099.619999999995 |               8 | store      |  1004001 |        3 |           5 |           11716.41 |               2
 store      |  1004001 |        3 |          10 |            6529.92 |               2 | store      |  1004001 |        3 |          10 |           10781.84 |               2
 store      |  1004001 |        4 |           1 |  42748.81999999999 |               9 | store      |  1004001 |        4 |           1 |  517394.5900000002 |             137
 store      |  1004001 |        4 |           2 | 33095.049999999996 |               9 | store      |  1004001 |        4 |           2 |           41278.92 |               9
 store      |  1004001 |        4 |           3 | 17872.879999999997 |               9 | store      |  1004001 |        4 |           3 |  7567.200000000001 |               2
 store      |  1004001 |        4 |           4 |           79019.78 |              23 | store      |  1004001 |        4 |           4 |           21084.24 |               7
 store      |  1004001 |        4 |           6 |           38777.79 |              10 | store      |  1004001 |        4 |           6 |           11510.09 |               3
 store      |  1004001 |        4 |           7 |           30078.11 |              12 | store      |  1004001 |        4 |           7 | 58529.009999999995 |              16
 store      |  1004001 |        4 |           8 |           84219.85 |              21 | store      |  1004001 |        4 |           8 |           28030.91 |               5
 store      |  1004001 |        4 |           9 |           47558.37 |              16 | store      |  1004001 |        4 |           9 |           13504.27 |               5
 store      |  1004001 |        4 |          10 |            46469.3 |              14 | store      |  1004001 |        4 |          10 | 14044.079999999998 |               6
 store      |  1004001 |       14 |          10 | 4376.8099999999995 |               3 | store      |  1004001 |       14 |          10 |               4851 |               1
 store      |  1004001 |       15 |          10 |           16858.55 |               2 | store      |  1004001 |       15 |          10 |           10470.91 |               4
 store      |  1004002 |        1 |           1 |           46845.03 |              13 | store      |  1004002 |        1 |           1 |           12550.64 |               6
 store      |  1004002 |        2 |           1 |  72784.44999999998 |              20 | store      |  1004002 |        2 |           1 |            35269.7 |               9
 store      |  1004002 |        3 |           1 |  85656.04000000001 |              22 | store      |  1004002 |        3 |           1 | 11527.099999999999 |               7
 store      |  1004002 |        4 |           1 | 1200586.4900000007 |             328 | store      |  1004002 |        4 |           1 |  762869.8599999996 |             207
 store      |  1004002 |        6 |           1 |           16776.75 |               4 | store      |  1004002 |        6 |           1 |           17750.07 |               2
 store      |  2001001 |        1 |           1 |  38974.23000000001 |              13 | store      |  2001001 |        1 |           1 |           19457.28 |               2
 store      |  2001001 |        1 |           2 |           33881.56 |              12 | store      |  2001001 |        1 |           2 | 495058.75000000006 |             155
 store      |  2001001 |        1 |           3 |           26023.96 |               6 | store      |  2001001 |        1 |           3 |           12864.42 |               5
 store      |  2001001 |        1 |           5 |  71397.22000000002 |              15 | store      |  2001001 |        1 |           5 |           21192.04 |               6
 store      |  2001001 |        1 |           7 |           48932.11 |              14 | store      |  2001001 |        1 |           7 | 34849.549999999996 |               8
 store      |  2001001 |        1 |           8 | 53571.619999999995 |              15 | store      |  2001001 |        1 |           8 |           17634.58 |               4
 store      |  2001001 |        1 |           9 |           23486.13 |               6 | store      |  2001001 |        1 |           9 | 15474.640000000001 |               6
 store      |  2001001 |        1 |          10 |           45509.55 |              15 | store      |  2001001 |        1 |          10 |           15676.05 |               5
 store      |  2001001 |        3 |           1 | 21325.969999999998 |               5 | store      |  2001001 |        3 |           1 |           11717.73 |               5
 store      |  2001001 |        3 |           7 |           15828.09 |               3 | store      |  2001001 |        3 |           7 |               8002 |               2
 store      |  2001001 |        3 |          10 |  8605.809999999998 |               4 | store      |  2001001 |        3 |          10 |  7092.499999999999 |               3
 store      |  2001001 |        8 |          10 | 4517.5599999999995 |               2 | store      |  2001001 |        8 |          10 |           19342.26 |               4
 store      |  2001001 |       13 |           8 | 47981.450000000004 |               9 | store      |  2001001 |       13 |           8 |           11537.85 |               3
 store      |  2001002 |        1 |           2 | 1076269.9299999995 |             271 | store      |  2001002 |        1 |           2 |  440227.7100000003 |             134
 store      |  2001002 |        4 |           2 |           65005.32 |              16 | store      |  2001002 |        4 |           2 | 23444.539999999997 |              11
 store      |  2001002 |        5 |           2 |  50575.96000000001 |              20 | store      |  2001002 |        5 |           2 | 31056.930000000004 |               5
 store      |  2001002 |        6 |           2 | 23652.760000000002 |               5 | store      |  2001002 |        6 |           2 |           11268.89 |               2
 store      |  2001002 |       10 |           2 |            19762.8 |               3 | store      |  2001002 |       10 |           2 | 12648.400000000001 |               3
 store      |  2001002 |       11 |           2 |  74411.25000000001 |              17 | store      |  2001002 |       11 |           2 |           27715.61 |               8
 store      |  2001002 |       14 |           2 |            10607.5 |               3 | store      |  2001002 |       14 |           2 |               5236 |               1
 store      |  2001002 |       16 |           2 |            12418.2 |               6 | store      |  2001002 |       16 |           2 | 19954.440000000002 |               6
 store      |  2002001 |        1 |           5 |  5381.639999999999 |               2 | store      |  2002001 |        1 |           5 |            8151.55 |               3
 store      |  2002001 |        2 |           1 |           24240.46 |               9 | store      |  2002001 |        2 |           1 |              13956 |               2
 store      |  2002001 |        2 |           2 |          103448.15 |              22 | store      |  2002001 |        2 |           2 |  556507.8999999999 |             143
 store      |  2002001 |        2 |           3 |  50099.12999999999 |              12 | store      |  2002001 |        2 |           3 |            18668.5 |               7
 store      |  2002001 |        2 |           5 |  9737.759999999998 |               6 | store      |  2002001 |        2 |           5 |            21601.8 |               3
 store      |  2002001 |        2 |           6 |           35563.58 |               9 | store      |  2002001 |        2 |           6 |  7720.469999999999 |               3
 store      |  2002001 |        2 |           7 | 21172.120000000003 |               8 | store      |  2002001 |        2 |           7 |            5899.51 |               2
 store      |  2002001 |        2 |           8 | 13837.010000000002 |               3 | store      |  2002001 |        2 |           8 |            6141.11 |               2
(100 rows)

UPDATE time_statistics SET e_time = TRANSACTION_TIMESTAMP() WHERE template = '../query_postgresql/query14.tpl' AND stream = 8;
psql:/tmp/s1-basline/throughput/query_8.sql:1389: NOTICE:  duration: 0.335 ms  plan:
Query Text: UPDATE time_statistics SET e_time = TRANSACTION_TIMESTAMP() WHERE template = '../query_postgresql/query14.tpl' AND stream = 8;
Update on time_statistics  (cost=0.00..12.41 rows=0 width=0) (actual time=0.334..0.335 rows=0 loops=1)
  ->  Seq Scan on time_statistics  (cost=0.00..12.41 rows=1 width=14) (actual time=0.059..0.060 rows=1 loops=1)
        Filter: ((template = '../query_postgresql/query14.tpl'::text) AND (stream = 8))
        Rows Removed by Filter: 446
UPDATE 1
LOAD 'auto_explain'; SET auto_explain.log_min_duration TO 0; SET auto_explain.log_analyze TO on; SET auto_explain.log_level TO notice; INSERT INTO time_statistics (template, s_time, stream, query, seed) VALUES ('query71.tpl', TRANSACTION_TIMESTAMP(), 8, 22, 813661938);
LOAD
SET
SET
SET
psql:/tmp/s1-basline/throughput/query_8.sql:1390: NOTICE:  duration: 0.010 ms  plan:
Query Text: INSERT INTO time_statistics (template, s_time, stream, query, seed) VALUES ('query71.tpl', TRANSACTION_TIMESTAMP(), 8, 22, 813661938);
Insert on time_statistics  (cost=0.00..0.01 rows=0 width=0) (actual time=0.010..0.010 rows=0 loops=1)
  ->  Result  (cost=0.00..0.01 rows=1 width=64) (actual time=0.002..0.002 rows=1 loops=1)
INSERT 0 1
select i_brand_id brand_id, i_brand brand,t_hour,t_minute,
 	sum(ext_price) ext_price
 from item, (select ws_ext_sales_price as ext_price, 
                        ws_sold_date_sk as sold_date_sk,
                        ws_item_sk as sold_item_sk,
                        ws_sold_time_sk as time_sk  
                 from web_sales,date_dim
                 where d_date_sk = ws_sold_date_sk
                   and d_moy=12
                   and d_year=2001
                 union all
                 select cs_ext_sales_price as ext_price,
                        cs_sold_date_sk as sold_date_sk,
                        cs_item_sk as sold_item_sk,
                        cs_sold_time_sk as time_sk
                 from catalog_sales,date_dim
                 where d_date_sk = cs_sold_date_sk
                   and d_moy=12
                   and d_year=2001
                 union all
                 select ss_ext_sales_price as ext_price,
                        ss_sold_date_sk as sold_date_sk,
                        ss_item_sk as sold_item_sk,
                        ss_sold_time_sk as time_sk
                 from store_sales,date_dim
                 where d_date_sk = ss_sold_date_sk
                   and d_moy=12
                   and d_year=2001
                 ) tmp,time_dim
 where
   sold_item_sk = i_item_sk
   and i_manager_id=1
   and time_sk = t_time_sk
   and (t_meal_time = 'breakfast' or t_meal_time = 'dinner')
 group by i_brand, i_brand_id,t_hour,t_minute
 order by ext_price desc, i_brand_id
 ;
psql:/tmp/s1-basline/throughput/query_8.sql:1427: NOTICE:  duration: 355.489 ms  plan:
Query Text: select i_brand_id brand_id, i_brand brand,t_hour,t_minute,
 	sum(ext_price) ext_price
 from item, (select ws_ext_sales_price as ext_price, 
                        ws_sold_date_sk as sold_date_sk,
                        ws_item_sk as sold_item_sk,
                        ws_sold_time_sk as time_sk  
                 from web_sales,date_dim
                 where d_date_sk = ws_sold_date_sk
                   and d_moy=12
                   and d_year=2001
                 union all
                 select cs_ext_sales_price as ext_price,
                        cs_sold_date_sk as sold_date_sk,
                        cs_item_sk as sold_item_sk,
                        cs_sold_time_sk as time_sk
                 from catalog_sales,date_dim
                 where d_date_sk = cs_sold_date_sk
                   and d_moy=12
                   and d_year=2001
                 union all
                 select ss_ext_sales_price as ext_price,
                        ss_sold_date_sk as sold_date_sk,
                        ss_item_sk as sold_item_sk,
                        ss_sold_time_sk as time_sk
                 from store_sales,date_dim
                 where d_date_sk = ss_sold_date_sk
                   and d_moy=12
                   and d_year=2001
                 ) tmp,time_dim
 where
   sold_item_sk = i_item_sk
   and i_manager_id=1
   and time_sk = t_time_sk
   and (t_meal_time = 'breakfast' or t_meal_time = 'dinner')
 group by i_brand, i_brand_id,t_hour,t_minute
 order by ext_price desc, i_brand_id
 ;
Sort  (cost=44866.78..44866.80 rows=10 width=71) (actual time=308.645..354.958 rows=1192 loops=1)
  Sort Key: (sum("*SELECT* 3".ext_price)) DESC, item.i_brand_id
  Sort Method: quicksort  Memory: 179kB
  ->  Finalize GroupAggregate  (cost=44865.39..44866.61 rows=10 width=71) (actual time=307.338..354.535 rows=1192 loops=1)
        Group Key: item.i_brand, item.i_brand_id, time_dim.t_hour, time_dim.t_minute
        ->  Gather Merge  (cost=44865.39..44866.41 rows=8 width=71) (actual time=307.334..354.165 rows=1205 loops=1)
              Workers Planned: 2
              Workers Launched: 2
              ->  Partial GroupAggregate  (cost=43865.36..43865.46 rows=4 width=71) (actual time=182.237..182.411 rows=402 loops=3)
                    Group Key: item.i_brand, item.i_brand_id, time_dim.t_hour, time_dim.t_minute
                    ->  Sort  (cost=43865.36..43865.37 rows=4 width=71) (actual time=182.229..182.250 rows=405 loops=3)
                          Sort Key: item.i_brand, item.i_brand_id, time_dim.t_hour, time_dim.t_minute
                          Sort Method: quicksort  Memory: 60kB
                          Worker 0:  Sort Method: quicksort  Memory: 44kB
                          Worker 1:  Sort Method: quicksort  Memory: 103kB
                          ->  Nested Loop  (cost=1.00..43865.32 rows=4 width=71) (actual time=9.468..181.499 rows=405 loops=3)
                                ->  Nested Loop  (cost=0.71..43849.31 rows=15 width=71) (actual time=7.498..177.277 rows=1030 loops=3)
                                      ->  Parallel Append  (cost=0.42..43037.54 rows=870 width=24) (actual time=6.806..67.033 rows=55522 loops=3)
                                            ->  Subquery Scan on "*SELECT* 3"  (cost=0.43..43033.19 rows=1172 width=24) (actual time=8.011..110.841 rows=93155 loops=1)
                                                  ->  Nested Loop  (cost=0.43..43021.47 rows=1172 width=32) (actual time=8.010..103.555 rows=93155 loops=1)
                                                        ->  Seq Scan on date_dim  (cost=0.00..2500.73 rows=31 width=8) (actual time=7.925..13.949 rows=31 loops=1)
                                                              Filter: ((d_moy = 12) AND (d_year = 2001))
                                                              Rows Removed by Filter: 73018
                                                        ->  Index Scan using i_ss_sold_date_sk on store_sales  (cost=0.43..1291.97 rows=1515 width=32) (actual time=0.013..2.423 rows=3005 loops=31)
                                                              Index Cond: (ss_sold_date_sk = date_dim.d_date_sk)
                                            ->  Subquery Scan on "*SELECT* 1"  (cost=0.42..13897.22 rows=307 width=24) (actual time=8.057..45.751 rows=25038 loops=1)
                                                  ->  Nested Loop  (cost=0.42..13894.15 rows=307 width=32) (actual time=8.056..43.684 rows=25038 loops=1)
                                                        ->  Seq Scan on date_dim date_dim_1  (cost=0.00..2500.73 rows=31 width=8) (actual time=7.963..13.985 rows=31 loops=1)
                                                              Filter: ((d_moy = 12) AND (d_year = 2001))
                                                              Rows Removed by Filter: 73018
                                                        ->  Index Scan using i_ws_sold_date_sk on web_sales  (cost=0.42..363.56 rows=397 width=32) (actual time=0.015..0.813 rows=808 loops=31)
                                                              Index Cond: (ws_sold_date_sk = date_dim_1.d_date_sk)
                                            ->  Subquery Scan on "*SELECT* 2"  (cost=0.43..4237.70 rows=610 width=24) (actual time=4.347..34.157 rows=48372 loops=1)
                                                  ->  Nested Loop  (cost=0.43..4231.60 rows=610 width=32) (actual time=4.347..30.314 rows=48372 loops=1)
                                                        ->  Seq Scan on date_dim date_dim_2  (cost=0.00..2500.73 rows=31 width=8) (actual time=4.330..9.562 rows=31 loops=1)
                                                              Filter: ((d_moy = 12) AND (d_year = 2001))
                                                              Rows Removed by Filter: 73018
                                                        ->  Index Scan using i_cs_sold_date_sk on catalog_sales  (cost=0.43..47.98 rows=785 width=32) (actual time=0.005..0.399 rows=1560 loops=31)
                                                              Index Cond: (cs_sold_date_sk = date_dim_2.d_date_sk)
                                      ->  Index Scan using pk_item on item  (cost=0.29..0.93 rows=1 width=63) (actual time=0.002..0.002 rows=0 loops=166565)
                                            Index Cond: (i_item_sk = "*SELECT* 3".sold_item_sk)
                                            Filter: (i_manager_id = 1)
                                            Rows Removed by Filter: 1
                                ->  Index Scan using pk_time_dim on time_dim  (cost=0.29..1.07 rows=1 width=16) (actual time=0.004..0.004 rows=0 loops=3090)
                                      Index Cond: (t_time_sk = "*SELECT* 3".time_sk)
                                      Filter: ((t_meal_time = 'breakfast'::bpchar) OR (t_meal_time = 'dinner'::bpchar))
                                      Rows Removed by Filter: 1
 brand_id |                       brand                        | t_hour | t_minute |     ext_price      
----------+----------------------------------------------------+--------+----------+--------------------
  2004002 | edu packimporto #2                                 |     17 |       18 |                   
  2004002 | edu packimporto #2                                 |      9 |       39 |                   
  4002002 | importoedu pack #2                                 |     19 |       19 |                   
  4003002 | exportiedu pack #2                                 |     18 |        1 |                   
  7002004 | importobrand #4                                    |     18 |       42 |                   
  7002010 | importobrand #10                                   |     17 |       29 |                   
  8003005 | importoexporti #2                                  |      9 |        6 |                   
 10009016 | amalgamalg #2                                      |     19 |       50 |           21381.12
  4002001 | exportiimporto #2                                  |      9 |        5 |           19913.36
  6015006 | scholarbrand #6                                    |      9 |        5 |           17952.12
  4003002 | exportiedu pack #2                                 |      6 |       57 |           17870.64
  6013004 | exportibrand #4                                    |      7 |       47 |           17645.32
  2002002 | importoimporto #2                                  |     17 |       48 |            15410.4
  5004001 | edu packunivamalg #6                               |     19 |       45 |            14930.3
  3002002 | importoexporti #2                                  |     18 |       50 |           14467.92
  1004002 | edu packamalg #2                                   |     18 |       45 |            13329.9
  7006004 | corpbrand #4                                       |     17 |       49 |           13205.82
  2004001 | corpunivamalg #6                                   |     18 |       34 |           12835.84
  1004001 | amalgimporto #2                                    |     18 |       19 |           12798.57
  8002003 | edu packscholar #2                                 |      9 |       31 |           12150.75
  4002001 | edu packedu pack #2                                |     18 |       17 |            12055.5
  1001002 | amalgamalg #2                                      |     19 |       43 |           11837.76
  8002010 | importonameless #10                                |     17 |       41 |            11799.8
 10009005 | maxiunivamalg #5                                   |      8 |        6 |           11372.84
  2001002 | amalgimporto #2                                    |      9 |       43 |            11268.4
  4003001 | maxibrand #10                                      |      8 |        1 |           10955.91
  1002002 | importoamalg #2                                    |     17 |       15 |           10783.68
  4001002 | amalgedu pack #2                                   |      9 |        3 |           10780.98
  3004002 | edu packexporti #2                                 |      6 |       35 |            10704.2
  1003002 | exportiamalg #2                                    |     18 |       12 |           10649.67
  1002001 | maxinameless #10                                   |     17 |        8 |           10527.54
  1003002 | exportiamalg #2                                    |     17 |       51 |           10496.55
  8002003 | edu packscholar #2                                 |     17 |       57 |              10432
  4002002 | importoedu pack #2                                 |     19 |       11 |           10403.51
  6001004 | amalgcorp #4                                       |     19 |       47 |           10361.54
  3002002 | importoexporti #2                                  |      9 |       23 |           10134.12
 10011001 | namelessunivamalg #2                               |     18 |       22 |           10108.29
  6009006 | maxicorp #6                                        |     18 |       43 |           10061.41
  6009006 | maxicorp #6                                        |      9 |        0 |             9948.6
  9009006 | maximaxi #6                                        |      9 |       21 |            9821.28
  5001002 | amalgscholar #2                                    |      7 |       13 |            9786.84
  5002002 | importoscholar #2                                  |     19 |       23 |            9778.02
 10009016 | amalgamalg #2                                      |     19 |       48 |            9641.31
  9012010 | importounivamalg #10                               |     19 |        9 |            9570.39
  4003001 | exportimaxi #6                                     |      9 |       14 |            9403.13
  7002006 | importobrand #6                                    |     19 |       25 |            9359.24
  1003002 | exportiamalg #2                                    |     17 |       52 |               9354
  6004008 | edu packcorp #8                                    |     18 |       47 |            9336.66
  4003001 | exportimaxi #6                                     |     19 |       14 |            9335.04
  5004002 | edu packscholar #2                                 |     19 |       19 |            9268.28
  8014008 | edu packmaxi #8                                    |     19 |       27 |            9148.72
  5003002 | exportischolar #2                                  |      7 |        1 |             9144.3
  4004002 | edu packedu pack #2                                |     17 |       36 |            8969.44
  1002001 | maxinameless #10                                   |     18 |       32 |            8745.76
  5002002 | importoscholar #2                                  |     19 |       34 |             8578.5
  2001002 | amalgimporto #2                                    |     18 |       14 |            8504.94
  8003005 | importoexporti #2                                  |     18 |       26 |            8174.53
  8003009 | importounivamalg #6                                |     17 |       13 |               8151
  7014008 | edu packnameless #8                                |     17 |       39 |            7865.82
  4001002 | amalgedu pack #2                                   |     19 |       31 |  7786.469999999999
  6015006 | scholarbrand #6                                    |      6 |       45 |            7770.59
  4002002 | importoedu pack #2                                 |     18 |       55 |            7651.62
  2002001 | edu packexporti #2                                 |      7 |        0 |            7602.85
  3004002 | edu packexporti #2                                 |      9 |       43 |            7587.56
  1001002 | amalgamalg #2                                      |     17 |        3 |            7579.32
 10009005 | maxiunivamalg #5                                   |      9 |       19 |            7543.87
  6013008 | exportibrand #8                                    |     18 |       58 |             7470.8
  2003002 | exportiimporto #2                                  |      9 |        9 |               7462
  1001002 | amalgamalg #2                                      |     17 |       53 |            7329.18
  9005002 | scholarmaxi #2                                     |      9 |       23 |            7321.56
 10006012 | corpunivamalg #12                                  |      9 |        1 |            7237.65
  6001001 | amalgnameless #2                                   |     19 |       24 |            7182.03
  2004002 | edu packimporto #2                                 |     19 |       33 |            7106.05
  4001002 | amalgedu pack #2                                   |     19 |       32 |             7097.2
  3003002 | exportiexporti #2                                  |     19 |       31 | 7061.9400000000005
  1004002 | edu packamalg #2                                   |     17 |       26 |            7053.54
  9004008 | edu packmaxi #8                                    |     17 |        5 |            7009.08
  1003002 | exportiamalg #2                                    |      8 |       44 |               6970
  6013003 | importoimporto #2                                  |     17 |       27 |               6940
  8003006 | exportinameless #6                                 |      9 |        7 |            6838.29
  1004001 | scholaramalgamalg #11                              |     17 |       46 |            6829.46
 10009016 | amalgamalg #2                                      |     19 |       55 |            6827.04
  3003001 | namelesscorp #6                                    |     18 |       10 |            6785.68
  5002001 | corpcorp #6                                        |      6 |       27 |            6777.05
  9004008 | edu packmaxi #8                                    |     18 |        7 |            6773.31
  3004001 | amalgexporti #2                                    |     18 |        6 |               6732
  4001002 | amalgedu pack #2                                   |     17 |       11 |            6718.57
  2004002 | edu packimporto #2                                 |      9 |       40 |            6683.88
  8012003 | amalgexporti #2                                    |     17 |       52 |            6622.44
  8014008 | edu packmaxi #8                                    |      9 |       47 |            6592.95
 10005015 | scholarunivamalg #15                               |      9 |        4 |            6589.31
 10004013 | edu packunivamalg #13                              |     17 |        2 |             6575.1
  3004002 | edu packexporti #2                                 |      9 |       56 |             6570.2
  6016008 | corpbrand #8                                       |      9 |       40 |            6568.56
 10004015 | edu packunivamalg #15                              |      8 |       50 |             6543.6
  2003002 | exportiimporto #2                                  |      7 |       22 |               6391
  1003002 | exportiamalg #2                                    |     17 |       30 |            6370.88
  1002002 | importoamalg #2                                    |     19 |       12 |             6345.7
  7016004 | corpnameless #4                                    |      8 |       57 |             6316.2
  7011003 | scholarunivamalg #6                                |     19 |       19 |             6309.2
  5002002 | importoscholar #2                                  |     17 |       52 |            6302.86
  5002001 | exportiunivamalg #10                               |      7 |        9 |            6289.47
  1001002 | amalgamalg #2                                      |     19 |       26 |            6261.75
  7014008 | edu packnameless #8                                |      9 |       36 |            6257.42
  5001002 | amalgscholar #2                                    |      8 |        9 |            6251.76
  6014003 | brandbrand #8                                      |     18 |       46 |             6213.5
  4001002 | amalgedu pack #2                                   |     18 |        5 |            6179.32
  3004002 | edu packexporti #2                                 |     19 |       33 |            6169.68
  5004001 | importounivamalg #5                                |      8 |       31 |            6134.01
  8012003 | amalgexporti #2                                    |      9 |       26 |             6106.8
  3004002 | edu packexporti #2                                 |     18 |       20 |            6059.95
  8009010 | maxinameless #10                                   |     17 |       20 |            6043.68
  6003007 | edu packscholar #2                                 |     18 |       36 |            6038.49
  1001001 | importoimporto #2                                  |      9 |       10 |             6022.5
  6006002 | corpcorp #2                                        |     17 |        2 |            6015.06
  5002001 | corpcorp #6                                        |      7 |       15 |             5998.5
  3003002 | exportiexporti #2                                  |      7 |       41 |            5988.51
  6003007 | edu packscholar #2                                 |      8 |       45 |            5982.99
  2002001 | edu packexporti #2                                 |      8 |       22 |            5951.88
  9014004 | edu packunivamalg #4                               |     18 |       16 |            5931.24
  3004002 | edu packexporti #2                                 |     18 |       16 |            5875.92
  2001001 | importoimporto #2                                  |     19 |       55 |            5864.32
 10006009 | amalgedu pack #2                                   |      9 |       58 |            5847.38
  2002001 | importounivamalg #10                               |     18 |        1 |             5813.5
  1003002 | exportiamalg #2                                    |     18 |       50 |             5806.8
  6005001 | amalgnameless #10                                  |      6 |       43 |            5794.52
  5003002 | exportischolar #2                                  |     19 |       37 |             5785.8
  3003002 | exportiexporti #2                                  |     19 |       14 |            5764.22
  7007010 | brandbrand #10                                     |     18 |       14 |            5726.24
  6015006 | scholarbrand #6                                    |     19 |       32 |            5723.19
  2001001 | importoimporto #2                                  |      9 |       25 |            5699.05
  1001002 | amalgamalg #2                                      |     19 |       36 |               5673
  6013004 | exportibrand #4                                    |     17 |       16 |             5669.3
  9016009 | importounivamalg #10                               |     17 |       52 |            5657.86
  1004001 | scholaramalgamalg #11                              |     18 |       37 |             5625.9
  2003001 | amalgmaxi #6                                       |      8 |       51 |            5601.84
  8002010 | importonameless #10                                |      9 |       39 |            5569.03
  5003002 | exportischolar #2                                  |     18 |       32 | 5552.8099999999995
  2002002 | importoimporto #2                                  |     19 |       58 |             5548.2
  2002001 | edu packexporti #2                                 |     19 |       19 |            5547.37
  6014003 | brandbrand #8                                      |      9 |       59 |             5534.1
  1001002 | amalgamalg #2                                      |      8 |       43 |             5520.2
  8002010 | importonameless #10                                |     17 |        3 |            5502.75
  1001002 | amalgamalg #2                                      |     19 |       19 |            5463.04
  5001002 | amalgscholar #2                                    |      9 |       28 |            5425.56
  2002001 | importounivamalg #10                               |      9 |       26 |            5407.22
  6013004 | exportibrand #4                                    |     18 |       14 |            5399.55
  1001002 | amalgamalg #2                                      |      9 |       43 |               5397
  8003006 | exportinameless #6                                 |      8 |       23 |            5369.28
  2002002 | importoimporto #2                                  |      9 |        3 |            5354.24
  6003007 | edu packscholar #2                                 |     19 |       49 |             5352.5
 10005015 | scholarunivamalg #15                               |      6 |       10 |               5341
  6008003 | edu packedu pack #2                                |     17 |       32 |            5323.12
  4003002 | exportiedu pack #2                                 |      8 |       29 |            5317.76
  5001002 | amalgscholar #2                                    |      7 |        8 |             5271.6
  2003002 | exportiimporto #2                                  |     17 |       49 |             5238.3
 10002010 | importounivamalg #10                               |     19 |       34 |            5212.08
  8011004 | amalgmaxi #4                                       |     17 |       12 |             5185.2
  9005002 | scholarmaxi #2                                     |     17 |       18 |             5178.8
  2001001 | importoimporto #2                                  |      9 |       37 |            5171.76
  6001008 | amalgcorp #8                                       |     18 |       23 |               5157
 10011001 | namelessunivamalg #2                               |     18 |       48 |            5040.59
  1003002 | exportiamalg #2                                    |     17 |       55 |             5008.3
 10009005 | maxiunivamalg #5                                   |     17 |       53 |            4997.35
  7016001 | univnameless #2                                    |     18 |       32 |            4990.58
  9011003 | edu packamalg #2                                   |     18 |       35 |             4970.7
  5004001 | edu packnameless #4                                |     17 |       43 |             4929.3
  9005008 | scholarmaxi #8                                     |     17 |        7 |            4923.99
  6013008 | exportibrand #8                                    |     17 |       40 |             4898.4
  7003008 | exportibrand #8                                    |      8 |        6 |            4894.56
  8012003 | amalgexporti #2                                    |     17 |        4 |            4872.75
 10004015 | edu packunivamalg #15                              |      7 |       38 |             4871.9
  7007010 | brandbrand #10                                     |     17 |       23 |            4803.35
  4003002 | exportiedu pack #2                                 |      8 |       19 |            4791.36
  7002006 | importobrand #6                                    |     19 |        5 |            4789.89
  6008003 | edu packedu pack #2                                |      9 |       54 |            4749.68
  4003001 | maxibrand #10                                      |     19 |       13 |             4739.8
  2001002 | amalgimporto #2                                    |     18 |       41 |            4720.59
  1002002 | importoamalg #2                                    |      8 |       17 |            4671.24
  3004002 | edu packexporti #2                                 |     17 |       10 |             4652.1
  3003001 | namelesscorp #6                                    |      6 |       31 |             4641.4
  9004005 | edu packscholar #2                                 |     19 |       16 |            4601.05
  3002001 | univamalgamalg #10                                 |      8 |       10 |            4596.28
  6015006 | scholarbrand #6                                    |      9 |        8 |            4569.75
  1003002 | exportiamalg #2                                    |     17 |       35 |            4563.58
  5004002 | edu packscholar #2                                 |     17 |       49 |            4552.02
  2001001 | importoimporto #2                                  |      7 |       19 |            4533.21
  9004005 | edu packscholar #2                                 |     17 |       48 |            4520.67
  5004001 | importounivamalg #5                                |      9 |       12 |            4519.02
  8002003 | edu packscholar #2                                 |     17 |       11 |            4488.88
  9001005 | exportiexporti #2                                  |      8 |       42 |             4476.8
  7016001 | univnameless #2                                    |     17 |       12 |             4460.8
  5004001 | importounivamalg #5                                |     18 |        7 |             4456.7
  5002001 | corpcorp #6                                        |     18 |       31 |            4449.02
 10009005 | maxiunivamalg #5                                   |      6 |       21 |             4429.8
  2003002 | exportiimporto #2                                  |     19 |       17 |            4398.84
  3004002 | edu packexporti #2                                 |      9 |       47 |            4353.38
  5001002 | amalgscholar #2                                    |      9 |       10 |             4345.2
  2004001 | exportiedu pack #2                                 |     18 |       31 |            4332.96
  8009010 | maxinameless #10                                   |     17 |       59 |             4320.6
  3004002 | edu packexporti #2                                 |      9 |        2 |             4307.6
  8006007 | namelessunivamalg #8                               |     19 |       18 |             4304.4
  7003008 | exportibrand #8                                    |      9 |        3 |               4284
  2004002 | edu packimporto #2                                 |      9 |        0 |             4256.3
  8002003 | edu packscholar #2                                 |     18 |       43 |            4245.98
  4002002 | importoedu pack #2                                 |     17 |       30 |            4236.05
  1003002 | exportiamalg #2                                    |      9 |       11 |            4221.24
  6013004 | exportibrand #4                                    |      9 |       56 |            4198.74
 10011001 | namelessunivamalg #2                               |      7 |        8 |             4162.5
  2004002 | edu packimporto #2                                 |      9 |       43 |            4154.94
  7016001 | univnameless #2                                    |      9 |       37 |            4154.92
  4004002 | edu packedu pack #2                                |      9 |       32 |             4136.5
  8012003 | amalgexporti #2                                    |     18 |       46 |            4135.56
  1002002 | importoamalg #2                                    |      8 |       33 |            4120.55
  1004001 | scholaramalgamalg #11                              |     17 |        9 |            4105.64
  2004001 | corpunivamalg #6                                   |     18 |        1 |            4097.34
  3002002 | importoexporti #2                                  |     19 |       58 |            4088.04
  2003002 | exportiimporto #2                                  |     18 |       12 |            4085.25
  9004005 | edu packscholar #2                                 |      9 |        4 |               4070
  8003009 | importounivamalg #6                                |      7 |       18 |            4050.26
  7003008 | exportibrand #8                                    |     17 |       32 |             4041.3
  7002006 | importobrand #6                                    |     17 |       12 |            4032.57
  4003002 | exportiedu pack #2                                 |     17 |        3 |             3996.4
  8005002 | scholarnameless #2                                 |      6 |        2 |            3994.28
  1001001 | importoimporto #2                                  |     17 |       40 |            3974.25
  9011003 | edu packamalg #2                                   |     18 |       25 |            3942.45
  6001008 | amalgcorp #8                                       |      9 |       59 |            3941.61
  2003002 | exportiimporto #2                                  |     18 |       59 |            3933.27
  8012003 | amalgexporti #2                                    |      8 |       19 |               3933
  1002002 | importoamalg #2                                    |      9 |        5 |            3929.31
  7002006 | importobrand #6                                    |      9 |       30 |             3901.5
  5002002 | importoscholar #2                                  |     19 |       55 |            3884.36
  6013008 | exportibrand #8                                    |      8 |       52 |            3878.55
  4001001 | importounivamalg #12                               |      7 |        8 |             3870.4
  1003002 | exportiamalg #2                                    |     17 |       58 |            3870.24
  1004002 | edu packamalg #2                                   |      7 |       21 |            3861.21
  8015006 | scholarmaxi #6                                     |     18 |       15 |            3859.92
  8011004 | amalgmaxi #4                                       |     19 |       19 |            3858.26
  1001001 | importoimporto #2                                  |     19 |       48 |             3832.4
  4002002 | importoedu pack #2                                 |      8 |        2 |            3794.31
  1004001 | edu packamalg #2                                   |      8 |       15 |            3760.14
  9005002 | scholarmaxi #2                                     |      9 |       28 |            3741.64
 10016001 | corpamalgamalg #1                                  |     17 |       18 |            3721.41
  4001002 | amalgedu pack #2                                   |     19 |       24 |            3720.63
  8006007 | namelessunivamalg #8                               |     17 |       59 |            3715.08
  4004002 | edu packedu pack #2                                |      6 |       31 |             3710.2
  4002002 | importoedu pack #2                                 |      9 |        9 |            3707.35
  3003002 | exportiexporti #2                                  |     17 |        5 |            3685.78
  7002006 | importobrand #6                                    |     18 |       10 |            3684.92
 10016001 | corpamalgamalg #1                                  |     17 |       29 |            3680.46
 10002010 | importounivamalg #10                               |     18 |       55 |            3645.36
  8003005 | importoexporti #2                                  |      9 |       17 |            3631.65
  8008001 | amalgexporti #2                                    |     18 |       40 |            3627.56
  3003002 | exportiexporti #2                                  |     17 |       42 |            3587.59
  7007010 | brandbrand #10                                     |     18 |       31 |            3562.36
 10009016 | amalgamalg #2                                      |      6 |       30 |            3542.58
  8003005 | importoexporti #2                                  |     18 |       33 |            3530.56
  6008003 | edu packedu pack #2                                |     18 |       56 |            3529.23
  4002001 | edu packedu pack #2                                |     17 |        9 |            3526.12
  6013004 | exportibrand #4                                    |     19 |       14 |            3467.27
  7016004 | corpnameless #4                                    |     17 |       17 |            3461.04
  2003002 | exportiimporto #2                                  |      8 |       37 |            3447.84
  4002001 | exportiimporto #2                                  |     18 |        1 |            3422.24
  8011001 | exportiamalg #2                                    |     17 |       25 |            3413.34
  6001008 | amalgcorp #8                                       |     18 |       13 |            3394.56
 10006012 | corpunivamalg #12                                  |      7 |       56 |            3384.36
 10012001 | amalgamalg #2                                      |     18 |       59 |            3365.18
  3004002 | edu packexporti #2                                 |      9 |       57 |             3364.2
  7016004 | corpnameless #4                                    |     19 |       25 |             3357.3
 10012001 | amalgamalg #2                                      |     18 |        9 |            3351.81
  6014002 | edu packbrand #2                                   |     19 |        8 |               3337
  7016004 | corpnameless #4                                    |     18 |       25 |            3320.79
  1004002 | edu packamalg #2                                   |     19 |       41 |            3317.76
  5003002 | exportischolar #2                                  |      9 |       43 |            3282.76
  1003002 | exportiamalg #2                                    |      9 |       46 |            3268.08
  3002001 | univamalgamalg #10                                 |     19 |       53 |            3267.42
  9014004 | edu packunivamalg #4                               |      8 |       58 |            3264.85
  6004008 | edu packcorp #8                                    |      9 |       18 |            3255.56
  7011003 | scholarunivamalg #6                                |      9 |       51 |            3253.04
 10006009 | amalgedu pack #2                                   |     18 |       45 |            3219.06
  6013003 | importoimporto #2                                  |     18 |       43 |             3214.8
  4002001 | exportiimporto #2                                  |     19 |       19 |             3212.8
  9014009 | importoedu pack #2                                 |      8 |       58 |            3208.92
  1004002 | edu packamalg #2                                   |      9 |       34 |             3201.6
  8015006 | scholarmaxi #6                                     |     18 |       33 |               3191
  8012003 | amalgexporti #2                                    |      8 |       11 |               3186
  9014004 | edu packunivamalg #4                               |     18 |       26 |            3173.28
  2001001 | importoimporto #2                                  |     19 |        2 |            3168.36
  2003001 | amalgmaxi #6                                       |     18 |       45 |            3152.64
  7001007 | importomaxi #8                                     |     19 |        7 |            3135.76
  4001001 | exportiexporti #2                                  |     18 |       53 |            3126.66
  6015006 | scholarbrand #6                                    |     17 |       23 |            3118.55
  3002001 | exportiimporto #2                                  |     19 |        3 |            3106.62
  8006007 | namelessunivamalg #8                               |     18 |       17 |            3099.18
  3002001 | univamalgamalg #10                                 |      9 |       19 |            3089.21
  7016004 | corpnameless #4                                    |     19 |       29 |             3088.7
 10001009 | amalgunivamalg #9                                  |     18 |       52 |            3071.68
  1002002 | importoamalg #2                                    |     18 |       55 |            3059.38
  1001002 | amalgamalg #2                                      |     18 |       47 |             3022.9
  6002005 | exportiedu pack #2                                 |      6 |        5 |            3008.28
  2002002 | importoimporto #2                                  |      9 |       59 |            3006.45
  6015006 | scholarbrand #6                                    |     19 |        1 |             3003.7
  7011003 | scholarunivamalg #6                                |      8 |       46 |             3001.4
  4001001 | exportiexporti #2                                  |     17 |       14 |            2998.94
  7002010 | importobrand #10                                   |     18 |       28 |            2967.93
 10006012 | corpunivamalg #12                                  |      9 |       18 |             2967.8
  2004002 | edu packimporto #2                                 |      9 |       13 |            2959.32
  2001002 | amalgimporto #2                                    |      7 |       22 |            2955.12
  3002001 | exportiimporto #2                                  |     17 |       58 |            2954.16
  2003002 | exportiimporto #2                                  |     17 |       26 |            2951.82
  3003001 | namelesscorp #6                                    |      9 |        3 |            2945.97
  6013003 | importoimporto #2                                  |     17 |       56 |            2925.45
  7016001 | univnameless #2                                    |      6 |       43 |            2924.91
  1001002 | amalgamalg #2                                      |      7 |       56 |            2921.87
  2001001 | edu packmaxi #12                                   |     18 |       31 |            2920.83
  5001002 | amalgscholar #2                                    |     17 |       18 |            2920.32
  7006004 | corpbrand #4                                       |     19 |       21 |            2891.84
  5004001 | importounivamalg #5                                |      9 |       38 |             2869.3
  6015006 | scholarbrand #6                                    |     19 |       11 |             2858.7
  9001005 | exportiexporti #2                                  |      9 |       46 |            2858.44
  9014011 | amalgamalgamalg #9                                 |     18 |       14 |             2852.6
  8002003 | edu packscholar #2                                 |     17 |        9 |            2850.54
  4002002 | importoedu pack #2                                 |     17 |       54 |            2842.24
  9005002 | scholarmaxi #2                                     |     19 |       31 |             2829.4
  1004002 | edu packamalg #2                                   |     17 |       12 |               2828
  6015006 | scholarbrand #6                                    |     18 |       34 |             2824.5
  4002001 | edu packedu pack #2                                |      9 |       21 |            2814.96
  4001002 | amalgedu pack #2                                   |      9 |       59 |            2802.69
  2004001 | exportiedu pack #2                                 |     18 |       10 |            2800.84
  8014008 | edu packmaxi #8                                    |      8 |       20 |            2800.14
  7014008 | edu packnameless #8                                |     17 |        0 |            2791.05
  4001002 | amalgedu pack #2                                   |      9 |       38 |            2781.16
  8015006 | scholarmaxi #6                                     |      9 |       45 |            2778.16
  2001001 | importoimporto #2                                  |      8 |       50 |            2778.14
  4003002 | exportiedu pack #2                                 |     19 |        2 |            2773.12
  6001008 | amalgcorp #8                                       |     17 |        9 |             2749.7
  8009010 | maxinameless #10                                   |     17 |       35 |            2747.52
  6001008 | amalgcorp #8                                       |      8 |       23 |            2736.75
  6013004 | exportibrand #4                                    |      8 |        6 |            2721.04
 10009016 | amalgamalg #2                                      |     18 |       35 |             2717.5
  5003002 | exportischolar #2                                  |      8 |        8 |             2710.5
  2004002 | edu packimporto #2                                 |     19 |        3 |             2682.5
  2002001 | edu packexporti #2                                 |      9 |       25 |            2681.14
  4004001 | exportinameless #6                                 |      8 |       54 |            2680.56
  2004002 | edu packimporto #2                                 |     19 |       31 |            2679.76
 10002012 | importounivamalg #12                               |     18 |       54 |            2649.55
  7014008 | edu packnameless #8                                |     17 |       17 |            2648.53
  1004002 | edu packamalg #2                                   |      7 |       42 |            2644.22
  6006002 | corpcorp #2                                        |     19 |       53 |            2624.44
  2001002 | amalgimporto #2                                    |      6 |       57 |            2616.98
 10009005 | maxiunivamalg #5                                   |     17 |       13 |            2611.96
  9014004 | edu packunivamalg #4                               |     18 |       23 |             2602.6
 10004015 | edu packunivamalg #15                              |      7 |       37 |            2581.75
  1003002 | exportiamalg #2                                    |     17 |       56 |             2570.2
  4004001 | exportinameless #6                                 |      7 |       52 |            2554.01
  1004002 | edu packamalg #2                                   |      6 |       40 |            2552.54
  9014009 | importoedu pack #2                                 |      8 |       53 |            2550.12
  3004002 | edu packexporti #2                                 |      8 |        6 |            2526.48
 10005015 | scholarunivamalg #15                               |      9 |       46 |            2513.16
  2002001 | importocorp #2                                     |     18 |       55 |            2504.05
 10005015 | scholarunivamalg #15                               |     19 |       14 |            2501.72
  3004001 | amalgexporti #2                                    |      7 |       45 |            2490.22
  4002002 | importoedu pack #2                                 |     18 |        4 |               2482
  2001002 | amalgimporto #2                                    |      9 |       14 |            2456.16
 10016001 | corpamalgamalg #1                                  |      6 |        9 |            2451.37
 10012001 | amalgamalg #2                                      |      9 |       51 |             2432.3
  2004002 | edu packimporto #2                                 |      9 |       15 |            2401.23
  8009010 | maxinameless #10                                   |     18 |       59 |             2398.4
 10002012 | importounivamalg #12                               |     19 |       19 |            2397.06
  7002010 | importobrand #10                                   |     19 |       22 |            2395.12
  3001001 | amalgedu pack #2                                   |     18 |       55 |            2388.75
 10006014 | amalgscholar #2                                    |     19 |        9 |            2388.05
 10006009 | amalgedu pack #2                                   |      9 |       13 |            2387.52
  2001002 | amalgimporto #2                                    |      9 |       16 |            2383.04
  8003009 | importounivamalg #6                                |      8 |       13 |               2382
  2004002 | edu packimporto #2                                 |     19 |       59 |            2378.74
  5001002 | amalgscholar #2                                    |     17 |       29 |            2375.38
  6006002 | corpcorp #2                                        |     19 |       51 |             2371.2
 10011001 | namelessunivamalg #2                               |      8 |       23 |            2366.64
  3003001 | namelesscorp #6                                    |     17 |       29 |             2362.5
  7011003 | scholarunivamalg #6                                |     18 |       13 |             2357.2
  5002001 | corpcorp #6                                        |      7 |       51 |            2346.96
 10006014 | amalgscholar #2                                    |     17 |       27 |            2340.78
  2002001 | importounivamalg #10                               |      7 |       19 |            2336.78
 10006012 | corpunivamalg #12                                  |     17 |       17 |            2332.82
 10011001 | namelessunivamalg #2                               |     18 |        9 |            2327.32
  4003002 | exportiedu pack #2                                 |     17 |       45 |            2319.48
  6003007 | edu packscholar #2                                 |     18 |       50 |            2319.45
  4001002 | amalgedu pack #2                                   |     17 |       43 | 2308.4500000000003
 10007003 | brandunivamalg #3                                  |     18 |       46 |            2305.52
 10002012 | importounivamalg #12                               |     17 |       17 |            2295.48
  8003006 | exportinameless #6                                 |     17 |       17 |            2295.26
  1004001 | edu packamalg #2                                   |     18 |       24 |            2290.26
  1003002 | exportiamalg #2                                    |     19 |       59 |            2289.84
  2003001 | amalgmaxi #6                                       |     18 |       43 |             2263.2
  9009006 | maximaxi #6                                        |      9 |       56 |            2252.54
  3002002 | importoexporti #2                                  |     17 |       25 | 2248.4700000000003
  8005002 | scholarnameless #2                                 |      7 |       33 |            2238.75
  8015006 | scholarmaxi #6                                     |      9 |       53 |             2229.6
  3003002 | exportiexporti #2                                  |      9 |       45 |            2213.76
  8003006 | exportinameless #6                                 |      9 |       39 |             2194.1
  6003007 | edu packscholar #2                                 |     19 |       47 |            2180.52
  9004008 | edu packmaxi #8                                    |      8 |       57 |            2169.18
  3004002 | edu packexporti #2                                 |      9 |       29 |            2164.14
  4001002 | amalgedu pack #2                                   |     18 |       12 |             2153.9
  8005002 | scholarnameless #2                                 |     19 |       52 |             2146.2
  4002002 | importoedu pack #2                                 |      9 |       22 |            2142.24
 10004015 | edu packunivamalg #15                              |      9 |        7 |             2138.4
 10009005 | maxiunivamalg #5                                   |     17 |       34 | 2133.1400000000003
  5004001 | edu packnameless #4                                |      7 |       15 |            2120.16
  2003001 | amalgmaxi #6                                       |      9 |       49 |            2116.46
  3004002 | edu packexporti #2                                 |     19 |       17 |             2109.6
  6003007 | edu packscholar #2                                 |      9 |       30 |            2105.72
  7003008 | exportibrand #8                                    |      8 |       27 |            2103.15
  9004008 | edu packmaxi #8                                    |      9 |       17 |             2099.5
 10006014 | amalgscholar #2                                    |     17 |       52 |             2083.5
  4001001 | importounivamalg #12                               |      8 |       37 |            2082.54
  1001002 | amalgamalg #2                                      |     19 |       47 |            2080.08
  7002004 | importobrand #4                                    |     19 |       25 |            2071.92
  2001002 | amalgimporto #2                                    |     17 |       45 |            2068.85
  6008003 | edu packedu pack #2                                |     17 |       45 |            2059.02
  3004002 | edu packexporti #2                                 |     19 |       10 |            2042.89
  9011003 | edu packamalg #2                                   |     18 |       31 |            2042.16
  3003001 | namelesscorp #6                                    |      9 |        6 |            2033.91
  1004001 | edu packamalg #2                                   |     17 |        8 |            2027.68
  6006002 | corpcorp #2                                        |     19 |       20 |            2026.22
  7002006 | importobrand #6                                    |     18 |       17 |            2024.29
  2002002 | importoimporto #2                                  |     18 |       56 |             2010.6
  3004002 | edu packexporti #2                                 |     18 |       34 |            2007.32
  7003008 | exportibrand #8                                    |     19 |       20 |             2000.7
  4002001 | exportiimporto #2                                  |     17 |        9 |            1999.62
 10005015 | scholarunivamalg #15                               |     19 |       17 |            1995.84
  3004002 | edu packexporti #2                                 |     19 |       48 |             1989.9
  2004001 | corpunivamalg #6                                   |     18 |        5 |            1988.48
  7016004 | corpnameless #4                                    |     17 |        0 |            1987.81
  4002002 | importoedu pack #2                                 |     19 |       15 |            1981.21
  7016004 | corpnameless #4                                    |     19 |       17 |             1979.7
  3003002 | exportiexporti #2                                  |     17 |       20 |            1977.43
  1002002 | importoamalg #2                                    |     17 |       53 |               1975
  2003002 | exportiimporto #2                                  |      7 |       50 |            1967.68
  2002001 | importocorp #2                                     |     17 |       43 |             1964.4
  6014002 | edu packbrand #2                                   |     18 |       49 |             1948.8
  9005008 | scholarmaxi #8                                     |     19 |       53 |            1946.75
  2004002 | edu packimporto #2                                 |     18 |       28 |            1937.42
  8011001 | exportiamalg #2                                    |      6 |       59 |            1931.92
  2003002 | exportiimporto #2                                  |     17 |       40 |            1928.09
  7001007 | importomaxi #8                                     |     17 |       34 |            1917.54
 10004015 | edu packunivamalg #15                              |     18 |        5 |            1914.84
  9001005 | amalgedu pack #2                                   |     18 |        6 |            1905.92
  8012003 | amalgexporti #2                                    |     19 |       57 |             1890.7
 10009016 | amalgamalg #2                                      |     17 |       38 |             1885.5
  6001001 | amalgnameless #2                                   |     18 |       52 |             1881.2
  2004002 | edu packimporto #2                                 |      8 |       24 |            1878.75
 10006012 | corpunivamalg #12                                  |      9 |       16 |            1866.44
  3003002 | exportiexporti #2                                  |     18 |        0 |            1864.12
 10003012 | exportiamalg #2                                    |      8 |       42 |             1861.2
  3003002 | exportiexporti #2                                  |      9 |       57 |            1850.39
  5003002 | exportischolar #2                                  |     18 |       18 |            1850.31
  9011003 | edu packamalg #2                                   |     19 |        4 |            1840.09
  9014009 | importoedu pack #2                                 |     18 |       11 |            1840.09
  8003005 | importoexporti #2                                  |     18 |       19 |            1838.75
 10005016 | importoexporti #2                                  |     19 |       22 |            1836.87
  4002002 | importoedu pack #2                                 |      8 |       12 |            1834.91
  7001007 | importomaxi #8                                     |      9 |       39 |            1832.04
  4001001 | importounivamalg #12                               |     17 |       28 |            1831.47
  1004002 | edu packamalg #2                                   |      9 |       44 |               1827
  6002005 | exportiedu pack #2                                 |     18 |       50 |            1824.38
  8002010 | importonameless #10                                |     17 |       15 |            1822.32
  4001002 | amalgedu pack #2                                   |     19 |       25 |             1815.3
  1004002 | edu packamalg #2                                   |      9 |       47 |            1815.16
 10011001 | namelessunivamalg #2                               |     17 |       24 |            1814.94
  1002002 | importoamalg #2                                    |     17 |       29 |            1812.45
  2001001 | importoimporto #2                                  |     18 |        6 |            1796.55
  6003007 | edu packscholar #2                                 |     17 |       10 |            1779.54
 10005016 | importoexporti #2                                  |      9 |       15 |             1771.1
  7002006 | importobrand #6                                    |     17 |       16 |            1769.04
  6006002 | corpcorp #2                                        |      7 |       47 |            1768.71
  2001002 | amalgimporto #2                                    |      8 |       15 |            1751.04
  4003002 | exportiedu pack #2                                 |     18 |       34 |            1748.12
 10002010 | importounivamalg #10                               |     19 |       52 |            1745.52
  8003006 | exportinameless #6                                 |     18 |       34 |            1737.31
 10006012 | corpunivamalg #12                                  |     19 |       23 |            1733.32
  7014008 | edu packnameless #8                                |     17 |       59 |             1725.6
  9004008 | edu packmaxi #8                                    |      9 |       11 |            1716.44
  1002002 | importoamalg #2                                    |      8 |       13 |            1709.43
  2003002 | exportiimporto #2                                  |     18 |       32 |            1698.32
 10009016 | amalgamalg #2                                      |      9 |       52 |            1667.96
  8006007 | namelessunivamalg #8                               |      9 |       30 |             1659.8
  7001007 | importomaxi #8                                     |     19 |       11 |               1649
  3003001 | namelesscorp #6                                    |     18 |       52 |            1648.64
  2001001 | importoimporto #2                                  |     19 |       12 |            1646.25
  4002002 | importoedu pack #2                                 |      7 |       57 |            1636.56
  1004002 | edu packamalg #2                                   |     17 |       45 |            1622.32
  5001002 | amalgscholar #2                                    |      8 |       10 |            1620.45
  4002001 | edu packedu pack #2                                |     18 |       53 |            1599.18
  2003001 | amalgmaxi #6                                       |     17 |       26 |            1597.05
  7003008 | exportibrand #8                                    |     18 |       27 |             1591.2
  8011004 | amalgmaxi #4                                       |      9 |       18 |            1590.42
  7007010 | brandbrand #10                                     |      9 |       52 |               1589
 10009016 | amalgamalg #2                                      |     18 |       48 |            1583.11
  2002001 | importocorp #2                                     |     19 |       14 |             1581.5
  3004002 | edu packexporti #2                                 |     19 |       50 |            1579.18
  1004001 | amalgimporto #2                                    |      9 |       23 |            1576.12
  4001002 | amalgedu pack #2                                   |      8 |       48 |             1575.2
  2001002 | amalgimporto #2                                    |      9 |       24 |            1567.45
  4002001 | edu packedu pack #2                                |      9 |       36 |            1567.13
  3004002 | edu packexporti #2                                 |      9 |        5 |            1562.12
  9005002 | scholarmaxi #2                                     |      9 |       35 |            1560.16
  7003008 | exportibrand #8                                    |     18 |       31 |             1556.2
  8003005 | importoexporti #2                                  |      9 |       56 |               1554
  1003002 | exportiamalg #2                                    |      8 |       43 |             1547.5
  6008003 | edu packedu pack #2                                |     17 |       51 |            1538.46
  2002001 | importocorp #2                                     |     17 |        2 |            1534.61
  9014011 | amalgamalgamalg #9                                 |     17 |       57 |             1532.1
  7002010 | importobrand #10                                   |     19 |       41 |             1522.4
  4003001 | exportimaxi #6                                     |     17 |       42 |             1516.4
  3004002 | edu packexporti #2                                 |     18 |       45 |             1509.7
  8002003 | edu packscholar #2                                 |      8 |       25 |            1503.36
  2004002 | edu packimporto #2                                 |     18 |        7 |            1484.73
  3003002 | exportiexporti #2                                  |     17 |       59 |            1482.58
  5001002 | amalgscholar #2                                    |     19 |       26 |            1477.68
  6016008 | corpbrand #8                                       |     18 |       28 |            1476.84
  7007010 | brandbrand #10                                     |     19 |       12 |            1471.86
  8008001 | amalgexporti #2                                    |      9 |       44 |             1461.6
  1001002 | amalgamalg #2                                      |     18 |       29 |            1460.52
  1003002 | exportiamalg #2                                    |      8 |       10 |            1447.38
  7007010 | brandbrand #10                                     |      7 |       22 |            1426.32
  9014011 | amalgamalgamalg #9                                 |     19 |       14 |            1425.32
  6001008 | amalgcorp #8                                       |     17 |       45 |            1420.58
  6002005 | exportiedu pack #2                                 |     17 |       16 |            1413.28
  8014008 | edu packmaxi #8                                    |     17 |       40 |               1408
  5003002 | exportischolar #2                                  |     18 |        9 |            1401.48
  8003005 | importoexporti #2                                  |     17 |       52 |             1398.6
  2002002 | importoimporto #2                                  |      7 |       37 |             1396.5
  3003001 | namelesscorp #6                                    |      9 |       33 |            1394.68
  6005001 | amalgnameless #10                                  |      9 |       24 |            1390.35
  7002004 | importobrand #4                                    |     17 |       23 |             1378.8
  5004001 | edu packunivamalg #6                               |     17 |       56 |            1375.68
  9001005 | amalgedu pack #2                                   |     17 |        2 |            1375.31
  4001002 | amalgedu pack #2                                   |     18 |       23 |            1373.94
 10002012 | importounivamalg #12                               |     17 |        5 |             1369.6
  6016008 | corpbrand #8                                       |     17 |        3 |            1367.99
 10005016 | importoexporti #2                                  |     19 |        7 |            1366.48
  7002010 | importobrand #10                                   |     18 |       52 |            1356.18
  1002002 | importoamalg #2                                    |      9 |       39 |            1340.95
  9014009 | importoedu pack #2                                 |     17 |       32 |            1334.97
  5001002 | amalgscholar #2                                    |     19 |        3 |            1334.25
  7007010 | brandbrand #10                                     |     17 |       15 |               1333
  5004001 | edu packnameless #4                                |     18 |       43 |            1330.72
  6016008 | corpbrand #8                                       |     18 |       54 |            1329.38
  4003001 | exportimaxi #6                                     |     19 |       57 |            1316.63
  5003002 | exportischolar #2                                  |      9 |       29 |            1316.29
  5003002 | exportischolar #2                                  |     18 |       21 |            1312.74
  4003002 | exportiedu pack #2                                 |      8 |       17 |            1306.34
  4003001 | maxibrand #10                                      |      9 |       54 |            1305.85
  2001001 | importoimporto #2                                  |      9 |       42 |            1305.03
  3003001 | namelesscorp #6                                    |      9 |       42 |             1301.7
  1001002 | amalgamalg #2                                      |      8 |       55 |            1299.08
  9005008 | scholarmaxi #8                                     |     19 |       47 |            1296.18
  5004002 | edu packscholar #2                                 |     18 |       50 |            1292.76
  5004002 | edu packscholar #2                                 |      6 |       45 |            1287.45
  5003002 | exportischolar #2                                  |     17 |       30 |            1283.92
  7016004 | corpnameless #4                                    |      9 |       55 |            1277.43
  5004001 | edu packnameless #4                                |     18 |       36 |             1276.2
  3004001 | amalgexporti #2                                    |      9 |       25 |            1268.28
  6009006 | maxicorp #6                                        |     17 |       32 |            1267.44
  4002002 | importoedu pack #2                                 |     18 |       23 |            1258.74
  1004001 | amalgimporto #2                                    |      7 |       19 |             1257.2
  1002002 | importoamalg #2                                    |     19 |       37 |             1255.5
  4002002 | importoedu pack #2                                 |      8 |       13 |            1254.88
  3004002 | edu packexporti #2                                 |     19 |       24 |            1253.61
  1003002 | exportiamalg #2                                    |     17 |       21 |            1244.04
  6003007 | edu packscholar #2                                 |     17 |       29 |            1239.75
  1003002 | exportiamalg #2                                    |     19 |       28 |            1234.69
  3002001 | univamalgamalg #10                                 |     18 |       41 |            1234.03
  7006004 | corpbrand #4                                       |      9 |        0 |            1226.88
  7007010 | brandbrand #10                                     |     19 |        6 |               1224
  7002006 | importobrand #6                                    |      9 |        1 |             1218.4
  3003002 | exportiexporti #2                                  |      9 |       26 |             1206.6
  2001001 | edu packmaxi #12                                   |     19 |       48 |            1199.52
  2001001 | importoimporto #2                                  |     17 |       55 |            1196.55
  7016001 | univnameless #2                                    |     18 |       48 |             1192.5
  1003002 | exportiamalg #2                                    |     19 |       21 |            1191.06
  6013004 | exportibrand #4                                    |      8 |       28 |             1188.9
  8003005 | importoexporti #2                                  |      6 |       34 |            1186.99
  3003001 | namelesscorp #6                                    |     18 |       43 |             1185.6
 10005015 | scholarunivamalg #15                               |      8 |       37 |            1178.62
  2004001 | corpunivamalg #6                                   |      9 |       53 |            1174.51
  1002001 | maxinameless #10                                   |      9 |       20 |            1154.01
  4002001 | exportiimporto #2                                  |     18 |       45 |            1153.26
  5001002 | amalgscholar #2                                    |      9 |       18 |               1152
  6001004 | amalgcorp #4                                       |     19 |       53 |             1151.5
  7002006 | importobrand #6                                    |      9 |       20 |            1150.63
  2003001 | amalgmaxi #6                                       |     17 |        3 |            1148.85
  4003002 | exportiedu pack #2                                 |     17 |       21 |            1144.66
  6006002 | corpcorp #2                                        |     17 |       53 |            1141.95
  2002002 | importoimporto #2                                  |     19 |        6 |            1141.69
  2001001 | importoimporto #2                                  |     19 |       47 |            1139.68
  9005002 | scholarmaxi #2                                     |     19 |       21 |            1136.15
  2004002 | edu packimporto #2                                 |     17 |       46 |             1133.9
  7007010 | brandbrand #10                                     |     17 |       17 |               1123
  9005002 | scholarmaxi #2                                     |     18 |       26 |            1120.95
  2002001 | edu packexporti #2                                 |      9 |        0 |            1118.04
  5001002 | amalgscholar #2                                    |      8 |       23 |            1117.92
  6014003 | brandbrand #8                                      |     18 |       37 |            1117.86
  7007010 | brandbrand #10                                     |      7 |       30 |             1116.7
  8006007 | namelessunivamalg #8                               |     18 |       24 |               1116
  2002002 | importoimporto #2                                  |     18 |        0 |            1113.84
  9005002 | scholarmaxi #2                                     |     17 |       32 |            1113.28
  4001002 | amalgedu pack #2                                   |     17 |       34 |            1101.24
 10004013 | edu packunivamalg #13                              |     18 |       35 |            1090.96
  3002002 | importoexporti #2                                  |     18 |       45 |            1090.43
 10002012 | importounivamalg #12                               |      9 |       30 |             1087.8
  6013003 | importoimporto #2                                  |      9 |       23 |            1087.68
  3004002 | edu packexporti #2                                 |     17 |       51 |            1084.32
  6001001 | amalgnameless #2                                   |     17 |       22 |            1074.06
  9005008 | scholarmaxi #8                                     |     18 |       46 |             1070.5
  9012010 | importounivamalg #10                               |     18 |       26 |            1069.25
  9012010 | importounivamalg #10                               |     17 |        6 |            1065.71
  7006004 | corpbrand #4                                       |      9 |       45 |            1064.77
  6001004 | amalgcorp #4                                       |      9 |       10 |            1061.26
  6001004 | amalgcorp #4                                       |     19 |       50 |            1059.91
  4002001 | edu packedu pack #2                                |     19 |       57 |            1056.38
 10001009 | amalgunivamalg #9                                  |     19 |       13 |            1053.99
  2004002 | edu packimporto #2                                 |      9 |        4 |             1049.5
 10006009 | amalgedu pack #2                                   |     17 |       37 |            1043.18
  1001001 | importoimporto #2                                  |      8 |       42 |            1027.48
  2004002 | edu packimporto #2                                 |     17 |       13 |            1024.86
  7016004 | corpnameless #4                                    |     18 |       41 |            1023.66
  2002002 | importoimporto #2                                  |     17 |       16 |            1018.82
  4004002 | edu packedu pack #2                                |      9 |       22 |            1018.47
  1001002 | amalgamalg #2                                      |     17 |       24 |            1017.53
  1002002 | importoamalg #2                                    |     19 |       29 |            1016.55
  8009010 | maxinameless #10                                   |      8 |        6 |               1014
  5002001 | corpcorp #6                                        |      9 |       21 |            1012.69
  3004001 | amalgexporti #2                                    |     17 |        7 |             1011.9
  5001002 | amalgscholar #2                                    |      9 |        5 |            1010.88
  1004002 | edu packamalg #2                                   |     17 |       51 |            1005.93
  8005002 | scholarnameless #2                                 |     17 |        9 |            1000.99
  8002003 | edu packscholar #2                                 |      9 |       52 |              989.4
  6003007 | edu packscholar #2                                 |     18 |       24 |             985.92
  8006007 | namelessunivamalg #8                               |     18 |       29 |             984.16
  1004002 | edu packamalg #2                                   |     19 |       55 |              983.3
  2004002 | edu packimporto #2                                 |      9 |       23 |             982.26
  4001002 | amalgedu pack #2                                   |     17 |       48 |             975.36
  3003002 | exportiexporti #2                                  |     19 |       20 |             974.98
  3004002 | edu packexporti #2                                 |     17 |       24 |             968.63
  1002002 | importoamalg #2                                    |     17 |       44 |             965.65
  3002002 | importoexporti #2                                  |     17 |       22 |             964.41
  2001001 | importoimporto #2                                  |      7 |       59 |                964
  4001001 | exportiexporti #2                                  |     19 |       50 |             959.83
  4003002 | exportiedu pack #2                                 |     17 |       17 |              957.2
  1001002 | amalgamalg #2                                      |     18 |       51 |             955.34
  7002006 | importobrand #6                                    |     19 |       33 |              949.2
  6013003 | importoimporto #2                                  |      9 |       31 |                940
  1001001 | importoimporto #2                                  |      8 |        4 |             939.56
  4003002 | exportiedu pack #2                                 |     18 |       52 |             937.56
  1004001 | edu packamalg #2                                   |     19 |       54 |                936
  4001002 | amalgedu pack #2                                   |      7 |       13 |              932.8
 10005015 | scholarunivamalg #15                               |     19 |       51 |             932.68
  2003002 | exportiimporto #2                                  |     19 |       14 |             932.09
  2002002 | importoimporto #2                                  |     17 |       34 |             931.74
  8002003 | edu packscholar #2                                 |      8 |        1 |             924.04
  9005002 | scholarmaxi #2                                     |     19 |       50 |              920.4
  5004001 | importounivamalg #5                                |     17 |       26 |             911.35
  2002001 | importocorp #2                                     |     19 |       13 |             908.85
  7001007 | importomaxi #8                                     |     17 |       20 |             907.83
  9005008 | scholarmaxi #8                                     |     17 |       13 |             903.55
 10009005 | maxiunivamalg #5                                   |      8 |       21 |             900.48
  8011001 | exportiamalg #2                                    |      9 |       59 |             899.34
 10001009 | amalgunivamalg #9                                  |     19 |       53 |             897.69
  1003002 | exportiamalg #2                                    |     18 |       17 |             897.05
  1002002 | importoamalg #2                                    |      6 |       47 |              896.7
  1004001 | amalgimporto #2                                    |     19 |        4 |              894.9
  2002002 | importoimporto #2                                  |      9 |       16 |             894.15
  1002002 | importoamalg #2                                    |     19 |       41 |                894
  6002005 | exportiedu pack #2                                 |     19 |       48 |             893.76
  3002001 | univamalgamalg #10                                 |      7 |       21 |             887.64
  6013004 | exportibrand #4                                    |     19 |       57 |             885.76
  2004002 | edu packimporto #2                                 |     17 |       51 |              880.5
  2003002 | exportiimporto #2                                  |     19 |       46 |             879.78
  4001001 | importounivamalg #12                               |     17 |       37 |             872.04
 10002010 | importounivamalg #10                               |     17 |       40 |             870.84
  4001002 | amalgedu pack #2                                   |     17 |       36 |              863.1
  1004001 | amalgimporto #2                                    |      9 |       59 |             859.17
  2002001 | importocorp #2                                     |     17 |       41 |             854.32
  1001002 | amalgamalg #2                                      |     17 |        4 |             853.68
  6009006 | maxicorp #6                                        |      8 |       15 |              852.5
  7003008 | exportibrand #8                                    |     17 |       21 |             851.96
  9005002 | scholarmaxi #2                                     |      9 |       57 |             851.84
  9005002 | scholarmaxi #2                                     |     17 |        9 |             850.08
  3002001 | exportiimporto #2                                  |     18 |       55 |              848.4
  3003002 | exportiexporti #2                                  |      9 |       14 |              842.7
  1004001 | edu packamalg #2                                   |     19 |        8 |             840.28
 10002010 | importounivamalg #10                               |     18 |       25 |             838.86
  7006004 | corpbrand #4                                       |     19 |       47 |              837.9
  7003008 | exportibrand #8                                    |      9 |       26 |             836.48
  6004008 | edu packcorp #8                                    |      7 |       33 |             833.76
  1002002 | importoamalg #2                                    |     18 |       37 |             833.28
  6002005 | exportiedu pack #2                                 |     19 |       28 |              831.6
  3004002 | edu packexporti #2                                 |     18 |       37 |              830.4
  8012003 | amalgexporti #2                                    |     19 |       15 |             825.09
 10016001 | corpamalgamalg #1                                  |     17 |       34 |             824.88
  7007010 | brandbrand #10                                     |      8 |       55 |              824.6
  3002002 | importoexporti #2                                  |      9 |       12 |             814.24
  6009006 | maxicorp #6                                        |      9 |       31 |             813.51
  7003008 | exportibrand #8                                    |     19 |       14 |              812.7
  1002001 | maxinameless #10                                   |     17 |        6 |             812.16
  1004002 | edu packamalg #2                                   |      8 |       23 |              809.6
  4002001 | exportiimporto #2                                  |     18 |       41 |             806.82
  5004001 | edu packunivamalg #6                               |     17 |       40 |             806.54
 10006014 | amalgscholar #2                                    |     18 |       38 |              801.9
  6015006 | scholarbrand #6                                    |      6 |       46 |             798.72
  3004002 | edu packexporti #2                                 |      8 |       25 |             798.46
  1002002 | importoamalg #2                                    |     17 |       43 |             798.16
  9014011 | amalgamalgamalg #9                                 |     17 |       41 |             793.41
  6013004 | exportibrand #4                                    |     19 |       43 |             792.48
  8002010 | importonameless #10                                |     18 |       52 |             790.54
  2004002 | edu packimporto #2                                 |      9 |       28 |             783.04
  9012002 | importounivamalg #2                                |     17 |       32 |             782.46
  3001001 | amalgedu pack #2                                   |     18 |       22 |             776.25
  1002002 | importoamalg #2                                    |     18 |       19 |             768.18
  6016008 | corpbrand #8                                       |     17 |       17 |             767.76
  9009006 | maximaxi #6                                        |     17 |       44 |             767.34
 10006014 | amalgscholar #2                                    |      9 |       27 |              760.5
  1003002 | exportiamalg #2                                    |      9 |       29 |             758.52
  6015006 | scholarbrand #6                                    |     17 |       42 |             756.96
  7014008 | edu packnameless #8                                |      8 |       17 |             756.48
  7001007 | importomaxi #8                                     |      6 |       30 |              754.6
  9012010 | importounivamalg #10                               |      7 |        6 |             752.36
  3002002 | importoexporti #2                                  |     18 |        6 |             747.04
  2002001 | edu packexporti #2                                 |     19 |        1 |             743.68
  5001002 | amalgscholar #2                                    |      8 |       15 |             739.64
 10006012 | corpunivamalg #12                                  |     17 |       18 |              738.9
 10009016 | amalgamalg #2                                      |      8 |       32 |              736.4
  9005002 | scholarmaxi #2                                     |     18 |       33 |             736.31
  1004001 | edu packamalg #2                                   |      9 |       38 |             733.12
  3004001 | amalgexporti #2                                    |     18 |       30 |             724.15
  4003002 | exportiedu pack #2                                 |     17 |       33 |             719.53
  3003002 | exportiexporti #2                                  |     19 |       49 |             716.04
  1003002 | exportiamalg #2                                    |      7 |       29 |             714.72
  1003002 | exportiamalg #2                                    |     19 |       11 |             711.36
  9014009 | importoedu pack #2                                 |     17 |       16 |             709.34
  9016009 | importounivamalg #10                               |     18 |       32 |             706.23
  8011001 | exportiamalg #2                                    |     18 |       23 |             703.22
  1004002 | edu packamalg #2                                   |     19 |       46 |             702.96
  7002010 | importobrand #10                                   |      9 |       39 |             701.52
  8015006 | scholarmaxi #6                                     |      8 |       24 |             699.93
  2002002 | importoimporto #2                                  |     18 |        1 |             699.66
  5002001 | exportiunivamalg #10                               |      7 |       46 |             698.76
  3004002 | edu packexporti #2                                 |     19 |       28 |              697.4
  1001002 | amalgamalg #2                                      |      9 |       16 |             694.06
  7007010 | brandbrand #10                                     |     17 |       43 |             693.12
  3002002 | importoexporti #2                                  |      9 |       33 |             692.16
  9005002 | scholarmaxi #2                                     |      7 |       12 |             688.62
  5001002 | amalgscholar #2                                    |      9 |       15 |             687.58
  2004002 | edu packimporto #2                                 |     19 |        6 |             684.72
  9016009 | importounivamalg #10                               |      9 |       22 |              679.9
  1002001 | maxinameless #10                                   |     17 |       11 |             679.15
 10011001 | namelessunivamalg #2                               |     17 |       36 |             677.88
  2001001 | edu packmaxi #12                                   |      8 |       49 |              676.5
  3002002 | importoexporti #2                                  |      9 |       14 |             672.52
 10003012 | exportiamalg #2                                    |      9 |       10 |             668.84
  6008003 | edu packedu pack #2                                |     19 |       36 |             668.46
  2004002 | edu packimporto #2                                 |     18 |       17 |             660.75
  2002001 | edu packexporti #2                                 |     19 |       25 |             656.88
  4002001 | exportiimporto #2                                  |      8 |       27 |              652.5
  9014009 | importoedu pack #2                                 |     17 |       20 |              652.5
  6004008 | edu packcorp #8                                    |     18 |       34 |              649.6
  4002002 | importoedu pack #2                                 |     17 |       10 |              647.5
  2002002 | importoimporto #2                                  |     19 |       27 |             645.75
  7016004 | corpnameless #4                                    |      6 |       38 |             645.66
  4003002 | exportiedu pack #2                                 |      9 |       54 |             643.84
  3004002 | edu packexporti #2                                 |      9 |        9 |              641.1
  8006007 | namelessunivamalg #8                               |     17 |       29 |             638.68
  8012003 | amalgexporti #2                                    |      6 |       23 |             637.83
  4003002 | exportiedu pack #2                                 |     17 |       49 |             631.62
  2002001 | importounivamalg #10                               |      7 |        0 |             626.43
  7002006 | importobrand #6                                    |      9 |       37 |              626.2
  6014003 | brandbrand #8                                      |      8 |        3 |             625.02
  6002005 | exportiedu pack #2                                 |      9 |       23 |             623.96
  2003002 | exportiimporto #2                                  |     17 |        0 |             623.73
  5004002 | edu packscholar #2                                 |      8 |       53 |             622.75
  8014008 | edu packmaxi #8                                    |     17 |       59 |             621.24
  6001008 | amalgcorp #8                                       |     19 |       47 |             611.76
  6001004 | amalgcorp #4                                       |     19 |       48 |             609.66
  7007010 | brandbrand #10                                     |      9 |       43 |             607.92
  8003005 | importoexporti #2                                  |      9 |       59 |             606.12
  2001002 | amalgimporto #2                                    |     17 |        9 |             600.95
  2002001 | importocorp #2                                     |     17 |       24 |             600.48
 10004013 | edu packunivamalg #13                              |     17 |       58 |             599.94
  1004001 | amalgimporto #2                                    |     18 |       22 |             597.52
  6004008 | edu packcorp #8                                    |      8 |       43 |              596.7
  2002001 | importounivamalg #10                               |     19 |       52 |             593.32
  6001001 | amalgnameless #2                                   |      9 |       49 |             592.41
  9009006 | maximaxi #6                                        |      9 |       34 |             591.92
  8002003 | edu packscholar #2                                 |      6 |       28 |              589.5
  7001007 | importomaxi #8                                     |     17 |       51 |             584.61
  1002002 | importoamalg #2                                    |      8 |       56 |              577.5
  3003002 | exportiexporti #2                                  |     19 |       56 |             577.44
  3004002 | edu packexporti #2                                 |     18 |       48 |              573.9
  5001002 | amalgscholar #2                                    |     18 |       23 |              571.6
  1004002 | edu packamalg #2                                   |     17 |       58 |             570.72
  6001004 | amalgcorp #4                                       |     18 |       24 |             570.24
  6013008 | exportibrand #8                                    |      8 |       26 |              569.8
  6004008 | edu packcorp #8                                    |     19 |       48 |             566.16
  2002002 | importoimporto #2                                  |     17 |        6 |             561.68
  1004001 | edu packamalg #2                                   |     17 |        5 |             561.66
  6003007 | edu packscholar #2                                 |     18 |        6 |             560.48
  8014008 | edu packmaxi #8                                    |     17 |       36 |             559.02
  1004001 | amalgimporto #2                                    |     18 |       23 |             556.64
  1003002 | exportiamalg #2                                    |     18 |        8 |             555.04
  4001001 | importounivamalg #12                               |     17 |       43 |             551.25
  8003005 | importoexporti #2                                  |     18 |        8 |             547.84
  9016009 | importounivamalg #10                               |     17 |       47 |             545.45
  7016004 | corpnameless #4                                    |     17 |       19 |             543.83
 10003012 | exportiamalg #2                                    |     17 |       16 |             543.12
  3002002 | importoexporti #2                                  |      9 |        4 |             541.94
  5003002 | exportischolar #2                                  |      6 |        3 |             537.51
  8011001 | exportiamalg #2                                    |      8 |       40 |             533.82
  5003002 | exportischolar #2                                  |      9 |       37 |             533.58
  9001005 | exportiexporti #2                                  |      9 |       23 |             530.66
 10007003 | brandunivamalg #3                                  |     19 |        1 |                525
  4002002 | importoedu pack #2                                 |     18 |       50 |             524.55
  4001002 | amalgedu pack #2                                   |     18 |       59 |                520
  4002002 | importoedu pack #2                                 |     17 |       58 |              519.2
  8002003 | edu packscholar #2                                 |      9 |        9 |                518
  6001001 | amalgnameless #2                                   |     17 |       47 |                517
  1004002 | edu packamalg #2                                   |     17 |        9 |             514.56
  7011003 | scholarunivamalg #6                                |      8 |       22 |             512.89
  4004001 | exportinameless #6                                 |     18 |        3 |             509.58
  5004002 | edu packscholar #2                                 |     17 |       47 |             507.44
  4002002 | importoedu pack #2                                 |      6 |       23 |             506.16
  7006004 | corpbrand #4                                       |      6 |       19 |             503.62
  2002002 | importoimporto #2                                  |      8 |       27 |             498.45
  9001005 | amalgedu pack #2                                   |     18 |       55 |             494.34
  6014002 | edu packbrand #2                                   |     18 |       48 |             494.12
  4004002 | edu packedu pack #2                                |     19 |       11 |              489.8
 10003012 | exportiamalg #2                                    |     19 |       48 |             485.46
  6016008 | corpbrand #8                                       |     19 |       26 |              480.2
  7003008 | exportibrand #8                                    |     18 |        7 |             473.88
 10002012 | importounivamalg #12                               |     17 |        3 |              470.8
  4001002 | amalgedu pack #2                                   |      8 |       59 |             468.09
  5001002 | amalgscholar #2                                    |     17 |        2 |             465.98
  5001002 | amalgscholar #2                                    |      9 |       35 |             465.85
 10011001 | namelessunivamalg #2                               |      8 |       53 |              464.4
 10016001 | corpamalgamalg #1                                  |     19 |       11 |              464.1
  5002001 | corpcorp #6                                        |     17 |       54 |             461.61
  1002001 | maxinameless #10                                   |     19 |       45 |             458.46
  1003002 | exportiamalg #2                                    |     19 |       47 |              458.1
  1002002 | importoamalg #2                                    |      9 |       23 |              457.8
 10003012 | exportiamalg #2                                    |     17 |       57 |             455.91
  1003002 | exportiamalg #2                                    |     17 |       14 |              454.2
  4002002 | importoedu pack #2                                 |     19 |       13 |             452.76
  9009006 | maximaxi #6                                        |     17 |       10 |             452.62
  5002001 | exportiunivamalg #10                               |     17 |        9 |             452.43
  5004002 | edu packscholar #2                                 |     19 |        2 |             450.55
  1003002 | exportiamalg #2                                    |     17 |       23 |             450.33
 10007003 | brandunivamalg #3                                  |      9 |       20 |             449.92
 10007003 | brandunivamalg #3                                  |     18 |       44 |             449.68
  1004002 | edu packamalg #2                                   |     17 |       42 |             447.04
 10004015 | edu packunivamalg #15                              |      9 |        4 |                441
  5002001 | exportiunivamalg #10                               |     19 |        2 |             440.64
  7001007 | importomaxi #8                                     |     19 |       52 |              440.4
  8003009 | importounivamalg #6                                |     19 |       26 |                440
  6001008 | amalgcorp #8                                       |     19 |       48 |              436.5
  5003002 | exportischolar #2                                  |     18 |       44 |                432
  4003001 | exportimaxi #6                                     |     17 |       22 |             425.81
  9001005 | amalgedu pack #2                                   |     17 |       28 |             424.38
  2001001 | edu packmaxi #12                                   |     17 |       27 |             424.15
  7011003 | scholarunivamalg #6                                |      8 |       19 |             424.02
  4002002 | importoedu pack #2                                 |      7 |        2 |                423
  7006004 | corpbrand #4                                       |     17 |       52 |             422.74
  8005002 | scholarnameless #2                                 |     17 |       31 |             421.89
  2002001 | edu packexporti #2                                 |      9 |       53 |             421.09
  3004002 | edu packexporti #2                                 |     18 |       13 |              414.7
  2003001 | amalgmaxi #6                                       |     17 |       23 |             413.66
  7002006 | importobrand #6                                    |     17 |       20 |             413.08
  7007010 | brandbrand #10                                     |     17 |       52 |             410.96
  4001002 | amalgedu pack #2                                   |     18 |       31 |             410.85
  5001002 | amalgscholar #2                                    |      8 |       44 |             407.34
  8011004 | amalgmaxi #4                                       |      8 |       16 |             405.44
  3004002 | edu packexporti #2                                 |      8 |       19 |             401.92
  1004001 | edu packamalg #2                                   |     18 |       30 |             401.82
  6001001 | amalgnameless #2                                   |      8 |       12 |             400.62
  2001002 | amalgimporto #2                                    |      9 |       41 |             400.52
  4002001 | amalgamalgamalg #10                                |     19 |       21 |             395.64
  5003002 | exportischolar #2                                  |     17 |       53 |             394.75
  9012002 | importounivamalg #2                                |      9 |       42 |             393.72
  6014003 | brandbrand #8                                      |     17 |       20 |             393.69
  1004001 | scholaramalgamalg #11                              |     18 |       39 |             392.37
  2002002 | importoimporto #2                                  |      6 |       28 |             391.14
  4002001 | exportiimporto #2                                  |     18 |       55 |             390.39
 10012001 | amalgamalg #2                                      |     18 |        5 |             390.26
 10001009 | amalgunivamalg #9                                  |      9 |       30 |             390.15
  9005002 | scholarmaxi #2                                     |      9 |        1 |             389.12
  6014003 | brandbrand #8                                      |     17 |       24 |             385.32
  5003002 | exportischolar #2                                  |      8 |       19 |             385.12
  4002002 | importoedu pack #2                                 |     17 |       32 |             384.24
  4001002 | amalgedu pack #2                                   |     19 |       11 |             381.84
  2004002 | edu packimporto #2                                 |     18 |       22 |             381.22
  8005002 | scholarnameless #2                                 |      9 |       19 |             380.45
  7014008 | edu packnameless #8                                |     19 |       58 |                378
  1002001 | maxinameless #10                                   |      8 |       40 |             372.28
  8003005 | importoexporti #2                                  |     17 |       33 |             368.59
  5004002 | edu packscholar #2                                 |     17 |       12 |                366
  2003002 | exportiimporto #2                                  |     19 |       51 |              364.8
  6005001 | amalgnameless #10                                  |     17 |       55 |             363.52
  7016004 | corpnameless #4                                    |      8 |       15 |             361.38
  3004002 | edu packexporti #2                                 |     19 |        3 |                360
  4003001 | exportimaxi #6                                     |      9 |        7 |             358.92
  2004002 | edu packimporto #2                                 |      8 |       55 |             358.08
  6013004 | exportibrand #4                                    |     18 |       13 |             351.96
 10001009 | amalgunivamalg #9                                  |     18 |       45 |             351.73
  9009006 | maximaxi #6                                        |      7 |       15 |             348.04
  5003002 | exportischolar #2                                  |      8 |       46 |             346.45
  1003002 | exportiamalg #2                                    |      9 |       31 |             342.38
  1003002 | exportiamalg #2                                    |     17 |       44 |             340.65
  1001001 | importoimporto #2                                  |     17 |       26 |             338.88
  9005002 | scholarmaxi #2                                     |      7 |       55 |             338.52
  6006002 | corpcorp #2                                        |      6 |       13 |             337.68
  8015006 | scholarmaxi #6                                     |     17 |       38 |              337.6
 10004015 | edu packunivamalg #15                              |      9 |       38 |             332.86
  1003002 | exportiamalg #2                                    |      9 |        9 |             331.68
  1001002 | amalgamalg #2                                      |      9 |       34 |             331.45
  4003001 | maxibrand #10                                      |      8 |       45 |             329.42
  7002010 | importobrand #10                                   |     19 |        6 |              325.6
  4001001 | exportiexporti #2                                  |     17 |        3 |             323.38
  5003002 | exportischolar #2                                  |     18 |       31 |             321.95
  4002002 | importoedu pack #2                                 |      9 |       12 |             321.63
  6001008 | amalgcorp #8                                       |      9 |       47 |              319.2
  4001002 | amalgedu pack #2                                   |      9 |       43 |             318.36
  9005002 | scholarmaxi #2                                     |      9 |        5 |             317.81
  9016009 | importounivamalg #10                               |      9 |       26 |             315.62
  6009006 | maxicorp #6                                        |      9 |       16 |             313.28
  8008001 | amalgexporti #2                                    |     17 |       30 |             305.37
  1003002 | exportiamalg #2                                    |     17 |        6 |             305.04
  9012002 | importounivamalg #2                                |     19 |       55 |             304.92
  1004002 | edu packamalg #2                                   |      9 |        2 |              303.8
  4003002 | exportiedu pack #2                                 |     19 |       41 |              301.3
  2004001 | corpunivamalg #6                                   |     18 |       10 |             301.04
  1004002 | edu packamalg #2                                   |     19 |        5 |             299.16
  5003002 | exportischolar #2                                  |      7 |       52 |             298.75
  2003001 | amalgmaxi #6                                       |      9 |       53 |              294.8
  3002002 | importoexporti #2                                  |     17 |       32 |              294.4
  2004001 | corpunivamalg #6                                   |      9 |        4 |             292.59
  3003002 | exportiexporti #2                                  |      7 |       42 |             292.44
  6004008 | edu packcorp #8                                    |      9 |       24 |             292.02
  1002002 | importoamalg #2                                    |     19 |       30 |             291.75
  3002001 | exportiimporto #2                                  |      8 |       24 |             290.55
 10012001 | amalgamalg #2                                      |     17 |       29 |             288.96
  9014011 | amalgamalgamalg #9                                 |      8 |       32 |             286.35
  1001002 | amalgamalg #2                                      |     19 |       57 |             284.08
  7002004 | importobrand #4                                    |      9 |       30 |             282.96
 10005016 | importoexporti #2                                  |     19 |       15 |             280.44
 10006009 | amalgedu pack #2                                   |     18 |       36 |             279.24
  2002001 | importocorp #2                                     |     18 |        6 |                277
  8006007 | namelessunivamalg #8                               |     17 |       20 |             273.53
  2001002 | amalgimporto #2                                    |     17 |        3 |              273.1
 10002012 | importounivamalg #12                               |     19 |       26 |             271.32
  7002004 | importobrand #4                                    |     17 |       58 |              270.9
  1002002 | importoamalg #2                                    |      9 |       18 |             267.41
  4002002 | importoedu pack #2                                 |      6 |       31 |              265.5
  5002001 | corpcorp #6                                        |      7 |       59 |             264.32
  1004001 | amalgimporto #2                                    |     19 |       54 |                263
  6013004 | exportibrand #4                                    |      9 |       14 |             261.32
  2001002 | amalgimporto #2                                    |      9 |       31 |             261.14
  8002010 | importonameless #10                                |      6 |       11 |              260.3
  4002002 | importoedu pack #2                                 |     17 |       51 |             259.56
  3004002 | edu packexporti #2                                 |     19 |       35 |             252.85
  1002002 | importoamalg #2                                    |     17 |       56 |             252.32
  2001001 | importoimporto #2                                  |     17 |       32 |             245.92
  6001004 | amalgcorp #4                                       |     18 |        8 |             244.94
  7001007 | importomaxi #8                                     |     19 |       46 |             244.86
  3004001 | amalgexporti #2                                    |     18 |       18 |             244.09
  9011003 | edu packamalg #2                                   |      8 |       13 |             243.46
  4001002 | amalgedu pack #2                                   |      9 |        9 |             243.44
  4001002 | amalgedu pack #2                                   |     19 |       54 |             242.88
  9001005 | exportiexporti #2                                  |     19 |       21 |             242.76
  4001002 | amalgedu pack #2                                   |     19 |       58 |              239.2
  2002002 | importoimporto #2                                  |     19 |       34 |             238.65
  1001002 | amalgamalg #2                                      |     17 |        9 |              235.2
  3001001 | amalgedu pack #2                                   |     17 |       40 |             232.22
  4004001 | exportinameless #6                                 |     17 |       21 |              231.8
  7016004 | corpnameless #4                                    |     19 |        3 |             229.68
  2004001 | exportiedu pack #2                                 |     18 |       56 |              228.9
  1002002 | importoamalg #2                                    |     19 |       54 |             227.43
  4002002 | importoedu pack #2                                 |     17 |       37 |              226.2
  2003002 | exportiimporto #2                                  |     17 |       42 |             222.27
  8005002 | scholarnameless #2                                 |     19 |       25 |             221.76
  1004002 | edu packamalg #2                                   |      8 |       36 |              221.7
  1001002 | amalgamalg #2                                      |     19 |       56 |             219.52
  7007010 | brandbrand #10                                     |     17 |       27 |             216.09
  2004002 | edu packimporto #2                                 |     18 |       14 |             215.34
  4002001 | exportiimporto #2                                  |     18 |       23 |             209.88
  7006004 | corpbrand #4                                       |     17 |       32 |              205.7
  3002001 | univamalgamalg #10                                 |     17 |       54 |             205.59
  6015006 | scholarbrand #6                                    |     19 |       50 |             204.15
  4003002 | exportiedu pack #2                                 |      8 |        5 |             201.11
  3003001 | namelesscorp #6                                    |      9 |        5 |             200.88
  4001002 | amalgedu pack #2                                   |      6 |       50 |             197.19
  2003002 | exportiimporto #2                                  |      9 |       33 |             196.42
  8003009 | importounivamalg #6                                |     18 |       34 |             194.82
  3004002 | edu packexporti #2                                 |     17 |       20 |             194.37
  7002004 | importobrand #4                                    |     18 |       11 |              193.5
  2001002 | amalgimporto #2                                    |     17 |       13 |             193.36
  3004002 | edu packexporti #2                                 |     17 |       11 |             193.25
  7006004 | corpbrand #4                                       |      9 |       47 |              193.2
  2004002 | edu packimporto #2                                 |     19 |       19 |             192.28
  5004002 | edu packscholar #2                                 |     18 |       43 |             190.24
  9005002 | scholarmaxi #2                                     |     19 |        3 |             185.22
  2001002 | amalgimporto #2                                    |     18 |        8 |             184.44
  6006002 | corpcorp #2                                        |      7 |       19 |              183.6
  1004001 | amalgimporto #2                                    |      9 |        3 |             183.26
  9004005 | edu packscholar #2                                 |      9 |       28 |             179.36
  4004002 | edu packedu pack #2                                |     18 |       50 |             178.12
 10006009 | amalgedu pack #2                                   |     18 |       18 |              177.6
  2004002 | edu packimporto #2                                 |     19 |       47 |             176.49
  4001002 | amalgedu pack #2                                   |      9 |       30 |             175.12
 10005015 | scholarunivamalg #15                               |     17 |       55 |             172.26
  1004002 | edu packamalg #2                                   |      9 |       43 |             171.52
  2004002 | edu packimporto #2                                 |      7 |       22 |             170.72
  1002002 | importoamalg #2                                    |      9 |       37 |              169.8
  2002002 | importoimporto #2                                  |      8 |       33 |              169.4
  9004005 | edu packscholar #2                                 |      8 |       37 |             166.95
  4001002 | amalgedu pack #2                                   |     19 |        6 |             165.24
  6016008 | corpbrand #8                                       |     17 |       18 |             163.76
  5004001 | importounivamalg #5                                |     17 |       38 |             162.98
  6014002 | edu packbrand #2                                   |      7 |       10 |             161.98
  1004002 | edu packamalg #2                                   |      9 |       59 |             158.36
  4004002 | edu packedu pack #2                                |      9 |       54 |             156.88
  5001002 | amalgscholar #2                                    |     17 |       10 |             155.96
  1001001 | importoimporto #2                                  |     19 |       37 |             155.25
  7011003 | scholarunivamalg #6                                |     19 |       37 |              154.1
  7002006 | importobrand #6                                    |     17 |       29 |              152.9
  2001002 | amalgimporto #2                                    |     17 |        0 |             152.32
  6002005 | exportiedu pack #2                                 |      8 |       53 |                151
  4003001 | maxibrand #10                                      |     18 |       29 |                150
 10011001 | namelessunivamalg #2                               |     17 |        2 |              148.5
  1003002 | exportiamalg #2                                    |     17 |       57 |             148.16
 10006014 | amalgscholar #2                                    |     17 |       45 |             147.87
  9016009 | importounivamalg #10                               |      9 |       56 |             146.16
  4002001 | amalgamalgamalg #10                                |     18 |        9 |              143.7
  6014002 | edu packbrand #2                                   |     19 |       23 |             142.52
  3002001 | univamalgamalg #10                                 |     18 |        5 |              140.7
  2001001 | importoimporto #2                                  |     19 |       51 |             139.52
  7003008 | exportibrand #8                                    |     17 |       33 |              139.4
  5003002 | exportischolar #2                                  |      8 |       35 |              136.8
  1004002 | edu packamalg #2                                   |     17 |       30 |              135.7
  4001002 | amalgedu pack #2                                   |     19 |       40 |             135.27
  4003002 | exportiedu pack #2                                 |     19 |       55 |              135.2
  8005002 | scholarnameless #2                                 |      8 |        9 |             134.56
  1003002 | exportiamalg #2                                    |      9 |       32 |             133.74
  6016008 | corpbrand #8                                       |      7 |       47 |              132.3
 10009016 | amalgamalg #2                                      |      9 |       46 |             131.16
  8012003 | amalgexporti #2                                    |     18 |        7 |             130.61
  5002001 | exportiunivamalg #10                               |     17 |       12 |              125.8
 10012001 | amalgamalg #2                                      |      8 |       55 |             124.58
  1003002 | exportiamalg #2                                    |     17 |       39 |             123.86
  5001002 | amalgscholar #2                                    |     18 |       48 |             122.98
  6015006 | scholarbrand #6                                    |     18 |       45 |             120.78
 10002012 | importounivamalg #12                               |      7 |       25 |             120.68
  2001002 | amalgimporto #2                                    |     19 |       42 |             119.75
  5001002 | amalgscholar #2                                    |     18 |       16 |              119.7
  5003002 | exportischolar #2                                  |     18 |       37 |             118.15
  4002001 | amalgamalgamalg #10                                |     17 |       36 |              117.6
  4003001 | maxibrand #10                                      |     17 |       38 |             115.02
  8003009 | importounivamalg #6                                |      7 |       42 |             114.38
  8011001 | exportiamalg #2                                    |     18 |       22 |             113.68
  7001007 | importomaxi #8                                     |      7 |       26 |             113.22
  4001002 | amalgedu pack #2                                   |     17 |       29 |             111.69
  3003002 | exportiexporti #2                                  |     17 |       34 |              109.2
  4001001 | exportiexporti #2                                  |      8 |        7 |              108.8
  1003002 | exportiamalg #2                                    |     17 |       32 |             108.06
  1003002 | exportiamalg #2                                    |      8 |       52 |             106.65
  8008001 | amalgexporti #2                                    |      8 |        7 |              105.6
  1004002 | edu packamalg #2                                   |     18 |       13 |             104.72
  4001002 | amalgedu pack #2                                   |     18 |        9 |             104.43
  3001001 | amalgedu pack #2                                   |      9 |       45 |             103.97
  2002001 | importounivamalg #10                               |     18 |       22 |             100.82
 10005016 | importoexporti #2                                  |     17 |       28 |             100.48
  5002002 | importoscholar #2                                  |      9 |       14 |              99.26
  2003002 | exportiimporto #2                                  |     17 |       28 |              94.82
  6013004 | exportibrand #4                                    |     17 |       42 |               93.5
  6013003 | importoimporto #2                                  |      8 |       15 |              91.52
  8002003 | edu packscholar #2                                 |     18 |       31 |               88.5
  5004001 | edu packunivamalg #6                               |     19 |        9 |              88.32
  8014008 | edu packmaxi #8                                    |     17 |       11 |                 86
  3002001 | univamalgamalg #10                                 |     18 |       51 |              85.89
  5004002 | edu packscholar #2                                 |      6 |       39 |              84.75
  6004008 | edu packcorp #8                                    |     18 |        3 |              84.74
  8002003 | edu packscholar #2                                 |     17 |       38 |               83.7
  2001002 | amalgimporto #2                                    |      9 |       19 |              83.56
  9014011 | amalgamalgamalg #9                                 |      9 |       47 |              82.36
  4001002 | amalgedu pack #2                                   |     19 |        4 |              81.37
  1003002 | exportiamalg #2                                    |      9 |       49 |              80.85
  4004002 | edu packedu pack #2                                |     17 |       30 |              80.52
  7016004 | corpnameless #4                                    |     17 |       24 |              78.88
  3004002 | edu packexporti #2                                 |     19 |        9 |               77.4
 10016001 | corpamalgamalg #1                                  |     19 |       27 |               76.5
  4003002 | exportiedu pack #2                                 |     17 |        2 |              76.32
  2004001 | corpunivamalg #6                                   |      8 |       43 |              75.92
  2001002 | amalgimporto #2                                    |     18 |       30 |               71.1
  4004001 | exportinameless #6                                 |     17 |       16 |              68.28
  5004002 | edu packscholar #2                                 |      9 |       11 |               67.2
  8011004 | amalgmaxi #4                                       |     17 |        8 |              66.88
  5004002 | edu packscholar #2                                 |      9 |        2 |              66.32
  1002002 | importoamalg #2                                    |     18 |       41 |              66.22
  2002001 | importocorp #2                                     |      9 |        7 |              64.82
  3002002 | importoexporti #2                                  |      8 |       52 |              64.26
  2003002 | exportiimporto #2                                  |      9 |       41 |              63.93
  5004001 | edu packunivamalg #6                               |     18 |       11 |              63.58
  4002002 | importoedu pack #2                                 |     19 |        6 |               63.5
 10005016 | importoexporti #2                                  |      9 |        2 |              63.14
  7002006 | importobrand #6                                    |     18 |       48 |              63.04
  1003002 | exportiamalg #2                                    |      8 |       31 |              60.75
  1004001 | amalgimporto #2                                    |      8 |       40 |              60.18
  3002002 | importoexporti #2                                  |     17 |       15 |               59.4
  6016008 | corpbrand #8                                       |      7 |       45 |              59.08
  2001001 | edu packmaxi #12                                   |      9 |       52 |              54.34
  5001002 | amalgscholar #2                                    |     18 |       39 |              53.28
  8009010 | maxinameless #10                                   |      9 |        4 |              52.25
  4001002 | amalgedu pack #2                                   |     18 |       39 |              51.52
  1004002 | edu packamalg #2                                   |      7 |       57 |               51.1
  7007010 | brandbrand #10                                     |     17 |       47 |              50.88
  8009010 | maxinameless #10                                   |     18 |       14 |              50.64
  3003002 | exportiexporti #2                                  |     17 |       32 |              50.53
  4001001 | exportiexporti #2                                  |      6 |       37 |               47.4
  9005008 | scholarmaxi #8                                     |     17 |       44 |               46.8
  8011004 | amalgmaxi #4                                       |     18 |        7 |              46.24
  3003002 | exportiexporti #2                                  |      8 |        1 |              45.72
  4001002 | amalgedu pack #2                                   |     18 |        6 |              45.36
  4003002 | exportiedu pack #2                                 |     17 |       19 |              45.05
  2004002 | edu packimporto #2                                 |     17 |        9 |               43.4
  8015006 | scholarmaxi #6                                     |     18 |       26 |              42.24
  4002001 | edu packedu pack #2                                |      8 |        8 |              41.01
 10006012 | corpunivamalg #12                                  |     17 |       35 |              40.89
  7011003 | scholarunivamalg #6                                |     17 |       27 |              38.73
  6001008 | amalgcorp #8                                       |     17 |       52 |               38.2
  6013003 | importoimporto #2                                  |      9 |       39 |              37.22
  1002002 | importoamalg #2                                    |     17 |        9 |              36.72
 10006014 | amalgscholar #2                                    |     19 |       48 |               36.3
  6003007 | edu packscholar #2                                 |      8 |       14 |              33.44
  5003002 | exportischolar #2                                  |     17 |       46 |              32.64
  9009006 | maximaxi #6                                        |      9 |       59 |              30.65
  6006002 | corpcorp #2                                        |     17 |       40 |              29.93
  1002002 | importoamalg #2                                    |      6 |       30 |               29.1
  9005008 | scholarmaxi #8                                     |     18 |       45 |              29.04
  2004001 | corpunivamalg #6                                   |      7 |       11 |               27.9
  5001002 | amalgscholar #2                                    |     19 |       15 |              26.95
  1003002 | exportiamalg #2                                    |     19 |        7 |               25.9
  5002001 | exportiunivamalg #10                               |      9 |       45 |              25.05
  4001001 | exportiexporti #2                                  |     18 |       30 |               24.6
  8009010 | maxinameless #10                                   |     19 |       56 |              23.84
  3002001 | exportiimporto #2                                  |     17 |       59 |               23.8
  7001007 | importomaxi #8                                     |     18 |       37 |              23.46
  3004002 | edu packexporti #2                                 |      8 |        0 |              23.05
  3003001 | namelesscorp #6                                    |      9 |       51 |              23.04
  1002001 | maxinameless #10                                   |     19 |       22 |              22.29
  2004001 | corpunivamalg #6                                   |      9 |       14 |              22.28
  1003002 | exportiamalg #2                                    |     18 |        1 |              22.23
  8012003 | amalgexporti #2                                    |     19 |       29 |              20.28
  6015006 | scholarbrand #6                                    |     19 |       43 |              19.88
  2001001 | importoimporto #2                                  |      8 |       19 |              19.52
 10006009 | amalgedu pack #2                                   |     17 |       12 |              18.72
  1003002 | exportiamalg #2                                    |     18 |       58 |              18.04
  3004002 | edu packexporti #2                                 |      8 |       23 |              16.72
  9001005 | amalgedu pack #2                                   |     17 |       48 |               15.4
  1004002 | edu packamalg #2                                   |      8 |       35 |              11.52
  5001002 | amalgscholar #2                                    |     19 |       31 |              11.46
  8012003 | amalgexporti #2                                    |     19 |       20 |              11.04
  1002001 | maxinameless #10                                   |      9 |       43 |                 11
  6001001 | amalgnameless #2                                   |      9 |       46 |               9.72
 10002012 | importounivamalg #12                               |      9 |       40 |               9.41
  5004002 | edu packscholar #2                                 |     17 |       44 |                8.7
  4004002 | edu packedu pack #2                                |      8 |       53 |               8.56
  8011001 | exportiamalg #2                                    |     19 |       54 |                7.3
  4001001 | exportiexporti #2                                  |     17 |       59 |               5.76
  1004002 | edu packamalg #2                                   |      7 |        2 |               4.64
  8002003 | edu packscholar #2                                 |      8 |       26 |               4.59
  5001002 | amalgscholar #2                                    |     19 |       24 |               3.66
  6013004 | exportibrand #4                                    |     18 |       41 |               3.66
  4001002 | amalgedu pack #2                                   |      8 |        9 |               3.42
  8012003 | amalgexporti #2                                    |     19 |       42 |               2.64
  4002002 | importoedu pack #2                                 |      9 |       57 |               2.37
  1002001 | maxinameless #10                                   |     19 |       54 |               1.32
  4002001 | amalgamalgamalg #10                                |     19 |       49 |                  0
  5001002 | amalgscholar #2                                    |     17 |       21 |                  0
  5003002 | exportischolar #2                                  |     19 |        9 |                  0
  6014003 | brandbrand #8                                      |      8 |       36 |                  0
  8003009 | importounivamalg #6                                |      9 |        8 |                  0
 10006009 | amalgedu pack #2                                   |     18 |       10 |                  0
(1192 rows)

UPDATE time_statistics SET e_time = TRANSACTION_TIMESTAMP() WHERE template = 'query71.tpl' AND stream = 8;
psql:/tmp/s1-basline/throughput/query_8.sql:1429: NOTICE:  duration: 0.075 ms  plan:
Query Text: UPDATE time_statistics SET e_time = TRANSACTION_TIMESTAMP() WHERE template = 'query71.tpl' AND stream = 8;
Update on time_statistics  (cost=0.00..14.47 rows=0 width=0) (actual time=0.074..0.074 rows=0 loops=1)
  ->  Seq Scan on time_statistics  (cost=0.00..14.47 rows=1 width=14) (actual time=0.060..0.060 rows=1 loops=1)
        Filter: ((template = 'query71.tpl'::text) AND (stream = 8))
        Rows Removed by Filter: 447
UPDATE 1
LOAD 'auto_explain'; SET auto_explain.log_min_duration TO 0; SET auto_explain.log_analyze TO on; SET auto_explain.log_level TO notice; INSERT INTO time_statistics (template, s_time, stream, query, seed) VALUES ('query3.tpl', TRANSACTION_TIMESTAMP(), 8, 23, 1761634844);
LOAD
SET
SET
SET
psql:/tmp/s1-basline/throughput/query_8.sql:1430: NOTICE:  duration: 0.009 ms  plan:
Query Text: INSERT INTO time_statistics (template, s_time, stream, query, seed) VALUES ('query3.tpl', TRANSACTION_TIMESTAMP(), 8, 23, 1761634844);
Insert on time_statistics  (cost=0.00..0.01 rows=0 width=0) (actual time=0.008..0.008 rows=0 loops=1)
  ->  Result  (cost=0.00..0.01 rows=1 width=64) (actual time=0.001..0.001 rows=1 loops=1)
INSERT 0 1
select  dt.d_year 
       ,item.i_brand_id brand_id 
       ,item.i_brand brand
       ,sum(ss_ext_sales_price) sum_agg
 from  date_dim dt 
      ,store_sales
      ,item
 where dt.d_date_sk = store_sales.ss_sold_date_sk
   and store_sales.ss_item_sk = item.i_item_sk
   and item.i_manufact_id = 871
   and dt.d_moy=12
 group by dt.d_year
      ,item.i_brand
      ,item.i_brand_id
 order by dt.d_year
         ,sum_agg desc
         ,brand_id
 limit 100;
psql:/tmp/s1-basline/throughput/query_8.sql:1448: NOTICE:  duration: 10.878 ms  plan:
Query Text: select  dt.d_year 
       ,item.i_brand_id brand_id 
       ,item.i_brand brand
       ,sum(ss_ext_sales_price) sum_agg
 from  date_dim dt 
      ,store_sales
      ,item
 where dt.d_date_sk = store_sales.ss_sold_date_sk
   and store_sales.ss_item_sk = item.i_item_sk
   and item.i_manufact_id = 871
   and dt.d_moy=12
 group by dt.d_year
      ,item.i_brand
      ,item.i_brand_id
 order by dt.d_year
         ,sum_agg desc
         ,brand_id
 limit 100;
Limit  (cost=5260.98..5261.23 rows=100 width=67) (actual time=10.864..10.867 rows=19 loops=1)
  ->  Sort  (cost=5260.98..5261.50 rows=208 width=67) (actual time=10.864..10.865 rows=19 loops=1)
        Sort Key: dt.d_year, (sum(store_sales.ss_ext_sales_price)) DESC, item.i_brand_id
        Sort Method: quicksort  Memory: 27kB
        ->  GroupAggregate  (cost=5248.35..5253.03 rows=208 width=67) (actual time=10.808..10.854 rows=19 loops=1)
              Group Key: dt.d_year, item.i_brand, item.i_brand_id
              ->  Sort  (cost=5248.35..5248.87 rows=208 width=67) (actual time=10.803..10.811 rows=192 loops=1)
                    Sort Key: dt.d_year, item.i_brand, item.i_brand_id
                    Sort Method: quicksort  Memory: 45kB
                    ->  Nested Loop  (cost=0.73..5240.34 rows=208 width=67) (actual time=0.730..10.726 rows=192 loops=1)
                          ->  Nested Loop  (cost=0.43..4605.24 rows=2569 width=71) (actual time=0.699..9.169 rows=1192 loops=1)
                                ->  Seq Scan on item  (cost=0.00..1481.00 rows=16 width=63) (actual time=0.689..7.438 rows=10 loops=1)
                                      Filter: (i_manufact_id = 871)
                                      Rows Removed by Filter: 17990
                                ->  Index Scan using pk_store_sales on store_sales  (cost=0.43..193.51 rows=175 width=24) (actual time=0.008..0.152 rows=119 loops=10)
                                      Index Cond: (ss_item_sk = item.i_item_sk)
                          ->  Memoize  (cost=0.30..0.32 rows=1 width=12) (actual time=0.001..0.001 rows=0 loops=1192)
                                Cache Key: store_sales.ss_sold_date_sk
                                Cache Mode: logical
                                Hits: 422  Misses: 770  Evictions: 0  Overflows: 0  Memory Usage: 60kB
                                ->  Index Scan using pk_date_dim on date_dim dt  (cost=0.29..0.31 rows=1 width=12) (actual time=0.001..0.001 rows=0 loops=770)
                                      Index Cond: (d_date_sk = store_sales.ss_sold_date_sk)
                                      Filter: (d_moy = 12)
                                      Rows Removed by Filter: 1
 d_year | brand_id |                       brand                        |      sum_agg       
--------+----------+----------------------------------------------------+--------------------
   1998 |  9010005 | univunivamalg #5                                   | 24947.770000000004
   1998 |  9011011 | amalgunivamalg #11                                 |           24177.36
   1998 |  5001001 | amalgscholar #1                                    |           21039.28
   1998 |  4002001 | importoedu pack #1                                 |            16397.2
   1999 |  9010005 | univunivamalg #5                                   |           27508.18
   1999 |  9011011 | amalgunivamalg #11                                 |           19828.31
   1999 |  5001001 | amalgscholar #1                                    | 19796.629999999997
   1999 |  4002001 | importoedu pack #1                                 |  9086.980000000001
   2000 |  9011011 | exportiimporto #2                                  |           30287.62
   2000 |  5001001 | exportimaxi #12                                    |           20332.53
   2000 |  2003002 | exportiimporto #2                                  |           18975.28
   2000 |  4002001 | importoedu pack #1                                 |           16853.58
   2001 |  5001001 | exportimaxi #12                                    | 21203.070000000003
   2001 |  2003002 | exportiimporto #2                                  | 20188.920000000002
   2001 |  9011011 | exportiimporto #2                                  |           17141.08
   2001 |  6014004 | edu packbrand #4                                   |           15473.11
   2002 |  5004001 | edu packscholar #1                                 | 29331.170000000002
   2002 |  6003001 | exporticorp #1                                     | 21663.969999999998
   2002 |  6014004 | edu packbrand #4                                   |           14404.61
(19 rows)

UPDATE time_statistics SET e_time = TRANSACTION_TIMESTAMP() WHERE template = 'query3.tpl' AND stream = 8;
psql:/tmp/s1-basline/throughput/query_8.sql:1450: NOTICE:  duration: 0.058 ms  plan:
Query Text: UPDATE time_statistics SET e_time = TRANSACTION_TIMESTAMP() WHERE template = 'query3.tpl' AND stream = 8;
Update on time_statistics  (cost=0.00..14.47 rows=0 width=0) (actual time=0.057..0.057 rows=0 loops=1)
  ->  Seq Scan on time_statistics  (cost=0.00..14.47 rows=1 width=14) (actual time=0.048..0.049 rows=1 loops=1)
        Filter: ((template = 'query3.tpl'::text) AND (stream = 8))
        Rows Removed by Filter: 448
UPDATE 1
LOAD 'auto_explain'; SET auto_explain.log_min_duration TO 0; SET auto_explain.log_analyze TO on; SET auto_explain.log_level TO notice; INSERT INTO time_statistics (template, s_time, stream, query, seed) VALUES ('../query_postgresql/query49.tpl', TRANSACTION_TIMESTAMP(), 8, 24, 1923483306);
LOAD
SET
SET
SET
psql:/tmp/s1-basline/throughput/query_8.sql:1451: NOTICE:  duration: 0.007 ms  plan:
Query Text: INSERT INTO time_statistics (template, s_time, stream, query, seed) VALUES ('../query_postgresql/query49.tpl', TRANSACTION_TIMESTAMP(), 8, 24, 1923483306);
Insert on time_statistics  (cost=0.00..0.01 rows=0 width=0) (actual time=0.006..0.007 rows=0 loops=1)
  ->  Result  (cost=0.00..0.01 rows=1 width=64) (actual time=0.001..0.001 rows=1 loops=1)
INSERT 0 1
select  channel, item, return_ratio, return_rank, currency_rank from
 (select
 'web' as channel
 ,web.item
 ,web.return_ratio
 ,web.return_rank
 ,web.currency_rank
 from (
 	select 
 	 item
 	,return_ratio
 	,currency_ratio
 	,rank() over (order by return_ratio) as return_rank
 	,rank() over (order by currency_ratio) as currency_rank
 	from
 	(	select ws.ws_item_sk as item
 		,(cast(sum(coalesce(wr.wr_return_quantity,0)) as decimal(15,4))/
 		cast(sum(coalesce(ws.ws_quantity,0)) as decimal(15,4) )) as return_ratio
 		,(cast(sum(coalesce(wr.wr_return_amt,0)) as decimal(15,4))/
 		cast(sum(coalesce(ws.ws_net_paid,0)) as decimal(15,4) )) as currency_ratio
 		from 
 		 web_sales ws left outer join web_returns wr 
 			on (ws.ws_order_number = wr.wr_order_number and 
 			ws.ws_item_sk = wr.wr_item_sk)
                 ,date_dim
 		where 
 			wr.wr_return_amt > 10000 
 			and ws.ws_net_profit > 1
                         and ws.ws_net_paid > 0
                         and ws.ws_quantity > 0
                         and ws_sold_date_sk = d_date_sk
                         and d_year = 1999
                         and d_moy = 12
 		group by ws.ws_item_sk
 	) in_web
 ) web
 where 
 (
 web.return_rank <= 10
 or
 web.currency_rank <= 10
 )
 union
 select 
 'catalog' as channel
 ,catalog.item
 ,catalog.return_ratio
 ,catalog.return_rank
 ,catalog.currency_rank
 from (
 	select 
 	 item
 	,return_ratio
 	,currency_ratio
 	,rank() over (order by return_ratio) as return_rank
 	,rank() over (order by currency_ratio) as currency_rank
 	from
 	(	select 
 		cs.cs_item_sk as item
 		,(cast(sum(coalesce(cr.cr_return_quantity,0)) as decimal(15,4))/
 		cast(sum(coalesce(cs.cs_quantity,0)) as decimal(15,4) )) as return_ratio
 		,(cast(sum(coalesce(cr.cr_return_amount,0)) as decimal(15,4))/
 		cast(sum(coalesce(cs.cs_net_paid,0)) as decimal(15,4) )) as currency_ratio
 		from 
 		catalog_sales cs left outer join catalog_returns cr
 			on (cs.cs_order_number = cr.cr_order_number and 
 			cs.cs_item_sk = cr.cr_item_sk)
                ,date_dim
 		where 
 			cr.cr_return_amount > 10000 
 			and cs.cs_net_profit > 1
                         and cs.cs_net_paid > 0
                         and cs.cs_quantity > 0
                         and cs_sold_date_sk = d_date_sk
                         and d_year = 1999
                         and d_moy = 12
                 group by cs.cs_item_sk
 	) in_cat
 ) catalog
 where 
 (
 catalog.return_rank <= 10
 or
 catalog.currency_rank <=10
 )
 union
 select 
 'store' as channel
 ,store.item
 ,store.return_ratio
 ,store.return_rank
 ,store.currency_rank
 from (
 	select 
 	 item
 	,return_ratio
 	,currency_ratio
 	,rank() over (order by return_ratio) as return_rank
 	,rank() over (order by currency_ratio) as currency_rank
 	from
 	(	select sts.ss_item_sk as item
 		,(cast(sum(coalesce(sr.sr_return_quantity,0)) as decimal(15,4))/cast(sum(coalesce(sts.ss_quantity,0)) as decimal(15,4) )) as return_ratio
 		,(cast(sum(coalesce(sr.sr_return_amt,0)) as decimal(15,4))/cast(sum(coalesce(sts.ss_net_paid,0)) as decimal(15,4) )) as currency_ratio
 		from 
 		store_sales sts left outer join store_returns sr
 			on (sts.ss_ticket_number = sr.sr_ticket_number and sts.ss_item_sk = sr.sr_item_sk)
                ,date_dim
 		where 
 			sr.sr_return_amt > 10000 
 			and sts.ss_net_profit > 1
                         and sts.ss_net_paid > 0 
                         and sts.ss_quantity > 0
                         and ss_sold_date_sk = d_date_sk
                         and d_year = 1999
                         and d_moy = 12
 		group by sts.ss_item_sk
 	) in_store
 ) store
 where  (
 store.return_rank <= 10
 or 
 store.currency_rank <= 10
 )
 ) query49
 order by 1,4,5,2
 limit 100;
psql:/tmp/s1-basline/throughput/query_8.sql:1577: NOTICE:  duration: 112.931 ms  plan:
Query Text: select  channel, item, return_ratio, return_rank, currency_rank from
 (select
 'web' as channel
 ,web.item
 ,web.return_ratio
 ,web.return_rank
 ,web.currency_rank
 from (
 	select 
 	 item
 	,return_ratio
 	,currency_ratio
 	,rank() over (order by return_ratio) as return_rank
 	,rank() over (order by currency_ratio) as currency_rank
 	from
 	(	select ws.ws_item_sk as item
 		,(cast(sum(coalesce(wr.wr_return_quantity,0)) as decimal(15,4))/
 		cast(sum(coalesce(ws.ws_quantity,0)) as decimal(15,4) )) as return_ratio
 		,(cast(sum(coalesce(wr.wr_return_amt,0)) as decimal(15,4))/
 		cast(sum(coalesce(ws.ws_net_paid,0)) as decimal(15,4) )) as currency_ratio
 		from 
 		 web_sales ws left outer join web_returns wr 
 			on (ws.ws_order_number = wr.wr_order_number and 
 			ws.ws_item_sk = wr.wr_item_sk)
                 ,date_dim
 		where 
 			wr.wr_return_amt > 10000 
 			and ws.ws_net_profit > 1
                         and ws.ws_net_paid > 0
                         and ws.ws_quantity > 0
                         and ws_sold_date_sk = d_date_sk
                         and d_year = 1999
                         and d_moy = 12
 		group by ws.ws_item_sk
 	) in_web
 ) web
 where 
 (
 web.return_rank <= 10
 or
 web.currency_rank <= 10
 )
 union
 select 
 'catalog' as channel
 ,catalog.item
 ,catalog.return_ratio
 ,catalog.return_rank
 ,catalog.currency_rank
 from (
 	select 
 	 item
 	,return_ratio
 	,currency_ratio
 	,rank() over (order by return_ratio) as return_rank
 	,rank() over (order by currency_ratio) as currency_rank
 	from
 	(	select 
 		cs.cs_item_sk as item
 		,(cast(sum(coalesce(cr.cr_return_quantity,0)) as decimal(15,4))/
 		cast(sum(coalesce(cs.cs_quantity,0)) as decimal(15,4) )) as return_ratio
 		,(cast(sum(coalesce(cr.cr_return_amount,0)) as decimal(15,4))/
 		cast(sum(coalesce(cs.cs_net_paid,0)) as decimal(15,4) )) as currency_ratio
 		from 
 		catalog_sales cs left outer join catalog_returns cr
 			on (cs.cs_order_number = cr.cr_order_number and 
 			cs.cs_item_sk = cr.cr_item_sk)
                ,date_dim
 		where 
 			cr.cr_return_amount > 10000 
 			and cs.cs_net_profit > 1
                         and cs.cs_net_paid > 0
                         and cs.cs_quantity > 0
                         and cs_sold_date_sk = d_date_sk
                         and d_year = 1999
                         and d_moy = 12
                 group by cs.cs_item_sk
 	) in_cat
 ) catalog
 where 
 (
 catalog.return_rank <= 10
 or
 catalog.currency_rank <=10
 )
 union
 select 
 'store' as channel
 ,store.item
 ,store.return_ratio
 ,store.return_rank
 ,store.currency_rank
 from (
 	select 
 	 item
 	,return_ratio
 	,currency_ratio
 	,rank() over (order by return_ratio) as return_rank
 	,rank() over (order by currency_ratio) as currency_rank
 	from
 	(	select sts.ss_item_sk as item
 		,(cast(sum(coalesce(sr.sr_return_quantity,0)) as decimal(15,4))/cast(sum(coalesce(sts.ss_quantity,0)) as decimal(15,4) )) as return_ratio
 		,(cast(sum(coalesce(sr.sr_return_amt,0)) as decimal(15,4))/cast(sum(coalesce(sts.ss_net_paid,0)) as decimal(15,4) )) as currency_ratio
 		from 
 		store_sales sts left outer join store_returns sr
 			on (sts.ss_ticket_number = sr.sr_ticket_number and sts.ss_item_sk = sr.sr_item_sk)
                ,date_dim
 		where 
 			sr.sr_return_amt > 10000 
 			and sts.ss_net_profit > 1
                         and sts.ss_net_paid > 0 
                         and sts.ss_quantity > 0
                         and ss_sold_date_sk = d_date_sk
                         and d_year = 1999
                         and d_moy = 12
 		group by sts.ss_item_sk
 	) in_store
 ) store
 where  (
 store.return_rank <= 10
 or 
 store.currency_rank <= 10
 )
 ) query49
 order by 1,4,5,2
 limit 100;
Limit  (cost=22803.67..22803.68 rows=3 width=88) (actual time=112.887..112.904 rows=34 loops=1)
  ->  Sort  (cost=22803.67..22803.68 rows=3 width=88) (actual time=112.886..112.901 rows=34 loops=1)
        Sort Key: ('web'::text), web.return_rank, web.currency_rank, web.item
        Sort Method: quicksort  Memory: 27kB
        ->  HashAggregate  (cost=22803.59..22803.62 rows=3 width=88) (actual time=112.850..112.869 rows=34 loops=1)
              Group Key: ('web'::text), web.item, web.return_ratio, web.return_rank, web.currency_rank
              Batches: 1  Memory Usage: 32kB
              ->  Append  (cost=4475.69..22803.55 rows=3 width=88) (actual time=15.306..112.834 rows=34 loops=1)
                    ->  Subquery Scan on web  (cost=4475.69..4475.73 rows=1 width=88) (actual time=15.305..15.326 rows=11 loops=1)
                          Filter: ((web.return_rank <= 10) OR (web.currency_rank <= 10))
                          Rows Removed by Filter: 10
                          ->  WindowAgg  (cost=4475.69..4475.71 rows=1 width=88) (actual time=15.304..15.322 rows=21 loops=1)
                                ->  Sort  (cost=4475.69..4475.70 rows=1 width=80) (actual time=15.300..15.305 rows=21 loops=1)
                                      Sort Key: in_web.return_ratio
                                      Sort Method: quicksort  Memory: 26kB
                                      ->  WindowAgg  (cost=4475.66..4475.68 rows=1 width=80) (actual time=15.270..15.289 rows=21 loops=1)
                                            ->  Sort  (cost=4475.66..4475.67 rows=1 width=72) (actual time=15.263..15.267 rows=21 loops=1)
                                                  Sort Key: in_web.currency_ratio
                                                  Sort Method: quicksort  Memory: 26kB
                                                  ->  Subquery Scan on in_web  (cost=4475.59..4475.65 rows=1 width=72) (actual time=15.199..15.255 rows=21 loops=1)
                                                        ->  GroupAggregate  (cost=4475.59..4475.64 rows=1 width=72) (actual time=15.199..15.253 rows=21 loops=1)
                                                              Group Key: ws.ws_item_sk
                                                              ->  Sort  (cost=4475.59..4475.59 rows=1 width=32) (actual time=15.179..15.182 rows=21 loops=1)
                                                                    Sort Key: ws.ws_item_sk
                                                                    Sort Method: quicksort  Memory: 26kB
                                                                    ->  Nested Loop  (cost=0.72..4475.58 rows=1 width=32) (actual time=1.841..15.171 rows=21 loops=1)
                                                                          ->  Nested Loop  (cost=0.42..4475.26 rows=1 width=40) (actual time=0.028..14.328 rows=546 loops=1)
                                                                                ->  Seq Scan on web_returns wr  (cost=0.00..2802.96 rows=657 width=28) (actual time=0.019..11.775 rows=616 loops=1)
                                                                                      Filter: (wr_return_amt > '10000'::double precision)
                                                                                      Rows Removed by Filter: 70790
                                                                                ->  Index Scan using pk_web_sales on web_sales ws  (cost=0.42..2.55 rows=1 width=36) (actual time=0.004..0.004 rows=1 loops=616)
                                                                                      Index Cond: ((ws_item_sk = wr.wr_item_sk) AND (ws_order_number = wr.wr_order_number))
                                                                                      Filter: ((ws_net_profit > '1'::double precision) AND (ws_net_paid > '0'::double precision) AND (ws_quantity > 0))
                                                                                      Rows Removed by Filter: 0
                                                                          ->  Index Scan using pk_date_dim on date_dim  (cost=0.29..0.32 rows=1 width=8) (actual time=0.001..0.001 rows=0 loops=546)
                                                                                Index Cond: (d_date_sk = ws.ws_sold_date_sk)
                                                                                Filter: ((d_year = 1999) AND (d_moy = 12))
                                                                                Rows Removed by Filter: 1
                    ->  Subquery Scan on catalog  (cost=4371.12..4371.16 rows=1 width=88) (actual time=54.094..54.132 rows=12 loops=1)
                          Filter: ((catalog.return_rank <= 10) OR (catalog.currency_rank <= 10))
                          Rows Removed by Filter: 35
                          ->  WindowAgg  (cost=4371.12..4371.14 rows=1 width=88) (actual time=54.093..54.126 rows=47 loops=1)
                                ->  Sort  (cost=4371.12..4371.13 rows=1 width=80) (actual time=54.090..54.095 rows=47 loops=1)
                                      Sort Key: in_cat.return_ratio
                                      Sort Method: quicksort  Memory: 28kB
                                      ->  WindowAgg  (cost=4371.09..4371.11 rows=1 width=80) (actual time=54.042..54.077 rows=47 loops=1)
                                            ->  Sort  (cost=4371.09..4371.10 rows=1 width=72) (actual time=54.035..54.040 rows=47 loops=1)
                                                  Sort Key: in_cat.currency_ratio
                                                  Sort Method: quicksort  Memory: 28kB
                                                  ->  Subquery Scan on in_cat  (cost=4371.02..4371.08 rows=1 width=72) (actual time=53.882..54.002 rows=47 loops=1)
                                                        ->  GroupAggregate  (cost=4371.02..4371.07 rows=1 width=72) (actual time=53.881..53.997 rows=47 loops=1)
                                                              Group Key: cs.cs_item_sk
                                                              ->  Sort  (cost=4371.02..4371.03 rows=1 width=32) (actual time=53.859..53.864 rows=47 loops=1)
                                                                    Sort Key: cs.cs_item_sk
                                                                    Sort Method: quicksort  Memory: 28kB
                                                                    ->  Nested Loop  (cost=0.85..4371.01 rows=1 width=32) (actual time=5.301..53.826 rows=47 loops=1)
                                                                          ->  Nested Loop  (cost=0.43..4264.69 rows=235 width=28) (actual time=4.164..25.844 rows=17674 loops=1)
                                                                                ->  Seq Scan on date_dim date_dim_1  (cost=0.00..2500.73 rows=31 width=8) (actual time=4.138..8.691 rows=31 loops=1)
                                                                                      Filter: ((d_year = 1999) AND (d_moy = 12))
                                                                                      Rows Removed by Filter: 73018
                                                                                ->  Index Scan using i_cs_sold_date_sk on catalog_sales cs  (cost=0.43..53.87 rows=303 width=36) (actual time=0.006..0.507 rows=570 loops=31)
                                                                                      Index Cond: (cs_sold_date_sk = date_dim_1.d_date_sk)
                                                                                      Filter: ((cs_net_profit > '1'::double precision) AND (cs_net_paid > '0'::double precision) AND (cs_quantity > 0))
                                                                                      Rows Removed by Filter: 886
                                                                          ->  Index Scan using pk_catalog_returns on catalog_returns cr  (cost=0.42..0.45 rows=1 width=28) (actual time=0.001..0.001 rows=0 loops=17674)
                                                                                Index Cond: ((cr_item_sk = cs.cs_item_sk) AND (cr_order_number = cs.cs_order_number))
                                                                                Filter: (cr_return_amount > '10000'::double precision)
                                                                                Rows Removed by Filter: 0
                    ->  Subquery Scan on store  (cost=13956.59..13956.62 rows=1 width=88) (actual time=43.355..43.368 rows=11 loops=1)
                          Filter: ((store.return_rank <= 10) OR (store.currency_rank <= 10))
                          Rows Removed by Filter: 2
                          ->  WindowAgg  (cost=13956.59..13956.61 rows=1 width=88) (actual time=43.354..43.365 rows=13 loops=1)
                                ->  Sort  (cost=13956.59..13956.59 rows=1 width=80) (actual time=43.350..43.352 rows=13 loops=1)
                                      Sort Key: in_store.return_ratio
                                      Sort Method: quicksort  Memory: 26kB
                                      ->  WindowAgg  (cost=13956.56..13956.58 rows=1 width=80) (actual time=43.319..43.332 rows=13 loops=1)
                                            ->  Sort  (cost=13956.56..13956.56 rows=1 width=72) (actual time=43.311..43.313 rows=13 loops=1)
                                                  Sort Key: in_store.currency_ratio
                                                  Sort Method: quicksort  Memory: 26kB
                                                  ->  Subquery Scan on in_store  (cost=13956.49..13956.55 rows=1 width=72) (actual time=43.245..43.286 rows=13 loops=1)
                                                        ->  GroupAggregate  (cost=13956.49..13956.54 rows=1 width=72) (actual time=43.243..43.283 rows=13 loops=1)
                                                              Group Key: sts.ss_item_sk
                                                              ->  Sort  (cost=13956.49..13956.49 rows=1 width=32) (actual time=43.221..43.223 rows=13 loops=1)
                                                                    Sort Key: sts.ss_item_sk
                                                                    Sort Method: quicksort  Memory: 25kB
                                                                    ->  Nested Loop  (cost=0.72..13956.48 rows=1 width=32) (actual time=1.328..43.178 rows=13 loops=1)
                                                                          ->  Nested Loop  (cost=0.43..13956.16 rows=1 width=40) (actual time=0.117..42.548 rows=342 loops=1)
                                                                                ->  Seq Scan on store_returns sr  (cost=0.00..10158.16 rows=1466 width=28) (actual time=0.099..40.349 rows=436 loops=1)
                                                                                      Filter: (sr_return_amt > '10000'::double precision)
                                                                                      Rows Removed by Filter: 284584
                                                                                ->  Index Scan using pk_store_sales on store_sales sts  (cost=0.43..2.59 rows=1 width=36) (actual time=0.005..0.005 rows=1 loops=436)
                                                                                      Index Cond: ((ss_item_sk = sr.sr_item_sk) AND (ss_ticket_number = sr.sr_ticket_number))
                                                                                      Filter: ((ss_net_profit > '1'::double precision) AND (ss_net_paid > '0'::double precision) AND (ss_quantity > 0))
                                                                                      Rows Removed by Filter: 0
                                                                          ->  Index Scan using pk_date_dim on date_dim date_dim_2  (cost=0.29..0.32 rows=1 width=8) (actual time=0.002..0.002 rows=0 loops=342)
                                                                                Index Cond: (d_date_sk = sts.ss_sold_date_sk)
                                                                                Filter: ((d_year = 1999) AND (d_moy = 12))
                                                                                Rows Removed by Filter: 1
 channel | item  |      return_ratio      | return_rank | currency_rank 
---------+-------+------------------------+-------------+---------------
 catalog | 16321 | 0.55670103092783505155 |           1 |             1
 catalog |  7694 | 0.58620689655172413793 |           2 |             2
 catalog |  4699 | 0.65277777777777777778 |           3 |             3
 catalog | 16124 | 0.66666666666666666667 |           4 |             4
 catalog | 13310 | 0.70212765957446808511 |           5 |            45
 catalog | 16981 | 0.70769230769230769231 |           6 |             5
 catalog | 16132 | 0.72463768115942028986 |           7 |             6
 catalog |  7933 | 0.72463768115942028986 |           7 |            43
 catalog |  4528 | 0.74358974358974358974 |           9 |             7
 catalog | 16664 | 0.76829268292682926829 |          10 |             8
 catalog | 14491 | 0.76842105263157894737 |          11 |             9
 catalog |  7465 | 0.77027027027027027027 |          12 |            10
 store   | 11618 | 0.83950617283950617284 |           1 |             1
 store   | 16708 | 0.84375000000000000000 |           2 |             2
 store   | 15562 | 0.84883720930232558140 |           3 |             5
 store   | 17504 | 0.87209302325581395349 |           4 |            12
 store   | 15832 | 0.90322580645161290323 |           5 |             3
 store   |  9916 | 0.91891891891891891892 |           6 |             4
 store   | 11800 | 0.95348837209302325581 |           7 |             6
 store   | 10993 | 0.95402298850574712644 |           8 |             7
 store   | 10696 | 0.95505617977528089888 |           9 |             8
 store   |  3787 | 0.95876288659793814433 |          10 |             9
 store   | 14098 | 0.96938775510204081633 |          11 |            10
 web     | 10720 | 0.63917525773195876289 |           1 |             1
 web     | 13970 | 0.63917525773195876289 |           1 |             1
 web     |  3169 | 0.65882352941176470588 |           3 |             3
 web     |  6022 | 0.68235294117647058824 |           4 |             4
 web     |  2624 | 0.69473684210526315789 |           5 |             5
 web     |  4408 | 0.76404494382022471910 |           6 |             6
 web     | 11618 | 0.83146067415730337079 |           7 |             7
 web     | 15800 | 0.83606557377049180328 |           8 |            17
 web     | 17311 | 0.86516853932584269663 |           9 |             8
 web     |  4552 | 0.86597938144329896907 |          10 |             9
 web     |  6368 | 0.87058823529411764706 |          11 |            10
(34 rows)

UPDATE time_statistics SET e_time = TRANSACTION_TIMESTAMP() WHERE template = '../query_postgresql/query49.tpl' AND stream = 8;
psql:/tmp/s1-basline/throughput/query_8.sql:1579: NOTICE:  duration: 0.071 ms  plan:
Query Text: UPDATE time_statistics SET e_time = TRANSACTION_TIMESTAMP() WHERE template = '../query_postgresql/query49.tpl' AND stream = 8;
Update on time_statistics  (cost=0.00..14.47 rows=0 width=0) (actual time=0.071..0.071 rows=0 loops=1)
  ->  Seq Scan on time_statistics  (cost=0.00..14.47 rows=1 width=14) (actual time=0.056..0.056 rows=1 loops=1)
        Filter: ((template = '../query_postgresql/query49.tpl'::text) AND (stream = 8))
        Rows Removed by Filter: 449
UPDATE 1
LOAD 'auto_explain'; SET auto_explain.log_min_duration TO 0; SET auto_explain.log_analyze TO on; SET auto_explain.log_level TO notice; INSERT INTO time_statistics (template, s_time, stream, query, seed) VALUES ('query84.tpl', TRANSACTION_TIMESTAMP(), 8, 25, 1291808061);
LOAD
SET
SET
SET
psql:/tmp/s1-basline/throughput/query_8.sql:1580: NOTICE:  duration: 0.008 ms  plan:
Query Text: INSERT INTO time_statistics (template, s_time, stream, query, seed) VALUES ('query84.tpl', TRANSACTION_TIMESTAMP(), 8, 25, 1291808061);
Insert on time_statistics  (cost=0.00..0.01 rows=0 width=0) (actual time=0.008..0.008 rows=0 loops=1)
  ->  Result  (cost=0.00..0.01 rows=1 width=64) (actual time=0.001..0.001 rows=1 loops=1)
INSERT 0 1
select  c_customer_id as customer_id
       , coalesce(c_last_name,'') || ', ' || coalesce(c_first_name,'') as customername
 from customer
     ,customer_address
     ,customer_demographics
     ,household_demographics
     ,income_band
     ,store_returns
 where ca_city	        =  'Forest Hills'
   and c_current_addr_sk = ca_address_sk
   and ib_lower_bound   >=  18329
   and ib_upper_bound   <=  18329 + 50000
   and ib_income_band_sk = hd_income_band_sk
   and cd_demo_sk = c_current_cdemo_sk
   and hd_demo_sk = c_current_hdemo_sk
   and sr_cdemo_sk = cd_demo_sk
 order by c_customer_id
 limit 100;
psql:/tmp/s1-basline/throughput/query_8.sql:1598: NOTICE:  duration: 83.627 ms  plan:
Query Text: select  c_customer_id as customer_id
       , coalesce(c_last_name,'') || ', ' || coalesce(c_first_name,'') as customername
 from customer
     ,customer_address
     ,customer_demographics
     ,household_demographics
     ,income_band
     ,store_returns
 where ca_city	        =  'Forest Hills'
   and c_current_addr_sk = ca_address_sk
   and ib_lower_bound   >=  18329
   and ib_upper_bound   <=  18329 + 50000
   and ib_income_band_sk = hd_income_band_sk
   and cd_demo_sk = c_current_cdemo_sk
   and hd_demo_sk = c_current_hdemo_sk
   and sr_cdemo_sk = cd_demo_sk
 order by c_customer_id
 limit 100;
Limit  (cost=17184.22..17184.30 rows=31 width=49) (actual time=83.608..83.616 rows=25 loops=1)
  ->  Sort  (cost=17184.22..17184.30 rows=31 width=49) (actual time=83.608..83.613 rows=25 loops=1)
        Sort Key: customer.c_customer_id
        Sort Method: quicksort  Memory: 26kB
        ->  Nested Loop  (cost=6211.74..17183.45 rows=31 width=49) (actual time=28.224..83.574 rows=25 loops=1)
              Join Filter: (customer.c_current_cdemo_sk = customer_demographics.cd_demo_sk)
              ->  Nested Loop  (cost=6211.32..17066.14 rows=246 width=85) (actual time=28.204..83.339 rows=25 loops=1)
                    Join Filter: (household_demographics.hd_income_band_sk = income_band.ib_income_band_sk)
                    Rows Removed by Join Filter: 427
                    ->  Nested Loop  (cost=6211.32..16993.75 rows=819 width=93) (actual time=28.190..83.254 rows=123 loops=1)
                          ->  Hash Join  (cost=6211.03..16738.30 rows=849 width=93) (actual time=28.165..82.914 rows=123 loops=1)
                                Hash Cond: (store_returns.sr_cdemo_sk = customer.c_current_cdemo_sk)
                                ->  Seq Scan on store_returns  (cost=0.00..9436.93 rows=288493 width=8) (actual time=0.006..24.441 rows=285020 loops=1)
                                ->  Hash  (cost=6201.36..6201.36 rows=774 width=85) (actual time=27.434..27.436 rows=767 loops=1)
                                      Buckets: 1024  Batches: 1  Memory Usage: 98kB
                                      ->  Hash Join  (cost=1777.84..6201.36 rows=774 width=85) (actual time=6.444..27.240 rows=800 loops=1)
                                            Hash Cond: (customer.c_current_addr_sk = customer_address.ca_address_sk)
                                            ->  Seq Scan on customer  (cost=0.00..4161.00 rows=100000 width=93) (actual time=0.003..7.796 rows=100000 loops=1)
                                            ->  Hash  (cost=1773.00..1773.00 rows=387 width=8) (actual time=6.403..6.404 rows=401 loops=1)
                                                  Buckets: 1024  Batches: 1  Memory Usage: 24kB
                                                  ->  Seq Scan on customer_address  (cost=0.00..1773.00 rows=387 width=8) (actual time=0.025..6.351 rows=401 loops=1)
                                                        Filter: ((ca_city)::text = 'Forest Hills'::text)
                                                        Rows Removed by Filter: 49599
                          ->  Index Scan using pk_household_demographics on household_demographics  (cost=0.28..0.30 rows=1 width=16) (actual time=0.002..0.002 rows=1 loops=123)
                                Index Cond: (hd_demo_sk = customer.c_current_hdemo_sk)
                    ->  Materialize  (cost=0.00..1.33 rows=6 width=8) (actual time=0.000..0.000 rows=4 loops=123)
                          ->  Seq Scan on income_band  (cost=0.00..1.30 rows=6 width=8) (actual time=0.007..0.009 rows=4 loops=1)
                                Filter: ((ib_lower_bound >= 18329) AND (ib_upper_bound <= 68329))
                                Rows Removed by Filter: 16
              ->  Index Only Scan using pk_customer_demographics on customer_demographics  (cost=0.43..0.46 rows=1 width=8) (actual time=0.008..0.008 rows=1 loops=25)
                    Index Cond: (cd_demo_sk = store_returns.sr_cdemo_sk)
                    Heap Fetches: 0
   customer_id    |     customername     
------------------+----------------------
 AAAAAAAAAKMBBAAA | Roger, Victoria
 AAAAAAAACECIAAAA | Robles, Michael
 AAAAAAAACHJDAAAA | Call, Marie
 AAAAAAAACODGAAAA | Washington, Kristina
 AAAAAAAADDOKAAAA | Miller, Keely
 AAAAAAAADFDEAAAA | Thompson, Michael
 AAAAAAAAEAJHBAAA | Horton, Emmanuel
 AAAAAAAAGAFHBAAA | Leggett, Barbara
 AAAAAAAAGIDBAAAA | Alston, James
 AAAAAAAAHGAIAAAA | Stovall, Erica
 AAAAAAAAHHLGBAAA | Isaacs, Francoise
 AAAAAAAAIKJFBAAA | Webb, Valerie
 AAAAAAAAJONGAAAA | Norton, Louis
 AAAAAAAAJPCFBAAA | Neville, Nancy
 AAAAAAAAJPCFBAAA | Neville, Nancy
 AAAAAAAALCPEBAAA | Sanchez, Brian
 AAAAAAAAMCPABAAA | Williams, Michelle
 AAAAAAAAOALEAAAA | Lyons, David
 AAAAAAAAOALEAAAA | Lyons, David
 AAAAAAAAOIDHBAAA | Causey, Peter
 AAAAAAAAOJPAAAAA | Lopez, Bill
 AAAAAAAAPBKNAAAA | Gray, Ashley
 AAAAAAAAPGMEBAAA | Mitchell, Christian
 AAAAAAAAPLEEAAAA | Smith, Ralph
 AAAAAAAAPLJGAAAA | Gonzales, Dwight
(25 rows)

UPDATE time_statistics SET e_time = TRANSACTION_TIMESTAMP() WHERE template = 'query84.tpl' AND stream = 8;
psql:/tmp/s1-basline/throughput/query_8.sql:1600: NOTICE:  duration: 0.091 ms  plan:
Query Text: UPDATE time_statistics SET e_time = TRANSACTION_TIMESTAMP() WHERE template = 'query84.tpl' AND stream = 8;
Update on time_statistics  (cost=0.00..14.47 rows=0 width=0) (actual time=0.090..0.090 rows=0 loops=1)
  ->  Seq Scan on time_statistics  (cost=0.00..14.47 rows=1 width=14) (actual time=0.073..0.073 rows=1 loops=1)
        Filter: ((template = 'query84.tpl'::text) AND (stream = 8))
        Rows Removed by Filter: 450
UPDATE 1
LOAD 'auto_explain'; SET auto_explain.log_min_duration TO 0; SET auto_explain.log_analyze TO on; SET auto_explain.log_level TO notice; INSERT INTO time_statistics (template, s_time, stream, query, seed) VALUES ('query64.tpl', TRANSACTION_TIMESTAMP(), 8, 26, 119452220);
LOAD
SET
SET
SET
psql:/tmp/s1-basline/throughput/query_8.sql:1601: NOTICE:  duration: 0.008 ms  plan:
Query Text: INSERT INTO time_statistics (template, s_time, stream, query, seed) VALUES ('query64.tpl', TRANSACTION_TIMESTAMP(), 8, 26, 119452220);
Insert on time_statistics  (cost=0.00..0.01 rows=0 width=0) (actual time=0.008..0.008 rows=0 loops=1)
  ->  Result  (cost=0.00..0.01 rows=1 width=64) (actual time=0.001..0.002 rows=1 loops=1)
INSERT 0 1
with cs_ui as
 (select cs_item_sk
        ,sum(cs_ext_list_price) as sale,sum(cr_refunded_cash+cr_reversed_charge+cr_store_credit) as refund
  from catalog_sales
      ,catalog_returns
  where cs_item_sk = cr_item_sk
    and cs_order_number = cr_order_number
  group by cs_item_sk
  having sum(cs_ext_list_price)>2*sum(cr_refunded_cash+cr_reversed_charge+cr_store_credit)),
cross_sales as
 (select i_product_name product_name
     ,i_item_sk item_sk
     ,s_store_name store_name
     ,s_zip store_zip
     ,ad1.ca_street_number b_street_number
     ,ad1.ca_street_name b_street_name
     ,ad1.ca_city b_city
     ,ad1.ca_zip b_zip
     ,ad2.ca_street_number c_street_number
     ,ad2.ca_street_name c_street_name
     ,ad2.ca_city c_city
     ,ad2.ca_zip c_zip
     ,d1.d_year as syear
     ,d2.d_year as fsyear
     ,d3.d_year s2year
     ,count(*) cnt
     ,sum(ss_wholesale_cost) s1
     ,sum(ss_list_price) s2
     ,sum(ss_coupon_amt) s3
  FROM   store_sales
        ,store_returns
        ,cs_ui
        ,date_dim d1
        ,date_dim d2
        ,date_dim d3
        ,store
        ,customer
        ,customer_demographics cd1
        ,customer_demographics cd2
        ,promotion
        ,household_demographics hd1
        ,household_demographics hd2
        ,customer_address ad1
        ,customer_address ad2
        ,income_band ib1
        ,income_band ib2
        ,item
  WHERE  ss_store_sk = s_store_sk AND
         ss_sold_date_sk = d1.d_date_sk AND
         ss_customer_sk = c_customer_sk AND
         ss_cdemo_sk= cd1.cd_demo_sk AND
         ss_hdemo_sk = hd1.hd_demo_sk AND
         ss_addr_sk = ad1.ca_address_sk and
         ss_item_sk = i_item_sk and
         ss_item_sk = sr_item_sk and
         ss_ticket_number = sr_ticket_number and
         ss_item_sk = cs_ui.cs_item_sk and
         c_current_cdemo_sk = cd2.cd_demo_sk AND
         c_current_hdemo_sk = hd2.hd_demo_sk AND
         c_current_addr_sk = ad2.ca_address_sk and
         c_first_sales_date_sk = d2.d_date_sk and
         c_first_shipto_date_sk = d3.d_date_sk and
         ss_promo_sk = p_promo_sk and
         hd1.hd_income_band_sk = ib1.ib_income_band_sk and
         hd2.hd_income_band_sk = ib2.ib_income_band_sk and
         cd1.cd_marital_status <> cd2.cd_marital_status and
         i_color in ('honeydew','misty','frosted','green','lace','violet') and
         i_current_price between 32 and 32 + 10 and
         i_current_price between 32 + 1 and 32 + 15
group by i_product_name
       ,i_item_sk
       ,s_store_name
       ,s_zip
       ,ad1.ca_street_number
       ,ad1.ca_street_name
       ,ad1.ca_city
       ,ad1.ca_zip
       ,ad2.ca_street_number
       ,ad2.ca_street_name
       ,ad2.ca_city
       ,ad2.ca_zip
       ,d1.d_year
       ,d2.d_year
       ,d3.d_year
)
select cs1.product_name
     ,cs1.store_name
     ,cs1.store_zip
     ,cs1.b_street_number
     ,cs1.b_street_name
     ,cs1.b_city
     ,cs1.b_zip
     ,cs1.c_street_number
     ,cs1.c_street_name
     ,cs1.c_city
     ,cs1.c_zip
     ,cs1.syear
     ,cs1.cnt
     ,cs1.s1 as s11
     ,cs1.s2 as s21
     ,cs1.s3 as s31
     ,cs2.s1 as s12
     ,cs2.s2 as s22
     ,cs2.s3 as s32
     ,cs2.syear
     ,cs2.cnt
from cross_sales cs1,cross_sales cs2
where cs1.item_sk=cs2.item_sk and
     cs1.syear = 1999 and
     cs2.syear = 1999 + 1 and
     cs2.cnt <= cs1.cnt and
     cs1.store_name = cs2.store_name and
     cs1.store_zip = cs2.store_zip
order by cs1.product_name
       ,cs1.store_name
       ,cs2.cnt
       ,cs1.s1
       ,cs2.s1;
psql:/tmp/s1-basline/throughput/query_8.sql:1719: NOTICE:  duration: 471.606 ms  plan:
Query Text: with cs_ui as
 (select cs_item_sk
        ,sum(cs_ext_list_price) as sale,sum(cr_refunded_cash+cr_reversed_charge+cr_store_credit) as refund
  from catalog_sales
      ,catalog_returns
  where cs_item_sk = cr_item_sk
    and cs_order_number = cr_order_number
  group by cs_item_sk
  having sum(cs_ext_list_price)>2*sum(cr_refunded_cash+cr_reversed_charge+cr_store_credit)),
cross_sales as
 (select i_product_name product_name
     ,i_item_sk item_sk
     ,s_store_name store_name
     ,s_zip store_zip
     ,ad1.ca_street_number b_street_number
     ,ad1.ca_street_name b_street_name
     ,ad1.ca_city b_city
     ,ad1.ca_zip b_zip
     ,ad2.ca_street_number c_street_number
     ,ad2.ca_street_name c_street_name
     ,ad2.ca_city c_city
     ,ad2.ca_zip c_zip
     ,d1.d_year as syear
     ,d2.d_year as fsyear
     ,d3.d_year s2year
     ,count(*) cnt
     ,sum(ss_wholesale_cost) s1
     ,sum(ss_list_price) s2
     ,sum(ss_coupon_amt) s3
  FROM   store_sales
        ,store_returns
        ,cs_ui
        ,date_dim d1
        ,date_dim d2
        ,date_dim d3
        ,store
        ,customer
        ,customer_demographics cd1
        ,customer_demographics cd2
        ,promotion
        ,household_demographics hd1
        ,household_demographics hd2
        ,customer_address ad1
        ,customer_address ad2
        ,income_band ib1
        ,income_band ib2
        ,item
  WHERE  ss_store_sk = s_store_sk AND
         ss_sold_date_sk = d1.d_date_sk AND
         ss_customer_sk = c_customer_sk AND
         ss_cdemo_sk= cd1.cd_demo_sk AND
         ss_hdemo_sk = hd1.hd_demo_sk AND
         ss_addr_sk = ad1.ca_address_sk and
         ss_item_sk = i_item_sk and
         ss_item_sk = sr_item_sk and
         ss_ticket_number = sr_ticket_number and
         ss_item_sk = cs_ui.cs_item_sk and
         c_current_cdemo_sk = cd2.cd_demo_sk AND
         c_current_hdemo_sk = hd2.hd_demo_sk AND
         c_current_addr_sk = ad2.ca_address_sk and
         c_first_sales_date_sk = d2.d_date_sk and
         c_first_shipto_date_sk = d3.d_date_sk and
         ss_promo_sk = p_promo_sk and
         hd1.hd_income_band_sk = ib1.ib_income_band_sk and
         hd2.hd_income_band_sk = ib2.ib_income_band_sk and
         cd1.cd_marital_status <> cd2.cd_marital_status and
         i_color in ('honeydew','misty','frosted','green','lace','violet') and
         i_current_price between 32 and 32 + 10 and
         i_current_price between 32 + 1 and 32 + 15
group by i_product_name
       ,i_item_sk
       ,s_store_name
       ,s_zip
       ,ad1.ca_street_number
       ,ad1.ca_street_name
       ,ad1.ca_city
       ,ad1.ca_zip
       ,ad2.ca_street_number
       ,ad2.ca_street_name
       ,ad2.ca_city
       ,ad2.ca_zip
       ,d1.d_year
       ,d2.d_year
       ,d3.d_year
)
select cs1.product_name
     ,cs1.store_name
     ,cs1.store_zip
     ,cs1.b_street_number
     ,cs1.b_street_name
     ,cs1.b_city
     ,cs1.b_zip
     ,cs1.c_street_number
     ,cs1.c_street_name
     ,cs1.c_city
     ,cs1.c_zip
     ,cs1.syear
     ,cs1.cnt
     ,cs1.s1 as s11
     ,cs1.s2 as s21
     ,cs1.s3 as s31
     ,cs2.s1 as s12
     ,cs2.s2 as s22
     ,cs2.s3 as s32
     ,cs2.syear
     ,cs2.cnt
from cross_sales cs1,cross_sales cs2
where cs1.item_sk=cs2.item_sk and
     cs1.syear = 1999 and
     cs2.syear = 1999 + 1 and
     cs2.cnt <= cs1.cnt and
     cs1.store_name = cs2.store_name and
     cs1.store_zip = cs2.store_zip
order by cs1.product_name
       ,cs1.store_name
       ,cs2.cnt
       ,cs1.s1
       ,cs2.s1;
Sort  (cost=71756.18..71756.19 rows=1 width=1166) (actual time=408.760..471.567 rows=18 loops=1)
  Sort Key: cs1.product_name, cs1.store_name, cs2.cnt, cs1.s1, cs2.s1
  Sort Method: quicksort  Memory: 29kB
  CTE cross_sales
    ->  GroupAggregate  (cost=71756.05..71756.11 rows=1 width=199) (actual time=408.049..470.987 rows=140 loops=1)
          Group Key: item.i_product_name, item.i_item_sk, store.s_store_name, store.s_zip, ad1.ca_street_number, ad1.ca_street_name, ad1.ca_city, ad1.ca_zip, ad2.ca_street_number, ad2.ca_street_name, ad2.ca_city, ad2.ca_zip, d1.d_year, d2.d_year, d3.d_year
          ->  Sort  (cost=71756.05..71756.05 rows=1 width=191) (actual time=408.042..470.853 rows=140 loops=1)
                Sort Key: item.i_product_name, item.i_item_sk, store.s_store_name, store.s_zip, ad1.ca_street_number, ad1.ca_street_name, ad1.ca_city, ad1.ca_zip, ad2.ca_street_number, ad2.ca_street_name, ad2.ca_city, ad2.ca_zip, d1.d_year, d2.d_year, d3.d_year
                Sort Method: quicksort  Memory: 57kB
                ->  Nested Loop  (cost=71620.75..71756.04 rows=1 width=191) (actual time=332.010..470.585 rows=140 loops=1)
                      ->  Nested Loop  (cost=71620.46..71755.72 rows=1 width=159) (actual time=332.003..470.080 rows=140 loops=1)
                            ->  Nested Loop  (cost=71620.17..71755.39 rows=1 width=163) (actual time=331.998..469.790 rows=143 loops=1)
                                  ->  Nested Loop  (cost=71620.03..71755.23 rows=1 width=171) (actual time=331.994..469.597 rows=143 loops=1)
                                        ->  Nested Loop  (cost=71619.75..71754.93 rows=1 width=171) (actual time=331.987..469.254 rows=144 loops=1)
                                              Join Filter: (cd1.cd_marital_status <> cd2.cd_marital_status)
                                              Rows Removed by Join Filter: 37
                                              ->  Nested Loop  (cost=71619.32..71754.18 rows=1 width=181) (actual time=331.973..467.514 rows=183 loops=1)
                                                    ->  Nested Loop  (cost=71619.03..71753.87 rows=1 width=149) (actual time=331.963..466.827 rows=183 loops=1)
                                                          ->  Nested Loop  (cost=71618.88..71753.71 rows=1 width=157) (actual time=331.955..466.515 rows=183 loops=1)
                                                                ->  Nested Loop  (cost=71618.59..71753.38 rows=1 width=161) (actual time=331.948..466.097 rows=188 loops=1)
                                                                      ->  Nested Loop  (cost=71618.16..71752.92 rows=1 width=167) (actual time=331.923..464.260 rows=188 loops=1)
                                                                            ->  Nested Loop  (cost=71617.87..71752.61 rows=1 width=135) (actual time=331.912..463.447 rows=189 loops=1)
                                                                                  ->  Nested Loop  (cost=71617.73..71752.46 rows=1 width=143) (actual time=331.904..463.202 rows=189 loops=1)
                                                                                        ->  Nested Loop  (cost=71617.44..71752.15 rows=1 width=147) (actual time=331.895..462.805 rows=191 loops=1)
                                                                                              ->  Nested Loop  (cost=71617.30..71751.99 rows=1 width=139) (actual time=331.887..462.521 rows=195 loops=1)
                                                                                                    ->  Nested Loop  (cost=71617.02..71751.69 rows=1 width=139) (actual time=331.879..462.058 rows=207 loops=1)
                                                                                                          Join Filter: (item.i_item_sk = store_sales.ss_item_sk)
                                                                                                          ->  Nested Loop  (cost=71616.59..71738.99 rows=16 width=83) (actual time=331.865..461.244 rows=210 loops=1)
                                                                                                                ->  Nested Loop  (cost=71616.17..71736.86 rows=1 width=67) (actual time=331.851..461.008 rows=15 loops=1)
                                                                                                                      ->  Finalize GroupAggregate  (cost=71615.88..71633.99 rows=47 width=24) (actual time=329.606..427.933 rows=17112 loops=1)
                                                                                                                            Group Key: catalog_sales.cs_item_sk
                                                                                                                            Filter: (sum(catalog_sales.cs_ext_list_price) > ('2'::double precision * sum(((catalog_returns.cr_refunded_cash + catalog_returns.cr_reversed_charge) + catalog_returns.cr_store_credit))))
                                                                                                                            Rows Removed by Filter: 751
                                                                                                                            ->  Gather Merge  (cost=71615.88..71630.98 rows=118 width=24) (actual time=329.597..419.467 rows=46553 loops=1)
                                                                                                                                  Workers Planned: 2
                                                                                                                                  Workers Launched: 2
                                                                                                                                  ->  Partial GroupAggregate  (cost=70615.86..70617.33 rows=59 width=24) (actual time=323.893..339.988 rows=15518 loops=3)
                                                                                                                                        Group Key: catalog_sales.cs_item_sk
                                                                                                                                        ->  Sort  (cost=70615.86..70616.00 rows=59 width=40) (actual time=323.882..329.142 rows=46969 loops=3)
                                                                                                                                              Sort Key: catalog_sales.cs_item_sk
                                                                                                                                              Sort Method: quicksort  Memory: 6396kB
                                                                                                                                              Worker 0:  Sort Method: quicksort  Memory: 4519kB
                                                                                                                                              Worker 1:  Sort Method: quicksort  Memory: 4632kB
                                                                                                                                              ->  Hash Join  (cost=7963.38..70614.12 rows=59 width=40) (actual time=86.128..310.083 rows=46969 loops=3)
                                                                                                                                                    Hash Cond: ((catalog_sales.cs_item_sk = catalog_returns.cr_item_sk) AND (catalog_sales.cs_order_number = catalog_returns.cr_order_number))
                                                                                                                                                    ->  Parallel Seq Scan on catalog_sales  (cost=0.00..59490.16 rows=602016 width=24) (actual time=0.015..76.510 rows=473789 loops=3)
                                                                                                                                                    ->  Hash  (cost=5788.75..5788.75 rows=144975 width=40) (actual time=85.021..85.022 rows=143354 loops=3)
                                                                                                                                                          Buckets: 262144  Batches: 1  Memory Usage: 12062kB
                                                                                                                                                          ->  Seq Scan on catalog_returns  (cost=0.00..5788.75 rows=144975 width=40) (actual time=0.022..53.448 rows=143354 loops=3)
                                                                                                                      ->  Index Scan using pk_item on item  (cost=0.29..2.17 rows=1 width=59) (actual time=0.002..0.002 rows=0 loops=17112)
                                                                                                                            Index Cond: (i_item_sk = catalog_sales.cs_item_sk)
                                                                                                                            Filter: ((i_current_price >= '32'::double precision) AND (i_current_price <= '42'::double precision) AND (i_current_price >= '33'::double precision) AND (i_current_price <= '47'::double precision) AND (i_color = ANY ('{honeydew,misty,frosted,green,lace,violet}'::bpchar[])))
                                                                                                                            Rows Removed by Filter: 1
                                                                                                                ->  Index Only Scan using pk_store_returns on store_returns  (cost=0.42..1.95 rows=18 width=16) (actual time=0.006..0.014 rows=14 loops=15)
                                                                                                                      Index Cond: (sr_item_sk = item.i_item_sk)
                                                                                                                      Heap Fetches: 78
                                                                                                          ->  Index Scan using pk_store_sales on store_sales  (cost=0.43..0.78 rows=1 width=96) (actual time=0.003..0.003 rows=1 loops=210)
                                                                                                                Index Cond: ((ss_item_sk = store_returns.sr_item_sk) AND (ss_ticket_number = store_returns.sr_ticket_number))
                                                                                                    ->  Index Scan using pk_household_demographics on household_demographics hd1  (cost=0.28..0.30 rows=1 width=16) (actual time=0.002..0.002 rows=1 loops=207)
                                                                                                          Index Cond: (hd_demo_sk = store_sales.ss_hdemo_sk)
                                                                                              ->  Index Scan using pk_store on store  (cost=0.14..0.15 rows=1 width=24) (actual time=0.001..0.001 rows=1 loops=195)
                                                                                                    Index Cond: (s_store_sk = store_sales.ss_store_sk)
                                                                                        ->  Index Scan using pk_date_dim on date_dim d1  (cost=0.29..0.31 rows=1 width=12) (actual time=0.002..0.002 rows=1 loops=191)
                                                                                              Index Cond: (d_date_sk = store_sales.ss_sold_date_sk)
                                                                                  ->  Index Only Scan using pk_income_band on income_band ib1  (cost=0.14..0.16 rows=1 width=8) (actual time=0.001..0.001 rows=1 loops=189)
                                                                                        Index Cond: (ib_income_band_sk = hd1.hd_income_band_sk)
                                                                                        Heap Fetches: 189
                                                                            ->  Index Scan using pk_customer on customer  (cost=0.29..0.31 rows=1 width=48) (actual time=0.004..0.004 rows=1 loops=189)
                                                                                  Index Cond: (c_customer_sk = store_sales.ss_customer_sk)
                                                                      ->  Index Scan using pk_customer_demographics on customer_demographics cd1  (cost=0.43..0.46 rows=1 width=10) (actual time=0.009..0.009 rows=1 loops=188)
                                                                            Index Cond: (cd_demo_sk = store_sales.ss_cdemo_sk)
                                                                ->  Index Scan using pk_date_dim on date_dim d2  (cost=0.29..0.33 rows=1 width=12) (actual time=0.002..0.002 rows=1 loops=188)
                                                                      Index Cond: (d_date_sk = customer.c_first_sales_date_sk)
                                                          ->  Index Only Scan using pk_promotion on promotion  (cost=0.15..0.17 rows=1 width=8) (actual time=0.001..0.001 rows=1 loops=183)
                                                                Index Cond: (p_promo_sk = store_sales.ss_promo_sk)
                                                                Heap Fetches: 183
                                                    ->  Index Scan using pk_customer_address on customer_address ad1  (cost=0.29..0.31 rows=1 width=48) (actual time=0.003..0.003 rows=1 loops=183)
                                                          Index Cond: (ca_address_sk = store_sales.ss_addr_sk)
                                              ->  Index Scan using pk_customer_demographics on customer_demographics cd2  (cost=0.43..0.74 rows=1 width=10) (actual time=0.009..0.009 rows=1 loops=183)
                                                    Index Cond: (cd_demo_sk = customer.c_current_cdemo_sk)
                                        ->  Index Scan using pk_household_demographics on household_demographics hd2  (cost=0.28..0.30 rows=1 width=16) (actual time=0.002..0.002 rows=1 loops=144)
                                              Index Cond: (hd_demo_sk = customer.c_current_hdemo_sk)
                                  ->  Index Only Scan using pk_income_band on income_band ib2  (cost=0.14..0.16 rows=1 width=8) (actual time=0.001..0.001 rows=1 loops=143)
                                        Index Cond: (ib_income_band_sk = hd2.hd_income_band_sk)
                                        Heap Fetches: 143
                            ->  Index Scan using pk_date_dim on date_dim d3  (cost=0.29..0.33 rows=1 width=12) (actual time=0.001..0.001 rows=1 loops=143)
                                  Index Cond: (d_date_sk = customer.c_first_shipto_date_sk)
                      ->  Index Scan using pk_customer_address on customer_address ad2  (cost=0.29..0.32 rows=1 width=48) (actual time=0.003..0.003 rows=1 loops=140)
                            Index Cond: (ca_address_sk = customer.c_current_addr_sk)
  ->  Nested Loop  (cost=0.00..0.07 rows=1 width=1166) (actual time=408.336..408.727 rows=18 loops=1)
        Join Filter: ((cs2.cnt <= cs1.cnt) AND (cs1.item_sk = cs2.item_sk) AND ((cs1.store_name)::text = (cs2.store_name)::text) AND (cs1.store_zip = cs2.store_zip))
        Rows Removed by Join Filter: 675
        ->  CTE Scan on cross_sales cs1  (cost=0.00..0.02 rows=1 width=1138) (actual time=408.117..408.130 rows=21 loops=1)
              Filter: (syear = 1999)
              Rows Removed by Filter: 119
        ->  CTE Scan on cross_sales cs2  (cost=0.00..0.02 rows=1 width=206) (actual time=0.000..0.025 rows=33 loops=21)
              Filter: (syear = 2000)
              Rows Removed by Filter: 107
                    product_name                    | store_name | store_zip  | b_street_number | b_street_name |     b_city      |   b_zip    | c_street_number | c_street_name |     c_city      |   c_zip    | syear | cnt |  s11  |  s21   |   s31   |  s12  |  s22   |  s32  | syear | cnt 
----------------------------------------------------+------------+------------+-----------------+---------------+-----------------+------------+-----------------+---------------+-----------------+------------+-------+-----+-------+--------+---------+-------+--------+-------+-------+-----
 barationantiationought                             | eing       | 35709      |                 | Elm           | Pomona          |            | 283             | Oak           | Edgewood        | 50069      |  1999 |   1 | 24.29 |  36.92 |  247.05 | 22.83 |  44.29 |     0 |  2000 |   1
 barationantiationought                             | eing       | 35709      |                 | Elm           | Pomona          |            | 283             | Oak           | Edgewood        | 50069      |  1999 |   1 | 24.29 |  36.92 |  247.05 | 39.14 |   68.1 | 87.14 |  2000 |   1
 barationantiationought                             | eing       | 35709      |                 | Elm           | Pomona          |            | 283             | Oak           | Edgewood        | 50069      |  1999 |   1 | 24.29 |  36.92 |  247.05 | 78.94 | 134.98 |     0 |  2000 |   1
 barationantiationought                             | eing       | 35709      | 565             | 2nd           | Newtown         | 21749      | 963             | Jackson South | Pleasant Valley | 22477      |  1999 |   1 | 29.39 |  41.43 |       0 | 22.83 |  44.29 |     0 |  2000 |   1
 barationantiationought                             | eing       | 35709      | 565             | 2nd           | Newtown         | 21749      | 963             | Jackson South | Pleasant Valley | 22477      |  1999 |   1 | 29.39 |  41.43 |       0 | 39.14 |   68.1 | 87.14 |  2000 |   1
 barationantiationought                             | eing       | 35709      | 565             | 2nd           | Newtown         | 21749      | 963             | Jackson South | Pleasant Valley | 22477      |  1999 |   1 | 29.39 |  41.43 |       0 | 78.94 | 134.98 |     0 |  2000 |   1
 barationantiationought                             | eing       | 35709      | 958             | Highland      | Mount Zion      | 68054      | 124             | 6th Wilson    | Valley View     | 55124      |  1999 |   1 |  76.6 |  98.81 |       0 | 22.83 |  44.29 |     0 |  2000 |   1
 barationantiationought                             | eing       | 35709      | 958             | Highland      | Mount Zion      | 68054      | 124             | 6th Wilson    | Valley View     | 55124      |  1999 |   1 |  76.6 |  98.81 |       0 | 39.14 |   68.1 | 87.14 |  2000 |   1
 barationantiationought                             | eing       | 35709      | 958             | Highland      | Mount Zion      | 68054      | 124             | 6th Wilson    | Valley View     | 55124      |  1999 |   1 |  76.6 |  98.81 |       0 | 78.94 | 134.98 |     0 |  2000 |   1
 barationcallyese                                   | ese        | 31904      | 392             | Walnut        | Arlington       | 36557      | 946             | Oak           | Farmington      | 69145      |  1999 |   1 | 87.43 | 143.38 |       0 | 18.25 |  22.08 |     0 |  2000 |   1
 barationcallyese                                   | ese        | 31904      | 392             | Walnut        | Arlington       | 36557      | 946             | Oak           | Farmington      | 69145      |  1999 |   1 | 87.43 | 143.38 |       0 | 39.22 |  41.18 |     0 |  2000 |   1
 bareseoughtcally                                   | ese        | 31904      |                 |               | Oakland         | 69843      | 47              | 4th 6th       | Maple Grove     | 08852      |  1999 |   1 |  7.28 |   8.22 |       0 | 81.86 |  91.68 |     0 |  2000 |   1
 bareseoughtcally                                   | ese        | 31904      | 825             | 1st Seventh   | Pleasant Valley | 32477      | 9               | 10th          | Concord         | 74107      |  1999 |   1 | 82.32 |  156.4 | 3967.46 | 81.86 |  91.68 |     0 |  2000 |   1
 bareseoughtcally                                   | ought      | 31904      | 86              | 1st 14th      | Green Acres     | 37683      | 819             | 11th          | Oak Hill        | 77838      |  1999 |   1 | 59.52 |  91.66 |       0 |  6.79 |    7.4 |     0 |  2000 |   1
 bareseoughtcally                                   | ought      | 31904      | 86              | 1st 14th      | Green Acres     | 37683      | 819             | 11th          | Oak Hill        | 77838      |  1999 |   1 | 59.52 |  91.66 |       0 | 71.48 | 110.79 |     0 |  2000 |   1
 oughteseableableought                              | able       | 35709      | 433             | 2nd 1st       | Greenwood       | 38828      | 2               |               |                 | 36788      |  1999 |   1 | 72.22 | 138.66 | 4068.82 | 61.97 | 121.46 |     0 |  2000 |   1
 oughteseableableought                              | eing       | 35709      | 889             | 3rd           | Globe           | 09614      | 745             | Johnson       | Fairview        | 65709      |  1999 |   1 |  34.9 |  44.67 |       0 |  4.03 |   6.68 |     0 |  2000 |   1
 oughteseableableought                              | eing       | 35709      | 753             | Church 12th   | Clearview       | 65495      | 576             | Sixth         | Red Hill        | 34338      |  1999 |   1 | 52.85 |  94.07 |       0 |  4.03 |   6.68 |     0 |  2000 |   1
(18 rows)

UPDATE time_statistics SET e_time = TRANSACTION_TIMESTAMP() WHERE template = 'query64.tpl' AND stream = 8;
psql:/tmp/s1-basline/throughput/query_8.sql:1721: NOTICE:  duration: 0.086 ms  plan:
Query Text: UPDATE time_statistics SET e_time = TRANSACTION_TIMESTAMP() WHERE template = 'query64.tpl' AND stream = 8;
Update on time_statistics  (cost=0.00..14.47 rows=0 width=0) (actual time=0.086..0.086 rows=0 loops=1)
  ->  Seq Scan on time_statistics  (cost=0.00..14.47 rows=1 width=14) (actual time=0.071..0.071 rows=1 loops=1)
        Filter: ((template = 'query64.tpl'::text) AND (stream = 8))
        Rows Removed by Filter: 451
UPDATE 1
LOAD 'auto_explain'; SET auto_explain.log_min_duration TO 0; SET auto_explain.log_analyze TO on; SET auto_explain.log_level TO notice; INSERT INTO time_statistics (template, s_time, stream, query, seed) VALUES ('query7.tpl', TRANSACTION_TIMESTAMP(), 8, 27, 991168688);
LOAD
SET
SET
SET
psql:/tmp/s1-basline/throughput/query_8.sql:1722: NOTICE:  duration: 0.008 ms  plan:
Query Text: INSERT INTO time_statistics (template, s_time, stream, query, seed) VALUES ('query7.tpl', TRANSACTION_TIMESTAMP(), 8, 27, 991168688);
Insert on time_statistics  (cost=0.00..0.01 rows=0 width=0) (actual time=0.007..0.008 rows=0 loops=1)
  ->  Result  (cost=0.00..0.01 rows=1 width=64) (actual time=0.001..0.001 rows=1 loops=1)
INSERT 0 1
select  i_item_id, 
        avg(ss_quantity) agg1,
        avg(ss_list_price) agg2,
        avg(ss_coupon_amt) agg3,
        avg(ss_sales_price) agg4 
 from store_sales, customer_demographics, date_dim, item, promotion
 where ss_sold_date_sk = d_date_sk and
       ss_item_sk = i_item_sk and
       ss_cdemo_sk = cd_demo_sk and
       ss_promo_sk = p_promo_sk and
       cd_gender = 'F' and 
       cd_marital_status = 'U' and
       cd_education_status = 'Primary' and
       (p_channel_email = 'N' or p_channel_event = 'N') and
       d_year = 2000 
 group by i_item_id
 order by i_item_id
 limit 100;
psql:/tmp/s1-basline/throughput/query_8.sql:1740: NOTICE:  duration: 1011.028 ms  plan:
Query Text: select  i_item_id, 
        avg(ss_quantity) agg1,
        avg(ss_list_price) agg2,
        avg(ss_coupon_amt) agg3,
        avg(ss_sales_price) agg4 
 from store_sales, customer_demographics, date_dim, item, promotion
 where ss_sold_date_sk = d_date_sk and
       ss_item_sk = i_item_sk and
       ss_cdemo_sk = cd_demo_sk and
       ss_promo_sk = p_promo_sk and
       cd_gender = 'F' and 
       cd_marital_status = 'U' and
       cd_education_status = 'Primary' and
       (p_channel_email = 'N' or p_channel_event = 'N') and
       d_year = 2000 
 group by i_item_id
 order by i_item_id
 limit 100;
Limit  (cost=3323.51..82909.18 rows=100 width=73) (actual time=672.051..1010.952 rows=100 loops=1)
  ->  GroupAggregate  (cost=3323.51..144190.15 rows=177 width=73) (actual time=672.050..1010.939 rows=100 loops=1)
        Group Key: item.i_item_id
        ->  Nested Loop  (cost=3323.51..144184.40 rows=177 width=45) (actual time=667.890..1010.780 rows=141 loops=1)
              Join Filter: (store_sales.ss_item_sk = item.i_item_sk)
              Rows Removed by Join Filter: 3282766
              ->  Index Scan using i_i_item_id on item  (cost=0.29..1714.59 rows=18000 width=25) (actual time=0.007..0.380 rows=437 loops=1)
              ->  Materialize  (cost=3323.22..94680.26 rows=177 width=36) (actual time=0.034..1.834 rows=7512 loops=437)
                    ->  Nested Loop  (cost=3323.22..94679.37 rows=177 width=36) (actual time=14.846..665.161 rows=7529 loops=1)
                          ->  Gather  (cost=3323.08..94647.77 rows=186 width=44) (actual time=14.841..655.750 rows=7667 loops=1)
                                Workers Planned: 2
                                Workers Launched: 2
                                ->  Nested Loop  (cost=2323.08..93629.17 rows=78 width=44) (actual time=19.105..658.775 rows=2556 loops=3)
                                      ->  Hash Join  (cost=2322.65..90983.94 rows=5718 width=52) (actual time=13.736..280.050 rows=182105 loops=3)
                                            Hash Cond: (store_sales.ss_sold_date_sk = date_dim.d_date_sk)
                                            ->  Parallel Seq Scan on store_sales  (cost=0.00..85499.45 rows=1204445 width=60) (actual time=0.014..123.014 rows=948150 loops=3)
                                            ->  Hash  (cost=2318.11..2318.11 rows=363 width=8) (actual time=13.604..13.605 rows=366 loops=3)
                                                  Buckets: 1024  Batches: 1  Memory Usage: 23kB
                                                  ->  Seq Scan on date_dim  (cost=0.00..2318.11 rows=363 width=8) (actual time=6.513..13.558 rows=366 loops=3)
                                                        Filter: (d_year = 2000)
                                                        Rows Removed by Filter: 72683
                                      ->  Index Scan using pk_customer_demographics on customer_demographics  (cost=0.43..0.46 rows=1 width=8) (actual time=0.002..0.002 rows=0 loops=546315)
                                            Index Cond: (cd_demo_sk = store_sales.ss_cdemo_sk)
                                            Filter: ((cd_gender = 'F'::bpchar) AND (cd_marital_status = 'U'::bpchar) AND (cd_education_status = 'Primary'::bpchar))
                                            Rows Removed by Filter: 1
                          ->  Index Scan using pk_promotion on promotion  (cost=0.15..0.17 rows=1 width=8) (actual time=0.001..0.001 rows=1 loops=7667)
                                Index Cond: (p_promo_sk = store_sales.ss_promo_sk)
                                Filter: ((p_channel_email = 'N'::bpchar) OR (p_channel_event = 'N'::bpchar))
                                Rows Removed by Filter: 0
    i_item_id     |        agg1         |        agg2        |        agg3        |        agg4        
------------------+---------------------+--------------------+--------------------+--------------------
 AAAAAAAAAAABAAAA | 70.0000000000000000 |             143.62 |                  0 |              77.55
 AAAAAAAAAAAEAAAA | 40.0000000000000000 |              75.11 |                  0 |              72.85
 AAAAAAAAAABDAAAA | 10.0000000000000000 |             111.88 |                  0 |             104.04
 AAAAAAAAAABEAAAA | 32.6666666666666667 |              58.18 |                  0 | 19.403333333333332
 AAAAAAAAAACDAAAA | 50.5000000000000000 |  67.13499999999999 |             843.94 | 24.709999999999997
 AAAAAAAAAADBAAAA | 52.0000000000000000 |              96.72 |                  0 |              59.96
 AAAAAAAAAADCAAAA | 10.0000000000000000 |               4.45 |              10.57 |               1.51
 AAAAAAAAAADEAAAA | 38.0000000000000000 | 19.083333333333332 | 101.84666666666665 | 20.849999999999998
 AAAAAAAAAAEAAAAA |                     |               7.74 |                  0 |                   
 AAAAAAAAAAEBAAAA | 12.0000000000000000 |             117.75 |                  0 |              76.53
 AAAAAAAAAAEDAAAA |  8.0000000000000000 |              76.13 |                  0 |                 51
 AAAAAAAAAAEEAAAA | 50.5000000000000000 | 119.88499999999999 |                  0 |             58.015
 AAAAAAAAAAFCAAAA | 90.0000000000000000 |              34.69 |              327.6 |               7.28
 AAAAAAAAAAFDAAAA | 58.0000000000000000 |              97.98 |                  0 |              76.42
 AAAAAAAAAAGCAAAA | 81.0000000000000000 |                120 |                  0 |               80.4
 AAAAAAAAAAGEAAAA | 48.0000000000000000 |               61.1 |                  0 |              53.76
 AAAAAAAAAAHAAAAA | 46.0000000000000000 |              92.35 |            3065.14 |              75.72
 AAAAAAAAAAHDAAAA | 37.3333333333333333 | 133.18999999999997 |             687.89 |  81.15666666666668
 AAAAAAAAAAIAAAAA | 77.0000000000000000 |              104.2 |                  0 |              10.42
 AAAAAAAAAAJCAAAA | 21.0000000000000000 |                 82 |                  0 |               65.6
 AAAAAAAAAAKAAAAA | 18.0000000000000000 |              131.2 |            100.955 |             42.245
 AAAAAAAAAAKBAAAA | 47.0000000000000000 |               8.58 |                  0 |              10.84
 AAAAAAAAAAKDAAAA | 52.0000000000000000 |               24.7 |                936 |                 20
 AAAAAAAAAALAAAAA | 48.0000000000000000 |              36.76 |                  0 |              34.55
 AAAAAAAAAALCAAAA | 78.0000000000000000 |             125.49 |                  0 |              12.54
 AAAAAAAAAALDAAAA | 91.0000000000000000 |              73.34 |                  0 |              14.03
 AAAAAAAAAAMBAAAA | 28.0000000000000000 |              88.09 |                  0 |              35.23
 AAAAAAAAAANAAAAA | 60.0000000000000000 |             127.97 |                  0 |              16.63
 AAAAAAAAAAPCAAAA | 16.5000000000000000 |             41.605 |                  0 |             36.505
 AAAAAAAAABAAAAAA | 16.0000000000000000 |              83.87 |                  0 |              72.96
 AAAAAAAAABABAAAA | 66.0000000000000000 |              90.18 |            5475.72 |              90.18
 AAAAAAAAABADAAAA |  8.6666666666666667 |              52.32 |  65.34666666666668 | 19.176666666666666
 AAAAAAAAABAEAAAA | 70.0000000000000000 |              27.31 |                  0 |               20.2
 AAAAAAAAABBCAAAA | 96.0000000000000000 |              20.32 |                  0 |               4.47
 AAAAAAAAABCBAAAA | 57.0000000000000000 |             107.34 |                  0 |              76.21
 AAAAAAAAABCCAAAA |  8.0000000000000000 |              76.76 |                  0 |              26.09
 AAAAAAAAABCEAAAA | 57.7500000000000000 |             88.795 |           193.2425 |            39.6825
 AAAAAAAAABDEAAAA | 91.0000000000000000 |              66.33 |                  0 |             63.075
 AAAAAAAAABEAAAAA | 91.0000000000000000 |              11.18 |                  0 |               7.04
 AAAAAAAAABEDAAAA | 33.0000000000000000 |              8.715 |                  0 |              4.065
 AAAAAAAAABFBAAAA | 50.0000000000000000 |              23.69 |                  0 |               5.21
 AAAAAAAAABFEAAAA | 30.0000000000000000 |               63.9 |             214.14 |                8.3
 AAAAAAAAABGAAAAA | 25.0000000000000000 |                 99 |                  0 |              22.77
 AAAAAAAAABGBAAAA | 72.0000000000000000 |              15.07 |                  0 |               0.45
 AAAAAAAAABGEAAAA | 85.5000000000000000 |  89.52000000000001 |                  0 |              41.82
 AAAAAAAAABHAAAAA | 66.0000000000000000 |              52.72 |                  0 |              27.41
 AAAAAAAAABIBAAAA | 66.0000000000000000 |  88.21333333333332 |                  0 | 52.620000000000005
 AAAAAAAAABJBAAAA | 93.0000000000000000 |              81.18 |                  0 |              46.27
 AAAAAAAAABJDAAAA | 36.3333333333333333 |  99.46333333333332 |  257.4866666666667 | 60.046666666666674
 AAAAAAAAABKCAAAA | 31.0000000000000000 |              71.08 |                  0 |              64.68
 AAAAAAAAABKDAAAA | 15.0000000000000000 |              29.89 |                  0 |               3.28
 AAAAAAAAABLBAAAA | 28.5000000000000000 |              92.17 |                  0 |              21.29
 AAAAAAAAABMBAAAA | 71.0000000000000000 |              40.85 |                  0 |              11.84
 AAAAAAAAABMDAAAA | 15.0000000000000000 |              49.38 |                  0 |              30.12
 AAAAAAAAABNAAAAA | 11.0000000000000000 |             109.76 |                  0 |              50.48
 AAAAAAAAABNCAAAA | 22.0000000000000000 |              66.59 |             32.685 | 40.025000000000006
 AAAAAAAAABOBAAAA | 26.0000000000000000 |             124.16 |              31.24 | 43.510000000000005
 AAAAAAAAABOCAAAA | 66.5000000000000000 |             41.565 |                  0 |             15.915
 AAAAAAAAABPBAAAA | 65.5000000000000000 |             66.815 |           1255.495 |             54.365
 AAAAAAAAABPDAAAA | 35.5000000000000000 |             78.515 |                  0 | 43.440000000000005
 AAAAAAAAACBBAAAA | 68.0000000000000000 |              52.81 |                  0 |              47.52
 AAAAAAAAACBEAAAA |  3.0000000000000000 |               5.07 |                  0 |              69.74
 AAAAAAAAACCEAAAA | 72.0000000000000000 |              70.33 |                  0 |              40.79
 AAAAAAAAACDCAAAA | 41.0000000000000000 |               18.2 |              48.26 |               4.36
 AAAAAAAAACDDAAAA | 98.0000000000000000 |              75.67 |                  0 |              28.75
 AAAAAAAAACEBAAAA | 10.0000000000000000 |              45.03 |             136.15 |              18.91
 AAAAAAAAACECAAAA | 35.0000000000000000 |              105.3 |                  0 |              67.39
 AAAAAAAAACEEAAAA | 47.0000000000000000 |             122.26 |                  0 |              25.67
 AAAAAAAAACFEAAAA | 98.0000000000000000 |                    |                    |               0.74
 AAAAAAAAACGCAAAA | 75.0000000000000000 |              57.54 |            2283.64 |              31.07
 AAAAAAAAACGDAAAA | 95.0000000000000000 |             129.87 |                  0 |              81.81
 AAAAAAAAACHBAAAA | 70.0000000000000000 |              93.47 |                  0 |              14.02
 AAAAAAAAACIBAAAA | 37.0000000000000000 |              71.27 |                  0 |              58.44
 AAAAAAAAACIDAAAA | 55.0000000000000000 |  61.71333333333333 |                  0 |              14.07
 AAAAAAAAACJAAAAA | 13.0000000000000000 |               24.5 |                  0 |              23.27
 AAAAAAAAACJCAAAA | 55.0000000000000000 |             160.03 |                  0 |               30.4
 AAAAAAAAACLAAAAA | 35.0000000000000000 |              125.3 |                  0 |              32.57
 AAAAAAAAACLBAAAA | 69.0000000000000000 |             152.42 |                  0 |             115.83
 AAAAAAAAACMCAAAA | 97.0000000000000000 |              32.45 |            1196.01 |              12.33
 AAAAAAAAACMDAAAA | 50.0000000000000000 |            134.565 |             399.11 |              58.92
 AAAAAAAAACOBAAAA | 15.0000000000000000 |              90.64 |             448.65 |              29.91
 AAAAAAAAACODAAAA | 90.0000000000000000 |              62.82 |                  0 |              19.47
 AAAAAAAAADABAAAA | 37.0000000000000000 |              83.18 |                  0 |              59.88
 AAAAAAAAADAEAAAA | 90.0000000000000000 |             168.28 |                  0 |             109.38
 AAAAAAAAADBBAAAA | 70.0000000000000000 |             123.42 |             465.15 |               8.63
 AAAAAAAAADBDAAAA | 58.0000000000000000 |             165.47 |                  0 |             165.47
 AAAAAAAAADCCAAAA | 95.0000000000000000 |              71.14 |                  0 |               31.3
 AAAAAAAAADDEAAAA | 70.6666666666666667 |  95.44000000000001 |                  0 |              70.81
 AAAAAAAAADEAAAAA | 30.0000000000000000 |               95.8 |                  0 |                  0
 AAAAAAAAADEBAAAA | 45.5000000000000000 |            103.805 |              64.48 |              72.27
 AAAAAAAAADEDAAAA | 62.0000000000000000 |              24.61 |                  0 |               6.15
 AAAAAAAAADFAAAAA | 21.0000000000000000 |              33.95 |                  0 |               0.33
 AAAAAAAAADFCAAAA | 32.0000000000000000 |              43.71 |                  0 |               5.68
 AAAAAAAAADGBAAAA | 14.0000000000000000 | 142.08499999999998 |               1.41 |              38.55
 AAAAAAAAADHBAAAA | 98.0000000000000000 |              17.07 |                  0 |              16.38
 AAAAAAAAADHDAAAA | 82.5000000000000000 |               45.7 |            288.835 |             31.565
 AAAAAAAAADICAAAA | 62.0000000000000000 |  73.66499999999999 |            116.345 |              12.14
 AAAAAAAAADIDAAAA | 16.0000000000000000 |              35.38 |                  0 |              26.18
 AAAAAAAAADJBAAAA | 72.0000000000000000 |              31.61 |                  0 |              11.69
 AAAAAAAAADJCAAAA | 85.0000000000000000 |              92.15 |            504.715 |             64.345
(100 rows)

UPDATE time_statistics SET e_time = TRANSACTION_TIMESTAMP() WHERE template = 'query7.tpl' AND stream = 8;
psql:/tmp/s1-basline/throughput/query_8.sql:1742: NOTICE:  duration: 0.073 ms  plan:
Query Text: UPDATE time_statistics SET e_time = TRANSACTION_TIMESTAMP() WHERE template = 'query7.tpl' AND stream = 8;
Update on time_statistics  (cost=0.00..14.47 rows=0 width=0) (actual time=0.072..0.072 rows=0 loops=1)
  ->  Seq Scan on time_statistics  (cost=0.00..14.47 rows=1 width=14) (actual time=0.058..0.059 rows=1 loops=1)
        Filter: ((template = 'query7.tpl'::text) AND (stream = 8))
        Rows Removed by Filter: 452
UPDATE 1
LOAD 'auto_explain'; SET auto_explain.log_min_duration TO 0; SET auto_explain.log_analyze TO on; SET auto_explain.log_level TO notice; INSERT INTO time_statistics (template, s_time, stream, query, seed) VALUES ('../query_variants/query36a.tpl', TRANSACTION_TIMESTAMP(), 8, 28, 721963455);
LOAD
SET
SET
SET
psql:/tmp/s1-basline/throughput/query_8.sql:1743: NOTICE:  duration: 0.009 ms  plan:
Query Text: INSERT INTO time_statistics (template, s_time, stream, query, seed) VALUES ('../query_variants/query36a.tpl', TRANSACTION_TIMESTAMP(), 8, 28, 721963455);
Insert on time_statistics  (cost=0.00..0.01 rows=0 width=0) (actual time=0.008..0.008 rows=0 loops=1)
  ->  Result  (cost=0.00..0.01 rows=1 width=64) (actual time=0.001..0.001 rows=1 loops=1)
INSERT 0 1
with results as
 (select 
    sum(ss_net_profit) as ss_net_profit, sum(ss_ext_sales_price) as ss_ext_sales_price,
    sum(ss_net_profit)/sum(ss_ext_sales_price) as gross_margin
   ,i_category
   ,i_class
   ,0 as g_category, 0 as g_class
 from
    store_sales
   ,date_dim       d1
   ,item
   ,store
 where
    d1.d_year = 1998 
    and d1.d_date_sk = ss_sold_date_sk
    and i_item_sk  = ss_item_sk 
    and s_store_sk  = ss_store_sk
    and s_state in ('TN','TN','TN','TN',
                 'TN','TN','TN','TN')
 group by i_category,i_class)
 ,
 results_rollup as
 (select gross_margin ,i_category ,i_class,0 as t_category, 0 as t_class, 0 as lochierarchy from results
 union
 select sum(ss_net_profit)/sum(ss_ext_sales_price) as gross_margin,
   i_category, NULL AS i_class, 0 as t_category, 1 as t_class, 1 as lochierarchy from results group by i_category
 union
 select sum(ss_net_profit)/sum(ss_ext_sales_price) as gross_margin,
   NULL AS i_category ,NULL AS i_class, 1 as t_category, 1 as t_class, 2 as lochierarchy from results)
  select 
  gross_margin ,i_category ,i_class, lochierarchy,rank() over (
 	partition by lochierarchy, case when t_class = 0 then i_category end 
 	order by gross_margin asc) as rank_within_parent
 from results_rollup
 order by
   lochierarchy desc
  ,case when lochierarchy = 0 then i_category end
  ,rank_within_parent
  limit 100;
psql:/tmp/s1-basline/throughput/query_8.sql:1782: NOTICE:  duration: 1067.376 ms  plan:
Query Text: with results as
 (select 
    sum(ss_net_profit) as ss_net_profit, sum(ss_ext_sales_price) as ss_ext_sales_price,
    sum(ss_net_profit)/sum(ss_ext_sales_price) as gross_margin
   ,i_category
   ,i_class
   ,0 as g_category, 0 as g_class
 from
    store_sales
   ,date_dim       d1
   ,item
   ,store
 where
    d1.d_year = 1998 
    and d1.d_date_sk = ss_sold_date_sk
    and i_item_sk  = ss_item_sk 
    and s_store_sk  = ss_store_sk
    and s_state in ('TN','TN','TN','TN',
                 'TN','TN','TN','TN')
 group by i_category,i_class)
 ,
 results_rollup as
 (select gross_margin ,i_category ,i_class,0 as t_category, 0 as t_class, 0 as lochierarchy from results
 union
 select sum(ss_net_profit)/sum(ss_ext_sales_price) as gross_margin,
   i_category, NULL AS i_class, 0 as t_category, 1 as t_class, 1 as lochierarchy from results group by i_category
 union
 select sum(ss_net_profit)/sum(ss_ext_sales_price) as gross_margin,
   NULL AS i_category ,NULL AS i_class, 1 as t_category, 1 as t_class, 2 as lochierarchy from results)
  select 
  gross_margin ,i_category ,i_class, lochierarchy,rank() over (
 	partition by lochierarchy, case when t_class = 0 then i_category end 
 	order by gross_margin asc) as rank_within_parent
 from results_rollup
 order by
   lochierarchy desc
  ,case when lochierarchy = 0 then i_category end
  ,rank_within_parent
  limit 100;
Limit  (cost=94624.05..94624.30 rows=100 width=148) (actual time=1067.181..1067.313 rows=100 loops=1)
  CTE results
    ->  Finalize GroupAggregate  (cost=94009.35..94348.11 rows=990 width=134) (actual time=969.799..1066.626 rows=117 loops=1)
          Group Key: item.i_category, item.i_class
          ->  Gather Merge  (cost=94009.35..94315.94 rows=1980 width=118) (actual time=969.178..1066.485 rows=351 loops=1)
                Workers Planned: 2
                Workers Launched: 2
                ->  Partial GroupAggregate  (cost=93009.32..93087.37 rows=990 width=118) (actual time=863.889..948.560 rows=117 loops=3)
                      Group Key: item.i_category, item.i_class
                      ->  Sort  (cost=93009.32..93022.95 rows=5452 width=118) (actual time=863.215..900.625 rows=174475 loops=3)
                            Sort Key: item.i_category, item.i_class
                            Sort Method: external merge  Disk: 23016kB
                            Worker 0:  Sort Method: external merge  Disk: 21664kB
                            Worker 1:  Sort Method: external merge  Disk: 21720kB
                            ->  Nested Loop  (cost=2324.33..92670.96 rows=5452 width=118) (actual time=13.808..662.226 rows=174475 loops=3)
                                  ->  Hash Join  (cost=2324.04..91005.39 rows=5452 width=24) (actual time=13.752..320.398 rows=174475 loops=3)
                                        Hash Cond: (store_sales.ss_store_sk = store.s_store_sk)
                                        ->  Hash Join  (cost=2322.65..90983.94 rows=5718 width=32) (actual time=13.667..291.579 rows=178653 loops=3)
                                              Hash Cond: (store_sales.ss_sold_date_sk = d1.d_date_sk)
                                              ->  Parallel Seq Scan on store_sales  (cost=0.00..85499.45 rows=1204445 width=40) (actual time=0.015..130.439 rows=948150 loops=3)
                                              ->  Hash  (cost=2318.11..2318.11 rows=363 width=8) (actual time=13.634..13.635 rows=365 loops=3)
                                                    Buckets: 1024  Batches: 1  Memory Usage: 23kB
                                                    ->  Seq Scan on date_dim d1  (cost=0.00..2318.11 rows=363 width=8) (actual time=6.555..13.589 rows=365 loops=3)
                                                          Filter: (d_year = 1998)
                                                          Rows Removed by Filter: 72684
                                        ->  Hash  (cost=1.24..1.24 rows=12 width=8) (actual time=0.034..0.035 rows=12 loops=3)
                                              Buckets: 1024  Batches: 1  Memory Usage: 9kB
                                              ->  Seq Scan on store  (cost=0.00..1.24 rows=12 width=8) (actual time=0.026..0.030 rows=12 loops=3)
                                                    Filter: (s_state = ANY ('{TN,TN,TN,TN,TN,TN,TN,TN}'::bpchar[]))
                                  ->  Index Scan using pk_item on item  (cost=0.29..0.31 rows=1 width=110) (actual time=0.002..0.002 rows=1 loops=523425)
                                        Index Cond: (i_item_sk = store_sales.ss_item_sk)
  ->  Sort  (cost=275.93..278.91 rows=1191 width=148) (actual time=1067.180..1067.185 rows=100 loops=1)
        Sort Key: results_rollup.lochierarchy DESC, (CASE WHEN (results_rollup.lochierarchy = 0) THEN results_rollup.i_category ELSE NULL::bpchar END), (rank() OVER (?))
        Sort Method: quicksort  Memory: 56kB
        ->  WindowAgg  (cost=197.66..230.42 rows=1191 width=148) (actual time=1066.886..1066.979 rows=129 loops=1)
              ->  Sort  (cost=197.66..200.64 rows=1191 width=108) (actual time=1066.879..1066.885 rows=129 loops=1)
                    Sort Key: results_rollup.lochierarchy, (CASE WHEN (results_rollup.t_class = 0) THEN results_rollup.i_category ELSE NULL::bpchar END), results_rollup.gross_margin
                    Sort Method: quicksort  Memory: 48kB
                    ->  Subquery Scan on results_rollup  (cost=110.02..136.81 rows=1191 width=108) (actual time=1066.730..1066.770 rows=129 loops=1)
                          ->  HashAggregate  (cost=110.02..121.93 rows=1191 width=84) (actual time=1066.728..1066.756 rows=129 loops=1)
                                Group Key: results.gross_margin, results.i_category, results.i_class, (0), (0), (0)
                                Batches: 1  Memory Usage: 97kB
                                ->  Append  (cost=0.00..92.15 rows=1191 width=84) (actual time=969.803..1066.651 rows=129 loops=1)
                                      ->  CTE Scan on results  (cost=0.00..19.80 rows=990 width=428) (actual time=969.802..1066.569 rows=117 loops=1)
                                      ->  HashAggregate  (cost=27.23..29.73 rows=200 width=256) (actual time=0.047..0.050 rows=11 loops=1)
                                            Group Key: results_1.i_category
                                            Batches: 1  Memory Usage: 40kB
                                            ->  CTE Scan on results results_1  (cost=0.00..19.80 rows=990 width=220) (actual time=0.000..0.008 rows=117 loops=1)
                                      ->  Aggregate  (cost=24.75..24.76 rows=1 width=84) (actual time=0.018..0.018 rows=1 loops=1)
                                            ->  CTE Scan on results results_2  (cost=0.00..19.80 rows=990 width=16) (actual time=0.000..0.007 rows=117 loops=1)
     gross_margin     |                     i_category                     |                      i_class                       | lochierarchy | rank_within_parent 
----------------------+----------------------------------------------------+----------------------------------------------------+--------------+--------------------
 -0.43369270752320366 |                                                    |                                                    |            2 |                  1
  -0.5053675224617631 |                                                    |                                                    |            1 |                  1
 -0.44315586867669154 | Books                                              |                                                    |            1 |                  2
  -0.4430995209921699 | Children                                           |                                                    |            1 |                  3
   -0.442585630500584 | Men                                                |                                                    |            1 |                  4
 -0.44082871498160403 | Electronics                                        |                                                    |            1 |                  5
 -0.43203269364058067 | Shoes                                              |                                                    |            1 |                  6
    -0.43144151792681 | Women                                              |                                                    |            1 |                  7
 -0.42917294806671125 | Sports                                             |                                                    |            1 |                  8
   -0.426586680082202 | Home                                               |                                                    |            1 |                  9
 -0.42449477955582593 | Music                                              |                                                    |            1 |                 10
 -0.42296056854592845 | Jewelry                                            |                                                    |            1 |                 11
  -0.4906196740079068 | Books                                              | parenting                                          |            0 |                  1
  -0.4728146032305947 | Books                                              | computers                                          |            0 |                  2
 -0.46674282309422166 | Books                                              | fiction                                            |            0 |                  3
  -0.4525171414456275 | Books                                              | reference                                          |            0 |                  4
 -0.44890331994691285 | Books                                              | arts                                               |            0 |                  5
  -0.4488801710799687 | Books                                              | history                                            |            0 |                  6
 -0.44438997506780886 | Books                                              | romance                                            |            0 |                  7
 -0.44048677592556285 | Books                                              | travel                                             |            0 |                  8
  -0.4378565941687337 | Books                                              | sports                                             |            0 |                  9
 -0.43756256900251034 | Books                                              | cooking                                            |            0 |                 10
  -0.4362338775349312 | Books                                              | mystery                                            |            0 |                 11
  -0.4327784289485549 | Books                                              | science                                            |            0 |                 12
 -0.42551640704585086 | Books                                              | home repair                                        |            0 |                 13
 -0.42452256412872075 | Books                                              | business                                           |            0 |                 14
   -0.417329797644872 | Books                                              | entertainments                                     |            0 |                 15
 -0.40773977651431637 | Books                                              | self-help                                          |            0 |                 16
 -0.45492233704611257 | Children                                           | infants                                            |            0 |                  1
  -0.4542180696196329 | Children                                           | toddlers                                           |            0 |                  2
  -0.4351922383499016 | Children                                           | newborn                                            |            0 |                  3
 -0.42750142833041826 | Children                                           | school-uniforms                                    |            0 |                  4
  -0.5004198581022049 | Electronics                                        | personal                                           |            0 |                  1
  -0.4975163761414069 | Electronics                                        | audio                                              |            0 |                  2
  -0.4846835883338507 | Electronics                                        | karoke                                             |            0 |                  3
  -0.4727297753161255 | Electronics                                        | disk drives                                        |            0 |                  4
  -0.4521300250600367 | Electronics                                        | cameras                                            |            0 |                  5
  -0.4513644093619493 | Electronics                                        | monitors                                           |            0 |                  6
  -0.4429461490230165 | Electronics                                        | dvd/vcr players                                    |            0 |                  7
  -0.4419048826457794 | Electronics                                        | automotive                                         |            0 |                  8
  -0.4286128833845211 | Electronics                                        | portable                                           |            0 |                  9
   -0.427608598920077 | Electronics                                        | televisions                                        |            0 |                 10
 -0.42689215540537345 | Electronics                                        | wireless                                           |            0 |                 11
   -0.424471529948606 | Electronics                                        | camcorders                                         |            0 |                 12
  -0.4130463924823541 | Electronics                                        | memory                                             |            0 |                 13
  -0.4107457314181081 | Electronics                                        | musical                                            |            0 |                 14
  -0.4095018902149469 | Electronics                                        | stereo                                             |            0 |                 15
 -0.38689969875467456 | Electronics                                        | scanners                                           |            0 |                 16
  -0.5248549646790073 | Home                                               |                                                    |            0 |                  1
 -0.46087359575512793 | Home                                               | furniture                                          |            0 |                  2
  -0.4520588360079053 | Home                                               | bathroom                                           |            0 |                  3
  -0.4516515484501336 | Home                                               | bedding                                            |            0 |                  4
 -0.44133450055648415 | Home                                               | flatware                                           |            0 |                  5
  -0.4403116287012418 | Home                                               | tables                                             |            0 |                  6
  -0.4393468677403763 | Home                                               | curtains/drapes                                    |            0 |                  7
  -0.4298175001931617 | Home                                               | wallpaper                                          |            0 |                  8
 -0.42943244710997913 | Home                                               | rugs                                               |            0 |                  9
 -0.42328821776870185 | Home                                               | kids                                               |            0 |                 10
  -0.4218149903069404 | Home                                               | lighting                                           |            0 |                 11
  -0.4177367954272351 | Home                                               | glassware                                          |            0 |                 12
 -0.41732078469316797 | Home                                               | mattresses                                         |            0 |                 13
 -0.40584238548463375 | Home                                               | blinds/shades                                      |            0 |                 14
 -0.40543353823095807 | Home                                               | paint                                              |            0 |                 15
  -0.4051066916341518 | Home                                               | decor                                              |            0 |                 16
  -0.3973484567414845 | Home                                               | accent                                             |            0 |                 17
   -0.526983052691939 | Jewelry                                            |                                                    |            0 |                  1
 -0.44643509010934307 | Jewelry                                            | gold                                               |            0 |                  2
  -0.4461648083055674 | Jewelry                                            | estate                                             |            0 |                  3
  -0.4382699120733754 | Jewelry                                            | mens watch                                         |            0 |                  4
  -0.4367255348936527 | Jewelry                                            | consignment                                        |            0 |                  5
 -0.43238244845932805 | Jewelry                                            | pendants                                           |            0 |                  6
  -0.4323773317909678 | Jewelry                                            | bracelets                                          |            0 |                  7
 -0.43170764911246795 | Jewelry                                            | birdal                                             |            0 |                  8
  -0.4310671224846708 | Jewelry                                            | semi-precious                                      |            0 |                  9
 -0.42894636771380357 | Jewelry                                            | loose stones                                       |            0 |                 10
  -0.4194617031136145 | Jewelry                                            | custom                                             |            0 |                 11
 -0.41441905223042663 | Jewelry                                            | earings                                            |            0 |                 12
 -0.41220463326711015 | Jewelry                                            | womens watch                                       |            0 |                 13
 -0.40949404027907743 | Jewelry                                            | costume                                            |            0 |                 14
  -0.4036477320432457 | Jewelry                                            | diamonds                                           |            0 |                 15
 -0.39617804612511165 | Jewelry                                            | jewelry boxes                                      |            0 |                 16
  -0.3837062371515087 | Jewelry                                            | rings                                              |            0 |                 17
  -0.5278145633550688 | Men                                                |                                                    |            0 |                  1
 -0.46084510078962765 | Men                                                | sports-apparel                                     |            0 |                  2
  -0.4409348158080415 | Men                                                | pants                                              |            0 |                  3
  -0.4387918999261772 | Men                                                | accessories                                        |            0 |                  4
 -0.43105274714113845 | Men                                                | shirts                                             |            0 |                  5
  -0.6449423127075934 | Music                                              |                                                    |            0 |                  1
  -0.4461086761100292 | Music                                              | classical                                          |            0 |                  2
 -0.42590383240864166 | Music                                              | country                                            |            0 |                  3
 -0.42210942654016437 | Music                                              | pop                                                |            0 |                  4
   -0.405617181213509 | Music                                              | rock                                               |            0 |                  5
 -0.44436951332296165 | Shoes                                              | kids                                               |            0 |                  1
 -0.43746349903593634 | Shoes                                              | athletic                                           |            0 |                  2
  -0.4294118789641723 | Shoes                                              | mens                                               |            0 |                  3
 -0.41614910049768467 | Shoes                                              | womens                                             |            0 |                  4
  -0.3673750814626419 | Shoes                                              |                                                    |            0 |                  5
  -0.6160513706429152 | Sports                                             |                                                    |            0 |                  1
  -0.4679252791988703 | Sports                                             | guns                                               |            0 |                  2
 -0.45385084358044997 | Sports                                             | archery                                            |            0 |                  3
(100 rows)

UPDATE time_statistics SET e_time = TRANSACTION_TIMESTAMP() WHERE template = '../query_variants/query36a.tpl' AND stream = 8;
psql:/tmp/s1-basline/throughput/query_8.sql:1784: NOTICE:  duration: 0.076 ms  plan:
Query Text: UPDATE time_statistics SET e_time = TRANSACTION_TIMESTAMP() WHERE template = '../query_variants/query36a.tpl' AND stream = 8;
Update on time_statistics  (cost=0.00..14.47 rows=0 width=0) (actual time=0.075..0.075 rows=0 loops=1)
  ->  Seq Scan on time_statistics  (cost=0.00..14.47 rows=1 width=14) (actual time=0.060..0.061 rows=1 loops=1)
        Filter: ((template = '../query_variants/query36a.tpl'::text) AND (stream = 8))
        Rows Removed by Filter: 453
UPDATE 1
LOAD 'auto_explain'; SET auto_explain.log_min_duration TO 0; SET auto_explain.log_analyze TO on; SET auto_explain.log_level TO notice; INSERT INTO time_statistics (template, s_time, stream, query, seed) VALUES ('query61.tpl', TRANSACTION_TIMESTAMP(), 8, 29, 1889053839);
LOAD
SET
SET
SET
psql:/tmp/s1-basline/throughput/query_8.sql:1785: NOTICE:  duration: 0.008 ms  plan:
Query Text: INSERT INTO time_statistics (template, s_time, stream, query, seed) VALUES ('query61.tpl', TRANSACTION_TIMESTAMP(), 8, 29, 1889053839);
Insert on time_statistics  (cost=0.00..0.01 rows=0 width=0) (actual time=0.008..0.008 rows=0 loops=1)
  ->  Result  (cost=0.00..0.01 rows=1 width=64) (actual time=0.001..0.001 rows=1 loops=1)
INSERT 0 1
select  promotions,total,cast(promotions as decimal(15,4))/cast(total as decimal(15,4))*100
from
  (select sum(ss_ext_sales_price) promotions
   from  store_sales
        ,store
        ,promotion
        ,date_dim
        ,customer
        ,customer_address 
        ,item
   where ss_sold_date_sk = d_date_sk
   and   ss_store_sk = s_store_sk
   and   ss_promo_sk = p_promo_sk
   and   ss_customer_sk= c_customer_sk
   and   ca_address_sk = c_current_addr_sk
   and   ss_item_sk = i_item_sk 
   and   ca_gmt_offset = -6
   and   i_category = 'Books'
   and   (p_channel_dmail = 'Y' or p_channel_email = 'Y' or p_channel_tv = 'Y')
   and   s_gmt_offset = -6
   and   d_year = 2002
   and   d_moy  = 11) promotional_sales,
  (select sum(ss_ext_sales_price) total
   from  store_sales
        ,store
        ,date_dim
        ,customer
        ,customer_address
        ,item
   where ss_sold_date_sk = d_date_sk
   and   ss_store_sk = s_store_sk
   and   ss_customer_sk= c_customer_sk
   and   ca_address_sk = c_current_addr_sk
   and   ss_item_sk = i_item_sk
   and   ca_gmt_offset = -6
   and   i_category = 'Books'
   and   s_gmt_offset = -6
   and   d_year = 2002
   and   d_moy  = 11) all_sales
order by promotions, total
limit 100;
psql:/tmp/s1-basline/throughput/query_8.sql:1826: NOTICE:  duration: 0.121 ms  plan:
Query Text: select  promotions,total,cast(promotions as decimal(15,4))/cast(total as decimal(15,4))*100
from
  (select sum(ss_ext_sales_price) promotions
   from  store_sales
        ,store
        ,promotion
        ,date_dim
        ,customer
        ,customer_address 
        ,item
   where ss_sold_date_sk = d_date_sk
   and   ss_store_sk = s_store_sk
   and   ss_promo_sk = p_promo_sk
   and   ss_customer_sk= c_customer_sk
   and   ca_address_sk = c_current_addr_sk
   and   ss_item_sk = i_item_sk 
   and   ca_gmt_offset = -6
   and   i_category = 'Books'
   and   (p_channel_dmail = 'Y' or p_channel_email = 'Y' or p_channel_tv = 'Y')
   and   s_gmt_offset = -6
   and   d_year = 2002
   and   d_moy  = 11) promotional_sales,
  (select sum(ss_ext_sales_price) total
   from  store_sales
        ,store
        ,date_dim
        ,customer
        ,customer_address
        ,item
   where ss_sold_date_sk = d_date_sk
   and   ss_store_sk = s_store_sk
   and   ss_customer_sk= c_customer_sk
   and   ca_address_sk = c_current_addr_sk
   and   ss_item_sk = i_item_sk
   and   ca_gmt_offset = -6
   and   i_category = 'Books'
   and   s_gmt_offset = -6
   and   d_year = 2002
   and   d_moy  = 11) all_sales
order by promotions, total
limit 100;
Limit  (cost=82092.37..82092.38 rows=1 width=48) (actual time=0.117..0.119 rows=1 loops=1)
  ->  Sort  (cost=82092.37..82092.38 rows=1 width=48) (actual time=0.116..0.118 rows=1 loops=1)
        Sort Key: (sum(store_sales.ss_ext_sales_price)), (sum(store_sales_1.ss_ext_sales_price))
        Sort Method: quicksort  Memory: 25kB
        ->  Nested Loop  (cost=82092.30..82092.36 rows=1 width=48) (actual time=0.112..0.113 rows=1 loops=1)
              ->  Aggregate  (cost=41056.83..41056.84 rows=1 width=8) (actual time=0.106..0.107 rows=1 loops=1)
                    ->  Nested Loop  (cost=1.30..41056.82 rows=2 width=8) (actual time=0.105..0.106 rows=0 loops=1)
                          Join Filter: (store_sales.ss_promo_sk = promotion.p_promo_sk)
                          ->  Seq Scan on promotion  (cost=0.00..13.25 rows=135 width=8) (actual time=0.005..0.083 rows=135 loops=1)
                                Filter: ((p_channel_dmail = 'Y'::bpchar) OR (p_channel_email = 'Y'::bpchar) OR (p_channel_tv = 'Y'::bpchar))
                                Rows Removed by Filter: 165
                          ->  Materialize  (cost=1.30..41035.48 rows=4 width=16) (actual time=0.000..0.000 rows=0 loops=135)
                                ->  Nested Loop  (cost=1.30..41035.46 rows=4 width=16) (actual time=0.005..0.006 rows=0 loops=1)
                                      ->  Nested Loop  (cost=1.01..41032.55 rows=9 width=24) (actual time=0.005..0.005 rows=0 loops=1)
                                            ->  Nested Loop  (cost=0.72..41029.74 rows=9 width=24) (actual time=0.005..0.005 rows=0 loops=1)
                                                  ->  Nested Loop  (cost=0.43..41002.95 rows=87 width=32) (actual time=0.005..0.005 rows=0 loops=1)
                                                        Join Filter: (store_sales.ss_store_sk = store.s_store_sk)
                                                        ->  Seq Scan on store  (cost=0.00..1.15 rows=1 width=8) (actual time=0.005..0.005 rows=0 loops=1)
                                                              Filter: (s_gmt_offset = '-6'::double precision)
                                                              Rows Removed by Filter: 12
                                                        ->  Nested Loop  (cost=0.43..40988.10 rows=1096 width=40) (never executed)
                                                              ->  Seq Scan on date_dim  (cost=0.00..2500.73 rows=29 width=8) (never executed)
                                                                    Filter: ((d_year = 2002) AND (d_moy = 11))
                                                              ->  Index Scan using i_ss_sold_date_sk on store_sales  (cost=0.43..1312.00 rows=1515 width=48) (never executed)
                                                                    Index Cond: (ss_sold_date_sk = date_dim.d_date_sk)
                                                  ->  Index Scan using pk_item on item  (cost=0.29..0.31 rows=1 width=8) (never executed)
                                                        Index Cond: (i_item_sk = store_sales.ss_item_sk)
                                                        Filter: (i_category = 'Books'::bpchar)
                                            ->  Index Scan using pk_customer on customer  (cost=0.29..0.31 rows=1 width=16) (never executed)
                                                  Index Cond: (c_customer_sk = store_sales.ss_customer_sk)
                                      ->  Index Scan using pk_customer_address on customer_address  (cost=0.29..0.32 rows=1 width=8) (never executed)
                                            Index Cond: (ca_address_sk = customer.c_current_addr_sk)
                                            Filter: (ca_gmt_offset = '-6'::double precision)
              ->  Aggregate  (cost=41035.47..41035.48 rows=1 width=8) (actual time=0.004..0.005 rows=1 loops=1)
                    ->  Nested Loop  (cost=1.30..41035.46 rows=4 width=8) (actual time=0.004..0.004 rows=0 loops=1)
                          ->  Nested Loop  (cost=1.01..41032.55 rows=9 width=16) (actual time=0.004..0.004 rows=0 loops=1)
                                ->  Nested Loop  (cost=0.72..41029.74 rows=9 width=16) (actual time=0.004..0.004 rows=0 loops=1)
                                      ->  Nested Loop  (cost=0.43..41002.95 rows=87 width=24) (actual time=0.004..0.004 rows=0 loops=1)
                                            Join Filter: (store_sales_1.ss_store_sk = store_1.s_store_sk)
                                            ->  Seq Scan on store store_1  (cost=0.00..1.15 rows=1 width=8) (actual time=0.003..0.004 rows=0 loops=1)
                                                  Filter: (s_gmt_offset = '-6'::double precision)
                                                  Rows Removed by Filter: 12
                                            ->  Nested Loop  (cost=0.43..40988.10 rows=1096 width=32) (never executed)
                                                  ->  Seq Scan on date_dim date_dim_1  (cost=0.00..2500.73 rows=29 width=8) (never executed)
                                                        Filter: ((d_year = 2002) AND (d_moy = 11))
                                                  ->  Index Scan using i_ss_sold_date_sk on store_sales store_sales_1  (cost=0.43..1312.00 rows=1515 width=40) (never executed)
                                                        Index Cond: (ss_sold_date_sk = date_dim_1.d_date_sk)
                                      ->  Index Scan using pk_item on item item_1  (cost=0.29..0.31 rows=1 width=8) (never executed)
                                            Index Cond: (i_item_sk = store_sales_1.ss_item_sk)
                                            Filter: (i_category = 'Books'::bpchar)
                                ->  Index Scan using pk_customer on customer customer_1  (cost=0.29..0.31 rows=1 width=16) (never executed)
                                      Index Cond: (c_customer_sk = store_sales_1.ss_customer_sk)
                          ->  Index Scan using pk_customer_address on customer_address customer_address_1  (cost=0.29..0.32 rows=1 width=8) (never executed)
                                Index Cond: (ca_address_sk = customer_1.c_current_addr_sk)
                                Filter: (ca_gmt_offset = '-6'::double precision)
 promotions | total | ?column? 
------------+-------+----------
            |       |         
(1 row)

UPDATE time_statistics SET e_time = TRANSACTION_TIMESTAMP() WHERE template = 'query61.tpl' AND stream = 8;
psql:/tmp/s1-basline/throughput/query_8.sql:1828: NOTICE:  duration: 0.059 ms  plan:
Query Text: UPDATE time_statistics SET e_time = TRANSACTION_TIMESTAMP() WHERE template = 'query61.tpl' AND stream = 8;
Update on time_statistics  (cost=0.00..14.47 rows=0 width=0) (actual time=0.059..0.059 rows=0 loops=1)
  ->  Seq Scan on time_statistics  (cost=0.00..14.47 rows=1 width=14) (actual time=0.051..0.051 rows=1 loops=1)
        Filter: ((template = 'query61.tpl'::text) AND (stream = 8))
        Rows Removed by Filter: 454
UPDATE 1
LOAD 'auto_explain'; SET auto_explain.log_min_duration TO 0; SET auto_explain.log_analyze TO on; SET auto_explain.log_level TO notice; INSERT INTO time_statistics (template, s_time, stream, query, seed) VALUES ('query41.tpl', TRANSACTION_TIMESTAMP(), 8, 30, 1650534472);
LOAD
SET
SET
SET
psql:/tmp/s1-basline/throughput/query_8.sql:1829: NOTICE:  duration: 0.007 ms  plan:
Query Text: INSERT INTO time_statistics (template, s_time, stream, query, seed) VALUES ('query41.tpl', TRANSACTION_TIMESTAMP(), 8, 30, 1650534472);
Insert on time_statistics  (cost=0.00..0.01 rows=0 width=0) (actual time=0.007..0.007 rows=0 loops=1)
  ->  Result  (cost=0.00..0.01 rows=1 width=64) (actual time=0.001..0.001 rows=1 loops=1)
INSERT 0 1
select  distinct(i_product_name)
 from item i1
 where i_manufact_id between 934 and 934+40 
   and (select count(*) as item_cnt
        from item
        where (i_manufact = i1.i_manufact and
        ((i_category = 'Women' and 
        (i_color = 'salmon' or i_color = 'turquoise') and 
        (i_units = 'Case' or i_units = 'Ton') and
        (i_size = 'extra large' or i_size = 'small')
        ) or
        (i_category = 'Women' and
        (i_color = 'seashell' or i_color = 'tan') and
        (i_units = 'Carton' or i_units = 'Pallet') and
        (i_size = 'large' or i_size = 'N/A')
        ) or
        (i_category = 'Men' and
        (i_color = 'wheat' or i_color = 'pink') and
        (i_units = 'Bundle' or i_units = 'Tsp') and
        (i_size = 'economy' or i_size = 'petite')
        ) or
        (i_category = 'Men' and
        (i_color = 'midnight' or i_color = 'ivory') and
        (i_units = 'Gross' or i_units = 'Ounce') and
        (i_size = 'extra large' or i_size = 'small')
        ))) or
       (i_manufact = i1.i_manufact and
        ((i_category = 'Women' and 
        (i_color = 'lime' or i_color = 'sky') and 
        (i_units = 'Dozen' or i_units = 'Oz') and
        (i_size = 'extra large' or i_size = 'small')
        ) or
        (i_category = 'Women' and
        (i_color = 'magenta' or i_color = 'plum') and
        (i_units = 'Unknown' or i_units = 'Bunch') and
        (i_size = 'large' or i_size = 'N/A')
        ) or
        (i_category = 'Men' and
        (i_color = 'gainsboro' or i_color = 'dark') and
        (i_units = 'Lb' or i_units = 'N/A') and
        (i_size = 'economy' or i_size = 'petite')
        ) or
        (i_category = 'Men' and
        (i_color = 'purple' or i_color = 'yellow') and
        (i_units = 'Gram' or i_units = 'Box') and
        (i_size = 'extra large' or i_size = 'small')
        )))) > 0
 order by i_product_name
 limit 100;
psql:/tmp/s1-basline/throughput/query_8.sql:1878: NOTICE:  duration: 938.374 ms  plan:
Query Text: select  distinct(i_product_name)
 from item i1
 where i_manufact_id between 934 and 934+40 
   and (select count(*) as item_cnt
        from item
        where (i_manufact = i1.i_manufact and
        ((i_category = 'Women' and 
        (i_color = 'salmon' or i_color = 'turquoise') and 
        (i_units = 'Case' or i_units = 'Ton') and
        (i_size = 'extra large' or i_size = 'small')
        ) or
        (i_category = 'Women' and
        (i_color = 'seashell' or i_color = 'tan') and
        (i_units = 'Carton' or i_units = 'Pallet') and
        (i_size = 'large' or i_size = 'N/A')
        ) or
        (i_category = 'Men' and
        (i_color = 'wheat' or i_color = 'pink') and
        (i_units = 'Bundle' or i_units = 'Tsp') and
        (i_size = 'economy' or i_size = 'petite')
        ) or
        (i_category = 'Men' and
        (i_color = 'midnight' or i_color = 'ivory') and
        (i_units = 'Gross' or i_units = 'Ounce') and
        (i_size = 'extra large' or i_size = 'small')
        ))) or
       (i_manufact = i1.i_manufact and
        ((i_category = 'Women' and 
        (i_color = 'lime' or i_color = 'sky') and 
        (i_units = 'Dozen' or i_units = 'Oz') and
        (i_size = 'extra large' or i_size = 'small')
        ) or
        (i_category = 'Women' and
        (i_color = 'magenta' or i_color = 'plum') and
        (i_units = 'Unknown' or i_units = 'Bunch') and
        (i_size = 'large' or i_size = 'N/A')
        ) or
        (i_category = 'Men' and
        (i_color = 'gainsboro' or i_color = 'dark') and
        (i_units = 'Lb' or i_units = 'N/A') and
        (i_size = 'economy' or i_size = 'petite')
        ) or
        (i_category = 'Men' and
        (i_color = 'purple' or i_color = 'yellow') and
        (i_units = 'Gram' or i_units = 'Box') and
        (i_size = 'extra large' or i_size = 'small')
        )))) > 0
 order by i_product_name
 limit 100;
Limit  (cost=72019798.18..72019798.54 rows=71 width=51) (actual time=938.372..938.373 rows=0 loops=1)
  ->  Unique  (cost=72019798.18..72019798.54 rows=71 width=51) (actual time=938.372..938.372 rows=0 loops=1)
        ->  Sort  (cost=72019798.18..72019798.36 rows=71 width=51) (actual time=938.371..938.372 rows=0 loops=1)
              Sort Key: i1.i_product_name
              Sort Method: quicksort  Memory: 25kB
              ->  Seq Scan on item i1  (cost=0.00..72019796.00 rows=71 width=51) (actual time=938.369..938.369 rows=0 loops=1)
                    Filter: ((i_manufact_id >= 934) AND (i_manufact_id <= 974) AND ((SubPlan 1) > 0))
                    Rows Removed by Filter: 18000
                    SubPlan 1
                      ->  Aggregate  (cost=4001.00..4001.01 rows=1 width=8) (actual time=4.676..4.676 rows=1 loops=200)
                            ->  Seq Scan on item  (cost=0.00..4001.00 rows=1 width=0) (actual time=4.675..4.675 rows=0 loops=200)
                                  Filter: ((i_manufact = i1.i_manufact) AND (((i_category = 'Women'::bpchar) AND ((i_color = 'salmon'::bpchar) OR (i_color = 'turquoise'::bpchar)) AND ((i_units = 'Case'::bpchar) OR (i_units = 'Ton'::bpchar)) AND ((i_size = 'extra large'::bpchar) OR (i_size = 'small'::bpchar))) OR ((i_category = 'Women'::bpchar) AND ((i_color = 'seashell'::bpchar) OR (i_color = 'tan'::bpchar)) AND ((i_units = 'Carton'::bpchar) OR (i_units = 'Pallet'::bpchar)) AND ((i_size = 'large'::bpchar) OR (i_size = 'N/A'::bpchar))) OR ((i_category = 'Men'::bpchar) AND ((i_color = 'wheat'::bpchar) OR (i_color = 'pink'::bpchar)) AND ((i_units = 'Bundle'::bpchar) OR (i_units = 'Tsp'::bpchar)) AND ((i_size = 'economy'::bpchar) OR (i_size = 'petite'::bpchar))) OR ((i_category = 'Men'::bpchar) AND ((i_color = 'midnight'::bpchar) OR (i_color = 'ivory'::bpchar)) AND ((i_units = 'Gross'::bpchar) OR (i_units = 'Ounce'::bpchar)) AND ((i_size = 'extra large'::bpchar) OR (i_size = 'small'::bpchar))) OR ((i_category = 'Women'::bpchar) AND ((i_color = 'lime'::bpchar) OR (i_color = 'sky'::bpchar)) AND ((i_units = 'Dozen'::bpchar) OR (i_units = 'Oz'::bpchar)) AND ((i_size = 'extra large'::bpchar) OR (i_size = 'small'::bpchar))) OR ((i_category = 'Women'::bpchar) AND ((i_color = 'magenta'::bpchar) OR (i_color = 'plum'::bpchar)) AND ((i_units = 'Unknown'::bpchar) OR (i_units = 'Bunch'::bpchar)) AND ((i_size = 'large'::bpchar) OR (i_size = 'N/A'::bpchar))) OR ((i_category = 'Men'::bpchar) AND ((i_color = 'gainsboro'::bpchar) OR (i_color = 'dark'::bpchar)) AND ((i_units = 'Lb'::bpchar) OR (i_units = 'N/A'::bpchar)) AND ((i_size = 'economy'::bpchar) OR (i_size = 'petite'::bpchar))) OR ((i_category = 'Men'::bpchar) AND ((i_color = 'purple'::bpchar) OR (i_color = 'yellow'::bpchar)) AND ((i_units = 'Gram'::bpchar) OR (i_units = 'Box'::bpchar)) AND ((i_size = 'extra large'::bpchar) OR (i_size = 'small'::bpchar)))))
                                  Rows Removed by Filter: 18000
 i_product_name 
----------------
(0 rows)

UPDATE time_statistics SET e_time = TRANSACTION_TIMESTAMP() WHERE template = 'query41.tpl' AND stream = 8;
psql:/tmp/s1-basline/throughput/query_8.sql:1880: NOTICE:  duration: 0.066 ms  plan:
Query Text: UPDATE time_statistics SET e_time = TRANSACTION_TIMESTAMP() WHERE template = 'query41.tpl' AND stream = 8;
Update on time_statistics  (cost=0.00..14.47 rows=0 width=0) (actual time=0.066..0.066 rows=0 loops=1)
  ->  Seq Scan on time_statistics  (cost=0.00..14.47 rows=1 width=14) (actual time=0.055..0.056 rows=1 loops=1)
        Filter: ((template = 'query41.tpl'::text) AND (stream = 8))
        Rows Removed by Filter: 455
UPDATE 1
LOAD 'auto_explain'; SET auto_explain.log_min_duration TO 0; SET auto_explain.log_analyze TO on; SET auto_explain.log_level TO notice; INSERT INTO time_statistics (template, s_time, stream, query, seed) VALUES ('query35.tpl', TRANSACTION_TIMESTAMP(), 8, 31, 702228685);
LOAD
SET
SET
SET
psql:/tmp/s1-basline/throughput/query_8.sql:1881: NOTICE:  duration: 0.008 ms  plan:
Query Text: INSERT INTO time_statistics (template, s_time, stream, query, seed) VALUES ('query35.tpl', TRANSACTION_TIMESTAMP(), 8, 31, 702228685);
Insert on time_statistics  (cost=0.00..0.01 rows=0 width=0) (actual time=0.008..0.008 rows=0 loops=1)
  ->  Result  (cost=0.00..0.01 rows=1 width=64) (actual time=0.002..0.002 rows=1 loops=1)
INSERT 0 1
select   
  ca_state,
  cd_gender,
  cd_marital_status,
  cd_dep_count,
  count(*) cnt1,
  stddev_samp(cd_dep_count),
  max(cd_dep_count),
  sum(cd_dep_count),
  cd_dep_employed_count,
  count(*) cnt2,
  stddev_samp(cd_dep_employed_count),
  max(cd_dep_employed_count),
  sum(cd_dep_employed_count),
  cd_dep_college_count,
  count(*) cnt3,
  stddev_samp(cd_dep_college_count),
  max(cd_dep_college_count),
  sum(cd_dep_college_count)
 from
  customer c,customer_address ca,customer_demographics
 where
  c.c_current_addr_sk = ca.ca_address_sk and
  cd_demo_sk = c.c_current_cdemo_sk and 
  exists (select *
          from store_sales,date_dim
          where c.c_customer_sk = ss_customer_sk and
                ss_sold_date_sk = d_date_sk and
                d_year = 2000 and
                d_qoy < 4) and
   (exists (select *
            from web_sales,date_dim
            where c.c_customer_sk = ws_bill_customer_sk and
                  ws_sold_date_sk = d_date_sk and
                  d_year = 2000 and
                  d_qoy < 4) or 
    exists (select * 
            from catalog_sales,date_dim
            where c.c_customer_sk = cs_ship_customer_sk and
                  cs_sold_date_sk = d_date_sk and
                  d_year = 2000 and
                  d_qoy < 4))
 group by ca_state,
          cd_gender,
          cd_marital_status,
          cd_dep_count,
          cd_dep_employed_count,
          cd_dep_college_count
 order by ca_state,
          cd_gender,
          cd_marital_status,
          cd_dep_count,
          cd_dep_employed_count,
          cd_dep_college_count
 limit 100;
psql:/tmp/s1-basline/throughput/query_8.sql:1936: NOTICE:  duration: 547.391 ms  plan:
Query Text: select   
  ca_state,
  cd_gender,
  cd_marital_status,
  cd_dep_count,
  count(*) cnt1,
  stddev_samp(cd_dep_count),
  max(cd_dep_count),
  sum(cd_dep_count),
  cd_dep_employed_count,
  count(*) cnt2,
  stddev_samp(cd_dep_employed_count),
  max(cd_dep_employed_count),
  sum(cd_dep_employed_count),
  cd_dep_college_count,
  count(*) cnt3,
  stddev_samp(cd_dep_college_count),
  max(cd_dep_college_count),
  sum(cd_dep_college_count)
 from
  customer c,customer_address ca,customer_demographics
 where
  c.c_current_addr_sk = ca.ca_address_sk and
  cd_demo_sk = c.c_current_cdemo_sk and 
  exists (select *
          from store_sales,date_dim
          where c.c_customer_sk = ss_customer_sk and
                ss_sold_date_sk = d_date_sk and
                d_year = 2000 and
                d_qoy < 4) and
   (exists (select *
            from web_sales,date_dim
            where c.c_customer_sk = ws_bill_customer_sk and
                  ws_sold_date_sk = d_date_sk and
                  d_year = 2000 and
                  d_qoy < 4) or 
    exists (select * 
            from catalog_sales,date_dim
            where c.c_customer_sk = cs_ship_customer_sk and
                  cs_sold_date_sk = d_date_sk and
                  d_year = 2000 and
                  d_qoy < 4))
 group by ca_state,
          cd_gender,
          cd_marital_status,
          cd_dep_count,
          cd_dep_employed_count,
          cd_dep_college_count
 order by ca_state,
          cd_gender,
          cd_marital_status,
          cd_dep_count,
          cd_dep_employed_count,
          cd_dep_college_count
 limit 100;
Limit  (cost=477797570.61..477797576.61 rows=100 width=175) (actual time=546.932..547.291 rows=100 loops=1)
  ->  GroupAggregate  (cost=477797570.61..477797998.65 rows=7134 width=175) (actual time=546.931..547.283 rows=100 loops=1)
        Group Key: ca.ca_state, customer_demographics.cd_gender, customer_demographics.cd_marital_status, customer_demographics.cd_dep_count, customer_demographics.cd_dep_employed_count, customer_demographics.cd_dep_college_count
        ->  Sort  (cost=477797570.61..477797588.45 rows=7134 width=19) (actual time=546.919..547.145 rows=103 loops=1)
              Sort Key: ca.ca_state, customer_demographics.cd_gender, customer_demographics.cd_marital_status, customer_demographics.cd_dep_count, customer_demographics.cd_dep_employed_count, customer_demographics.cd_dep_college_count
              Sort Method: quicksort  Memory: 497kB
              ->  Nested Loop  (cost=93224.35..477797114.02 rows=7134 width=19) (actual time=380.082..538.225 rows=4885 loops=1)
                    ->  Nested Loop  (cost=93224.06..477794787.01 rows=7134 width=24) (actual time=380.073..528.535 rows=4885 loops=1)
                          ->  Nested Loop  (cost=93223.63..477788618.38 rows=7389 width=16) (actual time=380.044..510.660 rows=5081 loops=1)
                                ->  HashAggregate  (cost=93223.34..93326.55 rows=10321 width=8) (actual time=281.174..285.714 rows=23716 loops=1)
                                      Group Key: store_sales.ss_customer_sk
                                      Batches: 1  Memory Usage: 2833kB
                                      ->  Gather  (cost=3504.15..93197.54 rows=10321 width=8) (actual time=10.160..240.517 rows=310761 loops=1)
                                            Workers Planned: 2
                                            Workers Launched: 2
                                            ->  Hash Join  (cost=2504.15..91165.44 rows=4300 width=8) (actual time=14.769..248.018 rows=103587 loops=3)
                                                  Hash Cond: (store_sales.ss_sold_date_sk = date_dim.d_date_sk)
                                                  ->  Parallel Seq Scan on store_sales  (cost=0.00..85499.45 rows=1204445 width=16) (actual time=0.015..126.521 rows=948150 loops=3)
                                                  ->  Hash  (cost=2500.73..2500.73 rows=273 width=8) (actual time=14.628..14.629 rows=274 loops=3)
                                                        Buckets: 1024  Batches: 1  Memory Usage: 19kB
                                                        ->  Seq Scan on date_dim  (cost=0.00..2500.73 rows=273 width=8) (actual time=7.124..14.594 rows=274 loops=3)
                                                              Filter: ((d_qoy < 4) AND (d_year = 2000))
                                                              Rows Removed by Filter: 72775
                                ->  Index Scan using pk_customer on customer c  (cost=0.29..50020.18 rows=1 width=24) (actual time=0.009..0.009 rows=0 loops=23716)
                                      Index Cond: (c_customer_sk = store_sales.ss_customer_sk)
                                      Filter: ((hashed SubPlan 2) OR (hashed SubPlan 4))
                                      Rows Removed by Filter: 1
                                      SubPlan 2
                                        ->  Gather  (cost=3504.15..34336.12 rows=2700 width=8) (actual time=9.743..88.775 rows=81263 loops=1)
                                              Workers Planned: 2
                                              Workers Launched: 2
                                              ->  Hash Join  (cost=2504.15..33066.12 rows=1125 width=8) (actual time=14.878..87.599 rows=27088 loops=3)
                                                    Hash Cond: (web_sales.ws_sold_date_sk = date_dim_1.d_date_sk)
                                                    ->  Parallel Seq Scan on web_sales  (cost=0.00..29771.63 rows=301063 width=16) (actual time=0.016..44.000 rows=237185 loops=3)
                                                    ->  Hash  (cost=2500.73..2500.73 rows=273 width=8) (actual time=14.732..14.732 rows=274 loops=3)
                                                          Buckets: 1024  Batches: 1  Memory Usage: 19kB
                                                          ->  Seq Scan on date_dim date_dim_1  (cost=0.00..2500.73 rows=273 width=8) (actual time=7.199..14.698 rows=274 loops=3)
                                                                Filter: ((d_qoy < 4) AND (d_year = 2000))
                                                                Rows Removed by Filter: 72775
                                      SubPlan 4
                                        ->  Nested Loop  (cost=0.43..17151.56 rows=5368 width=8) (actual time=4.971..57.948 rows=160718 loops=1)
                                              ->  Seq Scan on date_dim date_dim_2  (cost=0.00..2500.73 rows=273 width=8) (actual time=4.959..10.043 rows=274 loops=1)
                                                    Filter: ((d_qoy < 4) AND (d_year = 2000))
                                                    Rows Removed by Filter: 72775
                                              ->  Index Scan using i_cs_sold_date_sk on catalog_sales  (cost=0.43..45.82 rows=785 width=16) (actual time=0.003..0.100 rows=587 loops=274)
                                                    Index Cond: (cs_sold_date_sk = date_dim_2.d_date_sk)
                          ->  Index Scan using pk_customer_demographics on customer_demographics  (cost=0.43..0.83 rows=1 width=24) (actual time=0.003..0.003 rows=1 loops=5081)
                                Index Cond: (cd_demo_sk = c.c_current_cdemo_sk)
                    ->  Index Scan using pk_customer_address on customer_address ca  (cost=0.29..0.33 rows=1 width=11) (actual time=0.002..0.002 rows=1 loops=4885)
                          Index Cond: (ca_address_sk = c.c_current_addr_sk)
 ca_state | cd_gender | cd_marital_status | cd_dep_count | cnt1 | stddev_samp | max | sum | cd_dep_employed_count | cnt2 | stddev_samp | max | sum | cd_dep_college_count | cnt3 | stddev_samp | max | sum 
----------+-----------+-------------------+--------------+------+-------------+-----+-----+-----------------------+------+-------------+-----+-----+----------------------+------+-------------+-----+-----
 AK       | F         | S                 |            0 |    1 |             |   0 |   0 |                     1 |    1 |             |   1 |   1 |                    2 |    1 |             |   2 |   2
 AK       | F         | S                 |            2 |    1 |             |   2 |   2 |                     4 |    1 |             |   4 |   4 |                    4 |    1 |             |   4 |   4
 AK       | F         | S                 |            3 |    1 |             |   3 |   3 |                     5 |    1 |             |   5 |   5 |                    1 |    1 |             |   1 |   1
 AK       | F         | S                 |            4 |    1 |             |   4 |   4 |                     5 |    1 |             |   5 |   5 |                    6 |    1 |             |   6 |   6
 AK       | F         | U                 |            0 |    1 |             |   0 |   0 |                     3 |    1 |             |   3 |   3 |                    4 |    1 |             |   4 |   4
 AK       | F         | U                 |            1 |    1 |             |   1 |   1 |                     0 |    1 |             |   0 |   0 |                    1 |    1 |             |   1 |   1
 AK       | F         | U                 |            2 |    1 |             |   2 |   2 |                     0 |    1 |             |   0 |   0 |                    5 |    1 |             |   5 |   5
 AK       | F         | U                 |            3 |    1 |             |   3 |   3 |                     1 |    1 |             |   1 |   1 |                    1 |    1 |             |   1 |   1
 AK       | F         | U                 |            4 |    1 |             |   4 |   4 |                     2 |    1 |             |   2 |   2 |                    6 |    1 |             |   6 |   6
 AK       | F         | U                 |            6 |    1 |             |   6 |   6 |                     1 |    1 |             |   1 |   1 |                    4 |    1 |             |   4 |   4
 AK       | F         | W                 |            1 |    1 |             |   1 |   1 |                     1 |    1 |             |   1 |   1 |                    4 |    1 |             |   4 |   4
 AK       | M         | D                 |            0 |    1 |             |   0 |   0 |                     3 |    1 |             |   3 |   3 |                    0 |    1 |             |   0 |   0
 AK       | M         | D                 |            0 |    1 |             |   0 |   0 |                     6 |    1 |             |   6 |   6 |                    4 |    1 |             |   4 |   4
 AK       | M         | D                 |            3 |    1 |             |   3 |   3 |                     6 |    1 |             |   6 |   6 |                    2 |    1 |             |   2 |   2
 AK       | M         | M                 |            0 |    1 |             |   0 |   0 |                     3 |    1 |             |   3 |   3 |                    5 |    1 |             |   5 |   5
 AK       | M         | M                 |            1 |    1 |             |   1 |   1 |                     2 |    1 |             |   2 |   2 |                    0 |    1 |             |   0 |   0
 AK       | M         | M                 |            2 |    1 |             |   2 |   2 |                     2 |    1 |             |   2 |   2 |                    5 |    1 |             |   5 |   5
 AK       | M         | M                 |            3 |    1 |             |   3 |   3 |                     3 |    1 |             |   3 |   3 |                    2 |    1 |             |   2 |   2
 AK       | M         | M                 |            3 |    1 |             |   3 |   3 |                     4 |    1 |             |   4 |   4 |                    0 |    1 |             |   0 |   0
 AK       | M         | M                 |            5 |    1 |             |   5 |   5 |                     3 |    1 |             |   3 |   3 |                    3 |    1 |             |   3 |   3
 AK       | M         | M                 |            6 |    1 |             |   6 |   6 |                     2 |    1 |             |   2 |   2 |                    1 |    1 |             |   1 |   1
 AK       | M         | S                 |            1 |    1 |             |   1 |   1 |                     5 |    1 |             |   5 |   5 |                    0 |    1 |             |   0 |   0
 AK       | M         | S                 |            2 |    1 |             |   2 |   2 |                     1 |    1 |             |   1 |   1 |                    0 |    1 |             |   0 |   0
 AK       | M         | U                 |            3 |    1 |             |   3 |   3 |                     3 |    1 |             |   3 |   3 |                    0 |    1 |             |   0 |   0
 AK       | M         | U                 |            3 |    1 |             |   3 |   3 |                     4 |    1 |             |   4 |   4 |                    6 |    1 |             |   6 |   6
 AK       | M         | U                 |            5 |    1 |             |   5 |   5 |                     2 |    1 |             |   2 |   2 |                    0 |    1 |             |   0 |   0
 AK       | M         | U                 |            5 |    1 |             |   5 |   5 |                     6 |    1 |             |   6 |   6 |                    1 |    1 |             |   1 |   1
 AK       | M         | U                 |            6 |    1 |             |   6 |   6 |                     2 |    1 |             |   2 |   2 |                    0 |    1 |             |   0 |   0
 AK       | M         | W                 |            1 |    1 |             |   1 |   1 |                     3 |    1 |             |   3 |   3 |                    4 |    1 |             |   4 |   4
 AK       | M         | W                 |            2 |    1 |             |   2 |   2 |                     3 |    1 |             |   3 |   3 |                    6 |    1 |             |   6 |   6
 AL       | F         | D                 |            0 |    1 |             |   0 |   0 |                     6 |    1 |             |   6 |   6 |                    6 |    1 |             |   6 |   6
 AL       | F         | D                 |            1 |    1 |             |   1 |   1 |                     1 |    1 |             |   1 |   1 |                    6 |    1 |             |   6 |   6
 AL       | F         | D                 |            1 |    1 |             |   1 |   1 |                     2 |    1 |             |   2 |   2 |                    0 |    1 |             |   0 |   0
 AL       | F         | D                 |            1 |    1 |             |   1 |   1 |                     2 |    1 |             |   2 |   2 |                    1 |    1 |             |   1 |   1
 AL       | F         | D                 |            2 |    1 |             |   2 |   2 |                     6 |    1 |             |   6 |   6 |                    4 |    1 |             |   4 |   4
 AL       | F         | D                 |            3 |    1 |             |   3 |   3 |                     5 |    1 |             |   5 |   5 |                    4 |    1 |             |   4 |   4
 AL       | F         | D                 |            3 |    1 |             |   3 |   3 |                     6 |    1 |             |   6 |   6 |                    0 |    1 |             |   0 |   0
 AL       | F         | D                 |            4 |    1 |             |   4 |   4 |                     6 |    1 |             |   6 |   6 |                    4 |    1 |             |   4 |   4
 AL       | F         | D                 |            5 |    2 |           0 |   5 |  10 |                     1 |    2 |           0 |   1 |   2 |                    4 |    2 |           0 |   4 |   8
 AL       | F         | D                 |            6 |    1 |             |   6 |   6 |                     4 |    1 |             |   4 |   4 |                    5 |    1 |             |   5 |   5
 AL       | F         | M                 |            0 |    1 |             |   0 |   0 |                     0 |    1 |             |   0 |   0 |                    1 |    1 |             |   1 |   1
 AL       | F         | M                 |            0 |    1 |             |   0 |   0 |                     0 |    1 |             |   0 |   0 |                    2 |    1 |             |   2 |   2
 AL       | F         | M                 |            0 |    1 |             |   0 |   0 |                     1 |    1 |             |   1 |   1 |                    0 |    1 |             |   0 |   0
 AL       | F         | M                 |            0 |    1 |             |   0 |   0 |                     1 |    1 |             |   1 |   1 |                    1 |    1 |             |   1 |   1
 AL       | F         | M                 |            0 |    1 |             |   0 |   0 |                     2 |    1 |             |   2 |   2 |                    3 |    1 |             |   3 |   3
 AL       | F         | M                 |            1 |    1 |             |   1 |   1 |                     6 |    1 |             |   6 |   6 |                    0 |    1 |             |   0 |   0
 AL       | F         | M                 |            2 |    1 |             |   2 |   2 |                     2 |    1 |             |   2 |   2 |                    0 |    1 |             |   0 |   0
 AL       | F         | M                 |            2 |    1 |             |   2 |   2 |                     5 |    1 |             |   5 |   5 |                    5 |    1 |             |   5 |   5
 AL       | F         | M                 |            3 |    1 |             |   3 |   3 |                     0 |    1 |             |   0 |   0 |                    4 |    1 |             |   4 |   4
 AL       | F         | M                 |            3 |    1 |             |   3 |   3 |                     2 |    1 |             |   2 |   2 |                    5 |    1 |             |   5 |   5
 AL       | F         | M                 |            3 |    1 |             |   3 |   3 |                     5 |    1 |             |   5 |   5 |                    1 |    1 |             |   1 |   1
 AL       | F         | M                 |            4 |    1 |             |   4 |   4 |                     2 |    1 |             |   2 |   2 |                    1 |    1 |             |   1 |   1
 AL       | F         | M                 |            6 |    1 |             |   6 |   6 |                     4 |    1 |             |   4 |   4 |                    3 |    1 |             |   3 |   3
 AL       | F         | S                 |            0 |    1 |             |   0 |   0 |                     0 |    1 |             |   0 |   0 |                    0 |    1 |             |   0 |   0
 AL       | F         | S                 |            0 |    1 |             |   0 |   0 |                     3 |    1 |             |   3 |   3 |                    1 |    1 |             |   1 |   1
 AL       | F         | S                 |            0 |    1 |             |   0 |   0 |                     5 |    1 |             |   5 |   5 |                    4 |    1 |             |   4 |   4
 AL       | F         | S                 |            1 |    1 |             |   1 |   1 |                     2 |    1 |             |   2 |   2 |                    3 |    1 |             |   3 |   3
 AL       | F         | S                 |            2 |    1 |             |   2 |   2 |                     0 |    1 |             |   0 |   0 |                    2 |    1 |             |   2 |   2
 AL       | F         | S                 |            2 |    1 |             |   2 |   2 |                     0 |    1 |             |   0 |   0 |                    6 |    1 |             |   6 |   6
 AL       | F         | S                 |            2 |    1 |             |   2 |   2 |                     3 |    1 |             |   3 |   3 |                    4 |    1 |             |   4 |   4
 AL       | F         | S                 |            5 |    1 |             |   5 |   5 |                     3 |    1 |             |   3 |   3 |                    0 |    1 |             |   0 |   0
 AL       | F         | S                 |            6 |    1 |             |   6 |   6 |                     3 |    1 |             |   3 |   3 |                    1 |    1 |             |   1 |   1
 AL       | F         | U                 |            2 |    1 |             |   2 |   2 |                     3 |    1 |             |   3 |   3 |                    1 |    1 |             |   1 |   1
 AL       | F         | U                 |            2 |    1 |             |   2 |   2 |                     4 |    1 |             |   4 |   4 |                    6 |    1 |             |   6 |   6
 AL       | F         | U                 |            3 |    1 |             |   3 |   3 |                     0 |    1 |             |   0 |   0 |                    0 |    1 |             |   0 |   0
 AL       | F         | U                 |            3 |    1 |             |   3 |   3 |                     1 |    1 |             |   1 |   1 |                    3 |    1 |             |   3 |   3
 AL       | F         | U                 |            3 |    1 |             |   3 |   3 |                     3 |    1 |             |   3 |   3 |                    5 |    1 |             |   5 |   5
 AL       | F         | U                 |            4 |    1 |             |   4 |   4 |                     0 |    1 |             |   0 |   0 |                    3 |    1 |             |   3 |   3
 AL       | F         | U                 |            4 |    1 |             |   4 |   4 |                     3 |    1 |             |   3 |   3 |                    1 |    1 |             |   1 |   1
 AL       | F         | U                 |            5 |    1 |             |   5 |   5 |                     3 |    1 |             |   3 |   3 |                    1 |    1 |             |   1 |   1
 AL       | F         | U                 |            5 |    1 |             |   5 |   5 |                     4 |    1 |             |   4 |   4 |                    1 |    1 |             |   1 |   1
 AL       | F         | U                 |            6 |    1 |             |   6 |   6 |                     5 |    1 |             |   5 |   5 |                    6 |    1 |             |   6 |   6
 AL       | F         | W                 |            1 |    1 |             |   1 |   1 |                     3 |    1 |             |   3 |   3 |                    0 |    1 |             |   0 |   0
 AL       | F         | W                 |            1 |    1 |             |   1 |   1 |                     4 |    1 |             |   4 |   4 |                    3 |    1 |             |   3 |   3
 AL       | F         | W                 |            2 |    1 |             |   2 |   2 |                     5 |    1 |             |   5 |   5 |                    1 |    1 |             |   1 |   1
 AL       | F         | W                 |            5 |    1 |             |   5 |   5 |                     4 |    1 |             |   4 |   4 |                    4 |    1 |             |   4 |   4
 AL       | F         | W                 |            6 |    1 |             |   6 |   6 |                     0 |    1 |             |   0 |   0 |                    2 |    1 |             |   2 |   2
 AL       | F         | W                 |            6 |    1 |             |   6 |   6 |                     3 |    1 |             |   3 |   3 |                    1 |    1 |             |   1 |   1
 AL       | M         | D                 |            0 |    1 |             |   0 |   0 |                     0 |    1 |             |   0 |   0 |                    6 |    1 |             |   6 |   6
 AL       | M         | D                 |            0 |    1 |             |   0 |   0 |                     3 |    1 |             |   3 |   3 |                    5 |    1 |             |   5 |   5
 AL       | M         | D                 |            0 |    1 |             |   0 |   0 |                     6 |    1 |             |   6 |   6 |                    3 |    1 |             |   3 |   3
 AL       | M         | D                 |            1 |    1 |             |   1 |   1 |                     0 |    1 |             |   0 |   0 |                    2 |    1 |             |   2 |   2
 AL       | M         | D                 |            1 |    2 |           0 |   1 |   2 |                     1 |    2 |           0 |   1 |   2 |                    0 |    2 |           0 |   0 |   0
 AL       | M         | D                 |            1 |    1 |             |   1 |   1 |                     6 |    1 |             |   6 |   6 |                    4 |    1 |             |   4 |   4
 AL       | M         | D                 |            2 |    1 |             |   2 |   2 |                     5 |    1 |             |   5 |   5 |                    4 |    1 |             |   4 |   4
 AL       | M         | D                 |            2 |    1 |             |   2 |   2 |                     5 |    1 |             |   5 |   5 |                    6 |    1 |             |   6 |   6
 AL       | M         | D                 |            4 |    1 |             |   4 |   4 |                     1 |    1 |             |   1 |   1 |                    1 |    1 |             |   1 |   1
 AL       | M         | D                 |            4 |    1 |             |   4 |   4 |                     3 |    1 |             |   3 |   3 |                    6 |    1 |             |   6 |   6
 AL       | M         | D                 |            4 |    1 |             |   4 |   4 |                     4 |    1 |             |   4 |   4 |                    1 |    1 |             |   1 |   1
 AL       | M         | M                 |            0 |    1 |             |   0 |   0 |                     2 |    1 |             |   2 |   2 |                    2 |    1 |             |   2 |   2
 AL       | M         | M                 |            0 |    1 |             |   0 |   0 |                     2 |    1 |             |   2 |   2 |                    5 |    1 |             |   5 |   5
 AL       | M         | M                 |            2 |    1 |             |   2 |   2 |                     6 |    1 |             |   6 |   6 |                    3 |    1 |             |   3 |   3
 AL       | M         | M                 |            5 |    1 |             |   5 |   5 |                     0 |    1 |             |   0 |   0 |                    2 |    1 |             |   2 |   2
 AL       | M         | M                 |            5 |    1 |             |   5 |   5 |                     4 |    1 |             |   4 |   4 |                    5 |    1 |             |   5 |   5
 AL       | M         | M                 |            5 |    1 |             |   5 |   5 |                     6 |    1 |             |   6 |   6 |                    4 |    1 |             |   4 |   4
 AL       | M         | S                 |            1 |    1 |             |   1 |   1 |                     1 |    1 |             |   1 |   1 |                    2 |    1 |             |   2 |   2
 AL       | M         | S                 |            2 |    1 |             |   2 |   2 |                     3 |    1 |             |   3 |   3 |                    4 |    1 |             |   4 |   4
 AL       | M         | S                 |            2 |    1 |             |   2 |   2 |                     5 |    1 |             |   5 |   5 |                    4 |    1 |             |   4 |   4
 AL       | M         | S                 |            3 |    1 |             |   3 |   3 |                     2 |    1 |             |   2 |   2 |                    3 |    1 |             |   3 |   3
 AL       | M         | S                 |            3 |    1 |             |   3 |   3 |                     3 |    1 |             |   3 |   3 |                    2 |    1 |             |   2 |   2
(100 rows)

UPDATE time_statistics SET e_time = TRANSACTION_TIMESTAMP() WHERE template = 'query35.tpl' AND stream = 8;
psql:/tmp/s1-basline/throughput/query_8.sql:1938: NOTICE:  duration: 0.088 ms  plan:
Query Text: UPDATE time_statistics SET e_time = TRANSACTION_TIMESTAMP() WHERE template = 'query35.tpl' AND stream = 8;
Update on time_statistics  (cost=0.00..14.47 rows=0 width=0) (actual time=0.087..0.087 rows=0 loops=1)
  ->  Seq Scan on time_statistics  (cost=0.00..14.47 rows=1 width=14) (actual time=0.071..0.071 rows=1 loops=1)
        Filter: ((template = 'query35.tpl'::text) AND (stream = 8))
        Rows Removed by Filter: 456
UPDATE 1
LOAD 'auto_explain'; SET auto_explain.log_min_duration TO 0; SET auto_explain.log_analyze TO on; SET auto_explain.log_level TO notice; INSERT INTO time_statistics (template, s_time, stream, query, seed) VALUES ('query50.tpl', TRANSACTION_TIMESTAMP(), 8, 32, 2138000836);
LOAD
SET
SET
SET
psql:/tmp/s1-basline/throughput/query_8.sql:1939: NOTICE:  duration: 0.008 ms  plan:
Query Text: INSERT INTO time_statistics (template, s_time, stream, query, seed) VALUES ('query50.tpl', TRANSACTION_TIMESTAMP(), 8, 32, 2138000836);
Insert on time_statistics  (cost=0.00..0.01 rows=0 width=0) (actual time=0.008..0.008 rows=0 loops=1)
  ->  Result  (cost=0.00..0.01 rows=1 width=64) (actual time=0.001..0.001 rows=1 loops=1)
INSERT 0 1
select  
   s_store_name
  ,s_company_id
  ,s_street_number
  ,s_street_name
  ,s_street_type
  ,s_suite_number
  ,s_city
  ,s_county
  ,s_state
  ,s_zip
  ,sum(case when (sr_returned_date_sk - ss_sold_date_sk <= 30 ) then 1 else 0 end)  as "30 days" 
  ,sum(case when (sr_returned_date_sk - ss_sold_date_sk > 30) and 
                 (sr_returned_date_sk - ss_sold_date_sk <= 60) then 1 else 0 end )  as "31-60 days" 
  ,sum(case when (sr_returned_date_sk - ss_sold_date_sk > 60) and 
                 (sr_returned_date_sk - ss_sold_date_sk <= 90) then 1 else 0 end)  as "61-90 days" 
  ,sum(case when (sr_returned_date_sk - ss_sold_date_sk > 90) and
                 (sr_returned_date_sk - ss_sold_date_sk <= 120) then 1 else 0 end)  as "91-120 days" 
  ,sum(case when (sr_returned_date_sk - ss_sold_date_sk  > 120) then 1 else 0 end)  as ">120 days" 
from
   store_sales
  ,store_returns
  ,store
  ,date_dim d1
  ,date_dim d2
where
    d2.d_year = 1999
and d2.d_moy  = 10
and ss_ticket_number = sr_ticket_number
and ss_item_sk = sr_item_sk
and ss_sold_date_sk   = d1.d_date_sk
and sr_returned_date_sk   = d2.d_date_sk
and ss_customer_sk = sr_customer_sk
and ss_store_sk = s_store_sk
group by
   s_store_name
  ,s_company_id
  ,s_street_number
  ,s_street_name
  ,s_street_type
  ,s_suite_number
  ,s_city
  ,s_county
  ,s_state
  ,s_zip
order by s_store_name
        ,s_company_id
        ,s_street_number
        ,s_street_name
        ,s_street_type
        ,s_suite_number
        ,s_city
        ,s_county
        ,s_state
        ,s_zip
limit 100;
psql:/tmp/s1-basline/throughput/query_8.sql:1995: NOTICE:  duration: 43.593 ms  plan:
Query Text: select  
   s_store_name
  ,s_company_id
  ,s_street_number
  ,s_street_name
  ,s_street_type
  ,s_suite_number
  ,s_city
  ,s_county
  ,s_state
  ,s_zip
  ,sum(case when (sr_returned_date_sk - ss_sold_date_sk <= 30 ) then 1 else 0 end)  as "30 days" 
  ,sum(case when (sr_returned_date_sk - ss_sold_date_sk > 30) and 
                 (sr_returned_date_sk - ss_sold_date_sk <= 60) then 1 else 0 end )  as "31-60 days" 
  ,sum(case when (sr_returned_date_sk - ss_sold_date_sk > 60) and 
                 (sr_returned_date_sk - ss_sold_date_sk <= 90) then 1 else 0 end)  as "61-90 days" 
  ,sum(case when (sr_returned_date_sk - ss_sold_date_sk > 90) and
                 (sr_returned_date_sk - ss_sold_date_sk <= 120) then 1 else 0 end)  as "91-120 days" 
  ,sum(case when (sr_returned_date_sk - ss_sold_date_sk  > 120) then 1 else 0 end)  as ">120 days" 
from
   store_sales
  ,store_returns
  ,store
  ,date_dim d1
  ,date_dim d2
where
    d2.d_year = 1999
and d2.d_moy  = 10
and ss_ticket_number = sr_ticket_number
and ss_item_sk = sr_item_sk
and ss_sold_date_sk   = d1.d_date_sk
and sr_returned_date_sk   = d2.d_date_sk
and ss_customer_sk = sr_customer_sk
and ss_store_sk = s_store_sk
group by
   s_store_name
  ,s_company_id
  ,s_street_number
  ,s_street_name
  ,s_street_type
  ,s_suite_number
  ,s_city
  ,s_county
  ,s_state
  ,s_zip
order by s_store_name
        ,s_company_id
        ,s_street_number
        ,s_street_name
        ,s_street_type
        ,s_suite_number
        ,s_city
        ,s_county
        ,s_state
        ,s_zip
limit 100;
Limit  (cost=6251.91..6252.01 rows=1 width=126) (actual time=41.967..43.577 rows=6 loops=1)
  ->  GroupAggregate  (cost=6251.91..6252.01 rows=1 width=126) (actual time=41.967..43.575 rows=6 loops=1)
        Group Key: store.s_store_name, store.s_company_id, store.s_street_number, store.s_street_name, store.s_street_type, store.s_suite_number, store.s_city, store.s_county, store.s_state, store.s_zip
        ->  Sort  (cost=6251.91..6251.92 rows=1 width=102) (actual time=41.635..41.753 rows=2887 loops=1)
              Sort Key: store.s_store_name, store.s_company_id, store.s_street_number, store.s_street_name, store.s_street_type, store.s_suite_number, store.s_city, store.s_county, store.s_state, store.s_zip
              Sort Method: quicksort  Memory: 517kB
              ->  Nested Loop  (cost=1.15..6251.90 rows=1 width=102) (actual time=4.077..38.323 rows=2887 loops=1)
                    ->  Nested Loop  (cost=0.85..6251.59 rows=1 width=102) (actual time=4.062..35.012 rows=2918 loops=1)
                          Join Filter: (store_sales.ss_store_sk = store.s_store_sk)
                          Rows Removed by Join Filter: 13309
                          ->  Nested Loop  (cost=0.85..6250.32 rows=1 width=24) (actual time=4.058..29.833 rows=2981 loops=1)
                                ->  Nested Loop  (cost=0.42..6159.82 rows=114 width=32) (actual time=4.050..13.255 rows=4118 loops=1)
                                      ->  Seq Scan on date_dim d2  (cost=0.00..2500.73 rows=30 width=8) (actual time=4.031..8.785 rows=31 loops=1)
                                            Filter: ((d_year = 1999) AND (d_moy = 10))
                                            Rows Removed by Filter: 73018
                                      ->  Index Scan using i_sr_returned_date_sk on store_returns  (cost=0.42..120.57 rows=140 width=32) (actual time=0.003..0.126 rows=133 loops=31)
                                            Index Cond: (sr_returned_date_sk = d2.d_date_sk)
                                ->  Index Scan using pk_store_sales on store_sales  (cost=0.43..0.78 rows=1 width=40) (actual time=0.004..0.004 rows=1 loops=4118)
                                      Index Cond: ((ss_item_sk = store_returns.sr_item_sk) AND (ss_ticket_number = store_returns.sr_ticket_number))
                                      Filter: (store_returns.sr_customer_sk = ss_customer_sk)
                                      Rows Removed by Filter: 0
                          ->  Seq Scan on store  (cost=0.00..1.12 rows=12 width=94) (actual time=0.000..0.001 rows=5 loops=2981)
                    ->  Index Only Scan using pk_date_dim on date_dim d1  (cost=0.29..0.31 rows=1 width=8) (actual time=0.001..0.001 rows=1 loops=2918)
                          Index Cond: (d_date_sk = store_sales.ss_sold_date_sk)
                          Heap Fetches: 0
 s_store_name | s_company_id | s_street_number | s_street_name |  s_street_type  | s_suite_number |  s_city  |     s_county      | s_state |   s_zip    | 30 days | 31-60 days | 61-90 days | 91-120 days | >120 days 
--------------+--------------+-----------------+---------------+-----------------+----------------+----------+-------------------+---------+------------+---------+------------+------------+-------------+-----------
 able         |            1 | 495             | Smith         | Dr.             | Suite M        | Fairview | Williamson County | TN      | 35709      |     109 |        122 |        100 |          39 |       119
 ation        |            1 | 424             | Lincoln       | Ln              | Suite 480      | Midway   | Williamson County | TN      | 31904      |     109 |        103 |         80 |          38 |       107
 bar          |            1 | 593             | Ridge         | Dr.             | Suite 190      | Midway   | Williamson County | TN      | 31904      |     109 |        131 |         88 |          58 |       108
 eing         |            1 | 333             | Highland 10th | Way             | Suite S        | Fairview | Williamson County | TN      | 35709      |     126 |        118 |         89 |          57 |       102
 ese          |            1 | 245             | College       | Wy              | Suite 140      | Midway   | Williamson County | TN      | 31904      |     106 |        110 |         87 |          67 |       104
 ought        |            1 | 849             | Elm           | Parkway         | Suite Y        | Midway   | Williamson County | TN      | 31904      |     123 |        137 |         84 |          45 |       112
(6 rows)

UPDATE time_statistics SET e_time = TRANSACTION_TIMESTAMP() WHERE template = 'query50.tpl' AND stream = 8;
psql:/tmp/s1-basline/throughput/query_8.sql:1997: NOTICE:  duration: 0.075 ms  plan:
Query Text: UPDATE time_statistics SET e_time = TRANSACTION_TIMESTAMP() WHERE template = 'query50.tpl' AND stream = 8;
Update on time_statistics  (cost=0.00..14.47 rows=0 width=0) (actual time=0.075..0.075 rows=0 loops=1)
  ->  Seq Scan on time_statistics  (cost=0.00..14.47 rows=1 width=14) (actual time=0.059..0.059 rows=1 loops=1)
        Filter: ((template = 'query50.tpl'::text) AND (stream = 8))
        Rows Removed by Filter: 457
UPDATE 1
LOAD 'auto_explain'; SET auto_explain.log_min_duration TO 0; SET auto_explain.log_analyze TO on; SET auto_explain.log_level TO notice; INSERT INTO time_statistics (template, s_time, stream, query, seed) VALUES ('query65.tpl', TRANSACTION_TIMESTAMP(), 8, 33, 1683669048);
LOAD
SET
SET
SET
psql:/tmp/s1-basline/throughput/query_8.sql:1998: NOTICE:  duration: 0.009 ms  plan:
Query Text: INSERT INTO time_statistics (template, s_time, stream, query, seed) VALUES ('query65.tpl', TRANSACTION_TIMESTAMP(), 8, 33, 1683669048);
Insert on time_statistics  (cost=0.00..0.01 rows=0 width=0) (actual time=0.008..0.008 rows=0 loops=1)
  ->  Result  (cost=0.00..0.01 rows=1 width=64) (actual time=0.001..0.001 rows=1 loops=1)
INSERT 0 1
select 
	s_store_name,
	i_item_desc,
	sc.revenue,
	i_current_price,
	i_wholesale_cost,
	i_brand
 from store, item,
     (select ss_store_sk, avg(revenue) as ave
 	from
 	    (select  ss_store_sk, ss_item_sk, 
 		     sum(ss_sales_price) as revenue
 		from store_sales, date_dim
 		where ss_sold_date_sk = d_date_sk and d_month_seq between 1216 and 1216+11
 		group by ss_store_sk, ss_item_sk) sa
 	group by ss_store_sk) sb,
     (select  ss_store_sk, ss_item_sk, sum(ss_sales_price) as revenue
 	from store_sales, date_dim
 	where ss_sold_date_sk = d_date_sk and d_month_seq between 1216 and 1216+11
 	group by ss_store_sk, ss_item_sk) sc
 where sb.ss_store_sk = sc.ss_store_sk and 
       sc.revenue <= 0.1 * sb.ave and
       s_store_sk = sc.ss_store_sk and
       i_item_sk = sc.ss_item_sk
 order by s_store_name, i_item_desc
limit 100;
psql:/tmp/s1-basline/throughput/query_8.sql:2024: NOTICE:  duration: 1084.634 ms  plan:
Query Text: select 
	s_store_name,
	i_item_desc,
	sc.revenue,
	i_current_price,
	i_wholesale_cost,
	i_brand
 from store, item,
     (select ss_store_sk, avg(revenue) as ave
 	from
 	    (select  ss_store_sk, ss_item_sk, 
 		     sum(ss_sales_price) as revenue
 		from store_sales, date_dim
 		where ss_sold_date_sk = d_date_sk and d_month_seq between 1216 and 1216+11
 		group by ss_store_sk, ss_item_sk) sa
 	group by ss_store_sk) sb,
     (select  ss_store_sk, ss_item_sk, sum(ss_sales_price) as revenue
 	from store_sales, date_dim
 	where ss_sold_date_sk = d_date_sk and d_month_seq between 1216 and 1216+11
 	group by ss_store_sk, ss_item_sk) sc
 where sb.ss_store_sk = sc.ss_store_sk and 
       sc.revenue <= 0.1 * sb.ave and
       s_store_sk = sc.ss_store_sk and
       i_item_sk = sc.ss_item_sk
 order by s_store_name, i_item_desc
limit 100;
Limit  (cost=188809.07..188809.32 rows=100 width=182) (actual time=1009.178..1084.545 rows=100 loops=1)
  ->  Sort  (cost=188809.07..188809.75 rows=270 width=182) (actual time=1009.178..1084.538 rows=100 loops=1)
        Sort Key: store.s_store_name, item.i_item_desc
        Sort Method: top-N heapsort  Memory: 77kB
        ->  Nested Loop  (cost=185035.25..188798.75 rows=270 width=182) (actual time=803.793..1082.446 rows=3806 loops=1)
              ->  Merge Join  (cost=185034.96..188687.73 rows=270 width=21) (actual time=803.770..1074.539 rows=3806 loops=1)
                    Merge Cond: (store_sales.ss_store_sk = store_sales_1.ss_store_sk)
                    Join Filter: ((sum(store_sales.ss_sales_price)) <= ('0.1'::double precision * (avg((sum(store_sales_1.ss_sales_price))))))
                    Rows Removed by Join Filter: 65474
                    ->  Finalize GroupAggregate  (cost=92516.81..94146.92 rows=13497 width=24) (actual time=387.111..565.617 rows=69281 loops=1)
                          Group Key: store_sales.ss_store_sk, store_sales.ss_item_sk
                          ->  Gather Merge  (cost=92516.81..93927.59 rows=11248 width=24) (actual time=387.105..539.219 rows=179402 loops=1)
                                Workers Planned: 2
                                Workers Launched: 2
                                ->  Partial GroupAggregate  (cost=91516.79..91629.27 rows=5624 width=24) (actual time=361.387..411.897 rows=60855 loops=3)
                                      Group Key: store_sales.ss_store_sk, store_sales.ss_item_sk
                                      ->  Sort  (cost=91516.79..91530.85 rows=5624 width=24) (actual time=361.377..377.727 rows=178403 loops=3)
                                            Sort Key: store_sales.ss_store_sk, store_sales.ss_item_sk
                                            Sort Method: external merge  Disk: 6344kB
                                            Worker 0:  Sort Method: quicksort  Memory: 15331kB
                                            Worker 1:  Sort Method: quicksort  Memory: 15488kB
                                            ->  Hash Join  (cost=2505.20..91166.49 rows=5624 width=24) (actual time=13.270..262.546 rows=181347 loops=3)
                                                  Hash Cond: (store_sales.ss_sold_date_sk = date_dim.d_date_sk)
                                                  ->  Parallel Seq Scan on store_sales  (cost=0.00..85499.45 rows=1204445 width=32) (actual time=0.016..127.738 rows=948150 loops=3)
                                                  ->  Hash  (cost=2500.73..2500.73 rows=357 width=8) (actual time=13.208..13.209 rows=365 loops=3)
                                                        Buckets: 1024  Batches: 1  Memory Usage: 23kB
                                                        ->  Seq Scan on date_dim  (cost=0.00..2500.73 rows=357 width=8) (actual time=6.346..13.160 rows=365 loops=3)
                                                              Filter: ((d_month_seq >= 1216) AND (d_month_seq <= 1227))
                                                              Rows Removed by Filter: 72684
                    ->  Materialize  (cost=92518.15..94355.92 rows=12 width=29) (actual time=398.766..497.006 rows=57741 loops=1)
                          ->  Merge Join  (cost=92518.15..94355.89 rows=12 width=29) (actual time=398.762..494.384 rows=6 loops=1)
                                Merge Cond: (store.s_store_sk = store_sales_1.ss_store_sk)
                                ->  Sort  (cost=1.34..1.37 rows=12 width=13) (actual time=0.018..0.019 rows=11 loops=1)
                                      Sort Key: store.s_store_sk
                                      Sort Method: quicksort  Memory: 25kB
                                      ->  Seq Scan on store  (cost=0.00..1.12 rows=12 width=13) (actual time=0.007..0.009 rows=12 loops=1)
                                ->  GroupAggregate  (cost=92516.81..94351.88 rows=200 width=16) (actual time=398.741..494.356 rows=7 loops=1)
                                      Group Key: store_sales_1.ss_store_sk
                                      ->  Finalize GroupAggregate  (cost=92516.81..94146.92 rows=13497 width=24) (actual time=380.841..487.596 rows=76558 loops=1)
                                            Group Key: store_sales_1.ss_store_sk, store_sales_1.ss_item_sk
                                            ->  Gather Merge  (cost=92516.81..93927.59 rows=11248 width=24) (actual time=380.835..459.287 rows=189822 loops=1)
                                                  Workers Planned: 2
                                                  Workers Launched: 2
                                                  ->  Partial GroupAggregate  (cost=91516.79..91629.27 rows=5624 width=24) (actual time=358.458..406.236 rows=63274 loops=3)
                                                        Group Key: store_sales_1.ss_store_sk, store_sales_1.ss_item_sk
                                                        ->  Sort  (cost=91516.79..91530.85 rows=5624 width=24) (actual time=358.448..371.428 rows=181347 loops=3)
                                                              Sort Key: store_sales_1.ss_store_sk, store_sales_1.ss_item_sk
                                                              Sort Method: external merge  Disk: 6312kB
                                                              Worker 0:  Sort Method: quicksort  Memory: 15384kB
                                                              Worker 1:  Sort Method: quicksort  Memory: 15486kB
                                                              ->  Hash Join  (cost=2505.20..91166.49 rows=5624 width=24) (actual time=13.818..258.230 rows=181347 loops=3)
                                                                    Hash Cond: (store_sales_1.ss_sold_date_sk = date_dim_1.d_date_sk)
                                                                    ->  Parallel Seq Scan on store_sales store_sales_1  (cost=0.00..85499.45 rows=1204445 width=32) (actual time=0.015..124.281 rows=948150 loops=3)
                                                                    ->  Hash  (cost=2500.73..2500.73 rows=357 width=8) (actual time=13.759..13.760 rows=365 loops=3)
                                                                          Buckets: 1024  Batches: 1  Memory Usage: 23kB
                                                                          ->  Seq Scan on date_dim date_dim_1  (cost=0.00..2500.73 rows=357 width=8) (actual time=6.501..13.714 rows=365 loops=3)
                                                                                Filter: ((d_month_seq >= 1216) AND (d_month_seq <= 1227))
                                                                                Rows Removed by Filter: 72684
              ->  Index Scan using pk_item on item  (cost=0.29..0.41 rows=1 width=177) (actual time=0.002..0.002 rows=1 loops=3806)
                    Index Cond: (i_item_sk = store_sales.ss_item_sk)
 s_store_name |                                                                                               i_item_desc                                                                                                |      revenue       | i_current_price | i_wholesale_cost |                      i_brand                       
--------------+----------------------------------------------------------------------------------------------------------------------------------------------------------------------------------------------------------+--------------------+-----------------+------------------+----------------------------------------------------
 able         | A                                                                                                                                                                                                        |               0.25 |            1.41 |             1.07 | edu packamalg #1                                  
 able         | Able articles account too unacceptable objectives. Regular views send                                                                                                                                    |                5.9 |            5.51 |             3.19 | namelessunivamalg #5                              
 able         | Able, certai                                                                                                                                                                                             |               24.3 |            0.13 |            48.26 | corpbrand #1                                      
 able         | Able eyes might contribute policies. Necessary, external schools convene even great, difficult days. Even capitalist years must forgo                                                                    |              14.98 |            2.05 |              1.1 | exportiamalg #1                                   
 able         | Able, whole ranks will not involve. Rats ensure. Then di                                                                                                                                                 |               5.83 |            8.57 |             2.99 | exportimaxi #7                                    
 able         | About major                                                                                                                                                                                              |                5.2 |            4.74 |              1.7 | corpmaxi #5                                       
 able         | About national feet would not suggest either in a houses. Fresh markets turn children. Schemes will end across tory, liable families. Also central refe                                                  |               8.98 |            0.91 |             0.28 | edu packimporto #1                                
 able         | Accidentally wet communities might not collect partly sect                                                                                                                                               |               8.75 |            6.23 |             2.24 | exportiamalg #1                                   
 able         | Accordingly leading sons can put. Always painful solicitors leave. Prime articles take here. English, difficult pro                                                                                      |               2.23 |            0.91 |             0.77 | importoimporto #1                                 
 able         | Accurate charts shall continue in a standards; public, early foreigners could happen existing meanings. Complete students may follow more. Social                                                        |              23.74 |            3.79 |             0.18 | namelesscorp #3                                   
 able         | Actions think then. Emoti                                                                                                                                                                                |              24.52 |            4.17 |             3.75 | edu packbrand #7                                  
 able         | Addresses aid in a                                                                                                                                                                                       |               9.34 |            2.11 |            39.25 | amalgamalg #1                                     
 able         | Administrative options might believe now in a programmes. Twin, financial eyes put proposed lips. Wrong films could not think less parliamentary standards. Kind, lovely thousands must plou             |              23.47 |            4.06 |              1.9 | amalgexporti #1                                   
 able         | Adults can report qualifi                                                                                                                                                                                | 23.799999999999997 |             2.8 |             0.92 | importoedu pack #1                                
 able         | Advanced managers can sit serious needs. Ro                                                                                                                                                              |               3.21 |            0.19 |             0.07 | amalgexporti #1                                   
 able         | Affairs recognise tories. Top reductions care selec                                                                                                                                                      |               8.57 |            0.77 |             0.69 | scholarbrand #1                                   
 able         | Afraid, religious documen                                                                                                                                                                                |               6.43 |            1.48 |             0.81 | importoscholar #1                                 
 able         | African instructions may not ask outstanding,                                                                                                                                                            | 19.470000000000002 |            7.84 |             4.07 | edu packmaxi #7                                   
 able         | Again annual facts count capital children. Nervous weeks might boil more at a lines.                                                                                                                     |               4.07 |           29.23 |             4.69 | corpmaxi #5                                       
 able         | Again pleased components would not travel partly terms. Arguments pick just; neatly good details make injuries. Daughters close excellent, unknown clothes. Always generous quest                        |               8.71 |            3.39 |             2.07 | edu packbrand #3                                  
 able         | Agencies scare in the boundaries. Packages would not perform immediately natural members; able, personal parties cr                                                                                      |              21.32 |            4.68 |             3.27 | univmaxi #5                                       
 able         | Alike new hospitals cease now for                                                                                                                                                                        | 28.259999999999998 |            9.96 |             4.18 | corpbrand #7                                      
 able         | All good cattle understand only basic, chronic posts; partially alone cars die nations. Is                                                                                                               | 18.900000000000002 |            5.53 |              3.8 | scholarnameless #9                                
 able         | All right unlike terms will get only scientis                                                                                                                                                            |              17.03 |            1.41 |             0.69 | corpcorp #5                                       
 able         | Almost                                                                                                                                                                                                   |              12.35 |            2.68 |             0.99 | importoimporto #1                                 
 able         | Almost yello                                                                                                                                                                                             |              23.08 |            8.65 |             1.91 | importoamalg #1                                   
 able         | Already central institutions capture else modern teeth. Awful, able flowers drop yesterday there mature walls. Feet say too. Equations can establish as contracts. I                                     |               23.4 |            4.05 |             3.99 | exportiamalg #1                                   
 able         | Already single officials give com                                                                                                                                                                        |              10.07 |            1.96 |              2.9 | univmaxi #1                                       
 able         | Also human technologies support wild, supreme courts. Yesterday foreign changes should not win special, typical facilities. Labour, main stations might not come more. Meanwhile on                      |               8.02 |             4.2 |             2.73 | importoscholar #1                                 
 able         | Also odd things ought to like levels. Tim                                                                                                                                                                |               7.94 |            3.53 |             1.97 | brandnameless #1                                  
 able         | Also open birds might appear rapidly new widespread companies. Empty experts understand partly. Rich, little defendants help men; v                                                                      |              24.84 |            2.98 |              5.8 | exportimaxi #5                                    
 able         | Also political insects shall not look bad, other exercises. Particular, new committees will not kill then. Frantically national times return in a authorities. Small, conservati                         |               7.44 |            0.48 |             0.17 | exportiexporti #1                                 
 able         | Also technical sides should not meet also already female visitors. Products enable little increasing men. Slight, star children ought to seem nevertheless key miles. Events rouse interest              |               8.49 |            2.57 |             0.42 | corpbrand #7                                      
 able         | Also tight books can make good, little years. Usually great weeks fit effectively models. Special places get. Artists shall catch often against the investors.                                           |              21.21 |            2.28 |             1.61 | namelessbrand #7                                  
 able         | Also wide champions would see. Vital, yellow posts shall prevent front, afraid levels. Central, hot                                                                                                      |              18.78 |            4.92 |            25.86 | exportiamalg #1                                   
 able         | American ways ought to die certainly without a stones. Old arms like in a others. Medical, other children contain less huge lawyers. Horrible shares shall reveal practical, necessary appointment       |              26.59 |            6.18 |             4.44 | edu packcorp #1                                   
 able         | Ancient fruits will not resign past,                                                                                                                                                                     |               16.5 |            4.01 |             0.79 | edu packamalg #1                                  
 able         | Appeals might not treat for a ideas. Only real others may restrict then old considerable police. Again criminal parents distinguish still considerable contents. In order following inve                 |               0.84 |             5.3 |            19.95 | importoexporti #1                                 
 able         | Applicable, general efforts used to fall genuine, central wings. Orthodox passages fulfil right broad years                                                                                              |               1.88 |            0.23 |             0.12 | amalgimporto #1                                   
 able         | Appropriate teachers mean for example easier female things. Dangerous diseases might name unf                                                                                                            |              23.68 |            9.67 |             1.15 | edu packunivamalg #11                             
 able         | Areas could bind only by a hands. Even environmental doors will not laugh on the reasons. Rights will not listen                                                                                         |              28.27 |            3.48 |             2.15 | univmaxi #5                                       
 able         | Artificial letters may not benefit right from a schools. Suspiciously big improvements must not know much steep, typical schools; minutes separate less t                                                |              28.34 |            9.42 |             2.44 | exportiedu pack #1                                
 able         | As able yards should illustrate grateful windows. Later educational things foresee economic, royal authorities. Much local clergy shall see children. Corpora                                            |              18.12 |             0.1 |             0.07 | exportiamalgamalg #17                             
 able         | As chemical things save often red jobs. Necessary representatives accept. Skills shall watch for example; social, single members would intervene eventually as important tr                              | 26.990000000000002 |            8.44 |             6.58 | univamalgamalg #3                                 
 able         | As crucial teachers forget exclusively barely little trends. Quite immediate                                                                                                                             |              24.46 |            9.08 |             1.24 | corpcorp #5                                       
 able         | As financial eyes might offer lively rights. Historic, substantial implications used to take little according to a officials. Effective, twin men should not extend anyway areas. Ar                     |              21.61 |             7.8 |             0.82 | maxinameless #10                                  
 able         | As increased police will not promise again new upper instances. Somewhat complete services might say particu                                                                                             |              24.68 |            4.87 |             2.67 | exportiamalg #1                                   
 able         | As little h                                                                                                                                                                                              |              10.09 |            1.67 |             6.69 | amalgimporto #1                                   
 able         | As medical stairs heat now; suddenly cautious texts tell materials. Legally social teeth forget as late incentives; about absolute terms seek                                                            |              27.72 |           11.74 |             3.27 | importoexporti #1                                 
 able         | Assets can start a bit open, orthodox lives. Very mutual actors get more young, working customers; interior games argue current, careful chips. Functions may follow reactions. Ex                       |               8.58 |            3.61 |             1.26 | univnameless #9                                   
 able         | As well solid hours must go here different excellent elements. Other, serious heads must suggest within a details. Opportun                                                                              |               5.52 |           70.84 |            38.96 | edu packedu pack #1                               
 able         | At least local thanks make particularly economic feet. Twin, busy sections used to consider about favorite women. Today sweet mothers could force both. Different minutes expe                           |               5.87 |            4.67 |             1.33 | exportiexporti #1                                 
 able         | At least running readers arrange conditions. Further local engines may not go rooms; tall                                                                                                                |              15.08 |            3.19 |             2.74 | exportischolar #1                                 
 able         | At once pure whe                                                                                                                                                                                         |               7.86 |            9.88 |             4.34 | exportinameless #7                                
 able         | Automatic, immediate countries will find quietly o                                                                                                                                                       |              27.24 |            0.11 |             0.04 | importoedu pack #1                                
 able         | Awards might see of course; useful, new sections arrive at least famous, human ships. Slow costly s                                                                                                      |              11.75 |            1.43 |             0.47 | importoamalg #1                                   
 able         | Bad, likely trees must not trouble activities; readily central things stay in the patients; films want places. Supporters confirm practically powerful, correct leaves. Human councils should object u   |               8.76 |             0.5 |             0.43 | univbrand #1                                      
 able         | Badly simple transactions reduce of course in excess of the leaders. Then african facilities build already on a others;                                                                                  |                3.5 |            1.08 |             0.85 | exportiamalg #1                                   
 able         | Banks should give extremely skilled charts. Helpful, actual tonnes may                                                                                                                                   |              21.59 |            7.26 |             2.54 | edu packbrand #3                                  
 able         | Bas                                                                                                                                                                                                      |              25.55 |            3.62 |              1.3 | edu packimporto #2                                
 able         | Basi                                                                                                                                                                                                     | 27.049999999999997 |            6.68 |             3.74 | edu packexporti #2                                
 able         | Basic hou                                                                                                                                                                                                |              22.67 |            2.58 |             1.78 | maxiunivamalg #9                                  
 able         | Belatedly enormous controls learn economic, nuclear minutes. Social, urgent plans should tell in order extremely whole methods. Ill good passages shou                                                   |              25.63 |            3.68 |              3.3 | importoamalg #1                                   
 able         | Benefits like naturally especially able standards. Re                                                                                                                                                    |              14.16 |            7.38 |             2.95 | 
 able         | Benefits shall not assume only states. Teeth could die. Possible thoughts play quite for a families. All vital qualities shall not feel. Late national lives take then on to a qu                        |              15.28 |            3.33 |             0.43 | scholarnameless #10                               
 able         | Better overall months arise particularly days. Young, different eyes could not support conservat                                                                                                         |               0.75 |            7.78 |             3.01 | namelessmaxi #7                                   
 able         | Big, defensive customers leap most exceptions. Following children get now very, other authorities. Other windows move then then key seats; young, full events extend maybe in                            |              17.13 |            2.59 |            41.01 | edu packamalg #1                                  
 able         | Big, living sequences could take exact, progressive readers. Homes occur more other months. Days go even. Apparently good patients would benefit. Areas include well present                             |                1.7 |             2.8 |             1.45 | amalgimporto #1                                   
 able         | Big, official boys grasp actually games. Other indicators might not create deeply annually political steps; necessarily willing men used to make virtually by the instructions; awf                      |              25.27 |            2.22 |             1.38 | importoedu pack #1                                
 able         | Black tears incur here for a questions. Companies back on a wh                                                                                                                                           |              16.18 |            4.56 |             2.32 | importonameless #9                                
 able         | Both inadequate levels accommodate other, able standards.                                                                                                                                                |               9.02 |            2.83 |             2.49 | importounivamalg #11                              
 able         | Both slim consultants stand other readers. Colleagues can add strictly. Special patients take even alleged angles                                                                                        |              27.93 |            8.14 |             6.91 | importoscholar #1                                 
 able         | Boundaries would not harbour then                                                                                                                                                                        |               4.14 |            4.08 |             0.83 | importoedu pack #1                                
 able         | Boys wear however only, successful passages. Here british sources would bring more fl                                                                                                                    |               4.48 |            7.29 |             0.65 | edu packunivamalg #1                              
 able         | British, cert                                                                                                                                                                                            |               23.3 |            4.19 |             2.05 | amalgedu pack #1                                  
 able         | British, international pages mention however with the possibilities; once old attitudes used to lead surely free police. Powerful teeth used to spread central babies. Short comm                        |               2.82 |            4.04 |                  | 
 able         | British members want a little years. Pretty buildings shall refine happy features; certain molecules go expected, semantic teeth. Almost obvious games see too as provinc                                |               5.57 |            3.37 |             1.14 | maxibrand #3                                      
 able         | British rates close more out of a parts. More than free workers live completely certainly certain voters. Electronic comments should not write rather criteria; main arguments will prove ye             |               1.44 |            1.16 |             0.71 | scholarmaxi #7                                    
 able         | British, white schools exist very also grand funds. Companies shall emphasise vehemently. Successful drawings may not lead perhaps scientific moments. Alike other factors hel                           |              14.01 |            8.18 |             4.11 | brandnameless #3                                  
 able         | Capital kinds                                                                                                                                                                                            |              25.11 |            9.91 |             4.33 | edu packedu pack #1                               
 able         | Cases ask by a areas; then common movies should not breathe average women. Much single birds will accept into a facilities. Even deaf drawings used to grant. Generous, ordinary c                       |              26.13 |            7.06 |             5.08 | edu packcorp #1                                   
 able         | Central, general calculations ought to pay issues. Charts resume already new years. Years celebrate. Now other members get. Likely offices guess much about a restaurants. Below grey states see unexpec |               9.84 |            1.69 |             3.79 | maximaxi #1                                       
 able         | Central levels stay. Things may encourage                                                                                                                                                                |              23.95 |            4.96 |             3.02 | brandunivamalg #3                                 
 able         | Certa                                                                                                                                                                                                    | 27.060000000000002 |            3.05 |             1.43 | exportischolar #2                                 
 able         | Certain, long places shall not sit therefore however rural fa                                                                                                                                            |               7.21 |             9.2 |             2.15 | corpunivamalg #1                                  
 able         | Certainly natural groups used to go different, new years. More sure papers say that early, constant hands. Words used to lan                                                                             |              13.47 |            8.89 |             1.77 | exportiamalg #1                                   
 able         | Certain matters must say however doors. Eligible, positive men would make perhaps. Good, pretty children grow on a doors. Today hot industries                                                           |              16.03 |             6.6 |             2.83 | exportiamalg #1                                   
 able         | Certain situations should drive better super, central drinks. Cars join in the hours. Clearly representative points may not try nevertheless other marri                                                 |               0.98 |            2.24 |                1 | amalgnameless #5                                  
 able         | Certain workers may take there for the youngsters; perfectly african details replace germans. Cells doubt then bonds. Clearly educationa                                                                 |              13.77 |            5.03 |             0.85 | amalgnameless #7                                  
 able         | Changes look fortunately matters. Colours accept again original vehicles. Unfortu                                                                                                                        |              11.82 |            1.44 |             0.77 | edu packmaxi #12                                  
 able         | Changes may bring never supposed, political countries; available, remote numbers lie since now able earnings. However wild levels make of course constantly open clothes. Wrong minutes                  |              21.63 |            1.66 |             0.36 | importomaxi #1                                    
 able         | Changes should replace in a pla                                                                                                                                                                          |               21.3 |            4.61 |             0.34 | exportiamalg #1                                   
 able         | Changes will think very comfortable passengers. Substantial cultures see over a americans. I                                                                                                             |              13.21 |            1.27 |             0.54 | importoedu pack #1                                
 able         | Changing, only birds may investigate well bodies. Grounds hear at least federal words. Insufficient businesses discuss cells. Much efficient offices understand with a cheeks. Cons                      |               2.79 |            3.08 |             2.11 | importocorp #7                                    
 able         | Chief, aver                                                                                                                                                                                              |               4.16 |            8.15 |             7.09 | brandmaxi #7                                      
 able         | Children might mean now in a                                                                                                                                                                             |               1.69 |            3.24 |             0.97 | amalgamalgamalg #12                               
 able         | Children ought to think moreover rather yellow years.                                                                                                                                                    | 24.380000000000003 |            0.24 |             0.24 | edu packcorp #4                                   
 able         | Chips record smooth                                                                                                                                                                                      |               3.01 |            8.53 |             2.55 | exporticorp #7                                    
 able         | Churches get. Simply electric weaknesses become never. Future parties die most; boys meet meals. Common categories might n                                                                               |              20.16 |             1.3 |              0.4 | importonameless #9                                
 able         | Circumstances use virtually in a police. Cruel ser                                                                                                                                                       |  9.989999999999998 |            0.34 |             0.12 | importounivamalg #5                               
(100 rows)

UPDATE time_statistics SET e_time = TRANSACTION_TIMESTAMP() WHERE template = 'query65.tpl' AND stream = 8;
psql:/tmp/s1-basline/throughput/query_8.sql:2026: NOTICE:  duration: 0.077 ms  plan:
Query Text: UPDATE time_statistics SET e_time = TRANSACTION_TIMESTAMP() WHERE template = 'query65.tpl' AND stream = 8;
Update on time_statistics  (cost=0.00..14.47 rows=0 width=0) (actual time=0.077..0.077 rows=0 loops=1)
  ->  Seq Scan on time_statistics  (cost=0.00..14.47 rows=1 width=14) (actual time=0.062..0.062 rows=1 loops=1)
        Filter: ((template = 'query65.tpl'::text) AND (stream = 8))
        Rows Removed by Filter: 458
UPDATE 1
LOAD 'auto_explain'; SET auto_explain.log_min_duration TO 0; SET auto_explain.log_analyze TO on; SET auto_explain.log_level TO notice; INSERT INTO time_statistics (template, s_time, stream, query, seed) VALUES ('query51.tpl', TRANSACTION_TIMESTAMP(), 8, 34, 33673217);
LOAD
SET
SET
SET
psql:/tmp/s1-basline/throughput/query_8.sql:2027: NOTICE:  duration: 0.008 ms  plan:
Query Text: INSERT INTO time_statistics (template, s_time, stream, query, seed) VALUES ('query51.tpl', TRANSACTION_TIMESTAMP(), 8, 34, 33673217);
Insert on time_statistics  (cost=0.00..0.01 rows=0 width=0) (actual time=0.008..0.008 rows=0 loops=1)
  ->  Result  (cost=0.00..0.01 rows=1 width=64) (actual time=0.001..0.001 rows=1 loops=1)
INSERT 0 1
WITH web_v1 as (
select
  ws_item_sk item_sk, d_date,
  sum(sum(ws_sales_price))
      over (partition by ws_item_sk order by d_date rows between unbounded preceding and current row) cume_sales
from web_sales
    ,date_dim
where ws_sold_date_sk=d_date_sk
  and d_month_seq between 1201 and 1201+11
  and ws_item_sk is not NULL
group by ws_item_sk, d_date),
store_v1 as (
select
  ss_item_sk item_sk, d_date,
  sum(sum(ss_sales_price))
      over (partition by ss_item_sk order by d_date rows between unbounded preceding and current row) cume_sales
from store_sales
    ,date_dim
where ss_sold_date_sk=d_date_sk
  and d_month_seq between 1201 and 1201+11
  and ss_item_sk is not NULL
group by ss_item_sk, d_date)
 select  *
from (select item_sk
     ,d_date
     ,web_sales
     ,store_sales
     ,max(web_sales)
         over (partition by item_sk order by d_date rows between unbounded preceding and current row) web_cumulative
     ,max(store_sales)
         over (partition by item_sk order by d_date rows between unbounded preceding and current row) store_cumulative
     from (select case when web.item_sk is not null then web.item_sk else store.item_sk end item_sk
                 ,case when web.d_date is not null then web.d_date else store.d_date end d_date
                 ,web.cume_sales web_sales
                 ,store.cume_sales store_sales
           from web_v1 web full outer join store_v1 store on (web.item_sk = store.item_sk
                                                          and web.d_date = store.d_date)
          )x )y
where web_cumulative > store_cumulative
order by item_sk
        ,d_date
limit 100;
psql:/tmp/s1-basline/throughput/query_8.sql:2069: NOTICE:  duration: 1421.645 ms  plan:
Query Text: WITH web_v1 as (
select
  ws_item_sk item_sk, d_date,
  sum(sum(ws_sales_price))
      over (partition by ws_item_sk order by d_date rows between unbounded preceding and current row) cume_sales
from web_sales
    ,date_dim
where ws_sold_date_sk=d_date_sk
  and d_month_seq between 1201 and 1201+11
  and ws_item_sk is not NULL
group by ws_item_sk, d_date),
store_v1 as (
select
  ss_item_sk item_sk, d_date,
  sum(sum(ss_sales_price))
      over (partition by ss_item_sk order by d_date rows between unbounded preceding and current row) cume_sales
from store_sales
    ,date_dim
where ss_sold_date_sk=d_date_sk
  and d_month_seq between 1201 and 1201+11
  and ss_item_sk is not NULL
group by ss_item_sk, d_date)
 select  *
from (select item_sk
     ,d_date
     ,web_sales
     ,store_sales
     ,max(web_sales)
         over (partition by item_sk order by d_date rows between unbounded preceding and current row) web_cumulative
     ,max(store_sales)
         over (partition by item_sk order by d_date rows between unbounded preceding and current row) store_cumulative
     from (select case when web.item_sk is not null then web.item_sk else store.item_sk end item_sk
                 ,case when web.d_date is not null then web.d_date else store.d_date end d_date
                 ,web.cume_sales web_sales
                 ,store.cume_sales store_sales
           from web_v1 web full outer join store_v1 store on (web.item_sk = store.item_sk
                                                          and web.d_date = store.d_date)
          )x )y
where web_cumulative > store_cumulative
order by item_sk
        ,d_date
limit 100;
Limit  (cost=130104.55..130115.05 rows=100 width=44) (actual time=1363.747..1421.578 rows=100 loops=1)
  ->  Subquery Scan on y  (cost=130104.55..130565.01 rows=4385 width=44) (actual time=1363.746..1421.570 rows=100 loops=1)
        Filter: (y.web_cumulative > y.store_cumulative)
        Rows Removed by Filter: 2625
        ->  WindowAgg  (cost=130104.55..130400.56 rows=13156 width=44) (actual time=1363.673..1421.440 rows=2725 loops=1)
              ->  Sort  (cost=130104.55..130137.44 rows=13156 width=28) (actual time=1363.662..1420.377 rows=2726 loops=1)
                    Sort Key: (CASE WHEN (web_sales.ws_item_sk IS NOT NULL) THEN web_sales.ws_item_sk ELSE store_sales.ss_item_sk END), (CASE WHEN (date_dim.d_date IS NOT NULL) THEN date_dim.d_date ELSE date_dim_1.d_date END)
                    Sort Method: external merge  Disk: 20200kB
                    ->  Merge Full Join  (cost=126649.11..129204.46 rows=13156 width=28) (actual time=496.911..1285.175 rows=600715 loops=1)
                          Merge Cond: ((web_sales.ws_item_sk = store_sales.ss_item_sk) AND (date_dim.d_date = date_dim_1.d_date))
                          ->  WindowAgg  (cost=34142.26..34618.14 rows=3442 width=20) (actual time=125.649..274.463 rows=137708 loops=1)
                                ->  Finalize GroupAggregate  (cost=34142.26..34557.91 rows=3442 width=20) (actual time=125.642..216.173 rows=137708 loops=1)
                                      Group Key: web_sales.ws_item_sk, date_dim.d_date
                                      ->  Gather Merge  (cost=34142.26..34501.98 rows=2868 width=20) (actual time=125.637..179.976 rows=139926 loops=1)
                                            Workers Planned: 2
                                            Workers Launched: 2
                                            ->  Partial GroupAggregate  (cost=33142.24..33170.92 rows=1434 width=20) (actual time=115.906..137.267 rows=46642 loops=3)
                                                  Group Key: web_sales.ws_item_sk, date_dim.d_date
                                                  ->  Sort  (cost=33142.24..33145.82 rows=1434 width=20) (actual time=115.898..121.129 rows=47157 loops=3)
                                                        Sort Key: web_sales.ws_item_sk, date_dim.d_date
                                                        Sort Method: quicksort  Memory: 7609kB
                                                        Worker 0:  Sort Method: quicksort  Memory: 3660kB
                                                        Worker 1:  Sort Method: quicksort  Memory: 3718kB
                                                        ->  Hash Join  (cost=2505.08..33067.05 rows=1434 width=20) (actual time=12.817..100.728 rows=47157 loops=3)
                                                              Hash Cond: (web_sales.ws_sold_date_sk = date_dim.d_date_sk)
                                                              ->  Parallel Seq Scan on web_sales  (cost=0.00..29771.63 rows=301063 width=24) (actual time=0.019..63.378 rows=237185 loops=3)
                                                                    Filter: (ws_item_sk IS NOT NULL)
                                                              ->  Hash  (cost=2500.73..2500.73 rows=348 width=12) (actual time=12.746..12.747 rows=366 loops=3)
                                                                    Buckets: 1024  Batches: 1  Memory Usage: 26kB
                                                                    ->  Seq Scan on date_dim  (cost=0.00..2500.73 rows=348 width=12) (actual time=6.008..12.696 rows=366 loops=3)
                                                                          Filter: ((d_month_seq >= 1201) AND (d_month_seq <= 1212))
                                                                          Rows Removed by Filter: 72683
                          ->  WindowAgg  (cost=92506.85..94326.02 rows=13156 width=20) (actual time=371.257..915.924 rows=489018 loops=1)
                                ->  Finalize GroupAggregate  (cost=92506.85..94095.79 rows=13156 width=20) (actual time=371.250..716.296 rows=489018 loops=1)
                                      Group Key: store_sales.ss_item_sk, date_dim_1.d_date
                                      ->  Gather Merge  (cost=92506.85..93882.00 rows=10964 width=20) (actual time=371.245..592.600 rows=523879 loops=1)
                                            Workers Planned: 2
                                            Workers Launched: 2
                                            ->  Partial GroupAggregate  (cost=91506.82..91616.46 rows=5482 width=20) (actual time=354.633..430.404 rows=174626 loops=3)
                                                  Group Key: store_sales.ss_item_sk, date_dim_1.d_date
                                                  ->  Sort  (cost=91506.82..91520.53 rows=5482 width=20) (actual time=354.625..368.113 rows=180976 loops=3)
                                                        Sort Key: store_sales.ss_item_sk, date_dim_1.d_date
                                                        Sort Method: external merge  Disk: 6560kB
                                                        Worker 0:  Sort Method: quicksort  Memory: 15184kB
                                                        Worker 1:  Sort Method: quicksort  Memory: 15231kB
                                                        ->  Hash Join  (cost=2505.08..91166.38 rows=5482 width=20) (actual time=14.123..278.769 rows=180976 loops=3)
                                                              Hash Cond: (store_sales.ss_sold_date_sk = date_dim_1.d_date_sk)
                                                              ->  Parallel Seq Scan on store_sales  (cost=0.00..85499.45 rows=1204445 width=24) (actual time=0.016..178.019 rows=948150 loops=3)
                                                                    Filter: (ss_item_sk IS NOT NULL)
                                                              ->  Hash  (cost=2500.73..2500.73 rows=348 width=12) (actual time=14.065..14.066 rows=366 loops=3)
                                                                    Buckets: 1024  Batches: 1  Memory Usage: 26kB
                                                                    ->  Seq Scan on date_dim date_dim_1  (cost=0.00..2500.73 rows=348 width=12) (actual time=6.620..14.015 rows=366 loops=3)
                                                                          Filter: ((d_month_seq >= 1201) AND (d_month_seq <= 1212))
                                                                          Rows Removed by Filter: 72683
 item_sk |   d_date   |     web_sales      |    store_sales     |   web_cumulative   |  store_cumulative  
---------+------------+--------------------+--------------------+--------------------+--------------------
       3 | 2001-01-08 |                    |               7.83 | 189.67000000000002 |               7.83
       3 | 2001-01-11 |             194.55 |                    |             194.55 |               7.83
       3 | 2001-01-17 |                    |               43.9 |             194.55 |               43.9
       3 | 2001-01-29 |                    |              69.12 |             194.55 |              69.12
       3 | 2001-01-30 |                    |  75.13000000000001 |             194.55 |  75.13000000000001
       7 | 2000-03-16 |             147.81 |                    |             147.81 | 123.95000000000002
       7 | 2000-03-26 |                    |              141.4 |             147.81 |              141.4
      11 | 2000-02-20 |                    |              29.79 |              82.85 |              29.79
      11 | 2000-02-21 |                    |              30.23 |              82.85 |              30.23
      17 | 2000-02-27 |                    |               75.5 |                184 |               75.5
      17 | 2000-03-07 |                    |              85.69 |                184 |              85.69
      17 | 2000-04-03 |                    |              93.05 |                184 |              93.05
      17 | 2000-04-10 |                    |             121.31 |                184 |             121.31
      17 | 2000-04-24 |                    |             160.46 |                184 |             160.46
      17 | 2000-04-28 |              249.3 |                166 |              249.3 |                166
      17 | 2000-04-30 |                    |              199.1 |              249.3 |              199.1
      19 | 2000-02-07 |              96.21 |                    |              96.21 |              14.27
      19 | 2000-02-11 |                    |  85.86999999999999 |              96.21 |  85.86999999999999
      19 | 2000-03-15 | 256.66999999999996 |                    | 256.66999999999996 | 204.45999999999998
      19 | 2000-03-20 | 340.10999999999996 |                    | 340.10999999999996 |             263.69
      19 | 2000-03-24 |                    |              276.2 | 340.10999999999996 |              276.2
      19 | 2000-03-26 |                    |             287.26 | 340.10999999999996 |             287.26
      19 | 2000-03-29 |                    |             289.57 | 340.10999999999996 |             289.57
      19 | 2000-04-22 | 456.44999999999993 |                    | 456.44999999999993 | 429.79999999999995
      21 | 2001-01-23 |              81.25 |                    |              81.25 |              31.39
      21 | 2001-01-24 |                    | 50.480000000000004 |              81.25 | 50.480000000000004
      26 | 2000-02-01 |              62.65 |               38.2 |              62.65 |               38.2
      27 | 2000-09-05 |              94.81 |                    |              94.81 |               6.06
      27 | 2000-11-09 |             122.04 |             118.86 |             122.04 |             118.86
      27 | 2001-01-14 | 140.64000000000001 |                    | 140.64000000000001 |             118.86
      27 | 2001-01-29 |             360.28 |                    |             360.28 |             297.34
      32 | 2000-02-06 |                    |               1.65 |              20.13 |               1.65
      32 | 2000-08-03 |  618.4399999999999 |                    |  618.4399999999999 |              602.5
      32 | 2000-08-09 |  665.2299999999999 |                    |  665.2299999999999 |              629.9
      32 | 2000-08-14 |                    |             634.43 |  665.2299999999999 |             634.43
      32 | 2000-09-13 |  712.0099999999999 |                    |  712.0099999999999 |  695.6899999999999
      32 | 2000-09-26 |  776.5699999999999 |                    |  776.5699999999999 |  715.7399999999999
      32 | 2000-10-04 |                    |  734.1999999999999 |  776.5699999999999 |  734.1999999999999
      33 | 2001-01-03 |              36.14 |                    |              36.14 |              22.21
      35 | 2000-03-16 |              95.94 |                    |              95.94 |               9.09
      35 | 2000-03-22 |              97.22 |                    |              97.22 |               9.09
      35 | 2000-03-26 |                    |              81.67 |              97.22 |              81.67
      35 | 2000-03-30 |                    |  84.21000000000001 |              97.22 |  84.21000000000001
      35 | 2000-03-31 |                    |  89.39000000000001 |              97.22 |  89.39000000000001
      35 | 2000-04-20 |             283.39 |                    |             283.39 | 243.72000000000003
      37 | 2000-02-29 |                    |              30.52 |             171.78 |              30.52
      37 | 2000-03-05 |                    |              32.68 |             171.78 |              32.68
      37 | 2000-03-12 |             253.44 |                    |             253.44 |              32.68
      37 | 2000-03-29 |                    |  93.02000000000001 |             253.44 |  93.02000000000001
      37 | 2000-04-02 |                    |  95.88000000000001 |             253.44 |  95.88000000000001
      37 | 2000-04-08 |                    |             145.07 |             253.44 |             145.07
      37 | 2000-04-19 |                    | 147.82999999999998 |             253.44 | 147.82999999999998
      37 | 2000-05-02 |             370.78 |                    |             370.78 | 147.82999999999998
      37 | 2000-05-03 |                    | 234.70999999999998 |             370.78 | 234.70999999999998
      37 | 2000-05-04 |                    | 234.70999999999998 |             370.78 | 234.70999999999998
      37 | 2000-05-21 |                    |              302.2 |             370.78 |              302.2
      37 | 2000-05-25 |                    |             366.34 |             370.78 |             366.34
      50 | 2000-02-09 |              93.82 |               0.28 |              93.82 |               0.28
      51 | 2001-01-16 |                    |              20.69 |             123.61 |              20.69
      51 | 2001-01-24 |                    |              85.91 |             123.61 |              85.91
      55 | 2000-04-17 |             277.08 |                    |             277.08 | 233.73000000000002
      55 | 2000-04-18 |                    |             273.41 |             277.08 |             273.41
      55 | 2000-05-05 |             322.01 |                    |             322.01 |             273.41
      59 | 2000-02-09 |                    |               6.88 |             103.71 |               6.88
      59 | 2000-02-16 |                    |              64.47 |             103.71 |              64.47
      59 | 2000-03-05 |              166.6 |                    |              166.6 |             144.18
      59 | 2000-03-07 |                    |             158.87 |              166.6 |             158.87
      59 | 2000-03-16 |             167.23 |                    |             167.23 |             158.87
      59 | 2000-05-06 |             370.07 |             339.66 |             370.07 |             339.66
      59 | 2000-05-07 |                    |             339.66 |             370.07 |             339.66
      59 | 2000-05-11 |              384.2 |                    |              384.2 |             339.66
      59 | 2000-05-12 |                    |             343.05 |              384.2 |             343.05
      61 | 2000-02-09 |                    |              10.21 |              59.03 |              10.21
      61 | 2000-02-12 |                    |              43.82 |              59.03 |              43.82
      61 | 2000-03-03 |              60.89 |                    |              60.89 |              43.82
      61 | 2000-03-10 |  81.63000000000001 |                    |  81.63000000000001 |              79.84
      62 | 2000-03-05 |              49.69 |                    |              49.69 |              10.16
      62 | 2000-03-16 |                    |               46.2 |              49.69 |               46.2
      62 | 2000-03-27 |                    |              48.89 |              49.69 |              48.89
      68 | 2000-02-11 |                    |               4.62 |             128.55 |               4.62
      68 | 2000-02-13 |                    |              11.48 |             128.55 |              11.48
      68 | 2000-02-19 |                    |              12.35 |             128.55 |              12.35
      68 | 2000-02-20 |                    | 48.870000000000005 |             128.55 | 48.870000000000005
      68 | 2000-03-02 |             134.53 |                    |             134.53 | 48.870000000000005
      68 | 2000-03-17 |                    |             109.48 |             134.53 |             109.48
      68 | 2000-03-22 |             141.06 |                    |             141.06 |             109.48
      68 | 2000-03-23 |                    |             129.21 |             141.06 |             129.21
      68 | 2000-03-30 |                    |             133.74 |             141.06 |             133.74
      75 | 2000-11-09 |              62.08 |                    |              62.08 |               3.66
      75 | 2001-01-01 |                    |              47.95 |              62.08 |              47.95
      75 | 2001-01-18 |             122.22 |                    |             122.22 |             107.03
      75 | 2001-01-21 |                202 |                    |                202 |             107.03
      75 | 2001-01-23 |                    |              144.7 |                202 |              144.7
      75 | 2001-01-24 |                    |             173.85 |                202 |             173.85
      80 | 2000-02-04 |                    |              18.36 |              63.59 |              18.36
      80 | 2000-03-05 |                    |              27.33 |              63.59 |              27.33
      80 | 2000-04-22 |             174.99 |                    |             174.99 |              66.27
      80 | 2000-04-24 |                    |              98.55 |             174.99 |              98.55
      80 | 2000-04-25 |                    |             143.67 |             174.99 |             143.67
      80 | 2000-05-08 |                    | 150.48999999999998 |             174.99 | 150.48999999999998
(100 rows)

UPDATE time_statistics SET e_time = TRANSACTION_TIMESTAMP() WHERE template = 'query51.tpl' AND stream = 8;
psql:/tmp/s1-basline/throughput/query_8.sql:2071: NOTICE:  duration: 0.084 ms  plan:
Query Text: UPDATE time_statistics SET e_time = TRANSACTION_TIMESTAMP() WHERE template = 'query51.tpl' AND stream = 8;
Update on time_statistics  (cost=0.00..14.47 rows=0 width=0) (actual time=0.083..0.084 rows=0 loops=1)
  ->  Seq Scan on time_statistics  (cost=0.00..14.47 rows=1 width=14) (actual time=0.069..0.069 rows=1 loops=1)
        Filter: ((template = 'query51.tpl'::text) AND (stream = 8))
        Rows Removed by Filter: 459
UPDATE 1
LOAD 'auto_explain'; SET auto_explain.log_min_duration TO 0; SET auto_explain.log_analyze TO on; SET auto_explain.log_level TO notice; INSERT INTO time_statistics (template, s_time, stream, query, seed) VALUES ('query78.tpl', TRANSACTION_TIMESTAMP(), 8, 35, 1039048933);
LOAD
SET
SET
SET
psql:/tmp/s1-basline/throughput/query_8.sql:2072: NOTICE:  duration: 0.009 ms  plan:
Query Text: INSERT INTO time_statistics (template, s_time, stream, query, seed) VALUES ('query78.tpl', TRANSACTION_TIMESTAMP(), 8, 35, 1039048933);
Insert on time_statistics  (cost=0.00..0.01 rows=0 width=0) (actual time=0.009..0.009 rows=0 loops=1)
  ->  Result  (cost=0.00..0.01 rows=1 width=64) (actual time=0.001..0.002 rows=1 loops=1)
INSERT 0 1
with ws as
  (select d_year AS ws_sold_year, ws_item_sk,
    ws_bill_customer_sk ws_customer_sk,
    sum(ws_quantity) ws_qty,
    sum(ws_wholesale_cost) ws_wc,
    sum(ws_sales_price) ws_sp
   from web_sales
   left join web_returns on wr_order_number=ws_order_number and ws_item_sk=wr_item_sk
   join date_dim on ws_sold_date_sk = d_date_sk
   where wr_order_number is null
   group by d_year, ws_item_sk, ws_bill_customer_sk
   ),
cs as
  (select d_year AS cs_sold_year, cs_item_sk,
    cs_bill_customer_sk cs_customer_sk,
    sum(cs_quantity) cs_qty,
    sum(cs_wholesale_cost) cs_wc,
    sum(cs_sales_price) cs_sp
   from catalog_sales
   left join catalog_returns on cr_order_number=cs_order_number and cs_item_sk=cr_item_sk
   join date_dim on cs_sold_date_sk = d_date_sk
   where cr_order_number is null
   group by d_year, cs_item_sk, cs_bill_customer_sk
   ),
ss as
  (select d_year AS ss_sold_year, ss_item_sk,
    ss_customer_sk,
    sum(ss_quantity) ss_qty,
    sum(ss_wholesale_cost) ss_wc,
    sum(ss_sales_price) ss_sp
   from store_sales
   left join store_returns on sr_ticket_number=ss_ticket_number and ss_item_sk=sr_item_sk
   join date_dim on ss_sold_date_sk = d_date_sk
   where sr_ticket_number is null
   group by d_year, ss_item_sk, ss_customer_sk
   )
 select 
ss_customer_sk,
round(ss_qty/(coalesce(ws_qty,0)+coalesce(cs_qty,0)),2) ratio,
ss_qty store_qty, ss_wc store_wholesale_cost, ss_sp store_sales_price,
coalesce(ws_qty,0)+coalesce(cs_qty,0) other_chan_qty,
coalesce(ws_wc,0)+coalesce(cs_wc,0) other_chan_wholesale_cost,
coalesce(ws_sp,0)+coalesce(cs_sp,0) other_chan_sales_price
from ss
left join ws on (ws_sold_year=ss_sold_year and ws_item_sk=ss_item_sk and ws_customer_sk=ss_customer_sk)
left join cs on (cs_sold_year=ss_sold_year and cs_item_sk=ss_item_sk and cs_customer_sk=ss_customer_sk)
where (coalesce(ws_qty,0)>0 or coalesce(cs_qty, 0)>0) and ss_sold_year=2001
order by 
  ss_customer_sk,
  ss_qty desc, ss_wc desc, ss_sp desc,
  other_chan_qty,
  other_chan_wholesale_cost,
  other_chan_sales_price,
  ratio
limit 100;
psql:/tmp/s1-basline/throughput/query_8.sql:2127: NOTICE:  duration: 2962.461 ms  plan:
Query Text: with ws as
  (select d_year AS ws_sold_year, ws_item_sk,
    ws_bill_customer_sk ws_customer_sk,
    sum(ws_quantity) ws_qty,
    sum(ws_wholesale_cost) ws_wc,
    sum(ws_sales_price) ws_sp
   from web_sales
   left join web_returns on wr_order_number=ws_order_number and ws_item_sk=wr_item_sk
   join date_dim on ws_sold_date_sk = d_date_sk
   where wr_order_number is null
   group by d_year, ws_item_sk, ws_bill_customer_sk
   ),
cs as
  (select d_year AS cs_sold_year, cs_item_sk,
    cs_bill_customer_sk cs_customer_sk,
    sum(cs_quantity) cs_qty,
    sum(cs_wholesale_cost) cs_wc,
    sum(cs_sales_price) cs_sp
   from catalog_sales
   left join catalog_returns on cr_order_number=cs_order_number and cs_item_sk=cr_item_sk
   join date_dim on cs_sold_date_sk = d_date_sk
   where cr_order_number is null
   group by d_year, cs_item_sk, cs_bill_customer_sk
   ),
ss as
  (select d_year AS ss_sold_year, ss_item_sk,
    ss_customer_sk,
    sum(ss_quantity) ss_qty,
    sum(ss_wholesale_cost) ss_wc,
    sum(ss_sales_price) ss_sp
   from store_sales
   left join store_returns on sr_ticket_number=ss_ticket_number and ss_item_sk=sr_item_sk
   join date_dim on ss_sold_date_sk = d_date_sk
   where sr_ticket_number is null
   group by d_year, ss_item_sk, ss_customer_sk
   )
 select 
ss_customer_sk,
round(ss_qty/(coalesce(ws_qty,0)+coalesce(cs_qty,0)),2) ratio,
ss_qty store_qty, ss_wc store_wholesale_cost, ss_sp store_sales_price,
coalesce(ws_qty,0)+coalesce(cs_qty,0) other_chan_qty,
coalesce(ws_wc,0)+coalesce(cs_wc,0) other_chan_wholesale_cost,
coalesce(ws_sp,0)+coalesce(cs_sp,0) other_chan_sales_price
from ss
left join ws on (ws_sold_year=ss_sold_year and ws_item_sk=ss_item_sk and ws_customer_sk=ss_customer_sk)
left join cs on (cs_sold_year=ss_sold_year and cs_item_sk=ss_item_sk and cs_customer_sk=ss_customer_sk)
where (coalesce(ws_qty,0)>0 or coalesce(cs_qty, 0)>0) and ss_sold_year=2001
order by 
  ss_customer_sk,
  ss_qty desc, ss_wc desc, ss_sp desc,
  other_chan_qty,
  other_chan_wholesale_cost,
  other_chan_sales_price,
  ratio
limit 100;
Limit  (cost=154317.34..154317.59 rows=100 width=88) (actual time=2962.116..2962.374 rows=100 loops=1)
  ->  Sort  (cost=154317.34..154317.71 rows=151 width=88) (actual time=2962.115..2962.366 rows=100 loops=1)
        Sort Key: store_sales.ss_customer_sk, (sum(store_sales.ss_quantity)) DESC, (sum(store_sales.ss_wholesale_cost)) DESC, (sum(store_sales.ss_sales_price)) DESC, ((COALESCE((sum(web_sales.ws_quantity)), '0'::bigint) + COALESCE(cs.cs_qty, '0'::bigint))), ((COALESCE((sum(web_sales.ws_wholesale_cost)), '0'::double precision) + COALESCE(cs.cs_wc, '0'::double precision))), ((COALESCE((sum(web_sales.ws_sales_price)), '0'::double precision) + COALESCE(cs.cs_sp, '0'::double precision))), (round((((sum(store_sales.ss_quantity)) / (COALESCE((sum(web_sales.ws_quantity)), '0'::bigint) + COALESCE(cs.cs_qty, '0'::bigint))))::numeric, 2))
        Sort Method: quicksort  Memory: 51kB
        ->  Merge Left Join  (cost=154299.12..154311.87 rows=151 width=88) (actual time=2777.620..2962.305 rows=188 loops=1)
              Merge Cond: ((store_sales.ss_customer_sk = cs.cs_customer_sk) AND (store_sales.ss_item_sk = cs.cs_item_sk))
              Join Filter: (cs.cs_sold_year = date_dim.d_year)
              Filter: ((COALESCE((sum(web_sales.ws_quantity)), '0'::bigint) > 0) OR (COALESCE(cs.cs_qty, '0'::bigint) > 0))
              Rows Removed by Filter: 481359
              ->  Sort  (cost=129415.95..129416.62 rows=271 width=68) (actual time=1778.672..1849.649 rows=481547 loops=1)
                    Sort Key: store_sales.ss_customer_sk, store_sales.ss_item_sk
                    Sort Method: external merge  Disk: 30872kB
                    ->  Merge Left Join  (cost=129153.59..129404.99 rows=271 width=68) (actual time=997.271..1538.706 rows=481547 loops=1)
                          Merge Cond: ((store_sales.ss_item_sk = web_sales.ws_item_sk) AND (store_sales.ss_customer_sk = web_sales.ws_bill_customer_sk))
                          Join Filter: (date_dim_1.d_year = date_dim.d_year)
                          ->  Finalize GroupAggregate  (cost=94577.11..94612.40 rows=271 width=44) (actual time=779.762..1114.514 rows=481547 loops=1)
                                Group Key: date_dim.d_year, store_sales.ss_item_sk, store_sales.ss_customer_sk
                                ->  Gather Merge  (cost=94577.11..94606.30 rows=226 width=44) (actual time=779.755..957.955 rows=484464 loops=1)
                                      Workers Planned: 2
                                      Workers Launched: 2
                                      ->  Partial GroupAggregate  (cost=93577.08..93580.19 rows=113 width=44) (actual time=769.165..857.800 rows=161488 loops=3)
                                            Group Key: date_dim.d_year, store_sales.ss_item_sk, store_sales.ss_customer_sk
                                            ->  Sort  (cost=93577.08..93577.37 rows=113 width=40) (actual time=769.155..784.507 rows=162205 loops=3)
                                                  Sort Key: store_sales.ss_item_sk, store_sales.ss_customer_sk
                                                  Sort Method: external merge  Disk: 10336kB
                                                  Worker 0:  Sort Method: external merge  Disk: 8456kB
                                                  Worker 1:  Sort Method: external merge  Disk: 8480kB
                                                  ->  Nested Loop Anti Join  (cost=2323.07..93573.23 rows=113 width=40) (actual time=14.242..671.168 rows=162205 loops=3)
                                                        ->  Hash Join  (cost=2322.65..90983.94 rows=5718 width=48) (actual time=14.182..283.320 rows=180059 loops=3)
                                                              Hash Cond: (store_sales.ss_sold_date_sk = date_dim.d_date_sk)
                                                              ->  Parallel Seq Scan on store_sales  (cost=0.00..85499.45 rows=1204445 width=52) (actual time=0.015..128.202 rows=948150 loops=3)
                                                              ->  Hash  (cost=2318.11..2318.11 rows=363 width=12) (actual time=14.122..14.123 rows=365 loops=3)
                                                                    Buckets: 1024  Batches: 1  Memory Usage: 26kB
                                                                    ->  Seq Scan on date_dim  (cost=0.00..2318.11 rows=363 width=12) (actual time=6.983..14.073 rows=365 loops=3)
                                                                          Filter: (d_year = 2001)
                                                                          Rows Removed by Filter: 72684
                                                        ->  Index Only Scan using pk_store_returns on store_returns  (cost=0.42..0.44 rows=1 width=16) (actual time=0.002..0.002 rows=0 loops=540176)
                                                              Index Cond: ((sr_item_sk = store_sales.ss_item_sk) AND (sr_ticket_number = store_sales.ss_ticket_number))
                                                              Heap Fetches: 21570
                          ->  Materialize  (cost=34576.48..34781.22 rows=1436 width=44) (actual time=217.505..345.278 rows=127541 loops=1)
                                ->  Finalize GroupAggregate  (cost=34576.48..34763.27 rows=1436 width=44) (actual time=217.501..311.886 rows=127541 loops=1)
                                      Group Key: date_dim_1.d_year, web_sales.ws_item_sk, web_sales.ws_bill_customer_sk
                                      ->  Gather Merge  (cost=34576.48..34730.97 rows=1196 width=44) (actual time=217.496..268.954 rows=127548 loops=1)
                                            Workers Planned: 2
                                            Workers Launched: 2
                                            ->  Partial GroupAggregate  (cost=33576.46..33592.90 rows=598 width=44) (actual time=210.737..233.966 rows=42516 loops=3)
                                                  Group Key: date_dim_1.d_year, web_sales.ws_item_sk, web_sales.ws_bill_customer_sk
                                                  ->  Sort  (cost=33576.46..33577.95 rows=598 width=40) (actual time=210.728..214.626 rows=42516 loops=3)
                                                        Sort Key: web_sales.ws_item_sk, web_sales.ws_bill_customer_sk
                                                        Sort Method: quicksort  Memory: 6069kB
                                                        Worker 0:  Sort Method: quicksort  Memory: 4737kB
                                                        Worker 1:  Sort Method: quicksort  Memory: 4765kB
                                                        ->  Nested Loop Anti Join  (cost=2323.07..33548.88 rows=598 width=40) (actual time=14.332..192.584 rows=42516 loops=3)
                                                              ->  Hash Join  (cost=2322.65..32884.62 rows=1496 width=48) (actual time=14.282..98.159 rows=47145 loops=3)
                                                                    Hash Cond: (web_sales.ws_sold_date_sk = date_dim_1.d_date_sk)
                                                                    ->  Parallel Seq Scan on web_sales  (cost=0.00..29771.63 rows=301063 width=52) (actual time=0.018..46.095 rows=237185 loops=3)
                                                                    ->  Hash  (cost=2318.11..2318.11 rows=363 width=12) (actual time=14.205..14.206 rows=365 loops=3)
                                                                          Buckets: 1024  Batches: 1  Memory Usage: 26kB
                                                                          ->  Seq Scan on date_dim date_dim_1  (cost=0.00..2318.11 rows=363 width=12) (actual time=6.976..14.149 rows=365 loops=3)
                                                                                Filter: (d_year = 2001)
                                                                                Rows Removed by Filter: 72684
                                                              ->  Index Only Scan using pk_web_returns on web_returns  (cost=0.42..0.44 rows=1 width=16) (actual time=0.002..0.002 rows=0 loops=141435)
                                                                    Index Cond: ((wr_item_sk = web_sales.ws_item_sk) AND (wr_order_number = web_sales.ws_order_number))
                                                                    Heap Fetches: 4499
              ->  Sort  (cost=24883.18..24885.83 rows=1060 width=44) (actual time=997.848..1020.117 rows=251493 loops=1)
                    Sort Key: cs.cs_customer_sk, cs.cs_item_sk
                    Sort Method: external sort  Disk: 15288kB
                    ->  Subquery Scan on cs  (cost=24790.16..24829.91 rows=1060 width=44) (actual time=701.710..848.557 rows=252173 loops=1)
                          ->  GroupAggregate  (cost=24790.16..24819.31 rows=1060 width=44) (actual time=701.708..828.463 rows=252173 loops=1)
                                Group Key: date_dim_2.d_year, catalog_sales.cs_item_sk, catalog_sales.cs_bill_customer_sk
                                ->  Sort  (cost=24790.16..24792.81 rows=1060 width=40) (actual time=701.696..726.032 rows=252230 loops=1)
                                      Sort Key: catalog_sales.cs_item_sk, catalog_sales.cs_bill_customer_sk
                                      Sort Method: external merge  Disk: 14296kB
                                      ->  Nested Loop Anti Join  (cost=0.85..24736.90 rows=1060 width=40) (actual time=4.208..559.045 rows=252230 loops=1)
                                            ->  Nested Loop  (cost=0.43..21531.98 rows=7137 width=48) (actual time=4.197..116.623 rows=279955 loops=1)
                                                  ->  Seq Scan on date_dim date_dim_2  (cost=0.00..2318.11 rows=363 width=12) (actual time=4.173..8.522 rows=365 loops=1)
                                                        Filter: (d_year = 2001)
                                                        Rows Removed by Filter: 72684
                                                  ->  Index Scan using i_cs_sold_date_sk on catalog_sales  (cost=0.43..45.08 rows=785 width=52) (actual time=0.004..0.154 rows=767 loops=365)
                                                        Index Cond: (cs_sold_date_sk = date_dim_2.d_date_sk)
                                            ->  Index Only Scan using pk_catalog_returns on catalog_returns  (cost=0.42..0.44 rows=1 width=16) (actual time=0.001..0.001 rows=0 loops=279955)
                                                  Index Cond: ((cr_item_sk = catalog_sales.cs_item_sk) AND (cr_order_number = catalog_sales.cs_order_number))
                                                  Heap Fetches: 5964
 ss_customer_sk | ratio | store_qty | store_wholesale_cost | store_sales_price | other_chan_qty | other_chan_wholesale_cost | other_chan_sales_price 
----------------+-------+-----------+----------------------+-------------------+----------------+---------------------------+------------------------
            547 |  0.00 |        10 |                56.29 |             51.95 |             53 |                     69.11 |                  40.63
            632 |  2.00 |        47 |                94.33 |             22.28 |             16 |                     50.67 |                   67.1
           1784 |  3.00 |        53 |                71.39 |             104.4 |             17 |                     19.58 |                  40.74
           1816 |  1.00 |        90 |                65.74 |             80.74 |             62 |                     19.51 |                  12.99
           1875 |  1.00 |        43 |                42.57 |                 0 |             28 |                     48.36 |                      0
           2147 |  0.00 |        23 |                45.74 |              5.94 |             93 |                     19.13 |                  23.35
           4197 |  3.00 |        80 |                75.92 |             63.16 |             22 |                     35.04 |                  15.92
           4901 |  0.00 |         4 |                10.34 |              6.06 |             38 |                     12.88 |                  13.26
           4954 |  3.00 |        99 |                90.03 |              3.24 |             25 |                     10.79 |                   2.64
           4990 |  0.00 |        23 |                21.93 |             31.47 |             71 |                     34.45 |                     22
           5807 |  1.00 |        46 |                62.38 |             64.22 |             25 |                      45.4 |                  95.22
           6068 |  0.00 |        17 |                 1.15 |              1.09 |             29 |                      54.6 |                   8.68
           6537 |  0.00 |        60 |                54.98 |             34.27 |             90 |                     42.98 |                   6.38
           7259 |  0.00 |        61 |                24.12 |             22.65 |             64 |                     33.19 |                  40.63
           7837 |  0.00 |        39 |                 1.57 |              1.41 |             68 |                     15.76 |                   9.78
           8995 |  0.00 |        38 |                16.24 |              9.01 |             99 |                     31.24 |                  37.95
          10291 |  0.00 |        10 |                27.48 |             24.64 |             77 |                     45.89 |                  30.72
          10540 |  0.00 |        35 |                41.98 |             15.18 |             97 |                     53.49 |                   1.73
          10617 |  0.00 |         5 |                17.16 |              9.26 |             53 |                     83.59 |                 173.24
          11611 |  0.00 |         7 |                64.48 |             66.15 |             99 |                     25.33 |                  26.87
          12187 |  3.00 |        68 |                46.42 |                 0 |             20 |                     99.33 |                  69.72
          13426 |  1.00 |        99 |                10.87 |               1.9 |             70 |                      94.4 |                 125.55
          13538 |  0.00 |        49 |                41.34 |             23.99 |             81 |                     95.95 |                  41.48
          14162 |  1.00 |        88 |                23.86 |             19.43 |             77 |                     36.23 |                  97.63
          14650 |  3.00 |        75 |                79.55 |             22.76 |             21 |                     71.35 |                 187.38
          14650 | 23.00 |        69 |                87.82 |            163.44 |              3 |                     34.78 |                  30.29
          14884 |  0.00 |        60 |                11.57 |             10.55 |             68 |                     72.46 |                  89.48
          15120 |  0.00 |        45 |                35.09 |              2.29 |             54 |                     29.37 |                  47.52
          15464 |  0.00 |         6 |                75.88 |               1.6 |             92 |                     73.64 |                  70.39
          15964 |  0.00 |        56 |                17.39 |              2.33 |             66 |                      24.4 |                   48.4
          16176 |  0.00 |        35 |                39.45 |             39.83 |             99 |                     40.97 |                  35.99
          16405 |  0.00 |        14 |                13.04 |               1.8 |             59 |                     82.93 |                  40.02
          17343 |  2.00 |        26 |                44.36 |             70.77 |             12 |                     54.25 |                  24.02
          17909 |  0.00 |        39 |                56.87 |             23.33 |             79 |                      20.3 |                  13.65
          18756 |  1.00 |        72 |                 6.41 |              1.63 |             67 |                     22.05 |                  16.82
          18805 |  0.00 |        23 |                74.67 |             58.15 |             38 |                     90.31 |                  66.82
          18859 |  3.00 |        87 |                74.23 |             57.45 |             22 |                     60.97 |                  55.96
          19007 |  1.00 |        99 |                 8.21 |              7.58 |             58 |                      1.76 |                   1.87
          19936 | 18.00 |        18 |                25.77 |             13.05 |              1 |                      9.16 |                  23.16
          21756 |  2.00 |        84 |                  9.6 |              7.92 |             29 |                     73.69 |                  15.15
          21930 |  0.00 |        60 |                84.99 |             99.43 |             75 |                     83.64 |                 228.78
          22638 |  1.00 |        49 |                64.24 |             35.01 |             47 |                     57.02 |                  11.21
          22738 |  0.00 |        18 |                65.36 |             47.18 |             42 |                     95.09 |                  83.86
          22759 |  0.00 |        31 |                64.02 |             40.71 |             97 |                     94.44 |                 233.59
          22815 |  6.00 |        66 |                48.67 |             56.73 |             11 |                     18.08 |                  13.98
          23116 |  0.00 |        58 |                   32 |             51.07 |             81 |                     66.87 |                    2.5
          23352 |  1.00 |        63 |                86.04 |             106.9 |             58 |                     42.96 |                  41.39
          23352 |  0.00 |        10 |                84.33 |             68.38 |             59 |                     86.19 |                  54.06
          24020 |  3.00 |        73 |                 44.8 |             36.04 |             22 |                     26.67 |                  16.67
          24033 |  1.00 |        42 |                77.68 |             26.48 |             40 |                     62.17 |                  89.86
          25329 |  0.00 |        36 |                37.22 |                 5 |             54 |                     15.73 |                  28.43
          26822 |  0.00 |        11 |                73.94 |             109.3 |             70 |                     32.12 |                  58.07
          27650 |  0.00 |        10 |                 2.19 |              0.27 |             29 |                     77.15 |                  31.86
          27925 |  8.00 |        62 |                57.24 |             36.06 |              7 |                      50.4 |                   68.7
          28574 |  0.00 |        73 |                28.09 |              3.23 |             97 |                     31.03 |                  14.53
          30037 |  6.00 |         6 |                99.59 |              36.1 |              1 |                     64.43 |                  22.78
          30708 |  1.00 |        83 |                59.45 |              6.61 |             50 |                     44.95 |                  80.25
          31459 |  2.00 |        42 |                79.77 |             101.1 |             18 |                     41.76 |                  83.26
          31800 |  0.00 |        20 |                64.14 |             27.43 |             69 |                     67.07 |                   18.3
          31892 |  3.00 |        55 |                21.77 |              7.52 |             14 |                      2.39 |                   2.45
          32197 |  0.00 |        32 |                93.76 |             114.8 |             74 |                     12.34 |                   1.43
          33867 |  1.00 |        91 |                75.73 |             99.27 |             81 |                     44.27 |                  29.91
          34721 |  3.00 |        98 |                19.35 |               9.6 |             27 |                     94.41 |                   4.15
          34976 |  0.00 |        34 |                79.47 |             23.64 |             93 |                     91.74 |                  22.95
          35296 |  0.00 |        25 |                77.55 |             44.35 |             68 |                      8.88 |                  20.28
          35810 |  1.00 |        93 |                42.35 |             42.81 |             78 |                     39.28 |                  91.68
          36211 |  0.00 |        49 |                98.24 |            103.99 |            100 |                     39.38 |                  67.73
          36715 |  1.00 |        68 |                72.67 |             108.3 |             51 |                     70.91 |                 133.43
          36746 |  2.00 |        93 |                56.18 |             57.54 |             46 |                     69.08 |                 114.28
          37084 |  0.00 |        64 |                83.87 |            121.03 |             85 |                     56.99 |                  32.36
          37497 |  0.00 |        55 |                 8.06 |              2.65 |             69 |                      70.6 |                  86.48
          37524 |  0.00 |        10 |                24.61 |             15.14 |             46 |                     65.85 |                  46.42
          37829 |  0.00 |         6 |                47.27 |             40.57 |             30 |                     99.98 |                 207.31
          38732 |  4.00 |        96 |                   32 |              21.1 |             24 |                     70.66 |                  50.34
          39011 |  0.00 |         9 |                42.39 |             23.05 |             31 |                     41.44 |                  93.35
          40017 |  1.00 |        53 |                 7.05 |              2.07 |             50 |                     41.53 |                  32.72
          40758 |  3.00 |        24 |                73.15 |            108.64 |              8 |                     17.74 |                  47.28
          41513 |       |           |                97.85 |                   |             90 |                     62.85 |                  65.55
          41767 |  0.00 |        50 |                39.99 |             57.65 |             65 |                     72.85 |                   12.1
          43454 |  0.00 |        69 |                81.15 |             75.54 |             70 |                     20.81 |                  19.54
          43913 | 18.00 |        91 |                61.07 |            107.34 |              5 |                     14.28 |                  33.16
          43924 |  1.00 |        90 |                36.53 |             35.87 |             90 |                     73.97 |                  51.71
          43925 |  1.00 |        81 |                89.79 |             98.42 |             69 |                      3.72 |                   4.45
          44044 |  1.00 |        80 |                70.33 |             51.56 |             49 |                     41.44 |                  35.91
          45818 |  1.00 |        29 |                    3 |              5.13 |             19 |                      58.3 |                   25.9
          47738 |  0.00 |        21 |                76.92 |             52.34 |             82 |                     65.18 |                  63.82
          48299 |  4.00 |        94 |                 63.8 |             22.66 |             21 |                     51.43 |                  10.27
          49196 |  0.00 |         3 |                31.73 |              9.45 |             18 |                       3.3 |                   5.06
          49544 |  0.00 |        85 |                58.36 |             18.75 |             90 |                      9.24 |                  19.14
          49935 |  0.00 |        16 |                42.93 |             54.64 |             33 |                     80.22 |                  73.85
          50194 |  0.00 |        38 |                81.79 |             31.57 |             56 |                     50.31 |                  104.8
          50512 | 43.00 |        43 |                 6.99 |              2.53 |              1 |                     36.64 |                  26.73
          51674 | 21.00 |        87 |                54.74 |             24.17 |              4 |                      55.2 |                   6.95
          52255 |  0.00 |        12 |                51.01 |              86.7 |             57 |                     95.77 |                 229.93
          53123 |  0.00 |        25 |                82.86 |             18.41 |             78 |                     19.01 |                  13.19
          53649 | 12.00 |        38 |                57.36 |             21.47 |              3 |                     51.03 |                  47.02
          53750 |  9.00 |        46 |                 3.13 |              4.32 |              5 |                     69.35 |                  26.83
          54285 |  0.00 |        57 |                84.55 |             96.36 |             80 |                     55.33 |                  72.02
          54376 |  0.00 |        32 |                95.71 |            142.12 |             90 |                     51.62 |                  21.18
          54454 |  0.00 |        25 |                19.24 |             28.22 |             72 |                       6.3 |                   4.28
(100 rows)

UPDATE time_statistics SET e_time = TRANSACTION_TIMESTAMP() WHERE template = 'query78.tpl' AND stream = 8;
psql:/tmp/s1-basline/throughput/query_8.sql:2129: NOTICE:  duration: 0.085 ms  plan:
Query Text: UPDATE time_statistics SET e_time = TRANSACTION_TIMESTAMP() WHERE template = 'query78.tpl' AND stream = 8;
Update on time_statistics  (cost=0.00..14.47 rows=0 width=0) (actual time=0.084..0.084 rows=0 loops=1)
  ->  Seq Scan on time_statistics  (cost=0.00..14.47 rows=1 width=14) (actual time=0.069..0.070 rows=1 loops=1)
        Filter: ((template = 'query78.tpl'::text) AND (stream = 8))
        Rows Removed by Filter: 460
UPDATE 1
LOAD 'auto_explain'; SET auto_explain.log_min_duration TO 0; SET auto_explain.log_analyze TO on; SET auto_explain.log_level TO notice; INSERT INTO time_statistics (template, s_time, stream, query, seed) VALUES ('../query_postgresql/query21.tpl', TRANSACTION_TIMESTAMP(), 8, 36, 900519211);
LOAD
SET
SET
SET
psql:/tmp/s1-basline/throughput/query_8.sql:2130: NOTICE:  duration: 0.008 ms  plan:
Query Text: INSERT INTO time_statistics (template, s_time, stream, query, seed) VALUES ('../query_postgresql/query21.tpl', TRANSACTION_TIMESTAMP(), 8, 36, 900519211);
Insert on time_statistics  (cost=0.00..0.01 rows=0 width=0) (actual time=0.008..0.008 rows=0 loops=1)
  ->  Result  (cost=0.00..0.01 rows=1 width=64) (actual time=0.001..0.002 rows=1 loops=1)
INSERT 0 1
select  *
 from(select w_warehouse_name
            ,i_item_id
            ,sum(case when (cast(d_date as date) < cast ('2002-03-15' as date))
	                then inv_quantity_on_hand 
                      else 0 end) as inv_before
            ,sum(case when (cast(d_date as date) >= cast ('2002-03-15' as date))
                      then inv_quantity_on_hand 
                      else 0 end) as inv_after
   from inventory
       ,warehouse
       ,item
       ,date_dim
   where i_current_price between 0.99 and 1.49
     and i_item_sk          = inv_item_sk
     and inv_warehouse_sk   = w_warehouse_sk
     and inv_date_sk    = d_date_sk
     and d_date between (cast ('2002-03-15' as date) - INTERVAL '30 days')
                    and (cast ('2002-03-15' as date) + INTERVAL '30 days')
   group by w_warehouse_name, i_item_id) x
 where (case when inv_before > 0 
             then inv_after / inv_before 
             else null
             end) between 2.0/3.0 and 3.0/2.0
 order by w_warehouse_name
         ,i_item_id
 limit 100;
psql:/tmp/s1-basline/throughput/query_8.sql:2157: NOTICE:  duration: 658.925 ms  plan:
Query Text: select  *
 from(select w_warehouse_name
            ,i_item_id
            ,sum(case when (cast(d_date as date) < cast ('2002-03-15' as date))
	                then inv_quantity_on_hand 
                      else 0 end) as inv_before
            ,sum(case when (cast(d_date as date) >= cast ('2002-03-15' as date))
                      then inv_quantity_on_hand 
                      else 0 end) as inv_after
   from inventory
       ,warehouse
       ,item
       ,date_dim
   where i_current_price between 0.99 and 1.49
     and i_item_sk          = inv_item_sk
     and inv_warehouse_sk   = w_warehouse_sk
     and inv_date_sk    = d_date_sk
     and d_date between (cast ('2002-03-15' as date) - INTERVAL '30 days')
                    and (cast ('2002-03-15' as date) + INTERVAL '30 days')
   group by w_warehouse_name, i_item_id) x
 where (case when inv_before > 0 
             then inv_after / inv_before 
             else null
             end) between 2.0/3.0 and 3.0/2.0
 order by w_warehouse_name
         ,i_item_id
 limit 100;
Limit  (cost=144852.82..144961.16 rows=74 width=47) (actual time=620.958..658.884 rows=100 loops=1)
  ->  Finalize GroupAggregate  (cost=144852.82..144960.42 rows=74 width=47) (actual time=620.957..658.876 rows=100 loops=1)
        Group Key: warehouse.w_warehouse_name, item.i_item_id
        Filter: (((CASE WHEN (sum(CASE WHEN (date_dim.d_date < '2002-03-15'::date) THEN inventory.inv_quantity_on_hand ELSE 0 END) > 0) THEN (sum(CASE WHEN (date_dim.d_date >= '2002-03-15'::date) THEN inventory.inv_quantity_on_hand ELSE 0 END) / sum(CASE WHEN (date_dim.d_date < '2002-03-15'::date) THEN inventory.inv_quantity_on_hand ELSE 0 END)) ELSE NULL::bigint END)::numeric >= 0.66666666666666666667) AND ((CASE WHEN (sum(CASE WHEN (date_dim.d_date < '2002-03-15'::date) THEN inventory.inv_quantity_on_hand ELSE 0 END) > 0) THEN (sum(CASE WHEN (date_dim.d_date >= '2002-03-15'::date) THEN inventory.inv_quantity_on_hand ELSE 0 END) / sum(CASE WHEN (date_dim.d_date < '2002-03-15'::date) THEN inventory.inv_quantity_on_hand ELSE 0 END)) ELSE NULL::bigint END)::numeric <= 1.5000000000000000))
        Rows Removed by Filter: 297
        ->  Gather Merge  (cost=144852.82..144934.14 rows=642 width=47) (actual time=620.944..658.509 rows=1510 loops=1)
              Workers Planned: 3
              Workers Launched: 3
              ->  Partial GroupAggregate  (cost=143852.78..143858.66 rows=214 width=47) (actual time=615.339..616.113 rows=941 loops=4)
                    Group Key: warehouse.w_warehouse_name, item.i_item_id
                    ->  Sort  (cost=143852.78..143853.31 rows=214 width=39) (actual time=615.328..615.422 rows=2245 loops=4)
                          Sort Key: warehouse.w_warehouse_name, item.i_item_id
                          Sort Method: quicksort  Memory: 716kB
                          Worker 0:  Sort Method: quicksort  Memory: 682kB
                          Worker 1:  Sort Method: quicksort  Memory: 702kB
                          Worker 2:  Sort Method: quicksort  Memory: 706kB
                          ->  Hash Join  (cost=7.00..143844.50 rows=214 width=39) (actual time=10.282..598.337 rows=6278 loops=4)
                                Hash Cond: (inventory.inv_warehouse_sk = warehouse.w_warehouse_sk)
                                ->  Nested Loop  (cost=5.89..143842.34 rows=214 width=33) (actual time=10.214..597.059 rows=6278 loops=4)
                                      ->  Hash Join  (cost=5.60..142775.53 rows=3440 width=24) (actual time=10.124..431.581 rows=101250 loops=4)
                                            Hash Cond: (inventory.inv_date_sk = date_dim.d_date_sk)
                                            ->  Parallel Seq Scan on inventory  (cost=0.00..132620.86 rows=3866086 width=28) (actual time=0.018..204.707 rows=2936250 loops=4)
                                            ->  Hash  (cost=4.79..4.79 rows=65 width=12) (actual time=0.113..0.114 rows=61 loops=4)
                                                  Buckets: 1024  Batches: 1  Memory Usage: 11kB
                                                  ->  Index Scan using i_d_date on date_dim  (cost=0.29..4.79 rows=65 width=12) (actual time=0.079..0.104 rows=61 loops=4)
                                                        Index Cond: ((d_date >= '2002-02-13 00:00:00'::timestamp without time zone) AND (d_date <= '2002-04-14 00:00:00'::timestamp without time zone))
                                      ->  Index Scan using pk_item on item  (cost=0.29..0.31 rows=1 width=25) (actual time=0.001..0.001 rows=0 loops=405000)
                                            Index Cond: (i_item_sk = inventory.inv_item_sk)
                                            Filter: ((i_current_price >= '0.99'::double precision) AND (i_current_price <= '1.49'::double precision))
                                            Rows Removed by Filter: 1
                                ->  Hash  (cost=1.05..1.05 rows=5 width=22) (actual time=0.030..0.031 rows=5 loops=4)
                                      Buckets: 1024  Batches: 1  Memory Usage: 9kB
                                      ->  Seq Scan on warehouse  (cost=0.00..1.05 rows=5 width=22) (actual time=0.024..0.025 rows=5 loops=4)
 w_warehouse_name |    i_item_id     | inv_before | inv_after 
------------------+------------------+------------+-----------
 Neither dea      | AAAAAAAAAACCAAAA |       1570 |      2080
 Neither dea      | AAAAAAAAABABAAAA |       2059 |      2562
 Neither dea      | AAAAAAAAACFAAAAA |       1846 |      2211
 Neither dea      | AAAAAAAAADAEAAAA |       2338 |      2601
 Neither dea      | AAAAAAAAAJHAAAAA |       1725 |      2058
 Neither dea      | AAAAAAAAAJJBAAAA |       2280 |      2783
 Neither dea      | AAAAAAAAAKEAAAAA |       1845 |      2382
 Neither dea      | AAAAAAAAAKPAAAAA |       1800 |      1809
 Neither dea      | AAAAAAAAAMPBAAAA |       2218 |      2518
 Neither dea      | AAAAAAAAAOADAAAA |       1880 |      2164
 Neither dea      | AAAAAAAAAPBBAAAA |       2802 |      3314
 Neither dea      | AAAAAAAABBCDAAAA |       1755 |      2270
 Neither dea      | AAAAAAAABBOAAAAA |       1873 |      2515
 Neither dea      | AAAAAAAABBPCAAAA |       1995 |      2377
 Neither dea      | AAAAAAAABIKDAAAA |       1651 |      2175
 Neither dea      | AAAAAAAABKGCAAAA |       1974 |      3275
 Neither dea      | AAAAAAAABMECAAAA |       1234 |      1832
 Neither dea      | AAAAAAAABMKCAAAA |       1624 |      2207
 Neither dea      | AAAAAAAABNFAAAAA |       1842 |      2106
 Neither dea      | AAAAAAAACAIBAAAA |       2236 |      2403
 Neither dea      | AAAAAAAACBPBAAAA |       2298 |      2540
 Neither dea      | AAAAAAAACCFEAAAA |       3081 |      3142
 Neither dea      | AAAAAAAACCNDAAAA |       1803 |      2845
 Neither dea      | AAAAAAAACDOAAAAA |       1936 |      3067
 Neither dea      | AAAAAAAACEABAAAA |       2174 |      2886
 Neither dea      | AAAAAAAACIICAAAA |       1235 |      1825
 Neither dea      | AAAAAAAACKBAAAAA |       1246 |      2168
 Neither dea      | AAAAAAAACLBCAAAA |       1997 |      2064
 Neither dea      | AAAAAAAACLDDAAAA |       2395 |      2509
 Neither dea      | AAAAAAAACLMAAAAA |       1733 |      2766
 Neither dea      | AAAAAAAACMFAAAAA |       1992 |      2068
 Neither dea      | AAAAAAAACMFEAAAA |       2253 |      2335
 Neither dea      | AAAAAAAACPFBAAAA |       2239 |      2348
 Neither dea      | AAAAAAAADEGAAAAA |       2553 |      2826
 Neither dea      | AAAAAAAADENCAAAA |       1653 |      1758
 Neither dea      | AAAAAAAADILAAAAA |       1646 |      2061
 Neither dea      | AAAAAAAADMHAAAAA |       1910 |      2641
 Neither dea      | AAAAAAAADPKAAAAA |       1619 |      2321
 Neither dea      | AAAAAAAAEABCAAAA |       2415 |      2999
 Neither dea      | AAAAAAAAEBIBAAAA |       2067 |      2534
 Neither dea      | AAAAAAAAECFAAAAA |       1973 |      1982
 Neither dea      | AAAAAAAAECMBAAAA |       1654 |      1662
 Neither dea      | AAAAAAAAEEOBAAAA |       1700 |      2623
 Neither dea      | AAAAAAAAEEPCAAAA |       2381 |      2532
 Neither dea      | AAAAAAAAEFCDAAAA |       1150 |      1203
 Neither dea      | AAAAAAAAEFICAAAA |       1274 |      1417
 Neither dea      | AAAAAAAAEGMDAAAA |       1891 |      2529
 Neither dea      | AAAAAAAAEHEEAAAA |       2240 |      2518
 Neither dea      | AAAAAAAAEIIAAAAA |       1852 |      3049
 Neither dea      | AAAAAAAAEIPCAAAA |       1860 |      2793
 Neither dea      | AAAAAAAAELIDAAAA |       2412 |      2720
 Neither dea      | AAAAAAAAEOHAAAAA |       1516 |      2564
 Neither dea      | AAAAAAAAFAKBAAAA |       2867 |      2875
 Neither dea      | AAAAAAAAFCFBAAAA |       1977 |      2281
 Neither dea      | AAAAAAAAFGBEAAAA |       1467 |      1668
 Neither dea      | AAAAAAAAFGIDAAAA |       1301 |      1640
 Neither dea      | AAAAAAAAFMLAAAAA |       1440 |      2449
 Neither dea      | AAAAAAAAGCIAAAAA |       1451 |      1943
 Neither dea      | AAAAAAAAGHNDAAAA |       1430 |      2734
 Neither dea      | AAAAAAAAGKMDAAAA |       1476 |      1820
 Neither dea      | AAAAAAAAGKPBAAAA |       2501 |      2634
 Neither dea      | AAAAAAAAGLFAAAAA |       1404 |      2161
 Neither dea      | AAAAAAAAGOEBAAAA |       1911 |      2359
 Neither dea      | AAAAAAAAHCICAAAA |       1637 |      1913
 Neither dea      | AAAAAAAAHDDDAAAA |       2040 |      2130
 Neither dea      | AAAAAAAAHICCAAAA |       2511 |      2788
 Neither dea      | AAAAAAAAHJGAAAAA |       1505 |      1685
 Neither dea      | AAAAAAAAHJGDAAAA |       1290 |      1627
 Neither dea      | AAAAAAAAHMADAAAA |       1310 |      2546
 Neither dea      | AAAAAAAAIBHAAAAA |       2094 |      2515
 Neither dea      | AAAAAAAAICNAAAAA |       2380 |      2593
 Neither dea      | AAAAAAAAIDOAAAAA |       1356 |      2668
 Neither dea      | AAAAAAAAIEGBAAAA |       2687 |      2812
 Neither dea      | AAAAAAAAIELCAAAA |       1132 |      1947
 Neither dea      | AAAAAAAAIGFDAAAA |       2311 |      3183
 Neither dea      | AAAAAAAAINEDAAAA |       1682 |      2997
 Neither dea      | AAAAAAAAIOOCAAAA |       1882 |      2068
 Neither dea      | AAAAAAAAJAFCAAAA |       1702 |      2164
 Neither dea      | AAAAAAAAJBPAAAAA |       1477 |      1633
 Neither dea      | AAAAAAAAJINBAAAA |       1867 |      2586
 Neither dea      | AAAAAAAAJJCCAAAA |       2221 |      2358
 Neither dea      | AAAAAAAAJJEAAAAA |       1526 |      1954
 Neither dea      | AAAAAAAAJLEEAAAA |       1222 |      2215
 Neither dea      | AAAAAAAAJMKDAAAA |       3093 |      3154
 Neither dea      | AAAAAAAAJOJCAAAA |       1446 |      2052
 Neither dea      | AAAAAAAAJPDBAAAA |       2197 |      2640
 Neither dea      | AAAAAAAAKBDDAAAA |       1680 |      2219
 Neither dea      | AAAAAAAAKBHBAAAA |       1708 |      3152
 Neither dea      | AAAAAAAAKFCAAAAA |       2045 |      2169
 Neither dea      | AAAAAAAAKHLAAAAA |        925 |      1717
 Neither dea      | AAAAAAAAKHLDAAAA |       1564 |      1958
 Neither dea      | AAAAAAAAKIEAAAAA |       1886 |      2184
 Neither dea      | AAAAAAAAKJDBAAAA |       1307 |      1690
 Neither dea      | AAAAAAAAKKIDAAAA |       1327 |      2232
 Neither dea      | AAAAAAAAKMAAAAAA |       1829 |      1881
 Neither dea      | AAAAAAAAKNFBAAAA |       2489 |      3298
 Neither dea      | AAAAAAAAKNFEAAAA |       1206 |      1503
 Neither dea      | AAAAAAAAKOIAAAAA |       1491 |      1599
 Neither dea      | AAAAAAAAKPDDAAAA |       2960 |      3697
 Neither dea      | AAAAAAAALBBAAAAA |       1679 |      1853
(100 rows)

UPDATE time_statistics SET e_time = TRANSACTION_TIMESTAMP() WHERE template = '../query_postgresql/query21.tpl' AND stream = 8;
psql:/tmp/s1-basline/throughput/query_8.sql:2159: NOTICE:  duration: 0.073 ms  plan:
Query Text: UPDATE time_statistics SET e_time = TRANSACTION_TIMESTAMP() WHERE template = '../query_postgresql/query21.tpl' AND stream = 8;
Update on time_statistics  (cost=0.00..14.47 rows=0 width=0) (actual time=0.072..0.072 rows=0 loops=1)
  ->  Seq Scan on time_statistics  (cost=0.00..14.47 rows=1 width=14) (actual time=0.058..0.058 rows=1 loops=1)
        Filter: ((template = '../query_postgresql/query21.tpl'::text) AND (stream = 8))
        Rows Removed by Filter: 461
UPDATE 1
LOAD 'auto_explain'; SET auto_explain.log_min_duration TO 0; SET auto_explain.log_analyze TO on; SET auto_explain.log_level TO notice; INSERT INTO time_statistics (template, s_time, stream, query, seed) VALUES ('query67.tpl', TRANSACTION_TIMESTAMP(), 8, 37, 1709118868);
LOAD
SET
SET
SET
psql:/tmp/s1-basline/throughput/query_8.sql:2160: NOTICE:  duration: 0.009 ms  plan:
Query Text: INSERT INTO time_statistics (template, s_time, stream, query, seed) VALUES ('query67.tpl', TRANSACTION_TIMESTAMP(), 8, 37, 1709118868);
Insert on time_statistics  (cost=0.00..0.01 rows=0 width=0) (actual time=0.008..0.009 rows=0 loops=1)
  ->  Result  (cost=0.00..0.01 rows=1 width=64) (actual time=0.001..0.001 rows=1 loops=1)
INSERT 0 1
select  *
from (select i_category
            ,i_class
            ,i_brand
            ,i_product_name
            ,d_year
            ,d_qoy
            ,d_moy
            ,s_store_id
            ,sumsales
            ,rank() over (partition by i_category order by sumsales desc) rk
      from (select i_category
                  ,i_class
                  ,i_brand
                  ,i_product_name
                  ,d_year
                  ,d_qoy
                  ,d_moy
                  ,s_store_id
                  ,sum(coalesce(ss_sales_price*ss_quantity,0)) sumsales
            from store_sales
                ,date_dim
                ,store
                ,item
       where  ss_sold_date_sk=d_date_sk
          and ss_item_sk=i_item_sk
          and ss_store_sk = s_store_sk
          and d_month_seq between 1220 and 1220+11
       group by  rollup(i_category, i_class, i_brand, i_product_name, d_year, d_qoy, d_moy,s_store_id))dw1) dw2
where rk <= 100
order by i_category
        ,i_class
        ,i_brand
        ,i_product_name
        ,d_year
        ,d_qoy
        ,d_moy
        ,s_store_id
        ,sumsales
        ,rk
limit 100;
psql:/tmp/s1-basline/throughput/query_8.sql:2201: NOTICE:  duration: 2055.628 ms  plan:
Query Text: select  *
from (select i_category
            ,i_class
            ,i_brand
            ,i_product_name
            ,d_year
            ,d_qoy
            ,d_moy
            ,s_store_id
            ,sumsales
            ,rank() over (partition by i_category order by sumsales desc) rk
      from (select i_category
                  ,i_class
                  ,i_brand
                  ,i_product_name
                  ,d_year
                  ,d_qoy
                  ,d_moy
                  ,s_store_id
                  ,sum(coalesce(ss_sales_price*ss_quantity,0)) sumsales
            from store_sales
                ,date_dim
                ,store
                ,item
       where  ss_sold_date_sk=d_date_sk
          and ss_item_sk=i_item_sk
          and ss_store_sk = s_store_sk
          and d_month_seq between 1220 and 1220+11
       group by  rollup(i_category, i_class, i_brand, i_product_name, d_year, d_qoy, d_moy,s_store_id))dw1) dw2
where rk <= 100
order by i_category
        ,i_class
        ,i_brand
        ,i_product_name
        ,d_year
        ,d_qoy
        ,d_moy
        ,s_store_id
        ,sumsales
        ,rk
limit 100;
Limit  (cost=94291.83..94314.41 rows=100 width=249) (actual time=1970.218..2055.551 rows=100 loops=1)
  ->  Incremental Sort  (cost=94291.83..109619.18 rows=67866 width=249) (actual time=1970.217..2055.543 rows=100 loops=1)
        Sort Key: dw1.i_category, dw1.i_class, dw1.i_brand, dw1.i_product_name, dw1.d_year, dw1.d_qoy, dw1.d_moy, dw1.s_store_id, dw1.sumsales, (rank() OVER (?))
        Presorted Key: dw1.i_category
        Full-sort Groups: 1  Sort Method: quicksort  Average Memory: 42kB  Peak Memory: 42kB
        Pre-sorted Groups: 1  Sort Method: quicksort  Average Memory: 51kB  Peak Memory: 51kB
        ->  WindowAgg  (cost=94219.51..104112.68 rows=67866 width=249) (actual time=1821.040..2055.210 rows=101 loops=1)
              Run Condition: (rank() OVER (?) <= 100)
              ->  Incremental Sort  (cost=94219.51..102925.02 rows=67866 width=241) (actual time=1821.029..2047.402 rows=54144 loops=1)
                    Sort Key: dw1.i_category, dw1.sumsales DESC
                    Presorted Key: dw1.i_category
                    Full-sort Groups: 2  Sort Method: quicksort  Average Memory: 43kB  Peak Memory: 43kB
                    Pre-sorted Groups: 2  Sort Method: external merge  Average Disk: 13496kB  Peak Disk: 13496kB
                    ->  Subquery Scan on dw1  (cost=94180.48..97411.23 rows=67866 width=241) (actual time=1659.599..1965.459 rows=105327 loops=1)
                          ->  GroupAggregate  (cost=94180.48..96732.57 rows=67866 width=241) (actual time=1659.598..1955.894 rows=105327 loops=1)
                                Group Key: item.i_category, item.i_class, item.i_brand, item.i_product_name, date_dim.d_year, date_dim.d_qoy, date_dim.d_moy, store.s_store_id
                                Group Key: item.i_category, item.i_class, item.i_brand, item.i_product_name, date_dim.d_year, date_dim.d_qoy, date_dim.d_moy
                                Group Key: item.i_category, item.i_class, item.i_brand, item.i_product_name, date_dim.d_year, date_dim.d_qoy
                                Group Key: item.i_category, item.i_class, item.i_brand, item.i_product_name, date_dim.d_year
                                Group Key: item.i_category, item.i_class, item.i_brand, item.i_product_name
                                Group Key: item.i_category, item.i_class, item.i_brand
                                Group Key: item.i_category, item.i_class
                                Group Key: item.i_category
                                Group Key: ()
                                ->  Gather Merge  (cost=94180.48..95696.06 rows=13013 width=245) (actual time=1659.583..1870.757 rows=106776 loops=1)
                                      Workers Planned: 2
                                      Workers Launched: 2
                                      ->  Sort  (cost=93180.45..93194.01 rows=5422 width=245) (actual time=1537.090..1578.650 rows=35727 loops=3)
                                            Sort Key: item.i_category, item.i_class, item.i_brand, item.i_product_name, date_dim.d_year, date_dim.d_qoy, date_dim.d_moy, store.s_store_id
                                            Sort Method: external merge  Disk: 51136kB
                                            Worker 0:  Sort Method: external merge  Disk: 41592kB
                                            Worker 1:  Sort Method: external merge  Disk: 41960kB
                                            ->  Nested Loop  (cost=2506.80..92844.16 rows=5422 width=245) (actual time=13.610..675.174 rows=175453 loops=3)
                                                  ->  Hash Join  (cost=2506.52..91187.77 rows=5422 width=49) (actual time=13.556..318.555 rows=175453 loops=3)
                                                        Hash Cond: (store_sales.ss_store_sk = store.s_store_sk)
                                                        ->  Hash Join  (cost=2505.25..91166.54 rows=5687 width=40) (actual time=13.415..288.672 rows=179647 loops=3)
                                                              Hash Cond: (store_sales.ss_sold_date_sk = date_dim.d_date_sk)
                                                              ->  Parallel Seq Scan on store_sales  (cost=0.00..85499.45 rows=1204445 width=36) (actual time=0.014..130.311 rows=948150 loops=3)
                                                              ->  Hash  (cost=2500.73..2500.73 rows=361 width=20) (actual time=13.387..13.388 rows=365 loops=3)
                                                                    Buckets: 1024  Batches: 1  Memory Usage: 28kB
                                                                    ->  Seq Scan on date_dim  (cost=0.00..2500.73 rows=361 width=20) (actual time=6.430..13.326 rows=365 loops=3)
                                                                          Filter: ((d_month_seq >= 1220) AND (d_month_seq <= 1231))
                                                                          Rows Removed by Filter: 72684
                                                        ->  Hash  (cost=1.12..1.12 rows=12 width=25) (actual time=0.035..0.035 rows=12 loops=3)
                                                              Buckets: 1024  Batches: 1  Memory Usage: 9kB
                                                              ->  Seq Scan on store  (cost=0.00..1.12 rows=12 width=25) (actual time=0.029..0.030 rows=12 loops=3)
                                                  ->  Index Scan using pk_item on item  (cost=0.29..0.31 rows=1 width=212) (actual time=0.002..0.002 rows=1 loops=526358)
                                                        Index Cond: (i_item_sk = store_sales.ss_item_sk)
                     i_category                     |                      i_class                       |                      i_brand                       | i_product_name | d_year | d_qoy | d_moy | s_store_id |      sumsales      | rk  
----------------------------------------------------+----------------------------------------------------+----------------------------------------------------+----------------+--------+-------+-------+------------+--------------------+-----
 Books                                              | arts                                               | amalgmaxi #10                                      |                |        |       |       |            |  1270684.190000001 |  35
 Books                                              | arts                                               | amalgmaxi #12                                      |                |        |       |       |            |  901932.0300000011 |  64
 Books                                              | arts                                               | amalgmaxi #2                                       |                |        |       |       |            |          1430189.8 |  29
 Books                                              | arts                                               | amalgmaxi #4                                       |                |        |       |       |            |  1223443.269999999 |  37
 Books                                              | arts                                               | amalgmaxi #6                                       |                |        |       |       |            |  882325.2999999997 |  66
 Books                                              | arts                                               | amalgmaxi #7                                       |                |        |       |       |            |  585924.2899999995 |  93
 Books                                              | arts                                               | amalgmaxi #8                                       |                |        |       |       |            | 1246016.0799999996 |  36
 Books                                              | arts                                               |                                                    |                |        |       |       |            |  7974117.890000003 |   2
 Books                                              | business                                           | importomaxi #10                                    |                |        |       |       |            |  971479.6400000014 |  57
 Books                                              | business                                           | importomaxi #2                                     |                |        |       |       |            | 1568701.6100000015 |  26
 Books                                              | business                                           | importomaxi #4                                     |                |        |       |       |            | 1132428.9200000013 |  44
 Books                                              | business                                           | importomaxi #8                                     |                |        |       |       |            |  975440.0499999999 |  56
 Books                                              | business                                           |                                                    |                |        |       |       |            | 6255682.2799999975 |   9
 Books                                              | computers                                          | exportimaxi #2                                     |                |        |       |       |            | 1486030.9900000012 |  28
 Books                                              | computers                                          | exportimaxi #4                                     |                |        |       |       |            |  913431.6299999998 |  62
 Books                                              | computers                                          | exportimaxi #8                                     |                |        |       |       |            |         1075690.99 |  48
 Books                                              | computers                                          |                                                    |                |        |       |       |            |  5436454.519999997 |  16
 Books                                              | cooking                                            | amalgunivamalg #10                                 |                |        |       |       |            | 1419483.2000000018 |  30
 Books                                              | cooking                                            | amalgunivamalg #2                                  |                |        |       |       |            |  652130.5299999994 |  87
 Books                                              | cooking                                            | amalgunivamalg #4                                  |                |        |       |       |            |  976085.9699999999 |  55
 Books                                              | cooking                                            | amalgunivamalg #6                                  |                |        |       |       |            |  562474.8799999997 |  99
 Books                                              | cooking                                            | amalgunivamalg #8                                  |                |        |       |       |            |  1319145.449999999 |  33
 Books                                              | cooking                                            |                                                    |                |        |       |       |            |  5728767.600000008 |  15
 Books                                              | entertainments                                     | edu packmaxi #10                                   |                |        |       |       |            | 1621881.5199999986 |  25
 Books                                              | entertainments                                     | edu packmaxi #2                                    |                |        |       |       |            | 1213993.5600000005 |  38
 Books                                              | entertainments                                     | edu packmaxi #6                                    |                |        |       |       |            |  580106.9099999999 |  95
 Books                                              | entertainments                                     | edu packmaxi #7                                    |                |        |       |       |            |  713471.9300000002 |  82
 Books                                              | entertainments                                     | edu packmaxi #8                                    |                |        |       |       |            |         2141680.53 |  18
 Books                                              | entertainments                                     |                                                    |                |        |       |       |            |  7630472.139999998 |   5
 Books                                              | fiction                                            | scholarunivamalg #1                                |                |        |       |       |            |  568314.3399999999 |  97
 Books                                              | fiction                                            | scholarunivamalg #10                               |                |        |       |       |            |         1284115.05 |  34
 Books                                              | fiction                                            | scholarunivamalg #2                                |                |        |       |       |            | 1695114.1699999997 |  23
 Books                                              | fiction                                            | scholarunivamalg #4                                |                |        |       |       |            |  994599.4300000002 |  53
 Books                                              | fiction                                            | scholarunivamalg #6                                |                |        |       |       |            |  897524.5299999998 |  65
 Books                                              | fiction                                            | scholarunivamalg #8                                |                |        |       |       |            | 1351184.5799999998 |  32
 Books                                              | fiction                                            |                                                    |                |        |       |       |            |  7685788.700000002 |   4
 Books                                              | history                                            | scholarmaxi #10                                    |                |        |       |       |            | 1016892.4200000007 |  51
 Books                                              | history                                            | scholarmaxi #2                                     |                |        |       |       |            | 1798305.1700000009 |  20
 Books                                              | history                                            | scholarmaxi #4                                     |                |        |       |       |            | 1207643.5700000005 |  40
 Books                                              | history                                            | scholarmaxi #8                                     |                |        |       |       |            |  839205.1999999996 |  72
 Books                                              | history                                            |                                                    |                |        |       |       |            |  6493993.389999993 |   6
 Books                                              | home repair                                        | importounivamalg #10                               |                |        |       |       |            | 1695466.6699999997 |  22
 Books                                              | home repair                                        | importounivamalg #12                               |                |        |       |       |            |  766207.5999999995 |  78
 Books                                              | home repair                                        | importounivamalg #2                                |                |        |       |       |            |         1123392.02 |  45
 Books                                              | home repair                                        | importounivamalg #4                                |                |        |       |       |            | 1082882.7900000007 |  47
 Books                                              | home repair                                        |                                                    |                |        |       |       |            |  6393626.660000017 |   8
 Books                                              | mystery                                            | corpunivamalg #10                                  |                |        |       |       |            |  966125.1900000008 |  58
 Books                                              | mystery                                            | corpunivamalg #12                                  |                |        |       |       |            | 1016439.9500000005 |  52
 Books                                              | mystery                                            | corpunivamalg #2                                   |                |        |       |       |            |          616895.37 |  91
 Books                                              | mystery                                            | corpunivamalg #4                                   |                |        |       |       |            |  931690.1200000002 |  60
 Books                                              | mystery                                            | corpunivamalg #6                                   |                |        |       |       |            |          578632.55 |  96
 Books                                              | mystery                                            | corpunivamalg #8                                   |                |        |       |       |            | 1488997.7799999989 |  27
 Books                                              | mystery                                            |                                                    |                |        |       |       |            |  6404592.839999994 |   7
 Books                                              | parenting                                          | corpmaxi #1                                        |                |        |       |       |            |  617610.9899999998 |  90
 Books                                              | parenting                                          | corpmaxi #10                                       |                |        |       |       |            |  624394.2400000002 |  89
 Books                                              | parenting                                          | corpmaxi #12                                       |                |        |       |       |            |  859663.6500000004 |  69
 Books                                              | parenting                                          | corpmaxi #2                                        |                |        |       |       |            |  732118.5600000002 |  80
 Books                                              | parenting                                          | corpmaxi #4                                        |                |        |       |       |            | 1398146.5699999996 |  31
 Books                                              | parenting                                          | corpmaxi #6                                        |                |        |       |       |            |  725721.7500000003 |  81
 Books                                              | parenting                                          | corpmaxi #8                                        |                |        |       |       |            |  860646.4800000009 |  68
 Books                                              | parenting                                          |                                                    |                |        |       |       |            |  6238744.140000009 |  10
 Books                                              | reference                                          | brandmaxi #10                                      |                |        |       |       |            |  739361.7000000001 |  79
 Books                                              | reference                                          | brandmaxi #12                                      |                |        |       |       |            |  567757.1699999997 |  98
 Books                                              | reference                                          | brandmaxi #2                                       |                |        |       |       |            |          912486.72 |  63
 Books                                              | reference                                          | brandmaxi #4                                       |                |        |       |       |            | 1631408.3599999994 |  24
 Books                                              | reference                                          | brandmaxi #8                                       |                |        |       |       |            |  932086.0800000007 |  59
 Books                                              | reference                                          |                                                    |                |        |       |       |            |  6210829.909999985 |  11
 Books                                              | romance                                            | namelessmaxi #10                                   |                |        |       |       |            |   833862.949999999 |  73
 Books                                              | romance                                            | namelessmaxi #2                                    |                |        |       |       |            |  858373.7299999995 |  70
 Books                                              | romance                                            | namelessmaxi #6                                    |                |        |       |       |            |  629525.1300000001 |  88
 Books                                              | romance                                            | namelessmaxi #8                                    |                |        |       |       |            |  690442.4699999995 |  84
 Books                                              | romance                                            |                                                    |                |        |       |       |            |  4827773.740000001 |  17
 Books                                              | science                                            | maximaxi #1                                        |                |        |       |       |            |  691724.8200000005 |  83
 Books                                              | science                                            | maximaxi #10                                       |                |        |       |       |            |  677002.0100000004 |  86
 Books                                              | science                                            | maximaxi #12                                       |                |        |       |       |            |  785637.9399999998 |  76
 Books                                              | science                                            | maximaxi #2                                        |                |        |       |       |            |  931564.1100000008 |  61
 Books                                              | science                                            | maximaxi #4                                        |                |        |       |       |            | 1060151.4499999995 |  49
 Books                                              | science                                            | maximaxi #6                                        |                |        |       |       |            |  561240.4000000005 | 100
 Books                                              | science                                            | maximaxi #8                                        |                |        |       |       |            |  850339.9799999996 |  71
 Books                                              | science                                            |                                                    |                |        |       |       |            |   5892780.39000001 |  14
 Books                                              | self-help                                          | exportiunivamalg #10                               |                |        |       |       |            |  1207670.579999999 |  39
 Books                                              | self-help                                          | exportiunivamalg #2                                |                |        |       |       |            |  879430.7600000004 |  67
 Books                                              | self-help                                          | exportiunivamalg #4                                |                |        |       |       |            |         1183259.63 |  42
 Books                                              | self-help                                          | exportiunivamalg #8                                |                |        |       |       |            | 1039725.8299999987 |  50
 Books                                              | self-help                                          |                                                    |                |        |       |       |            |   6057177.23000001 |  12
 Books                                              | sports                                             | edu packunivamalg #10                              |                |        |       |       |            | 1700739.2799999996 |  21
 Books                                              | sports                                             | edu packunivamalg #4                               |                |        |       |       |            |  983146.0100000007 |  54
 Books                                              | sports                                             | edu packunivamalg #6                               |                |        |       |       |            |  681615.4399999998 |  85
 Books                                              | sports                                             | edu packunivamalg #8                               |                |        |       |       |            |  1085916.629999999 |  46
 Books                                              | sports                                             |                                                    |                |        |       |       |            |  5935050.130000018 |  13
 Books                                              | travel                                             | univunivamalg #1                                   |                |        |       |       |            |  782053.5599999994 |  77
 Books                                              | travel                                             | univunivamalg #10                                  |                |        |       |       |            | 1847134.8799999992 |  19
 Books                                              | travel                                             | univunivamalg #12                                  |                |        |       |       |            |  582477.7600000001 |  94
 Books                                              | travel                                             | univunivamalg #2                                   |                |        |       |       |            | 1196788.8000000017 |  41
 Books                                              | travel                                             | univunivamalg #4                                   |                |        |       |       |            |  797930.6699999996 |  75
 Books                                              | travel                                             | univunivamalg #6                                   |                |        |       |       |            |  798085.7900000004 |  74
 Books                                              | travel                                             | univunivamalg #7                                   |                |        |       |       |            |  592726.9699999999 |  92
 Books                                              | travel                                             | univunivamalg #8                                   |                |        |       |       |            |  1158337.770000001 |  43
 Books                                              | travel                                             |                                                    |                |        |       |       |            |  7755536.199999989 |   3
 Books                                              |                                                    |                                                    |                |        |       |       |            | 102940047.00999916 |   1
(100 rows)

UPDATE time_statistics SET e_time = TRANSACTION_TIMESTAMP() WHERE template = 'query67.tpl' AND stream = 8;
psql:/tmp/s1-basline/throughput/query_8.sql:2203: NOTICE:  duration: 0.085 ms  plan:
Query Text: UPDATE time_statistics SET e_time = TRANSACTION_TIMESTAMP() WHERE template = 'query67.tpl' AND stream = 8;
Update on time_statistics  (cost=0.00..14.47 rows=0 width=0) (actual time=0.084..0.084 rows=0 loops=1)
  ->  Seq Scan on time_statistics  (cost=0.00..14.47 rows=1 width=14) (actual time=0.069..0.069 rows=1 loops=1)
        Filter: ((template = 'query67.tpl'::text) AND (stream = 8))
        Rows Removed by Filter: 462
UPDATE 1
LOAD 'auto_explain'; SET auto_explain.log_min_duration TO 0; SET auto_explain.log_analyze TO on; SET auto_explain.log_level TO notice; INSERT INTO time_statistics (template, s_time, stream, query, seed) VALUES ('query22.tpl', TRANSACTION_TIMESTAMP(), 8, 38, 419552204);
LOAD
SET
SET
SET
psql:/tmp/s1-basline/throughput/query_8.sql:2204: NOTICE:  duration: 0.009 ms  plan:
Query Text: INSERT INTO time_statistics (template, s_time, stream, query, seed) VALUES ('query22.tpl', TRANSACTION_TIMESTAMP(), 8, 38, 419552204);
Insert on time_statistics  (cost=0.00..0.01 rows=0 width=0) (actual time=0.009..0.009 rows=0 loops=1)
  ->  Result  (cost=0.00..0.01 rows=1 width=64) (actual time=0.002..0.002 rows=1 loops=1)
INSERT 0 1
select  i_product_name
             ,i_brand
             ,i_class
             ,i_category
             ,avg(inv_quantity_on_hand) qoh
       from inventory
           ,date_dim
           ,item
       where inv_date_sk=d_date_sk
              and inv_item_sk=i_item_sk
              and d_month_seq between 1219 and 1219 + 11
       group by rollup(i_product_name
                       ,i_brand
                       ,i_class
                       ,i_category)
order by qoh, i_product_name, i_brand, i_class, i_category
limit 100;
psql:/tmp/s1-basline/throughput/query_8.sql:2221: NOTICE:  duration: 4948.187 ms  plan:
Query Text: select  i_product_name
             ,i_brand
             ,i_class
             ,i_category
             ,avg(inv_quantity_on_hand) qoh
       from inventory
           ,date_dim
           ,item
       where inv_date_sk=d_date_sk
              and inv_item_sk=i_item_sk
              and d_month_seq between 1219 and 1219 + 11
       group by rollup(i_product_name
                       ,i_brand
                       ,i_class
                       ,i_category)
order by qoh, i_product_name, i_brand, i_class, i_category
limit 100;
Limit  (cost=159750.81..159751.06 rows=100 width=236) (actual time=4935.715..4948.118 rows=100 loops=1)
  ->  Sort  (cost=159750.81..159930.39 rows=71833 width=236) (actual time=4935.714..4948.110 rows=100 loops=1)
        Sort Key: (avg(inventory.inv_quantity_on_hand)), item.i_product_name, item.i_brand, item.i_class, item.i_category
        Sort Method: top-N heapsort  Memory: 64kB
        ->  MixedAggregate  (cost=5166.23..157005.40 rows=71833 width=236) (actual time=4906.134..4936.869 rows=47948 loops=1)
              Hash Key: item.i_product_name, item.i_brand, item.i_class, item.i_category
              Hash Key: item.i_product_name, item.i_brand, item.i_class
              Hash Key: item.i_product_name, item.i_brand
              Hash Key: item.i_product_name
              Group Key: ()
              Batches: 1  Memory Usage: 16945kB
              ->  Gather  (cost=5166.23..153892.59 rows=59064 width=208) (actual time=34.619..277.758 rows=2340000 loops=1)
                    Workers Planned: 3
                    Workers Launched: 3
                    ->  Hash Join  (cost=4166.23..146986.19 rows=19053 width=208) (actual time=39.400..676.659 rows=585000 loops=4)
                          Hash Cond: (inventory.inv_item_sk = item.i_item_sk)
                          ->  Hash Join  (cost=2505.23..145275.16 rows=19053 width=12) (actual time=15.362..490.605 rows=585000 loops=4)
                                Hash Cond: (inventory.inv_date_sk = date_dim.d_date_sk)
                                ->  Parallel Seq Scan on inventory  (cost=0.00..132620.86 rows=3866086 width=20) (actual time=0.015..203.153 rows=2936250 loops=4)
                                ->  Hash  (cost=2500.73..2500.73 rows=360 width=8) (actual time=11.975..11.976 rows=365 loops=4)
                                      Buckets: 1024  Batches: 1  Memory Usage: 23kB
                                      ->  Seq Scan on date_dim  (cost=0.00..2500.73 rows=360 width=8) (actual time=5.606..11.926 rows=365 loops=4)
                                            Filter: ((d_month_seq >= 1219) AND (d_month_seq <= 1230))
                                            Rows Removed by Filter: 72684
                          ->  Hash  (cost=1436.00..1436.00 rows=18000 width=212) (actual time=23.721..23.722 rows=18000 loops=4)
                                Buckets: 32768  Batches: 1  Memory Usage: 4606kB
                                ->  Seq Scan on item  (cost=0.00..1436.00 rows=18000 width=212) (actual time=0.028..18.151 rows=18000 loops=4)
                   i_product_name                   |                      i_brand                       |                      i_class                       |                     i_category                     |         qoh          
----------------------------------------------------+----------------------------------------------------+----------------------------------------------------+----------------------------------------------------+----------------------
 oughtcallyoughtableought                           | univamalgamalg #7                                  | memory                                             | Electronics                                        | 387.5154639175257732
 oughtcallyoughtableought                           | univamalgamalg #7                                  | memory                                             |                                                    | 387.5154639175257732
 oughtcallyoughtableought                           | univamalgamalg #7                                  |                                                    |                                                    | 387.5154639175257732
 oughtcallyoughtableought                           |                                                    |                                                    |                                                    | 387.5154639175257732
 ableationanticallyought                            | importoexporti #1                                  | infants                                            | Children                                           | 396.0533333333333333
 ableationanticallyought                            | importoexporti #1                                  | infants                                            |                                                    | 396.0533333333333333
 ableationanticallyought                            | importoexporti #1                                  |                                                    |                                                    | 396.0533333333333333
 ableationanticallyought                            |                                                    |                                                    |                                                    | 396.0533333333333333
 ationablecallyeing                                 | exportiimporto #2                                  | pants                                              | Men                                                | 398.0769230769230769
 ationablecallyeing                                 | exportiimporto #2                                  | pants                                              |                                                    | 398.0769230769230769
 ationablecallyeing                                 | exportiimporto #2                                  |                                                    |                                                    | 398.0769230769230769
 ationablecallyeing                                 |                                                    |                                                    |                                                    | 398.0769230769230769
 antin stcally                                      | exportiamalg #2                                    | maternity                                          | Women                                              | 398.5670103092783505
 antin stcally                                      | exportiamalg #2                                    | maternity                                          |                                                    | 398.5670103092783505
 antin stcally                                      | exportiamalg #2                                    |                                                    |                                                    | 398.5670103092783505
 antin stcally                                      |                                                    |                                                    |                                                    | 398.5670103092783505
 eseesepriese                                       | corpunivamalg #1                                   | mystery                                            | Books                                              | 405.6193548387096774
 eseesepriese                                       | corpunivamalg #1                                   | mystery                                            |                                                    | 405.6193548387096774
 eseesepriese                                       | corpunivamalg #1                                   |                                                    |                                                    | 405.6193548387096774
 eseesepriese                                       |                                                    |                                                    |                                                    | 405.6193548387096774
 callyablepricallyought                             | importoedu pack #1                                 | mens                                               | Shoes                                              | 406.8741721854304636
 callyablepricallyought                             | importoedu pack #1                                 | mens                                               |                                                    | 406.8741721854304636
 callyablepricallyought                             | importoedu pack #1                                 |                                                    |                                                    | 406.8741721854304636
 callyablepricallyought                             |                                                    |                                                    |                                                    | 406.8741721854304636
 barantin stpriought                                | edu packunivamalg #11                              | audio                                              | Electronics                                        | 408.5099337748344371
 barantin stpriought                                | edu packunivamalg #11                              | audio                                              |                                                    | 408.5099337748344371
 barantin stpriought                                | edu packunivamalg #11                              |                                                    |                                                    | 408.5099337748344371
 barantin stpriought                                |                                                    |                                                    |                                                    | 408.5099337748344371
 barantipriation                                    | amalgedu pack #1                                   | womens                                             | Shoes                                              | 408.6423841059602649
 barantipriation                                    | amalgedu pack #1                                   | womens                                             |                                                    | 408.6423841059602649
 barantipriation                                    | amalgedu pack #1                                   |                                                    |                                                    | 408.6423841059602649
 barantipriation                                    |                                                    |                                                    |                                                    | 408.6423841059602649
 priationantiable                                   | brandnameless #4                                   | hockey                                             | Sports                                             | 410.4210526315789474
 priationantiable                                   | brandnameless #4                                   | hockey                                             |                                                    | 410.4210526315789474
 priationantiable                                   | brandnameless #4                                   |                                                    |                                                    | 410.4210526315789474
 priationantiable                                   |                                                    |                                                    |                                                    | 410.4210526315789474
 eingeseablebarought                                | scholarmaxi #9                                     | fishing                                            | Sports                                             | 411.2941176470588235
 eingeseablebarought                                | scholarmaxi #9                                     | fishing                                            |                                                    | 411.2941176470588235
 eingeseablebarought                                | scholarmaxi #9                                     |                                                    |                                                    | 411.2941176470588235
 eingeseablebarought                                |                                                    |                                                    |                                                    | 411.2941176470588235
 eseoughtcallycallyought                            | amalgamalg #1                                      | dresses                                            | Women                                              | 411.3137254901960784
 eseoughtcallycallyought                            | amalgamalg #1                                      | dresses                                            |                                                    | 411.3137254901960784
 eseoughtcallycallyought                            | amalgamalg #1                                      |                                                    |                                                    | 411.3137254901960784
 eseoughtcallycallyought                            |                                                    |                                                    |                                                    | 411.3137254901960784
 eingantiableableought                              | namelessnameless #9                                | outdoor                                            | Sports                                             | 412.9802631578947368
 eingantiableableought                              | namelessnameless #9                                | outdoor                                            |                                                    | 412.9802631578947368
 eingantiableableought                              | namelessnameless #9                                |                                                    |                                                    | 412.9802631578947368
 eingantiableableought                              |                                                    |                                                    |                                                    | 412.9802631578947368
 ationprin station                                  | univunivamalg #6                                   | travel                                             | Books                                              | 413.4255319148936170
 ationprin station                                  | univunivamalg #6                                   | travel                                             |                                                    | 413.4255319148936170
 ationprin station                                  | univunivamalg #6                                   |                                                    |                                                    | 413.4255319148936170
 ationprin station                                  |                                                    |                                                    |                                                    | 413.4255319148936170
 callycallyablecallyought                           | corpamalgamalg #15                                 | wireless                                           | Electronics                                        | 413.8600000000000000
 callycallyablecallyought                           | corpamalgamalg #15                                 | wireless                                           |                                                    | 413.8600000000000000
 callycallyablecallyought                           | corpamalgamalg #15                                 |                                                    |                                                    | 413.8600000000000000
 callycallyablecallyought                           |                                                    |                                                    |                                                    | 413.8600000000000000
 barbarprin st                                      | edu packamalg #1                                   | swimwear                                           | Women                                              | 414.0400000000000000
 barbarprin st                                      | edu packamalg #1                                   | swimwear                                           |                                                    | 414.0400000000000000
 barbarprin st                                      | edu packamalg #1                                   |                                                    |                                                    | 414.0400000000000000
 barbarprin st                                      |                                                    |                                                    |                                                    | 414.0400000000000000
 prieingationable                                   | exportiexporti #2                                  | toddlers                                           | Children                                           | 414.3939393939393939
 prieingationable                                   | exportiexporti #2                                  | toddlers                                           |                                                    | 414.3939393939393939
 prieingationable                                   | exportiexporti #2                                  |                                                    |                                                    | 414.3939393939393939
 prieingationable                                   |                                                    |                                                    |                                                    | 414.3939393939393939
 eingesen stpri                                     | exportiedu pack #1                                 | kids                                               | Shoes                                              | 414.7320261437908497
 eingesen stpri                                     | exportiedu pack #1                                 | kids                                               |                                                    | 414.7320261437908497
 eingesen stpri                                     | exportiedu pack #1                                 |                                                    |                                                    | 414.7320261437908497
 eingesen stpri                                     |                                                    |                                                    |                                                    | 414.7320261437908497
 callyantibarcallyought                             | edu packnameless #7                                | glassware                                          | Home                                               | 415.1883116883116883
 callyantibarcallyought                             | edu packnameless #7                                | glassware                                          |                                                    | 415.1883116883116883
 callyantibarcallyought                             | edu packnameless #7                                |                                                    |                                                    | 415.1883116883116883
 callyantibarcallyought                             |                                                    |                                                    |                                                    | 415.1883116883116883
 antibarpripri                                      | edu packamalg #2                                   | swimwear                                           | Women                                              | 415.8865979381443299
 antibarpripri                                      | edu packamalg #2                                   | swimwear                                           |                                                    | 415.8865979381443299
 antibarpripri                                      | edu packamalg #2                                   |                                                    |                                                    | 415.8865979381443299
 antibarpripri                                      |                                                    |                                                    |                                                    | 415.8865979381443299
 barn steseoughtought                               | importoexporti #1                                  | infants                                            | Children                                           | 416.0128205128205128
 barn steseoughtought                               | importoexporti #1                                  | infants                                            |                                                    | 416.0128205128205128
 barn steseoughtought                               | importoexporti #1                                  |                                                    |                                                    | 416.0128205128205128
 barn steseoughtought                               |                                                    |                                                    |                                                    | 416.0128205128205128
 callyationeseought                                 | corpmaxi #1                                        | parenting                                          | Books                                              | 417.2287581699346405
 callyationeseought                                 | corpmaxi #1                                        | parenting                                          |                                                    | 417.2287581699346405
 callyationeseought                                 | corpmaxi #1                                        |                                                    |                                                    | 417.2287581699346405
 callyationeseought                                 |                                                    |                                                    |                                                    | 417.2287581699346405
 eingationcallyn st                                 | brandcorp #7                                       | pendants                                           | Jewelry                                            | 417.2549019607843137
 eingationcallyn st                                 | brandcorp #7                                       | pendants                                           |                                                    | 417.2549019607843137
 eingationcallyn st                                 | brandcorp #7                                       |                                                    |                                                    | 417.2549019607843137
 eingationcallyn st                                 |                                                    |                                                    |                                                    | 417.2549019607843137
 antioughtesepriought                               | exportiamalg #2                                    | maternity                                          | Women                                              | 417.6701030927835052
 antioughtesepriought                               | exportiamalg #2                                    | maternity                                          |                                                    | 417.6701030927835052
 antioughtesepriought                               | exportiamalg #2                                    |                                                    |                                                    | 417.6701030927835052
 antioughtesepriought                               |                                                    |                                                    |                                                    | 417.6701030927835052
 ableoughtcallyableought                            | importoimporto #1                                  | shirts                                             | Men                                                | 418.1960784313725490
 ableoughtcallyableought                            | importoimporto #1                                  | shirts                                             |                                                    | 418.1960784313725490
 ableoughtcallyableought                            | importoimporto #1                                  |                                                    |                                                    | 418.1960784313725490
 ableoughtcallyableought                            |                                                    |                                                    |                                                    | 418.1960784313725490
 callyoughteingableought                            | namelessunivamalg #16                              | scanners                                           | Electronics                                        | 418.3175675675675676
 callyoughteingableought                            | namelessunivamalg #16                              | scanners                                           |                                                    | 418.3175675675675676
 callyoughteingableought                            | namelessunivamalg #16                              |                                                    |                                                    | 418.3175675675675676
 callyoughteingableought                            |                                                    |                                                    |                                                    | 418.3175675675675676
(100 rows)

UPDATE time_statistics SET e_time = TRANSACTION_TIMESTAMP() WHERE template = 'query22.tpl' AND stream = 8;
psql:/tmp/s1-basline/throughput/query_8.sql:2223: NOTICE:  duration: 0.083 ms  plan:
Query Text: UPDATE time_statistics SET e_time = TRANSACTION_TIMESTAMP() WHERE template = 'query22.tpl' AND stream = 8;
Update on time_statistics  (cost=0.00..14.47 rows=0 width=0) (actual time=0.083..0.083 rows=0 loops=1)
  ->  Seq Scan on time_statistics  (cost=0.00..14.47 rows=1 width=14) (actual time=0.068..0.068 rows=1 loops=1)
        Filter: ((template = 'query22.tpl'::text) AND (stream = 8))
        Rows Removed by Filter: 463
UPDATE 1
LOAD 'auto_explain'; SET auto_explain.log_min_duration TO 0; SET auto_explain.log_analyze TO on; SET auto_explain.log_level TO notice; INSERT INTO time_statistics (template, s_time, stream, query, seed) VALUES ('query81.tpl', TRANSACTION_TIMESTAMP(), 8, 39, 1985886500);
LOAD
SET
SET
SET
psql:/tmp/s1-basline/throughput/query_8.sql:2224: NOTICE:  duration: 0.009 ms  plan:
Query Text: INSERT INTO time_statistics (template, s_time, stream, query, seed) VALUES ('query81.tpl', TRANSACTION_TIMESTAMP(), 8, 39, 1985886500);
Insert on time_statistics  (cost=0.00..0.01 rows=0 width=0) (actual time=0.009..0.009 rows=0 loops=1)
  ->  Result  (cost=0.00..0.01 rows=1 width=64) (actual time=0.001..0.001 rows=1 loops=1)
INSERT 0 1
with customer_total_return as
 (select cr_returning_customer_sk as ctr_customer_sk
        ,ca_state as ctr_state, 
 	sum(cr_return_amt_inc_tax) as ctr_total_return
 from catalog_returns
     ,date_dim
     ,customer_address
 where cr_returned_date_sk = d_date_sk 
   and d_year =2000
   and cr_returning_addr_sk = ca_address_sk 
 group by cr_returning_customer_sk
         ,ca_state )
  select  c_customer_id,c_salutation,c_first_name,c_last_name,ca_street_number,ca_street_name
                   ,ca_street_type,ca_suite_number,ca_city,ca_county,ca_state,ca_zip,ca_country,ca_gmt_offset
                  ,ca_location_type,ctr_total_return
 from customer_total_return ctr1
     ,customer_address
     ,customer
 where ctr1.ctr_total_return > (select avg(ctr_total_return)*1.2
 			  from customer_total_return ctr2 
                  	  where ctr1.ctr_state = ctr2.ctr_state)
       and ca_address_sk = c_current_addr_sk
       and ca_state = 'TX'
       and ctr1.ctr_customer_sk = c_customer_sk
 order by c_customer_id,c_salutation,c_first_name,c_last_name,ca_street_number,ca_street_name
                   ,ca_street_type,ca_suite_number,ca_city,ca_county,ca_state,ca_zip,ca_country,ca_gmt_offset
                  ,ca_location_type,ctr_total_return
 limit 100;
psql:/tmp/s1-basline/throughput/query_8.sql:2252: NOTICE:  duration: 72178.659 ms  plan:
Query Text: with customer_total_return as
 (select cr_returning_customer_sk as ctr_customer_sk
        ,ca_state as ctr_state, 
 	sum(cr_return_amt_inc_tax) as ctr_total_return
 from catalog_returns
     ,date_dim
     ,customer_address
 where cr_returned_date_sk = d_date_sk 
   and d_year =2000
   and cr_returning_addr_sk = ca_address_sk 
 group by cr_returning_customer_sk
         ,ca_state )
  select  c_customer_id,c_salutation,c_first_name,c_last_name,ca_street_number,ca_street_name
                   ,ca_street_type,ca_suite_number,ca_city,ca_county,ca_state,ca_zip,ca_country,ca_gmt_offset
                  ,ca_location_type,ctr_total_return
 from customer_total_return ctr1
     ,customer_address
     ,customer
 where ctr1.ctr_total_return > (select avg(ctr_total_return)*1.2
 			  from customer_total_return ctr2 
                  	  where ctr1.ctr_state = ctr2.ctr_state)
       and ca_address_sk = c_current_addr_sk
       and ca_state = 'TX'
       and ctr1.ctr_customer_sk = c_customer_sk
 order by c_customer_id,c_salutation,c_first_name,c_last_name,ca_street_number,ca_street_name
                   ,ca_street_type,ca_suite_number,ca_city,ca_county,ca_state,ca_zip,ca_country,ca_gmt_offset
                  ,ca_location_type,ctr_total_return
 limit 100;
Limit  (cost=16475.13..16475.17 rows=18 width=215) (actual time=72178.518..72178.532 rows=100 loops=1)
  CTE customer_total_return
    ->  GroupAggregate  (cost=4669.41..4683.51 rows=705 width=19) (actual time=78.607..90.010 rows=27900 loops=1)
          Group Key: catalog_returns.cr_returning_customer_sk, customer_address_1.ca_state
          ->  Sort  (cost=4669.41..4671.17 rows=705 width=19) (actual time=78.599..80.401 rows=28441 loops=1)
                Sort Key: catalog_returns.cr_returning_customer_sk, customer_address_1.ca_state
                Sort Method: quicksort  Memory: 2535kB
                ->  Nested Loop  (cost=0.58..4636.06 rows=705 width=19) (actual time=4.167..70.589 rows=28441 loops=1)
                      ->  Nested Loop  (cost=0.29..4407.70 rows=720 width=24) (actual time=4.161..26.586 rows=28967 loops=1)
                            ->  Seq Scan on date_dim  (cost=0.00..2318.11 rows=363 width=8) (actual time=4.152..8.553 rows=366 loops=1)
                                  Filter: (d_year = 2000)
                                  Rows Removed by Filter: 72683
                            ->  Index Scan using i_cr_returned_date_sk on catalog_returns  (cost=0.29..5.04 rows=72 width=32) (actual time=0.002..0.036 rows=79 loops=366)
                                  Index Cond: (cr_returned_date_sk = date_dim.d_date_sk)
                      ->  Index Scan using pk_customer_address on customer_address customer_address_1  (cost=0.29..0.32 rows=1 width=11) (actual time=0.001..0.001 rows=1 loops=28967)
                            Index Cond: (ca_address_sk = catalog_returns.cr_returning_addr_sk)
  ->  Sort  (cost=11791.62..11791.66 rows=18 width=215) (actual time=72178.517..72178.522 rows=100 loops=1)
        Sort Key: customer.c_customer_id, customer.c_salutation, customer.c_first_name, customer.c_last_name, customer_address.ca_street_number, customer_address.ca_street_name, customer_address.ca_street_type, customer_address.ca_suite_number, customer_address.ca_city, customer_address.ca_county, customer_address.ca_zip, customer_address.ca_country, customer_address.ca_gmt_offset, customer_address.ca_location_type, ctr1.ctr_total_return
        Sort Method: top-N heapsort  Memory: 68kB
        ->  Nested Loop  (cost=0.58..11791.24 rows=18 width=215) (actual time=154.046..72177.509 rows=514 loops=1)
              ->  Nested Loop  (cost=0.29..11715.10 rows=235 width=96) (actual time=103.163..72159.875 rows=6820 loops=1)
                    ->  CTE Scan on customer_total_return ctr1  (cost=0.00..11216.55 rows=235 width=16) (actual time=103.149..72139.316 rows=6844 loops=1)
                          Filter: (ctr_total_return > (SubPlan 2))
                          Rows Removed by Filter: 21056
                          SubPlan 2
                            ->  Aggregate  (cost=15.87..15.89 rows=1 width=8) (actual time=2.582..2.582 rows=1 loops=27900)
                                  ->  CTE Scan on customer_total_return ctr2  (cost=0.00..15.86 rows=4 width=8) (actual time=0.058..2.519 rows=817 loops=27900)
                                        Filter: (ctr1.ctr_state = ctr_state)
                                        Rows Removed by Filter: 27083
                    ->  Index Scan using pk_customer on customer  (cost=0.29..2.12 rows=1 width=96) (actual time=0.002..0.002 rows=1 loops=6844)
                          Index Cond: (c_customer_sk = ctr1.ctr_customer_sk)
              ->  Index Scan using pk_customer_address on customer_address  (cost=0.29..0.32 rows=1 width=135) (actual time=0.002..0.002 rows=0 loops=6820)
                    Index Cond: (ca_address_sk = customer.c_current_addr_sk)
                    Filter: (ca_state = 'TX'::bpchar)
                    Rows Removed by Filter: 1
  c_customer_id   | c_salutation |     c_first_name     |          c_last_name           | ca_street_number |   ca_street_name   | ca_street_type  | ca_suite_number |     ca_city     |      ca_county       | ca_state |   ca_zip   |  ca_country   | ca_gmt_offset |   ca_location_type   |  ctr_total_return  
------------------+--------------+----------------------+--------------------------------+------------------+--------------------+-----------------+-----------------+-----------------+----------------------+----------+------------+---------------+---------------+----------------------+--------------------
 AAAAAAAAAAJEAAAA | Dr.          | Rosalie              | Stowers                        | 108              | 9th Maple          | Pkwy            | Suite E         | Greenfield      | Foard County         | TX       | 75038      | United States |            -6 | condo                |            1714.28
 AAAAAAAAAANABAAA | Mr.          | Charles              | Gonzales                       |                  |                    | Ct.             |                 | Arcola          | Matagorda County     | TX       | 71654      | United States |            -6 |                      |            4561.21
 AAAAAAAAABHFBAAA | Sir          | Dennis               | Brown                          | 193              | Willow Meadow      | Court           | Suite 60        | Riverside       | Scurry County        | TX       | 79231      | United States |            -6 | single family        |            3369.45
 AAAAAAAAACGBAAAA | Mr.          | Freddy               | Clifford                       | 66               | Fourth             | Circle          | Suite 110       | Owens           | Howard County        | TX       | 72324      | United States |            -6 | single family        |            5662.72
 AAAAAAAAACOPAAAA | Dr.          | David                | Hidalgo                        | 310              | Oak                | Circle          | Suite 280       | Saint George    | Comanche County      | TX       | 75281      | United States |            -6 | apartment            |             2198.2
 AAAAAAAAADMOAAAA | Dr.          | Roger                | Franklin                       | 83               | Third Johnson      | Ln              | Suite 310       | Saint Clair     | Travis County        | TX       | 75294      | United States |            -6 | single family        |            5026.82
 AAAAAAAAAECDAAAA | Sir          | Joseph               | Edwards                        | 506              | Spring             | Avenue          | Suite D         | Shiloh          | Bandera County       | TX       | 79275      | United States |            -6 | single family        |            2152.49
 AAAAAAAAAEMOAAAA | Mr.          | Jason                | Riley                          | 711              | Maple              | Ct.             | Suite 40        | Salem           | Titus County         | TX       | 78048      | United States |            -6 | single family        |            2338.51
 AAAAAAAAAFJNAAAA | Dr.          | Lamar                | Rendon                         | 789              | Williams Hill      | Dr.             | Suite 460       | Stringtown      | Palo Pinto County    | TX       | 70162      | United States |            -6 | single family        |            1828.13
 AAAAAAAAAFMPAAAA | Mrs.         | Tammy                | Bryant                         | 805              | 4th                | Road            | Suite B         | Greenfield      | Concho County        | TX       | 75038      | United States |            -6 | condo                |            2153.91
 AAAAAAAAAGCGBAAA |              |                      |                                | 412              | Broadway           | Wy              | Suite X         | Mountain View   | Cherokee County      | TX       | 74466      | United States |            -6 | condo                |            2854.98
 AAAAAAAAAGGEAAAA | Sir          | Steven               | Aguilar                        | 453              | Lakeview Fifth     | Dr.             | Suite V         | Lebanon         | Fisher County        | TX       | 72898      | United States |            -6 | single family        |            3349.68
 AAAAAAAAAGKCBAAA | Mrs.         | Martha               | Lang                           | 274              | 1st                | Road            | Suite 390       | Belmont         | Hunt County          | TX       | 70191      | United States |            -6 | apartment            |            2619.61
 AAAAAAAAAHAABAAA | Dr.          | Deborah              | Chavis                         | 231              | Fifth              | Avenue          | Suite M         | Riverside       | Eastland County      | TX       | 79231      | United States |            -6 | condo                |            4120.86
 AAAAAAAAAHAABAAA | Dr.          | Deborah              | Chavis                         | 231              | Fifth              | Avenue          | Suite M         | Riverside       | Eastland County      | TX       | 79231      | United States |            -6 | condo                |            6964.83
 AAAAAAAAAIMKAAAA | Dr.          | Todd                 | Ingram                         | 716              | First              | Boulevard       | Suite E         | Union           | Bexar County         | TX       | 78721      | United States |            -6 | single family        |            2699.65
 AAAAAAAAAJCBAAAA | Mr.          | Douglas              | Rodriguez                      | 373              | Highland           | Boulevard       | Suite G         | Riverside       | Collin County        | TX       | 79231      | United States |            -6 | apartment            |            1679.69
 AAAAAAAAAJKABAAA |              | Richard              |                                | 452              | Hillcrest Williams | Wy              | Suite 380       | White Oak       | Victoria County      | TX       | 76668      | United States |            -6 | single family        |            2679.51
 AAAAAAAAAJNIAAAA | Ms.          | Martha               | Stanley                        | 52               | 4th                | Blvd            | Suite M         | Brownsville     | Edwards County       | TX       | 79310      | United States |            -6 | apartment            |            2080.19
 AAAAAAAAAJNKAAAA | Sir          | Richard              | Alaniz                         | 414              | 15th               | Road            | Suite 440       | Union           | Dickens County       | TX       | 78721      | United States |            -6 | single family        | 3156.6000000000004
 AAAAAAAAAKBAAAAA |              | Delores              |                                | 33               | Willow             | Lane            | Suite S         | Centerville     | Milam County         | TX       | 70059      | United States |            -6 | single family        |            3086.31
 AAAAAAAAAKFBBAAA | Miss         | Anne                 | Jenkins                        | 732              | Franklin           | Wy              | Suite 310       | Lakewood        | Childress County     | TX       | 78877      | United States |            -6 | apartment            |            7098.32
 AAAAAAAAAKNBAAAA | Sir          | William              | Duncan                         | 975              | 10th               | Ave             | Suite I         | Springdale      | Kent County          | TX       | 78883      | United States |            -6 | single family        |            3039.18
 AAAAAAAAALPLAAAA | Dr.          | Ellen                | Buchanan                       | 350              | Dogwood Seventh    | Ave             | Suite 370       | Kingston        | Potter County        | TX       | 74975      | United States |            -6 | single family        |            4246.16
 AAAAAAAAAMDHAAAA | Mrs.         | Aaron                | Martinez                       | 464              | Hillcrest          | ST              | Suite O         | Jamestown       | Kent County          | TX       | 76867      | United States |            -6 | single family        |            4364.62
 AAAAAAAAAMNABAAA | Mr.          | Wesley               | Romero                         | 13               | Meadow             | RD              | Suite K         | Oak Grove       | Hardeman County      | TX       | 78370      | United States |            -6 | apartment            |            1846.45
 AAAAAAAAANLAAAAA | Mr.          | Mark                 | Hampton                        | 713              | Tenth              | Lane            | Suite T         | Shiloh          | Archer County        | TX       | 79275      | United States |            -6 | single family        |            3014.19
 AAAAAAAAANLDBAAA | Dr.          | Patty                | Foley                          | 163              | Lee                | Circle          | Suite R         | Nichols         | Orange County        | TX       | 77940      | United States |            -6 | condo                |            6703.65
 AAAAAAAAANOKAAAA | Mr.          | James                | Jamison                        | 636              | Poplar             | RD              | Suite 50        | Stringtown      | Denton County        | TX       | 70162      | United States |            -6 | apartment            |            1806.36
 AAAAAAAAAPAIAAAA | Mrs.         | Althea               | Reed                           | 319              | Sunset             | Blvd            | Suite N         | Five Points     | Comal County         | TX       | 76098      | United States |            -6 | condo                |           10838.08
 AAAAAAAAAPIAAAAA | Miss         | Tonya                | Castro                         | 217              | South              | Avenue          | Suite D         | Buckingham      | Archer County        | TX       | 74092      | United States |            -6 | condo                |            3844.98
 AAAAAAAAAPKCAAAA | Dr.          | George               | Gibson                         | 675              | Ridge Dogwood      | Dr.             | Suite 190       | Macedonia       | Jasper County        | TX       | 71087      | United States |            -6 | apartment            |             1874.2
 AAAAAAAABAKCAAAA | Mr.          | Corey                | Buckley                        | 557              | Lake Washington    | Street          | Suite 70        | Lone Oak        | Walker County        | TX       | 76893      | United States |            -6 | condo                |             2131.1
 AAAAAAAABBCJAAAA | Ms.          | Opal                 | Caldwell                       | 831              | Oak                | Ave             | Suite S         | Mount Olive     | Wood County          | TX       | 78059      | United States |            -6 | apartment            |            2158.66
 AAAAAAAABCBEBAAA | Sir          | George               | Chan                           | 988              | Oak 2nd            | Blvd            | Suite 310       | Centerville     | Falls County         | TX       | 70059      | United States |            -6 | apartment            |            4354.64
 AAAAAAAABEAJAAAA | Ms.          | Agnes                | Jones                          | 720              | 13th               | Boulevard       | Suite 180       | Lakeside        | Hardeman County      | TX       | 79532      | United States |            -6 | condo                |            2324.65
 AAAAAAAABFJGBAAA | Dr.          | Richard              | Johnson                        | 82               | Center Ridge       | Ct.             | Suite 300       | Lakeview        | Howard County        | TX       | 78579      | United States |            -6 | condo                |           12414.75
 AAAAAAAABHIDBAAA | Sir          | Armando              | Pettway                        | 251              | Chestnut           | Lane            | Suite 290       | Five Points     | Carson County        | TX       | 76098      | United States |            -6 | single family        |            3851.28
 AAAAAAAABHILAAAA | Ms.          | Margaret             | Burr                           | 458              | First              | Lane            | Suite 330       | Lakeview        | Madison County       | TX       | 78579      | United States |            -6 | condo                |            2335.58
 AAAAAAAABICJAAAA | Miss         | Mable                | Wilson                         | 13               | Birch West         | Lane            | Suite 90        | Wildwood        | Terry County         | TX       | 76871      | United States |            -6 | condo                |            4362.37
 AAAAAAAABIDBAAAA | Mr.          | Jack                 | Jackson                        | 486              | Third              | Circle          | Suite K         | Wilson          | Lamb County          | TX       | 76971      | United States |            -6 | single family        |            7123.89
 AAAAAAAABIDKAAAA | Dr.          | Mireya               | Warren                         | 244              | Ridge              | RD              | Suite E         | Fairfield       | Wise County          | TX       | 76192      | United States |            -6 | apartment            |            3694.49
 AAAAAAAABIPFAAAA | Dr.          | Edna                 | Taylor                         | 592              | Valley             | RD              | Suite L         | Stringtown      | Glasscock County     | TX       | 70162      | United States |            -6 | single family        |            2024.53
 AAAAAAAABKBEAAAA | Dr.          | Jacqueline           | Miller                         | 257              | Main               | Drive           | Suite 280       | Jackson         | Fayette County       | TX       | 79583      | United States |            -6 | condo                |            1783.13
 AAAAAAAABKGCAAAA | Ms.          | Janice               | Johnson                        | 55               | Elm 11th           | Avenue          | Suite 490       | Georgetown      | Lampasas County      | TX       | 77057      | United States |            -6 | single family        |            8865.93
 AAAAAAAABKIDAAAA | Mrs.         | Wanda                | Goodman                        | 875              | Lake Jefferson     | Court           | Suite 10        | Oakwood         | Jones County         | TX       | 70169      | United States |            -6 | apartment            |            2988.54
 AAAAAAAABKMFAAAA | Mrs.         | Lorie                | Hale                           | 485              | Park               | Blvd            | Suite K         | Unionville      | Somervell County     | TX       | 71711      | United States |            -6 | single family        |            2174.46
 AAAAAAAABMIHBAAA | Mrs.         | Sandra               | Dumont                         | 108              | 2nd                | Parkway         | Suite I         | Woodville       | Fort Bend County     | TX       | 74289      | United States |            -6 | single family        |            3893.81
 AAAAAAAABNDBBAAA | Sir          | William              | Richter                        | 751              | 4th                | Dr.             | Suite Q         | Pleasant Valley | Trinity County       | TX       | 72477      | United States |            -6 | condo                |           16452.84
 AAAAAAAABOHFAAAA | Ms.          | Meredith             | Jung                           | 337              | Pine               | RD              | Suite P         | Crossroads      | Camp County          | TX       | 70534      | United States |            -6 | apartment            |            2524.05
 AAAAAAAABOKFBAAA | Dr.          | Christopher          | Green                          | 286              | Ridge              | Street          | Suite 350       | Garrison        | Parker County        | TX       | 78767      | United States |            -6 | single family        |            2309.51
 AAAAAAAABPIGAAAA | Dr.          | Larry                | Adams                          | 712              | 2nd                | Ct.             | Suite 230       | Newtown         | Mitchell County      | TX       | 71749      | United States |            -6 | apartment            |            2818.62
 AAAAAAAABPMJAAAA | Dr.          | Jimmy                | Powers                         | 418              | Lee Main           | Road            | Suite 100       | Hamilton        | Camp County          | TX       | 72808      | United States |            -6 | apartment            |           11800.88
 AAAAAAAACAEDAAAA | Dr.          | Daniel               | Harris                         | 728              | Cherry             | Blvd            | Suite 10        | Greenfield      | Scurry County        | TX       | 75038      | United States |            -6 | single family        |            3246.17
 AAAAAAAACAEDAAAA | Dr.          | Daniel               | Harris                         | 728              | Cherry             | Blvd            | Suite 10        | Greenfield      | Scurry County        | TX       | 75038      | United States |            -6 | single family        |            5159.86
 AAAAAAAACAHAAAAA | Mrs.         | Mollie               | Hall                           | 511              | Cherry             | Avenue          | Suite 110       | Mount Olive     | Williamson County    | TX       | 78059      | United States |            -6 | single family        |            2919.12
 AAAAAAAACCDPAAAA | Miss         | Sara                 | Edwards                        | 563              | Seventh Cedar      | Court           | Suite U         | Dallas          | Milam County         | TX       | 73628      | United States |            -6 | condo                |            7878.22
 AAAAAAAACCLEAAAA | Ms.          | Corine               | Butler                         | 318              | Miller             | Boulevard       | Suite S         | Mount Vernon    | Williamson County    | TX       | 78482      | United States |            -6 | apartment            |            4265.69
 AAAAAAAACDABAAAA | Miss         | Bernice              | Benner                         | 828              | Cedar              | RD              | Suite S         | Bridgeport      | Webb County          | TX       | 75817      | United States |            -6 | condo                |            1653.53
 AAAAAAAACDDABAAA | Sir          | John                 | Rodrigue                       | 439              | 7th                | Court           | Suite W         | Mount Olive     | Val Verde County     | TX       | 78059      | United States |            -6 | single family        |            2358.39
 AAAAAAAACDEGBAAA | Dr.          | Stephen              | Briggs                         | 580              | North Jackson      | Road            | Suite K         | Riverdale       | Hale County          | TX       | 79391      | United States |            -6 | single family        |            2761.55
 AAAAAAAACGFBAAAA | Dr.          | Omer                 | Stackhouse                     | 46               | 6th                | Court           | Suite 340       | Valley View     | Willacy County       | TX       | 75124      | United States |            -6 | apartment            |            2298.79
 AAAAAAAACGNAAAAA | Mr.          | Jeffrey              | Perkins                        | 622              | Mill               | ST              | Suite X         | New Hope        | Cherokee County      | TX       | 79431      | United States |            -6 | single family        |            1771.37
 AAAAAAAACIMPAAAA | Dr.          | Mercedes             | Dunn                           | 14               | Green              | ST              | Suite 150       | Harmony         | Collingsworth County | TX       | 75804      | United States |            -6 | apartment            |            2850.22
 AAAAAAAACKJAAAAA | Sir          | Michael              | Thompson                       | 182              | Park               | Ave             | Suite Q         | Buena Vista     | Webb County          | TX       | 75752      | United States |            -6 | single family        |            1849.33
 AAAAAAAACKKBAAAA | Sir          | Michael              | Smith                          | 229              | Park Sunset        | Road            | Suite T         | Woodlawn        | Cooke County         | TX       | 74098      | United States |            -6 | condo                |            3091.82
 AAAAAAAACKMDAAAA | Mr.          | Chance               | Boyd                           | 20               | First              | Parkway         | Suite 50        | Lucas           | Dimmit County        | TX       | 74554      | United States |            -6 | single family        | 12879.249999999998
 AAAAAAAACKNLAAAA | Sir          | Vincent              | Fulmer                         | 428              |                    | Blvd            | Suite 370       | Pleasant Valley |                      | TX       | 72477      | United States |            -6 |                      |            3195.24
 AAAAAAAACLFPAAAA | Dr.          | John                 | Davis                          | 677              | 7th 6th            | Cir.            | Suite D         | Wildwood        | Erath County         | TX       | 76871      | United States |            -6 | single family        |             8339.3
 AAAAAAAACMCCAAAA | Ms.          | Ida                  | Torres                         | 485              | View               | Ct.             | Suite T         | Woodcrest       | Jasper County        | TX       | 74919      | United States |            -6 | single family        |            2930.99
 AAAAAAAACMICAAAA | Mr.          | Lee                  | Perez                          | 190              | Broadway East      | Parkway         | Suite 410       | Plainview       | Hudspeth County      | TX       | 73683      | United States |            -6 | apartment            |            1620.27
 AAAAAAAACMKCAAAA | Mr.          | William              | Mcneill                        | 373              | Davis              | Way             | Suite 400       | Brownsville     | Starr County         | TX       | 79310      | United States |            -6 | condo                |            2346.04
 AAAAAAAACNCBAAAA | Dr.          | Martin               | Dempsey                        | 447              | Pine               | Road            | Suite A         | Mountain View   | Houston County       | TX       | 74466      | United States |            -6 | condo                |            2292.45
 AAAAAAAACNCCBAAA | Mr.          | Edward               | Mays                           | 806              | Spruce             | RD              | Suite A         | Arlington       | Goliad County        | TX       | 76557      | United States |            -6 | condo                |            2237.51
 AAAAAAAACNGFAAAA | Dr.          | Jack                 | Trimble                        | 444              |                    |                 |                 | Flatwoods       | Reagan County        | TX       |            |               |               |                      |            5810.18
 AAAAAAAACNHFAAAA | Mrs.         | Alice                | Macdonald                      | 770              | Pine Forest        | Way             | Suite 360       | Greenwood       | Kent County          | TX       | 78828      | United States |            -6 | condo                |            2720.49
 AAAAAAAACNOCAAAA | Mrs.         | Kathleen             | Knapp                          | 463              | Eigth 14th         | Blvd            | Suite 360       | Green Acres     | Rains County         | TX       | 77683      | United States |            -6 | condo                |            3928.89
 AAAAAAAACPBFBAAA | Miss         | Albert               | Hewitt                         | 58               | 6th Pine           | Court           | Suite Y         | Deerfield       | Franklin County      | TX       | 79840      | United States |            -6 | condo                |             3182.8
 AAAAAAAACPFEAAAA | Mr.          | Jesse                | Smith                          | 332              | Elm                | Road            | Suite T         | Ashland         | Reagan County        | TX       | 74244      | United States |            -6 | single family        |            4753.51
 AAAAAAAACPOFBAAA | Miss         | Julia                | Houston                        | 93               | Hill               | RD              | Suite 90        | Salem           | San Augustine County | TX       | 78048      | United States |            -6 | condo                |            4201.34
 AAAAAAAADAAPAAAA | Miss         | Julia                | James                          | 544              | Second             | RD              | Suite N         | Buena Vista     | Hardeman County      | TX       | 75752      | United States |            -6 | condo                |            2453.65
 AAAAAAAADAKNAAAA | Sir          | Chad                 | Brown                          | 213              | Elm                | Street          | Suite 370       | Woodland        | Grimes County        | TX       | 74854      | United States |            -6 | condo                |            2872.04
 AAAAAAAADALIAAAA | Mrs.         | Diana                | Free                           | 511              | Sycamore Third     | Ct.             | Suite 490       | Antioch         | Austin County        | TX       | 78605      | United States |            -6 | condo                |            2925.51
 AAAAAAAADBEGBAAA | Mr.          | Kyle                 | Franks                         | 168              | North Church       | ST              | Suite 490       | White Oak       | Parker County        | TX       | 76668      | United States |            -6 | condo                |            1950.99
 AAAAAAAADBEJAAAA | Mr.          | Harold               | Boisvert                       | 558              | Hickory 6th        | Wy              | Suite 120       | Woodlawn        | Smith County         | TX       | 74098      | United States |            -6 | single family        |            2092.86
 AAAAAAAADBOIAAAA | Sir          | Elwood               | Loyd                           | 69               | Adams Smith        | Road            | Suite L         | Willis          | Franklin County      | TX       | 76788      | United States |            -6 | apartment            |            2025.73
 AAAAAAAADCIABAAA | Dr.          | Gay                  | Slade                          | 921              | Spring 2nd         | ST              | Suite 0         | Superior        | Jeff Davis County    | TX       | 72562      | United States |            -6 | single family        |            7089.76
 AAAAAAAADCIHAAAA | Mr.          | Joseph               | Baca                           | 311              | 6th 4th            | Ln              | Suite A         | Wilson          | Lamb County          | TX       | 76971      | United States |            -6 | condo                |            3081.42
 AAAAAAAADCPPAAAA | Dr.          | Lester               | Arnold                         | 836              | 3rd Laurel         | Wy              | Suite V         | Belmont         | Crockett County      | TX       | 70191      | United States |            -6 | apartment            | 3714.9300000000003
 AAAAAAAADDHHAAAA | Mrs.         | Angel                | Wood                           | 689              | 2nd                | Ave             | Suite 70        | Deerfield       | Deaf Smith County    | TX       | 79840      | United States |            -6 | single family        |            4244.76
 AAAAAAAADEBIBAAA | Miss         | Eleanora             | Nguyen                         | 959              | Pine 3rd           | Avenue          | Suite 60        | Pine Grove      | Anderson County      | TX       | 74593      | United States |            -6 | single family        |            2429.42
 AAAAAAAADECPAAAA | Dr.          | Albert               | Ryan                           | 810              | Ninth              | Wy              | Suite 210       | Lakeview        | Carson County        | TX       | 78579      | United States |            -6 | apartment            |            9416.47
 AAAAAAAADEFOAAAA | Ms.          | Eula                 | Strand                         | 583              | Walnut             | Court           | Suite 250       | Arlington       | Bexar County         | TX       | 76557      | United States |            -6 | single family        |            2322.54
 AAAAAAAADEIIAAAA | Ms.          | Ruthie               | Taylor                         | 808              | First Wilson       | Cir.            | Suite 100       | Shiloh          | Orange County        | TX       | 79275      | United States |            -6 | condo                |            7944.91
 AAAAAAAADFCPAAAA |              | Maureen              | Dunham                         | 977              | 4th                | Cir.            | Suite X         | Pleasant Grove  | Motley County        | TX       | 74136      | United States |            -6 | condo                |             2980.9
 AAAAAAAADGEFAAAA | Ms.          | April                |                                | 467              | Valley             | Pkwy            | Suite S         | Oak Hill        | Wilson County        | TX       | 77838      | United States |            -6 | condo                |            2439.35
 AAAAAAAADGKAAAAA | Mrs.         | Elizabeth            | Robinson                       | 930              | First Center       | Circle          | Suite 160       | Wilson          | Webb County          | TX       | 76971      | United States |            -6 | single family        |            1881.88
 AAAAAAAADHOGAAAA | Dr.          | Brenda               | Gray                           | 104              | Pine Main          | Court           | Suite 70        | Mount Pleasant  | Rusk County          | TX       | 71933      | United States |            -6 | condo                |            2278.79
 AAAAAAAADIAEBAAA | Dr.          | Charles              | Cole                           | 365              | Franklin           | Lane            | Suite 390       | Bethel          | Edwards County       | TX       | 75281      | United States |            -6 | single family        |             5160.4
 AAAAAAAADIPJAAAA | Miss         | Julie                | Devlin                         | 684              | 15th               | Road            | Suite Q         | Jamestown       | Castro County        | TX       | 76867      | United States |            -6 | single family        |            2480.31
(100 rows)

UPDATE time_statistics SET e_time = TRANSACTION_TIMESTAMP() WHERE template = 'query81.tpl' AND stream = 8;
psql:/tmp/s1-basline/throughput/query_8.sql:2254: NOTICE:  duration: 0.082 ms  plan:
Query Text: UPDATE time_statistics SET e_time = TRANSACTION_TIMESTAMP() WHERE template = 'query81.tpl' AND stream = 8;
Update on time_statistics  (cost=0.00..16.54 rows=0 width=0) (actual time=0.081..0.081 rows=0 loops=1)
  ->  Seq Scan on time_statistics  (cost=0.00..16.54 rows=1 width=14) (actual time=0.059..0.067 rows=1 loops=1)
        Filter: ((template = 'query81.tpl'::text) AND (stream = 8))
        Rows Removed by Filter: 466
UPDATE 1
LOAD 'auto_explain'; SET auto_explain.log_min_duration TO 0; SET auto_explain.log_analyze TO on; SET auto_explain.log_level TO notice; INSERT INTO time_statistics (template, s_time, stream, query, seed) VALUES ('query93.tpl', TRANSACTION_TIMESTAMP(), 8, 40, 603563826);
LOAD
SET
SET
SET
psql:/tmp/s1-basline/throughput/query_8.sql:2255: NOTICE:  duration: 0.008 ms  plan:
Query Text: INSERT INTO time_statistics (template, s_time, stream, query, seed) VALUES ('query93.tpl', TRANSACTION_TIMESTAMP(), 8, 40, 603563826);
Insert on time_statistics  (cost=0.00..0.01 rows=0 width=0) (actual time=0.008..0.008 rows=0 loops=1)
  ->  Result  (cost=0.00..0.01 rows=1 width=64) (actual time=0.001..0.001 rows=1 loops=1)
INSERT 0 1
select  ss_customer_sk
            ,sum(act_sales) sumsales
      from (select ss_item_sk
                  ,ss_ticket_number
                  ,ss_customer_sk
                  ,case when sr_return_quantity is not null then (ss_quantity-sr_return_quantity)*ss_sales_price
                                                            else (ss_quantity*ss_sales_price) end act_sales
            from store_sales left outer join store_returns on (sr_item_sk = ss_item_sk
                                                               and sr_ticket_number = ss_ticket_number)
                ,reason
            where sr_reason_sk = r_reason_sk
              and r_reason_desc = 'reason 52') t
      group by ss_customer_sk
      order by sumsales, ss_customer_sk
limit 100;
psql:/tmp/s1-basline/throughput/query_8.sql:2270: NOTICE:  duration: 0.024 ms  plan:
Query Text: select  ss_customer_sk
            ,sum(act_sales) sumsales
      from (select ss_item_sk
                  ,ss_ticket_number
                  ,ss_customer_sk
                  ,case when sr_return_quantity is not null then (ss_quantity-sr_return_quantity)*ss_sales_price
                                                            else (ss_quantity*ss_sales_price) end act_sales
            from store_sales left outer join store_returns on (sr_item_sk = ss_item_sk
                                                               and sr_ticket_number = ss_ticket_number)
                ,reason
            where sr_reason_sk = r_reason_sk
              and r_reason_desc = 'reason 52') t
      group by ss_customer_sk
      order by sumsales, ss_customer_sk
limit 100;
Limit  (cost=16508.43..16508.46 rows=10 width=16) (actual time=0.022..0.023 rows=0 loops=1)
  ->  Sort  (cost=16508.43..16508.46 rows=10 width=16) (actual time=0.021..0.023 rows=0 loops=1)
        Sort Key: (sum(CASE WHEN (store_returns.sr_return_quantity IS NOT NULL) THEN (((store_sales.ss_quantity - store_returns.sr_return_quantity))::double precision * store_sales.ss_sales_price) ELSE ((store_sales.ss_quantity)::double precision * store_sales.ss_sales_price) END)), store_sales.ss_customer_sk
        Sort Method: quicksort  Memory: 25kB
        ->  GroupAggregate  (cost=16507.97..16508.27 rows=10 width=16) (actual time=0.018..0.020 rows=0 loops=1)
              Group Key: store_sales.ss_customer_sk
              ->  Sort  (cost=16507.97..16507.99 rows=10 width=24) (actual time=0.018..0.019 rows=0 loops=1)
                    Sort Key: store_sales.ss_customer_sk
                    Sort Method: quicksort  Memory: 25kB
                    ->  Nested Loop  (cost=1.88..16507.80 rows=10 width=24) (actual time=0.017..0.018 rows=0 loops=1)
                          ->  Hash Join  (cost=1.45..10284.28 rows=7965 width=20) (actual time=0.016..0.017 rows=0 loops=1)
                                Hash Cond: (store_returns.sr_reason_sk = reason.r_reason_sk)
                                ->  Seq Scan on store_returns  (cost=0.00..9436.93 rows=288493 width=28) (actual time=0.004..0.004 rows=1 loops=1)
                                ->  Hash  (cost=1.44..1.44 rows=1 width=8) (actual time=0.009..0.009 rows=0 loops=1)
                                      Buckets: 1024  Batches: 1  Memory Usage: 8kB
                                      ->  Seq Scan on reason  (cost=0.00..1.44 rows=1 width=8) (actual time=0.009..0.009 rows=0 loops=1)
                                            Filter: (r_reason_desc = 'reason 52'::bpchar)
                                            Rows Removed by Filter: 35
                          ->  Index Scan using pk_store_sales on store_sales  (cost=0.43..0.78 rows=1 width=36) (never executed)
                                Index Cond: ((ss_item_sk = store_returns.sr_item_sk) AND (ss_ticket_number = store_returns.sr_ticket_number))
 ss_customer_sk | sumsales 
----------------+----------
(0 rows)

UPDATE time_statistics SET e_time = TRANSACTION_TIMESTAMP() WHERE template = 'query93.tpl' AND stream = 8;
psql:/tmp/s1-basline/throughput/query_8.sql:2272: NOTICE:  duration: 0.057 ms  plan:
Query Text: UPDATE time_statistics SET e_time = TRANSACTION_TIMESTAMP() WHERE template = 'query93.tpl' AND stream = 8;
Update on time_statistics  (cost=0.00..16.54 rows=0 width=0) (actual time=0.057..0.057 rows=0 loops=1)
  ->  Seq Scan on time_statistics  (cost=0.00..16.54 rows=1 width=14) (actual time=0.049..0.050 rows=1 loops=1)
        Filter: ((template = 'query93.tpl'::text) AND (stream = 8))
        Rows Removed by Filter: 467
UPDATE 1
LOAD 'auto_explain'; SET auto_explain.log_min_duration TO 0; SET auto_explain.log_analyze TO on; SET auto_explain.log_level TO notice; INSERT INTO time_statistics (template, s_time, stream, query, seed) VALUES ('query25.tpl', TRANSACTION_TIMESTAMP(), 8, 41, 1450124524);
LOAD
SET
SET
SET
psql:/tmp/s1-basline/throughput/query_8.sql:2273: NOTICE:  duration: 0.007 ms  plan:
Query Text: INSERT INTO time_statistics (template, s_time, stream, query, seed) VALUES ('query25.tpl', TRANSACTION_TIMESTAMP(), 8, 41, 1450124524);
Insert on time_statistics  (cost=0.00..0.01 rows=0 width=0) (actual time=0.007..0.007 rows=0 loops=1)
  ->  Result  (cost=0.00..0.01 rows=1 width=64) (actual time=0.001..0.001 rows=1 loops=1)
INSERT 0 1
select  
 i_item_id
 ,i_item_desc
 ,s_store_id
 ,s_store_name
 ,min(ss_net_profit) as store_sales_profit
 ,min(sr_net_loss) as store_returns_loss
 ,min(cs_net_profit) as catalog_sales_profit
 from
 store_sales
 ,store_returns
 ,catalog_sales
 ,date_dim d1
 ,date_dim d2
 ,date_dim d3
 ,store
 ,item
 where
 d1.d_moy = 4
 and d1.d_year = 2002
 and d1.d_date_sk = ss_sold_date_sk
 and i_item_sk = ss_item_sk
 and s_store_sk = ss_store_sk
 and ss_customer_sk = sr_customer_sk
 and ss_item_sk = sr_item_sk
 and ss_ticket_number = sr_ticket_number
 and sr_returned_date_sk = d2.d_date_sk
 and d2.d_moy               between 4 and  10
 and d2.d_year              = 2002
 and sr_customer_sk = cs_bill_customer_sk
 and sr_item_sk = cs_item_sk
 and cs_sold_date_sk = d3.d_date_sk
 and d3.d_moy               between 4 and  10 
 and d3.d_year              = 2002
 group by
 i_item_id
 ,i_item_desc
 ,s_store_id
 ,s_store_name
 order by
 i_item_id
 ,i_item_desc
 ,s_store_id
 ,s_store_name
 limit 100;
psql:/tmp/s1-basline/throughput/query_8.sql:2318: NOTICE:  duration: 1479.504 ms  plan:
Query Text: select  
 i_item_id
 ,i_item_desc
 ,s_store_id
 ,s_store_name
 ,min(ss_net_profit) as store_sales_profit
 ,min(sr_net_loss) as store_returns_loss
 ,min(cs_net_profit) as catalog_sales_profit
 from
 store_sales
 ,store_returns
 ,catalog_sales
 ,date_dim d1
 ,date_dim d2
 ,date_dim d3
 ,store
 ,item
 where
 d1.d_moy = 4
 and d1.d_year = 2002
 and d1.d_date_sk = ss_sold_date_sk
 and i_item_sk = ss_item_sk
 and s_store_sk = ss_store_sk
 and ss_customer_sk = sr_customer_sk
 and ss_item_sk = sr_item_sk
 and ss_ticket_number = sr_ticket_number
 and sr_returned_date_sk = d2.d_date_sk
 and d2.d_moy               between 4 and  10
 and d2.d_year              = 2002
 and sr_customer_sk = cs_bill_customer_sk
 and sr_item_sk = cs_item_sk
 and cs_sold_date_sk = d3.d_date_sk
 and d3.d_moy               between 4 and  10 
 and d3.d_year              = 2002
 group by
 i_item_id
 ,i_item_desc
 ,s_store_id
 ,s_store_name
 order by
 i_item_id
 ,i_item_desc
 ,s_store_id
 ,s_store_name
 limit 100;
Limit  (cost=11607.04..11607.08 rows=1 width=165) (actual time=1479.497..1479.500 rows=0 loops=1)
  ->  GroupAggregate  (cost=11607.04..11607.08 rows=1 width=165) (actual time=1479.497..1479.499 rows=0 loops=1)
        Group Key: item.i_item_id, item.i_item_desc, store.s_store_id, store.s_store_name
        ->  Sort  (cost=11607.04..11607.05 rows=1 width=165) (actual time=1479.495..1479.498 rows=0 loops=1)
              Sort Key: item.i_item_id, item.i_item_desc, store.s_store_id, store.s_store_name
              Sort Method: quicksort  Memory: 25kB
              ->  Nested Loop  (cost=2.15..11607.03 rows=1 width=165) (actual time=1479.488..1479.491 rows=0 loops=1)
                    ->  Nested Loop  (cost=1.86..11606.73 rows=1 width=70) (actual time=1479.488..1479.490 rows=0 loops=1)
                          Join Filter: (store_sales.ss_store_sk = store.s_store_sk)
                          ->  Nested Loop  (cost=1.86..11605.46 rows=1 width=56) (actual time=1479.488..1479.490 rows=0 loops=1)
                                ->  Nested Loop  (cost=1.57..11605.14 rows=1 width=64) (actual time=855.014..1479.482 rows=1 loops=1)
                                      ->  Nested Loop  (cost=1.28..11604.82 rows=1 width=72) (actual time=21.988..1479.392 rows=15 loops=1)
                                            ->  Nested Loop  (cost=0.85..11602.60 rows=1 width=64) (actual time=4.780..148.305 rows=18617 loops=1)
                                                  ->  Nested Loop  (cost=0.42..10961.16 rows=808 width=32) (actual time=4.769..41.067 rows=25659 loops=1)
                                                        ->  Seq Scan on date_dim d2  (cost=0.00..2683.36 rows=212 width=8) (actual time=4.759..9.877 rows=214 loops=1)
                                                              Filter: ((d_moy >= 4) AND (d_moy <= 10) AND (d_year = 2002))
                                                              Rows Removed by Filter: 72835
                                                        ->  Index Scan using i_sr_returned_date_sk on store_returns  (cost=0.42..37.65 rows=140 width=40) (actual time=0.004..0.115 rows=120 loops=214)
                                                              Index Cond: (sr_returned_date_sk = d2.d_date_sk)
                                                  ->  Index Scan using pk_store_sales on store_sales  (cost=0.43..0.78 rows=1 width=48) (actual time=0.004..0.004 rows=1 loops=25659)
                                                        Index Cond: ((ss_item_sk = store_returns.sr_item_sk) AND (ss_ticket_number = store_returns.sr_ticket_number))
                                                        Filter: (store_returns.sr_customer_sk = ss_customer_sk)
                                                        Rows Removed by Filter: 0
                                            ->  Index Scan using pk_catalog_sales on catalog_sales  (cost=0.43..2.21 rows=1 width=32) (actual time=0.071..0.071 rows=0 loops=18617)
                                                  Index Cond: (cs_item_sk = store_sales.ss_item_sk)
                                                  Filter: (store_sales.ss_customer_sk = cs_bill_customer_sk)
                                                  Rows Removed by Filter: 88
                                      ->  Index Scan using pk_date_dim on date_dim d1  (cost=0.29..0.32 rows=1 width=8) (actual time=0.005..0.005 rows=0 loops=15)
                                            Index Cond: (d_date_sk = store_sales.ss_sold_date_sk)
                                            Filter: ((d_moy = 4) AND (d_year = 2002))
                                            Rows Removed by Filter: 1
                                ->  Index Scan using pk_date_dim on date_dim d3  (cost=0.29..0.32 rows=1 width=8) (actual time=0.006..0.006 rows=0 loops=1)
                                      Index Cond: (d_date_sk = catalog_sales.cs_sold_date_sk)
                                      Filter: ((d_moy >= 4) AND (d_moy <= 10) AND (d_year = 2002))
                                      Rows Removed by Filter: 1
                          ->  Seq Scan on store  (cost=0.00..1.12 rows=12 width=30) (never executed)
                    ->  Index Scan using pk_item on item  (cost=0.29..0.31 rows=1 width=127) (never executed)
                          Index Cond: (i_item_sk = store_sales.ss_item_sk)
 i_item_id | i_item_desc | s_store_id | s_store_name | store_sales_profit | store_returns_loss | catalog_sales_profit 
-----------+-------------+------------+--------------+--------------------+--------------------+----------------------
(0 rows)

UPDATE time_statistics SET e_time = TRANSACTION_TIMESTAMP() WHERE template = 'query25.tpl' AND stream = 8;
psql:/tmp/s1-basline/throughput/query_8.sql:2320: NOTICE:  duration: 0.079 ms  plan:
Query Text: UPDATE time_statistics SET e_time = TRANSACTION_TIMESTAMP() WHERE template = 'query25.tpl' AND stream = 8;
Update on time_statistics  (cost=0.00..16.54 rows=0 width=0) (actual time=0.078..0.078 rows=0 loops=1)
  ->  Seq Scan on time_statistics  (cost=0.00..16.54 rows=1 width=14) (actual time=0.061..0.062 rows=1 loops=1)
        Filter: ((template = 'query25.tpl'::text) AND (stream = 8))
        Rows Removed by Filter: 468
UPDATE 1
LOAD 'auto_explain'; SET auto_explain.log_min_duration TO 0; SET auto_explain.log_analyze TO on; SET auto_explain.log_level TO notice; INSERT INTO time_statistics (template, s_time, stream, query, seed) VALUES ('query26.tpl', TRANSACTION_TIMESTAMP(), 8, 42, 511163604);
LOAD
SET
SET
SET
psql:/tmp/s1-basline/throughput/query_8.sql:2321: NOTICE:  duration: 0.009 ms  plan:
Query Text: INSERT INTO time_statistics (template, s_time, stream, query, seed) VALUES ('query26.tpl', TRANSACTION_TIMESTAMP(), 8, 42, 511163604);
Insert on time_statistics  (cost=0.00..0.01 rows=0 width=0) (actual time=0.008..0.008 rows=0 loops=1)
  ->  Result  (cost=0.00..0.01 rows=1 width=64) (actual time=0.002..0.002 rows=1 loops=1)
INSERT 0 1
select  i_item_id, 
        avg(cs_quantity) agg1,
        avg(cs_list_price) agg2,
        avg(cs_coupon_amt) agg3,
        avg(cs_sales_price) agg4 
 from catalog_sales, customer_demographics, date_dim, item, promotion
 where cs_sold_date_sk = d_date_sk and
       cs_item_sk = i_item_sk and
       cs_bill_cdemo_sk = cd_demo_sk and
       cs_promo_sk = p_promo_sk and
       cd_gender = 'M' and 
       cd_marital_status = 'S' and
       cd_education_status = 'Unknown' and
       (p_channel_email = 'N' or p_channel_event = 'N') and
       d_year = 1998 
 group by i_item_id
 order by i_item_id
 limit 100;
psql:/tmp/s1-basline/throughput/query_8.sql:2339: NOTICE:  duration: 645.652 ms  plan:
Query Text: select  i_item_id, 
        avg(cs_quantity) agg1,
        avg(cs_list_price) agg2,
        avg(cs_coupon_amt) agg3,
        avg(cs_sales_price) agg4 
 from catalog_sales, customer_demographics, date_dim, item, promotion
 where cs_sold_date_sk = d_date_sk and
       cs_item_sk = i_item_sk and
       cs_bill_cdemo_sk = cd_demo_sk and
       cs_promo_sk = p_promo_sk and
       cd_gender = 'M' and 
       cd_marital_status = 'S' and
       cd_education_status = 'Unknown' and
       (p_channel_email = 'N' or p_channel_event = 'N') and
       d_year = 1998 
 group by i_item_id
 order by i_item_id
 limit 100;
Limit  (cost=24956.47..24959.94 rows=99 width=73) (actual time=645.490..645.594 rows=100 loops=1)
  ->  GroupAggregate  (cost=24956.47..24959.94 rows=99 width=73) (actual time=645.489..645.587 rows=100 loops=1)
        Group Key: item.i_item_id
        ->  Sort  (cost=24956.47..24956.72 rows=99 width=45) (actual time=645.475..645.482 rows=126 loops=1)
              Sort Key: item.i_item_id
              Sort Method: quicksort  Memory: 443kB
              ->  Nested Loop  (cost=1.29..24953.19 rows=99 width=45) (actual time=4.554..634.383 rows=4038 loops=1)
                    ->  Nested Loop  (cost=1.00..24922.90 rows=99 width=36) (actual time=4.549..625.460 rows=4038 loops=1)
                          ->  Nested Loop  (cost=0.85..24905.90 rows=100 width=44) (actual time=4.545..620.475 rows=4073 loops=1)
                                ->  Nested Loop  (cost=0.43..21531.98 rows=7137 width=52) (actual time=4.147..131.758 rows=282616 loops=1)
                                      ->  Seq Scan on date_dim  (cost=0.00..2318.11 rows=363 width=8) (actual time=4.140..9.775 rows=365 loops=1)
                                            Filter: (d_year = 1998)
                                            Rows Removed by Filter: 72684
                                      ->  Index Scan using i_cs_sold_date_sk on catalog_sales  (cost=0.43..45.08 rows=785 width=60) (actual time=0.004..0.180 rows=774 loops=365)
                                            Index Cond: (cs_sold_date_sk = date_dim.d_date_sk)
                                ->  Index Scan using pk_customer_demographics on customer_demographics  (cost=0.43..0.47 rows=1 width=8) (actual time=0.002..0.002 rows=0 loops=282616)
                                      Index Cond: (cd_demo_sk = catalog_sales.cs_bill_cdemo_sk)
                                      Filter: ((cd_gender = 'M'::bpchar) AND (cd_marital_status = 'S'::bpchar) AND (cd_education_status = 'Unknown'::bpchar))
                                      Rows Removed by Filter: 1
                          ->  Index Scan using pk_promotion on promotion  (cost=0.15..0.17 rows=1 width=8) (actual time=0.001..0.001 rows=1 loops=4073)
                                Index Cond: (p_promo_sk = catalog_sales.cs_promo_sk)
                                Filter: ((p_channel_email = 'N'::bpchar) OR (p_channel_event = 'N'::bpchar))
                                Rows Removed by Filter: 0
                    ->  Index Scan using pk_item on item  (cost=0.29..0.31 rows=1 width=25) (actual time=0.002..0.002 rows=1 loops=4038)
                          Index Cond: (i_item_sk = catalog_sales.cs_item_sk)
    i_item_id     |        agg1         |        agg2        |        agg3        |        agg4        
------------------+---------------------+--------------------+--------------------+--------------------
 AAAAAAAAAAAEAAAA | 75.0000000000000000 |             134.26 |                  0 |              24.16
 AAAAAAAAAABAAAAA | 52.0000000000000000 |             86.155 |                  0 |              65.98
 AAAAAAAAAADBAAAA | 28.0000000000000000 |              73.39 |                  0 |               1.46
 AAAAAAAAAAEAAAAA | 73.0000000000000000 | 27.566666666666666 | 11.646666666666667 | 22.130000000000006
 AAAAAAAAAAEBAAAA | 29.0000000000000000 |              63.48 |             692.48 |              24.12
 AAAAAAAAAAFDAAAA | 68.0000000000000000 |             111.71 |                  0 |              70.37
 AAAAAAAAAAGBAAAA | 92.0000000000000000 |             141.32 |                  0 |              36.74
 AAAAAAAAAAGCAAAA | 87.0000000000000000 |               63.7 |                  0 |              19.74
 AAAAAAAAAAHDAAAA | 48.0000000000000000 |               6.48 |                  0 |                1.1
 AAAAAAAAAAIDAAAA | 98.0000000000000000 |              13.03 |             679.14 |                9.9
 AAAAAAAAAAKDAAAA | 25.0000000000000000 |              10.61 |                  0 |               5.72
 AAAAAAAAAALDAAAA | 89.0000000000000000 |             141.08 |                  0 |             122.73
 AAAAAAAAAAMBAAAA | 44.5000000000000000 |            132.365 |            2969.49 |  86.77000000000001
 AAAAAAAAABBCAAAA |  6.0000000000000000 |             100.47 |                  0 |               86.4
 AAAAAAAAABCBAAAA | 74.5000000000000000 |            223.985 |                  0 |             100.94
 AAAAAAAAABEAAAAA | 29.0000000000000000 |              61.84 |                  0 |              40.81
 AAAAAAAAABECAAAA | 12.0000000000000000 |             184.85 |                  0 |             133.09
 AAAAAAAAABFCAAAA | 14.0000000000000000 |              91.82 |                  0 |              71.61
 AAAAAAAAABHCAAAA | 19.5000000000000000 |  90.13499999999999 |              26.13 | 11.065000000000001
 AAAAAAAAABHDAAAA | 52.0000000000000000 |             107.71 |            2951.67 |              66.78
 AAAAAAAAABICAAAA | 23.5000000000000000 |             61.215 |                  0 |              40.86
 AAAAAAAAABKAAAAA | 81.0000000000000000 |              30.62 |                  0 |              18.37
 AAAAAAAAABMDAAAA | 86.0000000000000000 |              89.99 |                  0 |              48.59
 AAAAAAAAACBBAAAA | 53.0000000000000000 |             178.07 |                  0 |              58.76
 AAAAAAAAACCDAAAA | 37.0000000000000000 |               14.2 |                  0 |               9.94
 AAAAAAAAACDAAAAA | 22.0000000000000000 |              63.18 |            1021.07 |              58.75
 AAAAAAAAACEBAAAA | 71.5000000000000000 |             77.685 |                  0 |              46.54
 AAAAAAAAACECAAAA | 29.0000000000000000 |              88.62 |            206.185 |              18.28
 AAAAAAAAACFAAAAA | 86.5000000000000000 |             130.85 |           2763.065 |            104.405
 AAAAAAAAACFBAAAA |  9.0000000000000000 |              93.77 |                  0 |              34.69
 AAAAAAAAACFDAAAA | 67.0000000000000000 |              253.2 |                  0 |              37.98
 AAAAAAAAACGAAAAA | 44.0000000000000000 |             253.51 |                  0 |             129.29
 AAAAAAAAACGCAAAA |  6.0000000000000000 |             117.78 |                  0 |             103.64
 AAAAAAAAACIBAAAA | 57.5000000000000000 | 47.364999999999995 |            543.745 | 30.560000000000002
 AAAAAAAAACLBAAAA | 55.0000000000000000 |              22.04 |                  0 |               5.73
 AAAAAAAAACLDAAAA | 22.0000000000000000 |              13.31 |                  0 |               8.78
 AAAAAAAAACMAAAAA | 63.0000000000000000 |             114.21 |                  0 |              31.97
 AAAAAAAAACNCAAAA | 58.0000000000000000 |             187.95 |           1375.155 |             97.145
 AAAAAAAAACOAAAAA | 68.0000000000000000 |             115.24 |             2715.1 |             114.08
 AAAAAAAAACOBAAAA | 40.0000000000000000 |              58.93 |            1492.74 | 47.989999999999995
 AAAAAAAAACODAAAA | 51.0000000000000000 |              56.09 |                  0 |               2.24
 AAAAAAAAADACAAAA | 36.5000000000000000 |              41.25 |                  0 | 11.184999999999999
 AAAAAAAAADAEAAAA | 83.0000000000000000 |             189.59 |                  0 |                  0
 AAAAAAAAADBBAAAA | 16.5000000000000000 |              64.08 |              86.51 | 10.870000000000001
 AAAAAAAAADCDAAAA | 86.0000000000000000 |              24.35 |                  0 |              22.15
 AAAAAAAAADDBAAAA |  3.0000000000000000 |              93.63 |                  0 |              90.82
 AAAAAAAAADDEAAAA | 29.0000000000000000 |              44.95 |                  0 |               7.64
 AAAAAAAAADGCAAAA | 54.0000000000000000 |             153.37 |                  0 |             147.23
 AAAAAAAAADICAAAA | 22.0000000000000000 |              72.07 |                  0 |              58.37
 AAAAAAAAADIDAAAA | 12.0000000000000000 |             112.76 |                  0 |              67.65
 AAAAAAAAADKAAAAA | 50.5000000000000000 | 37.260000000000005 |                  0 |              28.52
 AAAAAAAAADKDAAAA | 51.0000000000000000 |              61.88 |                  0 |              21.65
 AAAAAAAAADLDAAAA | 65.0000000000000000 |              50.11 |                  0 |                  4
 AAAAAAAAADMBAAAA | 81.0000000000000000 |             204.57 |                  0 |              188.2
 AAAAAAAAADNDAAAA | 27.0000000000000000 |             228.78 |                  0 |             118.96
 AAAAAAAAADOAAAAA | 90.0000000000000000 |             112.29 |                  0 |               3.36
 AAAAAAAAADOCAAAA | 49.0000000000000000 |             145.25 |                  0 |              95.54
 AAAAAAAAADODAAAA | 31.0000000000000000 |              90.63 |                  0 |              40.78
 AAAAAAAAADPBAAAA | 58.0000000000000000 |               60.8 |                  0 |              20.67
 AAAAAAAAAEAAAAAA | 58.0000000000000000 |             203.55 |                  0 |             40.195
 AAAAAAAAAEBCAAAA | 54.0000000000000000 |              99.28 |                  0 |               1.98
 AAAAAAAAAEBDAAAA | 25.0000000000000000 |              83.96 |              30.22 |               40.3
 AAAAAAAAAECBAAAA | 56.0000000000000000 |              23.36 |             345.97 |              14.71
 AAAAAAAAAEDAAAAA | 27.0000000000000000 |             206.91 |                  0 |              82.76
 AAAAAAAAAEDDAAAA | 25.0000000000000000 |              42.85 |                  0 |               8.57
 AAAAAAAAAEDEAAAA | 41.0000000000000000 |              10.47 |                  0 |               1.67
 AAAAAAAAAEECAAAA | 61.0000000000000000 |             53.445 |                  0 |              39.55
 AAAAAAAAAEEDAAAA | 90.0000000000000000 |              71.74 |                  0 |               49.5
 AAAAAAAAAEFBAAAA | 43.0000000000000000 |              67.99 |                  0 |              65.27
 AAAAAAAAAEFEAAAA | 69.0000000000000000 |             109.36 |                  0 |              99.51
 AAAAAAAAAEGDAAAA | 79.0000000000000000 |             235.97 |                  0 |             221.81
 AAAAAAAAAEHAAAAA | 87.0000000000000000 |                 10 |                  0 |                8.4
 AAAAAAAAAEHCAAAA | 64.0000000000000000 |               4.52 |                  0 |               4.52
 AAAAAAAAAEIBAAAA | 99.0000000000000000 |              141.8 |                  0 |             117.69
 AAAAAAAAAEJDAAAA | 43.0000000000000000 |             111.83 |                  0 |              40.25
 AAAAAAAAAEKAAAAA |  4.0000000000000000 |             113.87 |                  0 |              39.85
 AAAAAAAAAEKDAAAA | 93.0000000000000000 |             108.46 |                  0 |              18.43
 AAAAAAAAAELBAAAA | 17.0000000000000000 |              48.58 |                  0 |               8.74
 AAAAAAAAAEMBAAAA | 90.0000000000000000 |             167.53 |                  0 |             110.56
 AAAAAAAAAEMDAAAA | 25.0000000000000000 |             185.02 |                  0 |              99.91
 AAAAAAAAAENCAAAA | 76.0000000000000000 |             160.42 |                  0 |              14.43
 AAAAAAAAAENDAAAA | 22.0000000000000000 |             176.35 |                  0 |              47.61
 AAAAAAAAAEOCAAAA | 50.0000000000000000 |              41.49 |             732.84 |              23.64
 AAAAAAAAAEPDAAAA | 14.0000000000000000 |  84.46000000000001 | 244.48000000000002 |             36.675
 AAAAAAAAAFAAAAAA | 99.0000000000000000 |              13.59 |                  0 |               3.53
 AAAAAAAAAFACAAAA | 44.0000000000000000 |               6.34 |                  0 |               0.31
 AAAAAAAAAFADAAAA | 36.0000000000000000 |              67.67 |             154.95 |               4.73
 AAAAAAAAAFBBAAAA | 36.0000000000000000 |             131.99 |                  0 |              34.31
 AAAAAAAAAFBCAAAA | 84.0000000000000000 |              60.32 |             727.02 |              21.11
 AAAAAAAAAFCEAAAA | 56.6666666666666667 | 103.09666666666668 |            1382.32 |              99.51
 AAAAAAAAAFDDAAAA | 50.0000000000000000 |             175.84 |                  0 |              61.54
 AAAAAAAAAFGAAAAA | 90.0000000000000000 |              56.61 |                  0 |              10.75
 AAAAAAAAAFGCAAAA | 31.0000000000000000 |              90.57 |             365.47 |              28.07
 AAAAAAAAAFGDAAAA | 21.5000000000000000 |              99.25 |             80.095 |              42.69
 AAAAAAAAAFIAAAAA | 38.0000000000000000 |              62.77 |                  0 |               36.4
 AAAAAAAAAFIDAAAA | 75.0000000000000000 |             245.06 |                  0 |              213.2
 AAAAAAAAAFJAAAAA | 17.0000000000000000 |             135.35 |             523.91 |              93.39
 AAAAAAAAAFKCAAAA | 78.0000000000000000 |              92.05 |                  0 |              23.01
 AAAAAAAAAFLBAAAA | 40.5000000000000000 |  98.66999999999999 |             807.57 |             39.305
 AAAAAAAAAFMDAAAA | 44.0000000000000000 | 101.55000000000001 |                  0 |             41.215
(100 rows)

UPDATE time_statistics SET e_time = TRANSACTION_TIMESTAMP() WHERE template = 'query26.tpl' AND stream = 8;
psql:/tmp/s1-basline/throughput/query_8.sql:2341: NOTICE:  duration: 0.079 ms  plan:
Query Text: UPDATE time_statistics SET e_time = TRANSACTION_TIMESTAMP() WHERE template = 'query26.tpl' AND stream = 8;
Update on time_statistics  (cost=0.00..16.54 rows=0 width=0) (actual time=0.079..0.079 rows=0 loops=1)
  ->  Seq Scan on time_statistics  (cost=0.00..16.54 rows=1 width=14) (actual time=0.063..0.065 rows=1 loops=1)
        Filter: ((template = 'query26.tpl'::text) AND (stream = 8))
        Rows Removed by Filter: 469
UPDATE 1
LOAD 'auto_explain'; SET auto_explain.log_min_duration TO 0; SET auto_explain.log_analyze TO on; SET auto_explain.log_level TO notice; INSERT INTO time_statistics (template, s_time, stream, query, seed) VALUES ('query90.tpl', TRANSACTION_TIMESTAMP(), 8, 43, 1492059559);
LOAD
SET
SET
SET
psql:/tmp/s1-basline/throughput/query_8.sql:2342: NOTICE:  duration: 0.010 ms  plan:
Query Text: INSERT INTO time_statistics (template, s_time, stream, query, seed) VALUES ('query90.tpl', TRANSACTION_TIMESTAMP(), 8, 43, 1492059559);
Insert on time_statistics  (cost=0.00..0.01 rows=0 width=0) (actual time=0.009..0.010 rows=0 loops=1)
  ->  Result  (cost=0.00..0.01 rows=1 width=64) (actual time=0.001..0.002 rows=1 loops=1)
INSERT 0 1
select  cast(amc as decimal(15,4))/cast(pmc as decimal(15,4)) am_pm_ratio
 from ( select count(*) amc
       from web_sales, household_demographics , time_dim, web_page
       where ws_sold_time_sk = time_dim.t_time_sk
         and ws_ship_hdemo_sk = household_demographics.hd_demo_sk
         and ws_web_page_sk = web_page.wp_web_page_sk
         and time_dim.t_hour between 8 and 8+1
         and household_demographics.hd_dep_count = 9
         and web_page.wp_char_count between 5000 and 5200) at,
      ( select count(*) pmc
       from web_sales, household_demographics , time_dim, web_page
       where ws_sold_time_sk = time_dim.t_time_sk
         and ws_ship_hdemo_sk = household_demographics.hd_demo_sk
         and ws_web_page_sk = web_page.wp_web_page_sk
         and time_dim.t_hour between 18 and 18+1
         and household_demographics.hd_dep_count = 9
         and web_page.wp_char_count between 5000 and 5200) pt
 order by am_pm_ratio
 limit 100;
psql:/tmp/s1-basline/throughput/query_8.sql:2361: ERROR:  division by zero
UPDATE time_statistics SET e_time = TRANSACTION_TIMESTAMP() WHERE template = 'query90.tpl' AND stream = 8;
psql:/tmp/s1-basline/throughput/query_8.sql:2363: NOTICE:  duration: 0.089 ms  plan:
Query Text: UPDATE time_statistics SET e_time = TRANSACTION_TIMESTAMP() WHERE template = 'query90.tpl' AND stream = 8;
Update on time_statistics  (cost=0.00..16.54 rows=0 width=0) (actual time=0.088..0.089 rows=0 loops=1)
  ->  Seq Scan on time_statistics  (cost=0.00..16.54 rows=1 width=14) (actual time=0.070..0.073 rows=1 loops=1)
        Filter: ((template = 'query90.tpl'::text) AND (stream = 8))
        Rows Removed by Filter: 470
UPDATE 1
LOAD 'auto_explain'; SET auto_explain.log_min_duration TO 0; SET auto_explain.log_analyze TO on; SET auto_explain.log_level TO notice; INSERT INTO time_statistics (template, s_time, stream, query, seed) VALUES ('query74.tpl', TRANSACTION_TIMESTAMP(), 8, 44, 650364367);
LOAD
SET
SET
SET
psql:/tmp/s1-basline/throughput/query_8.sql:2364: NOTICE:  duration: 0.009 ms  plan:
Query Text: INSERT INTO time_statistics (template, s_time, stream, query, seed) VALUES ('query74.tpl', TRANSACTION_TIMESTAMP(), 8, 44, 650364367);
Insert on time_statistics  (cost=0.00..0.01 rows=0 width=0) (actual time=0.008..0.009 rows=0 loops=1)
  ->  Result  (cost=0.00..0.01 rows=1 width=64) (actual time=0.001..0.001 rows=1 loops=1)
INSERT 0 1
with year_total as (
 select c_customer_id customer_id
       ,c_first_name customer_first_name
       ,c_last_name customer_last_name
       ,d_year as year
       ,min(ss_net_paid) year_total
       ,'s' sale_type
 from customer
     ,store_sales
     ,date_dim
 where c_customer_sk = ss_customer_sk
   and ss_sold_date_sk = d_date_sk
   and d_year in (2001,2001+1)
 group by c_customer_id
         ,c_first_name
         ,c_last_name
         ,d_year
 union all
 select c_customer_id customer_id
       ,c_first_name customer_first_name
       ,c_last_name customer_last_name
       ,d_year as year
       ,min(ws_net_paid) year_total
       ,'w' sale_type
 from customer
     ,web_sales
     ,date_dim
 where c_customer_sk = ws_bill_customer_sk
   and ws_sold_date_sk = d_date_sk
   and d_year in (2001,2001+1)
 group by c_customer_id
         ,c_first_name
         ,c_last_name
         ,d_year
         )
  select 
        t_s_secyear.customer_id, t_s_secyear.customer_first_name, t_s_secyear.customer_last_name
 from year_total t_s_firstyear
     ,year_total t_s_secyear
     ,year_total t_w_firstyear
     ,year_total t_w_secyear
 where t_s_secyear.customer_id = t_s_firstyear.customer_id
         and t_s_firstyear.customer_id = t_w_secyear.customer_id
         and t_s_firstyear.customer_id = t_w_firstyear.customer_id
         and t_s_firstyear.sale_type = 's'
         and t_w_firstyear.sale_type = 'w'
         and t_s_secyear.sale_type = 's'
         and t_w_secyear.sale_type = 'w'
         and t_s_firstyear.year = 2001
         and t_s_secyear.year = 2001+1
         and t_w_firstyear.year = 2001
         and t_w_secyear.year = 2001+1
         and t_s_firstyear.year_total > 0
         and t_w_firstyear.year_total > 0
         and case when t_w_firstyear.year_total > 0 then t_w_secyear.year_total / t_w_firstyear.year_total else null end
           > case when t_s_firstyear.year_total > 0 then t_s_secyear.year_total / t_s_firstyear.year_total else null end
 order by 2,3,1
limit 100;
psql:/tmp/s1-basline/throughput/query_8.sql:2422: NOTICE:  duration: 658801.132 ms  plan:
Query Text: with year_total as (
 select c_customer_id customer_id
       ,c_first_name customer_first_name
       ,c_last_name customer_last_name
       ,d_year as year
       ,min(ss_net_paid) year_total
       ,'s' sale_type
 from customer
     ,store_sales
     ,date_dim
 where c_customer_sk = ss_customer_sk
   and ss_sold_date_sk = d_date_sk
   and d_year in (2001,2001+1)
 group by c_customer_id
         ,c_first_name
         ,c_last_name
         ,d_year
 union all
 select c_customer_id customer_id
       ,c_first_name customer_first_name
       ,c_last_name customer_last_name
       ,d_year as year
       ,min(ws_net_paid) year_total
       ,'w' sale_type
 from customer
     ,web_sales
     ,date_dim
 where c_customer_sk = ws_bill_customer_sk
   and ws_sold_date_sk = d_date_sk
   and d_year in (2001,2001+1)
 group by c_customer_id
         ,c_first_name
         ,c_last_name
         ,d_year
         )
  select 
        t_s_secyear.customer_id, t_s_secyear.customer_first_name, t_s_secyear.customer_last_name
 from year_total t_s_firstyear
     ,year_total t_s_secyear
     ,year_total t_w_firstyear
     ,year_total t_w_secyear
 where t_s_secyear.customer_id = t_s_firstyear.customer_id
         and t_s_firstyear.customer_id = t_w_secyear.customer_id
         and t_s_firstyear.customer_id = t_w_firstyear.customer_id
         and t_s_firstyear.sale_type = 's'
         and t_w_firstyear.sale_type = 'w'
         and t_s_secyear.sale_type = 's'
         and t_w_secyear.sale_type = 'w'
         and t_s_firstyear.year = 2001
         and t_s_secyear.year = 2001+1
         and t_w_firstyear.year = 2001
         and t_w_secyear.year = 2001+1
         and t_s_firstyear.year_total > 0
         and t_w_firstyear.year_total > 0
         and case when t_w_firstyear.year_total > 0 then t_w_secyear.year_total / t_w_firstyear.year_total else null end
           > case when t_s_firstyear.year_total > 0 then t_s_secyear.year_total / t_s_firstyear.year_total else null end
 order by 2,3,1
limit 100;
Limit  (cost=139511.58..139511.58 rows=1 width=276) (actual time=658800.860..658801.108 rows=66 loops=1)
  CTE year_total
    ->  Append  (cost=96274.54..136011.66 rows=33332 width=113) (actual time=1758.181..2784.188 rows=97581 loops=1)
          ->  Finalize GroupAggregate  (cost=96274.54..99597.71 rows=26163 width=113) (actual time=1758.180..2176.249 rows=75344 loops=1)
                Group Key: customer.c_customer_id, customer.c_first_name, customer.c_last_name, date_dim.d_year
                ->  Gather Merge  (cost=96274.54..99063.56 rows=21802 width=81) (actual time=1758.173..2142.333 rows=88025 loops=1)
                      Workers Planned: 2
                      Workers Launched: 2
                      ->  Partial GroupAggregate  (cost=95274.52..95547.04 rows=10901 width=81) (actual time=1686.876..1982.215 rows=29342 loops=3)
                            Group Key: customer.c_customer_id, customer.c_first_name, customer.c_last_name, date_dim.d_year
                            ->  Sort  (cost=95274.52..95301.77 rows=10901 width=81) (actual time=1686.858..1888.032 rows=352752 loops=3)
                                  Sort Key: customer.c_customer_id, customer.c_first_name, customer.c_last_name, date_dim.d_year
                                  Sort Method: external merge  Disk: 36056kB
                                  Worker 0:  Sort Method: external merge  Disk: 31480kB
                                  Worker 1:  Sort Method: external merge  Disk: 31840kB
                                  ->  Nested Loop  (cost=2327.47..94543.49 rows=10901 width=81) (actual time=15.403..879.553 rows=352752 loops=3)
                                        ->  Hash Join  (cost=2327.18..90988.47 rows=11420 width=20) (actual time=15.354..332.218 rows=361203 loops=3)
                                              Hash Cond: (store_sales.ss_sold_date_sk = date_dim.d_date_sk)
                                              ->  Parallel Seq Scan on store_sales  (cost=0.00..85499.45 rows=1204445 width=24) (actual time=0.014..123.348 rows=948150 loops=3)
                                              ->  Hash  (cost=2318.11..2318.11 rows=725 width=12) (actual time=15.304..15.305 rows=730 loops=3)
                                                    Buckets: 1024  Batches: 1  Memory Usage: 43kB
                                                    ->  Seq Scan on date_dim  (cost=0.00..2318.11 rows=725 width=12) (actual time=7.655..15.196 rows=730 loops=3)
                                                          Filter: (d_year = ANY ('{2001,2002}'::integer[]))
                                                          Rows Removed by Filter: 72319
                                        ->  Index Scan using pk_customer on customer  (cost=0.29..0.31 rows=1 width=77) (actual time=0.001..0.001 rows=1 loops=1083609)
                                              Index Cond: (c_customer_sk = store_sales.ss_customer_sk)
          ->  Finalize GroupAggregate  (cost=35003.38..35913.96 rows=7169 width=113) (actual time=533.843..602.105 rows=22237 loops=1)
                Group Key: customer_1.c_customer_id, customer_1.c_first_name, customer_1.c_last_name, date_dim_1.d_year
                ->  Gather Merge  (cost=35003.38..35767.60 rows=5974 width=81) (actual time=533.831..592.674 rows=23737 loops=1)
                      Workers Planned: 2
                      Workers Launched: 2
                      ->  Partial GroupAggregate  (cost=34003.35..34078.03 rows=2987 width=81) (actual time=480.374..511.724 rows=7912 loops=3)
                            Group Key: customer_1.c_customer_id, customer_1.c_first_name, customer_1.c_last_name, date_dim_1.d_year
                            ->  Sort  (cost=34003.35..34010.82 rows=2987 width=81) (actual time=480.360..486.674 rows=94106 loops=3)
                                  Sort Key: customer_1.c_customer_id, customer_1.c_first_name, customer_1.c_last_name, date_dim_1.d_year
                                  Sort Method: external merge  Disk: 10520kB
                                  Worker 0:  Sort Method: quicksort  Memory: 13124kB
                                  Worker 1:  Sort Method: quicksort  Memory: 13100kB
                                  ->  Nested Loop  (cost=2327.47..33830.93 rows=2987 width=81) (actual time=15.923..273.544 rows=94106 loops=3)
                                        ->  Hash Join  (cost=2327.18..32889.14 rows=2988 width=20) (actual time=15.882..117.630 rows=94122 loops=3)
                                              Hash Cond: (web_sales.ws_sold_date_sk = date_dim_1.d_date_sk)
                                              ->  Parallel Seq Scan on web_sales  (cost=0.00..29771.63 rows=301063 width=24) (actual time=0.018..47.697 rows=237185 loops=3)
                                              ->  Hash  (cost=2318.11..2318.11 rows=725 width=12) (actual time=15.820..15.821 rows=730 loops=3)
                                                    Buckets: 1024  Batches: 1  Memory Usage: 43kB
                                                    ->  Seq Scan on date_dim date_dim_1  (cost=0.00..2318.11 rows=725 width=12) (actual time=7.753..15.720 rows=730 loops=3)
                                                          Filter: (d_year = ANY ('{2001,2002}'::integer[]))
                                                          Rows Removed by Filter: 72319
                                        ->  Index Scan using pk_customer on customer customer_1  (cost=0.29..0.32 rows=1 width=77) (actual time=0.001..0.001 rows=1 loops=282365)
                                              Index Cond: (c_customer_sk = web_sales.ws_bill_customer_sk)
  ->  Sort  (cost=3499.92..3499.93 rows=1 width=276) (actual time=658800.860..658800.863 rows=66 loops=1)
        Sort Key: t_s_secyear.customer_first_name, t_s_secyear.customer_last_name, t_s_secyear.customer_id
        Sort Method: quicksort  Memory: 33kB
        ->  Nested Loop  (cost=0.00..3499.91 rows=1 width=276) (actual time=12522.568..658800.685 rows=66 loops=1)
              Join Filter: ((t_s_secyear.customer_id = t_w_secyear.customer_id) AND (CASE WHEN (t_w_firstyear.year_total > '0'::double precision) THEN (t_w_secyear.year_total / t_w_firstyear.year_total) ELSE NULL::double precision END > CASE WHEN (t_s_firstyear.year_total > '0'::double precision) THEN (t_s_secyear.year_total / t_s_firstyear.year_total) ELSE NULL::double precision END))
              Rows Removed by Join Filter: 12359799
              ->  Nested Loop  (cost=0.00..2666.59 rows=1 width=436) (actual time=2986.071..645381.144 rows=1113 loops=1)
                    Join Filter: (t_s_secyear.customer_id = t_w_firstyear.customer_id)
                    Rows Removed by Join Filter: 114424989
                    ->  Nested Loop  (cost=0.00..1749.94 rows=1 width=360) (actual time=2848.770..496060.649 rows=11958 loops=1)
                          Join Filter: (t_s_firstyear.customer_id = t_s_secyear.customer_id)
                          Rows Removed by Join Filter: 1205973342
                          ->  CTE Scan on year_total t_s_firstyear  (cost=0.00..916.63 rows=1 width=76) (actual time=1758.209..1776.575 rows=31989 loops=1)
                                Filter: ((year_total > '0'::double precision) AND (sale_type = 's'::text) AND (year = 2001))
                                Rows Removed by Filter: 65592
                          ->  CTE Scan on year_total t_s_secyear  (cost=0.00..833.30 rows=1 width=284) (actual time=0.000..12.887 rows=37700 loops=31989)
                                Filter: ((sale_type = 's'::text) AND (year = 2002))
                                Rows Removed by Filter: 59881
                    ->  CTE Scan on year_total t_w_firstyear  (cost=0.00..916.63 rows=1 width=76) (actual time=8.738..11.847 rows=9569 loops=11958)
                          Filter: ((year_total > '0'::double precision) AND (sale_type = 'w'::text) AND (year = 2001))
                          Rows Removed by Filter: 88012
              ->  CTE Scan on year_total t_w_secyear  (cost=0.00..833.30 rows=1 width=76) (actual time=8.251..11.314 rows=11105 loops=1113)
                    Filter: ((sale_type = 'w'::text) AND (year = 2002))
                    Rows Removed by Filter: 86476
   customer_id    | customer_first_name  |       customer_last_name       
------------------+----------------------+--------------------------------
 AAAAAAAABNAGAAAA | Aaron                | Albert                        
 AAAAAAAAEENPAAAA | Aaron                | White                         
 AAAAAAAAADCGAAAA | Alexander            | Eaton                         
 AAAAAAAAMJMHAAAA | Andre                | Desantis                      
 AAAAAAAADPNDBAAA | Ann                  | Miller                        
 AAAAAAAAHJLIAAAA | Annabell             | Renteria                      
 AAAAAAAAKJCBAAAA | Billy                | Parker                        
 AAAAAAAAHOOOAAAA | Bobby                | Simmons                       
 AAAAAAAADOJAAAAA | Carl                 | Graves                        
 AAAAAAAADNCAAAAA | Carl                 | Heath                         
 AAAAAAAACJCHAAAA | Dalila               | Love                          
 AAAAAAAABHHCAAAA | Dan                  | Rogers                        
 AAAAAAAAOEFCBAAA | Deanna               | Simmons                       
 AAAAAAAAFDJGAAAA | Denise               | Aragon                        
 AAAAAAAAALMJAAAA | Dennis               | Hurd                          
 AAAAAAAAAMHOAAAA | Edith                | Burt                          
 AAAAAAAAKFMAAAAA | Edwin                | Washington                    
 AAAAAAAALKDBAAAA | Erica                | Hardin                        
 AAAAAAAAHCKMAAAA | Fred                 | Green                         
 AAAAAAAACFJJAAAA | Gerald               | Martin                        
 AAAAAAAAADJAAAAA | Glen                 | Marsh                         
 AAAAAAAAJNMCAAAA | Heather              | Mack                          
 AAAAAAAADOLGBAAA | Heather              | Santana                       
 AAAAAAAANGPKAAAA | Helen                | Bailey                        
 AAAAAAAALMFABAAA | James                | Gustafson                     
 AAAAAAAAFLPAAAAA | Jeffrey              | Sanders                       
 AAAAAAAANEBDBAAA | Jessica              | Hernandez                     
 AAAAAAAAOEDAAAAA | Jose                 | Thompson                      
 AAAAAAAANLBBBAAA | Kelli                | Acevedo                       
 AAAAAAAAKCMFAAAA | Kristen              | Morgan                        
 AAAAAAAAKFIHAAAA | Lanora               | Hall                          
 AAAAAAAALEODAAAA | Larry                | Trent                         
 AAAAAAAACANDBAAA | Lee                  | Ellis                         
 AAAAAAAAJFNKAAAA | Linda                | Singh                         
 AAAAAAAAOPPAAAAA | Lonnie               | Reid                          
 AAAAAAAAFJGAAAAA | Lucy                 | Walker                        
 AAAAAAAAOFFFAAAA | Lynette              | Horne                         
 AAAAAAAAANMEBAAA | Margaret             | Leon                          
 AAAAAAAAOKHCAAAA | Mathew               | Overton                       
 AAAAAAAABKLFBAAA | Michael              | Garrett                       
 AAAAAAAAPIJAAAAA | Michael              | Hughes                        
 AAAAAAAAMONKAAAA | Milo                 | Graves                        
 AAAAAAAAJOHDBAAA | Noreen               | Hundley                       
 AAAAAAAAHCHNAAAA | Paul                 | Hardy                         
 AAAAAAAAFBCIBAAA | Paulette             | Johnson                       
 AAAAAAAADPLHAAAA | Randell              | Collins                       
 AAAAAAAAAOEPAAAA | Reed                 | Rutherford                    
 AAAAAAAAGCBFBAAA | Renae                | Greenberg                     
 AAAAAAAAOFODBAAA | Robert               | Johnson                       
 AAAAAAAAKMPABAAA | Rodney               | Walters                       
 AAAAAAAANPJEAAAA | Ronda                | Venable                       
 AAAAAAAAAIFDBAAA | Rosalina             | Graham                        
 AAAAAAAAGCODBAAA | Rosemary             | Cheatham                      
 AAAAAAAAPOKBAAAA | Russell              | Patterson                     
 AAAAAAAAAIKIAAAA | Sandra               | Young                         
 AAAAAAAACFDKAAAA | Sheila               | Childress                     
 AAAAAAAAKKNPAAAA | Thomas               | Healey                        
 AAAAAAAAKPHHAAAA | Thomas               | Wilson                        
 AAAAAAAAFJOAAAAA | Travis               | Reilly                        
 AAAAAAAAKKFLAAAA | Velma                | Hurst                         
 AAAAAAAAKFDBAAAA | Willie               | Robinson                      
 AAAAAAAAEGICBAAA |                      | Grove                         
 AAAAAAAAEEBDAAAA |                      | Markham                       
 AAAAAAAAOPOEAAAA |                      | Medina                        
 AAAAAAAAEKDHAAAA |                      | 
 AAAAAAAAMMBNAAAA |                      | 
(66 rows)

UPDATE time_statistics SET e_time = TRANSACTION_TIMESTAMP() WHERE template = 'query74.tpl' AND stream = 8;
psql:/tmp/s1-basline/throughput/query_8.sql:2424: NOTICE:  duration: 0.083 ms  plan:
Query Text: UPDATE time_statistics SET e_time = TRANSACTION_TIMESTAMP() WHERE template = 'query74.tpl' AND stream = 8;
Update on time_statistics  (cost=0.00..15.12 rows=0 width=0) (actual time=0.082..0.082 rows=0 loops=1)
  ->  Seq Scan on time_statistics  (cost=0.00..15.12 rows=1 width=14) (actual time=0.062..0.067 rows=1 loops=1)
        Filter: ((template = 'query74.tpl'::text) AND (stream = 8))
        Rows Removed by Filter: 478
UPDATE 1
LOAD 'auto_explain'; SET auto_explain.log_min_duration TO 0; SET auto_explain.log_analyze TO on; SET auto_explain.log_level TO notice; INSERT INTO time_statistics (template, s_time, stream, query, seed) VALUES ('../query_postgresql/query92.tpl', TRANSACTION_TIMESTAMP(), 8, 45, 152909072);
LOAD
SET
SET
SET
psql:/tmp/s1-basline/throughput/query_8.sql:2425: NOTICE:  duration: 0.020 ms  plan:
Query Text: INSERT INTO time_statistics (template, s_time, stream, query, seed) VALUES ('../query_postgresql/query92.tpl', TRANSACTION_TIMESTAMP(), 8, 45, 152909072);
Insert on time_statistics  (cost=0.00..0.01 rows=0 width=0) (actual time=0.020..0.020 rows=0 loops=1)
  ->  Result  (cost=0.00..0.01 rows=1 width=64) (actual time=0.002..0.002 rows=1 loops=1)
INSERT 0 1
select  
   sum(ws_ext_discount_amt)  as "Excess Discount Amount" 
from 
    web_sales 
   ,item 
   ,date_dim
where
i_manufact_id = 73
and i_item_sk = ws_item_sk 
and d_date between '1999-01-14' and 
        (cast('1999-01-14' as date) + interval '90 days')
and d_date_sk = ws_sold_date_sk 
and ws_ext_discount_amt  
     > ( 
         SELECT 
            1.3 * avg(ws_ext_discount_amt) 
         FROM 
            web_sales 
           ,date_dim
         WHERE 
              ws_item_sk = i_item_sk 
          and d_date between '1999-01-14' and
                             (cast('1999-01-14' as date) + interval '90 days')
          and d_date_sk = ws_sold_date_sk 
      ) 
order by sum(ws_ext_discount_amt)
limit 100;
psql:/tmp/s1-basline/throughput/query_8.sql:2452: NOTICE:  duration: 19.906 ms  plan:
Query Text: select  
   sum(ws_ext_discount_amt)  as "Excess Discount Amount" 
from 
    web_sales 
   ,item 
   ,date_dim
where
i_manufact_id = 73
and i_item_sk = ws_item_sk 
and d_date between '1999-01-14' and 
        (cast('1999-01-14' as date) + interval '90 days')
and d_date_sk = ws_sold_date_sk 
and ws_ext_discount_amt  
     > ( 
         SELECT 
            1.3 * avg(ws_ext_discount_amt) 
         FROM 
            web_sales 
           ,date_dim
         WHERE 
              ws_item_sk = i_item_sk 
          and d_date between '1999-01-14' and
                             (cast('1999-01-14' as date) + interval '90 days')
          and d_date_sk = ws_sold_date_sk 
      ) 
order by sum(ws_ext_discount_amt)
limit 100;
Limit  (cost=26172.87..26172.87 rows=1 width=8) (actual time=19.898..19.901 rows=1 loops=1)
  ->  Sort  (cost=26172.87..26172.87 rows=1 width=8) (actual time=19.897..19.899 rows=1 loops=1)
        Sort Key: (sum(web_sales.ws_ext_discount_amt))
        Sort Method: quicksort  Memory: 25kB
        ->  Aggregate  (cost=26172.85..26172.86 rows=1 width=8) (actual time=19.892..19.894 rows=1 loops=1)
              ->  Hash Join  (cost=1481.92..26172.84 rows=1 width=8) (actual time=8.621..19.890 rows=15 loops=1)
                    Hash Cond: (web_sales.ws_item_sk = item.i_item_sk)
                    Join Filter: (web_sales.ws_ext_discount_amt > (SubPlan 1))
                    Rows Removed by Join Filter: 26
                    ->  Nested Loop  (cost=0.72..24689.31 rows=890 width=16) (actual time=0.027..9.969 rows=21148 loops=1)
                          ->  Index Scan using i_d_date on date_dim  (cost=0.29..5.29 rows=90 width=8) (actual time=0.011..0.023 rows=91 loops=1)
                                Index Cond: ((d_date >= '1999-01-14'::date) AND (d_date <= '1999-04-14 00:00:00'::timestamp without time zone))
                          ->  Index Scan using i_ws_sold_date_sk on web_sales  (cost=0.42..270.30 rows=397 width=24) (actual time=0.003..0.059 rows=232 loops=91)
                                Index Cond: (ws_sold_date_sk = date_dim.d_date_sk)
                    ->  Hash  (cost=1481.00..1481.00 rows=16 width=8) (actual time=6.948..6.948 rows=30 loops=1)
                          Buckets: 1024  Batches: 1  Memory Usage: 10kB
                          ->  Seq Scan on item  (cost=0.00..1481.00 rows=16 width=8) (actual time=0.073..6.942 rows=30 loops=1)
                                Filter: (i_manufact_id = 73)
                                Rows Removed by Filter: 17970
                    SubPlan 1
                      ->  Aggregate  (cost=57.23..57.24 rows=1 width=8) (actual time=0.040..0.040 rows=1 loops=41)
                            ->  Hash Join  (cost=6.84..57.23 rows=1 width=8) (actual time=0.015..0.039 rows=3 loops=41)
                                  Hash Cond: (web_sales_1.ws_sold_date_sk = date_dim_1.d_date_sk)
                                  ->  Index Scan using pk_web_sales on web_sales web_sales_1  (cost=0.42..50.69 rows=44 width=16) (actual time=0.004..0.034 rows=50 loops=41)
                                        Index Cond: (ws_item_sk = item.i_item_sk)
                                  ->  Hash  (cost=5.29..5.29 rows=90 width=8) (actual time=0.031..0.032 rows=91 loops=1)
                                        Buckets: 1024  Batches: 1  Memory Usage: 12kB
                                        ->  Index Scan using i_d_date on date_dim date_dim_1  (cost=0.29..5.29 rows=90 width=8) (actual time=0.005..0.022 rows=91 loops=1)
                                              Index Cond: ((d_date >= '1999-01-14'::date) AND (d_date <= '1999-04-14 00:00:00'::timestamp without time zone))
 Excess Discount Amount 
------------------------
               84780.33
(1 row)

UPDATE time_statistics SET e_time = TRANSACTION_TIMESTAMP() WHERE template = '../query_postgresql/query92.tpl' AND stream = 8;
psql:/tmp/s1-basline/throughput/query_8.sql:2454: NOTICE:  duration: 0.074 ms  plan:
Query Text: UPDATE time_statistics SET e_time = TRANSACTION_TIMESTAMP() WHERE template = '../query_postgresql/query92.tpl' AND stream = 8;
Update on time_statistics  (cost=0.00..15.12 rows=0 width=0) (actual time=0.074..0.074 rows=0 loops=1)
  ->  Seq Scan on time_statistics  (cost=0.00..15.12 rows=1 width=14) (actual time=0.060..0.060 rows=1 loops=1)
        Filter: ((template = '../query_postgresql/query92.tpl'::text) AND (stream = 8))
        Rows Removed by Filter: 479
UPDATE 1
LOAD 'auto_explain'; SET auto_explain.log_min_duration TO 0; SET auto_explain.log_analyze TO on; SET auto_explain.log_level TO notice; INSERT INTO time_statistics (template, s_time, stream, query, seed) VALUES ('query75.tpl', TRANSACTION_TIMESTAMP(), 8, 46, 253197241);
LOAD
SET
SET
SET
psql:/tmp/s1-basline/throughput/query_8.sql:2455: NOTICE:  duration: 0.009 ms  plan:
Query Text: INSERT INTO time_statistics (template, s_time, stream, query, seed) VALUES ('query75.tpl', TRANSACTION_TIMESTAMP(), 8, 46, 253197241);
Insert on time_statistics  (cost=0.00..0.01 rows=0 width=0) (actual time=0.008..0.008 rows=0 loops=1)
  ->  Result  (cost=0.00..0.01 rows=1 width=64) (actual time=0.001..0.002 rows=1 loops=1)
INSERT 0 1
WITH all_sales AS (
 SELECT d_year
       ,i_brand_id
       ,i_class_id
       ,i_category_id
       ,i_manufact_id
       ,SUM(sales_cnt) AS sales_cnt
       ,SUM(sales_amt) AS sales_amt
 FROM (SELECT d_year
             ,i_brand_id
             ,i_class_id
             ,i_category_id
             ,i_manufact_id
             ,cs_quantity - COALESCE(cr_return_quantity,0) AS sales_cnt
             ,cs_ext_sales_price - COALESCE(cr_return_amount,0.0) AS sales_amt
       FROM catalog_sales JOIN item ON i_item_sk=cs_item_sk
                          JOIN date_dim ON d_date_sk=cs_sold_date_sk
                          LEFT JOIN catalog_returns ON (cs_order_number=cr_order_number 
                                                    AND cs_item_sk=cr_item_sk)
       WHERE i_category='Men'
       UNION
       SELECT d_year
             ,i_brand_id
             ,i_class_id
             ,i_category_id
             ,i_manufact_id
             ,ss_quantity - COALESCE(sr_return_quantity,0) AS sales_cnt
             ,ss_ext_sales_price - COALESCE(sr_return_amt,0.0) AS sales_amt
       FROM store_sales JOIN item ON i_item_sk=ss_item_sk
                        JOIN date_dim ON d_date_sk=ss_sold_date_sk
                        LEFT JOIN store_returns ON (ss_ticket_number=sr_ticket_number 
                                                AND ss_item_sk=sr_item_sk)
       WHERE i_category='Men'
       UNION
       SELECT d_year
             ,i_brand_id
             ,i_class_id
             ,i_category_id
             ,i_manufact_id
             ,ws_quantity - COALESCE(wr_return_quantity,0) AS sales_cnt
             ,ws_ext_sales_price - COALESCE(wr_return_amt,0.0) AS sales_amt
       FROM web_sales JOIN item ON i_item_sk=ws_item_sk
                      JOIN date_dim ON d_date_sk=ws_sold_date_sk
                      LEFT JOIN web_returns ON (ws_order_number=wr_order_number 
                                            AND ws_item_sk=wr_item_sk)
       WHERE i_category='Men') sales_detail
 GROUP BY d_year, i_brand_id, i_class_id, i_category_id, i_manufact_id)
 SELECT  prev_yr.d_year AS prev_year
                          ,curr_yr.d_year AS year
                          ,curr_yr.i_brand_id
                          ,curr_yr.i_class_id
                          ,curr_yr.i_category_id
                          ,curr_yr.i_manufact_id
                          ,prev_yr.sales_cnt AS prev_yr_cnt
                          ,curr_yr.sales_cnt AS curr_yr_cnt
                          ,curr_yr.sales_cnt-prev_yr.sales_cnt AS sales_cnt_diff
                          ,curr_yr.sales_amt-prev_yr.sales_amt AS sales_amt_diff
 FROM all_sales curr_yr, all_sales prev_yr
 WHERE curr_yr.i_brand_id=prev_yr.i_brand_id
   AND curr_yr.i_class_id=prev_yr.i_class_id
   AND curr_yr.i_category_id=prev_yr.i_category_id
   AND curr_yr.i_manufact_id=prev_yr.i_manufact_id
   AND curr_yr.d_year=1999
   AND prev_yr.d_year=1999-1
   AND CAST(curr_yr.sales_cnt AS DECIMAL(17,2))/CAST(prev_yr.sales_cnt AS DECIMAL(17,2))<0.9
 ORDER BY sales_cnt_diff,sales_amt_diff
 limit 100;
psql:/tmp/s1-basline/throughput/query_8.sql:2522: NOTICE:  duration: 1601.032 ms  plan:
Query Text: WITH all_sales AS (
 SELECT d_year
       ,i_brand_id
       ,i_class_id
       ,i_category_id
       ,i_manufact_id
       ,SUM(sales_cnt) AS sales_cnt
       ,SUM(sales_amt) AS sales_amt
 FROM (SELECT d_year
             ,i_brand_id
             ,i_class_id
             ,i_category_id
             ,i_manufact_id
             ,cs_quantity - COALESCE(cr_return_quantity,0) AS sales_cnt
             ,cs_ext_sales_price - COALESCE(cr_return_amount,0.0) AS sales_amt
       FROM catalog_sales JOIN item ON i_item_sk=cs_item_sk
                          JOIN date_dim ON d_date_sk=cs_sold_date_sk
                          LEFT JOIN catalog_returns ON (cs_order_number=cr_order_number 
                                                    AND cs_item_sk=cr_item_sk)
       WHERE i_category='Men'
       UNION
       SELECT d_year
             ,i_brand_id
             ,i_class_id
             ,i_category_id
             ,i_manufact_id
             ,ss_quantity - COALESCE(sr_return_quantity,0) AS sales_cnt
             ,ss_ext_sales_price - COALESCE(sr_return_amt,0.0) AS sales_amt
       FROM store_sales JOIN item ON i_item_sk=ss_item_sk
                        JOIN date_dim ON d_date_sk=ss_sold_date_sk
                        LEFT JOIN store_returns ON (ss_ticket_number=sr_ticket_number 
                                                AND ss_item_sk=sr_item_sk)
       WHERE i_category='Men'
       UNION
       SELECT d_year
             ,i_brand_id
             ,i_class_id
             ,i_category_id
             ,i_manufact_id
             ,ws_quantity - COALESCE(wr_return_quantity,0) AS sales_cnt
             ,ws_ext_sales_price - COALESCE(wr_return_amt,0.0) AS sales_amt
       FROM web_sales JOIN item ON i_item_sk=ws_item_sk
                      JOIN date_dim ON d_date_sk=ws_sold_date_sk
                      LEFT JOIN web_returns ON (ws_order_number=wr_order_number 
                                            AND ws_item_sk=wr_item_sk)
       WHERE i_category='Men') sales_detail
 GROUP BY d_year, i_brand_id, i_class_id, i_category_id, i_manufact_id)
 SELECT  prev_yr.d_year AS prev_year
                          ,curr_yr.d_year AS year
                          ,curr_yr.i_brand_id
                          ,curr_yr.i_class_id
                          ,curr_yr.i_category_id
                          ,curr_yr.i_manufact_id
                          ,prev_yr.sales_cnt AS prev_yr_cnt
                          ,curr_yr.sales_cnt AS curr_yr_cnt
                          ,curr_yr.sales_cnt-prev_yr.sales_cnt AS sales_cnt_diff
                          ,curr_yr.sales_amt-prev_yr.sales_amt AS sales_amt_diff
 FROM all_sales curr_yr, all_sales prev_yr
 WHERE curr_yr.i_brand_id=prev_yr.i_brand_id
   AND curr_yr.i_class_id=prev_yr.i_class_id
   AND curr_yr.i_category_id=prev_yr.i_category_id
   AND curr_yr.i_manufact_id=prev_yr.i_manufact_id
   AND curr_yr.d_year=1999
   AND prev_yr.d_year=1999-1
   AND CAST(curr_yr.sales_cnt AS DECIMAL(17,2))/CAST(prev_yr.sales_cnt AS DECIMAL(17,2))<0.9
 ORDER BY sales_cnt_diff,sales_amt_diff
 limit 100;
Limit  (cost=297429.99..297430.00 rows=1 width=56) (actual time=1600.925..1600.950 rows=100 loops=1)
  CTE all_sales
    ->  HashAggregate  (cost=294708.20..295196.41 rows=48821 width=36) (actual time=1597.136..1598.251 rows=5386 loops=1)
          Group Key: date_dim.d_year, item.i_brand_id, item.i_class_id, item.i_category_id, item.i_manufact_id
          Batches: 1  Memory Usage: 2577kB
          ->  HashAggregate  (cost=269725.68..281282.48 rows=488208 width=32) (actual time=1325.111..1481.396 rows=473526 loops=1)
                Group Key: date_dim.d_year, item.i_brand_id, item.i_class_id, item.i_category_id, item.i_manufact_id, ((catalog_sales.cs_quantity - COALESCE(catalog_returns.cr_return_quantity, 0))), ((catalog_sales.cs_ext_sales_price - COALESCE(catalog_returns.cr_return_amount, '0'::double precision)))
                Planned Partitions: 4  Batches: 5  Memory Usage: 32817kB  Disk Usage: 11880kB
                ->  Append  (cost=7964.10..244075.69 rows=488208 width=32) (actual time=58.437..1108.855 rows=475226 loops=1)
                      ->  Nested Loop  (cost=7964.10..80696.58 rows=142509 width=32) (actual time=58.437..325.416 rows=138787 loops=1)
                            ->  Hash Left Join  (cost=7963.80..75830.25 rows=143360 width=48) (actual time=58.412..266.941 rows=139457 loops=1)
                                  Hash Cond: ((catalog_sales.cs_order_number = catalog_returns.cr_order_number) AND (catalog_sales.cs_item_sk = catalog_returns.cr_item_sk))
                                  ->  Nested Loop  (cost=0.43..67114.23 rows=143360 width=52) (actual time=0.027..167.569 rows=139457 loops=1)
                                        ->  Seq Scan on item  (cost=0.00..1481.00 rows=1786 width=24) (actual time=0.017..8.319 rows=1786 loops=1)
                                              Filter: (i_category = 'Men'::bpchar)
                                              Rows Removed by Filter: 16214
                                        ->  Index Scan using pk_catalog_sales on catalog_sales  (cost=0.43..35.87 rows=88 width=36) (actual time=0.004..0.075 rows=78 loops=1786)
                                              Index Cond: (cs_item_sk = item.i_item_sk)
                                  ->  Hash  (cost=5788.75..5788.75 rows=144975 width=28) (actual time=58.145..58.146 rows=143354 loops=1)
                                        Buckets: 262144  Batches: 1  Memory Usage: 10964kB
                                        ->  Seq Scan on catalog_returns  (cost=0.00..5788.75 rows=144975 width=28) (actual time=0.004..31.419 rows=143354 loops=1)
                            ->  Memoize  (cost=0.30..0.32 rows=1 width=12) (actual time=0.000..0.000 rows=1 loops=139457)
                                  Cache Key: catalog_sales.cs_sold_date_sk
                                  Cache Mode: logical
                                  Hits: 137643  Misses: 1814  Evictions: 0  Overflows: 0  Memory Usage: 213kB
                                  ->  Index Scan using pk_date_dim on date_dim  (cost=0.29..0.31 rows=1 width=12) (actual time=0.001..0.001 rows=1 loops=1814)
                                        Index Cond: (d_date_sk = catalog_sales.cs_sold_date_sk)
                      ->  Hash Left Join  (cost=16813.36..113860.62 rows=274016 width=32) (actual time=129.308..592.986 rows=266375 loops=1)
                            Hash Cond: ((store_sales.ss_ticket_number = store_returns.sr_ticket_number) AND (store_sales.ss_item_sk = store_returns.sr_item_sk))
                            ->  Hash Join  (cost=3049.03..97287.63 rows=274016 width=48) (actual time=20.631..393.550 rows=266375 loops=1)
                                  Hash Cond: (store_sales.ss_sold_date_sk = date_dim_1.d_date_sk)
                                  ->  Nested Loop  (cost=0.43..93486.09 rows=286818 width=52) (actual time=0.031..319.965 rows=279124 loops=1)
                                        ->  Seq Scan on item item_1  (cost=0.00..1481.00 rows=1786 width=24) (actual time=0.018..8.788 rows=1786 loops=1)
                                              Filter: (i_category = 'Men'::bpchar)
                                              Rows Removed by Filter: 16214
                                        ->  Index Scan using pk_store_sales on store_sales  (cost=0.43..49.76 rows=175 width=36) (actual time=0.005..0.148 rows=156 loops=1786)
                                              Index Cond: (ss_item_sk = item_1.i_item_sk)
                                  ->  Hash  (cost=2135.49..2135.49 rows=73049 width=12) (actual time=20.076..20.077 rows=73049 loops=1)
                                        Buckets: 131072  Batches: 1  Memory Usage: 4449kB
                                        ->  Seq Scan on date_dim date_dim_1  (cost=0.00..2135.49 rows=73049 width=12) (actual time=0.004..9.434 rows=73049 loops=1)
                            ->  Hash  (cost=9436.93..9436.93 rows=288493 width=28) (actual time=107.438..107.439 rows=285020 loops=1)
                                  Buckets: 524288  Batches: 1  Memory Usage: 21754kB
                                  ->  Seq Scan on store_returns  (cost=0.00..9436.93 rows=288493 width=28) (actual time=0.008..49.960 rows=285020 loops=1)
                      ->  Hash Left Join  (cost=3705.65..42195.37 rows=71683 width=32) (actual time=26.230..161.991 rows=70064 loops=1)
                            Hash Cond: ((web_sales.ws_order_number = web_returns.wr_order_number) AND (web_sales.ws_item_sk = web_returns.wr_item_sk))
                            ->  Nested Loop  (cost=0.73..37755.69 rows=71683 width=48) (actual time=0.039..116.510 rows=70064 loops=1)
                                  ->  Nested Loop  (cost=0.42..35394.18 rows=71693 width=52) (actual time=0.029..87.776 rows=70078 loops=1)
                                        ->  Seq Scan on item item_2  (cost=0.00..1481.00 rows=1786 width=24) (actual time=0.018..7.735 rows=1786 loops=1)
                                              Filter: (i_category = 'Men'::bpchar)
                                              Rows Removed by Filter: 16214
                                        ->  Index Scan using pk_web_sales on web_sales  (cost=0.42..18.55 rows=44 width=36) (actual time=0.004..0.038 rows=39 loops=1786)
                                              Index Cond: (ws_item_sk = item_2.i_item_sk)
                                  ->  Memoize  (cost=0.30..0.32 rows=1 width=12) (actual time=0.000..0.000 rows=1 loops=70078)
                                        Cache Key: web_sales.ws_sold_date_sk
                                        Cache Mode: logical
                                        Hits: 68271  Misses: 1807  Evictions: 0  Overflows: 0  Memory Usage: 212kB
                                        ->  Index Scan using pk_date_dim on date_dim date_dim_2  (cost=0.29..0.31 rows=1 width=12) (actual time=0.001..0.001 rows=1 loops=1807)
                                              Index Cond: (d_date_sk = web_sales.ws_sold_date_sk)
                            ->  Hash  (cost=2622.57..2622.57 rows=72157 width=28) (actual time=26.118..26.118 rows=71406 loops=1)
                                  Buckets: 131072  Batches: 1  Memory Usage: 5437kB
                                  ->  Seq Scan on web_returns  (cost=0.00..2622.57 rows=72157 width=28) (actual time=0.004..13.220 rows=71406 loops=1)
  ->  Sort  (cost=2233.59..2233.59 rows=1 width=56) (actual time=1600.924..1600.929 rows=100 loops=1)
        Sort Key: ((curr_yr.sales_cnt - prev_yr.sales_cnt)), ((curr_yr.sales_amt - prev_yr.sales_amt))
        Sort Method: quicksort  Memory: 52kB
        ->  Hash Join  (cost=1103.35..2233.57 rows=1 width=56) (actual time=1600.001..1600.869 rows=199 loops=1)
              Hash Cond: ((curr_yr.i_brand_id = prev_yr.i_brand_id) AND (curr_yr.i_class_id = prev_yr.i_class_id) AND (curr_yr.i_category_id = prev_yr.i_category_id) AND (curr_yr.i_manufact_id = prev_yr.i_manufact_id))
              Join Filter: (((curr_yr.sales_cnt)::numeric(17,2) / (prev_yr.sales_cnt)::numeric(17,2)) < 0.9)
              Rows Removed by Join Filter: 627
              ->  CTE Scan on all_sales curr_yr  (cost=0.00..1098.47 rows=244 width=36) (actual time=1597.152..1597.524 rows=829 loops=1)
                    Filter: (d_year = 1999)
                    Rows Removed by Filter: 4557
              ->  Hash  (cost=1098.47..1098.47 rows=244 width=36) (actual time=2.829..2.830 rows=826 loops=1)
                    Buckets: 1024  Batches: 1  Memory Usage: 67kB
                    ->  CTE Scan on all_sales prev_yr  (cost=0.00..1098.47 rows=244 width=36) (actual time=0.002..2.664 rows=829 loops=1)
                          Filter: (d_year = 1998)
                          Rows Removed by Filter: 4557
 prev_year | year | i_brand_id | i_class_id | i_category_id | i_manufact_id | prev_yr_cnt | curr_yr_cnt | sales_cnt_diff |   sales_amt_diff    
-----------+------+------------+------------+---------------+---------------+-------------+-------------+----------------+---------------------
      1998 | 1999 |    2002001 |          2 |             2 |           467 |        6802 |        4257 |          -2545 | -140439.83999999988
      1998 | 1999 |    2001001 |          1 |             2 |           408 |       12178 |        9874 |          -2304 |           -75986.88
      1998 | 1999 |    2004002 |          4 |             2 |           505 |        5770 |        3475 |          -2295 | -40372.959999999875
      1998 | 1999 |    2001001 |          1 |             2 |           648 |        6132 |        3957 |          -2175 | -133725.63999999993
      1998 | 1999 |    2002001 |          2 |             2 |           458 |        6455 |        4293 |          -2162 |  -74916.76000000018
      1998 | 1999 |    2003002 |          3 |             2 |            89 |        6607 |        4498 |          -2109 |  -66944.03999999986
      1998 | 1999 |    2003001 |          3 |             2 |           862 |        5446 |        3369 |          -2077 |  -82265.56000000008
      1998 | 1999 |    2002002 |          2 |             2 |           735 |        6142 |        4071 |          -2071 |  -131752.7199999998
      1998 | 1999 |    2003002 |          3 |             2 |           698 |        6203 |        4195 |          -2008 |  -99192.37000000005
      1998 | 1999 |    2004001 |          4 |             2 |           187 |       11599 |        9647 |          -1952 |  61912.679999999935
      1998 | 1999 |    2002001 |          2 |             2 |           295 |        5855 |        3940 |          -1915 | -102158.95999999999
      1998 | 1999 |    2002001 |          2 |             2 |           832 |        6455 |        4693 |          -1762 |  -32537.49999999994
      1998 | 1999 |    2002001 |          2 |             2 |           630 |        5152 |        3406 |          -1746 |          -100156.06
      1998 | 1999 |    2003001 |          3 |             2 |           804 |        6088 |        4370 |          -1718 | -38290.879999999976
      1998 | 1999 |    2004001 |          4 |             2 |           600 |        5649 |        3957 |          -1692 |  -66080.53999999998
      1998 | 1999 |    2003002 |          3 |             2 |           909 |        5165 |        3551 |          -1614 | -27220.070000000065
      1998 | 1999 |    2004002 |          4 |             2 |           123 |       10710 |        9127 |          -1583 | -16228.000000000466
      1998 | 1999 |    2004001 |          4 |             2 |           655 |        5558 |        4018 |          -1540 |  -74721.57000000007
      1998 | 1999 |    2004001 |          4 |             2 |           553 |        6031 |        4491 |          -1540 |  -50329.56999999998
      1998 | 1999 |    2004002 |          4 |             2 |           876 |        5757 |        4219 |          -1538 |  -75218.32000000007
      1998 | 1999 |    2002001 |          2 |             2 |            21 |        5748 |        4215 |          -1533 |  -84915.91999999995
      1998 | 1999 |    2003002 |          3 |             2 |            28 |       10914 |        9382 |          -1532 |   4514.499999999884
      1998 | 1999 |    2002002 |          2 |             2 |           326 |        6450 |        4922 |          -1528 |   -9809.86000000016
      1998 | 1999 |    2001001 |          1 |             2 |            58 |       11235 |        9718 |          -1517 |  -45178.20000000013
      1998 | 1999 |    2002002 |          2 |             2 |           171 |        5998 |        4483 |          -1515 | -109051.48000000019
      1998 | 1999 |    2003001 |          3 |             2 |           953 |        6001 |        4494 |          -1507 | -64254.389999999956
      1998 | 1999 |    2002001 |          2 |             2 |           283 |        6211 |        4744 |          -1467 |  -27160.17999999979
      1998 | 1999 |    2001001 |          1 |             2 |           262 |        5127 |        3686 |          -1441 |  -50472.57000000012
      1998 | 1999 |    2003001 |          3 |             2 |           555 |       11230 |        9806 |          -1424 | -102498.02999999962
      1998 | 1999 |    2003001 |          3 |             2 |           660 |        4952 |        3528 |          -1424 |  -72475.87999999998
      1998 | 1999 |    2004001 |          4 |             2 |            82 |       10404 |        8985 |          -1419 |   -55464.3600000001
      1998 | 1999 |    2002002 |          2 |             2 |           618 |        5887 |        4472 |          -1415 |  23701.120000000054
      1998 | 1999 |    2001001 |          1 |             2 |           233 |        5150 |        3748 |          -1402 | -46896.429999999964
      1998 | 1999 |    2002001 |          2 |             2 |           779 |        5767 |        4379 |          -1388 |  -110568.8600000001
      1998 | 1999 |    2002001 |          2 |             2 |           219 |        5506 |        4129 |          -1377 |  -69722.70999999996
      1998 | 1999 |    2004001 |          4 |             2 |           537 |        5310 |        3944 |          -1366 | -37020.139999999956
      1998 | 1999 |    2001001 |          1 |             2 |           563 |        5572 |        4208 |          -1364 |  -90543.87000000005
      1998 | 1999 |    2002001 |          2 |             2 |            12 |        5570 |        4220 |          -1350 | -27430.790000000066
      1998 | 1999 |    2001001 |          1 |             2 |           523 |        5170 |        3821 |          -1349 |  -47135.46000000002
      1998 | 1999 |    2003002 |          3 |             2 |           630 |       10720 |        9372 |          -1348 |  -127452.7199999998
      1998 | 1999 |    2001001 |          1 |             2 |           291 |        5075 |        3771 |          -1304 |           -20917.72
      1998 | 1999 |    2002002 |          2 |             2 |           363 |        5785 |        4508 |          -1277 |  -76669.44999999998
      1998 | 1999 |    2001001 |          1 |             2 |           182 |        6110 |        4861 |          -1249 |  -66641.85000000015
      1998 | 1999 |    2003001 |          3 |             2 |           104 |        5400 |        4159 |          -1241 | -127902.11000000007
      1998 | 1999 |    2002001 |          2 |             2 |           221 |        5889 |        4673 |          -1216 |  14852.309999999969
      1998 | 1999 |    2004001 |          4 |             2 |           562 |        5670 |        4467 |          -1203 |  -59603.28000000006
      1998 | 1999 |    2002001 |          2 |             2 |            71 |        5695 |        4500 |          -1195 |  -31839.75000000003
      1998 | 1999 |    2003001 |          3 |             2 |           412 |        6032 |        4837 |          -1195 | -11157.130000000092
      1998 | 1999 |    2003001 |          3 |             2 |            11 |        4860 |        3668 |          -1192 | -56854.639999999985
      1998 | 1999 |    2004002 |          4 |             2 |            68 |        5114 |        3926 |          -1188 |  -46921.50999999995
      1998 | 1999 |    2001001 |          1 |             2 |            18 |       11049 |        9868 |          -1181 |  -30923.45000000001
      1998 | 1999 |    2003001 |          3 |             2 |           612 |        6485 |        5308 |          -1177 |  -64254.89999999991
      1998 | 1999 |    2003001 |          3 |             2 |           458 |        6104 |        4932 |          -1172 | -111411.99999999983
      1998 | 1999 |    2004002 |          4 |             2 |           398 |        5858 |        4688 |          -1170 |            -30547.5
      1998 | 1999 |    2003002 |          3 |             2 |             5 |        5610 |        4455 |          -1155 |   14508.26999999996
      1998 | 1999 |    2001001 |          1 |             2 |           279 |        9486 |        8339 |          -1147 |  -60592.24000000011
      1998 | 1999 |    2004001 |          4 |             2 |           117 |        6038 |        4899 |          -1139 |  -6067.349999999977
      1998 | 1999 |    2003002 |          3 |             2 |           552 |        5529 |        4398 |          -1131 | -29182.470000000118
      1998 | 1999 |    2003001 |          3 |             2 |           268 |        5233 |        4106 |          -1127 | -114346.41999999993
      1998 | 1999 |    2003001 |          3 |             2 |            86 |        5552 |        4426 |          -1126 |  -69772.49999999985
      1998 | 1999 |    2003001 |          3 |             2 |           219 |       10819 |        9696 |          -1123 | -33287.919999999984
      1998 | 1999 |    2001001 |          1 |             2 |           158 |        5361 |        4239 |          -1122 |  -62999.88999999987
      1998 | 1999 |    2002001 |          2 |             2 |            58 |        5533 |        4424 |          -1109 |  -97478.50999999986
      1998 | 1999 |    2002002 |          2 |             2 |           718 |        6134 |        5052 |          -1082 | -64371.139999999985
      1998 | 1999 |    2004001 |          4 |             2 |           936 |        5512 |        4433 |          -1079 |  -14937.31999999992
      1998 | 1999 |    2001002 |          1 |             2 |           244 |        5094 |        4017 |          -1077 | -22499.820000000065
      1998 | 1999 |    2002001 |          2 |             2 |           233 |       10453 |        9379 |          -1074 | -59358.580000000075
      1998 | 1999 |    2003001 |          3 |             2 |           554 |        5690 |        4635 |          -1055 |           -58799.97
      1998 | 1999 |    2003001 |          3 |             2 |            30 |        5182 |        4129 |          -1053 | -60344.459999999934
      1998 | 1999 |    2001001 |          1 |             2 |           232 |        6175 |        5132 |          -1043 |  -78095.22999999998
      1998 | 1999 |    2002001 |          2 |             2 |           374 |        5504 |        4464 |          -1040 | -36580.350000000064
      1998 | 1999 |    2003001 |          3 |             2 |            85 |        5350 |        4314 |          -1036 |  -63565.50000000006
      1998 | 1999 |    2001001 |          1 |             2 |           147 |        4771 |        3738 |          -1033 | -14737.639999999927
      1998 | 1999 |    2003001 |          3 |             2 |           550 |        5122 |        4095 |          -1027 |  -32570.55999999994
      1998 | 1999 |    2002002 |          2 |             2 |           115 |        6133 |        5108 |          -1025 |  -35473.69000000003
      1998 | 1999 |    2003001 |          3 |             2 |           858 |        5953 |        4928 |          -1025 | -11710.669999999925
      1998 | 1999 |    2002002 |          2 |             2 |            32 |        6238 |        5214 |          -1024 |  -47898.30999999994
      1998 | 1999 |    2004002 |          4 |             2 |            16 |        5581 |        4559 |          -1022 |  -40695.98999999993
      1998 | 1999 |    2003001 |          3 |             2 |           520 |        5890 |        4872 |          -1018 | -143413.64999999997
      1998 | 1999 |    2004002 |          4 |             2 |           202 |        5736 |        4723 |          -1013 |  -65783.02999999997
      1998 | 1999 |    2003001 |          3 |             2 |            44 |        5432 |        4421 |          -1011 |  -5348.029999999999
      1998 | 1999 |    2003001 |          3 |             2 |           591 |        6033 |        5027 |          -1006 |  -145932.2899999999
      1998 | 1999 |    2001002 |          1 |             2 |            28 |        5572 |        4573 |           -999 |  -11484.19000000006
      1998 | 1999 |    2002001 |          2 |             2 |           111 |        5899 |        4901 |           -998 |   -19018.8599999999
      1998 | 1999 |    2001002 |          1 |             2 |            27 |        5989 |        5000 |           -989 |  -42594.31999999989
      1998 | 1999 |    2002001 |          2 |             2 |           876 |        5418 |        4431 |           -987 |   27269.02999999997
      1998 | 1999 |    2001002 |          1 |             2 |             4 |        5243 |        4257 |           -986 | -55798.350000000006
      1998 | 1999 |    2002001 |          2 |             2 |           232 |        5467 |        4481 |           -986 | -35080.750000000146
      1998 | 1999 |    2003002 |          3 |             2 |           151 |        5565 |        4581 |           -984 |  -44085.78000000006
      1998 | 1999 |    2001001 |          1 |             2 |           239 |        5509 |        4525 |           -984 |  -39845.47999999992
      1998 | 1999 |    2004001 |          4 |             2 |            77 |        6081 |        5098 |           -983 | -65221.830000000045
      1998 | 1999 |    2002001 |          2 |             2 |           516 |        5935 |        4952 |           -983 | -51182.530000000086
      1998 | 1999 |    2003002 |          3 |             2 |           138 |        6322 |        5341 |           -981 |  -55634.04999999993
      1998 | 1999 |    2001001 |          1 |             2 |           153 |        5246 |        4266 |           -980 |  -67459.79000000012
      1998 | 1999 |    2004002 |          4 |             2 |           423 |        4962 |        3994 |           -968 |   -71387.8999999999
      1998 | 1999 |    2004001 |          4 |             2 |           199 |        6175 |        5210 |           -965 |  18912.090000000113
      1998 | 1999 |    2002002 |          2 |             2 |           192 |        5130 |        4168 |           -962 |           -47868.09
      1998 | 1999 |    2001001 |          1 |             2 |            83 |        5548 |        4594 |           -954 |   27169.83999999991
      1998 | 1999 |    2004002 |          4 |             2 |           785 |        5707 |        4756 |           -951 | -50918.640000000014
      1998 | 1999 |    2003002 |          3 |             2 |           268 |        5913 |        4977 |           -936 | -15110.939999999857
(100 rows)

UPDATE time_statistics SET e_time = TRANSACTION_TIMESTAMP() WHERE template = 'query75.tpl' AND stream = 8;
psql:/tmp/s1-basline/throughput/query_8.sql:2524: NOTICE:  duration: 0.089 ms  plan:
Query Text: UPDATE time_statistics SET e_time = TRANSACTION_TIMESTAMP() WHERE template = 'query75.tpl' AND stream = 8;
Update on time_statistics  (cost=0.00..15.12 rows=0 width=0) (actual time=0.088..0.088 rows=0 loops=1)
  ->  Seq Scan on time_statistics  (cost=0.00..15.12 rows=1 width=14) (actual time=0.073..0.074 rows=1 loops=1)
        Filter: ((template = 'query75.tpl'::text) AND (stream = 8))
        Rows Removed by Filter: 480
UPDATE 1
LOAD 'auto_explain'; SET auto_explain.log_min_duration TO 0; SET auto_explain.log_analyze TO on; SET auto_explain.log_level TO notice; INSERT INTO time_statistics (template, s_time, stream, query, seed) VALUES ('query10.tpl', TRANSACTION_TIMESTAMP(), 8, 47, 2133460395);
LOAD
SET
SET
SET
psql:/tmp/s1-basline/throughput/query_8.sql:2525: NOTICE:  duration: 0.008 ms  plan:
Query Text: INSERT INTO time_statistics (template, s_time, stream, query, seed) VALUES ('query10.tpl', TRANSACTION_TIMESTAMP(), 8, 47, 2133460395);
Insert on time_statistics  (cost=0.00..0.01 rows=0 width=0) (actual time=0.008..0.008 rows=0 loops=1)
  ->  Result  (cost=0.00..0.01 rows=1 width=64) (actual time=0.001..0.002 rows=1 loops=1)
INSERT 0 1
select  
  cd_gender,
  cd_marital_status,
  cd_education_status,
  count(*) cnt1,
  cd_purchase_estimate,
  count(*) cnt2,
  cd_credit_rating,
  count(*) cnt3,
  cd_dep_count,
  count(*) cnt4,
  cd_dep_employed_count,
  count(*) cnt5,
  cd_dep_college_count,
  count(*) cnt6
 from
  customer c,customer_address ca,customer_demographics
 where
  c.c_current_addr_sk = ca.ca_address_sk and
  ca_county in ('Steuben County','Otsego County','Sibley County','Sioux County','Beckham County') and
  cd_demo_sk = c.c_current_cdemo_sk and 
  exists (select *
          from store_sales,date_dim
          where c.c_customer_sk = ss_customer_sk and
                ss_sold_date_sk = d_date_sk and
                d_year = 1999 and
                d_moy between 3 and 3+3) and
   (exists (select *
            from web_sales,date_dim
            where c.c_customer_sk = ws_bill_customer_sk and
                  ws_sold_date_sk = d_date_sk and
                  d_year = 1999 and
                  d_moy between 3 ANd 3+3) or 
    exists (select * 
            from catalog_sales,date_dim
            where c.c_customer_sk = cs_ship_customer_sk and
                  cs_sold_date_sk = d_date_sk and
                  d_year = 1999 and
                  d_moy between 3 and 3+3))
 group by cd_gender,
          cd_marital_status,
          cd_education_status,
          cd_purchase_estimate,
          cd_credit_rating,
          cd_dep_count,
          cd_dep_employed_count,
          cd_dep_college_count
 order by cd_gender,
          cd_marital_status,
          cd_education_status,
          cd_purchase_estimate,
          cd_credit_rating,
          cd_dep_count,
          cd_dep_employed_count,
          cd_dep_college_count
limit 100;
psql:/tmp/s1-basline/throughput/query_8.sql:2581: NOTICE:  duration: 7721.016 ms  plan:
Query Text: select  
  cd_gender,
  cd_marital_status,
  cd_education_status,
  count(*) cnt1,
  cd_purchase_estimate,
  count(*) cnt2,
  cd_credit_rating,
  count(*) cnt3,
  cd_dep_count,
  count(*) cnt4,
  cd_dep_employed_count,
  count(*) cnt5,
  cd_dep_college_count,
  count(*) cnt6
 from
  customer c,customer_address ca,customer_demographics
 where
  c.c_current_addr_sk = ca.ca_address_sk and
  ca_county in ('Steuben County','Otsego County','Sibley County','Sioux County','Beckham County') and
  cd_demo_sk = c.c_current_cdemo_sk and 
  exists (select *
          from store_sales,date_dim
          where c.c_customer_sk = ss_customer_sk and
                ss_sold_date_sk = d_date_sk and
                d_year = 1999 and
                d_moy between 3 and 3+3) and
   (exists (select *
            from web_sales,date_dim
            where c.c_customer_sk = ws_bill_customer_sk and
                  ws_sold_date_sk = d_date_sk and
                  d_year = 1999 and
                  d_moy between 3 ANd 3+3) or 
    exists (select * 
            from catalog_sales,date_dim
            where c.c_customer_sk = cs_ship_customer_sk and
                  cs_sold_date_sk = d_date_sk and
                  d_year = 1999 and
                  d_moy between 3 and 3+3))
 group by cd_gender,
          cd_marital_status,
          cd_education_status,
          cd_purchase_estimate,
          cd_credit_rating,
          cd_dep_count,
          cd_dep_employed_count,
          cd_dep_college_count
 order by cd_gender,
          cd_marital_status,
          cd_education_status,
          cd_purchase_estimate,
          cd_credit_rating,
          cd_dep_count,
          cd_dep_employed_count,
          cd_dep_college_count
limit 100;
Limit  (cost=261494.70..180044084.06 rows=6 width=100) (actual time=6495.778..7720.997 rows=3 loops=1)
  ->  GroupAggregate  (cost=261494.70..180044084.06 rows=6 width=100) (actual time=6495.776..7720.995 rows=3 loops=1)
        Group Key: customer_demographics.cd_gender, customer_demographics.cd_marital_status, customer_demographics.cd_education_status, customer_demographics.cd_purchase_estimate, customer_demographics.cd_credit_rating, customer_demographics.cd_dep_count, customer_demographics.cd_dep_employed_count, customer_demographics.cd_dep_college_count
        ->  Nested Loop  (cost=261494.70..180044083.87 rows=6 width=52) (actual time=4946.673..7720.977 rows=3 loops=1)
              Join Filter: (c.c_current_cdemo_sk = customer_demographics.cd_demo_sk)
              Rows Removed by Join Filter: 5762397
              ->  Gather Merge  (cost=172607.60..391522.31 rows=1920800 width=60) (actual time=4403.139..6792.826 rows=1920800 loops=1)
                    Workers Planned: 1
                    Workers Launched: 1
                    ->  Sort  (cost=171607.59..174432.30 rows=1129882 width=60) (actual time=4209.745..5857.654 rows=960400 loops=2)
                          Sort Key: customer_demographics.cd_gender, customer_demographics.cd_marital_status, customer_demographics.cd_education_status, customer_demographics.cd_purchase_estimate, customer_demographics.cd_credit_rating, customer_demographics.cd_dep_count, customer_demographics.cd_dep_employed_count, customer_demographics.cd_dep_college_count
                          Sort Method: external merge  Disk: 73576kB
                          Worker 0:  Sort Method: external merge  Disk: 65576kB
                          ->  Parallel Seq Scan on customer_demographics  (cost=0.00..33127.82 rows=1129882 width=60) (actual time=0.013..153.169 rows=960400 loops=2)
              ->  Materialize  (cost=88887.09..179479689.57 rows=6 width=8) (actual time=0.000..0.000 rows=3 loops=1920800)
                    ->  Nested Loop  (cost=88887.09..179479689.54 rows=6 width=8) (actual time=120.006..133.151 rows=3 loops=1)
                          ->  Nested Loop  (cost=88886.80..179478591.84 rows=3302 width=16) (actual time=112.280..131.297 rows=741 loops=1)
                                ->  HashAggregate  (cost=88886.51..88932.63 rows=4612 width=8) (actual time=57.768..59.187 rows=8941 loops=1)
                                      Group Key: store_sales.ss_customer_sk
                                      Batches: 1  Memory Usage: 913kB
                                      ->  Nested Loop  (cost=0.43..88874.98 rows=4612 width=8) (actual time=4.563..44.189 rows=107077 loops=1)
                                            ->  Seq Scan on date_dim  (cost=0.00..2683.36 rows=122 width=8) (actual time=4.540..9.526 rows=122 loops=1)
                                                  Filter: ((d_moy >= 3) AND (d_moy <= 6) AND (d_year = 1999))
                                                  Rows Removed by Filter: 72927
                                            ->  Index Scan using i_ss_sold_date_sk on store_sales  (cost=0.43..691.34 rows=1515 width=16) (actual time=0.005..0.200 rows=878 loops=122)
                                                  Index Cond: (ss_sold_date_sk = date_dim.d_date_sk)
                                ->  Index Scan using pk_customer on customer c  (cost=0.29..40471.25 rows=1 width=24) (actual time=0.008..0.008 rows=0 loops=8941)
                                      Index Cond: (c_customer_sk = store_sales.ss_customer_sk)
                                      Filter: ((hashed SubPlan 2) OR (hashed SubPlan 4))
                                      Rows Removed by Filter: 1
                                      SubPlan 2
                                        ->  Nested Loop  (cost=0.42..32158.93 rows=1207 width=8) (actual time=4.634..19.371 rows=28214 loops=1)
                                              ->  Seq Scan on date_dim date_dim_1  (cost=0.00..2683.36 rows=122 width=8) (actual time=4.624..9.317 rows=122 loops=1)
                                                    Filter: ((d_moy >= 3) AND (d_moy <= 6) AND (d_year = 1999))
                                                    Rows Removed by Filter: 72927
                                              ->  Index Scan using i_ws_sold_date_sk on web_sales  (cost=0.42..237.63 rows=397 width=16) (actual time=0.003..0.057 rows=231 loops=122)
                                                    Index Cond: (ws_sold_date_sk = date_dim_1.d_date_sk)
                                      SubPlan 4
                                        ->  Nested Loop  (cost=0.43..9391.03 rows=2399 width=8) (actual time=4.281..25.184 rows=54780 loops=1)
                                              ->  Seq Scan on date_dim date_dim_2  (cost=0.00..2683.36 rows=122 width=8) (actual time=4.269..9.266 rows=122 loops=1)
                                                    Filter: ((d_moy >= 3) AND (d_moy <= 6) AND (d_year = 1999))
                                                    Rows Removed by Filter: 72927
                                              ->  Index Scan using i_cs_sold_date_sk on catalog_sales  (cost=0.43..47.13 rows=785 width=16) (actual time=0.003..0.073 rows=449 loops=122)
                                                    Index Cond: (cs_sold_date_sk = date_dim_2.d_date_sk)
                          ->  Index Scan using pk_customer_address on customer_address ca  (cost=0.29..0.33 rows=1 width=8) (actual time=0.002..0.002 rows=0 loops=741)
                                Index Cond: (ca_address_sk = c.c_current_addr_sk)
                                Filter: ((ca_county)::text = ANY ('{"Steuben County","Otsego County","Sibley County","Sioux County","Beckham County"}'::text[]))
                                Rows Removed by Filter: 1
 cd_gender | cd_marital_status | cd_education_status  | cnt1 | cd_purchase_estimate | cnt2 | cd_credit_rating | cnt3 | cd_dep_count | cnt4 | cd_dep_employed_count | cnt5 | cd_dep_college_count | cnt6 
-----------+-------------------+----------------------+------+----------------------+------+------------------+------+--------------+------+-----------------------+------+----------------------+------
 F         | M                 | Advanced Degree      |    1 |                 3000 |    1 | Low Risk         |    1 |            4 |    1 |                     4 |    1 |                    0 |    1
 M         | M                 | 4 yr Degree          |    1 |                 5000 |    1 | Low Risk         |    1 |            3 |    1 |                     1 |    1 |                    0 |    1
 M         | S                 | Unknown              |    1 |                 5500 |    1 | High Risk        |    1 |            3 |    1 |                     3 |    1 |                    6 |    1
(3 rows)

UPDATE time_statistics SET e_time = TRANSACTION_TIMESTAMP() WHERE template = 'query10.tpl' AND stream = 8;
psql:/tmp/s1-basline/throughput/query_8.sql:2583: NOTICE:  duration: 0.088 ms  plan:
Query Text: UPDATE time_statistics SET e_time = TRANSACTION_TIMESTAMP() WHERE template = 'query10.tpl' AND stream = 8;
Update on time_statistics  (cost=0.00..15.12 rows=0 width=0) (actual time=0.087..0.088 rows=0 loops=1)
  ->  Seq Scan on time_statistics  (cost=0.00..15.12 rows=1 width=14) (actual time=0.072..0.073 rows=1 loops=1)
        Filter: ((template = 'query10.tpl'::text) AND (stream = 8))
        Rows Removed by Filter: 481
UPDATE 1
LOAD 'auto_explain'; SET auto_explain.log_min_duration TO 0; SET auto_explain.log_analyze TO on; SET auto_explain.log_level TO notice; INSERT INTO time_statistics (template, s_time, stream, query, seed) VALUES ('query58.tpl', TRANSACTION_TIMESTAMP(), 8, 48, 964962688);
LOAD
SET
SET
SET
psql:/tmp/s1-basline/throughput/query_8.sql:2584: NOTICE:  duration: 0.008 ms  plan:
Query Text: INSERT INTO time_statistics (template, s_time, stream, query, seed) VALUES ('query58.tpl', TRANSACTION_TIMESTAMP(), 8, 48, 964962688);
Insert on time_statistics  (cost=0.00..0.01 rows=0 width=0) (actual time=0.008..0.008 rows=0 loops=1)
  ->  Result  (cost=0.00..0.01 rows=1 width=64) (actual time=0.001..0.002 rows=1 loops=1)
INSERT 0 1
with ss_items as
 (select i_item_id item_id
        ,sum(ss_ext_sales_price) ss_item_rev 
 from store_sales
     ,item
     ,date_dim
 where ss_item_sk = i_item_sk
   and d_date in (select d_date
                  from date_dim
                  where d_week_seq = (select d_week_seq 
                                      from date_dim
                                      where d_date = '1999-05-08'))
   and ss_sold_date_sk   = d_date_sk
 group by i_item_id),
 cs_items as
 (select i_item_id item_id
        ,sum(cs_ext_sales_price) cs_item_rev
  from catalog_sales
      ,item
      ,date_dim
 where cs_item_sk = i_item_sk
  and  d_date in (select d_date
                  from date_dim
                  where d_week_seq = (select d_week_seq 
                                      from date_dim
                                      where d_date = '1999-05-08'))
  and  cs_sold_date_sk = d_date_sk
 group by i_item_id),
 ws_items as
 (select i_item_id item_id
        ,sum(ws_ext_sales_price) ws_item_rev
  from web_sales
      ,item
      ,date_dim
 where ws_item_sk = i_item_sk
  and  d_date in (select d_date
                  from date_dim
                  where d_week_seq =(select d_week_seq 
                                     from date_dim
                                     where d_date = '1999-05-08'))
  and ws_sold_date_sk   = d_date_sk
 group by i_item_id)
  select  ss_items.item_id
       ,ss_item_rev
       ,ss_item_rev/((ss_item_rev+cs_item_rev+ws_item_rev)/3) * 100 ss_dev
       ,cs_item_rev
       ,cs_item_rev/((ss_item_rev+cs_item_rev+ws_item_rev)/3) * 100 cs_dev
       ,ws_item_rev
       ,ws_item_rev/((ss_item_rev+cs_item_rev+ws_item_rev)/3) * 100 ws_dev
       ,(ss_item_rev+cs_item_rev+ws_item_rev)/3 average
 from ss_items,cs_items,ws_items
 where ss_items.item_id=cs_items.item_id
   and ss_items.item_id=ws_items.item_id 
   and ss_item_rev between 0.9 * cs_item_rev and 1.1 * cs_item_rev
   and ss_item_rev between 0.9 * ws_item_rev and 1.1 * ws_item_rev
   and cs_item_rev between 0.9 * ss_item_rev and 1.1 * ss_item_rev
   and cs_item_rev between 0.9 * ws_item_rev and 1.1 * ws_item_rev
   and ws_item_rev between 0.9 * ss_item_rev and 1.1 * ss_item_rev
   and ws_item_rev between 0.9 * cs_item_rev and 1.1 * cs_item_rev
 order by item_id
         ,ss_item_rev
 limit 100;
psql:/tmp/s1-basline/throughput/query_8.sql:2646: NOTICE:  duration: 78.066 ms  plan:
Query Text: with ss_items as
 (select i_item_id item_id
        ,sum(ss_ext_sales_price) ss_item_rev 
 from store_sales
     ,item
     ,date_dim
 where ss_item_sk = i_item_sk
   and d_date in (select d_date
                  from date_dim
                  where d_week_seq = (select d_week_seq 
                                      from date_dim
                                      where d_date = '1999-05-08'))
   and ss_sold_date_sk   = d_date_sk
 group by i_item_id),
 cs_items as
 (select i_item_id item_id
        ,sum(cs_ext_sales_price) cs_item_rev
  from catalog_sales
      ,item
      ,date_dim
 where cs_item_sk = i_item_sk
  and  d_date in (select d_date
                  from date_dim
                  where d_week_seq = (select d_week_seq 
                                      from date_dim
                                      where d_date = '1999-05-08'))
  and  cs_sold_date_sk = d_date_sk
 group by i_item_id),
 ws_items as
 (select i_item_id item_id
        ,sum(ws_ext_sales_price) ws_item_rev
  from web_sales
      ,item
      ,date_dim
 where ws_item_sk = i_item_sk
  and  d_date in (select d_date
                  from date_dim
                  where d_week_seq =(select d_week_seq 
                                     from date_dim
                                     where d_date = '1999-05-08'))
  and ws_sold_date_sk   = d_date_sk
 group by i_item_id)
  select  ss_items.item_id
       ,ss_item_rev
       ,ss_item_rev/((ss_item_rev+cs_item_rev+ws_item_rev)/3) * 100 ss_dev
       ,cs_item_rev
       ,cs_item_rev/((ss_item_rev+cs_item_rev+ws_item_rev)/3) * 100 cs_dev
       ,ws_item_rev
       ,ws_item_rev/((ss_item_rev+cs_item_rev+ws_item_rev)/3) * 100 ws_dev
       ,(ss_item_rev+cs_item_rev+ws_item_rev)/3 average
 from ss_items,cs_items,ws_items
 where ss_items.item_id=cs_items.item_id
   and ss_items.item_id=ws_items.item_id 
   and ss_item_rev between 0.9 * cs_item_rev and 1.1 * cs_item_rev
   and ss_item_rev between 0.9 * ws_item_rev and 1.1 * ws_item_rev
   and cs_item_rev between 0.9 * ss_item_rev and 1.1 * ss_item_rev
   and cs_item_rev between 0.9 * ws_item_rev and 1.1 * ws_item_rev
   and ws_item_rev between 0.9 * ss_item_rev and 1.1 * ss_item_rev
   and ws_item_rev between 0.9 * cs_item_rev and 1.1 * cs_item_rev
 order by item_id
         ,ss_item_rev
 limit 100;
Limit  (cost=7738.42..7738.43 rows=1 width=73) (actual time=78.054..78.063 rows=0 loops=1)
  ->  Sort  (cost=7738.42..7738.43 rows=1 width=73) (actual time=78.053..78.062 rows=0 loops=1)
        Sort Key: item.i_item_id, (sum(store_sales.ss_ext_sales_price))
        Sort Method: quicksort  Memory: 25kB
        ->  Merge Join  (cost=7721.91..7738.41 rows=1 width=73) (actual time=78.050..78.058 rows=0 loops=1)
              Merge Cond: (item.i_item_id = item_1.i_item_id)
              Join Filter: (((sum(store_sales.ss_ext_sales_price)) >= ('0.9'::double precision * (sum(catalog_sales.cs_ext_sales_price)))) AND ((sum(store_sales.ss_ext_sales_price)) <= ('1.1'::double precision * (sum(catalog_sales.cs_ext_sales_price)))) AND ((sum(catalog_sales.cs_ext_sales_price)) >= ('0.9'::double precision * (sum(store_sales.ss_ext_sales_price)))) AND ((sum(catalog_sales.cs_ext_sales_price)) <= ('1.1'::double precision * (sum(store_sales.ss_ext_sales_price)))) AND ((sum(store_sales.ss_ext_sales_price)) >= ('0.9'::double precision * (sum(web_sales.ws_ext_sales_price)))) AND ((sum(store_sales.ss_ext_sales_price)) <= ('1.1'::double precision * (sum(web_sales.ws_ext_sales_price)))) AND ((sum(web_sales.ws_ext_sales_price)) >= ('0.9'::double precision * (sum(store_sales.ss_ext_sales_price)))) AND ((sum(web_sales.ws_ext_sales_price)) <= ('1.1'::double precision * (sum(store_sales.ss_ext_sales_price)))))
              Rows Removed by Join Filter: 7
              ->  GroupAggregate  (cost=2732.63..2737.27 rows=265 width=25) (actual time=38.300..40.004 rows=3372 loops=1)
                    Group Key: item.i_item_id
                    InitPlan 1 (returns $0)
                      ->  Index Scan using i_d_date on date_dim date_dim_6  (cost=0.29..2.51 rows=1 width=4) (actual time=0.007..0.008 rows=1 loops=1)
                            Index Cond: (d_date = '1999-05-08'::date)
                    ->  Sort  (cost=2730.12..2730.78 rows=265 width=25) (actual time=38.295..38.681 rows=4720 loops=1)
                          Sort Key: item.i_item_id
                          Sort Method: quicksort  Memory: 648kB
                          ->  Nested Loop  (cost=2319.14..2719.45 rows=265 width=25) (actual time=7.834..20.449 rows=6501 loops=1)
                                ->  Nested Loop  (cost=2318.85..2638.50 rows=265 width=16) (actual time=7.828..10.766 rows=6501 loops=1)
                                      ->  Nested Loop  (cost=2318.42..2335.84 rows=7 width=8) (actual time=7.817..7.834 rows=7 loops=1)
                                            ->  HashAggregate  (cost=2318.13..2318.20 rows=7 width=4) (actual time=7.811..7.814 rows=7 loops=1)
                                                  Group Key: date_dim_1.d_date
                                                  Batches: 1  Memory Usage: 24kB
                                                  ->  Seq Scan on date_dim date_dim_1  (cost=0.00..2318.11 rows=7 width=4) (actual time=3.832..7.806 rows=7 loops=1)
                                                        Filter: (d_week_seq = $0)
                                                        Rows Removed by Filter: 73042
                                            ->  Index Scan using i_d_date on date_dim  (cost=0.29..2.51 rows=1 width=12) (actual time=0.002..0.002 rows=1 loops=7)
                                                  Index Cond: (d_date = date_dim_1.d_date)
                                      ->  Index Scan using i_ss_sold_date_sk on store_sales  (cost=0.43..28.09 rows=1515 width=24) (actual time=0.006..0.274 rows=929 loops=7)
                                            Index Cond: (ss_sold_date_sk = date_dim.d_date_sk)
                                ->  Index Scan using pk_item on item  (cost=0.29..0.31 rows=1 width=25) (actual time=0.001..0.001 rows=1 loops=6501)
                                      Index Cond: (i_item_sk = store_sales.ss_item_sk)
              ->  Materialize  (cost=4989.28..4997.74 rows=1 width=50) (actual time=33.940..37.098 rows=11 loops=1)
                    ->  Merge Join  (cost=4989.28..4997.74 rows=1 width=50) (actual time=33.938..37.092 rows=11 loops=1)
                          Merge Cond: (item_1.i_item_id = item_2.i_item_id)
                          Join Filter: (((sum(catalog_sales.cs_ext_sales_price)) >= ('0.9'::double precision * (sum(web_sales.ws_ext_sales_price)))) AND ((sum(catalog_sales.cs_ext_sales_price)) <= ('1.1'::double precision * (sum(web_sales.ws_ext_sales_price)))) AND ((sum(web_sales.ws_ext_sales_price)) >= ('0.9'::double precision * (sum(catalog_sales.cs_ext_sales_price)))) AND ((sum(web_sales.ws_ext_sales_price)) <= ('1.1'::double precision * (sum(catalog_sales.cs_ext_sales_price)))))
                          Rows Removed by Join Filter: 386
                          ->  GroupAggregate  (cost=2545.36..2547.77 rows=138 width=25) (actual time=21.109..22.247 rows=2731 loops=1)
                                Group Key: item_1.i_item_id
                                InitPlan 2 (returns $1)
                                  ->  Index Scan using i_d_date on date_dim date_dim_7  (cost=0.29..2.51 rows=1 width=4) (actual time=0.003..0.003 rows=1 loops=1)
                                        Index Cond: (d_date = '1999-05-08'::date)
                                ->  Sort  (cost=2542.85..2543.19 rows=138 width=25) (actual time=21.105..21.265 rows=3184 loops=1)
                                      Sort Key: item_1.i_item_id
                                      Sort Method: quicksort  Memory: 320kB
                                      ->  Nested Loop  (cost=2319.14..2537.94 rows=138 width=25) (actual time=7.176..12.919 rows=3184 loops=1)
                                            ->  Nested Loop  (cost=2318.85..2495.72 rows=138 width=16) (actual time=7.171..8.474 rows=3184 loops=1)
                                                  ->  Nested Loop  (cost=2318.42..2335.84 rows=7 width=8) (actual time=7.161..7.176 rows=7 loops=1)
                                                        ->  HashAggregate  (cost=2318.13..2318.20 rows=7 width=4) (actual time=7.156..7.158 rows=7 loops=1)
                                                              Group Key: date_dim_3.d_date
                                                              Batches: 1  Memory Usage: 24kB
                                                              ->  Seq Scan on date_dim date_dim_3  (cost=0.00..2318.11 rows=7 width=4) (actual time=3.516..7.153 rows=7 loops=1)
                                                                    Filter: (d_week_seq = $1)
                                                                    Rows Removed by Filter: 73042
                                                        ->  Index Scan using i_d_date on date_dim date_dim_2  (cost=0.29..2.51 rows=1 width=12) (actual time=0.002..0.002 rows=1 loops=7)
                                                              Index Cond: (d_date = date_dim_3.d_date)
                                                  ->  Index Scan using i_cs_sold_date_sk on catalog_sales  (cost=0.43..14.99 rows=785 width=24) (actual time=0.004..0.109 rows=455 loops=7)
                                                        Index Cond: (cs_sold_date_sk = date_dim_2.d_date_sk)
                                            ->  Index Scan using pk_item on item item_1  (cost=0.29..0.31 rows=1 width=25) (actual time=0.001..0.001 rows=1 loops=3184)
                                                  Index Cond: (i_item_sk = catalog_sales.cs_item_sk)
                          ->  Materialize  (cost=2443.93..2446.00 rows=69 width=25) (actual time=12.676..13.442 rows=1293 loops=1)
                                ->  GroupAggregate  (cost=2443.93..2445.13 rows=69 width=25) (actual time=12.674..13.197 rows=1293 loops=1)
                                      Group Key: item_2.i_item_id
                                      InitPlan 3 (returns $2)
                                        ->  Index Scan using i_d_date on date_dim date_dim_8  (cost=0.29..2.51 rows=1 width=4) (actual time=0.003..0.003 rows=1 loops=1)
                                              Index Cond: (d_date = '1999-05-08'::date)
                                      ->  Sort  (cost=2441.42..2441.59 rows=69 width=25) (actual time=12.670..12.731 rows=1414 loops=1)
                                            Sort Key: item_2.i_item_id
                                            Sort Method: quicksort  Memory: 148kB
                                            ->  Nested Loop  (cost=2319.14..2439.31 rows=69 width=25) (actual time=6.546..9.336 rows=1414 loops=1)
                                                  ->  Nested Loop  (cost=2318.85..2418.13 rows=69 width=16) (actual time=6.542..7.258 rows=1414 loops=1)
                                                        ->  Nested Loop  (cost=2318.42..2335.84 rows=7 width=8) (actual time=6.534..6.547 rows=7 loops=1)
                                                              ->  HashAggregate  (cost=2318.13..2318.20 rows=7 width=4) (actual time=6.529..6.530 rows=7 loops=1)
                                                                    Group Key: date_dim_5.d_date
                                                                    Batches: 1  Memory Usage: 24kB
                                                                    ->  Seq Scan on date_dim date_dim_5  (cost=0.00..2318.11 rows=7 width=4) (actual time=3.212..6.526 rows=7 loops=1)
                                                                          Filter: (d_week_seq = $2)
                                                                          Rows Removed by Filter: 73042
                                                              ->  Index Scan using i_d_date on date_dim date_dim_4  (cost=0.29..2.51 rows=1 width=12) (actual time=0.002..0.002 rows=1 loops=7)
                                                                    Index Cond: (d_date = date_dim_5.d_date)
                                                        ->  Index Scan using i_ws_sold_date_sk on web_sales  (cost=0.42..7.79 rows=397 width=24) (actual time=0.004..0.068 rows=202 loops=7)
                                                              Index Cond: (ws_sold_date_sk = date_dim_4.d_date_sk)
                                                  ->  Index Scan using pk_item on item item_2  (cost=0.29..0.31 rows=1 width=25) (actual time=0.001..0.001 rows=1 loops=1414)
                                                        Index Cond: (i_item_sk = web_sales.ws_item_sk)
 item_id | ss_item_rev | ss_dev | cs_item_rev | cs_dev | ws_item_rev | ws_dev | average 
---------+-------------+--------+-------------+--------+-------------+--------+---------
(0 rows)

UPDATE time_statistics SET e_time = TRANSACTION_TIMESTAMP() WHERE template = 'query58.tpl' AND stream = 8;
psql:/tmp/s1-basline/throughput/query_8.sql:2648: NOTICE:  duration: 0.080 ms  plan:
Query Text: UPDATE time_statistics SET e_time = TRANSACTION_TIMESTAMP() WHERE template = 'query58.tpl' AND stream = 8;
Update on time_statistics  (cost=0.00..15.12 rows=0 width=0) (actual time=0.079..0.080 rows=0 loops=1)
  ->  Seq Scan on time_statistics  (cost=0.00..15.12 rows=1 width=14) (actual time=0.064..0.065 rows=1 loops=1)
        Filter: ((template = 'query58.tpl'::text) AND (stream = 8))
        Rows Removed by Filter: 482
UPDATE 1
LOAD 'auto_explain'; SET auto_explain.log_min_duration TO 0; SET auto_explain.log_analyze TO on; SET auto_explain.log_level TO notice; INSERT INTO time_statistics (template, s_time, stream, query, seed) VALUES ('query6.tpl', TRANSACTION_TIMESTAMP(), 8, 49, 1331878433);
LOAD
SET
SET
SET
psql:/tmp/s1-basline/throughput/query_8.sql:2649: NOTICE:  duration: 0.010 ms  plan:
Query Text: INSERT INTO time_statistics (template, s_time, stream, query, seed) VALUES ('query6.tpl', TRANSACTION_TIMESTAMP(), 8, 49, 1331878433);
Insert on time_statistics  (cost=0.00..0.01 rows=0 width=0) (actual time=0.009..0.009 rows=0 loops=1)
  ->  Result  (cost=0.00..0.01 rows=1 width=64) (actual time=0.002..0.002 rows=1 loops=1)
INSERT 0 1
select  a.ca_state state, count(*) cnt
 from customer_address a
     ,customer c
     ,store_sales s
     ,date_dim d
     ,item i
 where       a.ca_address_sk = c.c_current_addr_sk
 	and c.c_customer_sk = s.ss_customer_sk
 	and s.ss_sold_date_sk = d.d_date_sk
 	and s.ss_item_sk = i.i_item_sk
 	and d.d_month_seq = 
 	     (select distinct (d_month_seq)
 	      from date_dim
               where d_year = 2001
 	        and d_moy = 2 )
 	and i.i_current_price > 1.2 * 
             (select avg(j.i_current_price) 
 	     from item j 
 	     where j.i_category = i.i_category)
 group by a.ca_state
 having count(*) >= 10
 order by cnt, a.ca_state 
 limit 100;
psql:/tmp/s1-basline/throughput/query_8.sql:2672: NOTICE:  duration: 92462.254 ms  plan:
Query Text: select  a.ca_state state, count(*) cnt
 from customer_address a
     ,customer c
     ,store_sales s
     ,date_dim d
     ,item i
 where       a.ca_address_sk = c.c_current_addr_sk
 	and c.c_customer_sk = s.ss_customer_sk
 	and s.ss_sold_date_sk = d.d_date_sk
 	and s.ss_item_sk = i.i_item_sk
 	and d.d_month_seq = 
 	     (select distinct (d_month_seq)
 	      from date_dim
               where d_year = 2001
 	        and d_moy = 2 )
 	and i.i_current_price > 1.2 * 
             (select avg(j.i_current_price) 
 	     from item j 
 	     where j.i_category = i.i_category)
 group by a.ca_state
 having count(*) >= 10
 order by cnt, a.ca_state 
 limit 100;
Limit  (cost=1653952.78..1653952.82 rows=17 width=11) (actual time=92462.229..92462.237 rows=44 loops=1)
  InitPlan 1 (returns $0)
    ->  Unique  (cost=2501.41..2501.55 rows=28 width=4) (actual time=7.902..7.907 rows=1 loops=1)
          ->  Sort  (cost=2501.41..2501.48 rows=28 width=4) (actual time=7.901..7.903 rows=28 loops=1)
                Sort Key: date_dim.d_month_seq
                Sort Method: quicksort  Memory: 25kB
                ->  Seq Scan on date_dim  (cost=0.00..2500.73 rows=28 width=4) (actual time=3.891..7.898 rows=28 loops=1)
                      Filter: ((d_year = 2001) AND (d_moy = 2))
                      Rows Removed by Filter: 73021
  ->  Sort  (cost=1651451.23..1651451.27 rows=17 width=11) (actual time=92462.228..92462.231 rows=44 loops=1)
        Sort Key: (count(*)), a.ca_state
        Sort Method: quicksort  Memory: 27kB
        ->  GroupAggregate  (cost=1651447.54..1651450.88 rows=17 width=11) (actual time=92461.925..92462.216 rows=44 loops=1)
              Group Key: a.ca_state
              Filter: (count(*) >= 10)
              Rows Removed by Filter: 6
              ->  Sort  (cost=1651447.54..1651448.44 rows=361 width=3) (actual time=92461.909..92461.991 rows=2138 loops=1)
                    Sort Key: a.ca_state
                    Sort Method: quicksort  Memory: 196kB
                    ->  Nested Loop  (cost=1.30..1651432.20 rows=361 width=3) (actual time=33.829..92460.214 rows=2138 loops=1)
                          ->  Nested Loop  (cost=1.01..1651316.14 rows=361 width=8) (actual time=33.819..92451.681 rows=2138 loops=1)
                                ->  Nested Loop  (cost=0.72..42182.87 rows=1083 width=16) (actual time=10.695..87.542 rows=22460 loops=1)
                                      ->  Nested Loop  (cost=0.43..41829.86 rows=1134 width=16) (actual time=10.688..29.663 rows=23006 loops=1)
                                            ->  Seq Scan on date_dim d  (cost=0.00..2318.11 rows=30 width=8) (actual time=10.674..14.363 rows=28 loops=1)
                                                  Filter: (d_month_seq = $0)
                                                  Rows Removed by Filter: 73021
                                            ->  Index Scan using i_ss_sold_date_sk on store_sales s  (cost=0.43..1301.91 rows=1515 width=24) (actual time=0.007..0.396 rows=822 loops=28)
                                                  Index Cond: (ss_sold_date_sk = d.d_date_sk)
                                      ->  Index Scan using pk_customer on customer c  (cost=0.29..0.31 rows=1 width=16) (actual time=0.002..0.002 rows=1 loops=23006)
                                            Index Cond: (c_customer_sk = s.ss_customer_sk)
                                ->  Index Scan using pk_item on item i  (cost=0.29..1485.81 rows=1 width=8) (actual time=4.112..4.112 rows=0 loops=22460)
                                      Index Cond: (i_item_sk = s.ss_item_sk)
                                      Filter: (i_current_price > ('1.2'::double precision * (SubPlan 2)))
                                      Rows Removed by Filter: 1
                                      SubPlan 2
                                        ->  Aggregate  (cost=1485.49..1485.50 rows=1 width=8) (actual time=4.109..4.109 rows=1 loops=22460)
                                              ->  Seq Scan on item j  (cost=0.00..1481.00 rows=1795 width=8) (actual time=0.009..3.998 rows=1792 loops=22460)
                                                    Filter: (i_category = i.i_category)
                                                    Rows Removed by Filter: 16208
                          ->  Index Scan using pk_customer_address on customer_address a  (cost=0.29..0.32 rows=1 width=11) (actual time=0.003..0.003 rows=1 loops=2138)
                                Index Cond: (ca_address_sk = c.c_current_addr_sk)
 state | cnt 
-------+-----
 ME    |  11
 NJ    |  11
 NH    |  13
 AZ    |  15
 UT    |  16
 NM    |  22
 WY    |  22
 WA    |  23
 OR    |  24
 ND    |  25
 WI    |  28
 NV    |  29
 MD    |  31
 CA    |  34
 AR    |  41
 LA    |  41
 CO    |  42
 MI    |  44
 MT    |  45
 SD    |  45
 OK    |  46
 WV    |  46
 MS    |  47
 SC    |  47
 ID    |  48
 IN    |  50
 PA    |  50
 KS    |  51
 OH    |  53
 FL    |  56
 MN    |  57
 AL    |  59
 NE    |  59
 NC    |  60
 NY    |  60
 KY    |  62
 TN    |  64
       |  67
 MO    |  68
 IA    |  69
 IL    |  72
 GA    |  86
 VA    | 101
 TX    | 162
(44 rows)

UPDATE time_statistics SET e_time = TRANSACTION_TIMESTAMP() WHERE template = 'query6.tpl' AND stream = 8;
psql:/tmp/s1-basline/throughput/query_8.sql:2674: NOTICE:  duration: 0.077 ms  plan:
Query Text: UPDATE time_statistics SET e_time = TRANSACTION_TIMESTAMP() WHERE template = 'query6.tpl' AND stream = 8;
Update on time_statistics  (cost=0.00..15.12 rows=0 width=0) (actual time=0.076..0.076 rows=0 loops=1)
  ->  Seq Scan on time_statistics  (cost=0.00..15.12 rows=1 width=14) (actual time=0.060..0.061 rows=1 loops=1)
        Filter: ((template = 'query6.tpl'::text) AND (stream = 8))
        Rows Removed by Filter: 483
UPDATE 1
LOAD 'auto_explain'; SET auto_explain.log_min_duration TO 0; SET auto_explain.log_analyze TO on; SET auto_explain.log_level TO notice; INSERT INTO time_statistics (template, s_time, stream, query, seed) VALUES ('query47.tpl', TRANSACTION_TIMESTAMP(), 8, 50, 3107221);
LOAD
SET
SET
SET
psql:/tmp/s1-basline/throughput/query_8.sql:2675: NOTICE:  duration: 0.008 ms  plan:
Query Text: INSERT INTO time_statistics (template, s_time, stream, query, seed) VALUES ('query47.tpl', TRANSACTION_TIMESTAMP(), 8, 50, 3107221);
Insert on time_statistics  (cost=0.00..0.01 rows=0 width=0) (actual time=0.008..0.008 rows=0 loops=1)
  ->  Result  (cost=0.00..0.01 rows=1 width=64) (actual time=0.001..0.001 rows=1 loops=1)
INSERT 0 1
with v1 as(
 select i_category, i_brand,
        s_store_name, s_company_name,
        d_year, d_moy,
        sum(ss_sales_price) sum_sales,
        avg(sum(ss_sales_price)) over
          (partition by i_category, i_brand,
                     s_store_name, s_company_name, d_year)
          avg_monthly_sales,
        rank() over
          (partition by i_category, i_brand,
                     s_store_name, s_company_name
           order by d_year, d_moy) rn
 from item, store_sales, date_dim, store
 where ss_item_sk = i_item_sk and
       ss_sold_date_sk = d_date_sk and
       ss_store_sk = s_store_sk and
       (
         d_year = 2000 or
         ( d_year = 2000-1 and d_moy =12) or
         ( d_year = 2000+1 and d_moy =1)
       )
 group by i_category, i_brand,
          s_store_name, s_company_name,
          d_year, d_moy),
 v2 as(
 select v1.i_brand
        ,v1.d_year
        ,v1.avg_monthly_sales
        ,v1.sum_sales, v1_lag.sum_sales psum, v1_lead.sum_sales nsum
 from v1, v1 v1_lag, v1 v1_lead
 where v1.i_category = v1_lag.i_category and
       v1.i_category = v1_lead.i_category and
       v1.i_brand = v1_lag.i_brand and
       v1.i_brand = v1_lead.i_brand and
       v1.s_store_name = v1_lag.s_store_name and
       v1.s_store_name = v1_lead.s_store_name and
       v1.s_company_name = v1_lag.s_company_name and
       v1.s_company_name = v1_lead.s_company_name and
       v1.rn = v1_lag.rn + 1 and
       v1.rn = v1_lead.rn - 1)
  select  *
 from v2
 where  d_year = 2000 and    
        avg_monthly_sales > 0 and
        case when avg_monthly_sales > 0 then abs(sum_sales - avg_monthly_sales) / avg_monthly_sales else null end > 0.1
 order by sum_sales - avg_monthly_sales, psum
 limit 100;
psql:/tmp/s1-basline/throughput/query_8.sql:2723: NOTICE:  duration: 1904.115 ms  plan:
Query Text: with v1 as(
 select i_category, i_brand,
        s_store_name, s_company_name,
        d_year, d_moy,
        sum(ss_sales_price) sum_sales,
        avg(sum(ss_sales_price)) over
          (partition by i_category, i_brand,
                     s_store_name, s_company_name, d_year)
          avg_monthly_sales,
        rank() over
          (partition by i_category, i_brand,
                     s_store_name, s_company_name
           order by d_year, d_moy) rn
 from item, store_sales, date_dim, store
 where ss_item_sk = i_item_sk and
       ss_sold_date_sk = d_date_sk and
       ss_store_sk = s_store_sk and
       (
         d_year = 2000 or
         ( d_year = 2000-1 and d_moy =12) or
         ( d_year = 2000+1 and d_moy =1)
       )
 group by i_category, i_brand,
          s_store_name, s_company_name,
          d_year, d_moy),
 v2 as(
 select v1.i_brand
        ,v1.d_year
        ,v1.avg_monthly_sales
        ,v1.sum_sales, v1_lag.sum_sales psum, v1_lead.sum_sales nsum
 from v1, v1 v1_lag, v1 v1_lead
 where v1.i_category = v1_lag.i_category and
       v1.i_category = v1_lead.i_category and
       v1.i_brand = v1_lag.i_brand and
       v1.i_brand = v1_lead.i_brand and
       v1.s_store_name = v1_lag.s_store_name and
       v1.s_store_name = v1_lead.s_store_name and
       v1.s_company_name = v1_lag.s_company_name and
       v1.s_company_name = v1_lead.s_company_name and
       v1.rn = v1_lag.rn + 1 and
       v1.rn = v1_lead.rn - 1)
  select  *
 from v2
 where  d_year = 2000 and    
        avg_monthly_sales > 0 and
        case when avg_monthly_sales > 0 then abs(sum_sales - avg_monthly_sales) / avg_monthly_sales else null end > 0.1
 order by sum_sales - avg_monthly_sales, psum
 limit 100;
Limit  (cost=99455.14..99455.14 rows=1 width=248) (actual time=1903.861..1904.031 rows=100 loops=1)
  CTE v1
    ->  WindowAgg  (cost=94819.99..97659.15 rows=15283 width=147) (actual time=1172.296..1684.247 rows=65768 loops=1)
          ->  WindowAgg  (cost=94819.99..97277.08 rows=15283 width=139) (actual time=1172.282..1628.047 rows=65768 loops=1)
                ->  Finalize GroupAggregate  (cost=94819.99..96856.79 rows=15283 width=131) (actual time=1172.272..1560.266 rows=65768 loops=1)
                      Group Key: item.i_category, item.i_brand, store.s_store_name, store.s_company_name, date_dim.d_year, date_dim.d_moy
                      ->  Gather Merge  (cost=94819.99..96481.08 rows=12736 width=131) (actual time=1172.267..1505.574 rows=145738 loops=1)
                            Workers Planned: 2
                            Workers Launched: 2
                            ->  Partial GroupAggregate  (cost=93819.97..94011.01 rows=6368 width=131) (actual time=1100.207..1334.524 rows=48579 loops=3)
                                  Group Key: item.i_category, item.i_brand, store.s_store_name, store.s_company_name, date_dim.d_year, date_dim.d_moy
                                  ->  Sort  (cost=93819.97..93835.89 rows=6368 width=131) (actual time=1100.195..1247.124 rows=215599 loops=3)
                                        Sort Key: item.i_category, item.i_brand, store.s_store_name, store.s_company_name, date_dim.d_year, date_dim.d_moy
                                        Sort Method: external merge  Disk: 35216kB
                                        Worker 0:  Sort Method: external merge  Disk: 28368kB
                                        Worker 1:  Sort Method: external merge  Disk: 28592kB
                                        ->  Hash Join  (cost=4716.17..93417.62 rows=6368 width=131) (actual time=34.520..370.029 rows=215599 loops=3)
                                              Hash Cond: (store_sales.ss_item_sk = item.i_item_sk)
                                              ->  Hash Join  (cost=3055.17..91739.90 rows=6368 width=37) (actual time=15.125..303.254 rows=215599 loops=3)
                                                    Hash Cond: (store_sales.ss_store_sk = store.s_store_sk)
                                                    ->  Hash Join  (cost=3053.90..91715.19 rows=6679 width=32) (actual time=15.080..266.602 rows=220788 loops=3)
                                                          Hash Cond: (store_sales.ss_sold_date_sk = date_dim.d_date_sk)
                                                          ->  Parallel Seq Scan on store_sales  (cost=0.00..85499.45 rows=1204445 width=32) (actual time=0.017..121.488 rows=948150 loops=3)
                                                          ->  Hash  (cost=3048.60..3048.60 rows=424 width=16) (actual time=15.042..15.043 rows=428 loops=3)
                                                                Buckets: 1024  Batches: 1  Memory Usage: 29kB
                                                                ->  Seq Scan on date_dim  (cost=0.00..3048.60 rows=424 width=16) (actual time=7.232..14.971 rows=428 loops=3)
                                                                      Filter: ((d_year = 2000) OR ((d_year = 1999) AND (d_moy = 12)) OR ((d_year = 2001) AND (d_moy = 1)))
                                                                      Rows Removed by Filter: 72621
                                                    ->  Hash  (cost=1.12..1.12 rows=12 width=21) (actual time=0.032..0.032 rows=12 loops=3)
                                                          Buckets: 1024  Batches: 1  Memory Usage: 9kB
                                                          ->  Seq Scan on store  (cost=0.00..1.12 rows=12 width=21) (actual time=0.025..0.028 rows=12 loops=3)
                                              ->  Hash  (cost=1436.00..1436.00 rows=18000 width=110) (actual time=19.281..19.282 rows=18000 loops=3)
                                                    Buckets: 32768  Batches: 1  Memory Usage: 2783kB
                                                    ->  Seq Scan on item  (cost=0.00..1436.00 rows=18000 width=110) (actual time=0.027..14.907 rows=18000 loops=3)
  ->  Sort  (cost=1795.99..1795.99 rows=1 width=248) (actual time=1903.860..1903.866 rows=100 loops=1)
        Sort Key: ((v1.sum_sales - v1.avg_monthly_sales)), v1_lag.sum_sales
        Sort Method: top-N heapsort  Memory: 50kB
        ->  Hash Join  (cost=1184.64..1795.98 rows=1 width=248) (actual time=1840.817..1893.842 rows=47731 loops=1)
              Hash Cond: ((v1_lead.i_category = v1.i_category) AND (v1_lead.i_brand = v1.i_brand) AND ((v1_lead.s_store_name)::text = (v1.s_store_name)::text) AND ((v1_lead.s_company_name)::text = (v1.s_company_name)::text) AND ((v1_lead.rn - 1) = v1.rn))
              ->  CTE Scan on v1 v1_lead  (cost=0.00..305.66 rows=15283 width=660) (actual time=1172.298..1181.445 rows=65768 loops=1)
              ->  Hash  (cost=1184.62..1184.62 rows=1 width=1332) (actual time=668.496..668.498 rows=50147 loops=1)
                    Buckets: 65536 (originally 1024)  Batches: 1 (originally 1)  Memory Usage: 15923kB
                    ->  Hash Join  (cost=573.29..1184.62 rows=1 width=1332) (actual time=587.735..642.253 rows=50147 loops=1)
                          Hash Cond: ((v1_lag.i_category = v1.i_category) AND (v1_lag.i_brand = v1.i_brand) AND ((v1_lag.s_store_name)::text = (v1.s_store_name)::text) AND ((v1_lag.s_company_name)::text = (v1.s_company_name)::text) AND ((v1_lag.rn + 1) = v1.rn))
                          ->  CTE Scan on v1 v1_lag  (cost=0.00..305.66 rows=15283 width=660) (actual time=0.001..8.387 rows=65768 loops=1)
                          ->  Hash  (cost=573.11..573.11 rows=8 width=672) (actual time=587.726..587.726 rows=51056 loops=1)
                                Buckets: 65536 (originally 1024)  Batches: 1 (originally 1)  Memory Usage: 9423kB
                                ->  CTE Scan on v1  (cost=0.00..573.11 rows=8 width=672) (actual time=0.002..561.232 rows=51528 loops=1)
                                      Filter: ((avg_monthly_sales > '0'::double precision) AND (d_year = 2000) AND (CASE WHEN (avg_monthly_sales > '0'::double precision) THEN (abs((sum_sales - avg_monthly_sales)) / avg_monthly_sales) ELSE NULL::double precision END > '0.1'::double precision))
                                      Rows Removed by Filter: 14240
                      i_brand                       | d_year | avg_monthly_sales  |     sum_sales      |        psum        |        nsum        
----------------------------------------------------+--------+--------------------+--------------------+--------------------+--------------------
 importoamalg #2                                    |   2000 |  4752.400833333333 |            1520.05 | 3470.8399999999997 | 2381.0200000000004
 edu packamalg #2                                   |   2000 |  5210.048333333333 | 2006.2599999999998 |            3811.78 |             2582.1
 edu packamalg #2                                   |   2000 |          5321.9375 |            2149.02 | 3112.5099999999993 |            2651.78
 importoexporti #2                                  |   2000 |  5207.778333333333 | 2039.7299999999998 | 3707.2999999999993 |            2051.55
 importoexporti #2                                  |   2000 |  5207.778333333333 |            2051.55 | 2039.7299999999998 |            3293.67
 edu packamalg #2                                   |   2000 |  5275.634166666667 |            2200.42 | 2865.2299999999996 | 2276.2200000000003
 amalgamalg #2                                      |   2000 |  4068.616666666667 |            1002.99 | 1854.1599999999999 |            4658.85
 importoamalg #2                                    |   2000 |  4951.900000000001 |            1893.92 | 2047.1899999999996 | 2350.3700000000003
 edu packedu pack #2                                |   2000 |  4868.309166666667 |            1819.18 |             2844.7 | 2192.4700000000003
 edu packamalg #2                                   |   2000 |  5275.634166666667 | 2276.2200000000003 |            2200.42 |            2344.06
 amalgscholar #2                                    |   2000 |  4714.258333333333 | 1762.8600000000001 |            2291.98 |            2424.18
 exportiexporti #2                                  |   2000 |          5016.6025 |               2074 | 3521.1699999999996 |            2897.34
 edu packamalg #2                                   |   2000 |  5275.634166666667 |            2344.06 | 2276.2200000000003 | 3141.3900000000003
 exportiedu pack #2                                 |   2000 | 4828.2941666666675 | 1898.2900000000002 |            2371.54 |             3259.9
 importoamalg #2                                    |   2000 |  4951.900000000001 | 2047.1899999999996 |            2810.61 |            1893.92
 exportischolar #2                                  |   2000 |  5049.676666666666 |             2150.7 |            3419.67 | 2639.8800000000006
 exportiamalg #2                                    |   2000 |  4623.760000000001 |            1738.79 |            4700.49 | 3562.6800000000003
 importoamalg #2                                    |   2000 |  4999.921666666666 |            2118.95 |            2434.18 | 2331.8499999999995
 exportiedu pack #2                                 |   2000 | 4718.2266666666665 | 1881.0300000000002 |  3805.830000000001 | 3336.3199999999997
 importoexporti #2                                  |   2000 |  4885.155833333333 |            2052.91 | 3765.3999999999996 |            2549.86
 amalgedu pack #2                                   |   2000 |  4931.243333333333 | 2110.3999999999996 |            2903.38 |            2813.79
 edu packedu pack #2                                |   2000 |  4720.506666666667 | 1901.9399999999998 |            2946.03 |            3372.71
 exportiexporti #2                                  |   2000 |          5111.5575 |            2299.72 |            3277.66 | 2574.8099999999995
 importoexporti #2                                  |   2000 |  5207.778333333333 |            2410.94 |            3293.67 | 2822.2799999999997
 amalgedu pack #2                                   |   2000 |  4896.894166666666 |            2105.19 | 2811.0600000000004 |            3029.04
 exportiexporti #2                                  |   2000 |          5111.5575 |            2323.26 |            3510.71 | 2671.6700000000005
 importoimporto #2                                  |   2000 |  4524.947499999999 |            1738.89 |            2068.03 |            2294.79
 exportischolar #2                                  |   2000 |           4896.165 | 2124.2400000000002 | 2687.8199999999997 |            2341.68
 edu packedu pack #2                                |   2000 |  4863.230833333333 | 2096.8700000000003 |            3107.93 |            2422.36
 importoamalg #2                                    |   2000 |  4951.900000000001 |            2194.41 |             3883.8 | 2764.7200000000003
 importoscholar #2                                  |   2000 |  4484.344166666666 |            1737.23 | 2993.8899999999994 |            2880.24
 importoimporto #2                                  |   2000 |  4524.947499999999 | 1778.0900000000001 | 3785.8500000000004 |            2878.46
 amalgimporto #2                                    |   2000 |            4049.35 |            1307.86 | 3275.3399999999992 |            2628.72
 exportischolar #2                                  |   2000 |  5205.499166666667 |            2471.87 | 3050.7400000000002 |             3022.7
 exportiamalg #2                                    |   2000 |  4853.243333333333 |            2120.72 | 2768.0600000000004 |  7045.249999999998
 importoimporto #2                                  |   2000 |  4594.060833333333 |            1866.01 |            2121.66 |  5466.759999999998
 amalgexporti #2                                    |   2000 |  4425.845833333334 | 1702.2200000000003 | 2253.6400000000003 |            1782.55
 exportiamalg #2                                    |   2000 |           4674.735 |            1955.78 | 3370.5299999999997 | 2639.7799999999997
 exportiamalg #2                                    |   2000 |  4806.779166666666 |            2091.64 |            2313.69 | 2607.1600000000003
 edu packamalg #2                                   |   2000 |          5321.9375 | 2611.5599999999995 |            4444.49 |            3573.58
 edu packimporto #2                                 |   2000 |  4390.395833333333 |            1686.25 |            2487.51 |            6399.83
 amalgedu pack #2                                   |   2000 | 4852.4766666666665 |            2154.24 |            2817.87 |            3155.69
 importoscholar #2                                  |   2000 |  4559.964166666668 |             1873.4 |            2317.09 |             2172.3
 amalgedu pack #2                                   |   2000 |  4652.128333333334 | 1975.1499999999994 |  3353.129999999999 |            2882.77
 edu packedu pack #2                                |   2000 |  4868.309166666667 | 2192.4700000000003 |            1819.18 |            2707.17
 edu packamalg #2                                   |   2000 |          5321.9375 |            2651.78 |            2149.02 |            4099.49
 importoamalg #2                                    |   2000 |  4999.921666666666 | 2331.8499999999995 |            2118.95 |            3608.79
 edu packexporti #2                                 |   2000 |  4376.607500000001 | 1710.1100000000001 |            2591.62 | 1847.1599999999999
 importoexporti #2                                  |   2000 |  5070.863333333334 | 2409.7599999999998 |            3069.42 | 3139.9800000000005
 edu packamalg #2                                   |   2000 |  4744.234166666666 |            2089.26 |            3165.62 |            5508.86
 importoedu pack #2                                 |   2000 |  4528.964166666668 |            1877.63 | 2094.2000000000003 |            3002.32
 amalgexporti #2                                    |   2000 |  4425.845833333334 |            1782.55 | 1702.2200000000003 |            2568.64
 exportiedu pack #2                                 |   2000 | 4828.2941666666675 | 2186.8700000000003 |            3434.86 |            2958.44
 amalgimporto #2                                    |   2000 |  4650.100833333333 |            2014.47 | 3492.0499999999997 | 3220.8399999999997
 edu packamalg #2                                   |   2000 |  5210.048333333333 |             2582.1 | 2006.2599999999998 | 2599.6800000000003
 edu packamalg #2                                   |   2000 |  4744.234166666666 | 2123.7799999999997 |            2473.67 | 4031.8399999999992
 importoexporti #2                                  |   2000 |  4701.048333333333 |            2084.68 | 3341.6400000000003 | 3197.9800000000005
 edu packedu pack #2                                |   2000 |          5071.4425 |            2459.86 |            3476.57 | 2870.7200000000003
 edu packamalg #2                                   |   2000 |  5210.048333333333 | 2599.6800000000003 |             2582.1 |  7079.159999999999
 amalgedu pack #2                                   |   2000 |          4586.0125 |            1977.09 | 2277.3199999999997 |            3260.24
 importoexporti #2                                  |   2000 |  4885.155833333333 |            2281.63 | 2743.6699999999996 |            7177.72
 importoamalg #2                                    |   2000 |  4951.900000000001 | 2350.3700000000003 |            1893.92 |  6841.299999999999
 importoamalg #2                                    |   2000 |  4641.299166666666 | 2043.0999999999997 |             3313.7 | 2305.4700000000003
 edu packexporti #2                                 |   2000 |  4124.303333333333 | 1537.6100000000001 |            2832.76 |            2217.82
 edu packamalg #2                                   |   2000 |  5210.048333333333 |            2624.42 | 3200.0000000000005 | 3696.0299999999993
 exportiamalg #2                                    |   2000 |  4623.760000000001 |            2048.41 |            3035.35 | 2959.0100000000007
 edu packscholar #2                                 |   2000 |  4092.361666666666 | 1517.0700000000002 | 1926.9199999999998 | 2758.3500000000004
 importoimporto #2                                  |   2000 |  4510.083333333333 | 1938.6000000000001 |            2993.21 | 3099.3799999999987
 amalgedu pack #2                                   |   2000 | 4852.4766666666665 |            2283.35 |             3973.7 |            3486.49
 importoamalg #2                                    |   2000 |  4999.921666666666 |            2434.18 |            4975.93 |            2118.95
 exportiamalg #2                                    |   2000 |  4366.475833333333 | 1808.8700000000003 | 2996.6499999999996 | 2692.9999999999995
 exportischolar #2                                  |   2000 |           4896.165 |            2341.68 | 2124.2400000000002 | 2801.9300000000003
 edu packexporti #2                                 |   2000 | 4080.6633333333325 | 1530.6599999999999 |            2612.72 |            1870.62
 exportischolar #2                                  |   2000 |  5078.800833333334 |            2528.98 | 3938.9300000000003 | 2935.8599999999997
 exportischolar #2                                  |   2000 |  4713.970833333334 |            2166.45 |            2276.39 | 3265.4799999999996
 edu packamalg #2                                   |   2000 |  4951.825833333333 |            2410.52 | 3799.9900000000002 |             2945.4
 edu packamalg #2                                   |   2000 |  4951.825833333333 | 2414.1100000000006 |            2810.51 |            2724.99
 exportiexporti #2                                  |   2000 |          5111.5575 | 2574.8099999999995 |            2299.72 | 4044.4300000000003
 importoimporto #2                                  |   2000 |  4594.060833333333 |             2057.4 |            2515.83 |            2397.19
 exportiexporti #2                                  |   2000 |  5169.833333333333 | 2633.5600000000004 |            2704.61 |            3234.99
 edu packexporti #2                                 |   2000 |  4376.607500000001 | 1847.1599999999999 | 1710.1100000000001 |            2858.85
 amalgscholar #2                                    |   2000 |  4501.115833333333 |             1974.6 | 2650.0800000000004 | 3170.9299999999994
 edu packimporto #2                                 |   2000 |  4342.826666666667 | 1818.4200000000003 |            2516.33 | 2226.0699999999997
 importoscholar #2                                  |   2000 |  4559.964166666668 | 2039.3600000000001 |            2569.96 |            2317.09
 importoscholar #2                                  |   2000 |  4563.220833333334 | 2043.4899999999998 |            2694.16 | 2622.9500000000003
 amalgimporto #2                                    |   2000 |            4444.34 |            1935.71 | 2915.7499999999995 | 2722.7799999999997
 edu packedu pack #2                                |   2000 |  4720.506666666667 |            2214.94 |            3372.71 |            2792.44
 amalgimporto #2                                    |   2000 |  4316.488333333334 |            1813.16 |             2929.2 |            2285.09
 exportiamalg #2                                    |   2000 |  4806.779166666666 |            2313.69 | 3413.1600000000003 |            2091.64
 exportiexporti #2                                  |   2000 |  5169.833333333333 |            2676.93 | 3362.8699999999994 |            2755.46
 amalgexporti #2                                    |   2000 |  4579.424166666667 |            2091.93 | 2498.3599999999997 | 3253.8899999999994
 edu packedu pack #2                                |   2000 |  4868.309166666667 |            2384.61 |            2707.17 |            6598.76
 exportiedu pack #2                                 |   2000 |  4740.880833333334 | 2257.7700000000004 | 3917.4300000000003 | 2860.1200000000003
 importoscholar #2                                  |   2000 |  4559.964166666668 | 2077.1099999999997 |            3124.79 |            2569.96
 amalgimporto #2                                    |   2000 |  4316.488333333334 | 1837.6100000000001 |            2323.91 | 2779.5000000000005
 importoexporti #2                                  |   2000 | 4886.3308333333325 |            2409.42 | 2909.6099999999997 |            2599.58
 importoimporto #2                                  |   2000 |  4594.060833333333 |            2121.66 | 2170.2400000000002 |            1866.01
 edu packexporti #2                                 |   2000 |  4376.607500000001 | 1904.3400000000001 |            2858.85 |            2550.02
 exportischolar #2                                  |   2000 |           4896.165 | 2425.7200000000003 | 2801.9300000000003 |            4976.39
 amalgimporto #2                                    |   2000 |            4444.34 | 1977.6100000000001 |             2206.4 | 2005.9399999999998
(100 rows)

UPDATE time_statistics SET e_time = TRANSACTION_TIMESTAMP() WHERE template = 'query47.tpl' AND stream = 8;
psql:/tmp/s1-basline/throughput/query_8.sql:2725: NOTICE:  duration: 0.083 ms  plan:
Query Text: UPDATE time_statistics SET e_time = TRANSACTION_TIMESTAMP() WHERE template = 'query47.tpl' AND stream = 8;
Update on time_statistics  (cost=0.00..15.28 rows=0 width=0) (actual time=0.082..0.083 rows=0 loops=1)
  ->  Seq Scan on time_statistics  (cost=0.00..15.28 rows=1 width=14) (actual time=0.067..0.068 rows=1 loops=1)
        Filter: ((template = 'query47.tpl'::text) AND (stream = 8))
        Rows Removed by Filter: 484
UPDATE 1
LOAD 'auto_explain'; SET auto_explain.log_min_duration TO 0; SET auto_explain.log_analyze TO on; SET auto_explain.log_level TO notice; INSERT INTO time_statistics (template, s_time, stream, query, seed) VALUES ('query30.tpl', TRANSACTION_TIMESTAMP(), 8, 51, 2099405777);
LOAD
SET
SET
SET
psql:/tmp/s1-basline/throughput/query_8.sql:2726: NOTICE:  duration: 0.030 ms  plan:
Query Text: INSERT INTO time_statistics (template, s_time, stream, query, seed) VALUES ('query30.tpl', TRANSACTION_TIMESTAMP(), 8, 51, 2099405777);
Insert on time_statistics  (cost=0.00..0.01 rows=0 width=0) (actual time=0.030..0.030 rows=0 loops=1)
  ->  Result  (cost=0.00..0.01 rows=1 width=64) (actual time=0.001..0.002 rows=1 loops=1)
INSERT 0 1
with customer_total_return as
 (select wr_returning_customer_sk as ctr_customer_sk
        ,ca_state as ctr_state, 
 	sum(wr_return_amt) as ctr_total_return
 from web_returns
     ,date_dim
     ,customer_address
 where wr_returned_date_sk = d_date_sk 
   and d_year =2002
   and wr_returning_addr_sk = ca_address_sk 
 group by wr_returning_customer_sk
         ,ca_state)
  select  c_customer_id,c_salutation,c_first_name,c_last_name,c_preferred_cust_flag
       ,c_birth_day,c_birth_month,c_birth_year,c_birth_country,c_login,c_email_address
       ,c_last_review_date_sk,ctr_total_return
 from customer_total_return ctr1
     ,customer_address
     ,customer
 where ctr1.ctr_total_return > (select avg(ctr_total_return)*1.2
 			  from customer_total_return ctr2 
                  	  where ctr1.ctr_state = ctr2.ctr_state)
       and ca_address_sk = c_current_addr_sk
       and ca_state = 'MN'
       and ctr1.ctr_customer_sk = c_customer_sk
 order by c_customer_id,c_salutation,c_first_name,c_last_name,c_preferred_cust_flag
                  ,c_birth_day,c_birth_month,c_birth_year,c_birth_country,c_login,c_email_address
                  ,c_last_review_date_sk,ctr_total_return
limit 100;
psql:/tmp/s1-basline/throughput/query_8.sql:2754: NOTICE:  duration: 16104.986 ms  plan:
Query Text: with customer_total_return as
 (select wr_returning_customer_sk as ctr_customer_sk
        ,ca_state as ctr_state, 
 	sum(wr_return_amt) as ctr_total_return
 from web_returns
     ,date_dim
     ,customer_address
 where wr_returned_date_sk = d_date_sk 
   and d_year =2002
   and wr_returning_addr_sk = ca_address_sk 
 group by wr_returning_customer_sk
         ,ca_state)
  select  c_customer_id,c_salutation,c_first_name,c_last_name,c_preferred_cust_flag
       ,c_birth_day,c_birth_month,c_birth_year,c_birth_country,c_login,c_email_address
       ,c_last_review_date_sk,ctr_total_return
 from customer_total_return ctr1
     ,customer_address
     ,customer
 where ctr1.ctr_total_return > (select avg(ctr_total_return)*1.2
 			  from customer_total_return ctr2 
                  	  where ctr1.ctr_state = ctr2.ctr_state)
       and ca_address_sk = c_current_addr_sk
       and ca_state = 'MN'
       and ctr1.ctr_customer_sk = c_customer_sk
 order by c_customer_id,c_salutation,c_first_name,c_last_name,c_preferred_cust_flag
                  ,c_birth_day,c_birth_month,c_birth_year,c_birth_country,c_login,c_email_address
                  ,c_last_review_date_sk,ctr_total_return
limit 100;
Limit  (cost=7757.24..7757.25 rows=3 width=226) (actual time=16104.889..16104.900 rows=80 loops=1)
  CTE customer_total_return
    ->  GroupAggregate  (cost=5043.97..5050.51 rows=327 width=19) (actual time=41.065..46.410 rows=13110 loops=1)
          Group Key: web_returns.wr_returning_customer_sk, customer_address_1.ca_state
          ->  Sort  (cost=5043.97..5044.78 rows=327 width=19) (actual time=41.058..41.828 rows=13300 loops=1)
                Sort Key: web_returns.wr_returning_customer_sk, customer_address_1.ca_state
                Sort Method: quicksort  Memory: 1210kB
                ->  Nested Loop  (cost=0.58..5030.31 rows=327 width=19) (actual time=4.114..37.949 rows=13300 loops=1)
                      ->  Nested Loop  (cost=0.29..4918.50 rows=342 width=24) (actual time=4.108..17.258 rows=13607 loops=1)
                            ->  Seq Scan on date_dim  (cost=0.00..2318.11 rows=363 width=8) (actual time=4.100..8.379 rows=365 loops=1)
                                  Filter: (d_year = 2002)
                                  Rows Removed by Filter: 72684
                            ->  Index Scan using i_wr_returned_date_sk on web_returns  (cost=0.29..6.83 rows=33 width=32) (actual time=0.001..0.019 rows=37 loops=365)
                                  Index Cond: (wr_returned_date_sk = date_dim.d_date_sk)
                      ->  Index Scan using pk_customer_address on customer_address customer_address_1  (cost=0.29..0.33 rows=1 width=11) (actual time=0.001..0.001 rows=1 loops=13607)
                            Index Cond: (ca_address_sk = web_returns.wr_returning_addr_sk)
  ->  Sort  (cost=2706.73..2706.74 rows=3 width=226) (actual time=16104.888..16104.892 rows=80 loops=1)
        Sort Key: customer.c_customer_id, customer.c_salutation, customer.c_first_name, customer.c_last_name, customer.c_preferred_cust_flag, customer.c_birth_day, customer.c_birth_month, customer.c_birth_year, customer.c_birth_country, customer.c_login, customer.c_email_address, customer.c_last_review_date_sk, ctr1.ctr_total_return
        Sort Method: quicksort  Memory: 45kB
        ->  Nested Loop  (cost=0.58..2706.71 rows=3 width=226) (actual time=122.214..16104.724 rows=80 loops=1)
              ->  Nested Loop  (cost=0.29..2671.39 rows=109 width=234) (actual time=51.723..16098.185 rows=3224 loops=1)
                    ->  CTE Scan on customer_total_return ctr1  (cost=0.00..2419.80 rows=109 width=16) (actual time=51.711..16088.546 rows=3243 loops=1)
                          Filter: (ctr_total_return > (SubPlan 2))
                          Rows Removed by Filter: 9867
                          SubPlan 2
                            ->  Aggregate  (cost=7.37..7.38 rows=1 width=8) (actual time=1.224..1.224 rows=1 loops=13110)
                                  ->  CTE Scan on customer_total_return ctr2  (cost=0.00..7.36 rows=2 width=8) (actual time=0.032..1.195 rows=377 loops=13110)
                                        Filter: (ctr1.ctr_state = ctr_state)
                                        Rows Removed by Filter: 12733
                    ->  Index Scan using pk_customer on customer  (cost=0.29..2.31 rows=1 width=234) (actual time=0.002..0.002 rows=1 loops=3243)
                          Index Cond: (c_customer_sk = ctr1.ctr_customer_sk)
              ->  Index Scan using pk_customer_address on customer_address  (cost=0.29..0.32 rows=1 width=8) (actual time=0.002..0.002 rows=0 loops=3224)
                    Index Cond: (ca_address_sk = customer.c_current_addr_sk)
                    Filter: (ca_state = 'MN'::bpchar)
                    Rows Removed by Filter: 1
  c_customer_id   | c_salutation |     c_first_name     |          c_last_name           | c_preferred_cust_flag | c_birth_day | c_birth_month | c_birth_year |   c_birth_country    | c_login |                  c_email_address                   | c_last_review_date_sk | ctr_total_return 
------------------+--------------+----------------------+--------------------------------+-----------------------+-------------+---------------+--------------+----------------------+---------+----------------------------------------------------+-----------------------+------------------
 AAAAAAAAABGDBAAA | Dr.          | John                 | Hayes                          | N                     |          27 |             8 |         1982 | BELARUS              |         | John.Hayes@7tptxASQPRM5AJzr.edu                    |               2452629 |          2808.78
 AAAAAAAAADJBAAAA | Mr.          | Jerry                | Johnson                        | N                     |          12 |             5 |         1960 | ISLE OF MAN          |         | Jerry.Johnson@RsL7tIzE0cG.com                      |               2452387 |          2056.08
 AAAAAAAAANIAAAAA | Miss         | Mildred              | Bell                           | Y                     |          21 |             2 |         1979 | SRI LANKA            |         | Mildred.Bell@Y5fu1aJiNjUHaZ2q9.com                 |               2452571 |          1199.52
 AAAAAAAAANLFAAAA | Dr.          | James                | Ryder                          | N                     |           6 |             1 |         1944 | GEORGIA              |         | James.Ryder@RRXqSI9o.edu                           |               2452627 |          5035.75
 AAAAAAAABAIDBAAA | Ms.          | Beverly              | Sprague                        | Y                     |          27 |             6 |         1956 | UNITED ARAB EMIRATES |         | Beverly.Sprague@sEsZaBJ8KkQlmn9Xqo.edu             |               2452407 |             3836
 AAAAAAAABFDIAAAA | Dr.          | Donald               | Clement                        | Y                     |          20 |             3 |         1966 | CHINA                |         | Donald.Clement@7DgYaJ0BjN70t5V.edu                 |               2452415 |          3630.08
 AAAAAAAABFDIAAAA | Dr.          | Donald               | Clement                        | Y                     |          20 |             3 |         1966 | CHINA                |         | Donald.Clement@7DgYaJ0BjN70t5V.edu                 |               2452415 |          5198.08
 AAAAAAAABOHGAAAA | Mr.          | Enrique              | Wolfe                          | Y                     |          22 |             6 |         1940 | NIGER                |         | Enrique.Wolfe@L6DJ476yAHZUjDX.edu                  |               2452289 |          3453.78
 AAAAAAAABOOJAAAA | Sir          | Clayton              | Brown                          | Y                     |           5 |             5 |         1983 | MALTA                |         | Clayton.Brown@hS.com                               |               2452608 |          7213.92
 AAAAAAAACDICBAAA | Dr.          | Curt                 | Alvarado                       | Y                     |           5 |             4 |         1992 | TOGO                 |         | Curt.Alvarado@Y0.edu                               |               2452540 |          8154.08
 AAAAAAAACDIEBAAA | Mr.          | Scott                | Lane                           | Y                     |          28 |             9 |         1954 | ESTONIA              |         | Scott.Lane@gZQ0xP2C13aUcFJG.com                    |               2452631 |          2330.24
 AAAAAAAACFDGBAAA |              | Myra                 | Marrero                        |                       |             |            11 |         1991 | TONGA                |         |                                                    |                       |          8183.76
 AAAAAAAACKNHAAAA | Ms.          | Christie             | Berry                          | N                     |           2 |             2 |         1941 | INDIA                |         | Christie.Berry@sAu7b.org                           |               2452473 |          6698.17
 AAAAAAAACLJHAAAA | Mr.          | Bradley              | Mitchell                       | Y                     |          28 |             5 |         1938 | MAURITIUS            |         | Bradley.Mitchell@hHZJt1RLxjg.org                   |               2452634 |          7184.82
 AAAAAAAACNLCBAAA | Mrs.         | Anthony              | Thomas                         | Y                     |          25 |             7 |         1949 | ALBANIA              |         | Anthony.Thomas@hGuA.com                            |               2452311 |          4326.84
 AAAAAAAACOOLAAAA | Mrs.         | Sara                 | Mitchell                       | Y                     |          14 |             7 |         1991 | JAPAN                |         | Sara.Mitchell@H1N.com                              |               2452643 |          2171.79
 AAAAAAAADBGAAAAA | Miss         | Kimberley            | Henry                          | Y                     |          24 |             7 |         1989 | CAMEROON             |         | Kimberley.Henry@rS.org                             |               2452460 |         11898.18
 AAAAAAAADKHBBAAA | Mr.          | Eric                 | Vickers                        | N                     |          15 |             4 |         1963 | SERBIA               |         | Eric.Vickers@FrS.com                               |               2452398 |             1950
 AAAAAAAADLLBAAAA | Sir          |                      | Cole                           | N                     |          13 |               |              | SLOVENIA             |         | James.Cole@tGe9XvjyUvuL.edu                        |               2452516 |          1564.26
 AAAAAAAAEHILAAAA | Dr.          | Marie                | Gibson                         | N                     |           9 |             5 |         1962 | ANDORRA              |         | Marie.Gibson@5Ubbl8xmaAFM.com                      |               2452289 |          2094.57
 AAAAAAAAEKJBAAAA | Mrs.         | Camille              | Costello                       | Y                     |          14 |             7 |         1956 | JAPAN                |         | Camille.Costello@mD3lzgQgui07KXVsT2.edu            |               2452383 |          2818.92
 AAAAAAAAEOAEAAAA | Mr.          | John                 | Davis                          | N                     |          19 |             1 |         1955 | LATVIA               |         | John.Davis@KX.com                                  |               2452321 |          9865.62
 AAAAAAAAFADDAAAA | Dr.          | Anthony              | Robinson                       | N                     |           5 |             6 |         1932 | SYRIAN ARAB REPUBLIC |         | Anthony.Robinson@K8s6.edu                          |               2452455 |           1816.6
 AAAAAAAAFDKCAAAA | Dr.          | Lloyd                | Presley                        | Y                     |          22 |             1 |         1947 | CROATIA              |         | Lloyd.Presley@lrcA07y1JBO.org                      |               2452378 |          2347.01
 AAAAAAAAFGPNAAAA | Mr.          | Alfredo              | Martin                         | Y                     |           1 |             2 |         1953 | BELGIUM              |         | Alfredo.Martin@ExiC.org                            |               2452518 |          1726.32
 AAAAAAAAFICAAAAA | Dr.          | Tarra                | Jensen                         | N                     |          17 |             4 |         1932 | PANAMA               |         | Tarra.Jensen@za.edu                                |               2452322 |          1622.88
 AAAAAAAAFIIPAAAA | Mr.          | Michael              | Christensen                    | N                     |          28 |             9 |         1949 | AUSTRIA              |         | Michael.Christensen@jkUd9TsGs45gz.com              |               2452598 |          2253.77
 AAAAAAAAFNDOAAAA | Mrs.         | Lorraine             | Stone                          | N                     |           5 |             8 |         1935 | ROMANIA              |         | Lorraine.Stone@XLJUuUzfdNE.edu                     |               2452303 |           3910.5
 AAAAAAAAGAAOAAAA | Sir          | John                 | Bateman                        | N                     |          30 |             3 |         1983 | SAINT LUCIA          |         | John.Bateman@fUsncFcX.edu                          |               2452382 |             2359
 AAAAAAAAGAHNAAAA | Dr.          | Debbie               | Brown                          | Y                     |           3 |             7 |         1959 | SAMOA                |         | Debbie.Brown@O2Gt0TO9n5ZBJ.edu                     |               2452571 |          3319.68
 AAAAAAAAGFAGBAAA | Dr.          | John                 | Bradshaw                       | Y                     |          25 |             9 |         1929 | MEXICO               |         | John.Bradshaw@d.edu                                |               2452455 |           8532.6
 AAAAAAAAGIBLAAAA | Ms.          | Carrie               | Fairchild                      | Y                     |           1 |             2 |         1970 | GAMBIA               |         | Carrie.Fairchild@mjRP4n.org                        |               2452319 |         13913.68
 AAAAAAAAGNOABAAA | Ms.          | Susana               | Gray                           | N                     |          15 |             7 |         1928 | CYPRUS               |         | Susana.Gray@UIIuX2g1LezV7AKK.edu                   |               2452538 |          2179.44
 AAAAAAAAHFHIAAAA | Ms.          | Thelma               | Dean                           | N                     |          11 |             4 |         1989 | KIRIBATI             |         | Thelma.Dean@KVPbGFX.org                            |               2452568 |          3973.43
 AAAAAAAAHJCGAAAA | Mr.          | Diego                | Martin                         | N                     |           9 |             2 |         1971 | MALAYSIA             |         | Diego.Martin@c.edu                                 |               2452535 |          1670.48
 AAAAAAAAHMAPAAAA | Dr.          |                      | Miller                         | N                     |          30 |             9 |         1955 |                      |         |                                                    |               2452393 |          1793.66
 AAAAAAAAHMEAAAAA |              |                      | Wright                         |                       |           9 |               |         1974 |                      |         |                                                    |               2452519 |           3002.4
 AAAAAAAAHPOABAAA | Dr.          | Adam                 | Williams                       | Y                     |          13 |             1 |         1989 | OMAN                 |         | Adam.Williams@0houml134rrE.edu                     |               2452631 |          2182.68
 AAAAAAAAJAPKAAAA | Mr.          | Matthew              | Cooley                         | N                     |           3 |             9 |         1987 | ZAMBIA               |         | Matthew.Cooley@luL.com                             |               2452348 |           2111.2
 AAAAAAAAJCECAAAA |              |                      | Cooper                         | N                     |          23 |            11 |              | HONDURAS             |         |                                                    |                       |          3613.72
 AAAAAAAAJCODAAAA | Ms.          | Arthur               | Carpenter                      | Y                     |           5 |             3 |         1940 | CHILE                |         | Arthur.Carpenter@oU3SvLCFyG1JLNT.edu               |               2452305 |           4597.2
 AAAAAAAAJFBEAAAA | Dr.          | Michael              | Henderson                      | Y                     |           5 |             5 |         1945 | RWANDA               |         | Michael.Henderson@BryyX.com                        |               2452545 |          2714.11
 AAAAAAAAJHOFBAAA | Mr.          | David                | Brown                          | Y                     |           3 |             6 |         1926 | DOMINICA             |         | David.Brown@XrH76azpaK.org                         |               2452439 |          4635.18
 AAAAAAAAJIFJAAAA | Miss         | Barbara              | Dunn                           | N                     |           2 |            12 |         1973 | BAHRAIN              |         | Barbara.Dunn@47.edu                                |               2452449 |          3990.01
 AAAAAAAAJJEKAAAA | Miss         | Teresa               | Johnson                        | Y                     |          20 |            11 |         1984 | SUDAN                |         | Teresa.Johnson@9z.edu                              |               2452337 |          5494.04
 AAAAAAAAKBMKAAAA | Mr.          | Gary                 | Thompson                       | Y                     |           3 |             5 |         1947 | ZIMBABWE             |         | Gary.Thompson@U06f3GgtsQxhhJ.org                   |               2452487 |          1583.19
 AAAAAAAAKCOMAAAA | Dr.          | James                | Miller                         | N                     |          21 |             6 |         1973 | TOKELAU              |         | James.Miller@BnZ2.com                              |               2452486 |          1904.76
 AAAAAAAAKEOEBAAA | Miss         | Allen                | Greene                         | Y                     |          11 |             6 |         1938 | SINGAPORE            |         | Allen.Greene@Na5IaajKNFCePF.com                    |               2452427 |          2130.96
 AAAAAAAAKGJFBAAA | Mr.          | Ronald               | Stamps                         | Y                     |          14 |             6 |         1971 | SWITZERLAND          |         | Ronald.Stamps@Hm1.edu                              |               2452328 |          3592.14
 AAAAAAAAKMLFAAAA | Dr.          | Vivian               | Bello                          | N                     |          20 |             2 |         1959 | GREENLAND            |         | Vivian.Bello@Y8NSjiLb35.com                        |               2452395 |          2189.44
 AAAAAAAALACFAAAA |              |                      |                                | N                     |          16 |             8 |         1961 | LITHUANIA            |         | Marc.Hall@zbTVP1r1PI.org                           |                       |             8541
 AAAAAAAALBNMAAAA | Ms.          | Christy              | Cyr                            | Y                     |          11 |            10 |         1953 | ALAND ISLANDS        |         | Christy.Cyr@UJIFuCIkNLkp.com                       |               2452539 |          2353.04
 AAAAAAAALCPGBAAA | Dr.          | Gilbert              | Wiggins                        | N                     |          23 |             6 |         1931 | BURKINA FASO         |         | Gilbert.Wiggins@4zt.com                            |               2452593 |             1980
 AAAAAAAALELJAAAA | Miss         | Sharon               | Brown                          | Y                     |          11 |             7 |         1957 | EGYPT                |         | Sharon.Brown@68.com                                |               2452295 |          2848.82
 AAAAAAAALELJAAAA | Miss         | Sharon               | Brown                          | Y                     |          11 |             7 |         1957 | EGYPT                |         | Sharon.Brown@68.com                                |               2452295 |          3471.93
 AAAAAAAALGELAAAA | Sir          | James                | Sexton                         | Y                     |          20 |             9 |         1937 | BURKINA FASO         |         | James.Sexton@LE309ijs6By4.org                      |               2452583 |          2878.74
 AAAAAAAALHMEAAAA | Dr.          | Frank                | Randall                        | Y                     |           6 |             3 |         1974 | BULGARIA             |         | Frank.Randall@T4RH5sz.edu                          |               2452549 |          2439.84
 AAAAAAAALLMBBAAA | Miss         | Jana                 | Herrington                     | Y                     |          12 |            12 |         1927 | TUNISIA              |         | Jana.Herrington@mpCPha6XH.edu                      |               2452416 |          5230.16
 AAAAAAAALMFIBAAA | Dr.          | April                | William                        | N                     |          17 |             2 |         1965 | UNITED STATES        |         | April.William@HjRuZxRGMCgmecT3.edu                 |               2452436 |          1818.72
 AAAAAAAALMLKAAAA |              |                      | Elmore                         | Y                     |           1 |               |         1988 |                      |         |                                                    |               2452330 |          1912.16
 AAAAAAAALNGIAAAA | Ms.          | Catherine            | Martinez                       | Y                     |           1 |             9 |         1953 | NORFOLK ISLAND       |         | Catherine.Martinez@fR2xB1z4.org                    |               2452341 |          2020.62
 AAAAAAAAMBGIBAAA | Dr.          | Steven               | Wilson                         | N                     |          10 |             7 |         1943 | TRINIDAD AND TOBAGO  |         | Steven.Wilson@iDDYOF0xtOJftXRVzL.org               |               2452448 |          2492.95
 AAAAAAAAMCLBBAAA | Dr.          | Hector               | Ruiz                           | Y                     |           4 |             2 |         1969 | CROATIA              |         | Hector.Ruiz@K.org                                  |               2452423 |         10685.08
 AAAAAAAAMIKGBAAA |              | Catherine            |                                | N                     |             |               |              | GABON                |         |                                                    |               2452586 |          1736.03
 AAAAAAAAMNFIBAAA | Sir          | Timothy              | Lemons                         | Y                     |          28 |             3 |         1934 | SUDAN                |         | Timothy.Lemons@c4tjTcjlVNmaS.com                   |               2452451 |          2386.12
 AAAAAAAANAIKAAAA | Ms.          | Adrienne             | Boothe                         | Y                     |          25 |             6 |         1951 | OMAN                 |         | Adrienne.Boothe@9.com                              |               2452431 |          3018.18
 AAAAAAAANCKEAAAA | Dr.          | Michael              | Cooper                         | N                     |          30 |             5 |         1992 | CAPE VERDE           |         | Michael.Cooper@u8LD2mgzSf39c5ZQH.com               |               2452453 |          2256.32
 AAAAAAAANDDIBAAA | Dr.          | Kellie               | Thompson                       | N                     |          17 |             7 |         1930 | AFGHANISTAN          |         | Kellie.Thompson@aJ5YSabnRm.com                     |               2452306 |           8335.5
 AAAAAAAANFIIAAAA | Sir          | Michael              | Alfaro                         | N                     |          28 |             9 |         1974 | THAILAND             |         | Michael.Alfaro@4GHYboiKP9RFhOQgfI.com              |               2452549 |          3153.19
 AAAAAAAANLNOAAAA | Dr.          | Nicholas             | Brooks                         | N                     |           2 |             8 |         1935 | CÃ\u0094TE D'IVOIRE  |         | Nicholas.Brooks@pmG3nEj.org                        |               2452523 |          1704.56
 AAAAAAAANPHCAAAA | Ms.          | Rosalva              | Thompson                       | Y                     |           5 |             8 |         1959 | SRI LANKA            |         | Rosalva.Thompson@BmY9DP.com                        |               2452624 |          3559.08
 AAAAAAAAOAGLAAAA | Mr.          | Ken                  | Duncan                         | N                     |          31 |             1 |         1985 | GUERNSEY             |         | Ken.Duncan@saezuf2.com                             |               2452624 |          1512.32
 AAAAAAAAODMBBAAA | Dr.          | Lee                  | Davis                          | N                     |          29 |             8 |         1965 | UNITED KINGDOM       |         | Lee.Davis@E2RBtvNMA8KNR0eu.com                     |               2452483 |          4559.88
 AAAAAAAAOFFOAAAA | Mr.          | Man                  | Arnold                         | N                     |          31 |            10 |         1968 | SURINAME             |         | Man.Arnold@X0Degqo3Qu.com                          |               2452534 |          3711.96
 AAAAAAAAOGOABAAA | Mrs.         | Bonnie               | Pinkston                       | Y                     |          27 |             8 |         1961 | IRAQ                 |         | Bonnie.Pinkston@g57.edu                            |               2452501 |          5983.36
 AAAAAAAAOIOJAAAA | Dr.          | Charles              | Fox                            | N                     |           6 |             4 |         1975 | NAMIBIA              |         | Charles.Fox@lsK8UR7y8q.com                         |               2452557 |          4561.82
 AAAAAAAAONCOAAAA | Miss         | Sheryl               | Sibley                         | N                     |          25 |             5 |         1990 | FIJI                 |         | Sheryl.Sibley@vM8uarccCX.com                       |               2452523 |           3178.6
 AAAAAAAAONGAAAAA | Dr.          | David                | Singer                         | N                     |          21 |            11 |         1935 | MALDIVES             |         | David.Singer@ZMEA6b8A64B423f6IQ.com                |               2452299 |          1853.18
 AAAAAAAAOOOBAAAA | Mr.          | Eugene               | Diaz                           | N                     |          26 |             6 |         1980 | PAKISTAN             |         | Eugene.Diaz@oLG9.org                               |               2452636 |          2436.59
 AAAAAAAAPCCPAAAA | Miss         | Gladys               | Trinidad                       | N                     |          23 |             6 |         1967 | GAMBIA               |         | Gladys.Trinidad@mj8.edu                            |               2452299 |          2043.25
(80 rows)

UPDATE time_statistics SET e_time = TRANSACTION_TIMESTAMP() WHERE template = 'query30.tpl' AND stream = 8;
psql:/tmp/s1-basline/throughput/query_8.sql:2756: NOTICE:  duration: 0.081 ms  plan:
Query Text: UPDATE time_statistics SET e_time = TRANSACTION_TIMESTAMP() WHERE template = 'query30.tpl' AND stream = 8;
Update on time_statistics  (cost=0.00..15.28 rows=0 width=0) (actual time=0.080..0.080 rows=0 loops=1)
  ->  Seq Scan on time_statistics  (cost=0.00..15.28 rows=1 width=14) (actual time=0.016..0.066 rows=1 loops=1)
        Filter: ((template = 'query30.tpl'::text) AND (stream = 8))
        Rows Removed by Filter: 485
UPDATE 1
LOAD 'auto_explain'; SET auto_explain.log_min_duration TO 0; SET auto_explain.log_analyze TO on; SET auto_explain.log_level TO notice; INSERT INTO time_statistics (template, s_time, stream, query, seed) VALUES ('../query_postgresql/query94.tpl', TRANSACTION_TIMESTAMP(), 8, 52, 1177248555);
LOAD
SET
SET
SET
psql:/tmp/s1-basline/throughput/query_8.sql:2757: NOTICE:  duration: 0.009 ms  plan:
Query Text: INSERT INTO time_statistics (template, s_time, stream, query, seed) VALUES ('../query_postgresql/query94.tpl', TRANSACTION_TIMESTAMP(), 8, 52, 1177248555);
Insert on time_statistics  (cost=0.00..0.01 rows=0 width=0) (actual time=0.008..0.009 rows=0 loops=1)
  ->  Result  (cost=0.00..0.01 rows=1 width=64) (actual time=0.001..0.002 rows=1 loops=1)
INSERT 0 1
select  
   count(distinct ws_order_number) as "order count"
  ,sum(ws_ext_ship_cost) as "total shipping cost"
  ,sum(ws_net_profit) as "total net profit"
from
   web_sales ws1
  ,date_dim
  ,customer_address
  ,web_site
where
    d_date between '2002-3-01' and 
           (cast('2002-3-01' as date) + interval '60 days')
and ws1.ws_ship_date_sk = d_date_sk
and ws1.ws_ship_addr_sk = ca_address_sk
and ca_state = 'NE'
and ws1.ws_web_site_sk = web_site_sk
and web_company_name = 'pri'
and exists (select *
            from web_sales ws2
            where ws1.ws_order_number = ws2.ws_order_number
              and ws1.ws_warehouse_sk <> ws2.ws_warehouse_sk)
and not exists(select *
               from web_returns wr1
               where ws1.ws_order_number = wr1.wr_order_number)
order by count(distinct ws_order_number)
limit 100;
psql:/tmp/s1-basline/throughput/query_8.sql:2783: NOTICE:  duration: 197.182 ms  plan:
Query Text: select  
   count(distinct ws_order_number) as "order count"
  ,sum(ws_ext_ship_cost) as "total shipping cost"
  ,sum(ws_net_profit) as "total net profit"
from
   web_sales ws1
  ,date_dim
  ,customer_address
  ,web_site
where
    d_date between '2002-3-01' and 
           (cast('2002-3-01' as date) + interval '60 days')
and ws1.ws_ship_date_sk = d_date_sk
and ws1.ws_ship_addr_sk = ca_address_sk
and ca_state = 'NE'
and ws1.ws_web_site_sk = web_site_sk
and web_company_name = 'pri'
and exists (select *
            from web_sales ws2
            where ws1.ws_order_number = ws2.ws_order_number
              and ws1.ws_warehouse_sk <> ws2.ws_warehouse_sk)
and not exists(select *
               from web_returns wr1
               where ws1.ws_order_number = wr1.wr_order_number)
order by count(distinct ws_order_number)
limit 100;
Limit  (cost=37656.26..37656.26 rows=1 width=24) (actual time=155.950..197.172 rows=1 loops=1)
  ->  Sort  (cost=37656.26..37656.26 rows=1 width=24) (actual time=155.949..197.171 rows=1 loops=1)
        Sort Key: (count(DISTINCT ws1.ws_order_number))
        Sort Method: quicksort  Memory: 25kB
        ->  Aggregate  (cost=37656.24..37656.25 rows=1 width=24) (actual time=155.944..197.165 rows=1 loops=1)
              ->  Gather  (cost=1009.23..37656.22 rows=2 width=24) (actual time=5.796..197.134 rows=61 loops=1)
                    Workers Planned: 2
                    Workers Launched: 2
                    ->  Nested Loop Semi Join  (cost=9.22..36656.02 rows=1 width=24) (actual time=14.604..151.566 rows=20 loops=3)
                          ->  Nested Loop Anti Join  (cost=8.80..31236.24 rows=1 width=32) (actual time=13.404..125.989 rows=20 loops=3)
                                ->  Nested Loop  (cost=8.38..30595.82 rows=2 width=32) (actual time=4.158..84.182 rows=73 loops=3)
                                      ->  Hash Join  (cost=8.09..30570.86 rows=80 width=40) (actual time=0.333..77.488 rows=2300 loops=3)
                                            Hash Cond: (ws1.ws_web_site_sk = web_site.web_site_sk)
                                            ->  Hash Join  (cost=5.60..30567.57 rows=268 width=48) (actual time=0.177..76.562 rows=7684 loops=3)
                                                  Hash Cond: (ws1.ws_ship_date_sk = date_dim.d_date_sk)
                                                  ->  Parallel Seq Scan on web_sales ws1  (cost=0.00..29771.63 rows=301063 width=56) (actual time=0.015..45.725 rows=237185 loops=3)
                                                  ->  Hash  (cost=4.79..4.79 rows=65 width=8) (actual time=0.095..0.096 rows=61 loops=3)
                                                        Buckets: 1024  Batches: 1  Memory Usage: 11kB
                                                        ->  Index Scan using i_d_date on date_dim  (cost=0.29..4.79 rows=65 width=8) (actual time=0.061..0.084 rows=61 loops=3)
                                                              Index Cond: ((d_date >= '2002-03-01'::date) AND (d_date <= '2002-04-30 00:00:00'::timestamp without time zone))
                                            ->  Hash  (cost=2.38..2.38 rows=9 width=8) (actual time=0.050..0.050 rows=9 loops=3)
                                                  Buckets: 1024  Batches: 1  Memory Usage: 9kB
                                                  ->  Seq Scan on web_site  (cost=0.00..2.38 rows=9 width=8) (actual time=0.028..0.046 rows=9 loops=3)
                                                        Filter: (web_company_name = 'pri'::bpchar)
                                                        Rows Removed by Filter: 21
                                      ->  Index Scan using pk_customer_address on customer_address  (cost=0.29..0.31 rows=1 width=8) (actual time=0.003..0.003 rows=0 loops=6900)
                                            Index Cond: (ca_address_sk = ws1.ws_ship_addr_sk)
                                            Filter: (ca_state = 'NE'::bpchar)
                                            Rows Removed by Filter: 1
                                ->  Index Only Scan using pk_web_returns on web_returns wr1  (cost=0.42..541.62 rows=2 width=8) (actual time=0.575..0.575 rows=1 loops=218)
                                      Index Cond: (wr_order_number = ws1.ws_order_number)
                                      Heap Fetches: 50
                          ->  Index Scan using pk_web_sales on web_sales ws2  (cost=0.42..5419.76 rows=10 width=16) (actual time=1.257..1.257 rows=1 loops=61)
                                Index Cond: (ws_order_number = ws1.ws_order_number)
                                Filter: (ws1.ws_warehouse_sk <> ws_warehouse_sk)
                                Rows Removed by Filter: 0
 order count | total shipping cost |  total net profit  
-------------+---------------------+--------------------
          33 |            60554.41 | -31801.58999999999
(1 row)

UPDATE time_statistics SET e_time = TRANSACTION_TIMESTAMP() WHERE template = '../query_postgresql/query94.tpl' AND stream = 8;
psql:/tmp/s1-basline/throughput/query_8.sql:2785: NOTICE:  duration: 0.078 ms  plan:
Query Text: UPDATE time_statistics SET e_time = TRANSACTION_TIMESTAMP() WHERE template = '../query_postgresql/query94.tpl' AND stream = 8;
Update on time_statistics  (cost=0.00..15.28 rows=0 width=0) (actual time=0.077..0.077 rows=0 loops=1)
  ->  Seq Scan on time_statistics  (cost=0.00..15.28 rows=1 width=14) (actual time=0.018..0.062 rows=1 loops=1)
        Filter: ((template = '../query_postgresql/query94.tpl'::text) AND (stream = 8))
        Rows Removed by Filter: 486
UPDATE 1
LOAD 'auto_explain'; SET auto_explain.log_min_duration TO 0; SET auto_explain.log_analyze TO on; SET auto_explain.log_level TO notice; INSERT INTO time_statistics (template, s_time, stream, query, seed) VALUES ('query97.tpl', TRANSACTION_TIMESTAMP(), 8, 53, 1249624074);
LOAD
SET
SET
SET
psql:/tmp/s1-basline/throughput/query_8.sql:2786: NOTICE:  duration: 0.010 ms  plan:
Query Text: INSERT INTO time_statistics (template, s_time, stream, query, seed) VALUES ('query97.tpl', TRANSACTION_TIMESTAMP(), 8, 53, 1249624074);
Insert on time_statistics  (cost=0.00..0.01 rows=0 width=0) (actual time=0.009..0.009 rows=0 loops=1)
  ->  Result  (cost=0.00..0.01 rows=1 width=64) (actual time=0.002..0.002 rows=1 loops=1)
INSERT 0 1
with ssci as (
select ss_customer_sk customer_sk
      ,ss_item_sk item_sk
from store_sales,date_dim
where ss_sold_date_sk = d_date_sk
  and d_month_seq between 1182 and 1182 + 11
group by ss_customer_sk
        ,ss_item_sk),
csci as(
 select cs_bill_customer_sk customer_sk
      ,cs_item_sk item_sk
from catalog_sales,date_dim
where cs_sold_date_sk = d_date_sk
  and d_month_seq between 1182 and 1182 + 11
group by cs_bill_customer_sk
        ,cs_item_sk)
 select  sum(case when ssci.customer_sk is not null and csci.customer_sk is null then 1 else 0 end) store_only
      ,sum(case when ssci.customer_sk is null and csci.customer_sk is not null then 1 else 0 end) catalog_only
      ,sum(case when ssci.customer_sk is not null and csci.customer_sk is not null then 1 else 0 end) store_and_catalog
from ssci full outer join csci on (ssci.customer_sk=csci.customer_sk
                               and ssci.item_sk = csci.item_sk)
limit 100;
psql:/tmp/s1-basline/throughput/query_8.sql:2808: NOTICE:  duration: 943.502 ms  plan:
Query Text: with ssci as (
select ss_customer_sk customer_sk
      ,ss_item_sk item_sk
from store_sales,date_dim
where ss_sold_date_sk = d_date_sk
  and d_month_seq between 1182 and 1182 + 11
group by ss_customer_sk
        ,ss_item_sk),
csci as(
 select cs_bill_customer_sk customer_sk
      ,cs_item_sk item_sk
from catalog_sales,date_dim
where cs_sold_date_sk = d_date_sk
  and d_month_seq between 1182 and 1182 + 11
group by cs_bill_customer_sk
        ,cs_item_sk)
 select  sum(case when ssci.customer_sk is not null and csci.customer_sk is null then 1 else 0 end) store_only
      ,sum(case when ssci.customer_sk is null and csci.customer_sk is not null then 1 else 0 end) catalog_only
      ,sum(case when ssci.customer_sk is not null and csci.customer_sk is not null then 1 else 0 end) store_and_catalog
from ssci full outer join csci on (ssci.customer_sk=csci.customer_sk
                               and ssci.item_sk = csci.item_sk)
limit 100;
Limit  (cost=116991.77..116991.78 rows=1 width=24) (actual time=924.381..943.492 rows=1 loops=1)
  ->  Aggregate  (cost=116991.77..116991.78 rows=1 width=24) (actual time=924.380..943.490 rows=1 loops=1)
        ->  Hash Full Join  (cost=115197.41..116885.16 rows=14215 width=16) (actual time=579.128..874.877 rows=822139 loops=1)
              Hash Cond: ((store_sales.ss_customer_sk = catalog_sales.cs_bill_customer_sk) AND (store_sales.ss_item_sk = catalog_sales.cs_item_sk))
              ->  Group  (cost=92537.89..94008.86 rows=14215 width=16) (actual time=318.089..499.734 rows=539079 loops=1)
                    Group Key: store_sales.ss_customer_sk, store_sales.ss_item_sk
                    ->  Gather Merge  (cost=92537.89..93949.63 rows=11846 width=16) (actual time=318.087..444.994 rows=542473 loops=1)
                          Workers Planned: 2
                          Workers Launched: 2
                          ->  Group  (cost=91537.87..91582.29 rows=5923 width=16) (actual time=306.270..346.848 rows=180824 loops=3)
                                Group Key: store_sales.ss_customer_sk, store_sales.ss_item_sk
                                ->  Sort  (cost=91537.87..91552.67 rows=5923 width=16) (actual time=306.267..316.413 rows=181711 loops=3)
                                      Sort Key: store_sales.ss_customer_sk, store_sales.ss_item_sk
                                      Sort Method: external merge  Disk: 5320kB
                                      Worker 0:  Sort Method: quicksort  Memory: 14074kB
                                      Worker 1:  Sort Method: quicksort  Memory: 14028kB
                                      ->  Hash Join  (cost=2505.43..91166.73 rows=5923 width=16) (actual time=13.177..247.621 rows=181711 loops=3)
                                            Hash Cond: (store_sales.ss_sold_date_sk = date_dim.d_date_sk)
                                            ->  Parallel Seq Scan on store_sales  (cost=0.00..85499.45 rows=1204445 width=24) (actual time=0.015..122.032 rows=948150 loops=3)
                                            ->  Hash  (cost=2500.73..2500.73 rows=376 width=8) (actual time=13.082..13.083 rows=365 loops=3)
                                                  Buckets: 1024  Batches: 1  Memory Usage: 23kB
                                                  ->  Seq Scan on date_dim  (cost=0.00..2500.73 rows=376 width=8) (actual time=6.133..13.032 rows=365 loops=3)
                                                        Filter: ((d_month_seq >= 1182) AND (d_month_seq <= 1193))
                                                        Rows Removed by Filter: 72684
              ->  Hash  (cost=22548.62..22548.62 rows=7393 width=16) (actual time=261.030..261.031 rows=283230 loops=1)
                    Buckets: 524288 (originally 8192)  Batches: 1 (originally 1)  Memory Usage: 17368kB
                    ->  HashAggregate  (cost=22400.76..22474.69 rows=7393 width=16) (actual time=167.548..217.284 rows=283230 loops=1)
                          Group Key: catalog_sales.cs_bill_customer_sk, catalog_sales.cs_item_sk
                          Batches: 1  Memory Usage: 25617kB
                          ->  Nested Loop  (cost=0.43..22363.80 rows=7393 width=16) (actual time=3.494..101.845 rows=283313 loops=1)
                                ->  Seq Scan on date_dim date_dim_1  (cost=0.00..2500.73 rows=376 width=8) (actual time=3.485..7.753 rows=365 loops=1)
                                      Filter: ((d_month_seq >= 1182) AND (d_month_seq <= 1193))
                                      Rows Removed by Filter: 72684
                                ->  Index Scan using i_cs_sold_date_sk on catalog_sales  (cost=0.43..44.98 rows=785 width=24) (actual time=0.004..0.132 rows=776 loops=365)
                                      Index Cond: (cs_sold_date_sk = date_dim_1.d_date_sk)
 store_only | catalog_only | store_and_catalog 
------------+--------------+-------------------
     532067 |       282401 |               170
(1 row)

UPDATE time_statistics SET e_time = TRANSACTION_TIMESTAMP() WHERE template = 'query97.tpl' AND stream = 8;
psql:/tmp/s1-basline/throughput/query_8.sql:2810: NOTICE:  duration: 0.091 ms  plan:
Query Text: UPDATE time_statistics SET e_time = TRANSACTION_TIMESTAMP() WHERE template = 'query97.tpl' AND stream = 8;
Update on time_statistics  (cost=0.00..15.28 rows=0 width=0) (actual time=0.090..0.090 rows=0 loops=1)
  ->  Seq Scan on time_statistics  (cost=0.00..15.28 rows=1 width=14) (actual time=0.023..0.074 rows=1 loops=1)
        Filter: ((template = 'query97.tpl'::text) AND (stream = 8))
        Rows Removed by Filter: 487
UPDATE 1
LOAD 'auto_explain'; SET auto_explain.log_min_duration TO 0; SET auto_explain.log_analyze TO on; SET auto_explain.log_level TO notice; INSERT INTO time_statistics (template, s_time, stream, query, seed) VALUES ('query55.tpl', TRANSACTION_TIMESTAMP(), 8, 54, 123351555);
LOAD
SET
SET
SET
psql:/tmp/s1-basline/throughput/query_8.sql:2811: NOTICE:  duration: 0.013 ms  plan:
Query Text: INSERT INTO time_statistics (template, s_time, stream, query, seed) VALUES ('query55.tpl', TRANSACTION_TIMESTAMP(), 8, 54, 123351555);
Insert on time_statistics  (cost=0.00..0.01 rows=0 width=0) (actual time=0.012..0.012 rows=0 loops=1)
  ->  Result  (cost=0.00..0.01 rows=1 width=64) (actual time=0.002..0.002 rows=1 loops=1)
INSERT 0 1
select  i_brand_id brand_id, i_brand brand,
 	sum(ss_ext_sales_price) ext_price
 from date_dim, store_sales, item
 where d_date_sk = ss_sold_date_sk
 	and ss_item_sk = i_item_sk
 	and i_manager_id=59
 	and d_moy=11
 	and d_year=1998
 group by i_brand, i_brand_id
 order by ext_price desc, i_brand_id
limit 100 ;
psql:/tmp/s1-basline/throughput/query_8.sql:2822: NOTICE:  duration: 50.262 ms  plan:
Query Text: select  i_brand_id brand_id, i_brand brand,
 	sum(ss_ext_sales_price) ext_price
 from date_dim, store_sales, item
 where d_date_sk = ss_sold_date_sk
 	and ss_item_sk = i_item_sk
 	and i_manager_id=59
 	and d_moy=11
 	and d_year=1998
 group by i_brand, i_brand_id
 order by ext_price desc, i_brand_id
limit 100 ;
Limit  (cost=31317.35..31317.38 rows=10 width=63) (actual time=50.225..50.233 rows=67 loops=1)
  ->  Sort  (cost=31317.35..31317.38 rows=10 width=63) (actual time=50.224..50.228 rows=67 loops=1)
        Sort Key: (sum(store_sales.ss_ext_sales_price)) DESC, item.i_brand_id
        Sort Method: quicksort  Memory: 34kB
        ->  GroupAggregate  (cost=31316.98..31317.18 rows=10 width=63) (actual time=50.021..50.205 rows=67 loops=1)
              Group Key: item.i_brand, item.i_brand_id
              ->  Sort  (cost=31316.98..31317.01 rows=10 width=63) (actual time=49.999..50.033 rows=885 loops=1)
                    Sort Key: item.i_brand, item.i_brand_id
                    Sort Method: quicksort  Memory: 114kB
                    ->  Nested Loop  (cost=0.73..31316.82 rows=10 width=63) (actual time=0.121..49.263 rows=885 loops=1)
                          ->  Nested Loop  (cost=0.43..30050.63 rows=27622 width=71) (actual time=0.077..39.007 rows=26895 loops=1)
                                ->  Seq Scan on item  (cost=0.00..1481.00 rows=172 width=63) (actual time=0.067..9.056 rows=172 loops=1)
                                      Filter: (i_manager_id = 59)
                                      Rows Removed by Filter: 17828
                                ->  Index Scan using pk_store_sales on store_sales  (cost=0.43..164.35 rows=175 width=24) (actual time=0.006..0.150 rows=156 loops=172)
                                      Index Cond: (ss_item_sk = item.i_item_sk)
                          ->  Memoize  (cost=0.30..0.33 rows=1 width=8) (actual time=0.000..0.000 rows=0 loops=26895)
                                Cache Key: store_sales.ss_sold_date_sk
                                Cache Mode: logical
                                Hits: 25092  Misses: 1803  Evictions: 0  Overflows: 0  Memory Usage: 128kB
                                ->  Index Scan using pk_date_dim on date_dim  (cost=0.29..0.32 rows=1 width=8) (actual time=0.001..0.001 rows=0 loops=1803)
                                      Index Cond: (d_date_sk = store_sales.ss_sold_date_sk)
                                      Filter: ((d_moy = 11) AND (d_year = 1998))
                                      Rows Removed by Filter: 1
 brand_id |                       brand                        |     ext_price      
----------+----------------------------------------------------+--------------------
  1001001 | amalgamalg #1                                      | 100120.28000000006
  2001001 | amalgimporto #1                                    |           92185.18
  1003001 | exportiamalg #1                                    |  59098.29999999999
  5002001 | importoscholar #1                                  |           52713.75
  5001001 | amalgscholar #1                                    |  46097.48999999999
  3002002 | importoexporti #2                                  |           43122.44
  3001002 | amalgexporti #2                                    |  42515.32000000001
  4002001 | importoedu pack #1                                 |           40623.01
  3003001 | exportiexporti #1                                  |           37774.72
  9011003 | amalgunivamalg #3                                  | 32893.420000000006
  2002001 | importoimporto #1                                  |           32798.01
  1002001 | importoamalg #1                                    | 32046.249999999996
 10014001 | edu packamalgamalg #1                              |           31458.93
  5001002 | amalgscholar #2                                    | 30098.870000000003
  4001001 | amalgedu pack #1                                   | 29752.000000000007
  9004003 | edu packmaxi #3                                    |           27378.59
  8002003 | importonameless #3                                 |           27375.22
 10005004 | scholarunivamalg #4                                | 27133.879999999997
  9001008 | amalgmaxi #8                                       | 26618.089999999997
  4004001 | edu packedu pack #1                                | 26578.209999999995
  6015005 | scholarbrand #5                                    | 26493.799999999996
  5002002 | importoscholar #2                                  | 26442.339999999993
  9013005 | exportiunivamalg #5                                | 26130.910000000003
  4004002 | edu packedu pack #2                                |           25540.58
  3004002 | edu packexporti #2                                 |           25286.47
  8008004 | namelessnameless #4                                | 23765.290000000005
  7005009 | scholarbrand #9                                    |           23028.36
  8004001 | edu packnameless #1                                | 22398.309999999998
  2003001 | exportiimporto #1                                  | 22379.039999999997
  8008006 | namelessnameless #6                                |            22301.3
  6003005 | exporticorp #5                                     | 22105.930000000004
  9015003 | scholarunivamalg #3                                |           21902.78
  9004008 | edu packmaxi #8                                    | 21526.280000000002
  2004001 | edu packimporto #1                                 | 21417.440000000002
  5003001 | exportischolar #1                                  |           20944.92
  1001002 | amalgamalg #2                                      | 19952.219999999998
  7002008 | importobrand #8                                    |           18607.54
  9011005 | amalgunivamalg #5                                  | 18388.460000000003
  8007007 | brandnameless #7                                   |           18173.33
 10010017 | univamalgamalg #17                                 |           17580.24
 10008017 | namelessunivamalg #17                              | 16292.109999999999
  5004001 | edu packscholar #1                                 |           15605.14
 10003012 | exportiunivamalg #12                               |           15176.74
  8001001 | amalgnameless #1                                   | 14752.629999999997
  6010007 | univbrand #7                                       |           14560.37
  8005005 | scholarnameless #5                                 | 14330.789999999999
  8004003 | edu packnameless #3                                |           13890.84
  9001009 | amalgmaxi #9                                       |           13263.38
  9002003 | importomaxi #3                                     |           13230.23
 10011014 | amalgamalgamalg #14                                | 13162.489999999998
  9003005 | exportimaxi #5                                     | 12165.369999999999
  8002009 | importonameless #9                                 | 11986.849999999999
  9002005 | importomaxi #5                                     | 11877.669999999998
  6010006 | univbrand #6                                       |           11170.32
 10002006 | importounivamalg #6                                |           10705.02
  8007003 | brandnameless #3                                   | 10670.490000000002
  7008002 | namelessbrand #2                                   |            9611.85
  9007008 | brandmaxi #8                                       |            9018.75
  9009009 | maximaxi #9                                        |            8518.82
  6001007 | amalgcorp #7                                       |            7947.83
  6011003 | amalgbrand #3                                      |  7195.950000000001
  8004009 | edu packnameless #9                                |  7184.999999999999
  7001007 | amalgbrand #7                                      |            6522.67
  7013009 | exportinameless #9                                 |  6397.070000000001
  4001002 | amalgedu pack #2                                   |            4968.25
 10005009 | scholarunivamalg #9                                |            3616.68
  1003002 | exportiamalg #2                                    |             821.97
(67 rows)

UPDATE time_statistics SET e_time = TRANSACTION_TIMESTAMP() WHERE template = 'query55.tpl' AND stream = 8;
psql:/tmp/s1-basline/throughput/query_8.sql:2824: NOTICE:  duration: 0.082 ms  plan:
Query Text: UPDATE time_statistics SET e_time = TRANSACTION_TIMESTAMP() WHERE template = 'query55.tpl' AND stream = 8;
Update on time_statistics  (cost=0.00..15.28 rows=0 width=0) (actual time=0.082..0.082 rows=0 loops=1)
  ->  Seq Scan on time_statistics  (cost=0.00..15.28 rows=1 width=14) (actual time=0.027..0.067 rows=1 loops=1)
        Filter: ((template = 'query55.tpl'::text) AND (stream = 8))
        Rows Removed by Filter: 488
UPDATE 1
LOAD 'auto_explain'; SET auto_explain.log_min_duration TO 0; SET auto_explain.log_analyze TO on; SET auto_explain.log_level TO notice; INSERT INTO time_statistics (template, s_time, stream, query, seed) VALUES ('query72.tpl', TRANSACTION_TIMESTAMP(), 8, 55, 985766638);
LOAD
SET
SET
SET
psql:/tmp/s1-basline/throughput/query_8.sql:2825: NOTICE:  duration: 0.008 ms  plan:
Query Text: INSERT INTO time_statistics (template, s_time, stream, query, seed) VALUES ('query72.tpl', TRANSACTION_TIMESTAMP(), 8, 55, 985766638);
Insert on time_statistics  (cost=0.00..0.01 rows=0 width=0) (actual time=0.008..0.008 rows=0 loops=1)
  ->  Result  (cost=0.00..0.01 rows=1 width=64) (actual time=0.001..0.001 rows=1 loops=1)
INSERT 0 1
select  i_item_desc
      ,w_warehouse_name
      ,d1.d_week_seq
      ,sum(case when p_promo_sk is null then 1 else 0 end) no_promo
      ,sum(case when p_promo_sk is not null then 1 else 0 end) promo
      ,count(*) total_cnt
from catalog_sales
join inventory on (cs_item_sk = inv_item_sk)
join warehouse on (w_warehouse_sk=inv_warehouse_sk)
join item on (i_item_sk = cs_item_sk)
join customer_demographics on (cs_bill_cdemo_sk = cd_demo_sk)
join household_demographics on (cs_bill_hdemo_sk = hd_demo_sk)
join date_dim d1 on (cs_sold_date_sk = d1.d_date_sk)
join date_dim d2 on (inv_date_sk = d2.d_date_sk)
join date_dim d3 on (cs_ship_date_sk = d3.d_date_sk)
left outer join promotion on (cs_promo_sk=p_promo_sk)
left outer join catalog_returns on (cr_item_sk = cs_item_sk and cr_order_number = cs_order_number)
where d1.d_week_seq = d2.d_week_seq
  and inv_quantity_on_hand < cs_quantity 
  and d3.d_date > d1.d_date + 5
  and hd_buy_potential = '501-1000'
  and d1.d_year = 2001
  and cd_marital_status = 'M'
group by i_item_desc,w_warehouse_name,d1.d_week_seq
order by total_cnt desc, i_item_desc, w_warehouse_name, d_week_seq
limit 100;
psql:/tmp/s1-basline/throughput/query_8.sql:2851: NOTICE:  duration: 494.111 ms  plan:
Query Text: select  i_item_desc
      ,w_warehouse_name
      ,d1.d_week_seq
      ,sum(case when p_promo_sk is null then 1 else 0 end) no_promo
      ,sum(case when p_promo_sk is not null then 1 else 0 end) promo
      ,count(*) total_cnt
from catalog_sales
join inventory on (cs_item_sk = inv_item_sk)
join warehouse on (w_warehouse_sk=inv_warehouse_sk)
join item on (i_item_sk = cs_item_sk)
join customer_demographics on (cs_bill_cdemo_sk = cd_demo_sk)
join household_demographics on (cs_bill_hdemo_sk = hd_demo_sk)
join date_dim d1 on (cs_sold_date_sk = d1.d_date_sk)
join date_dim d2 on (inv_date_sk = d2.d_date_sk)
join date_dim d3 on (cs_ship_date_sk = d3.d_date_sk)
left outer join promotion on (cs_promo_sk=p_promo_sk)
left outer join catalog_returns on (cr_item_sk = cs_item_sk and cr_order_number = cs_order_number)
where d1.d_week_seq = d2.d_week_seq
  and inv_quantity_on_hand < cs_quantity 
  and d3.d_date > d1.d_date + 5
  and hd_buy_potential = '501-1000'
  and d1.d_year = 2001
  and cd_marital_status = 'M'
group by i_item_desc,w_warehouse_name,d1.d_week_seq
order by total_cnt desc, i_item_desc, w_warehouse_name, d_week_seq
limit 100;
Limit  (cost=29852.54..29852.54 rows=2 width=144) (actual time=494.034..494.049 rows=100 loops=1)
  ->  Sort  (cost=29852.54..29852.54 rows=2 width=144) (actual time=494.034..494.042 rows=100 loops=1)
        Sort Key: (count(*)) DESC, item.i_item_desc, warehouse.w_warehouse_name, d1.d_week_seq
        Sort Method: top-N heapsort  Memory: 49kB
        ->  GroupAggregate  (cost=29852.47..29852.53 rows=2 width=144) (actual time=491.837..493.152 rows=2679 loops=1)
              Group Key: item.i_item_desc, warehouse.w_warehouse_name, d1.d_week_seq
              ->  Sort  (cost=29852.47..29852.48 rows=2 width=128) (actual time=491.828..491.942 rows=2705 loops=1)
                    Sort Key: item.i_item_desc, warehouse.w_warehouse_name, d1.d_week_seq
                    Sort Method: quicksort  Memory: 548kB
                    ->  Nested Loop Left Join  (cost=3215.60..29852.46 rows=2 width=128) (actual time=24.141..487.557 rows=2705 loops=1)
                          Join Filter: (catalog_sales.cs_promo_sk = promotion.p_promo_sk)
                          Rows Removed by Join Filter: 407827
                          ->  Nested Loop  (cost=3215.60..29831.71 rows=2 width=128) (actual time=24.074..449.357 rows=2705 loops=1)
                                Join Filter: (d3.d_date > (d1.d_date + 5))
                                Rows Removed by Join Filter: 88
                                ->  Nested Loop  (cost=3215.30..29830.08 rows=5 width=140) (actual time=24.057..445.012 rows=2793 loops=1)
                                      ->  Nested Loop  (cost=3215.02..29828.55 rows=5 width=54) (actual time=24.049..438.432 rows=2793 loops=1)
                                            Join Filter: (inventory.inv_warehouse_sk = warehouse.w_warehouse_sk)
                                            Rows Removed by Join Filter: 5601
                                            ->  Nested Loop  (cost=3215.02..29827.17 rows=5 width=48) (actual time=24.040..437.024 rows=2793 loops=1)
                                                  ->  Hash Join  (cost=3214.46..25337.32 rows=1654 width=44) (actual time=24.003..251.350 rows=65611 loops=1)
                                                        Hash Cond: (d1.d_week_seq = d2.d_week_seq)
                                                        ->  Nested Loop  (cost=165.86..22269.53 rows=236 width=36) (actual time=4.908..223.813 rows=9373 loops=1)
                                                              ->  Hash Join  (cost=165.43..21715.73 rows=1184 width=44) (actual time=4.856..134.670 rows=46882 loops=1)
                                                                    Hash Cond: (catalog_sales.cs_bill_hdemo_sk = household_demographics.hd_demo_sk)
                                                                    ->  Nested Loop  (cost=0.43..21531.98 rows=7137 width=52) (actual time=4.041..108.787 rows=279955 loops=1)
                                                                          ->  Seq Scan on date_dim d1  (cost=0.00..2318.11 rows=363 width=16) (actual time=4.027..8.536 rows=365 loops=1)
                                                                                Filter: (d_year = 2001)
                                                                                Rows Removed by Filter: 72684
                                                                          ->  Index Scan using i_cs_sold_date_sk on catalog_sales  (cost=0.43..45.08 rows=785 width=60) (actual time=0.004..0.133 rows=767 loops=365)
                                                                                Index Cond: (cs_sold_date_sk = d1.d_date_sk)
                                                                    ->  Hash  (cost=150.00..150.00 rows=1200 width=8) (actual time=0.802..0.802 rows=1200 loops=1)
                                                                          Buckets: 2048  Batches: 1  Memory Usage: 63kB
                                                                          ->  Seq Scan on household_demographics  (cost=0.00..150.00 rows=1200 width=8) (actual time=0.006..0.670 rows=1200 loops=1)
                                                                                Filter: (hd_buy_potential = '501-1000'::bpchar)
                                                                                Rows Removed by Filter: 6000
                                                              ->  Index Scan using pk_customer_demographics on customer_demographics  (cost=0.43..0.47 rows=1 width=8) (actual time=0.002..0.002 rows=0 loops=46882)
                                                                    Index Cond: (cd_demo_sk = catalog_sales.cs_bill_cdemo_sk)
                                                                    Filter: (cd_marital_status = 'M'::bpchar)
                                                                    Rows Removed by Filter: 1
                                                        ->  Hash  (cost=2135.49..2135.49 rows=73049 width=12) (actual time=18.541..18.541 rows=73049 loops=1)
                                                              Buckets: 131072  Batches: 1  Memory Usage: 4163kB
                                                              ->  Seq Scan on date_dim d2  (cost=0.00..2135.49 rows=73049 width=12) (actual time=0.003..8.846 rows=73049 loops=1)
                                                  ->  Index Scan using pk_inventory on inventory  (cost=0.56..2.70 rows=1 width=28) (actual time=0.003..0.003 rows=0 loops=65611)
                                                        Index Cond: ((inv_date_sk = d2.d_date_sk) AND (inv_item_sk = catalog_sales.cs_item_sk))
                                                        Filter: (inv_quantity_on_hand < catalog_sales.cs_quantity)
                                                        Rows Removed by Filter: 1
                                            ->  Materialize  (cost=0.00..1.07 rows=5 width=22) (actual time=0.000..0.000 rows=3 loops=2793)
                                                  ->  Seq Scan on warehouse  (cost=0.00..1.05 rows=5 width=22) (actual time=0.005..0.006 rows=5 loops=1)
                                      ->  Index Scan using pk_item on item  (cost=0.29..0.31 rows=1 width=110) (actual time=0.002..0.002 rows=1 loops=2793)
                                            Index Cond: (i_item_sk = catalog_sales.cs_item_sk)
                                ->  Index Scan using pk_date_dim on date_dim d3  (cost=0.29..0.31 rows=1 width=12) (actual time=0.001..0.001 rows=1 loops=2793)
                                      Index Cond: (d_date_sk = catalog_sales.cs_ship_date_sk)
                          ->  Materialize  (cost=0.00..12.50 rows=300 width=8) (actual time=0.000..0.005 rows=152 loops=2705)
                                ->  Seq Scan on promotion  (cost=0.00..11.00 rows=300 width=8) (actual time=0.004..0.048 rows=300 loops=1)
                                                                                               i_item_desc                                                                                               |  w_warehouse_name   | d_week_seq | no_promo | promo | total_cnt 
---------------------------------------------------------------------------------------------------------------------------------------------------------------------------------------------------------+---------------------+------------+----------+-------+-----------
 Agricultural, american agents will not want relationships. Central arms could help much innocent, red feet. Honest, only boys present solely mountains. Very general parties ba                         | Single, simple r    |       5322 |        0 |     2 |         2
 Bas                                                                                                                                                                                                     | Parties use         |       5318 |        0 |     2 |         2
 Bas                                                                                                                                                                                                     | Persons make more e |       5318 |        0 |     2 |         2
 Changing, only birds may investigate well bodies. Grounds hear at least federal words. Insufficient businesses discuss cells. Much efficient offices understand with a cheeks. Cons                     | Parties use         |       5305 |        0 |     2 |         2
 Changing, only birds may investigate well bodies. Grounds hear at least federal words. Insufficient businesses discuss cells. Much efficient offices understand with a cheeks. Cons                     | Single, simple r    |       5305 |        0 |     2 |         2
 Countries must not use easier national hours. Figures remember currently raw positions; forms should                                                                                                    | Neither dea         |       5306 |        0 |     2 |         2
 Easy addresses delay only only little cards. Proper proposals shall not f                                                                                                                               | Total, dea          |       5306 |        0 |     2 |         2
 Exactly wild ways will not maintain very also bottom margins. Guilty arts ought to like ago only light addresses. Large, recent sources shall live different                                            | Neither dea         |       5318 |        0 |     2 |         2
 Exactly wild ways will not maintain very also bottom margins. Guilty arts ought to like ago only light addresses. Large, recent sources shall live different                                            | Parties use         |       5318 |        0 |     2 |         2
 Experiences might work main, shared unions. Policies hear ultimate mammals. Lett                                                                                                                        | Parties use         |       5317 |        0 |     2 |         2
 Experiences might work main, shared unions. Policies hear ultimate mammals. Lett                                                                                                                        | Total, dea          |       5317 |        0 |     2 |         2
 Far physical cases account top opponents. Other, endless jobs get casually differen                                                                                                                     | Neither dea         |       5319 |        0 |     2 |         2
 Far physical cases account top opponents. Other, endless jobs get casually differen                                                                                                                     | Persons make more e |       5319 |        0 |     2 |         2
 Good, japanese cases recognize with a clubs; patients ke                                                                                                                                                | Neither dea         |       5309 |        0 |     2 |         2
 Ideas give here for a hands. Modern women must smooth friends. Dark eyes would negotiate on a days. Employees must answer indeed deep societies. Black, national members raise together daily cro       | Persons make more e |       5319 |        0 |     2 |         2
 More obvious strengths use most impatiently left initiatives. Also asleep books lead over a things. Troops rethink                                                                                      | Neither dea         |       5287 |        0 |     2 |         2
 Never serious models dri                                                                                                                                                                                | Parties use         |       5319 |        0 |     2 |         2
 Perfect, social forces shall encounter ago technical hands; other                                                                                                                                       | Persons make more e |       5319 |        0 |     2 |         2
 Perhaps bright situations go then scientists. Separate, particular ties shall bring                                                                                                                     | Total, dea          |       5312 |        0 |     2 |         2
 Possible, tiny fees know later high demands. So substantial faces will not see part-time students. Small, severe classes appear w                                                                       | Single, simple r    |       5319 |        0 |     2 |         2
 Roman, revolutionary ears will not bring great, reliable policies. Private, modern charges ought to persuade wel                                                                                        | Total, dea          |       5305 |        0 |     2 |         2
 Strong, young criticisms ought to go reluctantly important arrangements; monthly abilities could inform in the methods. Ultimate, like ranks shall not guess new, aware customs. Foreign horses th      | Neither dea         |       5271 |        0 |     2 |         2
 Studies bring open by a problems. For instance financial schools would not eat a little millions. Religious, alive                                                                                      | Total, dea          |       5307 |        0 |     2 |         2
 Supreme, new interests would consolidate. Australian, natural companies would trace                                                                                                                     | Single, simple r    |       5322 |        0 |     2 |         2
 Top democrats must give low real documents. Again darling children tell twice. Needs will not encourage. Full, terrible sisters make in a patients. Attitudes work agai                                 | Total, dea          |       5305 |        0 |     2 |         2
 Whole, low standards consider else new risks. Surprising skills know. Aims could talk more obvious lips. Imp                                                                                            | Neither dea         |       5319 |        0 |     2 |         2
 A                                                                                                                                                                                                       | Persons make more e |       5276 |        0 |     1 |         1
 A                                                                                                                                                                                                       | Single, simple r    |       5276 |        0 |     1 |         1
 A bit expert books establish worth a others. Hands believe all due sessions. Useful firms might not give children. Old feet may not benefit simply new materials. Courses laugh later basic, sma        | Persons make more e |       5296 |        0 |     1 |         1
 A bit expert books establish worth a others. Hands believe all due sessions. Useful firms might not give children. Old feet may not benefit simply new materials. Courses laugh later basic, sma        | Single, simple r    |       5296 |        0 |     1 |         1
 Able affairs help also existing animals. Public, primary details may not endure too likely groups                                                                                                       | Neither dea         |       5322 |        0 |     1 |         1
 Able, awful settings could find often other, diffic                                                                                                                                                     | Persons make more e |       5304 |        0 |     1 |         1
 Able courts ca                                                                                                                                                                                          | Parties use         |       5322 |        0 |     1 |         1
 Able, desperate games display on a employees; trials know similar,                                                                                                                                      | Single, simple r    |       5318 |        0 |     1 |         1
 Able, desperate games display on a employees; trials know similar,                                                                                                                                      | Total, dea          |       5318 |        0 |     1 |         1
 Able engineers should please only countries. Too modern principles meet for the tons. Organic, economic men say early, given manufact                                                                   | Persons make more e |       5302 |        0 |     1 |         1
 Able points would not get. Military cuts try                                                                                                                                                            | Single, simple r    |       5316 |        0 |     1 |         1
 Able points would not get. Military cuts try                                                                                                                                                            | Total, dea          |       5316 |        0 |     1 |         1
 Able poles opt really national stations. Northern, heavy m                                                                                                                                              | Neither dea         |       5303 |        0 |     1 |         1
 Able poles opt really national stations. Northern, heavy m                                                                                                                                              | Single, simple r    |       5314 |        0 |     1 |         1
 Able, professional notes dance in a pairs. Recent courses compete ready, public roots. Previous, maximum execut                                                                                         | Neither dea         |       5317 |        0 |     1 |         1
 Able, professional notes dance in a pairs. Recent courses compete ready, public roots. Previous, maximum execut                                                                                         | Parties use         |       5317 |        0 |     1 |         1
 About fine eyes provide in a findings. Yellow, plain results understand more than distinct questions. Scottish                                                                                          | Total, dea          |       5308 |        0 |     1 |         1
 About full doctors know indeed representatives. Continued, coming countries used to tell                                                                                                                | Single, simple r    |       5318 |        0 |     1 |         1
 About good titles could not remove actually now occasional needs. Fun women may show seriously high authorities. True, united women might not use. Clear                                                | Parties use         |       5310 |        0 |     1 |         1
 About head benefits could not like sure systems. Books get thus environmental areas; big, thin cities find. Previously hot holid                                                                        | Persons make more e |       5304 |        0 |     1 |         1
 About keen occupations know bloody. Agents would tell quick on the men. Mechanisms can face away across net months. Current rights may not provide perhap                                               | Single, simple r    |       5303 |        0 |     1 |         1
 About keen occupations know bloody. Agents would tell quick on the men. Mechanisms can face away across net months. Current rights may not provide perhap                                               | Total, dea          |       5303 |        0 |     1 |         1
 About model plants cope                                                                                                                                                                                 | Total, dea          |       5322 |        0 |     1 |         1
 About monetary benefits say near roots. Facilities concede quicker with a studies; ri                                                                                                                   | Total, dea          |       5314 |        0 |     1 |         1
 About relevant gardens operate most local points; relevant, broad fields win more with a types. As a whole different services may accept; years miss recently european practit                          | Neither dea         |       5322 |        0 |     1 |         1
 Above personal columns dare merely                                                                                                                                                                      | Total, dea          |       5273 |        0 |     1 |         1
 Absent, new agencies would not produce in a names. Quickly friendly wings remember previous times. Times shall care obvious hundreds. Net groups may not rest right pupils. Tiny, sweet costs aff       | Single, simple r    |       5272 |        0 |     1 |         1
 Abstract, useful shoulders shall seem very. Now judicial structures used to know more in the ways. Responsible, certain members will include exactly in a                                               | Parties use         |       5317 |        0 |     1 |         1
 Abstract, useful shoulders shall seem very. Now judicial structures used to know more in the ways. Responsible, certain members will include exactly in a                                               | Persons make more e |       5298 |        0 |     1 |         1
 Abstract, useful shoulders shall seem very. Now judicial structures used to know more in the ways. Responsible, certain members will include exactly in a                                               | Single, simple r    |       5317 |        0 |     1 |         1
 Acceptable individuals assess strongly. Deaf, likely affairs should ensure as. Dangerously sweet examples live further areas. Relatively public election                                                | Persons make more e |       5308 |        0 |     1 |         1
 Accidents would not leave thereby possible ways. Leaders would find in a years; highly normal advantages produce there amongst the goals. Goods give large changes. Prec                                | Single, simple r    |       5302 |        0 |     1 |         1
 Accounts throw foreign, desperate accidents. Immediately large hands feel downstairs essential authorities. Old, new volunteers discuss minutes; essential pockets wa                                   | Single, simple r    |       5319 |        0 |     1 |         1
 Accused, alone activities live actua                                                                                                                                                                    | Persons make more e |       5307 |        0 |     1 |         1
 Acids appear only strongly main matters. Courses may come so early questions. Demonstrations will not happen easily fa                                                                                  | Parties use         |       5291 |        0 |     1 |         1
 Acids appear only strongly main matters. Courses may come so early questions. Demonstrations will not happen easily fa                                                                                  | Persons make more e |       5293 |        0 |     1 |         1
 Acids appear only strongly main matters. Courses may come so early questions. Demonstrations will not happen easily fa                                                                                  | Single, simple r    |       5293 |        0 |     1 |         1
 Acres could think. Simple, golden services use more early quiet pp.. Radically old lips think also moreover willing claims. Futu                                                                        | Persons make more e |       5315 |        0 |     1 |         1
 Actions might not keep possible, annual areas. Possibly material policies will shoot of course. New others should not call however traditional, huge prospects. Concerned fans can examin               | Neither dea         |       5278 |        0 |     1 |         1
 Actions might not keep possible, annual areas. Possibly material policies will shoot of course. New others should not call however traditional, huge prospects. Concerned fans can examin               | Parties use         |       5317 |        0 |     1 |         1
 Active eyes want early, left facilities. Parliamentary minds achieve.                                                                                                                                   | Single, simple r    |       5294 |        0 |     1 |         1
 Actively able proteins shall not ensure over. Necessary, acute controls will stay free, convenient cours                                                                                                | Total, dea          |       5308 |        0 |     1 |         1
 Activities can discuss at least solid figures. Contemporary travellers can stop surprisin                                                                                                               | Parties use         |       5302 |        0 |     1 |         1
 Activities mean eventually top, double objects. Young minister                                                                                                                                          | Persons make more e |       5315 |        0 |     1 |         1
 Activities mean eventually top, double objects. Young minister                                                                                                                                          | Total, dea          |       5315 |        0 |     1 |         1
 Acts see critical volunteers; a lit                                                                                                                                                                     | Parties use         |       5275 |        0 |     1 |         1
 Actually red others can neg                                                                                                                                                                             | Single, simple r    |       5300 |        0 |     1 |         1
 Actually true volunteers know                                                                                                                                                                           | Neither dea         |       5319 |        0 |     1 |         1
 Acute candidates could not contact immediate, ready shareholders. Able boxes can apolo                                                                                                                  | Parties use         |       5319 |        0 |     1 |         1
 Acute, english clients tell foreign, large boxes. Remarkably black stores form ever effects. Very fair goods give occasionally enough open months. Numbers slip                                         | Neither dea         |       5316 |        0 |     1 |         1
 Acute, english clients tell foreign, large boxes. Remarkably black stores form ever effects. Very fair goods give occasionally enough open months. Numbers slip                                         | Parties use         |       5316 |        0 |     1 |         1
 Acute, english clients tell foreign, large boxes. Remarkably black stores form ever effects. Very fair goods give occasionally enough open months. Numbers slip                                         | Single, simple r    |       5316 |        0 |     1 |         1
 Additional, alternative schools see ahead different, academic eyes. Small,                                                                                                                              | Total, dea          |       5318 |        0 |     1 |         1
 Additional wages buy possible directors. New, supreme standards return inextricably mean, democratic forces. Mountains shall not try safe days. Old citizens hear. Workers would find now circu         | Neither dea         |       5283 |        0 |     1 |         1
 Advisory women should not contribute badly urban, nation                                                                                                                                                | Total, dea          |       5317 |        0 |     1 |         1
 Afraid, true parties would cause after a countries. Civil structures can bring in a policies; following hands marry from the movements. Exchanges listen. Close, normal relationships might create only | Parties use         |       5308 |        0 |     1 |         1
 Again established years occur                                                                                                                                                                           | Single, simple r    |       5272 |        0 |     1 |         1
 Again european targets know then fingers. Usual, proper groups must divert unemployed, rig                                                                                                              | Persons make more e |       5306 |        0 |     1 |         1
 Again exotic qualifications establish for example for example proud leaders. Lonely, prominent hundreds should play more much dependent contributions; social, f                                        | Single, simple r    |       5303 |        0 |     1 |         1
 Again inc patients cannot move brilliantly activities. Later national patients must know more words; wines may expect over also inc women. Old, soviet brothers come already bad concepts. Units wi     | Parties use         |       5276 |        0 |     1 |         1
 Again inc patients cannot move brilliantly activities. Later national patients must know more words; wines may expect over also inc women. Old, soviet brothers come already bad concepts. Units wi     | Persons make more e |       5276 |        0 |     1 |         1
 Again legal buildings cure then in a men; men must compensate aloft moves. Questions could not ups                                                                                                      | Single, simple r    |       5308 |        0 |     1 |         1
 Again new homes might not win nuclear, australian investments. Giant,                                                                                                                                   | Single, simple r    |       5318 |        0 |     1 |         1
 Again new homes might not win nuclear, australian investments. Giant,                                                                                                                                   | Total, dea          |       5322 |        0 |     1 |         1
 Again wrong hours might comment studies. Towns shall improve deliberate, foreign articles. Especially pale duties shall work increasingly quick mem                                                     | Persons make more e |       5307 |        0 |     1 |         1
 Agencies may not acquire as cheap rates. Spanish, accessible models add therefore local days. National asso                                                                                             | Single, simple r    |       5306 |        0 |     1 |         1
 Ages ask perfectly industrial, close students; today religious soldiers know formerly for a names. Hands should not get young, sure unions. Soft, white laboratories might not serv                     | Parties use         |       5308 |        0 |     1 |         1
 Aggressive modules should see there still grateful products. Technical plans could not sell less for a changes; related, simple employers inclu                                                         | Neither dea         |       5273 |        0 |     1 |         1
 Aggressive modules should see there still grateful products. Technical plans could not sell less for a changes; related, simple employers inclu                                                         | Persons make more e |       5273 |        0 |     1 |         1
 Ago double citizens dismiss also general, new years. Due, following rights dispose mo                                                                                                                   | Persons make more e |       5302 |        0 |     1 |         1
 Ago social thoughts end late sides. Strongly powerful arms reinstate else tight public others. Films grow over horses; essential cattle condemn russian levels. Charact                                 | Persons make more e |       5313 |        0 |     1 |         1
 Agricultural, american agents will not want relationships. Central arms could help much innocent, red feet. Honest, only boys present solely mountains. Very general parties ba                         | Neither dea         |       5309 |        0 |     1 |         1
 Agricultural boys identify most in a parties. New pieces must not place surprising organi                                                                                                               | Neither dea         |       5317 |        0 |     1 |         1
 Agricultural boys identify most in a parties. New pieces must not place surprising organi                                                                                                               | Parties use         |       5302 |        0 |     1 |         1
(100 rows)

UPDATE time_statistics SET e_time = TRANSACTION_TIMESTAMP() WHERE template = 'query72.tpl' AND stream = 8;
psql:/tmp/s1-basline/throughput/query_8.sql:2853: NOTICE:  duration: 0.088 ms  plan:
Query Text: UPDATE time_statistics SET e_time = TRANSACTION_TIMESTAMP() WHERE template = 'query72.tpl' AND stream = 8;
Update on time_statistics  (cost=0.00..15.28 rows=0 width=0) (actual time=0.088..0.088 rows=0 loops=1)
  ->  Seq Scan on time_statistics  (cost=0.00..15.28 rows=1 width=14) (actual time=0.034..0.071 rows=1 loops=1)
        Filter: ((template = 'query72.tpl'::text) AND (stream = 8))
        Rows Removed by Filter: 489
UPDATE 1
LOAD 'auto_explain'; SET auto_explain.log_min_duration TO 0; SET auto_explain.log_analyze TO on; SET auto_explain.log_level TO notice; INSERT INTO time_statistics (template, s_time, stream, query, seed) VALUES ('../query_postgresql/query95.tpl', TRANSACTION_TIMESTAMP(), 8, 56, 247185428);
LOAD
SET
SET
SET
psql:/tmp/s1-basline/throughput/query_8.sql:2854: NOTICE:  duration: 0.009 ms  plan:
Query Text: INSERT INTO time_statistics (template, s_time, stream, query, seed) VALUES ('../query_postgresql/query95.tpl', TRANSACTION_TIMESTAMP(), 8, 56, 247185428);
Insert on time_statistics  (cost=0.00..0.01 rows=0 width=0) (actual time=0.008..0.009 rows=0 loops=1)
  ->  Result  (cost=0.00..0.01 rows=1 width=64) (actual time=0.001..0.002 rows=1 loops=1)
INSERT 0 1
with ws_wh as
(select ws1.ws_order_number,ws1.ws_warehouse_sk wh1,ws2.ws_warehouse_sk wh2
 from web_sales ws1,web_sales ws2
 where ws1.ws_order_number = ws2.ws_order_number
   and ws1.ws_warehouse_sk <> ws2.ws_warehouse_sk)
 select  
   count(distinct ws_order_number) as "order count"
  ,sum(ws_ext_ship_cost) as "total shipping cost"
  ,sum(ws_net_profit) as "total net profit"
from
   web_sales ws1
  ,date_dim
  ,customer_address
  ,web_site
where
    d_date between '1999-3-01' and 
           (cast('1999-3-01' as date) + interval '60 days')
and ws1.ws_ship_date_sk = d_date_sk
and ws1.ws_ship_addr_sk = ca_address_sk
and ca_state = 'KS'
and ws1.ws_web_site_sk = web_site_sk
and web_company_name = 'pri'
and ws1.ws_order_number in (select ws_order_number
                            from ws_wh)
and ws1.ws_order_number in (select wr_order_number
                            from web_returns,ws_wh
                            where wr_order_number = ws_wh.ws_order_number)
order by count(distinct ws_order_number)
limit 100;
psql:/tmp/s1-basline/throughput/query_8.sql:2883: NOTICE:  duration: 57993.120 ms  plan:
Query Text: with ws_wh as
(select ws1.ws_order_number,ws1.ws_warehouse_sk wh1,ws2.ws_warehouse_sk wh2
 from web_sales ws1,web_sales ws2
 where ws1.ws_order_number = ws2.ws_order_number
   and ws1.ws_warehouse_sk <> ws2.ws_warehouse_sk)
 select  
   count(distinct ws_order_number) as "order count"
  ,sum(ws_ext_ship_cost) as "total shipping cost"
  ,sum(ws_net_profit) as "total net profit"
from
   web_sales ws1
  ,date_dim
  ,customer_address
  ,web_site
where
    d_date between '1999-3-01' and 
           (cast('1999-3-01' as date) + interval '60 days')
and ws1.ws_ship_date_sk = d_date_sk
and ws1.ws_ship_addr_sk = ca_address_sk
and ca_state = 'KS'
and ws1.ws_web_site_sk = web_site_sk
and web_company_name = 'pri'
and ws1.ws_order_number in (select ws_order_number
                            from ws_wh)
and ws1.ws_order_number in (select wr_order_number
                            from web_returns,ws_wh
                            where wr_order_number = ws_wh.ws_order_number)
order by count(distinct ws_order_number)
limit 100;
Limit  (cost=704049.25..704049.26 rows=1 width=24) (actual time=57992.996..57993.113 rows=1 loops=1)
  CTE ws_wh
    ->  Hash Join  (cost=46547.42..336545.93 rows=7210098 width=24) (actual time=260.431..1412.285 rows=6627112 loops=1)
          Hash Cond: (ws1_1.ws_order_number = ws2.ws_order_number)
          Join Filter: (ws1_1.ws_warehouse_sk <> ws2.ws_warehouse_sk)
          Rows Removed by Join Filter: 2373497
          ->  Seq Scan on web_sales ws1_1  (cost=0.00..33986.52 rows=722552 width=16) (actual time=0.001..150.352 rows=711555 loops=1)
          ->  Hash  (cost=33986.52..33986.52 rows=722552 width=16) (actual time=259.667..259.668 rows=711555 loops=1)
                Buckets: 1048576  Batches: 2  Memory Usage: 24895kB
                ->  Seq Scan on web_sales ws2  (cost=0.00..33986.52 rows=722552 width=16) (actual time=0.002..156.534 rows=711555 loops=1)
  ->  Sort  (cost=367503.32..367503.32 rows=1 width=24) (actual time=57992.995..57993.109 rows=1 loops=1)
        Sort Key: (count(DISTINCT ws1.ws_order_number))
        Sort Method: quicksort  Memory: 25kB
        ->  Aggregate  (cost=367503.30..367503.31 rows=1 width=24) (actual time=57992.991..57993.104 rows=1 loops=1)
              ->  Nested Loop Semi Join  (cost=163779.11..367503.28 rows=2 width=24) (actual time=4548.477..57993.027 rows=109 loops=1)
                    Join Filter: (ws1.ws_order_number = web_returns.wr_order_number)
                    ->  Nested Loop  (cost=163237.47..193883.36 rows=3 width=32) (actual time=4000.565..4001.751 rows=142 loops=1)
                          Join Filter: (ws1.ws_web_site_sk = web_site.web_site_sk)
                          Rows Removed by Join Filter: 5467
                          ->  Hash Join  (cost=163237.47..193879.61 rows=10 width=40) (actual time=4000.523..4001.061 rows=681 loops=1)
                                Hash Cond: (ws1.ws_order_number = ws_wh.ws_order_number)
                                ->  Gather  (cost=1005.76..31647.74 rows=20 width=32) (actual time=0.522..0.810 rows=681 loops=1)
                                      Workers Planned: 2
                                      Workers Launched: 2
                                      ->  Nested Loop  (cost=5.77..30645.74 rows=8 width=32) (actual time=3.367..106.235 rows=227 loops=3)
                                            ->  Hash Join  (cost=5.48..30567.44 rows=251 width=40) (actual time=0.301..90.981 rows=8032 loops=3)
                                                  Hash Cond: (ws1.ws_ship_date_sk = date_dim.d_date_sk)
                                                  ->  Parallel Seq Scan on web_sales ws1  (cost=0.00..29771.63 rows=301063 width=48) (actual time=0.016..57.905 rows=237185 loops=3)
                                                  ->  Hash  (cost=4.71..4.71 rows=61 width=8) (actual time=0.089..0.090 rows=61 loops=3)
                                                        Buckets: 1024  Batches: 1  Memory Usage: 11kB
                                                        ->  Index Scan using i_d_date on date_dim  (cost=0.29..4.71 rows=61 width=8) (actual time=0.061..0.078 rows=61 loops=3)
                                                              Index Cond: ((d_date >= '1999-03-01'::date) AND (d_date <= '1999-04-30 00:00:00'::timestamp without time zone))
                                            ->  Index Scan using pk_customer_address on customer_address  (cost=0.29..0.31 rows=1 width=8) (actual time=0.002..0.002 rows=0 loops=24097)
                                                  Index Cond: (ca_address_sk = ws1.ws_ship_addr_sk)
                                                  Filter: (ca_state = 'KS'::bpchar)
                                                  Rows Removed by Filter: 1
                                ->  Hash  (cost=162229.20..162229.20 rows=200 width=8) (actual time=3999.998..3999.998 rows=59084 loops=1)
                                      Buckets: 65536 (originally 1024)  Batches: 1 (originally 1)  Memory Usage: 2820kB
                                      ->  HashAggregate  (cost=162227.20..162229.20 rows=200 width=8) (actual time=3985.581..3993.268 rows=59084 loops=1)
                                            Group Key: ws_wh.ws_order_number
                                            Batches: 1  Memory Usage: 6177kB
                                            ->  CTE Scan on ws_wh  (cost=0.00..144201.96 rows=7210098 width=8) (actual time=260.434..3239.710 rows=6627112 loops=1)
                          ->  Materialize  (cost=0.00..2.42 rows=9 width=8) (actual time=0.000..0.000 rows=8 loops=681)
                                ->  Seq Scan on web_site  (cost=0.00..2.38 rows=9 width=8) (actual time=0.017..0.028 rows=9 loops=1)
                                      Filter: (web_company_name = 'pri'::bpchar)
                                      Rows Removed by Filter: 21
                    ->  Hash Join  (cost=541.64..171786.29 rows=386 width=16) (actual time=380.219..380.219 rows=1 loops=142)
                          Hash Cond: (ws_wh_1.ws_order_number = web_returns.wr_order_number)
                          Join Filter: (ws_wh.ws_order_number = ws_wh_1.ws_order_number)
                          ->  CTE Scan on ws_wh ws_wh_1  (cost=0.00..144201.96 rows=7210098 width=8) (actual time=0.003..268.653 rows=3148606 loops=110)
                          ->  Hash  (cost=541.62..541.62 rows=2 width=8) (actual time=0.963..0.963 rows=1 loops=142)
                                Buckets: 1024  Batches: 1  Memory Usage: 9kB
                                ->  Index Only Scan using pk_web_returns on web_returns  (cost=0.42..541.62 rows=2 width=8) (actual time=0.510..0.962 rows=1 loops=142)
                                      Index Cond: (wr_order_number = ws_wh.ws_order_number)
                                      Heap Fetches: 42
 order count | total shipping cost |  total net profit   
-------------+---------------------+---------------------
          70 |   144774.7099999999 | -32631.470000000005
(1 row)

UPDATE time_statistics SET e_time = TRANSACTION_TIMESTAMP() WHERE template = '../query_postgresql/query95.tpl' AND stream = 8;
psql:/tmp/s1-basline/throughput/query_8.sql:2885: NOTICE:  duration: 0.077 ms  plan:
Query Text: UPDATE time_statistics SET e_time = TRANSACTION_TIMESTAMP() WHERE template = '../query_postgresql/query95.tpl' AND stream = 8;
Update on time_statistics  (cost=0.00..15.28 rows=0 width=0) (actual time=0.077..0.077 rows=0 loops=1)
  ->  Seq Scan on time_statistics  (cost=0.00..15.28 rows=1 width=14) (actual time=0.026..0.062 rows=1 loops=1)
        Filter: ((template = '../query_postgresql/query95.tpl'::text) AND (stream = 8))
        Rows Removed by Filter: 490
UPDATE 1
LOAD 'auto_explain'; SET auto_explain.log_min_duration TO 0; SET auto_explain.log_analyze TO on; SET auto_explain.log_level TO notice; INSERT INTO time_statistics (template, s_time, stream, query, seed) VALUES ('../query_postgresql/query86.tpl', TRANSACTION_TIMESTAMP(), 8, 57, 1212115098);
LOAD
SET
SET
SET
psql:/tmp/s1-basline/throughput/query_8.sql:2886: NOTICE:  duration: 0.008 ms  plan:
Query Text: INSERT INTO time_statistics (template, s_time, stream, query, seed) VALUES ('../query_postgresql/query86.tpl', TRANSACTION_TIMESTAMP(), 8, 57, 1212115098);
Insert on time_statistics  (cost=0.00..0.01 rows=0 width=0) (actual time=0.008..0.008 rows=0 loops=1)
  ->  Result  (cost=0.00..0.01 rows=1 width=64) (actual time=0.001..0.001 rows=1 loops=1)
INSERT 0 1
with results as
( select sum(ws_net_paid) as total_sum, i_category, i_class, 0 as g_category, 0 as g_class 
 from
    web_sales
   ,date_dim       d1
   ,item
 where
    d1.d_month_seq between 1216 and 1216+11
 and d1.d_date_sk = ws_sold_date_sk
 and i_item_sk  = ws_item_sk
 group by i_category,i_class
 ) ,
 results_rollup as
( select total_sum ,i_category ,i_class, g_category, g_class, 0 as lochierarchy from results
  union
  select sum(total_sum) as total_sum, i_category, NULL as i_class, 0 as g_category, 1 as g_class, 1 as lochierarchy from results group by i_category
  union
  select sum(total_sum) as total_sum, NULL as i_category, NULL as i_class, 1 as g_category, 1 as g_class, 2 as lochierarchy from results)
 select 
 total_sum ,i_category ,i_class, lochierarchy 
   ,rank() over (
 	partition by lochierarchy,
 	case when g_class = 0 then i_category end 
 	order by total_sum desc) as rank_within_parent
 from
 results_rollup
 order by
   lochierarchy desc,
   case when lochierarchy = 0 then i_category end,
   rank_within_parent 
 limit 100;
psql:/tmp/s1-basline/throughput/query_8.sql:2918: NOTICE:  duration: 290.805 ms  plan:
Query Text: with results as
( select sum(ws_net_paid) as total_sum, i_category, i_class, 0 as g_category, 0 as g_class 
 from
    web_sales
   ,date_dim       d1
   ,item
 where
    d1.d_month_seq between 1216 and 1216+11
 and d1.d_date_sk = ws_sold_date_sk
 and i_item_sk  = ws_item_sk
 group by i_category,i_class
 ) ,
 results_rollup as
( select total_sum ,i_category ,i_class, g_category, g_class, 0 as lochierarchy from results
  union
  select sum(total_sum) as total_sum, i_category, NULL as i_class, 0 as g_category, 1 as g_class, 1 as lochierarchy from results group by i_category
  union
  select sum(total_sum) as total_sum, NULL as i_category, NULL as i_class, 1 as g_category, 1 as g_class, 2 as lochierarchy from results)
 select 
 total_sum ,i_category ,i_class, lochierarchy 
   ,rank() over (
 	partition by lochierarchy,
 	case when g_class = 0 then i_category end 
 	order by total_sum desc) as rank_within_parent
 from
 results_rollup
 order by
   lochierarchy desc,
   case when lochierarchy = 0 then i_category end,
   rank_within_parent 
 limit 100;
Limit  (cost=35144.54..35144.79 rows=100 width=148) (actual time=265.856..290.731 rows=100 loops=1)
  CTE results
    ->  Finalize GroupAggregate  (cost=34596.16..34874.06 rows=990 width=118) (actual time=247.287..290.043 rows=123 loops=1)
          Group Key: item.i_category, item.i_class
          ->  Gather Merge  (cost=34596.16..34849.31 rows=1980 width=110) (actual time=247.146..289.924 rows=365 loops=1)
                Workers Planned: 2
                Workers Launched: 2
                ->  Partial GroupAggregate  (cost=33596.13..33620.74 rows=990 width=110) (actual time=234.383..248.471 rows=122 loops=3)
                      Group Key: item.i_category, item.i_class
                      ->  Sort  (cost=33596.13..33599.81 rows=1471 width=110) (actual time=234.249..236.363 rows=47135 loops=3)
                            Sort Key: item.i_category, item.i_class
                            Sort Method: quicksort  Memory: 10344kB
                            Worker 0:  Sort Method: quicksort  Memory: 7618kB
                            Worker 1:  Sort Method: quicksort  Memory: 7593kB
                            ->  Nested Loop  (cost=2505.48..33518.74 rows=1471 width=110) (actual time=13.099..191.020 rows=47135 loops=3)
                                  ->  Hash Join  (cost=2505.20..33067.17 rows=1471 width=16) (actual time=13.048..95.662 rows=47135 loops=3)
                                        Hash Cond: (web_sales.ws_sold_date_sk = d1.d_date_sk)
                                        ->  Parallel Seq Scan on web_sales  (cost=0.00..29771.63 rows=301063 width=24) (actual time=0.016..44.158 rows=237185 loops=3)
                                        ->  Hash  (cost=2500.73..2500.73 rows=357 width=8) (actual time=12.978..12.978 rows=365 loops=3)
                                              Buckets: 1024  Batches: 1  Memory Usage: 23kB
                                              ->  Seq Scan on date_dim d1  (cost=0.00..2500.73 rows=357 width=8) (actual time=6.333..12.932 rows=365 loops=3)
                                                    Filter: ((d_month_seq >= 1216) AND (d_month_seq <= 1227))
                                                    Rows Removed by Filter: 72684
                                  ->  Index Scan using pk_item on item  (cost=0.29..0.31 rows=1 width=110) (actual time=0.002..0.002 rows=1 loops=141406)
                                        Index Cond: (i_item_sk = web_sales.ws_item_sk)
  ->  Sort  (cost=270.48..273.46 rows=1191 width=148) (actual time=265.855..265.861 rows=100 loops=1)
        Sort Key: results_rollup.lochierarchy DESC, (CASE WHEN (results_rollup.lochierarchy = 0) THEN results_rollup.i_category ELSE NULL::bpchar END), (rank() OVER (?))
        Sort Method: quicksort  Memory: 57kB
        ->  WindowAgg  (cost=192.21..224.96 rows=1191 width=148) (actual time=265.540..265.638 rows=135 loops=1)
              ->  Sort  (cost=192.21..195.19 rows=1191 width=108) (actual time=265.533..265.539 rows=135 loops=1)
                    Sort Key: results_rollup.lochierarchy, (CASE WHEN (results_rollup.g_class = 0) THEN results_rollup.i_category ELSE NULL::bpchar END), results_rollup.total_sum DESC
                    Sort Method: quicksort  Memory: 49kB
                    ->  Subquery Scan on results_rollup  (cost=104.56..131.36 rows=1191 width=108) (actual time=265.385..265.425 rows=135 loops=1)
                          ->  HashAggregate  (cost=104.56..116.47 rows=1191 width=84) (actual time=265.384..265.411 rows=135 loops=1)
                                Group Key: results.total_sum, results.i_category, results.i_class, results.g_category, results.g_class, (0)
                                Batches: 1  Memory Usage: 97kB
                                ->  Append  (cost=0.00..86.70 rows=1191 width=84) (actual time=247.291..265.313 rows=135 loops=1)
                                      ->  CTE Scan on results  (cost=0.00..19.80 rows=990 width=428) (actual time=247.290..265.235 rows=123 loops=1)
                                      ->  HashAggregate  (cost=24.75..26.75 rows=200 width=256) (actual time=0.045..0.048 rows=11 loops=1)
                                            Group Key: results_1.i_category
                                            Batches: 1  Memory Usage: 40kB
                                            ->  CTE Scan on results results_1  (cost=0.00..19.80 rows=990 width=212) (actual time=0.000..0.009 rows=123 loops=1)
                                      ->  Aggregate  (cost=22.28..22.29 rows=1 width=84) (actual time=0.017..0.018 rows=1 loops=1)
                                            ->  CTE Scan on results results_2  (cost=0.00..19.80 rows=990 width=8) (actual time=0.000..0.008 rows=123 loops=1)
     total_sum      |                     i_category                     |                      i_class                       | lochierarchy | rank_within_parent 
--------------------+----------------------------------------------------+----------------------------------------------------+--------------+--------------------
        324630022.7 |                                                    |                                                    |            2 |                  1
  33922858.18000001 | Books                                              |                                                    |            1 |                  1
        33614160.94 | Jewelry                                            |                                                    |            1 |                  2
        33579680.48 | Electronics                                        |                                                    |            1 |                  3
 32847982.320000008 | Women                                              |                                                    |            1 |                  4
 32805753.540000003 | Shoes                                              |                                                    |            1 |                  5
 32699589.739999995 | Children                                           |                                                    |            1 |                  6
 31781428.209999993 | Music                                              |                                                    |            1 |                  7
 31427541.740000002 | Sports                                             |                                                    |            1 |                  8
        30786966.48 | Home                                               |                                                    |            1 |                  9
         30212026.8 | Men                                                |                                                    |            1 |                 10
          952034.27 |                                                    |                                                    |            1 |                 11
 2717191.2500000005 | Books                                              | travel                                             |            0 |                  1
 2706405.9899999998 | Books                                              | fiction                                            |            0 |                  2
  2537563.499999999 | Books                                              | arts                                               |            0 |                  3
         2455032.71 | Books                                              | entertainments                                     |            0 |                  4
 2243292.8999999994 | Books                                              | home repair                                        |            0 |                  5
 2231157.0599999996 | Books                                              | business                                           |            0 |                  6
 2146107.6200000006 | Books                                              | sports                                             |            0 |                  7
 2116674.6099999994 | Books                                              | parenting                                          |            0 |                  8
 2057075.6799999997 | Books                                              | mystery                                            |            0 |                  9
         1981089.25 | Books                                              | history                                            |            0 |                 10
          1947833.1 | Books                                              | self-help                                          |            0 |                 11
 1894991.5500000005 | Books                                              | reference                                          |            0 |                 12
 1889657.2900000003 | Books                                              | cooking                                            |            0 |                 13
 1749345.9300000013 | Books                                              | computers                                          |            0 |                 14
         1619994.13 | Books                                              | science                                            |            0 |                 15
 1613099.6100000003 | Books                                              | romance                                            |            0 |                 16
              16346 | Books                                              |                                                    |            0 |                 17
  8885474.969999997 | Children                                           | infants                                            |            0 |                  1
  8260627.389999991 | Children                                           | toddlers                                           |            0 |                  2
 7762949.5299999975 | Children                                           | newborn                                            |            0 |                  3
  7727067.320000004 | Children                                           | school-uniforms                                    |            0 |                  4
           63470.53 | Children                                           |                                                    |            0 |                  5
  2756018.690000001 | Electronics                                        | monitors                                           |            0 |                  1
  2463412.969999999 | Electronics                                        | dvd/vcr players                                    |            0 |                  2
         2395522.26 | Electronics                                        | memory                                             |            0 |                  3
 2382778.0399999996 | Electronics                                        | cameras                                            |            0 |                  4
  2277918.130000001 | Electronics                                        | wireless                                           |            0 |                  5
 2254993.5300000003 | Electronics                                        | disk drives                                        |            0 |                  6
  2208206.340000001 | Electronics                                        | automotive                                         |            0 |                  7
 2193708.5699999994 | Electronics                                        | stereo                                             |            0 |                  8
 2181306.3700000006 | Electronics                                        | portable                                           |            0 |                  9
 2017345.1299999997 | Electronics                                        | musical                                            |            0 |                 10
 1944903.9100000001 | Electronics                                        | audio                                              |            0 |                 11
 1889372.5099999998 | Electronics                                        | scanners                                           |            0 |                 12
  1864533.450000001 | Electronics                                        | personal                                           |            0 |                 13
 1793826.3800000004 | Electronics                                        | camcorders                                         |            0 |                 14
 1714065.3400000005 | Electronics                                        | karoke                                             |            0 |                 15
         1240424.16 | Electronics                                        | televisions                                        |            0 |                 16
             1344.7 | Electronics                                        |                                                    |            0 |                 17
 2358362.5400000005 | Home                                               | wallpaper                                          |            0 |                  1
 2274779.9699999997 | Home                                               | bedding                                            |            0 |                  2
 2086476.5800000005 | Home                                               | blinds/shades                                      |            0 |                  3
 2084273.1500000004 | Home                                               | accent                                             |            0 |                  4
         2082822.96 | Home                                               | lighting                                           |            0 |                  5
 2050202.1200000006 | Home                                               | paint                                              |            0 |                  6
         2033539.22 | Home                                               | decor                                              |            0 |                  7
 2022139.5099999993 | Home                                               | glassware                                          |            0 |                  8
 1942220.9599999995 | Home                                               | mattresses                                         |            0 |                  9
 1910923.4399999995 | Home                                               | furniture                                          |            0 |                 10
  1876019.750000001 | Home                                               | rugs                                               |            0 |                 11
 1778607.2299999997 | Home                                               | tables                                             |            0 |                 12
 1661322.4800000007 | Home                                               | flatware                                           |            0 |                 13
 1560873.5300000003 | Home                                               | kids                                               |            0 |                 14
         1547477.03 | Home                                               | bathroom                                           |            0 |                 15
 1438777.8599999996 | Home                                               | curtains/drapes                                    |            0 |                 16
           78148.15 | Home                                               |                                                    |            0 |                 17
 2508570.1799999992 | Jewelry                                            | consignment                                        |            0 |                  1
 2369392.1799999997 | Jewelry                                            | birdal                                             |            0 |                  2
         2307185.83 | Jewelry                                            | bracelets                                          |            0 |                  3
 2300485.7499999995 | Jewelry                                            | semi-precious                                      |            0 |                  4
 2252707.0799999996 | Jewelry                                            | loose stones                                       |            0 |                  5
         2252310.24 | Jewelry                                            | womens watch                                       |            0 |                  6
  2243992.479999999 | Jewelry                                            | rings                                              |            0 |                  7
 2184658.8799999994 | Jewelry                                            | mens watch                                         |            0 |                  8
         2110238.42 | Jewelry                                            | pendants                                           |            0 |                  9
         2016126.56 | Jewelry                                            | custom                                             |            0 |                 10
 1918776.8199999994 | Jewelry                                            | diamonds                                           |            0 |                 11
         1901956.73 | Jewelry                                            | gold                                               |            0 |                 12
 1895646.1399999997 | Jewelry                                            | jewelry boxes                                      |            0 |                 13
 1859011.7699999996 | Jewelry                                            | costume                                            |            0 |                 14
 1748715.6799999992 | Jewelry                                            | estate                                             |            0 |                 15
 1698025.5300000003 | Jewelry                                            | earings                                            |            0 |                 16
           46360.67 | Jewelry                                            |                                                    |            0 |                 17
  7830852.159999997 | Men                                                | accessories                                        |            0 |                  1
  7732561.669999998 | Men                                                | sports-apparel                                     |            0 |                  2
  7650697.660000006 | Men                                                | shirts                                             |            0 |                  3
  6942592.139999995 | Men                                                | pants                                              |            0 |                  4
           55323.17 | Men                                                |                                                    |            0 |                  5
  8491174.679999992 | Music                                              | pop                                                |            0 |                  1
  7994527.739999995 | Music                                              | country                                            |            0 |                  2
  7932682.200000009 | Music                                              | rock                                               |            0 |                  3
  7262441.489999996 | Music                                              | classical                                          |            0 |                  4
           100602.1 | Music                                              |                                                    |            0 |                  5
         8440627.14 | Shoes                                              | mens                                               |            0 |                  1
  8302934.150000002 | Shoes                                              | athletic                                           |            0 |                  2
  8136135.090000001 | Shoes                                              | womens                                             |            0 |                  3
 7807078.8999999985 | Shoes                                              | kids                                               |            0 |                  4
 118978.26000000001 | Shoes                                              |                                                    |            0 |                  5
(100 rows)

UPDATE time_statistics SET e_time = TRANSACTION_TIMESTAMP() WHERE template = '../query_postgresql/query86.tpl' AND stream = 8;
psql:/tmp/s1-basline/throughput/query_8.sql:2920: NOTICE:  duration: 0.080 ms  plan:
Query Text: UPDATE time_statistics SET e_time = TRANSACTION_TIMESTAMP() WHERE template = '../query_postgresql/query86.tpl' AND stream = 8;
Update on time_statistics  (cost=0.00..15.28 rows=0 width=0) (actual time=0.080..0.080 rows=0 loops=1)
  ->  Seq Scan on time_statistics  (cost=0.00..15.28 rows=1 width=14) (actual time=0.028..0.064 rows=1 loops=1)
        Filter: ((template = '../query_postgresql/query86.tpl'::text) AND (stream = 8))
        Rows Removed by Filter: 491
UPDATE 1
LOAD 'auto_explain'; SET auto_explain.log_min_duration TO 0; SET auto_explain.log_analyze TO on; SET auto_explain.log_level TO notice; INSERT INTO time_statistics (template, s_time, stream, query, seed) VALUES ('query39.tpl', TRANSACTION_TIMESTAMP(), 8, 58, 2074162516);
LOAD
SET
SET
SET
psql:/tmp/s1-basline/throughput/query_8.sql:2921: NOTICE:  duration: 0.009 ms  plan:
Query Text: INSERT INTO time_statistics (template, s_time, stream, query, seed) VALUES ('query39.tpl', TRANSACTION_TIMESTAMP(), 8, 58, 2074162516);
Insert on time_statistics  (cost=0.00..0.01 rows=0 width=0) (actual time=0.008..0.008 rows=0 loops=1)
  ->  Result  (cost=0.00..0.01 rows=1 width=64) (actual time=0.001..0.002 rows=1 loops=1)
INSERT 0 1
with inv as
(select w_warehouse_name,w_warehouse_sk,i_item_sk,d_moy
       ,stdev,mean, case mean when 0 then null else stdev/mean end cov
 from(select w_warehouse_name,w_warehouse_sk,i_item_sk,d_moy
            ,stddev_samp(inv_quantity_on_hand) stdev,avg(inv_quantity_on_hand) mean
      from inventory
          ,item
          ,warehouse
          ,date_dim
      where inv_item_sk = i_item_sk
        and inv_warehouse_sk = w_warehouse_sk
        and inv_date_sk = d_date_sk
        and d_year =2002
      group by w_warehouse_name,w_warehouse_sk,i_item_sk,d_moy) foo
 where case mean when 0 then 0 else stdev/mean end > 1)
select inv1.w_warehouse_sk,inv1.i_item_sk,inv1.d_moy,inv1.mean, inv1.cov
        ,inv2.w_warehouse_sk,inv2.i_item_sk,inv2.d_moy,inv2.mean, inv2.cov
from inv inv1,inv inv2
where inv1.i_item_sk = inv2.i_item_sk
  and inv1.w_warehouse_sk =  inv2.w_warehouse_sk
  and inv1.d_moy=1
  and inv2.d_moy=1+1
order by inv1.w_warehouse_sk,inv1.i_item_sk,inv1.d_moy,inv1.mean,inv1.cov
        ,inv2.d_moy,inv2.mean, inv2.cov
;
psql:/tmp/s1-basline/throughput/query_8.sql:2946: NOTICE:  duration: 2433.983 ms  plan:
Query Text: with inv as
(select w_warehouse_name,w_warehouse_sk,i_item_sk,d_moy
       ,stdev,mean, case mean when 0 then null else stdev/mean end cov
 from(select w_warehouse_name,w_warehouse_sk,i_item_sk,d_moy
            ,stddev_samp(inv_quantity_on_hand) stdev,avg(inv_quantity_on_hand) mean
      from inventory
          ,item
          ,warehouse
          ,date_dim
      where inv_item_sk = i_item_sk
        and inv_warehouse_sk = w_warehouse_sk
        and inv_date_sk = d_date_sk
        and d_year =2002
      group by w_warehouse_name,w_warehouse_sk,i_item_sk,d_moy) foo
 where case mean when 0 then 0 else stdev/mean end > 1)
select inv1.w_warehouse_sk,inv1.i_item_sk,inv1.d_moy,inv1.mean, inv1.cov
        ,inv2.w_warehouse_sk,inv2.i_item_sk,inv2.d_moy,inv2.mean, inv2.cov
from inv inv1,inv inv2
where inv1.i_item_sk = inv2.i_item_sk
  and inv1.w_warehouse_sk =  inv2.w_warehouse_sk
  and inv1.d_moy=1
  and inv2.d_moy=1+1
order by inv1.w_warehouse_sk,inv1.i_item_sk,inv1.d_moy,inv1.mean,inv1.cov
        ,inv2.d_moy,inv2.mean, inv2.cov
;
Sort  (cost=156168.84..156168.84 rows=1 width=168) (actual time=2433.660..2433.831 rows=168 loops=1)
  Sort Key: inv1.w_warehouse_sk, inv1.i_item_sk, inv1.mean, inv1.cov, inv2.mean, inv2.cov
  Sort Method: quicksort  Memory: 44kB
  CTE inv
    ->  Subquery Scan on foo  (cost=153633.23..155271.02 rows=19852 width=130) (actual time=1085.187..2411.606 rows=42497 loops=1)
          ->  HashAggregate  (cost=153633.23..154973.24 rows=19852 width=98) (actual time=1085.185..2399.721 rows=42497 loops=1)
                Group Key: warehouse.w_warehouse_name, warehouse.w_warehouse_sk, item.i_item_sk, date_dim.d_moy
                Filter: (CASE avg(inventory.inv_quantity_on_hand) WHEN '0'::numeric THEN '0'::numeric ELSE (stddev_samp(inventory.inv_quantity_on_hand) / avg(inventory.inv_quantity_on_hand)) END > '1'::numeric)
                Batches: 21  Memory Usage: 34873kB  Disk Usage: 118640kB
                Rows Removed by Filter: 497503
                ->  Gather  (cost=3870.75..152739.89 rows=59556 width=38) (actual time=25.080..376.786 rows=2340000 loops=1)
                      Workers Planned: 3
                      Workers Launched: 3
                      ->  Hash Join  (cost=2870.75..145784.29 rows=19212 width=38) (actual time=23.028..732.680 rows=585000 loops=4)
                            Hash Cond: (inventory.inv_warehouse_sk = warehouse.w_warehouse_sk)
                            ->  Hash Join  (cost=2869.64..145690.01 rows=19212 width=24) (actual time=22.796..595.114 rows=585000 loops=4)
                                  Hash Cond: (inventory.inv_item_sk = item.i_item_sk)
                                  ->  Hash Join  (cost=2322.65..145092.58 rows=19212 width=24) (actual time=18.472..501.796 rows=585000 loops=4)
                                        Hash Cond: (inventory.inv_date_sk = date_dim.d_date_sk)
                                        ->  Parallel Seq Scan on inventory  (cost=0.00..132620.86 rows=3866086 width=28) (actual time=0.018..206.074 rows=2936250 loops=4)
                                        ->  Hash  (cost=2318.11..2318.11 rows=363 width=12) (actual time=14.159..14.160 rows=365 loops=4)
                                              Buckets: 1024  Batches: 1  Memory Usage: 26kB
                                              ->  Seq Scan on date_dim  (cost=0.00..2318.11 rows=363 width=12) (actual time=7.068..14.107 rows=365 loops=4)
                                                    Filter: (d_year = 2002)
                                                    Rows Removed by Filter: 72684
                                  ->  Hash  (cost=321.99..321.99 rows=18000 width=8) (actual time=4.216..4.217 rows=18000 loops=4)
                                        Buckets: 32768  Batches: 1  Memory Usage: 960kB
                                        ->  Index Only Scan using pk_item on item  (cost=0.29..321.99 rows=18000 width=8) (actual time=0.079..2.064 rows=18000 loops=4)
                                              Heap Fetches: 0
                            ->  Hash  (cost=1.05..1.05 rows=5 width=22) (actual time=0.030..0.030 rows=5 loops=4)
                                  Buckets: 1024  Batches: 1  Memory Usage: 9kB
                                  ->  Seq Scan on warehouse  (cost=0.00..1.05 rows=5 width=22) (actual time=0.024..0.026 rows=5 loops=4)
  ->  Hash Join  (cost=448.15..897.80 rows=1 width=168) (actual time=2429.954..2433.589 rows=168 loops=1)
        Hash Cond: ((inv1.i_item_sk = inv2.i_item_sk) AND (inv1.w_warehouse_sk = inv2.w_warehouse_sk))
        ->  CTE Scan on inv inv1  (cost=0.00..446.67 rows=99 width=84) (actual time=1085.364..1088.759 rows=2218 loops=1)
              Filter: (d_moy = 1)
              Rows Removed by Filter: 40279
        ->  Hash  (cost=446.67..446.67 rows=99 width=84) (actual time=1344.576..1344.577 rows=3095 loops=1)
              Buckets: 4096 (originally 1024)  Batches: 1 (originally 1)  Memory Usage: 251kB
              ->  CTE Scan on inv inv2  (cost=0.00..446.67 rows=99 width=84) (actual time=0.001..1343.794 rows=3095 loops=1)
                    Filter: (d_moy = 2)
                    Rows Removed by Filter: 39402
 w_warehouse_sk | i_item_sk | d_moy |         mean         |          cov           | w_warehouse_sk | i_item_sk | d_moy |         mean         |          cov           
----------------+-----------+-------+----------------------+------------------------+----------------+-----------+-------+----------------------+------------------------
              1 |       726 |     1 | 332.0000000000000000 |     1.2268338881735964 |              1 |       726 |     2 | 343.0000000000000000 |     1.0903348343379767
              1 |      1386 |     1 | 361.2000000000000000 |     1.0558856417873810 |              1 |      1386 |     2 | 448.6666666666666667 |     1.0111340319359264
              1 |      1437 |     1 | 311.6000000000000000 |     1.2399344010214409 |              1 |      1437 |     2 | 399.7500000000000000 |     1.0422634965885428
              1 |      1441 |     1 | 227.6000000000000000 |     1.0886365863857601 |              1 |      1441 |     2 | 412.3333333333333333 |     1.1556695392143298
              1 |      1461 |     1 | 256.4000000000000000 |     1.5291038999878003 |              1 |      1461 |     2 | 222.0000000000000000 |     1.0617962116050135
              1 |      2259 |     1 | 351.2000000000000000 |     1.0631323076398405 |              1 |      2259 |     2 | 441.3333333333333333 |     1.0735264404120657
              1 |      2613 |     1 | 233.0000000000000000 |     1.1278493075278627 |              1 |      2613 |     2 | 316.2500000000000000 | 1.00210176625116837945
              1 |      2682 |     1 | 392.5000000000000000 |     1.0113558637749707 |              1 |      2682 |     2 | 304.0000000000000000 |     1.6238009639845395
              1 |      3139 |     1 | 350.2000000000000000 |     1.1418392477254226 |              1 |      3139 |     2 | 330.6666666666666667 |     1.0508379966732944
              1 |      3240 |     1 | 308.6000000000000000 |     1.1154098666063448 |              1 |      3240 |     2 | 254.7500000000000000 |     1.3388468267708027
              1 |      3487 |     1 | 326.8000000000000000 |     1.1173487099155141 |              1 |      3487 |     2 | 381.0000000000000000 |     1.0795817251897953
              1 |      3595 |     1 | 351.7500000000000000 |     1.2088973527779815 |              1 |      3595 |     2 | 399.0000000000000000 |     1.0951109584412381
              1 |      3735 |     1 | 234.0000000000000000 |     1.3379276532888547 |              1 |      3735 |     2 | 413.5000000000000000 |     1.1320471214585998
              1 |      4099 |     1 | 314.4000000000000000 |     1.1632410387960719 |              1 |      4099 |     2 | 288.7500000000000000 |     1.0841149894592589
              1 |      5238 |     1 | 408.0000000000000000 |     1.0563526452790294 |              1 |      5238 |     2 | 211.7500000000000000 |     1.6326158319203542
              1 |      7051 |     1 | 244.2500000000000000 |     1.1762654286219857 |              1 |      7051 |     2 | 316.5000000000000000 |     1.1301813278457852
              1 |      7585 |     1 | 333.0000000000000000 |     1.0234294153132823 |              1 |      7585 |     2 | 290.2500000000000000 |     1.2869077967558587
              1 |      7902 |     1 | 352.0000000000000000 |     1.0293817600148352 |              1 |      7902 |     2 | 472.0000000000000000 |     1.3093460312649216
              1 |      8077 |     1 | 318.2000000000000000 |     1.2269276427867316 |              1 |      8077 |     2 | 250.2500000000000000 |     1.0578642292224176
              1 |      9049 |     1 | 336.0000000000000000 |     1.0291940355500476 |              1 |      9049 |     2 | 342.2500000000000000 |     1.1973663386718188
              1 |      9450 |     1 | 402.7500000000000000 |     1.0012302406270937 |              1 |      9450 |     2 | 293.0000000000000000 |     1.0210464854655563
              1 |      9547 |     1 | 288.6000000000000000 |     1.2707273681092931 |              1 |      9547 |     2 | 320.0000000000000000 |     1.0612216574542750
              1 |     10663 |     1 | 406.8000000000000000 |     1.1088673601676524 |              1 |     10663 |     2 | 360.5000000000000000 |     1.1626077949289376
              1 |     10842 |     1 | 401.6666666666666667 |     1.0080999752831925 |              1 |     10842 |     2 | 325.5000000000000000 |     1.2992001920751398
              1 |     11304 |     1 | 227.2000000000000000 |     1.0049939386769586 |              1 |     11304 |     2 | 231.5000000000000000 |     1.2648673003420994
              1 |     11478 |     1 | 325.0000000000000000 |     1.2283842276140185 |              1 |     11478 |     2 | 276.5000000000000000 |     1.2761398208641121
              1 |     12417 |     1 | 197.8000000000000000 |     1.1092857775573964 |              1 |     12417 |     2 | 362.0000000000000000 |     1.2001440481426133
              1 |     14991 |     1 | 437.0000000000000000 |     1.2329871104442769 |              1 |     14991 |     2 | 242.7500000000000000 |     1.3688006834044202
              1 |     15679 |     1 | 351.5000000000000000 |     1.1133816039037013 |              1 |     15679 |     2 | 476.0000000000000000 |     1.0428339504053697
              1 |     15967 |     1 | 252.0000000000000000 |     1.1536260982671865 |              1 |     15967 |     2 | 265.5000000000000000 |     1.0856760849815292
              1 |     16830 |     1 | 190.2000000000000000 |     1.7233195604918244 |              1 |     16830 |     2 | 356.6666666666666667 |     1.3804200221329234
              2 |       601 |     1 | 325.4000000000000000 |     1.0705774418994806 |              2 |       601 |     2 | 423.7500000000000000 |     1.0919980529793746
              2 |      1128 |     1 | 328.2000000000000000 |     1.0251556650207252 |              2 |      1128 |     2 | 318.6666666666666667 |     1.0071429343000262
              2 |      1867 |     1 | 272.0000000000000000 |     1.3726018131478419 |              2 |      1867 |     2 | 240.0000000000000000 |     1.0338316450807500
              2 |      2233 |     1 | 356.6000000000000000 |     1.1578167797589484 |              2 |      2233 |     2 | 364.0000000000000000 |     1.0802748356622720
              2 |      2322 |     1 | 387.0000000000000000 |     1.0598993735997726 |              2 |      2322 |     2 | 362.0000000000000000 |     1.1257236547364199
              2 |      3129 |     1 | 417.4000000000000000 |     1.1464212947243915 |              2 |      3129 |     2 | 416.2500000000000000 |     1.1052537219997045
              2 |      3139 |     1 | 332.5000000000000000 |     1.0052328835492090 |              2 |      3139 |     2 | 319.0000000000000000 |     1.0532122301835266
              2 |      3456 |     1 | 360.6000000000000000 |     1.0805003125947310 |              2 |      3456 |     2 | 295.5000000000000000 |     1.5214194013541997
              2 |      3888 |     1 | 387.3333333333333333 |     1.2620120288960964 |              2 |      3888 |     2 | 284.0000000000000000 |     1.0420711044527782
              2 |      4597 |     1 | 353.0000000000000000 |     1.0368581552367734 |              2 |      4597 |     2 | 255.3333333333333333 |     1.0478922879647507
              2 |      5283 |     1 | 329.4000000000000000 |     1.1123641330039769 |              2 |      5283 |     2 | 326.7500000000000000 |     1.0618060307275226
              2 |      6132 |     1 | 330.0000000000000000 |     1.0842755667930606 |              2 |      6132 |     2 | 338.0000000000000000 |     1.0204398922103994
              2 |      6495 |     1 | 222.7500000000000000 |     1.2046512978250595 |              2 |      6495 |     2 | 324.2500000000000000 |     1.0729575231971904
              2 |      7363 |     1 | 315.6000000000000000 |     1.1830827145349937 |              2 |      7363 |     2 | 358.2500000000000000 |     1.1399075196927900
              2 |      7395 |     1 | 397.4000000000000000 |     1.1247093759330372 |              2 |      7395 |     2 | 288.5000000000000000 |     1.1034423095571057
              2 |      7956 |     1 | 223.7500000000000000 |     1.0105855469151330 |              2 |      7956 |     2 | 329.2500000000000000 |     1.1495957579982688
              2 |      8283 |     1 | 273.8000000000000000 |     1.0400224360538970 |              2 |      8283 |     2 | 369.6666666666666667 |     1.4626686793310694
              2 |      8557 |     1 | 272.0000000000000000 |     1.3805298000532500 |              2 |      8557 |     2 | 389.2500000000000000 |     1.0204855830570996
              2 |      8772 |     1 | 454.0000000000000000 |     1.0941262750212797 |              2 |      8772 |     2 | 448.0000000000000000 |     1.1164262828728482
              2 |      8775 |     1 | 158.0000000000000000 |     1.6788663156922089 |              2 |      8775 |     2 | 423.3333333333333333 |     1.1157169128629622
              2 |      8784 |     1 | 358.2000000000000000 |     1.0529999168175098 |              2 |      8784 |     2 | 401.2500000000000000 |     1.1149361669702530
              2 |      9577 |     1 | 340.6000000000000000 |     1.0058785892883177 |              2 |      9577 |     2 | 228.7500000000000000 |     1.0591233467490230
              2 |      9603 |     1 | 220.8000000000000000 |     1.0221640359802219 |              2 |      9603 |     2 | 375.7500000000000000 |     1.1521137595587385
              2 |     10009 |     1 | 229.4000000000000000 |     1.0844270365915824 |              2 |     10009 |     2 | 211.0000000000000000 |     1.1793522474037820
              2 |     10077 |     1 | 329.0000000000000000 |     1.1428914985458906 |              2 |     10077 |     2 | 278.5000000000000000 |     1.1203198601954219
              2 |     10170 |     1 | 346.2000000000000000 |     1.0313544128822328 |              2 |     10170 |     2 | 380.5000000000000000 |     1.1209431132844494
              2 |     10489 |     1 | 336.0000000000000000 |     1.0382064126521815 |              2 |     10489 |     2 | 244.0000000000000000 |     1.0759035876718074
              2 |     10587 |     1 | 375.2500000000000000 |     1.0858184452108861 |              2 |     10587 |     2 | 207.3333333333333333 |     1.1448695176779502
              2 |     10693 |     1 | 362.8000000000000000 |     1.0914328622747299 |              2 |     10693 |     2 | 309.0000000000000000 |     1.4004833336121909
              2 |     11197 |     1 | 307.2500000000000000 |     1.3570783675647714 |              2 |     11197 |     2 | 380.5000000000000000 |     1.0076607591438528
              2 |     11697 |     1 | 400.8000000000000000 |     1.0246070696285878 |              2 |     11697 |     2 | 251.5000000000000000 |     1.0127047424447038
              2 |     12096 |     1 | 300.4000000000000000 |     1.0517848463585586 |              2 |     12096 |     2 | 397.0000000000000000 |     1.1055400025891486
              2 |     12510 |     1 | 312.6000000000000000 |     1.0278540431881478 |              2 |     12510 |     2 | 242.0000000000000000 |     1.1103329621937521
              2 |     12963 |     1 | 280.2500000000000000 | 1.00215488410061373773 |              2 |     12963 |     2 | 375.2500000000000000 |     1.0876046732780839
              2 |     13639 |     1 | 266.2500000000000000 |     1.7016540568305352 |              2 |     13639 |     2 | 398.6666666666666667 |     1.1404642429730619
              2 |     14520 |     1 | 345.7500000000000000 |     1.0762597400975994 |              2 |     14520 |     2 | 378.3333333333333333 |     1.0868686898928767
              2 |     14581 |     1 | 319.4000000000000000 |     1.0559289137501879 |              2 |     14581 |     2 | 328.0000000000000000 |     1.3559888935521707
              2 |     15246 |     1 | 329.6000000000000000 |     1.0148644640582039 |              2 |     15246 |     2 | 354.5000000000000000 |     1.2112396139001439
              2 |     16147 |     1 | 346.6000000000000000 |     1.0048567849013445 |              2 |     16147 |     2 | 253.5000000000000000 |     1.1396890507065207
              2 |     16621 |     1 | 374.7500000000000000 |     1.0044075079350233 |              2 |     16621 |     2 | 183.0000000000000000 |     1.1898857436128361
              2 |     17227 |     1 | 365.4000000000000000 |     1.0729306212292365 |              2 |     17227 |     2 | 313.0000000000000000 |     1.3713205418297987
              2 |     17856 |     1 | 214.8000000000000000 |     1.2180295991054283 |              2 |     17856 |     2 | 303.0000000000000000 |     1.1295039013012838
              2 |     17949 |     1 | 239.6000000000000000 |     1.1137967302134766 |              2 |     17949 |     2 | 379.5000000000000000 |     1.1616987633069750
              3 |       885 |     1 | 346.0000000000000000 |     1.0193568278136821 |              3 |       885 |     2 | 291.5000000000000000 |     1.1503574322194923
              3 |      1605 |     1 | 170.6000000000000000 |     1.1042324653792438 |              3 |      1605 |     2 | 424.2500000000000000 |     1.0309442032990524
              3 |      1635 |     1 | 280.2000000000000000 |     1.0909901380035332 |              3 |      1635 |     2 | 182.0000000000000000 |     1.0854951507288132
              3 |      1716 |     1 | 316.0000000000000000 |     1.0768890163489873 |              3 |      1716 |     2 | 261.0000000000000000 |     1.6459985942918851
              3 |      2214 |     1 | 249.8000000000000000 |     1.0572714889731545 |              3 |      2214 |     2 | 349.0000000000000000 |     1.1237231539428309
              3 |      2298 |     1 | 435.0000000000000000 |     1.1098461553619977 |              3 |      2298 |     2 | 451.0000000000000000 |     1.0683281799183725
              3 |      3073 |     1 | 416.7500000000000000 |     1.0504479898931566 |              3 |      3073 |     2 | 281.0000000000000000 |     1.2743758494723737
              3 |      4213 |     1 |  85.8000000000000000 |     1.5642137256883100 |              3 |      4213 |     2 | 200.0000000000000000 |     1.4878087914782600
              3 |      5259 |     1 | 338.2500000000000000 |     1.0374437565895492 |              3 |      5259 |     2 | 191.0000000000000000 |     1.0781018805852565
              3 |      5640 |     1 | 316.8000000000000000 |     1.1329639275182355 |              3 |      5640 |     2 | 315.2500000000000000 |     1.2342970035483331
              3 |      6084 |     1 | 441.0000000000000000 |     1.0318506836860249 |              3 |      6084 |     2 | 340.5000000000000000 |     1.0712554472706109
              3 |      6111 |     1 | 304.2500000000000000 |     1.1604562307758258 |              3 |      6111 |     2 | 386.0000000000000000 |     1.0437210495051839
              3 |      6261 |     1 | 455.2500000000000000 |     1.1274738980143855 |              3 |      6261 |     2 | 362.6666666666666667 |     1.4917415325030496
              3 |      6669 |     1 | 331.8000000000000000 |     1.2565506153733785 |              3 |      6669 |     2 | 371.5000000000000000 |     1.2238752632650067
              3 |      6777 |     1 | 318.2500000000000000 |     1.0175190625626866 |              3 |      6777 |     2 | 389.2500000000000000 |     1.0041187753994194
              3 |      6895 |     1 | 244.8000000000000000 |     1.0616412758649632 |              3 |      6895 |     2 | 176.0000000000000000 |     1.1254207967231477
              3 |      7092 |     1 | 183.4000000000000000 |     1.6039508167113086 |              3 |      7092 |     2 | 261.5000000000000000 |     1.5555814369289637
              3 |      7356 |     1 | 367.8000000000000000 |     1.0103340433388091 |              3 |      7356 |     2 | 200.3333333333333333 |     1.4321194372665524
              3 |      8544 |     1 | 320.2000000000000000 |     1.1708252744014991 |              3 |      8544 |     2 | 275.0000000000000000 |     1.0713581401486655
              3 |     10021 |     1 | 403.2500000000000000 |     1.0407093313335772 |              3 |     10021 |     2 | 286.2500000000000000 |     1.0039576408480210
              3 |     10908 |     1 | 348.8000000000000000 |     1.1142170497593435 |              3 |     10908 |     2 | 337.0000000000000000 |     1.3793432691248042
              3 |     11172 |     1 | 399.0000000000000000 |     1.0468482972553133 |              3 |     11172 |     2 | 341.5000000000000000 |     1.1203012843994407
              3 |     11361 |     1 | 365.6000000000000000 |     1.1819272458040810 |              3 |     11361 |     2 | 386.3333333333333333 |     1.2107067980926333
              3 |     11436 |     1 | 272.4000000000000000 |     1.0906809758017952 |              3 |     11436 |     2 | 346.6666666666666667 |     1.3624009246861962
              3 |     11559 |     1 | 349.0000000000000000 |     1.2432492729827479 |              3 |     11559 |     2 | 332.5000000000000000 |     1.1146079984719278
              3 |     11655 |     1 | 274.8000000000000000 |     1.3559486183895597 |              3 |     11655 |     2 | 402.0000000000000000 |     1.0115481318400697
              3 |     11755 |     1 | 392.3333333333333333 |     1.0795719029073619 |              3 |     11755 |     2 | 355.0000000000000000 |     1.3923274325490704
              3 |     11784 |     1 | 357.4000000000000000 |     1.1142493589976329 |              3 |     11784 |     2 | 283.0000000000000000 |     1.0833198466506608
              3 |     12663 |     1 | 210.4000000000000000 |     1.2173128654000570 |              3 |     12663 |     2 | 128.5000000000000000 |     1.1983677776825837
              3 |     13350 |     1 | 429.7500000000000000 | 1.00004833562319255381 |              3 |     13350 |     2 | 357.3333333333333333 |     1.3734210567160271
              3 |     13447 |     1 | 398.3333333333333333 |     1.2264576861471364 |              3 |     13447 |     2 | 259.0000000000000000 |     1.1773023217071853
              3 |     15060 |     1 | 310.2500000000000000 |     1.0856431846943658 |              3 |     15060 |     2 | 249.0000000000000000 |     1.2558706622302892
              3 |     15603 |     1 | 401.6000000000000000 |     1.0044612079995418 |              3 |     15603 |     2 | 320.2500000000000000 |     1.1168305913803185
              3 |     15901 |     1 | 207.8000000000000000 |     1.0042793198036477 |              3 |     15901 |     2 | 357.3333333333333333 |     1.0169998416318750
              3 |     15903 |     1 | 222.0000000000000000 |     1.1561990554031667 |              3 |     15903 |     2 | 123.5000000000000000 |     1.0797604499789960
              3 |     16585 |     1 | 192.0000000000000000 |     1.8096291520154271 |              3 |     16585 |     2 | 184.0000000000000000 |     1.3792431807817011
              4 |       345 |     1 | 341.2000000000000000 |     1.0479322138764420 |              4 |       345 |     2 | 215.2500000000000000 |     1.2386761850673682
              4 |       453 |     1 | 359.2000000000000000 |     1.0822845424857628 |              4 |       453 |     2 | 257.0000000000000000 |     1.0315272214075564
              4 |      1315 |     1 | 330.4000000000000000 |     1.1323670305077936 |              4 |      1315 |     2 | 309.7500000000000000 |     1.1378771404026699
              4 |      3393 |     1 | 430.8000000000000000 |     1.0875052890915854 |              4 |      3393 |     2 | 371.0000000000000000 |     1.1028464742669164
              4 |      3711 |     1 | 333.8000000000000000 |     1.0403179066978370 |              4 |      3711 |     2 | 307.3333333333333333 |     1.6110212279211443
              4 |      3948 |     1 | 356.7500000000000000 |     1.2290625699051801 |              4 |      3948 |     2 | 315.2500000000000000 | 1.00157024087306899286
              4 |      4176 |     1 | 344.0000000000000000 |     1.0180147888561890 |              4 |      4176 |     2 | 354.7500000000000000 |     1.0719514897688344
              4 |      4422 |     1 | 357.0000000000000000 |     1.0242184976756779 |              4 |      4422 |     2 | 490.7500000000000000 |     1.0151106499546409
              4 |      4465 |     1 | 325.6000000000000000 |     1.1766278759598188 |              4 |      4465 |     2 | 312.0000000000000000 |     1.1907946354872981
              4 |      5173 |     1 | 450.6000000000000000 |     1.0173773999524523 |              4 |      5173 |     2 | 348.7500000000000000 |     1.0920412320474065
              4 |      5322 |     1 | 137.6000000000000000 |     1.1030794165559012 |              4 |      5322 |     2 | 356.7500000000000000 |     1.0132060838153665
              4 |      5652 |     1 | 209.2000000000000000 |     1.0882999631740583 |              4 |      5652 |     2 | 341.2500000000000000 |     1.0787050949385758
              4 |      5874 |     1 | 274.0000000000000000 |     1.2017694566105985 |              4 |      5874 |     2 | 374.2500000000000000 |     1.1156881892248550
              4 |      6253 |     1 | 361.0000000000000000 |     1.0291669586245263 |              4 |      6253 |     2 | 394.0000000000000000 |     1.0155266059575000
              4 |      6672 |     1 | 375.7500000000000000 |     1.0581698550575116 |              4 |      6672 |     2 | 267.0000000000000000 |     1.2492569108962434
              4 |      7813 |     1 | 222.8000000000000000 |     1.0337950920994794 |              4 |      7813 |     2 | 377.5000000000000000 |     1.0307926632509245
              4 |      8223 |     1 | 359.8000000000000000 |     1.0572176439468316 |              4 |      8223 |     2 | 354.5000000000000000 |     1.2368272013251989
              4 |      8299 |     1 | 349.8000000000000000 |     1.0710027370109320 |              4 |      8299 |     2 | 399.7500000000000000 |     1.0310253377840550
              4 |      8754 |     1 | 509.5000000000000000 |     1.0158623701290206 |              4 |      8754 |     2 | 505.0000000000000000 |     1.0032291098571089
              4 |      8941 |     1 | 409.5000000000000000 |     1.0189843481728083 |              4 |      8941 |     2 | 297.7500000000000000 |     1.5842981052932695
              4 |      9726 |     1 | 313.4000000000000000 |     1.2126120937395948 |              4 |      9726 |     2 | 327.2500000000000000 |     1.0530164917752850
              4 |     10663 |     1 | 367.2000000000000000 |     1.0117650342747331 |              4 |     10663 |     2 | 452.2500000000000000 |     1.0563442928359049
              4 |     11016 |     1 | 292.6000000000000000 |     1.0888522882100718 |              4 |     11016 |     2 | 400.0000000000000000 |     1.0259142264341600
              4 |     12483 |     1 | 399.8000000000000000 |     1.0365404104126438 |              4 |     12483 |     2 | 394.5000000000000000 |     1.0312371542720456
              4 |     13938 |     1 | 329.8000000000000000 |     1.1805319605560006 |              4 |     13938 |     2 | 324.3333333333333333 |     1.0267369115130308
              4 |     14685 |     1 | 319.4000000000000000 |     1.0412594285108954 |              4 |     14685 |     2 | 281.2500000000000000 |     1.1087800139529778
              4 |     15129 |     1 | 151.0000000000000000 |     1.0995372036408079 |              4 |     15129 |     2 | 307.7500000000000000 |     1.1097652553122470
              4 |     15163 |     1 | 383.0000000000000000 | 1.00152247266730809399 |              4 |     15163 |     2 | 266.7500000000000000 |     1.0765878977115239
              4 |     15390 |     1 | 276.6000000000000000 |     1.0623181483127404 |              4 |     15390 |     2 | 412.0000000000000000 |     1.1627936309524660
              4 |     16149 |     1 | 265.2000000000000000 |     1.0264149828031109 |              4 |     16149 |     2 | 180.7500000000000000 |     1.6617929655544177
              4 |     16639 |     1 | 302.5000000000000000 |     1.2507770505562942 |              4 |     16639 |     2 | 251.2500000000000000 |     1.0835444747052657
              4 |     17160 |     1 | 400.0000000000000000 |     1.0848545409408575 |              4 |     17160 |     2 | 331.7500000000000000 |     1.1369064922996383
              4 |     17658 |     1 | 337.6000000000000000 |     1.1080883611671831 |              4 |     17658 |     2 | 167.7500000000000000 |     1.1880240541791535
              5 |       631 |     1 | 322.5000000000000000 |     1.3746789454242078 |              5 |       631 |     2 | 347.5000000000000000 |     1.0043028040809727
              5 |       949 |     1 | 274.0000000000000000 |     1.1939885746943358 |              5 |       949 |     2 | 400.7500000000000000 |     1.0617689755269120
              5 |      2007 |     1 | 154.6000000000000000 |     1.6380694245193596 |              5 |      2007 |     2 | 209.7500000000000000 |     1.0962212996764958
              5 |      2047 |     1 | 259.6000000000000000 |     1.0578733615866680 |              5 |      2047 |     2 | 291.5000000000000000 |     1.4519040819609777
              5 |      3003 |     1 | 438.8000000000000000 |     1.0423109525140998 |              5 |      3003 |     2 | 327.7500000000000000 |     1.2633798910964577
              5 |      3330 |     1 | 318.0000000000000000 |     1.2100477472171101 |              5 |      3330 |     2 | 446.7500000000000000 |     1.0063812904039015
              5 |      5455 |     1 | 284.0000000000000000 |     1.1097863170493768 |              5 |      5455 |     2 | 437.7500000000000000 |     1.0355209458942090
              5 |      6156 |     1 | 336.2000000000000000 |     1.1106011855133968 |              5 |      6156 |     2 | 368.0000000000000000 |     1.1407413207513641
              5 |      6636 |     1 | 301.0000000000000000 |     1.0511735008337542 |              5 |      6636 |     2 | 395.5000000000000000 |     1.3319710543210569
              5 |      6765 |     1 | 197.2500000000000000 |     1.2030663223835133 |              5 |      6765 |     2 | 305.2500000000000000 |     1.0491716962353677
              5 |      7267 |     1 | 234.2000000000000000 |     1.0857125025742015 |              5 |      7267 |     2 | 400.2500000000000000 |     1.0280406437513079
              5 |      7425 |     1 | 314.8000000000000000 |     1.0739921815650921 |              5 |      7425 |     2 | 326.0000000000000000 |     1.0209364401490890
              5 |      8949 |     1 | 288.5000000000000000 |     1.2085229083484783 |              5 |      8949 |     2 | 284.7500000000000000 |     1.0088714477056365
              5 |     11691 |     1 | 377.4000000000000000 |     1.0179323575167276 |              5 |     11691 |     2 | 366.3333333333333333 |     1.0661790456091829
              5 |     12345 |     1 | 317.8000000000000000 |     1.0341308082599497 |              5 |     12345 |     2 | 149.0000000000000000 |     1.4130027355875503
              5 |     12517 |     1 | 323.0000000000000000 |     1.0226728373205913 |              5 |     12517 |     2 | 305.2500000000000000 |     1.2432518756329730
              5 |     12564 |     1 | 411.5000000000000000 |     1.1155601719002649 |              5 |     12564 |     2 | 300.5000000000000000 |     1.2616877814991847
              5 |     12571 |     1 | 285.4000000000000000 |     1.0492759402614681 |              5 |     12571 |     2 | 323.2500000000000000 |     1.0656757311597525
              5 |     12579 |     1 | 341.0000000000000000 |     1.0789902720975806 |              5 |     12579 |     2 | 328.7500000000000000 |     1.2262778114436624
              5 |     13869 |     1 | 368.4000000000000000 |     1.0461213356485342 |              5 |     13869 |     2 | 314.5000000000000000 |     1.2094783764715135
              5 |     14329 |     1 | 318.2000000000000000 |     1.1384463872513891 |              5 |     14329 |     2 | 257.0000000000000000 |     1.1290753407429494
              5 |     15279 |     1 | 333.4000000000000000 |     1.1740891153401800 |              5 |     15279 |     2 | 182.0000000000000000 |     1.0175966581017637
              5 |     15330 |     1 | 312.0000000000000000 |     1.1779554749312244 |              5 |     15330 |     2 | 360.5000000000000000 |     1.1929264829219445
              5 |     16440 |     1 | 220.7500000000000000 |     1.0727131541028856 |              5 |     16440 |     2 | 228.7500000000000000 |     1.1702538454228896
              5 |     17575 |     1 | 305.4000000000000000 |     1.0986717418317322 |              5 |     17575 |     2 | 334.2500000000000000 |     1.0376301785817292
(168 rows)

with inv as
(select w_warehouse_name,w_warehouse_sk,i_item_sk,d_moy
       ,stdev,mean, case mean when 0 then null else stdev/mean end cov
 from(select w_warehouse_name,w_warehouse_sk,i_item_sk,d_moy
            ,stddev_samp(inv_quantity_on_hand) stdev,avg(inv_quantity_on_hand) mean
      from inventory
          ,item
          ,warehouse
          ,date_dim
      where inv_item_sk = i_item_sk
        and inv_warehouse_sk = w_warehouse_sk
        and inv_date_sk = d_date_sk
        and d_year =2002
      group by w_warehouse_name,w_warehouse_sk,i_item_sk,d_moy) foo
 where case mean when 0 then 0 else stdev/mean end > 1)
select inv1.w_warehouse_sk,inv1.i_item_sk,inv1.d_moy,inv1.mean, inv1.cov
        ,inv2.w_warehouse_sk,inv2.i_item_sk,inv2.d_moy,inv2.mean, inv2.cov
from inv inv1,inv inv2
where inv1.i_item_sk = inv2.i_item_sk
  and inv1.w_warehouse_sk =  inv2.w_warehouse_sk
  and inv1.d_moy=1
  and inv2.d_moy=1+1
  and inv1.cov > 1.5
order by inv1.w_warehouse_sk,inv1.i_item_sk,inv1.d_moy,inv1.mean,inv1.cov
        ,inv2.d_moy,inv2.mean, inv2.cov
;
psql:/tmp/s1-basline/throughput/query_8.sql:2972: NOTICE:  duration: 2449.587 ms  plan:
Query Text: with inv as
(select w_warehouse_name,w_warehouse_sk,i_item_sk,d_moy
       ,stdev,mean, case mean when 0 then null else stdev/mean end cov
 from(select w_warehouse_name,w_warehouse_sk,i_item_sk,d_moy
            ,stddev_samp(inv_quantity_on_hand) stdev,avg(inv_quantity_on_hand) mean
      from inventory
          ,item
          ,warehouse
          ,date_dim
      where inv_item_sk = i_item_sk
        and inv_warehouse_sk = w_warehouse_sk
        and inv_date_sk = d_date_sk
        and d_year =2002
      group by w_warehouse_name,w_warehouse_sk,i_item_sk,d_moy) foo
 where case mean when 0 then 0 else stdev/mean end > 1)
select inv1.w_warehouse_sk,inv1.i_item_sk,inv1.d_moy,inv1.mean, inv1.cov
        ,inv2.w_warehouse_sk,inv2.i_item_sk,inv2.d_moy,inv2.mean, inv2.cov
from inv inv1,inv inv2
where inv1.i_item_sk = inv2.i_item_sk
  and inv1.w_warehouse_sk =  inv2.w_warehouse_sk
  and inv1.d_moy=1
  and inv2.d_moy=1+1
  and inv1.cov > 1.5
order by inv1.w_warehouse_sk,inv1.i_item_sk,inv1.d_moy,inv1.mean,inv1.cov
        ,inv2.d_moy,inv2.mean, inv2.cov
;
Sort  (cost=156216.49..156216.49 rows=1 width=168) (actual time=2449.392..2449.569 rows=8 loops=1)
  Sort Key: inv1.w_warehouse_sk, inv1.i_item_sk, inv1.mean, inv1.cov, inv2.mean, inv2.cov
  Sort Method: quicksort  Memory: 25kB
  CTE inv
    ->  Subquery Scan on foo  (cost=153633.23..155271.02 rows=19852 width=130) (actual time=1092.996..2424.855 rows=42497 loops=1)
          ->  HashAggregate  (cost=153633.23..154973.24 rows=19852 width=98) (actual time=1092.994..2413.028 rows=42497 loops=1)
                Group Key: warehouse.w_warehouse_name, warehouse.w_warehouse_sk, item.i_item_sk, date_dim.d_moy
                Filter: (CASE avg(inventory.inv_quantity_on_hand) WHEN '0'::numeric THEN '0'::numeric ELSE (stddev_samp(inventory.inv_quantity_on_hand) / avg(inventory.inv_quantity_on_hand)) END > '1'::numeric)
                Batches: 21  Memory Usage: 34873kB  Disk Usage: 118640kB
                Rows Removed by Filter: 497503
                ->  Gather  (cost=3870.75..152739.89 rows=59556 width=38) (actual time=25.534..379.677 rows=2340000 loops=1)
                      Workers Planned: 3
                      Workers Launched: 3
                      ->  Hash Join  (cost=2870.75..145784.29 rows=19212 width=38) (actual time=23.455..733.185 rows=585000 loops=4)
                            Hash Cond: (inventory.inv_warehouse_sk = warehouse.w_warehouse_sk)
                            ->  Hash Join  (cost=2869.64..145690.01 rows=19212 width=24) (actual time=23.219..594.444 rows=585000 loops=4)
                                  Hash Cond: (inventory.inv_item_sk = item.i_item_sk)
                                  ->  Hash Join  (cost=2322.65..145092.58 rows=19212 width=24) (actual time=18.869..501.103 rows=585000 loops=4)
                                        Hash Cond: (inventory.inv_date_sk = date_dim.d_date_sk)
                                        ->  Parallel Seq Scan on inventory  (cost=0.00..132620.86 rows=3866086 width=28) (actual time=0.018..206.845 rows=2936250 loops=4)
                                        ->  Hash  (cost=2318.11..2318.11 rows=363 width=12) (actual time=14.548..14.549 rows=365 loops=4)
                                              Buckets: 1024  Batches: 1  Memory Usage: 26kB
                                              ->  Seq Scan on date_dim  (cost=0.00..2318.11 rows=363 width=12) (actual time=7.021..14.494 rows=365 loops=4)
                                                    Filter: (d_year = 2002)
                                                    Rows Removed by Filter: 72684
                                  ->  Hash  (cost=321.99..321.99 rows=18000 width=8) (actual time=4.242..4.243 rows=18000 loops=4)
                                        Buckets: 32768  Batches: 1  Memory Usage: 960kB
                                        ->  Index Only Scan using pk_item on item  (cost=0.29..321.99 rows=18000 width=8) (actual time=0.078..2.061 rows=18000 loops=4)
                                              Heap Fetches: 0
                            ->  Hash  (cost=1.05..1.05 rows=5 width=22) (actual time=0.030..0.031 rows=5 loops=4)
                                  Buckets: 1024  Batches: 1  Memory Usage: 9kB
                                  ->  Seq Scan on warehouse  (cost=0.00..1.05 rows=5 width=22) (actual time=0.025..0.026 rows=5 loops=4)
  ->  Hash Join  (cost=448.15..945.45 rows=1 width=168) (actual time=2444.460..2449.381 rows=8 loops=1)
        Hash Cond: ((inv1.i_item_sk = inv2.i_item_sk) AND (inv1.w_warehouse_sk = inv2.w_warehouse_sk))
        ->  CTE Scan on inv inv1  (cost=0.00..496.30 rows=33 width=84) (actual time=1112.451..1118.247 rows=71 loops=1)
              Filter: ((cov > 1.5) AND (d_moy = 1))
              Rows Removed by Filter: 42426
        ->  Hash  (cost=446.67..446.67 rows=99 width=84) (actual time=1331.111..1331.111 rows=3095 loops=1)
              Buckets: 4096 (originally 1024)  Batches: 1 (originally 1)  Memory Usage: 251kB
              ->  CTE Scan on inv inv2  (cost=0.00..446.67 rows=99 width=84) (actual time=0.001..1330.326 rows=3095 loops=1)
                    Filter: (d_moy = 2)
                    Rows Removed by Filter: 39402
 w_warehouse_sk | i_item_sk | d_moy |         mean         |        cov         | w_warehouse_sk | i_item_sk | d_moy |         mean         |        cov         
----------------+-----------+-------+----------------------+--------------------+----------------+-----------+-------+----------------------+--------------------
              1 |      1461 |     1 | 256.4000000000000000 | 1.5291038999878003 |              1 |      1461 |     2 | 222.0000000000000000 | 1.0617962116050135
              1 |     16830 |     1 | 190.2000000000000000 | 1.7233195604918244 |              1 |     16830 |     2 | 356.6666666666666667 | 1.3804200221329234
              2 |      8775 |     1 | 158.0000000000000000 | 1.6788663156922089 |              2 |      8775 |     2 | 423.3333333333333333 | 1.1157169128629622
              2 |     13639 |     1 | 266.2500000000000000 | 1.7016540568305352 |              2 |     13639 |     2 | 398.6666666666666667 | 1.1404642429730619
              3 |      4213 |     1 |  85.8000000000000000 | 1.5642137256883100 |              3 |      4213 |     2 | 200.0000000000000000 | 1.4878087914782600
              3 |      7092 |     1 | 183.4000000000000000 | 1.6039508167113086 |              3 |      7092 |     2 | 261.5000000000000000 | 1.5555814369289637
              3 |     16585 |     1 | 192.0000000000000000 | 1.8096291520154271 |              3 |     16585 |     2 | 184.0000000000000000 | 1.3792431807817011
              5 |      2007 |     1 | 154.6000000000000000 | 1.6380694245193596 |              5 |      2007 |     2 | 209.7500000000000000 | 1.0962212996764958
(8 rows)

UPDATE time_statistics SET e_time = TRANSACTION_TIMESTAMP() WHERE template = 'query39.tpl' AND stream = 8;
psql:/tmp/s1-basline/throughput/query_8.sql:2974: NOTICE:  duration: 0.091 ms  plan:
Query Text: UPDATE time_statistics SET e_time = TRANSACTION_TIMESTAMP() WHERE template = 'query39.tpl' AND stream = 8;
Update on time_statistics  (cost=0.00..15.28 rows=0 width=0) (actual time=0.090..0.091 rows=0 loops=1)
  ->  Seq Scan on time_statistics  (cost=0.00..15.28 rows=1 width=14) (actual time=0.035..0.074 rows=1 loops=1)
        Filter: ((template = 'query39.tpl'::text) AND (stream = 8))
        Rows Removed by Filter: 492
UPDATE 1
LOAD 'auto_explain'; SET auto_explain.log_min_duration TO 0; SET auto_explain.log_analyze TO on; SET auto_explain.log_level TO notice; INSERT INTO time_statistics (template, s_time, stream, query, seed) VALUES ('query17.tpl', TRANSACTION_TIMESTAMP(), 8, 59, 347364661);
LOAD
SET
SET
SET
psql:/tmp/s1-basline/throughput/query_8.sql:2975: NOTICE:  duration: 0.009 ms  plan:
Query Text: INSERT INTO time_statistics (template, s_time, stream, query, seed) VALUES ('query17.tpl', TRANSACTION_TIMESTAMP(), 8, 59, 347364661);
Insert on time_statistics  (cost=0.00..0.01 rows=0 width=0) (actual time=0.009..0.009 rows=0 loops=1)
  ->  Result  (cost=0.00..0.01 rows=1 width=64) (actual time=0.002..0.002 rows=1 loops=1)
INSERT 0 1
select  i_item_id
       ,i_item_desc
       ,s_state
       ,count(ss_quantity) as store_sales_quantitycount
       ,avg(ss_quantity) as store_sales_quantityave
       ,stddev_samp(ss_quantity) as store_sales_quantitystdev
       ,stddev_samp(ss_quantity)/avg(ss_quantity) as store_sales_quantitycov
       ,count(sr_return_quantity) as store_returns_quantitycount
       ,avg(sr_return_quantity) as store_returns_quantityave
       ,stddev_samp(sr_return_quantity) as store_returns_quantitystdev
       ,stddev_samp(sr_return_quantity)/avg(sr_return_quantity) as store_returns_quantitycov
       ,count(cs_quantity) as catalog_sales_quantitycount ,avg(cs_quantity) as catalog_sales_quantityave
       ,stddev_samp(cs_quantity) as catalog_sales_quantitystdev
       ,stddev_samp(cs_quantity)/avg(cs_quantity) as catalog_sales_quantitycov
 from store_sales
     ,store_returns
     ,catalog_sales
     ,date_dim d1
     ,date_dim d2
     ,date_dim d3
     ,store
     ,item
 where d1.d_quarter_name = '1999Q1'
   and d1.d_date_sk = ss_sold_date_sk
   and i_item_sk = ss_item_sk
   and s_store_sk = ss_store_sk
   and ss_customer_sk = sr_customer_sk
   and ss_item_sk = sr_item_sk
   and ss_ticket_number = sr_ticket_number
   and sr_returned_date_sk = d2.d_date_sk
   and d2.d_quarter_name in ('1999Q1','1999Q2','1999Q3')
   and sr_customer_sk = cs_bill_customer_sk
   and sr_item_sk = cs_item_sk
   and cs_sold_date_sk = d3.d_date_sk
   and d3.d_quarter_name in ('1999Q1','1999Q2','1999Q3')
 group by i_item_id
         ,i_item_desc
         ,s_state
 order by i_item_id
         ,i_item_desc
         ,s_state
limit 100;
psql:/tmp/s1-basline/throughput/query_8.sql:3017: NOTICE:  duration: 2712.803 ms  plan:
Query Text: select  i_item_id
       ,i_item_desc
       ,s_state
       ,count(ss_quantity) as store_sales_quantitycount
       ,avg(ss_quantity) as store_sales_quantityave
       ,stddev_samp(ss_quantity) as store_sales_quantitystdev
       ,stddev_samp(ss_quantity)/avg(ss_quantity) as store_sales_quantitycov
       ,count(sr_return_quantity) as store_returns_quantitycount
       ,avg(sr_return_quantity) as store_returns_quantityave
       ,stddev_samp(sr_return_quantity) as store_returns_quantitystdev
       ,stddev_samp(sr_return_quantity)/avg(sr_return_quantity) as store_returns_quantitycov
       ,count(cs_quantity) as catalog_sales_quantitycount ,avg(cs_quantity) as catalog_sales_quantityave
       ,stddev_samp(cs_quantity) as catalog_sales_quantitystdev
       ,stddev_samp(cs_quantity)/avg(cs_quantity) as catalog_sales_quantitycov
 from store_sales
     ,store_returns
     ,catalog_sales
     ,date_dim d1
     ,date_dim d2
     ,date_dim d3
     ,store
     ,item
 where d1.d_quarter_name = '1999Q1'
   and d1.d_date_sk = ss_sold_date_sk
   and i_item_sk = ss_item_sk
   and s_store_sk = ss_store_sk
   and ss_customer_sk = sr_customer_sk
   and ss_item_sk = sr_item_sk
   and ss_ticket_number = sr_ticket_number
   and sr_returned_date_sk = d2.d_date_sk
   and d2.d_quarter_name in ('1999Q1','1999Q2','1999Q3')
   and sr_customer_sk = cs_bill_customer_sk
   and sr_item_sk = cs_item_sk
   and cs_sold_date_sk = d3.d_date_sk
   and d3.d_quarter_name in ('1999Q1','1999Q2','1999Q3')
 group by i_item_id
         ,i_item_desc
         ,s_state
 order by i_item_id
         ,i_item_desc
         ,s_state
limit 100;
Limit  (cost=11808.71..11808.77 rows=1 width=434) (actual time=2712.787..2712.791 rows=1 loops=1)
  ->  GroupAggregate  (cost=11808.71..11808.77 rows=1 width=434) (actual time=2712.786..2712.789 rows=1 loops=1)
        Group Key: item.i_item_id, item.i_item_desc, store.s_state
        ->  Sort  (cost=11808.71..11808.71 rows=1 width=134) (actual time=2712.768..2712.772 rows=1 loops=1)
              Sort Key: item.i_item_id, item.i_item_desc, store.s_state
              Sort Method: quicksort  Memory: 25kB
              ->  Nested Loop  (cost=2.15..11808.70 rows=1 width=134) (actual time=1904.984..2712.762 rows=1 loops=1)
                    ->  Nested Loop  (cost=1.86..11808.39 rows=1 width=39) (actual time=1904.975..2712.751 rows=1 loops=1)
                          Join Filter: (store_sales.ss_store_sk = store.s_store_sk)
                          Rows Removed by Join Filter: 6
                          ->  Nested Loop  (cost=1.86..11807.12 rows=1 width=44) (actual time=1904.963..2712.739 rows=1 loops=1)
                                ->  Nested Loop  (cost=1.57..11806.81 rows=1 width=52) (actual time=506.919..2712.692 rows=9 loops=1)
                                      ->  Nested Loop  (cost=1.28..11806.49 rows=1 width=60) (actual time=142.027..2712.467 rows=34 loops=1)
                                            ->  Nested Loop  (cost=0.85..11804.27 rows=1 width=56) (actual time=9.107..231.710 rows=29845 loops=1)
                                                  ->  Nested Loop  (cost=0.42..10978.66 rows=1040 width=28) (actual time=9.099..63.515 rows=40549 loops=1)
                                                        ->  Seq Scan on date_dim d2  (cost=0.00..2409.42 rows=273 width=8) (actual time=9.080..18.382 rows=274 loops=1)
                                                              Filter: (d_quarter_name = ANY ('{1999Q1,1999Q2,1999Q3}'::bpchar[]))
                                                              Rows Removed by Filter: 72775
                                                        ->  Index Scan using i_sr_returned_date_sk on store_returns  (cost=0.42..29.99 rows=140 width=36) (actual time=0.004..0.138 rows=148 loops=274)
                                                              Index Cond: (sr_returned_date_sk = d2.d_date_sk)
                                                  ->  Index Scan using pk_store_sales on store_sales  (cost=0.43..0.78 rows=1 width=44) (actual time=0.004..0.004 rows=1 loops=40549)
                                                        Index Cond: ((ss_item_sk = store_returns.sr_item_sk) AND (ss_ticket_number = store_returns.sr_ticket_number))
                                                        Filter: (store_returns.sr_customer_sk = ss_customer_sk)
                                                        Rows Removed by Filter: 0
                                            ->  Index Scan using pk_catalog_sales on catalog_sales  (cost=0.43..2.21 rows=1 width=28) (actual time=0.083..0.083 rows=0 loops=29845)
                                                  Index Cond: (cs_item_sk = store_sales.ss_item_sk)
                                                  Filter: (store_sales.ss_customer_sk = cs_bill_customer_sk)
                                                  Rows Removed by Filter: 105
                                      ->  Index Scan using pk_date_dim on date_dim d1  (cost=0.29..0.31 rows=1 width=8) (actual time=0.005..0.005 rows=0 loops=34)
                                            Index Cond: (d_date_sk = store_sales.ss_sold_date_sk)
                                            Filter: (d_quarter_name = '1999Q1'::bpchar)
                                            Rows Removed by Filter: 1
                                ->  Index Scan using pk_date_dim on date_dim d3  (cost=0.29..0.31 rows=1 width=8) (actual time=0.004..0.004 rows=0 loops=9)
                                      Index Cond: (d_date_sk = catalog_sales.cs_sold_date_sk)
                                      Filter: (d_quarter_name = ANY ('{1999Q1,1999Q2,1999Q3}'::bpchar[]))
                                      Rows Removed by Filter: 1
                          ->  Seq Scan on store  (cost=0.00..1.12 rows=12 width=11) (actual time=0.007..0.008 rows=7 loops=1)
                    ->  Index Scan using pk_item on item  (cost=0.29..0.31 rows=1 width=127) (actual time=0.007..0.007 rows=1 loops=1)
                          Index Cond: (i_item_sk = store_sales.ss_item_sk)
    i_item_id     |         i_item_desc         | s_state | store_sales_quantitycount | store_sales_quantityave | store_sales_quantitystdev | store_sales_quantitycov | store_returns_quantitycount | store_returns_quantityave | store_returns_quantitystdev | store_returns_quantitycov | catalog_sales_quantitycount | catalog_sales_quantityave | catalog_sales_quantitystdev | catalog_sales_quantitycov 
------------------+-----------------------------+---------+---------------------------+-------------------------+---------------------------+-------------------------+-----------------------------+---------------------------+-----------------------------+---------------------------+-----------------------------+---------------------------+-----------------------------+---------------------------
 AAAAAAAACLAEAAAA | Actually red others can neg | TN      |                         1 |     10.0000000000000000 |                           |                         |                           1 |        7.0000000000000000 |                             |                           |                           1 |       31.0000000000000000 |                             |                          
(1 row)

UPDATE time_statistics SET e_time = TRANSACTION_TIMESTAMP() WHERE template = 'query17.tpl' AND stream = 8;
psql:/tmp/s1-basline/throughput/query_8.sql:3019: NOTICE:  duration: 0.079 ms  plan:
Query Text: UPDATE time_statistics SET e_time = TRANSACTION_TIMESTAMP() WHERE template = 'query17.tpl' AND stream = 8;
Update on time_statistics  (cost=0.00..15.28 rows=0 width=0) (actual time=0.078..0.078 rows=0 loops=1)
  ->  Seq Scan on time_statistics  (cost=0.00..15.28 rows=1 width=14) (actual time=0.028..0.064 rows=1 loops=1)
        Filter: ((template = 'query17.tpl'::text) AND (stream = 8))
        Rows Removed by Filter: 493
UPDATE 1
LOAD 'auto_explain'; SET auto_explain.log_min_duration TO 0; SET auto_explain.log_analyze TO on; SET auto_explain.log_level TO notice; INSERT INTO time_statistics (template, s_time, stream, query, seed) VALUES ('query42.tpl', TRANSACTION_TIMESTAMP(), 8, 60, 401666976);
LOAD
SET
SET
SET
psql:/tmp/s1-basline/throughput/query_8.sql:3020: NOTICE:  duration: 0.008 ms  plan:
Query Text: INSERT INTO time_statistics (template, s_time, stream, query, seed) VALUES ('query42.tpl', TRANSACTION_TIMESTAMP(), 8, 60, 401666976);
Insert on time_statistics  (cost=0.00..0.01 rows=0 width=0) (actual time=0.007..0.007 rows=0 loops=1)
  ->  Result  (cost=0.00..0.01 rows=1 width=64) (actual time=0.001..0.001 rows=1 loops=1)
INSERT 0 1
select  dt.d_year
 	,item.i_category_id
 	,item.i_category
 	,sum(ss_ext_sales_price)
 from 	date_dim dt
 	,store_sales
 	,item
 where dt.d_date_sk = store_sales.ss_sold_date_sk
 	and store_sales.ss_item_sk = item.i_item_sk
 	and item.i_manager_id = 1  	
 	and dt.d_moy=11
 	and dt.d_year=1999
 group by 	dt.d_year
 		,item.i_category_id
 		,item.i_category
 order by       sum(ss_ext_sales_price) desc,dt.d_year
 		,item.i_category_id
 		,item.i_category
limit 100 ;
psql:/tmp/s1-basline/throughput/query_8.sql:3039: NOTICE:  duration: 179.745 ms  plan:
Query Text: select  dt.d_year
 	,item.i_category_id
 	,item.i_category
 	,sum(ss_ext_sales_price)
 from 	date_dim dt
 	,store_sales
 	,item
 where dt.d_date_sk = store_sales.ss_sold_date_sk
 	and store_sales.ss_item_sk = item.i_item_sk
 	and item.i_manager_id = 1  	
 	and dt.d_moy=11
 	and dt.d_year=1999
 group by 	dt.d_year
 		,item.i_category_id
 		,item.i_category
 order by       sum(ss_ext_sales_price) desc,dt.d_year
 		,item.i_category_id
 		,item.i_category
limit 100 ;
Limit  (cost=41326.90..41326.94 rows=19 width=67) (actual time=179.729..179.732 rows=10 loops=1)
  ->  Sort  (cost=41326.90..41326.94 rows=19 width=67) (actual time=179.728..179.730 rows=10 loops=1)
        Sort Key: (sum(store_sales.ss_ext_sales_price)) DESC, item.i_category_id, item.i_category
        Sort Method: quicksort  Memory: 26kB
        ->  GroupAggregate  (cost=41326.07..41326.49 rows=19 width=67) (actual time=179.415..179.720 rows=10 loops=1)
              Group Key: dt.d_year, item.i_category_id, item.i_category
              ->  Sort  (cost=41326.07..41326.11 rows=19 width=67) (actual time=179.365..179.422 rows=1487 loops=1)
                    Sort Key: item.i_category_id, item.i_category
                    Sort Method: quicksort  Memory: 211kB
                    ->  Nested Loop  (cost=0.72..41325.66 rows=19 width=67) (actual time=4.595..178.942 rows=1487 loops=1)
                          ->  Nested Loop  (cost=0.43..40988.10 rows=1096 width=20) (actual time=4.106..48.982 rows=87825 loops=1)
                                ->  Seq Scan on date_dim dt  (cost=0.00..2500.73 rows=29 width=12) (actual time=4.097..8.797 rows=30 loops=1)
                                      Filter: ((d_moy = 11) AND (d_year = 1999))
                                      Rows Removed by Filter: 73019
                                ->  Index Scan using i_ss_sold_date_sk on store_sales  (cost=0.43..1312.00 rows=1515 width=24) (actual time=0.005..0.914 rows=2928 loops=30)
                                      Index Cond: (ss_sold_date_sk = dt.d_date_sk)
                          ->  Index Scan using pk_item on item  (cost=0.29..0.31 rows=1 width=63) (actual time=0.001..0.001 rows=0 loops=87825)
                                Index Cond: (i_item_sk = store_sales.ss_item_sk)
                                Filter: (i_manager_id = 1)
                                Rows Removed by Filter: 1
 d_year | i_category_id |                     i_category                     |        sum         
--------+---------------+----------------------------------------------------+--------------------
   1999 |             6 | Jewelry                                            | 429413.93999999977
   1999 |             1 | Women                                              |  378053.1399999999
   1999 |             3 | Children                                           |  354343.1500000001
   1999 |             2 | Men                                                |          308240.44
   1999 |            10 | Electronics                                        | 296651.10000000003
   1999 |             4 | Shoes                                              | 295555.29999999993
   1999 |             8 | Sports                                             |          266117.31
   1999 |             5 | Music                                              | 232184.77999999982
   1999 |             9 | Books                                              | 208440.64000000007
   1999 |             7 | Home                                               |          148392.72
(10 rows)

UPDATE time_statistics SET e_time = TRANSACTION_TIMESTAMP() WHERE template = 'query42.tpl' AND stream = 8;
psql:/tmp/s1-basline/throughput/query_8.sql:3041: NOTICE:  duration: 0.082 ms  plan:
Query Text: UPDATE time_statistics SET e_time = TRANSACTION_TIMESTAMP() WHERE template = 'query42.tpl' AND stream = 8;
Update on time_statistics  (cost=0.00..15.28 rows=0 width=0) (actual time=0.082..0.082 rows=0 loops=1)
  ->  Seq Scan on time_statistics  (cost=0.00..15.28 rows=1 width=14) (actual time=0.028..0.067 rows=1 loops=1)
        Filter: ((template = 'query42.tpl'::text) AND (stream = 8))
        Rows Removed by Filter: 494
UPDATE 1
LOAD 'auto_explain'; SET auto_explain.log_min_duration TO 0; SET auto_explain.log_analyze TO on; SET auto_explain.log_level TO notice; INSERT INTO time_statistics (template, s_time, stream, query, seed) VALUES ('query85.tpl', TRANSACTION_TIMESTAMP(), 8, 61, 463112141);
LOAD
SET
SET
SET
psql:/tmp/s1-basline/throughput/query_8.sql:3042: NOTICE:  duration: 0.009 ms  plan:
Query Text: INSERT INTO time_statistics (template, s_time, stream, query, seed) VALUES ('query85.tpl', TRANSACTION_TIMESTAMP(), 8, 61, 463112141);
Insert on time_statistics  (cost=0.00..0.01 rows=0 width=0) (actual time=0.008..0.008 rows=0 loops=1)
  ->  Result  (cost=0.00..0.01 rows=1 width=64) (actual time=0.002..0.002 rows=1 loops=1)
INSERT 0 1
select  substr(r_reason_desc,1,20)
       ,avg(ws_quantity)
       ,avg(wr_refunded_cash)
       ,avg(wr_fee)
 from web_sales, web_returns, web_page, customer_demographics cd1,
      customer_demographics cd2, customer_address, date_dim, reason 
 where ws_web_page_sk = wp_web_page_sk
   and ws_item_sk = wr_item_sk
   and ws_order_number = wr_order_number
   and ws_sold_date_sk = d_date_sk and d_year = 1999
   and cd1.cd_demo_sk = wr_refunded_cdemo_sk 
   and cd2.cd_demo_sk = wr_returning_cdemo_sk
   and ca_address_sk = wr_refunded_addr_sk
   and r_reason_sk = wr_reason_sk
   and
   (
    (
     cd1.cd_marital_status = 'D'
     and
     cd1.cd_marital_status = cd2.cd_marital_status
     and
     cd1.cd_education_status = 'Primary'
     and 
     cd1.cd_education_status = cd2.cd_education_status
     and
     ws_sales_price between 100.00 and 150.00
    )
   or
    (
     cd1.cd_marital_status = 'W'
     and
     cd1.cd_marital_status = cd2.cd_marital_status
     and
     cd1.cd_education_status = '2 yr Degree' 
     and
     cd1.cd_education_status = cd2.cd_education_status
     and
     ws_sales_price between 50.00 and 100.00
    )
   or
    (
     cd1.cd_marital_status = 'U'
     and
     cd1.cd_marital_status = cd2.cd_marital_status
     and
     cd1.cd_education_status = '4 yr Degree'
     and
     cd1.cd_education_status = cd2.cd_education_status
     and
     ws_sales_price between 150.00 and 200.00
    )
   )
   and
   (
    (
     ca_country = 'United States'
     and
     ca_state in ('KS', 'LA', 'IL')
     and ws_net_profit between 100 and 200  
    )
    or
    (
     ca_country = 'United States'
     and
     ca_state in ('TX', 'OH', 'TN')
     and ws_net_profit between 150 and 300  
    )
    or
    (
     ca_country = 'United States'
     and
     ca_state in ('AR', 'NE', 'NY')
     and ws_net_profit between 50 and 250  
    )
   )
group by r_reason_desc
order by substr(r_reason_desc,1,20)
        ,avg(ws_quantity)
        ,avg(wr_refunded_cash)
        ,avg(wr_fee)
limit 100;
psql:/tmp/s1-basline/throughput/query_8.sql:3123: NOTICE:  duration: 124.150 ms  plan:
Query Text: select  substr(r_reason_desc,1,20)
       ,avg(ws_quantity)
       ,avg(wr_refunded_cash)
       ,avg(wr_fee)
 from web_sales, web_returns, web_page, customer_demographics cd1,
      customer_demographics cd2, customer_address, date_dim, reason 
 where ws_web_page_sk = wp_web_page_sk
   and ws_item_sk = wr_item_sk
   and ws_order_number = wr_order_number
   and ws_sold_date_sk = d_date_sk and d_year = 1999
   and cd1.cd_demo_sk = wr_refunded_cdemo_sk 
   and cd2.cd_demo_sk = wr_returning_cdemo_sk
   and ca_address_sk = wr_refunded_addr_sk
   and r_reason_sk = wr_reason_sk
   and
   (
    (
     cd1.cd_marital_status = 'D'
     and
     cd1.cd_marital_status = cd2.cd_marital_status
     and
     cd1.cd_education_status = 'Primary'
     and 
     cd1.cd_education_status = cd2.cd_education_status
     and
     ws_sales_price between 100.00 and 150.00
    )
   or
    (
     cd1.cd_marital_status = 'W'
     and
     cd1.cd_marital_status = cd2.cd_marital_status
     and
     cd1.cd_education_status = '2 yr Degree' 
     and
     cd1.cd_education_status = cd2.cd_education_status
     and
     ws_sales_price between 50.00 and 100.00
    )
   or
    (
     cd1.cd_marital_status = 'U'
     and
     cd1.cd_marital_status = cd2.cd_marital_status
     and
     cd1.cd_education_status = '4 yr Degree'
     and
     cd1.cd_education_status = cd2.cd_education_status
     and
     ws_sales_price between 150.00 and 200.00
    )
   )
   and
   (
    (
     ca_country = 'United States'
     and
     ca_state in ('KS', 'LA', 'IL')
     and ws_net_profit between 100 and 200  
    )
    or
    (
     ca_country = 'United States'
     and
     ca_state in ('TX', 'OH', 'TN')
     and ws_net_profit between 150 and 300  
    )
    or
    (
     ca_country = 'United States'
     and
     ca_state in ('AR', 'NE', 'NY')
     and ws_net_profit between 50 and 250  
    )
   )
group by r_reason_desc
order by substr(r_reason_desc,1,20)
        ,avg(ws_quantity)
        ,avg(wr_refunded_cash)
        ,avg(wr_fee)
limit 100;
Limit  (cost=21103.84..21103.84 rows=1 width=181) (actual time=124.132..124.138 rows=3 loops=1)
  ->  Sort  (cost=21103.84..21103.84 rows=1 width=181) (actual time=124.131..124.137 rows=3 loops=1)
        Sort Key: (substr((reason.r_reason_desc)::text, 1, 20)), (avg(web_sales.ws_quantity)), (avg(web_returns.wr_refunded_cash)), (avg(web_returns.wr_fee))
        Sort Method: quicksort  Memory: 25kB
        ->  GroupAggregate  (cost=21103.79..21103.83 rows=1 width=181) (actual time=124.119..124.128 rows=3 loops=1)
              Group Key: reason.r_reason_desc
              ->  Sort  (cost=21103.79..21103.79 rows=1 width=121) (actual time=124.105..124.110 rows=3 loops=1)
                    Sort Key: reason.r_reason_desc
                    Sort Method: quicksort  Memory: 25kB
                    ->  Nested Loop  (cost=2498.57..21103.78 rows=1 width=121) (actual time=36.843..124.096 rows=3 loops=1)
                          ->  Nested Loop  (cost=2498.28..21103.41 rows=1 width=129) (actual time=29.315..124.047 rows=10 loops=1)
                                Join Filter: (web_sales.ws_web_page_sk = web_page.wp_web_page_sk)
                                Rows Removed by Join Filter: 365
                                ->  Nested Loop  (cost=2498.28..21100.06 rows=1 width=137) (actual time=29.304..123.962 rows=10 loops=1)
                                      Join Filter: ((((customer_address.ca_state = ANY ('{KS,LA,IL}'::bpchar[])) AND (web_sales.ws_net_profit >= '100'::double precision) AND (web_sales.ws_net_profit <= '200'::double precision)) OR ((customer_address.ca_state = ANY ('{TX,OH,TN}'::bpchar[])) AND (web_sales.ws_net_profit >= '150'::double precision) AND (web_sales.ws_net_profit <= '300'::double precision)) OR ((customer_address.ca_state = ANY ('{AR,NE,NY}'::bpchar[])) AND (web_sales.ws_net_profit >= '50'::double precision) AND (web_sales.ws_net_profit <= '250'::double precision))) AND (((cd1.cd_marital_status = 'D'::bpchar) AND (cd1.cd_education_status = 'Primary'::bpchar) AND (web_sales.ws_sales_price >= '100'::double precision) AND (web_sales.ws_sales_price <= '150'::double precision)) OR ((cd1.cd_marital_status = 'W'::bpchar) AND (cd1.cd_education_status = '2 yr Degree'::bpchar) AND (web_sales.ws_sales_price >= '50'::double precision) AND (web_sales.ws_sales_price <= '100'::double precision)) OR ((cd1.cd_marital_status = 'U'::bpchar) AND (cd1.cd_education_status = '4 yr Degree'::bpchar) AND (web_sales.ws_sales_price >= '150'::double precision) AND (web_sales.ws_sales_price <= '200'::double precision))))
                                      Rows Removed by Join Filter: 58
                                      ->  Nested Loop  (cost=2497.85..21063.03 rows=37 width=159) (actual time=25.939..117.097 rows=1656 loops=1)
                                            Join Filter: ((cd1.cd_marital_status = cd2.cd_marital_status) AND (cd1.cd_education_status = cd2.cd_education_status))
                                            ->  Nested Loop  (cost=2497.43..19896.74 rows=1348 width=167) (actual time=25.936..114.265 rows=1662 loops=1)
                                                  ->  Hash Join  (cost=2497.00..5360.52 rows=16801 width=152) (actual time=25.829..52.460 rows=18744 loops=1)
                                                        Hash Cond: (web_returns.wr_reason_sk = reason.r_reason_sk)
                                                        ->  Hash Join  (cost=2495.21..5307.21 rows=17594 width=59) (actual time=25.810..49.188 rows=19220 loops=1)
                                                              Hash Cond: (web_returns.wr_refunded_addr_sk = customer_address.ca_address_sk)
                                                              ->  Seq Scan on web_returns  (cost=0.00..2622.57 rows=72157 width=64) (actual time=0.002..6.315 rows=71406 loops=1)
                                                              ->  Hash  (cost=2335.50..2335.50 rows=12777 width=11) (actual time=25.798..25.799 rows=14105 loops=1)
                                                                    Buckets: 16384  Batches: 1  Memory Usage: 721kB
                                                                    ->  Seq Scan on customer_address  (cost=0.00..2335.50 rows=12777 width=11) (actual time=0.005..24.042 rows=14105 loops=1)
                                                                          Filter: (((ca_country)::text = 'United States'::text) AND ((ca_state = ANY ('{KS,LA,IL}'::bpchar[])) OR (ca_state = ANY ('{TX,OH,TN}'::bpchar[])) OR (ca_state = ANY ('{AR,NE,NY}'::bpchar[]))))
                                                                          Rows Removed by Filter: 35895
                                                        ->  Hash  (cost=1.35..1.35 rows=35 width=109) (actual time=0.015..0.016 rows=35 loops=1)
                                                              Buckets: 1024  Batches: 1  Memory Usage: 13kB
                                                              ->  Seq Scan on reason  (cost=0.00..1.35 rows=35 width=109) (actual time=0.005..0.008 rows=35 loops=1)
                                                  ->  Index Scan using pk_customer_demographics on customer_demographics cd1  (cost=0.43..0.87 rows=1 width=31) (actual time=0.003..0.003 rows=0 loops=18744)
                                                        Index Cond: (cd_demo_sk = web_returns.wr_refunded_cdemo_sk)
                                                        Filter: (((cd_marital_status = 'D'::bpchar) AND (cd_education_status = 'Primary'::bpchar)) OR ((cd_marital_status = 'W'::bpchar) AND (cd_education_status = '2 yr Degree'::bpchar)) OR ((cd_marital_status = 'U'::bpchar) AND (cd_education_status = '4 yr Degree'::bpchar)))
                                                        Rows Removed by Filter: 1
                                            ->  Index Scan using pk_customer_demographics on customer_demographics cd2  (cost=0.43..0.85 rows=1 width=31) (actual time=0.001..0.001 rows=1 loops=1662)
                                                  Index Cond: (cd_demo_sk = web_returns.wr_returning_cdemo_sk)
                                      ->  Index Scan using pk_web_sales on web_sales  (cost=0.42..0.93 rows=1 width=52) (actual time=0.004..0.004 rows=0 loops=1656)
                                            Index Cond: ((ws_item_sk = web_returns.wr_item_sk) AND (ws_order_number = web_returns.wr_order_number))
                                            Filter: ((((ws_sales_price >= '100'::double precision) AND (ws_sales_price <= '150'::double precision)) OR ((ws_sales_price >= '50'::double precision) AND (ws_sales_price <= '100'::double precision)) OR ((ws_sales_price >= '150'::double precision) AND (ws_sales_price <= '200'::double precision))) AND (((ws_net_profit >= '100'::double precision) AND (ws_net_profit <= '200'::double precision)) OR ((ws_net_profit >= '150'::double precision) AND (ws_net_profit <= '300'::double precision)) OR ((ws_net_profit >= '50'::double precision) AND (ws_net_profit <= '250'::double precision))))
                                            Rows Removed by Filter: 1
                                ->  Seq Scan on web_page  (cost=0.00..2.60 rows=60 width=8) (actual time=0.002..0.004 rows=38 loops=10)
                          ->  Index Scan using pk_date_dim on date_dim  (cost=0.29..0.36 rows=1 width=8) (actual time=0.004..0.004 rows=0 loops=10)
                                Index Cond: (d_date_sk = web_sales.ws_sold_date_sk)
                                Filter: (d_year = 1999)
                                Rows Removed by Filter: 1
        substr        |         avg         |  avg   |  avg  
----------------------+---------------------+--------+-------
 Did not like the war | 28.0000000000000000 | 429.48 | 15.33
 Package was damaged  | 34.0000000000000000 | 2091.5 | 58.99
 reason 25            |  5.0000000000000000 | 498.37 |  63.1
(3 rows)

UPDATE time_statistics SET e_time = TRANSACTION_TIMESTAMP() WHERE template = 'query85.tpl' AND stream = 8;
psql:/tmp/s1-basline/throughput/query_8.sql:3125: NOTICE:  duration: 0.080 ms  plan:
Query Text: UPDATE time_statistics SET e_time = TRANSACTION_TIMESTAMP() WHERE template = 'query85.tpl' AND stream = 8;
Update on time_statistics  (cost=0.00..15.28 rows=0 width=0) (actual time=0.079..0.080 rows=0 loops=1)
  ->  Seq Scan on time_statistics  (cost=0.00..15.28 rows=1 width=14) (actual time=0.028..0.065 rows=1 loops=1)
        Filter: ((template = 'query85.tpl'::text) AND (stream = 8))
        Rows Removed by Filter: 495
UPDATE 1
LOAD 'auto_explain'; SET auto_explain.log_min_duration TO 0; SET auto_explain.log_analyze TO on; SET auto_explain.log_level TO notice; INSERT INTO time_statistics (template, s_time, stream, query, seed) VALUES ('query9.tpl', TRANSACTION_TIMESTAMP(), 8, 62, 808630338);
LOAD
SET
SET
SET
psql:/tmp/s1-basline/throughput/query_8.sql:3126: NOTICE:  duration: 0.009 ms  plan:
Query Text: INSERT INTO time_statistics (template, s_time, stream, query, seed) VALUES ('query9.tpl', TRANSACTION_TIMESTAMP(), 8, 62, 808630338);
Insert on time_statistics  (cost=0.00..0.01 rows=0 width=0) (actual time=0.008..0.008 rows=0 loops=1)
  ->  Result  (cost=0.00..0.01 rows=1 width=64) (actual time=0.001..0.001 rows=1 loops=1)
INSERT 0 1
select case when (select count(*) 
                  from store_sales 
                  where ss_quantity between 1 and 20) > 12198
            then (select avg(ss_ext_list_price) 
                  from store_sales 
                  where ss_quantity between 1 and 20) 
            else (select avg(ss_net_paid)
                  from store_sales
                  where ss_quantity between 1 and 20) end bucket1 ,
       case when (select count(*)
                  from store_sales
                  where ss_quantity between 21 and 40) > 38380
            then (select avg(ss_ext_list_price)
                  from store_sales
                  where ss_quantity between 21 and 40) 
            else (select avg(ss_net_paid)
                  from store_sales
                  where ss_quantity between 21 and 40) end bucket2,
       case when (select count(*)
                  from store_sales
                  where ss_quantity between 41 and 60) > 23872
            then (select avg(ss_ext_list_price)
                  from store_sales
                  where ss_quantity between 41 and 60)
            else (select avg(ss_net_paid)
                  from store_sales
                  where ss_quantity between 41 and 60) end bucket3,
       case when (select count(*)
                  from store_sales
                  where ss_quantity between 61 and 80) > 13079
            then (select avg(ss_ext_list_price)
                  from store_sales
                  where ss_quantity between 61 and 80)
            else (select avg(ss_net_paid)
                  from store_sales
                  where ss_quantity between 61 and 80) end bucket4,
       case when (select count(*)
                  from store_sales
                  where ss_quantity between 81 and 100) > 35984
            then (select avg(ss_ext_list_price)
                  from store_sales
                  where ss_quantity between 81 and 100)
            else (select avg(ss_net_paid)
                  from store_sales
                  where ss_quantity between 81 and 100) end bucket5
from reason
where r_reason_sk = 1
;
psql:/tmp/s1-basline/throughput/query_8.sql:3174: NOTICE:  duration: 2259.610 ms  plan:
Query Text: select case when (select count(*) 
                  from store_sales 
                  where ss_quantity between 1 and 20) > 12198
            then (select avg(ss_ext_list_price) 
                  from store_sales 
                  where ss_quantity between 1 and 20) 
            else (select avg(ss_net_paid)
                  from store_sales
                  where ss_quantity between 1 and 20) end bucket1 ,
       case when (select count(*)
                  from store_sales
                  where ss_quantity between 21 and 40) > 38380
            then (select avg(ss_ext_list_price)
                  from store_sales
                  where ss_quantity between 21 and 40) 
            else (select avg(ss_net_paid)
                  from store_sales
                  where ss_quantity between 21 and 40) end bucket2,
       case when (select count(*)
                  from store_sales
                  where ss_quantity between 41 and 60) > 23872
            then (select avg(ss_ext_list_price)
                  from store_sales
                  where ss_quantity between 41 and 60)
            else (select avg(ss_net_paid)
                  from store_sales
                  where ss_quantity between 41 and 60) end bucket3,
       case when (select count(*)
                  from store_sales
                  where ss_quantity between 61 and 80) > 13079
            then (select avg(ss_ext_list_price)
                  from store_sales
                  where ss_quantity between 61 and 80)
            else (select avg(ss_net_paid)
                  from store_sales
                  where ss_quantity between 61 and 80) end bucket4,
       case when (select count(*)
                  from store_sales
                  where ss_quantity between 81 and 100) > 35984
            then (select avg(ss_ext_list_price)
                  from store_sales
                  where ss_quantity between 81 and 100)
            else (select avg(ss_net_paid)
                  from store_sales
                  where ss_quantity between 81 and 100) end bucket5
from reason
where r_reason_sk = 1
;
Seq Scan on reason  (cost=1396441.12..1396442.57 rows=1 width=40) (actual time=2187.268..2259.600 rows=1 loops=1)
  Filter: (r_reason_sk = 1)
  Rows Removed by Filter: 34
  InitPlan 1 (returns $1)
    ->  Finalize Aggregate  (cost=93101.92..93101.93 rows=1 width=8) (actual time=208.120..208.241 rows=1 loops=1)
          ->  Gather  (cost=93101.71..93101.92 rows=2 width=8) (actual time=208.014..208.235 rows=3 loops=1)
                Workers Planned: 2
                Workers Launched: 2
                ->  Partial Aggregate  (cost=92101.71..92101.72 rows=1 width=8) (actual time=204.214..204.215 rows=1 loops=3)
                      ->  Parallel Seq Scan on store_sales  (cost=0.00..91521.67 rows=232016 width=0) (actual time=0.020..196.603 rows=181071 loops=3)
                            Filter: ((ss_quantity >= 1) AND (ss_quantity <= 20))
                            Rows Removed by Filter: 767079
  InitPlan 2 (returns $3)
    ->  Finalize Aggregate  (cost=93101.93..93101.94 rows=1 width=8) (actual time=229.595..229.659 rows=1 loops=1)
          ->  Gather  (cost=93101.71..93101.92 rows=2 width=32) (actual time=229.497..229.652 rows=3 loops=1)
                Workers Planned: 2
                Workers Launched: 2
                ->  Partial Aggregate  (cost=92101.71..92101.72 rows=1 width=32) (actual time=225.406..225.407 rows=1 loops=3)
                      ->  Parallel Seq Scan on store_sales store_sales_1  (cost=0.00..91521.67 rows=232016 width=8) (actual time=0.020..207.249 rows=181071 loops=3)
                            Filter: ((ss_quantity >= 1) AND (ss_quantity <= 20))
                            Rows Removed by Filter: 767079
  InitPlan 3 (returns $5)
    ->  Finalize Aggregate  (cost=93101.93..93101.94 rows=1 width=8) (never executed)
          ->  Gather  (cost=93101.71..93101.92 rows=2 width=32) (never executed)
                Workers Planned: 2
                Workers Launched: 0
                ->  Partial Aggregate  (cost=92101.71..92101.72 rows=1 width=32) (never executed)
                      ->  Parallel Seq Scan on store_sales store_sales_2  (cost=0.00..91521.67 rows=232016 width=8) (never executed)
                            Filter: ((ss_quantity >= 1) AND (ss_quantity <= 20))
  InitPlan 4 (returns $7)
    ->  Finalize Aggregate  (cost=93108.65..93108.66 rows=1 width=8) (actual time=210.191..210.252 rows=1 loops=1)
          ->  Gather  (cost=93108.43..93108.64 rows=2 width=8) (actual time=210.093..210.246 rows=3 loops=1)
                Workers Planned: 2
                Workers Launched: 2
                ->  Partial Aggregate  (cost=92108.43..92108.44 rows=1 width=8) (actual time=205.950..205.951 rows=1 loops=3)
                      ->  Parallel Seq Scan on store_sales store_sales_3  (cost=0.00..91521.67 rows=234706 width=0) (actual time=0.019..198.161 rows=181248 loops=3)
                            Filter: ((ss_quantity >= 21) AND (ss_quantity <= 40))
                            Rows Removed by Filter: 766902
  InitPlan 5 (returns $9)
    ->  Finalize Aggregate  (cost=93108.65..93108.66 rows=1 width=8) (actual time=229.540..229.601 rows=1 loops=1)
          ->  Gather  (cost=93108.43..93108.64 rows=2 width=32) (actual time=229.443..229.593 rows=3 loops=1)
                Workers Planned: 2
                Workers Launched: 2
                ->  Partial Aggregate  (cost=92108.43..92108.44 rows=1 width=32) (actual time=225.110..225.112 rows=1 loops=3)
                      ->  Parallel Seq Scan on store_sales store_sales_4  (cost=0.00..91521.67 rows=234706 width=8) (actual time=0.019..207.066 rows=181248 loops=3)
                            Filter: ((ss_quantity >= 21) AND (ss_quantity <= 40))
                            Rows Removed by Filter: 766902
  InitPlan 6 (returns $11)
    ->  Finalize Aggregate  (cost=93108.65..93108.66 rows=1 width=8) (never executed)
          ->  Gather  (cost=93108.43..93108.64 rows=2 width=32) (never executed)
                Workers Planned: 2
                Workers Launched: 0
                ->  Partial Aggregate  (cost=92108.43..92108.44 rows=1 width=32) (never executed)
                      ->  Parallel Seq Scan on store_sales store_sales_5  (cost=0.00..91521.67 rows=234706 width=8) (never executed)
                            Filter: ((ss_quantity >= 21) AND (ss_quantity <= 40))
  InitPlan 7 (returns $13)
    ->  Finalize Aggregate  (cost=93095.70..93095.71 rows=1 width=8) (actual time=210.375..210.439 rows=1 loops=1)
          ->  Gather  (cost=93095.49..93095.70 rows=2 width=8) (actual time=210.267..210.433 rows=3 loops=1)
                Workers Planned: 2
                Workers Launched: 2
                ->  Partial Aggregate  (cost=92095.49..92095.50 rows=1 width=8) (actual time=206.337..206.338 rows=1 loops=3)
                      ->  Parallel Seq Scan on store_sales store_sales_6  (cost=0.00..91521.67 rows=229527 width=0) (actual time=0.018..198.690 rows=181324 loops=3)
                            Filter: ((ss_quantity >= 41) AND (ss_quantity <= 60))
                            Rows Removed by Filter: 766826
  InitPlan 8 (returns $15)
    ->  Finalize Aggregate  (cost=93095.70..93095.71 rows=1 width=8) (actual time=231.339..231.398 rows=1 loops=1)
          ->  Gather  (cost=93095.49..93095.70 rows=2 width=32) (actual time=231.245..231.390 rows=3 loops=1)
                Workers Planned: 2
                Workers Launched: 2
                ->  Partial Aggregate  (cost=92095.49..92095.50 rows=1 width=32) (actual time=227.002..227.003 rows=1 loops=3)
                      ->  Parallel Seq Scan on store_sales store_sales_7  (cost=0.00..91521.67 rows=229527 width=8) (actual time=0.020..208.840 rows=181324 loops=3)
                            Filter: ((ss_quantity >= 41) AND (ss_quantity <= 60))
                            Rows Removed by Filter: 766826
  InitPlan 9 (returns $17)
    ->  Finalize Aggregate  (cost=93095.70..93095.71 rows=1 width=8) (never executed)
          ->  Gather  (cost=93095.49..93095.70 rows=2 width=32) (never executed)
                Workers Planned: 2
                Workers Launched: 0
                ->  Partial Aggregate  (cost=92095.49..92095.50 rows=1 width=32) (never executed)
                      ->  Parallel Seq Scan on store_sales store_sales_8  (cost=0.00..91521.67 rows=229527 width=8) (never executed)
                            Filter: ((ss_quantity >= 41) AND (ss_quantity <= 60))
  InitPlan 10 (returns $19)
    ->  Finalize Aggregate  (cost=93076.63..93076.64 rows=1 width=8) (actual time=209.352..209.419 rows=1 loops=1)
          ->  Gather  (cost=93076.42..93076.63 rows=2 width=8) (actual time=209.253..209.413 rows=3 loops=1)
                Workers Planned: 2
                Workers Launched: 2
                ->  Partial Aggregate  (cost=92076.42..92076.43 rows=1 width=8) (actual time=205.152..205.154 rows=1 loops=3)
                      ->  Parallel Seq Scan on store_sales store_sales_9  (cost=0.00..91521.67 rows=221899 width=0) (actual time=0.018..197.459 rows=180825 loops=3)
                            Filter: ((ss_quantity >= 61) AND (ss_quantity <= 80))
                            Rows Removed by Filter: 767325
  InitPlan 11 (returns $21)
    ->  Finalize Aggregate  (cost=93076.63..93076.64 rows=1 width=8) (actual time=229.604..229.661 rows=1 loops=1)
          ->  Gather  (cost=93076.42..93076.63 rows=2 width=32) (actual time=229.502..229.653 rows=3 loops=1)
                Workers Planned: 2
                Workers Launched: 2
                ->  Partial Aggregate  (cost=92076.42..92076.43 rows=1 width=32) (actual time=225.364..225.365 rows=1 loops=3)
                      ->  Parallel Seq Scan on store_sales store_sales_10  (cost=0.00..91521.67 rows=221899 width=8) (actual time=0.019..207.315 rows=180825 loops=3)
                            Filter: ((ss_quantity >= 61) AND (ss_quantity <= 80))
                            Rows Removed by Filter: 767325
  InitPlan 12 (returns $23)
    ->  Finalize Aggregate  (cost=93076.63..93076.64 rows=1 width=8) (never executed)
          ->  Gather  (cost=93076.42..93076.63 rows=2 width=32) (never executed)
                Workers Planned: 2
                Workers Launched: 0
                ->  Partial Aggregate  (cost=92076.42..92076.43 rows=1 width=32) (never executed)
                      ->  Parallel Seq Scan on store_sales store_sales_11  (cost=0.00..91521.67 rows=221899 width=8) (never executed)
                            Filter: ((ss_quantity >= 61) AND (ss_quantity <= 80))
  InitPlan 13 (returns $25)
    ->  Finalize Aggregate  (cost=93097.41..93097.42 rows=1 width=8) (actual time=204.618..204.676 rows=1 loops=1)
          ->  Gather  (cost=93097.19..93097.40 rows=2 width=8) (actual time=204.519..204.670 rows=3 loops=1)
                Workers Planned: 2
                Workers Launched: 2
                ->  Partial Aggregate  (cost=92097.19..92097.20 rows=1 width=8) (actual time=200.263..200.264 rows=1 loops=3)
                      ->  Parallel Seq Scan on store_sales store_sales_12  (cost=0.00..91521.67 rows=230210 width=0) (actual time=0.019..192.632 rows=180785 loops=3)
                            Filter: ((ss_quantity >= 81) AND (ss_quantity <= 100))
                            Rows Removed by Filter: 767365
  InitPlan 14 (returns $27)
    ->  Finalize Aggregate  (cost=93097.41..93097.42 rows=1 width=8) (actual time=224.510..296.219 rows=1 loops=1)
          ->  Gather  (cost=93097.19..93097.40 rows=2 width=32) (actual time=224.405..296.213 rows=3 loops=1)
                Workers Planned: 2
                Workers Launched: 2
                ->  Partial Aggregate  (cost=92097.19..92097.20 rows=1 width=32) (actual time=220.140..220.141 rows=1 loops=3)
                      ->  Parallel Seq Scan on store_sales store_sales_13  (cost=0.00..91521.67 rows=230210 width=8) (actual time=0.019..202.168 rows=180785 loops=3)
                            Filter: ((ss_quantity >= 81) AND (ss_quantity <= 100))
                            Rows Removed by Filter: 767365
  InitPlan 15 (returns $29)
    ->  Finalize Aggregate  (cost=93097.41..93097.42 rows=1 width=8) (never executed)
          ->  Gather  (cost=93097.19..93097.40 rows=2 width=32) (never executed)
                Workers Planned: 2
                Workers Launched: 0
                ->  Partial Aggregate  (cost=92097.19..92097.20 rows=1 width=32) (never executed)
                      ->  Parallel Seq Scan on store_sales store_sales_14  (cost=0.00..91521.67 rows=230210 width=8) (never executed)
                            Filter: ((ss_quantity >= 81) AND (ss_quantity <= 100))
      bucket1      |      bucket2       |      bucket3       |      bucket4      |      bucket5      
-------------------+--------------------+--------------------+-------------------+-------------------
 791.6210995840323 | 2299.9886657200877 | 3808.6835129766873 | 5325.834525370726 | 6826.924943665968
(1 row)

UPDATE time_statistics SET e_time = TRANSACTION_TIMESTAMP() WHERE template = 'query9.tpl' AND stream = 8;
psql:/tmp/s1-basline/throughput/query_8.sql:3176: NOTICE:  duration: 0.075 ms  plan:
Query Text: UPDATE time_statistics SET e_time = TRANSACTION_TIMESTAMP() WHERE template = 'query9.tpl' AND stream = 8;
Update on time_statistics  (cost=0.00..15.28 rows=0 width=0) (actual time=0.074..0.075 rows=0 loops=1)
  ->  Seq Scan on time_statistics  (cost=0.00..15.28 rows=1 width=14) (actual time=0.027..0.060 rows=1 loops=1)
        Filter: ((template = 'query9.tpl'::text) AND (stream = 8))
        Rows Removed by Filter: 496
UPDATE 1
LOAD 'auto_explain'; SET auto_explain.log_min_duration TO 0; SET auto_explain.log_analyze TO on; SET auto_explain.log_level TO notice; INSERT INTO time_statistics (template, s_time, stream, query, seed) VALUES ('../query_postgresql/query32.tpl', TRANSACTION_TIMESTAMP(), 8, 63, 174308285);
LOAD
SET
SET
SET
psql:/tmp/s1-basline/throughput/query_8.sql:3177: NOTICE:  duration: 0.008 ms  plan:
Query Text: INSERT INTO time_statistics (template, s_time, stream, query, seed) VALUES ('../query_postgresql/query32.tpl', TRANSACTION_TIMESTAMP(), 8, 63, 174308285);
Insert on time_statistics  (cost=0.00..0.01 rows=0 width=0) (actual time=0.008..0.008 rows=0 loops=1)
  ->  Result  (cost=0.00..0.01 rows=1 width=64) (actual time=0.001..0.001 rows=1 loops=1)
INSERT 0 1
select  sum(cs_ext_discount_amt)  as "excess discount amount" 
from 
   catalog_sales 
   ,item 
   ,date_dim
where
i_manufact_id = 286
and i_item_sk = cs_item_sk 
and d_date between '1998-01-12' and 
        (cast('1998-01-12' as date) + interval '90 days')
and d_date_sk = cs_sold_date_sk 
and cs_ext_discount_amt  
     > ( 
         select 
            1.3 * avg(cs_ext_discount_amt) 
         from 
            catalog_sales 
           ,date_dim
         where 
              cs_item_sk = i_item_sk 
          and d_date between '1998-01-12' and
                             (cast('1998-01-12' as date) + interval '90 days')
          and d_date_sk = cs_sold_date_sk 
      ) 
limit 100;
psql:/tmp/s1-basline/throughput/query_8.sql:3202: NOTICE:  duration: 27.657 ms  plan:
Query Text: select  sum(cs_ext_discount_amt)  as "excess discount amount" 
from 
   catalog_sales 
   ,item 
   ,date_dim
where
i_manufact_id = 286
and i_item_sk = cs_item_sk 
and d_date between '1998-01-12' and 
        (cast('1998-01-12' as date) + interval '90 days')
and d_date_sk = cs_sold_date_sk 
and cs_ext_discount_amt  
     > ( 
         select 
            1.3 * avg(cs_ext_discount_amt) 
         from 
            catalog_sales 
           ,date_dim
         where 
              cs_item_sk = i_item_sk 
          and d_date between '1998-01-12' and
                             (cast('1998-01-12' as date) + interval '90 days')
          and d_date_sk = cs_sold_date_sk 
      ) 
limit 100;
Limit  (cost=6465.80..6465.81 rows=1 width=8) (actual time=27.649..27.652 rows=1 loops=1)
  ->  Aggregate  (cost=6465.80..6465.81 rows=1 width=8) (actual time=27.648..27.650 rows=1 loops=1)
        ->  Hash Join  (cost=1481.92..6465.79 rows=1 width=8) (actual time=11.074..27.647 rows=15 loops=1)
              Hash Cond: (catalog_sales.cs_item_sk = item.i_item_sk)
              Join Filter: (catalog_sales.cs_ext_discount_amt > (SubPlan 1))
              Rows Removed by Join Filter: 37
              ->  Nested Loop  (cost=0.72..4979.95 rows=1770 width=16) (actual time=0.019..14.891 rows=41030 loops=1)
                    ->  Index Scan using i_d_date on date_dim  (cost=0.29..5.29 rows=90 width=8) (actual time=0.010..0.024 rows=91 loops=1)
                          Index Cond: ((d_date >= '1998-01-12'::date) AND (d_date <= '1998-04-12 00:00:00'::timestamp without time zone))
                    ->  Index Scan using i_cs_sold_date_sk on catalog_sales  (cost=0.43..47.42 rows=785 width=24) (actual time=0.003..0.075 rows=451 loops=91)
                          Index Cond: (cs_sold_date_sk = date_dim.d_date_sk)
              ->  Hash  (cost=1481.00..1481.00 rows=16 width=8) (actual time=6.675..6.675 rows=22 loops=1)
                    Buckets: 1024  Batches: 1  Memory Usage: 9kB
                    ->  Seq Scan on item  (cost=0.00..1481.00 rows=16 width=8) (actual time=0.070..6.670 rows=22 loops=1)
                          Filter: (i_manufact_id = 286)
                          Rows Removed by Filter: 17978
              SubPlan 1
                ->  Aggregate  (cost=106.52..106.53 rows=1 width=8) (actual time=0.067..0.067 rows=1 loops=52)
                      ->  Hash Join  (cost=6.84..106.51 rows=1 width=8) (actual time=0.006..0.066 rows=5 loops=52)
                            Hash Cond: (catalog_sales_1.cs_sold_date_sk = date_dim_1.d_date_sk)
                            ->  Index Scan using pk_catalog_sales on catalog_sales catalog_sales_1  (cost=0.43..99.86 rows=88 width=16) (actual time=0.004..0.056 rows=103 loops=52)
                                  Index Cond: (cs_item_sk = item.i_item_sk)
                            ->  Hash  (cost=5.29..5.29 rows=90 width=8) (actual time=0.030..0.030 rows=91 loops=1)
                                  Buckets: 1024  Batches: 1  Memory Usage: 12kB
                                  ->  Index Scan using i_d_date on date_dim date_dim_1  (cost=0.29..5.29 rows=90 width=8) (actual time=0.005..0.020 rows=91 loops=1)
                                        Index Cond: ((d_date >= '1998-01-12'::date) AND (d_date <= '1998-04-12 00:00:00'::timestamp without time zone))
 excess discount amount 
------------------------
               66374.98
(1 row)

UPDATE time_statistics SET e_time = TRANSACTION_TIMESTAMP() WHERE template = '../query_postgresql/query32.tpl' AND stream = 8;
psql:/tmp/s1-basline/throughput/query_8.sql:3204: NOTICE:  duration: 0.076 ms  plan:
Query Text: UPDATE time_statistics SET e_time = TRANSACTION_TIMESTAMP() WHERE template = '../query_postgresql/query32.tpl' AND stream = 8;
Update on time_statistics  (cost=0.00..15.28 rows=0 width=0) (actual time=0.075..0.075 rows=0 loops=1)
  ->  Seq Scan on time_statistics  (cost=0.00..15.28 rows=1 width=14) (actual time=0.027..0.061 rows=1 loops=1)
        Filter: ((template = '../query_postgresql/query32.tpl'::text) AND (stream = 8))
        Rows Removed by Filter: 497
UPDATE 1
LOAD 'auto_explain'; SET auto_explain.log_min_duration TO 0; SET auto_explain.log_analyze TO on; SET auto_explain.log_level TO notice; INSERT INTO time_statistics (template, s_time, stream, query, seed) VALUES ('query34.tpl', TRANSACTION_TIMESTAMP(), 8, 64, 1955499031);
LOAD
SET
SET
SET
psql:/tmp/s1-basline/throughput/query_8.sql:3205: NOTICE:  duration: 0.011 ms  plan:
Query Text: INSERT INTO time_statistics (template, s_time, stream, query, seed) VALUES ('query34.tpl', TRANSACTION_TIMESTAMP(), 8, 64, 1955499031);
Insert on time_statistics  (cost=0.00..0.01 rows=0 width=0) (actual time=0.011..0.011 rows=0 loops=1)
  ->  Result  (cost=0.00..0.01 rows=1 width=64) (actual time=0.001..0.002 rows=1 loops=1)
INSERT 0 1
select c_last_name
       ,c_first_name
       ,c_salutation
       ,c_preferred_cust_flag
       ,ss_ticket_number
       ,cnt from
   (select ss_ticket_number
          ,ss_customer_sk
          ,count(*) cnt
    from store_sales,date_dim,store,household_demographics
    where store_sales.ss_sold_date_sk = date_dim.d_date_sk
    and store_sales.ss_store_sk = store.s_store_sk  
    and store_sales.ss_hdemo_sk = household_demographics.hd_demo_sk
    and (date_dim.d_dom between 1 and 3 or date_dim.d_dom between 25 and 28)
    and (household_demographics.hd_buy_potential = '>10000' or
         household_demographics.hd_buy_potential = '5001-10000')
    and household_demographics.hd_vehicle_count > 0
    and (case when household_demographics.hd_vehicle_count > 0 
	then household_demographics.hd_dep_count/ household_demographics.hd_vehicle_count 
	else null 
	end)  > 1.2
    and date_dim.d_year in (1998,1998+1,1998+2)
    and store.s_county in ('Williamson County','Williamson County','Williamson County','Williamson County',
                           'Williamson County','Williamson County','Williamson County','Williamson County')
    group by ss_ticket_number,ss_customer_sk) dn,customer
    where ss_customer_sk = c_customer_sk
      and cnt between 15 and 20
    order by c_last_name,c_first_name,c_salutation,c_preferred_cust_flag desc, ss_ticket_number;
psql:/tmp/s1-basline/throughput/query_8.sql:3233: NOTICE:  duration: 378.150 ms  plan:
Query Text: select c_last_name
       ,c_first_name
       ,c_salutation
       ,c_preferred_cust_flag
       ,ss_ticket_number
       ,cnt from
   (select ss_ticket_number
          ,ss_customer_sk
          ,count(*) cnt
    from store_sales,date_dim,store,household_demographics
    where store_sales.ss_sold_date_sk = date_dim.d_date_sk
    and store_sales.ss_store_sk = store.s_store_sk  
    and store_sales.ss_hdemo_sk = household_demographics.hd_demo_sk
    and (date_dim.d_dom between 1 and 3 or date_dim.d_dom between 25 and 28)
    and (household_demographics.hd_buy_potential = '>10000' or
         household_demographics.hd_buy_potential = '5001-10000')
    and household_demographics.hd_vehicle_count > 0
    and (case when household_demographics.hd_vehicle_count > 0 
	then household_demographics.hd_dep_count/ household_demographics.hd_vehicle_count 
	else null 
	end)  > 1.2
    and date_dim.d_year in (1998,1998+1,1998+2)
    and store.s_county in ('Williamson County','Williamson County','Williamson County','Williamson County',
                           'Williamson County','Williamson County','Williamson County','Williamson County')
    group by ss_ticket_number,ss_customer_sk) dn,customer
    where ss_customer_sk = c_customer_sk
      and cnt between 15 and 20
    order by c_last_name,c_first_name,c_salutation,c_preferred_cust_flag desc, ss_ticket_number;
Sort  (cost=92697.92..92698.07 rows=61 width=81) (actual time=308.416..377.999 rows=332 loops=1)
  Sort Key: customer.c_last_name, customer.c_first_name, customer.c_salutation, customer.c_preferred_cust_flag DESC, store_sales.ss_ticket_number
  Sort Method: quicksort  Memory: 65kB
  ->  Nested Loop  (cost=92479.84..92696.11 rows=61 width=81) (actual time=303.471..377.574 rows=332 loops=1)
        ->  Finalize GroupAggregate  (cost=92479.55..92548.99 rows=61 width=24) (actual time=303.458..376.570 rows=332 loops=1)
              Group Key: store_sales.ss_ticket_number, store_sales.ss_customer_sk
              Filter: ((count(*) >= 15) AND (count(*) <= 20))
              Rows Removed by Filter: 3522
              ->  Gather Merge  (cost=92479.55..92537.24 rows=460 width=24) (actual time=303.449..375.743 rows=3877 loops=1)
                    Workers Planned: 2
                    Workers Launched: 2
                    ->  Partial GroupAggregate  (cost=91479.52..91484.12 rows=230 width=24) (actual time=298.288..300.091 rows=1292 loops=3)
                          Group Key: store_sales.ss_ticket_number, store_sales.ss_customer_sk
                          ->  Sort  (cost=91479.52..91480.10 rows=230 width=16) (actual time=298.280..298.774 rows=13247 loops=3)
                                Sort Key: store_sales.ss_ticket_number, store_sales.ss_customer_sk
                                Sort Method: quicksort  Memory: 1675kB
                                Worker 0:  Sort Method: quicksort  Memory: 1028kB
                                Worker 1:  Sort Method: quicksort  Memory: 1005kB
                                ->  Hash Join  (cost=265.81..91470.50 rows=230 width=16) (actual time=2.180..295.648 rows=13247 loops=3)
                                      Hash Cond: (store_sales.ss_store_sk = store.s_store_sk)
                                      ->  Nested Loop  (cost=264.42..91468.26 rows=242 width=24) (actual time=2.107..293.454 rows=13412 loops=3)
                                            ->  Hash Join  (cost=264.11..88927.00 rows=77987 width=32) (actual time=1.604..263.240 rows=100147 loops=3)
                                                  Hash Cond: (store_sales.ss_hdemo_sk = household_demographics.hd_demo_sk)
                                                  ->  Parallel Seq Scan on store_sales  (cost=0.00..85499.45 rows=1204445 width=40) (actual time=0.017..128.425 rows=948150 loops=3)
                                                  ->  Hash  (cost=258.00..258.00 rows=489 width=8) (actual time=1.540..1.542 rows=800 loops=3)
                                                        Buckets: 1024  Batches: 1  Memory Usage: 40kB
                                                        ->  Seq Scan on household_demographics  (cost=0.00..258.00 rows=489 width=8) (actual time=0.255..1.440 rows=800 loops=3)
                                                              Filter: ((hd_vehicle_count > 0) AND ((hd_buy_potential = '>10000'::bpchar) OR (hd_buy_potential = '5001-10000'::bpchar)) AND ((CASE WHEN (hd_vehicle_count > 0) THEN (hd_dep_count / hd_vehicle_count) ELSE NULL::integer END)::numeric > 1.2))
                                                              Rows Removed by Filter: 6400
                                            ->  Memoize  (cost=0.30..0.33 rows=1 width=8) (actual time=0.000..0.000 rows=0 loops=300440)
                                                  Cache Key: store_sales.ss_sold_date_sk
                                                  Cache Mode: logical
                                                  Hits: 127451  Misses: 1772  Evictions: 0  Overflows: 0  Memory Usage: 135kB
                                                  Worker 0:  Hits: 84290  Misses: 1709  Evictions: 0  Overflows: 0  Memory Usage: 130kB
                                                  Worker 1:  Hits: 83504  Misses: 1714  Evictions: 0  Overflows: 0  Memory Usage: 130kB
                                                  ->  Index Scan using pk_date_dim on date_dim  (cost=0.29..0.32 rows=1 width=8) (actual time=0.002..0.002 rows=0 loops=5195)
                                                        Index Cond: (d_date_sk = store_sales.ss_sold_date_sk)
                                                        Filter: ((d_year = ANY ('{1998,1999,2000}'::integer[])) AND (((d_dom >= 1) AND (d_dom <= 3)) OR ((d_dom >= 25) AND (d_dom <= 28))))
                                                        Rows Removed by Filter: 1
                                      ->  Hash  (cost=1.24..1.24 rows=12 width=8) (actual time=0.040..0.041 rows=12 loops=3)
                                            Buckets: 1024  Batches: 1  Memory Usage: 9kB
                                            ->  Seq Scan on store  (cost=0.00..1.24 rows=12 width=8) (actual time=0.032..0.036 rows=12 loops=3)
                                                  Filter: ((s_county)::text = ANY ('{"Williamson County","Williamson County","Williamson County","Williamson County","Williamson County","Williamson County","Williamson County","Williamson County"}'::text[]))
        ->  Index Scan using pk_customer on customer  (cost=0.29..2.40 rows=1 width=73) (actual time=0.003..0.003 rows=1 loops=332)
              Index Cond: (c_customer_sk = store_sales.ss_customer_sk)
          c_last_name           |     c_first_name     | c_salutation | c_preferred_cust_flag | ss_ticket_number | cnt 
--------------------------------+----------------------+--------------+-----------------------+------------------+-----
 Abney                          | Erma                 | Miss         | Y                     |            55729 |  16
 Adams                          | David                | Sir          | N                     |           228404 |  15
 Adams                          | Warren               | Sir          | N                     |           194778 |  16
 Alfred                         | Anne                 | Dr.          | Y                     |           113539 |  15
 Allen                          | Daniel               | Sir          | N                     |           192399 |  16
 Andersen                       | Michael              | Sir          | Y                     |           145639 |  15
 Anderson                       | Daniel               | Mr.          | Y                     |            85977 |  16
 Anderson                       | Joyce                | Miss         | Y                     |             4212 |  15
 Andrade                        | Marilyn              | Ms.          | N                     |            12245 |  15
 Ault                           | Gerald               | Mr.          | N                     |           239073 |  15
 Ayala                          |                      | Sir          | Y                     |             9370 |  15
 Babcock                        | Harold               | Mr.          | N                     |           158243 |  15
 Baker                          | Nelson               | Sir          | Y                     |           163080 |  15
 Baumgardner                    | Richard              |              |                       |            42252 |  15
 Beatty                         | Kira                 | Miss         | N                     |            39285 |  15
 Belcher                        | Bill                 | Dr.          | Y                     |           205189 |  15
 Bergstrom                      | Magdalena            | Ms.          | N                     |           103588 |  15
 Berlin                         | Anthony              | Miss         | N                     |           174757 |  16
 Bevins                         | Sandra               |              |                       |           195015 |  16
 Bishop                         |                      |              | Y                     |           209260 |  15
 Blair                          | John                 | Mr.          | Y                     |           196888 |  15
 Bland                          | Lillie               | Ms.          | N                     |            30850 |  15
 Blankenship                    | Anna                 | Mrs.         | N                     |              998 |  15
 Blodgett                       | Martha               | Dr.          | Y                     |              357 |  16
 Blum                           | John                 | Mr.          | N                     |            62574 |  15
 Boone                          | Danny                | Mr.          | N                     |           219462 |  15
 Bowman                         | Bertha               | Mrs.         | Y                     |             7440 |  15
 Boyd                           | Richard              | Mr.          | Y                     |            67442 |  16
 Braxton                        | Arleen               | Miss         | N                     |            51405 |  16
 Brewer                         | Christina            | Ms.          | N                     |            30282 |  15
 Bridges                        | Jennifer             | Miss         | N                     |            37489 |  15
 Briggs                         | Florence             | Ms.          | N                     |            69608 |  15
 Brown                          | Lisa                 |              |                       |            39154 |  15
 Brown                          | Margaret             | Dr.          | N                     |           161310 |  15
 Brown                          | Sheri                | Miss         | N                     |            11420 |  15
 Brunson                        | Jeremy               | Dr.          | N                     |           120310 |  15
 Bryant                         | Manuel               | Dr.          | N                     |           162938 |  15
 Buckley                        | Gloria               | Dr.          | Y                     |            55234 |  15
 Burr                           | Robert               | Dr.          | Y                     |           117728 |  15
 Burton                         | Wendy                | Miss         | N                     |            58580 |  15
 Byrd                           | Joshua               | Mr.          | N                     |           203339 |  16
 Cable                          | Rosella              | Dr.          | Y                     |            86397 |  16
 Call                           | John                 | Mr.          | N                     |           140367 |  15
 Calvin                         | Donald               | Dr.          | Y                     |            49261 |  15
 Campbell                       | James                | Dr.          | Y                     |           181686 |  15
 Campbell                       | Juanita              | Mrs.         | Y                     |            41477 |  15
 Campbell                       | Lorraine             | Dr.          | N                     |            30219 |  15
 Campbell                       | Rosalie              | Dr.          | Y                     |            65192 |  15
 Cantu                          | Peter                | Sir          | N                     |            90811 |  15
 Caro                           | Man                  | Sir          | N                     |           118473 |  15
 Casey                          | James                | Sir          | Y                     |            70183 |  15
 Castro                         | Ashley               | Miss         | Y                     |           154796 |  15
 Catron                         | Suzanne              | Mrs.         | Y                     |            13695 |  15
 Causey                         | Brenna               | Miss         | N                     |           101470 |  15
 Chapman                        | Joe                  | Dr.          | Y                     |            35502 |  15
 Chavez                         | Kesha                | Mrs.         | N                     |            62653 |  15
 Chen                           | Bernice              | Miss         | Y                     |           178647 |  16
 Childs                         | Allen                | Dr.          | Y                     |           129777 |  15
 Childs                         | Don                  | Sir          | Y                     |            44526 |  16
 Chow                           | Philip               | Dr.          | N                     |           187030 |  15
 Clark                          | Rocco                | Dr.          | Y                     |           190834 |  15
 Cline                          | Jessie               | Dr.          | N                     |           161954 |  16
 Cochran                        | Donnie               | Dr.          | N                     |           174055 |  15
 Coffin                         | Samuel               | Dr.          | N                     |           188364 |  15
 Cole                           | Lashonda             | Mrs.         | Y                     |           100216 |  15
 Coleman                        | Deborah              | Mrs.         | N                     |           231861 |  15
 Conn                           | Luise                | Mrs.         | Y                     |           133687 |  16
 Costello                       | Henry                | Dr.          | Y                     |            56458 |  15
 Cox                            | Lloyd                | Dr.          | N                     |            32747 |  15
 Crawford                       | Cathern              | Dr.          | Y                     |            97499 |  15
 Crook                          | Freddie              | Mr.          | Y                     |            10083 |  15
 Cummins                        | Betty                | Ms.          | N                     |           146367 |  15
 Dallas                         | Chester              | Dr.          | N                     |           128786 |  16
 Davis                          | George               | Sir          | Y                     |            57594 |  16
 Davis                          | Penny                | Miss         | N                     |           136958 |  15
 Dell                           | Howard               | Sir          | N                     |            72550 |  15
 Deyoung                        | Myrtle               | Miss         | Y                     |           166630 |  15
 Donaldson                      | Bryan                | Mr.          | Y                     |           139730 |  15
 Driscoll                       | Micheline            | Ms.          | N                     |           213261 |  16
 Drummond                       | Jonathan             | Dr.          | Y                     |            42787 |  15
 Dubois                         | Fernando             | Sir          | Y                     |           119233 |  15
 Duffy                          | Jared                | Dr.          | N                     |           206881 |  15
 Edwards                        | Noel                 | Dr.          | N                     |           112223 |  16
 Elliott                        | Sharon               | Ms.          | N                     |           229064 |  15
 Elliott                        | Tamera               | Mrs.         | N                     |            83243 |  16
 Ellison                        | Ellen                | Miss         | Y                     |            42487 |  15
 Ennis                          | John                 | Mr.          | Y                     |           129866 |  15
 Escobar                        | Tammy                | Ms.          | N                     |           114733 |  15
 Evans                          | Timothy              | Mr.          | N                     |           158640 |  15
 Fenner                         | Harry                | Mr.          | Y                     |           229346 |  15
 Figueroa                       | Carl                 | Sir          | Y                     |           192902 |  15
 Finch                          | Stephanie            | Miss         | Y                     |            29834 |  15
 Flynn                          | Manuel               | Dr.          | Y                     |           229642 |  15
 Foley                          | Paul                 | Sir          | N                     |            98509 |  16
 Fortenberry                    | Christopher          | Dr.          | Y                     |            41808 |  15
 Frost                          | Maricela             | Mrs.         | Y                     |            33336 |  16
 Fulkerson                      | Lawrence             | Sir          | Y                     |           227615 |  15
 Gaddis                         | Tricia               | Ms.          | N                     |             1306 |  15
 Gaines                         | Ruth                 | Mrs.         | Y                     |            52783 |  15
 Gallegos                       | Scottie              | Mr.          | N                     |            39387 |  15
 Garber                         | Brian                | Mr.          | N                     |           207420 |  15
 Garcia                         | Christina            |              | N                     |           215880 |  16
 Garcia                         | Richard              | Mr.          | N                     |           198336 |  16
 Gardner                        | Esther               | Ms.          | N                     |            76752 |  15
 Garrett                        | Timothy              | Sir          | N                     |            13000 |  15
 Gee                            | Richard              | Mr.          | N                     |           189763 |  15
 Gillespie                      | Nathan               | Dr.          | Y                     |            32967 |  16
 Goff                           | James                | Mr.          | Y                     |            45214 |  16
 Gragg                          | Griselda             | Ms.          | N                     |           152504 |  15
 Gray                           | John                 | Sir          | Y                     |           193491 |  15
 Gregory                        | Melinda              | Mrs.         | Y                     |           226448 |  15
 Guerra                         | Michael              | Dr.          | Y                     |           188599 |  15
 Guzman                         | Chang                | Dr.          | Y                     |            58342 |  16
 Hadley                         | Martin               | Mr.          | N                     |            59042 |  16
 Hall                           | Alan                 | Sir          | N                     |           228572 |  15
 Hall                           | Dorothy              | Mrs.         | N                     |           150437 |  15
 Hall                           | Martha               | Dr.          | Y                     |           134870 |  15
 Harman                         | Tim                  | Dr.          | N                     |            14871 |  15
 Harris                         | Albert               | Dr.          | Y                     |           181132 |  15
 Harris                         | Scott                | Mr.          | Y                     |              586 |  15
 Hart                           | Jason                | Mr.          | N                     |           120306 |  15
 Hatcher                        | Deborah              | Mrs.         | Y                     |            41727 |  15
 Hatfield                       | Gerald               | Sir          | N                     |            97748 |  15
 Hendrix                        | Anthony              | Dr.          | Y                     |           120128 |  16
 Hernandez                      | Mae                  | Miss         | Y                     |             5761 |  15
 Hester                         | Joshua               | Sir          | Y                     |           129363 |  16
 High                           | Ashleigh             | Dr.          | N                     |           102192 |  16
 Hill                           | Cory                 | Mr.          | N                     |           157015 |  16
 Hines                          | Dolores              | Dr.          | Y                     |           215957 |  15
 Hines                          | Eric                 | Sir          | Y                     |           212355 |  15
 Hoffman                        | Edda                 | Ms.          | Y                     |           126480 |  15
 Holguin                        | Theresa              | Mrs.         | N                     |            38972 |  15
 Horne                          | Melanie              | Ms.          | Y                     |            81700 |  16
 Horner                         | Oscar                | Dr.          | N                     |            38957 |  16
 Howard                         | April                | Dr.          | Y                     |           180414 |  15
 Hudson                         | John                 | Mr.          | Y                     |            20632 |  16
 Huffman                        | Susan                | Dr.          | N                     |           182025 |  15
 Hughes                         | Dorothy              | Miss         | Y                     |           207623 |  15
 Jackson                        | Nicole               | Miss         | Y                     |            54159 |  15
 James                          | Adrian               | Miss         | N                     |           124659 |  15
 James                          | Salvador             | Dr.          | Y                     |            95391 |  15
 Jeffers                        | Claire               | Ms.          | N                     |            12310 |  16
 Jenkins                        | Chad                 | Sir          | Y                     |            29769 |  16
 Jenkins                        | Ray                  | Mr.          | Y                     |           122768 |  15
 Jessup                         | Arthur               | Miss         | N                     |           168473 |  16
 John                           | Tony                 | Dr.          | Y                     |           229264 |  15
 Johnson                        | Pearlie              | Mrs.         | N                     |            51326 |  15
 Jones                          | Alan                 | Mr.          | N                     |           114404 |  15
 Jones                          | Donna                | Ms.          | Y                     |            64281 |  15
 Jones                          | Karl                 | Sir          | Y                     |            91642 |  16
 Jones                          | Warren               | Sir          | Y                     |            64428 |  15
 Jordan                         | Micheal              | Mr.          | N                     |            56844 |  15
 Justice                        | Tien                 | Dr.          | Y                     |           146672 |  15
 Keeler                         | Josh                 | Sir          | Y                     |            22785 |  15
 Keller                         | Calvin               | Dr.          | Y                     |             6601 |  15
 Kemp                           | Mark                 | Dr.          | Y                     |           132385 |  15
 Kennedy                        | Edward               | Sir          | N                     |            12057 |  16
 Kirby                          | Leonardo             | Sir          | Y                     |           128001 |  15
 Langdon                        | Humberto             | Mr.          | N                     |           125177 |  15
 Larsen                         | Sandra               | Dr.          | Y                     |           144973 |  15
 Leal                           | Helen                | Dr.          | N                     |            85008 |  16
 Leblanc                        | Nicholas             | Sir          | Y                     |            33249 |  15
 Leblanc                        | Veronica             | Miss         | N                     |           184183 |  15
 Lee                            | Crystal              | Ms.          | Y                     |           160558 |  15
 Lee                            | Melva                | Dr.          | Y                     |            77355 |  15
 Levin                          | Philip               | Sir          | Y                     |            98871 |  16
 Lim                            | Orville              | Mr.          | N                     |           121117 |  16
 Lott                           | Wendy                | Ms.          | N                     |           191118 |  16
 Love                           | Alexander            | Ms.          | N                     |            49917 |  15
 Lowe                           | Jonathan             | Mr.          | Y                     |            66515 |  15
 Lowery                         | Robert               | Dr.          | Y                     |           136138 |  15
 Malone                         | Thomas               | Sir          | N                     |           166235 |  15
 Manley                         | Lois                 | Ms.          | N                     |           227052 |  15
 Marler                         | Marcella             | Mrs.         | N                     |           184360 |  15
 Martinez                       | Candy                | Dr.          | N                     |            97915 |  15
 Martinez                       | Garrett              | Sir          | Y                     |           142253 |  15
 Mayes                          | Daniel               | Mr.          | N                     |           141541 |  15
 Mccormick                      | Warren               | Sir          | N                     |            94741 |  15
 Mcdonald                       | Ana                  | Ms.          | N                     |           105048 |  15
 Mcdonald                       | Dean                 | Sir          | Y                     |           194593 |  15
 Mcghee                         | Janice               | Mrs.         | N                     |            49864 |  16
 Mcguire                        | Aaron                | Mrs.         | N                     |            71495 |  16
 Mcguire                        | Julienne             | Dr.          | Y                     |            87765 |  16
 Mckinney                       | Marilyn              | Ms.          | Y                     |           170791 |  15
 Mclaughlin                     | Constance            | Dr.          | Y                     |           221706 |  15
 Medley                         | Frank                | Sir          | N                     |           218964 |  15
 Meeker                         | Jennifer             | Mrs.         | Y                     |           125219 |  15
 Mercado                        | Melvin               | Sir          | N                     |           133234 |  16
 Middleton                      | Trisha               | Ms.          | Y                     |           109524 |  15
 Milam                          | William              | Sir          | Y                     |           103601 |  15
 Miller                         | Julia                | Ms.          | Y                     |           183408 |  15
 Miller                         | Rita                 | Mrs.         | N                     |            38179 |  15
 Miller                         | Sarah                | Miss         | N                     |            97297 |  15
 Miller                         | Thomas               | Sir          | N                     |           233775 |  16
 Mims                           | Frank                | Sir          | Y                     |           183695 |  15
 Monroe                         | Laura                | Miss         | Y                     |            21243 |  15
 Montgomery                     | Karen                | Miss         | N                     |            42506 |  16
 Moon                           | Kristy               | Ms.          | N                     |           200106 |  15
 Moore                          | Donald               | Mr.          | N                     |           151261 |  15
 Moore                          | Mildred              | Ms.          | Y                     |            99692 |  16
 Moore                          | Noreen               | Ms.          | Y                     |            81127 |  15
 Morgan                         | Jeanette             | Ms.          | Y                     |           103945 |  15
 Morris                         | Candy                | Miss         | N                     |           121510 |  15
 Morris                         | Joshua               | Sir          | N                     |           231573 |  15
 Morrison                       | Ana                  | Dr.          | N                     |            99250 |  15
 Munoz                          | Natasha              | Ms.          | N                     |            66187 |  15
 Murphy                         | Elaine               | Ms.          | N                     |            65598 |  15
 Murphy                         | Ferdinand            | Sir          | Y                     |           124938 |  15
 Murray                         | Beatrice             | Ms.          | Y                     |           209150 |  16
 Myers                          | Diane                | Mrs.         | N                     |           160245 |  15
 Neely                          | Marissa              | Dr.          | N                     |           113362 |  15
 Nguyen                         | John                 | Mr.          | N                     |           176021 |  16
 Nichols                        | Justin               | Dr.          | Y                     |           181441 |  15
 Numbers                        | Bridget              | Miss         | Y                     |           124234 |  15
 Odell                          | Leroy                | Dr.          | N                     |           235398 |  15
 Oneill                         | Stephanie            | Dr.          | N                     |            43303 |  16
 Ortiz                          | Domingo              | Dr.          | N                     |            96842 |  16
 Overby                         | Emily                | Mrs.         | N                     |            53830 |  15
 Paige                          | Lorna                | Miss         | N                     |           162971 |  15
 Parker                         | Frank                | Dr.          | N                     |           107518 |  15
 Parrish                        | Kaitlin              | Mrs.         | N                     |            67607 |  15
 Patel                          | Lan                  | Miss         | Y                     |           221610 |  16
 Perez                          | Charles              | Sir          | N                     |           127807 |  16
 Perez                          | Rodney               | Dr.          | N                     |           159323 |  15
 Pettis                         | Tina                 | Ms.          | Y                     |           122430 |  16
 Pettit                         | Georgette            | Ms.          | N                     |           217704 |  15
 Phillips                       | Grace                | Miss         | N                     |           218095 |  15
 Phipps                         | James                | Dr.          | N                     |           133569 |  16
 Polanco                        | Gregory              | Dr.          | Y                     |            94478 |  15
 Porter                         | Deborah              | Dr.          | Y                     |           202032 |  15
 Powers                         | Taylor               | Sir          | Y                     |            37763 |  16
 Putnam                         | Rickie               | Dr.          | Y                     |            32228 |  15
 Raymond                        | Andrew               | Ms.          | Y                     |           131932 |  16
 Raymond                        | Nakesha              | Dr.          | Y                     |           213999 |  15
 Rey                            | Edward               | Dr.          | Y                     |           106288 |  15
 Ricker                         | Sandra               | Miss         | N                     |            10596 |  15
 Rivera                         | Jamel                | Sir          | N                     |           175935 |  15
 Roberts                        | Alexander            | Mrs.         | N                     |              839 |  15
 Roberts                        | James                | Sir          | Y                     |           221300 |  15
 Roberts                        | Michelle             | Miss         | N                     |           145909 |  16
 Roberts                        | Philip               | Mr.          | N                     |           152644 |  16
 Rodgers                        | Vonda                | Ms.          | N                     |           134946 |  16
 Rodriguez                      | Susie                | Miss         | N                     |           192984 |  15
 Roe                            | Robert               | Dr.          | Y                     |           124310 |  15
 Rogers                         | Nicholas             | Sir          | Y                     |           224152 |  16
 Roth                           | Bridgett             | Miss         | Y                     |            87961 |  15
 Roth                           | Lisa                 | Mrs.         | Y                     |           229151 |  16
 Rudd                           | Cynthia              | Mrs.         | N                     |           104440 |  15
 Ruffin                         | Shelia               | Dr.          | Y                     |            54846 |  15
 Russell                        | Lisa                 | Miss         | N                     |           181263 |  15
 Ryder                          | Helen                | Mrs.         | N                     |           109552 |  15
 Salas                          | Margaret             | Miss         | N                     |            52362 |  15
 Sanchez                        | William              | Mr.          | Y                     |            18573 |  16
 Sanford                        | Janet                | Mrs.         | N                     |            24340 |  15
 Sauer                          | Carey                | Dr.          | N                     |           154118 |  15
 Saxton                         | Mathew               | Mr.          | Y                     |           117481 |  15
 Schroeder                      |                      | Mrs.         |                       |           151328 |  15
 Scott                          | Kathleen             | Mrs.         | N                     |            42393 |  16
 Scott                          | Walter               | Mr.          | N                     |            59436 |  15
 Serrano                        | Shanta               | Dr.          | Y                     |           215729 |  15
 Shaw                           | Brenda               | Ms.          | N                     |           180506 |  16
 Shaw                           | Sarah                | Dr.          | N                     |            10069 |  15
 Shell                          | Gary                 | Mr.          | Y                     |           211484 |  15
 Sherrill                       | Blake                | Dr.          | N                     |           229634 |  15
 Shields                        | Richard              | Dr.          | N                     |           164918 |  15
 Smith                          | Danielle             |              | N                     |            64216 |  15
 Smith                          | Sharee               | Mrs.         | Y                     |           181270 |  15
 Snell                          | Ronald               | Mr.          | N                     |           111773 |  16
 Snyder                         | Ray                  | Sir          | Y                     |            49591 |  15
 Spain                          | Hellen               | Mrs.         | Y                     |            71163 |  15
 Spears                         | Veronica             | Mrs.         | N                     |           158151 |  15
 Stafford                       | Crystal              | Ms.          | N                     |            26517 |  15
 Staton                         | Nicole               | Miss         | Y                     |            87461 |  15
 Stokes                         | Aaron                | Ms.          | N                     |           109128 |  15
 Stone                          | Leonard              | Sir          | N                     |           203315 |  15
 Stone                          | Lorraine             | Mrs.         | N                     |           101271 |  16
 Suggs                          | Hope                 | Miss         | Y                     |           215010 |  15
 Switzer                        | Kevin                | Sir          | Y                     |           132141 |  15
 Sylvester                      | Susan                | Dr.          | Y                     |           167719 |  15
 Tapp                           | Derek                | Sir          | N                     |           130577 |  16
 Taylor                         | Betty                | Ms.          | N                     |           177584 |  15
 Taylor                         | James                | Sir          | Y                     |            87185 |  15
 Taylor                         |                      | Miss         | N                     |           188142 |  15
 Thacker                        |                      | Sir          |                       |            77533 |  15
 Thomason                       | Becky                | Miss         | Y                     |           195380 |  16
 Tillman                        | Vivian               | Ms.          | Y                     |            79676 |  15
 Tipton                         | Alanna               | Miss         | N                     |            64051 |  16
 Todd                           | Francis              | Dr.          | N                     |           199350 |  16
 Tovar                          | Luis                 | Sir          | Y                     |           205323 |  15
 Turner                         | Jacquelyn            | Mrs.         | Y                     |            29996 |  15
 Van                            | Joseph               | Sir          | Y                     |            81554 |  16
 Vang                           | Joseph               | Mr.          | N                     |           199954 |  15
 Vasquez                        | Stephen              | Mr.          | Y                     |           192716 |  16
 Villegas                       | Teresita             | Mrs.         | Y                     |           107624 |  16
 Vogel                          | Paul                 | Sir          | N                     |           204993 |  15
 Wade                           | Evelyn               | Miss         | Y                     |           129716 |  15
 Wallace                        | John                 | Sir          | N                     |             6202 |  15
 Washington                     | Peggy                | Ms.          | N                     |           120401 |  15
 Watson                         | Gary                 | Mr.          | N                     |           171865 |  16
 Webb                           | My                   | Dr.          | N                     |           110310 |  15
 Wesley                         | Tina                 | Ms.          | N                     |           134027 |  15
 Westmoreland                   | Craig                | Mr.          | Y                     |           209299 |  15
 Westmoreland                   | Sandra               | Mrs.         | N                     |           228651 |  15
 Wheeler                        | Betty                | Miss         | Y                     |           227561 |  15
 White                          | Evelyn               | Miss         | Y                     |           235108 |  15
 Whitfield                      | Harriett             | Dr.          | N                     |           222198 |  16
 Wiggins                        | Raymond              | Mr.          | Y                     |            41880 |  16
 Wilhelm                        | Carole               | Mrs.         | Y                     |           229126 |  15
 Williams                       | Adam                 | Miss         | N                     |           219848 |  15
 Williams                       | John                 | Mr.          | Y                     |           229190 |  15
 Williams                       | Ryan                 | Dr.          | Y                     |            88050 |  15
 Wilson                         | Cindy                | Dr.          | Y                     |           123490 |  15
 Wilson                         | Shawn                | Dr.          | N                     |           228791 |  15
 Wise                           | Ronnie               | Sir          | Y                     |           100856 |  16
 Wolf                           | Billy                | Sir          | N                     |           150640 |  15
 Yanez                          | Michael              | Dr.          | Y                     |           155891 |  15
 Yoder                          | Michael              | Mr.          | Y                     |            62700 |  15
 Young                          | Carolyn              | Dr.          | Y                     |            61927 |  15
 Young                          | Doris                | Ms.          | N                     |            75793 |  15
 Yu                             | Florence             | Ms.          | Y                     |            53361 |  15
                                | Douglas              |              | N                     |           169637 |  15
                                | Eleanor              |              | N                     |            90416 |  16
                                | James                | Sir          | Y                     |           175992 |  15
                                | Jeremy               |              |                       |             2224 |  15
                                | Joseph               | Dr.          |                       |            63776 |  15
                                | Larry                | Sir          |                       |            47676 |  15
                                | Robert               |              | N                     |            46379 |  15
                                | Taylor               | Sir          | N                     |           107354 |  16
                                |                      | Mr.          |                       |           221961 |  15
                                |                      | Ms.          |                       |             7100 |  15
                                |                      | Sir          | N                     |           171005 |  16
                                |                      |              |                       |           171307 |  15
(332 rows)

UPDATE time_statistics SET e_time = TRANSACTION_TIMESTAMP() WHERE template = 'query34.tpl' AND stream = 8;
psql:/tmp/s1-basline/throughput/query_8.sql:3235: NOTICE:  duration: 0.081 ms  plan:
Query Text: UPDATE time_statistics SET e_time = TRANSACTION_TIMESTAMP() WHERE template = 'query34.tpl' AND stream = 8;
Update on time_statistics  (cost=0.00..15.28 rows=0 width=0) (actual time=0.081..0.081 rows=0 loops=1)
  ->  Seq Scan on time_statistics  (cost=0.00..15.28 rows=1 width=14) (actual time=0.036..0.065 rows=1 loops=1)
        Filter: ((template = 'query34.tpl'::text) AND (stream = 8))
        Rows Removed by Filter: 498
UPDATE 1
LOAD 'auto_explain'; SET auto_explain.log_min_duration TO 0; SET auto_explain.log_analyze TO on; SET auto_explain.log_level TO notice; INSERT INTO time_statistics (template, s_time, stream, query, seed) VALUES ('query79.tpl', TRANSACTION_TIMESTAMP(), 8, 65, 796351938);
LOAD
SET
SET
SET
psql:/tmp/s1-basline/throughput/query_8.sql:3236: NOTICE:  duration: 0.009 ms  plan:
Query Text: INSERT INTO time_statistics (template, s_time, stream, query, seed) VALUES ('query79.tpl', TRANSACTION_TIMESTAMP(), 8, 65, 796351938);
Insert on time_statistics  (cost=0.00..0.01 rows=0 width=0) (actual time=0.009..0.009 rows=0 loops=1)
  ->  Result  (cost=0.00..0.01 rows=1 width=64) (actual time=0.001..0.002 rows=1 loops=1)
INSERT 0 1
select 
  c_last_name,c_first_name,substr(s_city,1,30),ss_ticket_number,amt,profit
  from
   (select ss_ticket_number
          ,ss_customer_sk
          ,store.s_city
          ,sum(ss_coupon_amt) amt
          ,sum(ss_net_profit) profit
    from store_sales,date_dim,store,household_demographics
    where store_sales.ss_sold_date_sk = date_dim.d_date_sk
    and store_sales.ss_store_sk = store.s_store_sk  
    and store_sales.ss_hdemo_sk = household_demographics.hd_demo_sk
    and (household_demographics.hd_dep_count = 8 or household_demographics.hd_vehicle_count > 2)
    and date_dim.d_dow = 1
    and date_dim.d_year in (1998,1998+1,1998+2) 
    and store.s_number_employees between 200 and 295
    group by ss_ticket_number,ss_customer_sk,ss_addr_sk,store.s_city) ms,customer
    where ss_customer_sk = c_customer_sk
 order by c_last_name,c_first_name,substr(s_city,1,30), profit
limit 100;
psql:/tmp/s1-basline/throughput/query_8.sql:3256: NOTICE:  duration: 225.300 ms  plan:
Query Text: select 
  c_last_name,c_first_name,substr(s_city,1,30),ss_ticket_number,amt,profit
  from
   (select ss_ticket_number
          ,ss_customer_sk
          ,store.s_city
          ,sum(ss_coupon_amt) amt
          ,sum(ss_net_profit) profit
    from store_sales,date_dim,store,household_demographics
    where store_sales.ss_sold_date_sk = date_dim.d_date_sk
    and store_sales.ss_store_sk = store.s_store_sk  
    and store_sales.ss_hdemo_sk = household_demographics.hd_demo_sk
    and (household_demographics.hd_dep_count = 8 or household_demographics.hd_vehicle_count > 2)
    and date_dim.d_dow = 1
    and date_dim.d_year in (1998,1998+1,1998+2) 
    and store.s_number_employees between 200 and 295
    group by ss_ticket_number,ss_customer_sk,ss_addr_sk,store.s_city) ms,customer
    where ss_customer_sk = c_customer_sk
 order by c_last_name,c_first_name,substr(s_city,1,30), profit
limit 100;
Limit  (cost=93439.71..93439.96 rows=100 width=108) (actual time=225.208..225.223 rows=100 loops=1)
  ->  Sort  (cost=93439.71..93445.04 rows=2131 width=108) (actual time=225.207..225.216 rows=100 loops=1)
        Sort Key: customer.c_last_name, customer.c_first_name, (substr((store.s_city)::text, 1, 30)), (sum(store_sales.ss_net_profit))
        Sort Method: top-N heapsort  Memory: 49kB
        ->  Nested Loop  (cost=90585.41..93358.27 rows=2131 width=108) (actual time=182.625..221.598 rows=8357 loops=1)
              ->  GroupAggregate  (cost=90585.12..90643.72 rows=2131 width=47) (actual time=182.610..204.377 rows=8920 loops=1)
                    Group Key: store_sales.ss_ticket_number, store_sales.ss_customer_sk, store_sales.ss_addr_sk, store.s_city
                    ->  Sort  (cost=90585.12..90590.44 rows=2131 width=47) (actual time=182.598..186.548 rows=89294 loops=1)
                          Sort Key: store_sales.ss_ticket_number, store_sales.ss_customer_sk, store_sales.ss_addr_sk, store.s_city
                          Sort Method: quicksort  Memory: 10956kB
                          ->  Hash Join  (cost=205.76..90467.30 rows=2131 width=47) (actual time=5.303..150.668 rows=89294 loops=1)
                                Hash Cond: (store_sales.ss_store_sk = store.s_store_sk)
                                ->  Hash Join  (cost=204.43..90458.12 rows=2235 width=48) (actual time=5.290..137.357 rows=90324 loops=1)
                                      Hash Cond: (store_sales.ss_hdemo_sk = household_demographics.hd_demo_sk)
                                      ->  Nested Loop  (cost=0.43..90238.73 rows=5860 width=56) (actual time=4.241..112.354 rows=231492 loops=1)
                                            ->  Seq Scan on date_dim  (cost=0.00..2592.05 rows=155 width=8) (actual time=4.230..9.188 rows=156 loops=1)
                                                  Filter: ((d_dow = 1) AND (d_year = ANY ('{1998,1999,2000}'::integer[])))
                                                  Rows Removed by Filter: 72893
                                            ->  Index Scan using i_ss_sold_date_sk on store_sales  (cost=0.43..550.31 rows=1515 width=64) (actual time=0.006..0.364 rows=1484 loops=156)
                                                  Index Cond: (ss_sold_date_sk = date_dim.d_date_sk)
                                      ->  Hash  (cost=168.00..168.00 rows=2880 width=8) (actual time=1.017..1.018 rows=2880 loops=1)
                                            Buckets: 4096  Batches: 1  Memory Usage: 145kB
                                            ->  Seq Scan on household_demographics  (cost=0.00..168.00 rows=2880 width=8) (actual time=0.091..0.726 rows=2880 loops=1)
                                                  Filter: ((hd_dep_count = 8) OR (hd_vehicle_count > 2))
                                                  Rows Removed by Filter: 4320
                                ->  Hash  (cost=1.18..1.18 rows=12 width=15) (actual time=0.010..0.011 rows=12 loops=1)
                                      Buckets: 1024  Batches: 1  Memory Usage: 9kB
                                      ->  Seq Scan on store  (cost=0.00..1.18 rows=12 width=15) (actual time=0.004..0.008 rows=12 loops=1)
                                            Filter: ((s_number_employees >= 200) AND (s_number_employees <= 295))
              ->  Index Scan using pk_customer on customer  (cost=0.29..1.26 rows=1 width=60) (actual time=0.001..0.001 rows=1 loops=8920)
                    Index Cond: (c_customer_sk = store_sales.ss_customer_sk)
          c_last_name           |     c_first_name     |  substr  | ss_ticket_number |        amt         |       profit        
--------------------------------+----------------------+----------+------------------+--------------------+---------------------
 Aaron                          | Robert               | Midway   |           182565 |            7814.03 | -12708.830000000002
 Abbott                         | Jennifer             | Midway   |            52018 |             102.72 |            -7887.05
 Abbott                         | Lucille              | Fairview |           217305 |            4018.89 |            -9692.62
 Abbott                         | Sandra               | Midway   |            49188 |            1058.09 | -18449.610000000004
 Abel                           | Fred                 | Midway   |           177512 | 1835.0500000000002 |           -15106.82
 Abel                           | Fred                 | Midway   |           105313 |                  0 |             -3957.5
 Abernathy                      | Donald               | Midway   |           118906 |                  0 |            -4221.74
 Abrams                         | Tina                 | Fairview |            18372 |            3599.63 |  -2773.379999999999
 Acevedo                        |                      | Fairview |            67010 |  4683.820000000001 |            -11858.1
 Ackerman                       | Sharon               | Midway   |            86954 |            2583.05 | -2814.3799999999997
 Ackerman                       | Toya                 | Midway   |           140354 |              24.02 |            -5722.64
 Acosta                         | Catherine            | Midway   |           170988 |             614.36 |            -7362.77
 Acosta                         | Deborah              | Fairview |            89283 |            3342.15 | -20012.199999999997
 Acosta                         | George               | Midway   |            21987 |             7490.8 |           -21175.56
 Acosta                         | Lori                 | Fairview |            43842 | 2771.1099999999997 |           -25457.89
 Acosta                         | Mark                 | Fairview |           142755 |            3248.56 |           -13809.43
 Acosta                         | Rhonda               | Midway   |           169961 |             220.03 | -3661.1099999999997
 Acuna                          | Diane                | Fairview |            31702 |                  0 |  -797.6399999999996
 Adair                          | Brandon              | Midway   |           117793 |            2072.41 | -14725.359999999999
 Adair                          | Carolyn              | Midway   |            76326 |                  0 |           -10971.56
 Adair                          | Johnny               | Midway   |             5893 |              11.11 |   63.53000000000026
 Adair                          | Paula                | Fairview |            70203 |                  0 | -10587.970000000001
 Adair                          | Susan                | Midway   |            24206 |            8173.21 |            -12834.5
 Adam                           | Ida                  | Midway   |            86412 |                 95 |            -4703.35
 Adams                          | Bryan                | Midway   |            69812 |               5.04 | -1344.3299999999997
 Adams                          | Christie             | Fairview |            72148 |             904.42 | -13898.269999999999
 Adams                          | Christie             | Midway   |           173332 |            2610.56 | -18338.880000000005
 Adams                          | David                | Midway   |           154790 |            7591.43 |           -16550.83
 Adams                          | Gloria               | Fairview |            82949 | 2728.8999999999996 |            -8796.01
 Adams                          | Jacob                | Midway   |           239690 | 272.33000000000004 |           -13489.88
 Adams                          | Jacob                | Midway   |           106294 | 259.09000000000003 |  -7868.680000000001
 Adams                          | Kathleen             | Midway   |           180019 |           13829.23 | -11598.199999999999
 Adams                          | Kati                 | Fairview |           190462 |             2093.4 |            -7146.06
 Adams                          | Lisa                 | Midway   |            19698 |                  0 |             -8051.6
 Adams                          | Lucy                 | Fairview |            88493 |            3137.35 |           -10398.59
 Adams                          | Peggie               | Midway   |           227532 |             630.25 |            -4537.57
 Adams                          | Steven               | Midway   |           149938 |            2633.44 | -3338.6099999999997
 Adams                          | Victor               | Midway   |           113295 |            2461.87 |              -14648
 Adams                          | Warren               | Midway   |           117253 |             393.22 | -31491.779999999995
 Adamson                        | Philip               | Midway   |            56102 |                  0 |           -14443.47
 Adcock                         | Rosa                 | Midway   |           193850 |            3302.88 |           -11630.97
 Adcock                         | William              | Midway   |           205759 |             6122.8 |            -9768.99
 Addison                        | Hazel                | Midway   |           203691 |             983.88 |  -9650.550000000001
 Addison                        | Thomas               | Fairview |            12350 |             108.77 |  -49.68999999999983
 Adkins                         | Horace               | Midway   |           201693 |            3514.68 |           -14888.14
 Adkins                         | Karen                | Midway   |           142442 |                  0 |            -6530.52
 Adkins                         |                      | Midway   |            76242 |              29.81 |             -882.25
 Adler                          | Edwin                | Midway   |            39997 |              708.7 | -18741.379999999997
 Adler                          | Edwin                | Midway   |           220601 |            2413.27 |           -11214.51
 Aguiar                         | Deanna               | Midway   |            21903 |             732.63 | -12264.769999999999
 Aguilar                        | Isabel               | Fairview |           154980 |  847.9200000000001 |  -5137.000000000001
 Aguilar                        | Ruben                | Midway   |           221224 |  569.5699999999999 |  -7243.929999999999
 Aguirre                        | Beth                 | Fairview |              246 |            4068.21 |            23799.68
 Aguirre                        | Calvin               | Fairview |              688 |             137.34 | -2936.9399999999996
 Aguirre                        | Harry                | Midway   |           233485 |             610.73 |  -8146.550000000001
 Aguirre                        | Jeffrey              | Fairview |            28290 |             766.46 |  -7169.050000000001
 Aguirre                        | Jessica              | Midway   |           181218 |             348.65 |            -6195.37
 Aguirre                        | Jessica              | Midway   |           181218 |                    |                    
 Ahmed                          | Paul                 | Fairview |           201120 |            1921.34 |            -2977.74
 Ahrens                         | Carlos               | Midway   |            28961 |             242.87 |  -867.0299999999997
 Aiello                         | Gina                 | Fairview |           111993 |             633.95 |            -1239.34
 Akers                          | Belinda              | Midway   |            73616 |             300.75 | -248.31999999999925
 Akers                          | Charlotte            | Fairview |            69545 |            1123.58 |            -9290.74
 Akins                          | Robert               | Fairview |            84991 |            4781.76 | -11370.189999999999
 Albers                         | Kathleen             | Fairview |           132902 |            1202.76 | -18881.940000000002
 Albert                         | Annette              | Fairview |           200584 |            3347.59 |           -17449.91
 Albright                       | Donald               | Midway   |           194875 |  664.0400000000001 |  -753.6000000000001
 Albright                       | Fred                 | Midway   |            42177 |            1670.85 |  -6132.710000000001
 Albright                       | Joseph               | Fairview |            72662 |            2520.45 | -12634.650000000001
 Alcala                         | Kristen              | Midway   |           170167 |           11710.06 |           -14186.32
 Alcala                         | Linda                | Midway   |           228176 | 219.41000000000003 |            -7541.59
 Alcala                         | Rebekah              | Fairview |           117197 |                  0 |            -11101.7
 Aldridge                       | Bryan                | Midway   |           126730 |             628.03 |            -5768.47
 Aldridge                       | Frieda               | Midway   |           128875 |            9542.24 | -13729.740000000003
 Aldridge                       | Michael              | Midway   |           123071 |            7133.66 |           -16882.45
 Alexander                      | Agustin              | Midway   |           113246 | 1494.0500000000002 |  -6502.299999999999
 Alexander                      | Agustin              | Midway   |            68385 |            1542.24 |  -5748.830000000001
 Alexander                      | Anthony              | Fairview |           130176 |            2931.23 |           -17005.57
 Alexander                      | Dixie                | Midway   |           174327 |            1492.68 |           -10931.96
 Alexander                      | Eileen               | Midway   |           103116 |            5039.84 | -7020.5599999999995
 Alexander                      | George               | Midway   |             1699 |  6014.790000000001 |  -7783.320000000001
 Alexander                      | Jonathan             | Fairview |           211796 | 1052.6100000000001 | -12493.650000000001
 Alexander                      | Kenneth              | Fairview |           176998 |             1579.8 |             4923.62
 Alexander                      | Lawrence             | Midway   |             8634 |            5662.25 | -16572.530000000002
 Alexander                      | Louise               | Midway   |           148177 | 2901.3199999999997 | -22915.030000000002
 Alexander                      | Mable                | Midway   |           221808 |              24.53 | -1257.5899999999997
 Alexander                      | Neville              | Fairview |           142434 |                3.7 |            -5898.36
 Alexander                      | Richard              | Fairview |           128157 |              15.79 |            -9533.09
 Alford                         | James                | Fairview |            30317 |  543.8199999999999 |            -18384.2
 Alford                         | Susan                | Midway   |           148174 |            1847.97 | -15867.619999999999
 Alford                         | William              | Fairview |           108089 | 2318.4599999999996 |           -19465.08
 Alfred                         | Catherine            | Fairview |            13719 |             4073.2 |           -20556.25
 Alger                          | Kenneth              | Fairview |            41038 |            6194.29 | -22581.679999999997
 Allan                          | Brock                | Fairview |           224085 | 271.41999999999996 |            -9387.19
 Allen                          | Abel                 | Midway   |           203869 |            4598.35 | -1094.8300000000008
 Allen                          | Adam                 | Midway   |           122426 | 1464.6399999999999 | -23615.320000000003
 Allen                          | Alfred               | Midway   |           134105 |               84.9 |            -6297.47
 Allen                          | Angela               | Midway   |           157280 |                  0 |  -4533.719999999999
 Allen                          | Carole               | Midway   |            53988 |            4760.35 | -3585.3500000000004
 Allen                          | Daniel               | Fairview |            79181 |            4406.86 | -13939.710000000001
(100 rows)

UPDATE time_statistics SET e_time = TRANSACTION_TIMESTAMP() WHERE template = 'query79.tpl' AND stream = 8;
psql:/tmp/s1-basline/throughput/query_8.sql:3258: NOTICE:  duration: 0.084 ms  plan:
Query Text: UPDATE time_statistics SET e_time = TRANSACTION_TIMESTAMP() WHERE template = 'query79.tpl' AND stream = 8;
Update on time_statistics  (cost=0.00..15.28 rows=0 width=0) (actual time=0.083..0.083 rows=0 loops=1)
  ->  Seq Scan on time_statistics  (cost=0.00..15.28 rows=1 width=14) (actual time=0.038..0.068 rows=1 loops=1)
        Filter: ((template = 'query79.tpl'::text) AND (stream = 8))
        Rows Removed by Filter: 499
UPDATE 1
LOAD 'auto_explain'; SET auto_explain.log_min_duration TO 0; SET auto_explain.log_analyze TO on; SET auto_explain.log_level TO notice; INSERT INTO time_statistics (template, s_time, stream, query, seed) VALUES ('query54.tpl', TRANSACTION_TIMESTAMP(), 8, 66, 904508317);
LOAD
SET
SET
SET
psql:/tmp/s1-basline/throughput/query_8.sql:3259: NOTICE:  duration: 0.008 ms  plan:
Query Text: INSERT INTO time_statistics (template, s_time, stream, query, seed) VALUES ('query54.tpl', TRANSACTION_TIMESTAMP(), 8, 66, 904508317);
Insert on time_statistics  (cost=0.00..0.01 rows=0 width=0) (actual time=0.008..0.008 rows=0 loops=1)
  ->  Result  (cost=0.00..0.01 rows=1 width=64) (actual time=0.001..0.001 rows=1 loops=1)
INSERT 0 1
with my_customers as (
 select distinct c_customer_sk
        , c_current_addr_sk
 from   
        ( select cs_sold_date_sk sold_date_sk,
                 cs_bill_customer_sk customer_sk,
                 cs_item_sk item_sk
          from   catalog_sales
          union all
          select ws_sold_date_sk sold_date_sk,
                 ws_bill_customer_sk customer_sk,
                 ws_item_sk item_sk
          from   web_sales
         ) cs_or_ws_sales,
         item,
         date_dim,
         customer
 where   sold_date_sk = d_date_sk
         and item_sk = i_item_sk
         and i_category = 'Children'
         and i_class = 'toddlers'
         and c_customer_sk = cs_or_ws_sales.customer_sk
         and d_moy = 3
         and d_year = 2000
 )
 , my_revenue as (
 select c_customer_sk,
        sum(ss_ext_sales_price) as revenue
 from   my_customers,
        store_sales,
        customer_address,
        store,
        date_dim
 where  c_current_addr_sk = ca_address_sk
        and ca_county = s_county
        and ca_state = s_state
        and ss_sold_date_sk = d_date_sk
        and c_customer_sk = ss_customer_sk
        and d_month_seq between (select distinct d_month_seq+1
                                 from   date_dim where d_year = 2000 and d_moy = 3)
                           and  (select distinct d_month_seq+3
                                 from   date_dim where d_year = 2000 and d_moy = 3)
 group by c_customer_sk
 )
 , segments as
 (select cast((revenue/50) as int) as segment
  from   my_revenue
 )
  select  segment, count(*) as num_customers, segment*50 as segment_base
 from segments
 group by segment
 order by segment, num_customers
 limit 100;
psql:/tmp/s1-basline/throughput/query_8.sql:3312: NOTICE:  duration: 423.878 ms  plan:
Query Text: with my_customers as (
 select distinct c_customer_sk
        , c_current_addr_sk
 from   
        ( select cs_sold_date_sk sold_date_sk,
                 cs_bill_customer_sk customer_sk,
                 cs_item_sk item_sk
          from   catalog_sales
          union all
          select ws_sold_date_sk sold_date_sk,
                 ws_bill_customer_sk customer_sk,
                 ws_item_sk item_sk
          from   web_sales
         ) cs_or_ws_sales,
         item,
         date_dim,
         customer
 where   sold_date_sk = d_date_sk
         and item_sk = i_item_sk
         and i_category = 'Children'
         and i_class = 'toddlers'
         and c_customer_sk = cs_or_ws_sales.customer_sk
         and d_moy = 3
         and d_year = 2000
 )
 , my_revenue as (
 select c_customer_sk,
        sum(ss_ext_sales_price) as revenue
 from   my_customers,
        store_sales,
        customer_address,
        store,
        date_dim
 where  c_current_addr_sk = ca_address_sk
        and ca_county = s_county
        and ca_state = s_state
        and ss_sold_date_sk = d_date_sk
        and c_customer_sk = ss_customer_sk
        and d_month_seq between (select distinct d_month_seq+1
                                 from   date_dim where d_year = 2000 and d_moy = 3)
                           and  (select distinct d_month_seq+3
                                 from   date_dim where d_year = 2000 and d_moy = 3)
 group by c_customer_sk
 )
 , segments as
 (select cast((revenue/50) as int) as segment
  from   my_revenue
 )
  select  segment, count(*) as num_customers, segment*50 as segment_base
 from segments
 group by segment
 order by segment, num_customers
 limit 100;
Limit  (cost=106257.02..106257.02 rows=1 width=16) (actual time=326.454..423.875 rows=0 loops=1)
  ->  Sort  (cost=106257.02..106257.02 rows=1 width=16) (actual time=326.453..423.874 rows=0 loops=1)
        Sort Key: (((my_revenue.revenue / '50'::double precision))::integer), (count(*))
        Sort Method: quicksort  Memory: 25kB
        ->  GroupAggregate  (cost=106256.98..106257.01 rows=1 width=16) (actual time=326.450..423.870 rows=0 loops=1)
              Group Key: (((my_revenue.revenue / '50'::double precision))::integer)
              ->  Sort  (cost=106256.98..106256.98 rows=1 width=12) (actual time=326.449..423.870 rows=0 loops=1)
                    Sort Key: (((my_revenue.revenue / '50'::double precision))::integer)
                    Sort Method: quicksort  Memory: 25kB
                    ->  Subquery Scan on my_revenue  (cost=106256.93..106256.97 rows=1 width=12) (actual time=326.447..423.868 rows=0 loops=1)
                          ->  GroupAggregate  (cost=106256.93..106256.95 rows=1 width=16) (actual time=326.447..423.867 rows=0 loops=1)
                                Group Key: customer.c_customer_sk
                                InitPlan 1 (returns $0)
                                  ->  Unique  (cost=2501.58..2501.74 rows=31 width=4) (never executed)
                                        ->  Sort  (cost=2501.58..2501.66 rows=31 width=4) (never executed)
                                              Sort Key: ((date_dim_2.d_month_seq + 1))
                                              ->  Seq Scan on date_dim date_dim_2  (cost=0.00..2500.81 rows=31 width=4) (never executed)
                                                    Filter: ((d_year = 2000) AND (d_moy = 3))
                                InitPlan 2 (returns $1)
                                  ->  Unique  (cost=2501.58..2501.74 rows=31 width=4) (never executed)
                                        ->  Sort  (cost=2501.58..2501.66 rows=31 width=4) (never executed)
                                              Sort Key: ((date_dim_3.d_month_seq + 3))
                                              ->  Seq Scan on date_dim date_dim_3  (cost=0.00..2500.81 rows=31 width=4) (never executed)
                                                    Filter: ((d_year = 2000) AND (d_moy = 3))
                                ->  Sort  (cost=101253.46..101253.47 rows=1 width=16) (actual time=326.445..423.863 rows=0 loops=1)
                                      Sort Key: customer.c_customer_sk
                                      Sort Method: quicksort  Memory: 25kB
                                      ->  Nested Loop  (cost=11237.00..101253.45 rows=1 width=16) (actual time=326.444..423.862 rows=0 loops=1)
                                            ->  Gather  (cost=11236.71..101253.14 rows=1 width=24) (actual time=326.444..423.861 rows=0 loops=1)
                                                  Workers Planned: 2
                                                  Workers Launched: 2
                                                  ->  Hash Join  (cost=10236.71..100253.04 rows=1 width=24) (actual time=264.246..264.250 rows=0 loops=3)
                                                        Hash Cond: (store_sales.ss_customer_sk = customer.c_customer_sk)
                                                        ->  Parallel Seq Scan on store_sales  (cost=0.00..85499.45 rows=1204445 width=24) (actual time=0.015..0.015 rows=1 loops=3)
                                                        ->  Hash  (cost=10236.70..10236.70 rows=1 width=8) (actual time=264.144..264.146 rows=0 loops=3)
                                                              Buckets: 1024  Batches: 1  Memory Usage: 8kB
                                                              ->  Nested Loop  (cost=10230.37..10236.70 rows=1 width=8) (actual time=264.143..264.145 rows=0 loops=3)
                                                                    Join Filter: (((customer_address.ca_county)::text = (store.s_county)::text) AND (customer_address.ca_state = store.s_state))
                                                                    Rows Removed by Join Filter: 5976
                                                                    ->  Nested Loop  (cost=10230.37..10235.13 rows=2 width=25) (actual time=261.347..263.394 rows=498 loops=3)
                                                                          ->  Unique  (cost=10230.08..10230.09 rows=2 width=16) (actual time=261.307..261.414 rows=498 loops=3)
                                                                                ->  Sort  (cost=10230.08..10230.08 rows=2 width=16) (actual time=261.306..261.341 rows=567 loops=3)
                                                                                      Sort Key: customer.c_customer_sk, customer.c_current_addr_sk
                                                                                      Sort Method: quicksort  Memory: 56kB
                                                                                      Worker 0:  Sort Method: quicksort  Memory: 56kB
                                                                                      Worker 1:  Sort Method: quicksort  Memory: 56kB
                                                                                      ->  Nested Loop  (cost=1.01..10230.07 rows=2 width=16) (actual time=1.436..261.109 rows=567 loops=3)
                                                                                            ->  Nested Loop  (cost=0.72..10229.44 rows=2 width=8) (actual time=1.392..257.877 rows=569 loops=3)
                                                                                                  ->  Nested Loop  (cost=0.43..8442.30 rows=5659 width=16) (actual time=0.098..168.302 rows=54046 loops=3)
                                                                                                        ->  Seq Scan on item  (cost=0.00..1526.00 rows=47 width=8) (actual time=0.028..10.854 rows=470 loops=3)
                                                                                                              Filter: ((i_category = 'Children'::bpchar) AND (i_class = 'toddlers'::bpchar))
                                                                                                              Rows Removed by Filter: 17530
                                                                                                        ->  Append  (cost=0.43..145.84 rows=132 width=24) (actual time=0.010..0.325 rows=115 loops=1410)
                                                                                                              ->  Index Scan using pk_catalog_sales on catalog_sales  (cost=0.43..96.26 rows=88 width=24) (actual time=0.010..0.212 rows=77 loops=1410)
                                                                                                                    Index Cond: (cs_item_sk = item.i_item_sk)
                                                                                                              ->  Index Scan using pk_web_sales on web_sales  (cost=0.42..48.92 rows=44 width=24) (actual time=0.008..0.105 rows=38 loops=1410)
                                                                                                                    Index Cond: (ws_item_sk = item.i_item_sk)
                                                                                                  ->  Index Scan using pk_date_dim on date_dim date_dim_1  (cost=0.29..0.32 rows=1 width=8) (actual time=0.001..0.001 rows=0 loops=162138)
                                                                                                        Index Cond: (d_date_sk = catalog_sales.cs_sold_date_sk)
                                                                                                        Filter: ((d_moy = 3) AND (d_year = 2000))
                                                                                                        Rows Removed by Filter: 1
                                                                                            ->  Index Scan using pk_customer on customer  (cost=0.29..0.31 rows=1 width=16) (actual time=0.005..0.005 rows=1 loops=1707)
                                                                                                  Index Cond: (c_customer_sk = catalog_sales.cs_bill_customer_sk)
                                                                          ->  Index Scan using pk_customer_address on customer_address  (cost=0.29..2.51 rows=1 width=25) (actual time=0.004..0.004 rows=1 loops=1494)
                                                                                Index Cond: (ca_address_sk = customer.c_current_addr_sk)
                                                                    ->  Materialize  (cost=0.00..1.18 rows=12 width=21) (actual time=0.000..0.001 rows=12 loops=1494)
                                                                          ->  Seq Scan on store  (cost=0.00..1.12 rows=12 width=21) (actual time=0.028..0.032 rows=12 loops=3)
                                            ->  Index Scan using pk_date_dim on date_dim  (cost=0.29..0.32 rows=1 width=8) (never executed)
                                                  Index Cond: (d_date_sk = store_sales.ss_sold_date_sk)
                                                  Filter: ((d_month_seq >= $0) AND (d_month_seq <= $1))
 segment | num_customers | segment_base 
---------+---------------+--------------
(0 rows)

UPDATE time_statistics SET e_time = TRANSACTION_TIMESTAMP() WHERE template = 'query54.tpl' AND stream = 8;
psql:/tmp/s1-basline/throughput/query_8.sql:3314: NOTICE:  duration: 0.081 ms  plan:
Query Text: UPDATE time_statistics SET e_time = TRANSACTION_TIMESTAMP() WHERE template = 'query54.tpl' AND stream = 8;
Update on time_statistics  (cost=0.00..15.28 rows=0 width=0) (actual time=0.080..0.080 rows=0 loops=1)
  ->  Seq Scan on time_statistics  (cost=0.00..15.28 rows=1 width=14) (actual time=0.038..0.066 rows=1 loops=1)
        Filter: ((template = 'query54.tpl'::text) AND (stream = 8))
        Rows Removed by Filter: 500
UPDATE 1
LOAD 'auto_explain'; SET auto_explain.log_min_duration TO 0; SET auto_explain.log_analyze TO on; SET auto_explain.log_level TO notice; INSERT INTO time_statistics (template, s_time, stream, query, seed) VALUES ('../query_postgresql/query77.tpl', TRANSACTION_TIMESTAMP(), 8, 67, 805903052);
LOAD
SET
SET
SET
psql:/tmp/s1-basline/throughput/query_8.sql:3315: NOTICE:  duration: 0.008 ms  plan:
Query Text: INSERT INTO time_statistics (template, s_time, stream, query, seed) VALUES ('../query_postgresql/query77.tpl', TRANSACTION_TIMESTAMP(), 8, 67, 805903052);
Insert on time_statistics  (cost=0.00..0.01 rows=0 width=0) (actual time=0.008..0.008 rows=0 loops=1)
  ->  Result  (cost=0.00..0.01 rows=1 width=64) (actual time=0.002..0.002 rows=1 loops=1)
INSERT 0 1
with ss as
 (select s_store_sk,
         sum(ss_ext_sales_price) as sales,
         sum(ss_net_profit) as profit
 from store_sales,
      date_dim,
      store
 where ss_sold_date_sk = d_date_sk
       and d_date between cast('1999-08-14' as date) 
                  and (cast('1999-08-14' as date) + interval '30 days') 
       and ss_store_sk = s_store_sk
 group by s_store_sk)
 ,
 sr as
 (select s_store_sk,
         sum(sr_return_amt) as returns,
         sum(sr_net_loss) as profit_loss
 from store_returns,
      date_dim,
      store
 where sr_returned_date_sk = d_date_sk
       and d_date between cast('1999-08-14' as date)
                  and (cast('1999-08-14' as date) + interval '30 days')
       and sr_store_sk = s_store_sk
 group by s_store_sk), 
 cs as
 (select cs_call_center_sk,
        sum(cs_ext_sales_price) as sales,
        sum(cs_net_profit) as profit
 from catalog_sales,
      date_dim
 where cs_sold_date_sk = d_date_sk
       and d_date between cast('1999-08-14' as date)
                  and (cast('1999-08-14' as date) + interval '30 days')
 group by cs_call_center_sk 
 ), 
 cr as
 (select cr_call_center_sk,
         sum(cr_return_amount) as returns,
         sum(cr_net_loss) as profit_loss
 from catalog_returns,
      date_dim
 where cr_returned_date_sk = d_date_sk
       and d_date between cast('1999-08-14' as date)
                  and (cast('1999-08-14' as date) + interval '30 days')
 group by cr_call_center_sk
 ), 
 ws as
 ( select wp_web_page_sk,
        sum(ws_ext_sales_price) as sales,
        sum(ws_net_profit) as profit
 from web_sales,
      date_dim,
      web_page
 where ws_sold_date_sk = d_date_sk
       and d_date between cast('1999-08-14' as date)
                  and (cast('1999-08-14' as date) + interval '30 days')
       and ws_web_page_sk = wp_web_page_sk
 group by wp_web_page_sk), 
 wr as
 (select wp_web_page_sk,
        sum(wr_return_amt) as returns,
        sum(wr_net_loss) as profit_loss
 from web_returns,
      date_dim,
      web_page
 where wr_returned_date_sk = d_date_sk
       and d_date between cast('1999-08-14' as date)
                  and (cast('1999-08-14' as date) + interval '30 days')
       and wr_web_page_sk = wp_web_page_sk
 group by wp_web_page_sk)
  select  channel
        , id
        , sum(sales) as sales
        , sum(returns) as returns
        , sum(profit) as profit
 from 
 (select 'store channel' as channel
        , ss.s_store_sk as id
        , sales
        , coalesce(returns, 0) as returns
        , (profit - coalesce(profit_loss,0)) as profit
 from   ss left join sr
        on  ss.s_store_sk = sr.s_store_sk
 union all
 select 'catalog channel' as channel
        , cs_call_center_sk as id
        , sales
        , returns
        , (profit - profit_loss) as profit
 from  cs
       , cr
 union all
 select 'web channel' as channel
        , ws.wp_web_page_sk as id
        , sales
        , coalesce(returns, 0) as returns
        , (profit - coalesce(profit_loss,0)) as profit
 from   ws left join wr
        on  ws.wp_web_page_sk = wr.wp_web_page_sk
 ) x
 group by rollup (channel, id)
 order by channel
         ,id
 limit 100;
psql:/tmp/s1-basline/throughput/query_8.sql:3420: NOTICE:  duration: 229.169 ms  plan:
Query Text: with ss as
 (select s_store_sk,
         sum(ss_ext_sales_price) as sales,
         sum(ss_net_profit) as profit
 from store_sales,
      date_dim,
      store
 where ss_sold_date_sk = d_date_sk
       and d_date between cast('1999-08-14' as date) 
                  and (cast('1999-08-14' as date) + interval '30 days') 
       and ss_store_sk = s_store_sk
 group by s_store_sk)
 ,
 sr as
 (select s_store_sk,
         sum(sr_return_amt) as returns,
         sum(sr_net_loss) as profit_loss
 from store_returns,
      date_dim,
      store
 where sr_returned_date_sk = d_date_sk
       and d_date between cast('1999-08-14' as date)
                  and (cast('1999-08-14' as date) + interval '30 days')
       and sr_store_sk = s_store_sk
 group by s_store_sk), 
 cs as
 (select cs_call_center_sk,
        sum(cs_ext_sales_price) as sales,
        sum(cs_net_profit) as profit
 from catalog_sales,
      date_dim
 where cs_sold_date_sk = d_date_sk
       and d_date between cast('1999-08-14' as date)
                  and (cast('1999-08-14' as date) + interval '30 days')
 group by cs_call_center_sk 
 ), 
 cr as
 (select cr_call_center_sk,
         sum(cr_return_amount) as returns,
         sum(cr_net_loss) as profit_loss
 from catalog_returns,
      date_dim
 where cr_returned_date_sk = d_date_sk
       and d_date between cast('1999-08-14' as date)
                  and (cast('1999-08-14' as date) + interval '30 days')
 group by cr_call_center_sk
 ), 
 ws as
 ( select wp_web_page_sk,
        sum(ws_ext_sales_price) as sales,
        sum(ws_net_profit) as profit
 from web_sales,
      date_dim,
      web_page
 where ws_sold_date_sk = d_date_sk
       and d_date between cast('1999-08-14' as date)
                  and (cast('1999-08-14' as date) + interval '30 days')
       and ws_web_page_sk = wp_web_page_sk
 group by wp_web_page_sk), 
 wr as
 (select wp_web_page_sk,
        sum(wr_return_amt) as returns,
        sum(wr_net_loss) as profit_loss
 from web_returns,
      date_dim,
      web_page
 where wr_returned_date_sk = d_date_sk
       and d_date between cast('1999-08-14' as date)
                  and (cast('1999-08-14' as date) + interval '30 days')
       and wr_web_page_sk = wp_web_page_sk
 group by wp_web_page_sk)
  select  channel
        , id
        , sum(sales) as sales
        , sum(returns) as returns
        , sum(profit) as profit
 from 
 (select 'store channel' as channel
        , ss.s_store_sk as id
        , sales
        , coalesce(returns, 0) as returns
        , (profit - coalesce(profit_loss,0)) as profit
 from   ss left join sr
        on  ss.s_store_sk = sr.s_store_sk
 union all
 select 'catalog channel' as channel
        , cs_call_center_sk as id
        , sales
        , returns
        , (profit - profit_loss) as profit
 from  cs
       , cr
 union all
 select 'web channel' as channel
        , ws.wp_web_page_sk as id
        , sales
        , coalesce(returns, 0) as returns
        , (profit - coalesce(profit_loss,0)) as profit
 from   ws left join wr
        on  ws.wp_web_page_sk = wr.wp_web_page_sk
 ) x
 group by rollup (channel, id)
 order by channel
         ,id
 limit 100;
Limit  (cost=45533.60..45541.02 rows=100 width=64) (actual time=187.160..229.143 rows=44 loops=1)
  ->  GroupAggregate  (cost=45533.60..45549.70 rows=217 width=64) (actual time=187.160..229.139 rows=44 loops=1)
        Group Key: ('store channel'::text), store.s_store_sk
        Group Key: ('store channel'::text)
        Group Key: ()
        ->  Gather Merge  (cost=45533.60..45546.18 rows=108 width=64) (actual time=187.154..229.113 rows=52 loops=1)
              Workers Planned: 2
              Workers Launched: 2
              ->  Sort  (cost=44533.58..44533.69 rows=45 width=64) (actual time=78.432..78.440 rows=17 loops=3)
                    Sort Key: ('store channel'::text), store.s_store_sk
                    Sort Method: quicksort  Memory: 26kB
                    Worker 0:  Sort Method: quicksort  Memory: 27kB
                    Worker 1:  Sort Method: quicksort  Memory: 25kB
                    ->  Parallel Append  (cost=1.71..44532.34 rows=45 width=64) (actual time=52.158..78.401 rows=17 loops=3)
                          ->  Merge Left Join  (cost=1.71..44532.00 rows=12 width=64) (actual time=104.615..178.831 rows=6 loops=1)
                                Merge Cond: (store.s_store_sk = store_1.s_store_sk)
                                ->  GroupAggregate  (cost=0.86..40749.85 rows=12 width=24) (actual time=91.784..162.315 rows=6 loops=1)
                                      Group Key: store.s_store_sk
                                      ->  Nested Loop  (cost=0.86..40741.35 rows=1117 width=24) (actual time=0.562..157.677 rows=60484 loops=1)
                                            Join Filter: (store_sales.ss_store_sk = store.s_store_sk)
                                            Rows Removed by Join Filter: 682580
                                            ->  Index Only Scan using pk_store on store  (cost=0.14..3.62 rows=12 width=8) (actual time=0.080..0.088 rows=12 loops=1)
                                                  Heap Fetches: 12
                                            ->  Materialize  (cost=0.72..40529.71 rows=1172 width=24) (actual time=0.018..9.237 rows=61922 loops=12)
                                                  ->  Nested Loop  (cost=0.72..40523.85 rows=1172 width=24) (actual time=0.214..70.460 rows=61922 loops=1)
                                                        ->  Index Scan using i_d_date on date_dim  (cost=0.29..3.11 rows=31 width=8) (actual time=0.091..0.103 rows=31 loops=1)
                                                              Index Cond: ((d_date >= '1999-08-14'::date) AND (d_date <= '1999-09-13 00:00:00'::timestamp without time zone))
                                                        ->  Index Scan using i_ss_sold_date_sk on store_sales  (cost=0.43..1291.97 rows=1515 width=32) (actual time=0.016..1.843 rows=1997 loops=31)
                                                              Index Cond: (ss_sold_date_sk = date_dim.d_date_sk)
                                ->  GroupAggregate  (cost=0.85..3781.70 rows=12 width=24) (actual time=12.826..16.507 rows=6 loops=1)
                                      Group Key: store_1.s_store_sk
                                      ->  Nested Loop  (cost=0.85..3780.72 rows=114 width=24) (actual time=0.072..16.242 rows=3094 loops=1)
                                            Join Filter: (store_returns.sr_store_sk = store_1.s_store_sk)
                                            Rows Removed by Join Filter: 34766
                                            ->  Index Only Scan using pk_store on store store_1  (cost=0.14..3.62 rows=12 width=8) (actual time=0.005..0.009 rows=12 loops=1)
                                                  Heap Fetches: 12
                                            ->  Materialize  (cost=0.71..3756.16 rows=118 width=24) (actual time=0.004..1.143 rows=3155 loops=12)
                                                  ->  Nested Loop  (cost=0.71..3755.57 rows=118 width=24) (actual time=0.046..11.641 rows=3155 loops=1)
                                                        ->  Index Scan using i_d_date on date_dim date_dim_1  (cost=0.29..3.11 rows=31 width=8) (actual time=0.009..0.017 rows=31 loops=1)
                                                              Index Cond: ((d_date >= '1999-08-14'::date) AND (d_date <= '1999-09-13 00:00:00'::timestamp without time zone))
                                                        ->  Index Scan using i_sr_returned_date_sk on store_returns  (cost=0.42..119.65 rows=140 width=32) (actual time=0.007..0.356 rows=102 loops=31)
                                                              Index Cond: (sr_returned_date_sk = date_dim_1.d_date_sk)
                          ->  Merge Left Join  (cost=12375.43..12385.33 rows=60 width=64) (actual time=34.122..38.473 rows=30 loops=1)
                                Merge Cond: (web_page.wp_web_page_sk = web_page_1.wp_web_page_sk)
                                ->  GroupAggregate  (cost=11413.58..11421.39 rows=60 width=24) (actual time=29.160..33.340 rows=30 loops=1)
                                      Group Key: web_page.wp_web_page_sk
                                      ->  Merge Join  (cost=11413.58..11418.48 rows=307 width=24) (actual time=29.008..32.112 rows=16563 loops=1)
                                            Merge Cond: (web_sales.ws_web_page_sk = web_page.wp_web_page_sk)
                                            ->  Sort  (cost=11409.21..11409.98 rows=307 width=24) (actual time=28.943..29.973 rows=16564 loops=1)
                                                  Sort Key: web_sales.ws_web_page_sk
                                                  Worker 0:  Sort Method: quicksort  Memory: 1804kB
                                                  ->  Nested Loop  (cost=0.72..11396.53 rows=307 width=24) (actual time=0.186..25.714 rows=16566 loops=1)
                                                        ->  Index Scan using i_d_date on date_dim date_dim_2  (cost=0.29..3.11 rows=31 width=8) (actual time=0.093..0.110 rows=31 loops=1)
                                                              Index Cond: ((d_date >= '1999-08-14'::date) AND (d_date <= '1999-09-13 00:00:00'::timestamp without time zone))
                                                        ->  Index Scan using i_ws_sold_date_sk on web_sales  (cost=0.42..363.56 rows=397 width=32) (actual time=0.017..0.689 rows=534 loops=31)
                                                              Index Cond: (ws_sold_date_sk = date_dim_2.d_date_sk)
                                            ->  Sort  (cost=4.37..4.52 rows=60 width=8) (actual time=0.061..0.064 rows=58 loops=1)
                                                  Sort Key: web_page.wp_web_page_sk
                                                  Worker 0:  Sort Method: quicksort  Memory: 25kB
                                                  ->  Seq Scan on web_page  (cost=0.00..2.60 rows=60 width=8) (actual time=0.041..0.052 rows=60 loops=1)
                                ->  GroupAggregate  (cost=961.85..962.41 rows=28 width=24) (actual time=4.959..5.121 rows=30 loops=1)
                                      Group Key: web_page_1.wp_web_page_sk
                                      ->  Sort  (cost=961.85..961.92 rows=28 width=24) (actual time=4.951..4.999 rows=1079 loops=1)
                                            Sort Key: web_page_1.wp_web_page_sk
                                            Worker 0:  Sort Method: quicksort  Memory: 116kB
                                            ->  Nested Loop  (cost=0.72..961.18 rows=28 width=24) (actual time=0.086..4.713 rows=1079 loops=1)
                                                  ->  Nested Loop  (cost=0.58..956.61 rows=29 width=24) (actual time=0.048..3.665 rows=1105 loops=1)
                                                        ->  Index Scan using i_d_date on date_dim date_dim_3  (cost=0.29..3.11 rows=31 width=8) (actual time=0.008..0.014 rows=31 loops=1)
                                                              Index Cond: ((d_date >= '1999-08-14'::date) AND (d_date <= '1999-09-13 00:00:00'::timestamp without time zone))
                                                        ->  Index Scan using i_wr_returned_date_sk on web_returns  (cost=0.29..30.43 rows=33 width=32) (actual time=0.005..0.110 rows=36 loops=31)
                                                              Index Cond: (wr_returned_date_sk = date_dim_3.d_date_sk)
                                                  ->  Index Only Scan using pk_web_page on web_page web_page_1  (cost=0.14..0.16 rows=1 width=8) (actual time=0.001..0.001 rows=1 loops=1105)
                                                        Index Cond: (wp_web_page_sk = web_returns.wr_web_page_sk)
                                                        Heap Fetches: 1079
                          ->  Nested Loop  (cost=1977.27..1978.68 rows=36 width=64) (actual time=17.735..17.877 rows=16 loops=1)
                                ->  HashAggregate  (cost=1738.55..1738.61 rows=6 width=24) (actual time=16.320..16.322 rows=4 loops=1)
                                      Group Key: catalog_sales.cs_call_center_sk
                                      Batches: 1  Memory Usage: 24kB
                                      ->  Nested Loop  (cost=0.72..1733.97 rows=610 width=24) (actual time=0.018..12.086 rows=31632 loops=1)
                                            ->  Index Scan using i_d_date on date_dim date_dim_4  (cost=0.29..3.11 rows=31 width=8) (actual time=0.008..0.014 rows=31 loops=1)
                                                  Index Cond: ((d_date >= '1999-08-14'::date) AND (d_date <= '1999-09-13 00:00:00'::timestamp without time zone))
                                            ->  Index Scan using i_cs_sold_date_sk on catalog_sales  (cost=0.43..47.98 rows=785 width=32) (actual time=0.004..0.163 rows=1020 loops=31)
                                                  Index Cond: (cs_sold_date_sk = date_dim_4.d_date_sk)
                                ->  Materialize  (cost=238.72..239.49 rows=6 width=16) (actual time=0.353..0.388 rows=4 loops=4)
                                      ->  Subquery Scan on cr  (cost=238.72..239.46 rows=6 width=16) (actual time=1.411..1.548 rows=4 loops=1)
                                            ->  GroupAggregate  (cost=238.72..239.40 rows=6 width=24) (actual time=1.411..1.547 rows=4 loops=1)
                                                  Group Key: catalog_returns.cr_call_center_sk
                                                  ->  Sort  (cost=238.72..238.87 rows=62 width=24) (actual time=1.341..1.399 rows=1524 loops=1)
                                                        Sort Key: catalog_returns.cr_call_center_sk
                                                        Sort Method: quicksort  Memory: 143kB
                                                        ->  Nested Loop  (cost=0.59..236.87 rows=62 width=24) (actual time=0.012..1.149 rows=1524 loops=1)
                                                              ->  Index Scan using i_d_date on date_dim date_dim_5  (cost=0.29..3.11 rows=31 width=8) (actual time=0.005..0.009 rows=31 loops=1)
                                                                    Index Cond: ((d_date >= '1999-08-14'::date) AND (d_date <= '1999-09-13 00:00:00'::timestamp without time zone))
                                                              ->  Index Scan using i_cr_returned_date_sk on catalog_returns  (cost=0.29..6.82 rows=72 width=32) (actual time=0.002..0.028 rows=49 loops=31)
                                                                    Index Cond: (cr_returned_date_sk = date_dim_5.d_date_sk)
     channel     | id |       sales        |      returns       |       profit        
-----------------+----+--------------------+--------------------+---------------------
 catalog channel |  1 |  109156892.1600004 | 1993803.7899999996 | -11686321.899999965
 catalog channel |  2 | 106090846.92000042 | 1993803.7899999996 | -12045274.820000034
 catalog channel |  4 | 106283480.67999978 | 1993803.7899999998 |  -10789571.90000003
 catalog channel |    | 242839.84000000005 | 1993803.7899999996 | -1292829.8599999999
 catalog channel |    | 321774059.60000056 |         7975215.16 | -35813998.480000034
 store channel   |  1 |  19439566.99000009 | 457857.55000000034 |  -8799363.200000012
 store channel   |  2 | 18148509.979999963 |  558647.0399999999 |  -8211860.280000008
 store channel   |  4 |  21199991.25999995 |  480227.4799999995 |  -9288006.680000007
 store channel   |  7 | 18058095.750000004 |  552339.4099999997 |         -8578384.15
 store channel   |  8 | 19944900.470000032 | 483370.32000000024 |  -8696612.480000017
 store channel   | 10 |  17837938.61999996 |  482755.7099999996 |  -8004610.849999998
 store channel   |    |       114629003.07 | 3015197.5099999993 | -51578837.640000045
 web channel     |  1 | 1299692.8600000003 |           49773.53 | -164496.18000000002
 web channel     |  2 |         1385076.73 |           65195.44 | -249877.08000000016
 web channel     |  4 | 1505610.3099999998 | 16991.460000000003 | -177886.04999999996
 web channel     |  7 | 1512964.6400000006 | 19345.500000000004 |           -84906.97
 web channel     |  8 | 1394196.3699999994 |           47540.17 |          -165539.71
 web channel     | 10 |  1429514.660000002 |            61384.7 | -294274.13999999984
 web channel     | 13 | 1216486.6800000002 |           27943.41 | -219443.35000000006
 web channel     | 14 |         1329318.52 |  65633.59999999998 | -198963.23999999987
 web channel     | 16 | 1219024.4900000014 |  84915.62000000001 | -149419.71000000002
 web channel     | 19 | 1367532.1600000006 | 13070.750000000002 | -245967.70000000007
 web channel     | 20 | 1440673.5999999992 |            34983.1 | -179099.85999999993
 web channel     | 22 | 1279864.8399999999 |           57206.22 |          -220457.98
 web channel     | 25 | 1359194.9300000006 | 41689.380000000005 | -191317.58999999994
 web channel     | 26 | 1542455.5499999993 |  48770.86000000001 | -188371.18000000014
 web channel     | 28 | 1407734.8900000006 |  73199.66000000002 | -154210.29999999996
 web channel     | 31 |  1426830.609999999 |  47239.19999999998 | -172408.42999999993
 web channel     | 32 | 1355555.0099999998 | 32374.699999999997 | -189205.74999999994
 web channel     | 34 |         1349686.04 |  69399.09000000003 | -131562.66000000006
 web channel     | 37 | 1428872.7900000012 |           30747.14 |  -145019.4500000001
 web channel     | 38 |         1352171.99 | 59856.960000000014 | -161032.63999999984
 web channel     | 40 | 1389594.7400000007 | 61753.420000000006 | -112761.63999999998
 web channel     | 43 | 1389620.4299999997 |           27391.68 |  -85139.07000000002
 web channel     | 44 | 1398700.9600000004 |  54238.09999999999 |          -181422.23
 web channel     | 46 | 1494936.9000000004 | 23073.590000000004 |  -142362.3899999999
 web channel     | 49 | 1374613.8900000006 | 50040.100000000006 | -188474.46999999988
 web channel     | 50 | 1397715.6299999992 |           54414.62 | -240076.52999999988
 web channel     | 52 | 1453612.2799999986 |           32044.24 |           -93880.18
 web channel     | 55 | 1407950.3900000001 |           37297.46 |  -149655.2999999999
 web channel     | 56 | 1474768.6700000013 |           75815.07 | -101635.52999999997
 web channel     | 58 | 1349945.0300000005 |  33341.62999999999 | -176144.96999999997
 web channel     |    |  41733916.59000001 | 1396670.4000000001 |  -5155012.279999999
                 |    |  478136979.2600005 | 12387083.069999998 |  -92547848.40000008
(44 rows)

UPDATE time_statistics SET e_time = TRANSACTION_TIMESTAMP() WHERE template = '../query_postgresql/query77.tpl' AND stream = 8;
psql:/tmp/s1-basline/throughput/query_8.sql:3422: NOTICE:  duration: 0.071 ms  plan:
Query Text: UPDATE time_statistics SET e_time = TRANSACTION_TIMESTAMP() WHERE template = '../query_postgresql/query77.tpl' AND stream = 8;
Update on time_statistics  (cost=0.00..15.28 rows=0 width=0) (actual time=0.071..0.071 rows=0 loops=1)
  ->  Seq Scan on time_statistics  (cost=0.00..15.28 rows=1 width=14) (actual time=0.033..0.060 rows=1 loops=1)
        Filter: ((template = '../query_postgresql/query77.tpl'::text) AND (stream = 8))
        Rows Removed by Filter: 501
UPDATE 1
LOAD 'auto_explain'; SET auto_explain.log_min_duration TO 0; SET auto_explain.log_analyze TO on; SET auto_explain.log_level TO notice; INSERT INTO time_statistics (template, s_time, stream, query, seed) VALUES ('query45.tpl', TRANSACTION_TIMESTAMP(), 8, 68, 567838951);
LOAD
SET
SET
SET
psql:/tmp/s1-basline/throughput/query_8.sql:3423: NOTICE:  duration: 0.008 ms  plan:
Query Text: INSERT INTO time_statistics (template, s_time, stream, query, seed) VALUES ('query45.tpl', TRANSACTION_TIMESTAMP(), 8, 68, 567838951);
Insert on time_statistics  (cost=0.00..0.01 rows=0 width=0) (actual time=0.007..0.008 rows=0 loops=1)
  ->  Result  (cost=0.00..0.01 rows=1 width=64) (actual time=0.001..0.002 rows=1 loops=1)
INSERT 0 1
select  ca_zip, ca_county, sum(ws_sales_price)
 from web_sales, customer, customer_address, date_dim, item
 where ws_bill_customer_sk = c_customer_sk
 	and c_current_addr_sk = ca_address_sk 
 	and ws_item_sk = i_item_sk 
 	and ( substr(ca_zip,1,5) in ('85669', '86197','88274','83405','86475', '85392', '85460', '80348', '81792')
 	      or 
 	      i_item_id in (select i_item_id
                             from item
                             where i_item_sk in (2, 3, 5, 7, 11, 13, 17, 19, 23, 29)
                             )
 	    )
 	and ws_sold_date_sk = d_date_sk
 	and d_qoy = 2 and d_year = 1998
 group by ca_zip, ca_county
 order by ca_zip, ca_county
 limit 100;
psql:/tmp/s1-basline/throughput/query_8.sql:3440: NOTICE:  duration: 114.614 ms  plan:
Query Text: select  ca_zip, ca_county, sum(ws_sales_price)
 from web_sales, customer, customer_address, date_dim, item
 where ws_bill_customer_sk = c_customer_sk
 	and c_current_addr_sk = ca_address_sk 
 	and ws_item_sk = i_item_sk 
 	and ( substr(ca_zip,1,5) in ('85669', '86197','88274','83405','86475', '85392', '85460', '80348', '81792')
 	      or 
 	      i_item_id in (select i_item_id
                             from item
                             where i_item_sk in (2, 3, 5, 7, 11, 13, 17, 19, 23, 29)
                             )
 	    )
 	and ws_sold_date_sk = d_date_sk
 	and d_qoy = 2 and d_year = 1998
 group by ca_zip, ca_county
 order by ca_zip, ca_county
 limit 100;
Limit  (cost=28080.47..28082.47 rows=100 width=33) (actual time=114.586..114.599 rows=21 loops=1)
  ->  GroupAggregate  (cost=28080.47..28089.77 rows=465 width=33) (actual time=114.585..114.597 rows=21 loops=1)
        Group Key: customer_address.ca_zip, customer_address.ca_county
        ->  Sort  (cost=28080.47..28081.63 rows=465 width=33) (actual time=114.578..114.582 rows=21 loops=1)
              Sort Key: customer_address.ca_zip, customer_address.ca_county
              Sort Method: quicksort  Memory: 26kB
              ->  Nested Loop  (cost=16.50..28059.86 rows=465 width=33) (actual time=4.620..114.556 rows=21 loops=1)
                    Join Filter: ((substr((customer_address.ca_zip)::text, 1, 5) = ANY ('{85669,86197,88274,83405,86475,85392,85460,80348,81792}'::text[])) OR (hashed SubPlan 1))
                    Rows Removed by Join Filter: 20960
                    ->  Nested Loop  (cost=1.01..27751.42 rows=890 width=41) (actual time=4.454..74.690 rows=20981 loops=1)
                          ->  Nested Loop  (cost=0.72..27465.27 rows=890 width=24) (actual time=4.449..48.115 rows=20981 loops=1)
                                ->  Nested Loop  (cost=0.42..27184.75 rows=890 width=24) (actual time=4.445..20.468 rows=20985 loops=1)
                                      ->  Seq Scan on date_dim  (cost=0.00..2500.73 rows=90 width=8) (actual time=4.436..9.864 rows=91 loops=1)
                                            Filter: ((d_qoy = 2) AND (d_year = 1998))
                                            Rows Removed by Filter: 72958
                                      ->  Index Scan using i_ws_sold_date_sk on web_sales  (cost=0.42..270.30 rows=397 width=32) (actual time=0.004..0.076 rows=231 loops=91)
                                            Index Cond: (ws_sold_date_sk = date_dim.d_date_sk)
                                ->  Index Scan using pk_customer on customer  (cost=0.29..0.32 rows=1 width=16) (actual time=0.001..0.001 rows=1 loops=20985)
                                      Index Cond: (c_customer_sk = web_sales.ws_bill_customer_sk)
                          ->  Index Scan using pk_customer_address on customer_address  (cost=0.29..0.32 rows=1 width=33) (actual time=0.001..0.001 rows=1 loops=20981)
                                Index Cond: (ca_address_sk = customer.c_current_addr_sk)
                    ->  Index Scan using pk_item on item  (cost=0.29..0.31 rows=1 width=25) (actual time=0.001..0.001 rows=1 loops=20981)
                          Index Cond: (i_item_sk = web_sales.ws_item_sk)
                    SubPlan 1
                      ->  Index Scan using pk_item on item item_1  (cost=0.29..15.16 rows=10 width=17) (actual time=0.015..0.027 rows=10 loops=1)
                            Index Cond: (i_item_sk = ANY ('{2,3,5,7,11,13,17,19,23,29}'::bigint[]))
   ca_zip   |       ca_county       |  sum   
------------+-----------------------+--------
 20587      | Brunswick County      |  22.79
 26971      | Spartanburg County    |   5.27
 27940      | Washington County     |  22.87
 28054      | Nottoway County       |  99.14
 28721      | Martin County         |  29.71
 29431      | Prince William County |  37.76
 30534      | Union County          |  34.57
 38482      | Tattnall County       |  16.56
 40069      | Crawford County       |  62.88
 40069      | Trigg County          |  77.04
 43511      | Pulaski County        |  18.88
 49840      | Allen County          |   1.88
 51289      | Grundy County         | 165.15
 52477      | Nobles County         |  29.78
 56871      | Clarke County         | 102.47
 66098      |                       |    4.4
 68222      | Livingston County     |   38.2
 68605      | Sherman County        |   93.3
 68877      | Thomas County         |   84.3
 71545      | Loving County         |   63.6
 76668      | Madison County        | 105.11
(21 rows)

UPDATE time_statistics SET e_time = TRANSACTION_TIMESTAMP() WHERE template = 'query45.tpl' AND stream = 8;
psql:/tmp/s1-basline/throughput/query_8.sql:3442: NOTICE:  duration: 0.082 ms  plan:
Query Text: UPDATE time_statistics SET e_time = TRANSACTION_TIMESTAMP() WHERE template = 'query45.tpl' AND stream = 8;
Update on time_statistics  (cost=0.00..15.28 rows=0 width=0) (actual time=0.081..0.081 rows=0 loops=1)
  ->  Seq Scan on time_statistics  (cost=0.00..15.28 rows=1 width=14) (actual time=0.037..0.067 rows=1 loops=1)
        Filter: ((template = 'query45.tpl'::text) AND (stream = 8))
        Rows Removed by Filter: 502
UPDATE 1
LOAD 'auto_explain'; SET auto_explain.log_min_duration TO 0; SET auto_explain.log_analyze TO on; SET auto_explain.log_level TO notice; INSERT INTO time_statistics (template, s_time, stream, query, seed) VALUES ('query28.tpl', TRANSACTION_TIMESTAMP(), 8, 69, 472164958);
LOAD
SET
SET
SET
psql:/tmp/s1-basline/throughput/query_8.sql:3443: NOTICE:  duration: 0.008 ms  plan:
Query Text: INSERT INTO time_statistics (template, s_time, stream, query, seed) VALUES ('query28.tpl', TRANSACTION_TIMESTAMP(), 8, 69, 472164958);
Insert on time_statistics  (cost=0.00..0.01 rows=0 width=0) (actual time=0.008..0.008 rows=0 loops=1)
  ->  Result  (cost=0.00..0.01 rows=1 width=64) (actual time=0.002..0.002 rows=1 loops=1)
INSERT 0 1
select  *
from (select avg(ss_list_price) B1_LP
            ,count(ss_list_price) B1_CNT
            ,count(distinct ss_list_price) B1_CNTD
      from store_sales
      where ss_quantity between 0 and 5
        and (ss_list_price between 31 and 31+10 
             or ss_coupon_amt between 517 and 517+1000
             or ss_wholesale_cost between 60 and 60+20)) B1,
     (select avg(ss_list_price) B2_LP
            ,count(ss_list_price) B2_CNT
            ,count(distinct ss_list_price) B2_CNTD
      from store_sales
      where ss_quantity between 6 and 10
        and (ss_list_price between 89 and 89+10
          or ss_coupon_amt between 17284 and 17284+1000
          or ss_wholesale_cost between 56 and 56+20)) B2,
     (select avg(ss_list_price) B3_LP
            ,count(ss_list_price) B3_CNT
            ,count(distinct ss_list_price) B3_CNTD
      from store_sales
      where ss_quantity between 11 and 15
        and (ss_list_price between 52 and 52+10
          or ss_coupon_amt between 6661 and 6661+1000
          or ss_wholesale_cost between 29 and 29+20)) B3,
     (select avg(ss_list_price) B4_LP
            ,count(ss_list_price) B4_CNT
            ,count(distinct ss_list_price) B4_CNTD
      from store_sales
      where ss_quantity between 16 and 20
        and (ss_list_price between 171 and 171+10
          or ss_coupon_amt between 7484 and 7484+1000
          or ss_wholesale_cost between 23 and 23+20)) B4,
     (select avg(ss_list_price) B5_LP
            ,count(ss_list_price) B5_CNT
            ,count(distinct ss_list_price) B5_CNTD
      from store_sales
      where ss_quantity between 21 and 25
        and (ss_list_price between 83 and 83+10
          or ss_coupon_amt between 7887 and 7887+1000
          or ss_wholesale_cost between 17 and 17+20)) B5,
     (select avg(ss_list_price) B6_LP
            ,count(ss_list_price) B6_CNT
            ,count(distinct ss_list_price) B6_CNTD
      from store_sales
      where ss_quantity between 26 and 30
        and (ss_list_price between 163 and 163+10
          or ss_coupon_amt between 11204 and 11204+1000
          or ss_wholesale_cost between 11 and 11+20)) B6
limit 100;
psql:/tmp/s1-basline/throughput/query_8.sql:3493: NOTICE:  duration: 1573.918 ms  plan:
Query Text: select  *
from (select avg(ss_list_price) B1_LP
            ,count(ss_list_price) B1_CNT
            ,count(distinct ss_list_price) B1_CNTD
      from store_sales
      where ss_quantity between 0 and 5
        and (ss_list_price between 31 and 31+10 
             or ss_coupon_amt between 517 and 517+1000
             or ss_wholesale_cost between 60 and 60+20)) B1,
     (select avg(ss_list_price) B2_LP
            ,count(ss_list_price) B2_CNT
            ,count(distinct ss_list_price) B2_CNTD
      from store_sales
      where ss_quantity between 6 and 10
        and (ss_list_price between 89 and 89+10
          or ss_coupon_amt between 17284 and 17284+1000
          or ss_wholesale_cost between 56 and 56+20)) B2,
     (select avg(ss_list_price) B3_LP
            ,count(ss_list_price) B3_CNT
            ,count(distinct ss_list_price) B3_CNTD
      from store_sales
      where ss_quantity between 11 and 15
        and (ss_list_price between 52 and 52+10
          or ss_coupon_amt between 6661 and 6661+1000
          or ss_wholesale_cost between 29 and 29+20)) B3,
     (select avg(ss_list_price) B4_LP
            ,count(ss_list_price) B4_CNT
            ,count(distinct ss_list_price) B4_CNTD
      from store_sales
      where ss_quantity between 16 and 20
        and (ss_list_price between 171 and 171+10
          or ss_coupon_amt between 7484 and 7484+1000
          or ss_wholesale_cost between 23 and 23+20)) B4,
     (select avg(ss_list_price) B5_LP
            ,count(ss_list_price) B5_CNT
            ,count(distinct ss_list_price) B5_CNTD
      from store_sales
      where ss_quantity between 21 and 25
        and (ss_list_price between 83 and 83+10
          or ss_coupon_amt between 7887 and 7887+1000
          or ss_wholesale_cost between 17 and 17+20)) B5,
     (select avg(ss_list_price) B6_LP
            ,count(ss_list_price) B6_CNT
            ,count(distinct ss_list_price) B6_CNTD
      from store_sales
      where ss_quantity between 26 and 30
        and (ss_list_price between 163 and 163+10
          or ss_coupon_amt between 11204 and 11204+1000
          or ss_wholesale_cost between 11 and 11+20)) B6
limit 100;
Limit  (cost=684993.81..684993.98 rows=1 width=144) (actual time=1503.922..1573.905 rows=1 loops=1)
  ->  Nested Loop  (cost=684993.81..684993.98 rows=1 width=144) (actual time=1503.921..1573.904 rows=1 loops=1)
        ->  Nested Loop  (cost=571308.08..571308.21 rows=1 width=120) (actual time=1253.926..1254.360 rows=1 loops=1)
              ->  Nested Loop  (cost=456991.10..456991.21 rows=1 width=96) (actual time=1002.909..1003.270 rows=1 loops=1)
                    ->  Nested Loop  (cost=343368.79..343368.86 rows=1 width=72) (actual time=752.751..753.038 rows=1 loops=1)
                          ->  Nested Loop  (cost=229030.95..229031.00 rows=1 width=48) (actual time=502.551..502.765 rows=1 loops=1)
                                ->  Aggregate  (cost=114635.82..114635.83 rows=1 width=24) (actual time=250.116..250.253 rows=1 loops=1)
                                      ->  Gather  (cost=1000.00..114353.44 rows=37651 width=8) (actual time=0.277..241.678 rows=35941 loops=1)
                                            Workers Planned: 2
                                            Workers Launched: 2
                                            ->  Parallel Seq Scan on store_sales  (cost=0.00..109588.34 rows=15688 width=8) (actual time=0.067..238.239 rows=11980 loops=3)
                                                  Filter: ((ss_quantity >= 0) AND (ss_quantity <= 5) AND (((ss_list_price >= '31'::double precision) AND (ss_list_price <= '41'::double precision)) OR ((ss_coupon_amt >= '517'::double precision) AND (ss_coupon_amt <= '1517'::double precision)) OR ((ss_wholesale_cost >= '60'::double precision) AND (ss_wholesale_cost <= '80'::double precision))))
                                                  Rows Removed by Filter: 936170
                                ->  Aggregate  (cost=114395.13..114395.14 rows=1 width=24) (actual time=252.432..252.507 rows=1 loops=1)
                                      ->  Gather  (cost=1000.00..114129.54 rows=35412 width=8) (actual time=0.329..244.911 rows=32084 loops=1)
                                            Workers Planned: 2
                                            Workers Launched: 2
                                            ->  Parallel Seq Scan on store_sales store_sales_1  (cost=0.00..109588.34 rows=14755 width=8) (actual time=0.032..241.293 rows=10695 loops=3)
                                                  Filter: ((ss_quantity >= 6) AND (ss_quantity <= 10) AND (((ss_list_price >= '89'::double precision) AND (ss_list_price <= '99'::double precision)) OR ((ss_coupon_amt >= '17284'::double precision) AND (ss_coupon_amt <= '18284'::double precision)) OR ((ss_wholesale_cost >= '56'::double precision) AND (ss_wholesale_cost <= '76'::double precision))))
                                                  Rows Removed by Filter: 937455
                          ->  Aggregate  (cost=114337.83..114337.84 rows=1 width=24) (actual time=250.195..250.267 rows=1 loops=1)
                                ->  Gather  (cost=1000.00..114076.24 rows=34879 width=8) (actual time=0.314..243.491 rows=29228 loops=1)
                                      Workers Planned: 2
                                      Workers Launched: 2
                                      ->  Parallel Seq Scan on store_sales store_sales_2  (cost=0.00..109588.34 rows=14533 width=8) (actual time=0.023..239.883 rows=9743 loops=3)
                                            Filter: ((ss_quantity >= 11) AND (ss_quantity <= 15) AND (((ss_list_price >= '52'::double precision) AND (ss_list_price <= '62'::double precision)) OR ((ss_coupon_amt >= '6661'::double precision) AND (ss_coupon_amt <= '7661'::double precision)) OR ((ss_wholesale_cost >= '29'::double precision) AND (ss_wholesale_cost <= '49'::double precision))))
                                            Rows Removed by Filter: 938407
                    ->  Aggregate  (cost=113622.31..113622.32 rows=1 width=24) (actual time=250.155..250.228 rows=1 loops=1)
                          ->  Gather  (cost=1000.00..113410.64 rows=28223 width=8) (actual time=0.361..243.468 rows=28630 loops=1)
                                Workers Planned: 2
                                Workers Launched: 2
                                ->  Parallel Seq Scan on store_sales store_sales_3  (cost=0.00..109588.34 rows=11760 width=8) (actual time=0.042..239.959 rows=9543 loops=3)
                                      Filter: ((ss_quantity >= 16) AND (ss_quantity <= 20) AND (((ss_list_price >= '171'::double precision) AND (ss_list_price <= '181'::double precision)) OR ((ss_coupon_amt >= '7484'::double precision) AND (ss_coupon_amt <= '8484'::double precision)) OR ((ss_wholesale_cost >= '23'::double precision) AND (ss_wholesale_cost <= '43'::double precision))))
                                      Rows Removed by Filter: 938607
              ->  Aggregate  (cost=114316.98..114316.99 rows=1 width=24) (actual time=251.013..251.084 rows=1 loops=1)
                    ->  Gather  (cost=1000.00..114056.84 rows=34685 width=8) (actual time=0.345..242.735 rows=36054 loops=1)
                          Workers Planned: 2
                          Workers Launched: 2
                          ->  Parallel Seq Scan on store_sales store_sales_4  (cost=0.00..109588.34 rows=14452 width=8) (actual time=0.042..239.303 rows=12018 loops=3)
                                Filter: ((ss_quantity >= 21) AND (ss_quantity <= 25) AND (((ss_list_price >= '83'::double precision) AND (ss_list_price <= '93'::double precision)) OR ((ss_coupon_amt >= '7887'::double precision) AND (ss_coupon_amt <= '8887'::double precision)) OR ((ss_wholesale_cost >= '17'::double precision) AND (ss_wholesale_cost <= '37'::double precision))))
                                Rows Removed by Filter: 936132
        ->  Aggregate  (cost=113685.74..113685.75 rows=1 width=24) (actual time=249.991..319.539 rows=1 loops=1)
              ->  Gather  (cost=1000.00..113469.64 rows=28813 width=8) (actual time=0.307..312.865 rows=28950 loops=1)
                    Workers Planned: 2
                    Workers Launched: 2
                    ->  Parallel Seq Scan on store_sales store_sales_5  (cost=0.00..109588.34 rows=12005 width=8) (actual time=0.022..239.695 rows=9650 loops=3)
                          Filter: ((ss_quantity >= 26) AND (ss_quantity <= 30) AND (((ss_list_price >= '163'::double precision) AND (ss_list_price <= '173'::double precision)) OR ((ss_coupon_amt >= '11204'::double precision) AND (ss_coupon_amt <= '12204'::double precision)) OR ((ss_wholesale_cost >= '11'::double precision) AND (ss_wholesale_cost <= '31'::double precision))))
                          Rows Removed by Filter: 938500
      b1_lp       | b1_cnt | b1_cntd |       b2_lp       | b2_cnt | b2_cntd |       b3_lp        | b3_cnt | b3_cntd |      b4_lp       | b4_cnt | b4_cntd |       b5_lp       | b5_cnt | b5_cntd |       b6_lp       | b6_cnt | b6_cntd 
------------------+--------+---------+-------------------+--------+---------+--------------------+--------+---------+------------------+--------+---------+-------------------+--------+---------+-------------------+--------+---------
 87.0213603075288 |  35639 |    9388 | 98.16695663128705 |  31751 |    8105 | 58.391981801197176 |  28903 |    5961 | 57.0508254416963 |  28300 |    6324 | 52.77333529115634 |  35754 |    6072 | 42.85039310923159 |  28618 |    5517
(1 row)

UPDATE time_statistics SET e_time = TRANSACTION_TIMESTAMP() WHERE template = 'query28.tpl' AND stream = 8;
psql:/tmp/s1-basline/throughput/query_8.sql:3495: NOTICE:  duration: 0.089 ms  plan:
Query Text: UPDATE time_statistics SET e_time = TRANSACTION_TIMESTAMP() WHERE template = 'query28.tpl' AND stream = 8;
Update on time_statistics  (cost=0.00..15.28 rows=0 width=0) (actual time=0.088..0.089 rows=0 loops=1)
  ->  Seq Scan on time_statistics  (cost=0.00..15.28 rows=1 width=14) (actual time=0.039..0.069 rows=1 loops=1)
        Filter: ((template = 'query28.tpl'::text) AND (stream = 8))
        Rows Removed by Filter: 503
UPDATE 1
LOAD 'auto_explain'; SET auto_explain.log_min_duration TO 0; SET auto_explain.log_analyze TO on; SET auto_explain.log_level TO notice; INSERT INTO time_statistics (template, s_time, stream, query, seed) VALUES ('query11.tpl', TRANSACTION_TIMESTAMP(), 8, 70, 459628044);
LOAD
SET
SET
SET
psql:/tmp/s1-basline/throughput/query_8.sql:3496: NOTICE:  duration: 0.009 ms  plan:
Query Text: INSERT INTO time_statistics (template, s_time, stream, query, seed) VALUES ('query11.tpl', TRANSACTION_TIMESTAMP(), 8, 70, 459628044);
Insert on time_statistics  (cost=0.00..0.01 rows=0 width=0) (actual time=0.009..0.009 rows=0 loops=1)
  ->  Result  (cost=0.00..0.01 rows=1 width=64) (actual time=0.001..0.002 rows=1 loops=1)
INSERT 0 1
with year_total as (
 select c_customer_id customer_id
       ,c_first_name customer_first_name
       ,c_last_name customer_last_name
       ,c_preferred_cust_flag customer_preferred_cust_flag
       ,c_birth_country customer_birth_country
       ,c_login customer_login
       ,c_email_address customer_email_address
       ,d_year dyear
       ,sum(ss_ext_list_price-ss_ext_discount_amt) year_total
       ,'s' sale_type
 from customer
     ,store_sales
     ,date_dim
 where c_customer_sk = ss_customer_sk
   and ss_sold_date_sk = d_date_sk
 group by c_customer_id
         ,c_first_name
         ,c_last_name
         ,c_preferred_cust_flag 
         ,c_birth_country
         ,c_login
         ,c_email_address
         ,d_year 
 union all
 select c_customer_id customer_id
       ,c_first_name customer_first_name
       ,c_last_name customer_last_name
       ,c_preferred_cust_flag customer_preferred_cust_flag
       ,c_birth_country customer_birth_country
       ,c_login customer_login
       ,c_email_address customer_email_address
       ,d_year dyear
       ,sum(ws_ext_list_price-ws_ext_discount_amt) year_total
       ,'w' sale_type
 from customer
     ,web_sales
     ,date_dim
 where c_customer_sk = ws_bill_customer_sk
   and ws_sold_date_sk = d_date_sk
 group by c_customer_id
         ,c_first_name
         ,c_last_name
         ,c_preferred_cust_flag 
         ,c_birth_country
         ,c_login
         ,c_email_address
         ,d_year
         )
  select  
                  t_s_secyear.customer_id
                 ,t_s_secyear.customer_first_name
                 ,t_s_secyear.customer_last_name
                 ,t_s_secyear.customer_birth_country
 from year_total t_s_firstyear
     ,year_total t_s_secyear
     ,year_total t_w_firstyear
     ,year_total t_w_secyear
 where t_s_secyear.customer_id = t_s_firstyear.customer_id
         and t_s_firstyear.customer_id = t_w_secyear.customer_id
         and t_s_firstyear.customer_id = t_w_firstyear.customer_id
         and t_s_firstyear.sale_type = 's'
         and t_w_firstyear.sale_type = 'w'
         and t_s_secyear.sale_type = 's'
         and t_w_secyear.sale_type = 'w'
         and t_s_firstyear.dyear = 1998
         and t_s_secyear.dyear = 1998+1
         and t_w_firstyear.dyear = 1998
         and t_w_secyear.dyear = 1998+1
         and t_s_firstyear.year_total > 0
         and t_w_firstyear.year_total > 0
         and case when t_w_firstyear.year_total > 0 then t_w_secyear.year_total / t_w_firstyear.year_total else 0.0 end
             > case when t_s_firstyear.year_total > 0 then t_s_secyear.year_total / t_s_firstyear.year_total else 0.0 end
 order by t_s_secyear.customer_id
         ,t_s_secyear.customer_first_name
         ,t_s_secyear.customer_last_name
         ,t_s_secyear.customer_birth_country
limit 100;
psql:/tmp/s1-basline/throughput/query_8.sql:3574: NOTICE:  duration: 2029592.119 ms  plan:
Query Text: with year_total as (
 select c_customer_id customer_id
       ,c_first_name customer_first_name
       ,c_last_name customer_last_name
       ,c_preferred_cust_flag customer_preferred_cust_flag
       ,c_birth_country customer_birth_country
       ,c_login customer_login
       ,c_email_address customer_email_address
       ,d_year dyear
       ,sum(ss_ext_list_price-ss_ext_discount_amt) year_total
       ,'s' sale_type
 from customer
     ,store_sales
     ,date_dim
 where c_customer_sk = ss_customer_sk
   and ss_sold_date_sk = d_date_sk
 group by c_customer_id
         ,c_first_name
         ,c_last_name
         ,c_preferred_cust_flag 
         ,c_birth_country
         ,c_login
         ,c_email_address
         ,d_year 
 union all
 select c_customer_id customer_id
       ,c_first_name customer_first_name
       ,c_last_name customer_last_name
       ,c_preferred_cust_flag customer_preferred_cust_flag
       ,c_birth_country customer_birth_country
       ,c_login customer_login
       ,c_email_address customer_email_address
       ,d_year dyear
       ,sum(ws_ext_list_price-ws_ext_discount_amt) year_total
       ,'w' sale_type
 from customer
     ,web_sales
     ,date_dim
 where c_customer_sk = ws_bill_customer_sk
   and ws_sold_date_sk = d_date_sk
 group by c_customer_id
         ,c_first_name
         ,c_last_name
         ,c_preferred_cust_flag 
         ,c_birth_country
         ,c_login
         ,c_email_address
         ,d_year
         )
  select  
                  t_s_secyear.customer_id
                 ,t_s_secyear.customer_first_name
                 ,t_s_secyear.customer_last_name
                 ,t_s_secyear.customer_birth_country
 from year_total t_s_firstyear
     ,year_total t_s_secyear
     ,year_total t_w_firstyear
     ,year_total t_w_secyear
 where t_s_secyear.customer_id = t_s_firstyear.customer_id
         and t_s_firstyear.customer_id = t_w_secyear.customer_id
         and t_s_firstyear.customer_id = t_w_firstyear.customer_id
         and t_s_firstyear.sale_type = 's'
         and t_w_firstyear.sale_type = 'w'
         and t_s_secyear.sale_type = 's'
         and t_w_secyear.sale_type = 'w'
         and t_s_firstyear.dyear = 1998
         and t_s_secyear.dyear = 1998+1
         and t_w_firstyear.dyear = 1998
         and t_w_secyear.dyear = 1998+1
         and t_s_firstyear.year_total > 0
         and t_w_firstyear.year_total > 0
         and case when t_w_firstyear.year_total > 0 then t_w_secyear.year_total / t_w_firstyear.year_total else 0.0 end
             > case when t_s_firstyear.year_total > 0 then t_s_secyear.year_total / t_s_firstyear.year_total else 0.0 end
 order by t_s_secyear.customer_id
         ,t_s_secyear.customer_first_name
         ,t_s_secyear.customer_last_name
         ,t_s_secyear.customer_birth_country
limit 100;
Limit  (cost=1159098.79..1159098.80 rows=1 width=334) (actual time=2029592.048..2029592.068 rows=95 loops=1)
  CTE year_total
    ->  Append  (cost=408517.15..806440.71 rows=3358371 width=231) (actual time=3579.225..5242.392 rows=244732 loops=1)
          ->  HashAggregate  (cost=408517.15..584187.44 rows=2636084 width=231) (actual time=3579.224..4221.409 rows=188832 loops=1)
                Group Key: customer.c_customer_id, customer.c_first_name, customer.c_last_name, customer.c_preferred_cust_flag, customer.c_birth_country, customer.c_login, customer.c_email_address, date_dim.d_year
                Planned Partitions: 32  Batches: 33  Memory Usage: 33049kB  Disk Usage: 217120kB
                ->  Hash Join  (cost=8459.60..125652.99 rows=2636084 width=207) (actual time=78.865..1735.560 rows=2651152 loops=1)
                      Hash Cond: (store_sales.ss_sold_date_sk = date_dim.d_date_sk)
                      ->  Hash Join  (cost=5411.00..115360.98 rows=2759238 width=211) (actual time=60.645..1271.961 rows=2716019 loops=1)
                            Hash Cond: (store_sales.ss_customer_sk = customer.c_customer_sk)
                            ->  Seq Scan on store_sales  (cost=0.00..102361.67 rows=2890667 width=32) (actual time=0.004..223.672 rows=2844450 loops=1)
                            ->  Hash  (cost=4161.00..4161.00 rows=100000 width=195) (actual time=60.422..60.423 rows=100000 loops=1)
                                  Buckets: 131072  Batches: 1  Memory Usage: 17780kB
                                  ->  Seq Scan on customer  (cost=0.00..4161.00 rows=100000 width=195) (actual time=0.004..28.875 rows=100000 loops=1)
                      ->  Hash  (cost=2135.49..2135.49 rows=73049 width=12) (actual time=18.149..18.150 rows=73049 loops=1)
                            Buckets: 131072  Batches: 1  Memory Usage: 4449kB
                            ->  Seq Scan on date_dim  (cost=0.00..2135.49 rows=73049 width=12) (actual time=0.005..9.378 rows=73049 loops=1)
          ->  HashAggregate  (cost=123744.05..171877.70 rows=722287 width=231) (actual time=989.920..1006.511 rows=55900 loops=1)
                Group Key: customer_1.c_customer_id, customer_1.c_first_name, customer_1.c_last_name, customer_1.c_preferred_cust_flag, customer_1.c_birth_country, customer_1.c_login, customer_1.c_email_address, date_dim_1.d_year
                Planned Partitions: 16  Batches: 1  Memory Usage: 19481kB
                ->  Hash Join  (cost=8459.60..46239.27 rows=722287 width=207) (actual time=70.487..522.783 rows=711274 loops=1)
                      Hash Cond: (web_sales.ws_sold_date_sk = date_dim_1.d_date_sk)
                      ->  Hash Join  (cost=5411.00..41294.30 rows=722383 width=211) (actual time=52.090..384.847 rows=711350 loops=1)
                            Hash Cond: (web_sales.ws_bill_customer_sk = customer_1.c_customer_sk)
                            ->  Seq Scan on web_sales  (cost=0.00..33986.52 rows=722552 width=32) (actual time=0.005..62.503 rows=711555 loops=1)
                            ->  Hash  (cost=4161.00..4161.00 rows=100000 width=195) (actual time=52.006..52.007 rows=100000 loops=1)
                                  Buckets: 131072  Batches: 1  Memory Usage: 17780kB
                                  ->  Seq Scan on customer customer_1  (cost=0.00..4161.00 rows=100000 width=195) (actual time=0.004..29.188 rows=100000 loops=1)
                      ->  Hash  (cost=2135.49..2135.49 rows=73049 width=12) (actual time=18.314..18.315 rows=73049 loops=1)
                            Buckets: 131072  Batches: 1  Memory Usage: 4449kB
                            ->  Seq Scan on date_dim date_dim_1  (cost=0.00..2135.49 rows=73049 width=12) (actual time=0.013..9.523 rows=73049 loops=1)
  ->  Sort  (cost=352658.09..352658.09 rows=1 width=334) (actual time=2029592.047..2029592.052 rows=95 loops=1)
        Sort Key: t_s_secyear.customer_id, t_s_secyear.customer_first_name, t_s_secyear.customer_last_name, t_s_secyear.customer_birth_country
        Sort Method: quicksort  Memory: 38kB
        ->  Nested Loop  (cost=0.00..352658.08 rows=1 width=334) (actual time=22741.618..2029591.779 rows=95 loops=1)
              Join Filter: ((t_s_secyear.customer_id = t_w_secyear.customer_id) AND (CASE WHEN (t_w_firstyear.year_total > '0'::double precision) THEN (t_w_secyear.year_total / t_w_firstyear.year_total) ELSE '0'::double precision END > CASE WHEN (t_s_firstyear.year_total > '0'::double precision) THEN (t_s_secyear.year_total / t_s_firstyear.year_total) ELSE '0'::double precision END))
              Rows Removed by Join Filter: 17790467
              ->  Nested Loop  (cost=0.00..268693.76 rows=2 width=494) (actual time=5501.046..1958097.801 rows=1591 loops=1)
                    Join Filter: (t_s_firstyear.customer_id = t_s_secyear.customer_id)
                    Rows Removed by Join Filter: 156340325
                    ->  Nested Loop  (cost=0.00..184727.77 rows=4 width=152) (actual time=5494.431..1753417.968 rows=4138 loops=1)
                          Join Filter: (t_s_firstyear.customer_id = t_w_firstyear.customer_id)
                          Rows Removed by Join Filter: 417759677
                          ->  CTE Scan on year_total t_s_firstyear  (cost=0.00..92355.20 rows=28 width=76) (actual time=3579.241..3691.253 rows=37317 loops=1)
                                Filter: ((year_total > '0'::double precision) AND (sale_type = 's'::text) AND (dyear = 1998))
                                Rows Removed by Filter: 207415
                          ->  CTE Scan on year_total t_w_firstyear  (cost=0.00..92355.20 rows=28 width=76) (actual time=34.877..46.091 rows=11195 loops=37317)
                                Filter: ((year_total > '0'::double precision) AND (sale_type = 'w'::text) AND (dyear = 1998))
                                Rows Removed by Filter: 233537
                    ->  CTE Scan on year_total t_s_secyear  (cost=0.00..83959.28 rows=84 width=342) (actual time=0.002..46.837 rows=37782 loops=4138)
                          Filter: ((sale_type = 's'::text) AND (dyear = 1999))
                          Rows Removed by Filter: 206950
              ->  CTE Scan on year_total t_w_secyear  (cost=0.00..83959.28 rows=84 width=76) (actual time=33.288..44.145 rows=11182 loops=1591)
                    Filter: ((sale_type = 'w'::text) AND (dyear = 1999))
                    Rows Removed by Filter: 233550
   customer_id    | customer_first_name  |       customer_last_name       | customer_birth_country 
------------------+----------------------+--------------------------------+------------------------
 AAAAAAAAABNHAAAA | Bill                 | Watson                         | TOKELAU
 AAAAAAAAACNKAAAA | Bessie               | Herbert                        | BERMUDA
 AAAAAAAAAIGEAAAA | Sandra               | Sanchez                        | WALLIS AND FUTUNA
 AAAAAAAAAIGHAAAA | Stephen              | Quinones                       | MALTA
 AAAAAAAAAIHCAAAA | Bernadette           | Elam                           | SRI LANKA
 AAAAAAAAAIIEAAAA | Kathleen             | Knight                         | MALAWI
 AAAAAAAABCJGAAAA | Brian                | Moses                          | BURUNDI
 AAAAAAAABDBABAAA | Jeff                 | Shepherd                       | FRANCE
 AAAAAAAABDMGBAAA | Jason                | Lyman                          | PUERTO RICO
 AAAAAAAABDPHBAAA | Raquel               | Lynch                          | PAPUA NEW GUINEA
 AAAAAAAABGAHBAAA | Eduardo              | Patterson                      | NAURU
 AAAAAAAABKLDAAAA | Olga                 | Lozano                         | BAHRAIN
 AAAAAAAABLHOAAAA | Robert               |                                | PUERTO RICO
 AAAAAAAABNEBAAAA | Irene                | Velasco                        | PUERTO RICO
 AAAAAAAABOJPAAAA | Robert               | Jackson                        | BANGLADESH
 AAAAAAAACAIHAAAA | Robert               | Lee                            | JAPAN
 AAAAAAAACBAFAAAA | Heather              | Franco                         | MALAWI
 AAAAAAAACDBABAAA | Nancy                | Castillo                       | NEW ZEALAND
 AAAAAAAACEDFAAAA | Etta                 | Florez                         | KIRIBATI
 AAAAAAAACFMOAAAA | Nichole              | Thornton                       | JORDAN
 AAAAAAAACMFDBAAA | Timothy              | Kelly                          | BARBADOS
 AAAAAAAACPIEAAAA | Stephanie            | Lopez                          | SAN MARINO
 AAAAAAAACPMEAAAA | Crystal              | Lawrence                       | PHILIPPINES
 AAAAAAAADBKGAAAA | Clarence             | Cunningham                     | NIGERIA
 AAAAAAAADHMNAAAA | Sheryl               | Jansen                         | CHILE
 AAAAAAAAEFANAAAA | Dennis               | Williams                       | SRI LANKA
 AAAAAAAAEKJIAAAA | Mitchell             | Cole                           | ITALY
 AAAAAAAAEMOJAAAA | Gerald               | Dodd                           | ALGERIA
 AAAAAAAAENHEAAAA | Fernando             | Hernandez                      | DENMARK
 AAAAAAAAFGGFAAAA | Nathaniel            | Walker                         | ZAMBIA
 AAAAAAAAFJOJAAAA | Derrick              | Prieto                         | CYPRUS
 AAAAAAAAFLCABAAA | Joyce                | Thompson                       | PITCAIRN
 AAAAAAAAFMPFAAAA | Marvin               | Logan                          | PITCAIRN
 AAAAAAAAFOKLAAAA | Dean                 | Payton                         | SAN MARINO
 AAAAAAAAGFBJAAAA | Arlene               | Wyant                          | BERMUDA
 AAAAAAAAGGDHBAAA | Rose                 | Keyes                          | BOTSWANA
 AAAAAAAAGGJCBAAA | Jesse                | Hill                           | CHRISTMAS ISLAND
 AAAAAAAAGHOEBAAA | Carrie               | Tracy                          | KYRGYZSTAN
 AAAAAAAAGNPPAAAA | Dora                 | Copeland                       | GIBRALTAR
 AAAAAAAAHBOCAAAA | Michael              | Duncan                         | CZECH REPUBLIC
 AAAAAAAAHDPFBAAA | Millard              | Johnston                       | LESOTHO
 AAAAAAAAHNEPAAAA | Donna                | Murphy                         | TRINIDAD AND TOBAGO
 AAAAAAAAHNLMAAAA | Mei                  | Johnson                        | DENMARK
 AAAAAAAAIBPPAAAA | David                | Clark                          | WALLIS AND FUTUNA
 AAAAAAAAICCPAAAA | James                | Guinn                          | CÃ\u0094TE D'IVOIRE
 AAAAAAAAIDCIBAAA | Amanda               | Moore                          | SINGAPORE
 AAAAAAAAIMIMAAAA | Herman               | Carr                           | ISRAEL
 AAAAAAAAJDEFAAAA | Albert               | Thomas                         | CZECH REPUBLIC
 AAAAAAAAJHIIAAAA | Carl                 | Kendall                        | NETHERLANDS
 AAAAAAAAJJDAAAAA | Donald               | Villasenor                     | THAILAND
 AAAAAAAAJKEJAAAA | Charlene             | Cash                           | WESTERN SAHARA
 AAAAAAAAJMHKAAAA | Sylvia               | Harris                         | PAKISTAN
 AAAAAAAAKALFBAAA | Dorothy              | Pierce                         | WALLIS AND FUTUNA
 AAAAAAAAKLFKAAAA | Aubrey               | Washburn                       | EQUATORIAL GUINEA
 AAAAAAAAKMHPAAAA | Melody               | Lambert                        | MALI
 AAAAAAAAKNEKAAAA | Nathan               | Vaughn                         | GUYANA
 AAAAAAAAKNGKAAAA | Brian                | Singletary                     | UZBEKISTAN
 AAAAAAAALAEGBAAA | Amelia               | Poole                          | GEORGIA
 AAAAAAAALBGMAAAA | Curtis               | Madden                         | BOLIVIA
 AAAAAAAALBLAAAAA | Burton               | George                         | HONDURAS
 AAAAAAAALFNBAAAA | Stephen              | Curry                          | FRENCH GUIANA
 AAAAAAAALFPFBAAA | Emery                | Garcia                         | NETHERLANDS ANTILLES
 AAAAAAAALGNLAAAA | Edward               | Maxwell                        | GRENADA
 AAAAAAAALHJJAAAA | William              | Marshall                       | NAURU
 AAAAAAAALIAABAAA | Joseph               | Parker                         | DJIBOUTI
 AAAAAAAALJGDAAAA | Michael              | Marshall                       | AMERICAN SAMOA
 AAAAAAAALJODAAAA | William              | Drummond                       | LUXEMBOURG
 AAAAAAAALLDBBAAA | Molly                | Cruse                          | BURKINA FASO
 AAAAAAAALNKCBAAA | Billy                | Zimmerman                      | SAMOA
 AAAAAAAALOADAAAA | Autumn               | Bentley                        | FAROE ISLANDS
 AAAAAAAALOBJAAAA | Edward               | Moore                          | ANTIGUA AND BARBUDA
 AAAAAAAAMDECBAAA | Angelique            | Gilchrist                      | EL SALVADOR
 AAAAAAAAMGBABAAA | Amanda               | Ramirez                        | ANTIGUA AND BARBUDA
 AAAAAAAAMJCNAAAA | Richard              | Wright                         | IRELAND
 AAAAAAAAMKHJAAAA | Santiago             | Bryant                         | DOMINICA
 AAAAAAAAMLCLAAAA | Barry                | Curtis                         | WESTERN SAHARA
 AAAAAAAAMNGDAAAA |                      |                                | MOROCCO
 AAAAAAAAMPCHAAAA | Robert               | Murphy                         | UNITED STATES
 AAAAAAAANBLDAAAA | Michael              | Frank                          | BAHAMAS
 AAAAAAAANEGMAAAA | Brandon              | Hall                           | INDONESIA
 AAAAAAAANHHIAAAA | Clarence             | Ferguson                       | DJIBOUTI
 AAAAAAAANMOIAAAA | Daniel               | Alvarez                        | AUSTRIA
 AAAAAAAANPLDAAAA | Steve                | Scott                          | POLAND
 AAAAAAAAODKFBAAA | Antonia              | Crowe                          | CROATIA
 AAAAAAAAODPCAAAA | Manuel               | Sawyer                         | PARAGUAY
 AAAAAAAAOEJMAAAA | June                 | Daniels                        | INDIA
 AAAAAAAAOKCDBAAA | Leigh                | Smith                          | GUINEA
 AAAAAAAAONGBAAAA | Cody                 | Macias                         | SRI LANKA
 AAAAAAAAPBMKAAAA | Kara                 | Clouse                         | KIRIBATI
 AAAAAAAAPBNLAAAA |                      |                                | 
 AAAAAAAAPDMGAAAA | Christi              |                                | EQUATORIAL GUINEA
 AAAAAAAAPEBHAAAA | Willie               | Smith                          | SWITZERLAND
 AAAAAAAAPEDGAAAA | Rebecca              | Nation                         | MOLDOVA, REPUBLIC OF
 AAAAAAAAPFNGBAAA | Theodore             | Young                          | CAMBODIA
 AAAAAAAAPMBDBAAA | Suzanne              | Peters                         | INDONESIA
(95 rows)

UPDATE time_statistics SET e_time = TRANSACTION_TIMESTAMP() WHERE template = 'query11.tpl' AND stream = 8;
psql:/tmp/s1-basline/throughput/query_8.sql:3576: NOTICE:  duration: 0.098 ms  plan:
Query Text: UPDATE time_statistics SET e_time = TRANSACTION_TIMESTAMP() WHERE template = 'query11.tpl' AND stream = 8;
Update on time_statistics  (cost=0.00..15.87 rows=0 width=0) (actual time=0.097..0.098 rows=0 loops=1)
  ->  Seq Scan on time_statistics  (cost=0.00..15.87 rows=1 width=14) (actual time=0.045..0.073 rows=1 loops=1)
        Filter: ((template = 'query11.tpl'::text) AND (stream = 8))
        Rows Removed by Filter: 534
UPDATE 1
LOAD 'auto_explain'; SET auto_explain.log_min_duration TO 0; SET auto_explain.log_analyze TO on; SET auto_explain.log_level TO notice; INSERT INTO time_statistics (template, s_time, stream, query, seed) VALUES ('query89.tpl', TRANSACTION_TIMESTAMP(), 8, 71, 1364140922);
LOAD
SET
SET
SET
psql:/tmp/s1-basline/throughput/query_8.sql:3577: NOTICE:  duration: 0.020 ms  plan:
Query Text: INSERT INTO time_statistics (template, s_time, stream, query, seed) VALUES ('query89.tpl', TRANSACTION_TIMESTAMP(), 8, 71, 1364140922);
Insert on time_statistics  (cost=0.00..0.01 rows=0 width=0) (actual time=0.019..0.020 rows=0 loops=1)
  ->  Result  (cost=0.00..0.01 rows=1 width=64) (actual time=0.001..0.001 rows=1 loops=1)
INSERT 0 1
select  *
from(
select i_category, i_class, i_brand,
       s_store_name, s_company_name,
       d_moy,
       sum(ss_sales_price) sum_sales,
       avg(sum(ss_sales_price)) over
         (partition by i_category, i_brand, s_store_name, s_company_name)
         avg_monthly_sales
from item, store_sales, date_dim, store
where ss_item_sk = i_item_sk and
      ss_sold_date_sk = d_date_sk and
      ss_store_sk = s_store_sk and
      d_year in (2000) and
        ((i_category in ('Shoes','Books','Sports') and
          i_class in ('athletic','reference','golf')
         )
      or (i_category in ('Men','Music','Women') and
          i_class in ('accessories','classical','fragrances') 
        ))
group by i_category, i_class, i_brand,
         s_store_name, s_company_name, d_moy) tmp1
where case when (avg_monthly_sales <> 0) then (abs(sum_sales - avg_monthly_sales) / avg_monthly_sales) else null end > 0.1
order by sum_sales - avg_monthly_sales, s_store_name
limit 100;
psql:/tmp/s1-basline/throughput/query_8.sql:3602: NOTICE:  duration: 624.026 ms  plan:
Query Text: select  *
from(
select i_category, i_class, i_brand,
       s_store_name, s_company_name,
       d_moy,
       sum(ss_sales_price) sum_sales,
       avg(sum(ss_sales_price)) over
         (partition by i_category, i_brand, s_store_name, s_company_name)
         avg_monthly_sales
from item, store_sales, date_dim, store
where ss_item_sk = i_item_sk and
      ss_sold_date_sk = d_date_sk and
      ss_store_sk = s_store_sk and
      d_year in (2000) and
        ((i_category in ('Shoes','Books','Sports') and
          i_class in ('athletic','reference','golf')
         )
      or (i_category in ('Men','Music','Women') and
          i_class in ('accessories','classical','fragrances') 
        ))
group by i_category, i_class, i_brand,
         s_store_name, s_company_name, d_moy) tmp1
where case when (avg_monthly_sales <> 0) then (abs(sum_sales - avg_monthly_sales) / avg_monthly_sales) else null end > 0.1
order by sum_sales - avg_monthly_sales, s_store_name
limit 100;
Limit  (cost=74065.72..74065.97 rows=100 width=194) (actual time=623.918..623.932 rows=100 loops=1)
  ->  Sort  (cost=74065.72..74066.06 rows=139 width=194) (actual time=623.918..623.925 rows=100 loops=1)
        Sort Key: ((tmp1.sum_sales - tmp1.avg_monthly_sales)), tmp1.s_store_name
        Sort Method: top-N heapsort  Memory: 70kB
        ->  Subquery Scan on tmp1  (cost=74007.53..74060.77 rows=139 width=194) (actual time=596.165..623.430 rows=1561 loops=1)
              Filter: (CASE WHEN (tmp1.avg_monthly_sales <> '0'::double precision) THEN (abs((tmp1.sum_sales - tmp1.avg_monthly_sales)) / tmp1.avg_monthly_sales) ELSE NULL::double precision END > '0.1'::double precision)
              Rows Removed by Filter: 133
              ->  WindowAgg  (cost=74007.53..74051.02 rows=418 width=186) (actual time=596.159..623.191 rows=1694 loops=1)
                    ->  Incremental Sort  (cost=74007.53..74041.61 rows=418 width=178) (actual time=596.151..622.039 rows=1694 loops=1)
                          Sort Key: item.i_category, item.i_brand, store.s_store_name, store.s_company_name
                          Presorted Key: item.i_category
                          Full-sort Groups: 6  Sort Method: quicksort  Average Memory: 39kB  Peak Memory: 39kB
                          Pre-sorted Groups: 6  Sort Method: quicksort  Average Memory: 129kB  Peak Memory: 133kB
                          ->  GroupAggregate  (cost=74004.41..74016.95 rows=418 width=178) (actual time=594.271..621.032 rows=1694 loops=1)
                                Group Key: item.i_category, item.i_class, item.i_brand, store.s_store_name, store.s_company_name, date_dim.d_moy
                                ->  Sort  (cost=74004.41..74005.45 rows=418 width=178) (actual time=594.261..597.037 rows=56573 loops=1)
                                      Sort Key: item.i_category, item.i_class, item.i_brand, store.s_store_name, store.s_company_name, date_dim.d_moy
                                      Sort Method: quicksort  Memory: 13907kB
                                      ->  Nested Loop  (cost=0.73..73986.21 rows=418 width=178) (actual time=0.048..458.523 rows=56573 loops=1)
                                            Join Filter: (store_sales.ss_store_sk = store.s_store_sk)
                                            Rows Removed by Join Filter: 263206
                                            ->  Nested Loop  (cost=0.73..73911.55 rows=438 width=173) (actual time=0.042..419.529 rows=57868 loops=1)
                                                  ->  Nested Loop  (cost=0.43..71031.95 rows=92341 width=177) (actual time=0.032..326.887 rows=306593 loops=1)
                                                        ->  Seq Scan on item  (cost=0.00..1706.00 rows=575 width=161) (actual time=0.022..14.845 rows=1942 loops=1)
                                                              Filter: (((i_category = ANY ('{Shoes,Books,Sports}'::bpchar[])) AND (i_class = ANY ('{athletic,reference,golf}'::bpchar[]))) OR ((i_category = ANY ('{Men,Music,Women}'::bpchar[])) AND (i_class = ANY ('{accessories,classical,fragrances}'::bpchar[]))))
                                                              Rows Removed by Filter: 16058
                                                        ->  Index Scan using pk_store_sales on store_sales  (cost=0.43..118.82 rows=175 width=32) (actual time=0.005..0.138 rows=158 loops=1942)
                                                              Index Cond: (ss_item_sk = item.i_item_sk)
                                                  ->  Memoize  (cost=0.30..0.32 rows=1 width=12) (actual time=0.000..0.000 rows=0 loops=306593)
                                                        Cache Key: store_sales.ss_sold_date_sk
                                                        Cache Mode: logical
                                                        Hits: 304787  Misses: 1806  Evictions: 0  Overflows: 0  Memory Usage: 145kB
                                                        ->  Index Scan using pk_date_dim on date_dim  (cost=0.29..0.31 rows=1 width=12) (actual time=0.001..0.001 rows=0 loops=1806)
                                                              Index Cond: (d_date_sk = store_sales.ss_sold_date_sk)
                                                              Filter: (d_year = 2000)
                                                              Rows Removed by Filter: 1
                                            ->  Materialize  (cost=0.00..1.18 rows=12 width=21) (actual time=0.000..0.000 rows=6 loops=57868)
                                                  ->  Seq Scan on store  (cost=0.00..1.12 rows=12 width=21) (actual time=0.002..0.005 rows=12 loops=1)
                     i_category                     |                      i_class                       |                      i_brand                       | s_store_name | s_company_name | d_moy |     sum_sales      | avg_monthly_sales  
----------------------------------------------------+----------------------------------------------------+----------------------------------------------------+--------------+----------------+-------+--------------------+--------------------
 Women                                              | fragrances                                         | importoamalg #2                                    | able         | Unknown        |     6 | 1520.0500000000004 |  4752.400833333333
 Women                                              | fragrances                                         | importoamalg #2                                    | ought        | Unknown        |     6 | 1893.9199999999996 |  4951.900000000001
 Shoes                                              | athletic                                           | edu packedu pack #2                                | ought        | Unknown        |     4 | 1819.1800000000007 |  4868.309166666665
 Women                                              | fragrances                                         | importoamalg #2                                    | ought        | Unknown        |     5 | 2047.1899999999996 |  4951.900000000001
 Women                                              | fragrances                                         | importoamalg #2                                    | bar          | Unknown        |     2 |            2118.95 |  4999.921666666666
 Shoes                                              | athletic                                           | edu packedu pack #2                                | able         | Unknown        |     4 |            1901.94 |  4720.506666666668
 Shoes                                              | athletic                                           | edu packedu pack #2                                | eing         | Unknown        |     3 |  2096.870000000001 |  4863.230833333334
 Women                                              | fragrances                                         | importoamalg #2                                    | ought        | Unknown        |     2 | 2194.4100000000008 |  4951.900000000001
 Men                                                | accessories                                        | amalgimporto #2                                    | ese          | Unknown        |     2 | 1307.8599999999997 |            4049.35
 Shoes                                              | athletic                                           | edu packedu pack #2                                | ought        | Unknown        |     5 | 2192.4700000000007 |  4868.309166666665
 Women                                              | fragrances                                         | importoamalg #2                                    | bar          | Unknown        |     3 | 2331.8500000000004 |  4999.921666666666
 Men                                                | accessories                                        | amalgimporto #2                                    | ought        | Unknown        |     2 | 2014.4699999999998 |  4650.100833333333
 Shoes                                              | athletic                                           | edu packedu pack #2                                | ation        | Unknown        |     5 | 2459.8599999999997 |          5071.4425
 Women                                              | fragrances                                         | importoamalg #2                                    | ought        | Unknown        |     7 |  2350.370000000001 |  4951.900000000001
 Women                                              | fragrances                                         | importoamalg #2                                    | ation        | Unknown        |     5 | 2043.0999999999995 |  4641.299166666668
 Music                                              | classical                                          | edu packscholar #2                                 | able         | Unknown        |     6 |            1517.07 |  4092.361666666667
 Women                                              | fragrances                                         | importoamalg #2                                    | bar          | Unknown        |     1 |            2434.18 |  4999.921666666666
 Men                                                | accessories                                        | amalgimporto #2                                    | eing         | Unknown        |     6 | 1935.7099999999996 |            4444.34
 Shoes                                              | athletic                                           | edu packedu pack #2                                | able         | Unknown        |     6 | 2214.9399999999996 |  4720.506666666668
 Men                                                | accessories                                        | amalgimporto #2                                    | bar          | Unknown        |     3 | 1813.1599999999994 |  4316.488333333334
 Shoes                                              | athletic                                           | edu packedu pack #2                                | ought        | Unknown        |     7 |            2384.61 |  4868.309166666665
 Men                                                | accessories                                        | amalgimporto #2                                    | bar          | Unknown        |     6 | 1837.6099999999994 |  4316.488333333334
 Men                                                | accessories                                        | amalgimporto #2                                    | eing         | Unknown        |     3 |            1977.61 |            4444.34
 Shoes                                              | athletic                                           | edu packedu pack #2                                | eing         | Unknown        |     4 | 2422.3599999999997 |  4863.230833333334
 Men                                                | accessories                                        | amalgimporto #2                                    | eing         | Unknown        |     4 | 2005.9399999999996 |            4444.34
 Music                                              | classical                                          | edu packscholar #2                                 | ese          | Unknown        |     7 |            1419.13 |  3844.750833333334
 Women                                              | fragrances                                         | importoamalg #2                                    | eing         | Unknown        |     2 |  2760.210000000001 |  5149.781666666667
 Men                                                | accessories                                        | amalgimporto #2                                    | ought        | Unknown        |     6 | 2265.3399999999997 |  4650.100833333333
 Women                                              | fragrances                                         | importoamalg #2                                    | able         | Unknown        |     7 | 2381.0200000000004 |  4752.400833333333
 Men                                                | accessories                                        | amalgimporto #2                                    | ation        | Unknown        |     2 |            1890.17 |  4258.823333333333
 Women                                              | fragrances                                         | importoamalg #2                                    | eing         | Unknown        |     6 | 2795.5800000000013 |  5149.781666666667
 Women                                              | fragrances                                         | importoamalg #2                                    | ation        | Unknown        |     6 |            2305.47 |  4641.299166666668
 Women                                              | fragrances                                         | importoamalg #2                                    | bar          | Unknown        |     5 | 2695.6000000000017 |  4999.921666666666
 Men                                                | accessories                                        | amalgimporto #2                                    | eing         | Unknown        |     2 |             2206.4 |            4444.34
 Music                                              | classical                                          | edu packscholar #2                                 | eing         | Unknown        |     2 | 1944.8399999999997 | 4180.2666666666655
 Women                                              | fragrances                                         | importoamalg #2                                    | ese          | Unknown        |     3 |            2652.31 |  4885.608333333334
 Shoes                                              | athletic                                           | edu packedu pack #2                                | ought        | Unknown        |     2 | 2641.8200000000006 |  4868.309166666665
 Music                                              | classical                                          | edu packscholar #2                                 | ought        | Unknown        |     1 | 1890.2000000000003 |            4103.95
 Shoes                                              | athletic                                           | edu packedu pack #2                                | ese          | Unknown        |     5 |            2030.77 |  4233.044166666667
 Shoes                                              | athletic                                           | edu packedu pack #2                                | ation        | Unknown        |     6 |            2870.72 |          5071.4425
 Music                                              | classical                                          | edu packscholar #2                                 | ought        | Unknown        |     4 | 1903.6700000000005 |            4103.95
 Men                                                | accessories                                        | amalgimporto #2                                    | ation        | Unknown        |     4 | 2059.2999999999997 |  4258.823333333333
 Shoes                                              | athletic                                           | edu packedu pack #2                                | ation        | Unknown        |     7 | 2873.9100000000003 |          5071.4425
 Women                                              | fragrances                                         | importoamalg #2                                    | bar          | Unknown        |     7 | 2805.7599999999998 |  4999.921666666666
 Women                                              | fragrances                                         | importoamalg #2                                    | ought        | Unknown        |     3 | 2764.7199999999993 |  4951.900000000001
 Women                                              | fragrances                                         | importoamalg #2                                    | able         | Unknown        |     2 | 2567.5799999999995 |  4752.400833333333
 Shoes                                              | athletic                                           | edu packedu pack #2                                | eing         | Unknown        |     7 | 2681.5700000000015 |  4863.230833333334
 Music                                              | classical                                          | edu packscholar #2                                 | ought        | Unknown        |     3 | 1923.6199999999997 |            4103.95
 Men                                                | accessories                                        | amalgimporto #2                                    | ought        | Unknown        |     5 |            2476.55 |  4650.100833333333
 Women                                              | fragrances                                         | importoamalg #2                                    | ese          | Unknown        |     7 | 2712.4999999999995 |  4885.608333333334
 Music                                              | classical                                          | edu packscholar #2                                 | able         | Unknown        |     5 | 1926.9200000000003 |  4092.361666666667
 Shoes                                              | athletic                                           | edu packedu pack #2                                | ought        | Unknown        |     6 | 2707.1700000000005 |  4868.309166666665
 Women                                              | fragrances                                         | importoamalg #2                                    | ation        | Unknown        |     2 |            2481.25 |  4641.299166666668
 Shoes                                              | athletic                                           | edu packedu pack #2                                | bar          | Unknown        |     4 | 2224.1200000000003 |  4383.793333333333
 Women                                              | fragrances                                         | importoamalg #2                                    | ought        | Unknown        |     4 |  2810.609999999999 |  4951.900000000001
 Shoes                                              | athletic                                           | edu packedu pack #2                                | able         | Unknown        |     1 | 2589.8399999999997 |  4720.506666666668
 Women                                              | fragrances                                         | importoamalg #2                                    | able         | Unknown        |     1 |            2643.98 |  4752.400833333333
 Women                                              | fragrances                                         | importoamalg #2                                    | eing         | Unknown        |     3 | 3082.2899999999995 |  5149.781666666667
 Men                                                | accessories                                        | amalgimporto #2                                    | able         | Unknown        |     6 |            2205.25 |  4260.557500000001
 Men                                                | accessories                                        | amalgimporto #2                                    | ation        | Unknown        |     6 |            2206.22 |  4258.823333333333
 Men                                                | accessories                                        | amalgimporto #2                                    | bar          | Unknown        |     4 |            2285.09 |  4316.488333333334
 Shoes                                              | athletic                                           | edu packedu pack #2                                | ought        | Unknown        |     3 | 2844.7000000000007 |  4868.309166666665
 Shoes                                              | athletic                                           | edu packedu pack #2                                | able         | Unknown        |     2 |            2708.19 |  4720.506666666668
 Women                                              | fragrances                                         | importoamalg #2                                    | eing         | Unknown        |     7 | 3137.9100000000008 |  5149.781666666667
 Shoes                                              | athletic                                           | edu packedu pack #2                                | eing         | Unknown        |     6 | 2861.9199999999996 |  4863.230833333334
 Men                                                | accessories                                        | amalgimporto #2                                    | bar          | Unknown        |     5 |            2323.91 |  4316.488333333334
 Music                                              | classical                                          | edu packscholar #2                                 | ation        | Unknown        |     2 | 2045.1100000000001 |          4034.8775
 Women                                              | fragrances                                         | importoamalg #2                                    | ation        | Unknown        |     3 |            2692.28 |  4641.299166666668
 Shoes                                              | athletic                                           | edu packedu pack #2                                | bar          | Unknown        |     6 | 2434.8399999999992 |  4383.793333333333
 Music                                              | classical                                          | edu packscholar #2                                 | bar          | Unknown        |     2 | 1773.7800000000002 | 3722.7224999999994
 Music                                              | classical                                          | edu packscholar #2                                 | ought        | Unknown        |     7 |            2168.65 |            4103.95
 Shoes                                              | athletic                                           | edu packedu pack #2                                | ation        | Unknown        |     2 | 3136.4899999999993 |          5071.4425
 Women                                              | fragrances                                         | importoamalg #2                                    | ese          | Unknown        |     6 | 2951.8700000000003 |  4885.608333333334
 Shoes                                              | athletic                                           | edu packedu pack #2                                | bar          | Unknown        |     2 |            2450.53 |  4383.793333333333
 Shoes                                              | athletic                                           | edu packedu pack #2                                | able         | Unknown        |     7 | 2792.4399999999996 |  4720.506666666668
 Music                                              | classical                                          | edu packscholar #2                                 | able         | Unknown        |     2 | 2185.7599999999998 |  4092.361666666667
 Music                                              | classical                                          | edu packscholar #2                                 | ese          | Unknown        |     6 | 1951.0000000000002 |  3844.750833333334
 Women                                              | fragrances                                         | importoamalg #2                                    | ese          | Unknown        |     4 | 3018.4899999999993 |  4885.608333333334
 Music                                              | classical                                          | edu packscholar #2                                 | ought        | Unknown        |     5 | 2249.4399999999996 |            4103.95
 Music                                              | classical                                          | edu packscholar #2                                 | ation        | Unknown        |     7 |            2180.52 |          4034.8775
 Women                                              | fragrances                                         | importoamalg #2                                    | eing         | Unknown        |     5 | 3304.8600000000015 |  5149.781666666667
 Men                                                | accessories                                        | amalgimporto #2                                    | able         | Unknown        |     4 |  2419.629999999999 |  4260.557500000001
 Music                                              | classical                                          | edu packscholar #2                                 | eing         | Unknown        |     7 |            2374.22 | 4180.2666666666655
 Men                                                | accessories                                        | amalgimporto #1                                    | ought        | Unknown        |     5 |  771.2200000000001 |          2571.4925
 Shoes                                              | athletic                                           | edu packedu pack #2                                | ese          | Unknown        |     6 |            2437.37 |  4233.044166666667
 Men                                                | accessories                                        | amalgimporto #2                                    | able         | Unknown        |     7 | 2465.5800000000004 |  4260.557500000001
 Music                                              | classical                                          | edu packscholar #2                                 | bar          | Unknown        |     1 | 1940.5799999999995 | 3722.7224999999994
 Men                                                | accessories                                        | amalgimporto #2                                    | able         | Unknown        |     2 |            2483.58 |  4260.557500000001
 Shoes                                              | athletic                                           | edu packedu pack #2                                | able         | Unknown        |     3 | 2946.0299999999993 |  4720.506666666668
 Men                                                | accessories                                        | amalgimporto #1                                    | bar          | Unknown        |     6 |  608.8700000000001 | 2376.4858333333336
 Men                                                | accessories                                        | amalgimporto #2                                    | ation        | Unknown        |     5 |            2494.32 |  4258.823333333333
 Shoes                                              | athletic                                           | edu packedu pack #2                                | eing         | Unknown        |     2 |  3107.930000000001 |  4863.230833333334
 Women                                              | fragrances                                         | importoamalg #2                                    | ation        | Unknown        |     7 | 2897.2799999999993 |  4641.299166666668
 Music                                              | classical                                          | edu packscholar #2                                 | ought        | Unknown        |     2 |            2366.14 |            4103.95
 Music                                              | classical                                          | edu packscholar #2                                 | bar          | Unknown        |     5 | 1986.7900000000002 | 3722.7224999999994
 Music                                              | classical                                          | edu packscholar #2                                 | eing         | Unknown        |     6 | 2453.0300000000007 | 4180.2666666666655
 Shoes                                              | athletic                                           | edu packedu pack #2                                | bar          | Unknown        |     5 | 2658.3200000000006 |  4383.793333333333
 Shoes                                              | athletic                                           | edu packedu pack #2                                | eing         | Unknown        |     5 | 3139.0500000000015 |  4863.230833333334
 Men                                                | accessories                                        | amalgimporto #2                                    | eing         | Unknown        |     7 | 2722.7800000000007 |            4444.34
 Men                                                | accessories                                        | amalgimporto #2                                    | ought        | Unknown        |     4 |  2940.990000000001 |  4650.100833333333
(100 rows)

UPDATE time_statistics SET e_time = TRANSACTION_TIMESTAMP() WHERE template = 'query89.tpl' AND stream = 8;
psql:/tmp/s1-basline/throughput/query_8.sql:3604: NOTICE:  duration: 0.097 ms  plan:
Query Text: UPDATE time_statistics SET e_time = TRANSACTION_TIMESTAMP() WHERE template = 'query89.tpl' AND stream = 8;
Update on time_statistics  (cost=0.00..15.87 rows=0 width=0) (actual time=0.096..0.096 rows=0 loops=1)
  ->  Seq Scan on time_statistics  (cost=0.00..15.87 rows=1 width=14) (actual time=0.080..0.081 rows=1 loops=1)
        Filter: ((template = 'query89.tpl'::text) AND (stream = 8))
        Rows Removed by Filter: 535
UPDATE 1
LOAD 'auto_explain'; SET auto_explain.log_min_duration TO 0; SET auto_explain.log_analyze TO on; SET auto_explain.log_level TO notice; INSERT INTO time_statistics (template, s_time, stream, query, seed) VALUES ('query56.tpl', TRANSACTION_TIMESTAMP(), 8, 72, 1025303475);
LOAD
SET
SET
SET
psql:/tmp/s1-basline/throughput/query_8.sql:3605: NOTICE:  duration: 0.009 ms  plan:
Query Text: INSERT INTO time_statistics (template, s_time, stream, query, seed) VALUES ('query56.tpl', TRANSACTION_TIMESTAMP(), 8, 72, 1025303475);
Insert on time_statistics  (cost=0.00..0.01 rows=0 width=0) (actual time=0.009..0.009 rows=0 loops=1)
  ->  Result  (cost=0.00..0.01 rows=1 width=64) (actual time=0.001..0.001 rows=1 loops=1)
INSERT 0 1
with ss as (
 select i_item_id,sum(ss_ext_sales_price) total_sales
 from
 	store_sales,
 	date_dim,
         customer_address,
         item
 where i_item_id in (select
     i_item_id
from item
where i_color in ('salmon','almond','grey'))
 and     ss_item_sk              = i_item_sk
 and     ss_sold_date_sk         = d_date_sk
 and     d_year                  = 1998
 and     d_moy                   = 1
 and     ss_addr_sk              = ca_address_sk
 and     ca_gmt_offset           = -6 
 group by i_item_id),
 cs as (
 select i_item_id,sum(cs_ext_sales_price) total_sales
 from
 	catalog_sales,
 	date_dim,
         customer_address,
         item
 where
         i_item_id               in (select
  i_item_id
from item
where i_color in ('salmon','almond','grey'))
 and     cs_item_sk              = i_item_sk
 and     cs_sold_date_sk         = d_date_sk
 and     d_year                  = 1998
 and     d_moy                   = 1
 and     cs_bill_addr_sk         = ca_address_sk
 and     ca_gmt_offset           = -6 
 group by i_item_id),
 ws as (
 select i_item_id,sum(ws_ext_sales_price) total_sales
 from
 	web_sales,
 	date_dim,
         customer_address,
         item
 where
         i_item_id               in (select
  i_item_id
from item
where i_color in ('salmon','almond','grey'))
 and     ws_item_sk              = i_item_sk
 and     ws_sold_date_sk         = d_date_sk
 and     d_year                  = 1998
 and     d_moy                   = 1
 and     ws_bill_addr_sk         = ca_address_sk
 and     ca_gmt_offset           = -6
 group by i_item_id)
  select  i_item_id ,sum(total_sales) total_sales
 from  (select * from ss 
        union all
        select * from cs 
        union all
        select * from ws) tmp1
 group by i_item_id
 order by total_sales,
          i_item_id
 limit 100;
psql:/tmp/s1-basline/throughput/query_8.sql:3671: NOTICE:  duration: 486.872 ms  plan:
Query Text: with ss as (
 select i_item_id,sum(ss_ext_sales_price) total_sales
 from
 	store_sales,
 	date_dim,
         customer_address,
         item
 where i_item_id in (select
     i_item_id
from item
where i_color in ('salmon','almond','grey'))
 and     ss_item_sk              = i_item_sk
 and     ss_sold_date_sk         = d_date_sk
 and     d_year                  = 1998
 and     d_moy                   = 1
 and     ss_addr_sk              = ca_address_sk
 and     ca_gmt_offset           = -6 
 group by i_item_id),
 cs as (
 select i_item_id,sum(cs_ext_sales_price) total_sales
 from
 	catalog_sales,
 	date_dim,
         customer_address,
         item
 where
         i_item_id               in (select
  i_item_id
from item
where i_color in ('salmon','almond','grey'))
 and     cs_item_sk              = i_item_sk
 and     cs_sold_date_sk         = d_date_sk
 and     d_year                  = 1998
 and     d_moy                   = 1
 and     cs_bill_addr_sk         = ca_address_sk
 and     ca_gmt_offset           = -6 
 group by i_item_id),
 ws as (
 select i_item_id,sum(ws_ext_sales_price) total_sales
 from
 	web_sales,
 	date_dim,
         customer_address,
         item
 where
         i_item_id               in (select
  i_item_id
from item
where i_color in ('salmon','almond','grey'))
 and     ws_item_sk              = i_item_sk
 and     ws_sold_date_sk         = d_date_sk
 and     d_year                  = 1998
 and     d_moy                   = 1
 and     ws_bill_addr_sk         = ca_address_sk
 and     ca_gmt_offset           = -6
 group by i_item_id)
  select  i_item_id ,sum(total_sales) total_sales
 from  (select * from ss 
        union all
        select * from cs 
        union all
        select * from ws) tmp1
 group by i_item_id
 order by total_sales,
          i_item_id
 limit 100;
Limit  (cost=18902.93..18903.08 rows=59 width=25) (actual time=386.097..486.840 rows=100 loops=1)
  ->  Sort  (cost=18902.93..18903.08 rows=59 width=25) (actual time=386.096..486.832 rows=100 loops=1)
        Sort Key: (sum((sum(store_sales.ss_ext_sales_price)))), item.i_item_id
        Sort Method: top-N heapsort  Memory: 38kB
        ->  Finalize GroupAggregate  (cost=18894.41..18901.20 rows=59 width=25) (actual time=385.176..486.721 rows=519 loops=1)
              Group Key: item.i_item_id
              ->  Gather Merge  (cost=18894.41..18900.37 rows=48 width=25) (actual time=385.171..486.533 rows=883 loops=1)
                    Workers Planned: 2
                    Workers Launched: 2
                    ->  Partial GroupAggregate  (cost=17894.39..17894.81 rows=24 width=25) (actual time=211.862..211.976 rows=294 loops=3)
                          Group Key: item.i_item_id
                          ->  Sort  (cost=17894.39..17894.45 rows=24 width=25) (actual time=211.859..211.878 rows=294 loops=3)
                                Sort Key: item.i_item_id
                                Sort Method: quicksort  Memory: 45kB
                                Worker 0:  Sort Method: quicksort  Memory: 37kB
                                Worker 1:  Sort Method: quicksort  Memory: 53kB
                                ->  Parallel Append  (cost=8500.76..17893.83 rows=24 width=25) (actual time=211.581..211.741 rows=294 loops=3)
                                      ->  GroupAggregate  (cost=17892.83..17893.39 rows=32 width=25) (actual time=377.492..377.697 rows=404 loops=1)
                                            Group Key: item.i_item_id
                                            ->  Sort  (cost=17892.83..17892.91 rows=32 width=25) (actual time=377.481..377.512 rows=741 loops=1)
                                                  Sort Key: item.i_item_id
                                                  Worker 1:  Sort Method: quicksort  Memory: 77kB
                                                  ->  Nested Loop  (cost=4007.10..17892.03 rows=32 width=25) (actual time=33.874..376.090 rows=741 loops=1)
                                                        ->  Hash Join  (cost=4006.81..17868.13 rows=77 width=33) (actual time=33.821..369.755 rows=1684 loops=1)
                                                              Hash Cond: (store_sales.ss_sold_date_sk = date_dim.d_date_sk)
                                                              ->  Nested Loop  (cost=1505.68..14870.69 rows=189065 width=41) (actual time=20.046..343.787 rows=182335 loops=1)
                                                                    ->  Nested Loop  (cost=1505.25..2641.16 rows=1177 width=25) (actual time=19.964..24.661 rows=1337 loops=1)
                                                                          ->  HashAggregate  (cost=1504.97..1510.74 rows=577 width=17) (actual time=19.894..20.083 rows=577 loops=1)
                                                                                Group Key: item_1.i_item_id
                                                                                Worker 1:  Batches: 1  Memory Usage: 105kB
                                                                                ->  Seq Scan on item item_1  (cost=0.00..1503.50 rows=587 width=17) (actual time=0.079..19.711 rows=587 loops=1)
                                                                                      Filter: (i_color = ANY ('{salmon,almond,grey}'::bpchar[]))
                                                                                      Rows Removed by Filter: 17413
                                                                          ->  Index Scan using i_i_item_id on item  (cost=0.29..1.94 rows=2 width=25) (actual time=0.007..0.007 rows=2 loops=577)
                                                                                Index Cond: (i_item_id = item_1.i_item_id)
                                                                    ->  Index Scan using pk_store_sales on store_sales  (cost=0.43..8.64 rows=175 width=32) (actual time=0.007..0.218 rows=136 loops=1337)
                                                                          Index Cond: (ss_item_sk = item.i_item_sk)
                                                              ->  Hash  (cost=2500.73..2500.73 rows=31 width=8) (actual time=13.527..13.527 rows=31 loops=1)
                                                                    Buckets: 1024  Batches: 1  Memory Usage: 10kB
                                                                    ->  Seq Scan on date_dim  (cost=0.00..2500.73 rows=31 width=8) (actual time=6.451..13.512 rows=31 loops=1)
                                                                          Filter: ((d_year = 1998) AND (d_moy = 1))
                                                                          Rows Removed by Filter: 73018
                                                        ->  Index Scan using pk_customer_address on customer_address  (cost=0.29..0.31 rows=1 width=8) (actual time=0.003..0.003 rows=0 loops=1684)
                                                              Index Cond: (ca_address_sk = store_sales.ss_addr_sk)
                                                              Filter: (ca_gmt_offset = '-6'::double precision)
                                                              Rows Removed by Filter: 1
                                      ->  GroupAggregate  (cost=8500.76..8500.91 rows=9 width=25) (actual time=179.586..179.664 rows=182 loops=1)
                                            Group Key: item_2.i_item_id
                                            ->  Sort  (cost=8500.76..8500.78 rows=9 width=25) (actual time=179.578..179.588 rows=226 loops=1)
                                                  Sort Key: item_2.i_item_id
                                                  Worker 0:  Sort Method: quicksort  Memory: 40kB
                                                  ->  Nested Loop  (cost=1506.27..8500.61 rows=9 width=25) (actual time=23.932..179.143 rows=226 loops=1)
                                                        ->  Nested Loop  (cost=1505.98..8494.37 rows=20 width=33) (actual time=23.881..176.667 rows=458 loops=1)
                                                              ->  Nested Loop  (cost=1505.68..6734.60 rows=47259 width=41) (actual time=22.294..159.832 rows=45798 loops=1)
                                                                    ->  Nested Loop  (cost=1505.25..2641.16 rows=1177 width=25) (actual time=22.216..26.607 rows=1337 loops=1)
                                                                          ->  HashAggregate  (cost=1504.97..1510.74 rows=577 width=17) (actual time=22.144..22.320 rows=577 loops=1)
                                                                                Group Key: item_3.i_item_id
                                                                                Worker 0:  Batches: 1  Memory Usage: 105kB
                                                                                ->  Seq Scan on item item_3  (cost=0.00..1503.50 rows=587 width=17) (actual time=0.085..21.969 rows=587 loops=1)
                                                                                      Filter: (i_color = ANY ('{salmon,almond,grey}'::bpchar[]))
                                                                                      Rows Removed by Filter: 17413
                                                                          ->  Index Scan using i_i_item_id on item item_2  (cost=0.29..1.94 rows=2 width=25) (actual time=0.006..0.007 rows=2 loops=577)
                                                                                Index Cond: (i_item_id = item_3.i_item_id)
                                                                    ->  Index Scan using pk_web_sales on web_sales  (cost=0.42..3.04 rows=44 width=32) (actual time=0.007..0.093 rows=34 loops=1337)
                                                                          Index Cond: (ws_item_sk = item_2.i_item_sk)
                                                              ->  Memoize  (cost=0.30..0.33 rows=1 width=8) (actual time=0.000..0.000 rows=0 loops=45798)
                                                                    Cache Key: web_sales.ws_sold_date_sk
                                                                    Cache Mode: logical
                                                                    Worker 0:  Hits: 43991  Misses: 1807  Evictions: 0  Overflows: 0  Memory Usage: 129kB
                                                                    ->  Index Scan using pk_date_dim on date_dim date_dim_1  (cost=0.29..0.32 rows=1 width=8) (actual time=0.002..0.002 rows=0 loops=1807)
                                                                          Index Cond: (d_date_sk = web_sales.ws_sold_date_sk)
                                                                          Filter: ((d_year = 1998) AND (d_moy = 1))
                                                                          Rows Removed by Filter: 1
                                                        ->  Index Scan using pk_customer_address on customer_address customer_address_1  (cost=0.29..0.31 rows=1 width=8) (actual time=0.005..0.005 rows=0 loops=458)
                                                              Index Cond: (ca_address_sk = web_sales.ws_bill_addr_sk)
                                                              Filter: (ca_gmt_offset = '-6'::double precision)
                                                              Rows Removed by Filter: 1
                                      ->  GroupAggregate  (cost=4613.79..4614.11 rows=18 width=25) (actual time=77.662..77.789 rows=297 loops=1)
                                            Group Key: item_4.i_item_id
                                            ->  Sort  (cost=4613.79..4613.84 rows=18 width=25) (actual time=77.655..77.672 rows=412 loops=1)
                                                  Sort Key: item_4.i_item_id
                                                  Sort Method: quicksort  Memory: 53kB
                                                  ->  Nested Loop Semi Join  (cost=1.29..4613.42 rows=18 width=25) (actual time=4.273..76.939 rows=412 loops=1)
                                                        ->  Nested Loop  (cost=1.00..4503.29 rows=268 width=25) (actual time=4.161..44.556 rows=6146 loops=1)
                                                              ->  Nested Loop  (cost=0.72..4421.29 rows=268 width=16) (actual time=4.157..34.278 rows=6146 loops=1)
                                                                    ->  Nested Loop  (cost=0.43..4231.60 rows=610 width=24) (actual time=4.151..15.178 rows=14059 loops=1)
                                                                          ->  Seq Scan on date_dim date_dim_2  (cost=0.00..2500.73 rows=31 width=8) (actual time=4.142..8.974 rows=31 loops=1)
                                                                                Filter: ((d_year = 1998) AND (d_moy = 1))
                                                                                Rows Removed by Filter: 73018
                                                                          ->  Index Scan using i_cs_sold_date_sk on catalog_sales  (cost=0.43..47.98 rows=785 width=32) (actual time=0.004..0.112 rows=454 loops=31)
                                                                                Index Cond: (cs_sold_date_sk = date_dim_2.d_date_sk)
                                                                    ->  Index Scan using pk_customer_address on customer_address customer_address_2  (cost=0.29..0.31 rows=1 width=8) (actual time=0.001..0.001 rows=0 loops=14059)
                                                                          Index Cond: (ca_address_sk = catalog_sales.cs_bill_addr_sk)
                                                                          Filter: (ca_gmt_offset = '-6'::double precision)
                                                                          Rows Removed by Filter: 1
                                                              ->  Index Scan using pk_item on item item_4  (cost=0.29..0.31 rows=1 width=25) (actual time=0.001..0.001 rows=1 loops=6146)
                                                                    Index Cond: (i_item_sk = catalog_sales.cs_item_sk)
                                                        ->  Index Scan using i_i_item_id on item item_5  (cost=0.29..0.41 rows=1 width=17) (actual time=0.005..0.005 rows=0 loops=6146)
                                                              Index Cond: (i_item_id = item_4.i_item_id)
                                                              Filter: (i_color = ANY ('{salmon,almond,grey}'::bpchar[]))
                                                              Rows Removed by Filter: 2
    i_item_id     |    total_sales     
------------------+--------------------
 AAAAAAAALCGAAAAA |                  0
 AAAAAAAAEPHCAAAA |              14.16
 AAAAAAAAKAJAAAAA |              21.18
 AAAAAAAALCMDAAAA |              22.26
 AAAAAAAAEFGCAAAA |              22.91
 AAAAAAAAKPADAAAA |              24.65
 AAAAAAAAMGHBAAAA |              45.66
 AAAAAAAAMBMAAAAA |              49.35
 AAAAAAAAKJGBAAAA |              54.16
 AAAAAAAAEOEDAAAA |              66.98
 AAAAAAAAGEECAAAA |                 68
 AAAAAAAAFPEEAAAA |              69.66
 AAAAAAAAFJEEAAAA |              73.71
 AAAAAAAAACFAAAAA |              80.64
 AAAAAAAAMBJDAAAA |              96.33
 AAAAAAAAKFFDAAAA |              101.4
 AAAAAAAAFBABAAAA |             123.75
 AAAAAAAACAJDAAAA |             129.58
 AAAAAAAAMLNBAAAA |              152.1
 AAAAAAAAGJBBAAAA |             163.65
 AAAAAAAAKOCAAAAA |             171.15
 AAAAAAAAODHCAAAA |             176.08
 AAAAAAAAMCNBAAAA |             185.66
 AAAAAAAACOFBAAAA |             211.32
 AAAAAAAACALBAAAA |              220.5
 AAAAAAAANKLDAAAA |             238.74
 AAAAAAAAOJDDAAAA |              252.8
 AAAAAAAACKICAAAA |             274.28
 AAAAAAAACMACAAAA |             274.62
 AAAAAAAAOIABAAAA |             276.65
 AAAAAAAACOFEAAAA |             280.56
 AAAAAAAAKPIBAAAA |              284.8
 AAAAAAAALFGDAAAA |                296
 AAAAAAAAMMBDAAAA |             299.17
 AAAAAAAANLBDAAAA |              310.3
 AAAAAAAAAOKBAAAA |             315.42
 AAAAAAAACPHBAAAA |             349.25
 AAAAAAAAMANDAAAA |             369.75
 AAAAAAAAOFBCAAAA |              370.6
 AAAAAAAAIGDDAAAA | 392.72999999999996
 AAAAAAAAIAJAAAAA |              421.4
 AAAAAAAAAELCAAAA |              433.5
 AAAAAAAACEIAAAAA |             440.04
 AAAAAAAAMKBCAAAA |             457.02
 AAAAAAAAGDEAAAAA |                477
 AAAAAAAADPDBAAAA |             491.92
 AAAAAAAAELLAAAAA |             493.29
 AAAAAAAAGHDEAAAA |                522
 AAAAAAAAGMEDAAAA |             526.85
 AAAAAAAAGIIBAAAA |             548.52
 AAAAAAAAJAEDAAAA |             595.69
 AAAAAAAAEIKBAAAA |             595.72
 AAAAAAAABPAAAAAA |              619.5
 AAAAAAAABLEDAAAA |             624.05
 AAAAAAAACMEEAAAA |  666.4100000000001
 AAAAAAAAMKADAAAA |             695.13
 AAAAAAAAEELDAAAA |             722.64
 AAAAAAAAAIDAAAAA |             738.14
 AAAAAAAAACEEAAAA |              757.5
 AAAAAAAAIKBBAAAA |             765.96
 AAAAAAAAIAECAAAA |             775.75
 AAAAAAAAEBNCAAAA |             777.63
 AAAAAAAAMHNCAAAA |             782.68
 AAAAAAAAKIGBAAAA |             785.27
 AAAAAAAAEOCAAAAA |  815.9000000000001
 AAAAAAAAMJLAAAAA |  817.0400000000001
 AAAAAAAAGNAAAAAA |             858.54
 AAAAAAAAIMFAAAAA |             876.76
 AAAAAAAAEIBEAAAA |              881.4
 AAAAAAAACHFAAAAA |  884.8599999999999
 AAAAAAAAMKLCAAAA |             914.94
 AAAAAAAAMNOBAAAA |             930.72
 AAAAAAAAAHOBAAAA |  984.4300000000001
 AAAAAAAACCFBAAAA |              991.1
 AAAAAAAAEIPBAAAA |             994.39
 AAAAAAAAKGAEAAAA |             996.84
 AAAAAAAAGPEBAAAA |  999.1599999999999
 AAAAAAAAODGCAAAA |            1012.75
 AAAAAAAAAIKBAAAA |             1015.3
 AAAAAAAAELOCAAAA |            1022.28
 AAAAAAAAEJICAAAA | 1026.8400000000001
 AAAAAAAAKOBAAAAA |            1034.02
 AAAAAAAAANOBAAAA |            1041.07
 AAAAAAAABPPDAAAA |             1045.8
 AAAAAAAAABCCAAAA |            1045.94
 AAAAAAAAGOBCAAAA |            1117.24
 AAAAAAAAOEABAAAA |             1138.5
 AAAAAAAAOHFCAAAA |             1140.8
 AAAAAAAAIDEEAAAA |            1145.76
 AAAAAAAACKGBAAAA |            1157.48
 AAAAAAAAOACEAAAA |            1164.12
 AAAAAAAAHHIDAAAA |            1166.93
 AAAAAAAAAKBCAAAA |            1182.62
 AAAAAAAAIBPBAAAA |            1195.74
 AAAAAAAAGOFAAAAA |            1218.09
 AAAAAAAAICPAAAAA | 1247.8600000000001
 AAAAAAAAGFACAAAA |            1266.88
 AAAAAAAAIKODAAAA |            1268.25
 AAAAAAAAHDGAAAAA | 1275.6299999999999
 AAAAAAAAEAEAAAAA | 1285.3899999999999
(100 rows)

UPDATE time_statistics SET e_time = TRANSACTION_TIMESTAMP() WHERE template = 'query56.tpl' AND stream = 8;
psql:/tmp/s1-basline/throughput/query_8.sql:3673: NOTICE:  duration: 0.086 ms  plan:
Query Text: UPDATE time_statistics SET e_time = TRANSACTION_TIMESTAMP() WHERE template = 'query56.tpl' AND stream = 8;
Update on time_statistics  (cost=0.00..15.87 rows=0 width=0) (actual time=0.085..0.086 rows=0 loops=1)
  ->  Seq Scan on time_statistics  (cost=0.00..15.87 rows=1 width=14) (actual time=0.072..0.072 rows=1 loops=1)
        Filter: ((template = 'query56.tpl'::text) AND (stream = 8))
        Rows Removed by Filter: 536
UPDATE 1
LOAD 'auto_explain'; SET auto_explain.log_min_duration TO 0; SET auto_explain.log_analyze TO on; SET auto_explain.log_level TO notice; INSERT INTO time_statistics (template, s_time, stream, query, seed) VALUES ('query46.tpl', TRANSACTION_TIMESTAMP(), 8, 73, 1900194697);
LOAD
SET
SET
SET
psql:/tmp/s1-basline/throughput/query_8.sql:3674: NOTICE:  duration: 0.009 ms  plan:
Query Text: INSERT INTO time_statistics (template, s_time, stream, query, seed) VALUES ('query46.tpl', TRANSACTION_TIMESTAMP(), 8, 73, 1900194697);
Insert on time_statistics  (cost=0.00..0.01 rows=0 width=0) (actual time=0.009..0.009 rows=0 loops=1)
  ->  Result  (cost=0.00..0.01 rows=1 width=64) (actual time=0.001..0.002 rows=1 loops=1)
INSERT 0 1
select  c_last_name
       ,c_first_name
       ,ca_city
       ,bought_city
       ,ss_ticket_number
       ,amt,profit 
 from
   (select ss_ticket_number
          ,ss_customer_sk
          ,ca_city bought_city
          ,sum(ss_coupon_amt) amt
          ,sum(ss_net_profit) profit
    from store_sales,date_dim,store,household_demographics,customer_address 
    where store_sales.ss_sold_date_sk = date_dim.d_date_sk
    and store_sales.ss_store_sk = store.s_store_sk  
    and store_sales.ss_hdemo_sk = household_demographics.hd_demo_sk
    and store_sales.ss_addr_sk = customer_address.ca_address_sk
    and (household_demographics.hd_dep_count = 7 or
         household_demographics.hd_vehicle_count= 4)
    and date_dim.d_dow in (6,0)
    and date_dim.d_year in (1998,1998+1,1998+2) 
    and store.s_city in ('Midway','Fairview','Fairview','Midway','Midway') 
    group by ss_ticket_number,ss_customer_sk,ss_addr_sk,ca_city) dn,customer,customer_address current_addr
    where ss_customer_sk = c_customer_sk
      and customer.c_current_addr_sk = current_addr.ca_address_sk
      and current_addr.ca_city <> bought_city
  order by c_last_name
          ,c_first_name
          ,ca_city
          ,bought_city
          ,ss_ticket_number
  limit 100;
psql:/tmp/s1-basline/throughput/query_8.sql:3706: NOTICE:  duration: 484.086 ms  plan:
Query Text: select  c_last_name
       ,c_first_name
       ,ca_city
       ,bought_city
       ,ss_ticket_number
       ,amt,profit 
 from
   (select ss_ticket_number
          ,ss_customer_sk
          ,ca_city bought_city
          ,sum(ss_coupon_amt) amt
          ,sum(ss_net_profit) profit
    from store_sales,date_dim,store,household_demographics,customer_address 
    where store_sales.ss_sold_date_sk = date_dim.d_date_sk
    and store_sales.ss_store_sk = store.s_store_sk  
    and store_sales.ss_hdemo_sk = household_demographics.hd_demo_sk
    and store_sales.ss_addr_sk = customer_address.ca_address_sk
    and (household_demographics.hd_dep_count = 7 or
         household_demographics.hd_vehicle_count= 4)
    and date_dim.d_dow in (6,0)
    and date_dim.d_year in (1998,1998+1,1998+2) 
    and store.s_city in ('Midway','Fairview','Fairview','Midway','Midway') 
    group by ss_ticket_number,ss_customer_sk,ss_addr_sk,ca_city) dn,customer,customer_address current_addr
    where ss_customer_sk = c_customer_sk
      and customer.c_current_addr_sk = current_addr.ca_address_sk
      and current_addr.ca_city <> bought_city
  order by c_last_name
          ,c_first_name
          ,ca_city
          ,bought_city
          ,ss_ticket_number
  limit 100;
Limit  (cost=97220.65..97220.90 rows=100 width=94) (actual time=419.455..484.006 rows=100 loops=1)
  ->  Sort  (cost=97220.65..97226.99 rows=2538 width=94) (actual time=419.454..483.999 rows=100 loops=1)
        Sort Key: customer.c_last_name, customer.c_first_name, current_addr.ca_city, customer_address.ca_city, store_sales.ss_ticket_number
        Sort Method: top-N heapsort  Memory: 47kB
        ->  Nested Loop  (cost=92861.64..97123.65 rows=2538 width=94) (actual time=361.586..479.654 rows=9302 loops=1)
              Join Filter: ((current_addr.ca_city)::text <> (customer_address.ca_city)::text)
              Rows Removed by Join Filter: 699
              ->  Nested Loop  (cost=92861.35..96274.58 rows=2542 width=93) (actual time=361.581..462.805 rows=10001 loops=1)
                    ->  Finalize GroupAggregate  (cost=92861.06..93191.84 rows=2542 width=49) (actual time=361.569..443.308 rows=10328 loops=1)
                          Group Key: store_sales.ss_ticket_number, store_sales.ss_customer_sk, store_sales.ss_addr_sk, customer_address.ca_city
                          ->  Gather Merge  (cost=92861.06..93134.65 rows=2118 width=49) (actual time=361.562..438.764 rows=10392 loops=1)
                                Workers Planned: 2
                                Workers Launched: 2
                                ->  Partial GroupAggregate  (cost=91861.04..91890.16 rows=1059 width=49) (actual time=355.819..365.380 rows=3464 loops=3)
                                      Group Key: store_sales.ss_ticket_number, store_sales.ss_customer_sk, store_sales.ss_addr_sk, customer_address.ca_city
                                      ->  Sort  (cost=91861.04..91863.68 rows=1059 width=49) (actual time=355.806..357.408 rows=36616 loops=3)
                                            Sort Key: store_sales.ss_ticket_number, store_sales.ss_customer_sk, store_sales.ss_addr_sk, customer_address.ca_city
                                            Sort Method: quicksort  Memory: 5721kB
                                            Worker 0:  Sort Method: quicksort  Memory: 3673kB
                                            Worker 1:  Sort Method: quicksort  Memory: 3695kB
                                            ->  Nested Loop  (cost=2788.06..91807.83 rows=1059 width=49) (actual time=16.871..340.600 rows=36616 loops=3)
                                                  ->  Hash Join  (cost=2787.77..91465.97 rows=1110 width=40) (actual time=16.825..285.938 rows=36855 loops=3)
                                                        Hash Cond: (store_sales.ss_store_sk = store.s_store_sk)
                                                        ->  Hash Join  (cost=2786.42..91460.54 rows=1164 width=48) (actual time=16.753..279.959 rows=37316 loops=3)
                                                              Hash Cond: (store_sales.ss_hdemo_sk = household_demographics.hd_demo_sk)
                                                              ->  Hash Join  (cost=2595.92..91257.21 rows=4883 width=56) (actual time=15.411..264.313 rows=151596 loops=3)
                                                                    Hash Cond: (store_sales.ss_sold_date_sk = date_dim.d_date_sk)
                                                                    ->  Parallel Seq Scan on store_sales  (cost=0.00..85499.45 rows=1204445 width=64) (actual time=0.013..124.309 rows=948150 loops=3)
                                                                    ->  Hash  (cost=2592.05..2592.05 rows=310 width=8) (actual time=15.363..15.364 rows=314 loops=3)
                                                                          Buckets: 1024  Batches: 1  Memory Usage: 21kB
                                                                          ->  Seq Scan on date_dim  (cost=0.00..2592.05 rows=310 width=8) (actual time=7.297..15.320 rows=314 loops=3)
                                                                                Filter: ((d_dow = ANY ('{6,0}'::integer[])) AND (d_year = ANY ('{1998,1999,2000}'::integer[])))
                                                                                Rows Removed by Filter: 72735
                                                              ->  Hash  (cost=168.00..168.00 rows=1800 width=8) (actual time=1.276..1.276 rows=1800 loops=3)
                                                                    Buckets: 2048  Batches: 1  Memory Usage: 87kB
                                                                    ->  Seq Scan on household_demographics  (cost=0.00..168.00 rows=1800 width=8) (actual time=0.139..1.064 rows=1800 loops=3)
                                                                          Filter: ((hd_dep_count = 7) OR (hd_vehicle_count = 4))
                                                                          Rows Removed by Filter: 5400
                                                        ->  Hash  (cost=1.20..1.20 rows=12 width=8) (actual time=0.041..0.041 rows=12 loops=3)
                                                              Buckets: 1024  Batches: 1  Memory Usage: 9kB
                                                              ->  Seq Scan on store  (cost=0.00..1.20 rows=12 width=8) (actual time=0.029..0.033 rows=12 loops=3)
                                                                    Filter: ((s_city)::text = ANY ('{Midway,Fairview,Fairview,Midway,Midway}'::text[]))
                                                  ->  Index Scan using pk_customer_address on customer_address  (cost=0.29..0.31 rows=1 width=17) (actual time=0.001..0.001 rows=1 loops=110565)
                                                        Index Cond: (ca_address_sk = store_sales.ss_addr_sk)
                    ->  Index Scan using pk_customer on customer  (cost=0.29..1.20 rows=1 width=68) (actual time=0.002..0.002 rows=1 loops=10328)
                          Index Cond: (c_customer_sk = store_sales.ss_customer_sk)
              ->  Index Scan using pk_customer_address on customer_address current_addr  (cost=0.29..0.32 rows=1 width=17) (actual time=0.001..0.001 rows=1 loops=10001)
                    Index Cond: (ca_address_sk = customer.c_current_addr_sk)
          c_last_name           |     c_first_name     |     ca_city     |   bought_city   | ss_ticket_number |        amt         |       profit        
--------------------------------+----------------------+-----------------+-----------------+------------------+--------------------+---------------------
 Abbott                         | Blanca               | Kingston        | Springdale      |             5963 |             545.86 |           -13765.19
 Abbott                         | Brenda               | Five Points     | Friendship      |           208043 |            3026.66 |  -5857.669999999999
 Abbott                         | Brenda               | Five Points     | Mount Zion      |            99328 |             354.71 |  -5849.419999999999
 Abbott                         | Michelle             | Maple Grove     | Union           |            94430 |              74.22 |  -6974.099999999999
 Abernathy                      | Robert               | Summit          | Clifton         |           202764 |                  0 |            -10751.2
 Abney                          | Charles              | Ashland         | Stringtown      |            53907 |  4228.759999999999 |           -17034.96
 Abraham                        | Clarence             | Greenfield      | Harmony         |            94169 |            1582.87 |            -6920.49
 Abraham                        | Deborah              | Mount Olive     | Riverview       |             2033 |                  0 |  -8671.539999999999
 Abrams                         | Tammy                | Woodlawn        | Concord         |           183046 |            3250.65 | -12357.209999999997
 Abreu                          | William              | Highland Park   | Buena Vista     |           126279 |             468.25 | -5057.7699999999995
 Acevedo                        | Paula                | Spring Hill     | Oak Ridge       |            75470 |             247.27 | -7216.9400000000005
 Acevedo                        | Timothy              | Jamestown       | Pleasant Grove  |            24306 |                  0 |  -4996.669999999998
 Acosta                         | Amanda               | Morris          | Salem           |           125889 |            3355.85 |  2035.8500000000008
 Acosta                         | Michael              | Green Acres     | Somerville      |            45015 |            5058.65 | -12227.060000000001
 Acosta                         | Michael              | Stringtown      | Hopewell        |           165584 |           13100.97 |           -22543.91
 Acuna                          | Steven               | Springdale      | Oak Hill        |           162505 | 12003.740000000002 |           -22056.02
 Adam                           | Adam                 | Mount Pleasant  | Edgewood        |           107408 |            2826.04 |  -6587.819999999999
 Adam                           | Ariel                | Enterprise      | Crossroads      |           127578 |            2305.19 |           -15014.18
 Adam                           | Julia                | Arlington       | Empire          |           107710 |            1284.52 |            -6602.84
 Adam                           | Marjorie             | Enterprise      | Maple Grove     |           101488 |             200.51 | -11104.370000000003
 Adams                          | Carolyn              | Granville       | Antioch         |            84247 |             326.17 |            -3828.45
 Adams                          | Christina            | Brownsville     | Oakwood         |           116353 |             551.96 |           -10201.75
 Adams                          | Doyle                | Farmington      | Oakland         |             9999 |             953.06 |  -4114.969999999999
 Adams                          | Emily                | Riley           | Wildwood        |            74142 |            3030.08 |           -10814.42
 Adams                          | Fannie               | Greenwood       | Mount Vernon    |             7164 |  96.42999999999999 |  -4484.490000000001
 Adams                          | Gregory              | Harmony         | Oak Hill        |           169864 |             372.64 |           -14513.15
 Adams                          | Heather              | Stringtown      | Mount Olive     |            35016 |             905.25 |            -6995.07
 Adams                          | Heidi                | Riverside       | Highland        |            46941 |            3190.59 | -10471.559999999998
 Adams                          | Hilary               | Mount Pleasant  | Midway          |           121817 |             130.29 |            -8507.84
 Adams                          | Jenny                | Harmony         | Lakewood        |           106352 |              73.59 |            -5197.09
 Adams                          | John                 | Shaw            | Sulphur Springs |            80869 |             148.94 |  -4433.889999999999
 Adams                          | Jose                 | Forest Hills    | Greenville      |           186482 |                  0 |           -10781.89
 Adams                          | Lisa                 | Pleasant Hill   | Spring Valley   |           118935 |             565.53 |  -8145.099999999999
 Adams                          | Mark                 | Franklin        | Clinton         |           226367 |            4794.58 |           -11398.99
 Adams                          | Miranda              | Harmony         | Lakeview        |           114859 |            1176.75 |            -8992.55
 Adams                          | Peggie               | Five Forks      | Maple Grove     |           174399 |               72.7 | -3061.6500000000005
 Adams                          | Richard              | Georgetown      | Delmar          |           227058 |             703.59 |            -5021.23
 Adams                          | Sandra               | Jamestown       | Friendship      |            42862 | 1259.5500000000002 |  -7650.380000000001
 Adams                          | Steven               | Franklin        | Riverview       |           230379 |            1606.74 | -15205.279999999999
 Adams                          | Thomas               | Arlington       | Shiloh          |           177445 |                  0 |   5955.060000000001
 Adams                          |                      | Jamestown       | Highland        |            33559 |             628.38 | -1454.7099999999994
 Adkins                         | John                 | Lebanon         | Unionville      |           180170 |             339.96 | -14778.099999999999
 Adkins                         | John                 | Shady Grove     | Wildwood        |             9331 |            1355.16 |           -11690.06
 Adkins                         | Juan                 | Oak Ridge       | Bridgeport      |            90204 |             259.94 |           -10264.46
 Adkins                         | Starla               | Saratoga        | Pleasant Valley |            45845 |  4407.240000000001 |           -17094.43
 Adkins                         | Travis               | Arlington       | Hopewell        |           112095 |            8840.74 |  -8030.630000000001
 Adkins                         |                      | Sulphur Springs | Antioch         |           128720 | 1520.4199999999998 |  -7200.569999999999
 Adler                          | Frank                | Kingston        | Shady Grove     |           227730 |             891.28 |  -8253.740000000002
 Adler                          | Shannon              | Golden          | Greenwood       |            38736 |                  0 |           -16468.28
 Agee                           | Clarence             | Kingston        | Providence      |            51800 |            1481.93 |   165.4299999999996
 Agee                           | Eunice               | Belmont         | Shady Grove     |            96317 |                  0 |            -1811.91
 Agnew                          | Christopher          | Waterloo        | Oak Grove       |           154488 |                  0 | -5959.9400000000005
 Aguayo                         | Brian                | Liberty         | Pleasant Grove  |           192734 | 1804.3899999999999 |            -6468.48
 Aguiar                         | Deanna               | Bethel          | Oakwood         |           122962 | 3649.7000000000003 |           -12600.81
 Aguilar                        | Isabel               | Macedonia       | Lakeview        |           121930 |                  0 |            -5316.09
 Aguilar                        | Kendall              | Riverside       | Flatwoods       |            26631 |             464.97 |  -7279.280000000001
 Aguilar                        | Steven               | Lebanon         | Antioch         |           175574 | 3331.0600000000004 |           -15954.98
 Aguilera                       | Mark                 | Newport         | Shady Grove     |           194864 |            2813.11 | -6095.2699999999995
 Aguirre                        | Beth                 | Woodlawn        | New London      |           222092 |             438.74 |  -7368.139999999999
 Aguirre                        | Freddy               | Mount Olive     | Centerville     |           140088 | 2694.4500000000003 |  -3162.120000000001
 Aguirre                        | Harry                | Ridgeville      | Springfield     |           197304 |             508.53 | -2586.5299999999997
 Aguirre                        | Marcella             | Marion          | Fairview        |           198960 | 502.49999999999994 |           -19790.19
 Aguirre                        | Ruth                 | Glenwood        | Lakeview        |           150272 |            1650.53 |           -16789.45
 Ahrens                         | Sonya                | Oak Ridge       | Farmington      |           118662 |              68.92 |            -4548.48
 Aiello                         | Gina                 | Macedonia       | Murray          |           124210 |             773.16 | -14279.439999999999
 Akers                          | Diane                | Cedar Grove     | White Oak       |            57940 |             995.69 |            -3253.86
 Akers                          | Harriett             | Antioch         | Kingston        |           212353 |            2415.17 |           -12122.86
 Akers                          | Lilian               | Lebanon         | Belmont         |           223270 |            3991.38 |            -4221.59
 Akers                          | Lilian               | Lebanon         | Bridgeport      |           216944 | 1607.7600000000002 | -16277.669999999998
 Akers                          |                      | Shiloh          | Concord         |            29304 |            1018.17 |            -5115.32
 Akin                           | Doris                | Kingston        | Bethel          |            93447 |             679.86 |            -9542.76
 Akins                          | Cynthia              | Franklin        | Marion          |              248 |            1178.72 |            -2816.75
 Akins                          | Sara                 | Friendship      | Oakland         |           195148 |            3777.36 | -10300.470000000001
 Albers                         | Stevie               | Fruitland       | Maple Grove     |           167448 |                  0 |            -8453.68
 Albert                         | Ashley               | Spring Valley   | Woodville       |           212269 |            1598.81 |           -15269.91
 Albert                         | Howard               | Silver Creek    | Pine Grove      |            51237 |  4823.040000000001 |  -7923.370000000001
 Albrecht                       | Faye                 | Red Hill        | Florence        |           219263 |            1968.84 |            -8496.31
 Albrecht                       | Marilyn              | Ashland         | Mount Pleasant  |            49580 |            2968.56 |            -9361.92
 Albright                       | Charles              | Mountain View   | Rock Creek      |           182707 |             4571.6 | -10358.310000000001
 Albright                       | Joseph               | Highland Park   | Clearview       |           226274 | 3011.4100000000003 |           -14566.87
 Alcala                         | Linda                | Jackson         | Franklin        |            68811 |                  0 |  2356.5799999999995
 Alcorn                         | Troy                 | Greenwood       | Riverview       |             8668 |            4072.07 |           -10756.27
 Aldridge                       | Ashley               | Hopewell        | Jackson         |           132145 |             326.06 | -4603.1900000000005
 Aldridge                       | Ellsworth            | Greenfield      | Oakdale         |           191134 |  7611.469999999999 |            -8859.82
 Aldridge                       | Frieda               | Edgewood        | Macedonia       |           233555 |            1715.71 |           -10330.55
 Aldridge                       | Shawn                | Forest Hills    | Springdale      |            89241 |            9350.44 |           -17881.38
 Aleman                         | Florence             | Riverside       | Georgetown      |            23993 |  6812.220000000001 |           -15867.75
 Aleman                         | Florence             | Riverside       | Georgetown      |           100739 | 1788.6499999999999 | -10156.759999999998
 Aleman                         | Victoria             | Belmont         | Riverdale       |           224106 | 1515.3600000000001 |            -7466.62
 Alexander                      | Carole               | Ferguson        | Pleasant Grove  |            82928 |  8313.989999999998 | -15351.849999999999
 Alexander                      | Domenica             | Franklin        | Shiloh          |            62388 |            8634.59 | -24359.669999999995
 Alexander                      | James                | Friendship      | Mountain View   |           174669 |            3540.25 |  -7587.900000000001
 Alexander                      | Les                  | Arlington       | Greenville      |            99279 |            1901.01 |            -7920.98
 Alexander                      | Lisa                 | Brownsville     | Gary            |           142322 |             189.95 |            -8533.54
 Alexander                      | Melanie              | Oak Hill        | Hamilton        |           129548 |  825.8499999999999 |           -12711.05
 Alexander                      | Nathan               | Five Points     | Crossroads      |            35130 |             1464.1 |            -7249.32
 Alexander                      | Ronald               | Ferguson        | Greenville      |            51271 | 12604.419999999998 | -13072.910000000002
 Alexander                      | Sidney               | Antioch         | Parkwood        |           153577 |            3514.56 |            -5106.08
 Alexander                      | Sidney               | Antioch         | Vienna          |             1446 |  991.8100000000001 |           -30735.14
 Alexander                      | Tiffany              | Lakewood        | Bayside         |           126295 |            1943.64 |  -5438.139999999999
(100 rows)

UPDATE time_statistics SET e_time = TRANSACTION_TIMESTAMP() WHERE template = 'query46.tpl' AND stream = 8;
psql:/tmp/s1-basline/throughput/query_8.sql:3708: NOTICE:  duration: 0.087 ms  plan:
Query Text: UPDATE time_statistics SET e_time = TRANSACTION_TIMESTAMP() WHERE template = 'query46.tpl' AND stream = 8;
Update on time_statistics  (cost=0.00..15.87 rows=0 width=0) (actual time=0.086..0.086 rows=0 loops=1)
  ->  Seq Scan on time_statistics  (cost=0.00..15.87 rows=1 width=14) (actual time=0.071..0.071 rows=1 loops=1)
        Filter: ((template = 'query46.tpl'::text) AND (stream = 8))
        Rows Removed by Filter: 537
UPDATE 1
LOAD 'auto_explain'; SET auto_explain.log_min_duration TO 0; SET auto_explain.log_analyze TO on; SET auto_explain.log_level TO notice; INSERT INTO time_statistics (template, s_time, stream, query, seed) VALUES ('query19.tpl', TRANSACTION_TIMESTAMP(), 8, 74, 986315070);
LOAD
SET
SET
SET
psql:/tmp/s1-basline/throughput/query_8.sql:3709: NOTICE:  duration: 0.008 ms  plan:
Query Text: INSERT INTO time_statistics (template, s_time, stream, query, seed) VALUES ('query19.tpl', TRANSACTION_TIMESTAMP(), 8, 74, 986315070);
Insert on time_statistics  (cost=0.00..0.01 rows=0 width=0) (actual time=0.008..0.008 rows=0 loops=1)
  ->  Result  (cost=0.00..0.01 rows=1 width=64) (actual time=0.002..0.002 rows=1 loops=1)
INSERT 0 1
select  i_brand_id brand_id, i_brand brand, i_manufact_id, i_manufact,
 	sum(ss_ext_sales_price) ext_price
 from date_dim, store_sales, item,customer,customer_address,store
 where d_date_sk = ss_sold_date_sk
   and ss_item_sk = i_item_sk
   and i_manager_id=22
   and d_moy=12
   and d_year=1998
   and ss_customer_sk = c_customer_sk 
   and c_current_addr_sk = ca_address_sk
   and substr(ca_zip,1,5) <> substr(s_zip,1,5) 
   and ss_store_sk = s_store_sk 
 group by i_brand
      ,i_brand_id
      ,i_manufact_id
      ,i_manufact
 order by ext_price desc
         ,i_brand
         ,i_brand_id
         ,i_manufact_id
         ,i_manufact
limit 100 ;
psql:/tmp/s1-basline/throughput/query_8.sql:3731: NOTICE:  duration: 204.585 ms  plan:
Query Text: select  i_brand_id brand_id, i_brand brand, i_manufact_id, i_manufact,
 	sum(ss_ext_sales_price) ext_price
 from date_dim, store_sales, item,customer,customer_address,store
 where d_date_sk = ss_sold_date_sk
   and ss_item_sk = i_item_sk
   and i_manager_id=22
   and d_moy=12
   and d_year=1998
   and ss_customer_sk = c_customer_sk 
   and c_current_addr_sk = ca_address_sk
   and substr(ca_zip,1,5) <> substr(s_zip,1,5) 
   and ss_store_sk = s_store_sk 
 group by i_brand
      ,i_brand_id
      ,i_manufact_id
      ,i_manufact
 order by ext_price desc
         ,i_brand
         ,i_brand_id
         ,i_manufact_id
         ,i_manufact
limit 100 ;
Limit  (cost=43401.11..43401.16 rows=19 width=118) (actual time=204.510..204.523 rows=100 loops=1)
  ->  Sort  (cost=43401.11..43401.16 rows=19 width=118) (actual time=204.509..204.516 rows=100 loops=1)
        Sort Key: (sum(store_sales.ss_ext_sales_price)) DESC, item.i_brand, item.i_brand_id, item.i_manufact_id, item.i_manufact
        Sort Method: quicksort  Memory: 65kB
        ->  GroupAggregate  (cost=43400.23..43400.71 rows=19 width=118) (actual time=203.984..204.461 rows=151 loops=1)
              Group Key: item.i_brand, item.i_brand_id, item.i_manufact_id, item.i_manufact
              ->  Sort  (cost=43400.23..43400.28 rows=19 width=118) (actual time=203.972..204.030 rows=1475 loops=1)
                    Sort Key: item.i_brand, item.i_brand_id, item.i_manufact_id, item.i_manufact
                    Sort Method: quicksort  Memory: 279kB
                    ->  Nested Loop  (cost=1.30..43399.83 rows=19 width=118) (actual time=4.190..201.886 rows=1475 loops=1)
                          Join Filter: (substr((customer_address.ca_zip)::text, 1, 5) <> substr((store.s_zip)::text, 1, 5))
                          Rows Removed by Join Filter: 48
                          ->  Nested Loop  (cost=1.01..43393.29 rows=19 width=137) (actual time=4.185..197.297 rows=1523 loops=1)
                                ->  Nested Loop  (cost=0.72..43387.07 rows=20 width=137) (actual time=4.181..193.056 rows=1540 loops=1)
                                      Join Filter: (store_sales.ss_store_sk = store.s_store_sk)
                                      Rows Removed by Join Filter: 7076
                                      ->  Nested Loop  (cost=0.72..43382.44 rows=21 width=134) (actual time=4.172..191.916 rows=1572 loops=1)
                                            ->  Nested Loop  (cost=0.43..43021.47 rows=1172 width=32) (actual time=4.097..51.431 rows=92473 loops=1)
                                                  ->  Seq Scan on date_dim  (cost=0.00..2500.73 rows=31 width=8) (actual time=4.087..8.821 rows=31 loops=1)
                                                        Filter: ((d_moy = 12) AND (d_year = 1998))
                                                        Rows Removed by Filter: 73018
                                                  ->  Index Scan using i_ss_sold_date_sk on store_sales  (cost=0.43..1291.97 rows=1515 width=40) (actual time=0.005..0.937 rows=2983 loops=31)
                                                        Index Cond: (ss_sold_date_sk = date_dim.d_date_sk)
                                            ->  Index Scan using pk_item on item  (cost=0.29..0.31 rows=1 width=118) (actual time=0.001..0.001 rows=0 loops=92473)
                                                  Index Cond: (i_item_sk = store_sales.ss_item_sk)
                                                  Filter: (i_manager_id = 22)
                                                  Rows Removed by Filter: 1
                                      ->  Materialize  (cost=0.00..1.18 rows=12 width=19) (actual time=0.000..0.000 rows=5 loops=1572)
                                            ->  Seq Scan on store  (cost=0.00..1.12 rows=12 width=19) (actual time=0.002..0.006 rows=12 loops=1)
                                ->  Index Scan using pk_customer on customer  (cost=0.29..0.31 rows=1 width=16) (actual time=0.002..0.002 rows=1 loops=1540)
                                      Index Cond: (c_customer_sk = store_sales.ss_customer_sk)
                          ->  Index Scan using pk_customer_address on customer_address  (cost=0.29..0.32 rows=1 width=19) (actual time=0.002..0.002 rows=1 loops=1523)
                                Index Cond: (ca_address_sk = customer.c_current_addr_sk)
 brand_id |                       brand                        | i_manufact_id |                     i_manufact                     |     ext_price      
----------+----------------------------------------------------+---------------+----------------------------------------------------+--------------------
  8016005 | corpmaxi #5                                        |             4 | ese                                                | 44448.560000000005
  6002005 | importocorp #5                                     |           384 | eseeingpri                                         |  43895.67999999999
 10012005 | importoamalgamalg #5                               |           981 | oughteingn st                                      | 42651.579999999994
  2004002 | edu packimporto #2                                 |           348 | eingesepri                                         |           42257.86
  7010007 | univnameless #7                                    |           365 | anticallypri                                       |           42205.53
  1004001 | edu packamalg #1                                   |           124 | eseableought                                       |           41325.93
 10016014 | corpamalgamalg #14                                 |           111 | oughtoughtought                                    |            41054.4
  8003003 | exportinameless #3                                 |           572 | ableationanti                                      |           40330.75
  6006008 | corpcorp #8                                        |           499 | n stn stese                                        |           38295.76
  9012009 | importounivamalg #9                                |           623 | priablecally                                       | 37621.340000000004
  8001009 | amalgnameless #9                                   |           722 | ableableation                                      | 35340.939999999995
  8005009 | scholarnameless #9                                 |           140 | bareseought                                        |           35165.37
  8005001 | scholarnameless #1                                 |           256 | callyantiable                                      |  34873.60999999999
  1003002 | exportiamalg #2                                    |           298 | eingn stable                                       |           34687.68
  8001004 | amalgnameless #4                                   |           760 | barcallyation                                      |           33261.01
  3002002 | importoexporti #2                                  |           515 | antioughtanti                                      | 32794.049999999996
  3002001 | importoexporti #1                                  |           177 | ationationought                                    | 32740.380000000005
  9008008 | namelessmaxi #8                                    |           457 | ationantiese                                       |           32675.16
  6001004 | amalgcorp #4                                       |            14 | eseought                                           |           32070.99
  3004001 | edu packexporti #1                                 |            30 | barpri                                             | 32037.039999999997
  1003002 | exportiamalg #2                                    |           236 | callypriable                                       |           31505.79
  1003001 | exportiamalg #1                                    |           233 | pripriable                                         |           31067.67
  1002001 | importoamalg #1                                    |            88 | eingeing                                           | 29798.799999999996
  5004001 | edu packscholar #1                                 |           373 | priationpri                                        | 29556.710000000003
 10010013 | univamalgamalg #13                                 |           151 | oughtantiought                                     |           29162.44
  7009006 | maxibrand #6                                       |           550 | barantianti                                        |           29144.58
  2003002 | exportiimporto #2                                  |             8 | eing                                               |           28977.61
 10013007 | exportiamalgamalg #7                               |           160 | barcallyought                                      |           28949.09
  7015007 | scholarnameless #7                                 |            81 | oughteing                                          | 28672.929999999997
  1001001 | amalgamalg #1                                      |            22 | ableable                                           | 28670.800000000003
  6013006 | exportibrand #6                                    |           948 | eingesen st                                        | 28380.440000000002
  6008005 | namelesscorp #5                                    |           202 | ablebarable                                        | 28361.030000000006
  3003002 | exportiexporti #2                                  |           350 | barantipri                                         |           27810.34
 10013016 | exportiamalgamalg #16                              |           287 | ationeingable                                      | 27555.800000000003
  4003001 | exportiedu pack #1                                 |           240 | bareseable                                         | 26746.939999999995
  4004001 | edu packedu pack #1                                |           185 | antieingought                                      |            26559.7
  8005005 | scholarnameless #5                                 |           370 | barationpri                                        |           26464.42
  4004002 | edu packedu pack #2                                |           538 | eingprianti                                        |           26055.72
  7016002 | corpnameless #2                                    |           649 | n stesecally                                       | 25902.670000000002
  5004001 | edu packscholar #1                                 |           372 | ableationpri                                       | 25769.500000000004
  7014001 | edu packnameless #1                                |           260 | barcallyable                                       |           25482.34
  5003002 | exportischolar #2                                  |           639 | n stprically                                       |            25276.4
  9012005 | importounivamalg #5                                |            75 | antiation                                          |           24929.25
  4003001 | exportiedu pack #1                                 |            59 | n stanti                                           |           23980.74
  2003002 | exportiimporto #2                                  |           651 | oughtantically                                     | 23772.899999999998
  2001001 | amalgimporto #1                                    |           435 | antipriese                                         |           23728.57
  3004001 | edu packexporti #1                                 |           139 | n stpriought                                       | 23559.280000000002
  6008004 | namelesscorp #4                                    |            70 | baration                                           | 23548.000000000004
  6004005 | edu packcorp #5                                    |           234 | esepriable                                         |           23377.85
  8011004 | amalgmaxi #4                                       |           230 | barpriable                                         |           23004.89
  4002001 | importoedu pack #1                                 |           654 | eseantically                                       |           22863.58
  2002002 | importoimporto #2                                  |           457 | ationantiese                                       | 22575.359999999997
  3001001 | amalgexporti #1                                    |           335 | antipripri                                         |           22523.53
  7014003 | edu packnameless #3                                |            30 | barpri                                             | 22465.739999999998
  6011005 | amalgbrand #5                                      |           175 | antiationought                                     | 22260.870000000003
  8006001 | corpnameless #1                                    |           519 | n stoughtanti                                      | 22076.629999999997
  6006005 | corpcorp #5                                        |           863 | pricallyeing                                       |           21932.82
  7015002 | scholarnameless #2                                 |           323 | priablepri                                         |           21520.42
  3003001 | exportiexporti #1                                  |           437 | ationpriese                                        |           21138.35
 10016013 | corpamalgamalg #13                                 |           665 | anticallycally                                     |           21036.17
  6015005 | scholarbrand #5                                    |            67 | ationcally                                         |           20962.19
  6001007 | amalgcorp #7                                       |           175 | antiationought                                     |           20164.07
  1002001 | importoamalg #1                                    |           178 | eingationought                                     | 20079.559999999998
  2003001 | exportiimporto #1                                  |           221 | oughtableable                                      | 19849.969999999998
  9016008 | corpunivamalg #8                                   |           472 | ableationese                                       | 19741.989999999998
  3004002 | edu packexporti #2                                 |           802 | ablebareing                                        |           19718.55
  7013009 | exportinameless #9                                 |           323 | priablepri                                         |           19549.37
  1002002 | importoamalg #2                                    |           655 | antiantically                                      | 19429.140000000003
  4004002 | edu packedu pack #2                                |           320 | barablepri                                         | 19052.170000000006
  2002002 | importoimporto #2                                  |           618 | eingoughtcally                                     |           18882.25
  6009002 | maxicorp #2                                        |           362 | ablecallypri                                       |           18703.17
 10001013 | amalgunivamalg #13                                 |           812 | ableoughteing                                      | 18649.559999999998
  4002002 | importoedu pack #2                                 |           168 | eingcallyought                                     |           18646.44
  2004002 | edu packimporto #2                                 |           632 | ableprically                                       |           18161.74
  9013008 | exportiunivamalg #8                                |           334 | esepripri                                          | 18154.199999999997
 10005013 | scholarunivamalg #13                               |           394 | esen stpri                                         | 18017.559999999998
  5001001 | amalgscholar #1                                    |           121 | oughtableought                                     |           17974.18
  6009001 | maxicorp #1                                        |           318 | eingoughtpri                                       |           17973.22
  6008004 | namelesscorp #4                                    |           198 | eingn stought                                      | 17691.789999999997
 10012005 | importoamalgamalg #5                               |           533 | priprianti                                         |           17469.64
  6004003 | edu packcorp #3                                    |            64 | esecally                                           |           17283.52
  7011001 | amalgnameless #1                                   |           166 | callycallyought                                    |           17213.37
  3004001 | edu packexporti #1                                 |           137 | ationpriought                                      | 17197.309999999998
  4001001 | amalgedu pack #1                                   |           223 | priableable                                        | 17186.289999999997
  6001001 | amalgcorp #1                                       |           977 | ationationn st                                     | 16856.530000000002
  9013002 | exportiunivamalg #2                                |           181 | oughteingought                                     |           16605.71
  5001001 | amalgscholar #1                                    |           305 | antibarpri                                         |           16413.96
  3004001 | edu packexporti #1                                 |           643 | priesecally                                        |           16114.64
  4004002 | edu packedu pack #2                                |           319 | n stoughtpri                                       | 16051.580000000002
  7001009 | amalgbrand #9                                      |           653 | priantically                                       |            15982.5
  7006007 | corpbrand #7                                       |           433 | pripriese                                          |           15979.94
 10011011 | amalgamalgamalg #11                                |            25 | antiable                                           | 15780.619999999999
  2003002 | exportiimporto #2                                  |           180 | bareingought                                       |           15702.86
  9008002 | namelessmaxi #2                                    |           892 | ablen steing                                       |           15396.25
  1003002 | exportiamalg #2                                    |           334 | esepripri                                          | 15348.900000000001
  9015008 | scholarunivamalg #8                                |            95 | antin st                                           | 15172.079999999998
  4002001 | importoedu pack #1                                 |           313 | prioughtpri                                        | 15074.199999999999
  6007006 | brandcorp #6                                       |           275 | antiationable                                      |           15002.74
  8011007 | amalgmaxi #7                                       |           552 | ableantianti                                       |           14986.95
  4003002 | exportiedu pack #2                                 |           293 | prin stable                                        |           14858.65
(100 rows)

UPDATE time_statistics SET e_time = TRANSACTION_TIMESTAMP() WHERE template = 'query19.tpl' AND stream = 8;
psql:/tmp/s1-basline/throughput/query_8.sql:3733: NOTICE:  duration: 0.085 ms  plan:
Query Text: UPDATE time_statistics SET e_time = TRANSACTION_TIMESTAMP() WHERE template = 'query19.tpl' AND stream = 8;
Update on time_statistics  (cost=0.00..15.87 rows=0 width=0) (actual time=0.085..0.085 rows=0 loops=1)
  ->  Seq Scan on time_statistics  (cost=0.00..15.87 rows=1 width=14) (actual time=0.071..0.071 rows=1 loops=1)
        Filter: ((template = 'query19.tpl'::text) AND (stream = 8))
        Rows Removed by Filter: 538
UPDATE 1
LOAD 'auto_explain'; SET auto_explain.log_min_duration TO 0; SET auto_explain.log_analyze TO on; SET auto_explain.log_level TO notice; INSERT INTO time_statistics (template, s_time, stream, query, seed) VALUES ('query62.tpl', TRANSACTION_TIMESTAMP(), 8, 75, 571110297);
LOAD
SET
SET
SET
psql:/tmp/s1-basline/throughput/query_8.sql:3734: NOTICE:  duration: 0.009 ms  plan:
Query Text: INSERT INTO time_statistics (template, s_time, stream, query, seed) VALUES ('query62.tpl', TRANSACTION_TIMESTAMP(), 8, 75, 571110297);
Insert on time_statistics  (cost=0.00..0.01 rows=0 width=0) (actual time=0.008..0.008 rows=0 loops=1)
  ->  Result  (cost=0.00..0.01 rows=1 width=64) (actual time=0.002..0.002 rows=1 loops=1)
INSERT 0 1
select  
   substr(w_warehouse_name,1,20)
  ,sm_type
  ,web_name
  ,sum(case when (ws_ship_date_sk - ws_sold_date_sk <= 30 ) then 1 else 0 end)  as "30 days" 
  ,sum(case when (ws_ship_date_sk - ws_sold_date_sk > 30) and 
                 (ws_ship_date_sk - ws_sold_date_sk <= 60) then 1 else 0 end )  as "31-60 days" 
  ,sum(case when (ws_ship_date_sk - ws_sold_date_sk > 60) and 
                 (ws_ship_date_sk - ws_sold_date_sk <= 90) then 1 else 0 end)  as "61-90 days" 
  ,sum(case when (ws_ship_date_sk - ws_sold_date_sk > 90) and
                 (ws_ship_date_sk - ws_sold_date_sk <= 120) then 1 else 0 end)  as "91-120 days" 
  ,sum(case when (ws_ship_date_sk - ws_sold_date_sk  > 120) then 1 else 0 end)  as ">120 days" 
from
   web_sales
  ,warehouse
  ,ship_mode
  ,web_site
  ,date_dim
where
    d_month_seq between 1185 and 1185 + 11
and ws_ship_date_sk   = d_date_sk
and ws_warehouse_sk   = w_warehouse_sk
and ws_ship_mode_sk   = sm_ship_mode_sk
and ws_web_site_sk    = web_site_sk
group by
   substr(w_warehouse_name,1,20)
  ,sm_type
  ,web_name
order by substr(w_warehouse_name,1,20)
        ,sm_type
       ,web_name
limit 100;
psql:/tmp/s1-basline/throughput/query_8.sql:3766: NOTICE:  duration: 229.919 ms  plan:
Query Text: select  
   substr(w_warehouse_name,1,20)
  ,sm_type
  ,web_name
  ,sum(case when (ws_ship_date_sk - ws_sold_date_sk <= 30 ) then 1 else 0 end)  as "30 days" 
  ,sum(case when (ws_ship_date_sk - ws_sold_date_sk > 30) and 
                 (ws_ship_date_sk - ws_sold_date_sk <= 60) then 1 else 0 end )  as "31-60 days" 
  ,sum(case when (ws_ship_date_sk - ws_sold_date_sk > 60) and 
                 (ws_ship_date_sk - ws_sold_date_sk <= 90) then 1 else 0 end)  as "61-90 days" 
  ,sum(case when (ws_ship_date_sk - ws_sold_date_sk > 90) and
                 (ws_ship_date_sk - ws_sold_date_sk <= 120) then 1 else 0 end)  as "91-120 days" 
  ,sum(case when (ws_ship_date_sk - ws_sold_date_sk  > 120) then 1 else 0 end)  as ">120 days" 
from
   web_sales
  ,warehouse
  ,ship_mode
  ,web_site
  ,date_dim
where
    d_month_seq between 1185 and 1185 + 11
and ws_ship_date_sk   = d_date_sk
and ws_warehouse_sk   = w_warehouse_sk
and ws_ship_mode_sk   = sm_ship_mode_sk
and ws_web_site_sk    = web_site_sk
group by
   substr(w_warehouse_name,1,20)
  ,sm_type
  ,web_name
order by substr(w_warehouse_name,1,20)
        ,sm_type
       ,web_name
limit 100;
Limit  (cost=34174.77..34268.39 rows=100 width=110) (actual time=197.552..229.843 rows=100 loops=1)
  ->  Finalize GroupAggregate  (cost=34174.77..34315.21 rows=150 width=110) (actual time=197.551..229.834 rows=100 loops=1)
        Group Key: (substr((warehouse.w_warehouse_name)::text, 1, 20)), ship_mode.sm_type, web_site.web_name
        ->  Gather Merge  (cost=34174.77..34307.33 rows=300 width=110) (actual time=197.318..229.716 rows=301 loops=1)
              Workers Planned: 2
              Workers Launched: 2
              ->  Partial GroupAggregate  (cost=33174.74..33272.68 rows=150 width=110) (actual time=176.175..193.312 rows=134 loops=3)
                    Group Key: (substr((warehouse.w_warehouse_name)::text, 1, 20)), ship_mode.sm_type, web_site.web_name
                    ->  Sort  (cost=33174.74..33178.58 rows=1537 width=86) (actual time=175.983..177.852 rows=41094 loops=3)
                          Sort Key: (substr((warehouse.w_warehouse_name)::text, 1, 20)), ship_mode.sm_type, web_site.web_name
                          Sort Method: quicksort  Memory: 10403kB
                          Worker 0:  Sort Method: quicksort  Memory: 5822kB
                          Worker 1:  Sort Method: quicksort  Memory: 5815kB
                          ->  Hash Join  (cost=2510.63..33093.39 rows=1537 width=86) (actual time=12.843..126.262 rows=48397 loops=3)
                                Hash Cond: (web_sales.ws_web_site_sk = web_site.web_site_sk)
                                ->  Hash Join  (cost=2507.96..33082.27 rows=1537 width=69) (actual time=12.762..112.558 rows=48397 loops=3)
                                      Hash Cond: (web_sales.ws_ship_mode_sk = ship_mode.sm_ship_mode_sk)
                                      ->  Hash Join  (cost=2506.51..33075.93 rows=1537 width=46) (actual time=12.725..105.218 rows=48400 loops=3)
                                            Hash Cond: (web_sales.ws_warehouse_sk = warehouse.w_warehouse_sk)
                                            ->  Hash Join  (cost=2505.40..33067.37 rows=1537 width=40) (actual time=12.700..97.034 rows=48408 loops=3)
                                                  Hash Cond: (web_sales.ws_ship_date_sk = date_dim.d_date_sk)
                                                  ->  Parallel Seq Scan on web_sales  (cost=0.00..29771.63 rows=301063 width=40) (actual time=0.015..45.682 rows=237185 loops=3)
                                                  ->  Hash  (cost=2500.73..2500.73 rows=373 width=8) (actual time=12.661..12.662 rows=365 loops=3)
                                                        Buckets: 1024  Batches: 1  Memory Usage: 23kB
                                                        ->  Seq Scan on date_dim  (cost=0.00..2500.73 rows=373 width=8) (actual time=5.973..12.613 rows=365 loops=3)
                                                              Filter: ((d_month_seq >= 1185) AND (d_month_seq <= 1196))
                                                              Rows Removed by Filter: 72684
                                            ->  Hash  (cost=1.05..1.05 rows=5 width=22) (actual time=0.015..0.016 rows=5 loops=3)
                                                  Buckets: 1024  Batches: 1  Memory Usage: 9kB
                                                  ->  Seq Scan on warehouse  (cost=0.00..1.05 rows=5 width=22) (actual time=0.013..0.014 rows=5 loops=3)
                                      ->  Hash  (cost=1.20..1.20 rows=20 width=39) (actual time=0.027..0.027 rows=20 loops=3)
                                            Buckets: 1024  Batches: 1  Memory Usage: 10kB
                                            ->  Seq Scan on ship_mode  (cost=0.00..1.20 rows=20 width=39) (actual time=0.019..0.021 rows=20 loops=3)
                                ->  Hash  (cost=2.30..2.30 rows=30 width=15) (actual time=0.041..0.042 rows=30 loops=3)
                                      Buckets: 1024  Batches: 1  Memory Usage: 10kB
                                      ->  Seq Scan on web_site  (cost=0.00..2.30 rows=30 width=15) (actual time=0.023..0.035 rows=30 loops=3)
       substr        |            sm_type             | web_name | 30 days | 31-60 days | 61-90 days | 91-120 days | >120 days 
---------------------+--------------------------------+----------+---------+------------+------------+-------------+-----------
 Neither dea         | EXPRESS                        | site_0   |     317 |        270 |        307 |         321 |         0
 Neither dea         | EXPRESS                        | site_1   |     308 |        300 |        282 |         306 |         0
 Neither dea         | EXPRESS                        | site_2   |     297 |        297 |        317 |         266 |         0
 Neither dea         | EXPRESS                        | site_3   |     303 |        280 |        277 |         257 |         0
 Neither dea         | EXPRESS                        | site_4   |     274 |        272 |        274 |         271 |         0
 Neither dea         | LIBRARY                        | site_0   |     204 |        159 |        184 |         186 |         0
 Neither dea         | LIBRARY                        | site_1   |     235 |        203 |        201 |         241 |         0
 Neither dea         | LIBRARY                        | site_2   |     220 |        231 |        280 |         226 |         0
 Neither dea         | LIBRARY                        | site_3   |     280 |        244 |        234 |         252 |         0
 Neither dea         | LIBRARY                        | site_4   |     223 |        195 |        206 |         243 |         0
 Neither dea         | NEXT DAY                       | site_0   |     333 |        293 |        291 |         301 |         0
 Neither dea         | NEXT DAY                       | site_1   |     315 |        293 |        297 |         329 |         0
 Neither dea         | NEXT DAY                       | site_2   |     254 |        268 |        274 |         293 |         0
 Neither dea         | NEXT DAY                       | site_3   |     265 |        240 |        246 |         276 |         0
 Neither dea         | NEXT DAY                       | site_4   |     299 |        275 |        326 |         309 |         0
 Neither dea         | OVERNIGHT                      | site_0   |     253 |        247 |        234 |         258 |         0
 Neither dea         | OVERNIGHT                      | site_1   |     217 |        220 |        256 |         205 |         0
 Neither dea         | OVERNIGHT                      | site_2   |     161 |        185 |        160 |         171 |         0
 Neither dea         | OVERNIGHT                      | site_3   |     181 |        214 |        189 |         210 |         0
 Neither dea         | OVERNIGHT                      | site_4   |     272 |        240 |        237 |         232 |         0
 Neither dea         | REGULAR                        | site_0   |     194 |        204 |        232 |         210 |         0
 Neither dea         | REGULAR                        | site_1   |     241 |        260 |        248 |         234 |         0
 Neither dea         | REGULAR                        | site_2   |     275 |        246 |        236 |         219 |         0
 Neither dea         | REGULAR                        | site_3   |     191 |        220 |        216 |         200 |         0
 Neither dea         | REGULAR                        | site_4   |     210 |        162 |        185 |         189 |         0
 Neither dea         | TWO DAY                        | site_0   |     231 |        221 |        237 |         197 |         0
 Neither dea         | TWO DAY                        | site_1   |     202 |        165 |        184 |         177 |         0
 Neither dea         | TWO DAY                        | site_2   |     191 |        226 |        205 |         207 |         0
 Neither dea         | TWO DAY                        | site_3   |     223 |        216 |        234 |         200 |         0
 Neither dea         | TWO DAY                        | site_4   |     254 |        235 |        236 |         256 |         0
 Parties use         | EXPRESS                        | site_0   |     287 |        277 |        285 |         307 |         0
 Parties use         | EXPRESS                        | site_1   |     308 |        273 |        303 |         291 |         0
 Parties use         | EXPRESS                        | site_2   |     288 |        259 |        253 |         302 |         0
 Parties use         | EXPRESS                        | site_3   |     283 |        260 |        278 |         273 |         0
 Parties use         | EXPRESS                        | site_4   |     286 |        288 |        346 |         307 |         0
 Parties use         | LIBRARY                        | site_0   |     207 |        215 |        201 |         224 |         0
 Parties use         | LIBRARY                        | site_1   |     247 |        251 |        238 |         262 |         0
 Parties use         | LIBRARY                        | site_2   |     269 |        216 |        238 |         220 |         0
 Parties use         | LIBRARY                        | site_3   |     218 |        207 |        212 |         211 |         0
 Parties use         | LIBRARY                        | site_4   |     172 |        189 |        144 |         200 |         0
 Parties use         | NEXT DAY                       | site_0   |     264 |        291 |        291 |         297 |         0
 Parties use         | NEXT DAY                       | site_1   |     261 |        303 |        282 |         273 |         0
 Parties use         | NEXT DAY                       | site_2   |     270 |        255 |        247 |         279 |         0
 Parties use         | NEXT DAY                       | site_3   |     288 |        299 |        289 |         292 |         0
 Parties use         | NEXT DAY                       | site_4   |     282 |        324 |        303 |         286 |         0
 Parties use         | OVERNIGHT                      | site_0   |     226 |        226 |        190 |         226 |         0
 Parties use         | OVERNIGHT                      | site_1   |     201 |        182 |        194 |         177 |         0
 Parties use         | OVERNIGHT                      | site_2   |     207 |        212 |        191 |         196 |         0
 Parties use         | OVERNIGHT                      | site_3   |     237 |        223 |        238 |         260 |         0
 Parties use         | OVERNIGHT                      | site_4   |     259 |        224 |        237 |         226 |         0
 Parties use         | REGULAR                        | site_0   |     237 |        234 |        248 |         264 |         0
 Parties use         | REGULAR                        | site_1   |     249 |        231 |        246 |         259 |         0
 Parties use         | REGULAR                        | site_2   |     187 |        199 |        219 |         228 |         0
 Parties use         | REGULAR                        | site_3   |     187 |        172 |        174 |         177 |         0
 Parties use         | REGULAR                        | site_4   |     196 |        229 |        190 |         210 |         0
 Parties use         | TWO DAY                        | site_0   |     162 |        200 |        166 |         181 |         0
 Parties use         | TWO DAY                        | site_1   |     211 |        224 |        210 |         222 |         0
 Parties use         | TWO DAY                        | site_2   |     234 |        260 |        251 |         269 |         0
 Parties use         | TWO DAY                        | site_3   |     258 |        231 |        257 |         235 |         0
 Parties use         | TWO DAY                        | site_4   |     203 |        219 |        223 |         227 |         0
 Persons make more e | EXPRESS                        | site_0   |     239 |        292 |        282 |         263 |         0
 Persons make more e | EXPRESS                        | site_1   |     297 |        317 |        285 |         288 |         0
 Persons make more e | EXPRESS                        | site_2   |     261 |        276 |        314 |         317 |         0
 Persons make more e | EXPRESS                        | site_3   |     315 |        309 |        328 |         281 |         0
 Persons make more e | EXPRESS                        | site_4   |     284 |        278 |        277 |         259 |         0
 Persons make more e | LIBRARY                        | site_0   |     212 |        199 |        224 |         196 |         0
 Persons make more e | LIBRARY                        | site_1   |     168 |        178 |        172 |         185 |         0
 Persons make more e | LIBRARY                        | site_2   |     227 |        207 |        196 |         203 |         0
 Persons make more e | LIBRARY                        | site_3   |     237 |        250 |        246 |         255 |         0
 Persons make more e | LIBRARY                        | site_4   |     262 |        261 |        230 |         251 |         0
 Persons make more e | NEXT DAY                       | site_0   |     305 |        273 |        335 |         295 |         0
 Persons make more e | NEXT DAY                       | site_1   |     290 |        307 |        287 |         334 |         0
 Persons make more e | NEXT DAY                       | site_2   |     284 |        291 |        313 |         309 |         0
 Persons make more e | NEXT DAY                       | site_3   |     248 |        296 |        295 |         270 |         0
 Persons make more e | NEXT DAY                       | site_4   |     260 |        279 |        260 |         276 |         0
 Persons make more e | OVERNIGHT                      | site_0   |     244 |        257 |        249 |         271 |         0
 Persons make more e | OVERNIGHT                      | site_1   |     250 |        234 |        252 |         245 |         0
 Persons make more e | OVERNIGHT                      | site_2   |     210 |        205 |        193 |         195 |         0
 Persons make more e | OVERNIGHT                      | site_3   |     156 |        195 |        166 |         166 |         0
 Persons make more e | OVERNIGHT                      | site_4   |     250 |        214 |        228 |         213 |         0
 Persons make more e | REGULAR                        | site_0   |     194 |        177 |        194 |         206 |         0
 Persons make more e | REGULAR                        | site_1   |     206 |        218 |        223 |         216 |         0
 Persons make more e | REGULAR                        | site_2   |     221 |        238 |        259 |         221 |         0
 Persons make more e | REGULAR                        | site_3   |     249 |        271 |        235 |         279 |         0
 Persons make more e | REGULAR                        | site_4   |     235 |        214 |        217 |         220 |         0
 Persons make more e | TWO DAY                        | site_0   |     266 |        265 |        263 |         248 |         0
 Persons make more e | TWO DAY                        | site_1   |     215 |        193 |        243 |         215 |         0
 Persons make more e | TWO DAY                        | site_2   |     172 |        175 |        171 |         191 |         0
 Persons make more e | TWO DAY                        | site_3   |     214 |        207 |        201 |         206 |         0
 Persons make more e | TWO DAY                        | site_4   |     251 |        277 |        222 |         270 |         0
 Single, simple r    | EXPRESS                        | site_0   |     260 |        272 |        262 |         276 |         0
 Single, simple r    | EXPRESS                        | site_1   |     288 |        296 |        248 |         271 |         0
 Single, simple r    | EXPRESS                        | site_2   |     332 |        305 |        277 |         324 |         0
 Single, simple r    | EXPRESS                        | site_3   |     324 |        296 |        305 |         285 |         0
 Single, simple r    | EXPRESS                        | site_4   |     285 |        311 |        270 |         287 |         0
 Single, simple r    | LIBRARY                        | site_0   |     229 |        238 |        232 |         266 |         0
 Single, simple r    | LIBRARY                        | site_1   |     213 |        210 |        213 |         191 |         0
 Single, simple r    | LIBRARY                        | site_2   |     206 |        192 |        207 |         187 |         0
 Single, simple r    | LIBRARY                        | site_3   |     182 |        234 |        189 |         209 |         0
 Single, simple r    | LIBRARY                        | site_4   |     246 |        230 |        241 |         239 |         0
(100 rows)

UPDATE time_statistics SET e_time = TRANSACTION_TIMESTAMP() WHERE template = 'query62.tpl' AND stream = 8;
psql:/tmp/s1-basline/throughput/query_8.sql:3768: NOTICE:  duration: 0.086 ms  plan:
Query Text: UPDATE time_statistics SET e_time = TRANSACTION_TIMESTAMP() WHERE template = 'query62.tpl' AND stream = 8;
Update on time_statistics  (cost=0.00..15.87 rows=0 width=0) (actual time=0.085..0.086 rows=0 loops=1)
  ->  Seq Scan on time_statistics  (cost=0.00..15.87 rows=1 width=14) (actual time=0.070..0.071 rows=1 loops=1)
        Filter: ((template = 'query62.tpl'::text) AND (stream = 8))
        Rows Removed by Filter: 539
UPDATE 1
LOAD 'auto_explain'; SET auto_explain.log_min_duration TO 0; SET auto_explain.log_analyze TO on; SET auto_explain.log_level TO notice; INSERT INTO time_statistics (template, s_time, stream, query, seed) VALUES ('query8.tpl', TRANSACTION_TIMESTAMP(), 8, 76, 1848764144);
LOAD
SET
SET
SET
psql:/tmp/s1-basline/throughput/query_8.sql:3769: NOTICE:  duration: 0.010 ms  plan:
Query Text: INSERT INTO time_statistics (template, s_time, stream, query, seed) VALUES ('query8.tpl', TRANSACTION_TIMESTAMP(), 8, 76, 1848764144);
Insert on time_statistics  (cost=0.00..0.01 rows=0 width=0) (actual time=0.009..0.009 rows=0 loops=1)
  ->  Result  (cost=0.00..0.01 rows=1 width=64) (actual time=0.002..0.002 rows=1 loops=1)
INSERT 0 1
select  s_store_name
      ,sum(ss_net_profit)
 from store_sales
     ,date_dim
     ,store,
     (select ca_zip
     from (
      SELECT substr(ca_zip,1,5) ca_zip
      FROM customer_address
      WHERE substr(ca_zip,1,5) IN (
                          '30204','67135','94469','21174','72847','31772',
                          '49655','40530','87599','69570','32083',
                          '39268','79927','66940','98943','16425',
                          '42949','14255','19748','69644','18319',
                          '41895','71175','66381','32026','85301',
                          '91616','74212','40479','39490','97250',
                          '52673','37655','78081','57879','32308',
                          '62459','39798','26217','88191','20279',
                          '78321','82144','49580','17816','56340',
                          '46829','44821','73602','23798','63894',
                          '61474','12621','79725','53222','87504',
                          '52032','24095','89579','13454','53354',
                          '45380','17506','22530','60254','19512',
                          '65246','90898','72255','27052','65006',
                          '11845','94741','59851','39907','62172',
                          '84974','31302','18101','77070','61282',
                          '96278','62740','34895','28709','81302',
                          '52670','62462','36406','72745','43220',
                          '98288','36589','51844','46572','24025',
                          '74764','69917','46466','93458','31801',
                          '30857','11574','10228','98380','53173',
                          '13670','41705','30961','91956','26197',
                          '21816','86885','72944','54000','51073',
                          '99464','71499','21121','86445','59660',
                          '25738','93380','68640','62582','50853',
                          '94775','57027','92856','51258','39796',
                          '84469','16473','60047','91392','73360',
                          '74102','89162','37122','66460','89840',
                          '57547','92737','30383','83523','17771',
                          '68588','27556','89695','86629','16882',
                          '73512','71379','51208','46149','64243',
                          '61678','30132','15816','66339','71705',
                          '34591','76722','71953','34494','98038',
                          '76823','50104','30553','31554','48128',
                          '67700','95576','70325','71341','85163',
                          '55745','95646','79358','84113','80451',
                          '36025','23468','14552','55442','42163',
                          '69959','12107','84382','49585','90302',
                          '58393','60244','10755','70498','68861',
                          '78016','60496','41971','69167','93901',
                          '49300','58061','68197','22537','54869',
                          '64003','33567','89465','73988','10789',
                          '77902','25466','93262','30304','74045',
                          '92053','62273','31141','54314','69157',
                          '39889','81052','77408','54131','96895',
                          '75193','33844','21706','16548','66157',
                          '41831','91036','99862','28852','83630',
                          '23471','84859','74021','16432','81165',
                          '57028','78564','82966','93537','78839',
                          '19927','24914','54947','31296','41873',
                          '21958','62953','27721','32433','19351',
                          '49010','99171','63969','80334','56799',
                          '67419','25358','33068','77548','22517',
                          '99880','78951','33477','81176','77420',
                          '89442','45031','66272','74568','21912',
                          '25690','71634','73953','55852','15192',
                          '60571','31751','71981','26634','51674',
                          '72743','49208','67907','97429','50732',
                          '65025','41098','75253','81447','19817',
                          '78480','40263','31969','98034','40742',
                          '55483','54082','95717','16804','56437',
                          '39289','87520','16734','79718','19343',
                          '61914','72198','81722','18662','90769',
                          '19178','21784','63568','78164','74030',
                          '26531','49266','58415','93894','62838',
                          '77410','12883','92911','87750','39560',
                          '50898','94654','56073','91817','83953',
                          '70371','69919','63651','14321','38104',
                          '56117','87297','92299','89937','21172',
                          '34724','19024','53215','14384','30044',
                          '65472','18915','93781','64406','32208',
                          '46498','26609','14245','30316','44593',
                          '26345','71609','36013','92193','48420',
                          '86616','66318','26495','41744','35471',
                          '23493','82248','40640','93023','65257',
                          '70576','71212','90211','16611','91840',
                          '76998','96111','27511','30671','25096',
                          '61102','13232','89909','59553','94197',
                          '48556','88729','22480','23167','30710',
                          '58949','78846','80115','13712')
     intersect
      select ca_zip
      from (SELECT substr(ca_zip,1,5) ca_zip,count(*) cnt
            FROM customer_address, customer
            WHERE ca_address_sk = c_current_addr_sk and
                  c_preferred_cust_flag='Y'
            group by ca_zip
            having count(*) > 10)A1)A2) V1
 where ss_store_sk = s_store_sk
  and ss_sold_date_sk = d_date_sk
  and d_qoy = 2 and d_year = 2002
  and (substr(s_zip,1,2) = substr(V1.ca_zip,1,2))
 group by s_store_name
 order by s_store_name
 limit 100;
psql:/tmp/s1-basline/throughput/query_8.sql:3874: NOTICE:  duration: 123.400 ms  plan:
Query Text: select  s_store_name
      ,sum(ss_net_profit)
 from store_sales
     ,date_dim
     ,store,
     (select ca_zip
     from (
      SELECT substr(ca_zip,1,5) ca_zip
      FROM customer_address
      WHERE substr(ca_zip,1,5) IN (
                          '30204','67135','94469','21174','72847','31772',
                          '49655','40530','87599','69570','32083',
                          '39268','79927','66940','98943','16425',
                          '42949','14255','19748','69644','18319',
                          '41895','71175','66381','32026','85301',
                          '91616','74212','40479','39490','97250',
                          '52673','37655','78081','57879','32308',
                          '62459','39798','26217','88191','20279',
                          '78321','82144','49580','17816','56340',
                          '46829','44821','73602','23798','63894',
                          '61474','12621','79725','53222','87504',
                          '52032','24095','89579','13454','53354',
                          '45380','17506','22530','60254','19512',
                          '65246','90898','72255','27052','65006',
                          '11845','94741','59851','39907','62172',
                          '84974','31302','18101','77070','61282',
                          '96278','62740','34895','28709','81302',
                          '52670','62462','36406','72745','43220',
                          '98288','36589','51844','46572','24025',
                          '74764','69917','46466','93458','31801',
                          '30857','11574','10228','98380','53173',
                          '13670','41705','30961','91956','26197',
                          '21816','86885','72944','54000','51073',
                          '99464','71499','21121','86445','59660',
                          '25738','93380','68640','62582','50853',
                          '94775','57027','92856','51258','39796',
                          '84469','16473','60047','91392','73360',
                          '74102','89162','37122','66460','89840',
                          '57547','92737','30383','83523','17771',
                          '68588','27556','89695','86629','16882',
                          '73512','71379','51208','46149','64243',
                          '61678','30132','15816','66339','71705',
                          '34591','76722','71953','34494','98038',
                          '76823','50104','30553','31554','48128',
                          '67700','95576','70325','71341','85163',
                          '55745','95646','79358','84113','80451',
                          '36025','23468','14552','55442','42163',
                          '69959','12107','84382','49585','90302',
                          '58393','60244','10755','70498','68861',
                          '78016','60496','41971','69167','93901',
                          '49300','58061','68197','22537','54869',
                          '64003','33567','89465','73988','10789',
                          '77902','25466','93262','30304','74045',
                          '92053','62273','31141','54314','69157',
                          '39889','81052','77408','54131','96895',
                          '75193','33844','21706','16548','66157',
                          '41831','91036','99862','28852','83630',
                          '23471','84859','74021','16432','81165',
                          '57028','78564','82966','93537','78839',
                          '19927','24914','54947','31296','41873',
                          '21958','62953','27721','32433','19351',
                          '49010','99171','63969','80334','56799',
                          '67419','25358','33068','77548','22517',
                          '99880','78951','33477','81176','77420',
                          '89442','45031','66272','74568','21912',
                          '25690','71634','73953','55852','15192',
                          '60571','31751','71981','26634','51674',
                          '72743','49208','67907','97429','50732',
                          '65025','41098','75253','81447','19817',
                          '78480','40263','31969','98034','40742',
                          '55483','54082','95717','16804','56437',
                          '39289','87520','16734','79718','19343',
                          '61914','72198','81722','18662','90769',
                          '19178','21784','63568','78164','74030',
                          '26531','49266','58415','93894','62838',
                          '77410','12883','92911','87750','39560',
                          '50898','94654','56073','91817','83953',
                          '70371','69919','63651','14321','38104',
                          '56117','87297','92299','89937','21172',
                          '34724','19024','53215','14384','30044',
                          '65472','18915','93781','64406','32208',
                          '46498','26609','14245','30316','44593',
                          '26345','71609','36013','92193','48420',
                          '86616','66318','26495','41744','35471',
                          '23493','82248','40640','93023','65257',
                          '70576','71212','90211','16611','91840',
                          '76998','96111','27511','30671','25096',
                          '61102','13232','89909','59553','94197',
                          '48556','88729','22480','23167','30710',
                          '58949','78846','80115','13712')
     intersect
      select ca_zip
      from (SELECT substr(ca_zip,1,5) ca_zip,count(*) cnt
            FROM customer_address, customer
            WHERE ca_address_sk = c_current_addr_sk and
                  c_preferred_cust_flag='Y'
            group by ca_zip
            having count(*) > 10)A1)A2) V1
 where ss_store_sk = s_store_sk
  and ss_sold_date_sk = d_date_sk
  and d_qoy = 2 and d_year = 2002
  and (substr(s_zip,1,2) = substr(V1.ca_zip,1,2))
 group by s_store_name
 order by s_store_name
 limit 100;
Limit  (cost=95370.76..95395.18 rows=9 width=13) (actual time=123.389..123.397 rows=0 loops=1)
  ->  GroupAggregate  (cost=95370.76..95395.18 rows=9 width=13) (actual time=123.389..123.396 rows=0 loops=1)
        Group Key: store.s_store_name
        ->  Sort  (cost=95370.76..95378.87 rows=3244 width=13) (actual time=123.388..123.395 rows=0 loops=1)
              Sort Key: store.s_store_name
              Sort Method: quicksort  Memory: 25kB
              ->  Nested Loop  (cost=7043.81..95181.58 rows=3244 width=13) (actual time=123.383..123.391 rows=0 loops=1)
                    Join Filter: (store_sales.ss_store_sk = store.s_store_sk)
                    ->  Nested Loop  (cost=0.43..84268.71 rows=3402 width=16) (actual time=4.605..42.258 rows=77156 loops=1)
                          ->  Seq Scan on date_dim  (cost=0.00..2500.73 rows=90 width=8) (actual time=4.593..9.593 rows=91 loops=1)
                                Filter: ((d_qoy = 2) AND (d_year = 2002))
                                Rows Removed by Filter: 72958
                          ->  Index Scan using i_ss_sold_date_sk on store_sales  (cost=0.43..893.38 rows=1515 width=24) (actual time=0.005..0.203 rows=848 loops=91)
                                Index Cond: (ss_sold_date_sk = date_dim.d_date_sk)
                    ->  Materialize  (cost=7043.38..10300.54 rows=12 width=13) (actual time=0.001..0.001 rows=0 loops=77156)
                          ->  Nested Loop  (cost=7043.38..10300.48 rows=12 width=13) (actual time=72.066..72.072 rows=0 loops=1)
                                Join Filter: (substr((store.s_zip)::text, 1, 2) = substr(a2.ca_zip, 1, 2))
                                Rows Removed by Join Filter: 24
                                ->  Index Scan using pk_store on store  (cost=0.14..3.62 rows=12 width=24) (actual time=0.002..0.008 rows=12 loops=1)
                                ->  Materialize  (cost=7043.25..10243.36 rows=200 width=32) (actual time=6.002..6.004 rows=2 loops=12)
                                      ->  Subquery Scan on a2  (cost=7043.25..10242.36 rows=200 width=32) (actual time=72.024..72.043 rows=2 loops=1)
                                            ->  HashSetOp Intersect  (cost=7043.25..10240.36 rows=200 width=36) (actual time=72.023..72.041 rows=2 loops=1)
                                                  ->  Append  (cost=7043.25..10129.53 rows=44333 width=36) (actual time=53.657..71.834 rows=1045 loops=1)
                                                        ->  Subquery Scan on "*SELECT* 2"  (cost=7043.25..7109.86 rows=1066 width=36) (actual time=53.656..54.333 rows=951 loops=1)
                                                              ->  Subquery Scan on a1  (cost=7043.25..7099.20 rows=1066 width=32) (actual time=53.656..54.259 rows=951 loops=1)
                                                                    ->  HashAggregate  (cost=7043.25..7088.54 rows=1066 width=51) (actual time=53.655..54.187 rows=951 loops=1)
                                                                          Group Key: customer_address.ca_zip
                                                                          Filter: (count(*) > 10)
                                                                          Batches: 1  Memory Usage: 369kB
                                                                          Rows Removed by Filter: 2220
                                                                          ->  Hash Join  (cost=2273.00..6807.68 rows=47113 width=11) (actual time=14.346..44.904 rows=47301 loops=1)
                                                                                Hash Cond: (customer.c_current_addr_sk = customer_address.ca_address_sk)
                                                                                ->  Seq Scan on customer  (cost=0.00..4411.00 rows=47113 width=8) (actual time=0.005..22.006 rows=47301 loops=1)
                                                                                      Filter: (c_preferred_cust_flag = 'Y'::bpchar)
                                                                                      Rows Removed by Filter: 52699
                                                                                ->  Hash  (cost=1648.00..1648.00 rows=50000 width=19) (actual time=14.310..14.311 rows=50000 loops=1)
                                                                                      Buckets: 65536  Batches: 1  Memory Usage: 3223kB
                                                                                      ->  Seq Scan on customer_address  (cost=0.00..1648.00 rows=50000 width=19) (actual time=0.003..8.086 rows=50000 loops=1)
                                                        ->  Subquery Scan on "*SELECT* 1"  (cost=1.00..2798.01 rows=43267 width=36) (actual time=0.234..17.434 rows=94 loops=1)
                                                              ->  Seq Scan on customer_address customer_address_1  (cost=1.00..2365.34 rows=43267 width=32) (actual time=0.233..17.424 rows=94 loops=1)
                                                                    Filter: (substr((ca_zip)::text, 1, 5) = ANY ('{30204,67135,94469,21174,72847,31772,49655,40530,87599,69570,32083,39268,79927,66940,98943,16425,42949,14255,19748,69644,18319,41895,71175,66381,32026,85301,91616,74212,40479,39490,97250,52673,37655,78081,57879,32308,62459,39798,26217,88191,20279,78321,82144,49580,17816,56340,46829,44821,73602,23798,63894,61474,12621,79725,53222,87504,52032,24095,89579,13454,53354,45380,17506,22530,60254,19512,65246,90898,72255,27052,65006,11845,94741,59851,39907,62172,84974,31302,18101,77070,61282,96278,62740,34895,28709,81302,52670,62462,36406,72745,43220,98288,36589,51844,46572,24025,74764,69917,46466,93458,31801,30857,11574,10228,98380,53173,13670,41705,30961,91956,26197,21816,86885,72944,54000,51073,99464,71499,21121,86445,59660,25738,93380,68640,62582,50853,94775,57027,92856,51258,39796,84469,16473,60047,91392,73360,74102,89162,37122,66460,89840,57547,92737,30383,83523,17771,68588,27556,89695,86629,16882,73512,71379,51208,46149,64243,61678,30132,15816,66339,71705,34591,76722,71953,34494,98038,76823,50104,30553,31554,48128,67700,95576,70325,71341,85163,55745,95646,79358,84113,80451,36025,23468,14552,55442,42163,69959,12107,84382,49585,90302,58393,60244,10755,70498,68861,78016,60496,41971,69167,93901,49300,58061,68197,22537,54869,64003,33567,89465,73988,10789,77902,25466,93262,30304,74045,92053,62273,31141,54314,69157,39889,81052,77408,54131,96895,75193,33844,21706,16548,66157,41831,91036,99862,28852,83630,23471,84859,74021,16432,81165,57028,78564,82966,93537,78839,19927,24914,54947,31296,41873,21958,62953,27721,32433,19351,49010,99171,63969,80334,56799,67419,25358,33068,77548,22517,99880,78951,33477,81176,77420,89442,45031,66272,74568,21912,25690,71634,73953,55852,15192,60571,31751,71981,26634,51674,72743,49208,67907,97429,50732,65025,41098,75253,81447,19817,78480,40263,31969,98034,40742,55483,54082,95717,16804,56437,39289,87520,16734,79718,19343,61914,72198,81722,18662,90769,19178,21784,63568,78164,74030,26531,49266,58415,93894,62838,77410,12883,92911,87750,39560,50898,94654,56073,91817,83953,70371,69919,63651,14321,38104,56117,87297,92299,89937,21172,34724,19024,53215,14384,30044,65472,18915,93781,64406,32208,46498,26609,14245,30316,44593,26345,71609,36013,92193,48420,86616,66318,26495,41744,35471,23493,82248,40640,93023,65257,70576,71212,90211,16611,91840,76998,96111,27511,30671,25096,61102,13232,89909,59553,94197,48556,88729,22480,23167,30710,58949,78846,80115,13712}'::text[]))
                                                                    Rows Removed by Filter: 49906
 s_store_name | sum 
--------------+-----
(0 rows)

UPDATE time_statistics SET e_time = TRANSACTION_TIMESTAMP() WHERE template = 'query8.tpl' AND stream = 8;
psql:/tmp/s1-basline/throughput/query_8.sql:3876: NOTICE:  duration: 0.079 ms  plan:
Query Text: UPDATE time_statistics SET e_time = TRANSACTION_TIMESTAMP() WHERE template = 'query8.tpl' AND stream = 8;
Update on time_statistics  (cost=0.00..15.87 rows=0 width=0) (actual time=0.078..0.078 rows=0 loops=1)
  ->  Seq Scan on time_statistics  (cost=0.00..15.87 rows=1 width=14) (actual time=0.063..0.063 rows=1 loops=1)
        Filter: ((template = 'query8.tpl'::text) AND (stream = 8))
        Rows Removed by Filter: 540
UPDATE 1
LOAD 'auto_explain'; SET auto_explain.log_min_duration TO 0; SET auto_explain.log_analyze TO on; SET auto_explain.log_level TO notice; INSERT INTO time_statistics (template, s_time, stream, query, seed) VALUES ('query96.tpl', TRANSACTION_TIMESTAMP(), 8, 77, 644575994);
LOAD
SET
SET
SET
psql:/tmp/s1-basline/throughput/query_8.sql:3877: NOTICE:  duration: 0.008 ms  plan:
Query Text: INSERT INTO time_statistics (template, s_time, stream, query, seed) VALUES ('query96.tpl', TRANSACTION_TIMESTAMP(), 8, 77, 644575994);
Insert on time_statistics  (cost=0.00..0.01 rows=0 width=0) (actual time=0.008..0.008 rows=0 loops=1)
  ->  Result  (cost=0.00..0.01 rows=1 width=64) (actual time=0.001..0.001 rows=1 loops=1)
INSERT 0 1
select  count(*) 
from store_sales
    ,household_demographics 
    ,time_dim, store
where ss_sold_time_sk = time_dim.t_time_sk   
    and ss_hdemo_sk = household_demographics.hd_demo_sk 
    and ss_store_sk = s_store_sk
    and time_dim.t_hour = 16
    and time_dim.t_minute >= 30
    and household_demographics.hd_dep_count = 5
    and store.s_store_name = 'ese'
order by count(*)
limit 100;
psql:/tmp/s1-basline/throughput/query_8.sql:3890: NOTICE:  duration: 317.561 ms  plan:
Query Text: select  count(*) 
from store_sales
    ,household_demographics 
    ,time_dim, store
where ss_sold_time_sk = time_dim.t_time_sk   
    and ss_hdemo_sk = household_demographics.hd_demo_sk 
    and ss_store_sk = s_store_sk
    and time_dim.t_hour = 16
    and time_dim.t_minute >= 30
    and household_demographics.hd_dep_count = 5
    and store.s_store_name = 'ese'
order by count(*)
limit 100;
Limit  (cost=92660.38..92660.38 rows=1 width=8) (actual time=246.231..317.554 rows=1 loops=1)
  ->  Sort  (cost=92660.38..92660.38 rows=1 width=8) (actual time=246.230..317.552 rows=1 loops=1)
        Sort Key: (count(*))
        Sort Method: quicksort  Memory: 25kB
        ->  Finalize Aggregate  (cost=92660.36..92660.37 rows=1 width=8) (actual time=246.225..317.547 rows=1 loops=1)
              ->  Gather  (cost=92660.14..92660.35 rows=2 width=8) (actual time=246.114..317.542 rows=3 loops=1)
                    Workers Planned: 2
                    Workers Launched: 2
                    ->  Partial Aggregate  (cost=91660.14..91660.15 rows=1 width=8) (actual time=241.972..241.976 rows=1 loops=3)
                          ->  Hash Join  (cost=2926.11..91659.68 rows=185 width=0) (actual time=27.674..241.953 rows=278 loops=3)
                                Hash Cond: (store_sales.ss_store_sk = store.s_store_sk)
                                ->  Hash Join  (cost=2924.95..91650.35 rows=2328 width=8) (actual time=15.661..241.625 rows=1859 loops=3)
                                      Hash Cond: (store_sales.ss_hdemo_sk = household_demographics.hd_demo_sk)
                                      ->  Hash Join  (cost=2765.95..91427.21 rows=24422 width=16) (actual time=12.260..239.191 rows=18118 loops=3)
                                            Hash Cond: (store_sales.ss_sold_time_sk = time_dim.t_time_sk)
                                            ->  Parallel Seq Scan on store_sales  (cost=0.00..85499.45 rows=1204445 width=24) (actual time=0.013..122.447 rows=948150 loops=3)
                                            ->  Hash  (cost=2743.00..2743.00 rows=1836 width=8) (actual time=12.082..12.083 rows=1800 loops=3)
                                                  Buckets: 2048  Batches: 1  Memory Usage: 87kB
                                                  ->  Seq Scan on time_dim  (cost=0.00..2743.00 rows=1836 width=8) (actual time=8.323..11.856 rows=1800 loops=3)
                                                        Filter: ((t_minute >= 30) AND (t_hour = 16))
                                                        Rows Removed by Filter: 84600
                                      ->  Hash  (cost=150.00..150.00 rows=720 width=8) (actual time=1.024..1.025 rows=720 loops=3)
                                            Buckets: 1024  Batches: 1  Memory Usage: 37kB
                                            ->  Seq Scan on household_demographics  (cost=0.00..150.00 rows=720 width=8) (actual time=0.103..0.938 rows=720 loops=3)
                                                  Filter: (hd_dep_count = 5)
                                                  Rows Removed by Filter: 6480
                                ->  Hash  (cost=1.15..1.15 rows=1 width=8) (actual time=0.030..0.031 rows=1 loops=3)
                                      Buckets: 1024  Batches: 1  Memory Usage: 9kB
                                      ->  Seq Scan on store  (cost=0.00..1.15 rows=1 width=8) (actual time=0.026..0.027 rows=1 loops=3)
                                            Filter: ((s_store_name)::text = 'ese'::text)
                                            Rows Removed by Filter: 11
 count 
-------
   834
(1 row)

UPDATE time_statistics SET e_time = TRANSACTION_TIMESTAMP() WHERE template = 'query96.tpl' AND stream = 8;
psql:/tmp/s1-basline/throughput/query_8.sql:3892: NOTICE:  duration: 0.085 ms  plan:
Query Text: UPDATE time_statistics SET e_time = TRANSACTION_TIMESTAMP() WHERE template = 'query96.tpl' AND stream = 8;
Update on time_statistics  (cost=0.00..15.87 rows=0 width=0) (actual time=0.085..0.085 rows=0 loops=1)
  ->  Seq Scan on time_statistics  (cost=0.00..15.87 rows=1 width=14) (actual time=0.070..0.071 rows=1 loops=1)
        Filter: ((template = 'query96.tpl'::text) AND (stream = 8))
        Rows Removed by Filter: 541
UPDATE 1
LOAD 'auto_explain'; SET auto_explain.log_min_duration TO 0; SET auto_explain.log_analyze TO on; SET auto_explain.log_level TO notice; INSERT INTO time_statistics (template, s_time, stream, query, seed) VALUES ('query1.tpl', TRANSACTION_TIMESTAMP(), 8, 78, 1343366565);
LOAD
SET
SET
SET
psql:/tmp/s1-basline/throughput/query_8.sql:3893: NOTICE:  duration: 0.009 ms  plan:
Query Text: INSERT INTO time_statistics (template, s_time, stream, query, seed) VALUES ('query1.tpl', TRANSACTION_TIMESTAMP(), 8, 78, 1343366565);
Insert on time_statistics  (cost=0.00..0.01 rows=0 width=0) (actual time=0.009..0.009 rows=0 loops=1)
  ->  Result  (cost=0.00..0.01 rows=1 width=64) (actual time=0.001..0.002 rows=1 loops=1)
INSERT 0 1
with customer_total_return as
(select sr_customer_sk as ctr_customer_sk
,sr_store_sk as ctr_store_sk
,sum(SR_RETURN_AMT_INC_TAX) as ctr_total_return
from store_returns
,date_dim
where sr_returned_date_sk = d_date_sk
and d_year =1999
group by sr_customer_sk
,sr_store_sk)
 select  c_customer_id
from customer_total_return ctr1
,store
,customer
where ctr1.ctr_total_return > (select avg(ctr_total_return)*1.2
from customer_total_return ctr2
where ctr1.ctr_store_sk = ctr2.ctr_store_sk)
and s_store_sk = ctr1.ctr_store_sk
and s_state = 'TN'
and ctr1.ctr_customer_sk = c_customer_sk
order by c_customer_id
limit 100;
psql:/tmp/s1-basline/throughput/query_8.sql:3915: NOTICE:  duration: 205492.135 ms  plan:
Query Text: with customer_total_return as
(select sr_customer_sk as ctr_customer_sk
,sr_store_sk as ctr_store_sk
,sum(SR_RETURN_AMT_INC_TAX) as ctr_total_return
from store_returns
,date_dim
where sr_returned_date_sk = d_date_sk
and d_year =1999
group by sr_customer_sk
,sr_store_sk)
 select  c_customer_id
from customer_total_return ctr1
,store
,customer
where ctr1.ctr_total_return > (select avg(ctr_total_return)*1.2
from customer_total_return ctr2
where ctr1.ctr_store_sk = ctr2.ctr_store_sk)
and s_store_sk = ctr1.ctr_store_sk
and s_state = 'TN'
and ctr1.ctr_customer_sk = c_customer_sk
order by c_customer_id
limit 100;
Limit  (cost=54658.63..54658.70 rows=28 width=17) (actual time=205492.102..205492.117 rows=100 loops=1)
  CTE customer_total_return
    ->  GroupAggregate  (cost=11381.43..11409.09 rows=1383 width=24) (actual time=59.611..77.738 rows=49801 loops=1)
          Group Key: store_returns.sr_customer_sk, store_returns.sr_store_sk
          ->  Sort  (cost=11381.43..11384.89 rows=1383 width=24) (actual time=59.603..62.416 rows=55122 loops=1)
                Sort Key: store_returns.sr_customer_sk, store_returns.sr_store_sk
                Sort Method: quicksort  Memory: 4957kB
                ->  Nested Loop  (cost=0.42..11309.28 rows=1383 width=24) (actual time=3.977..46.110 rows=55122 loops=1)
                      ->  Seq Scan on date_dim  (cost=0.00..2318.11 rows=363 width=8) (actual time=3.968..8.292 rows=365 loops=1)
                            Filter: (d_year = 1999)
                            Rows Removed by Filter: 72684
                      ->  Index Scan using i_sr_returned_date_sk on store_returns  (cost=0.42..23.37 rows=140 width=32) (actual time=0.003..0.083 rows=151 loops=365)
                            Index Cond: (sr_returned_date_sk = date_dim.d_date_sk)
  ->  Sort  (cost=43249.54..43249.61 rows=28 width=17) (actual time=205492.101..205492.107 rows=100 loops=1)
        Sort Key: customer.c_customer_id
        Sort Method: top-N heapsort  Memory: 38kB
        ->  Nested Loop  (cost=0.29..43248.87 rows=28 width=17) (actual time=109.159..205483.860 rows=12780 loops=1)
              ->  Nested Loop  (cost=0.00..43195.42 rows=28 width=8) (actual time=109.146..205453.507 rows=12786 loops=1)
                    Join Filter: (ctr1.ctr_store_sk = store.s_store_sk)
                    Rows Removed by Join Filter: 55348
                    ->  CTE Scan on customer_total_return ctr1  (cost=0.00..43111.57 rows=461 width=16) (actual time=109.130..205444.188 rows=12786 loops=1)
                          Filter: (ctr_total_return > (SubPlan 2))
                          Rows Removed by Filter: 37015
                          SubPlan 2
                            ->  Aggregate  (cost=31.14..31.15 rows=1 width=8) (actual time=4.124..4.124 rows=1 loops=49801)
                                  ->  CTE Scan on customer_total_return ctr2  (cost=0.00..31.12 rows=7 width=8) (actual time=0.031..3.530 rows=8137 loops=49801)
                                        Filter: (ctr1.ctr_store_sk = ctr_store_sk)
                                        Rows Removed by Filter: 41664
                    ->  Materialize  (cost=0.00..1.21 rows=12 width=8) (actual time=0.000..0.000 rows=5 loops=12786)
                          ->  Seq Scan on store  (cost=0.00..1.15 rows=12 width=8) (actual time=0.009..0.012 rows=10 loops=1)
                                Filter: (s_state = 'TN'::bpchar)
              ->  Index Scan using pk_customer on customer  (cost=0.29..1.91 rows=1 width=25) (actual time=0.002..0.002 rows=1 loops=12786)
                    Index Cond: (c_customer_sk = ctr1.ctr_customer_sk)
  c_customer_id   
------------------
 AAAAAAAAAAADAAAA
 AAAAAAAAAABABAAA
 AAAAAAAAAABCAAAA
 AAAAAAAAAABOAAAA
 AAAAAAAAAACMAAAA
 AAAAAAAAAADBAAAA
 AAAAAAAAAADBBAAA
 AAAAAAAAAAECAAAA
 AAAAAAAAAAEGAAAA
 AAAAAAAAAAENAAAA
 AAAAAAAAAAEOAAAA
 AAAAAAAAAAEPAAAA
 AAAAAAAAAAEPAAAA
 AAAAAAAAAAFEAAAA
 AAAAAAAAAAFEBAAA
 AAAAAAAAAAFEBAAA
 AAAAAAAAAAFMAAAA
 AAAAAAAAAAFNAAAA
 AAAAAAAAAAGAAAAA
 AAAAAAAAAAGAAAAA
 AAAAAAAAAAGCBAAA
 AAAAAAAAAAGCBAAA
 AAAAAAAAAAGDBAAA
 AAAAAAAAAAGEBAAA
 AAAAAAAAAAGFBAAA
 AAAAAAAAAAGIAAAA
 AAAAAAAAAAGJAAAA
 AAAAAAAAAAIJAAAA
 AAAAAAAAAAIKAAAA
 AAAAAAAAAAJBBAAA
 AAAAAAAAAAJCAAAA
 AAAAAAAAAAJGAAAA
 AAAAAAAAAAJLAAAA
 AAAAAAAAAAKABAAA
 AAAAAAAAAAKKAAAA
 AAAAAAAAAALAAAAA
 AAAAAAAAAALDBAAA
 AAAAAAAAAALHBAAA
 AAAAAAAAAALJAAAA
 AAAAAAAAAALLAAAA
 AAAAAAAAAAMGBAAA
 AAAAAAAAAAMPAAAA
 AAAAAAAAAANDBAAA
 AAAAAAAAAAOJAAAA
 AAAAAAAAAAOLAAAA
 AAAAAAAAABABBAAA
 AAAAAAAAABAGAAAA
 AAAAAAAAABBEAAAA
 AAAAAAAAABBPAAAA
 AAAAAAAAABCFAAAA
 AAAAAAAAABCFAAAA
 AAAAAAAAABCGBAAA
 AAAAAAAAABCJAAAA
 AAAAAAAAABCMAAAA
 AAAAAAAAABDAAAAA
 AAAAAAAAABDABAAA
 AAAAAAAAABDFBAAA
 AAAAAAAAABDHAAAA
 AAAAAAAAABDOAAAA
 AAAAAAAAABEIAAAA
 AAAAAAAAABGCAAAA
 AAAAAAAAABGGBAAA
 AAAAAAAAABHBAAAA
 AAAAAAAAABHCBAAA
 AAAAAAAAABHMAAAA
 AAAAAAAAABHPAAAA
 AAAAAAAAABICAAAA
 AAAAAAAAABIDAAAA
 AAAAAAAAABIEBAAA
 AAAAAAAAABJBAAAA
 AAAAAAAAABKJAAAA
 AAAAAAAAABLABAAA
 AAAAAAAAABLBAAAA
 AAAAAAAAABMIAAAA
 AAAAAAAAABNEAAAA
 AAAAAAAAABNFAAAA
 AAAAAAAAABNMAAAA
 AAAAAAAAABOBAAAA
 AAAAAAAAABODBAAA
 AAAAAAAAABOFBAAA
 AAAAAAAAABOHAAAA
 AAAAAAAAABOOAAAA
 AAAAAAAAABPGBAAA
 AAAAAAAAACABBAAA
 AAAAAAAAACACBAAA
 AAAAAAAAACACBAAA
 AAAAAAAAACAGBAAA
 AAAAAAAAACAJAAAA
 AAAAAAAAACBAAAAA
 AAAAAAAAACBHBAAA
 AAAAAAAAACBHBAAA
 AAAAAAAAACBLAAAA
 AAAAAAAAACCBAAAA
 AAAAAAAAACCBAAAA
 AAAAAAAAACCBBAAA
 AAAAAAAAACCDAAAA
 AAAAAAAAACCKAAAA
 AAAAAAAAACDEBAAA
 AAAAAAAAACECAAAA
 AAAAAAAAACEEAAAA
(100 rows)

UPDATE time_statistics SET e_time = TRANSACTION_TIMESTAMP() WHERE template = 'query1.tpl' AND stream = 8;
psql:/tmp/s1-basline/throughput/query_8.sql:3917: NOTICE:  duration: 0.082 ms  plan:
Query Text: UPDATE time_statistics SET e_time = TRANSACTION_TIMESTAMP() WHERE template = 'query1.tpl' AND stream = 8;
Update on time_statistics  (cost=0.00..15.87 rows=0 width=0) (actual time=0.081..0.081 rows=0 loops=1)
  ->  Seq Scan on time_statistics  (cost=0.00..15.87 rows=1 width=14) (actual time=0.066..0.067 rows=1 loops=1)
        Filter: ((template = 'query1.tpl'::text) AND (stream = 8))
        Rows Removed by Filter: 542
UPDATE 1
LOAD 'auto_explain'; SET auto_explain.log_min_duration TO 0; SET auto_explain.log_analyze TO on; SET auto_explain.log_level TO notice; INSERT INTO time_statistics (template, s_time, stream, query, seed) VALUES ('../query_postgresql/query23.tpl', TRANSACTION_TIMESTAMP(), 8, 79, 371214123);
LOAD
SET
SET
SET
psql:/tmp/s1-basline/throughput/query_8.sql:3918: NOTICE:  duration: 0.008 ms  plan:
Query Text: INSERT INTO time_statistics (template, s_time, stream, query, seed) VALUES ('../query_postgresql/query23.tpl', TRANSACTION_TIMESTAMP(), 8, 79, 371214123);
Insert on time_statistics  (cost=0.00..0.01 rows=0 width=0) (actual time=0.008..0.008 rows=0 loops=1)
  ->  Result  (cost=0.00..0.01 rows=1 width=64) (actual time=0.001..0.001 rows=1 loops=1)
INSERT 0 1
with frequent_ss_items as 
 (select substr(i_item_desc,1,30) itemdesc,i_item_sk item_sk,d_date solddate,count(*) cnt
  from store_sales
      ,date_dim 
      ,item
  where ss_sold_date_sk = d_date_sk
    and ss_item_sk = i_item_sk 
    and d_year in (1998,1998+1,1998+2,1998+3)
  group by substr(i_item_desc,1,30),i_item_sk,d_date
  having count(*) >4),
 max_store_sales as
 (select max(csales) tpcds_cmax 
  from (select c_customer_sk,sum(ss_quantity*ss_sales_price) csales
        from store_sales
            ,customer
            ,date_dim 
        where ss_customer_sk = c_customer_sk
         and ss_sold_date_sk = d_date_sk
         and d_year in (1998,1998+1,1998+2,1998+3) 
        group by c_customer_sk) x),
 best_ss_customer as
 (select c_customer_sk,sum(ss_quantity*ss_sales_price) ssales
  from store_sales
      ,customer
  where ss_customer_sk = c_customer_sk
  group by c_customer_sk
  having sum(ss_quantity*ss_sales_price) > (95/100.0) * (select
  *
from
 max_store_sales))
  select  sum(sales)
 from (select cs_quantity*cs_list_price sales
       from catalog_sales
           ,date_dim 
       where d_year = 1998 
         and d_moy = 6 
         and cs_sold_date_sk = d_date_sk 
         and cs_item_sk in (select item_sk from frequent_ss_items)
         and cs_bill_customer_sk in (select c_customer_sk from best_ss_customer)
      union all
      select ws_quantity*ws_list_price sales
       from web_sales 
           ,date_dim 
       where d_year = 1998 
         and d_moy = 6 
         and ws_sold_date_sk = d_date_sk 
         and ws_item_sk in (select item_sk from frequent_ss_items)
         and ws_bill_customer_sk in (select c_customer_sk from best_ss_customer)) y 
 limit 100;
psql:/tmp/s1-basline/throughput/query_8.sql:3967: NOTICE:  duration: 4631.159 ms  plan:
Query Text: with frequent_ss_items as 
 (select substr(i_item_desc,1,30) itemdesc,i_item_sk item_sk,d_date solddate,count(*) cnt
  from store_sales
      ,date_dim 
      ,item
  where ss_sold_date_sk = d_date_sk
    and ss_item_sk = i_item_sk 
    and d_year in (1998,1998+1,1998+2,1998+3)
  group by substr(i_item_desc,1,30),i_item_sk,d_date
  having count(*) >4),
 max_store_sales as
 (select max(csales) tpcds_cmax 
  from (select c_customer_sk,sum(ss_quantity*ss_sales_price) csales
        from store_sales
            ,customer
            ,date_dim 
        where ss_customer_sk = c_customer_sk
         and ss_sold_date_sk = d_date_sk
         and d_year in (1998,1998+1,1998+2,1998+3) 
        group by c_customer_sk) x),
 best_ss_customer as
 (select c_customer_sk,sum(ss_quantity*ss_sales_price) ssales
  from store_sales
      ,customer
  where ss_customer_sk = c_customer_sk
  group by c_customer_sk
  having sum(ss_quantity*ss_sales_price) > (95/100.0) * (select
  *
from
 max_store_sales))
  select  sum(sales)
 from (select cs_quantity*cs_list_price sales
       from catalog_sales
           ,date_dim 
       where d_year = 1998 
         and d_moy = 6 
         and cs_sold_date_sk = d_date_sk 
         and cs_item_sk in (select item_sk from frequent_ss_items)
         and cs_bill_customer_sk in (select c_customer_sk from best_ss_customer)
      union all
      select ws_quantity*ws_list_price sales
       from web_sales 
           ,date_dim 
       where d_year = 1998 
         and d_moy = 6 
         and ws_sold_date_sk = d_date_sk 
         and ws_item_sk in (select item_sk from frequent_ss_items)
         and ws_bill_customer_sk in (select c_customer_sk from best_ss_customer)) y 
 limit 100;
Limit  (cost=349803.64..349803.65 rows=1 width=8) (actual time=4594.574..4631.153 rows=1 loops=1)
  CTE frequent_ss_items
    ->  Finalize HashAggregate  (cost=99501.14..100232.55 rows=18285 width=52) (actual time=2125.016..3101.040 rows=121 loops=1)
          Group Key: (substr((item.i_item_desc)::text, 1, 30)), item.i_item_sk, date_dim_2.d_date
          Filter: (count(*) > 4)
          Batches: 21  Memory Usage: 32825kB  Disk Usage: 138400kB
          Rows Removed by Filter: 1949613
          ->  Gather  (cost=94186.89..99044.00 rows=45714 width=52) (actual time=981.212..1427.283 rows=2088693 loops=1)
                Workers Planned: 2
                Workers Launched: 2
                ->  Partial HashAggregate  (cost=93186.89..93472.60 rows=22857 width=52) (actual time=977.063..1296.610 rows=696231 loops=3)
                      Group Key: substr((item.i_item_desc)::text, 1, 30), item.i_item_sk, date_dim_2.d_date
                      Batches: 5  Memory Usage: 34865kB  Disk Usage: 36280kB
                      Worker 0:  Batches: 5  Memory Usage: 34865kB  Disk Usage: 31504kB
                      Worker 1:  Batches: 5  Memory Usage: 34865kB  Disk Usage: 28336kB
                      ->  Hash Join  (cost=4179.87..92958.32 rows=22857 width=44) (actual time=34.570..713.839 rows=721758 loops=3)
                            Hash Cond: (store_sales.ss_item_sk = item.i_item_sk)
                            ->  Hash Join  (cost=2518.87..91180.16 rows=22857 width=12) (actual time=16.684..337.662 rows=721758 loops=3)
                                  Hash Cond: (store_sales.ss_sold_date_sk = date_dim_2.d_date_sk)
                                  ->  Parallel Seq Scan on store_sales  (cost=0.00..85499.45 rows=1204445 width=16) (actual time=0.011..131.077 rows=948150 loops=3)
                                  ->  Hash  (cost=2500.73..2500.73 rows=1451 width=12) (actual time=16.657..16.658 rows=1461 loops=3)
                                        Buckets: 2048  Batches: 1  Memory Usage: 85kB
                                        ->  Seq Scan on date_dim date_dim_2  (cost=0.00..2500.73 rows=1451 width=12) (actual time=7.894..16.462 rows=1461 loops=3)
                                              Filter: (d_year = ANY ('{1998,1999,2000,2001}'::integer[]))
                                              Rows Removed by Filter: 71588
                            ->  Hash  (cost=1436.00..1436.00 rows=18000 width=110) (actual time=17.769..17.770 rows=18000 loops=3)
                                  Buckets: 32768  Batches: 1  Memory Usage: 2822kB
                                  ->  Seq Scan on item  (cost=0.00..1436.00 rows=18000 width=110) (actual time=0.027..13.904 rows=18000 loops=3)
  CTE best_ss_customer
    ->  Finalize HashAggregate  (cost=229238.16..230738.16 rows=33333 width=16) (actual time=1455.534..1500.712 rows=11 loops=1)
          Group Key: customer_1.c_customer_sk
          Filter: (sum(((store_sales_2.ss_quantity)::double precision * store_sales_2.ss_sales_price)) > ('0.95'::double precision * $3))
          Batches: 1  Memory Usage: 10257kB
          Rows Removed by Filter: 90680
          InitPlan 2 (returns $3)
            ->  Aggregate  (cost=103055.89..103055.90 rows=1 width=8) (actual time=839.904..876.236 rows=1 loops=1)
                  ->  Finalize GroupAggregate  (cost=93835.38..102401.36 rows=52362 width=16) (actual time=521.286..872.340 rows=84732 loops=1)
                        Group Key: customer.c_customer_sk
                        ->  Gather Merge  (cost=93835.38..101659.56 rows=43636 width=16) (actual time=521.270..848.385 rows=140519 loops=1)
                              Workers Planned: 2
                              Workers Launched: 2
                              ->  Partial GroupAggregate  (cost=92835.35..95622.86 rows=21818 width=16) (actual time=514.440..750.262 rows=46840 loops=3)
                                    Group Key: customer.c_customer_sk
                                    ->  Merge Join  (cost=92835.35..95186.50 rows=21818 width=20) (actual time=514.423..686.409 rows=704791 loops=3)
                                          Merge Cond: (store_sales_1.ss_customer_sk = customer.c_customer_sk)
                                          ->  Sort  (cost=92835.05..92892.19 rows=22857 width=20) (actual time=514.366..580.788 rows=704792 loops=3)
                                                Sort Key: store_sales_1.ss_customer_sk
                                                Sort Method: external merge  Disk: 27592kB
                                                Worker 0:  Sort Method: external merge  Disk: 21656kB
                                                Worker 1:  Sort Method: external merge  Disk: 21608kB
                                                ->  Hash Join  (cost=2518.87..91180.16 rows=22857 width=20) (actual time=16.986..344.974 rows=721758 loops=3)
                                                      Hash Cond: (store_sales_1.ss_sold_date_sk = date_dim_3.d_date_sk)
                                                      ->  Parallel Seq Scan on store_sales store_sales_1  (cost=0.00..85499.45 rows=1204445 width=28) (actual time=0.016..128.656 rows=948150 loops=3)
                                                      ->  Hash  (cost=2500.73..2500.73 rows=1451 width=8) (actual time=16.932..16.933 rows=1461 loops=3)
                                                            Buckets: 2048  Batches: 1  Memory Usage: 74kB
                                                            ->  Seq Scan on date_dim date_dim_3  (cost=0.00..2500.73 rows=1451 width=8) (actual time=8.094..16.753 rows=1461 loops=3)
                                                                  Filter: (d_year = ANY ('{1998,1999,2000,2001}'::integer[]))
                                                                  Rows Removed by Filter: 71588
                                          ->  Index Only Scan using pk_customer on customer  (cost=0.29..1774.19 rows=100000 width=8) (actual time=0.050..9.837 rows=99998 loops=3)
                                                Heap Fetches: 0
          ->  Gather  (cost=104182.25..125182.25 rows=200000 width=16) (actual time=559.451..580.066 rows=165023 loops=1)
                Workers Planned: 2
                Workers Launched: 2
                ->  Partial HashAggregate  (cost=103182.25..104182.25 rows=100000 width=16) (actual time=554.332..565.634 rows=55008 loops=3)
                      Group Key: customer_1.c_customer_sk
                      Batches: 1  Memory Usage: 8209kB
                      Worker 0:  Batches: 1  Memory Usage: 8209kB
                      Worker 1:  Batches: 1  Memory Usage: 7185kB
                      ->  Hash Join  (cost=3024.19..91685.43 rows=1149682 width=20) (actual time=22.661..409.836 rows=905340 loops=3)
                            Hash Cond: (store_sales_2.ss_customer_sk = customer_1.c_customer_sk)
                            ->  Parallel Seq Scan on store_sales store_sales_2  (cost=0.00..85499.45 rows=1204445 width=20) (actual time=0.014..132.267 rows=948150 loops=3)
                            ->  Hash  (cost=1774.19..1774.19 rows=100000 width=8) (actual time=22.257..22.258 rows=100000 loops=3)
                                  Buckets: 131072  Batches: 1  Memory Usage: 4931kB
                                  ->  Index Only Scan using pk_customer on customer customer_1  (cost=0.29..1774.19 rows=100000 width=8) (actual time=0.064..10.321 rows=100000 loops=3)
                                        Heap Fetches: 0
  ->  Aggregate  (cost=18832.93..18832.94 rows=1 width=8) (actual time=4594.573..4594.580 rows=1 loops=1)
        ->  Append  (cost=1170.83..18832.37 rows=221 width=8) (actual time=4594.571..4594.578 rows=0 loops=1)
              ->  Hash Join  (cost=1170.83..5354.92 rows=147 width=8) (actual time=4579.694..4579.698 rows=0 loops=1)
                    Hash Cond: (catalog_sales.cs_item_sk = frequent_ss_items.item_sk)
                    ->  Hash Join  (cost=754.92..4935.88 rows=293 width=20) (actual time=1478.607..1478.609 rows=0 loops=1)
                          Hash Cond: (catalog_sales.cs_bill_customer_sk = best_ss_customer.c_customer_sk)
                          ->  Nested Loop  (cost=0.43..4176.58 rows=590 width=28) (actual time=4.276..13.504 rows=12669 loops=1)
                                ->  Seq Scan on date_dim  (cost=0.00..2500.73 rows=30 width=8) (actual time=4.254..8.855 rows=30 loops=1)
                                      Filter: ((d_year = 1998) AND (d_moy = 6))
                                      Rows Removed by Filter: 73019
                                ->  Index Scan using i_cs_sold_date_sk on catalog_sales  (cost=0.43..48.01 rows=785 width=36) (actual time=0.004..0.073 rows=422 loops=30)
                                      Index Cond: (cs_sold_date_sk = date_dim.d_date_sk)
                          ->  Hash  (cost=751.99..751.99 rows=200 width=8) (actual time=1464.313..1464.314 rows=11 loops=1)
                                Buckets: 1024  Batches: 1  Memory Usage: 9kB
                                ->  HashAggregate  (cost=749.99..751.99 rows=200 width=8) (actual time=1464.306..1464.308 rows=11 loops=1)
                                      Group Key: best_ss_customer.c_customer_sk
                                      Batches: 1  Memory Usage: 40kB
                                      ->  CTE Scan on best_ss_customer  (cost=0.00..666.66 rows=33333 width=8) (actual time=1455.537..1464.298 rows=11 loops=1)
                    ->  Hash  (cost=413.41..413.41 rows=200 width=8) (actual time=3101.083..3101.085 rows=121 loops=1)
                          Buckets: 1024  Batches: 1  Memory Usage: 13kB
                          ->  HashAggregate  (cost=411.41..413.41 rows=200 width=8) (actual time=3101.047..3101.063 rows=121 loops=1)
                                Group Key: frequent_ss_items.item_sk
                                Batches: 1  Memory Usage: 40kB
                                ->  CTE Scan on frequent_ss_items  (cost=0.00..365.70 rows=18285 width=8) (actual time=2125.019..3100.980 rows=121 loops=1)
              ->  Hash Join  (cost=3667.44..13474.14 rows=74 width=8) (actual time=14.873..14.876 rows=0 loops=1)
                    Hash Cond: (web_sales.ws_bill_customer_sk = best_ss_customer_1.c_customer_sk)
                    ->  Hash Join  (cost=2912.95..12718.06 rows=148 width=20) (actual time=7.633..14.846 rows=72 loops=1)
                          Hash Cond: (web_sales.ws_sold_date_sk = date_dim_1.d_date_sk)
                          ->  Nested Loop  (cost=411.84..9268.55 rows=361276 width=28) (actual time=0.050..6.964 rows=5818 loops=1)
                                ->  HashAggregate  (cost=411.41..413.41 rows=200 width=8) (actual time=0.034..0.050 rows=121 loops=1)
                                      Group Key: frequent_ss_items_1.item_sk
                                      Batches: 1  Memory Usage: 40kB
                                      ->  CTE Scan on frequent_ss_items frequent_ss_items_1  (cost=0.00..365.70 rows=18285 width=8) (actual time=0.001..0.010 rows=121 loops=1)
                                ->  Index Scan using pk_web_sales on web_sales  (cost=0.42..43.84 rows=44 width=36) (actual time=0.004..0.050 rows=48 loops=121)
                                      Index Cond: (ws_item_sk = frequent_ss_items_1.item_sk)
                          ->  Hash  (cost=2500.73..2500.73 rows=30 width=8) (actual time=7.497..7.497 rows=30 loops=1)
                                Buckets: 1024  Batches: 1  Memory Usage: 10kB
                                ->  Seq Scan on date_dim date_dim_1  (cost=0.00..2500.73 rows=30 width=8) (actual time=4.088..7.493 rows=30 loops=1)
                                      Filter: ((d_year = 1998) AND (d_moy = 6))
                                      Rows Removed by Filter: 73019
                    ->  Hash  (cost=751.99..751.99 rows=200 width=8) (actual time=0.011..0.012 rows=11 loops=1)
                          Buckets: 1024  Batches: 1  Memory Usage: 9kB
                          ->  HashAggregate  (cost=749.99..751.99 rows=200 width=8) (actual time=0.007..0.009 rows=11 loops=1)
                                Group Key: best_ss_customer_1.c_customer_sk
                                Batches: 1  Memory Usage: 40kB
                                ->  CTE Scan on best_ss_customer best_ss_customer_1  (cost=0.00..666.66 rows=33333 width=8) (actual time=0.001..0.002 rows=11 loops=1)
 sum 
-----
    
(1 row)

with frequent_ss_items as
 (select substr(i_item_desc,1,30) itemdesc,i_item_sk item_sk,d_date solddate,count(*) cnt
  from store_sales
      ,date_dim
      ,item
  where ss_sold_date_sk = d_date_sk
    and ss_item_sk = i_item_sk
    and d_year in (1998,1998 + 1,1998 + 2,1998 + 3)
  group by substr(i_item_desc,1,30),i_item_sk,d_date
  having count(*) >4),
 max_store_sales as
 (select max(csales) tpcds_cmax
  from (select c_customer_sk,sum(ss_quantity*ss_sales_price) csales
        from store_sales
            ,customer
            ,date_dim 
        where ss_customer_sk = c_customer_sk
         and ss_sold_date_sk = d_date_sk
         and d_year in (1998,1998+1,1998+2,1998+3)
        group by c_customer_sk) x),
 best_ss_customer as
 (select c_customer_sk,sum(ss_quantity*ss_sales_price) ssales
  from store_sales
      ,customer
  where ss_customer_sk = c_customer_sk
  group by c_customer_sk
  having sum(ss_quantity*ss_sales_price) > (95/100.0) * (select
  *
 from max_store_sales))
  select  c_last_name,c_first_name,sales
 from (select c_last_name,c_first_name,sum(cs_quantity*cs_list_price) sales
        from catalog_sales
            ,customer
            ,date_dim 
        where d_year = 1998 
         and d_moy = 6 
         and cs_sold_date_sk = d_date_sk 
         and cs_item_sk in (select item_sk from frequent_ss_items)
         and cs_bill_customer_sk in (select c_customer_sk from best_ss_customer)
         and cs_bill_customer_sk = c_customer_sk 
       group by c_last_name,c_first_name
      union all
      select c_last_name,c_first_name,sum(ws_quantity*ws_list_price) sales
       from web_sales
           ,customer
           ,date_dim 
       where d_year = 1998 
         and d_moy = 6 
         and ws_sold_date_sk = d_date_sk 
         and ws_item_sk in (select item_sk from frequent_ss_items)
         and ws_bill_customer_sk in (select c_customer_sk from best_ss_customer)
         and ws_bill_customer_sk = c_customer_sk
       group by c_last_name,c_first_name) y 
     order by c_last_name,c_first_name,sales
  limit 100;
psql:/tmp/s1-basline/throughput/query_8.sql:4022: NOTICE:  duration: 4621.797 ms  plan:
Query Text: with frequent_ss_items as
 (select substr(i_item_desc,1,30) itemdesc,i_item_sk item_sk,d_date solddate,count(*) cnt
  from store_sales
      ,date_dim
      ,item
  where ss_sold_date_sk = d_date_sk
    and ss_item_sk = i_item_sk
    and d_year in (1998,1998 + 1,1998 + 2,1998 + 3)
  group by substr(i_item_desc,1,30),i_item_sk,d_date
  having count(*) >4),
 max_store_sales as
 (select max(csales) tpcds_cmax
  from (select c_customer_sk,sum(ss_quantity*ss_sales_price) csales
        from store_sales
            ,customer
            ,date_dim 
        where ss_customer_sk = c_customer_sk
         and ss_sold_date_sk = d_date_sk
         and d_year in (1998,1998+1,1998+2,1998+3)
        group by c_customer_sk) x),
 best_ss_customer as
 (select c_customer_sk,sum(ss_quantity*ss_sales_price) ssales
  from store_sales
      ,customer
  where ss_customer_sk = c_customer_sk
  group by c_customer_sk
  having sum(ss_quantity*ss_sales_price) > (95/100.0) * (select
  *
 from max_store_sales))
  select  c_last_name,c_first_name,sales
 from (select c_last_name,c_first_name,sum(cs_quantity*cs_list_price) sales
        from catalog_sales
            ,customer
            ,date_dim 
        where d_year = 1998 
         and d_moy = 6 
         and cs_sold_date_sk = d_date_sk 
         and cs_item_sk in (select item_sk from frequent_ss_items)
         and cs_bill_customer_sk in (select c_customer_sk from best_ss_customer)
         and cs_bill_customer_sk = c_customer_sk 
       group by c_last_name,c_first_name
      union all
      select c_last_name,c_first_name,sum(ws_quantity*ws_list_price) sales
       from web_sales
           ,customer
           ,date_dim 
       where d_year = 1998 
         and d_moy = 6 
         and ws_sold_date_sk = d_date_sk 
         and ws_item_sk in (select item_sk from frequent_ss_items)
         and ws_bill_customer_sk in (select c_customer_sk from best_ss_customer)
         and ws_bill_customer_sk = c_customer_sk
       group by c_last_name,c_first_name) y 
     order by c_last_name,c_first_name,sales
  limit 100;
Limit  (cost=349892.70..349892.95 rows=100 width=60) (actual time=4585.128..4621.793 rows=0 loops=1)
  CTE frequent_ss_items
    ->  Finalize HashAggregate  (cost=99501.14..100232.55 rows=18285 width=52) (actual time=2110.625..3095.160 rows=121 loops=1)
          Group Key: (substr((item.i_item_desc)::text, 1, 30)), item.i_item_sk, date_dim_2.d_date
          Filter: (count(*) > 4)
          Batches: 21  Memory Usage: 32825kB  Disk Usage: 138360kB
          Rows Removed by Filter: 1949613
          ->  Gather  (cost=94186.89..99044.00 rows=45714 width=52) (actual time=964.675..1413.752 rows=2089666 loops=1)
                Workers Planned: 2
                Workers Launched: 2
                ->  Partial HashAggregate  (cost=93186.89..93472.60 rows=22857 width=52) (actual time=960.011..1281.333 rows=696555 loops=3)
                      Group Key: substr((item.i_item_desc)::text, 1, 30), item.i_item_sk, date_dim_2.d_date
                      Batches: 5  Memory Usage: 34865kB  Disk Usage: 36392kB
                      Worker 0:  Batches: 5  Memory Usage: 34865kB  Disk Usage: 31528kB
                      Worker 1:  Batches: 5  Memory Usage: 34865kB  Disk Usage: 31544kB
                      ->  Hash Join  (cost=4179.87..92958.32 rows=22857 width=44) (actual time=30.697..702.974 rows=721758 loops=3)
                            Hash Cond: (store_sales.ss_item_sk = item.i_item_sk)
                            ->  Hash Join  (cost=2518.87..91180.16 rows=22857 width=12) (actual time=15.357..333.934 rows=721758 loops=3)
                                  Hash Cond: (store_sales.ss_sold_date_sk = date_dim_2.d_date_sk)
                                  ->  Parallel Seq Scan on store_sales  (cost=0.00..85499.45 rows=1204445 width=16) (actual time=0.012..129.589 rows=948150 loops=3)
                                  ->  Hash  (cost=2500.73..2500.73 rows=1451 width=12) (actual time=15.325..15.326 rows=1461 loops=3)
                                        Buckets: 2048  Batches: 1  Memory Usage: 85kB
                                        ->  Seq Scan on date_dim date_dim_2  (cost=0.00..2500.73 rows=1451 width=12) (actual time=7.131..15.128 rows=1461 loops=3)
                                              Filter: (d_year = ANY ('{1998,1999,2000,2001}'::integer[]))
                                              Rows Removed by Filter: 71588
                            ->  Hash  (cost=1436.00..1436.00 rows=18000 width=110) (actual time=15.226..15.227 rows=18000 loops=3)
                                  Buckets: 32768  Batches: 1  Memory Usage: 2822kB
                                  ->  Seq Scan on item  (cost=0.00..1436.00 rows=18000 width=110) (actual time=0.026..11.459 rows=18000 loops=3)
  CTE best_ss_customer
    ->  Finalize HashAggregate  (cost=229238.16..230738.16 rows=33333 width=16) (actual time=1451.737..1497.214 rows=11 loops=1)
          Group Key: customer_3.c_customer_sk
          Filter: (sum(((store_sales_2.ss_quantity)::double precision * store_sales_2.ss_sales_price)) > ('0.95'::double precision * $3))
          Batches: 1  Memory Usage: 10257kB
          Rows Removed by Filter: 90680
          InitPlan 2 (returns $3)
            ->  Aggregate  (cost=103055.89..103055.90 rows=1 width=8) (actual time=839.629..876.044 rows=1 loops=1)
                  ->  Finalize GroupAggregate  (cost=93835.38..102401.36 rows=52362 width=16) (actual time=522.018..872.067 rows=84732 loops=1)
                        Group Key: customer_2.c_customer_sk
                        ->  Gather Merge  (cost=93835.38..101659.56 rows=43636 width=16) (actual time=522.009..848.164 rows=140618 loops=1)
                              Workers Planned: 2
                              Workers Launched: 2
                              ->  Partial GroupAggregate  (cost=92835.35..95622.86 rows=21818 width=16) (actual time=515.477..750.762 rows=46873 loops=3)
                                    Group Key: customer_2.c_customer_sk
                                    ->  Merge Join  (cost=92835.35..95186.50 rows=21818 width=20) (actual time=515.460..687.171 rows=704791 loops=3)
                                          Merge Cond: (store_sales_1.ss_customer_sk = customer_2.c_customer_sk)
                                          ->  Sort  (cost=92835.05..92892.19 rows=22857 width=20) (actual time=515.397..581.570 rows=704792 loops=3)
                                                Sort Key: store_sales_1.ss_customer_sk
                                                Sort Method: external merge  Disk: 27712kB
                                                Worker 0:  Sort Method: external merge  Disk: 21520kB
                                                Worker 1:  Sort Method: external merge  Disk: 21608kB
                                                ->  Hash Join  (cost=2518.87..91180.16 rows=22857 width=20) (actual time=16.501..345.946 rows=721758 loops=3)
                                                      Hash Cond: (store_sales_1.ss_sold_date_sk = date_dim_3.d_date_sk)
                                                      ->  Parallel Seq Scan on store_sales store_sales_1  (cost=0.00..85499.45 rows=1204445 width=28) (actual time=0.016..129.484 rows=948150 loops=3)
                                                      ->  Hash  (cost=2500.73..2500.73 rows=1451 width=8) (actual time=16.445..16.446 rows=1461 loops=3)
                                                            Buckets: 2048  Batches: 1  Memory Usage: 74kB
                                                            ->  Seq Scan on date_dim date_dim_3  (cost=0.00..2500.73 rows=1451 width=8) (actual time=7.716..16.261 rows=1461 loops=3)
                                                                  Filter: (d_year = ANY ('{1998,1999,2000,2001}'::integer[]))
                                                                  Rows Removed by Filter: 71588
                                          ->  Index Only Scan using pk_customer on customer customer_2  (cost=0.29..1774.19 rows=100000 width=8) (actual time=0.055..9.878 rows=99996 loops=3)
                                                Heap Fetches: 0
          ->  Gather  (cost=104182.25..125182.25 rows=200000 width=16) (actual time=556.692..577.222 rows=164828 loops=1)
                Workers Planned: 2
                Workers Launched: 2
                ->  Partial HashAggregate  (cost=103182.25..104182.25 rows=100000 width=16) (actual time=551.291..562.749 rows=54943 loops=3)
                      Group Key: customer_3.c_customer_sk
                      Batches: 1  Memory Usage: 8209kB
                      Worker 0:  Batches: 1  Memory Usage: 7185kB
                      Worker 1:  Batches: 1  Memory Usage: 7185kB
                      ->  Hash Join  (cost=3024.19..91685.43 rows=1149682 width=20) (actual time=22.937..409.051 rows=905340 loops=3)
                            Hash Cond: (store_sales_2.ss_customer_sk = customer_3.c_customer_sk)
                            ->  Parallel Seq Scan on store_sales store_sales_2  (cost=0.00..85499.45 rows=1204445 width=20) (actual time=0.014..131.858 rows=948150 loops=3)
                            ->  Hash  (cost=1774.19..1774.19 rows=100000 width=8) (actual time=22.533..22.533 rows=100000 loops=3)
                                  Buckets: 131072  Batches: 1  Memory Usage: 4931kB
                                  ->  Index Only Scan using pk_customer on customer customer_3  (cost=0.29..1774.19 rows=100000 width=8) (actual time=0.063..10.362 rows=100000 loops=3)
                                        Heap Fetches: 0
  ->  Sort  (cost=18921.98..18922.53 rows=220 width=60) (actual time=4585.127..4585.135 rows=0 loops=1)
        Sort Key: customer.c_last_name, customer.c_first_name, (sum(((catalog_sales.cs_quantity)::double precision * catalog_sales.cs_list_price)))
        Sort Method: quicksort  Memory: 25kB
        ->  Append  (cost=5405.39..18913.58 rows=220 width=60) (actual time=4585.122..4585.130 rows=0 loops=1)
              ->  GroupAggregate  (cost=5405.39..5409.04 rows=146 width=60) (actual time=4570.365..4570.369 rows=0 loops=1)
                    Group Key: customer.c_last_name, customer.c_first_name
                    ->  Sort  (cost=5405.39..5405.75 rows=146 width=64) (actual time=4570.364..4570.368 rows=0 loops=1)
                          Sort Key: customer.c_last_name, customer.c_first_name
                          Sort Method: quicksort  Memory: 25kB
                          ->  Nested Loop  (cost=1171.12..5400.14 rows=146 width=64) (actual time=4570.361..4570.365 rows=0 loops=1)
                                ->  Hash Join  (cost=1170.83..5354.19 rows=147 width=28) (actual time=4570.360..4570.364 rows=0 loops=1)
                                      Hash Cond: (catalog_sales.cs_item_sk = frequent_ss_items.item_sk)
                                      ->  Hash Join  (cost=754.92..4935.88 rows=293 width=36) (actual time=1475.164..1475.166 rows=0 loops=1)
                                            Hash Cond: (catalog_sales.cs_bill_customer_sk = best_ss_customer.c_customer_sk)
                                            ->  Nested Loop  (cost=0.43..4176.58 rows=590 width=28) (actual time=4.502..13.637 rows=12669 loops=1)
                                                  ->  Seq Scan on date_dim  (cost=0.00..2500.73 rows=30 width=8) (actual time=4.479..9.034 rows=30 loops=1)
                                                        Filter: ((d_year = 1998) AND (d_moy = 6))
                                                        Rows Removed by Filter: 73019
                                                  ->  Index Scan using i_cs_sold_date_sk on catalog_sales  (cost=0.43..48.01 rows=785 width=36) (actual time=0.004..0.072 rows=422 loops=30)
                                                        Index Cond: (cs_sold_date_sk = date_dim.d_date_sk)
                                            ->  Hash  (cost=751.99..751.99 rows=200 width=8) (actual time=1460.739..1460.740 rows=11 loops=1)
                                                  Buckets: 1024  Batches: 1  Memory Usage: 9kB
                                                  ->  HashAggregate  (cost=749.99..751.99 rows=200 width=8) (actual time=1460.732..1460.734 rows=11 loops=1)
                                                        Group Key: best_ss_customer.c_customer_sk
                                                        Batches: 1  Memory Usage: 40kB
                                                        ->  CTE Scan on best_ss_customer  (cost=0.00..666.66 rows=33333 width=8) (actual time=1451.740..1460.724 rows=11 loops=1)
                                      ->  Hash  (cost=413.41..413.41 rows=200 width=8) (actual time=3095.192..3095.193 rows=121 loops=1)
                                            Buckets: 1024  Batches: 1  Memory Usage: 13kB
                                            ->  HashAggregate  (cost=411.41..413.41 rows=200 width=8) (actual time=3095.157..3095.172 rows=121 loops=1)
                                                  Group Key: frequent_ss_items.item_sk
                                                  Batches: 1  Memory Usage: 40kB
                                                  ->  CTE Scan on frequent_ss_items  (cost=0.00..365.70 rows=18285 width=8) (actual time=2110.629..3095.091 rows=121 loops=1)
                                ->  Index Scan using pk_customer on customer  (cost=0.29..0.31 rows=1 width=60) (never executed)
                                      Index Cond: (c_customer_sk = catalog_sales.cs_bill_customer_sk)
              ->  GroupAggregate  (cost=13499.39..13501.24 rows=74 width=60) (actual time=14.754..14.756 rows=0 loops=1)
                    Group Key: customer_1.c_last_name, customer_1.c_first_name
                    ->  Sort  (cost=13499.39..13499.58 rows=74 width=64) (actual time=14.752..14.755 rows=0 loops=1)
                          Sort Key: customer_1.c_last_name, customer_1.c_first_name
                          Sort Method: quicksort  Memory: 25kB
                          ->  Nested Loop  (cost=3667.73..13497.09 rows=74 width=64) (actual time=14.743..14.746 rows=0 loops=1)
                                ->  Hash Join  (cost=3667.44..13473.77 rows=74 width=28) (actual time=14.743..14.745 rows=0 loops=1)
                                      Hash Cond: (web_sales.ws_bill_customer_sk = best_ss_customer_1.c_customer_sk)
                                      ->  Hash Join  (cost=2912.95..12718.06 rows=148 width=20) (actual time=7.579..14.723 rows=72 loops=1)
                                            Hash Cond: (web_sales.ws_sold_date_sk = date_dim_1.d_date_sk)
                                            ->  Nested Loop  (cost=411.84..9268.55 rows=361276 width=28) (actual time=0.051..6.901 rows=5818 loops=1)
                                                  ->  HashAggregate  (cost=411.41..413.41 rows=200 width=8) (actual time=0.036..0.053 rows=121 loops=1)
                                                        Group Key: frequent_ss_items_1.item_sk
                                                        Batches: 1  Memory Usage: 40kB
                                                        ->  CTE Scan on frequent_ss_items frequent_ss_items_1  (cost=0.00..365.70 rows=18285 width=8) (actual time=0.001..0.011 rows=121 loops=1)
                                                  ->  Index Scan using pk_web_sales on web_sales  (cost=0.42..43.84 rows=44 width=36) (actual time=0.004..0.049 rows=48 loops=121)
                                                        Index Cond: (ws_item_sk = frequent_ss_items_1.item_sk)
                                            ->  Hash  (cost=2500.73..2500.73 rows=30 width=8) (actual time=7.441..7.441 rows=30 loops=1)
                                                  Buckets: 1024  Batches: 1  Memory Usage: 10kB
                                                  ->  Seq Scan on date_dim date_dim_1  (cost=0.00..2500.73 rows=30 width=8) (actual time=3.971..7.437 rows=30 loops=1)
                                                        Filter: ((d_year = 1998) AND (d_moy = 6))
                                                        Rows Removed by Filter: 73019
                                      ->  Hash  (cost=751.99..751.99 rows=200 width=8) (actual time=0.011..0.012 rows=11 loops=1)
                                            Buckets: 1024  Batches: 1  Memory Usage: 9kB
                                            ->  HashAggregate  (cost=749.99..751.99 rows=200 width=8) (actual time=0.007..0.009 rows=11 loops=1)
                                                  Group Key: best_ss_customer_1.c_customer_sk
                                                  Batches: 1  Memory Usage: 40kB
                                                  ->  CTE Scan on best_ss_customer best_ss_customer_1  (cost=0.00..666.66 rows=33333 width=8) (actual time=0.001..0.003 rows=11 loops=1)
                                ->  Index Scan using pk_customer on customer customer_1  (cost=0.29..0.32 rows=1 width=60) (never executed)
                                      Index Cond: (c_customer_sk = web_sales.ws_bill_customer_sk)
 c_last_name | c_first_name | sales 
-------------+--------------+-------
(0 rows)

UPDATE time_statistics SET e_time = TRANSACTION_TIMESTAMP() WHERE template = '../query_postgresql/query23.tpl' AND stream = 8;
psql:/tmp/s1-basline/throughput/query_8.sql:4024: NOTICE:  duration: 0.087 ms  plan:
Query Text: UPDATE time_statistics SET e_time = TRANSACTION_TIMESTAMP() WHERE template = '../query_postgresql/query23.tpl' AND stream = 8;
Update on time_statistics  (cost=0.00..15.87 rows=0 width=0) (actual time=0.086..0.087 rows=0 loops=1)
  ->  Seq Scan on time_statistics  (cost=0.00..15.87 rows=1 width=14) (actual time=0.071..0.071 rows=1 loops=1)
        Filter: ((template = '../query_postgresql/query23.tpl'::text) AND (stream = 8))
        Rows Removed by Filter: 543
UPDATE 1
LOAD 'auto_explain'; SET auto_explain.log_min_duration TO 0; SET auto_explain.log_analyze TO on; SET auto_explain.log_level TO notice; INSERT INTO time_statistics (template, s_time, stream, query, seed) VALUES ('query88.tpl', TRANSACTION_TIMESTAMP(), 8, 80, 2039963537);
LOAD
SET
SET
SET
psql:/tmp/s1-basline/throughput/query_8.sql:4025: NOTICE:  duration: 0.008 ms  plan:
Query Text: INSERT INTO time_statistics (template, s_time, stream, query, seed) VALUES ('query88.tpl', TRANSACTION_TIMESTAMP(), 8, 80, 2039963537);
Insert on time_statistics  (cost=0.00..0.01 rows=0 width=0) (actual time=0.008..0.008 rows=0 loops=1)
  ->  Result  (cost=0.00..0.01 rows=1 width=64) (actual time=0.002..0.002 rows=1 loops=1)
INSERT 0 1
select  *
from
 (select count(*) h8_30_to_9
 from store_sales, household_demographics , time_dim, store
 where ss_sold_time_sk = time_dim.t_time_sk   
     and ss_hdemo_sk = household_demographics.hd_demo_sk 
     and ss_store_sk = s_store_sk
     and time_dim.t_hour = 8
     and time_dim.t_minute >= 30
     and ((household_demographics.hd_dep_count = 3 and household_demographics.hd_vehicle_count<=3+2) or
          (household_demographics.hd_dep_count = -1 and household_demographics.hd_vehicle_count<=-1+2) or
          (household_demographics.hd_dep_count = 2 and household_demographics.hd_vehicle_count<=2+2)) 
     and store.s_store_name = 'ese') s1,
 (select count(*) h9_to_9_30 
 from store_sales, household_demographics , time_dim, store
 where ss_sold_time_sk = time_dim.t_time_sk
     and ss_hdemo_sk = household_demographics.hd_demo_sk
     and ss_store_sk = s_store_sk 
     and time_dim.t_hour = 9 
     and time_dim.t_minute < 30
     and ((household_demographics.hd_dep_count = 3 and household_demographics.hd_vehicle_count<=3+2) or
          (household_demographics.hd_dep_count = -1 and household_demographics.hd_vehicle_count<=-1+2) or
          (household_demographics.hd_dep_count = 2 and household_demographics.hd_vehicle_count<=2+2))
     and store.s_store_name = 'ese') s2,
 (select count(*) h9_30_to_10 
 from store_sales, household_demographics , time_dim, store
 where ss_sold_time_sk = time_dim.t_time_sk
     and ss_hdemo_sk = household_demographics.hd_demo_sk
     and ss_store_sk = s_store_sk
     and time_dim.t_hour = 9
     and time_dim.t_minute >= 30
     and ((household_demographics.hd_dep_count = 3 and household_demographics.hd_vehicle_count<=3+2) or
          (household_demographics.hd_dep_count = -1 and household_demographics.hd_vehicle_count<=-1+2) or
          (household_demographics.hd_dep_count = 2 and household_demographics.hd_vehicle_count<=2+2))
     and store.s_store_name = 'ese') s3,
 (select count(*) h10_to_10_30
 from store_sales, household_demographics , time_dim, store
 where ss_sold_time_sk = time_dim.t_time_sk
     and ss_hdemo_sk = household_demographics.hd_demo_sk
     and ss_store_sk = s_store_sk
     and time_dim.t_hour = 10 
     and time_dim.t_minute < 30
     and ((household_demographics.hd_dep_count = 3 and household_demographics.hd_vehicle_count<=3+2) or
          (household_demographics.hd_dep_count = -1 and household_demographics.hd_vehicle_count<=-1+2) or
          (household_demographics.hd_dep_count = 2 and household_demographics.hd_vehicle_count<=2+2))
     and store.s_store_name = 'ese') s4,
 (select count(*) h10_30_to_11
 from store_sales, household_demographics , time_dim, store
 where ss_sold_time_sk = time_dim.t_time_sk
     and ss_hdemo_sk = household_demographics.hd_demo_sk
     and ss_store_sk = s_store_sk
     and time_dim.t_hour = 10 
     and time_dim.t_minute >= 30
     and ((household_demographics.hd_dep_count = 3 and household_demographics.hd_vehicle_count<=3+2) or
          (household_demographics.hd_dep_count = -1 and household_demographics.hd_vehicle_count<=-1+2) or
          (household_demographics.hd_dep_count = 2 and household_demographics.hd_vehicle_count<=2+2))
     and store.s_store_name = 'ese') s5,
 (select count(*) h11_to_11_30
 from store_sales, household_demographics , time_dim, store
 where ss_sold_time_sk = time_dim.t_time_sk
     and ss_hdemo_sk = household_demographics.hd_demo_sk
     and ss_store_sk = s_store_sk 
     and time_dim.t_hour = 11
     and time_dim.t_minute < 30
     and ((household_demographics.hd_dep_count = 3 and household_demographics.hd_vehicle_count<=3+2) or
          (household_demographics.hd_dep_count = -1 and household_demographics.hd_vehicle_count<=-1+2) or
          (household_demographics.hd_dep_count = 2 and household_demographics.hd_vehicle_count<=2+2))
     and store.s_store_name = 'ese') s6,
 (select count(*) h11_30_to_12
 from store_sales, household_demographics , time_dim, store
 where ss_sold_time_sk = time_dim.t_time_sk
     and ss_hdemo_sk = household_demographics.hd_demo_sk
     and ss_store_sk = s_store_sk
     and time_dim.t_hour = 11
     and time_dim.t_minute >= 30
     and ((household_demographics.hd_dep_count = 3 and household_demographics.hd_vehicle_count<=3+2) or
          (household_demographics.hd_dep_count = -1 and household_demographics.hd_vehicle_count<=-1+2) or
          (household_demographics.hd_dep_count = 2 and household_demographics.hd_vehicle_count<=2+2))
     and store.s_store_name = 'ese') s7,
 (select count(*) h12_to_12_30
 from store_sales, household_demographics , time_dim, store
 where ss_sold_time_sk = time_dim.t_time_sk
     and ss_hdemo_sk = household_demographics.hd_demo_sk
     and ss_store_sk = s_store_sk
     and time_dim.t_hour = 12
     and time_dim.t_minute < 30
     and ((household_demographics.hd_dep_count = 3 and household_demographics.hd_vehicle_count<=3+2) or
          (household_demographics.hd_dep_count = -1 and household_demographics.hd_vehicle_count<=-1+2) or
          (household_demographics.hd_dep_count = 2 and household_demographics.hd_vehicle_count<=2+2))
     and store.s_store_name = 'ese') s8
;
psql:/tmp/s1-basline/throughput/query_8.sql:4116: NOTICE:  duration: 2099.180 ms  plan:
Query Text: select  *
from
 (select count(*) h8_30_to_9
 from store_sales, household_demographics , time_dim, store
 where ss_sold_time_sk = time_dim.t_time_sk   
     and ss_hdemo_sk = household_demographics.hd_demo_sk 
     and ss_store_sk = s_store_sk
     and time_dim.t_hour = 8
     and time_dim.t_minute >= 30
     and ((household_demographics.hd_dep_count = 3 and household_demographics.hd_vehicle_count<=3+2) or
          (household_demographics.hd_dep_count = -1 and household_demographics.hd_vehicle_count<=-1+2) or
          (household_demographics.hd_dep_count = 2 and household_demographics.hd_vehicle_count<=2+2)) 
     and store.s_store_name = 'ese') s1,
 (select count(*) h9_to_9_30 
 from store_sales, household_demographics , time_dim, store
 where ss_sold_time_sk = time_dim.t_time_sk
     and ss_hdemo_sk = household_demographics.hd_demo_sk
     and ss_store_sk = s_store_sk 
     and time_dim.t_hour = 9 
     and time_dim.t_minute < 30
     and ((household_demographics.hd_dep_count = 3 and household_demographics.hd_vehicle_count<=3+2) or
          (household_demographics.hd_dep_count = -1 and household_demographics.hd_vehicle_count<=-1+2) or
          (household_demographics.hd_dep_count = 2 and household_demographics.hd_vehicle_count<=2+2))
     and store.s_store_name = 'ese') s2,
 (select count(*) h9_30_to_10 
 from store_sales, household_demographics , time_dim, store
 where ss_sold_time_sk = time_dim.t_time_sk
     and ss_hdemo_sk = household_demographics.hd_demo_sk
     and ss_store_sk = s_store_sk
     and time_dim.t_hour = 9
     and time_dim.t_minute >= 30
     and ((household_demographics.hd_dep_count = 3 and household_demographics.hd_vehicle_count<=3+2) or
          (household_demographics.hd_dep_count = -1 and household_demographics.hd_vehicle_count<=-1+2) or
          (household_demographics.hd_dep_count = 2 and household_demographics.hd_vehicle_count<=2+2))
     and store.s_store_name = 'ese') s3,
 (select count(*) h10_to_10_30
 from store_sales, household_demographics , time_dim, store
 where ss_sold_time_sk = time_dim.t_time_sk
     and ss_hdemo_sk = household_demographics.hd_demo_sk
     and ss_store_sk = s_store_sk
     and time_dim.t_hour = 10 
     and time_dim.t_minute < 30
     and ((household_demographics.hd_dep_count = 3 and household_demographics.hd_vehicle_count<=3+2) or
          (household_demographics.hd_dep_count = -1 and household_demographics.hd_vehicle_count<=-1+2) or
          (household_demographics.hd_dep_count = 2 and household_demographics.hd_vehicle_count<=2+2))
     and store.s_store_name = 'ese') s4,
 (select count(*) h10_30_to_11
 from store_sales, household_demographics , time_dim, store
 where ss_sold_time_sk = time_dim.t_time_sk
     and ss_hdemo_sk = household_demographics.hd_demo_sk
     and ss_store_sk = s_store_sk
     and time_dim.t_hour = 10 
     and time_dim.t_minute >= 30
     and ((household_demographics.hd_dep_count = 3 and household_demographics.hd_vehicle_count<=3+2) or
          (household_demographics.hd_dep_count = -1 and household_demographics.hd_vehicle_count<=-1+2) or
          (household_demographics.hd_dep_count = 2 and household_demographics.hd_vehicle_count<=2+2))
     and store.s_store_name = 'ese') s5,
 (select count(*) h11_to_11_30
 from store_sales, household_demographics , time_dim, store
 where ss_sold_time_sk = time_dim.t_time_sk
     and ss_hdemo_sk = household_demographics.hd_demo_sk
     and ss_store_sk = s_store_sk 
     and time_dim.t_hour = 11
     and time_dim.t_minute < 30
     and ((household_demographics.hd_dep_count = 3 and household_demographics.hd_vehicle_count<=3+2) or
          (household_demographics.hd_dep_count = -1 and household_demographics.hd_vehicle_count<=-1+2) or
          (household_demographics.hd_dep_count = 2 and household_demographics.hd_vehicle_count<=2+2))
     and store.s_store_name = 'ese') s6,
 (select count(*) h11_30_to_12
 from store_sales, household_demographics , time_dim, store
 where ss_sold_time_sk = time_dim.t_time_sk
     and ss_hdemo_sk = household_demographics.hd_demo_sk
     and ss_store_sk = s_store_sk
     and time_dim.t_hour = 11
     and time_dim.t_minute >= 30
     and ((household_demographics.hd_dep_count = 3 and household_demographics.hd_vehicle_count<=3+2) or
          (household_demographics.hd_dep_count = -1 and household_demographics.hd_vehicle_count<=-1+2) or
          (household_demographics.hd_dep_count = 2 and household_demographics.hd_vehicle_count<=2+2))
     and store.s_store_name = 'ese') s7,
 (select count(*) h12_to_12_30
 from store_sales, household_demographics , time_dim, store
 where ss_sold_time_sk = time_dim.t_time_sk
     and ss_hdemo_sk = household_demographics.hd_demo_sk
     and ss_store_sk = s_store_sk
     and time_dim.t_hour = 12
     and time_dim.t_minute < 30
     and ((household_demographics.hd_dep_count = 3 and household_demographics.hd_vehicle_count<=3+2) or
          (household_demographics.hd_dep_count = -1 and household_demographics.hd_vehicle_count<=-1+2) or
          (household_demographics.hd_dep_count = 2 and household_demographics.hd_vehicle_count<=2+2))
     and store.s_store_name = 'ese') s8
;
Nested Loop  (cost=742120.78..742121.01 rows=1 width=64) (actual time=2026.303..2099.170 rows=1 loops=1)
  ->  Nested Loop  (cost=649352.97..649353.17 rows=1 width=56) (actual time=1774.014..1774.590 rows=1 loops=1)
        ->  Nested Loop  (cost=556586.29..556586.46 rows=1 width=48) (actual time=1521.791..1522.295 rows=1 loops=1)
              ->  Nested Loop  (cost=463818.59..463818.73 rows=1 width=40) (actual time=1269.890..1270.325 rows=1 loops=1)
                    ->  Nested Loop  (cost=371054.61..371054.72 rows=1 width=32) (actual time=1012.899..1013.263 rows=1 loops=1)
                          ->  Nested Loop  (cost=278289.68..278289.76 rows=1 width=24) (actual time=754.965..755.253 rows=1 loops=1)
                                ->  Nested Loop  (cost=185526.88..185526.93 rows=1 width=16) (actual time=501.338..501.547 rows=1 loops=1)
                                      ->  Finalize Aggregate  (cost=92763.08..92763.09 rows=1 width=8) (actual time=248.355..248.484 rows=1 loops=1)
                                            ->  Gather  (cost=92762.86..92763.07 rows=2 width=8) (actual time=248.210..248.479 rows=3 loops=1)
                                                  Workers Planned: 2
                                                  Workers Launched: 2
                                                  ->  Partial Aggregate  (cost=91762.86..91762.87 rows=1 width=8) (actual time=243.922..243.927 rows=1 loops=3)
                                                        ->  Hash Join  (cost=3023.51..91762.01 rows=341 width=0) (actual time=15.995..243.891 rows=544 loops=3)
                                                              Hash Cond: (store_sales.ss_store_sk = store.s_store_sk)
                                                              ->  Hash Join  (cost=3022.35..91745.80 rows=4289 width=8) (actual time=15.809..243.444 rows=3469 loops=3)
                                                                    Hash Cond: (store_sales.ss_hdemo_sk = household_demographics.hd_demo_sk)
                                                                    ->  Hash Join  (cost=2765.25..91426.51 rows=23678 width=16) (actual time=12.827..240.503 rows=17681 loops=3)
                                                                          Hash Cond: (store_sales.ss_sold_time_sk = time_dim.t_time_sk)
                                                                          ->  Parallel Seq Scan on store_sales  (cost=0.00..85499.45 rows=1204445 width=24) (actual time=0.014..123.728 rows=948150 loops=3)
                                                                          ->  Hash  (cost=2743.00..2743.00 rows=1780 width=8) (actual time=12.647..12.648 rows=1800 loops=3)
                                                                                Buckets: 2048  Batches: 1  Memory Usage: 87kB
                                                                                ->  Seq Scan on time_dim  (cost=0.00..2743.00 rows=1780 width=8) (actual time=4.666..12.432 rows=1800 loops=3)
                                                                                      Filter: ((t_minute >= 30) AND (t_hour = 8))
                                                                                      Rows Removed by Filter: 84600
                                                                    ->  Hash  (cost=240.00..240.00 rows=1368 width=8) (actual time=1.343..1.344 rows=1440 loops=3)
                                                                          Buckets: 2048  Batches: 1  Memory Usage: 73kB
                                                                          ->  Seq Scan on household_demographics  (cost=0.00..240.00 rows=1368 width=8) (actual time=0.054..1.169 rows=1440 loops=3)
                                                                                Filter: (((hd_dep_count = 3) AND (hd_vehicle_count <= 5)) OR ((hd_dep_count = '-1'::integer) AND (hd_vehicle_count <= 1)) OR ((hd_dep_count = 2) AND (hd_vehicle_count <= 4)))
                                                                                Rows Removed by Filter: 5760
                                                              ->  Hash  (cost=1.15..1.15 rows=1 width=8) (actual time=0.029..0.030 rows=1 loops=3)
                                                                    Buckets: 1024  Batches: 1  Memory Usage: 9kB
                                                                    ->  Seq Scan on store  (cost=0.00..1.15 rows=1 width=8) (actual time=0.025..0.026 rows=1 loops=3)
                                                                          Filter: ((s_store_name)::text = 'ese'::text)
                                                                          Rows Removed by Filter: 11
                                      ->  Finalize Aggregate  (cost=92763.80..92763.81 rows=1 width=8) (actual time=252.979..253.058 rows=1 loops=1)
                                            ->  Gather  (cost=92763.59..92763.80 rows=2 width=8) (actual time=252.847..253.053 rows=3 loops=1)
                                                  Workers Planned: 2
                                                  Workers Launched: 2
                                                  ->  Partial Aggregate  (cost=91763.59..91763.60 rows=1 width=8) (actual time=248.541..248.545 rows=1 loops=3)
                                                        ->  Hash Join  (cost=3023.67..91762.73 rows=343 width=0) (actual time=17.315..248.478 rows=1193 loops=3)
                                                              Hash Cond: (store_sales_1.ss_store_sk = store_1.s_store_sk)
                                                              ->  Hash Join  (cost=3022.51..91746.41 rows=4320 width=8) (actual time=14.372..247.758 rows=7076 loops=3)
                                                                    Hash Cond: (store_sales_1.ss_hdemo_sk = household_demographics_1.hd_demo_sk)
                                                                    ->  Hash Join  (cost=2765.41..91426.67 rows=23850 width=16) (actual time=12.558..243.349 rows=36133 loops=3)
                                                                          Hash Cond: (store_sales_1.ss_sold_time_sk = time_dim_1.t_time_sk)
                                                                          ->  Parallel Seq Scan on store_sales store_sales_1  (cost=0.00..85499.45 rows=1204445 width=24) (actual time=0.014..124.276 rows=948150 loops=3)
                                                                          ->  Hash  (cost=2743.00..2743.00 rows=1793 width=8) (actual time=12.447..12.448 rows=1800 loops=3)
                                                                                Buckets: 2048  Batches: 1  Memory Usage: 87kB
                                                                                ->  Seq Scan on time_dim time_dim_1  (cost=0.00..2743.00 rows=1793 width=8) (actual time=4.906..12.233 rows=1800 loops=3)
                                                                                      Filter: ((t_minute < 30) AND (t_hour = 9))
                                                                                      Rows Removed by Filter: 84600
                                                                    ->  Hash  (cost=240.00..240.00 rows=1368 width=8) (actual time=1.346..1.347 rows=1440 loops=3)
                                                                          Buckets: 2048  Batches: 1  Memory Usage: 73kB
                                                                          ->  Seq Scan on household_demographics household_demographics_1  (cost=0.00..240.00 rows=1368 width=8) (actual time=0.054..1.172 rows=1440 loops=3)
                                                                                Filter: (((hd_dep_count = 3) AND (hd_vehicle_count <= 5)) OR ((hd_dep_count = '-1'::integer) AND (hd_vehicle_count <= 1)) OR ((hd_dep_count = 2) AND (hd_vehicle_count <= 4)))
                                                                                Rows Removed by Filter: 5760
                                                              ->  Hash  (cost=1.15..1.15 rows=1 width=8) (actual time=0.030..0.031 rows=1 loops=3)
                                                                    Buckets: 1024  Batches: 1  Memory Usage: 9kB
                                                                    ->  Seq Scan on store store_1  (cost=0.00..1.15 rows=1 width=8) (actual time=0.026..0.027 rows=1 loops=3)
                                                                          Filter: ((s_store_name)::text = 'ese'::text)
                                                                          Rows Removed by Filter: 11
                                ->  Finalize Aggregate  (cost=92762.80..92762.81 rows=1 width=8) (actual time=253.623..253.701 rows=1 loops=1)
                                      ->  Gather  (cost=92762.58..92762.79 rows=2 width=8) (actual time=253.493..253.697 rows=3 loops=1)
                                            Workers Planned: 2
                                            Workers Launched: 2
                                            ->  Partial Aggregate  (cost=91762.58..91762.59 rows=1 width=8) (actual time=249.152..249.157 rows=1 loops=3)
                                                  ->  Hash Join  (cost=3023.45..91761.73 rows=340 width=0) (actual time=17.478..249.088 rows=1227 loops=3)
                                                        Hash Cond: (store_sales_2.ss_store_sk = store_2.s_store_sk)
                                                        ->  Hash Join  (cost=3022.29..91745.56 rows=4277 width=8) (actual time=14.021..248.369 rows=7072 loops=3)
                                                              Hash Cond: (store_sales_2.ss_hdemo_sk = household_demographics_2.hd_demo_sk)
                                                              ->  Hash Join  (cost=2765.19..91426.45 rows=23611 width=16) (actual time=12.411..243.946 rows=36569 loops=3)
                                                                    Hash Cond: (store_sales_2.ss_sold_time_sk = time_dim_2.t_time_sk)
                                                                    ->  Parallel Seq Scan on store_sales store_sales_2  (cost=0.00..85499.45 rows=1204445 width=24) (actual time=0.013..124.519 rows=948150 loops=3)
                                                                    ->  Hash  (cost=2743.00..2743.00 rows=1775 width=8) (actual time=12.355..12.356 rows=1800 loops=3)
                                                                          Buckets: 2048  Batches: 1  Memory Usage: 87kB
                                                                          ->  Seq Scan on time_dim time_dim_2  (cost=0.00..2743.00 rows=1775 width=8) (actual time=5.093..12.132 rows=1800 loops=3)
                                                                                Filter: ((t_minute >= 30) AND (t_hour = 9))
                                                                                Rows Removed by Filter: 84600
                                                              ->  Hash  (cost=240.00..240.00 rows=1368 width=8) (actual time=1.338..1.338 rows=1440 loops=3)
                                                                    Buckets: 2048  Batches: 1  Memory Usage: 73kB
                                                                    ->  Seq Scan on household_demographics household_demographics_2  (cost=0.00..240.00 rows=1368 width=8) (actual time=0.055..1.165 rows=1440 loops=3)
                                                                          Filter: (((hd_dep_count = 3) AND (hd_vehicle_count <= 5)) OR ((hd_dep_count = '-1'::integer) AND (hd_vehicle_count <= 1)) OR ((hd_dep_count = 2) AND (hd_vehicle_count <= 4)))
                                                                          Rows Removed by Filter: 5760
                                                        ->  Hash  (cost=1.15..1.15 rows=1 width=8) (actual time=0.030..0.031 rows=1 loops=3)
                                                              Buckets: 1024  Batches: 1  Memory Usage: 9kB
                                                              ->  Seq Scan on store store_2  (cost=0.00..1.15 rows=1 width=8) (actual time=0.026..0.027 rows=1 loops=3)
                                                                    Filter: ((s_store_name)::text = 'ese'::text)
                                                                    Rows Removed by Filter: 11
                          ->  Finalize Aggregate  (cost=92764.93..92764.94 rows=1 width=8) (actual time=257.931..258.007 rows=1 loops=1)
                                ->  Gather  (cost=92764.72..92764.93 rows=2 width=8) (actual time=257.790..258.002 rows=3 loops=1)
                                      Workers Planned: 2
                                      Workers Launched: 2
                                      ->  Partial Aggregate  (cost=91764.72..91764.73 rows=1 width=8) (actual time=253.322..253.327 rows=1 loops=3)
                                            ->  Hash Join  (cost=3023.92..91763.85 rows=347 width=0) (actual time=13.677..253.228 rows=1838 loops=3)
                                                  Hash Cond: (store_sales_3.ss_store_sk = store_3.s_store_sk)
                                                  ->  Hash Join  (cost=3022.76..91747.36 rows=4368 width=8) (actual time=13.375..252.223 rows=10926 loops=3)
                                                        Hash Cond: (store_sales_3.ss_hdemo_sk = household_demographics_3.hd_demo_sk)
                                                        ->  Hash Join  (cost=2765.66..91426.92 rows=24116 width=16) (actual time=12.030..246.423 rows=53710 loops=3)
                                                              Hash Cond: (store_sales_3.ss_sold_time_sk = time_dim_3.t_time_sk)
                                                              ->  Parallel Seq Scan on store_sales store_sales_3  (cost=0.00..85499.45 rows=1204445 width=24) (actual time=0.013..124.879 rows=948150 loops=3)
                                                              ->  Hash  (cost=2743.00..2743.00 rows=1813 width=8) (actual time=11.979..11.980 rows=1800 loops=3)
                                                                    Buckets: 2048  Batches: 1  Memory Usage: 87kB
                                                                    ->  Seq Scan on time_dim time_dim_3  (cost=0.00..2743.00 rows=1813 width=8) (actual time=5.137..11.766 rows=1800 loops=3)
                                                                          Filter: ((t_minute < 30) AND (t_hour = 10))
                                                                          Rows Removed by Filter: 84600
                                                        ->  Hash  (cost=240.00..240.00 rows=1368 width=8) (actual time=1.295..1.296 rows=1440 loops=3)
                                                              Buckets: 2048  Batches: 1  Memory Usage: 73kB
                                                              ->  Seq Scan on household_demographics household_demographics_3  (cost=0.00..240.00 rows=1368 width=8) (actual time=0.053..1.119 rows=1440 loops=3)
                                                                    Filter: (((hd_dep_count = 3) AND (hd_vehicle_count <= 5)) OR ((hd_dep_count = '-1'::integer) AND (hd_vehicle_count <= 1)) OR ((hd_dep_count = 2) AND (hd_vehicle_count <= 4)))
                                                                    Rows Removed by Filter: 5760
                                                  ->  Hash  (cost=1.15..1.15 rows=1 width=8) (actual time=0.031..0.032 rows=1 loops=3)
                                                        Buckets: 1024  Batches: 1  Memory Usage: 9kB
                                                        ->  Seq Scan on store store_3  (cost=0.00..1.15 rows=1 width=8) (actual time=0.027..0.028 rows=1 loops=3)
                                                              Filter: ((s_store_name)::text = 'ese'::text)
                                                              Rows Removed by Filter: 11
                    ->  Finalize Aggregate  (cost=92763.98..92763.99 rows=1 width=8) (actual time=256.988..257.058 rows=1 loops=1)
                          ->  Gather  (cost=92763.76..92763.97 rows=2 width=8) (actual time=256.867..257.054 rows=3 loops=1)
                                Workers Planned: 2
                                Workers Launched: 2
                                ->  Partial Aggregate  (cost=91763.76..91763.77 rows=1 width=8) (actual time=252.446..252.450 rows=1 loops=3)
                                      ->  Hash Join  (cost=3023.71..91762.90 rows=344 width=0) (actual time=15.281..252.354 rows=1792 loops=3)
                                            Hash Cond: (store_sales_4.ss_store_sk = store_4.s_store_sk)
                                            ->  Hash Join  (cost=3022.55..91746.55 rows=4328 width=8) (actual time=14.176..251.371 rows=10535 loops=3)
                                                  Hash Cond: (store_sales_4.ss_hdemo_sk = household_demographics_4.hd_demo_sk)
                                                  ->  Hash Join  (cost=2765.45..91426.71 rows=23890 width=16) (actual time=12.690..245.597 rows=53439 loops=3)
                                                        Hash Cond: (store_sales_4.ss_sold_time_sk = time_dim_4.t_time_sk)
                                                        ->  Parallel Seq Scan on store_sales store_sales_4  (cost=0.00..85499.45 rows=1204445 width=24) (actual time=0.014..123.382 rows=948150 loops=3)
                                                        ->  Hash  (cost=2743.00..2743.00 rows=1796 width=8) (actual time=12.612..12.612 rows=1800 loops=3)
                                                              Buckets: 2048  Batches: 1  Memory Usage: 87kB
                                                              ->  Seq Scan on time_dim time_dim_4  (cost=0.00..2743.00 rows=1796 width=8) (actual time=5.633..12.399 rows=1800 loops=3)
                                                                    Filter: ((t_minute >= 30) AND (t_hour = 10))
                                                                    Rows Removed by Filter: 84600
                                                  ->  Hash  (cost=240.00..240.00 rows=1368 width=8) (actual time=1.336..1.337 rows=1440 loops=3)
                                                        Buckets: 2048  Batches: 1  Memory Usage: 73kB
                                                        ->  Seq Scan on household_demographics household_demographics_4  (cost=0.00..240.00 rows=1368 width=8) (actual time=0.052..1.167 rows=1440 loops=3)
                                                              Filter: (((hd_dep_count = 3) AND (hd_vehicle_count <= 5)) OR ((hd_dep_count = '-1'::integer) AND (hd_vehicle_count <= 1)) OR ((hd_dep_count = 2) AND (hd_vehicle_count <= 4)))
                                                              Rows Removed by Filter: 5760
                                            ->  Hash  (cost=1.15..1.15 rows=1 width=8) (actual time=0.030..0.030 rows=1 loops=3)
                                                  Buckets: 1024  Batches: 1  Memory Usage: 9kB
                                                  ->  Seq Scan on store store_4  (cost=0.00..1.15 rows=1 width=8) (actual time=0.026..0.027 rows=1 loops=3)
                                                        Filter: ((s_store_name)::text = 'ese'::text)
                                                        Rows Removed by Filter: 11
              ->  Finalize Aggregate  (cost=92767.70..92767.71 rows=1 width=8) (actual time=251.896..251.966 rows=1 loops=1)
                    ->  Gather  (cost=92767.49..92767.70 rows=2 width=8) (actual time=251.766..251.961 rows=3 loops=1)
                          Workers Planned: 2
                          Workers Launched: 2
                          ->  Partial Aggregate  (cost=91767.49..91767.50 rows=1 width=8) (actual time=247.380..247.385 rows=1 loops=3)
                                ->  Hash Join  (cost=3024.54..91766.60 rows=357 width=0) (actual time=17.673..247.332 rows=928 loops=3)
                                      Hash Cond: (store_sales_5.ss_store_sk = store_5.s_store_sk)
                                      ->  Hash Join  (cost=3023.38..91749.68 rows=4487 width=8) (actual time=13.813..246.709 rows=6014 loops=3)
                                            Hash Cond: (store_sales_5.ss_hdemo_sk = household_demographics_5.hd_demo_sk)
                                            ->  Hash Join  (cost=2766.28..91427.53 rows=24768 width=16) (actual time=12.160..242.751 rows=31048 loops=3)
                                                  Hash Cond: (store_sales_5.ss_sold_time_sk = time_dim_5.t_time_sk)
                                                  ->  Parallel Seq Scan on store_sales store_sales_5  (cost=0.00..85499.45 rows=1204445 width=24) (actual time=0.014..124.566 rows=948150 loops=3)
                                                  ->  Hash  (cost=2743.00..2743.00 rows=1862 width=8) (actual time=12.012..12.013 rows=1800 loops=3)
                                                        Buckets: 2048  Batches: 1  Memory Usage: 87kB
                                                        ->  Seq Scan on time_dim time_dim_5  (cost=0.00..2743.00 rows=1862 width=8) (actual time=5.658..11.797 rows=1800 loops=3)
                                                              Filter: ((t_minute < 30) AND (t_hour = 11))
                                                              Rows Removed by Filter: 84600
                                            ->  Hash  (cost=240.00..240.00 rows=1368 width=8) (actual time=1.313..1.313 rows=1440 loops=3)
                                                  Buckets: 2048  Batches: 1  Memory Usage: 73kB
                                                  ->  Seq Scan on household_demographics household_demographics_5  (cost=0.00..240.00 rows=1368 width=8) (actual time=0.053..1.140 rows=1440 loops=3)
                                                        Filter: (((hd_dep_count = 3) AND (hd_vehicle_count <= 5)) OR ((hd_dep_count = '-1'::integer) AND (hd_vehicle_count <= 1)) OR ((hd_dep_count = 2) AND (hd_vehicle_count <= 4)))
                                                        Rows Removed by Filter: 5760
                                      ->  Hash  (cost=1.15..1.15 rows=1 width=8) (actual time=0.029..0.030 rows=1 loops=3)
                                            Buckets: 1024  Batches: 1  Memory Usage: 9kB
                                            ->  Seq Scan on store store_5  (cost=0.00..1.15 rows=1 width=8) (actual time=0.025..0.026 rows=1 loops=3)
                                                  Filter: ((s_store_name)::text = 'ese'::text)
                                                  Rows Removed by Filter: 11
        ->  Finalize Aggregate  (cost=92766.68..92766.69 rows=1 width=8) (actual time=252.220..252.291 rows=1 loops=1)
              ->  Gather  (cost=92766.47..92766.68 rows=2 width=8) (actual time=252.095..252.286 rows=3 loops=1)
                    Workers Planned: 2
                    Workers Launched: 2
                    ->  Partial Aggregate  (cost=91766.47..91766.48 rows=1 width=8) (actual time=247.454..247.459 rows=1 loops=3)
                          ->  Hash Join  (cost=3024.31..91765.58 rows=353 width=0) (actual time=16.626..247.398 rows=1090 loops=3)
                                Hash Cond: (store_sales_6.ss_store_sk = store_6.s_store_sk)
                                ->  Hash Join  (cost=3023.15..91748.83 rows=4443 width=8) (actual time=13.994..246.744 rows=6074 loops=3)
                                      Hash Cond: (store_sales_6.ss_hdemo_sk = household_demographics_6.hd_demo_sk)
                                      ->  Hash Join  (cost=2766.05..91427.31 rows=24529 width=16) (actual time=12.466..242.752 rows=31069 loops=3)
                                            Hash Cond: (store_sales_6.ss_sold_time_sk = time_dim_6.t_time_sk)
                                            ->  Parallel Seq Scan on store_sales store_sales_6  (cost=0.00..85499.45 rows=1204445 width=24) (actual time=0.013..124.081 rows=948150 loops=3)
                                            ->  Hash  (cost=2743.00..2743.00 rows=1844 width=8) (actual time=12.387..12.388 rows=1800 loops=3)
                                                  Buckets: 2048  Batches: 1  Memory Usage: 87kB
                                                  ->  Seq Scan on time_dim time_dim_6  (cost=0.00..2743.00 rows=1844 width=8) (actual time=6.141..12.166 rows=1800 loops=3)
                                                        Filter: ((t_minute >= 30) AND (t_hour = 11))
                                                        Rows Removed by Filter: 84600
                                      ->  Hash  (cost=240.00..240.00 rows=1368 width=8) (actual time=1.333..1.334 rows=1440 loops=3)
                                            Buckets: 2048  Batches: 1  Memory Usage: 73kB
                                            ->  Seq Scan on household_demographics household_demographics_6  (cost=0.00..240.00 rows=1368 width=8) (actual time=0.052..1.157 rows=1440 loops=3)
                                                  Filter: (((hd_dep_count = 3) AND (hd_vehicle_count <= 5)) OR ((hd_dep_count = '-1'::integer) AND (hd_vehicle_count <= 1)) OR ((hd_dep_count = 2) AND (hd_vehicle_count <= 4)))
                                                  Rows Removed by Filter: 5760
                                ->  Hash  (cost=1.15..1.15 rows=1 width=8) (actual time=0.030..0.031 rows=1 loops=3)
                                      Buckets: 1024  Batches: 1  Memory Usage: 9kB
                                      ->  Seq Scan on store store_6  (cost=0.00..1.15 rows=1 width=8) (actual time=0.026..0.027 rows=1 loops=3)
                                            Filter: ((s_store_name)::text = 'ese'::text)
                                            Rows Removed by Filter: 11
  ->  Finalize Aggregate  (cost=92767.81..92767.82 rows=1 width=8) (actual time=252.286..324.576 rows=1 loops=1)
        ->  Gather  (cost=92767.59..92767.80 rows=2 width=8) (actual time=252.153..324.571 rows=3 loops=1)
              Workers Planned: 2
              Workers Launched: 2
              ->  Partial Aggregate  (cost=91767.59..91767.60 rows=1 width=8) (actual time=247.747..247.751 rows=1 loops=3)
                    ->  Hash Join  (cost=3024.56..91766.70 rows=357 width=0) (actual time=19.553..247.686 rows=1172 loops=3)
                          Hash Cond: (store_sales_7.ss_store_sk = store_7.s_store_sk)
                          ->  Hash Join  (cost=3023.40..91749.78 rows=4491 width=8) (actual time=13.726..246.984 rows=6856 loops=3)
                                Hash Cond: (store_sales_7.ss_hdemo_sk = household_demographics_7.hd_demo_sk)
                                ->  Hash Join  (cost=2766.30..91427.56 rows=24795 width=16) (actual time=12.188..242.663 rows=35961 loops=3)
                                      Hash Cond: (store_sales_7.ss_sold_time_sk = time_dim_7.t_time_sk)
                                      ->  Parallel Seq Scan on store_sales store_sales_7  (cost=0.00..85499.45 rows=1204445 width=24) (actual time=0.014..123.869 rows=948150 loops=3)
                                      ->  Hash  (cost=2743.00..2743.00 rows=1864 width=8) (actual time=12.124..12.125 rows=1800 loops=3)
                                            Buckets: 2048  Batches: 1  Memory Usage: 87kB
                                            ->  Seq Scan on time_dim time_dim_7  (cost=0.00..2743.00 rows=1864 width=8) (actual time=6.192..11.909 rows=1800 loops=3)
                                                  Filter: ((t_minute < 30) AND (t_hour = 12))
                                                  Rows Removed by Filter: 84600
                                ->  Hash  (cost=240.00..240.00 rows=1368 width=8) (actual time=1.305..1.306 rows=1440 loops=3)
                                      Buckets: 2048  Batches: 1  Memory Usage: 73kB
                                      ->  Seq Scan on household_demographics household_demographics_7  (cost=0.00..240.00 rows=1368 width=8) (actual time=0.052..1.129 rows=1440 loops=3)
                                            Filter: (((hd_dep_count = 3) AND (hd_vehicle_count <= 5)) OR ((hd_dep_count = '-1'::integer) AND (hd_vehicle_count <= 1)) OR ((hd_dep_count = 2) AND (hd_vehicle_count <= 4)))
                                            Rows Removed by Filter: 5760
                          ->  Hash  (cost=1.15..1.15 rows=1 width=8) (actual time=0.030..0.030 rows=1 loops=3)
                                Buckets: 1024  Batches: 1  Memory Usage: 9kB
                                ->  Seq Scan on store store_7  (cost=0.00..1.15 rows=1 width=8) (actual time=0.025..0.027 rows=1 loops=3)
                                      Filter: ((s_store_name)::text = 'ese'::text)
                                      Rows Removed by Filter: 11
 h8_30_to_9 | h9_to_9_30 | h9_30_to_10 | h10_to_10_30 | h10_30_to_11 | h11_to_11_30 | h11_30_to_12 | h12_to_12_30 
------------+------------+-------------+--------------+--------------+--------------+--------------+--------------
       1633 |       3578 |        3681 |         5514 |         5377 |         2784 |         3269 |         3517
(1 row)

UPDATE time_statistics SET e_time = TRANSACTION_TIMESTAMP() WHERE template = 'query88.tpl' AND stream = 8;
psql:/tmp/s1-basline/throughput/query_8.sql:4118: NOTICE:  duration: 0.087 ms  plan:
Query Text: UPDATE time_statistics SET e_time = TRANSACTION_TIMESTAMP() WHERE template = 'query88.tpl' AND stream = 8;
Update on time_statistics  (cost=0.00..15.87 rows=0 width=0) (actual time=0.086..0.086 rows=0 loops=1)
  ->  Seq Scan on time_statistics  (cost=0.00..15.87 rows=1 width=14) (actual time=0.071..0.071 rows=1 loops=1)
        Filter: ((template = 'query88.tpl'::text) AND (stream = 8))
        Rows Removed by Filter: 544
UPDATE 1
LOAD 'auto_explain'; SET auto_explain.log_min_duration TO 0; SET auto_explain.log_analyze TO on; SET auto_explain.log_level TO notice; INSERT INTO time_statistics (template, s_time, stream, query, seed) VALUES ('../query_postgresql/query82.tpl', TRANSACTION_TIMESTAMP(), 8, 81, 1740936323);
LOAD
SET
SET
SET
psql:/tmp/s1-basline/throughput/query_8.sql:4119: NOTICE:  duration: 0.009 ms  plan:
Query Text: INSERT INTO time_statistics (template, s_time, stream, query, seed) VALUES ('../query_postgresql/query82.tpl', TRANSACTION_TIMESTAMP(), 8, 81, 1740936323);
Insert on time_statistics  (cost=0.00..0.01 rows=0 width=0) (actual time=0.008..0.008 rows=0 loops=1)
  ->  Result  (cost=0.00..0.01 rows=1 width=64) (actual time=0.001..0.002 rows=1 loops=1)
INSERT 0 1
select  i_item_id
       ,i_item_desc
       ,i_current_price
 from item, inventory, date_dim, store_sales
 where i_current_price between 35 and 35+30
 and inv_item_sk = i_item_sk
 and d_date_sk=inv_date_sk
 and d_date between cast('2002-04-02' as date) and (cast('2002-04-02' as date) + interval '60 days')
 and i_manufact_id in (163,814,454,218)
 and inv_quantity_on_hand between 100 and 500
 and ss_item_sk = i_item_sk
 group by i_item_id,i_item_desc,i_current_price
 order by i_item_id
 limit 100;
psql:/tmp/s1-basline/throughput/query_8.sql:4133: NOTICE:  duration: 12.299 ms  plan:
Query Text: select  i_item_id
       ,i_item_desc
       ,i_current_price
 from item, inventory, date_dim, store_sales
 where i_current_price between 35 and 35+30
 and inv_item_sk = i_item_sk
 and d_date_sk=inv_date_sk
 and d_date between cast('2002-04-02' as date) and (cast('2002-04-02' as date) + interval '60 days')
 and i_manufact_id in (163,814,454,218)
 and inv_quantity_on_hand between 100 and 500
 and ss_item_sk = i_item_sk
 group by i_item_id,i_item_desc,i_current_price
 order by i_item_id
 limit 100;
Limit  (cost=2627.72..2629.45 rows=3 width=127) (actual time=11.053..12.294 rows=2 loops=1)
  ->  Group  (cost=2627.72..2629.45 rows=3 width=127) (actual time=11.053..12.292 rows=2 loops=1)
        Group Key: item.i_item_id, item.i_item_desc, item.i_current_price
        ->  Sort  (cost=2627.72..2628.15 rows=173 width=127) (actual time=11.051..11.344 rows=7670 loops=1)
              Sort Key: item.i_item_id, item.i_item_desc, item.i_current_price
              Sort Method: quicksort  Memory: 986kB
              ->  Nested Loop  (cost=1.28..2621.29 rows=173 width=127) (actual time=0.797..9.174 rows=7670 loops=1)
                    ->  Nested Loop  (cost=0.85..2616.04 rows=1 width=143) (actual time=0.789..7.612 rows=34 loops=1)
                          ->  Seq Scan on item  (cost=0.00..1616.00 rows=3 width=135) (actual time=0.724..6.744 rows=3 loops=1)
                                Filter: ((i_current_price >= '35'::double precision) AND (i_current_price <= '65'::double precision) AND (i_manufact_id = ANY ('{163,814,454,218}'::integer[])))
                                Rows Removed by Filter: 17997
                          ->  Nested Loop  (cost=0.85..332.70 rows=65 width=8) (actual time=0.087..0.287 rows=11 loops=3)
                                ->  Index Scan using i_d_date on date_dim  (cost=0.29..4.79 rows=65 width=8) (actual time=0.004..0.015 rows=61 loops=3)
                                      Index Cond: ((d_date >= '2002-04-02'::date) AND (d_date <= '2002-06-01 00:00:00'::timestamp without time zone))
                                ->  Index Scan using pk_inventory on inventory  (cost=0.56..5.03 rows=1 width=16) (actual time=0.004..0.004 rows=0 loops=183)
                                      Index Cond: ((inv_date_sk = date_dim.d_date_sk) AND (inv_item_sk = item.i_item_sk))
                                      Filter: ((inv_quantity_on_hand >= 100) AND (inv_quantity_on_hand <= 500))
                                      Rows Removed by Filter: 0
                    ->  Index Only Scan using pk_store_sales on store_sales  (cost=0.43..3.50 rows=175 width=8) (actual time=0.003..0.029 rows=226 loops=34)
                          Index Cond: (ss_item_sk = inventory.inv_item_sk)
                          Heap Fetches: 466
    i_item_id     |                  i_item_desc                  | i_current_price 
------------------+-----------------------------------------------+-----------------
 AAAAAAAACIHAAAAA | Yesterday important schemes shall make very n |           44.45
 AAAAAAAANLKAAAAA | General, european times shall not             |           60.74
(2 rows)

UPDATE time_statistics SET e_time = TRANSACTION_TIMESTAMP() WHERE template = '../query_postgresql/query82.tpl' AND stream = 8;
psql:/tmp/s1-basline/throughput/query_8.sql:4135: NOTICE:  duration: 0.070 ms  plan:
Query Text: UPDATE time_statistics SET e_time = TRANSACTION_TIMESTAMP() WHERE template = '../query_postgresql/query82.tpl' AND stream = 8;
Update on time_statistics  (cost=0.00..15.87 rows=0 width=0) (actual time=0.069..0.069 rows=0 loops=1)
  ->  Seq Scan on time_statistics  (cost=0.00..15.87 rows=1 width=14) (actual time=0.059..0.059 rows=1 loops=1)
        Filter: ((template = '../query_postgresql/query82.tpl'::text) AND (stream = 8))
        Rows Removed by Filter: 545
UPDATE 1
LOAD 'auto_explain'; SET auto_explain.log_min_duration TO 0; SET auto_explain.log_analyze TO on; SET auto_explain.log_level TO notice; INSERT INTO time_statistics (template, s_time, stream, query, seed) VALUES ('query87.tpl', TRANSACTION_TIMESTAMP(), 8, 82, 452090286);
LOAD
SET
SET
SET
psql:/tmp/s1-basline/throughput/query_8.sql:4136: NOTICE:  duration: 0.008 ms  plan:
Query Text: INSERT INTO time_statistics (template, s_time, stream, query, seed) VALUES ('query87.tpl', TRANSACTION_TIMESTAMP(), 8, 82, 452090286);
Insert on time_statistics  (cost=0.00..0.01 rows=0 width=0) (actual time=0.008..0.008 rows=0 loops=1)
  ->  Result  (cost=0.00..0.01 rows=1 width=64) (actual time=0.002..0.002 rows=1 loops=1)
INSERT 0 1
select count(*) 
from ((select distinct c_last_name, c_first_name, d_date
       from store_sales, date_dim, customer
       where store_sales.ss_sold_date_sk = date_dim.d_date_sk
         and store_sales.ss_customer_sk = customer.c_customer_sk
         and d_month_seq between 1194 and 1194+11)
       except
      (select distinct c_last_name, c_first_name, d_date
       from catalog_sales, date_dim, customer
       where catalog_sales.cs_sold_date_sk = date_dim.d_date_sk
         and catalog_sales.cs_bill_customer_sk = customer.c_customer_sk
         and d_month_seq between 1194 and 1194+11)
       except
      (select distinct c_last_name, c_first_name, d_date
       from web_sales, date_dim, customer
       where web_sales.ws_sold_date_sk = date_dim.d_date_sk
         and web_sales.ws_bill_customer_sk = customer.c_customer_sk
         and d_month_seq between 1194 and 1194+11)
) cool_cust
;
psql:/tmp/s1-basline/throughput/query_8.sql:4156: NOTICE:  duration: 2172.502 ms  plan:
Query Text: select count(*) 
from ((select distinct c_last_name, c_first_name, d_date
       from store_sales, date_dim, customer
       where store_sales.ss_sold_date_sk = date_dim.d_date_sk
         and store_sales.ss_customer_sk = customer.c_customer_sk
         and d_month_seq between 1194 and 1194+11)
       except
      (select distinct c_last_name, c_first_name, d_date
       from catalog_sales, date_dim, customer
       where catalog_sales.cs_sold_date_sk = date_dim.d_date_sk
         and catalog_sales.cs_bill_customer_sk = customer.c_customer_sk
         and d_month_seq between 1194 and 1194+11)
       except
      (select distinct c_last_name, c_first_name, d_date
       from web_sales, date_dim, customer
       where web_sales.ws_sold_date_sk = date_dim.d_date_sk
         and web_sales.ws_bill_customer_sk = customer.c_customer_sk
         and d_month_seq between 1194 and 1194+11)
) cool_cust
;
Aggregate  (cost=155165.20..155165.21 rows=1 width=8) (actual time=2136.552..2172.492 rows=1 loops=1)
  ->  Subquery Scan on cool_cust  (cost=94213.94..155133.53 rows=12667 width=0) (actual time=2128.353..2170.668 rows=46426 loops=1)
        ->  HashSetOp Except  (cost=94213.94..155006.86 rows=12667 width=216) (actual time=2128.352..2166.432 rows=46426 loops=1)
              ->  Append  (cost=94213.94..154885.84 rows=16137 width=216) (actual time=1767.423..2150.264 rows=58271 loops=1)
                    ->  Result  (cost=94213.94..119741.51 rows=12667 width=216) (actual time=1767.422..1778.406 rows=46493 loops=1)
                          ->  HashSetOp Except  (cost=94213.94..119614.84 rows=12667 width=216) (actual time=1767.421..1773.658 rows=46493 loops=1)
                                ->  Append  (cost=94213.94..119468.35 rows=19531 width=216) (actual time=871.681..1749.546 rows=77886 loops=1)
                                      ->  Subquery Scan on "*SELECT* 1"  (cost=94213.94..95910.89 rows=12667 width=60) (actual time=871.680..1166.822 rows=46808 loops=1)
                                            ->  Unique  (cost=94213.94..95784.22 rows=12667 width=56) (actual time=871.678..1161.797 rows=46808 loops=1)
                                                  ->  Gather Merge  (cost=94213.94..95689.22 rows=12667 width=56) (actual time=871.677..1080.688 rows=529751 loops=1)
                                                        Workers Planned: 2
                                                        Workers Launched: 2
                                                        ->  Sort  (cost=93213.91..93227.11 rows=5278 width=56) (actual time=823.360..865.154 rows=176584 loops=3)
                                                              Sort Key: customer.c_last_name, customer.c_first_name, date_dim.d_date
                                                              Sort Method: external merge  Disk: 13080kB
                                                              Worker 0:  Sort Method: external merge  Disk: 10144kB
                                                              Worker 1:  Sort Method: external merge  Disk: 10104kB
                                                              ->  Nested Loop  (cost=2505.41..92887.58 rows=5278 width=56) (actual time=13.626..535.612 rows=176584 loops=3)
                                                                    ->  Hash Join  (cost=2505.12..91166.41 rows=5529 width=12) (actual time=13.574..260.639 rows=180895 loops=3)
                                                                          Hash Cond: (store_sales.ss_sold_date_sk = date_dim.d_date_sk)
                                                                          ->  Parallel Seq Scan on store_sales  (cost=0.00..85499.45 rows=1204445 width=16) (actual time=0.015..123.922 rows=948150 loops=3)
                                                                          ->  Hash  (cost=2500.73..2500.73 rows=351 width=12) (actual time=13.450..13.451 rows=366 loops=3)
                                                                                Buckets: 1024  Batches: 1  Memory Usage: 26kB
                                                                                ->  Seq Scan on date_dim  (cost=0.00..2500.73 rows=351 width=12) (actual time=6.189..13.400 rows=366 loops=3)
                                                                                      Filter: ((d_month_seq >= 1194) AND (d_month_seq <= 1205))
                                                                                      Rows Removed by Filter: 72683
                                                                    ->  Index Scan using pk_customer on customer  (cost=0.29..0.31 rows=1 width=60) (actual time=0.001..0.001 rows=1 loops=542686)
                                                                          Index Cond: (c_customer_sk = store_sales.ss_customer_sk)
                                      ->  Subquery Scan on "*SELECT* 2"  (cost=23322.53..23459.81 rows=6864 width=60) (actual time=569.333..578.111 rows=31078 loops=1)
                                            ->  HashAggregate  (cost=23322.53..23391.17 rows=6864 width=56) (actual time=569.332..575.808 rows=31078 loops=1)
                                                  Group Key: customer_1.c_last_name, customer_1.c_first_name, date_dim_1.d_date
                                                  Batches: 1  Memory Usage: 6673kB
                                                  ->  Nested Loop  (cost=0.72..23271.05 rows=6864 width=56) (actual time=3.728..463.767 rows=279986 loops=1)
                                                        ->  Nested Loop  (cost=0.43..21113.82 rows=6901 width=12) (actual time=3.718..98.086 rows=280674 loops=1)
                                                              ->  Seq Scan on date_dim date_dim_1  (cost=0.00..2500.73 rows=351 width=12) (actual time=3.697..7.913 rows=366 loops=1)
                                                                    Filter: ((d_month_seq >= 1194) AND (d_month_seq <= 1205))
                                                                    Rows Removed by Filter: 72683
                                                              ->  Index Scan using i_cs_sold_date_sk on catalog_sales  (cost=0.43..45.18 rows=785 width=16) (actual time=0.004..0.169 rows=767 loops=366)
                                                                    Index Cond: (cs_sold_date_sk = date_dim_1.d_date_sk)
                                                        ->  Index Scan using pk_customer on customer customer_1  (cost=0.29..0.31 rows=1 width=60) (actual time=0.001..0.001 rows=1 loops=280674)
                                                              Index Cond: (c_customer_sk = catalog_sales.cs_bill_customer_sk)
                    ->  Subquery Scan on "*SELECT* 3"  (cost=34598.78..35063.64 rows=3470 width=60) (actual time=259.272..368.406 rows=11778 loops=1)
                          ->  Unique  (cost=34598.78..35028.94 rows=3470 width=56) (actual time=259.270..367.143 rows=11778 loops=1)
                                ->  Gather Merge  (cost=34598.78..35002.92 rows=3470 width=56) (actual time=259.269..344.828 rows=141960 loops=1)
                                      Workers Planned: 2
                                      Workers Launched: 2
                                      ->  Sort  (cost=33598.76..33602.37 rows=1446 width=56) (actual time=233.131..237.825 rows=47320 loops=3)
                                            Sort Key: customer_2.c_last_name, customer_2.c_first_name, date_dim_2.d_date
                                            Sort Method: quicksort  Memory: 7369kB
                                            Worker 0:  Sort Method: quicksort  Memory: 5192kB
                                            Worker 1:  Sort Method: quicksort  Memory: 5133kB
                                            ->  Nested Loop  (cost=2505.41..33522.86 rows=1446 width=56) (actual time=13.383..168.725 rows=47320 loops=3)
                                                  ->  Hash Join  (cost=2505.12..33067.09 rows=1446 width=12) (actual time=13.334..91.883 rows=47329 loops=3)
                                                        Hash Cond: (web_sales.ws_sold_date_sk = date_dim_2.d_date_sk)
                                                        ->  Parallel Seq Scan on web_sales  (cost=0.00..29771.63 rows=301063 width=16) (actual time=0.017..44.870 rows=237185 loops=3)
                                                        ->  Hash  (cost=2500.73..2500.73 rows=351 width=12) (actual time=13.196..13.197 rows=366 loops=3)
                                                              Buckets: 1024  Batches: 1  Memory Usage: 26kB
                                                              ->  Seq Scan on date_dim date_dim_2  (cost=0.00..2500.73 rows=351 width=12) (actual time=6.121..13.146 rows=366 loops=3)
                                                                    Filter: ((d_month_seq >= 1194) AND (d_month_seq <= 1205))
                                                                    Rows Removed by Filter: 72683
                                                  ->  Index Scan using pk_customer on customer customer_2  (cost=0.29..0.32 rows=1 width=60) (actual time=0.001..0.001 rows=1 loops=141986)
                                                        Index Cond: (c_customer_sk = web_sales.ws_bill_customer_sk)
 count 
-------
 46426
(1 row)

UPDATE time_statistics SET e_time = TRANSACTION_TIMESTAMP() WHERE template = 'query87.tpl' AND stream = 8;
psql:/tmp/s1-basline/throughput/query_8.sql:4158: NOTICE:  duration: 0.092 ms  plan:
Query Text: UPDATE time_statistics SET e_time = TRANSACTION_TIMESTAMP() WHERE template = 'query87.tpl' AND stream = 8;
Update on time_statistics  (cost=0.00..15.87 rows=0 width=0) (actual time=0.091..0.091 rows=0 loops=1)
  ->  Seq Scan on time_statistics  (cost=0.00..15.87 rows=1 width=14) (actual time=0.076..0.077 rows=1 loops=1)
        Filter: ((template = 'query87.tpl'::text) AND (stream = 8))
        Rows Removed by Filter: 546
UPDATE 1
LOAD 'auto_explain'; SET auto_explain.log_min_duration TO 0; SET auto_explain.log_analyze TO on; SET auto_explain.log_level TO notice; INSERT INTO time_statistics (template, s_time, stream, query, seed) VALUES ('query43.tpl', TRANSACTION_TIMESTAMP(), 8, 83, 561462682);
LOAD
SET
SET
SET
psql:/tmp/s1-basline/throughput/query_8.sql:4159: NOTICE:  duration: 0.009 ms  plan:
Query Text: INSERT INTO time_statistics (template, s_time, stream, query, seed) VALUES ('query43.tpl', TRANSACTION_TIMESTAMP(), 8, 83, 561462682);
Insert on time_statistics  (cost=0.00..0.01 rows=0 width=0) (actual time=0.008..0.008 rows=0 loops=1)
  ->  Result  (cost=0.00..0.01 rows=1 width=64) (actual time=0.001..0.002 rows=1 loops=1)
INSERT 0 1
select  s_store_name, s_store_id,
        sum(case when (d_day_name='Sunday') then ss_sales_price else null end) sun_sales,
        sum(case when (d_day_name='Monday') then ss_sales_price else null end) mon_sales,
        sum(case when (d_day_name='Tuesday') then ss_sales_price else  null end) tue_sales,
        sum(case when (d_day_name='Wednesday') then ss_sales_price else null end) wed_sales,
        sum(case when (d_day_name='Thursday') then ss_sales_price else null end) thu_sales,
        sum(case when (d_day_name='Friday') then ss_sales_price else null end) fri_sales,
        sum(case when (d_day_name='Saturday') then ss_sales_price else null end) sat_sales
 from date_dim, store_sales, store
 where d_date_sk = ss_sold_date_sk and
       s_store_sk = ss_store_sk and
       s_gmt_offset = -5 and
       d_year = 1999 
 group by s_store_name, s_store_id
 order by s_store_name, s_store_id,sun_sales,mon_sales,tue_sales,wed_sales,thu_sales,fri_sales,sat_sales
 limit 100;
psql:/tmp/s1-basline/throughput/query_8.sql:4175: NOTICE:  duration: 530.847 ms  plan:
Query Text: select  s_store_name, s_store_id,
        sum(case when (d_day_name='Sunday') then ss_sales_price else null end) sun_sales,
        sum(case when (d_day_name='Monday') then ss_sales_price else null end) mon_sales,
        sum(case when (d_day_name='Tuesday') then ss_sales_price else  null end) tue_sales,
        sum(case when (d_day_name='Wednesday') then ss_sales_price else null end) wed_sales,
        sum(case when (d_day_name='Thursday') then ss_sales_price else null end) thu_sales,
        sum(case when (d_day_name='Friday') then ss_sales_price else null end) fri_sales,
        sum(case when (d_day_name='Saturday') then ss_sales_price else null end) sat_sales
 from date_dim, store_sales, store
 where d_date_sk = ss_sold_date_sk and
       s_store_sk = ss_store_sk and
       s_gmt_offset = -5 and
       d_year = 1999 
 group by s_store_name, s_store_id
 order by s_store_name, s_store_id,sun_sales,mon_sales,tue_sales,wed_sales,thu_sales,fri_sales,sat_sales
 limit 100;
Limit  (cost=92578.21..92578.23 rows=9 width=78) (actual time=530.702..530.829 rows=6 loops=1)
  ->  Sort  (cost=92578.21..92578.23 rows=9 width=78) (actual time=530.701..530.827 rows=6 loops=1)
        Sort Key: store.s_store_name, store.s_store_id, (sum(CASE WHEN (date_dim.d_day_name = 'Sunday'::bpchar) THEN store_sales.ss_sales_price ELSE NULL::double precision END)), (sum(CASE WHEN (date_dim.d_day_name = 'Monday'::bpchar) THEN store_sales.ss_sales_price ELSE NULL::double precision END)), (sum(CASE WHEN (date_dim.d_day_name = 'Tuesday'::bpchar) THEN store_sales.ss_sales_price ELSE NULL::double precision END)), (sum(CASE WHEN (date_dim.d_day_name = 'Wednesday'::bpchar) THEN store_sales.ss_sales_price ELSE NULL::double precision END)), (sum(CASE WHEN (date_dim.d_day_name = 'Thursday'::bpchar) THEN store_sales.ss_sales_price ELSE NULL::double precision END)), (sum(CASE WHEN (date_dim.d_day_name = 'Friday'::bpchar) THEN store_sales.ss_sales_price ELSE NULL::double precision END)), (sum(CASE WHEN (date_dim.d_day_name = 'Saturday'::bpchar) THEN store_sales.ss_sales_price ELSE NULL::double precision END))
        Sort Method: quicksort  Memory: 25kB
        ->  Finalize GroupAggregate  (cost=92343.69..92578.07 rows=9 width=78) (actual time=462.418..530.819 rows=6 loops=1)
              Group Key: store.s_store_name, store.s_store_id
              ->  Gather Merge  (cost=92343.69..92577.57 rows=18 width=78) (actual time=445.267..530.805 rows=18 loops=1)
                    Workers Planned: 2
                    Workers Launched: 2
                    ->  Partial GroupAggregate  (cost=91343.67..91575.47 rows=9 width=78) (actual time=370.025..440.531 rows=6 loops=3)
                          Group Key: store.s_store_name, store.s_store_id
                          ->  Sort  (cost=91343.67..91357.30 rows=5452 width=40) (actual time=355.569..375.678 rows=176595 loops=3)
                                Sort Key: store.s_store_name, store.s_store_id
                                Sort Method: external merge  Disk: 11048kB
                                Worker 0:  Sort Method: external merge  Disk: 8104kB
                                Worker 1:  Sort Method: external merge  Disk: 8104kB
                                ->  Hash Join  (cost=2323.95..91005.30 rows=5452 width=40) (actual time=14.831..289.360 rows=176595 loops=3)
                                      Hash Cond: (store_sales.ss_store_sk = store.s_store_sk)
                                      ->  Hash Join  (cost=2322.65..90983.94 rows=5718 width=26) (actual time=14.754..261.992 rows=180942 loops=3)
                                            Hash Cond: (store_sales.ss_sold_date_sk = date_dim.d_date_sk)
                                            ->  Parallel Seq Scan on store_sales  (cost=0.00..85499.45 rows=1204445 width=24) (actual time=0.013..125.000 rows=948150 loops=3)
                                            ->  Hash  (cost=2318.11..2318.11 rows=363 width=18) (actual time=14.720..14.721 rows=365 loops=3)
                                                  Buckets: 1024  Batches: 1  Memory Usage: 28kB
                                                  ->  Seq Scan on date_dim  (cost=0.00..2318.11 rows=363 width=18) (actual time=6.863..14.660 rows=365 loops=3)
                                                        Filter: (d_year = 1999)
                                                        Rows Removed by Filter: 72684
                                      ->  Hash  (cost=1.15..1.15 rows=12 width=30) (actual time=0.038..0.038 rows=12 loops=3)
                                            Buckets: 1024  Batches: 1  Memory Usage: 9kB
                                            ->  Seq Scan on store  (cost=0.00..1.15 rows=12 width=30) (actual time=0.028..0.033 rows=12 loops=3)
                                                  Filter: (s_gmt_offset = '-5'::double precision)
 s_store_name |    s_store_id    |     sun_sales      |     mon_sales      |     tue_sales      |     wed_sales      |     thu_sales      |     fri_sales      |     sat_sales      
--------------+------------------+--------------------+--------------------+--------------------+--------------------+--------------------+--------------------+--------------------
 able         | AAAAAAAACAAAAAAA |  471323.7900000001 |  448657.0600000006 |  517798.8599999991 |  477518.7199999993 | 457045.42000000074 |  468654.7100000008 |  454315.2199999996
 ation        | AAAAAAAAHAAAAAAA | 459578.93000000034 |  477055.0699999988 | 451777.36999999965 | 448008.41999999934 |  476604.0200000006 | 493329.91999999963 |          452695.82
 bar          | AAAAAAAAKAAAAAAA |  463400.3700000001 |  468041.8400000008 |  462417.9099999997 |  497279.3700000006 |  503198.3299999996 |  458971.6800000005 | 462255.69999999984
 eing         | AAAAAAAAIAAAAAAA | 446834.21000000037 |  471486.8799999998 |  461335.9700000003 | 497054.44999999925 | 494241.74999999953 | 479382.43000000063 | 465099.43000000046
 ese          | AAAAAAAAEAAAAAAA |  448428.3199999995 | 473274.67999999993 |  452929.5599999996 |  472837.5900000002 |  490914.4800000009 | 479419.83999999915 |  475171.4100000006
 ought        | AAAAAAAABAAAAAAA |          450342.11 | 472476.97999999986 | 481008.44999999995 | 500758.38000000094 |  473216.5099999998 | 502385.81999999983 |  451867.8399999997
(6 rows)

UPDATE time_statistics SET e_time = TRANSACTION_TIMESTAMP() WHERE template = 'query43.tpl' AND stream = 8;
psql:/tmp/s1-basline/throughput/query_8.sql:4177: NOTICE:  duration: 0.091 ms  plan:
Query Text: UPDATE time_statistics SET e_time = TRANSACTION_TIMESTAMP() WHERE template = 'query43.tpl' AND stream = 8;
Update on time_statistics  (cost=0.00..15.87 rows=0 width=0) (actual time=0.090..0.091 rows=0 loops=1)
  ->  Seq Scan on time_statistics  (cost=0.00..15.87 rows=1 width=14) (actual time=0.075..0.076 rows=1 loops=1)
        Filter: ((template = 'query43.tpl'::text) AND (stream = 8))
        Rows Removed by Filter: 547
UPDATE 1
LOAD 'auto_explain'; SET auto_explain.log_min_duration TO 0; SET auto_explain.log_analyze TO on; SET auto_explain.log_level TO notice; INSERT INTO time_statistics (template, s_time, stream, query, seed) VALUES ('query53.tpl', TRANSACTION_TIMESTAMP(), 8, 84, 460151456);
LOAD
SET
SET
SET
psql:/tmp/s1-basline/throughput/query_8.sql:4178: NOTICE:  duration: 0.009 ms  plan:
Query Text: INSERT INTO time_statistics (template, s_time, stream, query, seed) VALUES ('query53.tpl', TRANSACTION_TIMESTAMP(), 8, 84, 460151456);
Insert on time_statistics  (cost=0.00..0.01 rows=0 width=0) (actual time=0.008..0.008 rows=0 loops=1)
  ->  Result  (cost=0.00..0.01 rows=1 width=64) (actual time=0.001..0.002 rows=1 loops=1)
INSERT 0 1
select  * from 
(select i_manufact_id,
sum(ss_sales_price) sum_sales,
avg(sum(ss_sales_price)) over (partition by i_manufact_id) avg_quarterly_sales
from item, store_sales, date_dim, store
where ss_item_sk = i_item_sk and
ss_sold_date_sk = d_date_sk and
ss_store_sk = s_store_sk and
d_month_seq in (1178,1178+1,1178+2,1178+3,1178+4,1178+5,1178+6,1178+7,1178+8,1178+9,1178+10,1178+11) and
((i_category in ('Books','Children','Electronics') and
i_class in ('personal','portable','reference','self-help') and
i_brand in ('scholaramalgamalg #14','scholaramalgamalg #7',
		'exportiunivamalg #9','scholaramalgamalg #9'))
or(i_category in ('Women','Music','Men') and
i_class in ('accessories','classical','fragrances','pants') and
i_brand in ('amalgimporto #1','edu packscholar #1','exportiimporto #1',
		'importoamalg #1')))
group by i_manufact_id, d_qoy ) tmp1
where case when avg_quarterly_sales > 0 
	then abs (sum_sales - avg_quarterly_sales)/ avg_quarterly_sales 
	else null end > 0.1
order by avg_quarterly_sales,
	 sum_sales,
	 i_manufact_id
limit 100;
psql:/tmp/s1-basline/throughput/query_8.sql:4203: NOTICE:  duration: 208.668 ms  plan:
Query Text: select  * from 
(select i_manufact_id,
sum(ss_sales_price) sum_sales,
avg(sum(ss_sales_price)) over (partition by i_manufact_id) avg_quarterly_sales
from item, store_sales, date_dim, store
where ss_item_sk = i_item_sk and
ss_sold_date_sk = d_date_sk and
ss_store_sk = s_store_sk and
d_month_seq in (1178,1178+1,1178+2,1178+3,1178+4,1178+5,1178+6,1178+7,1178+8,1178+9,1178+10,1178+11) and
((i_category in ('Books','Children','Electronics') and
i_class in ('personal','portable','reference','self-help') and
i_brand in ('scholaramalgamalg #14','scholaramalgamalg #7',
		'exportiunivamalg #9','scholaramalgamalg #9'))
or(i_category in ('Women','Music','Men') and
i_class in ('accessories','classical','fragrances','pants') and
i_brand in ('amalgimporto #1','edu packscholar #1','exportiimporto #1',
		'importoamalg #1')))
group by i_manufact_id, d_qoy ) tmp1
where case when avg_quarterly_sales > 0 
	then abs (sum_sales - avg_quarterly_sales)/ avg_quarterly_sales 
	else null end > 0.1
order by avg_quarterly_sales,
	 sum_sales,
	 i_manufact_id
limit 100;
Limit  (cost=7691.86..7691.87 rows=6 width=20) (actual time=208.615..208.627 rows=100 loops=1)
  ->  Sort  (cost=7691.86..7691.87 rows=6 width=20) (actual time=208.614..208.620 rows=100 loops=1)
        Sort Key: tmp1.avg_quarterly_sales, tmp1.sum_sales, tmp1.i_manufact_id
        Sort Method: top-N heapsort  Memory: 39kB
        ->  Subquery Scan on tmp1  (cost=7690.69..7691.78 rows=6 width=20) (actual time=202.216..208.368 rows=1466 loops=1)
              Filter: (CASE WHEN (tmp1.avg_quarterly_sales > '0'::double precision) THEN (abs((tmp1.sum_sales - tmp1.avg_quarterly_sales)) / tmp1.avg_quarterly_sales) ELSE NULL::double precision END > '0.1'::double precision)
              Rows Removed by Filter: 190
              ->  WindowAgg  (cost=7690.69..7691.35 rows=19 width=24) (actual time=202.214..208.168 rows=1656 loops=1)
                    ->  GroupAggregate  (cost=7690.69..7691.07 rows=19 width=16) (actual time=202.183..207.379 rows=1656 loops=1)
                          Group Key: item.i_manufact_id, date_dim.d_qoy
                          ->  Sort  (cost=7690.69..7690.74 rows=19 width=16) (actual time=202.172..203.574 rows=35863 loops=1)
                                Sort Key: item.i_manufact_id, date_dim.d_qoy
                                Sort Method: quicksort  Memory: 3494kB
                                ->  Nested Loop  (cost=0.76..7690.28 rows=19 width=16) (actual time=0.069..194.390 rows=35863 loops=1)
                                      Join Filter: (store_sales.ss_store_sk = store.s_store_sk)
                                      Rows Removed by Join Filter: 164505
                                      ->  Nested Loop  (cost=0.76..7685.84 rows=20 width=24) (actual time=0.062..171.561 rows=36717 loops=1)
                                            ->  Nested Loop  (cost=0.43..6951.24 rows=4175 width=28) (actual time=0.035..134.054 rows=116106 loops=1)
                                                  ->  Seq Scan on item  (cost=0.00..1931.00 rows=26 width=12) (actual time=0.025..15.664 rows=900 loops=1)
                                                        Filter: (((i_category = ANY ('{Books,Children,Electronics}'::bpchar[])) AND (i_class = ANY ('{personal,portable,reference,self-help}'::bpchar[])) AND (i_brand = ANY ('{"scholaramalgamalg #14","scholaramalgamalg #7","exportiunivamalg #9","scholaramalgamalg #9"}'::bpchar[]))) OR ((i_category = ANY ('{Women,Music,Men}'::bpchar[])) AND (i_class = ANY ('{accessories,classical,fragrances,pants}'::bpchar[])) AND (i_brand = ANY ('{"amalgimporto #1","edu packscholar #1","exportiimporto #1","importoamalg #1"}'::bpchar[]))))
                                                        Rows Removed by Filter: 17100
                                                  ->  Index Scan using pk_store_sales on store_sales  (cost=0.43..191.34 rows=175 width=32) (actual time=0.005..0.113 rows=129 loops=900)
                                                        Index Cond: (ss_item_sk = item.i_item_sk)
                                            ->  Memoize  (cost=0.33..0.36 rows=1 width=12) (actual time=0.000..0.000 rows=0 loops=116106)
                                                  Cache Key: store_sales.ss_sold_date_sk
                                                  Cache Mode: logical
                                                  Hits: 114391  Misses: 1715  Evictions: 0  Overflows: 0  Memory Usage: 138kB
                                                  ->  Index Scan using pk_date_dim on date_dim  (cost=0.32..0.35 rows=1 width=12) (actual time=0.001..0.001 rows=0 loops=1715)
                                                        Index Cond: (d_date_sk = store_sales.ss_sold_date_sk)
                                                        Filter: (d_month_seq = ANY ('{1178,1179,1180,1181,1182,1183,1184,1185,1186,1187,1188,1189}'::integer[]))
                                                        Rows Removed by Filter: 1
                                      ->  Materialize  (cost=0.00..1.18 rows=12 width=8) (actual time=0.000..0.000 rows=5 loops=36717)
                                            ->  Seq Scan on store  (cost=0.00..1.12 rows=12 width=8) (actual time=0.002..0.003 rows=12 loops=1)
 i_manufact_id |     sum_sales      | avg_quarterly_sales 
---------------+--------------------+---------------------
           196 | 156.04000000000002 |  326.27250000000004
           196 | 388.15000000000003 |  326.27250000000004
           196 |                439 |  326.27250000000004
           770 |             240.75 |            355.7875
           770 | 285.68000000000006 |            355.7875
           770 |             525.54 |            355.7875
           185 |             188.52 |  356.91999999999996
           185 |             253.81 |  356.91999999999996
           185 |  651.6399999999999 |  356.91999999999996
           348 | 151.10999999999999 |             372.935
           348 |             253.99 |             372.935
           348 |              289.8 |             372.935
           348 |             796.84 |             372.935
           637 | 184.26999999999998 |            375.9375
           637 | 238.54999999999998 |            375.9375
           637 |             512.31 |            375.9375
           637 |  568.6200000000001 |            375.9375
           425 | 160.64999999999998 |            386.4425
           425 |  636.0400000000001 |            386.4425
           659 |             136.87 |  391.58250000000004
           659 | 334.79999999999995 |  391.58250000000004
           659 |             339.42 |  391.58250000000004
           659 |  755.2400000000001 |  391.58250000000004
           134 | 144.38000000000002 |            392.3575
           134 |  669.2900000000001 |            392.3575
           636 |              26.55 |  397.08500000000004
           636 |              298.8 |  397.08500000000004
           636 | 311.16999999999996 |  397.08500000000004
           636 |             951.82 |  397.08500000000004
           297 |             292.19 |  397.22249999999997
           297 |             354.76 |  397.22249999999997
           297 |             455.28 |  397.22249999999997
           297 | 486.65999999999997 |  397.22249999999997
            82 | 205.27999999999997 |              398.01
            82 |             314.01 |              398.01
            82 |             343.09 |              398.01
            82 |  729.6600000000001 |              398.01
           987 | 123.14000000000001 |   400.9825000000001
           987 | 248.03000000000003 |   400.9825000000001
           987 |             513.02 |   400.9825000000001
           987 |  719.7400000000002 |   400.9825000000001
           981 |              69.09 |   401.3024999999999
           981 | 137.93999999999997 |   401.3024999999999
           981 |  957.3399999999998 |   401.3024999999999
           417 | 160.20999999999998 |             406.135
           417 | 216.35000000000002 |             406.135
           417 |  834.6500000000001 |             406.135
            88 |              90.03 |            408.6375
            88 |             127.59 |            408.6375
            88 |             321.43 |            408.6375
            88 |             1095.5 |            408.6375
           102 | 132.42999999999998 |            416.8675
           102 |             190.01 |            416.8675
           102 |             291.62 |            416.8675
           102 |            1053.41 |            416.8675
           225 |              58.75 |   418.3425000000001
           225 | 220.26999999999998 |   418.3425000000001
           225 |  951.3300000000003 |   418.3425000000001
           105 |             189.32 |  418.61749999999995
           105 |             198.19 |  418.61749999999995
           105 | 478.57000000000005 |  418.61749999999995
           105 |  808.3899999999999 |  418.61749999999995
           895 | 197.43000000000004 |            422.1825
           895 |             202.98 |            422.1825
           895 |             208.17 |            422.1825
           895 | 1080.1499999999999 |            422.1825
           163 |             228.47 |            423.5875
           163 |             239.25 |            423.5875
           163 |  771.9399999999999 |            423.5875
           969 | 215.98000000000002 |              423.64
           969 | 335.96000000000004 |              423.64
           969 |             343.55 |              423.64
           969 |  799.0699999999998 |              423.64
           793 |             236.09 |            425.8025
           793 | 344.09999999999997 |            425.8025
           793 |              380.1 |            425.8025
           793 |  742.9200000000001 |            425.8025
           421 | 184.41000000000003 |  426.71250000000003
           421 |             504.05 |  426.71250000000003
           421 |             572.26 |  426.71250000000003
           899 | 244.78000000000006 |  431.38750000000005
           899 |             368.77 |  431.38750000000005
           899 |             384.28 |  431.38750000000005
           899 |             727.72 |  431.38750000000005
           455 | 210.98999999999998 |             433.745
           455 |             528.99 |             433.745
           455 |             594.17 |             433.745
           343 |             189.44 |            435.4725
           343 |             237.87 |            435.4725
           343 |  271.6600000000001 |            435.4725
           343 |            1042.92 |            435.4725
           676 | 220.43999999999997 |            435.7925
           676 | 277.71000000000004 |            435.7925
           676 |  841.2300000000001 |            435.7925
           314 |              51.75 |   436.5349999999999
           314 | 105.63999999999999 |   436.5349999999999
           314 | 369.84000000000003 |   436.5349999999999
           314 | 1218.9099999999996 |   436.5349999999999
           312 | 223.83000000000004 |  439.33500000000004
           312 | 254.10999999999999 |  439.33500000000004
(100 rows)

UPDATE time_statistics SET e_time = TRANSACTION_TIMESTAMP() WHERE template = 'query53.tpl' AND stream = 8;
psql:/tmp/s1-basline/throughput/query_8.sql:4205: NOTICE:  duration: 0.084 ms  plan:
Query Text: UPDATE time_statistics SET e_time = TRANSACTION_TIMESTAMP() WHERE template = 'query53.tpl' AND stream = 8;
Update on time_statistics  (cost=0.00..15.87 rows=0 width=0) (actual time=0.083..0.083 rows=0 loops=1)
  ->  Seq Scan on time_statistics  (cost=0.00..15.87 rows=1 width=14) (actual time=0.068..0.068 rows=1 loops=1)
        Filter: ((template = 'query53.tpl'::text) AND (stream = 8))
        Rows Removed by Filter: 548
UPDATE 1
LOAD 'auto_explain'; SET auto_explain.log_min_duration TO 0; SET auto_explain.log_analyze TO on; SET auto_explain.log_level TO notice; INSERT INTO time_statistics (template, s_time, stream, query, seed) VALUES ('../query_postgresql/query20.tpl', TRANSACTION_TIMESTAMP(), 8, 85, 1884002487);
LOAD
SET
SET
SET
psql:/tmp/s1-basline/throughput/query_8.sql:4206: NOTICE:  duration: 0.009 ms  plan:
Query Text: INSERT INTO time_statistics (template, s_time, stream, query, seed) VALUES ('../query_postgresql/query20.tpl', TRANSACTION_TIMESTAMP(), 8, 85, 1884002487);
Insert on time_statistics  (cost=0.00..0.01 rows=0 width=0) (actual time=0.008..0.009 rows=0 loops=1)
  ->  Result  (cost=0.00..0.01 rows=1 width=64) (actual time=0.001..0.001 rows=1 loops=1)
INSERT 0 1
select  i_item_id
       ,i_item_desc 
       ,i_category 
       ,i_class 
       ,i_current_price
       ,sum(cs_ext_sales_price) as itemrevenue 
       ,sum(cs_ext_sales_price)*100/sum(sum(cs_ext_sales_price)) over
           (partition by i_class) as revenueratio
 from	catalog_sales
     ,item 
     ,date_dim
 where cs_item_sk = i_item_sk 
   and i_category in ('Sports', 'Children', 'Shoes')
   and cs_sold_date_sk = d_date_sk
 and d_date between cast('2000-06-28' as date) 
 				and (cast('2000-06-28' as date) + INTERVAL '30 days')
 group by i_item_id
         ,i_item_desc 
         ,i_category
         ,i_class
         ,i_current_price
 order by i_category
         ,i_class
         ,i_item_id
         ,i_item_desc
         ,revenueratio
limit 100;
psql:/tmp/s1-basline/throughput/query_8.sql:4233: NOTICE:  duration: 46.815 ms  plan:
Query Text: select  i_item_id
       ,i_item_desc 
       ,i_category 
       ,i_class 
       ,i_current_price
       ,sum(cs_ext_sales_price) as itemrevenue 
       ,sum(cs_ext_sales_price)*100/sum(sum(cs_ext_sales_price)) over
           (partition by i_class) as revenueratio
 from	catalog_sales
     ,item 
     ,date_dim
 where cs_item_sk = i_item_sk 
   and i_category in ('Sports', 'Children', 'Shoes')
   and cs_sold_date_sk = d_date_sk
 and d_date between cast('2000-06-28' as date) 
 				and (cast('2000-06-28' as date) + INTERVAL '30 days')
 group by i_item_id
         ,i_item_desc 
         ,i_category
         ,i_class
         ,i_current_price
 order by i_category
         ,i_class
         ,i_item_id
         ,i_item_desc
         ,revenueratio
limit 100;
Limit  (cost=1890.36..1890.61 rows=100 width=245) (actual time=46.719..46.730 rows=100 loops=1)
  ->  Sort  (cost=1890.36..1890.80 rows=177 width=245) (actual time=46.718..46.723 rows=100 loops=1)
        Sort Key: item.i_category, item.i_class, item.i_item_id, item.i_item_desc, ((((sum(catalog_sales.cs_ext_sales_price)) * '100'::double precision) / sum((sum(catalog_sales.cs_ext_sales_price))) OVER (?)))
        Sort Method: top-N heapsort  Memory: 96kB
        ->  WindowAgg  (cost=1879.77..1883.75 rows=177 width=245) (actual time=43.958..45.076 rows=2112 loops=1)
              ->  Sort  (cost=1879.77..1880.21 rows=177 width=237) (actual time=43.937..44.026 rows=2112 loops=1)
                    Sort Key: item.i_class
                    Sort Method: quicksort  Memory: 677kB
                    ->  GroupAggregate  (cost=1868.29..1873.16 rows=177 width=237) (actual time=40.935..42.855 rows=2112 loops=1)
                          Group Key: item.i_item_id, item.i_item_desc, item.i_category, item.i_class, item.i_current_price
                          ->  Sort  (cost=1868.29..1868.74 rows=177 width=237) (actual time=40.928..41.108 rows=4151 loops=1)
                                Sort Key: item.i_item_id, item.i_item_desc, item.i_category, item.i_class, item.i_current_price
                                Sort Method: quicksort  Memory: 1338kB
                                ->  Nested Loop  (cost=1.01..1861.68 rows=177 width=237) (actual time=0.020..29.844 rows=4151 loops=1)
                                      ->  Nested Loop  (cost=0.72..1678.94 rows=590 width=16) (actual time=0.014..5.619 rows=14164 loops=1)
                                            ->  Index Scan using i_d_date on date_dim  (cost=0.29..3.09 rows=30 width=8) (actual time=0.008..0.018 rows=31 loops=1)
                                                  Index Cond: ((d_date >= '2000-06-28'::date) AND (d_date <= '2000-07-28 00:00:00'::timestamp without time zone))
                                            ->  Index Scan using i_cs_sold_date_sk on catalog_sales  (cost=0.43..48.01 rows=785 width=24) (actual time=0.004..0.109 rows=457 loops=31)
                                                  Index Cond: (cs_sold_date_sk = date_dim.d_date_sk)
                                      ->  Index Scan using pk_item on item  (cost=0.29..0.31 rows=1 width=237) (actual time=0.002..0.002 rows=0 loops=14164)
                                            Index Cond: (i_item_sk = catalog_sales.cs_item_sk)
                                            Filter: (i_category = ANY ('{Sports,Children,Shoes}'::bpchar[]))
                                            Rows Removed by Filter: 1
    i_item_id     |                                                                                               i_item_desc                                                                                                |                     i_category                     |                      i_class                       | i_current_price |    itemrevenue     |     revenueratio      
------------------+----------------------------------------------------------------------------------------------------------------------------------------------------------------------------------------------------------+----------------------------------------------------+----------------------------------------------------+-----------------+--------------------+-----------------------
 AAAAAAAAABNCAAAA | Opportunities will understand forces; mainly true things take significantly free, parliamentary areas. Other, new eyes                                                                                   | Children                                           | infants                                            |            1.64 |            1034.25 |    0.1160718941175629
 AAAAAAAAAIADAAAA | Left, public hours go then powerful buildings. Me                                                                                                                                                        | Children                                           | infants                                            |            82.5 |            1053.28 |    0.1182075945237096
 AAAAAAAAAILDAAAA | Following chains might not sack children. Other, indian workshops remove authorities; german attempts carry furthermore; single, current                                                                 | Children                                           | infants                                            |            6.35 |            2747.64 |    0.3083623680475519
 AAAAAAAAAIOAAAAA | Days could reflect however international boats. Alone late wa                                                                                                                                            | Children                                           | infants                                            |            5.22 |             524.31 |   0.05884230583009852
 AAAAAAAAAKKCAAAA | Clear levels would use now subjective companies. Perhaps prime games must open always on a relations. Results should                                                                                     | Children                                           | infants                                            |            8.76 | 2393.4599999999996 |    0.2686134258589529
 AAAAAAAAAMIDAAAA | S                                                                                                                                                                                                        | Children                                           | infants                                            |            1.96 | 3476.9700000000003 |    0.3902136753105561
 AAAAAAAAANMBAAAA | Similar others may not hook e                                                                                                                                                                            | Children                                           | infants                                            |            5.83 |            3605.25 |    0.4046102937078498
 AAAAAAAAAOGAAAAA | Categories collect there in a effects.                                                                                                                                                                   | Children                                           | infants                                            |            4.96 |            2666.75 |    0.2992842384703997
 AAAAAAAAAOMDAAAA | Modern trials lend more supporters. There practical funds replace very strictly great parents. Days m                                                                                                    | Children                                           | infants                                            |           55.71 |            3753.17 |   0.42121107164149246
 AAAAAAAABBLAAAAA | Other cities talk only from a agents.                                                                                                                                                                    | Children                                           | infants                                            |            2.85 |           14547.68 |    1.6326582282970148
 AAAAAAAABEIAAAAA | Experimental, poor points will not position secondly. Unique limits can collect to a values; benefits stop well new, italian characteristics. Firmly possible others rescue at least further ti          | Children                                           | infants                                            |            2.97 | 3497.3999999999996 |   0.39250649503192114
 AAAAAAAABHACAAAA | Items remain in a teachers. Well popular skills manage varieties. American values ought to rebuild so little ideas. Recent, different pupils meet. Annual theories li                                    | Children                                           | infants                                            |            4.53 | 1449.3400000000001 |   0.16265664879898342
 AAAAAAAABINDAAAA | Principles want almost away inc effects. Large, domestic eyes think scenes. Indeed super approaches travel more resou                                                                                    | Children                                           | infants                                            |            1.85 |              64.35 | 0.0072218770959295835
 AAAAAAAABJNCAAAA | Too particular girls would result normally kilometres. Categories remember eventually recent years; presidenti                                                                                           | Children                                           | infants                                            |           16.45 |             173.38 |  0.019458104908970805
 AAAAAAAABLDBAAAA | Voluntary friends accept also normal criteria. Befo                                                                                                                                                      | Children                                           | infants                                            |             9.9 |  6784.169999999999 |    0.7613743890892402
 AAAAAAAABLGBAAAA | So alone pages interpret once again also wealthy allegations. Clear, equal things become down the months.                                                                                                | Children                                           | infants                                            |            4.96 |           10460.34 |     1.173943898393723
 AAAAAAAABOHAAAAA | Remaining, negative metals must not convey quiet citizens. Criminal, existing groups must interpret numerous, social rights                                                                              | Children                                           | infants                                            |            8.81 |            6512.16 |     0.730847228423136
 AAAAAAAACAHBAAAA | Hours will rec                                                                                                                                                                                           | Children                                           | infants                                            |            2.77 |              27.26 | 0.0030593375234660523
 AAAAAAAACALAAAAA | Gastric others might not help there constant windows. T                                                                                                                                                  | Children                                           | infants                                            |            0.67 |            1394.25 |     0.156474003745141
 AAAAAAAACCDAAAAA | Services give perhaps mysterious, other powers. Great, detailed visits may take still major copies. For instance apparent costs get commonly voluntary, emp                                              | Children                                           | infants                                            |            7.89 | 2996.4800000000005 |    0.3362892040467923
 AAAAAAAACEGEAAAA | Legs bring so already revolutionary reports. Members take here fires. Reasonably american divisions get therefore different machines. Only, slow                                                         | Children                                           | infants                                            |            9.16 |             148.84 |  0.016704027769357567
 AAAAAAAACFBDAAAA | Scenes will not say also. Of course wild vessels might not provide dra                                                                                                                                   | Children                                           | infants                                            |            6.44 |            8593.44 |    0.9644252915500409
 AAAAAAAACFJBAAAA | Likely numbers will not explain married orders. Days must match intensely next to a tenants. Offenders will want internal direction                                                                      | Children                                           | infants                                            |            4.89 |             3779.6 |   0.42417725985665045
 AAAAAAAACHACAAAA | Arbitrary houses make like a creatures. Uniquely new minutes must not make rough, historic genes. Normally international sectors can d                                                                   | Children                                           | infants                                            |            2.23 |            1531.11 |    0.1718335390885586
 AAAAAAAACIKAAAAA | Targets would not live. Strange houses can intend then courts. Barely large walls cannot support partial, unknown attitudes. Concerned, available ways should not hope bands.                            | Children                                           | infants                                            |            1.35 |            1643.12 |   0.18440420658685033
 AAAAAAAACKBDAAAA | American, great needs can apply events. Illustrations may show elderly champions; anywhere short rounds should redu                                                                                      | Children                                           | infants                                            |             4.7 |  8105.860000000001 |    0.9097051231827783
 AAAAAAAACKEDAAAA | Environmental drugs can find new police. Physical, english r                                                                                                                                             | Children                                           | infants                                            |            0.51 |            1356.36 |    0.1522216817068384
 AAAAAAAACKODAAAA | Probably new weapons would need now deposits. Cities will help thoroughly over the agencies. Coastal, current years can bring eagerly prime women; times should turn figures. Industrial, partic         | Children                                           | infants                                            |            5.82 |            8778.71 |    0.9852177883575446
 AAAAAAAACLAEAAAA | Actually red others can neg                                                                                                                                                                              | Children                                           | infants                                            |            0.78 |            1469.08 |    0.1648720311435623
 AAAAAAAACLGBAAAA | Never absolute lads like however interesting numbers. Others may not make shortly blue banks;                                                                                                            | Children                                           | infants                                            |            1.58 |               88.2 |  0.009898516858756633
 AAAAAAAACLGDAAAA | Ministers break educational, occupational years. Especially european months could repay. Nearly particular problems might not find there. Standard others might live els                                 | Children                                           | infants                                            |            9.22 |            2524.16 |    0.2832816362154098
 AAAAAAAACMBCAAAA | Later different wages participate for sure. Events focus truly fresh questions. Buildings produce libraries. Well radical duties consist also. D                                                         | Children                                           | infants                                            |            0.74 |              63.02 |  0.007072613746472143
 AAAAAAAACNKAAAAA | Years run constantly warm,                                                                                                                                                                               | Children                                           | infants                                            |           62.61 |            1970.64 |    0.2211611481013625
 AAAAAAAADANDAAAA | Likely years will consider                                                                                                                                                                               | Children                                           | infants                                            |            4.75 | 2386.7799999999997 |   0.26786374226919674
 AAAAAAAADBFBAAAA | Grimly domestic foods find in                                                                                                                                                                            | Children                                           | infants                                            |           26.58 |           17858.43 |      2.00421735176786
 AAAAAAAADFACAAAA | Either external chapters should say years. Patterns will not discov                                                                                                                                      | Children                                           | infants                                            |            3.87 |           21985.32 |    2.4673703023260702
 AAAAAAAADFOAAAAA | Constitutional appeals end small, due knees. Conclusions take ever. E                                                                                                                                    | Children                                           | infants                                            |            8.53 |              25.68 |  0.002882017153433904
 AAAAAAAADGICAAAA | Aware, historical cases clear still. Quite large banks add no. So long weapons will not ensure perfectly however massive teeth. Familiar years reckon too ameri                                          | Children                                           | infants                                            |            3.77 |             825.01 |   0.09258929017735612
 AAAAAAAADHHCAAAA | Past, important feet must meet at all useful bills. Items apply preferably teachers. Else real differences practice agreements; sophisticated events shall                                               | Children                                           | infants                                            |             4.3 |             404.86 |  0.045436661399503524
 AAAAAAAADJEDAAAA | All black photographs want quite. Profitable movements betray just in a conditions. Used, other passen                                                                                                   | Children                                           | infants                                            |            7.55 |           20409.37 |    2.2905044560272323
 AAAAAAAADMBDAAAA | L                                                                                                                                                                                                        | Children                                           | infants                                            |            3.77 |              433.7 |   0.04867331929300172
 AAAAAAAADMDBAAAA | There avail                                                                                                                                                                                              | Children                                           | infants                                            |            3.54 |  7091.630000000001 |     0.795880035272838
 AAAAAAAADNJDAAAA | Brave, considerable children may not run now. Scientific industr                                                                                                                                         | Children                                           | infants                                            |           38.92 |             935.61 |   0.10500171607960651
 AAAAAAAAEAABAAAA | Towns pay with a years. Both rough companies rotate just fields. For example conventi                                                                                                                    | Children                                           | infants                                            |            0.69 | 369.21999999999997 |   0.04143685254637329
 AAAAAAAAEBJAAAAA | Bad, smooth months show in a interviews. In full functional tactics ma                                                                                                                                   | Children                                           | infants                                            |            1.54 |               5535 |    0.6211824355240132
 AAAAAAAAECNBAAAA | Stories happen elements; now hi                                                                                                                                                                          | Children                                           | infants                                            |             0.4 |            9401.25 |    1.0550842587118572
 AAAAAAAAEDABAAAA | Public, everyday brothers take on a cards. Aga                                                                                                                                                           | Children                                           | infants                                            |             3.8 | 11072.849999999999 |    1.2426847210825778
 AAAAAAAAEDOCAAAA | Very medical stars visit opponents. Then political duties think later wishes. Effective cameras claim stairs. Able sites say. Places should feel on a minutes. Things tell posts. Onl                    | Children                                           | infants                                            |            4.13 |            1017.95 |     0.114242576376092
 AAAAAAAAEECEAAAA | Then slow years fix in a problems. Journals                                                                                                                                                              | Children                                           | infants                                            |            1.74 |            7036.84 |    0.7897310586436851
 AAAAAAAAEICCAAAA | New students would not precede about the processes. Stories bring. Other months raise beautiful assumptions. Assessments make busy, typica                                                               | Children                                           | infants                                            |             2.8 |            18698.9 |     2.098541688097556
 AAAAAAAAEIDBAAAA | Relativ                                                                                                                                                                                                  | Children                                           | infants                                            |            1.41 |              380.7 |  0.042725230931163836
 AAAAAAAAEIFAAAAA | Also european conditions may know before for a buildings. Relevant, heavy friends make. Single, british doubts grow usuall                                                                               | Children                                           | infants                                            |            4.81 |            3581.58 |   0.40195385499983655
 AAAAAAAAEJBDAAAA | Always                                                                                                                                                                                                   | Children                                           | infants                                            |           67.23 | 2428.0800000000004 |   0.27249876206813844
 AAAAAAAAEJCEAAAA | Royal eyes ought to educate sometimes open crews. Profits would not feel different, main patients. Personal friends shall take great resources. Fascinating, cheap readers may thin                      | Children                                           | infants                                            |            2.12 |            10682.3 |    1.1988540435407709
 AAAAAAAAEKBCAAAA | Private                                                                                                                                                                                                  | Children                                           | infants                                            |            2.72 |             3832.4 |    0.4301029026020286
 AAAAAAAAEKIDAAAA | Things ensure simply secrets. Successful boundaries make so just black times; in particular central buyers would not make often entire, other ways. Points want here designs. Literally available min    | Children                                           | infants                                            |            3.34 |           18286.64 |    2.0522745388890407
 AAAAAAAAELACAAAA | So free steps must not respond straight direct secondary areas; only offic                                                                                                                               | Children                                           | infants                                            |             2.9 |              858.9 |    0.0963926998864634
 AAAAAAAAELKAAAAA | Organizations s                                                                                                                                                                                          | Children                                           | infants                                            |            0.79 |            5623.91 |    0.6311606343212021
 AAAAAAAAELODAAAA | About random sides go flat schools; pleased times can make by a areas. New chemi                                                                                                                         | Children                                           | infants                                            |            0.09 |            2875.24 |   0.32268267134888234
 AAAAAAAAEOIDAAAA | Years must articulate; states can set however with the criticisms. At first big troops may help sensibly. As final grounds can enter easily british final charges. Small, very pounds m                  | Children                                           | infants                                            |            2.04 |           13916.45 |    1.5618164959075256
 AAAAAAAAEOPBAAAA | Institutional breasts make only results. Pregnant, particular arms must take indeed certain owners;                                                                                                      | Children                                           | infants                                            |            3.61 |            5061.79 |    0.5680749846993848
 AAAAAAAAFEABAAAA | Profits can pass about groups. Poor, western offices could not give safely clean similar layers.                                                                                                         | Children                                           | infants                                            |            6.74 | 30863.199999999997 |     3.463717749605189
 AAAAAAAAFEHAAAAA | Significant animals may not enforce wide left games. Straight minimal stars should support important                                                                                                     | Children                                           | infants                                            |           78.71 |            4575.22 |    0.5134681666952441
 AAAAAAAAFFFEAAAA | Short beautiful residents complicate walls. New, arab lectures should not find. Seasons move apparently remarkable, welsh faces. Main, limited pare                                                      | Children                                           | infants                                            |            8.23 |             236.46 |   0.02653745234038088
 AAAAAAAAFGEBAAAA | Officially yellow words shall understand high national clean options. Just military lips look civil mothers. Serious, constitutional years would mak                                                     | Children                                           | infants                                            |             1.1 |            4876.35 |    0.5472634091178902
 AAAAAAAAFHEAAAAA | Young plans will notice territorial, busy lips. Twice new cities might not adopt years. Events leave true, eastern servants. Belief                                                                      | Children                                           | infants                                            |            2.88 |             6104.4 |    0.6850851055849659
 AAAAAAAAFIOBAAAA | Years analyse quite after a prices. Even single funds used to pay in order hands. Subtle, french periods work both new times. Very old hands would fo                                                    | Children                                           | infants                                            |           48.42 |            4930.86 |    0.5533809618839992
 AAAAAAAAFKCCAAAA | Then original memories shall not think special, grey workers.                                                                                                                                            | Children                                           | infants                                            |            7.09 |            1102.21 |   0.12369891459059126
 AAAAAAAAFMHBAAAA | Ever good eyes might enlarge long particular civil troops. Members put too biological arms. Now silly responsibilities realise                                                                           | Children                                           | infants                                            |            7.39 |            8330.73 |    0.9349418520493158
 AAAAAAAAFMKBAAAA | Safe eyes consider quickly. European, living shoes help probably interested influences. Relations result never eyes. Current, loca                                                                       | Children                                           | infants                                            |            7.03 |             1830.3 |   0.20541105903154497
 AAAAAAAAFOLBAAAA | Federal users would                                                                                                                                                                                      | Children                                           | infants                                            |            7.67 |  600.5799999999999 |   0.06740194166703013
 AAAAAAAAGAACAAAA | Public, long jobs can recommend right from a colleagues. Recent, serious things solve patient, classical conditions. Physical, little problems agree protests; politically legal benefits make. Men cont | Children                                           | infants                                            |            4.71 |  7169.610000000001 |    0.8046315811305005
 AAAAAAAAGAKAAAAA | Lessons control samples. Prices pass also sad differences. Expert questions buy always ever irish examples. Likely systems shall not sleep as homes. Fit, poor demands                                   | Children                                           | infants                                            |            2.92 |            1514.57 |     0.169977286607336
 AAAAAAAAGAOAAAAA | Individual citizens can reduce quite other children. Increased others seek movements. Parents see more. Large others explain only between a hands; often straight accounts can justify more j            | Children                                           | infants                                            |            2.46 |             724.77 |    0.0813395472077216
 AAAAAAAAGBDAAAAA | Financial stages could move rights. Little questions establish yeste                                                                                                                                     | Children                                           | infants                                            |            2.98 |            5476.54 |    0.6146215818328238
 AAAAAAAAGBJBAAAA | Effective, different patients might know friends. Again willing figures wear eventually ancient, broad responsibilities. Sources highlight again with a food                                             | Children                                           | infants                                            |            7.32 |             117.97 |  0.013239546868792744
 AAAAAAAAGBLBAAAA | Normal, likely efforts allow truly complete corporations. Gross, true activities think now like a differences. Deep, specific securities perpetuate in order other activiti                              | Children                                           | infants                                            |            5.35 | 11156.599999999999 |    1.2520838229751048
 AAAAAAAAGBMAAAAA | Today noble windows see just eastern, pleased banks. At all central times shall think big, main shots. Pale, comparable traders would know ve                                                            | Children                                           | infants                                            |            8.93 |            7190.49 |       0.8069749034889
 AAAAAAAAGBPBAAAA | Parties ought to                                                                                                                                                                                         | Children                                           | infants                                            |            2.53 |            4371.85 |    0.4906443415981314
 AAAAAAAAGDHBAAAA | Able, solar arms can obtain. Personal, strong terms resort however disastrous weaknesses; periods could hit elements.                                                                                    | Children                                           | infants                                            |            6.41 |            6455.24 |    0.7244592059786867
 AAAAAAAAGELBAAAA | Primary earnings tell essential, due resources. Horses might dare very. Impossible personnel fly                                                                                                         | Children                                           | infants                                            |            1.27 |            4200.25 |    0.4713860026756525
 AAAAAAAAGIKBAAAA | Male children would want indeed ostensibly solid guidelines; ap                                                                                                                                          | Children                                           | infants                                            |            8.73 |            7169.19 |     0.804584445335935
 AAAAAAAAGIOBAAAA | Therefore maximum officers should adopt thus by a examples. Homes provide                                                                                                                                | Children                                           | infants                                            |            2.45 |  7657.469999999999 |    0.8593831733608066
 AAAAAAAAGJABAAAA | Original patients assume. Still single miles carry coins. Legal, positive attitudes must identify in order for a bills. Technical parties might choose around a values. Elsewhere eastern                | Children                                           | infants                                            |            1.51 |             6535.1 |    0.7334217406310711
 AAAAAAAAGJBDAAAA | Terrible wheels ought to last. Short, corporate boards reproduce probably in a users. Small deaths appear na                                                                                             | Children                                           | infants                                            |            7.93 |            5792.91 |     0.650127180229704
 AAAAAAAAGMOCAAAA | Able, certai                                                                                                                                                                                             | Children                                           | infants                                            |            2.02 |            4970.57 |    0.5578375390320857
 AAAAAAAAGPLAAAAA | Economic pilots analyse also. Needs start special plans. Partly political witnesses should feel wrong opportunities. Low details will not learn; right, different variables replace basically re         | Children                                           | infants                                            |            1.83 |               5936 |    0.6661858965258433
 AAAAAAAAHBEBAAAA | Plans know countries. Other, nuclear detectives must back very cold changes; serious votes leave. Red hands realise slow new arts. Foreign keys must not take for a occasions. Large, able times ho      | Children                                           | infants                                            |            1.56 |            5690.33 |    0.6386148235474902
 AAAAAAAAHJFEAAAA | Furiou                                                                                                                                                                                                   | Children                                           | infants                                            |            6.92 |            1919.12 |   0.21537915730132687
 AAAAAAAAHJMDAAAA | New powers exclude of course. Specific, primary women sit simply in a experiences. Similar, irrelevant things produce in a demands. Little, open relations understand too well similar club              | Children                                           | infants                                            |           59.51 |             3323.1 |   0.37294514028723547
 AAAAAAAAHJPDAAAA | Social men will not work then to a women. Specifically dark suggestions learn by now white years. Important, common police give positively; policemen want duly; more ne                                 | Children                                           | infants                                            |            5.31 |            4614.21 |    0.5178439396240754
 AAAAAAAAHKBBAAAA | Local prices walk nowhere only other others. Applications support features. Right, heavy troops can like significantly currently unlikely cars; active su                                                | Children                                           | infants                                            |            8.77 |            3189.78 |   0.35798289235515574
 AAAAAAAAHOJBAAAA | Common children cause even winds; slight differences mean                                                                                                                                                | Children                                           | infants                                            |           71.67 |           10759.24 |    1.2074888721928427
 AAAAAAAAHPADAAAA | Questions ought to tell. Far pleasant glasses shall form indirectly in a eyes; doctors can add home necessary, important contra                                                                          | Children                                           | infants                                            |            4.25 |            8550.32 |    0.9595860166413154
 AAAAAAAAIAIBAAAA | Able, irish incom                                                                                                                                                                                        | Children                                           | infants                                            |            4.37 |            2081.52 |   0.23360499786665656
 AAAAAAAAIFNCAAAA | Parts shall not see still to the words. Levels de                                                                                                                                                        | Children                                           | infants                                            |            7.13 | 24926.949999999997 |     2.797503796058771
 AAAAAAAAIGDDAAAA | Now new boards could tell other, conservative ri                                                                                                                                                         | Children                                           | infants                                            |            5.46 | 4786.4800000000005 |    0.5371774713616945
 AAAAAAAAIJBBAAAA | Empty criteria conc                                                                                                                                                                                      | Children                                           | infants                                            |            5.06 |            1319.96 |   0.14813657951116108
 AAAAAAAAIJEEAAAA | Students say in no experiences. Skills ought to seek also again central men. Problems move at the honours. Ago new connections would restore. Function                                                   | Children                                           | infants                                            |            1.87 |            4371.83 |    0.4906420970364854
 AAAAAAAAIJGCAAAA | National, essential legs must match basically even particular costs. Local holidays see                                                                                                                  | Children                                           | infants                                            |            0.53 |            4635.27 |    0.5202074630372887
(100 rows)

UPDATE time_statistics SET e_time = TRANSACTION_TIMESTAMP() WHERE template = '../query_postgresql/query20.tpl' AND stream = 8;
psql:/tmp/s1-basline/throughput/query_8.sql:4235: NOTICE:  duration: 0.078 ms  plan:
Query Text: UPDATE time_statistics SET e_time = TRANSACTION_TIMESTAMP() WHERE template = '../query_postgresql/query20.tpl' AND stream = 8;
Update on time_statistics  (cost=0.00..15.87 rows=0 width=0) (actual time=0.078..0.078 rows=0 loops=1)
  ->  Seq Scan on time_statistics  (cost=0.00..15.87 rows=1 width=14) (actual time=0.065..0.066 rows=1 loops=1)
        Filter: ((template = '../query_postgresql/query20.tpl'::text) AND (stream = 8))
        Rows Removed by Filter: 549
UPDATE 1
LOAD 'auto_explain'; SET auto_explain.log_min_duration TO 0; SET auto_explain.log_analyze TO on; SET auto_explain.log_level TO notice; INSERT INTO time_statistics (template, s_time, stream, query, seed) VALUES ('query52.tpl', TRANSACTION_TIMESTAMP(), 8, 86, 2139332470);
LOAD
SET
SET
SET
psql:/tmp/s1-basline/throughput/query_8.sql:4236: NOTICE:  duration: 0.008 ms  plan:
Query Text: INSERT INTO time_statistics (template, s_time, stream, query, seed) VALUES ('query52.tpl', TRANSACTION_TIMESTAMP(), 8, 86, 2139332470);
Insert on time_statistics  (cost=0.00..0.01 rows=0 width=0) (actual time=0.008..0.008 rows=0 loops=1)
  ->  Result  (cost=0.00..0.01 rows=1 width=64) (actual time=0.002..0.002 rows=1 loops=1)
INSERT 0 1
select  dt.d_year
 	,item.i_brand_id brand_id
 	,item.i_brand brand
 	,sum(ss_ext_sales_price) ext_price
 from date_dim dt
     ,store_sales
     ,item
 where dt.d_date_sk = store_sales.ss_sold_date_sk
    and store_sales.ss_item_sk = item.i_item_sk
    and item.i_manager_id = 1
    and dt.d_moy=11
    and dt.d_year=1999
 group by dt.d_year
 	,item.i_brand
 	,item.i_brand_id
 order by dt.d_year
 	,ext_price desc
 	,brand_id
limit 100 ;
psql:/tmp/s1-basline/throughput/query_8.sql:4255: NOTICE:  duration: 180.841 ms  plan:
Query Text: select  dt.d_year
 	,item.i_brand_id brand_id
 	,item.i_brand brand
 	,sum(ss_ext_sales_price) ext_price
 from date_dim dt
     ,store_sales
     ,item
 where dt.d_date_sk = store_sales.ss_sold_date_sk
    and store_sales.ss_item_sk = item.i_item_sk
    and item.i_manager_id = 1
    and dt.d_moy=11
    and dt.d_year=1999
 group by dt.d_year
 	,item.i_brand
 	,item.i_brand_id
 order by dt.d_year
 	,ext_price desc
 	,brand_id
limit 100 ;
Limit  (cost=41326.90..41326.94 rows=19 width=67) (actual time=180.759..180.772 rows=97 loops=1)
  ->  Sort  (cost=41326.90..41326.94 rows=19 width=67) (actual time=180.758..180.764 rows=97 loops=1)
        Sort Key: (sum(store_sales.ss_ext_sales_price)) DESC, item.i_brand_id
        Sort Method: quicksort  Memory: 38kB
        ->  GroupAggregate  (cost=41326.07..41326.49 rows=19 width=67) (actual time=180.355..180.729 rows=97 loops=1)
              Group Key: dt.d_year, item.i_brand, item.i_brand_id
              ->  Sort  (cost=41326.07..41326.11 rows=19 width=67) (actual time=180.342..180.409 rows=1487 loops=1)
                    Sort Key: item.i_brand, item.i_brand_id
                    Sort Method: quicksort  Memory: 211kB
                    ->  Nested Loop  (cost=0.72..41325.66 rows=19 width=67) (actual time=4.532..178.735 rows=1487 loops=1)
                          ->  Nested Loop  (cost=0.43..40988.10 rows=1096 width=20) (actual time=4.173..49.089 rows=87825 loops=1)
                                ->  Seq Scan on date_dim dt  (cost=0.00..2500.73 rows=29 width=12) (actual time=4.163..8.692 rows=30 loops=1)
                                      Filter: ((d_moy = 11) AND (d_year = 1999))
                                      Rows Removed by Filter: 73019
                                ->  Index Scan using i_ss_sold_date_sk on store_sales  (cost=0.43..1312.00 rows=1515 width=24) (actual time=0.005..0.918 rows=2928 loops=30)
                                      Index Cond: (ss_sold_date_sk = dt.d_date_sk)
                          ->  Index Scan using pk_item on item  (cost=0.29..0.31 rows=1 width=63) (actual time=0.001..0.001 rows=0 loops=87825)
                                Index Cond: (i_item_sk = store_sales.ss_item_sk)
                                Filter: (i_manager_id = 1)
                                Rows Removed by Filter: 1
 d_year | brand_id |                       brand                        |     ext_price      
--------+----------+----------------------------------------------------+--------------------
   1999 |  3004002 | edu packexporti #2                                 | 114916.53999999998
   1999 |  1004002 | edu packamalg #2                                   |           92453.75
   1999 |  3002001 | importoexporti #1                                  |  85841.40000000001
   1999 |  2001001 | amalgimporto #1                                    |           85080.11
   1999 |  5003001 | exportischolar #1                                  |  82789.64999999998
   1999 |  4001002 | amalgedu pack #2                                   |  74732.39000000001
   1999 |  3003001 | exportiexporti #1                                  |           69991.55
   1999 |  1003001 | exportiamalg #1                                    | 65468.100000000006
   1999 |  4003001 | exportiedu pack #1                                 | 65125.240000000005
   1999 |  2002001 | importoimporto #1                                  | 61967.270000000004
   1999 |  9005002 | scholarmaxi #2                                     |           56625.34
   1999 |  1002001 | importoamalg #1                                    |  53732.73999999999
   1999 |  4004001 | edu packedu pack #1                                | 52256.380000000005
   1999 |  5004001 | edu packscholar #1                                 |           50426.21
   1999 |  2004001 | edu packimporto #1                                 |  48585.87000000001
   1999 |  1004001 | edu packamalg #1                                   |           46428.74
   1999 |  1003002 | exportiamalg #2                                    | 45733.810000000005
   1999 |  4001001 | amalgedu pack #1                                   |  44428.05999999999
   1999 |  3002002 | importoexporti #2                                  |            41790.9
   1999 |  6013003 | exportibrand #3                                    |           41367.47
   1999 | 10003017 | exportiunivamalg #17                               |           41305.19
   1999 |  9013005 | exportiunivamalg #5                                |            41209.2
   1999 |  4002001 | importoedu pack #1                                 |           40241.38
   1999 | 10002017 | importounivamalg #17                               | 40058.159999999996
   1999 |  6015003 | scholarbrand #3                                    | 39533.630000000005
   1999 |  5004002 | edu packscholar #2                                 | 38415.950000000004
   1999 |  6002007 | importocorp #7                                     |  37990.70999999999
   1999 |  9006003 | corpmaxi #3                                        |           36836.86
   1999 |  2003002 | exportiimporto #2                                  |           36605.65
   1999 |  1002002 | importoamalg #2                                    | 36181.299999999996
   1999 |  6001001 | amalgcorp #1                                       | 33622.939999999995
   1999 |  2003001 | exportiimporto #1                                  |  33440.88999999999
   1999 | 10008013 | namelessunivamalg #13                              |           33020.44
   1999 |  6011007 | amalgbrand #7                                      | 32283.700000000004
   1999 |  7002006 | importobrand #6                                    | 31672.359999999997
   1999 |  8014001 | edu packmaxi #1                                    |           31626.29
   1999 |  7016004 | corpnameless #4                                    | 31046.500000000004
   1999 |  2001002 | amalgimporto #2                                    |           30668.11
   1999 |  5002002 | importoscholar #2                                  |           30352.24
   1999 |  6011001 | amalgbrand #1                                      |           30056.27
   1999 | 10008006 | namelessunivamalg #6                               |           29663.09
   1999 |  8005002 | scholarnameless #2                                 |           28599.29
   1999 |  6006002 | corpcorp #2                                        | 28569.589999999997
   1999 |  6007007 | brandcorp #7                                       |            28023.4
   1999 | 10007013 | brandunivamalg #13                                 |           26547.47
   1999 |  8006003 | corpnameless #3                                    | 25473.660000000003
   1999 | 10006012 | corpunivamalg #12                                  | 23090.260000000002
   1999 |  8002010 | importonameless #10                                | 22528.670000000002
   1999 |  7002010 | importobrand #10                                   | 22302.550000000003
   1999 |  1001002 | amalgamalg #2                                      |           22057.22
   1999 |  3004001 | edu packexporti #1                                 |           21631.31
   1999 |  7006007 | corpbrand #7                                       | 21616.899999999998
   1999 |  6004005 | edu packcorp #5                                    |           21484.02
   1999 |  6004001 | edu packcorp #1                                    | 21188.350000000002
   1999 |  6013004 | exportibrand #4                                    | 21007.829999999998
   1999 |  9010005 | univunivamalg #5                                   | 20563.329999999998
   1999 |  3001001 | amalgexporti #1                                    | 20171.450000000004
   1999 |  8005007 | scholarnameless #7                                 |            19980.1
   1999 |  8007001 | brandnameless #1                                   |           19298.46
   1999 | 10013001 | exportiamalgamalg #1                               |           19185.66
   1999 | 10009016 | maxiunivamalg #16                                  | 18909.609999999997
   1999 |  4002002 | importoedu pack #2                                 | 18771.850000000002
   1999 | 10001009 | amalgunivamalg #9                                  | 18085.149999999998
   1999 |  8013003 | exportimaxi #3                                     |           17757.96
   1999 |  6015006 | scholarbrand #6                                    | 17221.239999999998
   1999 |  7013001 | exportinameless #1                                 |           16927.45
   1999 |  9012002 | importounivamalg #2                                | 16806.550000000003
   1999 |  6012005 | importobrand #5                                    |           16760.49
   1999 |  8006001 | corpnameless #1                                    | 16558.899999999998
   1999 |  9005008 | scholarmaxi #8                                     | 16384.230000000003
   1999 |  6016008 | corpbrand #8                                       |           16202.56
   1999 |  8011004 | amalgmaxi #4                                       |           16172.49
   1999 |  6013008 | exportibrand #8                                    |            16134.4
   1999 |  1001001 | amalgamalg #1                                      | 15997.479999999996
   1999 | 10002010 | importounivamalg #10                               |            15302.6
   1999 |  9004008 | edu packmaxi #8                                    |           15103.91
   1999 |  5001001 | amalgscholar #1                                    | 14797.919999999998
   1999 |  6008003 | namelesscorp #3                                    | 13390.450000000003
   1999 |  8016005 | corpmaxi #5                                        | 13337.710000000001
   1999 |  8014005 | edu packmaxi #5                                    | 13215.640000000001
   1999 |  8003006 | exportinameless #6                                 |           12231.96
   1999 |  2004002 | edu packimporto #2                                 |           11892.54
   1999 | 10004005 | edu packunivamalg #5                               | 11829.100000000002
   1999 |  5002001 | importoscholar #1                                  | 11574.019999999997
   1999 |  8011007 | amalgmaxi #7                                       |           10764.86
   1999 |  6014005 | edu packbrand #5                                   |           10604.67
   1999 | 10011010 | amalgamalgamalg #10                                |           10405.63
   1999 |  8015006 | scholarmaxi #6                                     |  9784.330000000002
   1999 |  7014001 | edu packnameless #1                                |            9775.41
   1999 |  8002007 | importonameless #7                                 |            8786.99
   1999 |  7010001 | univnameless #1                                    |  7781.230000000001
   1999 |  7003003 | exportibrand #3                                    |            7270.32
   1999 | 10006009 | corpunivamalg #9                                   |  6917.129999999999
   1999 |  9001009 | amalgmaxi #9                                       |  4911.219999999999
   1999 |  6008001 | namelesscorp #1                                    | 3972.2200000000003
   1999 |  5001002 | amalgscholar #2                                    |            3828.79
   1999 | 10012003 | importoamalgamalg #3                               | 2331.6100000000006
(97 rows)

UPDATE time_statistics SET e_time = TRANSACTION_TIMESTAMP() WHERE template = 'query52.tpl' AND stream = 8;
psql:/tmp/s1-basline/throughput/query_8.sql:4257: NOTICE:  duration: 0.087 ms  plan:
Query Text: UPDATE time_statistics SET e_time = TRANSACTION_TIMESTAMP() WHERE template = 'query52.tpl' AND stream = 8;
Update on time_statistics  (cost=0.00..15.87 rows=0 width=0) (actual time=0.087..0.087 rows=0 loops=1)
  ->  Seq Scan on time_statistics  (cost=0.00..15.87 rows=1 width=14) (actual time=0.072..0.072 rows=1 loops=1)
        Filter: ((template = 'query52.tpl'::text) AND (stream = 8))
        Rows Removed by Filter: 550
UPDATE 1
LOAD 'auto_explain'; SET auto_explain.log_min_duration TO 0; SET auto_explain.log_analyze TO on; SET auto_explain.log_level TO notice; INSERT INTO time_statistics (template, s_time, stream, query, seed) VALUES ('query83.tpl', TRANSACTION_TIMESTAMP(), 8, 87, 1274786267);
LOAD
SET
SET
SET
psql:/tmp/s1-basline/throughput/query_8.sql:4258: NOTICE:  duration: 0.009 ms  plan:
Query Text: INSERT INTO time_statistics (template, s_time, stream, query, seed) VALUES ('query83.tpl', TRANSACTION_TIMESTAMP(), 8, 87, 1274786267);
Insert on time_statistics  (cost=0.00..0.01 rows=0 width=0) (actual time=0.008..0.009 rows=0 loops=1)
  ->  Result  (cost=0.00..0.01 rows=1 width=64) (actual time=0.002..0.002 rows=1 loops=1)
INSERT 0 1
with sr_items as
 (select i_item_id item_id,
        sum(sr_return_quantity) sr_item_qty
 from store_returns,
      item,
      date_dim
 where sr_item_sk = i_item_sk
 and   d_date    in 
	(select d_date
	from date_dim
	where d_week_seq in 
		(select d_week_seq
		from date_dim
	  where d_date in ('2002-05-02','2002-10-22','2002-11-03')))
 and   sr_returned_date_sk   = d_date_sk
 group by i_item_id),
 cr_items as
 (select i_item_id item_id,
        sum(cr_return_quantity) cr_item_qty
 from catalog_returns,
      item,
      date_dim
 where cr_item_sk = i_item_sk
 and   d_date    in 
	(select d_date
	from date_dim
	where d_week_seq in 
		(select d_week_seq
		from date_dim
	  where d_date in ('2002-05-02','2002-10-22','2002-11-03')))
 and   cr_returned_date_sk   = d_date_sk
 group by i_item_id),
 wr_items as
 (select i_item_id item_id,
        sum(wr_return_quantity) wr_item_qty
 from web_returns,
      item,
      date_dim
 where wr_item_sk = i_item_sk
 and   d_date    in 
	(select d_date
	from date_dim
	where d_week_seq in 
		(select d_week_seq
		from date_dim
		where d_date in ('2002-05-02','2002-10-22','2002-11-03')))
 and   wr_returned_date_sk   = d_date_sk
 group by i_item_id)
  select  sr_items.item_id
       ,sr_item_qty
       ,sr_item_qty/(sr_item_qty+cr_item_qty+wr_item_qty)/3.0 * 100 sr_dev
       ,cr_item_qty
       ,cr_item_qty/(sr_item_qty+cr_item_qty+wr_item_qty)/3.0 * 100 cr_dev
       ,wr_item_qty
       ,wr_item_qty/(sr_item_qty+cr_item_qty+wr_item_qty)/3.0 * 100 wr_dev
       ,(sr_item_qty+cr_item_qty+wr_item_qty)/3.0 average
 from sr_items
     ,cr_items
     ,wr_items
 where sr_items.item_id=cr_items.item_id
   and sr_items.item_id=wr_items.item_id 
 order by sr_items.item_id
         ,sr_item_qty
 limit 100;
psql:/tmp/s1-basline/throughput/query_8.sql:4322: NOTICE:  duration: 66.747 ms  plan:
Query Text: with sr_items as
 (select i_item_id item_id,
        sum(sr_return_quantity) sr_item_qty
 from store_returns,
      item,
      date_dim
 where sr_item_sk = i_item_sk
 and   d_date    in 
	(select d_date
	from date_dim
	where d_week_seq in 
		(select d_week_seq
		from date_dim
	  where d_date in ('2002-05-02','2002-10-22','2002-11-03')))
 and   sr_returned_date_sk   = d_date_sk
 group by i_item_id),
 cr_items as
 (select i_item_id item_id,
        sum(cr_return_quantity) cr_item_qty
 from catalog_returns,
      item,
      date_dim
 where cr_item_sk = i_item_sk
 and   d_date    in 
	(select d_date
	from date_dim
	where d_week_seq in 
		(select d_week_seq
		from date_dim
	  where d_date in ('2002-05-02','2002-10-22','2002-11-03')))
 and   cr_returned_date_sk   = d_date_sk
 group by i_item_id),
 wr_items as
 (select i_item_id item_id,
        sum(wr_return_quantity) wr_item_qty
 from web_returns,
      item,
      date_dim
 where wr_item_sk = i_item_sk
 and   d_date    in 
	(select d_date
	from date_dim
	where d_week_seq in 
		(select d_week_seq
		from date_dim
		where d_date in ('2002-05-02','2002-10-22','2002-11-03')))
 and   wr_returned_date_sk   = d_date_sk
 group by i_item_id)
  select  sr_items.item_id
       ,sr_item_qty
       ,sr_item_qty/(sr_item_qty+cr_item_qty+wr_item_qty)/3.0 * 100 sr_dev
       ,cr_item_qty
       ,cr_item_qty/(sr_item_qty+cr_item_qty+wr_item_qty)/3.0 * 100 cr_dev
       ,wr_item_qty
       ,wr_item_qty/(sr_item_qty+cr_item_qty+wr_item_qty)/3.0 * 100 wr_dev
       ,(sr_item_qty+cr_item_qty+wr_item_qty)/3.0 average
 from sr_items
     ,cr_items
     ,wr_items
 where sr_items.item_id=cr_items.item_id
   and sr_items.item_id=wr_items.item_id 
 order by sr_items.item_id
         ,sr_item_qty
 limit 100;
Limit  (cost=7241.92..7241.95 rows=10 width=169) (actual time=66.708..66.721 rows=29 loops=1)
  ->  Sort  (cost=7241.92..7241.95 rows=10 width=169) (actual time=66.707..66.718 rows=29 loops=1)
        Sort Key: item.i_item_id, (sum(store_returns.sr_return_quantity))
        Sort Method: quicksort  Memory: 29kB
        ->  Merge Join  (cost=7236.60..7241.76 rows=10 width=169) (actual time=63.382..66.699 rows=29 loops=1)
              Merge Cond: (item.i_item_id = item_2.i_item_id)
              ->  Merge Join  (cost=4832.69..4835.89 rows=20 width=50) (actual time=44.800..47.175 rows=201 loops=1)
                    Merge Cond: (item.i_item_id = item_1.i_item_id)
                    ->  GroupAggregate  (cost=2459.57..2460.97 rows=80 width=25) (actual time=29.007..30.136 rows=2603 loops=1)
                          Group Key: item.i_item_id
                          ->  Sort  (cost=2459.57..2459.77 rows=80 width=21) (actual time=29.003..29.216 rows=3047 loops=1)
                                Sort Key: item.i_item_id
                                Sort Method: quicksort  Memory: 287kB
                                ->  Nested Loop  (cost=2333.94..2457.04 rows=80 width=21) (actual time=13.112..21.138 rows=3047 loops=1)
                                      ->  Nested Loop  (cost=2333.65..2432.24 rows=80 width=12) (actual time=13.108..16.316 rows=3047 loops=1)
                                            ->  Nested Loop  (cost=2333.23..2340.37 rows=21 width=8) (actual time=13.101..13.145 rows=21 loops=1)
                                                  ->  HashAggregate  (cost=2332.93..2333.14 rows=21 width=4) (actual time=13.096..13.103 rows=21 loops=1)
                                                        Group Key: date_dim_1.d_date
                                                        Batches: 1  Memory Usage: 24kB
                                                        ->  Hash Join  (cost=5.41..2332.88 rows=21 width=4) (actual time=6.816..13.095 rows=21 loops=1)
                                                              Hash Cond: (date_dim_1.d_week_seq = date_dim_2.d_week_seq)
                                                              ->  Seq Scan on date_dim date_dim_1  (cost=0.00..2135.49 rows=73049 width=8) (actual time=0.003..4.747 rows=73049 loops=1)
                                                              ->  Hash  (cost=5.37..5.37 rows=3 width=4) (actual time=0.029..0.030 rows=3 loops=1)
                                                                    Buckets: 1024  Batches: 1  Memory Usage: 9kB
                                                                    ->  HashAggregate  (cost=5.34..5.37 rows=3 width=4) (actual time=0.027..0.028 rows=3 loops=1)
                                                                          Group Key: date_dim_2.d_week_seq
                                                                          Batches: 1  Memory Usage: 24kB
                                                                          ->  Index Scan using i_d_date on date_dim date_dim_2  (cost=0.29..5.33 rows=3 width=4) (actual time=0.019..0.024 rows=3 loops=1)
                                                                                Index Cond: (d_date = ANY ('{2002-05-02,2002-10-22,2002-11-03}'::date[]))
                                                  ->  Index Scan using i_d_date on date_dim  (cost=0.29..0.33 rows=1 width=12) (actual time=0.001..0.002 rows=1 loops=21)
                                                        Index Cond: (d_date = date_dim_1.d_date)
                                            ->  Index Scan using i_sr_returned_date_sk on store_returns  (cost=0.42..2.97 rows=140 width=20) (actual time=0.003..0.131 rows=145 loops=21)
                                                  Index Cond: (sr_returned_date_sk = date_dim.d_date_sk)
                                      ->  Index Scan using pk_item on item  (cost=0.29..0.31 rows=1 width=25) (actual time=0.001..0.001 rows=1 loops=3047)
                                            Index Cond: (i_item_sk = store_returns.sr_item_sk)
                    ->  GroupAggregate  (cost=2373.12..2373.47 rows=20 width=25) (actual time=15.771..16.028 rows=658 loops=1)
                          Group Key: item_1.i_item_id
                          ->  Sort  (cost=2373.12..2373.17 rows=20 width=21) (actual time=15.768..15.802 rows=688 loops=1)
                                Sort Key: item_1.i_item_id
                                Sort Method: quicksort  Memory: 68kB
                                ->  Nested Loop  (cost=2333.81..2372.69 rows=20 width=21) (actual time=12.498..14.273 rows=688 loops=1)
                                      ->  Nested Loop  (cost=2333.52..2366.19 rows=20 width=12) (actual time=12.494..13.205 rows=688 loops=1)
                                            ->  Nested Loop  (cost=2333.23..2340.37 rows=21 width=8) (actual time=12.487..12.522 rows=21 loops=1)
                                                  ->  HashAggregate  (cost=2332.93..2333.14 rows=21 width=4) (actual time=12.482..12.486 rows=21 loops=1)
                                                        Group Key: date_dim_4.d_date
                                                        Batches: 1  Memory Usage: 24kB
                                                        ->  Hash Join  (cost=5.41..2332.88 rows=21 width=4) (actual time=6.442..12.478 rows=21 loops=1)
                                                              Hash Cond: (date_dim_4.d_week_seq = date_dim_5.d_week_seq)
                                                              ->  Seq Scan on date_dim date_dim_4  (cost=0.00..2135.49 rows=73049 width=8) (actual time=0.004..4.589 rows=73049 loops=1)
                                                              ->  Hash  (cost=5.37..5.37 rows=3 width=4) (actual time=0.010..0.011 rows=3 loops=1)
                                                                    Buckets: 1024  Batches: 1  Memory Usage: 9kB
                                                                    ->  HashAggregate  (cost=5.34..5.37 rows=3 width=4) (actual time=0.009..0.010 rows=3 loops=1)
                                                                          Group Key: date_dim_5.d_week_seq
                                                                          Batches: 1  Memory Usage: 24kB
                                                                          ->  Index Scan using i_d_date on date_dim date_dim_5  (cost=0.29..5.33 rows=3 width=4) (actual time=0.004..0.007 rows=3 loops=1)
                                                                                Index Cond: (d_date = ANY ('{2002-05-02,2002-10-22,2002-11-03}'::date[]))
                                                  ->  Index Scan using i_d_date on date_dim date_dim_3  (cost=0.29..0.33 rows=1 width=12) (actual time=0.001..0.001 rows=1 loops=21)
                                                        Index Cond: (d_date = date_dim_4.d_date)
                                            ->  Index Scan using i_wr_returned_date_sk on web_returns  (cost=0.29..0.90 rows=33 width=20) (actual time=0.002..0.028 rows=33 loops=21)
                                                  Index Cond: (wr_returned_date_sk = date_dim_3.d_date_sk)
                                      ->  Index Scan using pk_item on item item_1  (cost=0.29..0.32 rows=1 width=25) (actual time=0.001..0.001 rows=1 loops=688)
                                            Index Cond: (i_item_sk = web_returns.wr_item_sk)
              ->  GroupAggregate  (cost=2403.91..2404.65 rows=42 width=25) (actual time=18.543..19.038 rows=1298 loops=1)
                    Group Key: item_2.i_item_id
                    ->  Sort  (cost=2403.91..2404.02 rows=42 width=21) (actual time=18.540..18.600 rows=1424 loops=1)
                          Sort Key: item_2.i_item_id
                          Sort Method: quicksort  Memory: 140kB
                          ->  Nested Loop  (cost=2333.81..2402.78 rows=42 width=21) (actual time=11.556..15.097 rows=1462 loops=1)
                                ->  Nested Loop  (cost=2333.52..2389.55 rows=42 width=12) (actual time=11.552..12.841 rows=1462 loops=1)
                                      ->  Nested Loop  (cost=2333.23..2340.37 rows=21 width=8) (actual time=11.545..11.581 rows=21 loops=1)
                                            ->  HashAggregate  (cost=2332.93..2333.14 rows=21 width=4) (actual time=11.541..11.545 rows=21 loops=1)
                                                  Group Key: date_dim_7.d_date
                                                  Batches: 1  Memory Usage: 24kB
                                                  ->  Hash Join  (cost=5.41..2332.88 rows=21 width=4) (actual time=5.945..11.537 rows=21 loops=1)
                                                        Hash Cond: (date_dim_7.d_week_seq = date_dim_8.d_week_seq)
                                                        ->  Seq Scan on date_dim date_dim_7  (cost=0.00..2135.49 rows=73049 width=8) (actual time=0.003..4.476 rows=73049 loops=1)
                                                        ->  Hash  (cost=5.37..5.37 rows=3 width=4) (actual time=0.010..0.010 rows=3 loops=1)
                                                              Buckets: 1024  Batches: 1  Memory Usage: 9kB
                                                              ->  HashAggregate  (cost=5.34..5.37 rows=3 width=4) (actual time=0.008..0.009 rows=3 loops=1)
                                                                    Group Key: date_dim_8.d_week_seq
                                                                    Batches: 1  Memory Usage: 24kB
                                                                    ->  Index Scan using i_d_date on date_dim date_dim_8  (cost=0.29..5.33 rows=3 width=4) (actual time=0.004..0.006 rows=3 loops=1)
                                                                          Index Cond: (d_date = ANY ('{2002-05-02,2002-10-22,2002-11-03}'::date[]))
                                            ->  Index Scan using i_d_date on date_dim date_dim_6  (cost=0.29..0.33 rows=1 width=12) (actual time=0.001..0.001 rows=1 loops=21)
                                                  Index Cond: (d_date = date_dim_7.d_date)
                                      ->  Index Scan using i_cr_returned_date_sk on catalog_returns  (cost=0.29..1.62 rows=72 width=20) (actual time=0.002..0.049 rows=70 loops=21)
                                            Index Cond: (cr_returned_date_sk = date_dim_6.d_date_sk)
                                ->  Index Scan using pk_item on item item_2  (cost=0.29..0.31 rows=1 width=25) (actual time=0.001..0.001 rows=1 loops=1462)
                                      Index Cond: (i_item_sk = catalog_returns.cr_item_sk)
     item_id      | sr_item_qty |         sr_dev         | cr_item_qty |         cr_dev         | wr_item_qty |         wr_dev         |       average       
------------------+-------------+------------------------+-------------+------------------------+-------------+------------------------+---------------------
 AAAAAAAAACNCAAAA |          44 | 0.00000000000000000000 |          50 | 0.00000000000000000000 |          34 | 0.00000000000000000000 | 42.6666666666666667
 AAAAAAAAAGKBAAAA |          12 | 0.00000000000000000000 |          32 | 0.00000000000000000000 |           9 | 0.00000000000000000000 | 17.6666666666666667
 AAAAAAAABJPDAAAA |          19 | 0.00000000000000000000 |          38 | 0.00000000000000000000 |          24 | 0.00000000000000000000 | 27.0000000000000000
 AAAAAAAACAGCAAAA |           2 | 0.00000000000000000000 |          28 | 0.00000000000000000000 |          54 | 0.00000000000000000000 | 28.0000000000000000
 AAAAAAAACBNDAAAA |          11 | 0.00000000000000000000 |          32 | 0.00000000000000000000 |          11 | 0.00000000000000000000 | 18.0000000000000000
 AAAAAAAACEEBAAAA |          68 | 0.00000000000000000000 |          10 | 0.00000000000000000000 |           8 | 0.00000000000000000000 | 28.6666666666666667
 AAAAAAAACGJAAAAA |          44 | 0.00000000000000000000 |          48 | 0.00000000000000000000 |          13 | 0.00000000000000000000 | 35.0000000000000000
 AAAAAAAACLBDAAAA |           1 | 0.00000000000000000000 |          15 | 0.00000000000000000000 |          25 | 0.00000000000000000000 | 13.6666666666666667
 AAAAAAAACNJBAAAA |           1 | 0.00000000000000000000 |          69 | 0.00000000000000000000 |           1 | 0.00000000000000000000 | 23.6666666666666667
 AAAAAAAAEIEDAAAA |          71 | 0.00000000000000000000 |          53 | 0.00000000000000000000 |          29 | 0.00000000000000000000 | 51.0000000000000000
 AAAAAAAAEMDBAAAA |          82 | 0.00000000000000000000 |          47 | 0.00000000000000000000 |          15 | 0.00000000000000000000 | 48.0000000000000000
 AAAAAAAAGDPCAAAA |             |                        |          15 |                        |          51 |                        |                    
 AAAAAAAAGFGDAAAA |          48 | 0.00000000000000000000 |          20 | 0.00000000000000000000 |           6 | 0.00000000000000000000 | 24.6666666666666667
 AAAAAAAAHNDCAAAA |          20 | 0.00000000000000000000 |          28 | 0.00000000000000000000 |          17 | 0.00000000000000000000 | 21.6666666666666667
 AAAAAAAAICJAAAAA |          23 | 0.00000000000000000000 |          10 | 0.00000000000000000000 |          32 | 0.00000000000000000000 | 21.6666666666666667
 AAAAAAAAIHHAAAAA |          85 | 0.00000000000000000000 |           8 | 0.00000000000000000000 |          43 | 0.00000000000000000000 | 45.3333333333333333
 AAAAAAAAIHNDAAAA |          18 | 0.00000000000000000000 |           8 | 0.00000000000000000000 |           9 | 0.00000000000000000000 | 11.6666666666666667
 AAAAAAAAILAEAAAA |          35 | 0.00000000000000000000 |          12 | 0.00000000000000000000 |          56 | 0.00000000000000000000 | 34.3333333333333333
 AAAAAAAAJEECAAAA |          33 | 0.00000000000000000000 |          18 | 0.00000000000000000000 |          16 | 0.00000000000000000000 | 22.3333333333333333
 AAAAAAAAJLLAAAAA |          35 | 0.00000000000000000000 |          23 | 0.00000000000000000000 |          31 | 0.00000000000000000000 | 29.6666666666666667
 AAAAAAAAKKPAAAAA |           3 | 0.00000000000000000000 |           2 | 0.00000000000000000000 |          15 | 0.00000000000000000000 |  6.6666666666666667
 AAAAAAAALABBAAAA |          10 | 0.00000000000000000000 |          11 | 0.00000000000000000000 |          26 | 0.00000000000000000000 | 15.6666666666666667
 AAAAAAAALAKBAAAA |           2 | 0.00000000000000000000 |          38 | 0.00000000000000000000 |          31 | 0.00000000000000000000 | 23.6666666666666667
 AAAAAAAALHGBAAAA |          30 | 0.00000000000000000000 |          72 | 0.00000000000000000000 |          57 | 0.00000000000000000000 | 53.0000000000000000
 AAAAAAAAMCHBAAAA |          47 | 0.00000000000000000000 |          28 | 0.00000000000000000000 |          12 | 0.00000000000000000000 | 29.0000000000000000
 AAAAAAAAMKNDAAAA |          10 | 0.00000000000000000000 |          19 | 0.00000000000000000000 |          23 | 0.00000000000000000000 | 17.3333333333333333
 AAAAAAAAMMKDAAAA |          19 | 0.00000000000000000000 |          38 | 0.00000000000000000000 |           1 | 0.00000000000000000000 | 19.3333333333333333
 AAAAAAAANCLCAAAA |          67 | 0.00000000000000000000 |          20 | 0.00000000000000000000 |           3 | 0.00000000000000000000 | 30.0000000000000000
 AAAAAAAAPHECAAAA |          12 | 0.00000000000000000000 |           6 | 0.00000000000000000000 |           1 | 0.00000000000000000000 |  6.3333333333333333
(29 rows)

UPDATE time_statistics SET e_time = TRANSACTION_TIMESTAMP() WHERE template = 'query83.tpl' AND stream = 8;
psql:/tmp/s1-basline/throughput/query_8.sql:4324: NOTICE:  duration: 0.087 ms  plan:
Query Text: UPDATE time_statistics SET e_time = TRANSACTION_TIMESTAMP() WHERE template = 'query83.tpl' AND stream = 8;
Update on time_statistics  (cost=0.00..15.87 rows=0 width=0) (actual time=0.086..0.087 rows=0 loops=1)
  ->  Seq Scan on time_statistics  (cost=0.00..15.87 rows=1 width=14) (actual time=0.072..0.072 rows=1 loops=1)
        Filter: ((template = 'query83.tpl'::text) AND (stream = 8))
        Rows Removed by Filter: 551
UPDATE 1
LOAD 'auto_explain'; SET auto_explain.log_min_duration TO 0; SET auto_explain.log_analyze TO on; SET auto_explain.log_level TO notice; INSERT INTO time_statistics (template, s_time, stream, query, seed) VALUES ('query38.tpl', TRANSACTION_TIMESTAMP(), 8, 88, 2035926997);
LOAD
SET
SET
SET
psql:/tmp/s1-basline/throughput/query_8.sql:4325: NOTICE:  duration: 0.009 ms  plan:
Query Text: INSERT INTO time_statistics (template, s_time, stream, query, seed) VALUES ('query38.tpl', TRANSACTION_TIMESTAMP(), 8, 88, 2035926997);
Insert on time_statistics  (cost=0.00..0.01 rows=0 width=0) (actual time=0.008..0.008 rows=0 loops=1)
  ->  Result  (cost=0.00..0.01 rows=1 width=64) (actual time=0.001..0.001 rows=1 loops=1)
INSERT 0 1
select  count(*) from (
    select distinct c_last_name, c_first_name, d_date
    from store_sales, date_dim, customer
          where store_sales.ss_sold_date_sk = date_dim.d_date_sk
      and store_sales.ss_customer_sk = customer.c_customer_sk
      and d_month_seq between 1203 and 1203 + 11
  intersect
    select distinct c_last_name, c_first_name, d_date
    from catalog_sales, date_dim, customer
          where catalog_sales.cs_sold_date_sk = date_dim.d_date_sk
      and catalog_sales.cs_bill_customer_sk = customer.c_customer_sk
      and d_month_seq between 1203 and 1203 + 11
  intersect
    select distinct c_last_name, c_first_name, d_date
    from web_sales, date_dim, customer
          where web_sales.ws_sold_date_sk = date_dim.d_date_sk
      and web_sales.ws_bill_customer_sk = customer.c_customer_sk
      and d_month_seq between 1203 and 1203 + 11
) hot_cust
limit 100;
psql:/tmp/s1-basline/throughput/query_8.sql:4345: NOTICE:  duration: 2179.313 ms  plan:
Query Text: select  count(*) from (
    select distinct c_last_name, c_first_name, d_date
    from store_sales, date_dim, customer
          where store_sales.ss_sold_date_sk = date_dim.d_date_sk
      and store_sales.ss_customer_sk = customer.c_customer_sk
      and d_month_seq between 1203 and 1203 + 11
  intersect
    select distinct c_last_name, c_first_name, d_date
    from catalog_sales, date_dim, customer
          where catalog_sales.cs_sold_date_sk = date_dim.d_date_sk
      and catalog_sales.cs_bill_customer_sk = customer.c_customer_sk
      and d_month_seq between 1203 and 1203 + 11
  intersect
    select distinct c_last_name, c_first_name, d_date
    from web_sales, date_dim, customer
          where web_sales.ws_sold_date_sk = date_dim.d_date_sk
      and web_sales.ws_bill_customer_sk = customer.c_customer_sk
      and d_month_seq between 1203 and 1203 + 11
) hot_cust
limit 100;
Limit  (cost=154703.90..154703.91 rows=1 width=8) (actual time=2100.381..2179.305 rows=1 loops=1)
  ->  Aggregate  (cost=154703.90..154703.91 rows=1 width=8) (actual time=2100.380..2179.303 rows=1 loops=1)
        ->  Subquery Scan on hot_cust  (cost=34594.24..154695.30 rows=3441 width=0) (actual time=2099.815..2179.293 rows=111 loops=1)
              ->  HashSetOp Intersect  (cost=34594.24..154660.89 rows=3441 width=216) (actual time=2099.814..2179.280 rows=111 loops=1)
                    ->  Append  (cost=34594.24..154584.04 rows=10247 width=216) (actual time=259.337..2175.448 rows=12032 loops=1)
                          ->  Subquery Scan on "*SELECT* 3"  (cost=34594.24..35055.22 rows=3441 width=60) (actual time=259.335..331.624 rows=11685 loops=1)
                                ->  Unique  (cost=34594.24..35020.81 rows=3441 width=56) (actual time=259.334..330.359 rows=11685 loops=1)
                                      ->  Gather Merge  (cost=34594.24..34995.01 rows=3441 width=56) (actual time=259.333..308.216 rows=140800 loops=1)
                                            Workers Planned: 2
                                            Workers Launched: 2
                                            ->  Sort  (cost=33594.22..33597.81 rows=1434 width=56) (actual time=232.805..237.471 rows=46933 loops=3)
                                                  Sort Key: customer.c_last_name, customer.c_first_name, date_dim.d_date
                                                  Sort Method: quicksort  Memory: 7363kB
                                                  Worker 0:  Sort Method: quicksort  Memory: 5100kB
                                                  Worker 1:  Sort Method: quicksort  Memory: 5127kB
                                                  ->  Nested Loop  (cost=2505.38..33519.04 rows=1434 width=56) (actual time=13.069..167.737 rows=46933 loops=3)
                                                        ->  Hash Join  (cost=2505.08..33067.05 rows=1434 width=12) (actual time=13.027..91.074 rows=46941 loops=3)
                                                              Hash Cond: (web_sales.ws_sold_date_sk = date_dim.d_date_sk)
                                                              ->  Parallel Seq Scan on web_sales  (cost=0.00..29771.63 rows=301063 width=16) (actual time=0.016..44.602 rows=237185 loops=3)
                                                              ->  Hash  (cost=2500.73..2500.73 rows=348 width=12) (actual time=12.895..12.895 rows=365 loops=3)
                                                                    Buckets: 1024  Batches: 1  Memory Usage: 26kB
                                                                    ->  Seq Scan on date_dim  (cost=0.00..2500.73 rows=348 width=12) (actual time=6.105..12.845 rows=365 loops=3)
                                                                          Filter: ((d_month_seq >= 1203) AND (d_month_seq <= 1214))
                                                                          Rows Removed by Filter: 72684
                                                        ->  Index Scan using pk_customer on customer  (cost=0.29..0.32 rows=1 width=60) (actual time=0.001..0.001 rows=1 loops=140822)
                                                              Index Cond: (c_customer_sk = web_sales.ws_bill_customer_sk)
                          ->  Result  (cost=23152.91..119477.58 rows=6806 width=216) (actual time=1763.332..1843.107 rows=347 loops=1)
                                ->  HashSetOp Intersect  (cost=23152.91..119409.52 rows=6806 width=216) (actual time=1763.331..1843.067 rows=347 loops=1)
                                      ->  Append  (cost=23152.91..119264.29 rows=19364 width=216) (actual time=574.956..1826.078 rows=77640 loops=1)
                                            ->  Subquery Scan on "*SELECT* 2"  (cost=23152.91..23289.03 rows=6806 width=60) (actual time=574.955..583.966 rows=31160 loops=1)
                                                  ->  HashAggregate  (cost=23152.91..23220.97 rows=6806 width=56) (actual time=574.954..581.634 rows=31160 loops=1)
                                                        Group Key: customer_1.c_last_name, customer_1.c_first_name, date_dim_1.d_date
                                                        Batches: 1  Memory Usage: 6673kB
                                                        ->  Nested Loop  (cost=0.72..23101.86 rows=6806 width=56) (actual time=3.635..468.762 rows=282643 loops=1)
                                                              ->  Nested Loop  (cost=0.43..20963.08 rows=6842 width=12) (actual time=3.626..100.120 rows=283306 loops=1)
                                                                    ->  Seq Scan on date_dim date_dim_1  (cost=0.00..2500.73 rows=348 width=12) (actual time=3.608..7.812 rows=365 loops=1)
                                                                          Filter: ((d_month_seq >= 1203) AND (d_month_seq <= 1214))
                                                                          Rows Removed by Filter: 72684
                                                                    ->  Index Scan using i_cs_sold_date_sk on catalog_sales  (cost=0.43..45.20 rows=785 width=16) (actual time=0.004..0.175 rows=776 loops=365)
                                                                          Index Cond: (cs_sold_date_sk = date_dim_1.d_date_sk)
                                                              ->  Index Scan using pk_customer on customer customer_1  (cost=0.29..0.31 rows=1 width=60) (actual time=0.001..0.001 rows=1 loops=283306)
                                                                    Index Cond: (c_customer_sk = catalog_sales.cs_bill_customer_sk)
                                            ->  Subquery Scan on "*SELECT* 1"  (cost=94196.09..95878.44 rows=12558 width=60) (actual time=870.586..1237.511 rows=46480 loops=1)
                                                  ->  Unique  (cost=94196.09..95752.86 rows=12558 width=56) (actual time=870.584..1232.566 rows=46480 loops=1)
                                                        ->  Gather Merge  (cost=94196.09..95658.68 rows=12558 width=56) (actual time=870.583..1151.756 rows=527245 loops=1)
                                                              Workers Planned: 2
                                                              Workers Launched: 2
                                                              ->  Sort  (cost=93196.07..93209.15 rows=5232 width=56) (actual time=825.124..865.996 rows=175748 loops=3)
                                                                    Sort Key: customer_2.c_last_name, customer_2.c_first_name, date_dim_2.d_date
                                                                    Sort Method: external merge  Disk: 12952kB
                                                                    Worker 0:  Sort Method: external merge  Disk: 10152kB
                                                                    Worker 1:  Sort Method: external merge  Disk: 10072kB
                                                                    ->  Nested Loop  (cost=2505.38..92872.91 rows=5232 width=56) (actual time=13.555..536.360 rows=175748 loops=3)
                                                                          ->  Hash Join  (cost=2505.08..91166.38 rows=5482 width=12) (actual time=13.508..261.519 rows=179964 loops=3)
                                                                                Hash Cond: (store_sales.ss_sold_date_sk = date_dim_2.d_date_sk)
                                                                                ->  Parallel Seq Scan on store_sales  (cost=0.00..85499.45 rows=1204445 width=16) (actual time=0.014..124.735 rows=948150 loops=3)
                                                                                ->  Hash  (cost=2500.73..2500.73 rows=348 width=12) (actual time=13.370..13.371 rows=365 loops=3)
                                                                                      Buckets: 1024  Batches: 1  Memory Usage: 26kB
                                                                                      ->  Seq Scan on date_dim date_dim_2  (cost=0.00..2500.73 rows=348 width=12) (actual time=6.339..13.320 rows=365 loops=3)
                                                                                            Filter: ((d_month_seq >= 1203) AND (d_month_seq <= 1214))
                                                                                            Rows Removed by Filter: 72684
                                                                          ->  Index Scan using pk_customer on customer customer_2  (cost=0.29..0.31 rows=1 width=60) (actual time=0.001..0.001 rows=1 loops=539892)
                                                                                Index Cond: (c_customer_sk = store_sales.ss_customer_sk)
 count 
-------
   111
(1 row)

UPDATE time_statistics SET e_time = TRANSACTION_TIMESTAMP() WHERE template = 'query38.tpl' AND stream = 8;
psql:/tmp/s1-basline/throughput/query_8.sql:4347: NOTICE:  duration: 0.094 ms  plan:
Query Text: UPDATE time_statistics SET e_time = TRANSACTION_TIMESTAMP() WHERE template = 'query38.tpl' AND stream = 8;
Update on time_statistics  (cost=0.00..15.87 rows=0 width=0) (actual time=0.093..0.093 rows=0 loops=1)
  ->  Seq Scan on time_statistics  (cost=0.00..15.87 rows=1 width=14) (actual time=0.078..0.078 rows=1 loops=1)
        Filter: ((template = 'query38.tpl'::text) AND (stream = 8))
        Rows Removed by Filter: 552
UPDATE 1
LOAD 'auto_explain'; SET auto_explain.log_min_duration TO 0; SET auto_explain.log_analyze TO on; SET auto_explain.log_level TO notice; INSERT INTO time_statistics (template, s_time, stream, query, seed) VALUES ('query68.tpl', TRANSACTION_TIMESTAMP(), 8, 89, 1641845163);
LOAD
SET
SET
SET
psql:/tmp/s1-basline/throughput/query_8.sql:4348: NOTICE:  duration: 0.009 ms  plan:
Query Text: INSERT INTO time_statistics (template, s_time, stream, query, seed) VALUES ('query68.tpl', TRANSACTION_TIMESTAMP(), 8, 89, 1641845163);
Insert on time_statistics  (cost=0.00..0.01 rows=0 width=0) (actual time=0.008..0.008 rows=0 loops=1)
  ->  Result  (cost=0.00..0.01 rows=1 width=64) (actual time=0.001..0.001 rows=1 loops=1)
INSERT 0 1
select  c_last_name
       ,c_first_name
       ,ca_city
       ,bought_city
       ,ss_ticket_number
       ,extended_price
       ,extended_tax
       ,list_price
 from (select ss_ticket_number
             ,ss_customer_sk
             ,ca_city bought_city
             ,sum(ss_ext_sales_price) extended_price 
             ,sum(ss_ext_list_price) list_price
             ,sum(ss_ext_tax) extended_tax 
       from store_sales
           ,date_dim
           ,store
           ,household_demographics
           ,customer_address 
       where store_sales.ss_sold_date_sk = date_dim.d_date_sk
         and store_sales.ss_store_sk = store.s_store_sk  
        and store_sales.ss_hdemo_sk = household_demographics.hd_demo_sk
        and store_sales.ss_addr_sk = customer_address.ca_address_sk
        and date_dim.d_dom between 1 and 2 
        and (household_demographics.hd_dep_count = 3 or
             household_demographics.hd_vehicle_count= 4)
        and date_dim.d_year in (2000,2000+1,2000+2)
        and store.s_city in ('Fairview','Midway')
       group by ss_ticket_number
               ,ss_customer_sk
               ,ss_addr_sk,ca_city) dn
      ,customer
      ,customer_address current_addr
 where ss_customer_sk = c_customer_sk
   and customer.c_current_addr_sk = current_addr.ca_address_sk
   and current_addr.ca_city <> bought_city
 order by c_last_name
         ,ss_ticket_number
 limit 100;
psql:/tmp/s1-basline/throughput/query_8.sql:4387: NOTICE:  duration: 261.661 ms  plan:
Query Text: select  c_last_name
       ,c_first_name
       ,ca_city
       ,bought_city
       ,ss_ticket_number
       ,extended_price
       ,extended_tax
       ,list_price
 from (select ss_ticket_number
             ,ss_customer_sk
             ,ca_city bought_city
             ,sum(ss_ext_sales_price) extended_price 
             ,sum(ss_ext_list_price) list_price
             ,sum(ss_ext_tax) extended_tax 
       from store_sales
           ,date_dim
           ,store
           ,household_demographics
           ,customer_address 
       where store_sales.ss_sold_date_sk = date_dim.d_date_sk
         and store_sales.ss_store_sk = store.s_store_sk  
        and store_sales.ss_hdemo_sk = household_demographics.hd_demo_sk
        and store_sales.ss_addr_sk = customer_address.ca_address_sk
        and date_dim.d_dom between 1 and 2 
        and (household_demographics.hd_dep_count = 3 or
             household_demographics.hd_vehicle_count= 4)
        and date_dim.d_year in (2000,2000+1,2000+2)
        and store.s_city in ('Fairview','Midway')
       group by ss_ticket_number
               ,ss_customer_sk
               ,ss_addr_sk,ca_city) dn
      ,customer
      ,customer_address current_addr
 where ss_customer_sk = c_customer_sk
   and customer.c_current_addr_sk = current_addr.ca_address_sk
   and current_addr.ca_city <> bought_city
 order by c_last_name
         ,ss_ticket_number
 limit 100;
Limit  (cost=77271.87..77272.12 rows=100 width=102) (actual time=261.547..261.560 rows=100 loops=1)
  ->  Sort  (cost=77271.87..77273.34 rows=589 width=102) (actual time=261.546..261.553 rows=100 loops=1)
        Sort Key: customer.c_last_name, store_sales.ss_ticket_number
        Sort Method: top-N heapsort  Memory: 47kB
        ->  Nested Loop  (cost=75978.47..77249.36 rows=589 width=102) (actual time=244.439..260.105 rows=2146 loops=1)
              Join Filter: ((current_addr.ca_city)::text <> (customer_address.ca_city)::text)
              Rows Removed by Join Filter: 155
              ->  Nested Loop  (cost=75978.18..77052.29 rows=590 width=101) (actual time=244.433..256.021 rows=2301 loops=1)
                    ->  GroupAggregate  (cost=75977.89..75995.59 rows=590 width=57) (actual time=244.422..250.839 rows=2381 loops=1)
                          Group Key: store_sales.ss_ticket_number, store_sales.ss_customer_sk, store_sales.ss_addr_sk, customer_address.ca_city
                          ->  Sort  (cost=75977.89..75979.36 rows=590 width=57) (actual time=244.411..245.433 rows=25331 loops=1)
                                Sort Key: store_sales.ss_ticket_number, store_sales.ss_customer_sk, store_sales.ss_addr_sk, customer_address.ca_city
                                Sort Method: quicksort  Memory: 3276kB
                                ->  Nested Loop  (cost=1.00..75950.74 rows=590 width=57) (actual time=4.847..235.448 rows=25331 loops=1)
                                      ->  Nested Loop  (cost=0.71..75760.40 rows=618 width=48) (actual time=4.841..202.713 rows=25479 loops=1)
                                            Join Filter: (store_sales.ss_store_sk = store.s_store_sk)
                                            Rows Removed by Join Filter: 113821
                                            ->  Nested Loop  (cost=0.71..75650.32 rows=649 width=56) (actual time=4.831..186.446 rows=25790 loops=1)
                                                  ->  Nested Loop  (cost=0.43..74820.03 rows=2722 width=64) (actual time=4.753..61.345 rows=106163 loops=1)
                                                        ->  Seq Scan on date_dim  (cost=0.00..2774.67 rows=72 width=8) (actual time=4.739..9.896 rows=72 loops=1)
                                                              Filter: ((d_dom >= 1) AND (d_dom <= 2) AND (d_year = ANY ('{2000,2001,2002}'::integer[])))
                                                              Rows Removed by Filter: 72977
                                                        ->  Index Scan using i_ss_sold_date_sk on store_sales  (cost=0.43..985.48 rows=1515 width=72) (actual time=0.006..0.439 rows=1474 loops=72)
                                                              Index Cond: (ss_sold_date_sk = date_dim.d_date_sk)
                                                  ->  Index Scan using pk_household_demographics on household_demographics  (cost=0.28..0.31 rows=1 width=8) (actual time=0.001..0.001 rows=0 loops=106163)
                                                        Index Cond: (hd_demo_sk = store_sales.ss_hdemo_sk)
                                                        Filter: ((hd_dep_count = 3) OR (hd_vehicle_count = 4))
                                                        Rows Removed by Filter: 1
                                            ->  Materialize  (cost=0.00..1.21 rows=12 width=8) (actual time=0.000..0.000 rows=5 loops=25790)
                                                  ->  Seq Scan on store  (cost=0.00..1.15 rows=12 width=8) (actual time=0.003..0.008 rows=12 loops=1)
                                                        Filter: ((s_city)::text = ANY ('{Fairview,Midway}'::text[]))
                                      ->  Index Scan using pk_customer_address on customer_address  (cost=0.29..0.31 rows=1 width=17) (actual time=0.001..0.001 rows=1 loops=25479)
                                            Index Cond: (ca_address_sk = store_sales.ss_addr_sk)
                    ->  Index Scan using pk_customer on customer  (cost=0.29..1.78 rows=1 width=68) (actual time=0.002..0.002 rows=1 loops=2381)
                          Index Cond: (c_customer_sk = store_sales.ss_customer_sk)
              ->  Index Scan using pk_customer_address on customer_address current_addr  (cost=0.29..0.32 rows=1 width=17) (actual time=0.001..0.001 rows=1 loops=2301)
                    Index Cond: (ca_address_sk = customer.c_current_addr_sk)
          c_last_name           |     c_first_name     |     ca_city     |   bought_city   | ss_ticket_number |   extended_price   |    extended_tax    |     list_price     
--------------------------------+----------------------+-----------------+-----------------+------------------+--------------------+--------------------+--------------------
 Abernathy                      | Marcelo              | Waterloo        | Mountain View   |           115275 |           25720.99 |             889.46 |           41232.03
 Acevedo                        | Kelli                | Saint Clair     | Glenwood        |           182560 | 2411.4199999999996 |              83.91 |  8333.949999999999
 Acevedo                        | Darryl               | Fairview        | Walnut Grove    |           214077 |            8781.38 |  580.7900000000001 |           15143.82
 Acosta                         | Dennis               | Mount Olive     | Union           |           111038 | 12908.550000000001 |  624.9200000000001 |           27272.28
 Acosta                         | James                | Georgetown      | River Oaks      |           182973 |           29481.88 |            1850.64 |           78439.51
 Adam                           | Joe                  | Oakwood         | Elkton          |            15224 | 14912.720000000001 |  952.9000000000001 | 24767.239999999998
 Adams                          |                      | Friendship      | Riverview       |            48683 |           44935.38 | 1360.1399999999999 |           75346.85
 Adams                          | Barbara              | Franklin        | Spring Valley   |           170891 |            8344.57 |             531.47 | 23699.309999999998
 Adams                          | Sharon               | Riverside       | Ridgeville      |           200030 |           31995.33 |            1792.11 |  52836.03999999999
 Addison                        | Amanda               | Woodlawn        | Friendship      |            95084 | 14788.990000000002 |             576.94 | 37660.189999999995
 Adkins                         |                      | Sulphur Springs | Oakland         |            67449 |            9363.57 |             356.76 |            28296.8
 Agee                           | Clarence             | Kingston        | Lakewood        |           191995 | 32636.639999999996 | 1095.5300000000002 |           64380.24
 Agnew                          | Christopher          | Waterloo        | Union Hill      |           117649 |            8304.44 | 208.75999999999996 |           20075.81
 Aguilar                        | Rayford              | Rosebud         | Hopewell        |             6536 | 19115.370000000003 |             461.33 |           41444.96
 Aguilar                        | Maxine               | Providence      | Highland Park   |            65483 |            33495.4 | 1758.7999999999997 |           72301.41
 Aguilar                        | Anna                 | Highland        | Springfield     |            80996 | 23094.000000000004 | 483.10999999999996 |  37435.82000000001
 Ahern                          | Ella                 | Forestville     | Liberty         |            89589 | 14525.480000000001 |             642.93 |            38951.5
 Ahmad                          | Reginald             | New Hope        | Paxton          |           217615 |           22368.34 |            1065.33 |           49734.18
 Akers                          | Harriett             | Antioch         | Highland Park   |           109389 | 23967.710000000003 |             754.91 |           40442.85
 Akers                          | Belinda              | Buena Vista     | Edgewood        |           148484 |           26491.35 |             948.12 | 42746.340000000004
 Akers                          | Harriett             | Antioch         | Kingston        |           212353 |           34160.69 | 1388.0800000000002 |           71793.69
 Akins                          | Linda                | Bunker Hill     | Lincoln         |            10420 |           25103.95 |             676.57 |           42763.29
 Albrecht                       | John                 | Walnut Grove    | Spring Hill     |           180120 |             9607.4 |             342.85 | 28292.459999999995
 Albrecht                       | Faye                 | Red Hill        | Florence        |           219263 |           10990.75 | 337.84000000000003 | 25987.520000000004
 Albright                       | Charles              | Mountain View   | Rock Creek      |           182707 | 20731.210000000003 |             785.87 | 41753.049999999996
 Alcala                         | Robin                | Mount Vernon    | Union Hill      |           176592 |           40214.34 |            2231.24 |  76066.91999999998
 Alexander                      | Ken                  | Macedonia       | Pleasant Grove  |           186087 | 20085.670000000002 |             949.97 | 42963.329999999994
 Alexander                      | Madeline             | Stringtown      | Bethel          |           189607 |           29760.59 |            1581.74 |  52741.12000000001
 Alfonso                        | Jason                | Enterprise      | Woodlawn        |           173657 |           30534.32 |            1224.02 | 57734.090000000004
 Alford                         | Rita                 | Riceville       | Springdale      |           153894 |           16079.15 |             621.86 | 39130.840000000004
 Alford                         | Susan                | Belfast         | Springfield     |           176144 |           25280.52 |                632 |           41976.63
 Alger                          | Teresa               | Oak Hill        | White Oak       |            63025 |           17239.32 | 326.40999999999997 |           22584.61
 Allard                         | Lupe                 | Stringtown      | Greenfield      |            79813 |           25640.77 | 300.96999999999997 |            40863.1
 Allen                          | Vanessa              | Riverview       | Lincoln         |            37538 |           15822.52 |             769.56 | 32800.350000000006
 Allen                          | Alexandra            | Glenwood        | Liberty         |            52709 | 19052.670000000002 |             550.55 | 40836.880000000005
 Allen                          | Janice               | Harmony         | Spring Valley   |            58165 | 15680.330000000002 |             398.45 |           40870.76
 Allen                          | Joann                | Arlington       | Marion          |            63888 | 24279.130000000005 |            1006.54 |           43895.88
 Allen                          | Steven               | Mount Olive     | Franklin        |            87794 |            13548.6 |             733.04 | 27695.409999999996
 Allen                          | Steven               | Georgetown      | Springdale      |            96274 |           25378.26 |  823.0999999999999 | 55739.369999999995
 Allen                          | Olive                | Mount Olive     | Riverview       |           138121 | 27925.820000000003 | 1363.0600000000002 |  45092.75999999999
 Allen                          | Helen                | Clinton         | Woodville       |           151763 | 20586.710000000003 | 1103.8300000000002 | 46706.149999999994
 Allen                          | Ted                  | Mount Olive     | Riverview       |           177477 |           20907.95 |             823.68 | 28395.949999999997
 Allen                          | Paulette             | Jamestown       | Hillcrest       |           183090 | 19707.109999999997 |  876.7099999999999 |           39502.35
 Allison                        | Harold               | Lakewood        | Sulphur Springs |            67985 |           14641.61 |             661.72 | 25900.489999999998
 Almanza                        | Harold               | Fairview        | Union Hill      |           238483 | 30514.100000000002 |            1298.77 | 53796.229999999996
 Alvarez                        | Ruth                 | Wilson          | Centerville     |           168056 |           40823.52 | 1503.5599999999997 |  82424.63000000002
 Amundson                       | David                | Spring Hill     | Richardson      |           111700 |           29339.21 |             795.93 |           58915.36
 Anaya                          | Virginia             | Oakwood         | Brownsville     |           181046 | 17059.070000000003 |             720.83 | 42735.420000000006
 Anderson                       | Calvin               | Spring Valley   | Lakeside        |            35941 | 18604.659999999996 |  799.8399999999999 | 37524.009999999995
 Anderson                       |                      | Pleasant Hill   | Providence      |            94072 | 21582.559999999998 | 1266.1699999999998 | 37887.700000000004
 Anderson                       | Debbie               | Holt            | Georgetown      |           107140 | 13808.390000000001 |             555.08 | 43945.259999999995
 Anderson                       | Ruben                | Concord         | Harmony         |           120800 |           10168.83 |  519.6400000000001 | 38405.520000000004
 Anderson                       | William              | Woodland Park   | Florence        |           128612 |            23976.2 | 1293.0100000000002 |  59554.03999999999
 Anderson                       | Dorothy              | Cedar Grove     | Pleasant Hill   |           139014 |           32955.33 | 1583.0700000000002 |           57623.56
 Anderson                       | Janette              | Cedar Grove     | Antioch         |           158706 |  6815.060000000001 | 245.80999999999997 |           11097.91
 Anderson                       | Rachel               | Maple Grove     | Antioch         |           165105 | 14132.480000000003 |  854.4099999999999 | 37944.340000000004
 Anderson                       | Valentina            | New Hope        | Sulphur Springs |           171642 |           22524.18 |            1139.16 |  47419.67999999999
 Anderson                       | John                 | Green Acres     | Red Oak         |           199573 | 22547.989999999998 |            1054.64 |  40908.03999999999
 Anderson                       | Elmer                | Shiloh          | Union           |           230329 | 23169.370000000003 |  832.7500000000001 |           38273.18
 Andrews                        | Carmen               | Kingston        | Ashland         |            47826 | 22844.469999999998 |            1158.56 | 42198.340000000004
 Andrews                        | Luisa                | Oakdale         | Edgewood        |            95496 | 22240.090000000004 | 1162.4499999999998 |           41208.93
 Angel                          | Wanda                | Hillcrest       | Five Forks      |            78909 | 16354.309999999998 |  779.3500000000001 |            43243.5
 Angel                          | Matthew              | Oakwood         | Red Hill        |           228855 | 17256.260000000002 | 508.40000000000003 | 46087.670000000006
 Antonio                        | Maryellen            | Woodland        | Forest Hills    |           238068 |           34035.93 | 1709.7199999999998 |  68696.79000000001
 Aponte                         | Michael              | Ashland         | Union Hill      |           174598 |             5264.8 | 158.14999999999998 |            9346.98
 Archie                         | Janet                | Highland Park   | Enterprise      |           121415 | 27891.960000000003 |             978.48 | 47893.619999999995
 Armstrong                      | Kelsey               | Friendship      | Deerfield       |           172023 |            17517.6 |             304.68 |           36762.89
 Arnold                         | Felicia              | Jamestown       | Deerfield       |            23665 |           21263.22 |            1266.97 |  46683.35999999999
 Ashcraft                       | Andy                 | Glenwood        | Sunnyside       |            36956 |  5742.679999999999 | 250.89000000000001 |           14020.74
 Ashton                         | Joycelyn             | Fairfield       | Spring Valley   |            86361 | 16708.100000000002 |  704.0899999999999 |           44229.13
 Ashworth                       | Marguerite           | Farmington      | Crossroads      |           232768 |            18122.2 |             565.72 |  34333.03999999999
 Askew                          | Edward               | Union Hill      | Highland Park   |            88081 |           13877.92 |             486.29 |           30583.54
 Atkinson                       | Daisy                | Clinton         | Rankin          |            10722 | 25291.389999999996 |             606.63 | 45046.939999999995
 Atwood                         | Rhonda               | Price           | Sunnyside       |           145364 |           23759.66 | 1528.8700000000001 |           51698.66
 Austin                         | Mark                 | Riverside       | Newtown         |           217139 |           18399.55 |            1109.04 | 42412.060000000005
 Aviles                         | Jeffery              | Friendship      | Macon           |           215309 |            18357.2 |  829.2900000000001 |  34328.71000000001
 Ayers                          | Helena               | Oakland         | Oakwood         |           129215 |           11207.77 |             329.89 | 21066.580000000005
 Baez                           | Wanda                | Jamestown       | Springdale      |            30097 | 11747.800000000001 |             394.63 | 26122.940000000002
 Baez                           | Alexander            | Little River    | Five Points     |            54358 | 11729.670000000002 |             141.78 | 25109.059999999998
 Bagwell                        | Alvaro               | Roscoe          | Five Points     |            94012 |           19005.28 | 1144.8600000000001 |           33678.85
 Bailey                         | Dina                 | Sulphur Springs | Milo            |           140284 |           19365.31 |  624.8600000000001 |           33404.57
 Bailey                         | Jessie               | Macedonia       | Friendship      |           230853 |           27888.48 |             815.04 |  47121.13999999999
 Baker                          | Tyler                | Woodland        | Enterprise      |            20222 | 21947.829999999998 |             536.74 | 38630.810000000005
 Baker                          | Jorge                | Highland        | Midway          |           121160 | 15211.430000000002 |             786.84 |           34431.84
 Baker                          | Douglas              | Shelby          | Shady Grove     |           125545 |           19371.58 |             907.75 |           40947.64
 Baker                          | Irma                 | Franklin        | Riverview       |           236956 |             4201.5 |             175.86 |           10001.61
 Baldwin                        | Christopher          | Hillcrest       | Bethel          |            28518 | 20146.010000000002 |             761.94 |           33326.55
 Baldwin                        | Sarah                | Five Forks      | Mount Vernon    |           139173 |            6673.77 |             253.04 |           27486.06
 Baldwin                        | Rosa                 | Walnut Grove    | Wildwood        |           161653 |  9235.480000000001 |  526.5699999999999 |           22859.38
 Ball                           | Dorothy              | Crossroads      | Woodville       |           182663 | 26832.839999999997 | 1038.3799999999999 | 43911.289999999986
 Banks                          | Efrain               | Cedar Grove     | Jamestown       |           151418 | 18088.059999999998 | 1120.0900000000001 | 26482.850000000002
 Bard                           | Joyce                | Gilmore         | Riverview       |            16809 |            8219.06 | 199.39999999999998 | 24066.699999999997
 Barfield                       | James                | Woodlawn        | Fairview        |           219143 | 30412.920000000002 |              834.5 |           40211.66
 Barham                         | Mark                 | Kingston        | Glendale        |           222040 |             7603.9 |             302.82 |           25958.93
 Barker                         | Janet                | Ashland         | Pine Grove      |           164889 |           29375.55 |            1399.75 |           70347.48
 Barkley                        | Erika                | Pleasant Valley | Highland        |             5402 |           24413.23 |            1078.06 | 53311.439999999995
 Barlow                         | Thomas               | Carpenter       | Pine Grove      |            29286 |  48083.74999999999 | 1917.3000000000002 |           73217.97
 Barnes                         | Jo                   | New Hope        | Waterloo        |            22965 |           13099.76 |  586.0600000000001 |           26531.96
 Barnes                         | Crystal              | Belmont         | Mountain View   |            68319 |           18383.24 |  574.4800000000001 |           29649.65
 Barnes                         | Hilda                | Riverdale       | Mount Olive     |            79045 |           33008.93 |  646.5999999999999 |           67753.01
(100 rows)

UPDATE time_statistics SET e_time = TRANSACTION_TIMESTAMP() WHERE template = 'query68.tpl' AND stream = 8;
psql:/tmp/s1-basline/throughput/query_8.sql:4389: NOTICE:  duration: 0.086 ms  plan:
Query Text: UPDATE time_statistics SET e_time = TRANSACTION_TIMESTAMP() WHERE template = 'query68.tpl' AND stream = 8;
Update on time_statistics  (cost=0.00..15.87 rows=0 width=0) (actual time=0.085..0.085 rows=0 loops=1)
  ->  Seq Scan on time_statistics  (cost=0.00..15.87 rows=1 width=14) (actual time=0.071..0.071 rows=1 loops=1)
        Filter: ((template = 'query68.tpl'::text) AND (stream = 8))
        Rows Removed by Filter: 553
UPDATE 1
LOAD 'auto_explain'; SET auto_explain.log_min_duration TO 0; SET auto_explain.log_analyze TO on; SET auto_explain.log_level TO notice; INSERT INTO time_statistics (template, s_time, stream, query, seed) VALUES ('query4.tpl', TRANSACTION_TIMESTAMP(), 8, 90, 460798980);
LOAD
SET
SET
SET
psql:/tmp/s1-basline/throughput/query_8.sql:4390: NOTICE:  duration: 0.009 ms  plan:
Query Text: INSERT INTO time_statistics (template, s_time, stream, query, seed) VALUES ('query4.tpl', TRANSACTION_TIMESTAMP(), 8, 90, 460798980);
Insert on time_statistics  (cost=0.00..0.01 rows=0 width=0) (actual time=0.008..0.009 rows=0 loops=1)
  ->  Result  (cost=0.00..0.01 rows=1 width=64) (actual time=0.001..0.002 rows=1 loops=1)
INSERT 0 1
with year_total as (
 select c_customer_id customer_id
       ,c_first_name customer_first_name
       ,c_last_name customer_last_name
       ,c_preferred_cust_flag customer_preferred_cust_flag
       ,c_birth_country customer_birth_country
       ,c_login customer_login
       ,c_email_address customer_email_address
       ,d_year dyear
       ,sum(((ss_ext_list_price-ss_ext_wholesale_cost-ss_ext_discount_amt)+ss_ext_sales_price)/2) year_total
       ,'s' sale_type
 from customer
     ,store_sales
     ,date_dim
 where c_customer_sk = ss_customer_sk
   and ss_sold_date_sk = d_date_sk
 group by c_customer_id
         ,c_first_name
         ,c_last_name
         ,c_preferred_cust_flag
         ,c_birth_country
         ,c_login
         ,c_email_address
         ,d_year
 union all
 select c_customer_id customer_id
       ,c_first_name customer_first_name
       ,c_last_name customer_last_name
       ,c_preferred_cust_flag customer_preferred_cust_flag
       ,c_birth_country customer_birth_country
       ,c_login customer_login
       ,c_email_address customer_email_address
       ,d_year dyear
       ,sum((((cs_ext_list_price-cs_ext_wholesale_cost-cs_ext_discount_amt)+cs_ext_sales_price)/2) ) year_total
       ,'c' sale_type
 from customer
     ,catalog_sales
     ,date_dim
 where c_customer_sk = cs_bill_customer_sk
   and cs_sold_date_sk = d_date_sk
 group by c_customer_id
         ,c_first_name
         ,c_last_name
         ,c_preferred_cust_flag
         ,c_birth_country
         ,c_login
         ,c_email_address
         ,d_year
union all
 select c_customer_id customer_id
       ,c_first_name customer_first_name
       ,c_last_name customer_last_name
       ,c_preferred_cust_flag customer_preferred_cust_flag
       ,c_birth_country customer_birth_country
       ,c_login customer_login
       ,c_email_address customer_email_address
       ,d_year dyear
       ,sum((((ws_ext_list_price-ws_ext_wholesale_cost-ws_ext_discount_amt)+ws_ext_sales_price)/2) ) year_total
       ,'w' sale_type
 from customer
     ,web_sales
     ,date_dim
 where c_customer_sk = ws_bill_customer_sk
   and ws_sold_date_sk = d_date_sk
 group by c_customer_id
         ,c_first_name
         ,c_last_name
         ,c_preferred_cust_flag
         ,c_birth_country
         ,c_login
         ,c_email_address
         ,d_year
         )
  select  
                  t_s_secyear.customer_id
                 ,t_s_secyear.customer_first_name
                 ,t_s_secyear.customer_last_name
                 ,t_s_secyear.customer_login
 from year_total t_s_firstyear
     ,year_total t_s_secyear
     ,year_total t_c_firstyear
     ,year_total t_c_secyear
     ,year_total t_w_firstyear
     ,year_total t_w_secyear
 where t_s_secyear.customer_id = t_s_firstyear.customer_id
   and t_s_firstyear.customer_id = t_c_secyear.customer_id
   and t_s_firstyear.customer_id = t_c_firstyear.customer_id
   and t_s_firstyear.customer_id = t_w_firstyear.customer_id
   and t_s_firstyear.customer_id = t_w_secyear.customer_id
   and t_s_firstyear.sale_type = 's'
   and t_c_firstyear.sale_type = 'c'
   and t_w_firstyear.sale_type = 'w'
   and t_s_secyear.sale_type = 's'
   and t_c_secyear.sale_type = 'c'
   and t_w_secyear.sale_type = 'w'
   and t_s_firstyear.dyear =  1998
   and t_s_secyear.dyear = 1998+1
   and t_c_firstyear.dyear =  1998
   and t_c_secyear.dyear =  1998+1
   and t_w_firstyear.dyear = 1998
   and t_w_secyear.dyear = 1998+1
   and t_s_firstyear.year_total > 0
   and t_c_firstyear.year_total > 0
   and t_w_firstyear.year_total > 0
   and case when t_c_firstyear.year_total > 0 then t_c_secyear.year_total / t_c_firstyear.year_total else null end
           > case when t_s_firstyear.year_total > 0 then t_s_secyear.year_total / t_s_firstyear.year_total else null end
   and case when t_c_firstyear.year_total > 0 then t_c_secyear.year_total / t_c_firstyear.year_total else null end
           > case when t_w_firstyear.year_total > 0 then t_w_secyear.year_total / t_w_firstyear.year_total else null end
 order by t_s_secyear.customer_id
         ,t_s_secyear.customer_first_name
         ,t_s_secyear.customer_last_name
         ,t_s_secyear.customer_login
limit 100;
psql:/tmp/s1-basline/throughput/query_8.sql:4503: NOTICE:  duration: 3597321.690 ms  plan:
Query Text: with year_total as (
 select c_customer_id customer_id
       ,c_first_name customer_first_name
       ,c_last_name customer_last_name
       ,c_preferred_cust_flag customer_preferred_cust_flag
       ,c_birth_country customer_birth_country
       ,c_login customer_login
       ,c_email_address customer_email_address
       ,d_year dyear
       ,sum(((ss_ext_list_price-ss_ext_wholesale_cost-ss_ext_discount_amt)+ss_ext_sales_price)/2) year_total
       ,'s' sale_type
 from customer
     ,store_sales
     ,date_dim
 where c_customer_sk = ss_customer_sk
   and ss_sold_date_sk = d_date_sk
 group by c_customer_id
         ,c_first_name
         ,c_last_name
         ,c_preferred_cust_flag
         ,c_birth_country
         ,c_login
         ,c_email_address
         ,d_year
 union all
 select c_customer_id customer_id
       ,c_first_name customer_first_name
       ,c_last_name customer_last_name
       ,c_preferred_cust_flag customer_preferred_cust_flag
       ,c_birth_country customer_birth_country
       ,c_login customer_login
       ,c_email_address customer_email_address
       ,d_year dyear
       ,sum((((cs_ext_list_price-cs_ext_wholesale_cost-cs_ext_discount_amt)+cs_ext_sales_price)/2) ) year_total
       ,'c' sale_type
 from customer
     ,catalog_sales
     ,date_dim
 where c_customer_sk = cs_bill_customer_sk
   and cs_sold_date_sk = d_date_sk
 group by c_customer_id
         ,c_first_name
         ,c_last_name
         ,c_preferred_cust_flag
         ,c_birth_country
         ,c_login
         ,c_email_address
         ,d_year
union all
 select c_customer_id customer_id
       ,c_first_name customer_first_name
       ,c_last_name customer_last_name
       ,c_preferred_cust_flag customer_preferred_cust_flag
       ,c_birth_country customer_birth_country
       ,c_login customer_login
       ,c_email_address customer_email_address
       ,d_year dyear
       ,sum((((ws_ext_list_price-ws_ext_wholesale_cost-ws_ext_discount_amt)+ws_ext_sales_price)/2) ) year_total
       ,'w' sale_type
 from customer
     ,web_sales
     ,date_dim
 where c_customer_sk = ws_bill_customer_sk
   and ws_sold_date_sk = d_date_sk
 group by c_customer_id
         ,c_first_name
         ,c_last_name
         ,c_preferred_cust_flag
         ,c_birth_country
         ,c_login
         ,c_email_address
         ,d_year
         )
  select  
                  t_s_secyear.customer_id
                 ,t_s_secyear.customer_first_name
                 ,t_s_secyear.customer_last_name
                 ,t_s_secyear.customer_login
 from year_total t_s_firstyear
     ,year_total t_s_secyear
     ,year_total t_c_firstyear
     ,year_total t_c_secyear
     ,year_total t_w_firstyear
     ,year_total t_w_secyear
 where t_s_secyear.customer_id = t_s_firstyear.customer_id
   and t_s_firstyear.customer_id = t_c_secyear.customer_id
   and t_s_firstyear.customer_id = t_c_firstyear.customer_id
   and t_s_firstyear.customer_id = t_w_firstyear.customer_id
   and t_s_firstyear.customer_id = t_w_secyear.customer_id
   and t_s_firstyear.sale_type = 's'
   and t_c_firstyear.sale_type = 'c'
   and t_w_firstyear.sale_type = 'w'
   and t_s_secyear.sale_type = 's'
   and t_c_secyear.sale_type = 'c'
   and t_w_secyear.sale_type = 'w'
   and t_s_firstyear.dyear =  1998
   and t_s_secyear.dyear = 1998+1
   and t_c_firstyear.dyear =  1998
   and t_c_secyear.dyear =  1998+1
   and t_w_firstyear.dyear = 1998
   and t_w_secyear.dyear = 1998+1
   and t_s_firstyear.year_total > 0
   and t_c_firstyear.year_total > 0
   and t_w_firstyear.year_total > 0
   and case when t_c_firstyear.year_total > 0 then t_c_secyear.year_total / t_c_firstyear.year_total else null end
           > case when t_s_firstyear.year_total > 0 then t_s_secyear.year_total / t_s_firstyear.year_total else null end
   and case when t_c_firstyear.year_total > 0 then t_c_secyear.year_total / t_c_firstyear.year_total else null end
           > case when t_w_firstyear.year_total > 0 then t_w_secyear.year_total / t_w_firstyear.year_total else null end
 order by t_s_secyear.customer_id
         ,t_s_secyear.customer_first_name
         ,t_s_secyear.customer_last_name
         ,t_s_secyear.customer_login
limit 100;
Limit  (cost=1895627.55..1895627.55 rows=1 width=332) (actual time=3597321.522..3597321.679 rows=4 loops=1)
  CTE year_total
    ->  Gather  (cost=255096.20..1141618.50 rows=4787025 width=231) (actual time=999.252..4604.165 rows=380239 loops=1)
          Workers Planned: 2
          Workers Launched: 2
          ->  Parallel Append  (cost=254096.20..661916.00 rows=1994593 width=231) (actual time=2357.004..2697.584 rows=126746 loops=3)
                ->  HashAggregate  (cost=439614.71..625582.20 rows=2636084 width=231) (actual time=3914.360..4611.320 rows=188832 loops=1)
                      Group Key: customer.c_customer_id, customer.c_first_name, customer.c_last_name, customer.c_preferred_cust_flag, customer.c_birth_country, customer.c_login, customer.c_email_address, date_dim.d_year
                      Planned Partitions: 64
                      Worker 1:  Batches: 65  Memory Usage: 33305kB  Disk Usage: 257200kB
                      ->  Hash Join  (cost=8459.60..125652.99 rows=2636084 width=223) (actual time=105.710..1914.003 rows=2651152 loops=1)
                            Hash Cond: (store_sales.ss_sold_date_sk = date_dim.d_date_sk)
                            ->  Hash Join  (cost=5411.00..115360.98 rows=2759238 width=227) (actual time=76.234..1423.046 rows=2716019 loops=1)
                                  Hash Cond: (store_sales.ss_customer_sk = customer.c_customer_sk)
                                  ->  Seq Scan on store_sales  (cost=0.00..102361.67 rows=2890667 width=48) (actual time=0.031..333.832 rows=2844450 loops=1)
                                  ->  Hash  (cost=4161.00..4161.00 rows=100000 width=195) (actual time=75.646..75.647 rows=100000 loops=1)
                                        Buckets: 131072  Batches: 1  Memory Usage: 17780kB
                                        ->  Seq Scan on customer  (cost=0.00..4161.00 rows=100000 width=195) (actual time=0.026..43.145 rows=100000 loops=1)
                            ->  Hash  (cost=2135.49..2135.49 rows=73049 width=12) (actual time=28.871..28.872 rows=73049 loops=1)
                                  Buckets: 131072  Batches: 1  Memory Usage: 4449kB
                                  ->  Seq Scan on date_dim  (cost=0.00..2135.49 rows=73049 width=12) (actual time=0.038..18.059 rows=73049 loops=1)
                ->  HashAggregate  (cost=254096.20..354883.27 rows=1428654 width=231) (actual time=2158.060..2411.041 rows=135507 loops=1)
                      Group Key: customer_1.c_customer_id, customer_1.c_first_name, customer_1.c_last_name, customer_1.c_preferred_cust_flag, customer_1.c_birth_country, customer_1.c_login, customer_1.c_email_address, date_dim_1.d_year
                      Planned Partitions: 32
                      Worker 0:  Batches: 33  Memory Usage: 33049kB  Disk Usage: 95312kB
                      ->  Hash Join  (cost=8459.60..83941.27 rows=1428654 width=223) (actual time=105.634..1117.239 rows=1410542 loops=1)
                            Hash Cond: (catalog_sales.cs_bill_customer_sk = customer_1.c_customer_sk)
                            ->  Hash Join  (cost=3048.60..74759.92 rows=1436266 width=44) (actual time=28.763..708.230 rows=1414159 loops=1)
                                  Hash Cond: (catalog_sales.cs_sold_date_sk = date_dim_1.d_date_sk)
                                  ->  Seq Scan on catalog_sales  (cost=0.00..67918.39 rows=1444839 width=48) (actual time=0.039..226.939 rows=1421368 loops=1)
                                  ->  Hash  (cost=2135.49..2135.49 rows=73049 width=12) (actual time=28.138..28.138 rows=73049 loops=1)
                                        Buckets: 131072  Batches: 1  Memory Usage: 4449kB
                                        ->  Seq Scan on date_dim date_dim_1  (cost=0.00..2135.49 rows=73049 width=12) (actual time=0.033..17.372 rows=73049 loops=1)
                            ->  Hash  (cost=4161.00..4161.00 rows=100000 width=195) (actual time=76.328..76.329 rows=100000 loops=1)
                                  Buckets: 131072  Batches: 1  Memory Usage: 17780kB
                                  ->  Seq Scan on customer customer_1  (cost=0.00..4161.00 rows=100000 width=195) (actual time=0.041..44.311 rows=100000 loops=1)
                ->  HashAggregate  (cost=132264.78..183219.87 rows=722287 width=231) (actual time=998.588..1015.357 rows=55900 loops=1)
                      Group Key: customer_2.c_customer_id, customer_2.c_first_name, customer_2.c_last_name, customer_2.c_preferred_cust_flag, customer_2.c_birth_country, customer_2.c_login, customer_2.c_email_address, date_dim_2.d_year
                      Planned Partitions: 16  Batches: 1  Memory Usage: 19481kB
                      ->  Hash Join  (cost=8459.60..46239.27 rows=722287 width=223) (actual time=70.113..521.280 rows=711274 loops=1)
                            Hash Cond: (web_sales.ws_sold_date_sk = date_dim_2.d_date_sk)
                            ->  Hash Join  (cost=5411.00..41294.30 rows=722383 width=227) (actual time=51.904..384.161 rows=711350 loops=1)
                                  Hash Cond: (web_sales.ws_bill_customer_sk = customer_2.c_customer_sk)
                                  ->  Seq Scan on web_sales  (cost=0.00..33986.52 rows=722552 width=48) (actual time=0.004..63.128 rows=711555 loops=1)
                                  ->  Hash  (cost=4161.00..4161.00 rows=100000 width=195) (actual time=51.828..51.828 rows=100000 loops=1)
                                        Buckets: 131072  Batches: 1  Memory Usage: 17780kB
                                        ->  Seq Scan on customer customer_2  (cost=0.00..4161.00 rows=100000 width=195) (actual time=0.004..29.301 rows=100000 loops=1)
                            ->  Hash  (cost=2135.49..2135.49 rows=73049 width=12) (actual time=18.143..18.144 rows=73049 loops=1)
                                  Buckets: 131072  Batches: 1  Memory Usage: 4449kB
                                  ->  Seq Scan on date_dim date_dim_2  (cost=0.00..2135.49 rows=73049 width=12) (actual time=0.005..9.519 rows=73049 loops=1)
  ->  Sort  (cost=754009.05..754009.05 rows=1 width=332) (actual time=3597321.521..3597321.523 rows=4 loops=1)
        Sort Key: t_s_secyear.customer_id, t_s_secyear.customer_first_name, t_s_secyear.customer_last_name, t_s_secyear.customer_login
        Sort Method: quicksort  Memory: 25kB
        ->  Nested Loop  (cost=0.00..754009.04 rows=1 width=332) (actual time=348622.606..3597321.504 rows=4 loops=1)
              Join Filter: ((t_s_secyear.customer_id = t_w_secyear.customer_id) AND (CASE WHEN (t_c_firstyear.year_total > '0'::double precision) THEN (t_c_secyear.year_total / t_c_firstyear.year_total) ELSE NULL::double precision END > CASE WHEN (t_w_firstyear.year_total > '0'::double precision) THEN (t_w_secyear.year_total / t_w_firstyear.year_total) ELSE NULL::double precision END))
              Rows Removed by Join Filter: 637370
              ->  Nested Loop  (cost=0.00..634330.41 rows=1 width=628) (actual time=63814.055..3593382.336 rows=57 loops=1)
                    Join Filter: ((t_s_secyear.customer_id = t_c_secyear.customer_id) AND (CASE WHEN (t_c_firstyear.year_total > '0'::double precision) THEN (t_c_secyear.year_total / t_c_firstyear.year_total) ELSE NULL::double precision END > CASE WHEN (t_s_firstyear.year_total > '0'::double precision) THEN (t_s_secyear.year_total / t_s_firstyear.year_total) ELSE NULL::double precision END))
                    Rows Removed by Join Filter: 10627813
                    ->  Nested Loop  (cost=0.00..514651.79 rows=1 width=568) (actual time=31835.770..3565082.113 rows=395 loops=1)
                          Join Filter: (t_s_firstyear.customer_id = t_s_secyear.customer_id)
                          Rows Removed by Join Filter: 40690819
                          ->  Nested Loop  (cost=0.00..394971.96 rows=2 width=228) (actual time=7632.327..3486254.361 rows=1077 loops=1)
                                Join Filter: (t_s_firstyear.customer_id = t_w_firstyear.customer_id)
                                Rows Removed by Join Filter: 107643708
                                ->  Nested Loop  (cost=0.00..263321.98 rows=8 width=152) (actual time=4967.837..2781322.915 rows=9785 loops=1)
                                      Join Filter: (t_s_firstyear.customer_id = t_c_firstyear.customer_id)
                                      Rows Removed by Join Filter: 972135382
                                      ->  CTE Scan on year_total t_s_firstyear  (cost=0.00..131643.19 rows=40 width=76) (actual time=3924.848..4028.403 rows=37317 loops=1)
                                            Filter: ((year_total > '0'::double precision) AND (sale_type = 's'::text) AND (dyear = 1998))
                                            Rows Removed by Filter: 342922
                                      ->  CTE Scan on year_total t_c_firstyear  (cost=0.00..131643.19 rows=40 width=76) (actual time=10.305..72.562 rows=26051 loops=37317)
                                            Filter: ((year_total > '0'::double precision) AND (sale_type = 'c'::text) AND (dyear = 1998))
                                            Rows Removed by Filter: 354188
                                ->  CTE Scan on year_total t_w_firstyear  (cost=0.00..131643.19 rows=40 width=76) (actual time=0.002..71.278 rows=11001 loops=9785)
                                      Filter: ((year_total > '0'::double precision) AND (sale_type = 'w'::text) AND (dyear = 1998))
                                      Rows Removed by Filter: 369238
                          ->  CTE Scan on year_total t_s_secyear  (cost=0.00..119675.62 rows=120 width=340) (actual time=33.774..70.568 rows=37782 loops=1077)
                                Filter: ((sale_type = 's'::text) AND (dyear = 1999))
                                Rows Removed by Filter: 342457
                    ->  CTE Scan on year_total t_c_secyear  (cost=0.00..119675.62 rows=120 width=76) (actual time=9.890..69.782 rows=26906 loops=395)
                          Filter: ((sale_type = 'c'::text) AND (dyear = 1999))
                          Rows Removed by Filter: 353333
              ->  CTE Scan on year_total t_w_secyear  (cost=0.00..119675.62 rows=120 width=76) (actual time=0.002..68.293 rows=11182 loops=57)
                    Filter: ((sale_type = 'w'::text) AND (dyear = 1999))
                    Rows Removed by Filter: 369057
   customer_id    | customer_first_name  |       customer_last_name       | customer_login 
------------------+----------------------+--------------------------------+----------------
 AAAAAAAAAHJCBAAA | Lawrence             | Wheeler                        | 
 AAAAAAAABLHOAAAA | Robert               |                                | 
 AAAAAAAACMFDBAAA | Timothy              | Kelly                          | 
 AAAAAAAAENHEAAAA | Fernando             | Hernandez                      | 
(4 rows)

UPDATE time_statistics SET e_time = TRANSACTION_TIMESTAMP() WHERE template = 'query4.tpl' AND stream = 8;
psql:/tmp/s1-basline/throughput/query_8.sql:4505: NOTICE:  duration: 0.121 ms  plan:
Query Text: UPDATE time_statistics SET e_time = TRANSACTION_TIMESTAMP() WHERE template = 'query4.tpl' AND stream = 8;
Update on time_statistics  (cost=0.00..22.07 rows=0 width=0) (actual time=0.120..0.120 rows=0 loops=1)
  ->  Seq Scan on time_statistics  (cost=0.00..22.07 rows=1 width=14) (actual time=0.073..0.108 rows=1 loops=1)
        Filter: ((template = 'query4.tpl'::text) AND (stream = 8))
        Rows Removed by Filter: 740
UPDATE 1
LOAD 'auto_explain'; SET auto_explain.log_min_duration TO 0; SET auto_explain.log_analyze TO on; SET auto_explain.log_level TO notice; INSERT INTO time_statistics (template, s_time, stream, query, seed) VALUES ('query13.tpl', TRANSACTION_TIMESTAMP(), 8, 91, 1217550198);
LOAD
SET
SET
SET
psql:/tmp/s1-basline/throughput/query_8.sql:4506: NOTICE:  duration: 0.025 ms  plan:
Query Text: INSERT INTO time_statistics (template, s_time, stream, query, seed) VALUES ('query13.tpl', TRANSACTION_TIMESTAMP(), 8, 91, 1217550198);
Insert on time_statistics  (cost=0.00..0.01 rows=0 width=0) (actual time=0.025..0.025 rows=0 loops=1)
  ->  Result  (cost=0.00..0.01 rows=1 width=64) (actual time=0.001..0.002 rows=1 loops=1)
INSERT 0 1
select avg(ss_quantity)
       ,avg(ss_ext_sales_price)
       ,avg(ss_ext_wholesale_cost)
       ,sum(ss_ext_wholesale_cost)
 from store_sales
     ,store
     ,customer_demographics
     ,household_demographics
     ,customer_address
     ,date_dim
 where s_store_sk = ss_store_sk
 and  ss_sold_date_sk = d_date_sk and d_year = 2001
 and((ss_hdemo_sk=hd_demo_sk
  and cd_demo_sk = ss_cdemo_sk
  and cd_marital_status = 'U'
  and cd_education_status = '4 yr Degree'
  and ss_sales_price between 100.00 and 150.00
  and hd_dep_count = 3   
     )or
     (ss_hdemo_sk=hd_demo_sk
  and cd_demo_sk = ss_cdemo_sk
  and cd_marital_status = 'D'
  and cd_education_status = 'College'
  and ss_sales_price between 50.00 and 100.00   
  and hd_dep_count = 1
     ) or 
     (ss_hdemo_sk=hd_demo_sk
  and cd_demo_sk = ss_cdemo_sk
  and cd_marital_status = 'W'
  and cd_education_status = 'Secondary'
  and ss_sales_price between 150.00 and 200.00 
  and hd_dep_count = 1  
     ))
 and((ss_addr_sk = ca_address_sk
  and ca_country = 'United States'
  and ca_state in ('MO', 'CO', 'TX')
  and ss_net_profit between 100 and 200  
     ) or
     (ss_addr_sk = ca_address_sk
  and ca_country = 'United States'
  and ca_state in ('MS', 'VA', 'ID')
  and ss_net_profit between 150 and 300  
     ) or
     (ss_addr_sk = ca_address_sk
  and ca_country = 'United States'
  and ca_state in ('MT', 'IA', 'WI')
  and ss_net_profit between 50 and 250  
     ))
;
psql:/tmp/s1-basline/throughput/query_8.sql:4555: NOTICE:  duration: 307.794 ms  plan:
Query Text: select avg(ss_quantity)
       ,avg(ss_ext_sales_price)
       ,avg(ss_ext_wholesale_cost)
       ,sum(ss_ext_wholesale_cost)
 from store_sales
     ,store
     ,customer_demographics
     ,household_demographics
     ,customer_address
     ,date_dim
 where s_store_sk = ss_store_sk
 and  ss_sold_date_sk = d_date_sk and d_year = 2001
 and((ss_hdemo_sk=hd_demo_sk
  and cd_demo_sk = ss_cdemo_sk
  and cd_marital_status = 'U'
  and cd_education_status = '4 yr Degree'
  and ss_sales_price between 100.00 and 150.00
  and hd_dep_count = 3   
     )or
     (ss_hdemo_sk=hd_demo_sk
  and cd_demo_sk = ss_cdemo_sk
  and cd_marital_status = 'D'
  and cd_education_status = 'College'
  and ss_sales_price between 50.00 and 100.00   
  and hd_dep_count = 1
     ) or 
     (ss_hdemo_sk=hd_demo_sk
  and cd_demo_sk = ss_cdemo_sk
  and cd_marital_status = 'W'
  and cd_education_status = 'Secondary'
  and ss_sales_price between 150.00 and 200.00 
  and hd_dep_count = 1  
     ))
 and((ss_addr_sk = ca_address_sk
  and ca_country = 'United States'
  and ca_state in ('MO', 'CO', 'TX')
  and ss_net_profit between 100 and 200  
     ) or
     (ss_addr_sk = ca_address_sk
  and ca_country = 'United States'
  and ca_state in ('MS', 'VA', 'ID')
  and ss_net_profit between 150 and 300  
     ) or
     (ss_addr_sk = ca_address_sk
  and ca_country = 'United States'
  and ca_state in ('MT', 'IA', 'WI')
  and ss_net_profit between 50 and 250  
     ))
;
Aggregate  (cost=110976.13..110976.14 rows=1 width=56) (actual time=307.783..307.785 rows=1 loops=1)
  ->  Nested Loop  (cost=1.15..110976.11 rows=1 width=20) (actual time=273.956..307.774 rows=8 loops=1)
        Join Filter: (store_sales.ss_store_sk = store.s_store_sk)
        Rows Removed by Join Filter: 24
        ->  Nested Loop  (cost=1.15..110974.84 rows=1 width=28) (actual time=273.946..307.753 rows=8 loops=1)
              Join Filter: ((store_sales.ss_hdemo_sk = household_demographics.hd_demo_sk) AND (((customer_demographics.cd_marital_status = 'U'::bpchar) AND (customer_demographics.cd_education_status = '4 yr Degree'::bpchar) AND (store_sales.ss_sales_price >= '100'::double precision) AND (store_sales.ss_sales_price <= '150'::double precision) AND (household_demographics.hd_dep_count = 3)) OR ((customer_demographics.cd_marital_status = 'D'::bpchar) AND (customer_demographics.cd_education_status = 'College'::bpchar) AND (store_sales.ss_sales_price >= '50'::double precision) AND (store_sales.ss_sales_price <= '100'::double precision) AND (household_demographics.hd_dep_count = 1)) OR ((customer_demographics.cd_marital_status = 'W'::bpchar) AND (customer_demographics.cd_education_status = 'Secondary'::bpchar) AND (store_sales.ss_sales_price >= '150'::double precision) AND (store_sales.ss_sales_price <= '200'::double precision) AND (household_demographics.hd_dep_count = 1))))
              Rows Removed by Join Filter: 334072
              ->  Seq Scan on household_demographics  (cost=0.00..186.00 rows=1951 width=12) (actual time=0.014..0.679 rows=1440 loops=1)
                    Filter: ((hd_dep_count = 3) OR (hd_dep_count = 1) OR (hd_dep_count = 1))
                    Rows Removed by Filter: 5760
              ->  Materialize  (cost=1.15..110481.57 rows=3 width=67) (actual time=0.004..0.195 rows=232 loops=1440)
                    ->  Nested Loop  (cost=1.15..110481.55 rows=3 width=67) (actual time=5.801..268.905 rows=232 loops=1)
                          ->  Nested Loop  (cost=0.72..110451.06 rows=40 width=52) (actual time=4.374..258.102 rows=2740 loops=1)
                                ->  Nested Loop  (cost=0.43..110280.31 rows=459 width=68) (actual time=4.100..217.701 rows=17325 loops=1)
                                      ->  Seq Scan on date_dim  (cost=0.00..2318.11 rows=363 width=8) (actual time=4.083..8.551 rows=365 loops=1)
                                            Filter: (d_year = 2001)
                                            Rows Removed by Filter: 72684
                                      ->  Index Scan using i_ss_sold_date_sk on store_sales  (cost=0.43..296.91 rows=51 width=76) (actual time=0.017..0.568 rows=47 loops=365)
                                            Index Cond: (ss_sold_date_sk = date_dim.d_date_sk)
                                            Filter: ((((ss_sales_price >= '100'::double precision) AND (ss_sales_price <= '150'::double precision)) OR ((ss_sales_price >= '50'::double precision) AND (ss_sales_price <= '100'::double precision)) OR ((ss_sales_price >= '150'::double precision) AND (ss_sales_price <= '200'::double precision))) AND (((ss_net_profit >= '100'::double precision) AND (ss_net_profit <= '200'::double precision)) OR ((ss_net_profit >= '150'::double precision) AND (ss_net_profit <= '300'::double precision)) OR ((ss_net_profit >= '50'::double precision) AND (ss_net_profit <= '250'::double precision))))
                                            Rows Removed by Filter: 1432
                                ->  Index Scan using pk_customer_address on customer_address  (cost=0.29..0.36 rows=1 width=11) (actual time=0.002..0.002 rows=0 loops=17325)
                                      Index Cond: (ca_address_sk = store_sales.ss_addr_sk)
                                      Filter: (((ca_country)::text = 'United States'::text) AND ((ca_state = ANY ('{MO,CO,TX}'::bpchar[])) OR (ca_state = ANY ('{MS,VA,ID}'::bpchar[])) OR (ca_state = ANY ('{MT,IA,WI}'::bpchar[]))) AND (((ca_state = ANY ('{MO,CO,TX}'::bpchar[])) AND (store_sales.ss_net_profit >= '100'::double precision) AND (store_sales.ss_net_profit <= '200'::double precision)) OR ((ca_state = ANY ('{MS,VA,ID}'::bpchar[])) AND (store_sales.ss_net_profit >= '150'::double precision) AND (store_sales.ss_net_profit <= '300'::double precision)) OR ((ca_state = ANY ('{MT,IA,WI}'::bpchar[])) AND (store_sales.ss_net_profit >= '50'::double precision) AND (store_sales.ss_net_profit <= '250'::double precision))))
                                      Rows Removed by Filter: 1
                          ->  Index Scan using pk_customer_demographics on customer_demographics  (cost=0.43..0.76 rows=1 width=31) (actual time=0.004..0.004 rows=0 loops=2740)
                                Index Cond: (cd_demo_sk = store_sales.ss_cdemo_sk)
                                Filter: (((cd_marital_status = 'U'::bpchar) AND (cd_education_status = '4 yr Degree'::bpchar)) OR ((cd_marital_status = 'D'::bpchar) AND (cd_education_status = 'College'::bpchar)) OR ((cd_marital_status = 'W'::bpchar) AND (cd_education_status = 'Secondary'::bpchar)))
                                Rows Removed by Filter: 1
        ->  Seq Scan on store  (cost=0.00..1.12 rows=12 width=8) (actual time=0.001..0.001 rows=4 loops=8)
         avg         |    avg     |        avg         |        sum         
---------------------+------------+--------------------+--------------------
 32.1250000000000000 | 2508.54125 | 2347.7325000000005 | 18781.860000000004
(1 row)

UPDATE time_statistics SET e_time = TRANSACTION_TIMESTAMP() WHERE template = 'query13.tpl' AND stream = 8;
psql:/tmp/s1-basline/throughput/query_8.sql:4557: NOTICE:  duration: 0.107 ms  plan:
Query Text: UPDATE time_statistics SET e_time = TRANSACTION_TIMESTAMP() WHERE template = 'query13.tpl' AND stream = 8;
Update on time_statistics  (cost=0.00..22.07 rows=0 width=0) (actual time=0.107..0.107 rows=0 loops=1)
  ->  Seq Scan on time_statistics  (cost=0.00..22.07 rows=1 width=14) (actual time=0.037..0.092 rows=1 loops=1)
        Filter: ((template = 'query13.tpl'::text) AND (stream = 8))
        Rows Removed by Filter: 741
UPDATE 1
LOAD 'auto_explain'; SET auto_explain.log_min_duration TO 0; SET auto_explain.log_analyze TO on; SET auto_explain.log_level TO notice; INSERT INTO time_statistics (template, s_time, stream, query, seed) VALUES ('query48.tpl', TRANSACTION_TIMESTAMP(), 8, 92, 1358402346);
LOAD
SET
SET
SET
psql:/tmp/s1-basline/throughput/query_8.sql:4558: NOTICE:  duration: 0.009 ms  plan:
Query Text: INSERT INTO time_statistics (template, s_time, stream, query, seed) VALUES ('query48.tpl', TRANSACTION_TIMESTAMP(), 8, 92, 1358402346);
Insert on time_statistics  (cost=0.00..0.01 rows=0 width=0) (actual time=0.008..0.008 rows=0 loops=1)
  ->  Result  (cost=0.00..0.01 rows=1 width=64) (actual time=0.001..0.001 rows=1 loops=1)
INSERT 0 1
select sum (ss_quantity)
 from store_sales, store, customer_demographics, customer_address, date_dim
 where s_store_sk = ss_store_sk
 and  ss_sold_date_sk = d_date_sk and d_year = 1998
 and  
 (
  (
   cd_demo_sk = ss_cdemo_sk
   and 
   cd_marital_status = 'W'
   and 
   cd_education_status = '4 yr Degree'
   and 
   ss_sales_price between 100.00 and 150.00  
   )
 or
  (
  cd_demo_sk = ss_cdemo_sk
   and 
   cd_marital_status = 'D'
   and 
   cd_education_status = 'Secondary'
   and 
   ss_sales_price between 50.00 and 100.00   
  )
 or 
 (
  cd_demo_sk = ss_cdemo_sk
  and 
   cd_marital_status = 'M'
   and 
   cd_education_status = 'College'
   and 
   ss_sales_price between 150.00 and 200.00  
 )
 )
 and
 (
  (
  ss_addr_sk = ca_address_sk
  and
  ca_country = 'United States'
  and
  ca_state in ('NJ', 'KY', 'PA')
  and ss_net_profit between 0 and 2000  
  )
 or
  (ss_addr_sk = ca_address_sk
  and
  ca_country = 'United States'
  and
  ca_state in ('NM', 'TX', 'IL')
  and ss_net_profit between 150 and 3000 
  )
 or
  (ss_addr_sk = ca_address_sk
  and
  ca_country = 'United States'
  and
  ca_state in ('MI', 'MS', 'VA')
  and ss_net_profit between 50 and 25000 
  )
 )
;
psql:/tmp/s1-basline/throughput/query_8.sql:4622: NOTICE:  duration: 450.689 ms  plan:
Query Text: select sum (ss_quantity)
 from store_sales, store, customer_demographics, customer_address, date_dim
 where s_store_sk = ss_store_sk
 and  ss_sold_date_sk = d_date_sk and d_year = 1998
 and  
 (
  (
   cd_demo_sk = ss_cdemo_sk
   and 
   cd_marital_status = 'W'
   and 
   cd_education_status = '4 yr Degree'
   and 
   ss_sales_price between 100.00 and 150.00  
   )
 or
  (
  cd_demo_sk = ss_cdemo_sk
   and 
   cd_marital_status = 'D'
   and 
   cd_education_status = 'Secondary'
   and 
   ss_sales_price between 50.00 and 100.00   
  )
 or 
 (
  cd_demo_sk = ss_cdemo_sk
  and 
   cd_marital_status = 'M'
   and 
   cd_education_status = 'College'
   and 
   ss_sales_price between 150.00 and 200.00  
 )
 )
 and
 (
  (
  ss_addr_sk = ca_address_sk
  and
  ca_country = 'United States'
  and
  ca_state in ('NJ', 'KY', 'PA')
  and ss_net_profit between 0 and 2000  
  )
 or
  (ss_addr_sk = ca_address_sk
  and
  ca_country = 'United States'
  and
  ca_state in ('NM', 'TX', 'IL')
  and ss_net_profit between 150 and 3000 
  )
 or
  (ss_addr_sk = ca_address_sk
  and
  ca_country = 'United States'
  and
  ca_state in ('MI', 'MS', 'VA')
  and ss_net_profit between 50 and 25000 
  )
 )
;
Aggregate  (cost=111560.09..111560.10 rows=1 width=8) (actual time=450.681..450.682 rows=1 loops=1)
  ->  Nested Loop  (cost=1.15..111560.08 rows=5 width=4) (actual time=4.464..450.646 rows=517 loops=1)
        Join Filter: (store_sales.ss_store_sk = store.s_store_sk)
        Rows Removed by Join Filter: 5687
        ->  Seq Scan on store  (cost=0.00..1.12 rows=12 width=8) (actual time=0.003..0.005 rows=12 loops=1)
        ->  Materialize  (cost=1.15..111558.07 rows=5 width=12) (actual time=0.321..37.519 rows=517 loops=12)
              ->  Nested Loop  (cost=1.15..111558.05 rows=5 width=12) (actual time=3.846..449.880 rows=517 loops=1)
                    ->  Nested Loop  (cost=0.72..111455.80 rows=177 width=28) (actual time=3.839..395.820 rows=18792 loops=1)
                          ->  Nested Loop  (cost=0.43..110810.29 rows=1787 width=44) (actual time=3.808..233.900 rows=83148 loops=1)
                                ->  Seq Scan on date_dim  (cost=0.00..2318.11 rows=363 width=8) (actual time=3.797..8.374 rows=365 loops=1)
                                      Filter: (d_year = 1998)
                                      Rows Removed by Filter: 72684
                                ->  Index Scan using i_ss_sold_date_sk on store_sales  (cost=0.43..296.91 rows=197 width=52) (actual time=0.007..0.598 rows=228 loops=365)
                                      Index Cond: (ss_sold_date_sk = date_dim.d_date_sk)
                                      Filter: ((((ss_sales_price >= '100'::double precision) AND (ss_sales_price <= '150'::double precision)) OR ((ss_sales_price >= '50'::double precision) AND (ss_sales_price <= '100'::double precision)) OR ((ss_sales_price >= '150'::double precision) AND (ss_sales_price <= '200'::double precision))) AND (((ss_net_profit >= '0'::double precision) AND (ss_net_profit <= '2000'::double precision)) OR ((ss_net_profit >= '150'::double precision) AND (ss_net_profit <= '3000'::double precision)) OR ((ss_net_profit >= '50'::double precision) AND (ss_net_profit <= '25000'::double precision))))
                                      Rows Removed by Filter: 1241
                          ->  Index Scan using pk_customer_address on customer_address  (cost=0.29..0.35 rows=1 width=11) (actual time=0.002..0.002 rows=0 loops=83148)
                                Index Cond: (ca_address_sk = store_sales.ss_addr_sk)
                                Filter: (((ca_country)::text = 'United States'::text) AND ((ca_state = ANY ('{NJ,KY,PA}'::bpchar[])) OR (ca_state = ANY ('{NM,TX,IL}'::bpchar[])) OR (ca_state = ANY ('{MI,MS,VA}'::bpchar[]))) AND (((ca_state = ANY ('{NJ,KY,PA}'::bpchar[])) AND (store_sales.ss_net_profit >= '0'::double precision) AND (store_sales.ss_net_profit <= '2000'::double precision)) OR ((ca_state = ANY ('{NM,TX,IL}'::bpchar[])) AND (store_sales.ss_net_profit >= '150'::double precision) AND (store_sales.ss_net_profit <= '3000'::double precision)) OR ((ca_state = ANY ('{MI,MS,VA}'::bpchar[])) AND (store_sales.ss_net_profit >= '50'::double precision) AND (store_sales.ss_net_profit <= '25000'::double precision))))
                                Rows Removed by Filter: 1
                    ->  Index Scan using pk_customer_demographics on customer_demographics  (cost=0.43..0.57 rows=1 width=31) (actual time=0.003..0.003 rows=0 loops=18792)
                          Index Cond: (cd_demo_sk = store_sales.ss_cdemo_sk)
                          Filter: ((((cd_marital_status = 'W'::bpchar) AND (cd_education_status = '4 yr Degree'::bpchar)) OR ((cd_marital_status = 'D'::bpchar) AND (cd_education_status = 'Secondary'::bpchar)) OR ((cd_marital_status = 'M'::bpchar) AND (cd_education_status = 'College'::bpchar))) AND (((cd_marital_status = 'W'::bpchar) AND (cd_education_status = '4 yr Degree'::bpchar) AND (store_sales.ss_sales_price >= '100'::double precision) AND (store_sales.ss_sales_price <= '150'::double precision)) OR ((cd_marital_status = 'D'::bpchar) AND (cd_education_status = 'Secondary'::bpchar) AND (store_sales.ss_sales_price >= '50'::double precision) AND (store_sales.ss_sales_price <= '100'::double precision)) OR ((cd_marital_status = 'M'::bpchar) AND (cd_education_status = 'College'::bpchar) AND (store_sales.ss_sales_price >= '150'::double precision) AND (store_sales.ss_sales_price <= '200'::double precision))))
                          Rows Removed by Filter: 1
  sum  
-------
 26694
(1 row)

UPDATE time_statistics SET e_time = TRANSACTION_TIMESTAMP() WHERE template = 'query48.tpl' AND stream = 8;
psql:/tmp/s1-basline/throughput/query_8.sql:4624: NOTICE:  duration: 0.106 ms  plan:
Query Text: UPDATE time_statistics SET e_time = TRANSACTION_TIMESTAMP() WHERE template = 'query48.tpl' AND stream = 8;
Update on time_statistics  (cost=0.00..22.07 rows=0 width=0) (actual time=0.105..0.105 rows=0 loops=1)
  ->  Seq Scan on time_statistics  (cost=0.00..22.07 rows=1 width=14) (actual time=0.038..0.090 rows=1 loops=1)
        Filter: ((template = 'query48.tpl'::text) AND (stream = 8))
        Rows Removed by Filter: 742
UPDATE 1
LOAD 'auto_explain'; SET auto_explain.log_min_duration TO 0; SET auto_explain.log_analyze TO on; SET auto_explain.log_level TO notice; INSERT INTO time_statistics (template, s_time, stream, query, seed) VALUES ('query99.tpl', TRANSACTION_TIMESTAMP(), 8, 93, 769577965);
LOAD
SET
SET
SET
psql:/tmp/s1-basline/throughput/query_8.sql:4625: NOTICE:  duration: 0.009 ms  plan:
Query Text: INSERT INTO time_statistics (template, s_time, stream, query, seed) VALUES ('query99.tpl', TRANSACTION_TIMESTAMP(), 8, 93, 769577965);
Insert on time_statistics  (cost=0.00..0.01 rows=0 width=0) (actual time=0.008..0.009 rows=0 loops=1)
  ->  Result  (cost=0.00..0.01 rows=1 width=64) (actual time=0.001..0.002 rows=1 loops=1)
INSERT 0 1
select  
   substr(w_warehouse_name,1,20)
  ,sm_type
  ,cc_name
  ,sum(case when (cs_ship_date_sk - cs_sold_date_sk <= 30 ) then 1 else 0 end)  as "30 days" 
  ,sum(case when (cs_ship_date_sk - cs_sold_date_sk > 30) and 
                 (cs_ship_date_sk - cs_sold_date_sk <= 60) then 1 else 0 end )  as "31-60 days" 
  ,sum(case when (cs_ship_date_sk - cs_sold_date_sk > 60) and 
                 (cs_ship_date_sk - cs_sold_date_sk <= 90) then 1 else 0 end)  as "61-90 days" 
  ,sum(case when (cs_ship_date_sk - cs_sold_date_sk > 90) and
                 (cs_ship_date_sk - cs_sold_date_sk <= 120) then 1 else 0 end)  as "91-120 days" 
  ,sum(case when (cs_ship_date_sk - cs_sold_date_sk  > 120) then 1 else 0 end)  as ">120 days" 
from
   catalog_sales
  ,warehouse
  ,ship_mode
  ,call_center
  ,date_dim
where
    d_month_seq between 1213 and 1213 + 11
and cs_ship_date_sk   = d_date_sk
and cs_warehouse_sk   = w_warehouse_sk
and cs_ship_mode_sk   = sm_ship_mode_sk
and cs_call_center_sk = cc_call_center_sk
group by
   substr(w_warehouse_name,1,20)
  ,sm_type
  ,cc_name
order by substr(w_warehouse_name,1,20)
        ,sm_type
        ,cc_name
limit 100;
psql:/tmp/s1-basline/throughput/query_8.sql:4657: NOTICE:  duration: 390.461 ms  plan:
Query Text: select  
   substr(w_warehouse_name,1,20)
  ,sm_type
  ,cc_name
  ,sum(case when (cs_ship_date_sk - cs_sold_date_sk <= 30 ) then 1 else 0 end)  as "30 days" 
  ,sum(case when (cs_ship_date_sk - cs_sold_date_sk > 30) and 
                 (cs_ship_date_sk - cs_sold_date_sk <= 60) then 1 else 0 end )  as "31-60 days" 
  ,sum(case when (cs_ship_date_sk - cs_sold_date_sk > 60) and 
                 (cs_ship_date_sk - cs_sold_date_sk <= 90) then 1 else 0 end)  as "61-90 days" 
  ,sum(case when (cs_ship_date_sk - cs_sold_date_sk > 90) and
                 (cs_ship_date_sk - cs_sold_date_sk <= 120) then 1 else 0 end)  as "91-120 days" 
  ,sum(case when (cs_ship_date_sk - cs_sold_date_sk  > 120) then 1 else 0 end)  as ">120 days" 
from
   catalog_sales
  ,warehouse
  ,ship_mode
  ,call_center
  ,date_dim
where
    d_month_seq between 1213 and 1213 + 11
and cs_ship_date_sk   = d_date_sk
and cs_warehouse_sk   = w_warehouse_sk
and cs_ship_mode_sk   = sm_ship_mode_sk
and cs_call_center_sk = cc_call_center_sk
group by
   substr(w_warehouse_name,1,20)
  ,sm_type
  ,cc_name
order by substr(w_warehouse_name,1,20)
        ,sm_type
        ,cc_name
limit 100;
Limit  (cost=64785.85..64990.48 rows=90 width=115) (actual time=333.479..390.381 rows=90 loops=1)
  ->  Finalize GroupAggregate  (cost=64785.85..64990.48 rows=90 width=115) (actual time=333.478..390.371 rows=90 loops=1)
        Group Key: (substr((warehouse.w_warehouse_name)::text, 1, 20)), ship_mode.sm_type, call_center.cc_name
        ->  Gather Merge  (cost=64785.85..64985.75 rows=180 width=115) (actual time=332.890..390.255 rows=270 loops=1)
              Workers Planned: 2
              Workers Launched: 2
              ->  Partial GroupAggregate  (cost=63785.83..63964.95 rows=90 width=115) (actual time=296.272..333.764 rows=90 loops=3)
                    Group Key: (substr((warehouse.w_warehouse_name)::text, 1, 20)), ship_mode.sm_type, call_center.cc_name
                    ->  Sort  (cost=63785.83..63792.95 rows=2848 width=91) (actual time=295.732..299.922 rows=92566 loops=3)
                          Sort Key: (substr((warehouse.w_warehouse_name)::text, 1, 20)), ship_mode.sm_type, call_center.cc_name
                          Sort Method: quicksort  Memory: 14819kB
                          Worker 0:  Sort Method: quicksort  Memory: 12601kB
                          Worker 1:  Sort Method: quicksort  Memory: 12632kB
                          ->  Hash Join  (cost=2508.84..63622.41 rows=2848 width=91) (actual time=87.633..218.295 rows=92566 loops=3)
                                Hash Cond: (catalog_sales.cs_warehouse_sk = warehouse.w_warehouse_sk)
                                ->  Hash Join  (cost=2507.73..63600.34 rows=2862 width=67) (actual time=87.565..192.951 rows=92628 loops=3)
                                      Hash Cond: (catalog_sales.cs_call_center_sk = call_center.cc_call_center_sk)
                                      ->  Hash Join  (cost=2506.60..63586.34 rows=2878 width=63) (actual time=87.528..179.273 rows=92756 loops=3)
                                            Hash Cond: (catalog_sales.cs_ship_mode_sk = ship_mode.sm_ship_mode_sk)
                                            ->  Hash Join  (cost=2505.15..63575.69 rows=2894 width=40) (actual time=87.495..163.837 rows=93000 loops=3)
                                                  Hash Cond: (catalog_sales.cs_ship_date_sk = date_dim.d_date_sk)
                                                  ->  Parallel Seq Scan on catalog_sales  (cost=0.00..59490.16 rows=602016 width=40) (actual time=0.014..79.897 rows=473789 loops=3)
                                                  ->  Hash  (cost=2500.73..2500.73 rows=353 width=8) (actual time=12.891..12.892 rows=365 loops=3)
                                                        Buckets: 1024  Batches: 1  Memory Usage: 23kB
                                                        ->  Seq Scan on date_dim  (cost=0.00..2500.73 rows=353 width=8) (actual time=6.192..12.841 rows=365 loops=3)
                                                              Filter: ((d_month_seq >= 1213) AND (d_month_seq <= 1224))
                                                              Rows Removed by Filter: 72684
                                            ->  Hash  (cost=1.20..1.20 rows=20 width=39) (actual time=0.023..0.024 rows=20 loops=3)
                                                  Buckets: 1024  Batches: 1  Memory Usage: 10kB
                                                  ->  Seq Scan on ship_mode  (cost=0.00..1.20 rows=20 width=39) (actual time=0.018..0.019 rows=20 loops=3)
                                      ->  Hash  (cost=1.06..1.06 rows=6 width=20) (actual time=0.026..0.027 rows=6 loops=3)
                                            Buckets: 1024  Batches: 1  Memory Usage: 9kB
                                            ->  Seq Scan on call_center  (cost=0.00..1.06 rows=6 width=20) (actual time=0.021..0.022 rows=6 loops=3)
                                ->  Hash  (cost=1.05..1.05 rows=5 width=22) (actual time=0.026..0.026 rows=5 loops=3)
                                      Buckets: 1024  Batches: 1  Memory Usage: 9kB
                                      ->  Seq Scan on warehouse  (cost=0.00..1.05 rows=5 width=22) (actual time=0.021..0.022 rows=5 loops=3)
       substr        |            sm_type             |    cc_name    | 30 days | 31-60 days | 61-90 days | 91-120 days | >120 days 
---------------------+--------------------------------+---------------+---------+------------+------------+-------------+-----------
 Neither dea         | EXPRESS                        | Mid Atlantic  |    1226 |       1232 |       1255 |           0 |         0
 Neither dea         | EXPRESS                        | North Midwest |    1212 |       1269 |       1245 |           0 |         0
 Neither dea         | EXPRESS                        | NY Metro      |    1219 |       1262 |       1284 |           0 |         0
 Neither dea         | LIBRARY                        | Mid Atlantic  |     913 |        901 |        949 |           0 |         0
 Neither dea         | LIBRARY                        | North Midwest |     858 |        913 |        951 |           0 |         0
 Neither dea         | LIBRARY                        | NY Metro      |     883 |        904 |        933 |           0 |         0
 Neither dea         | NEXT DAY                       | Mid Atlantic  |    1175 |       1297 |       1247 |           0 |         0
 Neither dea         | NEXT DAY                       | North Midwest |    1237 |       1222 |       1216 |           0 |         0
 Neither dea         | NEXT DAY                       | NY Metro      |    1151 |       1243 |       1329 |           0 |         0
 Neither dea         | OVERNIGHT                      | Mid Atlantic  |     887 |        915 |        860 |           0 |         0
 Neither dea         | OVERNIGHT                      | North Midwest |     874 |        932 |        922 |           0 |         0
 Neither dea         | OVERNIGHT                      | NY Metro      |     909 |        995 |        959 |           0 |         0
 Neither dea         | REGULAR                        | Mid Atlantic  |     931 |        955 |        949 |           0 |         0
 Neither dea         | REGULAR                        | North Midwest |     859 |        936 |        932 |           0 |         0
 Neither dea         | REGULAR                        | NY Metro      |     944 |        918 |        892 |           0 |         0
 Neither dea         | TWO DAY                        | Mid Atlantic  |     938 |        902 |        960 |           0 |         0
 Neither dea         | TWO DAY                        | North Midwest |     871 |        974 |        966 |           0 |         0
 Neither dea         | TWO DAY                        | NY Metro      |     921 |       1023 |        921 |           0 |         0
 Parties use         | EXPRESS                        | Mid Atlantic  |    1157 |       1280 |       1251 |           0 |         0
 Parties use         | EXPRESS                        | North Midwest |    1225 |       1257 |       1209 |           0 |         0
 Parties use         | EXPRESS                        | NY Metro      |    1250 |       1234 |       1270 |           0 |         0
 Parties use         | LIBRARY                        | Mid Atlantic  |     945 |        910 |        950 |           0 |         0
 Parties use         | LIBRARY                        | North Midwest |     915 |        927 |        912 |           0 |         0
 Parties use         | LIBRARY                        | NY Metro      |     948 |        947 |        955 |           0 |         0
 Parties use         | NEXT DAY                       | Mid Atlantic  |    1211 |       1179 |       1235 |           0 |         0
 Parties use         | NEXT DAY                       | North Midwest |    1221 |       1285 |       1193 |           0 |         0
 Parties use         | NEXT DAY                       | NY Metro      |    1278 |       1265 |       1254 |           0 |         0
 Parties use         | OVERNIGHT                      | Mid Atlantic  |     873 |        931 |        917 |           0 |         0
 Parties use         | OVERNIGHT                      | North Midwest |     952 |        917 |        949 |           0 |         0
 Parties use         | OVERNIGHT                      | NY Metro      |     883 |        950 |        920 |           0 |         0
 Parties use         | REGULAR                        | Mid Atlantic  |     898 |        891 |        954 |           0 |         0
 Parties use         | REGULAR                        | North Midwest |     885 |        892 |        891 |           0 |         0
 Parties use         | REGULAR                        | NY Metro      |     913 |        984 |        965 |           0 |         0
 Parties use         | TWO DAY                        | Mid Atlantic  |     938 |        886 |        930 |           0 |         0
 Parties use         | TWO DAY                        | North Midwest |     931 |        925 |        875 |           0 |         0
 Parties use         | TWO DAY                        | NY Metro      |     940 |        921 |        926 |           0 |         0
 Persons make more e | EXPRESS                        | Mid Atlantic  |    1252 |       1260 |       1271 |           0 |         0
 Persons make more e | EXPRESS                        | North Midwest |    1215 |       1264 |       1256 |           0 |         0
 Persons make more e | EXPRESS                        | NY Metro      |    1218 |       1188 |       1238 |           0 |         0
 Persons make more e | LIBRARY                        | Mid Atlantic  |     870 |        915 |        950 |           0 |         0
 Persons make more e | LIBRARY                        | North Midwest |     929 |        972 |        967 |           0 |         0
 Persons make more e | LIBRARY                        | NY Metro      |     929 |        931 |        941 |           0 |         0
 Persons make more e | NEXT DAY                       | Mid Atlantic  |    1237 |       1241 |       1219 |           0 |         0
 Persons make more e | NEXT DAY                       | North Midwest |    1199 |       1239 |       1214 |           0 |         0
 Persons make more e | NEXT DAY                       | NY Metro      |    1191 |       1219 |       1298 |           0 |         0
 Persons make more e | OVERNIGHT                      | Mid Atlantic  |     944 |        885 |        906 |           0 |         0
 Persons make more e | OVERNIGHT                      | North Midwest |     917 |        929 |        889 |           0 |         0
 Persons make more e | OVERNIGHT                      | NY Metro      |     910 |        975 |        959 |           0 |         0
 Persons make more e | REGULAR                        | Mid Atlantic  |     925 |        927 |        941 |           0 |         0
 Persons make more e | REGULAR                        | North Midwest |     898 |        858 |        895 |           0 |         0
 Persons make more e | REGULAR                        | NY Metro      |     931 |        947 |        955 |           0 |         0
 Persons make more e | TWO DAY                        | Mid Atlantic  |     881 |        945 |       1012 |           0 |         0
 Persons make more e | TWO DAY                        | North Midwest |     862 |        921 |        946 |           0 |         0
 Persons make more e | TWO DAY                        | NY Metro      |     850 |        944 |        914 |           0 |         0
 Single, simple r    | EXPRESS                        | Mid Atlantic  |    1293 |       1221 |       1297 |           0 |         0
 Single, simple r    | EXPRESS                        | North Midwest |    1190 |       1300 |       1209 |           0 |         0
 Single, simple r    | EXPRESS                        | NY Metro      |    1236 |       1294 |       1224 |           0 |         0
 Single, simple r    | LIBRARY                        | Mid Atlantic  |     969 |        927 |        938 |           0 |         0
 Single, simple r    | LIBRARY                        | North Midwest |     865 |        894 |        903 |           0 |         0
 Single, simple r    | LIBRARY                        | NY Metro      |     880 |        958 |        949 |           0 |         0
 Single, simple r    | NEXT DAY                       | Mid Atlantic  |    1204 |       1209 |       1186 |           0 |         0
 Single, simple r    | NEXT DAY                       | North Midwest |    1190 |       1277 |       1265 |           0 |         0
 Single, simple r    | NEXT DAY                       | NY Metro      |    1252 |       1208 |       1304 |           0 |         0
 Single, simple r    | OVERNIGHT                      | Mid Atlantic  |     913 |        982 |        908 |           0 |         0
 Single, simple r    | OVERNIGHT                      | North Midwest |     909 |        897 |        902 |           0 |         0
 Single, simple r    | OVERNIGHT                      | NY Metro      |     908 |        942 |        932 |           0 |         0
 Single, simple r    | REGULAR                        | Mid Atlantic  |     907 |        932 |        894 |           0 |         0
 Single, simple r    | REGULAR                        | North Midwest |     858 |        963 |        956 |           0 |         0
 Single, simple r    | REGULAR                        | NY Metro      |     921 |        998 |        995 |           0 |         0
 Single, simple r    | TWO DAY                        | Mid Atlantic  |     885 |        937 |        864 |           0 |         0
 Single, simple r    | TWO DAY                        | North Midwest |     916 |        883 |        909 |           0 |         0
 Single, simple r    | TWO DAY                        | NY Metro      |     878 |        942 |       1002 |           0 |         0
 Total, dea          | EXPRESS                        | Mid Atlantic  |    1215 |       1240 |       1258 |           0 |         0
 Total, dea          | EXPRESS                        | North Midwest |    1197 |       1243 |       1124 |           0 |         0
 Total, dea          | EXPRESS                        | NY Metro      |    1234 |       1246 |       1208 |           0 |         0
 Total, dea          | LIBRARY                        | Mid Atlantic  |     948 |        952 |        930 |           0 |         0
 Total, dea          | LIBRARY                        | North Midwest |     965 |        907 |        935 |           0 |         0
 Total, dea          | LIBRARY                        | NY Metro      |     876 |        925 |        901 |           0 |         0
 Total, dea          | NEXT DAY                       | Mid Atlantic  |    1137 |       1212 |       1285 |           0 |         0
 Total, dea          | NEXT DAY                       | North Midwest |    1170 |       1232 |       1222 |           0 |         0
 Total, dea          | NEXT DAY                       | NY Metro      |    1245 |       1249 |       1245 |           0 |         0
 Total, dea          | OVERNIGHT                      | Mid Atlantic  |     905 |        891 |        920 |           0 |         0
 Total, dea          | OVERNIGHT                      | North Midwest |     916 |        960 |        971 |           0 |         0
 Total, dea          | OVERNIGHT                      | NY Metro      |     922 |        945 |        921 |           0 |         0
 Total, dea          | REGULAR                        | Mid Atlantic  |     945 |        945 |        947 |           0 |         0
 Total, dea          | REGULAR                        | North Midwest |     871 |        904 |        989 |           0 |         0
 Total, dea          | REGULAR                        | NY Metro      |     951 |        936 |        976 |           0 |         0
 Total, dea          | TWO DAY                        | Mid Atlantic  |     927 |        891 |        932 |           0 |         0
 Total, dea          | TWO DAY                        | North Midwest |     912 |        928 |        939 |           0 |         0
 Total, dea          | TWO DAY                        | NY Metro      |     939 |        983 |        907 |           0 |         0
(90 rows)

UPDATE time_statistics SET e_time = TRANSACTION_TIMESTAMP() WHERE template = 'query99.tpl' AND stream = 8;
psql:/tmp/s1-basline/throughput/query_8.sql:4659: NOTICE:  duration: 0.123 ms  plan:
Query Text: UPDATE time_statistics SET e_time = TRANSACTION_TIMESTAMP() WHERE template = 'query99.tpl' AND stream = 8;
Update on time_statistics  (cost=0.00..22.07 rows=0 width=0) (actual time=0.122..0.122 rows=0 loops=1)
  ->  Seq Scan on time_statistics  (cost=0.00..22.07 rows=1 width=14) (actual time=0.045..0.101 rows=1 loops=1)
        Filter: ((template = 'query99.tpl'::text) AND (stream = 8))
        Rows Removed by Filter: 743
UPDATE 1
LOAD 'auto_explain'; SET auto_explain.log_min_duration TO 0; SET auto_explain.log_analyze TO on; SET auto_explain.log_level TO notice; INSERT INTO time_statistics (template, s_time, stream, query, seed) VALUES ('query27.tpl', TRANSACTION_TIMESTAMP(), 8, 94, 829635328);
LOAD
SET
SET
SET
psql:/tmp/s1-basline/throughput/query_8.sql:4660: NOTICE:  duration: 0.009 ms  plan:
Query Text: INSERT INTO time_statistics (template, s_time, stream, query, seed) VALUES ('query27.tpl', TRANSACTION_TIMESTAMP(), 8, 94, 829635328);
Insert on time_statistics  (cost=0.00..0.01 rows=0 width=0) (actual time=0.008..0.008 rows=0 loops=1)
  ->  Result  (cost=0.00..0.01 rows=1 width=64) (actual time=0.001..0.002 rows=1 loops=1)
INSERT 0 1
select  i_item_id,
        s_state, grouping(s_state) g_state,
        avg(ss_quantity) agg1,
        avg(ss_list_price) agg2,
        avg(ss_coupon_amt) agg3,
        avg(ss_sales_price) agg4
 from store_sales, customer_demographics, date_dim, store, item
 where ss_sold_date_sk = d_date_sk and
       ss_item_sk = i_item_sk and
       ss_store_sk = s_store_sk and
       ss_cdemo_sk = cd_demo_sk and
       cd_gender = 'M' and
       cd_marital_status = 'W' and
       cd_education_status = 'Unknown' and
       d_year = 2001 and
       s_state in ('TN','TN', 'TN', 'TN', 'TN', 'TN')
 group by rollup (i_item_id, s_state)
 order by i_item_id
         ,s_state
 limit 100;
psql:/tmp/s1-basline/throughput/query_8.sql:4680: NOTICE:  duration: 841.997 ms  plan:
Query Text: select  i_item_id,
        s_state, grouping(s_state) g_state,
        avg(ss_quantity) agg1,
        avg(ss_list_price) agg2,
        avg(ss_coupon_amt) agg3,
        avg(ss_sales_price) agg4
 from store_sales, customer_demographics, date_dim, store, item
 where ss_sold_date_sk = d_date_sk and
       ss_item_sk = i_item_sk and
       ss_store_sk = s_store_sk and
       ss_cdemo_sk = cd_demo_sk and
       cd_gender = 'M' and
       cd_marital_status = 'W' and
       cd_education_status = 'Unknown' and
       d_year = 2001 and
       s_state in ('TN','TN', 'TN', 'TN', 'TN', 'TN')
 group by rollup (i_item_id, s_state)
 order by i_item_id
         ,s_state
 limit 100;
Limit  (cost=4116.25..43432.21 rows=100 width=80) (actual time=711.201..841.920 rows=100 loops=1)
  ->  GroupAggregate  (cost=4116.25..144474.23 rows=357 width=80) (actual time=711.200..841.912 rows=100 loops=1)
        Group Key: item.i_item_id, store.s_state
        Group Key: item.i_item_id
        Group Key: ()
        ->  Incremental Sort  (cost=4116.25..144463.53 rows=178 width=48) (actual time=711.186..841.805 rows=79 loops=1)
              Sort Key: item.i_item_id, store.s_state
              Presorted Key: item.i_item_id
              Full-sort Groups: 3  Sort Method: quicksort  Average Memory: 27kB  Peak Memory: 27kB
              ->  Nested Loop  (cost=3323.36..144455.52 rows=178 width=48) (actual time=648.784..841.738 rows=100 loops=1)
                    Join Filter: (store_sales.ss_item_sk = item.i_item_sk)
                    Rows Removed by Join Filter: 1960251
                    ->  Index Scan using i_i_item_id on item  (cost=0.29..1714.59 rows=18000 width=25) (actual time=0.009..0.197 rows=258 loops=1)
                    ->  Materialize  (cost=3323.08..94681.38 rows=178 width=39) (actual time=0.061..2.779 rows=7598 loops=258)
                          ->  Nested Loop  (cost=3323.08..94680.49 rows=178 width=39) (actual time=15.729..645.834 rows=7615 loops=1)
                                Join Filter: (store_sales.ss_store_sk = store.s_store_sk)
                                Rows Removed by Join Filter: 33566
                                ->  Gather  (cost=3323.08..94647.87 rows=187 width=44) (actual time=15.713..640.730 rows=7712 loops=1)
                                      Workers Planned: 2
                                      Workers Launched: 2
                                      ->  Nested Loop  (cost=2323.08..93629.17 rows=78 width=44) (actual time=20.176..641.046 rows=2571 loops=3)
                                            ->  Hash Join  (cost=2322.65..90983.94 rows=5718 width=52) (actual time=13.567..275.656 rows=180059 loops=3)
                                                  Hash Cond: (store_sales.ss_sold_date_sk = date_dim.d_date_sk)
                                                  ->  Parallel Seq Scan on store_sales  (cost=0.00..85499.45 rows=1204445 width=60) (actual time=0.014..120.071 rows=948150 loops=3)
                                                  ->  Hash  (cost=2318.11..2318.11 rows=363 width=8) (actual time=13.443..13.443 rows=365 loops=3)
                                                        Buckets: 1024  Batches: 1  Memory Usage: 23kB
                                                        ->  Seq Scan on date_dim  (cost=0.00..2318.11 rows=363 width=8) (actual time=6.553..13.396 rows=365 loops=3)
                                                              Filter: (d_year = 2001)
                                                              Rows Removed by Filter: 72684
                                            ->  Index Scan using pk_customer_demographics on customer_demographics  (cost=0.43..0.46 rows=1 width=8) (actual time=0.002..0.002 rows=0 loops=540176)
                                                  Index Cond: (cd_demo_sk = store_sales.ss_cdemo_sk)
                                                  Filter: ((cd_gender = 'M'::bpchar) AND (cd_marital_status = 'W'::bpchar) AND (cd_education_status = 'Unknown'::bpchar))
                                                  Rows Removed by Filter: 1
                                ->  Materialize  (cost=0.00..1.27 rows=12 width=11) (actual time=0.000..0.000 rows=5 loops=7712)
                                      ->  Seq Scan on store  (cost=0.00..1.21 rows=12 width=11) (actual time=0.007..0.012 rows=12 loops=1)
                                            Filter: (s_state = ANY ('{TN,TN,TN,TN,TN,TN}'::bpchar[]))
    i_item_id     | s_state | g_state |        agg1         |        agg2        |       agg3        |        agg4        
------------------+---------+---------+---------------------+--------------------+-------------------+--------------------
 AAAAAAAAAAABAAAA | TN      |       0 | 10.0000000000000000 |              66.67 |                 0 |                 46
 AAAAAAAAAAABAAAA |         |       1 | 10.0000000000000000 |              66.67 |                 0 |                 46
 AAAAAAAAAAACAAAA | TN      |       0 | 38.0000000000000000 |               6.95 |                 0 |               2.36
 AAAAAAAAAAACAAAA |         |       1 | 38.0000000000000000 |               6.95 |                 0 |               2.36
 AAAAAAAAAAAEAAAA | TN      |       0 | 44.0000000000000000 |              19.98 |                 0 |              13.98
 AAAAAAAAAAAEAAAA |         |       1 | 44.0000000000000000 |              19.98 |                 0 |              13.98
 AAAAAAAAAABAAAAA | TN      |       0 | 52.0000000000000000 |              52.82 |            0.8375 |            19.9025
 AAAAAAAAAABAAAAA |         |       1 | 52.0000000000000000 |              52.82 |            0.8375 |            19.9025
 AAAAAAAAAABBAAAA | TN      |       0 | 94.0000000000000000 |             105.92 |            320.57 |              48.72
 AAAAAAAAAABBAAAA |         |       1 | 94.0000000000000000 |             105.92 |            320.57 |              48.72
 AAAAAAAAAABDAAAA | TN      |       0 | 60.0000000000000000 | 132.51999999999998 |           977.215 |             11.645
 AAAAAAAAAABDAAAA |         |       1 | 60.0000000000000000 | 132.51999999999998 |           977.215 |             11.645
 AAAAAAAAAABEAAAA | TN      |       0 | 36.0000000000000000 |             25.655 |                 0 | 14.594999999999999
 AAAAAAAAAABEAAAA |         |       1 | 36.0000000000000000 |             25.655 |                 0 | 14.594999999999999
 AAAAAAAAAACAAAAA | TN      |       0 | 52.3333333333333333 |              97.14 |                 0 |  73.42999999999999
 AAAAAAAAAACAAAAA |         |       1 | 52.3333333333333333 |              97.14 |                 0 |  73.42999999999999
 AAAAAAAAAADBAAAA | TN      |       0 | 45.0000000000000000 |              23.69 |                 0 |               5.21
 AAAAAAAAAADBAAAA |         |       1 | 45.0000000000000000 |              23.69 |                 0 |               5.21
 AAAAAAAAAADCAAAA | TN      |       0 | 74.0000000000000000 |              139.2 |                 0 |                  0
 AAAAAAAAAADCAAAA |         |       1 | 74.0000000000000000 |              139.2 |                 0 |                  0
 AAAAAAAAAAEAAAAA | TN      |       0 | 16.0000000000000000 |              64.34 |            203.76 |              14.15
 AAAAAAAAAAEAAAAA |         |       1 | 16.0000000000000000 |              64.34 |            203.76 |              14.15
 AAAAAAAAAAEBAAAA | TN      |       0 |                     |               6.15 |                   |               3.69
 AAAAAAAAAAEBAAAA |         |       1 |                     |               6.15 |                   |               3.69
 AAAAAAAAAAEDAAAA | TN      |       0 | 96.0000000000000000 |              28.71 |                 0 |              17.22
 AAAAAAAAAAEDAAAA |         |       1 | 96.0000000000000000 |              28.71 |                 0 |              17.22
 AAAAAAAAAAFDAAAA | TN      |       0 |  8.0000000000000000 | 55.879999999999995 |                 0 |             30.985
 AAAAAAAAAAFDAAAA |         |       1 |  8.0000000000000000 | 55.879999999999995 |                 0 |             30.985
 AAAAAAAAAAGBAAAA | TN      |       0 | 76.0000000000000000 |              52.55 |           2336.12 |              47.29
 AAAAAAAAAAGBAAAA |         |       1 | 76.0000000000000000 |              52.55 |           2336.12 |              47.29
 AAAAAAAAAAGCAAAA | TN      |       0 | 43.0000000000000000 |              83.26 |                 0 |              80.76
 AAAAAAAAAAGCAAAA |         |       1 | 43.0000000000000000 |              83.26 |                 0 |              80.76
 AAAAAAAAAAGEAAAA | TN      |       0 | 51.0000000000000000 | 100.49000000000001 |                 0 |             30.405
 AAAAAAAAAAGEAAAA |         |       1 | 51.0000000000000000 | 100.49000000000001 |                 0 |             30.405
 AAAAAAAAAAHBAAAA | TN      |       0 |  5.0000000000000000 |               18.9 |                 0 |               9.82
 AAAAAAAAAAHBAAAA |         |       1 |  5.0000000000000000 |               18.9 |                 0 |               9.82
 AAAAAAAAAAHDAAAA | TN      |       0 | 43.0000000000000000 |             107.51 |                 0 |              13.97
 AAAAAAAAAAHDAAAA |         |       1 | 43.0000000000000000 |             107.51 |                 0 |              13.97
 AAAAAAAAAAICAAAA | TN      |       0 | 69.0000000000000000 |             91.595 |                 0 | 46.275000000000006
 AAAAAAAAAAICAAAA |         |       1 | 69.0000000000000000 |             91.595 |                 0 | 46.275000000000006
 AAAAAAAAAAIDAAAA | TN      |       0 | 58.0000000000000000 | 51.082499999999996 |                 0 | 21.409999999999997
 AAAAAAAAAAIDAAAA |         |       1 | 58.0000000000000000 | 51.082499999999996 |                 0 | 21.409999999999997
 AAAAAAAAAAKDAAAA | TN      |       0 | 53.0000000000000000 |              86.72 |                 0 |              70.24
 AAAAAAAAAAKDAAAA |         |       1 | 53.0000000000000000 |              86.72 |                 0 |              70.24
 AAAAAAAAAALCAAAA | TN      |       0 | 55.0000000000000000 |             121.68 |                 0 |              49.88
 AAAAAAAAAALCAAAA |         |       1 | 55.0000000000000000 |             121.68 |                 0 |              49.88
 AAAAAAAAAALDAAAA | TN      |       0 | 41.5000000000000000 |            64.2175 |                 0 |            31.2625
 AAAAAAAAAALDAAAA |         |       1 | 41.5000000000000000 |            64.2175 |                 0 |            31.2625
 AAAAAAAAAAMBAAAA | TN      |       0 | 95.0000000000000000 |             131.73 |             70.07 |              18.44
 AAAAAAAAAAMBAAAA |         |       1 | 95.0000000000000000 |             131.73 |             70.07 |              18.44
 AAAAAAAAAAMCAAAA | TN      |       0 | 35.0000000000000000 |              36.23 |                 0 |              30.79
 AAAAAAAAAAMCAAAA |         |       1 | 35.0000000000000000 |              36.23 |                 0 |              30.79
 AAAAAAAAAANAAAAA | TN      |       0 | 57.0000000000000000 | 129.41666666666666 | 90.66333333333334 |  96.61666666666667
 AAAAAAAAAANAAAAA |         |       1 | 57.0000000000000000 | 129.41666666666666 | 90.66333333333334 |  96.61666666666667
 AAAAAAAAAANBAAAA | TN      |       0 | 81.0000000000000000 |             124.23 |                 0 |             114.29
 AAAAAAAAAANBAAAA |         |       1 | 81.0000000000000000 |             124.23 |                 0 |             114.29
 AAAAAAAAAAOCAAAA | TN      |       0 |  8.0000000000000000 | 43.239999999999995 |                 0 |             20.415
 AAAAAAAAAAOCAAAA |         |       1 |  8.0000000000000000 | 43.239999999999995 |                 0 |             20.415
 AAAAAAAAAAPCAAAA | TN      |       0 |  2.0000000000000000 |              16.36 |                 0 |              10.96
 AAAAAAAAAAPCAAAA |         |       1 |  2.0000000000000000 |              16.36 |                 0 |              10.96
 AAAAAAAAABAAAAAA | TN      |       0 | 11.0000000000000000 |              27.22 |                 0 |              22.32
 AAAAAAAAABAAAAAA |         |       1 | 11.0000000000000000 |              27.22 |                 0 |              22.32
 AAAAAAAAABADAAAA | TN      |       0 | 62.0000000000000000 |             110.62 |                 0 |              34.29
 AAAAAAAAABADAAAA |         |       1 | 62.0000000000000000 |             110.62 |                 0 |              34.29
 AAAAAAAAABBAAAAA | TN      |       0 | 30.5000000000000000 |             22.385 |                 0 |             15.065
 AAAAAAAAABBAAAAA |         |       1 | 30.5000000000000000 |             22.385 |                 0 |             15.065
 AAAAAAAAABBCAAAA | TN      |       0 | 83.0000000000000000 |              55.39 |                 0 |              10.52
 AAAAAAAAABBCAAAA |         |       1 | 83.0000000000000000 |              55.39 |                 0 |              10.52
 AAAAAAAAABBDAAAA | TN      |       0 | 36.6666666666666667 | 62.919999999999995 |            549.78 | 41.190000000000005
 AAAAAAAAABBDAAAA |         |       1 | 36.6666666666666667 | 62.919999999999995 |            549.78 | 41.190000000000005
 AAAAAAAAABCEAAAA | TN      |       0 | 50.5000000000000000 |              61.73 |           890.105 | 16.884999999999998
 AAAAAAAAABCEAAAA |         |       1 | 50.5000000000000000 |              61.73 |           890.105 | 16.884999999999998
 AAAAAAAAABDAAAAA | TN      |       0 | 29.0000000000000000 |              67.53 |                 0 |              34.44
 AAAAAAAAABDAAAAA |         |       1 | 29.0000000000000000 |              67.53 |                 0 |              34.44
 AAAAAAAAABDDAAAA | TN      |       0 | 48.5000000000000000 |              92.77 |                 0 |  71.19000000000001
 AAAAAAAAABDDAAAA |         |       1 | 48.5000000000000000 |              92.77 |                 0 |  71.19000000000001
 AAAAAAAAABEDAAAA | TN      |       0 | 89.0000000000000000 |             101.75 |                 0 |               29.5
 AAAAAAAAABEDAAAA |         |       1 | 89.0000000000000000 |             101.75 |                 0 |               29.5
 AAAAAAAAABFBAAAA | TN      |       0 | 38.0000000000000000 |              42.13 |                 0 |              39.18
 AAAAAAAAABFBAAAA |         |       1 | 38.0000000000000000 |              42.13 |                 0 |              39.18
 AAAAAAAAABFCAAAA | TN      |       0 | 68.0000000000000000 |               97.4 |                 0 |              16.55
 AAAAAAAAABFCAAAA |         |       1 | 68.0000000000000000 |               97.4 |                 0 |              16.55
 AAAAAAAAABFEAAAA | TN      |       0 | 53.0000000000000000 |             178.73 |                 0 |             121.53
 AAAAAAAAABFEAAAA |         |       1 | 53.0000000000000000 |             178.73 |                 0 |             121.53
 AAAAAAAAABGEAAAA | TN      |       0 | 45.0000000000000000 |              80.44 |                 0 |                 37
 AAAAAAAAABGEAAAA |         |       1 | 45.0000000000000000 |              80.44 |                 0 |                 37
 AAAAAAAAABICAAAA | TN      |       0 | 40.5000000000000000 | 56.285000000000004 |                 0 |             21.695
 AAAAAAAAABICAAAA |         |       1 | 40.5000000000000000 | 56.285000000000004 |                 0 |             21.695
 AAAAAAAAABJAAAAA | TN      |       0 | 69.0000000000000000 |              74.23 |                 0 |              28.94
 AAAAAAAAABJAAAAA |         |       1 | 69.0000000000000000 |              74.23 |                 0 |              28.94
 AAAAAAAAABJBAAAA | TN      |       0 | 18.0000000000000000 |             142.35 |                 0 |             135.23
 AAAAAAAAABJBAAAA |         |       1 | 18.0000000000000000 |             142.35 |                 0 |             135.23
 AAAAAAAAABKAAAAA | TN      |       0 | 67.0000000000000000 |             136.94 |           3963.39 |              82.16
 AAAAAAAAABKAAAAA |         |       1 | 67.0000000000000000 |             136.94 |           3963.39 |              82.16
 AAAAAAAAABKCAAAA | TN      |       0 | 72.0000000000000000 |              76.56 |                 0 |              42.87
 AAAAAAAAABKCAAAA |         |       1 | 72.0000000000000000 |              76.56 |                 0 |              42.87
 AAAAAAAAABLCAAAA | TN      |       0 | 36.0000000000000000 |               4.82 |                 0 |               2.69
 AAAAAAAAABLCAAAA |         |       1 | 36.0000000000000000 |               4.82 |                 0 |               2.69
 AAAAAAAAABMAAAAA | TN      |       0 | 56.3333333333333333 |  46.51666666666667 |                 0 |  35.82333333333333
 AAAAAAAAABMAAAAA |         |       1 | 56.3333333333333333 |  46.51666666666667 |                 0 |  35.82333333333333
(100 rows)

UPDATE time_statistics SET e_time = TRANSACTION_TIMESTAMP() WHERE template = 'query27.tpl' AND stream = 8;
psql:/tmp/s1-basline/throughput/query_8.sql:4682: NOTICE:  duration: 0.105 ms  plan:
Query Text: UPDATE time_statistics SET e_time = TRANSACTION_TIMESTAMP() WHERE template = 'query27.tpl' AND stream = 8;
Update on time_statistics  (cost=0.00..22.07 rows=0 width=0) (actual time=0.104..0.104 rows=0 loops=1)
  ->  Seq Scan on time_statistics  (cost=0.00..22.07 rows=1 width=14) (actual time=0.054..0.090 rows=1 loops=1)
        Filter: ((template = 'query27.tpl'::text) AND (stream = 8))
        Rows Removed by Filter: 744
UPDATE 1
LOAD 'auto_explain'; SET auto_explain.log_min_duration TO 0; SET auto_explain.log_analyze TO on; SET auto_explain.log_level TO notice; INSERT INTO time_statistics (template, s_time, stream, query, seed) VALUES ('query18.tpl', TRANSACTION_TIMESTAMP(), 8, 95, 517588754);
LOAD
SET
SET
SET
psql:/tmp/s1-basline/throughput/query_8.sql:4683: NOTICE:  duration: 0.008 ms  plan:
Query Text: INSERT INTO time_statistics (template, s_time, stream, query, seed) VALUES ('query18.tpl', TRANSACTION_TIMESTAMP(), 8, 95, 517588754);
Insert on time_statistics  (cost=0.00..0.01 rows=0 width=0) (actual time=0.008..0.008 rows=0 loops=1)
  ->  Result  (cost=0.00..0.01 rows=1 width=64) (actual time=0.001..0.001 rows=1 loops=1)
INSERT 0 1
select  i_item_id,
        ca_country,
        ca_state, 
        ca_county,
        avg( cast(cs_quantity as decimal(12,2))) agg1,
        avg( cast(cs_list_price as decimal(12,2))) agg2,
        avg( cast(cs_coupon_amt as decimal(12,2))) agg3,
        avg( cast(cs_sales_price as decimal(12,2))) agg4,
        avg( cast(cs_net_profit as decimal(12,2))) agg5,
        avg( cast(c_birth_year as decimal(12,2))) agg6,
        avg( cast(cd1.cd_dep_count as decimal(12,2))) agg7
 from catalog_sales, customer_demographics cd1, 
      customer_demographics cd2, customer, customer_address, date_dim, item
 where cs_sold_date_sk = d_date_sk and
       cs_item_sk = i_item_sk and
       cs_bill_cdemo_sk = cd1.cd_demo_sk and
       cs_bill_customer_sk = c_customer_sk and
       cd1.cd_gender = 'M' and 
       cd1.cd_education_status = 'Primary' and
       c_current_cdemo_sk = cd2.cd_demo_sk and
       c_current_addr_sk = ca_address_sk and
       c_birth_month in (4,7,2,3,6,12) and
       d_year = 2002 and
       ca_state in ('WA','WV','MS'
                   ,'VA','IN','NE','NY')
 group by rollup (i_item_id, ca_country, ca_state, ca_county)
 order by ca_country,
        ca_state, 
        ca_county,
	i_item_id
 limit 100;
psql:/tmp/s1-basline/throughput/query_8.sql:4714: NOTICE:  duration: 724.963 ms  plan:
Query Text: select  i_item_id,
        ca_country,
        ca_state, 
        ca_county,
        avg( cast(cs_quantity as decimal(12,2))) agg1,
        avg( cast(cs_list_price as decimal(12,2))) agg2,
        avg( cast(cs_coupon_amt as decimal(12,2))) agg3,
        avg( cast(cs_sales_price as decimal(12,2))) agg4,
        avg( cast(cs_net_profit as decimal(12,2))) agg5,
        avg( cast(c_birth_year as decimal(12,2))) agg6,
        avg( cast(cd1.cd_dep_count as decimal(12,2))) agg7
 from catalog_sales, customer_demographics cd1, 
      customer_demographics cd2, customer, customer_address, date_dim, item
 where cs_sold_date_sk = d_date_sk and
       cs_item_sk = i_item_sk and
       cs_bill_cdemo_sk = cd1.cd_demo_sk and
       cs_bill_customer_sk = c_customer_sk and
       cd1.cd_gender = 'M' and 
       cd1.cd_education_status = 'Primary' and
       c_current_cdemo_sk = cd2.cd_demo_sk and
       c_current_addr_sk = ca_address_sk and
       c_birth_month in (4,7,2,3,6,12) and
       d_year = 2002 and
       ca_state in ('WA','WV','MS'
                   ,'VA','IN','NE','NY')
 group by rollup (i_item_id, ca_country, ca_state, ca_county)
 order by ca_country,
        ca_state, 
        ca_county,
	i_item_id
 limit 100;
Limit  (cost=25184.21..25184.46 rows=100 width=272) (actual time=724.841..724.853 rows=100 loops=1)
  ->  Sort  (cost=25184.21..25184.62 rows=165 width=272) (actual time=724.840..724.846 rows=100 loops=1)
        Sort Key: customer_address.ca_country, customer_address.ca_state, customer_address.ca_county, item.i_item_id
        Sort Method: top-N heapsort  Memory: 47kB
        ->  GroupAggregate  (cost=25170.93..25178.13 rows=165 width=272) (actual time=700.333..721.447 rows=6506 loops=1)
              Group Key: item.i_item_id, customer_address.ca_country, customer_address.ca_state, customer_address.ca_county
              Group Key: item.i_item_id, customer_address.ca_country, customer_address.ca_state
              Group Key: item.i_item_id, customer_address.ca_country
              Group Key: item.i_item_id
              Group Key: ()
              ->  Sort  (cost=25170.93..25171.03 rows=41 width=92) (actual time=700.293..700.379 rows=1717 loops=1)
                    Sort Key: item.i_item_id, customer_address.ca_country, customer_address.ca_state, customer_address.ca_county
                    Sort Method: quicksort  Memory: 277kB
                    ->  Nested Loop  (cost=2.15..25169.83 rows=41 width=92) (actual time=5.379..695.573 rows=1717 loops=1)
                          ->  Nested Loop  (cost=1.86..25157.28 rows=41 width=83) (actual time=5.373..691.042 rows=1717 loops=1)
                                ->  Nested Loop  (cost=1.44..25133.98 rows=42 width=91) (actual time=5.368..688.347 rows=1761 loops=1)
                                      ->  Nested Loop  (cost=1.15..25050.66 rows=241 width=68) (actual time=5.106..670.371 rows=9762 loops=1)
                                            ->  Nested Loop  (cost=0.85..24888.06 rows=508 width=56) (actual time=4.213..636.633 rows=19971 loops=1)
                                                  ->  Nested Loop  (cost=0.43..21531.98 rows=7137 width=60) (actual time=4.005..130.135 rows=284026 loops=1)
                                                        ->  Seq Scan on date_dim  (cost=0.00..2318.11 rows=363 width=8) (actual time=3.993..8.372 rows=365 loops=1)
                                                              Filter: (d_year = 2002)
                                                              Rows Removed by Filter: 72684
                                                        ->  Index Scan using i_cs_sold_date_sk on catalog_sales  (cost=0.43..45.08 rows=785 width=68) (actual time=0.004..0.178 rows=778 loops=365)
                                                              Index Cond: (cs_sold_date_sk = date_dim.d_date_sk)
                                                  ->  Index Scan using pk_customer_demographics on customer_demographics cd1  (cost=0.43..0.47 rows=1 width=12) (actual time=0.002..0.002 rows=0 loops=284026)
                                                        Index Cond: (cd_demo_sk = catalog_sales.cs_bill_cdemo_sk)
                                                        Filter: ((cd_gender = 'M'::bpchar) AND (cd_education_status = 'Primary'::bpchar))
                                                        Rows Removed by Filter: 1
                                            ->  Index Scan using pk_customer on customer  (cost=0.29..0.32 rows=1 width=28) (actual time=0.001..0.001 rows=0 loops=19971)
                                                  Index Cond: (c_customer_sk = catalog_sales.cs_bill_customer_sk)
                                                  Filter: (c_birth_month = ANY ('{4,7,2,3,6,12}'::integer[]))
                                                  Rows Removed by Filter: 1
                                      ->  Index Scan using pk_customer_address on customer_address  (cost=0.29..0.35 rows=1 width=39) (actual time=0.002..0.002 rows=0 loops=9762)
                                            Index Cond: (ca_address_sk = customer.c_current_addr_sk)
                                            Filter: (ca_state = ANY ('{WA,WV,MS,VA,IN,NE,NY}'::bpchar[]))
                                            Rows Removed by Filter: 1
                                ->  Index Only Scan using pk_customer_demographics on customer_demographics cd2  (cost=0.43..0.55 rows=1 width=8) (actual time=0.001..0.001 rows=1 loops=1761)
                                      Index Cond: (cd_demo_sk = customer.c_current_cdemo_sk)
                                      Heap Fetches: 0
                          ->  Index Scan using pk_item on item  (cost=0.29..0.31 rows=1 width=25) (actual time=0.002..0.002 rows=1 loops=1717)
                                Index Cond: (i_item_sk = catalog_sales.cs_item_sk)
    i_item_id     |  ca_country   | ca_state |    ca_county     |         agg1         |         agg2         |          agg3          |          agg4          |          agg5          |         agg6          |          agg7          
------------------+---------------+----------+------------------+----------------------+----------------------+------------------------+------------------------+------------------------+-----------------------+------------------------
 AAAAAAAAEDCBAAAA | United States | IN       | Adams County     |  25.0000000000000000 |  26.2600000000000000 | 0.00000000000000000000 |     7.3500000000000000 |  -453.7500000000000000 | 1979.0000000000000000 |     5.0000000000000000
 AAAAAAAAEKMCAAAA | United States | IN       | Adams County     |  93.0000000000000000 | 146.9600000000000000 |  3279.6400000000000000 |    47.0200000000000000 | -4649.5300000000000000 | 1979.0000000000000000 |     5.0000000000000000
 AAAAAAAAFOHCAAAA | United States | IN       | Adams County     |  39.0000000000000000 |  22.6400000000000000 | 0.00000000000000000000 |    15.8400000000000000 |   145.4700000000000000 | 1979.0000000000000000 |     5.0000000000000000
 AAAAAAAALHKDAAAA | United States | IN       | Adams County     |  78.0000000000000000 |  24.3800000000000000 | 0.00000000000000000000 | 1.21000000000000000000 |  -599.8200000000000000 | 1979.0000000000000000 |     5.0000000000000000
 AAAAAAAAMIBEAAAA | United States | IN       | Adams County     |  61.0000000000000000 |  23.9000000000000000 | 0.00000000000000000000 |     8.1200000000000000 |  -252.5400000000000000 | 1979.0000000000000000 |     5.0000000000000000
 AAAAAAAAMLGDAAAA | United States | IN       | Adams County     |  64.0000000000000000 |  72.1800000000000000 | 0.00000000000000000000 |    36.0900000000000000 |   151.0400000000000000 | 1979.0000000000000000 |     5.0000000000000000
 AAAAAAAAAEEAAAAA | United States | IN       | Blackford County |  85.0000000000000000 | 159.3000000000000000 | 0.00000000000000000000 |   132.2100000000000000 |  4073.2000000000000000 | 1945.0000000000000000 |     2.0000000000000000
 AAAAAAAAAFHBAAAA | United States | IN       | Blackford County |  99.0000000000000000 | 140.1300000000000000 | 0.00000000000000000000 |    42.0300000000000000 | -3378.8700000000000000 | 1945.0000000000000000 |     2.0000000000000000
 AAAAAAAAAOAAAAAA | United States | IN       | Blackford County |  68.0000000000000000 | 142.5600000000000000 | 0.00000000000000000000 |    92.6600000000000000 |  2438.4800000000000000 | 1945.0000000000000000 |     2.0000000000000000
 AAAAAAAAFAFDAAAA | United States | IN       | Blackford County |  78.0000000000000000 |  17.4300000000000000 | 0.00000000000000000000 |    14.4600000000000000 |   359.5800000000000000 | 1945.0000000000000000 |     2.0000000000000000
 AAAAAAAAHNEBAAAA | United States | IN       | Blackford County |  33.0000000000000000 | 120.8700000000000000 | 0.00000000000000000000 |    62.8500000000000000 |  -258.7200000000000000 | 1945.0000000000000000 |     2.0000000000000000
 AAAAAAAAJFIAAAAA | United States | IN       | Blackford County |  33.0000000000000000 |  67.7400000000000000 |   132.7500000000000000 |     7.4500000000000000 | -1593.3300000000000000 | 1945.0000000000000000 |     2.0000000000000000
 AAAAAAAALPMCAAAA | United States | IN       | Blackford County |  18.0000000000000000 | 205.6300000000000000 | 0.00000000000000000000 |   125.4300000000000000 |   627.1200000000000000 | 1945.0000000000000000 |     2.0000000000000000
 AAAAAAAANDJAAAAA | United States | IN       | Blackford County |  30.0000000000000000 |  95.0300000000000000 |   414.6700000000000000 |    14.2500000000000000 | -1939.8700000000000000 | 1945.0000000000000000 |     2.0000000000000000
 AAAAAAAABCKAAAAA | United States | IN       | Brown County     |  24.0000000000000000 | 269.2300000000000000 | 0.00000000000000000000 |   253.0700000000000000 |  3798.4800000000000000 | 1928.0000000000000000 | 1.00000000000000000000
 AAAAAAAAEBFAAAAA | United States | IN       | Brown County     |  29.0000000000000000 | 102.2400000000000000 | 0.00000000000000000000 |    10.2200000000000000 | -1369.3800000000000000 | 1928.0000000000000000 | 1.00000000000000000000
 AAAAAAAAFHICAAAA | United States | IN       | Brown County     |  80.0000000000000000 | 123.9700000000000000 | 0.00000000000000000000 |     2.4700000000000000 | -4059.2000000000000000 | 1928.0000000000000000 | 1.00000000000000000000
 AAAAAAAAHCOCAAAA | United States | IN       | Brown County     | 100.0000000000000000 | 142.6500000000000000 | 0.00000000000000000000 |   128.3800000000000000 |  5250.0000000000000000 | 1928.0000000000000000 | 1.00000000000000000000
 AAAAAAAAJFHBAAAA | United States | IN       | Brown County     |  76.0000000000000000 |  36.0800000000000000 | 0.00000000000000000000 |    31.7500000000000000 |   709.8400000000000000 | 1928.0000000000000000 | 1.00000000000000000000
 AAAAAAAAKADAAAAA | United States | IN       | Brown County     |  24.0000000000000000 | 151.3200000000000000 | 0.00000000000000000000 |   131.6400000000000000 |   801.1200000000000000 | 1928.0000000000000000 | 1.00000000000000000000
 AAAAAAAAKPPAAAAA | United States | IN       | Brown County     |  20.0000000000000000 | 103.4600000000000000 | 0.00000000000000000000 |    81.7300000000000000 |   316.6000000000000000 | 1928.0000000000000000 | 1.00000000000000000000
 AAAAAAAALEEDAAAA | United States | IN       | Brown County     |  43.0000000000000000 | 147.6500000000000000 | 0.00000000000000000000 |    20.6700000000000000 | -3129.5400000000000000 | 1928.0000000000000000 | 1.00000000000000000000
 AAAAAAAAMBHDAAAA | United States | IN       | Brown County     |  46.0000000000000000 |  57.3400000000000000 |   212.1900000000000000 |    13.1800000000000000 | -1634.9700000000000000 | 1928.0000000000000000 | 1.00000000000000000000
 AAAAAAAAOCGEAAAA | United States | IN       | Brown County     |  84.0000000000000000 | 191.5200000000000000 | 0.00000000000000000000 |   114.9100000000000000 |  2976.9600000000000000 | 1928.0000000000000000 | 1.00000000000000000000
 AAAAAAAAONHDAAAA | United States | IN       | Brown County     |  25.0000000000000000 | 202.5000000000000000 | 0.00000000000000000000 |   137.7000000000000000 |  1539.2500000000000000 | 1928.0000000000000000 | 1.00000000000000000000
 AAAAAAAAAIGCAAAA | United States | IN       | Clay County      |  56.0000000000000000 |  28.4600000000000000 | 0.00000000000000000000 |    10.8100000000000000 |  -233.5200000000000000 | 1973.0000000000000000 |     4.0000000000000000
 AAAAAAAAEKAAAAAA | United States | IN       | Clay County      |  66.0000000000000000 |  76.2000000000000000 | 0.00000000000000000000 |    73.9100000000000000 |  3008.2800000000000000 | 1973.0000000000000000 |     4.0000000000000000
 AAAAAAAAFLOBAAAA | United States | IN       | Clay County      |  44.0000000000000000 |  28.2900000000000000 | 0.00000000000000000000 |    27.4400000000000000 |   545.1600000000000000 | 1973.0000000000000000 |     4.0000000000000000
 AAAAAAAAHNKBAAAA | United States | IN       | Clay County      |  59.0000000000000000 |  60.1200000000000000 | 0.00000000000000000000 |    21.0400000000000000 | -1108.0200000000000000 | 1973.0000000000000000 |     4.0000000000000000
 AAAAAAAAIJMDAAAA | United States | IN       | Clay County      |  61.0000000000000000 |  80.4600000000000000 | 0.00000000000000000000 |    74.0200000000000000 |  1972.1300000000000000 | 1973.0000000000000000 |     4.0000000000000000
 AAAAAAAAIPIDAAAA | United States | IN       | Clay County      |  17.0000000000000000 |   8.7700000000000000 | 0.00000000000000000000 | 1.66000000000000000000 |   -82.2800000000000000 | 1973.0000000000000000 |     4.0000000000000000
 AAAAAAAAKELAAAAA | United States | IN       | Clay County      |  12.0000000000000000 | 169.0600000000000000 |   834.9200000000000000 |    82.8300000000000000 |  -552.8000000000000000 | 1973.0000000000000000 |     4.0000000000000000
 AAAAAAAAKOBBAAAA | United States | IN       | Clay County      |  82.0000000000000000 | 167.1700000000000000 | 0.00000000000000000000 |   158.8100000000000000 |  8437.8000000000000000 | 1973.0000000000000000 |     4.0000000000000000
 AAAAAAAALIIBAAAA | United States | IN       | Clay County      |  29.0000000000000000 | 105.1200000000000000 | 0.00000000000000000000 |     3.1500000000000000 | -1611.8200000000000000 | 1973.0000000000000000 |     4.0000000000000000
 AAAAAAAAPENCAAAA | United States | IN       | Clay County      |  21.0000000000000000 |  22.9000000000000000 | 0.00000000000000000000 |    12.3600000000000000 |   -48.7200000000000000 | 1973.0000000000000000 |     4.0000000000000000
 AAAAAAAAEGEDAAAA | United States | IN       | Gibson County    |  87.0000000000000000 | 140.9800000000000000 | 0.00000000000000000000 |     7.0400000000000000 | -7964.8500000000000000 | 1970.0000000000000000 |     4.0000000000000000
 AAAAAAAAFHCCAAAA | United States | IN       | Gibson County    |  10.0000000000000000 |  77.6600000000000000 | 0.00000000000000000000 |    73.0000000000000000 |    71.8000000000000000 | 1970.0000000000000000 |     4.0000000000000000
 AAAAAAAAGMNDAAAA | United States | IN       | Gibson County    |  55.0000000000000000 |  72.1900000000000000 | 0.00000000000000000000 | 1.44000000000000000000 | -1313.9500000000000000 | 1970.0000000000000000 |     4.0000000000000000
 AAAAAAAAHHIDAAAA | United States | IN       | Gibson County    |  49.0000000000000000 | 249.2100000000000000 | 0.00000000000000000000 |    79.7400000000000000 |  -718.3400000000000000 | 1970.0000000000000000 |     4.0000000000000000
 AAAAAAAAIINAAAAA | United States | IN       | Gibson County    |  40.0000000000000000 | 142.8400000000000000 | 0.00000000000000000000 |    55.7000000000000000 | -1214.0000000000000000 | 1970.0000000000000000 |     4.0000000000000000
 AAAAAAAAJIJCAAAA | United States | IN       | Gibson County    |  27.0000000000000000 |  17.2800000000000000 | 0.00000000000000000000 |    17.1000000000000000 |   118.5300000000000000 | 1970.0000000000000000 |     4.0000000000000000
 AAAAAAAAJJEDAAAA | United States | IN       | Gibson County    |  54.0000000000000000 | 100.2900000000000000 |  2925.3500000000000000 |    74.2100000000000000 | -4280.2100000000000000 | 1970.0000000000000000 |     4.0000000000000000
 AAAAAAAAJKDDAAAA | United States | IN       | Gibson County    |  83.0000000000000000 |  75.1500000000000000 | 0.00000000000000000000 |    74.3900000000000000 |  3897.6800000000000000 | 1970.0000000000000000 |     4.0000000000000000
 AAAAAAAALALDAAAA | United States | IN       | Gibson County    |  89.0000000000000000 | 123.6000000000000000 |   594.0200000000000000 |    55.6200000000000000 | -4105.9600000000000000 | 1970.0000000000000000 |     4.0000000000000000
 AAAAAAAALKGBAAAA | United States | IN       | Gibson County    |  43.0000000000000000 |  53.5300000000000000 | 0.00000000000000000000 |    17.1200000000000000 |  -107.0700000000000000 | 1970.0000000000000000 |     4.0000000000000000
 AAAAAAAAOMGAAAAA | United States | IN       | Gibson County    |   7.0000000000000000 | 184.9600000000000000 | 0.00000000000000000000 |    25.8900000000000000 |  -281.1900000000000000 | 1970.0000000000000000 |     4.0000000000000000
 AAAAAAAAGOODAAAA | United States | IN       | Hancock County   |  43.0000000000000000 |  47.1200000000000000 | 0.00000000000000000000 |    16.0200000000000000 |  -436.8800000000000000 | 1960.0000000000000000 |     5.0000000000000000
 AAAAAAAAILOBAAAA | United States | IN       | Hancock County   |  24.0000000000000000 |  62.4100000000000000 | 0.00000000000000000000 |    23.0900000000000000 |   -26.4000000000000000 | 1960.0000000000000000 |     5.0000000000000000
 AAAAAAAAJCDCAAAA | United States | IN       | Hancock County   |  20.0000000000000000 |  10.7300000000000000 |    73.3000000000000000 |     6.4300000000000000 |   -60.1000000000000000 | 1960.0000000000000000 |     5.0000000000000000
 AAAAAAAAKPDDAAAA | United States | IN       | Hancock County   |  67.0000000000000000 | 153.9400000000000000 | 0.00000000000000000000 |   152.4000000000000000 |  6553.2700000000000000 | 1960.0000000000000000 |     5.0000000000000000
 AAAAAAAANMMDAAAA | United States | IN       | Hancock County   |  65.0000000000000000 | 115.8900000000000000 |   110.5100000000000000 |     3.4700000000000000 | -4478.5100000000000000 | 1960.0000000000000000 |     5.0000000000000000
 AAAAAAAAOGNBAAAA | United States | IN       | Hancock County   |  45.0000000000000000 | 118.0700000000000000 | 0.00000000000000000000 |    59.0300000000000000 | -1279.3500000000000000 | 1960.0000000000000000 |     5.0000000000000000
 AAAAAAAABEIDAAAA | United States | IN       | Jefferson County |  86.0000000000000000 |  77.6200000000000000 |  4121.5000000000000000 |    73.7300000000000000 | -1707.4800000000000000 | 1927.0000000000000000 |     2.0000000000000000
 AAAAAAAAJKPAAAAA | United States | IN       | Jefferson County |  47.0000000000000000 |  10.3800000000000000 | 0.00000000000000000000 |    10.1700000000000000 |   108.1000000000000000 | 1927.0000000000000000 |     2.0000000000000000
 AAAAAAAAMBDDAAAA | United States | IN       | Jefferson County |  40.0000000000000000 |  53.0100000000000000 | 0.00000000000000000000 |    42.4000000000000000 |   -28.0000000000000000 | 1927.0000000000000000 |     2.0000000000000000
 AAAAAAAAMJBDAAAA | United States | IN       | Jefferson County |  90.0000000000000000 |  31.1900000000000000 | 0.00000000000000000000 |    19.3300000000000000 |    78.3000000000000000 | 1927.0000000000000000 |     2.0000000000000000
 AAAAAAAAMNMAAAAA | United States | IN       | Jefferson County |  62.0000000000000000 | 145.6800000000000000 | 0.00000000000000000000 |    21.8500000000000000 | -3424.2600000000000000 | 1927.0000000000000000 |     2.0000000000000000
 AAAAAAAABJADAAAA | United States | IN       | Knox County      |  67.0000000000000000 |  84.9800000000000000 | 0.00000000000000000000 |    18.6900000000000000 | -3971.7600000000000000 | 1932.0000000000000000 |     3.0000000000000000
 AAAAAAAADBGDAAAA | United States | IN       | Knox County      |  56.0000000000000000 |  47.9600000000000000 | 0.00000000000000000000 |    38.3600000000000000 |   520.2400000000000000 | 1932.0000000000000000 |     3.0000000000000000
 AAAAAAAAFCMAAAAA | United States | IN       | Knox County      |  96.0000000000000000 | 111.7600000000000000 | 0.00000000000000000000 |    41.3500000000000000 | -2126.4000000000000000 | 1932.0000000000000000 |     3.0000000000000000
 AAAAAAAAFGODAAAA | United States | IN       | Knox County      |  99.0000000000000000 | 212.7100000000000000 | 0.00000000000000000000 |    38.2800000000000000 | -5569.7400000000000000 | 1932.0000000000000000 |     3.0000000000000000
 AAAAAAAAGKPDAAAA | United States | IN       | Knox County      |  25.0000000000000000 |  46.3900000000000000 | 0.00000000000000000000 |    32.0000000000000000 |    -5.5000000000000000 | 1932.0000000000000000 |     3.0000000000000000
 AAAAAAAAHMMAAAAA | United States | IN       | Knox County      |   8.0000000000000000 |  37.7100000000000000 | 0.00000000000000000000 |     3.3900000000000000 |  -257.5200000000000000 | 1932.0000000000000000 |     3.0000000000000000
 AAAAAAAAJOMCAAAA | United States | IN       | Knox County      |  54.0000000000000000 | 219.2900000000000000 | 0.00000000000000000000 |     6.5700000000000000 | -3829.6800000000000000 | 1932.0000000000000000 |     3.0000000000000000
 AAAAAAAALGLDAAAA | United States | IN       | Knox County      |  54.0000000000000000 | 115.1400000000000000 |  2824.3800000000000000 |    88.6500000000000000 | -1694.7000000000000000 | 1932.0000000000000000 |     3.0000000000000000
 AAAAAAAANNFAAAAA | United States | IN       | Knox County      |  32.0000000000000000 |   3.5800000000000000 | 0.00000000000000000000 | 0.14000000000000000000 |   -76.8000000000000000 | 1932.0000000000000000 |     3.0000000000000000
 AAAAAAAAONFAAAAA | United States | IN       | Knox County      |  33.0000000000000000 |  68.9000000000000000 | 0.00000000000000000000 |    15.1500000000000000 | -1348.7100000000000000 | 1932.0000000000000000 |     3.0000000000000000
 AAAAAAAAPIHBAAAA | United States | IN       | Knox County      |   6.0000000000000000 |  90.2200000000000000 | 0.00000000000000000000 |    13.5300000000000000 |  -147.2400000000000000 | 1932.0000000000000000 |     3.0000000000000000
 AAAAAAAAAKDEAAAA | United States | IN       | Lagrange County  |  55.0000000000000000 |  26.6600000000000000 | 0.00000000000000000000 |     2.9300000000000000 | -1249.0500000000000000 | 1952.0000000000000000 |     6.0000000000000000
 AAAAAAAAALKBAAAA | United States | IN       | Lagrange County  |  71.0000000000000000 |   3.1900000000000000 | 0.00000000000000000000 | 0.00000000000000000000 |  -208.0300000000000000 | 1952.0000000000000000 |     6.0000000000000000
 AAAAAAAABNCDAAAA | United States | IN       | Lagrange County  |  14.0000000000000000 | 123.3700000000000000 |   386.8500000000000000 |    78.9500000000000000 |    27.5500000000000000 | 1952.0000000000000000 |     6.0000000000000000
 AAAAAAAACOKCAAAA | United States | IN       | Lagrange County  |   9.0000000000000000 | 113.8400000000000000 | 0.00000000000000000000 |    34.1500000000000000 |  -265.0500000000000000 | 1952.0000000000000000 |     6.0000000000000000
 AAAAAAAAGFJAAAAA | United States | IN       | Lagrange County  |  11.0000000000000000 |  25.9800000000000000 | 0.00000000000000000000 |    11.1700000000000000 |   -59.1800000000000000 | 1952.0000000000000000 |     6.0000000000000000
 AAAAAAAAICFCAAAA | United States | IN       | Lagrange County  |  83.0000000000000000 |  57.4400000000000000 | 0.00000000000000000000 |    48.2400000000000000 |  1643.4000000000000000 | 1952.0000000000000000 |     6.0000000000000000
 AAAAAAAAJFDCAAAA | United States | IN       | Lagrange County  |  57.0000000000000000 | 128.8800000000000000 | 0.00000000000000000000 |   122.4300000000000000 |  4119.9600000000000000 | 1952.0000000000000000 |     6.0000000000000000
 AAAAAAAAKBNBAAAA | United States | IN       | Lagrange County  |  49.0000000000000000 |  98.6100000000000000 |   425.1600000000000000 |    78.8800000000000000 |  -364.8900000000000000 | 1952.0000000000000000 |     6.0000000000000000
 AAAAAAAAKIMCAAAA | United States | IN       | Lagrange County  |  26.0000000000000000 |  43.3200000000000000 | 0.00000000000000000000 |     7.3600000000000000 |  -717.0800000000000000 | 1952.0000000000000000 |     6.0000000000000000
 AAAAAAAANJGAAAAA | United States | IN       | Lagrange County  |  90.0000000000000000 | 154.8300000000000000 | 0.00000000000000000000 |   153.2800000000000000 |  5740.2000000000000000 | 1952.0000000000000000 |     6.0000000000000000
 AAAAAAAAOIHCAAAA | United States | IN       | Lagrange County  |  80.0000000000000000 | 139.7500000000000000 | 0.00000000000000000000 |    95.0300000000000000 |  1102.4000000000000000 | 1952.0000000000000000 |     6.0000000000000000
 AAAAAAAAPKGDAAAA | United States | IN       | Lagrange County  |  99.0000000000000000 | 115.8600000000000000 |   660.5200000000000000 |     6.9500000000000000 | -4654.1800000000000000 | 1952.0000000000000000 |     6.0000000000000000
 AAAAAAAAANBDAAAA | United States | IN       | Madison County   |  60.0000000000000000 |  10.0000000000000000 | 0.00000000000000000000 |     4.3000000000000000 |  -238.2000000000000000 | 1976.0000000000000000 |     3.0000000000000000
 AAAAAAAACBCDAAAA | United States | IN       | Madison County   |  59.0000000000000000 | 110.2100000000000000 | 0.00000000000000000000 |    45.1800000000000000 |  -967.0100000000000000 | 1976.0000000000000000 |     3.0000000000000000
 AAAAAAAACDAAAAAA | United States | IN       | Madison County   |  91.0000000000000000 |  98.7500000000000000 |  3809.6200000000000000 |    52.3300000000000000 | -6123.7500000000000000 | 1980.0000000000000000 | 0.00000000000000000000
 AAAAAAAAEGFCAAAA | United States | IN       | Madison County   |  57.0000000000000000 |  89.4800000000000000 |   970.9300000000000000 |    25.0500000000000000 | -4222.7800000000000000 | 1976.0000000000000000 |     3.0000000000000000
 AAAAAAAAEKPAAAAA | United States | IN       | Madison County   |  18.0000000000000000 |  85.0900000000000000 |    52.0700000000000000 |    72.3200000000000000 |   343.3900000000000000 | 1980.0000000000000000 | 0.00000000000000000000
 AAAAAAAAFFPDAAAA | United States | IN       | Madison County   |  62.0000000000000000 |  27.3700000000000000 | 0.00000000000000000000 |    13.4100000000000000 |    66.9600000000000000 | 1976.0000000000000000 |     3.0000000000000000
 AAAAAAAAGHFCAAAA | United States | IN       | Madison County   |  44.0000000000000000 | 178.0800000000000000 | 0.00000000000000000000 |    53.4200000000000000 |  -351.5600000000000000 | 1980.0000000000000000 | 0.00000000000000000000
 AAAAAAAAGPLDAAAA | United States | IN       | Madison County   |  44.0000000000000000 | 213.9000000000000000 |  2371.6400000000000000 |   179.6700000000000000 |  1738.8400000000000000 | 1976.0000000000000000 |     3.0000000000000000
 AAAAAAAAHNIDAAAA | United States | IN       | Madison County   |  27.0000000000000000 | 151.3200000000000000 | 0.00000000000000000000 |    52.9600000000000000 | -1061.3700000000000000 | 1976.0000000000000000 |     3.0000000000000000
 AAAAAAAAIBNAAAAA | United States | IN       | Madison County   |  65.0000000000000000 | 241.2800000000000000 | 0.00000000000000000000 |   142.3500000000000000 |  3173.9500000000000000 | 1980.0000000000000000 | 0.00000000000000000000
 AAAAAAAAINBAAAAA | United States | IN       | Madison County   |  61.0000000000000000 |   4.2900000000000000 | 0.00000000000000000000 | 1.02000000000000000000 |  -131.7600000000000000 | 1980.0000000000000000 | 0.00000000000000000000
 AAAAAAAAKBIAAAAA | United States | IN       | Madison County   |  78.0000000000000000 | 151.0600000000000000 | 0.00000000000000000000 |    67.9700000000000000 | -2109.1200000000000000 | 1976.0000000000000000 |     3.0000000000000000
 AAAAAAAAKEDDAAAA | United States | IN       | Madison County   |  45.0000000000000000 |  23.4300000000000000 |   222.1300000000000000 |    11.4800000000000000 |  -275.6800000000000000 | 1976.0000000000000000 |     3.0000000000000000
 AAAAAAAAKLDBAAAA | United States | IN       | Madison County   |  22.0000000000000000 |   5.9400000000000000 | 0.00000000000000000000 | 1.12000000000000000000 |   -54.5600000000000000 | 1976.0000000000000000 |     3.0000000000000000
 AAAAAAAAMDFAAAAA | United States | IN       | Madison County   | 100.0000000000000000 |  53.8800000000000000 | 0.00000000000000000000 |    45.7900000000000000 |  2538.0000000000000000 | 1976.0000000000000000 |     3.0000000000000000
 AAAAAAAAEGGBAAAA | United States | IN       | Miami County     |  42.0000000000000000 |  96.5000000000000000 |     9.7200000000000000 |     5.7900000000000000 | -1203.7800000000000000 | 1992.0000000000000000 |     4.0000000000000000
 AAAAAAAAJHFBAAAA | United States | IN       | Miami County     |  38.0000000000000000 | 205.2300000000000000 | 0.00000000000000000000 |   184.7000000000000000 |  3304.8600000000000000 | 1992.0000000000000000 |     4.0000000000000000
 AAAAAAAALHEAAAAA | United States | IN       | Miami County     |  61.0000000000000000 | 169.0200000000000000 | 0.00000000000000000000 |    43.9400000000000000 |  -756.4000000000000000 | 1992.0000000000000000 |     4.0000000000000000
 AAAAAAAANPMDAAAA | United States | IN       | Miami County     |  31.0000000000000000 | 174.1900000000000000 | 0.00000000000000000000 |    64.4500000000000000 |  -103.2300000000000000 | 1992.0000000000000000 |     4.0000000000000000
 AAAAAAAAEHMCAAAA | United States | IN       | Newton County    |  19.0000000000000000 | 140.7000000000000000 | 0.00000000000000000000 | 0.00000000000000000000 | -1591.2500000000000000 | 1940.0000000000000000 |     3.0000000000000000
(100 rows)

UPDATE time_statistics SET e_time = TRANSACTION_TIMESTAMP() WHERE template = 'query18.tpl' AND stream = 8;
psql:/tmp/s1-basline/throughput/query_8.sql:4716: NOTICE:  duration: 0.110 ms  plan:
Query Text: UPDATE time_statistics SET e_time = TRANSACTION_TIMESTAMP() WHERE template = 'query18.tpl' AND stream = 8;
Update on time_statistics  (cost=0.00..22.07 rows=0 width=0) (actual time=0.109..0.109 rows=0 loops=1)
  ->  Seq Scan on time_statistics  (cost=0.00..22.07 rows=1 width=14) (actual time=0.057..0.094 rows=1 loops=1)
        Filter: ((template = 'query18.tpl'::text) AND (stream = 8))
        Rows Removed by Filter: 745
UPDATE 1
LOAD 'auto_explain'; SET auto_explain.log_min_duration TO 0; SET auto_explain.log_analyze TO on; SET auto_explain.log_level TO notice; INSERT INTO time_statistics (template, s_time, stream, query, seed) VALUES ('query15.tpl', TRANSACTION_TIMESTAMP(), 8, 96, 1866028833);
LOAD
SET
SET
SET
psql:/tmp/s1-basline/throughput/query_8.sql:4717: NOTICE:  duration: 0.008 ms  plan:
Query Text: INSERT INTO time_statistics (template, s_time, stream, query, seed) VALUES ('query15.tpl', TRANSACTION_TIMESTAMP(), 8, 96, 1866028833);
Insert on time_statistics  (cost=0.00..0.01 rows=0 width=0) (actual time=0.007..0.008 rows=0 loops=1)
  ->  Result  (cost=0.00..0.01 rows=1 width=64) (actual time=0.001..0.001 rows=1 loops=1)
INSERT 0 1
select  ca_zip
       ,sum(cs_sales_price)
 from catalog_sales
     ,customer
     ,customer_address
     ,date_dim
 where cs_bill_customer_sk = c_customer_sk
 	and c_current_addr_sk = ca_address_sk 
 	and ( substr(ca_zip,1,5) in ('85669', '86197','88274','83405','86475',
                                   '85392', '85460', '80348', '81792')
 	      or ca_state in ('CA','WA','GA')
 	      or cs_sales_price > 500)
 	and cs_sold_date_sk = d_date_sk
 	and d_qoy = 1 and d_year = 2001
 group by ca_zip
 order by ca_zip
 limit 100;
psql:/tmp/s1-basline/throughput/query_8.sql:4734: NOTICE:  duration: 152.358 ms  plan:
Query Text: select  ca_zip
       ,sum(cs_sales_price)
 from catalog_sales
     ,customer
     ,customer_address
     ,date_dim
 where cs_bill_customer_sk = c_customer_sk
 	and c_current_addr_sk = ca_address_sk 
 	and ( substr(ca_zip,1,5) in ('85669', '86197','88274','83405','86475',
                                   '85392', '85460', '80348', '81792')
 	      or ca_state in ('CA','WA','GA')
 	      or cs_sales_price > 500)
 	and cs_sold_date_sk = d_date_sk
 	and d_qoy = 1 and d_year = 2001
 group by ca_zip
 order by ca_zip
 limit 100;
Limit  (cost=8717.01..8718.76 rows=100 width=19) (actual time=151.997..152.327 rows=100 loops=1)
  ->  GroupAggregate  (cost=8717.01..8720.77 rows=215 width=19) (actual time=151.996..152.320 rows=100 loops=1)
        Group Key: customer_address.ca_zip
        ->  Sort  (cost=8717.01..8717.55 rows=215 width=19) (actual time=151.985..152.059 rows=1909 loops=1)
              Sort Key: customer_address.ca_zip
              Sort Method: quicksort  Memory: 308kB
              ->  Nested Loop  (cost=1.03..8708.68 rows=215 width=19) (actual time=4.700..149.994 rows=3394 loops=1)
                    Join Filter: ((substr((customer_address.ca_zip)::text, 1, 5) = ANY ('{85669,86197,88274,83405,86475,85392,85460,80348,81792}'::text[])) OR (customer_address.ca_state = ANY ('{CA,WA,GA}'::bpchar[])) OR (catalog_sales.cs_sales_price > '500'::double precision))
                    Rows Removed by Join Filter: 37053
                    ->  Nested Loop  (cost=0.72..8089.64 rows=1780 width=16) (actual time=4.518..78.820 rows=40447 loops=1)
                          ->  Nested Loop  (cost=0.43..7530.41 rows=1789 width=16) (actual time=4.513..25.701 rows=40549 loops=1)
                                ->  Seq Scan on date_dim  (cost=0.00..2500.73 rows=91 width=8) (actual time=4.503..9.446 rows=91 loops=1)
                                      Filter: ((d_qoy = 1) AND (d_year = 2001))
                                      Rows Removed by Filter: 72958
                                ->  Index Scan using i_cs_sold_date_sk on catalog_sales  (cost=0.43..47.42 rows=785 width=24) (actual time=0.003..0.105 rows=446 loops=91)
                                      Index Cond: (cs_sold_date_sk = date_dim.d_date_sk)
                          ->  Index Scan using pk_customer on customer  (cost=0.29..0.31 rows=1 width=16) (actual time=0.001..0.001 rows=1 loops=40549)
                                Index Cond: (c_customer_sk = catalog_sales.cs_bill_customer_sk)
                    ->  Index Scan using pk_customer_address on customer_address  (cost=0.29..0.32 rows=1 width=22) (actual time=0.001..0.001 rows=1 loops=40447)
                          Index Cond: (ca_address_sk = customer.c_current_addr_sk)
   ca_zip   |        sum         
------------+--------------------
 30059      |             625.91
 30069      |            1744.62
 30150      | 105.36999999999999
 30162      |            2106.35
 30169      |             627.47
 30399      |            1515.92
 30411      |             870.03
 30519      |             422.11
 30534      |            1835.46
 30587      |             277.53
 31087      | 3839.4099999999994
 31216      |  647.4699999999999
 31289      |             286.51
 31387      | 1290.0600000000002
 31521      |            1446.63
 31620      |             282.31
 31675      | 446.88000000000005
 31711      | 1651.6500000000003
 31749      |             395.65
 31757      | 2006.3200000000004
 31771      | 485.79999999999995
 31854      | 206.96999999999997
 31933      | 1708.3500000000001
 31952      |             917.82
 32293      |  668.7600000000001
 32477      |             2080.3
 32621      |  957.5000000000001
 32808      | 1048.7199999999998
 32812      |  867.2300000000001
 32898      | 510.65999999999997
 33003      |  723.2199999999999
 33511      |  3018.620000000001
 33604      |             1128.3
 33683      |  949.4300000000001
 33951      |            1643.91
 34098      |            1180.17
 34107      |             157.18
 34244      |  843.6199999999999
 34289      |            2106.39
 34338      |             485.58
 34466      |  788.9399999999999
 34489      |             361.33
 34536      |            1367.99
 34975      | 2031.9399999999996
 35018      |            1073.68
 35038      |             786.78
 35124      | 1095.6100000000001
 35281      |             581.34
 35508      |             378.68
 35591      |             164.31
 35709      |             853.82
 35804      | 359.04999999999995
 35817      | 1644.4800000000002
 35945      |             454.89
 36000      | 223.13000000000002
 36060      | 228.52000000000004
 36098      |            1363.12
 36192      | 1375.4999999999998
 36277      |  860.4799999999999
 36340      |             177.76
 36534      |              626.8
 36557      | 1091.8200000000002
 36614      |               2095
 36668      |  981.2900000000001
 36697      |             904.43
 36788      |  760.4699999999999
 36867      |  598.3100000000001
 36871      |             536.68
 36971      |             399.36
 37021      |  724.3399999999999
 37057      |            1069.22
 37538      |             100.82
 37683      |             511.79
 37745      | 428.90000000000003
 37752      |             757.59
 37838      | 1183.1000000000001
 38014      | 1078.7299999999998
 38054      |            1992.01
 38119      |  808.7999999999998
 38222      |             660.49
 38252      |            1564.23
 38339      | 371.70000000000005
 38354      | 1546.2599999999995
 38370      |  2989.950000000001
 38371      |  657.8399999999999
 38375      |             737.38
 38482      |            2054.19
 38605      | 1542.7299999999996
 38721      |            1121.43
 38767      |             604.77
 38784      |             159.35
 38828      | 1921.9900000000002
 38877      |             791.89
 38883      | 1560.8299999999997
 39101      | 1940.1599999999996
 39193      | 472.84999999999997
 39231      | 1124.4200000000003
 39237      |  916.3900000000002
 39275      |             720.98
 39303      |             622.13
(100 rows)

UPDATE time_statistics SET e_time = TRANSACTION_TIMESTAMP() WHERE template = 'query15.tpl' AND stream = 8;
psql:/tmp/s1-basline/throughput/query_8.sql:4736: NOTICE:  duration: 0.106 ms  plan:
Query Text: UPDATE time_statistics SET e_time = TRANSACTION_TIMESTAMP() WHERE template = 'query15.tpl' AND stream = 8;
Update on time_statistics  (cost=0.00..22.07 rows=0 width=0) (actual time=0.106..0.106 rows=0 loops=1)
  ->  Seq Scan on time_statistics  (cost=0.00..22.07 rows=1 width=14) (actual time=0.055..0.091 rows=1 loops=1)
        Filter: ((template = 'query15.tpl'::text) AND (stream = 8))
        Rows Removed by Filter: 746
UPDATE 1
LOAD 'auto_explain'; SET auto_explain.log_min_duration TO 0; SET auto_explain.log_analyze TO on; SET auto_explain.log_level TO notice; INSERT INTO time_statistics (template, s_time, stream, query, seed) VALUES ('query33.tpl', TRANSACTION_TIMESTAMP(), 8, 97, 920003724);
LOAD
SET
SET
SET
psql:/tmp/s1-basline/throughput/query_8.sql:4737: NOTICE:  duration: 0.008 ms  plan:
Query Text: INSERT INTO time_statistics (template, s_time, stream, query, seed) VALUES ('query33.tpl', TRANSACTION_TIMESTAMP(), 8, 97, 920003724);
Insert on time_statistics  (cost=0.00..0.01 rows=0 width=0) (actual time=0.008..0.008 rows=0 loops=1)
  ->  Result  (cost=0.00..0.01 rows=1 width=64) (actual time=0.002..0.002 rows=1 loops=1)
INSERT 0 1
with ss as (
 select
          i_manufact_id,sum(ss_ext_sales_price) total_sales
 from
 	store_sales,
 	date_dim,
         customer_address,
         item
 where
         i_manufact_id in (select
  i_manufact_id
from
 item
where i_category in ('Jewelry'))
 and     ss_item_sk              = i_item_sk
 and     ss_sold_date_sk         = d_date_sk
 and     d_year                  = 2002
 and     d_moy                   = 6
 and     ss_addr_sk              = ca_address_sk
 and     ca_gmt_offset           = -5 
 group by i_manufact_id),
 cs as (
 select
          i_manufact_id,sum(cs_ext_sales_price) total_sales
 from
 	catalog_sales,
 	date_dim,
         customer_address,
         item
 where
         i_manufact_id               in (select
  i_manufact_id
from
 item
where i_category in ('Jewelry'))
 and     cs_item_sk              = i_item_sk
 and     cs_sold_date_sk         = d_date_sk
 and     d_year                  = 2002
 and     d_moy                   = 6
 and     cs_bill_addr_sk         = ca_address_sk
 and     ca_gmt_offset           = -5 
 group by i_manufact_id),
 ws as (
 select
          i_manufact_id,sum(ws_ext_sales_price) total_sales
 from
 	web_sales,
 	date_dim,
         customer_address,
         item
 where
         i_manufact_id               in (select
  i_manufact_id
from
 item
where i_category in ('Jewelry'))
 and     ws_item_sk              = i_item_sk
 and     ws_sold_date_sk         = d_date_sk
 and     d_year                  = 2002
 and     d_moy                   = 6
 and     ws_bill_addr_sk         = ca_address_sk
 and     ca_gmt_offset           = -5
 group by i_manufact_id)
  select  i_manufact_id ,sum(total_sales) total_sales
 from  (select * from ss 
        union all
        select * from cs 
        union all
        select * from ws) tmp1
 group by i_manufact_id
 order by total_sales
limit 100;
psql:/tmp/s1-basline/throughput/query_8.sql:4809: NOTICE:  duration: 157.957 ms  plan:
Query Text: with ss as (
 select
          i_manufact_id,sum(ss_ext_sales_price) total_sales
 from
 	store_sales,
 	date_dim,
         customer_address,
         item
 where
         i_manufact_id in (select
  i_manufact_id
from
 item
where i_category in ('Jewelry'))
 and     ss_item_sk              = i_item_sk
 and     ss_sold_date_sk         = d_date_sk
 and     d_year                  = 2002
 and     d_moy                   = 6
 and     ss_addr_sk              = ca_address_sk
 and     ca_gmt_offset           = -5 
 group by i_manufact_id),
 cs as (
 select
          i_manufact_id,sum(cs_ext_sales_price) total_sales
 from
 	catalog_sales,
 	date_dim,
         customer_address,
         item
 where
         i_manufact_id               in (select
  i_manufact_id
from
 item
where i_category in ('Jewelry'))
 and     cs_item_sk              = i_item_sk
 and     cs_sold_date_sk         = d_date_sk
 and     d_year                  = 2002
 and     d_moy                   = 6
 and     cs_bill_addr_sk         = ca_address_sk
 and     ca_gmt_offset           = -5 
 group by i_manufact_id),
 ws as (
 select
          i_manufact_id,sum(ws_ext_sales_price) total_sales
 from
 	web_sales,
 	date_dim,
         customer_address,
         item
 where
         i_manufact_id               in (select
  i_manufact_id
from
 item
where i_category in ('Jewelry'))
 and     ws_item_sk              = i_item_sk
 and     ws_sold_date_sk         = d_date_sk
 and     d_year                  = 2002
 and     d_moy                   = 6
 and     ws_bill_addr_sk         = ca_address_sk
 and     ca_gmt_offset           = -5
 group by i_manufact_id)
  select  i_manufact_id ,sum(total_sales) total_sales
 from  (select * from ss 
        union all
        select * from cs 
        union all
        select * from ws) tmp1
 group by i_manufact_id
 order by total_sales
limit 100;
Limit  (cost=45099.49..45099.74 rows=100 width=12) (actual time=131.614..157.924 rows=100 loops=1)
  ->  Sort  (cost=45099.49..45099.99 rows=200 width=12) (actual time=131.613..157.916 rows=100 loops=1)
        Sort Key: (sum((sum(store_sales.ss_ext_sales_price))))
        Sort Method: top-N heapsort  Memory: 33kB
        ->  Finalize GroupAggregate  (cost=45037.43..45091.84 rows=200 width=12) (actual time=130.760..157.774 rows=727 loops=1)
              Group Key: item.i_manufact_id
              ->  Gather Merge  (cost=45037.43..45087.84 rows=400 width=12) (actual time=130.755..157.504 rows=1999 loops=1)
                    Workers Planned: 2
                    Workers Launched: 2
                    ->  Partial GroupAggregate  (cost=44037.41..44041.65 rows=200 width=12) (actual time=78.161..78.371 rows=666 loops=3)
                          Group Key: item.i_manufact_id
                          ->  Sort  (cost=44037.41..44038.15 rows=299 width=12) (actual time=78.159..78.192 rows=666 loops=3)
                                Sort Key: item.i_manufact_id
                                Sort Method: quicksort  Memory: 62kB
                                Worker 0:  Sort Method: quicksort  Memory: 57kB
                                Worker 1:  Sort Method: quicksort  Memory: 64kB
                                ->  Parallel Append  (cost=15227.33..44025.11 rows=299 width=12) (actual time=77.153..78.074 rows=666 loops=3)
                                      ->  GroupAggregate  (cost=44012.75..44019.67 rows=395 width=12) (actual time=121.374..122.875 rows=714 loops=1)
                                            Group Key: item.i_manufact_id
                                            ->  Sort  (cost=44012.75..44013.74 rows=395 width=12) (actual time=121.363..121.989 rows=8438 loops=1)
                                                  Sort Key: item.i_manufact_id
                                                  Worker 1:  Sort Method: quicksort  Memory: 845kB
                                                  ->  Hash Join  (cost=1505.74..43995.72 rows=395 width=12) (actual time=25.586..119.191 rows=8438 loops=1)
                                                        Hash Cond: (item.i_manufact_id = item_1.i_manufact_id)
                                                        ->  Nested Loop  (cost=1.01..42485.55 rows=396 width=12) (actual time=8.270..100.114 rows=9761 loops=1)
                                                              ->  Nested Loop  (cost=0.72..42364.57 rows=396 width=16) (actual time=8.209..82.155 rows=9761 loops=1)
                                                                    ->  Nested Loop  (cost=0.43..42012.49 rows=1134 width=24) (actual time=8.147..44.379 rows=25646 loops=1)
                                                                          ->  Seq Scan on date_dim  (cost=0.00..2500.73 rows=30 width=8) (actual time=8.054..14.721 rows=30 loops=1)
                                                                                Filter: ((d_year = 2002) AND (d_moy = 6))
                                                                                Rows Removed by Filter: 73019
                                                                          ->  Index Scan using i_ss_sold_date_sk on store_sales  (cost=0.43..1301.91 rows=1515 width=32) (actual time=0.015..0.814 rows=855 loops=30)
                                                                                Index Cond: (ss_sold_date_sk = date_dim.d_date_sk)
                                                                    ->  Index Scan using pk_customer_address on customer_address  (cost=0.29..0.31 rows=1 width=8) (actual time=0.001..0.001 rows=0 loops=25646)
                                                                          Index Cond: (ca_address_sk = store_sales.ss_addr_sk)
                                                                          Filter: (ca_gmt_offset = '-5'::double precision)
                                                                          Rows Removed by Filter: 1
                                                              ->  Index Scan using pk_item on item  (cost=0.29..0.31 rows=1 width=12) (actual time=0.001..0.001 rows=1 loops=9761)
                                                                    Index Cond: (i_item_sk = store_sales.ss_item_sk)
                                                        ->  Hash  (cost=1494.10..1494.10 rows=851 width=4) (actual time=17.285..17.286 rows=735 loops=1)
                                                              Buckets: 1024  Batches: 1  Memory Usage: 34kB
                                                              ->  HashAggregate  (cost=1485.59..1494.10 rows=851 width=4) (actual time=17.120..17.184 rows=736 loops=1)
                                                                    Group Key: item_1.i_manufact_id
                                                                    Worker 1:  Batches: 1  Memory Usage: 105kB
                                                                    ->  Seq Scan on item item_1  (cost=0.00..1481.00 rows=1834 width=4) (actual time=0.030..16.742 rows=1834 loops=1)
                                                                          Filter: (i_category = 'Jewelry'::bpchar)
                                                                          Rows Removed by Filter: 16166
                                      ->  GroupAggregate  (cost=15227.33..15229.24 rows=109 width=12) (actual time=57.764..58.146 rows=601 loops=1)
                                            Group Key: item_2.i_manufact_id
                                            ->  Sort  (cost=15227.33..15227.61 rows=109 width=12) (actual time=57.757..57.851 rows=1840 loops=1)
                                                  Sort Key: item_2.i_manufact_id
                                                  Worker 0:  Sort Method: quicksort  Memory: 149kB
                                                  ->  Hash Join  (cost=1505.74..15223.64 rows=109 width=12) (actual time=25.297..57.285 rows=1840 loops=1)
                                                        Hash Cond: (item_2.i_manufact_id = item_3.i_manufact_id)
                                                        ->  Nested Loop  (cost=1.00..13717.41 rows=109 width=12) (actual time=8.286..39.931 rows=2113 loops=1)
                                                              ->  Nested Loop  (cost=0.71..13683.95 rows=109 width=16) (actual time=8.208..35.147 rows=2113 loops=1)
                                                                    ->  Nested Loop  (cost=0.42..13591.31 rows=297 width=24) (actual time=8.141..23.711 rows=6251 loops=1)
                                                                          ->  Seq Scan on date_dim date_dim_1  (cost=0.00..2500.73 rows=30 width=8) (actual time=8.053..14.751 rows=30 loops=1)
                                                                                Filter: ((d_year = 2002) AND (d_moy = 6))
                                                                                Rows Removed by Filter: 73019
                                                                          ->  Index Scan using i_ws_sold_date_sk on web_sales  (cost=0.42..365.72 rows=397 width=32) (actual time=0.015..0.258 rows=208 loops=30)
                                                                                Index Cond: (ws_sold_date_sk = date_dim_1.d_date_sk)
                                                                    ->  Index Scan using pk_customer_address on customer_address customer_address_1  (cost=0.29..0.31 rows=1 width=8) (actual time=0.002..0.002 rows=0 loops=6251)
                                                                          Index Cond: (ca_address_sk = web_sales.ws_bill_addr_sk)
                                                                          Filter: (ca_gmt_offset = '-5'::double precision)
                                                                          Rows Removed by Filter: 1
                                                              ->  Index Scan using pk_item on item item_2  (cost=0.29..0.31 rows=1 width=12) (actual time=0.002..0.002 rows=1 loops=2113)
                                                                    Index Cond: (i_item_sk = web_sales.ws_item_sk)
                                                        ->  Hash  (cost=1494.10..1494.10 rows=851 width=4) (actual time=16.929..16.930 rows=735 loops=1)
                                                              Buckets: 1024  Batches: 1  Memory Usage: 34kB
                                                              ->  HashAggregate  (cost=1485.59..1494.10 rows=851 width=4) (actual time=16.755..16.817 rows=736 loops=1)
                                                                    Group Key: item_3.i_manufact_id
                                                                    Worker 0:  Batches: 1  Memory Usage: 105kB
                                                                    ->  Seq Scan on item item_3  (cost=0.00..1481.00 rows=1834 width=4) (actual time=0.032..16.378 rows=1834 loops=1)
                                                                          Filter: (i_category = 'Jewelry'::bpchar)
                                                                          Rows Removed by Filter: 16166
                                      ->  GroupAggregate  (cost=5941.80..5945.55 rows=214 width=12) (actual time=52.320..53.066 rows=684 loops=1)
                                            Group Key: item_4.i_manufact_id
                                            ->  Sort  (cost=5941.80..5942.34 rows=214 width=12) (actual time=52.314..52.552 rows=4332 loops=1)
                                                  Sort Key: item_4.i_manufact_id
                                                  Sort Method: quicksort  Memory: 429kB
                                                  ->  Hash Join  (cost=1505.74..5933.52 rows=214 width=12) (actual time=12.412..51.542 rows=4332 loops=1)
                                                        Hash Cond: (item_4.i_manufact_id = item_5.i_manufact_id)
                                                        ->  Nested Loop  (cost=1.00..4425.84 rows=215 width=12) (actual time=4.431..42.714 rows=5013 loops=1)
                                                              ->  Nested Loop  (cost=0.72..4360.05 rows=215 width=16) (actual time=4.425..34.297 rows=5013 loops=1)
                                                                    ->  Nested Loop  (cost=0.43..4176.58 rows=590 width=24) (actual time=4.370..14.634 rows=13603 loops=1)
                                                                          ->  Seq Scan on date_dim date_dim_2  (cost=0.00..2500.73 rows=30 width=8) (actual time=4.362..8.922 rows=30 loops=1)
                                                                                Filter: ((d_year = 2002) AND (d_moy = 6))
                                                                                Rows Removed by Filter: 73019
                                                                          ->  Index Scan using i_cs_sold_date_sk on catalog_sales  (cost=0.43..48.01 rows=785 width=32) (actual time=0.004..0.110 rows=453 loops=30)
                                                                                Index Cond: (cs_sold_date_sk = date_dim_2.d_date_sk)
                                                                    ->  Index Scan using pk_customer_address on customer_address customer_address_2  (cost=0.29..0.31 rows=1 width=8) (actual time=0.001..0.001 rows=0 loops=13603)
                                                                          Index Cond: (ca_address_sk = catalog_sales.cs_bill_addr_sk)
                                                                          Filter: (ca_gmt_offset = '-5'::double precision)
                                                                          Rows Removed by Filter: 1
                                                              ->  Index Scan using pk_item on item item_4  (cost=0.29..0.31 rows=1 width=12) (actual time=0.001..0.001 rows=1 loops=5013)
                                                                    Index Cond: (i_item_sk = catalog_sales.cs_item_sk)
                                                        ->  Hash  (cost=1494.10..1494.10 rows=851 width=4) (actual time=7.977..7.977 rows=735 loops=1)
                                                              Buckets: 1024  Batches: 1  Memory Usage: 34kB
                                                              ->  HashAggregate  (cost=1485.59..1494.10 rows=851 width=4) (actual time=7.837..7.900 rows=736 loops=1)
                                                                    Group Key: item_5.i_manufact_id
                                                                    Batches: 1  Memory Usage: 105kB
                                                                    ->  Seq Scan on item item_5  (cost=0.00..1481.00 rows=1834 width=4) (actual time=0.007..7.544 rows=1834 loops=1)
                                                                          Filter: (i_category = 'Jewelry'::bpchar)
                                                                          Rows Removed by Filter: 16166
 i_manufact_id |    total_sales     
---------------+--------------------
           895 |             176.46
           400 |              219.9
           882 |             292.32
           935 |              444.8
           783 |             550.74
           863 |             635.76
           890 |             710.36
           881 |             819.36
           822 |             831.29
           686 |              877.5
           934 |              906.2
           889 |            1124.54
           701 |            1189.08
           709 |            1491.84
           715 |            1552.01
           980 | 1608.8100000000002
           751 |               1623
           806 |            1893.54
           993 | 1954.7199999999998
           786 |            1957.97
           676 |             2021.3
           954 |            2023.42
           682 |             2085.9
           627 |            2383.12
           692 |            2601.57
           684 |             2611.2
           969 |            2663.83
           720 |               2664
           557 |            2832.42
           729 |             2940.7
           771 |            3008.27
           997 |            3073.64
           748 | 3642.0299999999997
           407 |            3724.79
           422 |            4126.04
           788 |             4283.3
           529 |  4446.320000000001
           695 |            4519.26
           909 |            4525.88
           915 |  4532.629999999999
           879 |            4577.93
           408 |            4658.48
           833 |  4780.389999999999
           883 |            4862.01
           794 |            4899.72
           534 |  4909.469999999999
           986 |             5353.4
           838 |            5501.54
           990 |            5789.56
           697 |            5802.84
           796 |             5842.9
           760 |  5905.709999999999
           785 |            6047.26
           586 |            6104.31
           977 |             6203.1
           933 |            6249.09
           587 |            6352.57
           831 |            6529.66
           787 |  6554.010000000001
           623 |            6557.33
           647 |            6927.74
           781 |  6941.369999999999
           739 |  7036.359999999999
           795 |            7358.24
           816 |  7563.039999999999
           762 |             7613.5
           512 |            8124.34
           604 |  8196.839999999998
           437 |  8265.099999999999
           637 |            8274.02
           952 |            8433.22
           820 |            8465.61
           981 |            8582.47
           749 |             8921.9
           941 |            9280.18
           402 |            9596.14
           920 |  9742.880000000001
           719 |            9895.79
           871 |           10060.52
           839 |           10475.94
           475 |           10611.46
           463 |           10711.17
           488 |           10739.23
           805 | 10770.050000000001
           951 | 10784.119999999999
           624 |           10852.08
           962 | 10904.750000000002
           918 |            11016.8
           827 |           11018.16
           791 |           11227.52
           775 | 11296.710000000001
           944 |           11330.67
           849 |           11330.72
           447 |           11553.28
           845 |           11559.08
           485 |           11600.58
           738 | 11860.030000000002
           948 | 12032.720000000001
           474 |           12093.82
           616 | 12126.849999999999
(100 rows)

UPDATE time_statistics SET e_time = TRANSACTION_TIMESTAMP() WHERE template = 'query33.tpl' AND stream = 8;
psql:/tmp/s1-basline/throughput/query_8.sql:4811: NOTICE:  duration: 0.115 ms  plan:
Query Text: UPDATE time_statistics SET e_time = TRANSACTION_TIMESTAMP() WHERE template = 'query33.tpl' AND stream = 8;
Update on time_statistics  (cost=0.00..22.07 rows=0 width=0) (actual time=0.114..0.114 rows=0 loops=1)
  ->  Seq Scan on time_statistics  (cost=0.00..22.07 rows=1 width=14) (actual time=0.065..0.102 rows=1 loops=1)
        Filter: ((template = 'query33.tpl'::text) AND (stream = 8))
        Rows Removed by Filter: 747
UPDATE 1
LOAD 'auto_explain'; SET auto_explain.log_min_duration TO 0; SET auto_explain.log_analyze TO on; SET auto_explain.log_level TO notice; INSERT INTO time_statistics (template, s_time, stream, query, seed) VALUES ('query31.tpl', TRANSACTION_TIMESTAMP(), 8, 98, 2015275938);
LOAD
SET
SET
SET
psql:/tmp/s1-basline/throughput/query_8.sql:4812: NOTICE:  duration: 0.008 ms  plan:
Query Text: INSERT INTO time_statistics (template, s_time, stream, query, seed) VALUES ('query31.tpl', TRANSACTION_TIMESTAMP(), 8, 98, 2015275938);
Insert on time_statistics  (cost=0.00..0.01 rows=0 width=0) (actual time=0.008..0.008 rows=0 loops=1)
  ->  Result  (cost=0.00..0.01 rows=1 width=64) (actual time=0.001..0.001 rows=1 loops=1)
INSERT 0 1
with ss as
 (select ca_county,d_qoy, d_year,sum(ss_ext_sales_price) as store_sales
 from store_sales,date_dim,customer_address
 where ss_sold_date_sk = d_date_sk
  and ss_addr_sk=ca_address_sk
 group by ca_county,d_qoy, d_year),
 ws as
 (select ca_county,d_qoy, d_year,sum(ws_ext_sales_price) as web_sales
 from web_sales,date_dim,customer_address
 where ws_sold_date_sk = d_date_sk
  and ws_bill_addr_sk=ca_address_sk
 group by ca_county,d_qoy, d_year)
 select 
        ss1.ca_county
       ,ss1.d_year
       ,ws2.web_sales/ws1.web_sales web_q1_q2_increase
       ,ss2.store_sales/ss1.store_sales store_q1_q2_increase
       ,ws3.web_sales/ws2.web_sales web_q2_q3_increase
       ,ss3.store_sales/ss2.store_sales store_q2_q3_increase
 from
        ss ss1
       ,ss ss2
       ,ss ss3
       ,ws ws1
       ,ws ws2
       ,ws ws3
 where
    ss1.d_qoy = 1
    and ss1.d_year = 2001
    and ss1.ca_county = ss2.ca_county
    and ss2.d_qoy = 2
    and ss2.d_year = 2001
 and ss2.ca_county = ss3.ca_county
    and ss3.d_qoy = 3
    and ss3.d_year = 2001
    and ss1.ca_county = ws1.ca_county
    and ws1.d_qoy = 1
    and ws1.d_year = 2001
    and ws1.ca_county = ws2.ca_county
    and ws2.d_qoy = 2
    and ws2.d_year = 2001
    and ws1.ca_county = ws3.ca_county
    and ws3.d_qoy = 3
    and ws3.d_year =2001
    and case when ws1.web_sales > 0 then ws2.web_sales/ws1.web_sales else null end 
       > case when ss1.store_sales > 0 then ss2.store_sales/ss1.store_sales else null end
    and case when ws2.web_sales > 0 then ws3.web_sales/ws2.web_sales else null end
       > case when ss2.store_sales > 0 then ss3.store_sales/ss2.store_sales else null end
 order by ss1.ca_county;
psql:/tmp/s1-basline/throughput/query_8.sql:4861: NOTICE:  duration: 8912.182 ms  plan:
Query Text: with ss as
 (select ca_county,d_qoy, d_year,sum(ss_ext_sales_price) as store_sales
 from store_sales,date_dim,customer_address
 where ss_sold_date_sk = d_date_sk
  and ss_addr_sk=ca_address_sk
 group by ca_county,d_qoy, d_year),
 ws as
 (select ca_county,d_qoy, d_year,sum(ws_ext_sales_price) as web_sales
 from web_sales,date_dim,customer_address
 where ws_sold_date_sk = d_date_sk
  and ws_bill_addr_sk=ca_address_sk
 group by ca_county,d_qoy, d_year)
 select 
        ss1.ca_county
       ,ss1.d_year
       ,ws2.web_sales/ws1.web_sales web_q1_q2_increase
       ,ss2.store_sales/ss1.store_sales store_q1_q2_increase
       ,ws3.web_sales/ws2.web_sales web_q2_q3_increase
       ,ss3.store_sales/ss2.store_sales store_q2_q3_increase
 from
        ss ss1
       ,ss ss2
       ,ss ss3
       ,ws ws1
       ,ws ws2
       ,ws ws3
 where
    ss1.d_qoy = 1
    and ss1.d_year = 2001
    and ss1.ca_county = ss2.ca_county
    and ss2.d_qoy = 2
    and ss2.d_year = 2001
 and ss2.ca_county = ss3.ca_county
    and ss3.d_qoy = 3
    and ss3.d_year = 2001
    and ss1.ca_county = ws1.ca_county
    and ws1.d_qoy = 1
    and ws1.d_year = 2001
    and ws1.ca_county = ws2.ca_county
    and ws2.d_qoy = 2
    and ws2.d_year = 2001
    and ws1.ca_county = ws3.ca_county
    and ws3.d_qoy = 3
    and ws3.d_year =2001
    and case when ws1.web_sales > 0 then ws2.web_sales/ws1.web_sales else null end 
       > case when ss1.store_sales > 0 then ss2.store_sales/ss1.store_sales else null end
    and case when ws2.web_sales > 0 then ws3.web_sales/ws2.web_sales else null end
       > case when ss2.store_sales > 0 then ss3.store_sales/ss2.store_sales else null end
 order by ss1.ca_county;
Nested Loop  (cost=420977.95..550351.43 rows=1 width=114) (actual time=2679.512..8912.142 rows=31 loops=1)
  Join Filter: (((ss1.ca_county)::text = (ws2.ca_county)::text) AND (CASE WHEN (ws1.web_sales > '0'::double precision) THEN (ws2.web_sales / ws1.web_sales) ELSE NULL::double precision END > CASE WHEN (ss1.store_sales > '0'::double precision) THEN (ss2.store_sales / ss1.store_sales) ELSE NULL::double precision END) AND (CASE WHEN (ws2.web_sales > '0'::double precision) THEN (ws3.web_sales / ws2.web_sales) ELSE NULL::double precision END > CASE WHEN (ss2.store_sales > '0'::double precision) THEN (ss3.store_sales / ss2.store_sales) ELSE NULL::double precision END))
  Rows Removed by Join Filter: 558569
  CTE ss
    ->  HashAggregate  (cost=241250.83..292135.40 rows=1484184 width=30) (actual time=2044.631..2051.942 rows=35194 loops=1)
          Group Key: customer_address.ca_county, date_dim.d_qoy, date_dim.d_year
          Planned Partitions: 8  Batches: 1  Memory Usage: 10257kB
          ->  Hash Join  (cost=5321.60..122515.79 rows=2636268 width=30) (actual time=32.507..1453.461 rows=2651057 loops=1)
                Hash Cond: (store_sales.ss_sold_date_sk = date_dim.d_date_sk)
                ->  Hash Join  (cost=2273.00..112223.28 rows=2759431 width=30) (actual time=12.596..1027.303 rows=2716148 loops=1)
                      Hash Cond: (store_sales.ss_addr_sk = customer_address.ca_address_sk)
                      ->  Seq Scan on store_sales  (cost=0.00..102361.67 rows=2890667 width=24) (actual time=0.005..218.057 rows=2844450 loops=1)
                      ->  Hash  (cost=1648.00..1648.00 rows=50000 width=22) (actual time=12.554..12.554 rows=50000 loops=1)
                            Buckets: 65536  Batches: 1  Memory Usage: 3298kB
                            ->  Seq Scan on customer_address  (cost=0.00..1648.00 rows=50000 width=22) (actual time=0.004..6.381 rows=50000 loops=1)
                ->  Hash  (cost=2135.49..2135.49 rows=73049 width=16) (actual time=19.844..19.845 rows=73049 loops=1)
                      Buckets: 131072  Batches: 1  Memory Usage: 4449kB
                      ->  Seq Scan on date_dim  (cost=0.00..2135.49 rows=73049 width=16) (actual time=0.008..10.663 rows=73049 loops=1)
  CTE ws
    ->  HashAggregate  (cost=75631.33..92728.65 rows=722263 width=30) (actual time=591.629..596.617 rows=23264 loops=1)
          Group Key: customer_address_1.ca_county, date_dim_1.d_qoy, date_dim_1.d_year
          Planned Partitions: 4  Batches: 1  Memory Usage: 9233kB
          ->  Hash Join  (cost=5321.60..43101.28 rows=722263 width=30) (actual time=32.240..431.012 rows=711294 loops=1)
                Hash Cond: (web_sales.ws_sold_date_sk = date_dim_1.d_date_sk)
                ->  Hash Join  (cost=2273.00..38156.37 rows=722359 width=30) (actual time=12.566..304.062 rows=711370 loops=1)
                      Hash Cond: (web_sales.ws_bill_addr_sk = customer_address_1.ca_address_sk)
                      ->  Seq Scan on web_sales  (cost=0.00..33986.52 rows=722552 width=24) (actual time=0.004..63.174 rows=711555 loops=1)
                      ->  Hash  (cost=1648.00..1648.00 rows=50000 width=22) (actual time=12.524..12.524 rows=50000 loops=1)
                            Buckets: 65536  Batches: 1  Memory Usage: 3298kB
                            ->  Seq Scan on customer_address customer_address_1  (cost=0.00..1648.00 rows=50000 width=22) (actual time=0.004..6.387 rows=50000 loops=1)
                ->  Hash  (cost=2135.49..2135.49 rows=73049 width=16) (actual time=19.592..19.593 rows=73049 loops=1)
                      Buckets: 131072  Batches: 1  Memory Usage: 4449kB
                      ->  Seq Scan on date_dim date_dim_1  (cost=0.00..2135.49 rows=73049 width=16) (actual time=0.006..10.385 rows=73049 loops=1)
  ->  Nested Loop  (cost=36113.90..147430.12 rows=1 width=434) (actual time=2669.687..7852.231 rows=588 loops=1)
        Join Filter: ((ss1.ca_county)::text = (ss3.ca_county)::text)
        Rows Removed by Join Filter: 1065012
        ->  Nested Loop  (cost=36113.90..110325.06 rows=1 width=348) (actual time=2669.400..6226.948 rows=592 loops=1)
              Join Filter: ((ss1.ca_county)::text = (ss2.ca_county)::text)
              Rows Removed by Join Filter: 1037258
              ->  Nested Loop  (cost=36113.90..73220.00 rows=1 width=262) (actual time=2669.349..4508.880 rows=629 loops=1)
                    Join Filter: ((ws1.ca_county)::text = (ss1.ca_county)::text)
                    Rows Removed by Join Filter: 1113589
                    ->  Merge Join  (cost=36113.90..36114.10 rows=2 width=172) (actual time=606.375..607.369 rows=666 loops=1)
                          Merge Cond: ((ws1.ca_county)::text = (ws3.ca_county)::text)
                          ->  Sort  (cost=18056.95..18057.00 rows=18 width=86) (actual time=603.353..603.439 rows=896 loops=1)
                                Sort Key: ws1.ca_county
                                Sort Method: quicksort  Memory: 82kB
                                ->  CTE Scan on ws ws1  (cost=0.00..18056.58 rows=18 width=86) (actual time=591.647..602.548 rows=896 loops=1)
                                      Filter: ((d_qoy = 1) AND (d_year = 2001))
                                      Rows Removed by Filter: 22368
                          ->  Sort  (cost=18056.95..18057.00 rows=18 width=86) (actual time=3.018..3.170 rows=1262 loops=1)
                                Sort Key: ws3.ca_county
                                Sort Method: quicksort  Memory: 130kB
                                ->  CTE Scan on ws ws3  (cost=0.00..18056.58 rows=18 width=86) (actual time=0.003..1.788 rows=1262 loops=1)
                                      Filter: ((d_year = 2001) AND (d_qoy = 3))
                                      Rows Removed by Filter: 22002
                    ->  CTE Scan on ss ss1  (cost=0.00..37104.60 rows=37 width=90) (actual time=3.073..5.760 rows=1673 loops=666)
                          Filter: ((d_qoy = 1) AND (d_year = 2001))
                          Rows Removed by Filter: 33521
              ->  CTE Scan on ss ss2  (cost=0.00..37104.60 rows=37 width=86) (actual time=0.001..2.636 rows=1650 loops=629)
                    Filter: ((d_year = 2001) AND (d_qoy = 2))
                    Rows Removed by Filter: 33544
        ->  CTE Scan on ss ss3  (cost=0.00..37104.60 rows=37 width=86) (actual time=0.000..2.642 rows=1800 loops=592)
              Filter: ((d_year = 2001) AND (d_qoy = 3))
              Rows Removed by Filter: 33394
  ->  CTE Scan on ws ws2  (cost=0.00..18056.58 rows=18 width=86) (actual time=0.001..1.736 rows=950 loops=588)
        Filter: ((d_year = 2001) AND (d_qoy = 2))
        Rows Removed by Filter: 22314
    ca_county     | d_year | web_q1_q2_increase | store_q1_q2_increase | web_q2_q3_increase | store_q2_q3_increase 
------------------+--------+--------------------+----------------------+--------------------+----------------------
 Adams County     |   2001 | 1.4529838901810754 |   0.8375482088049825 |  2.426992112648865 |   1.9058817513208934
 Allen County     |   2001 | 0.8803502773701898 |   0.6008732906763855 | 1.9197156629802252 |   1.5965750391080626
 Anderson County  |   2001 | 0.8780165740987518 |    0.665010667764832 |  9.299521599927832 |   1.5754401542223793
 Armstrong County |   2001 | 1.0881133863149446 |    1.061335115036957 | 5.5034050568300845 |    2.734439696145988
 Bonner County    |   2001 |  2.795756598975681 |     1.36869853882853 | 0.8351506629744796 |  0.06743131403885777
 Bristol County   |   2001 |  0.762562583946707 |   0.5007289618955456 |  5.696359010697459 |    2.366772938357781
 Camden County    |   2001 |  1.607925672329924 |   0.3886980234426017 |  4.626647235975955 |    2.478209398159876
 Carroll County   |   2001 | 1.9719559626187024 |   1.2268766054697011 |  3.380755967319649 |    1.900836458292503
 Clarke County    |   2001 | 1.1654789020061673 |   0.7786122964635743 |  5.272293892621534 |   3.7284484685126515
 Cuming County    |   2001 | 0.7166908886316545 |   0.4547645743265217 | 1.3845547234259337 |   0.1640537380128201
 Defiance County  |   2001 | 1.0442506376399887 |  0.49689073119082205 | 2.0638447004908094 |   0.8454128069984937
 Fairfield County |   2001 | 1.9121273329011563 |   1.4829779084674448 | 1.1982172827998163 |    1.025597588738335
 Forest County    |   2001 | 0.9484309280039085 |    0.492154305789295 |   16.4061830014325 |   3.1446584739786423
 Gaines County    |   2001 | 2.8061050192172856 |      1.1781468611183 |  3.731425196064294 |   2.8537094534891523
 Gates County     |   2001 | 1.4663573344843368 |   1.1076410210932766 | 2.8710937995610086 |   1.8724024200187823
 Hart County      |   2001 | 0.8459872405033605 |   0.5668322419997172 | 2.4804928506954145 |   1.5977299411228745
 Jasper County    |   2001 |  1.488417883813092 |   0.9560952790150391 | 1.7695231758501182 |   1.3041642162411327
 Lapeer County    |   2001 |  2.379670131995773 |   0.4821467568539268 | 4.0775983745244035 |   3.5676977500354963
 McLean County    |   2001 |  3.138490008146352 |   1.1878045514927973 |  1.919630062115623 |   1.5004681559107136
 Ottawa County    |   2001 |  2.359371818564739 |    1.139247033470494 | 1.9905131836822072 |   1.5754353361118327
 Phillips County  |   2001 | 0.7399683950137375 |   0.5787455710922608 |  2.762707642838078 |   2.5236562209029416
 Polk County      |   2001 | 2.5167586746729804 |   1.2781161348520884 |  3.380136262925621 |    1.244843152041081
 Routt County     |   2001 |   2.08337646697175 |   1.4884249308504678 | 0.9979016861044548 |   0.7992619905743968
 Sherman County   |   2001 |  1.492212732513551 |   0.6849696709081793 | 1.7882999180195553 |    1.648947370423563
 Steuben County   |   2001 |  7.074995387324246 |    2.309637596354418 | 1.4333959971710601 |   0.3673707090706437
 Sullivan County  |   2001 |  2.292279171838772 |   0.8197482744920432 | 2.7004815719668263 |   2.0555752364939623
 Sumner County    |   2001 | 1.5153902095736353 |    1.150809885920778 |  4.225698062238857 |   0.7396162021214392
 Sussex County    |   2001 | 0.7544338657128182 |   0.6545967851418795 |  5.364450470033033 |   2.4386113963777087
 Terrell County   |   2001 |   2.45453860870141 |   0.6805465893387993 | 2.1981364517921516 |    1.465664871214288
 Troup County     |   2001 | 0.4023167074595407 |   0.2735445580085279 |  7.701621574616055 |    3.755423520819968
 Van Buren County |   2001 |   1.30927902380973 |   0.9777132465628793 |   3.13380983719903 |     2.56713586091628
(31 rows)

UPDATE time_statistics SET e_time = TRANSACTION_TIMESTAMP() WHERE template = 'query31.tpl' AND stream = 8;
psql:/tmp/s1-basline/throughput/query_8.sql:4863: NOTICE:  duration: 0.110 ms  plan:
Query Text: UPDATE time_statistics SET e_time = TRANSACTION_TIMESTAMP() WHERE template = 'query31.tpl' AND stream = 8;
Update on time_statistics  (cost=0.00..22.07 rows=0 width=0) (actual time=0.110..0.110 rows=0 loops=1)
  ->  Seq Scan on time_statistics  (cost=0.00..22.07 rows=1 width=14) (actual time=0.059..0.096 rows=1 loops=1)
        Filter: ((template = 'query31.tpl'::text) AND (stream = 8))
        Rows Removed by Filter: 748
UPDATE 1
LOAD 'auto_explain'; SET auto_explain.log_min_duration TO 0; SET auto_explain.log_analyze TO on; SET auto_explain.log_level TO notice; INSERT INTO time_statistics (template, s_time, stream, query, seed) VALUES ('query63.tpl', TRANSACTION_TIMESTAMP(), 8, 99, 630609482);
LOAD
SET
SET
SET
psql:/tmp/s1-basline/throughput/query_8.sql:4864: NOTICE:  duration: 0.009 ms  plan:
Query Text: INSERT INTO time_statistics (template, s_time, stream, query, seed) VALUES ('query63.tpl', TRANSACTION_TIMESTAMP(), 8, 99, 630609482);
Insert on time_statistics  (cost=0.00..0.01 rows=0 width=0) (actual time=0.009..0.009 rows=0 loops=1)
  ->  Result  (cost=0.00..0.01 rows=1 width=64) (actual time=0.002..0.002 rows=1 loops=1)
INSERT 0 1
select  * 
from (select i_manager_id
             ,sum(ss_sales_price) sum_sales
             ,avg(sum(ss_sales_price)) over (partition by i_manager_id) avg_monthly_sales
      from item
          ,store_sales
          ,date_dim
          ,store
      where ss_item_sk = i_item_sk
        and ss_sold_date_sk = d_date_sk
        and ss_store_sk = s_store_sk
        and d_month_seq in (1189,1189+1,1189+2,1189+3,1189+4,1189+5,1189+6,1189+7,1189+8,1189+9,1189+10,1189+11)
        and ((    i_category in ('Books','Children','Electronics')
              and i_class in ('personal','portable','reference','self-help')
              and i_brand in ('scholaramalgamalg #14','scholaramalgamalg #7',
		                  'exportiunivamalg #9','scholaramalgamalg #9'))
           or(    i_category in ('Women','Music','Men')
              and i_class in ('accessories','classical','fragrances','pants')
              and i_brand in ('amalgimporto #1','edu packscholar #1','exportiimporto #1',
		                 'importoamalg #1')))
group by i_manager_id, d_moy) tmp1
where case when avg_monthly_sales > 0 then abs (sum_sales - avg_monthly_sales) / avg_monthly_sales else null end > 0.1
order by i_manager_id
        ,avg_monthly_sales
        ,sum_sales
limit 100;
psql:/tmp/s1-basline/throughput/query_8.sql:4890: NOTICE:  duration: 208.295 ms  plan:
Query Text: select  * 
from (select i_manager_id
             ,sum(ss_sales_price) sum_sales
             ,avg(sum(ss_sales_price)) over (partition by i_manager_id) avg_monthly_sales
      from item
          ,store_sales
          ,date_dim
          ,store
      where ss_item_sk = i_item_sk
        and ss_sold_date_sk = d_date_sk
        and ss_store_sk = s_store_sk
        and d_month_seq in (1189,1189+1,1189+2,1189+3,1189+4,1189+5,1189+6,1189+7,1189+8,1189+9,1189+10,1189+11)
        and ((    i_category in ('Books','Children','Electronics')
              and i_class in ('personal','portable','reference','self-help')
              and i_brand in ('scholaramalgamalg #14','scholaramalgamalg #7',
		                  'exportiunivamalg #9','scholaramalgamalg #9'))
           or(    i_category in ('Women','Music','Men')
              and i_class in ('accessories','classical','fragrances','pants')
              and i_brand in ('amalgimporto #1','edu packscholar #1','exportiimporto #1',
		                 'importoamalg #1')))
group by i_manager_id, d_moy) tmp1
where case when avg_monthly_sales > 0 then abs (sum_sales - avg_monthly_sales) / avg_monthly_sales else null end > 0.1
order by i_manager_id
        ,avg_monthly_sales
        ,sum_sales
limit 100;
Limit  (cost=7691.86..7691.87 rows=6 width=20) (actual time=208.243..208.255 rows=100 loops=1)
  ->  Sort  (cost=7691.86..7691.87 rows=6 width=20) (actual time=208.243..208.248 rows=100 loops=1)
        Sort Key: tmp1.i_manager_id, tmp1.avg_monthly_sales, tmp1.sum_sales
        Sort Method: top-N heapsort  Memory: 32kB
        ->  Subquery Scan on tmp1  (cost=7690.69..7691.78 rows=6 width=20) (actual time=202.560..208.089 rows=1054 loops=1)
              Filter: (CASE WHEN (tmp1.avg_monthly_sales > '0'::double precision) THEN (abs((tmp1.sum_sales - tmp1.avg_monthly_sales)) / tmp1.avg_monthly_sales) ELSE NULL::double precision END > '0.1'::double precision)
              Rows Removed by Filter: 73
              ->  WindowAgg  (cost=7690.69..7691.35 rows=19 width=24) (actual time=202.558..207.945 rows=1127 loops=1)
                    ->  GroupAggregate  (cost=7690.69..7691.07 rows=19 width=16) (actual time=202.463..207.483 rows=1127 loops=1)
                          Group Key: item.i_manager_id, date_dim.d_moy
                          ->  Sort  (cost=7690.69..7690.74 rows=19 width=16) (actual time=202.454..203.813 rows=35321 loops=1)
                                Sort Key: item.i_manager_id, date_dim.d_moy
                                Sort Method: quicksort  Memory: 3465kB
                                ->  Nested Loop  (cost=0.76..7690.28 rows=19 width=16) (actual time=0.059..194.571 rows=35321 loops=1)
                                      Join Filter: (store_sales.ss_store_sk = store.s_store_sk)
                                      Rows Removed by Join Filter: 163414
                                      ->  Nested Loop  (cost=0.76..7685.84 rows=20 width=24) (actual time=0.054..172.182 rows=36234 loops=1)
                                            ->  Nested Loop  (cost=0.43..6951.24 rows=4175 width=28) (actual time=0.036..135.101 rows=116106 loops=1)
                                                  ->  Seq Scan on item  (cost=0.00..1931.00 rows=26 width=12) (actual time=0.025..15.910 rows=900 loops=1)
                                                        Filter: (((i_category = ANY ('{Books,Children,Electronics}'::bpchar[])) AND (i_class = ANY ('{personal,portable,reference,self-help}'::bpchar[])) AND (i_brand = ANY ('{"scholaramalgamalg #14","scholaramalgamalg #7","exportiunivamalg #9","scholaramalgamalg #9"}'::bpchar[]))) OR ((i_category = ANY ('{Women,Music,Men}'::bpchar[])) AND (i_class = ANY ('{accessories,classical,fragrances,pants}'::bpchar[])) AND (i_brand = ANY ('{"amalgimporto #1","edu packscholar #1","exportiimporto #1","importoamalg #1"}'::bpchar[]))))
                                                        Rows Removed by Filter: 17100
                                                  ->  Index Scan using pk_store_sales on store_sales  (cost=0.43..191.34 rows=175 width=32) (actual time=0.005..0.114 rows=129 loops=900)
                                                        Index Cond: (ss_item_sk = item.i_item_sk)
                                            ->  Memoize  (cost=0.33..0.36 rows=1 width=12) (actual time=0.000..0.000 rows=0 loops=116106)
                                                  Cache Key: store_sales.ss_sold_date_sk
                                                  Cache Mode: logical
                                                  Hits: 114391  Misses: 1715  Evictions: 0  Overflows: 0  Memory Usage: 138kB
                                                  ->  Index Scan using pk_date_dim on date_dim  (cost=0.32..0.35 rows=1 width=12) (actual time=0.001..0.001 rows=0 loops=1715)
                                                        Index Cond: (d_date_sk = store_sales.ss_sold_date_sk)
                                                        Filter: (d_month_seq = ANY ('{1189,1190,1191,1192,1193,1194,1195,1196,1197,1198,1199,1200}'::integer[]))
                                                        Rows Removed by Filter: 1
                                      ->  Materialize  (cost=0.00..1.18 rows=12 width=8) (actual time=0.000..0.000 rows=5 loops=36234)
                                            ->  Seq Scan on store  (cost=0.00..1.12 rows=12 width=8) (actual time=0.002..0.003 rows=12 loops=1)
 i_manager_id |     sum_sales      | avg_monthly_sales  
--------------+--------------------+--------------------
            1 |             261.69 | 1950.9883333333328
            1 |             573.63 | 1950.9883333333328
            1 | 1106.4600000000003 | 1950.9883333333328
            1 |            1107.05 | 1950.9883333333328
            1 | 1182.4399999999998 | 1950.9883333333328
            1 |            1238.46 | 1950.9883333333328
            1 | 1667.7300000000007 | 1950.9883333333328
            1 |             2181.1 | 1950.9883333333328
            1 | 2195.8199999999997 | 1950.9883333333328
            1 | 3191.5299999999997 | 1950.9883333333328
            1 |  4130.349999999997 | 1950.9883333333328
            1 | 4575.5999999999985 | 1950.9883333333328
            2 |             401.25 | 1270.8458333333335
            2 | 467.16999999999996 | 1270.8458333333335
            2 |  721.9000000000001 | 1270.8458333333335
            2 |  740.2199999999999 | 1270.8458333333335
            2 |             828.98 | 1270.8458333333335
            2 |  873.6700000000001 | 1270.8458333333335
            2 | 1006.5000000000001 | 1270.8458333333335
            2 |            2316.16 | 1270.8458333333335
            2 |            2404.13 | 1270.8458333333335
            2 | 2863.5300000000016 | 1270.8458333333335
            3 |  678.6899999999999 | 2387.8849999999993
            3 |            1195.19 | 2387.8849999999993
            3 | 1222.7700000000004 | 2387.8849999999993
            3 | 1320.8300000000004 | 2387.8849999999993
            3 | 1330.0700000000002 | 2387.8849999999993
            3 |            1380.55 | 2387.8849999999993
            3 |            1401.47 | 2387.8849999999993
            3 | 3445.6400000000003 | 2387.8849999999993
            3 |            3465.06 | 2387.8849999999993
            3 |  4593.129999999997 | 2387.8849999999993
            3 |  6366.679999999998 | 2387.8849999999993
            4 |  868.3000000000001 |  2816.008333333333
            4 | 1183.6400000000003 |  2816.008333333333
            4 | 1397.4099999999994 |  2816.008333333333
            4 | 1398.3899999999999 |  2816.008333333333
            4 |             1593.4 |  2816.008333333333
            4 | 1658.6799999999996 |  2816.008333333333
            4 | 1707.7500000000005 |  2816.008333333333
            4 | 3865.7500000000014 |  2816.008333333333
            4 |            3868.21 |  2816.008333333333
            4 |            4131.14 |  2816.008333333333
            4 |  5897.360000000001 |  2816.008333333333
            4 |  6222.069999999999 |  2816.008333333333
            5 |  834.0999999999998 | 2564.6233333333334
            5 |            1064.92 | 2564.6233333333334
            5 |            1217.45 | 2564.6233333333334
            5 |            1254.62 | 2564.6233333333334
            5 | 1304.0999999999997 | 2564.6233333333334
            5 |            1431.19 | 2564.6233333333334
            5 | 1760.8799999999997 | 2564.6233333333334
            5 | 3476.2800000000016 | 2564.6233333333334
            5 |            3483.18 | 2564.6233333333334
            5 |  4130.210000000001 | 2564.6233333333334
            5 |  5141.550000000002 | 2564.6233333333334
            5 |  5676.999999999996 | 2564.6233333333334
            6 |  885.5599999999997 |  2453.366666666666
            6 |  924.6399999999998 |  2453.366666666666
            6 |            1061.17 |  2453.366666666666
            6 | 1237.9599999999998 |  2453.366666666666
            6 | 1514.1700000000005 |  2453.366666666666
            6 |            1514.47 |  2453.366666666666
            6 | 1891.5500000000002 |  2453.366666666666
            6 | 3414.4299999999994 |  2453.366666666666
            6 |  3557.180000000001 |  2453.366666666666
            6 |  3847.750000000001 |  2453.366666666666
            6 |  4710.279999999996 |  2453.366666666666
            6 |  4881.239999999998 |  2453.366666666666
            7 | 499.98999999999995 |  1878.105833333333
            7 |             776.38 |  1878.105833333333
            7 |             784.35 |  1878.105833333333
            7 |  862.0799999999999 |  1878.105833333333
            7 |  869.5799999999999 |  1878.105833333333
            7 | 1256.6499999999999 |  1878.105833333333
            7 | 1296.7299999999996 |  1878.105833333333
            7 |  2248.669999999999 |  1878.105833333333
            7 | 2276.9100000000003 |  1878.105833333333
            7 | 3236.2599999999998 |  1878.105833333333
            7 | 4085.5599999999995 |  1878.105833333333
            7 |  4344.110000000001 |  1878.105833333333
            8 |  838.7499999999999 | 1788.3708333333334
            8 |  846.8600000000001 | 1788.3708333333334
            8 |            1025.32 | 1788.3708333333334
            8 |            1030.05 | 1788.3708333333334
            8 |            1159.48 | 1788.3708333333334
            8 | 1283.9599999999998 | 1788.3708333333334
            8 | 1505.4500000000003 | 1788.3708333333334
            8 | 2326.8000000000006 | 1788.3708333333334
            8 | 2430.8100000000004 | 1788.3708333333334
            8 |  2688.460000000001 | 1788.3708333333334
            8 | 2811.4100000000008 | 1788.3708333333334
            8 | 3513.0999999999995 | 1788.3708333333334
            9 |             585.65 |          2695.3675
            9 | 1205.3799999999997 |          2695.3675
            9 | 1461.2899999999997 |          2695.3675
            9 | 1692.7700000000002 |          2695.3675
            9 | 1808.3299999999995 |          2695.3675
            9 | 2055.4699999999993 |          2695.3675
            9 | 2112.2500000000005 |          2695.3675
(100 rows)

UPDATE time_statistics SET e_time = TRANSACTION_TIMESTAMP() WHERE template = 'query63.tpl' AND stream = 8;
psql:/tmp/s1-basline/throughput/query_8.sql:4892: NOTICE:  duration: 0.108 ms  plan:
Query Text: UPDATE time_statistics SET e_time = TRANSACTION_TIMESTAMP() WHERE template = 'query63.tpl' AND stream = 8;
Update on time_statistics  (cost=0.00..22.07 rows=0 width=0) (actual time=0.107..0.108 rows=0 loops=1)
  ->  Seq Scan on time_statistics  (cost=0.00..22.07 rows=1 width=14) (actual time=0.056..0.092 rows=1 loops=1)
        Filter: ((template = 'query63.tpl'::text) AND (stream = 8))
        Rows Removed by Filter: 749
UPDATE 1
