LOAD 'auto_explain'; SET auto_explain.log_min_duration TO 0; SET auto_explain.log_analyze TO on; SET auto_explain.log_level TO notice; INSERT INTO time_statistics (template, s_time, stream, query, seed) VALUES ('query83.tpl', TRANSACTION_TIMESTAMP(), 1, 1, 495428675);
LOAD
SET
SET
SET
psql:/tmp/s1-basline/throughput/query_1.sql:1: NOTICE:  duration: 0.040 ms  plan:
Query Text: INSERT INTO time_statistics (template, s_time, stream, query, seed) VALUES ('query83.tpl', TRANSACTION_TIMESTAMP(), 1, 1, 495428675);
Insert on time_statistics  (cost=0.00..0.01 rows=0 width=0) (actual time=0.039..0.039 rows=0 loops=1)
  ->  Result  (cost=0.00..0.01 rows=1 width=64) (actual time=0.005..0.005 rows=1 loops=1)
INSERT 0 1
with sr_items as
 (select i_item_id item_id,
        sum(sr_return_quantity) sr_item_qty
 from store_returns,
      item,
      date_dim
 where sr_item_sk = i_item_sk
 and   d_date    in 
	(select d_date
	from date_dim
	where d_week_seq in 
		(select d_week_seq
		from date_dim
	  where d_date in ('2000-06-25','2000-08-10','2000-11-09')))
 and   sr_returned_date_sk   = d_date_sk
 group by i_item_id),
 cr_items as
 (select i_item_id item_id,
        sum(cr_return_quantity) cr_item_qty
 from catalog_returns,
      item,
      date_dim
 where cr_item_sk = i_item_sk
 and   d_date    in 
	(select d_date
	from date_dim
	where d_week_seq in 
		(select d_week_seq
		from date_dim
	  where d_date in ('2000-06-25','2000-08-10','2000-11-09')))
 and   cr_returned_date_sk   = d_date_sk
 group by i_item_id),
 wr_items as
 (select i_item_id item_id,
        sum(wr_return_quantity) wr_item_qty
 from web_returns,
      item,
      date_dim
 where wr_item_sk = i_item_sk
 and   d_date    in 
	(select d_date
	from date_dim
	where d_week_seq in 
		(select d_week_seq
		from date_dim
		where d_date in ('2000-06-25','2000-08-10','2000-11-09')))
 and   wr_returned_date_sk   = d_date_sk
 group by i_item_id)
  select  sr_items.item_id
       ,sr_item_qty
       ,sr_item_qty/(sr_item_qty+cr_item_qty+wr_item_qty)/3.0 * 100 sr_dev
       ,cr_item_qty
       ,cr_item_qty/(sr_item_qty+cr_item_qty+wr_item_qty)/3.0 * 100 cr_dev
       ,wr_item_qty
       ,wr_item_qty/(sr_item_qty+cr_item_qty+wr_item_qty)/3.0 * 100 wr_dev
       ,(sr_item_qty+cr_item_qty+wr_item_qty)/3.0 average
 from sr_items
     ,cr_items
     ,wr_items
 where sr_items.item_id=cr_items.item_id
   and sr_items.item_id=wr_items.item_id 
 order by sr_items.item_id
         ,sr_item_qty
 limit 100;
psql:/tmp/s1-basline/throughput/query_1.sql:65: NOTICE:  duration: 99.345 ms  plan:
Query Text: with sr_items as
 (select i_item_id item_id,
        sum(sr_return_quantity) sr_item_qty
 from store_returns,
      item,
      date_dim
 where sr_item_sk = i_item_sk
 and   d_date    in 
	(select d_date
	from date_dim
	where d_week_seq in 
		(select d_week_seq
		from date_dim
	  where d_date in ('2000-06-25','2000-08-10','2000-11-09')))
 and   sr_returned_date_sk   = d_date_sk
 group by i_item_id),
 cr_items as
 (select i_item_id item_id,
        sum(cr_return_quantity) cr_item_qty
 from catalog_returns,
      item,
      date_dim
 where cr_item_sk = i_item_sk
 and   d_date    in 
	(select d_date
	from date_dim
	where d_week_seq in 
		(select d_week_seq
		from date_dim
	  where d_date in ('2000-06-25','2000-08-10','2000-11-09')))
 and   cr_returned_date_sk   = d_date_sk
 group by i_item_id),
 wr_items as
 (select i_item_id item_id,
        sum(wr_return_quantity) wr_item_qty
 from web_returns,
      item,
      date_dim
 where wr_item_sk = i_item_sk
 and   d_date    in 
	(select d_date
	from date_dim
	where d_week_seq in 
		(select d_week_seq
		from date_dim
		where d_date in ('2000-06-25','2000-08-10','2000-11-09')))
 and   wr_returned_date_sk   = d_date_sk
 group by i_item_id)
  select  sr_items.item_id
       ,sr_item_qty
       ,sr_item_qty/(sr_item_qty+cr_item_qty+wr_item_qty)/3.0 * 100 sr_dev
       ,cr_item_qty
       ,cr_item_qty/(sr_item_qty+cr_item_qty+wr_item_qty)/3.0 * 100 cr_dev
       ,wr_item_qty
       ,wr_item_qty/(sr_item_qty+cr_item_qty+wr_item_qty)/3.0 * 100 wr_dev
       ,(sr_item_qty+cr_item_qty+wr_item_qty)/3.0 average
 from sr_items
     ,cr_items
     ,wr_items
 where sr_items.item_id=cr_items.item_id
   and sr_items.item_id=wr_items.item_id 
 order by sr_items.item_id
         ,sr_item_qty
 limit 100;
Limit  (cost=7241.53..7241.55 rows=10 width=169) (actual time=99.310..99.326 rows=13 loops=1)
  ->  Sort  (cost=7241.53..7241.55 rows=10 width=169) (actual time=99.309..99.324 rows=13 loops=1)
        Sort Key: item.i_item_id, (sum(store_returns.sr_return_quantity))
        Sort Method: quicksort  Memory: 26kB
        ->  Merge Join  (cost=7236.23..7241.36 rows=10 width=169) (actual time=96.288..99.281 rows=13 loops=1)
              Merge Cond: (item.i_item_id = item_2.i_item_id)
              ->  Merge Join  (cost=4832.68..4835.88 rows=20 width=50) (actual time=73.014..75.131 rows=167 loops=1)
                    Merge Cond: (item.i_item_id = item_1.i_item_id)
                    ->  GroupAggregate  (cost=2459.56..2460.96 rows=80 width=25) (actual time=53.014..53.967 rows=2109 loops=1)
                          Group Key: item.i_item_id
                          ->  Sort  (cost=2459.56..2459.76 rows=80 width=21) (actual time=53.009..53.223 rows=2424 loops=1)
                                Sort Key: item.i_item_id
                                Sort Method: quicksort  Memory: 248kB
                                ->  Nested Loop  (cost=2333.94..2457.03 rows=80 width=21) (actual time=21.020..46.774 rows=2424 loops=1)
                                      ->  Nested Loop  (cost=2333.65..2432.23 rows=80 width=12) (actual time=20.992..36.301 rows=2424 loops=1)
                                            ->  Nested Loop  (cost=2333.23..2340.37 rows=21 width=8) (actual time=20.949..21.015 rows=21 loops=1)
                                                  ->  HashAggregate  (cost=2332.93..2333.14 rows=21 width=4) (actual time=20.940..20.950 rows=21 loops=1)
                                                        Group Key: date_dim_1.d_date
                                                        Batches: 1  Memory Usage: 24kB
                                                        ->  Hash Join  (cost=5.41..2332.88 rows=21 width=4) (actual time=10.595..20.938 rows=21 loops=1)
                                                              Hash Cond: (date_dim_1.d_week_seq = date_dim_2.d_week_seq)
                                                              ->  Seq Scan on date_dim date_dim_1  (cost=0.00..2135.49 rows=73049 width=8) (actual time=0.019..11.880 rows=73049 loops=1)
                                                              ->  Hash  (cost=5.37..5.37 rows=3 width=4) (actual time=0.092..0.094 rows=3 loops=1)
                                                                    Buckets: 1024  Batches: 1  Memory Usage: 9kB
                                                                    ->  HashAggregate  (cost=5.34..5.37 rows=3 width=4) (actual time=0.088..0.089 rows=3 loops=1)
                                                                          Group Key: date_dim_2.d_week_seq
                                                                          Batches: 1  Memory Usage: 24kB
                                                                          ->  Index Scan using i_d_date on date_dim date_dim_2  (cost=0.29..5.33 rows=3 width=4) (actual time=0.059..0.083 rows=3 loops=1)
                                                                                Index Cond: (d_date = ANY ('{2000-06-25,2000-08-10,2000-11-09}'::date[]))
                                                  ->  Index Scan using i_d_date on date_dim  (cost=0.29..0.33 rows=1 width=12) (actual time=0.002..0.002 rows=1 loops=21)
                                                        Index Cond: (d_date = date_dim_1.d_date)
                                            ->  Index Scan using i_sr_returned_date_sk on store_returns  (cost=0.42..2.97 rows=140 width=20) (actual time=0.013..0.706 rows=115 loops=21)
                                                  Index Cond: (sr_returned_date_sk = date_dim.d_date_sk)
                                      ->  Index Scan using pk_item on item  (cost=0.29..0.31 rows=1 width=25) (actual time=0.004..0.004 rows=1 loops=2424)
                                            Index Cond: (i_item_sk = store_returns.sr_item_sk)
                    ->  GroupAggregate  (cost=2373.12..2373.47 rows=20 width=25) (actual time=19.990..20.284 rows=733 loops=1)
                          Group Key: item_1.i_item_id
                          ->  Sort  (cost=2373.12..2373.17 rows=20 width=21) (actual time=19.986..20.036 rows=766 loops=1)
                                Sort Key: item_1.i_item_id
                                Sort Method: quicksort  Memory: 72kB
                                ->  Nested Loop  (cost=2333.81..2372.68 rows=20 width=21) (actual time=14.236..18.308 rows=766 loops=1)
                                      ->  Nested Loop  (cost=2333.52..2366.19 rows=20 width=12) (actual time=14.228..16.468 rows=766 loops=1)
                                            ->  Nested Loop  (cost=2333.23..2340.37 rows=21 width=8) (actual time=14.197..14.241 rows=21 loops=1)
                                                  ->  HashAggregate  (cost=2332.93..2333.14 rows=21 width=4) (actual time=14.180..14.186 rows=21 loops=1)
                                                        Group Key: date_dim_4.d_date
                                                        Batches: 1  Memory Usage: 24kB
                                                        ->  Hash Join  (cost=5.41..2332.88 rows=21 width=4) (actual time=7.275..14.175 rows=21 loops=1)
                                                              Hash Cond: (date_dim_4.d_week_seq = date_dim_5.d_week_seq)
                                                              ->  Seq Scan on date_dim date_dim_4  (cost=0.00..2135.49 rows=73049 width=8) (actual time=0.006..4.893 rows=73049 loops=1)
                                                              ->  Hash  (cost=5.37..5.37 rows=3 width=4) (actual time=0.024..0.025 rows=3 loops=1)
                                                                    Buckets: 1024  Batches: 1  Memory Usage: 9kB
                                                                    ->  HashAggregate  (cost=5.34..5.37 rows=3 width=4) (actual time=0.018..0.019 rows=3 loops=1)
                                                                          Group Key: date_dim_5.d_week_seq
                                                                          Batches: 1  Memory Usage: 24kB
                                                                          ->  Index Scan using i_d_date on date_dim date_dim_5  (cost=0.29..5.33 rows=3 width=4) (actual time=0.012..0.016 rows=3 loops=1)
                                                                                Index Cond: (d_date = ANY ('{2000-06-25,2000-08-10,2000-11-09}'::date[]))
                                                  ->  Index Scan using i_d_date on date_dim date_dim_3  (cost=0.29..0.33 rows=1 width=12) (actual time=0.002..0.002 rows=1 loops=21)
                                                        Index Cond: (d_date = date_dim_4.d_date)
                                            ->  Index Scan using i_wr_returned_date_sk on web_returns  (cost=0.29..0.90 rows=33 width=20) (actual time=0.005..0.098 rows=36 loops=21)
                                                  Index Cond: (wr_returned_date_sk = date_dim_3.d_date_sk)
                                      ->  Index Scan using pk_item on item item_1  (cost=0.29..0.32 rows=1 width=25) (actual time=0.002..0.002 rows=1 loops=766)
                                            Index Cond: (i_item_sk = web_returns.wr_item_sk)
              ->  GroupAggregate  (cost=2403.56..2404.28 rows=41 width=25) (actual time=23.236..23.712 rows=1241 loops=1)
                    Group Key: item_2.i_item_id
                    ->  Sort  (cost=2403.56..2403.66 rows=41 width=21) (actual time=23.232..23.291 rows=1334 loops=1)
                          Sort Key: item_2.i_item_id
                          Sort Method: quicksort  Memory: 133kB
                          ->  Nested Loop  (cost=2333.81..2402.46 rows=41 width=21) (actual time=12.239..19.877 rows=1344 loops=1)
                                ->  Nested Loop  (cost=2333.52..2389.55 rows=41 width=12) (actual time=12.230..17.109 rows=1344 loops=1)
                                      ->  Nested Loop  (cost=2333.23..2340.37 rows=21 width=8) (actual time=12.198..12.245 rows=21 loops=1)
                                            ->  HashAggregate  (cost=2332.93..2333.14 rows=21 width=4) (actual time=12.186..12.191 rows=21 loops=1)
                                                  Group Key: date_dim_7.d_date
                                                  Batches: 1  Memory Usage: 24kB
                                                  ->  Hash Join  (cost=5.41..2332.88 rows=21 width=4) (actual time=6.289..12.181 rows=21 loops=1)
                                                        Hash Cond: (date_dim_7.d_week_seq = date_dim_8.d_week_seq)
                                                        ->  Seq Scan on date_dim date_dim_7  (cost=0.00..2135.49 rows=73049 width=8) (actual time=0.003..4.624 rows=73049 loops=1)
                                                        ->  Hash  (cost=5.37..5.37 rows=3 width=4) (actual time=0.029..0.030 rows=3 loops=1)
                                                              Buckets: 1024  Batches: 1  Memory Usage: 9kB
                                                              ->  HashAggregate  (cost=5.34..5.37 rows=3 width=4) (actual time=0.025..0.026 rows=3 loops=1)
                                                                    Group Key: date_dim_8.d_week_seq
                                                                    Batches: 1  Memory Usage: 24kB
                                                                    ->  Index Scan using i_d_date on date_dim date_dim_8  (cost=0.29..5.33 rows=3 width=4) (actual time=0.020..0.023 rows=3 loops=1)
                                                                          Index Cond: (d_date = ANY ('{2000-06-25,2000-08-10,2000-11-09}'::date[]))
                                            ->  Index Scan using i_d_date on date_dim date_dim_6  (cost=0.29..0.33 rows=1 width=12) (actual time=0.002..0.002 rows=1 loops=21)
                                                  Index Cond: (d_date = date_dim_7.d_date)
                                      ->  Index Scan using i_cr_returned_date_sk on catalog_returns  (cost=0.29..1.62 rows=72 width=20) (actual time=0.008..0.217 rows=64 loops=21)
                                            Index Cond: (cr_returned_date_sk = date_dim_6.d_date_sk)
                                ->  Index Scan using pk_item on item item_2  (cost=0.29..0.31 rows=1 width=25) (actual time=0.002..0.002 rows=1 loops=1344)
                                      Index Cond: (i_item_sk = catalog_returns.cr_item_sk)
     item_id      | sr_item_qty |         sr_dev         | cr_item_qty |         cr_dev         | wr_item_qty |         wr_dev         |       average       
------------------+-------------+------------------------+-------------+------------------------+-------------+------------------------+---------------------
 AAAAAAAAABNAAAAA |          77 | 0.00000000000000000000 |          37 | 0.00000000000000000000 |          45 | 0.00000000000000000000 | 53.0000000000000000
 AAAAAAAAAGLCAAAA |           2 | 0.00000000000000000000 |          66 | 0.00000000000000000000 |          18 | 0.00000000000000000000 | 28.6666666666666667
 AAAAAAAACGIAAAAA |          60 | 0.00000000000000000000 |          15 | 0.00000000000000000000 |          10 | 0.00000000000000000000 | 28.3333333333333333
 AAAAAAAAEBACAAAA |          51 | 0.00000000000000000000 |          59 | 0.00000000000000000000 |          19 | 0.00000000000000000000 | 43.0000000000000000
 AAAAAAAAEPOBAAAA |          35 | 0.00000000000000000000 |          67 | 0.00000000000000000000 |          38 | 0.00000000000000000000 | 46.6666666666666667
 AAAAAAAAJIIDAAAA |          45 | 0.00000000000000000000 |          10 | 0.00000000000000000000 |          32 | 0.00000000000000000000 | 29.0000000000000000
 AAAAAAAAJOHBAAAA |             |                        |          63 |                        |           6 |                        |                    
 AAAAAAAAKKMCAAAA |           3 | 0.00000000000000000000 |          58 | 0.00000000000000000000 |          13 | 0.00000000000000000000 | 24.6666666666666667
 AAAAAAAALPKBAAAA |          26 | 0.00000000000000000000 |          47 | 0.00000000000000000000 |          37 | 0.00000000000000000000 | 36.6666666666666667
 AAAAAAAAMMOAAAAA |          20 | 0.00000000000000000000 |          22 | 0.00000000000000000000 |          52 | 0.00000000000000000000 | 31.3333333333333333
 AAAAAAAANKEBAAAA |           1 | 0.00000000000000000000 |          20 | 0.00000000000000000000 |          51 | 0.00000000000000000000 | 24.0000000000000000
 AAAAAAAAOPOBAAAA |          59 | 0.00000000000000000000 |           8 | 0.00000000000000000000 |          24 | 0.00000000000000000000 | 30.3333333333333333
 AAAAAAAAPBGDAAAA |           1 | 0.00000000000000000000 |           1 | 0.00000000000000000000 |           3 | 0.00000000000000000000 |  1.6666666666666667
(13 rows)

UPDATE time_statistics SET e_time = TRANSACTION_TIMESTAMP() WHERE template = 'query83.tpl' AND stream = 1;
psql:/tmp/s1-basline/throughput/query_1.sql:67: NOTICE:  duration: 0.021 ms  plan:
Query Text: UPDATE time_statistics SET e_time = TRANSACTION_TIMESTAMP() WHERE template = 'query83.tpl' AND stream = 1;
Update on time_statistics  (cost=0.00..26.20 rows=0 width=0) (actual time=0.021..0.021 rows=0 loops=1)
  ->  Seq Scan on time_statistics  (cost=0.00..26.20 rows=1 width=14) (actual time=0.006..0.007 rows=1 loops=1)
        Filter: ((template = 'query83.tpl'::text) AND (stream = 1))
        Rows Removed by Filter: 4
UPDATE 1
LOAD 'auto_explain'; SET auto_explain.log_min_duration TO 0; SET auto_explain.log_analyze TO on; SET auto_explain.log_level TO notice; INSERT INTO time_statistics (template, s_time, stream, query, seed) VALUES ('../query_postgresql/query32.tpl', TRANSACTION_TIMESTAMP(), 1, 2, 1284266954);
LOAD
SET
SET
SET
psql:/tmp/s1-basline/throughput/query_1.sql:68: NOTICE:  duration: 0.021 ms  plan:
Query Text: INSERT INTO time_statistics (template, s_time, stream, query, seed) VALUES ('../query_postgresql/query32.tpl', TRANSACTION_TIMESTAMP(), 1, 2, 1284266954);
Insert on time_statistics  (cost=0.00..0.01 rows=0 width=0) (actual time=0.020..0.021 rows=0 loops=1)
  ->  Result  (cost=0.00..0.01 rows=1 width=64) (actual time=0.001..0.001 rows=1 loops=1)
INSERT 0 1
select  sum(cs_ext_discount_amt)  as "excess discount amount" 
from 
   catalog_sales 
   ,item 
   ,date_dim
where
i_manufact_id = 955
and i_item_sk = cs_item_sk 
and d_date between '1999-01-06' and 
        (cast('1999-01-06' as date) + interval '90 days')
and d_date_sk = cs_sold_date_sk 
and cs_ext_discount_amt  
     > ( 
         select 
            1.3 * avg(cs_ext_discount_amt) 
         from 
            catalog_sales 
           ,date_dim
         where 
              cs_item_sk = i_item_sk 
          and d_date between '1999-01-06' and
                             (cast('1999-01-06' as date) + interval '90 days')
          and d_date_sk = cs_sold_date_sk 
      ) 
limit 100;
psql:/tmp/s1-basline/throughput/query_1.sql:93: NOTICE:  duration: 39.996 ms  plan:
Query Text: select  sum(cs_ext_discount_amt)  as "excess discount amount" 
from 
   catalog_sales 
   ,item 
   ,date_dim
where
i_manufact_id = 955
and i_item_sk = cs_item_sk 
and d_date between '1999-01-06' and 
        (cast('1999-01-06' as date) + interval '90 days')
and d_date_sk = cs_sold_date_sk 
and cs_ext_discount_amt  
     > ( 
         select 
            1.3 * avg(cs_ext_discount_amt) 
         from 
            catalog_sales 
           ,date_dim
         where 
              cs_item_sk = i_item_sk 
          and d_date between '1999-01-06' and
                             (cast('1999-01-06' as date) + interval '90 days')
          and d_date_sk = cs_sold_date_sk 
      ) 
limit 100;
Limit  (cost=6363.75..6363.76 rows=1 width=8) (actual time=39.986..39.989 rows=1 loops=1)
  ->  Aggregate  (cost=6363.75..6363.76 rows=1 width=8) (actual time=39.985..39.988 rows=1 loops=1)
        ->  Hash Join  (cost=1481.92..6363.75 rows=1 width=8) (actual time=12.264..39.984 rows=8 loops=1)
              Hash Cond: (catalog_sales.cs_item_sk = item.i_item_sk)
              Join Filter: (catalog_sales.cs_ext_discount_amt > (SubPlan 1))
              Rows Removed by Join Filter: 16
              ->  Nested Loop  (cost=0.72..4877.92 rows=1763 width=16) (actual time=0.048..22.926 rows=41050 loops=1)
                    ->  Index Scan using i_d_date on date_dim  (cost=0.29..5.29 rows=90 width=8) (actual time=0.018..0.036 rows=91 loops=1)
                          Index Cond: ((d_date >= '1999-01-06'::date) AND (d_date <= '1999-04-06 00:00:00'::timestamp without time zone))
                    ->  Index Scan using i_cs_sold_date_sk on catalog_sales  (cost=0.43..46.32 rows=782 width=24) (actual time=0.005..0.153 rows=451 loops=91)
                          Index Cond: (cs_sold_date_sk = date_dim.d_date_sk)
              ->  Hash  (cost=1481.00..1481.00 rows=16 width=8) (actual time=8.046..8.046 rows=11 loops=1)
                    Buckets: 1024  Batches: 1  Memory Usage: 9kB
                    ->  Seq Scan on item  (cost=0.00..1481.00 rows=16 width=8) (actual time=0.634..8.040 rows=11 loops=1)
                          Filter: (i_manufact_id = 955)
                          Rows Removed by Filter: 17989
              SubPlan 1
                ->  Aggregate  (cost=106.52..106.53 rows=1 width=8) (actual time=0.266..0.266 rows=1 loops=24)
                      ->  Hash Join  (cost=6.84..106.51 rows=1 width=8) (actual time=0.077..0.265 rows=6 loops=24)
                            Hash Cond: (catalog_sales_1.cs_sold_date_sk = date_dim_1.d_date_sk)
                            ->  Index Scan using pk_catalog_sales on catalog_sales catalog_sales_1  (cost=0.43..99.86 rows=88 width=16) (actual time=0.008..0.250 rows=134 loops=24)
                                  Index Cond: (cs_item_sk = item.i_item_sk)
                            ->  Hash  (cost=5.29..5.29 rows=90 width=8) (actual time=0.032..0.033 rows=91 loops=1)
                                  Buckets: 1024  Batches: 1  Memory Usage: 12kB
                                  ->  Index Scan using i_d_date on date_dim date_dim_1  (cost=0.29..5.29 rows=90 width=8) (actual time=0.007..0.022 rows=91 loops=1)
                                        Index Cond: ((d_date >= '1999-01-06'::date) AND (d_date <= '1999-04-06 00:00:00'::timestamp without time zone))
 excess discount amount 
------------------------
     31684.819999999996
(1 row)

UPDATE time_statistics SET e_time = TRANSACTION_TIMESTAMP() WHERE template = '../query_postgresql/query32.tpl' AND stream = 1;
psql:/tmp/s1-basline/throughput/query_1.sql:95: NOTICE:  duration: 0.034 ms  plan:
Query Text: UPDATE time_statistics SET e_time = TRANSACTION_TIMESTAMP() WHERE template = '../query_postgresql/query32.tpl' AND stream = 1;
Update on time_statistics  (cost=0.00..26.20 rows=0 width=0) (actual time=0.033..0.034 rows=0 loops=1)
  ->  Seq Scan on time_statistics  (cost=0.00..26.20 rows=1 width=14) (actual time=0.018..0.019 rows=1 loops=1)
        Filter: ((template = '../query_postgresql/query32.tpl'::text) AND (stream = 1))
        Rows Removed by Filter: 5
UPDATE 1
LOAD 'auto_explain'; SET auto_explain.log_min_duration TO 0; SET auto_explain.log_analyze TO on; SET auto_explain.log_level TO notice; INSERT INTO time_statistics (template, s_time, stream, query, seed) VALUES ('query30.tpl', TRANSACTION_TIMESTAMP(), 1, 3, 1104926348);
LOAD
SET
SET
SET
psql:/tmp/s1-basline/throughput/query_1.sql:96: NOTICE:  duration: 0.015 ms  plan:
Query Text: INSERT INTO time_statistics (template, s_time, stream, query, seed) VALUES ('query30.tpl', TRANSACTION_TIMESTAMP(), 1, 3, 1104926348);
Insert on time_statistics  (cost=0.00..0.01 rows=0 width=0) (actual time=0.015..0.015 rows=0 loops=1)
  ->  Result  (cost=0.00..0.01 rows=1 width=64) (actual time=0.001..0.001 rows=1 loops=1)
INSERT 0 1
with customer_total_return as
 (select wr_returning_customer_sk as ctr_customer_sk
        ,ca_state as ctr_state, 
 	sum(wr_return_amt) as ctr_total_return
 from web_returns
     ,date_dim
     ,customer_address
 where wr_returned_date_sk = d_date_sk 
   and d_year =2000
   and wr_returning_addr_sk = ca_address_sk 
 group by wr_returning_customer_sk
         ,ca_state)
  select  c_customer_id,c_salutation,c_first_name,c_last_name,c_preferred_cust_flag
       ,c_birth_day,c_birth_month,c_birth_year,c_birth_country,c_login,c_email_address
       ,c_last_review_date_sk,ctr_total_return
 from customer_total_return ctr1
     ,customer_address
     ,customer
 where ctr1.ctr_total_return > (select avg(ctr_total_return)*1.2
 			  from customer_total_return ctr2 
                  	  where ctr1.ctr_state = ctr2.ctr_state)
       and ca_address_sk = c_current_addr_sk
       and ca_state = 'TX'
       and ctr1.ctr_customer_sk = c_customer_sk
 order by c_customer_id,c_salutation,c_first_name,c_last_name,c_preferred_cust_flag
                  ,c_birth_day,c_birth_month,c_birth_year,c_birth_country,c_login,c_email_address
                  ,c_last_review_date_sk,ctr_total_return
limit 100;
psql:/tmp/s1-basline/throughput/query_1.sql:124: NOTICE:  duration: 16554.415 ms  plan:
Query Text: with customer_total_return as
 (select wr_returning_customer_sk as ctr_customer_sk
        ,ca_state as ctr_state, 
 	sum(wr_return_amt) as ctr_total_return
 from web_returns
     ,date_dim
     ,customer_address
 where wr_returned_date_sk = d_date_sk 
   and d_year =2000
   and wr_returning_addr_sk = ca_address_sk 
 group by wr_returning_customer_sk
         ,ca_state)
  select  c_customer_id,c_salutation,c_first_name,c_last_name,c_preferred_cust_flag
       ,c_birth_day,c_birth_month,c_birth_year,c_birth_country,c_login,c_email_address
       ,c_last_review_date_sk,ctr_total_return
 from customer_total_return ctr1
     ,customer_address
     ,customer
 where ctr1.ctr_total_return > (select avg(ctr_total_return)*1.2
 			  from customer_total_return ctr2 
                  	  where ctr1.ctr_state = ctr2.ctr_state)
       and ca_address_sk = c_current_addr_sk
       and ca_state = 'TX'
       and ctr1.ctr_customer_sk = c_customer_sk
 order by c_customer_id,c_salutation,c_first_name,c_last_name,c_preferred_cust_flag
                  ,c_birth_day,c_birth_month,c_birth_year,c_birth_country,c_login,c_email_address
                  ,c_last_review_date_sk,ctr_total_return
limit 100;
Limit  (cost=7729.06..7729.08 rows=9 width=226) (actual time=16554.298..16554.312 rows=100 loops=1)
  CTE customer_total_return
    ->  GroupAggregate  (cost=5030.42..5036.94 rows=326 width=19) (actual time=46.206..51.556 rows=13343 loops=1)
          Group Key: web_returns.wr_returning_customer_sk, customer_address_1.ca_state
          ->  Sort  (cost=5030.42..5031.24 rows=326 width=19) (actual time=46.199..47.001 rows=13514 loops=1)
                Sort Key: web_returns.wr_returning_customer_sk, customer_address_1.ca_state
                Sort Method: quicksort  Memory: 1223kB
                ->  Nested Loop  (cost=0.58..5016.81 rows=326 width=19) (actual time=4.073..42.507 rows=13514 loops=1)
                      ->  Nested Loop  (cost=0.29..4905.30 rows=341 width=24) (actual time=4.051..18.814 rows=13832 loops=1)
                            ->  Seq Scan on date_dim  (cost=0.00..2318.11 rows=363 width=8) (actual time=4.042..8.824 rows=366 loops=1)
                                  Filter: (d_year = 2000)
                                  Rows Removed by Filter: 72683
                            ->  Index Scan using i_wr_returned_date_sk on web_returns  (cost=0.29..6.80 rows=33 width=32) (actual time=0.002..0.022 rows=38 loops=366)
                                  Index Cond: (wr_returned_date_sk = date_dim.d_date_sk)
                      ->  Index Scan using pk_customer_address on customer_address customer_address_1  (cost=0.29..0.33 rows=1 width=11) (actual time=0.001..0.001 rows=1 loops=13832)
                            Index Cond: (ca_address_sk = web_returns.wr_returning_addr_sk)
  ->  Sort  (cost=2692.12..2692.14 rows=9 width=226) (actual time=16554.297..16554.302 rows=100 loops=1)
        Sort Key: customer.c_customer_id, customer.c_salutation, customer.c_first_name, customer.c_last_name, customer.c_preferred_cust_flag, customer.c_birth_day, customer.c_birth_month, customer.c_birth_year, customer.c_birth_country, customer.c_login, customer.c_email_address, customer.c_last_review_date_sk, ctr1.ctr_total_return
        Sort Method: top-N heapsort  Memory: 70kB
        ->  Nested Loop  (cost=0.58..2691.97 rows=9 width=226) (actual time=97.878..16553.583 rows=275 loops=1)
              ->  Nested Loop  (cost=0.29..2656.66 rows=109 width=234) (actual time=56.777..16545.076 rows=3308 loops=1)
                    ->  CTE Scan on customer_total_return ctr1  (cost=0.00..2405.07 rows=109 width=16) (actual time=56.751..16528.920 rows=3325 loops=1)
                          Filter: (ctr_total_return > (SubPlan 2))
                          Rows Removed by Filter: 10018
                          SubPlan 2
                            ->  Aggregate  (cost=7.34..7.36 rows=1 width=8) (actual time=1.235..1.235 rows=1 loops=13343)
                                  ->  CTE Scan on customer_total_return ctr2  (cost=0.00..7.33 rows=2 width=8) (actual time=0.030..1.206 rows=383 loops=13343)
                                        Filter: (ctr1.ctr_state = ctr_state)
                                        Rows Removed by Filter: 12960
                    ->  Index Scan using pk_customer on customer  (cost=0.29..2.31 rows=1 width=234) (actual time=0.004..0.004 rows=1 loops=3325)
                          Index Cond: (c_customer_sk = ctr1.ctr_customer_sk)
              ->  Index Scan using pk_customer_address on customer_address  (cost=0.29..0.32 rows=1 width=8) (actual time=0.002..0.002 rows=0 loops=3308)
                    Index Cond: (ca_address_sk = customer.c_current_addr_sk)
                    Filter: (ca_state = 'TX'::bpchar)
                    Rows Removed by Filter: 1
  c_customer_id   | c_salutation |     c_first_name     |          c_last_name           | c_preferred_cust_flag | c_birth_day | c_birth_month | c_birth_year |   c_birth_country    | c_login |                  c_email_address                   | c_last_review_date_sk | ctr_total_return 
------------------+--------------+----------------------+--------------------------------+-----------------------+-------------+---------------+--------------+----------------------+---------+----------------------------------------------------+-----------------------+------------------
 AAAAAAAAACAKAAAA | Mr.          | Robert               | Mitchell                       | Y                     |          12 |             2 |         1949 | PARAGUAY             |         | Robert.Mitchell@QSrE7shf31F.edu                    |               2452318 |          7092.28
 AAAAAAAAACHHAAAA | Sir          | William              | Stephens                       | Y                     |           6 |             4 |         1933 | EGYPT                |         | William.Stephens@U8UIM2mSANNAem.com                |               2452364 |          3383.68
 AAAAAAAAADHFAAAA | Mr.          | Preston              | Pope                           | N                     |           8 |            12 |         1928 | SIERRA LEONE         |         | Preston.Pope@npGRK9aLP5i.com                       |               2452470 |          1789.01
 AAAAAAAAADKBBAAA |              |                      |                                |                       |             |               |         1983 |                      |         |                                                    |                       |          7759.95
 AAAAAAAAAEGHBAAA | Mr.          | Steven               | Pulley                         | N                     |          31 |            10 |         1928 | TURKEY               |         | Steven.Pulley@acb5.edu                             |               2452393 |          2213.52
 AAAAAAAAAELMAAAA | Mrs.         | Dorothy              | Conner                         | N                     |          26 |             7 |         1959 | ESTONIA              |         | Dorothy.Conner@jiiiz4Eqk4JeYy.edu                  |               2452510 |          5255.48
 AAAAAAAAAFFDBAAA | Dr.          | Janet                | Moore                          | N                     |          25 |             9 |         1973 | QATAR                |         | Janet.Moore@zCLr5bMsFpd2.edu                       |               2452639 |           1960.2
 AAAAAAAAAFIABAAA | Sir          | Steven               | Silva                          | Y                     |          24 |            12 |         1951 | CAMEROON             |         | Steven.Silva@9XBzzdjXgX.com                        |               2452582 |          2401.28
 AAAAAAAAAGLBBAAA | Miss         | Shelley              | Miller                         | Y                     |           8 |             1 |         1933 | GIBRALTAR            |         | Shelley.Miller@EDGx7311.com                        |               2452310 |          6686.64
 AAAAAAAAAIAIAAAA | Mrs.         | Madeline             | Kane                           | Y                     |          11 |             2 |         1936 | KYRGYZSTAN           |         | Madeline.Kane@IXfqQ9uHOmrdgPuBO.com                |               2452470 |           2594.1
 AAAAAAAAAIDHBAAA | Dr.          | Marie                | Reyes                          | Y                     |          18 |             3 |         1978 | ARMENIA              |         | Marie.Reyes@3PThHR.org                             |               2452587 |          2423.85
 AAAAAAAAAIDHBAAA | Dr.          | Marie                | Reyes                          | Y                     |          18 |             3 |         1978 | ARMENIA              |         | Marie.Reyes@3PThHR.org                             |               2452587 |          4648.58
 AAAAAAAAAKBLAAAA | Sir          | Paul                 | Montgomery                     | Y                     |          13 |             1 |         1943 | GUYANA               |         | Paul.Montgomery@ZaIO.edu                           |               2452584 |          3001.35
 AAAAAAAAAKNBAAAA | Sir          | William              | Duncan                         | Y                     |          22 |             2 |         1976 | SYRIAN ARAB REPUBLIC |         | William.Duncan@PH3MF4mI2M.com                      |               2452486 |          9482.75
 AAAAAAAAAKNHAAAA | Miss         | Brooke               | Dove                           | N                     |           4 |             7 |         1933 | HONG KONG            |         | Brooke.Dove@ejuPygLv2z.com                         |               2452580 |          2400.12
 AAAAAAAAAMBHBAAA | Mrs.         | Barbara              | Marks                          | Y                     |          23 |             7 |         1934 | NAMIBIA              |         | Barbara.Marks@h.edu                                |               2452587 |          2542.31
 AAAAAAAAAMDHAAAA | Mrs.         | Aaron                | Martinez                       | N                     |          14 |             1 |         1935 | FINLAND              |         | Aaron.Martinez@OSJsutX.com                         |               2452487 |          1694.56
 AAAAAAAAAMIFBAAA | Dr.          | Christopher          | Mangum                         | N                     |          22 |             3 |         1949 | SOMALIA              |         | Christopher.Mangum@dZ8hvUx8Ac.com                  |               2452581 |          2567.11
 AAAAAAAAANADBAAA | Ms.          | Bianca               | Hamel                          | Y                     |           3 |             3 |         1961 | SEYCHELLES           |         | Bianca.Hamel@dOzM19oza14hB.org                     |               2452609 |          1572.25
 AAAAAAAAAOFKAAAA | Dr.          | Sarah                | Frost                          | N                     |           3 |             1 |         1931 | GUADELOUPE           |         | Sarah.Frost@Icim7qiitd5y9mxa.com                   |               2452368 |             2772
 AAAAAAAAAOHEBAAA | Mr.          | John                 | Boatright                      | Y                     |           2 |            11 |         1953 | ISRAEL               |         | John.Boatright@XsiMCXJS9.com                       |               2452438 |           1929.2
 AAAAAAAAAPIAAAAA | Miss         | Tonya                | Castro                         | N                     |           2 |             7 |         1947 | MYANMAR              |         | Tonya.Castro@hgBLJkcxRRblKLY.com                   |               2452338 |          1738.88
 AAAAAAAABAENAAAA | Miss         | Martha               | Byrne                          | N                     |          28 |             9 |         1987 | PANAMA               |         | Martha.Byrne@11x5oRx4LQhATqa.edu                   |               2452336 |           4098.8
 AAAAAAAABAGHAAAA | Ms.          | Christina            | Evans                          | N                     |          29 |            11 |         1926 | MYANMAR              |         | Christina.Evans@pGuHHfMmJu.org                     |               2452480 |           9733.5
 AAAAAAAABCAOAAAA | Mrs.         | Nora                 | Howard                         | N                     |           8 |             6 |         1992 | AZERBAIJAN           |         | Nora.Howard@p3.edu                                 |               2452553 |          1715.93
 AAAAAAAABDBAAAAA | Mr.          | Blake                | Thompson                       | N                     |          25 |             5 |         1924 |                      |         |                                                    |                       |          1914.78
 AAAAAAAABGPCBAAA | Sir          | Thomas               | Smith                          | Y                     |          21 |            10 |         1962 | SERBIA               |         | Thomas.Smith@yby6AjGqVs4fu0BA5Y66.com              |               2452485 |          9596.16
 AAAAAAAABHDABAAA | Sir          | Calvin               | Rodriquez                      | Y                     |          13 |             3 |         1991 | PAPUA NEW GUINEA     |         | Calvin.Rodriquez@YO6MnYXjrPir.edu                  |               2452450 |          1772.95
 AAAAAAAABLICBAAA | Dr.          | Laura                | Miller                         | Y                     |          27 |            12 |         1972 | MOLDOVA, REPUBLIC OF |         | Laura.Miller@fsXH.com                              |               2452460 |          6621.74
 AAAAAAAABLIKAAAA | Sir          | Elmer                | Haddad                         | N                     |          15 |             2 |         1944 | MALI                 |         | Elmer.Haddad@9UvDOhRB.com                          |               2452637 |          2953.72
 AAAAAAAABLPEBAAA | Mrs.         | Melissa              | Sharp                          | Y                     |           3 |            12 |         1968 | MONTSERRAT           |         | Melissa.Sharp@ln.edu                               |               2452353 |          3824.82
 AAAAAAAABPEBAAAA | Dr.          | David                | Hancock                        | Y                     |          24 |             5 |         1924 | WALLIS AND FUTUNA    |         | David.Hancock@ErpHsTVcZdAh.org                     |               2452441 |          5166.72
 AAAAAAAABPHEAAAA |              |                      |                                | Y                     |             |               |              | CZECH REPUBLIC       |         |                                                    |                       |          1900.26
 AAAAAAAABPINAAAA | Sir          | Mike                 | Thompson                       | N                     |           4 |            12 |         1940 | GUINEA               |         | Mike.Thompson@G.org                                |               2452284 |           2410.8
 AAAAAAAABPLFBAAA | Ms.          | Victoria             | Hoke                           | N                     |          12 |            11 |         1984 | ICELAND              |         | Victoria.Hoke@YZGI9QXdsjl26.org                    |               2452327 |          3703.28
 AAAAAAAACAEEAAAA | Dr.          | Laurette             | Mann                           | N                     |           6 |             7 |         1929 | AFGHANISTAN          |         | Laurette.Mann@v8aCuCS.com                          |               2452357 |          5136.95
 AAAAAAAACAJABAAA | Dr.          | Archie               | Murray                         | N                     |          25 |             3 |         1972 | NEW CALEDONIA        |         | Archie.Murray@6A07HLqQxe.com                       |               2452534 |          6328.14
 AAAAAAAACCNFAAAA | Miss         | Sheila               | Redman                         | N                     |          25 |             7 |         1984 | CHILE                |         | Sheila.Redman@VSBkNb.com                           |               2452375 |           7209.4
 AAAAAAAACDBFAAAA | Mr.          | Jeff                 | Bear                           | Y                     |          24 |            10 |         1939 | AUSTRIA              |         | Jeff.Bear@gyDCv8zpKI56.edu                         |               2452309 |          1510.56
 AAAAAAAACDDABAAA | Sir          | John                 | Rodrigue                       | Y                     |          13 |             7 |         1984 | CAMBODIA             |         | John.Rodrigue@DODg57rh0UtliIjYRx4E.org             |               2452598 |          1522.69
 AAAAAAAACDPGBAAA | Sir          | George               | Clough                         | Y                     |          31 |            10 |         1936 | EL SALVADOR          |         | George.Clough@R93J3NE.org                          |               2452532 |          2652.87
 AAAAAAAACHPDBAAA | Mrs.         | Lakisha              | Hilton                         | N                     |          24 |             4 |         1982 | AFGHANISTAN          |         | Lakisha.Hilton@s8CO6.edu                           |               2452329 |          2384.38
 AAAAAAAACJHNAAAA | Mr.          | William              | Aguirre                        | Y                     |          15 |             9 |         1992 | NIUE                 |         | William.Aguirre@TOlisnZg6rytYax58F.org             |               2452585 |          2040.55
 AAAAAAAACKJDBAAA | Mr.          | Thomas               | Vandyke                        | N                     |          22 |             5 |         1935 | EGYPT                |         | Thomas.Vandyke@oHOhKZ3uXusapebE.com                |               2452448 |          4219.72
 AAAAAAAACKKBAAAA | Sir          | Michael              | Smith                          | Y                     |          14 |            12 |         1969 | MAURITANIA           |         | Michael.Smith@8lCB.com                             |               2452381 |          4402.16
 AAAAAAAACMNFAAAA | Ms.          | Lisa                 | Gordon                         | Y                     |           1 |             2 |         1959 | SAINT HELENA         |         | Lisa.Gordon@Dmpdvv.edu                             |               2452447 |           1816.6
 AAAAAAAACNDCBAAA | Mr.          | John                 | Bullock                        | N                     |          24 |             4 |         1973 | HONG KONG            |         | John.Bullock@yj347mRITPHP.com                      |               2452585 |          1722.28
 AAAAAAAACNJCBAAA | Dr.          | Francisca            | Hightower                      | N                     |          27 |             6 |         1951 | DENMARK              |         | Francisca.Hightower@oUrzpIrJT9r7KihoD.edu          |               2452383 |          4310.64
 AAAAAAAACOMFBAAA | Sir          | Rey                  | Logsdon                        | N                     |           4 |             1 |         1958 | TRINIDAD AND TOBAGO  |         | Rey.Logsdon@0pp8.org                               |               2452405 |          5028.82
 AAAAAAAACPMFAAAA | Mrs.         | Evonne               | Hall                           | N                     |           2 |             1 |         1975 | TURKMENISTAN         |         | Evonne.Hall@7NAeuQ0dKqb.org                        |               2452462 |          4533.76
 AAAAAAAADAOCBAAA | Dr.          | Richard              | Cooper                         | N                     |          12 |            12 |         1973 | CAMBODIA             |         | Richard.Cooper@5C0UbZY.org                         |               2452381 |          3344.76
 AAAAAAAADBBAAAAA | Mr.          | Brandon              | Hawkins                        | Y                     |          24 |             2 |         1985 | SYRIAN ARAB REPUBLIC |         | Brandon.Hawkins@0G.org                             |               2452344 |          2733.92
 AAAAAAAADBMHBAAA | Ms.          | Kimberly             | Jenkins                        | Y                     |           8 |             6 |         1941 | ROMANIA              |         | Kimberly.Jenkins@2Sg.com                           |               2452629 |           6377.8
 AAAAAAAADBOIAAAA | Sir          | Elwood               | Loyd                           | N                     |           1 |             4 |         1987 | LIECHTENSTEIN        |         | Elwood.Loyd@xq3yflriPVcA.org                       |               2452403 |             7735
 AAAAAAAADCAPAAAA | Ms.          | Betty                | Mackey                         | Y                     |           2 |             3 |         1965 | NEW CALEDONIA        |         | Betty.Mackey@yxr659iEXm.org                        |               2452553 |          4423.98
 AAAAAAAADDEBBAAA | Dr.          | Amelia               | Delagarza                      | N                     |           1 |             3 |         1977 | CHINA                |         | Amelia.Delagarza@0IUOgIUi.org                      |               2452459 |         10219.38
 AAAAAAAADDNGBAAA | Sir          | Wilbur               | Gore                           | Y                     |          19 |             1 |         1953 | MONTENEGRO           |         | Wilbur.Gore@O.com                                  |               2452362 |           1901.4
 AAAAAAAADDNGBAAA | Sir          | Wilbur               | Gore                           | Y                     |          19 |             1 |         1953 | MONTENEGRO           |         | Wilbur.Gore@O.com                                  |               2452362 |          2040.81
 AAAAAAAADEOPAAAA | Mr.          | Brandon              | Miller                         | N                     |          30 |            10 |         1948 | NIGER                |         | Brandon.Miller@RfvAhH1iN4pV.com                    |               2452441 |          6619.14
 AAAAAAAADEPGBAAA | Dr.          | Jesse                | Frye                           | N                     |          29 |             9 |         1935 | CYPRUS               |         | Jesse.Frye@CVetkkLnUAFhAmMRj.org                   |               2452513 |           1544.8
 AAAAAAAADFEBAAAA | Dr.          | Lisa                 | Segal                          | Y                     |           5 |             8 |         1929 | EGYPT                |         | Lisa.Segal@1NSo65HlNPjRgjoM.edu                    |               2452586 |          4028.05
 AAAAAAAADFEIAAAA | Mr.          | Cruz                 | Perry                          | Y                     |          16 |             6 |         1972 | GREENLAND            |         | Cruz.Perry@pcaqLDQ77.com                           |               2452536 |           2887.5
 AAAAAAAADFHHBAAA | Mrs.         | Sherry               | Zaragoza                       | Y                     |          20 |             8 |         1980 | NORWAY               |         | Sherry.Zaragoza@ACECj5Eubr.edu                     |               2452630 |           3941.6
 AAAAAAAADFHHBAAA | Mrs.         | Sherry               | Zaragoza                       | Y                     |          20 |             8 |         1980 | NORWAY               |         | Sherry.Zaragoza@ACECj5Eubr.edu                     |               2452630 |         14102.52
 AAAAAAAADFNNAAAA | Miss         | Linda                | Stoner                         | Y                     |           1 |             9 |         1924 | SOLOMON ISLANDS      |         | Linda.Stoner@KaJ9UR3D1CIc1fCE.org                  |               2452484 |          2680.34
 AAAAAAAADGFDAAAA | Dr.          | Peggy                | Romero                         | N                     |           8 |             2 |         1948 | UNITED KINGDOM       |         | Peggy.Romero@unNFG8.org                            |               2452346 |           1808.1
 AAAAAAAADHDDBAAA | Mr.          | William              | Davis                          | Y                     |          27 |            11 |         1991 | FRENCH POLYNESIA     |         | William.Davis@NHb0OIQqnuv.org                      |               2452489 |          2831.64
 AAAAAAAADINHBAAA | Mrs.         | Brandy               | Garza                          | N                     |          16 |            12 |         1938 | GUINEA               |         | Brandy.Garza@iiCRNOH7UgSxUbszO.org                 |               2452459 |          1838.16
 AAAAAAAADJCCAAAA | Ms.          | Diana                | Brown                          | N                     |           7 |            11 |         1937 | VANUATU              |         | Diana.Brown@yr.edu                                 |               2452399 |           1877.5
 AAAAAAAADJPEAAAA | Mrs.         | Jessica              | Taylor                         | Y                     |          31 |             3 |         1955 | MAURITANIA           |         | Jessica.Taylor@3Gn1qIEYojS.edu                     |               2452446 |           4320.9
 AAAAAAAADKHDBAAA |              | Robert               |                                | N                     |          19 |             1 |              |                      |         | Robert.Baker@n5fKDcMFogd7r.org                     |               2452298 |           6087.2
 AAAAAAAADKJGBAAA | Sir          | Tony                 | Haynes                         | N                     |          28 |             5 |         1960 | NORWAY               |         | Tony.Haynes@JfbIEs.com                             |               2452361 |          2028.78
 AAAAAAAADLAEBAAA |              | Marlene              | Langley                        |                       |           3 |             9 |              | PERU                 |         | Marlene.Langley@6o6m9m1V5u.edu                     |                       |          1492.05
 AAAAAAAADLALAAAA | Mrs.         | Regina               | Humes                          | N                     |          23 |             9 |         1944 | CYPRUS               |         | Regina.Humes@irNP1.edu                             |               2452373 |          4241.44
 AAAAAAAADLMJAAAA | Mrs.         | Lana                 | Mcgee                          | Y                     |          10 |             1 |         1968 | KIRIBATI             |         | Lana.Mcgee@LebPJeOmG77Ol5p.com                     |               2452529 |           2540.7
 AAAAAAAADMBCAAAA | Dr.          | Victoria             | Mills                          | Y                     |          29 |             7 |         1968 | GERMANY              |         | Victoria.Mills@E7QQ0L12Kvci.org                    |               2452555 |          3688.97
 AAAAAAAADMMCAAAA | Miss         | Stephani             | Williams                       | Y                     |          10 |             8 |         1948 | PORTUGAL             |         | Stephani.Williams@r6XmSXjUn.com                    |               2452451 |           1822.8
 AAAAAAAADNHGBAAA | Dr.          | Elizabeth            | Patterson                      | N                     |          21 |             8 |         1980 | TAJIKISTAN           |         | Elizabeth.Patterson@Eu1c8GNM2.org                  |               2452319 |         16282.05
 AAAAAAAADPMBAAAA | Ms.          | Constance            |                                | N                     |          11 |               |         1945 | VANUATU              |         | Constance.Mayfield@PXzJLiR6QUh23gDf.org            |                       |          1607.28
 AAAAAAAAEANFAAAA | Sir          | Leland               | Doucette                       | N                     |           4 |             9 |         1987 | MALDIVES             |         | Leland.Doucette@V72CjhxuvDTR3.edu                  |               2452490 |           2616.9
 AAAAAAAAEBEHAAAA | Sir          | Terry                | King                           | N                     |          29 |            11 |         1980 | KAZAKHSTAN           |         | Terry.King@i.org                                   |               2452572 |          4842.75
 AAAAAAAAEDLGBAAA |              | Mario                |                                |                       |          16 |               |         1939 | BANGLADESH           |         | Mario.White@JeBk.edu                               |                       |          5001.08
 AAAAAAAAEDNPAAAA | Mr.          | Michael              | Sutton                         | N                     |          24 |             4 |         1956 | MARSHALL ISLANDS     |         | Michael.Sutton@ix1qNCK.org                         |               2452335 |          3322.26
 AAAAAAAAEFNBAAAA | Mr.          | Larry                | Butler                         | Y                     |          19 |             5 |         1989 | WALLIS AND FUTUNA    |         | Larry.Butler@3LfToqfTYc.edu                        |               2452439 |         10514.84
 AAAAAAAAEFNKAAAA | Sir          | Rodney               | Stone                          |                       |             |               |         1931 | ISLE OF MAN          |         | Rodney.Stone@64E7NuB1u2FG.edu                      |                       |          6288.49
 AAAAAAAAEGBIBAAA | Sir          | Michael              | Bonilla                        | Y                     |          25 |            10 |         1980 | AFGHANISTAN          |         | Michael.Bonilla@oQ5U8.org                          |               2452341 |          4081.05
 AAAAAAAAEJEABAAA | Sir          | Irving               | Valdez                         | N                     |          26 |             4 |         1935 | NIGER                |         | Irving.Valdez@5m3N667AOv.com                       |               2452425 |          2538.02
 AAAAAAAAEJHEAAAA | Ms.          | Elaine               | Coulter                        | N                     |          17 |             3 |         1929 | PITCAIRN             |         | Elaine.Coulter@kKSKvYDEko2HeCUE.com                |               2452611 |           2386.8
 AAAAAAAAEKGCAAAA | Mr.          | Thomas               | Patino                         | Y                     |          16 |             2 |         1932 | WALLIS AND FUTUNA    |         | Thomas.Patino@ONm9RHi1.edu                         |               2452614 |          1724.46
 AAAAAAAAEKGOAAAA | Dr.          | Tamara               | Carrasco                       | Y                     |          26 |             1 |         1961 | ARGENTINA            |         | Tamara.Carrasco@DDY5mNGGDCGMg.org                  |               2452378 |           2888.5
 AAAAAAAAEMFFAAAA | Mrs.         | Lucille              | Hall                           | N                     |          28 |            12 |         1970 | NAURU                |         | Lucille.Hall@jfJLeNdNN5tpxYf.org                   |               2452479 |          1942.58
 AAAAAAAAEMNAAAAA | Dr.          | Johnny               | Martinez                       | Y                     |          17 |            10 |         1976 | MAYOTTE              |         | Johnny.Martinez@49MBClDKza2lkAO.org                |               2452451 |           5257.7
 AAAAAAAAENEGAAAA | Mrs.         | Aurora               | Monk                           | Y                     |          30 |             1 |         1933 | RÃ\u0089UNION        |         | Aurora.Monk@5VHA3AiEuTbX4qFA2.com                  |               2452452 |          5926.29
 AAAAAAAAENIMAAAA | Dr.          | Ann                  | Wilson                         | Y                     |          29 |             5 |         1941 | AZERBAIJAN           |         | Ann.Wilson@7UL.com                                 |               2452372 |           6501.8
 AAAAAAAAEPCIBAAA | Ms.          | Josephine            | Kemp                           | N                     |          14 |             7 |         1956 | SIERRA LEONE         |         | Josephine.Kemp@ip.org                              |               2452338 |          2102.16
 AAAAAAAAEPKNAAAA | Mrs.         | Sandra               | Shields                        | N                     |           1 |             8 |         1959 | UGANDA               |         | Sandra.Shields@imemMRV6bX7.edu                     |               2452550 |           6790.6
 AAAAAAAAEPOPAAAA | Dr.          | John                 | Mccray                         | N                     |          12 |             7 |         1979 | GIBRALTAR            |         | John.Mccray@0prS7h0EeeVojU1Htcn.edu                |               2452634 |          1518.78
 AAAAAAAAFACEBAAA | Miss         | Harriet              | Griffin                        | Y                     |          26 |            11 |         1957 | ETHIOPIA             |         | Harriet.Griffin@nmRFSg90Y8I.com                    |               2452426 |          9301.61
 AAAAAAAAFAHFBAAA | Sir          | Terry                | Bird                           | Y                     |          23 |             5 |         1991 | SOMALIA              |         | Terry.Bird@MYnoUXfVS1.org                          |               2452503 |          1847.56
 AAAAAAAAFAHFBAAA | Sir          | Terry                | Bird                           | Y                     |          23 |             5 |         1991 | SOMALIA              |         | Terry.Bird@MYnoUXfVS1.org                          |               2452503 |           2503.2
(100 rows)

UPDATE time_statistics SET e_time = TRANSACTION_TIMESTAMP() WHERE template = 'query30.tpl' AND stream = 1;
psql:/tmp/s1-basline/throughput/query_1.sql:126: NOTICE:  duration: 0.029 ms  plan:
Query Text: UPDATE time_statistics SET e_time = TRANSACTION_TIMESTAMP() WHERE template = 'query30.tpl' AND stream = 1;
Update on time_statistics  (cost=0.00..1.38 rows=0 width=0) (actual time=0.028..0.028 rows=0 loops=1)
  ->  Seq Scan on time_statistics  (cost=0.00..1.38 rows=1 width=14) (actual time=0.009..0.013 rows=1 loops=1)
        Filter: ((template = 'query30.tpl'::text) AND (stream = 1))
        Rows Removed by Filter: 40
UPDATE 1
LOAD 'auto_explain'; SET auto_explain.log_min_duration TO 0; SET auto_explain.log_analyze TO on; SET auto_explain.log_level TO notice; INSERT INTO time_statistics (template, s_time, stream, query, seed) VALUES ('../query_postgresql/query92.tpl', TRANSACTION_TIMESTAMP(), 1, 4, 391532241);
LOAD
SET
SET
SET
psql:/tmp/s1-basline/throughput/query_1.sql:127: NOTICE:  duration: 0.019 ms  plan:
Query Text: INSERT INTO time_statistics (template, s_time, stream, query, seed) VALUES ('../query_postgresql/query92.tpl', TRANSACTION_TIMESTAMP(), 1, 4, 391532241);
Insert on time_statistics  (cost=0.00..0.01 rows=0 width=0) (actual time=0.019..0.019 rows=0 loops=1)
  ->  Result  (cost=0.00..0.01 rows=1 width=64) (actual time=0.001..0.002 rows=1 loops=1)
INSERT 0 1
select  
   sum(ws_ext_discount_amt)  as "Excess Discount Amount" 
from 
    web_sales 
   ,item 
   ,date_dim
where
i_manufact_id = 242
and i_item_sk = ws_item_sk 
and d_date between '2000-01-12' and 
        (cast('2000-01-12' as date) + interval '90 days')
and d_date_sk = ws_sold_date_sk 
and ws_ext_discount_amt  
     > ( 
         SELECT 
            1.3 * avg(ws_ext_discount_amt) 
         FROM 
            web_sales 
           ,date_dim
         WHERE 
              ws_item_sk = i_item_sk 
          and d_date between '2000-01-12' and
                             (cast('2000-01-12' as date) + interval '90 days')
          and d_date_sk = ws_sold_date_sk 
      ) 
order by sum(ws_ext_discount_amt)
limit 100;
psql:/tmp/s1-basline/throughput/query_1.sql:154: NOTICE:  duration: 35.422 ms  plan:
Query Text: select  
   sum(ws_ext_discount_amt)  as "Excess Discount Amount" 
from 
    web_sales 
   ,item 
   ,date_dim
where
i_manufact_id = 242
and i_item_sk = ws_item_sk 
and d_date between '2000-01-12' and 
        (cast('2000-01-12' as date) + interval '90 days')
and d_date_sk = ws_sold_date_sk 
and ws_ext_discount_amt  
     > ( 
         SELECT 
            1.3 * avg(ws_ext_discount_amt) 
         FROM 
            web_sales 
           ,date_dim
         WHERE 
              ws_item_sk = i_item_sk 
          and d_date between '2000-01-12' and
                             (cast('2000-01-12' as date) + interval '90 days')
          and d_date_sk = ws_sold_date_sk 
      ) 
order by sum(ws_ext_discount_amt)
limit 100;
Limit  (cost=25716.52..25716.52 rows=1 width=8) (actual time=35.413..35.416 rows=1 loops=1)
  ->  Sort  (cost=25716.52..25716.52 rows=1 width=8) (actual time=35.412..35.415 rows=1 loops=1)
        Sort Key: (sum(web_sales.ws_ext_discount_amt))
        Sort Method: quicksort  Memory: 25kB
        ->  Aggregate  (cost=25716.50..25716.51 rows=1 width=8) (actual time=35.408..35.410 rows=1 loops=1)
              ->  Hash Join  (cost=1482.19..25716.49 rows=1 width=8) (actual time=11.227..35.407 rows=10 loops=1)
                    Hash Cond: (web_sales.ws_item_sk = item.i_item_sk)
                    Join Filter: (web_sales.ws_ext_discount_amt > (SubPlan 1))
                    Rows Removed by Join Filter: 28
                    ->  Nested Loop  (cost=0.72..24232.74 rows=867 width=16) (actual time=0.035..19.859 rows=20708 loops=1)
                          ->  Index Scan using i_d_date on date_dim  (cost=0.29..5.25 rows=88 width=8) (actual time=0.008..0.035 rows=91 loops=1)
                                Index Cond: ((d_date >= '2000-01-12'::date) AND (d_date <= '2000-04-11 00:00:00'::timestamp without time zone))
                          ->  Index Scan using i_ws_sold_date_sk on web_sales  (cost=0.42..271.36 rows=395 width=24) (actual time=0.008..0.162 rows=228 loops=91)
                                Index Cond: (ws_sold_date_sk = date_dim.d_date_sk)
                    ->  Hash  (cost=1481.00..1481.00 rows=38 width=8) (actual time=8.757..8.758 rows=38 loops=1)
                          Buckets: 1024  Batches: 1  Memory Usage: 10kB
                          ->  Seq Scan on item  (cost=0.00..1481.00 rows=38 width=8) (actual time=0.019..8.750 rows=38 loops=1)
                                Filter: (i_manufact_id = 242)
                                Rows Removed by Filter: 17962
                    SubPlan 1
                      ->  Aggregate  (cost=57.17..57.18 rows=1 width=8) (actual time=0.142..0.142 rows=1 loops=38)
                            ->  Hash Join  (cost=6.78..57.16 rows=1 width=8) (actual time=0.047..0.141 rows=3 loops=38)
                                  Hash Cond: (web_sales_1.ws_sold_date_sk = date_dim_1.d_date_sk)
                                  ->  Index Scan using pk_web_sales on web_sales web_sales_1  (cost=0.42..50.69 rows=44 width=16) (actual time=0.008..0.135 rows=51 loops=38)
                                        Index Cond: (ws_item_sk = item.i_item_sk)
                                  ->  Hash  (cost=5.25..5.25 rows=88 width=8) (actual time=0.041..0.041 rows=91 loops=1)
                                        Buckets: 1024  Batches: 1  Memory Usage: 12kB
                                        ->  Index Scan using i_d_date on date_dim date_dim_1  (cost=0.29..5.25 rows=88 width=8) (actual time=0.004..0.027 rows=91 loops=1)
                                              Index Cond: ((d_date >= '2000-01-12'::date) AND (d_date <= '2000-04-11 00:00:00'::timestamp without time zone))
 Excess Discount Amount 
------------------------
     50136.439999999995
(1 row)

UPDATE time_statistics SET e_time = TRANSACTION_TIMESTAMP() WHERE template = '../query_postgresql/query92.tpl' AND stream = 1;
psql:/tmp/s1-basline/throughput/query_1.sql:156: NOTICE:  duration: 0.027 ms  plan:
Query Text: UPDATE time_statistics SET e_time = TRANSACTION_TIMESTAMP() WHERE template = '../query_postgresql/query92.tpl' AND stream = 1;
Update on time_statistics  (cost=0.00..1.38 rows=0 width=0) (actual time=0.027..0.027 rows=0 loops=1)
  ->  Seq Scan on time_statistics  (cost=0.00..1.38 rows=1 width=14) (actual time=0.012..0.013 rows=1 loops=1)
        Filter: ((template = '../query_postgresql/query92.tpl'::text) AND (stream = 1))
        Rows Removed by Filter: 41
UPDATE 1
LOAD 'auto_explain'; SET auto_explain.log_min_duration TO 0; SET auto_explain.log_analyze TO on; SET auto_explain.log_level TO notice; INSERT INTO time_statistics (template, s_time, stream, query, seed) VALUES ('query66.tpl', TRANSACTION_TIMESTAMP(), 1, 5, 291421418);
LOAD
SET
SET
SET
psql:/tmp/s1-basline/throughput/query_1.sql:157: NOTICE:  duration: 0.024 ms  plan:
Query Text: INSERT INTO time_statistics (template, s_time, stream, query, seed) VALUES ('query66.tpl', TRANSACTION_TIMESTAMP(), 1, 5, 291421418);
Insert on time_statistics  (cost=0.00..0.01 rows=0 width=0) (actual time=0.024..0.024 rows=0 loops=1)
  ->  Result  (cost=0.00..0.01 rows=1 width=64) (actual time=0.002..0.002 rows=1 loops=1)
INSERT 0 1
select   
         w_warehouse_name
 	,w_warehouse_sq_ft
 	,w_city
 	,w_county
 	,w_state
 	,w_country
        ,ship_carriers
        ,year
 	,sum(jan_sales) as jan_sales
 	,sum(feb_sales) as feb_sales
 	,sum(mar_sales) as mar_sales
 	,sum(apr_sales) as apr_sales
 	,sum(may_sales) as may_sales
 	,sum(jun_sales) as jun_sales
 	,sum(jul_sales) as jul_sales
 	,sum(aug_sales) as aug_sales
 	,sum(sep_sales) as sep_sales
 	,sum(oct_sales) as oct_sales
 	,sum(nov_sales) as nov_sales
 	,sum(dec_sales) as dec_sales
 	,sum(jan_sales/w_warehouse_sq_ft) as jan_sales_per_sq_foot
 	,sum(feb_sales/w_warehouse_sq_ft) as feb_sales_per_sq_foot
 	,sum(mar_sales/w_warehouse_sq_ft) as mar_sales_per_sq_foot
 	,sum(apr_sales/w_warehouse_sq_ft) as apr_sales_per_sq_foot
 	,sum(may_sales/w_warehouse_sq_ft) as may_sales_per_sq_foot
 	,sum(jun_sales/w_warehouse_sq_ft) as jun_sales_per_sq_foot
 	,sum(jul_sales/w_warehouse_sq_ft) as jul_sales_per_sq_foot
 	,sum(aug_sales/w_warehouse_sq_ft) as aug_sales_per_sq_foot
 	,sum(sep_sales/w_warehouse_sq_ft) as sep_sales_per_sq_foot
 	,sum(oct_sales/w_warehouse_sq_ft) as oct_sales_per_sq_foot
 	,sum(nov_sales/w_warehouse_sq_ft) as nov_sales_per_sq_foot
 	,sum(dec_sales/w_warehouse_sq_ft) as dec_sales_per_sq_foot
 	,sum(jan_net) as jan_net
 	,sum(feb_net) as feb_net
 	,sum(mar_net) as mar_net
 	,sum(apr_net) as apr_net
 	,sum(may_net) as may_net
 	,sum(jun_net) as jun_net
 	,sum(jul_net) as jul_net
 	,sum(aug_net) as aug_net
 	,sum(sep_net) as sep_net
 	,sum(oct_net) as oct_net
 	,sum(nov_net) as nov_net
 	,sum(dec_net) as dec_net
 from (
     select 
 	w_warehouse_name
 	,w_warehouse_sq_ft
 	,w_city
 	,w_county
 	,w_state
 	,w_country
 	,'BARIAN' || ',' || 'DHL' as ship_carriers
       ,d_year as year
 	,sum(case when d_moy = 1 
 		then ws_ext_sales_price* ws_quantity else 0 end) as jan_sales
 	,sum(case when d_moy = 2 
 		then ws_ext_sales_price* ws_quantity else 0 end) as feb_sales
 	,sum(case when d_moy = 3 
 		then ws_ext_sales_price* ws_quantity else 0 end) as mar_sales
 	,sum(case when d_moy = 4 
 		then ws_ext_sales_price* ws_quantity else 0 end) as apr_sales
 	,sum(case when d_moy = 5 
 		then ws_ext_sales_price* ws_quantity else 0 end) as may_sales
 	,sum(case when d_moy = 6 
 		then ws_ext_sales_price* ws_quantity else 0 end) as jun_sales
 	,sum(case when d_moy = 7 
 		then ws_ext_sales_price* ws_quantity else 0 end) as jul_sales
 	,sum(case when d_moy = 8 
 		then ws_ext_sales_price* ws_quantity else 0 end) as aug_sales
 	,sum(case when d_moy = 9 
 		then ws_ext_sales_price* ws_quantity else 0 end) as sep_sales
 	,sum(case when d_moy = 10 
 		then ws_ext_sales_price* ws_quantity else 0 end) as oct_sales
 	,sum(case when d_moy = 11
 		then ws_ext_sales_price* ws_quantity else 0 end) as nov_sales
 	,sum(case when d_moy = 12
 		then ws_ext_sales_price* ws_quantity else 0 end) as dec_sales
 	,sum(case when d_moy = 1 
 		then ws_net_paid_inc_ship * ws_quantity else 0 end) as jan_net
 	,sum(case when d_moy = 2
 		then ws_net_paid_inc_ship * ws_quantity else 0 end) as feb_net
 	,sum(case when d_moy = 3 
 		then ws_net_paid_inc_ship * ws_quantity else 0 end) as mar_net
 	,sum(case when d_moy = 4 
 		then ws_net_paid_inc_ship * ws_quantity else 0 end) as apr_net
 	,sum(case when d_moy = 5 
 		then ws_net_paid_inc_ship * ws_quantity else 0 end) as may_net
 	,sum(case when d_moy = 6 
 		then ws_net_paid_inc_ship * ws_quantity else 0 end) as jun_net
 	,sum(case when d_moy = 7 
 		then ws_net_paid_inc_ship * ws_quantity else 0 end) as jul_net
 	,sum(case when d_moy = 8 
 		then ws_net_paid_inc_ship * ws_quantity else 0 end) as aug_net
 	,sum(case when d_moy = 9 
 		then ws_net_paid_inc_ship * ws_quantity else 0 end) as sep_net
 	,sum(case when d_moy = 10 
 		then ws_net_paid_inc_ship * ws_quantity else 0 end) as oct_net
 	,sum(case when d_moy = 11
 		then ws_net_paid_inc_ship * ws_quantity else 0 end) as nov_net
 	,sum(case when d_moy = 12
 		then ws_net_paid_inc_ship * ws_quantity else 0 end) as dec_net
     from
          web_sales
         ,warehouse
         ,date_dim
         ,time_dim
 	  ,ship_mode
     where
            ws_warehouse_sk =  w_warehouse_sk
        and ws_sold_date_sk = d_date_sk
        and ws_sold_time_sk = t_time_sk
 	and ws_ship_mode_sk = sm_ship_mode_sk
        and d_year = 2001
 	and t_time between 50273 and 50273+28800 
 	and sm_carrier in ('BARIAN','DHL')
     group by 
        w_warehouse_name
 	,w_warehouse_sq_ft
 	,w_city
 	,w_county
 	,w_state
 	,w_country
       ,d_year
 union all
     select 
 	w_warehouse_name
 	,w_warehouse_sq_ft
 	,w_city
 	,w_county
 	,w_state
 	,w_country
 	,'BARIAN' || ',' || 'DHL' as ship_carriers
       ,d_year as year
 	,sum(case when d_moy = 1 
 		then cs_ext_list_price* cs_quantity else 0 end) as jan_sales
 	,sum(case when d_moy = 2 
 		then cs_ext_list_price* cs_quantity else 0 end) as feb_sales
 	,sum(case when d_moy = 3 
 		then cs_ext_list_price* cs_quantity else 0 end) as mar_sales
 	,sum(case when d_moy = 4 
 		then cs_ext_list_price* cs_quantity else 0 end) as apr_sales
 	,sum(case when d_moy = 5 
 		then cs_ext_list_price* cs_quantity else 0 end) as may_sales
 	,sum(case when d_moy = 6 
 		then cs_ext_list_price* cs_quantity else 0 end) as jun_sales
 	,sum(case when d_moy = 7 
 		then cs_ext_list_price* cs_quantity else 0 end) as jul_sales
 	,sum(case when d_moy = 8 
 		then cs_ext_list_price* cs_quantity else 0 end) as aug_sales
 	,sum(case when d_moy = 9 
 		then cs_ext_list_price* cs_quantity else 0 end) as sep_sales
 	,sum(case when d_moy = 10 
 		then cs_ext_list_price* cs_quantity else 0 end) as oct_sales
 	,sum(case when d_moy = 11
 		then cs_ext_list_price* cs_quantity else 0 end) as nov_sales
 	,sum(case when d_moy = 12
 		then cs_ext_list_price* cs_quantity else 0 end) as dec_sales
 	,sum(case when d_moy = 1 
 		then cs_net_paid_inc_ship_tax * cs_quantity else 0 end) as jan_net
 	,sum(case when d_moy = 2 
 		then cs_net_paid_inc_ship_tax * cs_quantity else 0 end) as feb_net
 	,sum(case when d_moy = 3 
 		then cs_net_paid_inc_ship_tax * cs_quantity else 0 end) as mar_net
 	,sum(case when d_moy = 4 
 		then cs_net_paid_inc_ship_tax * cs_quantity else 0 end) as apr_net
 	,sum(case when d_moy = 5 
 		then cs_net_paid_inc_ship_tax * cs_quantity else 0 end) as may_net
 	,sum(case when d_moy = 6 
 		then cs_net_paid_inc_ship_tax * cs_quantity else 0 end) as jun_net
 	,sum(case when d_moy = 7 
 		then cs_net_paid_inc_ship_tax * cs_quantity else 0 end) as jul_net
 	,sum(case when d_moy = 8 
 		then cs_net_paid_inc_ship_tax * cs_quantity else 0 end) as aug_net
 	,sum(case when d_moy = 9 
 		then cs_net_paid_inc_ship_tax * cs_quantity else 0 end) as sep_net
 	,sum(case when d_moy = 10 
 		then cs_net_paid_inc_ship_tax * cs_quantity else 0 end) as oct_net
 	,sum(case when d_moy = 11
 		then cs_net_paid_inc_ship_tax * cs_quantity else 0 end) as nov_net
 	,sum(case when d_moy = 12
 		then cs_net_paid_inc_ship_tax * cs_quantity else 0 end) as dec_net
     from
          catalog_sales
         ,warehouse
         ,date_dim
         ,time_dim
 	 ,ship_mode
     where
            cs_warehouse_sk =  w_warehouse_sk
        and cs_sold_date_sk = d_date_sk
        and cs_sold_time_sk = t_time_sk
 	and cs_ship_mode_sk = sm_ship_mode_sk
        and d_year = 2001
 	and t_time between 50273 AND 50273+28800 
 	and sm_carrier in ('BARIAN','DHL')
     group by 
        w_warehouse_name
 	,w_warehouse_sq_ft
 	,w_city
 	,w_county
 	,w_state
 	,w_country
       ,d_year
 ) x
 group by 
        w_warehouse_name
 	,w_warehouse_sq_ft
 	,w_city
 	,w_county
 	,w_state
 	,w_country
 	,ship_carriers
       ,year
 order by w_warehouse_name
 limit 100;
psql:/tmp/s1-basline/throughput/query_1.sql:374: NOTICE:  duration: 463.325 ms  plan:
Query Text: select   
         w_warehouse_name
 	,w_warehouse_sq_ft
 	,w_city
 	,w_county
 	,w_state
 	,w_country
        ,ship_carriers
        ,year
 	,sum(jan_sales) as jan_sales
 	,sum(feb_sales) as feb_sales
 	,sum(mar_sales) as mar_sales
 	,sum(apr_sales) as apr_sales
 	,sum(may_sales) as may_sales
 	,sum(jun_sales) as jun_sales
 	,sum(jul_sales) as jul_sales
 	,sum(aug_sales) as aug_sales
 	,sum(sep_sales) as sep_sales
 	,sum(oct_sales) as oct_sales
 	,sum(nov_sales) as nov_sales
 	,sum(dec_sales) as dec_sales
 	,sum(jan_sales/w_warehouse_sq_ft) as jan_sales_per_sq_foot
 	,sum(feb_sales/w_warehouse_sq_ft) as feb_sales_per_sq_foot
 	,sum(mar_sales/w_warehouse_sq_ft) as mar_sales_per_sq_foot
 	,sum(apr_sales/w_warehouse_sq_ft) as apr_sales_per_sq_foot
 	,sum(may_sales/w_warehouse_sq_ft) as may_sales_per_sq_foot
 	,sum(jun_sales/w_warehouse_sq_ft) as jun_sales_per_sq_foot
 	,sum(jul_sales/w_warehouse_sq_ft) as jul_sales_per_sq_foot
 	,sum(aug_sales/w_warehouse_sq_ft) as aug_sales_per_sq_foot
 	,sum(sep_sales/w_warehouse_sq_ft) as sep_sales_per_sq_foot
 	,sum(oct_sales/w_warehouse_sq_ft) as oct_sales_per_sq_foot
 	,sum(nov_sales/w_warehouse_sq_ft) as nov_sales_per_sq_foot
 	,sum(dec_sales/w_warehouse_sq_ft) as dec_sales_per_sq_foot
 	,sum(jan_net) as jan_net
 	,sum(feb_net) as feb_net
 	,sum(mar_net) as mar_net
 	,sum(apr_net) as apr_net
 	,sum(may_net) as may_net
 	,sum(jun_net) as jun_net
 	,sum(jul_net) as jul_net
 	,sum(aug_net) as aug_net
 	,sum(sep_net) as sep_net
 	,sum(oct_net) as oct_net
 	,sum(nov_net) as nov_net
 	,sum(dec_net) as dec_net
 from (
     select 
 	w_warehouse_name
 	,w_warehouse_sq_ft
 	,w_city
 	,w_county
 	,w_state
 	,w_country
 	,'BARIAN' || ',' || 'DHL' as ship_carriers
       ,d_year as year
 	,sum(case when d_moy = 1 
 		then ws_ext_sales_price* ws_quantity else 0 end) as jan_sales
 	,sum(case when d_moy = 2 
 		then ws_ext_sales_price* ws_quantity else 0 end) as feb_sales
 	,sum(case when d_moy = 3 
 		then ws_ext_sales_price* ws_quantity else 0 end) as mar_sales
 	,sum(case when d_moy = 4 
 		then ws_ext_sales_price* ws_quantity else 0 end) as apr_sales
 	,sum(case when d_moy = 5 
 		then ws_ext_sales_price* ws_quantity else 0 end) as may_sales
 	,sum(case when d_moy = 6 
 		then ws_ext_sales_price* ws_quantity else 0 end) as jun_sales
 	,sum(case when d_moy = 7 
 		then ws_ext_sales_price* ws_quantity else 0 end) as jul_sales
 	,sum(case when d_moy = 8 
 		then ws_ext_sales_price* ws_quantity else 0 end) as aug_sales
 	,sum(case when d_moy = 9 
 		then ws_ext_sales_price* ws_quantity else 0 end) as sep_sales
 	,sum(case when d_moy = 10 
 		then ws_ext_sales_price* ws_quantity else 0 end) as oct_sales
 	,sum(case when d_moy = 11
 		then ws_ext_sales_price* ws_quantity else 0 end) as nov_sales
 	,sum(case when d_moy = 12
 		then ws_ext_sales_price* ws_quantity else 0 end) as dec_sales
 	,sum(case when d_moy = 1 
 		then ws_net_paid_inc_ship * ws_quantity else 0 end) as jan_net
 	,sum(case when d_moy = 2
 		then ws_net_paid_inc_ship * ws_quantity else 0 end) as feb_net
 	,sum(case when d_moy = 3 
 		then ws_net_paid_inc_ship * ws_quantity else 0 end) as mar_net
 	,sum(case when d_moy = 4 
 		then ws_net_paid_inc_ship * ws_quantity else 0 end) as apr_net
 	,sum(case when d_moy = 5 
 		then ws_net_paid_inc_ship * ws_quantity else 0 end) as may_net
 	,sum(case when d_moy = 6 
 		then ws_net_paid_inc_ship * ws_quantity else 0 end) as jun_net
 	,sum(case when d_moy = 7 
 		then ws_net_paid_inc_ship * ws_quantity else 0 end) as jul_net
 	,sum(case when d_moy = 8 
 		then ws_net_paid_inc_ship * ws_quantity else 0 end) as aug_net
 	,sum(case when d_moy = 9 
 		then ws_net_paid_inc_ship * ws_quantity else 0 end) as sep_net
 	,sum(case when d_moy = 10 
 		then ws_net_paid_inc_ship * ws_quantity else 0 end) as oct_net
 	,sum(case when d_moy = 11
 		then ws_net_paid_inc_ship * ws_quantity else 0 end) as nov_net
 	,sum(case when d_moy = 12
 		then ws_net_paid_inc_ship * ws_quantity else 0 end) as dec_net
     from
          web_sales
         ,warehouse
         ,date_dim
         ,time_dim
 	  ,ship_mode
     where
            ws_warehouse_sk =  w_warehouse_sk
        and ws_sold_date_sk = d_date_sk
        and ws_sold_time_sk = t_time_sk
 	and ws_ship_mode_sk = sm_ship_mode_sk
        and d_year = 2001
 	and t_time between 50273 and 50273+28800 
 	and sm_carrier in ('BARIAN','DHL')
     group by 
        w_warehouse_name
 	,w_warehouse_sq_ft
 	,w_city
 	,w_county
 	,w_state
 	,w_country
       ,d_year
 union all
     select 
 	w_warehouse_name
 	,w_warehouse_sq_ft
 	,w_city
 	,w_county
 	,w_state
 	,w_country
 	,'BARIAN' || ',' || 'DHL' as ship_carriers
       ,d_year as year
 	,sum(case when d_moy = 1 
 		then cs_ext_list_price* cs_quantity else 0 end) as jan_sales
 	,sum(case when d_moy = 2 
 		then cs_ext_list_price* cs_quantity else 0 end) as feb_sales
 	,sum(case when d_moy = 3 
 		then cs_ext_list_price* cs_quantity else 0 end) as mar_sales
 	,sum(case when d_moy = 4 
 		then cs_ext_list_price* cs_quantity else 0 end) as apr_sales
 	,sum(case when d_moy = 5 
 		then cs_ext_list_price* cs_quantity else 0 end) as may_sales
 	,sum(case when d_moy = 6 
 		then cs_ext_list_price* cs_quantity else 0 end) as jun_sales
 	,sum(case when d_moy = 7 
 		then cs_ext_list_price* cs_quantity else 0 end) as jul_sales
 	,sum(case when d_moy = 8 
 		then cs_ext_list_price* cs_quantity else 0 end) as aug_sales
 	,sum(case when d_moy = 9 
 		then cs_ext_list_price* cs_quantity else 0 end) as sep_sales
 	,sum(case when d_moy = 10 
 		then cs_ext_list_price* cs_quantity else 0 end) as oct_sales
 	,sum(case when d_moy = 11
 		then cs_ext_list_price* cs_quantity else 0 end) as nov_sales
 	,sum(case when d_moy = 12
 		then cs_ext_list_price* cs_quantity else 0 end) as dec_sales
 	,sum(case when d_moy = 1 
 		then cs_net_paid_inc_ship_tax * cs_quantity else 0 end) as jan_net
 	,sum(case when d_moy = 2 
 		then cs_net_paid_inc_ship_tax * cs_quantity else 0 end) as feb_net
 	,sum(case when d_moy = 3 
 		then cs_net_paid_inc_ship_tax * cs_quantity else 0 end) as mar_net
 	,sum(case when d_moy = 4 
 		then cs_net_paid_inc_ship_tax * cs_quantity else 0 end) as apr_net
 	,sum(case when d_moy = 5 
 		then cs_net_paid_inc_ship_tax * cs_quantity else 0 end) as may_net
 	,sum(case when d_moy = 6 
 		then cs_net_paid_inc_ship_tax * cs_quantity else 0 end) as jun_net
 	,sum(case when d_moy = 7 
 		then cs_net_paid_inc_ship_tax * cs_quantity else 0 end) as jul_net
 	,sum(case when d_moy = 8 
 		then cs_net_paid_inc_ship_tax * cs_quantity else 0 end) as aug_net
 	,sum(case when d_moy = 9 
 		then cs_net_paid_inc_ship_tax * cs_quantity else 0 end) as sep_net
 	,sum(case when d_moy = 10 
 		then cs_net_paid_inc_ship_tax * cs_quantity else 0 end) as oct_net
 	,sum(case when d_moy = 11
 		then cs_net_paid_inc_ship_tax * cs_quantity else 0 end) as nov_net
 	,sum(case when d_moy = 12
 		then cs_net_paid_inc_ship_tax * cs_quantity else 0 end) as dec_net
     from
          catalog_sales
         ,warehouse
         ,date_dim
         ,time_dim
 	 ,ship_mode
     where
            cs_warehouse_sk =  w_warehouse_sk
        and cs_sold_date_sk = d_date_sk
        and cs_sold_time_sk = t_time_sk
 	and cs_ship_mode_sk = sm_ship_mode_sk
        and d_year = 2001
 	and t_time between 50273 AND 50273+28800 
 	and sm_carrier in ('BARIAN','DHL')
     group by 
        w_warehouse_name
 	,w_warehouse_sq_ft
 	,w_city
 	,w_county
 	,w_state
 	,w_country
       ,d_year
 ) x
 group by 
        w_warehouse_name
 	,w_warehouse_sq_ft
 	,w_city
 	,w_county
 	,w_state
 	,w_country
 	,ship_carriers
       ,year
 order by w_warehouse_name
 limit 100;
Limit  (cost=54602.23..54690.43 rows=100 width=384) (actual time=463.130..463.291 rows=5 loops=1)
  ->  GroupAggregate  (cost=54602.23..54778.63 rows=200 width=384) (actual time=463.130..463.289 rows=5 loops=1)
        Group Key: warehouse.w_warehouse_name, warehouse.w_warehouse_sq_ft, warehouse.w_city, warehouse.w_county, warehouse.w_state, warehouse.w_country, ('BARIAN,DHL'::text), date_dim.d_year
        ->  Incremental Sort  (cost=54602.23..54717.13 rows=350 width=288) (actual time=463.117..463.264 rows=10 loops=1)
              Sort Key: warehouse.w_warehouse_name, warehouse.w_warehouse_sq_ft, warehouse.w_city, warehouse.w_county, warehouse.w_state, warehouse.w_country, ('BARIAN,DHL'::text), date_dim.d_year
              Presorted Key: warehouse.w_warehouse_name, warehouse.w_warehouse_sq_ft, warehouse.w_city, warehouse.w_county, warehouse.w_state, warehouse.w_country
              Full-sort Groups: 1  Sort Method: quicksort  Average Memory: 28kB  Peak Memory: 28kB
              ->  Merge Append  (cost=54601.70..54704.66 rows=350 width=288) (actual time=452.695..463.243 rows=10 loops=1)
                    Sort Key: warehouse.w_warehouse_name, warehouse.w_warehouse_sq_ft, warehouse.w_city, warehouse.w_county, warehouse.w_state, warehouse.w_country
                    ->  Finalize GroupAggregate  (cost=32972.99..33006.30 rows=118 width=288) (actual time=142.464..144.116 rows=5 loops=1)
                          Group Key: warehouse.w_warehouse_name, warehouse.w_warehouse_sq_ft, warehouse.w_city, warehouse.w_county, warehouse.w_state, warehouse.w_country, date_dim.d_year
                          ->  Gather Merge  (cost=32972.99..32997.53 rows=98 width=256) (actual time=141.986..144.087 rows=15 loops=1)
                                Workers Planned: 2
                                Workers Launched: 2
                                ->  Partial GroupAggregate  (cost=31972.96..31986.19 rows=49 width=256) (actual time=135.605..137.165 rows=5 loops=3)
                                      Group Key: warehouse.w_warehouse_name, warehouse.w_warehouse_sq_ft, warehouse.w_city, warehouse.w_county, warehouse.w_state, warehouse.w_country, date_dim.d_year
                                      ->  Sort  (cost=31972.96..31973.09 rows=49 width=88) (actual time=135.212..135.353 rows=2143 loops=3)
                                            Sort Key: warehouse.w_warehouse_name, warehouse.w_warehouse_sq_ft, warehouse.w_city, warehouse.w_county, warehouse.w_state, warehouse.w_country
                                            Sort Method: quicksort  Memory: 439kB
                                            Worker 0:  Sort Method: quicksort  Memory: 315kB
                                            Worker 1:  Sort Method: quicksort  Memory: 314kB
                                            ->  Hash Join  (cost=2.98..31971.59 rows=49 width=88) (actual time=0.399..133.400 rows=2143 loops=3)
                                                  Hash Cond: (web_sales.ws_warehouse_sk = warehouse.w_warehouse_sk)
                                                  ->  Nested Loop  (cost=1.87..31970.24 rows=49 width=36) (actual time=0.343..132.797 rows=2143 loops=3)
                                                        ->  Nested Loop  (cost=1.58..31922.92 rows=149 width=44) (actual time=0.274..118.098 rows=4749 loops=3)
                                                              ->  Hash Join  (cost=1.27..30599.75 rows=29976 width=44) (actual time=0.059..106.095 rows=23873 loops=3)
                                                                    Hash Cond: (web_sales.ws_ship_mode_sk = ship_mode.sm_ship_mode_sk)
                                                                    ->  Parallel Seq Scan on web_sales  (cost=0.00..29644.81 rows=299781 width=52) (actual time=0.017..58.142 rows=239825 loops=3)
                                                                    ->  Hash  (cost=1.25..1.25 rows=2 width=8) (actual time=0.030..0.031 rows=2 loops=3)
                                                                          Buckets: 1024  Batches: 1  Memory Usage: 9kB
                                                                          ->  Seq Scan on ship_mode  (cost=0.00..1.25 rows=2 width=8) (actual time=0.026..0.028 rows=2 loops=3)
                                                                                Filter: (sm_carrier = ANY ('{BARIAN,DHL}'::bpchar[]))
                                                                                Rows Removed by Filter: 18
                                                              ->  Memoize  (cost=0.30..0.32 rows=1 width=16) (actual time=0.000..0.000 rows=0 loops=71620)
                                                                    Cache Key: web_sales.ws_sold_date_sk
                                                                    Cache Mode: logical
                                                                    Hits: 27146  Misses: 1821  Evictions: 0  Overflows: 0  Memory Usage: 146kB
                                                                    Worker 0:  Hits: 19535  Misses: 1801  Evictions: 0  Overflows: 0  Memory Usage: 144kB
                                                                    Worker 1:  Hits: 19512  Misses: 1805  Evictions: 0  Overflows: 0  Memory Usage: 144kB
                                                                    ->  Index Scan using pk_date_dim on date_dim  (cost=0.29..0.31 rows=1 width=16) (actual time=0.002..0.002 rows=0 loops=5427)
                                                                          Index Cond: (d_date_sk = web_sales.ws_sold_date_sk)
                                                                          Filter: (d_year = 2001)
                                                                          Rows Removed by Filter: 1
                                                        ->  Index Scan using pk_time_dim on time_dim  (cost=0.29..0.32 rows=1 width=8) (actual time=0.003..0.003 rows=0 loops=14247)
                                                              Index Cond: (t_time_sk = web_sales.ws_sold_time_sk)
                                                              Filter: ((t_time >= 50273) AND (t_time <= 79073))
                                                              Rows Removed by Filter: 1
                                                  ->  Hash  (cost=1.05..1.05 rows=5 width=68) (actual time=0.028..0.029 rows=5 loops=3)
                                                        Buckets: 1024  Batches: 1  Memory Usage: 9kB
                                                        ->  Seq Scan on warehouse  (cost=0.00..1.05 rows=5 width=68) (actual time=0.023..0.024 rows=5 loops=3)
                    ->  GroupAggregate  (cost=21628.70..21691.34 rows=232 width=288) (actual time=310.229..319.121 rows=5 loops=1)
                          Group Key: warehouse_1.w_warehouse_name, warehouse_1.w_warehouse_sq_ft, warehouse_1.w_city, warehouse_1.w_county, warehouse_1.w_state, warehouse_1.w_country, date_dim_1.d_year
                          ->  Sort  (cost=21628.70..21629.28 rows=232 width=88) (actual time=308.097..308.705 rows=12947 loops=1)
                                Sort Key: warehouse_1.w_warehouse_name, warehouse_1.w_warehouse_sq_ft, warehouse_1.w_city, warehouse_1.w_county, warehouse_1.w_state, warehouse_1.w_country
                                Sort Method: quicksort  Memory: 2145kB
                                ->  Nested Loop  (cost=0.72..21619.59 rows=232 width=88) (actual time=5.080..298.138 rows=12947 loops=1)
                                      Join Filter: (catalog_sales.cs_warehouse_sk = warehouse_1.w_warehouse_sk)
                                      Rows Removed by Join Filter: 25679
                                      ->  Nested Loop  (cost=0.72..21603.35 rows=233 width=36) (actual time=5.067..291.249 rows=12953 loops=1)
                                            ->  Nested Loop  (cost=0.43..21379.75 rows=707 width=44) (actual time=5.026..238.612 rows=28464 loops=1)
                                                  Join Filter: (catalog_sales.cs_ship_mode_sk = ship_mode_1.sm_ship_mode_sk)
                                                  Rows Removed by Join Filter: 526902
                                                  ->  Nested Loop  (cost=0.43..21168.73 rows=7110 width=52) (actual time=4.995..151.055 rows=284723 loops=1)
                                                        ->  Seq Scan on date_dim date_dim_1  (cost=0.00..2318.11 rows=363 width=16) (actual time=4.952..9.731 rows=365 loops=1)
                                                              Filter: (d_year = 2001)
                                                              Rows Removed by Filter: 72684
                                                        ->  Index Scan using i_cs_sold_date_sk on catalog_sales  (cost=0.43..44.11 rows=782 width=52) (actual time=0.004..0.185 rows=780 loops=365)
                                                              Index Cond: (cs_sold_date_sk = date_dim_1.d_date_sk)
                                                  ->  Materialize  (cost=0.00..1.26 rows=2 width=8) (actual time=0.000..0.000 rows=2 loops=284723)
                                                        ->  Seq Scan on ship_mode ship_mode_1  (cost=0.00..1.25 rows=2 width=8) (actual time=0.007..0.010 rows=2 loops=1)
                                                              Filter: (sm_carrier = ANY ('{BARIAN,DHL}'::bpchar[]))
                                                              Rows Removed by Filter: 18
                                            ->  Index Scan using pk_time_dim on time_dim time_dim_1  (cost=0.29..0.32 rows=1 width=8) (actual time=0.002..0.002 rows=0 loops=28464)
                                                  Index Cond: (t_time_sk = catalog_sales.cs_sold_time_sk)
                                                  Filter: ((t_time >= 50273) AND (t_time <= 79073))
                                                  Rows Removed by Filter: 1
                                      ->  Materialize  (cost=0.00..1.07 rows=5 width=68) (actual time=0.000..0.000 rows=3 loops=12953)
                                            ->  Seq Scan on warehouse warehouse_1  (cost=0.00..1.05 rows=5 width=68) (actual time=0.005..0.007 rows=5 loops=1)
  w_warehouse_name   | w_warehouse_sq_ft |  w_city  |     w_county      | w_state |   w_country   | ship_carriers | year |     jan_sales      |     feb_sales      |     mar_sales      |     apr_sales      |     may_sales     |     jun_sales     |     jul_sales      |     aug_sales      |     sep_sales      |     oct_sales      |     nov_sales      |     dec_sales      | jan_sales_per_sq_foot | feb_sales_per_sq_foot | mar_sales_per_sq_foot | apr_sales_per_sq_foot | may_sales_per_sq_foot | jun_sales_per_sq_foot | jul_sales_per_sq_foot | aug_sales_per_sq_foot | sep_sales_per_sq_foot | oct_sales_per_sq_foot | nov_sales_per_sq_foot | dec_sales_per_sq_foot |      jan_net       |      feb_net       |      mar_net      |      apr_net       |      may_net       |      jun_net       |      jul_net       |      aug_net       |      sep_net      |      oct_net       |      nov_net       |      dec_net       
---------------------+-------------------+----------+-------------------+---------+---------------+---------------+------+--------------------+--------------------+--------------------+--------------------+-------------------+-------------------+--------------------+--------------------+--------------------+--------------------+--------------------+--------------------+-----------------------+-----------------------+-----------------------+-----------------------+-----------------------+-----------------------+-----------------------+-----------------------+-----------------------+-----------------------+-----------------------+-----------------------+--------------------+--------------------+-------------------+--------------------+--------------------+--------------------+--------------------+--------------------+-------------------+--------------------+--------------------+--------------------
 Neither dea         |            230810 | Midway   | Williamson County | TN      | United States | BARIAN,DHL    | 2001 |  54454598.57999998 |  47321637.19000001 |  65014136.50000001 |        57736294.94 | 56540838.04000001 | 52288555.62999999 | 43516647.669999994 | 125942563.16000003 | 103917538.13999997 |        116936912.3 | 177626867.77999982 |  183913245.9899999 |    235.92824652311418 |    205.02420688011787 |     281.6781616914345 |    250.14641887266583 |    244.96702066634896 |    226.54371833975992 |     188.5388313764568 |     545.6547080282485 |     450.2297913435292 |    506.63711407651317 |     769.5804678306824 |     796.8166283523238 |  44927888.52000002 |         43290043.5 | 50605052.01999999 |  53365322.92999999 | 44559387.019999996 | 42532550.449999996 |  37216658.70000002 | 105293937.45999993 |       95267477.28 | 105115675.40000004 | 145936250.77000004 | 163923243.42000002
 Parties use         |            115988 | Midway   | Williamson County | TN      | United States | BARIAN,DHL    | 2001 |  49183199.88999999 |  44358447.24000001 | 52867785.269999996 | 52193873.640000015 | 60711679.69999999 | 54259918.69000001 |        49296184.86 |       139739129.26 |       136985845.73 | 107240314.34999998 | 179538067.15999994 | 198522002.71999997 |      424.036968393282 |    382.43996999689625 |    455.80392169879644 |     449.9937376280306 |     523.4306971410834 |    467.80631349794817 |    425.01107752526127 |    1204.7722976514813 |    1181.0346391868125 |     924.5811148567092 |    1547.9020860778696 |    1711.5736345139148 |        45919367.22 |        40368431.96 | 47034931.03000001 |  42527420.07000001 |  53129198.60000002 |        43927626.91 |  39151730.12000002 | 119394044.97000003 |       120989188.4 |  92389240.16000006 | 156801299.86999995 | 168288799.62999997
 Persons make more e |            551529 | Midway   | Williamson County | TN      | United States | BARIAN,DHL    | 2001 |        56755576.22 |           33931397 |        49423377.64 |  57889519.48999998 | 55011559.43999999 | 53319561.38999998 |  53487918.65999999 | 122024490.49000005 |  96684025.22000001 | 132325829.70999998 | 189031810.38000005 | 207509399.20000014 |    102.90587842162425 |     61.52241677228215 |     89.61156646341352 |    104.96187777977221 |     99.74372959536124 |     96.67589807607575 |     96.98115359301141 |     221.2476415383417 |    175.30179776584734 |    239.92542497312016 |    342.74137965546703 |     376.2438587998095 | 45377228.359999985 | 32385660.590000004 |       43715813.53 |  54350451.19999999 | 45536560.739999995 |  47495273.31999999 |        42536391.58 |  97862415.88999999 | 86773875.80999999 | 114687815.08000004 |       156758061.02 | 167713263.52000004
 Single, simple r    |            685286 | Midway   | Williamson County | TN      | United States | BARIAN,DHL    | 2001 |        51486748.12 |        38460972.72 |  50843913.30000001 |        64597117.56 |       68019830.45 | 48495810.90000001 |  62272428.29999997 | 105062050.55999997 | 111876018.06999998 | 123134409.42000005 | 169878046.72000006 |       189205402.56 |     75.13176705784154 |     56.12397264791633 |     74.19371371952734 |     94.26300487679597 |     99.25758070353108 |     70.76725761215027 |      90.8707142711218 |     153.3112460490948 |    163.25449238712008 |    179.68324089504242 |    247.89364837454735 |    276.09699097894895 | 43292347.260000005 | 33927096.489999995 |       44373842.34 |        55172850.64 | 58371960.209999986 |  39047657.68999998 |  51379441.45999999 |  92138429.28999998 | 96023498.05999991 |  99795956.16999997 | 147945653.42999992 | 170003669.97000006
 Total, dea          |            947902 | Fairview | Williamson County | TN      | United States | BARIAN,DHL    | 2001 | 44043477.419999994 | 48219905.030000016 |  64268906.40999999 |  52602074.07000001 | 60182469.11000003 | 55430562.49000001 |  68066006.55999997 | 137548792.96999997 | 112071016.63999993 | 124745702.01999995 | 184286571.68000007 | 186145980.24000007 |     46.46416762492324 |     50.87013745091794 |     67.80121406010325 |    55.493156539389105 |    63.490180535540624 |    58.477102580224546 |     71.80700806623467 |    145.10866415515522 |    118.23059413314871 |     131.6018976856257 |    194.41521558135761 |    196.37681979782724 |        43045863.94 |        46400267.36 | 55315091.79000002 | 45756474.650000006 |  52819745.15999998 |        46999686.55 | 57890666.210000016 | 114285485.76000004 | 97111682.25000003 |       108426106.07 |       165897589.68 |       158383485.06
(5 rows)

UPDATE time_statistics SET e_time = TRANSACTION_TIMESTAMP() WHERE template = 'query66.tpl' AND stream = 1;
psql:/tmp/s1-basline/throughput/query_1.sql:376: NOTICE:  duration: 0.036 ms  plan:
Query Text: UPDATE time_statistics SET e_time = TRANSACTION_TIMESTAMP() WHERE template = 'query66.tpl' AND stream = 1;
Update on time_statistics  (cost=0.00..1.38 rows=0 width=0) (actual time=0.035..0.036 rows=0 loops=1)
  ->  Seq Scan on time_statistics  (cost=0.00..1.38 rows=1 width=14) (actual time=0.014..0.014 rows=1 loops=1)
        Filter: ((template = 'query66.tpl'::text) AND (stream = 1))
        Rows Removed by Filter: 42
UPDATE 1
LOAD 'auto_explain'; SET auto_explain.log_min_duration TO 0; SET auto_explain.log_analyze TO on; SET auto_explain.log_level TO notice; INSERT INTO time_statistics (template, s_time, stream, query, seed) VALUES ('query84.tpl', TRANSACTION_TIMESTAMP(), 1, 6, 1591854666);
LOAD
SET
SET
SET
psql:/tmp/s1-basline/throughput/query_1.sql:377: NOTICE:  duration: 0.008 ms  plan:
Query Text: INSERT INTO time_statistics (template, s_time, stream, query, seed) VALUES ('query84.tpl', TRANSACTION_TIMESTAMP(), 1, 6, 1591854666);
Insert on time_statistics  (cost=0.00..0.01 rows=0 width=0) (actual time=0.008..0.008 rows=0 loops=1)
  ->  Result  (cost=0.00..0.01 rows=1 width=64) (actual time=0.001..0.001 rows=1 loops=1)
INSERT 0 1
select  c_customer_id as customer_id
       , coalesce(c_last_name,'') || ', ' || coalesce(c_first_name,'') as customername
 from customer
     ,customer_address
     ,customer_demographics
     ,household_demographics
     ,income_band
     ,store_returns
 where ca_city	        =  'Macedonia'
   and c_current_addr_sk = ca_address_sk
   and ib_lower_bound   >=  63495
   and ib_upper_bound   <=  63495 + 50000
   and ib_income_band_sk = hd_income_band_sk
   and cd_demo_sk = c_current_cdemo_sk
   and hd_demo_sk = c_current_hdemo_sk
   and sr_cdemo_sk = cd_demo_sk
 order by c_customer_id
 limit 100;
psql:/tmp/s1-basline/throughput/query_1.sql:395: NOTICE:  duration: 90.283 ms  plan:
Query Text: select  c_customer_id as customer_id
       , coalesce(c_last_name,'') || ', ' || coalesce(c_first_name,'') as customername
 from customer
     ,customer_address
     ,customer_demographics
     ,household_demographics
     ,income_band
     ,store_returns
 where ca_city	        =  'Macedonia'
   and c_current_addr_sk = ca_address_sk
   and ib_lower_bound   >=  63495
   and ib_upper_bound   <=  63495 + 50000
   and ib_income_band_sk = hd_income_band_sk
   and cd_demo_sk = c_current_cdemo_sk
   and hd_demo_sk = c_current_hdemo_sk
   and sr_cdemo_sk = cd_demo_sk
 order by c_customer_id
 limit 100;
Limit  (cost=17181.42..17181.54 rows=45 width=49) (actual time=90.265..90.272 rows=21 loops=1)
  ->  Sort  (cost=17181.42..17181.54 rows=45 width=49) (actual time=90.264..90.269 rows=21 loops=1)
        Sort Key: customer.c_customer_id
        Sort Method: quicksort  Memory: 26kB
        ->  Nested Loop  (cost=6212.98..17180.19 rows=45 width=49) (actual time=31.485..90.239 rows=21 loops=1)
              Join Filter: (household_demographics.hd_income_band_sk = income_band.ib_income_band_sk)
              Rows Removed by Join Filter: 475
              ->  Nested Loop  (cost=6212.98..17165.42 rows=113 width=77) (actual time=28.349..90.130 rows=131 loops=1)
                    ->  Nested Loop  (cost=6212.70..17130.22 rows=117 width=77) (actual time=28.339..89.713 rows=132 loops=1)
                          Join Filter: (customer.c_current_cdemo_sk = customer_demographics.cd_demo_sk)
                          ->  Hash Join  (cost=6212.27..16692.10 rows=921 width=93) (actual time=28.318..88.691 rows=132 loops=1)
                                Hash Cond: (store_returns.sr_cdemo_sk = customer.c_current_cdemo_sk)
                                ->  Seq Scan on store_returns  (cost=0.00..9393.72 rows=287172 width=8) (actual time=0.012..25.845 rows=287172 loops=1)
                                ->  Hash  (cost=6201.77..6201.77 rows=840 width=85) (actual time=28.297..28.300 rows=772 loops=1)
                                      Buckets: 1024  Batches: 1  Memory Usage: 98kB
                                      ->  Hash Join  (cost=1778.25..6201.77 rows=840 width=85) (actual time=6.802..28.114 rows=797 loops=1)
                                            Hash Cond: (customer.c_current_addr_sk = customer_address.ca_address_sk)
                                            ->  Seq Scan on customer  (cost=0.00..4161.00 rows=100000 width=93) (actual time=0.003..8.222 rows=100000 loops=1)
                                            ->  Hash  (cost=1773.00..1773.00 rows=420 width=8) (actual time=6.777..6.778 rows=420 loops=1)
                                                  Buckets: 1024  Batches: 1  Memory Usage: 25kB
                                                  ->  Seq Scan on customer_address  (cost=0.00..1773.00 rows=420 width=8) (actual time=0.018..6.724 rows=420 loops=1)
                                                        Filter: ((ca_city)::text = 'Macedonia'::text)
                                                        Rows Removed by Filter: 49580
                          ->  Index Only Scan using pk_customer_demographics on customer_demographics  (cost=0.43..0.46 rows=1 width=8) (actual time=0.007..0.007 rows=1 loops=132)
                                Index Cond: (cd_demo_sk = store_returns.sr_cdemo_sk)
                                Heap Fetches: 0
                    ->  Index Scan using pk_household_demographics on household_demographics  (cost=0.28..0.30 rows=1 width=16) (actual time=0.003..0.003 rows=1 loops=132)
                          Index Cond: (hd_demo_sk = customer.c_current_hdemo_sk)
              ->  Materialize  (cost=0.00..1.34 rows=8 width=8) (actual time=0.000..0.000 rows=4 loops=131)
                    ->  Seq Scan on income_band  (cost=0.00..1.30 rows=8 width=8) (actual time=0.007..0.009 rows=4 loops=1)
                          Filter: ((ib_lower_bound >= 63495) AND (ib_upper_bound <= 113495))
                          Rows Removed by Filter: 16
   customer_id    |    customername    
------------------+--------------------
 AAAAAAAACGBOAAAA | Thompson, Adelaida
 AAAAAAAACJOKAAAA | French, Eddie
 AAAAAAAACJOKAAAA | French, Eddie
 AAAAAAAACJOKAAAA | French, Eddie
 AAAAAAAAEEAAAAAA | Atkinson, Kristen
 AAAAAAAAEKMCAAAA | Richardson, Sharon
 AAAAAAAAGKCHBAAA | King, James
 AAAAAAAAIFPFAAAA | Smith, Cynthia
 AAAAAAAAJKIDBAAA | Hamlin, Maureen
 AAAAAAAAKFOIAAAA | Wilcox, Mildred
 AAAAAAAAKIGEAAAA | Nichols, Bryant
 AAAAAAAAKOLGAAAA | Hall, Clifford
 AAAAAAAAOACHBAAA | Vinson, Regina
 AAAAAAAAOACHBAAA | Vinson, Regina
 AAAAAAAAOBJNAAAA | Hurst, Ivan
 AAAAAAAAOMCKAAAA | Gonzalez, Debra
 AAAAAAAAOMCKAAAA | Gonzalez, Debra
 AAAAAAAAPFBGAAAA | Johnson, Terrance
 AAAAAAAAPGDIAAAA | White, Steven
 AAAAAAAAPGDIAAAA | White, Steven
 AAAAAAAAPJAGAAAA | Stevens, Michale
(21 rows)

UPDATE time_statistics SET e_time = TRANSACTION_TIMESTAMP() WHERE template = 'query84.tpl' AND stream = 1;
psql:/tmp/s1-basline/throughput/query_1.sql:397: NOTICE:  duration: 0.041 ms  plan:
Query Text: UPDATE time_statistics SET e_time = TRANSACTION_TIMESTAMP() WHERE template = 'query84.tpl' AND stream = 1;
Update on time_statistics  (cost=0.00..1.38 rows=0 width=0) (actual time=0.040..0.040 rows=0 loops=1)
  ->  Seq Scan on time_statistics  (cost=0.00..1.38 rows=1 width=14) (actual time=0.013..0.014 rows=1 loops=1)
        Filter: ((template = 'query84.tpl'::text) AND (stream = 1))
        Rows Removed by Filter: 43
UPDATE 1
LOAD 'auto_explain'; SET auto_explain.log_min_duration TO 0; SET auto_explain.log_analyze TO on; SET auto_explain.log_level TO notice; INSERT INTO time_statistics (template, s_time, stream, query, seed) VALUES ('../query_postgresql/query98.tpl', TRANSACTION_TIMESTAMP(), 1, 7, 1016115265);
LOAD
SET
SET
SET
psql:/tmp/s1-basline/throughput/query_1.sql:398: NOTICE:  duration: 0.009 ms  plan:
Query Text: INSERT INTO time_statistics (template, s_time, stream, query, seed) VALUES ('../query_postgresql/query98.tpl', TRANSACTION_TIMESTAMP(), 1, 7, 1016115265);
Insert on time_statistics  (cost=0.00..0.01 rows=0 width=0) (actual time=0.008..0.008 rows=0 loops=1)
  ->  Result  (cost=0.00..0.01 rows=1 width=64) (actual time=0.001..0.001 rows=1 loops=1)
INSERT 0 1
select i_item_id
      ,i_item_desc 
      ,i_category 
      ,i_class 
      ,i_current_price
      ,sum(ss_ext_sales_price) as itemrevenue 
      ,sum(ss_ext_sales_price)*100/sum(sum(ss_ext_sales_price)) over
          (partition by i_class) as revenueratio
from	
	store_sales
    	,item 
    	,date_dim
where 
	ss_item_sk = i_item_sk 
  	and i_category in ('Books', 'Women', 'Jewelry')
  	and ss_sold_date_sk = d_date_sk
	and d_date between cast('2001-04-15' as date) 
				and (cast('2001-04-15' as date) + interval '30 days')
group by 
	i_item_id
        ,i_item_desc 
        ,i_category
        ,i_class
        ,i_current_price
order by 
	i_category
        ,i_class
        ,i_item_id
        ,i_item_desc
        ,revenueratio;
psql:/tmp/s1-basline/throughput/query_1.sql:428: NOTICE:  duration: 112.748 ms  plan:
Query Text: select i_item_id
      ,i_item_desc 
      ,i_category 
      ,i_class 
      ,i_current_price
      ,sum(ss_ext_sales_price) as itemrevenue 
      ,sum(ss_ext_sales_price)*100/sum(sum(ss_ext_sales_price)) over
          (partition by i_class) as revenueratio
from	
	store_sales
    	,item 
    	,date_dim
where 
	ss_item_sk = i_item_sk 
  	and i_category in ('Books', 'Women', 'Jewelry')
  	and ss_sold_date_sk = d_date_sk
	and d_date between cast('2001-04-15' as date) 
				and (cast('2001-04-15' as date) + interval '30 days')
group by 
	i_item_id
        ,i_item_desc 
        ,i_category
        ,i_class
        ,i_current_price
order by 
	i_category
        ,i_class
        ,i_item_id
        ,i_item_desc
        ,revenueratio;
Sort  (cost=39743.99..39744.85 rows=344 width=245) (actual time=110.714..110.827 rows=2657 loops=1)
  Sort Key: item.i_category, item.i_class, item.i_item_id, item.i_item_desc, ((((sum(store_sales.ss_ext_sales_price)) * '100'::double precision) / sum((sum(store_sales.ss_ext_sales_price))) OVER (?)))
  Sort Method: quicksort  Memory: 844kB
  ->  WindowAgg  (cost=39721.76..39729.50 rows=344 width=245) (actual time=100.977..102.425 rows=2657 loops=1)
        ->  Sort  (cost=39721.76..39722.62 rows=344 width=237) (actual time=100.945..101.061 rows=2657 loops=1)
              Sort Key: item.i_class
              Sort Method: quicksort  Memory: 823kB
              ->  GroupAggregate  (cost=39697.80..39707.26 rows=344 width=237) (actual time=95.426..99.120 rows=2657 loops=1)
                    Group Key: item.i_item_id, item.i_item_desc, item.i_category, item.i_class, item.i_current_price
                    ->  Sort  (cost=39697.80..39698.66 rows=344 width=237) (actual time=95.416..95.787 rows=8276 loops=1)
                          Sort Key: item.i_item_id, item.i_item_desc, item.i_category, item.i_class, item.i_current_price
                          Sort Method: quicksort  Memory: 2649kB
                          ->  Nested Loop  (cost=1.01..39683.31 rows=344 width=237) (actual time=0.053..71.345 rows=8276 loops=1)
                                ->  Nested Loop  (cost=0.72..39334.17 rows=1129 width=16) (actual time=0.019..18.577 rows=26750 loops=1)
                                      ->  Index Scan using i_d_date on date_dim  (cost=0.29..3.09 rows=30 width=8) (actual time=0.008..0.022 rows=31 loops=1)
                                            Index Cond: ((d_date >= '2001-04-15'::date) AND (d_date <= '2001-05-15 00:00:00'::timestamp without time zone))
                                      ->  Index Scan using i_ss_sold_date_sk on store_sales  (cost=0.43..1295.96 rows=1508 width=24) (actual time=0.006..0.472 rows=863 loops=31)
                                            Index Cond: (ss_sold_date_sk = date_dim.d_date_sk)
                                ->  Index Scan using pk_item on item  (cost=0.29..0.31 rows=1 width=237) (actual time=0.002..0.002 rows=0 loops=26750)
                                      Index Cond: (i_item_sk = store_sales.ss_item_sk)
                                      Filter: (i_category = ANY ('{Books,Women,Jewelry}'::bpchar[]))
                                      Rows Removed by Filter: 1
    i_item_id     |                                                                                               i_item_desc                                                                                                |                     i_category                     |                      i_class                       | i_current_price |    itemrevenue     |      revenueratio      
------------------+----------------------------------------------------------------------------------------------------------------------------------------------------------------------------------------------------------+----------------------------------------------------+----------------------------------------------------+-----------------+--------------------+------------------------
 AAAAAAAAAAABAAAA | Democratic governments drop fingers. Parts will not produce far international years. Years might n                                                                                                       | Books                                              | arts                                               |            1.78 |            8405.15 |     1.9220068787181337
 AAAAAAAAAAPCAAAA | Final magazines used to see especially soon main men. Old men make necessary, curious m                                                                                                                  | Books                                              | arts                                               |            4.19 |             1315.2 |    0.30074697618603946
 AAAAAAAAADEDAAAA | Beautiful, representative conditions will detect wide likely, medical fingers; times strengthen. Societies give in a injuries. New vegetables could not know further dogs. Big lads will                 | Books                                              | arts                                               |            6.53 |            9750.05 |     2.2295453582441405
 AAAAAAAAAEADAAAA | Resources might not discover vaguely lightly various systems. Valid houses can find. Young, enormous patients think only                                                                                 | Books                                              | arts                                               |            7.64 |             1283.5 |     0.2934981325538181
 AAAAAAAAAFIBAAAA | Narrow positions should not state ever to a workers; young systems would no                                                                                                                              | Books                                              | arts                                               |            3.28 |            1161.42 |     0.2655820811146517
 AAAAAAAAAGBAAAAA | Now male measures come most convenient responsibil                                                                                                                                                       | Books                                              | arts                                               |            5.33 |            2039.83 |     0.4664482241739422
 AAAAAAAAAIFBAAAA | Literary, expected charges would understand european parts. Now various couples should define lips. Areas shall no                                                                                       | Books                                              | arts                                               |            8.28 | 17241.489999999998 |     3.9426140377447054
 AAAAAAAAALDDAAAA | Refugees mean. Flexible, new employees should look.                                                                                                                                                      | Books                                              | arts                                               |            1.74 | 10993.630000000001 |      2.513914978564575
 AAAAAAAAANBCAAAA | Back, dif                                                                                                                                                                                                | Books                                              | arts                                               |            4.33 |            6412.22 |     1.4662832843975409
 AAAAAAAABGLBAAAA | Successes take also times. Communications recognise on a colours. Long, like times greet more un                                                                                                         | Books                                              | arts                                               |            1.65 |             927.05 |    0.21198865896690075
 AAAAAAAABMFBAAAA | Separate eyes will find far from; parents would acquire at the words. At last solid characteristics cut additionally rational methods. Popular years keep personally in a friends. Cold, local           | Books                                              | arts                                               |            5.64 |             232.68 |    0.05320696960079658
 AAAAAAAABNACAAAA | Tory drug                                                                                                                                                                                                | Books                                              | arts                                               |            9.85 | 1324.0800000000002 |      0.302777567083646
 AAAAAAAABPMAAAAA | Social needs may support criminal, foreign patterns. Adequ                                                                                                                                               | Books                                              | arts                                               |            0.69 |            2874.99 |     0.6574243834132463
 AAAAAAAACCHDAAAA | Low, due years may forget. Workers seek close fingers. Things should not sense more often only systems. As strong cities used to appear substantially; massive, national priorities may get original, la | Books                                              | arts                                               |            8.61 | 10702.660000000002 |     2.4473788261460445
 AAAAAAAACFADAAAA | Words signify for a options. Days could ride low representatives. Possibly ex                                                                                                                            | Books                                              | arts                                               |            6.62 | 7528.1900000000005 |      1.721472307370727
 AAAAAAAACJGCAAAA | Joint, radical individuals bring but royal, faint minutes. Payments can wash members.                                                                                                                    | Books                                              | arts                                               |            3.71 |            10605.2 |     2.4250926337045207
 AAAAAAAACOGDAAAA | Practices shall pay also small, collective coins. Light chemicals get more discussions. Notes help special, democratic authorities. Managers involve to a specialists. Power                             | Books                                              | arts                                               |             7.3 |            9090.38 |     2.0786985229486383
 AAAAAAAADBNCAAAA | Light, other masters ascertain there as working groups. Clearly independent activities should listen then firms. Organizations would stay beforehand clear, intense stories. Elections m                 | Books                                              | arts                                               |            17.8 |              37.24 |   0.008515676241764074
 AAAAAAAADDGBAAAA | Parts sue now into a standards. Military, large inches will receive for a cars. Fair words woul                                                                                                          | Books                                              | arts                                               |            7.91 |            7729.74 |     1.7675607753225946
 AAAAAAAADNECAAAA | Old children could curb to the guidelines. Young, new subjects contain able problems. Other, emotional children mig                                                                                      | Books                                              | arts                                               |            0.73 |               1.44 | 0.00032928501042267093
 AAAAAAAADPPBAAAA | Children will remove. Real hands might need wide for the performances. Simple, willing conditions want on a images. Real, young goods help however twin hou                                              | Books                                              | arts                                               |            8.24 |           12403.34 |      2.836273570261063
 AAAAAAAAEFGBAAAA | Reliable, thorough cases look instead for the teachers. Systematically glad memories could not become however. Good, pe                                                                                  | Books                                              | arts                                               |            4.32 |            5297.83 |     1.2114555602552353
 AAAAAAAAEOCDAAAA | Gastric boots should move either attractive, medical signals. Now only solicitors see also securities. Solar, top tables touch both vast, international characters. Brief scientists o                   | Books                                              | arts                                               |            7.33 |            6802.45 |     1.5555172355206235
 AAAAAAAAEODCAAAA | Still convenient details believe similarly close activities. Years shall win easily arms; regularly specific patients could welcome n                                                                    | Books                                              | arts                                               |            4.92 |  6345.280000000001 |     1.4509761048158096
 AAAAAAAAFAEEAAAA | New, wild grounds end here very normal years. Numbers give digital brothers. Eventually big goods grow so in                                                                                             | Books                                              | arts                                               |            2.39 |            5526.49 |     1.2637432758686018
 AAAAAAAAFDACAAAA | New objects discharge then hard journals;                                                                                                                                                                | Books                                              | arts                                               |            3.69 |  8883.699999999999 |       2.03143697714714
 AAAAAAAAFFJAAAAA | About rough dishes would reflect perhaps ideological capitalist bonds. English, central amou                                                                                                             | Books                                              | arts                                               |            9.93 |            5460.25 |     1.2485961653891589
 AAAAAAAAGCADAAAA | Small,                                                                                                                                                                                                   | Books                                              | arts                                               |            3.85 |           13222.55 |     3.0236024406696442
 AAAAAAAAGDBAAAAA | Over public days suppose really. British, future pounds must not forget also illegal activ                                                                                                               | Books                                              | arts                                               |            3.06 |           11459.53 |     2.6204523996450764
 AAAAAAAAGECEAAAA | Rather sophisticated musicians throw huge students;                                                                                                                                                      | Books                                              | arts                                               |            3.05 |            8151.08 |     1.8639086546916837
 AAAAAAAAGEOBAAAA | Bad, personal funds take with a judges. Fast overseas men start payments. Suitable, easy girls                                                                                                           | Books                                              | arts                                               |            8.47 |  9860.669999999998 |      2.254840849808693
 AAAAAAAAGFGDAAAA | Friends might shake. Well double books could not tell soon police. Current, christian requests can                                                                                                       | Books                                              | arts                                               |             4.9 |            5151.29 |      1.177946237041806
 AAAAAAAAGHABAAAA | New, individual findings may enable alone visit                                                                                                                                                          | Books                                              | arts                                               |            5.89 | 7686.0599999999995 |     1.7575724633397736
 AAAAAAAAGHAEAAAA | Effective feelings could not look only matters. Procedures see new, severe individ                                                                                                                       | Books                                              | arts                                               |            9.31 |            5999.13 |     1.3718219337339985
 AAAAAAAAGMPBAAAA | Other jobs ough                                                                                                                                                                                          | Books                                              | arts                                               |            9.15 |             216.89 |    0.04959626799345354
 AAAAAAAAGNAAAAAA | Lucky rules get other conflicts. Aware streets must walk individual, important walls. Soon following groups put with a books; new, available circumstance                                                | Books                                              | arts                                               |            5.25 |            7264.92 |       1.66127031799991
 AAAAAAAAGPIAAAAA | Keen studies like hot women. Hitherto important women praise subsequently absolute, local benefits. Supreme, sec                                                                                         | Books                                              | arts                                               |            2.33 |              462.8 |     0.1058285436275084
 AAAAAAAAHHBEAAAA | As open dollars can marry most. Desirable services speak anything but natural, similar authorities. Angry evenings cannot record bar                                                                     | Books                                              | arts                                               |             0.4 |            6794.83 |     1.5537747690071368
 AAAAAAAAHINAAAAA | Contracts would miss much dangerous, british values. Once ag                                                                                                                                             | Books                                              | arts                                               |            5.84 |            2772.48 |     0.6339834067337824
 AAAAAAAAHLGBAAAA | Little local agencies tell brightly only holy plants. Spanish agencies speak quite into a requirements; northern conditions can make firmly. Leading memories ought to tidy worth a years. Positive, ec  | Books                                              | arts                                               |           85.09 | 7964.0599999999995 |     1.8211427639630393
 AAAAAAAAIAKBAAAA | Votes may not treat to the grounds. Perhaps left horses enter more out of a ages. Never loose words look wrong, glad games. Possibly private agencies shou                                               | Books                                              | arts                                               |            1.22 |           12812.44 |     2.9298225270415594
 AAAAAAAAIGDCAAAA | Religious senses must sell. Successful books say of course. Temporarily like groups explain almost.                                                                                                      | Books                                              | arts                                               |            9.83 |            2832.26 |     0.6476533080692458
 AAAAAAAAIJIBAAAA | Parents clarify ill complete, universal friends. Much american days allow. Happy, legal books drift.                                                                                                     | Books                                              | arts                                               |            9.84 | 3433.4800000000005 |     0.7851343733236336
 AAAAAAAAIKCDAAAA | Just smooth members might not complete to a considerations. Young, total doctors turn slightly hours. Now public limits account norma                                                                    | Books                                              | arts                                               |            3.39 |           10714.11 |      2.449997099319196
 AAAAAAAAIPADAAAA | Never labour circumstances must not live by a colours. Operations force consequently in a pupils. Finally only interests ignore clubs. Issues would not feel suddenly; small arms may                    | Books                                              | arts                                               |            4.01 |            13493.7 |     3.0856063507919407
 AAAAAAAAIPMCAAAA | Japanese, future rig                                                                                                                                                                                     | Books                                              | arts                                               |            38.9 |            3157.04 |     0.7219207981283257
 AAAAAAAAJADEAAAA | Consid                                                                                                                                                                                                   | Books                                              | arts                                               |            2.77 |             2024.4 |    0.46291984381920487
 AAAAAAAAJBCBAAAA | International persons put at the talks; at last able years must not make industries. Occasional, fierce tories may not lie after a                                                                       | Books                                              | arts                                               |            2.87 |           17897.07 |      4.092525612142549
 AAAAAAAAJEJDAAAA | Constraints can abandon all short others. Widely medical eyes pay just english, glad days; little, fair policies can regret weeks. Only royal aspira                                                     | Books                                              | arts                                               |            3.63 |            5147.41 |     1.1770589968748337
 AAAAAAAAJPOCAAAA | Versions leave ago                                                                                                                                                                                       | Books                                              | arts                                               |            2.25 |            2135.65 |     0.4883593975758175
 AAAAAAAAKDNDAAAA | Young benefits care unknown, western towns; feet could tell; both national banks start in a contr                                                                                                        | Books                                              | arts                                               |            0.44 |            2993.17 |      0.684448621282518
 AAAAAAAAKKJCAAAA | High, major materials cannot answer even reluctant women. Ridiculous, genuine funds end areas. Priorities ought to jump later offices. Applications play seldom s                                        | Books                                              | arts                                               |            3.12 |             201.18 |    0.04600385999780065
 AAAAAAAAKMKAAAAA | International difficulties cannot offset now in a miles. Sure, helpful men listen. Decisions should meet therefore odds. Camps run too articles. Very nucle                                              | Books                                              | arts                                               |            3.13 |            3083.58 |     0.7051226891938469
 AAAAAAAALBNAAAAA | Generally asian eyes sell individually films. Normal feet become on a lips. Also very weeks intend warmly. Major, scottish details get. Simple systems shall provide sure li                             | Books                                              | arts                                               |            3.87 |               45.5 |   0.010404491648771894
 AAAAAAAAMBECAAAA | However official minutes move chief, irish experts. Worried peasants obey signs; supr                                                                                                                    | Books                                              | arts                                               |            4.88 |               2886 |      0.659942041722103
 AAAAAAAAMFODAAAA | Parents last reluctant visitors. All small odds might not try so. Above comfortable others may go examples.                                                                                              | Books                                              | arts                                               |            2.25 |            5270.74 |     1.2052608859966587
 AAAAAAAAMJBBAAAA | High events improve arguments; american cards should not follow just changes; attitudes should return least comprehensive shares. Sen                                                                    | Books                                              | arts                                               |            1.92 |            6609.06 |      1.511294715961151
 AAAAAAAAMJFDAAAA | Positive, special qualifications pick therefore general successes; endless, necessary knees might not enter in the friends; extra types say then about the relationships. Future ground                  | Books                                              | arts                                               |            8.72 |            23234.4 |      5.313013643169795
 AAAAAAAAMMLCAAAA | So front comments decide difficult advantages. A                                                                                                                                                         | Books                                              | arts                                               |            0.89 | 3827.9100000000003 |      0.875328739060449
 AAAAAAAAMNFEAAAA | As free designs must use high. Great, new affairs begin again welsh, available genes. Video-taped, different hours used to see. Various, afr                                                             | Books                                              | arts                                               |            4.55 |  690.6600000000001 |    0.15793332312397357
 AAAAAAAANMNCAAAA | Mountains should break to a offices. Widespread, old details might vot                                                                                                                                   | Books                                              | arts                                               |            4.61 |            1289.61 |     0.2948953071466532
 AAAAAAAAOELCAAAA | Alternative                                                                                                                                                                                              | Books                                              | arts                                               |           76.99 |            16538.1 |      3.781769743660537
 AAAAAAAAOEOCAAAA | New, other variations ought to act patterns. Far                                                                                                                                                         | Books                                              | arts                                               |            0.22 |            4690.88 |     1.0726642150635406
 AAAAAAAAOGKBAAAA | Also different sites learn further then available resources. Injuries shall not explain distinctive trends. Towns back here                                                                              | Books                                              | arts                                               |            0.38 |            3887.63 |     0.8889849201871446
 AAAAAAAAOILBAAAA | Major organisations allow unique lives. Proper, keen minutes should help essentially spectacular facilities. Deep, short governors believe therefore other o                                             | Books                                              | arts                                               |            8.27 |              748.6 |     0.1711824713905635
 AAAAAAAAOJFAAAAA | American benefits might not change in particular big eyes. Necessary, large numbers give sometimes else alone employers. So common forces could run all successful, cool students. Sales ensure.         | Books                                              | arts                                               |            2.87 |           10238.24 |       2.34117983688181
 AAAAAAAAOLPBAAAA | Female problems may deny. National, accessible sums send other lips; now high pounds must say hands. Main reservations bother in a cities; things go forward for a views. Coun                           | Books                                              | arts                                               |            2.97 |           12070.57 |     2.7601790057344298
 AAAAAAAAOMJCAAAA | Fresh offences could not govern for exampl                                                                                                                                                               | Books                                              | arts                                               |           67.54 |           10337.17 |     2.3638021744381397
 AAAAAAAAONJCAAAA | Benefits like outer, likely problems.                                                                                                                                                                    | Books                                              | arts                                               |            0.62 |              19.38 |   0.004431627431938446
 AAAAAAAAONPCAAAA | Difficult, deaf structures might take now by a days. Slightly specific ages could continue more scottish, early boys; other, universal forms must not take hence ever partial weekends; ha               | Books                                              | arts                                               |            3.76 |            1592.16 |    0.36407945985733314
 AAAAAAAAPLMCAAAA | However objective tiles may not ring particular days; rebels might move; also special years complete necessarily early in                                                                                | Books                                              | arts                                               |            1.43 | 2059.2799999999997 |     0.4708958585161095
 AAAAAAAAPOKBAAAA | Unions can whisper in a courses. Secret, attractive clothes look books; institutions can exclude early existing, great                                                                                   | Books                                              | arts                                               |            3.51 |             509.28 |    0.11645713201948461
 AAAAAAAAPPAEAAAA | Trials act slightly; european forces need parts. Basically only questions should attack so as remaining speakers. Previous, new modules think elements. Various weeks walk. Others                       | Books                                              | arts                                               |            0.94 |             3458.7 |     0.7909014344089528
 AAAAAAAAADIDAAAA | Similar, gene                                                                                                                                                                                            | Books                                              | business                                           |            6.89 |            9831.36 |     2.6056466756401955
 AAAAAAAAAOJDAAAA | Most close thousands would wear only; useless fingers must find regularly states. Far points give now in the cells. New arts shall go whole                                                              | Books                                              | business                                           |           71.41 |            9329.04 |      2.472514694092619
 AAAAAAAABDFBAAAA | Frequent expectations allow french attacks. Proposals used to win indeed popular, large sessions. Services shall not apologise as real relations. Years create unable, p                                 | Books                                              | business                                           |            2.82 |            3376.89 |     0.8949913544517359
 AAAAAAAABNNBAAAA | Safe, new words understand slightly only interests. Able, joint inju                                                                                                                                     | Books                                              | business                                           |            8.61 |             1318.2 |     0.3493680882226778
 AAAAAAAACCLCAAAA | Well public sales may not set as english nuclear problems. Men form further in a                                                                                                                         | Books                                              | business                                           |            8.89 |              27.09 |   0.007179776596838371
 AAAAAAAACHBAAAAA | Bright, liberal applications would prefer compatible, major incomes. Capable relationships ri                                                                                                            | Books                                              | business                                           |            6.63 |           23717.52 |     6.2859540432279815
 AAAAAAAACPMDAAAA | Late, distinct men must know twice. Other forms should run future                                                                                                                                        | Books                                              | business                                           |            8.77 |             179.76 |     0.0476425485805709
 AAAAAAAADFMCAAAA | English, considerable areas merge sometimes to a children. Thick straight languages turn thoughtfully key employees; systematic                                                                          | Books                                              | business                                           |            9.06 | 14824.989999999998 |      3.929129429692243
 AAAAAAAAEECAAAAA | As french bands comply wrong national ways. Ey                                                                                                                                                           | Books                                              | business                                           |            2.88 |            4143.53 |     1.0981771769028312
 AAAAAAAAEGPBAAAA | Perhaps bright situations go then scientists. Separate, particular ties shall bring                                                                                                                      | Books                                              | business                                           |            5.19 |            4858.56 |     1.2876845840655238
 AAAAAAAAFGIDAAAA | Successful centres follow early comfortable emotions. Adequate, possible questions may soften at a qualifications. Bright incentives might go therefore behind the forms. Little feet woul               | Books                                              | business                                           |            1.13 |            4401.85 |     1.1666408125800292
 AAAAAAAAFKKAAAAA | Certain poles can                                                                                                                                                                                        | Books                                              | business                                           |            4.51 |            4336.24 |     1.1492519184302112
 AAAAAAAAFNBAAAAA | Following, widespread bombs can furnish violently into the developments; totally industrial examples deal quite even common terms. Jobs should see low numerous clouds. Miles shall i                    | Books                                              | business                                           |            3.13 |            5974.75 |     1.5835131126600244
 AAAAAAAAGAGCAAAA | Often possible things kn                                                                                                                                                                                 | Books                                              | business                                           |            3.66 |  9888.609999999999 |     2.6208198838413392
 AAAAAAAAGCGCAAAA | Years cling                                                                                                                                                                                              | Books                                              | business                                           |             0.3 |           10535.74 |     2.7923314685261684
 AAAAAAAAGHMDAAAA | Current officers draw high defence                                                                                                                                                                       | Books                                              | business                                           |            1.04 |            7437.76 |     1.9712608040199544
 AAAAAAAAGJKDAAAA | Technical jobs should not give particularly european criteria; importantly individual priorities stimulate for the friends. In                                                                           | Books                                              | business                                           |            3.12 |            6063.98 |     1.6071621147174584
 AAAAAAAAGMIDAAAA | Then detailed miles could not allow overseas administrative, different pages. Campaigns should trace women. Restrictions develop eyes. Parties talk due inches; living women would                       | Books                                              | business                                           |             0.1 |            1876.41 |     0.4973128314534326
 AAAAAAAAGNICAAAA | Cases ought to lend such as a parts. Employees go also wages. Inevitably magic refugees object. Proper aspects cast under. Light years should not make no longer also financial years. Cold sorts c      | Books                                              | business                                           |            0.55 |             9754.8 |     2.5853556569523417
 AAAAAAAAGOJAAAAA | Natural bombs experience. White, practical                                                                                                                                                               | Books                                              | business                                           |            2.07 |            3447.88 |     0.9138061326211548
 AAAAAAAAGPAEAAAA | Obvious, mathematical routes should go nevertheless in a words. Certainly visual stations form slowly social talks. As soviet centres assign labour, conservative stars. Stupid, possible yea            | Books                                              | business                                           |             2.7 |           11515.18 |     3.0519165696707744
 AAAAAAAAHEIAAAAA | Local individuals get complete, slow children. Just classical workshops shall return english, bad words. Possible sources form equally beyond the officers. Limited                                      | Books                                              | business                                           |            3.37 |            7746.06 |     2.0529708492324046
 AAAAAAAAIDFDAAAA | Monthly, possib                                                                                                                                                                                          | Books                                              | business                                           |            44.3 | 11570.109999999999 |     3.0664748985177406
 AAAAAAAAIDNCAAAA | Police could not fill existing, limited investigations. Shops shoulder e                                                                                                                                 | Books                                              | business                                           |            4.69 |             5865.6 |     1.5545846292512053
 AAAAAAAAIEEAAAAA | Villages will not keep at a details. Better main representatives think by a boats. Working, british hours should not break electoral affairs. Roman courses shall not travel about                       | Books                                              | business                                           |            8.42 | 2013.2099999999998 |     0.5335695106135465
 AAAAAAAAIGBEAAAA | So minute christians live children. Special, previous things stimulate then little parties. Occupations put digital, rich liabilities; romantic, other men suffer of course sales. Rates may l           | Books                                              | business                                           |            4.44 |             838.46 |    0.22222057901015507
 AAAAAAAAIGLAAAAA | Members will pretend black windows. Sufficiently american objects keep still fundamental days. Top hands make frequently tight effects. Full                                                             | Books                                              | business                                           |            4.96 |  6355.830000000001 |      1.684512347267746
 AAAAAAAAIJMCAAAA | Recent, prime diseases must not know                                                                                                                                                                     | Books                                              | business                                           |            1.78 |             804.04 |    0.21309810169516147
 AAAAAAAAIOJBAAAA | Still extreme calls knock there aware types. Dead gardens describe convenient, russian children; almost other police coul                                                                                | Books                                              | business                                           |            2.03 |  8766.630000000001 |       2.32345680720344
 AAAAAAAAIPJDAAAA | Absolute, ruling forms decide damages. French, mental commentators used to believe great, possible records. About national developments can calculate generally willingly running examples. Gentle       | Books                                              | business                                           |            4.53 | 3417.1499999999996 |     0.9056616315203483
 AAAAAAAAJLIDAAAA | Major lights receive corners.                                                                                                                                                                            | Books                                              | business                                           |            1.43 |           11839.95 |      3.137991728229475
 AAAAAAAAJMHAAAAA | Agreements witness still right wings. Available ro                                                                                                                                                       | Books                                              | business                                           |            6.18 |            3321.34 |     0.8802687043980494
 AAAAAAAAKFIAAAAA | Well small classes ought to know altogether. Away base objects fit final sessions. Fixed partners live too. Years                                                                                        | Books                                              | business                                           |            9.76 | 262.79999999999995 |    0.06965098891285064
 AAAAAAAAKJBAAAAA | Colourful, quiet years must want rapidly acceptable, other fin                                                                                                                                           | Books                                              | business                                           |            4.12 |            6074.05 |     1.6098310091556334
 AAAAAAAAKLPCAAAA | Fixed, annual merchants might not turn in a trees. Super, full men add even central years. Branches must i                                                                                               | Books                                              | business                                           |            1.85 |            1246.32 |     0.3303174296113547
 AAAAAAAAKMICAAAA | More accur                                                                                                                                                                                               | Books                                              | business                                           |           62.75 |            3803.06 |      1.007940981335258
 AAAAAAAAKOGBAAAA | Tonnes must extend fully women. Even great pressures make just national problems. Smooth c                                                                                                               | Books                                              | business                                           |            1.54 |            8713.17 |      2.309288078636921
 AAAAAAAALDOAAAAA | Issues could know objects. Public inhab                                                                                                                                                                  | Books                                              | business                                           |            2.11 |            4950.99 |     1.3121816955769956
 AAAAAAAALHJBAAAA | Large qualities may not adjust general, great                                                                                                                                                            | Books                                              | business                                           |           76.81 |           18820.01 |      4.987946376901591
 AAAAAAAALIBCAAAA | Available applications know early, cold profits. Different sides find most                                                                                                                               | Books                                              | business                                           |            3.96 |  7077.110000000001 |     1.8756762182078555
 AAAAAAAAMAACAAAA | Long existing bits may plan continuously by a hours. Natural cases operate over thorough, previous traders. Now pale months revive thick, universal eyes. Moving principles repeat liable, conven        | Books                                              | business                                           |            8.05 |           21260.72 |      5.634818009890495
 AAAAAAAAMGLAAAAA | Lines get in a areas. Deep scenes might hear all but by the efforts. Average defences eat completely. Public seconds know outstanding tasks. Political, friendly classes g                               | Books                                              | business                                           |            1.73 |            3392.85 |     0.8992213003537493
 AAAAAAAAMNADAAAA | Just small cats would speak only available, particular wives. So poor members may open also specific difficult plans. Systems say; roman, poor applications search then officials. Pleasan               | Books                                              | business                                           |            4.96 |            6220.52 |     1.6486505690721678
 AAAAAAAAMNECAAAA | Difficult, clear rules used to fo                                                                                                                                                                        | Books                                              | business                                           |           77.15 |            4303.99 |     1.1407045653387369
 AAAAAAAAMOEBAAAA | Years coul                                                                                                                                                                                               | Books                                              | business                                           |            4.78 |  8972.890000000001 |     2.3781227622002605
 AAAAAAAANAMAAAAA | Familiar aspirations can get direct subjects. Benefits c                                                                                                                                                 | Books                                              | business                                           |           67.19 |            10446.3 |      2.768626809285813
 AAAAAAAANBIAAAAA | Maybe red days may eat coldly only financial efforts. Absolute, domestic players explode very substantial students. Considerable ba                                                                      | Books                                              | business                                           |            5.24 |            9332.99 |     2.4735615791999463
 AAAAAAAANHEEAAAA | Different, moral teachers run normally glasses. Late attacks can establish active doors. Exciting, mediterranean seats give                                                                              | Books                                              | business                                           |            0.31 |            1632.24 |      0.432599429768308
 AAAAAAAANHIDAAAA | Royal times make shallow variables; human, polish gardens shift as new secrets. Nece                                                                                                                     | Books                                              | business                                           |            3.43 |              77.38 |   0.020508346735450468
 AAAAAAAANKCAAAAA | Lads would not try actuall                                                                                                                                                                               | Books                                              | business                                           |            3.72 |            7619.74 |      2.019491728534264
 AAAAAAAANPOBAAAA | Areas would say more bad offenders. New images ought to hear. Anything but minor interests can bear unfortunately across a organizations;                                                                | Books                                              | business                                           |            4.38 |            2745.13 |     0.7275533454883322
 AAAAAAAAOKPBAAAA | Only years see popular, narrow sums; public enterprises will like more actually automatic sciences. Increasingly basic losses can visit perfectly full                                                   | Books                                              | business                                           |            0.81 | 17987.420000000002 |      4.767281548671188
 AAAAAAAAOPLAAAAA | Perfect clothes might leave however in the services. Massive, clear officials ought to lead pp                                                                                                           | Books                                              | business                                           |            0.97 |            9786.31 |       2.59370688473257
 AAAAAAAAPCMCAAAA | Reliable, legal books continue however duties. Strong things strike curiously holy classes. Lucky, industrial lawyers post so yet only books. Avail                                                      | Books                                              | business                                           |            7.18 |            1096.92 |      0.290721319475967
 AAAAAAAAPJBDAAAA | Important glasses see extra workers. Slight, urban foreigners should not carry. Medical ways might tackle areas. Long, future signs take. Goods devise. Transactions touch just new, central pr          | Books                                              | business                                           |            5.54 |            4487.34 |     1.1892985867130563
 AAAAAAAAPJFCAAAA | Other, other dishes contain for the miles. Seconds can replace for a families. Men restore. Discussions involve; refugees affect richly old police. Poor, teenage areas take as. Appropriate, e          | Books                                              | business                                           |             4.7 |            7621.02 |      2.019830972315879
 AAAAAAAAAFCDAAAA | Thoughts ought to rush key states. Books                                                                                                                                                                 | Books                                              | computers                                          |            7.86 |  6135.320000000001 |     2.6309177822112506
 AAAAAAAAAOBEAAAA | Brief, rough meanings fall in the millions; no french d                                                                                                                                                  | Books                                              | computers                                          |            4.85 |             506.55 |    0.21721628253768485
 AAAAAAAABDECAAAA | Clean, royal children ought to get somehow early, gene                                                                                                                                                   | Books                                              | computers                                          |            5.88 |             6512.1 |      2.792486730853139
 AAAAAAAABMPAAAAA | Flat, similar teachers visit duties. Discussions ought to show anyway to the studies. About c                                                                                                            | Books                                              | computers                                          |            3.58 |            9143.16 |     3.9207249547868104
 AAAAAAAACFBAAAAA | Assets take too; substantial,                                                                                                                                                                            | Books                                              | computers                                          |            0.19 | 2392.4700000000003 |      1.025927232223739
 AAAAAAAACNPCAAAA | Interesting others cannot eat so perhaps lengthy towns. Serious m                                                                                                                                        | Books                                              | computers                                          |            8.06 |             3631.2 |     1.5571133454759476
 AAAAAAAADEGAAAAA | Just serious odds bother. Other partners may mean particular costs; areas find; violent, old pupil                                                                                                       | Books                                              | computers                                          |             1.2 |            3597.65 |       1.54272659929267
 AAAAAAAADIMCAAAA | Sides clear itali                                                                                                                                                                                        | Books                                              | computers                                          |             6.2 | 3331.6800000000003 |     1.4286746504889032
 AAAAAAAADJHAAAAA | Mathematical suggestions shall see japa                                                                                                                                                                  | Books                                              | computers                                          |            7.06 |  9306.749999999998 |      3.990874814939489
 AAAAAAAAEDNDAAAA | Contemporary, other divisions go just complete types. Questions investigate full moves. Regular                                                                                                          | Books                                              | computers                                          |            6.41 |             728.16 |     0.3122459940630552
 AAAAAAAAEOMBAAAA | Forms deliver at the clothes. Goods derive for exam                                                                                                                                                      | Books                                              | computers                                          |            5.28 |            8668.05 |     3.7169906185979253
 AAAAAAAAFCAAAAAA | P                                                                                                                                                                                                        | Books                                              | computers                                          |            4.21 |            1266.33 |     0.5430214096652778
 AAAAAAAAFGACAAAA | Languages might not face for a others; true limitations must not follow more intact economies. Please bitter profits date on a                                                                           | Books                                              | computers                                          |            6.63 |             462.08 |    0.19814687559967115
 AAAAAAAAFHEDAAAA | Then dangerous references would settle always well small men. Rather                                                                                                                                     | Books                                              | computers                                          |            0.91 |            2487.12 |     1.0665145802489917
 AAAAAAAAFIPDAAAA | Normal pol                                                                                                                                                                                               | Books                                              | computers                                          |            3.03 |             331.31 |    0.14207072661644532
 AAAAAAAAGGCCAAAA | Supreme owners feel soon finall                                                                                                                                                                          | Books                                              | computers                                          |            6.81 |             844.41 |     0.3620957479767969
 AAAAAAAAGHJBAAAA | As old events thin                                                                                                                                                                                       | Books                                              | computers                                          |            4.88 |             144.72 |   0.062058119452874844
 AAAAAAAAGNIBAAAA | Otherwise private times ought to expect yesterday profe                                                                                                                                                  | Books                                              | computers                                          |             5.9 |            5334.72 |      2.287608423214763
 AAAAAAAAGPCAAAAA | Subsequently educational doctors will not form upstairs by the problems. Married lines may ask areas. Very revolutionary aims wear initial activities. Other, naked minutes reca                         | Books                                              | computers                                          |            5.11 |            5604.43 |      2.403264140445518
 AAAAAAAAHEOAAAAA | Honest, important eyes permit additional, other eyes. Simple matters dry natural, labour notions. Rarely new copies will distinguish well sites. Partly real others used t                               | Books                                              | computers                                          |            2.44 | 3472.5199999999995 |     1.4890689674025492
 AAAAAAAAHIJBAAAA | Eyes could learn days. Earlier cultural parents c                                                                                                                                                        | Books                                              | computers                                          |            2.81 |            9157.26 |     3.9267712475195737
 AAAAAAAAIJADAAAA | As different debts can return more. Principles should find. Democratic, social times can let more typical hundreds. Good doctors share then american, willin                                             | Books                                              | computers                                          |            9.19 | 6704.4400000000005 |     2.8749650247694323
 AAAAAAAAINBBAAAA | Quick local letters must go together fe                                                                                                                                                                  | Books                                              | computers                                          |            3.41 |           10877.97 |      4.664637656611311
 AAAAAAAAIPBEAAAA | Either final days would offer efficiently small, single changes. Performances escape working, common bodies. Specific, current houses would not stay so talks. Cats will not protect as n                | Books                                              | computers                                          |            0.95 |           12148.84 |      5.209605886773521
 AAAAAAAAJJHAAAAA | Lawyers determine in a agents; fairly european circumstances will produce even green european days. Young camps say overnight. Similar houses could take extreme, wron                                   | Books                                              | computers                                          |            1.94 |            1847.07 |      0.792051483539397
 AAAAAAAAJOBBAAAA | Skilled, b                                                                                                                                                                                               | Books                                              | computers                                          |            8.08 | 1028.3400000000001 |     0.4409677070078035
 AAAAAAAAKEMCAAAA | Workers tell both beyond a books. Just due times s                                                                                                                                                       | Books                                              | computers                                          |            5.14 |             343.83 |    0.14743949151106936
 AAAAAAAAKGKDAAAA | Practical, soft times ought to happen large, important levels. Available, disabled measures see; scots will not pay crudely major, future sh                                                             | Books                                              | computers                                          |            8.21 |            9846.44 |      4.222302029474606
 AAAAAAAAKGNCAAAA | Sorry, previous reasons seek there in a relatives. Rates see usually at the prizes. Never suitable concentrations hold in p                                                                              | Books                                              | computers                                          |            5.49 |             568.38 |      0.243729919393484
 AAAAAAAAKIABAAAA | Only living nurses work already mature, original suggestions. Clear cars would involve electric moments. Ideas used to say new, growing                                                                  | Books                                              | computers                                          |            4.54 |             749.84 |     0.3215427051585384
 AAAAAAAAKKCDAAAA | Probably primary plans survive; theoretical, dependent reports                                                                                                                                           | Books                                              | computers                                          |            0.94 |            4336.87 |     1.8597152882227013
 AAAAAAAALPBEAAAA | Profits may try just conscious groups; american, inland reasons could assess also. Also environmental descri                                                                                             | Books                                              | computers                                          |            1.25 |            5451.09 |     2.3375096349389963
 AAAAAAAAMEOBAAAA | Distinct, different weeks answer more at an                                                                                                                                                              | Books                                              | computers                                          |            1.03 |            2048.33 |     0.8783548080355661
 AAAAAAAAMGHDAAAA | Valid costs ought to attend as flowers. Crucial, warm children make. Public names bring almost little thanks. Daily, important fears pinpoint very countries. Obligations might see much econom          | Books                                              | computers                                          |            0.56 |            5672.57 |     2.4324836005030006
 AAAAAAAAMJHDAAAA | Regular, regional advantages shall clarify. Obvious drugs bring most most unacceptable sugge                                                                                                             | Books                                              | computers                                          |            6.81 |             5011.3 |     2.1489210476381406
 AAAAAAAANCDEAAAA | Effective, narrow years will characterize anyway o                                                                                                                                                       | Books                                              | computers                                          |             4.8 |            6230.28 |      2.671638062913606
 AAAAAAAANIABAAAA | Real, english workers should imagine pri                                                                                                                                                                 | Books                                              | computers                                          |            7.28 |             858.87 |    0.36829641414103526
 AAAAAAAANKDCAAAA | Key feet can satisfy sanctions. Broad thoughts dare otherwise young women. Large countries provide however for a st                                                                                      | Books                                              | computers                                          |            3.29 |           12475.28 |      5.349588283914183
 AAAAAAAANLKAAAAA | General, european times shall not                                                                                                                                                                        | Books                                              | computers                                          |           60.74 |            3610.96 |     1.5484341281063636
 AAAAAAAANMJAAAAA | Soldiers make by a differences. Directions would not dare of course for the services. Political, political interviews will outline on a forms. General techniques change powerfully with a parents.      | Books                                              | computers                                          |            4.62 |            8807.34 |     3.7767202721260555
 AAAAAAAAODDDAAAA | Criteria engage simple members. Churches outweigh about communist, real days. International drugs include original l                                                                                     | Books                                              | computers                                          |            7.56 |           11049.37 |       4.73813656259682
 AAAAAAAAOFKDAAAA | Annual, alone members ought to empty tomorrow different, brief banks. Parties used to feel wonderful,                                                                                                    | Books                                              | computers                                          |            2.55 |  9946.079999999998 |      4.265029164786134
 AAAAAAAAOKCDAAAA | Years exceed top proposals. Major i                                                                                                                                                                      | Books                                              | computers                                          |             2.5 |           16565.46 |      7.103519178218768
 AAAAAAAAOKGBAAAA | Royal, strong years acknowledge long, social patterns. Long barriers see back, old a                                                                                                                     | Books                                              | computers                                          |            7.48 |            1071.29 |     0.4593853150129235
 AAAAAAAAOOKAAAAA | Extreme centres may prevent yesterday simple targets. Possible men may escape ahead prices. Surely significant miles may perform indeed. Long little marke                                               | Books                                              | computers                                          |            3.61 |            4371.28 |     1.8744708153811689
 AAAAAAAAPBOBAAAA | United influences expect underway. Creative, expensive purposes hope long gaps. Yellow feet must not provide. Keen, available councils feel equivalent men. And so on european profits should n          | Books                                              | computers                                          |            3.55 |             956.34 |    0.41009302071284087
 AAAAAAAAPMHAAAAA | Most extensive changes eliminate soon young, other discussions. Expensive, interesting eyes may not pack. Appointments would not devote as; secondary days shall make so                                 | Books                                              | computers                                          |            1.58 |  7564.900000000001 |     3.2439432548994813
 AAAAAAAAACAAAAAA | Existing pictures will give only animals. Easier full tracks will lead then definitely liberal decisions. Police                                                                                         | Books                                              | cooking                                            |            2.29 |             420.51 |    0.14583747266652852
 AAAAAAAAACGAAAAA | Clearly spiritual weeks think sort of common officers. Large, forward cases would not both                                                                                                               | Books                                              | cooking                                            |           27.51 |  753.3900000000001 |     0.2612839017674632
 AAAAAAAAADFAAAAA | Soon smooth players must fall nowhere used, old magistrates. National, grey men land complex, a                                                                                                          | Books                                              | cooking                                            |            4.22 |  5688.900000000001 |     1.9729728145647287
 AAAAAAAAAFCEAAAA | Ancient, financial poets enjoy orange reports. Vital times want rather economies. Possible, likely                                                                                                       | Books                                              | cooking                                            |            2.83 |            4718.49 |     1.6364240003859318
 AAAAAAAAAGLCAAAA | Ordinary visitors choose due considerable events; absolute fingers would add now with a n                                                                                                                | Books                                              | cooking                                            |            2.71 |           12865.54 |       4.46191015217267
 AAAAAAAAAGNAAAAA | Private, american falls can check remote, typical notes. New, national groups involve less original units. Cultural, special days                                                                        | Books                                              | cooking                                            |            9.91 |            2884.65 |     1.0004282074802062
 AAAAAAAAAKKAAAAA | Much inevitable cells would not create ahead much agricultural parameters. Again effective inches may enjoy by the stars. Senior, concerned passengers tell still conventional revenues. Serious         | Books                                              | cooking                                            |            0.47 | 12179.439999999999 |      4.223963159243832
 AAAAAAAAAPKDAAAA | Very domestic candidates should act regular pictures; over long orders may feel once main, powerful officers; low, deep children w                                                                       | Books                                              | cooking                                            |            3.07 |            9166.86 |     3.1791674269051713
 AAAAAAAABDFEAAAA | Sometimes isolated eyes offer short, whole                                                                                                                                                               | Books                                              | cooking                                            |           64.51 |  7554.370000000001 |      2.619938237825125
 AAAAAAAACEPBAAAA | Expectations will become ever present times. High problems may not transport close, medical deposits; new, impossible americans must not frighten late issues. Ethnic, high men should walk h            | Books                                              | cooking                                            |            8.92 |             434.28 |    0.15061305945071463
 AAAAAAAACFJBAAAA | Likely numbers will not explain married orders. Days must match intensely next to a tenants. Offenders will want internal direction                                                                      | Books                                              | cooking                                            |             8.7 |            7512.27 |      2.605337496821912
 AAAAAAAACHHDAAAA | Services used to relax sincerely happy moments. White,                                                                                                                                                   | Books                                              | cooking                                            |            2.48 |            4109.76 |     1.4253097706736872
 AAAAAAAACIGAAAAA | Western feet reject therefore public moves. Neighbours follow only. Players find over years. Dead, aware pilots accompany recently only central lads. Steep, final notes win less instead c              | Books                                              | cooking                                            |            9.48 |  9311.039999999999 |      3.229170629704296
 AAAAAAAACKKBAAAA | Famous days could make also; so new boys should not produce. Very english failures try for the directors. Courses order in a                                                                             | Books                                              | cooking                                            |            3.18 | 3958.0699999999997 |     1.3727020176385973
 AAAAAAAACMEEAAAA | Things hear more; matters shall attract. Technical, rural tenants ought to consider relatively useful views. Only entire outcomes launch as. Corre                                                       | Books                                              | cooking                                            |            3.41 |             745.75 |     0.2586342661079728
 AAAAAAAADFIAAAAA | Systems should seem new friends. Long                                                                                                                                                                    | Books                                              | cooking                                            |            0.39 |  6243.800000000001 |      2.165418210827973
 AAAAAAAADGBDAAAA | Champions could suffer often rural notes. Beautiful, evident thanks fit more existing effects; asleep schemes may drink organisations. New, annual sessions ought to                                     | Books                                              | cooking                                            |             4.4 |            1324.33 |     0.4592921456718359
 AAAAAAAADKOBAAAA | As d                                                                                                                                                                                                     | Books                                              | cooking                                            |            3.16 |             2279.2 |     0.7904515176846014
 AAAAAAAAEACBAAAA | Excessive, enthusiastic prices may not star then really familiar circumstances. Able, huge goods add constantly wrong, supposed minutes. Bags publish more l                                             | Books                                              | cooking                                            |            9.99 |            3430.36 |     1.1896864111111574
 AAAAAAAAEADBAAAA | Extensive, unexpected customs may hear. Bad thousands follow almost much german considerations                                                                                                           | Books                                              | cooking                                            |            4.38 |            4682.83 |     1.6240567219019755
 AAAAAAAAEBFAAAAA | Permanent magistrates satisfy states. Necessary, civil plants used                                                                                                                                       | Books                                              | cooking                                            |            0.89 |            2816.27 |     0.9767132747058673
 AAAAAAAAEINBAAAA | General times take then central hands. New eyes promise just                                                                                                                                             | Books                                              | cooking                                            |           91.93 |            3230.44 |     1.1203519659481591
 AAAAAAAAELGBAAAA | Regions finance children. Twice private walls could per                                                                                                                                                  | Books                                              | cooking                                            |             7.9 |            3107.23 |     1.0776213887746247
 AAAAAAAAFBMBAAAA | Legs might not emerge. Substantial, brown numbers admire critical farmers. Large artists could keep about powers. Members happen never                                                                   | Books                                              | cooking                                            |             5.3 |            13217.8 |     4.5840777774883845
 AAAAAAAAFCFBAAAA | Difficulties could avoid for a operators. Also teenage feet ought to mind drugs. Active thanks look presidential hotels; great                                                                           | Books                                              | cooking                                            |            1.29 | 21979.510000000002 |      7.622734747922024
 AAAAAAAAGCCEAAAA | High homes like perhaps into a years. Ministers used to find very constant co                                                                                                                            | Books                                              | cooking                                            |            1.78 |            3907.69 |     1.3552296819677696
 AAAAAAAAGCOBAAAA | Certain channels used to remain only able, conventional responsibilities. Phenomena bring damp months. Scientists would raise as men. Concepts should meet certainly.                                    | Books                                              | cooking                                            |            0.55 |            4464.61 |     1.5483756363504073
 AAAAAAAAGLKBAAAA | Wild processes                                                                                                                                                                                           | Books                                              | cooking                                            |            3.69 | 1737.0900000000001 |     0.6024418334743527
 AAAAAAAAHADDAAAA | Months come so inner, wide effects; somewhere popular dates ought to run. There fine section                                                                                                             | Books                                              | cooking                                            |            1.79 |            4871.71 |     1.6895623741748202
 AAAAAAAAHGFEAAAA | As civil childre                                                                                                                                                                                         | Books                                              | cooking                                            |           51.65 | 504.28999999999996 |     0.1748932940738714
 AAAAAAAAHIGBAAAA | Controls would not become here objectives. Wholly chief services should not know so public, remarkable interviews; instructions eat humans. Other cars used to demonstrate then like a practices; firm   | Books                                              | cooking                                            |            9.99 |            3929.62 |     1.3628352461055475
 AAAAAAAAHKPCAAAA | Similar designers should keep professional, ethical windows. Available, important authorities must no                                                                                                    | Books                                              | cooking                                            |            7.34 |            1879.12 |     0.6516993927305583
 AAAAAAAAHLOCAAAA | Just limited ears might not retire crazy, integrat                                                                                                                                                       | Books                                              | cooking                                            |            2.47 |            5404.41 |     1.8743085673437336
 AAAAAAAAIBLDAAAA | Others stand; effective panels silence. Environmental fruits may lose quickly. Lessons preserve in order new, various numbers. Political terms would defend. Numerous alternatives take mov              | Books                                              | cooking                                            |           56.39 |            4826.61 |     1.6739212003210224
 AAAAAAAAIEEDAAAA | Just about working projects ought to feel together. National, religious places appreciate now regions. Words                                                                                             | Books                                              | cooking                                            |            0.59 | 13942.099999999999 |      4.835272948714673
 AAAAAAAAIFBAAAAA | Crucial models show together. Already responsible threats show well dark forms. Decisions must make gently open, new tasks. Times ought to rev                                                           | Books                                              | cooking                                            |            9.82 |  5497.959999999999 |      1.906752731734482
 AAAAAAAAIJMAAAAA | French defendants put already inc problems. Now existing women could not arrange regulato                                                                                                                | Books                                              | cooking                                            |            3.23 |           12672.34 |      4.394906276594982
 AAAAAAAAINKDAAAA | Features may respond over famous thoughts. Reservations com                                                                                                                                              | Books                                              | cooking                                            |           66.59 |            8571.98 |     2.9728565288531286
 AAAAAAAAJFODAAAA | Books warn again. Ugly, valid needs b                                                                                                                                                                    | Books                                              | cooking                                            |           72.58 | 3687.8199999999997 |     1.2789763583483797
 AAAAAAAAJGMBAAAA | Now special                                                                                                                                                                                              | Books                                              | cooking                                            |            5.58 |             1094.3 |    0.37951522279846417
 AAAAAAAAJLGCAAAA | Reports learn sacred, interesting times. Free families would destroy here because of a ideas. National                                                                                                   | Books                                              | cooking                                            |            4.45 |            5124.37 |     1.7771876288511064
 AAAAAAAAKBGCAAAA | Cons                                                                                                                                                                                                     | Books                                              | cooking                                            |            4.61 |            7533.27 |     2.6126205267760083
 AAAAAAAALEAEAAAA | Eyes seem then children. Labour, british products would follow more obviously supreme tim                                                                                                                | Books                                              | cooking                                            |            2.38 |  5622.700000000001 |     1.9500139296618155
 AAAAAAAALHLCAAAA | Old books would build too even difficult areas; comparisons might know maximum students. Properties go soft cheeks;                                                                                      | Books                                              | cooking                                            |            0.26 | 10314.869999999999 |     3.5773098658386124
 AAAAAAAALLNCAAAA | Approximately american books must not own future years. Kind, live groups shall adminis                                                                                                                  | Books                                              | cooking                                            |            9.97 |             472.25 |     0.1637814712296214
 AAAAAAAAMAEEAAAA | Able, new piece                                                                                                                                                                                          | Books                                              | cooking                                            |            2.14 |             6462.4 |      2.241231084540615
 AAAAAAAAMLPDAAAA | Accounts cannot add once more. Temporary police must emulate. Users shall not open earlier to a tasks; hills rest even influential relationships. Molecular girls prod                                   | Books                                              | cooking                                            |            4.81 |             2295.2 |     0.7960004928877226
 AAAAAAAAMMFAAAAA | High, external pupils could imagine finally future decisions. Unable, reasonable variables might minimize enough                                                                                         | Books                                              | cooking                                            |              34 |             213.21 |    0.07394356269109069
 AAAAAAAAMOEEAAAA | Delightful guidelines will not s                                                                                                                                                                         | Books                                              | cooking                                            |            0.57 |            8435.58 |      2.925551515246521
 AAAAAAAAOCKDAAAA | Broad effects reveal. Guards ought to share outer, attractive trees; mental churches must let with a dogs. Outer, essential authorities shall                                                            | Books                                              | cooking                                            |            3.46 |            1956.67 |     0.6785945819181859
 AAAAAAAAONFDAAAA | Statistical, ordinary months lead little, co                                                                                                                                                             | Books                                              | cooking                                            |            3.33 |            1685.28 |     0.5844735581447461
 AAAAAAAAOPKCAAAA | Only                                                                                                                                                                                                     | Books                                              | cooking                                            |             2.3 |            6523.59 |      2.262452446583051
 AAAAAAAAPPCCAAAA | Words shall not smell sensibly. Directly tiny requirements think major, important demands. Chief, general circumstances will see. Pounds want in the thanks. Ide                                         | Books                                              | cooking                                            |             2.6 |            10095.4 |      3.501195266599301
 AAAAAAAAACCDAAAA | Too mediterranean islands decide however other events. Scenes last yet difficult, normal gardens. However available reasons should not take still in a differences. New lakes ensure. Confident          | Books                                              | entertainments                                     |            2.89 |           17081.11 |      4.525648892293563
 AAAAAAAAAFMAAAAA | Victorian, active women honour relatively foreign parts; old areas would indicate in particular. Strategies imagine well digital feelings. Clear days might see eager                                    | Books                                              | entertainments                                     |            1.16 |            5609.16 |     1.4861498310529797
 AAAAAAAAAHJBAAAA | Chinese, representative opportunities develop pieces. Certainly bad characteristics take orders. Internal clothes must start frames; animals investig                                                    | Books                                              | entertainments                                     |            1.42 |            9795.31 |     2.5952724296706746
 AAAAAAAAAILBAAAA | Systems will counter now new typ                                                                                                                                                                         | Books                                              | entertainments                                     |           79.67 | 2949.9300000000003 |     0.7815854728904357
 AAAAAAAAAKJDAAAA | Black products should buy however so other children. Indeed light bonds should reduce only, happy plans. Results accept h                                                                                | Books                                              | entertainments                                     |           16.03 |            9893.76 |      2.621356807878315
 AAAAAAAAAMKAAAAA | Feet bat free, christian features. There total governments should happen now. Large, new students would not change perhaps. Later possible parties will not satisfy                                      | Books                                              | entertainments                                     |            3.47 |            4444.48 |     1.1775672651731002
 AAAAAAAAAOGAAAAA | Categories collect there in a effects.                                                                                                                                                                   | Books                                              | entertainments                                     |            1.93 |              50.42 |   0.013358804969316481
 AAAAAAAABGNCAAAA | Large eyes must not prefer already legal, progressive countries. Hours await different problems. Simple, pregnant minutes enable much now scottish fingers. Newly hot meals feel                         | Books                                              | entertainments                                     |            4.27 |             4175.2 |       1.10622139047779
 AAAAAAAABIDBAAAA | Clear populations would get quite elderly, coming gaps. Local, only sides must understand just very main investors. Too new years want then. Of                                                          | Books                                              | entertainments                                     |            9.33 |  7736.700000000001 |     2.0498426498633644
 AAAAAAAABJJDAAAA | New, presidential scientists might capture at least in a centres. Soft, early issues shall no                                                                                                            | Books                                              | entertainments                                     |            0.22 |           15027.13 |     3.9814458333709792
 AAAAAAAABOGBAAAA | Plans must end planned effects. Incredible, isolated sentences will get intimately certainly new governments; initial                                                                                    | Books                                              | entertainments                                     |            6.44 |           11579.25 |     3.0679282515065025
 AAAAAAAACDDCAAAA | Substantial points allocate. Close rapid judges must control about acu                                                                                                                                   | Books                                              | entertainments                                     |            1.53 |               0.66 | 0.00017486733993948587
 AAAAAAAACEHDAAAA | Doors ask as current papers. Video-taped patients would not introduce of course in a individuals. Priva                                                                                                  | Books                                              | entertainments                                     |           43.03 |            6214.62 |     1.6465667699011026
 AAAAAAAACKJCAAAA | Good, other allegations mention single alternativ                                                                                                                                                        | Books                                              | entertainments                                     |            0.77 |             865.62 |     0.2293464648460875
 AAAAAAAACPMAAAAA | Sessions sh                                                                                                                                                                                              | Books                                              | entertainments                                     |            2.67 |            4678.09 |     1.2394623549962265
 AAAAAAAADFFDAAAA | Traditional services decide just leading states; free police must invi                                                                                                                                   | Books                                              | entertainments                                     |             3.3 |  4472.250000000001 |      1.184924940976312
 AAAAAAAADILDAAAA | Young, conventional levels might bring in a companies. Others g                                                                                                                                          | Books                                              | entertainments                                     |             5.3 |            7612.36 |     2.0168987028208254
 AAAAAAAADOLDAAAA | Real                                                                                                                                                                                                     | Books                                              | entertainments                                     |            9.88 | 3455.7100000000005 |     0.9155921443973952
 AAAAAAAAEAHAAAAA | More suitable plants migh                                                                                                                                                                                | Books                                              | entertainments                                     |             5.6 |               1589 |     0.4210063684300652
 AAAAAAAAEDEDAAAA | Years stick as teachers. European settings find anyway old districts; teachers will become english doctors. Investmen                                                                                    | Books                                              | entertainments                                     |            8.51 |           11146.24 |      2.953202028980447
 AAAAAAAAEDKDAAAA | Away liberal products take among a workers. Wistfully extra entries threaten short-term, bloody places. Obviously english plant                                                                          | Books                                              | entertainments                                     |            2.69 |            9037.98 |      2.394617456100416
 AAAAAAAAEHAAAAAA | Inappropriate parts know far both common rules. Only easy bands mig                                                                                                                                      | Books                                              | entertainments                                     |            3.65 |            5247.81 |      1.390409962436111
 AAAAAAAAEJCBAAAA | Rapidly existing elements hide together boards; big experiences shou                                                                                                                                     | Books                                              | entertainments                                     |            0.34 |            7101.83 |     1.8816335163673317
 AAAAAAAAEJDDAAAA | International, far losses love the                                                                                                                                                                       | Books                                              | entertainments                                     |            6.72 |             203.26 |    0.05385384169106045
 AAAAAAAAELACAAAA | So free steps must not respond straight direct secondary areas; only offic                                                                                                                               | Books                                              | entertainments                                     |           50.99 |            1728.33 |    0.45792192369335094
 AAAAAAAAEMDEAAAA | Briefly young steps shall become less from a companies. Then real numbers become significantly adva                                                                                                      | Books                                              | entertainments                                     |            1.67 | 5666.5199999999995 |     1.5013473925968113
 AAAAAAAAGDDEAAAA | Direct, high guests used to need; special times take too long babies. New, hard ho                                                                                                                       | Books                                              | entertainments                                     |            4.21 |            7522.33 |      1.993045207949989
 AAAAAAAAGNDEAAAA | Specific readers                                                                                                                                                                                         | Books                                              | entertainments                                     |            0.74 |            7505.16 |     1.9884960076064118
 AAAAAAAAHBACAAAA | Properties may know with a services. Aut                                                                                                                                                                 | Books                                              | entertainments                                     |            4.39 |              248.8 |    0.06591968814688498
 AAAAAAAAHIAEAAAA | Items expand very areas. Crops can discriminate pleasantly satisfactory drivers. Developments give hardly hours. Clearly other boys support only w                                                       | Books                                              | entertainments                                     |            6.17 |  7378.929999999999 |     1.9550513040904096
 AAAAAAAAHKFDAAAA | Specialists could participat                                                                                                                                                                             | Books                                              | entertainments                                     |            8.88 |            8954.64 |       2.37253648017533
 AAAAAAAAHMMDAAAA | Yet original fans can extend completely. Foundations prevent early terms. High new words tell needs. Growing, equal fields ope                                                                           | Books                                              | entertainments                                     |            5.18 |            1366.61 |     0.3620840233859103
 AAAAAAAAHPCEAAAA | Responses present as to a weeks. Clear features know at first. Uncomfortable, british teeth make natural, odd authorities. Bonds opp                                                                     | Books                                              | entertainments                                     |            7.05 |            10443.5 |      2.767010704027304
 AAAAAAAAHPKCAAAA | Advisory women should not contribute badly urban, nation                                                                                                                                                 | Books                                              | entertainments                                     |             0.2 |            4384.16 |     1.1615854501046914
 AAAAAAAAIAEEAAAA | Once more bright devices will get potential, various origins; hands can avoid on a rights; for instance current members should not conclude far. Candidates used to dwell partners. Pro                  | Books                                              | entertainments                                     |             4.7 |            6927.06 |     1.8353281148503258
 AAAAAAAAIEICAAAA | Possibly new boats stir again in a pensioners. Regular, scottish institutions used to divorce available circumstances. Mem                                                                               | Books                                              | entertainments                                     |            4.55 |            1372.18 |     0.3635597977547935
 AAAAAAAAIMDDAAAA | Substantial officials shall not come as records. Other, confident answers come places. Detailed writings might offer significan                                                                          | Books                                              | entertainments                                     |            4.34 |            2677.52 |     0.7094103030829882
 AAAAAAAAINNBAAAA | References ought to come to the houses. English, real companies u                                                                                                                                        | Books                                              | entertainments                                     |            2.29 |            1264.53 |    0.33503787480860314
 AAAAAAAAJDEDAAAA | Cu                                                                                                                                                                                                       | Books                                              | entertainments                                     |            9.48 |            8202.85 |     2.1733493324585025
 AAAAAAAAJEMDAAAA | More working-class partners ought to make all priva                                                                                                                                                      | Books                                              | entertainments                                     |            6.32 |  854.9100000000001 |     0.2265088448297968
 AAAAAAAAJFJCAAAA | Digital, other skills may hear for instance. Sons could not handle here other, top orders. Techniques shall pour more much young ways. Other rep                                                         | Books                                              | entertainments                                     |            7.62 |             6868.9 |     1.8199185928944461
 AAAAAAAAJIFDAAAA | Championships keep early in the ways; dogs foresee in                                                                                                                                                    | Books                                              | entertainments                                     |           77.86 |           10184.55 |     2.6984017681525616
 AAAAAAAAKAECAAAA | Often central cases maintain white names. Most different degrees rule difficulties. Cautiously domestic things may supply as; wild laws                                                                  | Books                                              | entertainments                                     |            1.19 |            3170.86 |     0.8401209901826033
 AAAAAAAAKCMCAAAA | Schools collect wide famous notes. Coastal environments practice later religious characters; even significant rebels might not keep as social, visual councillors. Main stud                             | Books                                              | entertainments                                     |            9.77 |  9219.119999999999 |     2.4426105923983528
 AAAAAAAAKDJAAAAA | Changes look fortunately matters. Colours accept again original vehicles. Unfortu                                                                                                                        | Books                                              | entertainments                                     |            1.44 |                287 |    0.07604079782217037
 AAAAAAAAKLPBAAAA | Savings will write for instance in the ways. Official funds must not find other, possible years. Towns could not occur finally walls; popular cases ought to ask now able, broad girls. Easy, sh         | Books                                              | entertainments                                     |            4.54 |           10176.24 |      2.696200029372415
 AAAAAAAAKNLDAAAA | Soviet, industrial services used to make rules. More current bottles may provide slightly within low sites. Days ca                                                                                      | Books                                              | entertainments                                     |            2.87 |            5554.65 |     1.4717073784770685
 AAAAAAAALABBAAAA | Only, possible products end most molecular cultures. Really pure services could not                                                                                                                      | Books                                              | entertainments                                     |            0.14 |            9978.23 |      2.643737177885418
 AAAAAAAALHHAAAAA | Activities accept only unusual, established parties. Immensely real individuals want so cells; other lives note ill, full ro                                                                             | Books                                              | entertainments                                     |             4.6 | 14488.529999999999 |     3.8387434859597565
 AAAAAAAAMCGCAAAA | Even southern parties shall take very living italian interviews. Less healthy days might encourage together to a claims. Detailed spirits shall protect here able, southern estimates. G                 | Books                                              | entertainments                                     |            4.62 |             263.98 |    0.06994163696549316
 AAAAAAAAMCJAAAAA | Thanks may take later more dependent eyes. Most important designs may help then neighbours.                                                                                                              | Books                                              | entertainments                                     |            2.25 |            8677.82 |     2.2991928785964686
 AAAAAAAAMDNBAAAA | Pupils shall become more hours. Liberal, european minutes might become                                                                                                                                   | Books                                              | entertainments                                     |           62.54 |            8554.26 |     2.2664555929556762
 AAAAAAAAMIFAAAAA | Living figures mean in the parts. Cards cannot live guests. Nearly frequent books behave however new, dangerous workers. Wild jobs wou                                                                   | Books                                              | entertainments                                     |            8.23 |            3656.34 |     0.9687491662338481
 AAAAAAAANCEDAAAA | Also traditional others can cheer children. Now different trends pay so. Sorry, large patients call really citizens. Too heavy figures may take residents. Also                                          | Books                                              | entertainments                                     |               4 |            2501.43 |     0.6627551668861031
 AAAAAAAANCJBAAAA | Best stupid systems offer just other games. Different projects must think at the lines; dist                                                                                                             | Books                                              | entertainments                                     |            1.21 |           12421.82 |      3.291167606980461
 AAAAAAAANNHBAAAA | So due teams continue remaining things. Trees may contribute very private methods; cities find only only industrial measures; flexible organisations wi                                                  | Books                                              | entertainments                                     |            8.79 |           10091.17 |      2.673660689056275
 AAAAAAAAOENAAAAA | British, certain                                                                                                                                                                                         | Books                                              | entertainments                                     |           44.28 |            6239.65 |       1.65319848129305
 AAAAAAAAOGIAAAAA | Considerable children want usually up to a                                                                                                                                                               | Books                                              | entertainments                                     |            1.64 |             632.04 |     0.1674593235384131
 AAAAAAAAOHMBAAAA | Often white companies will assess only little satisfactory systems. British, human days acquire efforts. Cities take in a friends. Police may count blind knees; anywhere mad models t                   | Books                                              | entertainments                                     |            5.26 |            5418.29 |     1.4355787262435105
 AAAAAAAAPDMBAAAA | Only                                                                                                                                                                                                     | Books                                              | entertainments                                     |            9.23 |            4836.81 |     1.2815153007465223
 AAAAAAAAPFEEAAAA | Coherent, patient prices deal yesterday with a ends. Duly compulsory stones concentrate safely other, political institutions; following, new interests m                                                 | Books                                              | entertainments                                     |            2.34 |  9857.300000000001 |     2.6116967120992336
 AAAAAAAAPHFBAAAA | Orders wait rather prime, marvellous hopes; black friends should suggest officials. Fin                                                                                                                  | Books                                              | entertainments                                     |            8.58 |             689.52 |    0.18268867914405196
 AAAAAAAAPKIBAAAA | Resp                                                                                                                                                                                                     | Books                                              | entertainments                                     |            3.03 |            3854.53 |     1.0212597088135553
 AAAAAAAAPNECAAAA | Single months constitute thirdly. Financial, major wars could study sudden millions. Home annual materials come single, modest members. Female, specific shows perpetuate members. Long,                 | Books                                              | entertainments                                     |             2.2 |            3340.02 |     0.8849400193101237
 AAAAAAAAAGAEAAAA | Fair, mere fees find other, likely steps. Military, bloody differences cannot wish just. Added systems may tear moreover different considerations. Christian branches take still together                | Books                                              | fiction                                            |            0.93 |             793.02 |    0.21199392905332928
 AAAAAAAAANDDAAAA | Perhaps little books cure then with the conditions. Stories shall bring african, fat units; records treat through a c                                                                                    | Books                                              | fiction                                            |            2.89 |            5662.74 |     1.5137909533270912
 AAAAAAAAAPLCAAAA | Strange ac                                                                                                                                                                                               | Books                                              | fiction                                            |            0.12 | 14016.039999999999 |      3.746835375360805
 AAAAAAAABCBAAAAA | Big, strange universities will not put even anxiously medical jobs. Usual, numerou                                                                                                                       | Books                                              | fiction                                            |            9.13 |            7769.11 |      2.076875935219176
 AAAAAAAABDADAAAA | Goo                                                                                                                                                                                                      | Books                                              | fiction                                            |            0.54 |            2694.96 |     0.7204296979162699
 AAAAAAAABFNAAAAA | Pink, formal approaches would break against the facts. Strong positions fly as main, white days.                                                                                                         | Books                                              | fiction                                            |            9.62 |             243.57 |    0.06511230649859955
 AAAAAAAABIHAAAAA | Beautiful, different points improve with the savings. Very double researche                                                                                                                              | Books                                              | fiction                                            |           96.08 | 1991.4299999999998 |     0.5323586670382481
 AAAAAAAABKHBAAAA | True, british transactions show stations. Times must not produce pupils; still future techniques should not record illegal years; likely, high techniques must go as cells. D                            | Books                                              | fiction                                            |            3.48 |               3708 |     0.9912404339483809
 AAAAAAAABNDCAAAA | Duly ancient solutions read now for a requireme                                                                                                                                                          | Books                                              | fiction                                            |            5.77 | 14023.599999999999 |      3.748856351002835
 AAAAAAAACBDCAAAA | Facilities should not apply outcomes. Physical numbers ought to highlight too observations; new, scottish accounts must not like together; then favorable                                                | Books                                              | fiction                                            |            9.13 | 2475.5899999999997 |     0.6617866520707314
 AAAAAAAACFEDAAAA | Scientific, successful arrangements see more star companies. Depths may not get in a animals. Prime beings mean of course techniques. Free me                                                            | Books                                              | fiction                                            |            7.47 | 17114.050000000003 |      4.575010342128989
 AAAAAAAACLHCAAAA | Wide, possible pounds would try still necessary miles. Families make as pilo                                                                                                                             | Books                                              | fiction                                            |            3.35 |            3316.15 |     0.8864892030846611
 AAAAAAAACLJBAAAA | Secondary items should opt long, nuclear systems. Fit, economic environments live even. Surely poor sides could not restore                                                                              | Books                                              | fiction                                            |            0.16 |             493.46 |     0.1319141058619655
 AAAAAAAACLOBAAAA | Points will implement only soon fundamental lead                                                                                                                                                         | Books                                              | fiction                                            |            2.75 | 1861.3100000000002 |     0.4975743614111276
 AAAAAAAACNACAAAA | Cultural, real homes cannot involve to a police; weekly, good feet will impose. Real things save. There assistant consumers help always likely, national books. Farmers must stre                        | Books                                              | fiction                                            |            3.37 |              375.5 |     0.1003804700505979
 AAAAAAAACPBEAAAA | Informal sectors like so. Too fresh chapters continue early gardens. Houses cannot know then competent days. Good connections used to make exi                                                           | Books                                              | fiction                                            |            6.78 |             866.99 |    0.23176794601642578
 AAAAAAAADILAAAAA | Financial, successful eyes will provide late extreme, high movies. Public designs should help now practical words. In order private horses can see                                                       | Books                                              | fiction                                            |            1.31 |  8562.779999999999 |     2.2890436254057485
 AAAAAAAADJLCAAAA | Institutions ought to warn literally reason                                                                                                                                                              | Books                                              | fiction                                            |            4.23 |             822.05 |    0.21975436858879896
 AAAAAAAADLNBAAAA | Simple children get other birds. Black qualities would                                                                                                                                                   | Books                                              | fiction                                            |            3.81 |            2752.76 |     0.7358810725339118
 AAAAAAAADMABAAAA | Christians sha                                                                                                                                                                                           | Books                                              | fiction                                            |           36.93 |            2675.13 |     0.7151286467282449
 AAAAAAAAECEEAAAA | At all elegant restaurants can                                                                                                                                                                           | Books                                              | fiction                                            |            9.91 | 3396.9800000000005 |     0.9080970683155263
 AAAAAAAAEPNDAAAA | Good, english beings live successfully; voters could blame major, early lips.                                                                                                                            | Books                                              | fiction                                            |            5.45 |            4404.96 |     1.1775551407565426
 AAAAAAAAFEJBAAAA | Human, cap                                                                                                                                                                                               | Books                                              | fiction                                            |            7.78 | 5900.6900000000005 |     1.5774008943351865
 AAAAAAAAFOCEAAAA | Important architec                                                                                                                                                                                       | Books                                              | fiction                                            |           17.61 |            7537.34 |      2.014918061600995
 AAAAAAAAGBKCAAAA | Above severe facilities should not see thick successful, cultural miles. High whole magistrates protest very common, great orders. Rights pick ever to a hundreds                                        | Books                                              | fiction                                            |            8.67 | 14535.779999999999 |     3.8857747775022102
 AAAAAAAAGKNCAAAA | Much different hands shall not t                                                                                                                                                                         | Books                                              | fiction                                            |            2.29 |            7594.65 |     2.0302384470566537
 AAAAAAAAGMAEAAAA | Significant attempts correct in a workers; male, other inhabitants must burst then prior to a applicants. Also fine bills will not help presently reasonable elements. Englis                            | Books                                              | fiction                                            |            2.77 |           11229.58 |      3.001945456380275
 AAAAAAAAIALDAAAA | Rare, previous jobs go military, lively critics. Things must start. Metals live rather; projects mean also. Powerful workers would suggest t                                                             | Books                                              | fiction                                            |             3.5 |           10175.82 |      2.720249253662517
 AAAAAAAAIAOAAAAA | Colleges spin social individuals. Genetic, professional miles must agree powerful deals; then central friends incur from the claims; reliable, damp hours concentrate so here french site                | Books                                              | fiction                                            |            5.06 |             285.44 |    0.07630519672767687
 AAAAAAAAICBAAAAA | Presumably enormous groups ch                                                                                                                                                                            | Books                                              | fiction                                            |            4.75 |            3114.76 |     0.8326526575094549
 AAAAAAAAIDOBAAAA | English, national years can benefit ever american ministers. Successful, c                                                                                                                               | Books                                              | fiction                                            |            2.34 |            4525.12 |      1.209676891172734
 AAAAAAAAIFFBAAAA | Administrative, asleep classes shall not command else in a investors; complex, national methods ought to wish personally; dramatic principles could not remember. Cul                                    | Books                                              | fiction                                            |             2.6 |            4569.42 |      1.221519380715321
 AAAAAAAAIHHAAAAA | Use                                                                                                                                                                                                      | Books                                              | fiction                                            |            1.11 |           15236.64 |      4.073132051109832
 AAAAAAAAIIEDAAAA | Schemes throw frequently through a objections. Excellent, western rates prevent high, british allowances. Boys                                                                                           | Books                                              | fiction                                            |           99.46 |            8492.36 |     2.2702186115549816
 AAAAAAAAIJHCAAAA | Simple, absent quantities should go centres. Circumstances should not assist among a hundreds. Video-taped days should not f                                                                             | Books                                              | fiction                                            |             6.5 |            6678.76 |      1.785398317323918
 AAAAAAAAIKLDAAAA | Organisational students erect. How                                                                                                                                                                       | Books                                              | fiction                                            |            4.54 |           16171.49 |      4.323040659436867
 AAAAAAAAJDABAAAA | Constitutional personnel find fortunately firm populations. Constant, ethnic                                                                                                                             | Books                                              | fiction                                            |            3.65 |           11297.34 |      3.020059386208846
 AAAAAAAAJDFCAAAA | Forcibly popular tracks cause sometimes great, soft heads. Special, local values confirm unknown, primary reacti                                                                                         | Books                                              | fiction                                            |             5.2 |            2697.66 |     0.7211514749312808
 AAAAAAAAJEBCAAAA | Sharp major movies justify rebels. Criminal, following pa                                                                                                                                                | Books                                              | fiction                                            |            7.99 |  5680.599999999999 |     1.5185653746189787
 AAAAAAAAKAGAAAAA | Less than doubtful properties will say now. Separate, very railways could suffer more social, rapid case                                                                                                 | Books                                              | fiction                                            |            4.69 |            5340.09 |      1.427538600033282
 AAAAAAAAKAHCAAAA | Ways live either. Hours apply again popular, sure terms. Alone contracts should see theoretical standards. Lively deaths buy most. Chief models test                                                     | Books                                              | fiction                                            |            3.12 |            8832.42 |     2.3611250899715097
 AAAAAAAAKDAEAAAA | Plants attempt odds. Slowly im                                                                                                                                                                           | Books                                              | fiction                                            |            7.92 |            2870.19 |      0.767273026190481
 AAAAAAAAKGBDAAAA | Far from incredible systems reali                                                                                                                                                                        | Books                                              | fiction                                            |            3.93 |            8181.07 |      2.187003068220626
 AAAAAAAAKJEAAAAA | Inte                                                                                                                                                                                                     | Books                                              | fiction                                            |             9.8 |            5960.61 |     1.5934189975720223
 AAAAAAAAKPFBAAAA | Highly impossible materials should expect into a trials. Contemporar                                                                                                                                     | Books                                              | fiction                                            |            7.57 |            9553.18 |      2.553802127504583
 AAAAAAAALBEDAAAA | Related, efficient funds ought to involve relatively quickly appropriate employers. Colourful grounds can return. Very southern matters require in a legs. Tight author                                  | Books                                              | fiction                                            |            0.91 |            6559.43 |     1.7534984465086376
 AAAAAAAALCKCAAAA | Services will watch social, international scots. Deaf                                                                                                                                                    | Books                                              | fiction                                            |             0.9 | 13343.490000000002 |     3.5670460674179836
 AAAAAAAALHHDAAAA | Far theories could not forget so emotional resources; well evident trials need sorry seconds. Global customers may find. Ever                                                                            | Books                                              | fiction                                            |            2.89 | 4288.4400000000005 |     1.1464064526865143
 AAAAAAAALMEBAAAA | Primary, fast parents look e                                                                                                                                                                             | Books                                              | fiction                                            |            8.95 |            1804.55 |    0.48240100460667495
 AAAAAAAALPFDAAAA | Pregnant, important items should say also strongly temporary columns. Very global hours run controls. Economic days reduce moreover free needs; alone club                                               | Books                                              | fiction                                            |             1.4 |            5487.97 |     1.4670705944702525
 AAAAAAAAMAICAAAA | Women might not teach separate symptoms.                                                                                                                                                                 | Books                                              | fiction                                            |            1.53 |              281.2 |    0.07517173948928929
 AAAAAAAAMBBAAAAA | Women think                                                                                                                                                                                              | Books                                              | fiction                                            |            0.41 |            1756.44 |     0.4695400074984612
 AAAAAAAAMDMCAAAA | Most right workers should not make in a banks. More available qualities                                                                                                                                  | Books                                              | fiction                                            |           15.58 |             409.23 |    0.10939733624182738
 AAAAAAAAMGMBAAAA | Tickets accept in a seats. Hopelessly red strings must mount fine audiences. Rich, left yards express commercial                                                                                         | Books                                              | fiction                                            |            1.27 |               9.48 |  0.0025342392971495825
 AAAAAAAAMJEEAAAA | Villages cannot go similarly. Amounts should not assist quite in a instructions. Cultural guidelines pull. Imaginative, peculiar games should go national, difficult tactics                             | Books                                              | fiction                                            |            7.92 |            4041.05 |     1.0802729653740843
 AAAAAAAAMMEAAAAA | Young, major months might recruit always thus prime careers. Cells use special days. Faces can provide particularly quiet, slim provisions. Even aware matters complete mainly famous, significant gro   | Books                                              | fiction                                            |            8.36 |            1842.97 |     0.4926716242054605
 AAAAAAAAMNPDAAAA | Artistic documents used to bother internationally opposite cells. Military plants would provide slightly allegedly big children. Profits                                                                 | Books                                              | fiction                                            |            7.62 |             643.28 |    0.17196471045046238
 AAAAAAAAMOBBAAAA | Different, major months may want as jobs. Longer good                                                                                                                                                    | Books                                              | fiction                                            |            2.86 |           15579.74 |      4.164851196980299
 AAAAAAAANOAEAAAA | Practical damages could print rather by a buildings. Tonnes give as all early day                                                                                                                        | Books                                              | fiction                                            |           71.57 |            8164.68 |      2.182621614414689
 AAAAAAAAOGOBAAAA | Of course large ideas will see about new, necessary children. Normal, expl                                                                                                                               | Books                                              | fiction                                            |            4.16 |  7678.349999999999 |     2.0526135345219934
 AAAAAAAAPGFCAAAA | Senior individuals wou                                                                                                                                                                                   | Books                                              | fiction                                            |            8.98 |            7155.05 |     1.9127224560200546
 AAAAAAAAPJAEAAAA | More bare questions ought to dance like recent, communist police                                                                                                                                         | Books                                              | fiction                                            |            1.88 | 3145.4800000000005 |     0.8408648759913575
 AAAAAAAAPKKCAAAA | Clearly following trades want. Dangerous materials can bear; natural, fit cases shall say from a types; arms show. Tests may lead further; only only hours                                               | Books                                              | fiction                                            |           24.76 |             262.95 |    0.07029306151745597
 AAAAAAAAPNOBAAAA | Privately scottish children work now environmental hours. Materials look schools. Trades must leave never minor regions; popular stories may give still however external forests. B                      | Books                                              | fiction                                            |             3.4 |           15141.78 |     4.0477736186491144
 AAAAAAAAAJFCAAAA | Adverse, royal courses might not cry altogether intensive, recent ports. British,                                                                                                                        | Books                                              | history                                            |            3.62 |              262.8 |    0.06731049617286812
 AAAAAAAAALKCAAAA | Experts study local flowers. Foreign minutes fly environmentally. European days could help olympic clients; popular, constant sports cannot hope equally figu                                            | Books                                              | history                                            |            2.19 |  9689.900000000001 |     2.4818568373876517
 AAAAAAAAAOFDAAAA | Closely annual years can stop desperately much other women. Just single wines give even. Old, continuing volunteers might recognise entirely basic networks. English, blank controls woul                | Books                                              | history                                            |            1.52 |            1053.49 |     0.2698285183148967
 AAAAAAAABADAAAAA | Forward complex lines might not express hard senior others. Rather social newspapers get reasonably. Levels pay direct continually military posts.                                                       | Books                                              | history                                            |            5.31 |            2076.13 |     0.5317554810478565
 AAAAAAAABCKAAAAA | Boys can put hands. Finally able prices would                                                                                                                                                            | Books                                              | history                                            |            1.19 |            7218.97 |     1.8489819351485914
 AAAAAAAABECAAAAA | Trees ought to step businesses. White, early terms would live recent, available institutions; about similar                                                                                              | Books                                              | history                                            |           50.77 |            3932.31 |     1.0071755601428123
 AAAAAAAABGJDAAAA | Facilities should make separate chemicals. Opening, elected relations can                                                                                                                                | Books                                              | history                                            |            3.39 |             1159.2 |     0.2969038324337471
 AAAAAAAABJPAAAAA | Provinces produce proble                                                                                                                                                                                 | Books                                              | history                                            |            6.35 |  8727.699999999999 |     2.2354102642615716
 AAAAAAAABOMBAAAA | Sorry units should send most marine pupils; general, criminal controls ought to handle all for instan                                                                                                    | Books                                              | history                                            |            0.19 | 15114.300000000003 |      3.871198753065376
 AAAAAAAACBEDAAAA | Also only targets would meet p                                                                                                                                                                           | Books                                              | history                                            |            6.12 |             847.96 |    0.21718648529202914
 AAAAAAAACDEBAAAA | Small, medical years would appear away legal rocks.                                                                                                                                                      | Books                                              | history                                            |            0.31 | 25204.350000000002 |      6.455545297620353
 AAAAAAAACDOBAAAA | Careful, great manufacturers go comfortably until a days. Regular, external arms talk. Legs impose professional, normal colleges. Always possible others may deploy indeed by a                          | Books                                              | history                                            |            4.82 | 13151.490000000002 |      3.368467721889321
 AAAAAAAACDODAAAA | Conditions must not reproduce commonly owners. Living parents get from a objectives. Bloody, male duties can think things. Past, significant children know just alrea                                    | Books                                              | history                                            |            3.85 |           15599.62 |     3.9955029007161227
 AAAAAAAACDPAAAAA | Years cannot call then at a walls. Democratic agents would not use. Police sh                                                                                                                            | Books                                              | history                                            |            3.11 |            3310.84 |     0.8479995553614106
 AAAAAAAACFAEAAAA | White chips point there ordinary, certain gifts. Rivals will not salvage for instance necessary, true studies. Eastern meetings swim then subsequent modes;                                              | Books                                              | history                                            |            1.63 |           19713.98 |      5.049306603280056
 AAAAAAAACKIDAAAA | Significant, unable decisions will not own just really similar points. Young obligations may not seem in a children; distinct, able years should not live the                                            | Books                                              | history                                            |            6.94 |            1686.89 |     0.4320601327589403
 AAAAAAAAEDAEAAAA | Organizations use. Monetary, british critics could not take; romantic courts oppose more. Answers                                                                                                        | Books                                              | history                                            |            2.88 |            9649.05 |      2.471393999607356
 AAAAAAAAEDDEAAAA | Illegally difficult contracts work significant, working arrangements. Files used to find elegantly. New house                                                                                            | Books                                              | history                                            |            3.38 |            5255.34 |     1.3460408788322709
 AAAAAAAAEKPAAAAA | Technical skills cannot prepare more. Greek hands will climb also seats; forward slow workers will not rel                                                                                               | Books                                              | history                                            |            1.57 |             673.22 |     0.1724306401579082
 AAAAAAAAENCBAAAA | Unique, possible conditions may share. Prospective, free grounds might cha                                                                                                                               | Books                                              | history                                            |            8.92 |            1844.25 |     0.4723644694323137
 AAAAAAAAFDGCAAAA | Free patie                                                                                                                                                                                               | Books                                              | history                                            |            5.45 |            5941.81 |     1.5218652179030043
 AAAAAAAAFMBEAAAA | Quite traditional findings name later christian corners. Clear members adopt.                                                                                                                            | Books                                              | history                                            |            2.09 |            6618.14 |     1.6950924168246022
 AAAAAAAAFMEBAAAA | Soldiers must keep. Ways may not earn. Tiny, stupid numbers worry effectively probably concerned children; also genetic speci                                                                            | Books                                              | history                                            |            2.85 |            4248.58 |     1.0881812322303046
 AAAAAAAAFONCAAAA | Remarkable, capable purposes should not instruct. Roles used to buy stiffly; honest, useful others may constitute later scottish things; today impossible accidents l                                    | Books                                              | history                                            |             4.9 |           15268.46 |     3.9106834794352743
 AAAAAAAAFPLDAAAA | In order financial sessions m                                                                                                                                                                            | Books                                              | history                                            |            9.95 | 12187.640000000001 |      3.121598537200512
 AAAAAAAAGBCBAAAA | Long results shall stay very to a years. Legs shall cause enough. British authorities shall not happen even prices. Main, great heads ought to l                                                         | Books                                              | history                                            |             6.3 |            3940.48 |     1.0092681276988713
 AAAAAAAAGGMCAAAA | Very whole members rise finally very cold men; estimates cannot fill possibly able practices; good results increase more public, great relatives. Lands                                                  | Books                                              | history                                            |            3.99 |             7681.8 |     1.9675257591352298
 AAAAAAAAGJOAAAAA | Initial, new factors would help; times will not get somewhere new opportunities. Final groups must not save level cases.                                                                                 | Books                                              | history                                            |            6.56 |            8649.66 |     2.2154220179855804
 AAAAAAAAGMFDAAAA | Simple, big figures take friends. Responsibilities will not sound more. Values divorce most severe objects. Careful, contrary things may understand however so average designers. S                      | Books                                              | history                                            |            6.63 |            9097.25 |       2.33006244790192
 AAAAAAAAHAOBAAAA | Black, golden suppliers intend a little clear years. Here other others should note else at a churches. Powerful interpretatio                                                                            | Books                                              | history                                            |            4.97 |            13539.3 |     3.4677968068238716
 AAAAAAAAHBPCAAAA | In vitro curious groups defend upwards occasional, formidable pp.. Dark eyes ought to help as formal themes. Now young bishops should not disappear no doubt in                                          | Books                                              | history                                            |            4.65 | 10558.460000000001 |        2.7043195640083
 AAAAAAAAHELDAAAA | So bad keys get workers. Details would compare in a months. French interests exist simple reservations; large, double groups wil                                                                         | Books                                              | history                                            |            5.99 |            7272.72 |     1.8627488269647696
 AAAAAAAAIKEDAAAA | Conventional programmes might correspond quite. Clinical, young relatives know rarely minor, l                                                                                                           | Books                                              | history                                            |            9.91 |            4096.91 |     1.0493342651277975
 AAAAAAAAIMFEAAAA | Physical, important prices shall remember level, front societies. New, constant opportunities survive different movements. Private, poor breasts shall not need recently human cells. American           | Books                                              | history                                            |            1.26 |             2043.9 |     0.5235004685225463
 AAAAAAAAIPJAAAAA | Real materials see very biological sites. Permanent offences depress at least                                                                                                                            | Books                                              | history                                            |            5.42 |            5203.27 |      1.332704282425417
 AAAAAAAAJFOAAAAA | Ordinary, good centuries can cost carefully slow relationships. Tools disturb again y                                                                                                                    | Books                                              | history                                            |            2.92 |           16683.34 |      4.273074175116658
 AAAAAAAAJOKBAAAA | Horses debate probably new hours. High women will not extend only available, special relationships. New parties suppose by a sources. Then pure jeans carry satisfied, natural details. Negot            | Books                                              | history                                            |            3.35 |            2557.83 |     0.6551324445427978
 AAAAAAAAKCGBAAAA | Accused, alone activities live actua                                                                                                                                                                     | Books                                              | history                                            |            8.14 |            4048.42 |     1.0369146077479559
 AAAAAAAAKELDAAAA | Classical, available areas apologise other laws. Familiar, national feet allow. New circles make soon just bad metres. Cases might pray home long good forms; suitable, independent y                    | Books                                              | history                                            |           52.29 |           10456.61 |      2.678232904818016
 AAAAAAAAKIDCAAAA | Commitments shall deliver; problems declare stars. Exact, local centres avoid as elderly instances. Just bitter views shift true, interesting                                                            | Books                                              | history                                            |            0.92 |             529.36 |    0.13558403445231915
 AAAAAAAALFGAAAAA | Silly legs can get then tensions; substantial, subsequent costs boost and so on. Armed, small miles support here nervous nations. Able, urgent exa                                                       | Books                                              | history                                            |            3.05 |  4886.120000000001 |      1.251473217504469
 AAAAAAAALMFAAAAA | Grounds should reform only. Pupils would not sleep too social years; black, rich years                                                                                                                   | Books                                              | history                                            |              69 |             618.72 |      0.158471652176853
 AAAAAAAAMGHAAAAA | Particularly commercial properties could mean odd persons                                                                                                                                                | Books                                              | history                                            |            6.97 | 3354.9199999999996 |     0.8592896872917758
 AAAAAAAAMGKAAAAA | Considera                                                                                                                                                                                                | Books                                              | history                                            |            0.72 |            3115.41 |     0.7979444173588854
 AAAAAAAAMHAEAAAA | Able classes should not go to a groups; expected lessons shall not end again daily, national men. Back grounds mean certainly; maybe exclusive eyes migh                                                 | Books                                              | history                                            |             0.9 |  7219.699999999999 |     1.8491689087490712
 AAAAAAAAMMNBAAAA | Local eyes                                                                                                                                                                                               | Books                                              | history                                            |            1.23 |  7416.469999999999 |     1.8995672585661765
 AAAAAAAANAPAAAAA | Rules return as interesting weeks. More detailed premises could state always still, politic                                                                                                              | Books                                              | history                                            |            7.07 |           12301.55 |     3.1507741027220164
 AAAAAAAANLAEAAAA | Uncertain books may hit public                                                                                                                                                                           | Books                                              | history                                            |            9.06 |            6464.68 |     1.6557869802085887
 AAAAAAAANNOAAAAA | Descriptions talk cen                                                                                                                                                                                    | Books                                              | history                                            |             1.2 |            7498.96 |     1.9206952754204383
 AAAAAAAAOAMDAAAA | Clear details should ensure immediate, us                                                                                                                                                                | Books                                              | history                                            |               3 |           24555.76 |     6.2894230955170025
 AAAAAAAAOKBEAAAA | New, dry others consider so broad subjects. Natural, full exceptions may provide ye                                                                                                                      | Books                                              | history                                            |            3.17 |  5086.860000000001 |     1.3028883963543227
 AAAAAAAAPDFCAAAA | Sharp problems draw by a products. Men should copy usually then principal weeks. Political, controversial arts reach only whole trees; conventional patients could miss primarily jobs. Relevant, great  | Books                                              | history                                            |            1.83 | 3147.5600000000004 |     0.8061789396266089
 AAAAAAAAPFCAAAAA | Also large controls communicate to the residents. Institutions                                                                                                                                           | Books                                              | history                                            |            4.86 |            5838.85 |     1.4954942563887026
 AAAAAAAAPGEAAAAA | Too large newspapers appear as fully different units. Able, british styles may speak outside other preferences; be                                                                                       | Books                                              | history                                            |            8.49 |            2128.16 |     0.5450818323259171
 AAAAAAAAAALCAAAA | Subject centres acquire similarly payments; youngsters provide responsible trees; public arms shall put novel sales. Matters will not contemplate also medieval, small mem                               | Books                                              | home repair                                        |            2.39 |           10818.78 |     2.7362535806726878
 AAAAAAAAADKBAAAA | Attacks could conform t                                                                                                                                                                                  | Books                                              | home repair                                        |            4.26 |              939.6 |     0.2376408305187884
 AAAAAAAAAOEBAAAA | Sometimes willing tables go flat from a assessments; children should not buy somewhere circumstances; royal liabilities shall spring often. National premises will see. Objective, other trees c         | Books                                              | home repair                                        |            7.36 |             541.28 |    0.13689892373691973
 AAAAAAAAAPEEAAAA | High cuts will reach projects                                                                                                                                                                            | Books                                              | home repair                                        |            0.98 |             5340.3 |      1.350652753532871
 AAAAAAAABBPCAAAA | Children should lead here isolated interactions. Small, asian times stay capitalist, good friends. However main acts return areas. Great, nice years make ever also dirty units                          | Books                                              | home repair                                        |            1.36 |             374.49 |    0.09471489423263205
 AAAAAAAABHOAAAAA | British women shall think recently so rich children. Modern, current sounds ought to find to the yards. Conservatives would not like quite for a heads. Sales make most good eyes. High depart           | Books                                              | home repair                                        |             4.2 |            6000.45 |     1.5176159232508128
 AAAAAAAABJFBAAAA | Yet unable questions attend most unknown users. Years could not move also in a arts; available games should sound perfectly. Tall, physical countries ge                                                 | Books                                              | home repair                                        |            0.83 |            8794.36 |     2.2242433102184034
 AAAAAAAABKNBAAAA | Abstract tim                                                                                                                                                                                             | Books                                              | home repair                                        |            1.05 |             451.52 |    0.11419709216245566
 AAAAAAAACCPDAAAA | Probably whole occasions test; railways walk now detailed victims; main, innocent d                                                                                                                      | Books                                              | home repair                                        |            8.46 |            8563.78 |      2.165925704108333
 AAAAAAAACFOCAAAA | Confident values could not meet others; local detai                                                                                                                                                      | Books                                              | home repair                                        |             5.9 |            6863.14 |     1.7358049058819895
 AAAAAAAACJKBAAAA | Surely able nurses mu                                                                                                                                                                                    | Books                                              | home repair                                        |            0.78 |            11547.3 |      2.920508686940831
 AAAAAAAACKMBAAAA | Forms find beside a facilities                                                                                                                                                                           | Books                                              | home repair                                        |            3.55 |            2741.92 |     0.6934782311793064
 AAAAAAAACMIAAAAA | Trees can think there low da                                                                                                                                                                             | Books                                              | home repair                                        |            8.35 |             1725.9 |     0.4365094821119379
 AAAAAAAADCMCAAAA | Historic dimensions sell quite obvious stars. Quiet peasan                                                                                                                                               | Books                                              | home repair                                        |            3.47 | 5043.4800000000005 |     1.2755819241218593
 AAAAAAAADMGBAAAA | Boldly back places tell commercial limitations. Particular, famous ways ought to launch largely maximum children. Years establish studies. Rather difficult other                                        | Books                                              | home repair                                        |               1 |            5099.12 |     1.2896542270274205
 AAAAAAAAEACEAAAA | Special, sensible hopes must retire freshly with                                                                                                                                                         | Books                                              | home repair                                        |           35.48 |           14253.12 |     3.6048566137547393
 AAAAAAAAEFLAAAAA | Quickly interesting police present over to a years. Trends migh                                                                                                                                          | Books                                              | home repair                                        |           44.79 |  7882.049999999999 |     1.9935045851326263
 AAAAAAAAEGFCAAAA | Attitudes would not take still tiny supporters. Different things pull needs. Other allegations shall not decide                                                                                          | Books                                              | home repair                                        |            2.41 |            8726.46 |     2.2070702446668644
 AAAAAAAAEJBAAAAA | Slowly free goods might not hear relatively regions. So young stories appear special children.                                                                                                           | Books                                              | home repair                                        |            9.83 |             433.16 |    0.10955353570404255
 AAAAAAAAEMMAAAAA | Centres used to cope especially during a men. Small, soviet papers a                                                                                                                                     | Books                                              | home repair                                        |             8.6 |               3198 |     0.8088286249458123
 AAAAAAAAEPABAAAA | Main, chinese                                                                                                                                                                                            | Books                                              | home repair                                        |           88.62 | 13266.119999999999 |       3.35522751656227
 AAAAAAAAFCECAAAA | Southern, available symptoms will decide however acti                                                                                                                                                    | Books                                              | home repair                                        |            3.28 |            4508.01 |     1.1401524482620298
 AAAAAAAAGANAAAAA | Possible, old seconds concern in the amounts. In public attractive assets must sit then. Continuous, heavy disciplines take somewhat really temporary premises; intensely local l                        | Books                                              | home repair                                        |           44.23 |               6867 |     1.7367811655731373
 AAAAAAAAGAODAAAA | More possible a                                                                                                                                                                                          | Books                                              | home repair                                        |            2.98 |           21097.79 |      5.335990142306288
 AAAAAAAAGFHBAAAA | Objects give else irish payments. Level, sophisticated times feel particularly magistrates; highly historical systems generate so specific, different unions; discipline                                 | Books                                              | home repair                                        |            6.34 |            4097.81 |      1.036405887301188
 AAAAAAAAGJAEAAAA | Urgent wines say limited, possible pieces. Pale, running terms think about most inc films. Other, conventional eyes get often firmly major letters. Premises go no                                       | Books                                              | home repair                                        |           32.01 |             2109.4 |      0.533503158680643
 AAAAAAAAGJODAAAA | Just regional types result also for a functions. National councillors support all but nice businesses. Wooden decisions re                                                                               | Books                                              | home repair                                        |            2.04 |           10053.07 |      2.542592490489055
 AAAAAAAAGNCEAAAA | At least extra relations move then historic, powerful restrictions. Fingers should not hear even; long just arrangements might maintain alike teenage leaders. Limi                                      | Books                                              | home repair                                        |            2.16 |           18798.84 |      4.754546562781843
 AAAAAAAAGOLBAAAA | Eagerly big eyes shall prove eyes. Low losses would not identify nearly now primitive rules. Contracts own at a prob                                                                                     | Books                                              | home repair                                        |             4.5 |           17210.55 |      4.352840991576345
 AAAAAAAAIADCAAAA | Only hard houses say better reasons. Then underlying suggestions hear points. Small, old values report stores; serious spirits win indeed positive tickets. Enough empty bodies will feel really         | Books                                              | home repair                                        |            3.53 |            5466.02 |     1.3824494810901529
 AAAAAAAAIBBBAAAA | Years say for example feelings. Like russians can impose for a countries. Small, angry arms could not steal; somewhat fre                                                                                | Books                                              | home repair                                        |            0.74 | 13402.939999999999 |     3.3898316230241474
 AAAAAAAAICEAAAAA | Rich, large changes must ensure consequences. Years know even out of a schools. English women develop future ways. Medical requirements shall understand perhaps f                                       | Books                                              | home repair                                        |            2.82 |            3615.13 |     0.9143279008443885
 AAAAAAAAIEODAAAA | Anyway comfortable films understand true outcomes. Preferences recognise too inevitable sports. Areas could not protect again then particular bodies. So decent citizens accept still i                  | Books                                              | home repair                                        |            9.02 |  9446.170000000002 |      2.389097152002622
 AAAAAAAAIOAEAAAA | Human men affect later true barri                                                                                                                                                                        | Books                                              | home repair                                        |            4.34 |            2065.17 |     0.5223166389553919
 AAAAAAAAJALCAAAA | Purposes might see different, soft signs; rare, safe requirements ou                                                                                                                                     | Books                                              | home repair                                        |            0.75 |             3181.7 |     0.8047060775453694
 AAAAAAAAJLJCAAAA | Sections might find about near a ages. Possible, enormous savings catch. Male occupations speak previous hands; positi                                                                                   | Books                                              | home repair                                        |            3.22 | 1956.8899999999999 |     0.4949307841995656
 AAAAAAAAJPICAAAA | Classical, new responses dominate urgent children. Appointments w                                                                                                                                        | Books                                              | home repair                                        |            3.81 |            5331.01 |      1.348303154431637
 AAAAAAAAKCPBAAAA | Other tests aim. Descriptions will find most high leaders. General, dependent members play currently in a samples. Great, reduced guests a                                                               | Books                                              | home repair                                        |            0.51 |            6773.09 |       1.71302972837218
 AAAAAAAAKDIBAAAA | Recordings should not market ends. And so on numerous proposals would not press under a eye                                                                                                              | Books                                              | home repair                                        |             6.5 |             4847.8 |     1.2260911219550685
 AAAAAAAAKEJCAAAA | Acute, english clients tell foreign, large boxes. Remarkably black stores form ever effects. Very fair goods give occasionally enough open months. Numbers slip                                          | Books                                              | home repair                                        |            0.33 |            2292.65 |      0.579850202308323
 AAAAAAAAKGOCAAAA | Officers recognize boys; for example human children get                                                                                                                                                  | Books                                              | home repair                                        |            1.41 |            1724.58 |     0.4361756316476076
 AAAAAAAAKKIBAAAA | Now other provinces ought to reproduce parliamentary, tough proceedings. Effective, religious marks shall think then in a awards. Refugees might name. Daily p                                           | Books                                              | home repair                                        |            5.41 |             645.32 |    0.16321241033459402
 AAAAAAAAMBGBAAAA | Easily far proceedings would remember crucial, other boats. Awful, broad leaders shall believe again. Developments may earn already national girls. Categories meet nearly r                             | Books                                              | home repair                                        |            8.48 |            5087.28 |     1.2866596895291846
 AAAAAAAAMDNDAAAA | Relevant months replace complete friends. Modern, independent ho                                                                                                                                         | Books                                              | home repair                                        |            2.19 |           13722.75 |     3.4707170146889137
 AAAAAAAAMEDDAAAA | Conservative, thin shops provide too sorry,                                                                                                                                                              | Books                                              | home repair                                        |            3.74 |            9334.92 |      2.360960133702052
 AAAAAAAAMEPBAAAA | Needs ought to transport at a eyes. Left relationships know probably. American forests can happ                                                                                                          | Books                                              | home repair                                        |            4.06 |           18916.38 |     4.7842744291283505
 AAAAAAAAMGEAAAAA | Posit                                                                                                                                                                                                    | Books                                              | home repair                                        |            7.48 | 6917.7699999999995 |     1.7496217625989343
 AAAAAAAAMNNAAAAA | Horses shall not commit goods. Bottom stairs may lose briskly men. Samples would hear so. Modes would not slip. Royal, formal rooms say strong studies. Diplom                                           | Books                                              | home repair                                        |            1.08 |            6387.75 |     1.6155706844895599
 AAAAAAAAMPBEAAAA | Cheap machines send due horses. Afraid deputies draw still alike used concentrations. Wisely important men would visit only                                                                              | Books                                              | home repair                                        |            3.42 |            4201.68 |      1.062676378005729
 AAAAAAAANGECAAAA | Left, defensive systems would not tell. Special levels receive too strict managers. Police would not s                                                                                                   | Books                                              | home repair                                        |            4.79 |  7352.129999999999 |     1.8594787987250951
 AAAAAAAANJIBAAAA | Coloured, new areas cannot score now english parts; thoroughly similar police should see there better original gifts. Perhaps other attitudes conform right able,                                        | Books                                              | home repair                                        |            8.74 |            7442.94 |     1.8824461931689132
 AAAAAAAAOAAAAAAA | Quite european families fall earlier on a patients. Identical, different years make res                                                                                                                  | Books                                              | home repair                                        |           62.32 |              26.01 |   0.006578371649418568
 AAAAAAAAODCDAAAA | Concerned knees leap families. Businesses stem things. Underlying, strong sources hope social effects; young friends must not remain children; too little patients ought to implement only f             | Books                                              | home repair                                        |            2.33 |           10320.26 |      2.610169388643924
 AAAAAAAAODIBAAAA | Brief seasons help very. Effects kill more now ethnic thousands; variables give sure poli                                                                                                                | Books                                              | home repair                                        |             3.8 |             297.44 |    0.07522763796243978
 AAAAAAAAOGNBAAAA | Just normal plants would not sign earlier absolute, strong personnel. Preliminary managers make more final issues. Good strings should work so generous, increased chips. Likely ob                      | Books                                              | home repair                                        |            1.35 |            8990.09 |     2.2737467582361157
 AAAAAAAAOHNAAAAA | Always lonely records take even                                                                                                                                                                          | Books                                              | home repair                                        |            1.34 |            3444.42 |      0.871152436627847
 AAAAAAAAOLABAAAA | Gently private employees may not apply absol                                                                                                                                                             | Books                                              | home repair                                        |            5.89 |            3570.79 |     0.9031135602471099
 AAAAAAAAOLFCAAAA | Years find never fortunate women. Youngsters announce never good resources. British processes emerge massive, scottish fees. Real lengths might manage feelings;                                         | Books                                              | home repair                                        |            0.31 |  7005.889999999999 |       1.77190881026317
 AAAAAAAAOLHCAAAA | Responsible orig                                                                                                                                                                                         | Books                                              | home repair                                        |            0.69 |               1284 |    0.32474545166679897
 AAAAAAAAPDABAAAA | Joint techniques say more well economic services. Lower modern ministers wish yet jews; serious models reduce capitalist m                                                                               | Books                                              | home repair                                        |            0.56 |            4128.77 |     1.0442361981918455
 AAAAAAAAPDBAAAAA | Years keep forward impressive categories. Common others tell early among a needs. Only clear appointments might not control still fla                                                                    | Books                                              | home repair                                        |            1.31 |            8860.06 |     2.2408599583293913
 AAAAAAAAAAOAAAAA | Lists may give almost together with a revenues. Tons take free, certain households. Habits study right telecommunicati                                                                                   | Books                                              | mystery                                            |            0.66 |             881.31 |    0.33291130294142857
 AAAAAAAAAEDAAAAA | Expenses might attempt at a stars. Young hundreds prevent ho                                                                                                                                             | Books                                              | mystery                                            |            7.53 | 3126.5299999999997 |     1.1810341151075838
 AAAAAAAAAEGAAAAA | Familiar members win wings                                                                                                                                                                               | Books                                              | mystery                                            |            6.02 |           12832.71 |      4.847504517558521
 AAAAAAAAAIJAAAAA | So estimated executives must voluntee                                                                                                                                                                    | Books                                              | mystery                                            |            63.8 |            2212.05 |     0.8355929782614372
 AAAAAAAABPBCAAAA | Light cities make anywhere private needs. Examples provoke then warm words. Available languages will not ask medium companies. Impressive barriers will not enclose more unpleasant doubts. Far          | Books                                              | mystery                                            |            2.59 |             3512.3 |     1.3267571788827763
 AAAAAAAACAMDAAAA | Hours intend economic, certain details. Countries used to feel together respectively ot                                                                                                                  | Books                                              | mystery                                            |            1.42 |            6891.16 |      2.603107935207651
 AAAAAAAACBICAAAA | Revolutionary engines encourage british children. Women move only national bars. Horrible honours come already also natural details. Mass, major children might celebrate specially s                    | Books                                              | mystery                                            |            7.54 |            4334.79 |      1.637449463727264
 AAAAAAAACCLBAAAA | Painful, other poems see much trying, othe                                                                                                                                                               | Books                                              | mystery                                            |           77.48 |             6722.4 |      2.539359524904358
 AAAAAAAACDBEAAAA | Strategies would make partly chemical centuries. Left, different repo                                                                                                                                    | Books                                              | mystery                                            |            2.83 |             287.18 |    0.10848108835565176
 AAAAAAAACEFDAAAA | Left, sexual hands must recur over a members. Solicitors make also rare, final years. Possible types allow. More practical members appear ancient years; once fast details see from a schools. Teachers  | Books                                              | mystery                                            |            4.26 |           10684.49 |       4.03602306471578
 AAAAAAAACFAAAAAA | Brutally warm authors will not restrain completely scien                                                                                                                                                 | Books                                              | mystery                                            |            4.45 |            6547.73 |      2.473378635904143
 AAAAAAAACHBBAAAA | Possible, natural styles would spell etc injuries. New members compare later responsible                                                                                                                 | Books                                              | mystery                                            |            8.71 |             671.98 |     0.2538377385376101
 AAAAAAAACJEBAAAA | Letters can panic by a examples. Again legal types see no longer fast officers. Chapters help. Thoughts would not s                                                                                      | Books                                              | mystery                                            |            1.99 |            1058.85 |    0.39997632288244955
 AAAAAAAACJKCAAAA | Often previous times manage at first here light rights. Firm, natural blocks used to find still happy drugs. A                                                                                           | Books                                              | mystery                                            |            4.37 |            6113.98 |      2.309531320372894
 AAAAAAAACKICAAAA | More sure brothers could not detect high friends. Apparent tactics shall drink modern christians. Full, good premises can see to a things. Childr                                                        | Books                                              | mystery                                            |             0.9 |            2619.52 |     0.9895131296378471
 AAAAAAAACNMBAAAA | Features widen sums; coldly little differences get at a sizes; roya                                                                                                                                      | Books                                              | mystery                                            |            9.69 | 3435.4199999999996 |     1.2977160685241769
 AAAAAAAADDAEAAAA | Truly national                                                                                                                                                                                           | Books                                              | mystery                                            |            2.79 |               28.6 |    0.01080353481082123
 AAAAAAAADOIDAAAA | Usual details obtain probably. Yet good animals know vol                                                                                                                                                 | Books                                              | mystery                                            |             4.2 | 3107.3599999999997 |      1.173792724816554
 AAAAAAAAELFCAAAA | Legal woods could meet yesterday t                                                                                                                                                                       | Books                                              | mystery                                            |            3.38 |            3576.05 |     1.3508384846236803
 AAAAAAAAENHCAAAA | Again free issues love then. However foreign games will know now open authorities; fresh others should not disappear only. Conser                                                                        | Books                                              | mystery                                            |            7.47 | 14709.400000000001 |     5.5564166065137695
 AAAAAAAAFCGDAAAA | Successful courts might observe once always patient forces. Satisfied machines manipulate into a operators. Roman rules know right main birds. Sensitive studies forget from a items; minutes might d    | Books                                              | mystery                                            |            6.84 | 3862.1800000000003 |     1.4589229397083054
 AAAAAAAAGFJCAAAA | Appropriate pensions go contents. Rules see. Other, subsequent minutes make fair cases. Ears reduce members. Small standards could not flower relati                                                     | Books                                              | mystery                                            |            2.42 |           17701.85 |       6.68680254164111
 AAAAAAAAGGDEAAAA | Groups result good degrees. Women might finish possible children. Tourists should not deserve now. Possible propos                                                                                       | Books                                              | mystery                                            |            5.06 |             348.99 |    0.13182956691008743
 AAAAAAAAGKGAAAAA | European, quick definitions restrict black beans. Canadian, chinese measures use both to a friends; outside increasing prices change yet parties. Now sta                                                | Books                                              | mystery                                            |            0.13 |             341.07 |    0.12883781880862924
 AAAAAAAAGKKDAAAA | Forthcoming, extra degrees get. Clear tasks ought to take afterwards theoretical minutes. Too frequent decades conclude then env                                                                         | Books                                              | mystery                                            |            4.86 |             590.72 |     0.2231421008198712
 AAAAAAAAHCAEAAAA | Years must not work still machines. Parents will work                                                                                                                                                    | Books                                              | mystery                                            |            3.91 |            8280.48 |      3.127917969591223
 AAAAAAAAHELAAAAA | Beds teach military scholars. White measures help protective parents. Very, natural rules hurt discreetly never possible names; other, due clients will not win direct                                   | Books                                              | mystery                                            |           65.07 |             2484.9 |      0.938660966832506
 AAAAAAAAHHKBAAAA | Hastily other trans                                                                                                                                                                                      | Books                                              | mystery                                            |            4.31 |            7307.02 |       2.76019737529255
 AAAAAAAAICABAAAA | Much gold items would show far                                                                                                                                                                           | Books                                              | mystery                                            |            1.04 |            1659.46 |     0.6268543313694195
 AAAAAAAAIHICAAAA | Criticisms would talk then fat processes. Peaceful, psychological friends must not take between a steps. Old instruments can cope experts. Foreigners fail very in a steps. Technologies introduce s     | Books                                              | mystery                                            |             1.4 |             2213.5 |     0.8361407099214262
 AAAAAAAAILJAAAAA | African, full areas could set principles. Left, flat photographs might give friends. Monetary demonstrations might not derive separately. Participants                                                   | Books                                              | mystery                                            |            0.33 |             748.28 |     0.2826597562322136
 AAAAAAAAIPPAAAAA | Journalists would win less faintly regular members; good c                                                                                                                                               | Books                                              | mystery                                            |             4.2 |  4913.400000000001 |      1.856017060821295
 AAAAAAAAJCFAAAAA | Public, radical subjects used to play ill close important evenings. As high shares would qualify warm heroes; quiet, fond                                                                                | Books                                              | mystery                                            |            0.98 |            1230.42 |    0.46478619936820476
 AAAAAAAAJHBCAAAA | Good, indivi                                                                                                                                                                                             | Books                                              | mystery                                            |            7.84 |             8248.9 |     3.1159887517826306
 AAAAAAAAKHBEAAAA | Easy, native universities may not take so in the levels. Apparent, individual songs reduce largely experimental chains; minutes sit activit                                                              | Books                                              | mystery                                            |            4.78 |  5882.080000000001 |      2.221932029371865
 AAAAAAAAKJBCAAAA | English, great details will increase fiscal sections. Easy, american streets let old months. Nerves can keep single manufacturers. Never unique purposes dissolve tonight democratic publishers.         | Books                                              | mystery                                            |            2.83 |            4037.04 |     1.5249756004432775
 AAAAAAAAKLFDAAAA | Only subjects shall speak however glad numbers. Social considerations ensure. Different, social victims leave m                                                                                          | Books                                              | mystery                                            |            2.71 |            1504.59 |     0.5683528126228501
 AAAAAAAAKMEAAAAA | Extensive figures contest to the brothers. Perfect unions start democratic, little weeks. Fully strong numbers ought t                                                                                   | Books                                              | mystery                                            |            0.43 | 10463.189999999999 |     3.9524278810222575
 AAAAAAAAKPJDAAAA | Also objective sections form direct resources; instructions mean then other                                                                                                                              | Books                                              | mystery                                            |            6.17 |             3441.8 |     1.3001260878281296
 AAAAAAAALCGAAAAA | Commonly bad eyes advise very; points go thoroughly in the cases. Good, certain months must retire. Firstly religious thoughts reopen too selectively unique waters. Cor                                 | Books                                              | mystery                                            |            7.45 |            2869.95 |      1.084112053507566
 AAAAAAAALEHAAAAA | Forests must not say high able, famous words. Tiny                                                                                                                                                       | Books                                              | mystery                                            |            2.88 |            1161.93 |     0.4389143777180948
 AAAAAAAALEKAAAAA | Important women achieve wild, local purposes. Interested, white costs perceive considerable schemes. Services must treat more. American, special g                                                       | Books                                              | mystery                                            |           99.09 |            5740.22 |     2.1683449857263017
 AAAAAAAALEPBAAAA | Different offences depend faster local details. Used, medical letters cannot gather rather impossible details. Various, expensive kings test future differences. Small, successful bonds occupy occasi   | Books                                              | mystery                                            |            8.02 |               2147 |     0.8110206027564049
 AAAAAAAALJFAAAAA | Controversial words would care acro                                                                                                                                                                      | Books                                              | mystery                                            |            6.95 |            9631.59 |      3.638294330369148
 AAAAAAAAMGNBAAAA | Anyway incredible children should not care effectively critical shares. Also public partners control different, careful countries; clear early politicians find just closer teenage services             | Books                                              | mystery                                            |            2.54 |            6630.65 |     2.5047013319360762
 AAAAAAAAMMJBAAAA | Like eggs wish sharp children. White, new horses expect increasingly words. Talks employ much inside the objectives. Vast, perfect paintings go still. Far taxes should not hear. Objective              | Books                                              | mystery                                            |            9.63 |            3545.79 |     1.3394078914986645
 AAAAAAAAMMOAAAAA | Voluntary, bloody eyes produce still. Farmers used to run fo                                                                                                                                             | Books                                              | mystery                                            |            0.36 |           11056.91 |      4.176703219759348
 AAAAAAAAMNDAAAAA | Matters go at al                                                                                                                                                                                         | Books                                              | mystery                                            |            1.12 | 11639.869999999999 |     4.3969140118333465
 AAAAAAAAOABBAAAA | Agents support often modern hours.                                                                                                                                                                       | Books                                              | mystery                                            |            2.83 |            1229.53 |    0.46445000545276316
 AAAAAAAAODNBAAAA | Homes could ship about little animals. Months shall afford distant, black scientists. Sensitive, na                                                                                                      | Books                                              | mystery                                            |            2.26 |            8106.96 |     3.0623714884592754
 AAAAAAAAOKMCAAAA | Sometimes helpful months ought to tell now encouraging content men. Back, accused buses think public goals. False houses play in the articles. Children enjoy most rep                                   | Books                                              | mystery                                            |            9.92 | 3162.8199999999997 |     1.1947425164462098
 AAAAAAAAPBMDAAAA | Outside resources perceive far from even annual parents. Fine years handle                                                                                                                               | Books                                              | mystery                                            |            4.44 |  8354.470000000001 |      3.155867394089568
 AAAAAAAAPCLDAAAA | Things help basic sessions. Experiences know most just right fortunes. Heavy, responsible poets use however in a years. Aware, back goods attract a bit from a parents. Hard studies see                 | Books                                              | mystery                                            |            4.37 |               2095 |     0.7913778121912753
 AAAAAAAAPPBAAAAA | Strategies impose really then good customs. Grounds shall stand specialist, new years; children pay entirel                                                                                              | Books                                              | mystery                                            |            4.81 |             8741.8 |     3.3021797415817136
 AAAAAAAAADABAAAA | Services must go before likely opportunities. Photographs reveal for a incomes; most expensive practitioners cannot                                                                                      | Books                                              | parenting                                          |            4.54 |            3855.27 |     1.5040079296824305
 AAAAAAAAAFDCAAAA | Cognitive men would improve more new, big ladies. New figures ought to raise italian relations. Public users                                                                                             | Books                                              | parenting                                          |            1.74 |            4387.12 |     1.7114918717673169
 AAAAAAAAAFIDAAAA | Firstly popular books grab on a members; simple problems might not wait also economic findi                                                                                                              | Books                                              | parenting                                          |            8.03 |             117.04 |   0.045659341133054664
 AAAAAAAAANNAAAAA | Also social law                                                                                                                                                                                          | Books                                              | parenting                                          |           49.22 |            3074.88 |      1.199564207648728
 AAAAAAAACEAEAAAA | Differe                                                                                                                                                                                                  | Books                                              | parenting                                          |            9.02 |              850.3 |     0.3317168298482261
 AAAAAAAACLNAAAAA | Suspicious, ethical events remember too. Limitations build attrac                                                                                                                                        | Books                                              | parenting                                          |            4.18 |            2258.65 |     0.8811386778039466
 AAAAAAAACMGCAAAA | Small, considerable children manage thus new plants. Much new performances will protect just oddly very awards; new, indian women must no                                                                | Books                                              | parenting                                          |            0.11 | 2491.6299999999997 |     0.9720282309240685
 AAAAAAAACOEDAAAA | Levels could play still critical                                                                                                                                                                         | Books                                              | parenting                                          |            4.17 |           13698.18 |     5.3438984408918895
 AAAAAAAACPIBAAAA | Less international                                                                                                                                                                                       | Books                                              | parenting                                          |           71.01 |            3960.35 |      1.545001466646386
 AAAAAAAADIDCAAAA | Perhaps other supporters could conduct curr                                                                                                                                                              | Books                                              | parenting                                          |            4.09 |            2969.34 |     1.1583912166782684
 AAAAAAAADIHBAAAA | Elements employ clubs. Human, metropolitan seats cannot regard fortunately common, special legs. Big, local measurements g                                                                               | Books                                              | parenting                                          |            4.82 |             563.04 |     0.2196517039606553
 AAAAAAAAEFNAAAAA | Video-taped others migh                                                                                                                                                                                  | Books                                              | parenting                                          |            0.57 |            8437.68 |     3.2916858295587206
 AAAAAAAAEGDDAAAA | Very nervous sessions know forward dangerous images. Unable, practical engineers say strongly long, substantial passages. Almost everyday months might avoid. Strangely clinical c                       | Books                                              | parenting                                          |            8.24 |             2060.8 |     0.8039539491370391
 AAAAAAAAFAMCAAAA | All certain police would lift increasingly manufacturer                                                                                                                                                  | Books                                              | parenting                                          |            4.45 |            3251.05 |     1.2682911909656303
 AAAAAAAAFNJBAAAA | Dogs will stare quickly heavy visitors. Special, significant hands try really american attacks. As concerned accounts will find error                                                                    | Books                                              | parenting                                          |            1.74 |             2391.2 |     0.9328487398954229
 AAAAAAAAGCEBAAAA | For instance new arms used to assume from a children. Considerable results produce yet rather other days; publishers watch properly without a conservatives. S                                           | Books                                              | parenting                                          |            1.14 |            6897.88 |      2.690983048657511
 AAAAAAAAGIIAAAAA | New, domes                                                                                                                                                                                               | Books                                              | parenting                                          |            8.56 |           10483.61 |      4.089838732876822
 AAAAAAAAGJCAAAAA | New animals come scenes. Bad manufact                                                                                                                                                                    | Books                                              | parenting                                          |            3.76 |           11718.98 |      4.571778072039003
 AAAAAAAAGPCCAAAA | Early issues say both at a stages. Immediate, roman women refuse actually hot, british problems. Working police will share much however effective children. Legal hundreds might not menti               | Books                                              | parenting                                          |           27.63 |             752.18 |    0.29343851002615395
 AAAAAAAAHCJBAAAA | Heavy, existing samples destroy early simple stars. Prac                                                                                                                                                 | Books                                              | parenting                                          |             3.8 |               7439 |      2.902083379090855
 AAAAAAAAHGPAAAAA | Near l                                                                                                                                                                                                   | Books                                              | parenting                                          |            5.58 |            5273.94 |      2.057455789262323
 AAAAAAAAHJMAAAAA | Differently industrial operations may lose angrily above other traditions. White arts should not sell later disabled marks. Relative things can marry else to the questions. Mor                         | Books                                              | parenting                                          |            8.19 | 13840.689999999999 |      5.399494072341578
 AAAAAAAAHOMBAAAA | Curtains used to bring high supporters; military, important museums                                                                                                                                      | Books                                              | parenting                                          |            2.68 |            1627.12 |     0.6347678327444968
 AAAAAAAAICPDAAAA | Important expenses might agree modestly in the bottles; in                                                                                                                                               | Books                                              | parenting                                          |            0.74 |             7420.5 |     2.8948662070901583
 AAAAAAAAIEDEAAAA | Rates shall use. Events used to hire yesterday public, real others; human offices break often financial items. Relatively conservative committees must like. Available groups                            | Books                                              | parenting                                          |            4.81 |            3166.24 |      1.235205333810005
 AAAAAAAAIHLCAAAA | Able eyes might contribute policies. Necessary, external schools convene even great, difficult days. Even capitalist years must forgo                                                                    | Books                                              | parenting                                          |            3.96 |             594.32 |    0.23185457640291396
 AAAAAAAAIIECAAAA | Fore                                                                                                                                                                                                     | Books                                              | parenting                                          |             8.2 |               95.2 |    0.03713917699817843
 AAAAAAAAILNAAAAA | Particularly main differences add strong goods; appropriate earnings could                                                                                                                               | Books                                              | parenting                                          |            4.64 |             544.06 |    0.21224727560534618
 AAAAAAAAIPPCAAAA | Careful, final lines make. Cold churches indicate only in                                                                                                                                                | Books                                              | parenting                                          |            1.35 |           12631.52 |     4.9277758092020045
 AAAAAAAAJBCEAAAA | Weeks ought to mind yesterday ways. Just modern workers know so following authorities. Interpretations shall assume just alternative things. Police ought to shed so. D                                  | Books                                              | parenting                                          |           78.15 |            9257.73 |     3.6116016078922946
 AAAAAAAAJOPCAAAA | Low, broad refugees treat outside a vehicles. Huge, scottish leaves would crack in order dogs. Accurate, main officers might not analyse here probably long gi                                           | Books                                              | parenting                                          |            2.42 | 5623.4800000000005 |     2.1938174271608872
 AAAAAAAAKAKDAAAA | Levels might not tend actually about clear women; also particular beaches shall not examine entire, cognitive                                                                                            | Books                                              | parenting                                          |           56.16 |  7725.959999999999 |     3.0140314697567923
 AAAAAAAAKBAAAAAA | Above technical directors will not become at least both slight terms. Common, important cells may consult earlier generally true stations. Ther                                                          | Books                                              | parenting                                          |            6.87 |  6089.079999999999 |      2.375456091135171
 AAAAAAAAKLFAAAAA | Different                                                                                                                                                                                                | Books                                              | parenting                                          |            3.04 |             283.52 |    0.11060608679121375
 AAAAAAAAKLODAAAA | Others play more islamic times. Views lose again sufficient, certain areas. Detailed partners ought to take final universities. Broadly economic mon                                                     | Books                                              | parenting                                          |            1.71 |  6467.889999999999 |     2.5232364654910535
 AAAAAAAAKOBEAAAA | Certain, serious patients work throughout new operations. So surprised fields grab as mostly central s                                                                                                   | Books                                              | parenting                                          |           57.88 |            1141.14 |      0.445178576047283
 AAAAAAAAKOLCAAAA | Fine deaths examine no longer main, thin hundreds. Changes merge mental, possible others. So general ranks buy again. Even big cases would not call ulti                                                 | Books                                              | parenting                                          |            9.42 |            1844.05 |     0.7193960015072578
 AAAAAAAALIIBAAAA | Accounts know sometimes join                                                                                                                                                                             | Books                                              | parenting                                          |            0.55 |  5478.570000000001 |      2.137285513938135
 AAAAAAAAMOADAAAA | Economic, sure items cou                                                                                                                                                                                 | Books                                              | parenting                                          |             6.7 |            3310.02 |     1.2912964143646068
 AAAAAAAAMOECAAAA | Problems sell. Rather historical women see also certain shops. Provincial groups should fancy centres. Im                                                                                                | Books                                              | parenting                                          |            2.43 |            7404.04 |     2.8884448745965656
 AAAAAAAANFLCAAAA | Physical, public directors provide responsibilities. Hostile courses                                                                                                                                     | Books                                              | parenting                                          |            1.27 |            5708.44 |     2.2269618019273287
 AAAAAAAANLNAAAAA | Crews could add. Pp. research once again new, liberal hours. Fine documents make white, normal bars.                                                                                                     | Books                                              | parenting                                          |            0.49 |  8138.290000000001 |      3.174888579543126
 AAAAAAAANPFEAAAA | Afterwards personal functions must not provide gross, wrong debts. Now numerous                                                                                                                          | Books                                              | parenting                                          |            6.27 |  4964.360000000001 |     1.9366832428852638
 AAAAAAAAOALDAAAA | Minimum proposals advise far once obvious glasses. Prepared pages raise now as a terms                                                                                                                   | Books                                              | parenting                                          |            2.43 |           12420.51 |      4.845457135479466
 AAAAAAAAOCOBAAAA | Waters cook more than correct, golden days. Miners protect. Exactly unlikely ages will not react long commitments. Chemic                                                                                | Books                                              | parenting                                          |            6.71 |            5339.85 |     2.0831684274550746
 AAAAAAAAOGACAAAA | Poor places change home. Divisions date into a families. Quick students sleep members. More original leaders provide anyway united colleges; homes                                                       | Books                                              | parenting                                          |            0.15 | 5064.1900000000005 |     1.9756286634706435
 AAAAAAAAOIAAAAAA | Years would echo very at first grey systems. Judicial ships can control about reports. Right optimistic categories ought to know. Highly natural ways cannot find most activities. American              | Books                                              | parenting                                          |            2.59 |            1141.93 |      0.445486768797583
 AAAAAAAAOMHBAAAA | Especially competitive others go willing, e                                                                                                                                                              | Books                                              | parenting                                          |            4.89 | 2822.2400000000002 |     1.1010049463375957
 AAAAAAAAONABAAAA | Clear streets may not feed faint, important years. Sons take things. Otherwise good years move the                                                                                                       | Books                                              | parenting                                          |            0.87 |              225.4 |    0.08793246318686364
 AAAAAAAAOPECAAAA | Aware mechanisms write also ready leaders. Usually major records may want now roya                                                                                                                       | Books                                              | parenting                                          |            8.89 |            9411.85 |     3.6717265024191774
 AAAAAAAAOPIAAAAA | Full changes may affect mos                                                                                                                                                                              | Books                                              | parenting                                          |            4.09 |            7354.37 |     2.8690677430682094
 AAAAAAAAPEDDAAAA | Likely employees take decisions. Wide, strong relationships could w                                                                                                                                      | Books                                              | parenting                                          |            2.03 |            2264.41 |     0.8833857540592986
 AAAAAAAAAFADAAAA | Definite children share things. Square,                                                                                                                                                                  | Books                                              | reference                                          |            1.93 |             2955.7 |     1.0169707182141945
 AAAAAAAAAFBCAAAA | Later alone populations would maintain now international rights. Wild earnings ring inhabitants. Known, additional models choose usually. Interested situations pl                                       | Books                                              | reference                                          |            4.09 | 11759.689999999999 |     4.0461685506906235
 AAAAAAAAAHLBAAAA | Responsible, o                                                                                                                                                                                           | Books                                              | reference                                          |            5.57 | 17022.239999999998 |       5.85685950482606
 AAAAAAAAANPDAAAA | Churches get. Simply electric weaknesses become never. Future parties die most; boys meet meals. Common categories might n                                                                               | Books                                              | reference                                          |            1.79 |            3786.93 |      1.302972873406259
 AAAAAAAAAPPCAAAA | Great trees offer after a effects. Successive specimens manufacture well european benefits. Again indirect abilities strengthen accidentally lines. Answers seek instead combinations;                   | Books                                              | reference                                          |             0.2 |            3682.99 |     1.2672101314327218
 AAAAAAAABMADAAAA | Great organizations ought to see whole, political resour                                                                                                                                                 | Books                                              | reference                                          |            2.29 | 1496.0300000000002 |     0.5147405702777621
 AAAAAAAACADDAAAA | Months cope so. Logical, old studies would make. Central, mixed years test with the remains. Careful, safe eyes could not shield best in a views; industries used to improve then othe                   | Books                                              | reference                                          |            8.59 |            1852.87 |     0.6375188735857951
 AAAAAAAACCCEAAAA | Above mass trees will keep memories. Serious, common agencies find. Positive, low patterns could lie m                                                                                                   | Books                                              | reference                                          |            9.25 |            5154.48 |     1.7735071988431506
 AAAAAAAACJADAAAA | Particu                                                                                                                                                                                                  | Books                                              | reference                                          |            0.93 |  6231.759999999999 |      2.144168028872513
 AAAAAAAACJFDAAAA | Blocks o                                                                                                                                                                                                 | Books                                              | reference                                          |            6.65 |               5299 |     1.8232323428686998
 AAAAAAAACJNBAAAA | Back months take very circumstances; others see too. Also beautiful hours would not act perhaps good, low patients. Single, extensive pages prepare as expenses. Fir                                     | Books                                              | reference                                          |            2.34 |  9346.039999999999 |     3.2157015296743876
 AAAAAAAACMKCAAAA | Elsewhere metropolitan telecommunications tell single, main tons; perhaps black victims try twice. Rarely personal articles tell. Foods should experience. Huge councils suppose e                       | Books                                              | reference                                          |            1.28 |              499.2 |    0.17176025392716643
 AAAAAAAADDEAAAAA | Communications ought to serve. Healthy, valuable arguments demonstrate physical, capital servants. Alone working students ought to unveil then horrible, bright industries; only international firms p   | Books                                              | reference                                          |            0.18 | 2531.2599999999998 |     0.8709332138535242
 AAAAAAAADDLCAAAA | Happy, legal services may not feel extremely; as yet local workers shall not hold today boys; adult factors might put totally good, electoral                                                            | Books                                              | reference                                          |            3.98 |           16809.64 |       5.78371000565756
 AAAAAAAAEBBCAAAA | Increasing women can explain english, beautiful mechanisms. New members will stay roughly experimental officers. Afraid, positive goods cannot sound richly big competitors. Technical, social priest    | Books                                              | reference                                          |            1.87 | 14049.939999999999 |      4.834177207655153
 AAAAAAAAELKDAAAA | Chief, corresponding workers go still distinctive sizes. Black, great services help. Direct tables could not say interestingly by the responsibilities. Sound lips grow friends; reasons resist th       | Books                                              | reference                                          |            4.92 |             521.28 |    0.17935734208163726
 AAAAAAAAFJIDAAAA | Parties bother lig                                                                                                                                                                                       | Books                                              | reference                                          |           39.48 |           11150.26 |     3.8364813480647575
 AAAAAAAAGCPDAAAA | Great, economic guards would merge. Keen, direct differences get confident women; significant items apply meanwhile moving, bright q                                                                     | Books                                              | reference                                          |            3.76 | 2897.9300000000003 |     0.9970937353027913
 AAAAAAAAGGBEAAAA | Now good loans ought to admit; occasional courses shake complex services. Middle-class, great clothes think keenly products. Great workers must not try from a othe                                      | Books                                              | reference                                          |            6.82 |              285.6 |    0.09826668373717697
 AAAAAAAAGGFDAAAA | Even so eastern animals would not seem today. Ordinary sides speak away. Windows may identify abroad large authors. New, u                                                                               | Books                                              | reference                                          |           42.03 |            3413.38 |     1.1744451433291494
 AAAAAAAAGGKAAAAA | Isolated factors might involve                                                                                                                                                                           | Books                                              | reference                                          |            5.21 |            1524.85 |     0.5246566971170668
 AAAAAAAAGMLDAAAA | Concepts can oblige nights. Relationships feel then to a newspapers; distinct, successful women shall know home with a shoulders. Sure, confidential initiative                                          | Books                                              | reference                                          |           46.11 |            1794.84 |     0.6175524322088048
 AAAAAAAAGOGCAAAA | Arms stay socia                                                                                                                                                                                          | Books                                              | reference                                          |            0.89 |            8078.34 |     2.7795226957331445
 AAAAAAAAIIICAAAA | Likely, experienced interests could handle; dreams can write far by a prices. Demands ought to control rather free, usual circumstances. Separate, real games shall tell both fr                         | Books                                              | reference                                          |           19.93 |            4693.36 |     1.6148491694142744
 AAAAAAAAIKOCAAAA | Small ranks transfer now white ideas; again right details include perhaps po                                                                                                                             | Books                                              | reference                                          |            4.51 |            9306.25 |     3.2020109437293525
 AAAAAAAAIOCEAAAA | Dead powers can know incredibly urban teachers. Less payable rivers may not surrender monthly circumstances. Entire cases enter only available, disabled earnings; still good knees mus                  | Books                                              | reference                                          |            2.67 |            1398.78 |     0.4812796634379845
 AAAAAAAAJEPDAAAA | Only early talks must ente                                                                                                                                                                               | Books                                              | reference                                          |            3.81 |            7816.19 |      2.689324477449878
 AAAAAAAAJNGAAAAA | International, financial stores used to come precisely more than sorry projects; fine leaders love in a goods. Matters should ensure. Main, strong hands would                                           | Books                                              | reference                                          |            4.92 |             707.72 |    0.24350594332799325
 AAAAAAAAKAICAAAA | Cases ask to the things. Particular parts change royal, private pilots. Blue, social seconds stay else with the days. Considerations join. Eyes will argue                                               | Books                                              | reference                                          |           69.79 |            5608.74 |     1.9298049010646143
 AAAAAAAAKAMBAAAA | Eyes must not give white problems; public, old factors can tell usually too important steps; fundamental germans                                                                                         | Books                                              | reference                                          |            2.67 |  9502.349999999999 |      3.269483271043289
 AAAAAAAAKBGDAAAA | Significant depart                                                                                                                                                                                       | Books                                              | reference                                          |             2.2 |            4780.58 |     1.6448590439085202
 AAAAAAAAKEBCAAAA | Due stairs induce video-taped, local maps. Private, available volunteers develop more powerful parents. Other, united characteristics dodge dema                                                         | Books                                              | reference                                          |            2.22 |           19695.22 |      6.776554463844966
 AAAAAAAAKEPDAAAA | Minutes establish also purposes. National, major weeks happen also as commerc                                                                                                                            | Books                                              | reference                                          |            54.8 |            4111.98 |     1.4148131589411654
 AAAAAAAAKNHBAAAA | Most late players imitate new, previous holidays. Empty                                                                                                                                                  | Books                                              | reference                                          |            0.47 |           10851.02 |      3.733521535594474
 AAAAAAAAKPGDAAAA | As national bones get never again chinese functions. Now royal languages could come small, alone things. Public, little reasons use only loose fans. Far determined styles may appear well               | Books                                              | reference                                          |            6.34 |  5391.339999999999 |     1.8550038609929673
 AAAAAAAALELCAAAA | Bold, ready languages send really bonds; apart initial damages should promote even possible high territor                                                                                                | Books                                              | reference                                          |            8.54 |              520.2 |    0.17898574537842948
 AAAAAAAALOCBAAAA | At present nervous agencies oppose years. Different colou                                                                                                                                                | Books                                              | reference                                          |            2.61 |               99.2 |    0.03413184533168051
 AAAAAAAALOECAAAA | Great millions might pump right available members. Often special friends coul                                                                                                                            | Books                                              | reference                                          |            1.72 |           11851.41 |       4.07772674478157
 AAAAAAAAMDACAAAA | Parents make later schemes. Parties express completely. Courts become children; economic mothers must not listen best about evil rules; old applications would not o                                     | Books                                              | reference                                          |            7.53 |            3733.29 |     1.2845169038136042
 AAAAAAAAMOLBAAAA | Places achieve also young principles. Pleased mothers might make with a obligations. Very                                                                                                                | Books                                              | reference                                          |            2.16 |            6457.38 |      2.221797332740797
 AAAAAAAANAPDAAAA | Names can know still im                                                                                                                                                                                  | Books                                              | reference                                          |            5.42 |            4744.78 |     1.6325413013392243
 AAAAAAAANBKBAAAA | Tired, specific men must commemora                                                                                                                                                                       | Books                                              | reference                                          |            9.21 |              431.4 |    0.14843223867023156
 AAAAAAAANMCEAAAA | Different users must not make banks. Purposes finish however immediate women. Political operations appoint senior, arbitrary firms. Certainly elderly proceedings could find o                           | Books                                              | reference                                          |            3.55 |           14035.09 |      4.829067752986046
 AAAAAAAAOCKCAAAA | Professiona                                                                                                                                                                                              | Books                                              | reference                                          |            4.47 | 3184.6400000000003 |      1.095742337873821
 AAAAAAAAOJGAAAAA | Days ought to lower cold, scottish terms. At first regional skills might list best solid facts. Na                                                                                                       | Books                                              | reference                                          |           79.95 | 1808.3799999999999 |     0.6222111538397621
 AAAAAAAAOLGBAAAA | White descriptions pay british facilities. Walls conceive afraid farmer                                                                                                                                  | Books                                              | reference                                          |            1.89 | 3450.7400000000002 |     1.1872996366919677
 AAAAAAAAOLKAAAAA | Poor profits may not minimi                                                                                                                                                                              | Books                                              | reference                                          |             5.1 |            7079.83 |     2.4359643400664477
 AAAAAAAAOLPDAAAA | Available arts could see unaware, hard places. Companies make calmly into the emotions; alread                                                                                                           | Books                                              | reference                                          |            4.04 |             337.01 |    0.11595537495191179
 AAAAAAAAONACAAAA | Teachers will feed into a sets; spaces shall assist eventually late novels; elements share upwards. Today important attitudes protect about current, used rates                                          | Books                                              | reference                                          |            4.07 |            5761.14 |     1.9822413247394945
 AAAAAAAAPDKDAAAA | Interesting, new appeals reward again expenses. Continuing, invisible metals should not make recent, specific opportunities. Executive prof                                                              | Books                                              | reference                                          |            9.09 |            1375.31 |    0.47320431656364437
 AAAAAAAAPEMAAAAA | Just eager figures prepare on the factors. Public, capital months feel plainly teams; only, content employers define only for no buildings; studies ought to talk correct changes. Social, viole         | Books                                              | reference                                          |            3.81 |            6102.27 |       2.09961427229994
 AAAAAAAAPLBBAAAA | Yet magnetic doctors go beautiful things. Sanctions retain; arab, confident beds must not listen living spaces. Outdoor interests see; profound disputes woul                                            | Books                                              | reference                                          |            9.13 |            3657.82 |     1.2585498638218509
 AAAAAAAAAOACAAAA | Always various areas think then new processes. Arrangements comply virtually by a needs. Radical students see feet. Today lengthy comments used to disappear levels. High                                | Books                                              | romance                                            |           78.66 |            6797.17 |     2.5902134450932124
 AAAAAAAAAOOBAAAA | Other relations must need very behind physical levels. Political banks will stop. Immensely old teachers influence spontaneously again old responsibilities. Chief events                                | Books                                              | romance                                            |            0.97 |            3513.48 |     1.3388900285068785
 AAAAAAAABMLBAAAA | Increased examples might not consider workers; aware, enormous goods should see often docum                                                                                                              | Books                                              | romance                                            |            3.78 |           12079.93 |      4.603327134937753
 AAAAAAAACBFCAAAA | Serious students go. Differences take back, minor lessons. Fields shall exist both together given departm                                                                                                | Books                                              | romance                                            |            9.43 |           11514.35 |      4.387800243558574
 AAAAAAAACCAEAAAA | Things form for instance red studies. American students could not ensure never possible characteristics. Other                                                                                           | Books                                              | romance                                            |            3.41 |            1210.49 |    0.46128425111493204
 AAAAAAAACGGDAAAA | Physical wings used to live women. Now big developments will sign scientifically home final police. Books must not read to the women; per annum equivalent accidents c                                   | Books                                              | romance                                            |            7.75 |            2543.52 |     0.9692651061932374
 AAAAAAAACGHCAAAA | Cases can see now then blank personnel. Only good moves include also proposed, dull                                                                                                                      | Books                                              | romance                                            |            0.93 | 27225.920000000006 |     10.375044914138119
 AAAAAAAACGMCAAAA | Divisions ought to know now me                                                                                                                                                                           | Books                                              | romance                                            |             0.5 |            1584.24 |     0.6037100364202265
 AAAAAAAACOBCAAAA | There handsome views must agree. Appearances used to allow early, principal policemen; new countries shall not like imp                                                                                  | Books                                              | romance                                            |            2.18 |            1932.77 |     0.7365251774301376
 AAAAAAAADCLAAAAA | Major, political ships used to get products. Big good schools may make more only new feelings. Phen                                                                                                      | Books                                              | romance                                            |            5.02 |             9062.1 |     3.4533156094049726
 AAAAAAAADKJAAAAA | Problems can deal very proceedings. Members react unusual, overseas weeks. Obvious,                                                                                                                      | Books                                              | romance                                            |             4.3 |  873.1200000000001 |    0.33272187736657843
 AAAAAAAADPDEAAAA | Duties run accordingly old courts. Civil communists would give therefore by the steps. Eyes hold ju                                                                                                      | Books                                              | romance                                            |           35.05 |            6761.28 |     2.5765367589805512
 AAAAAAAAEAIBAAAA | Free, local practitioners invoke today capable, strategic theories. Important members mi                                                                                                                 | Books                                              | romance                                            |            4.03 |              59.63 |   0.022723343351852058
 AAAAAAAAEHEEAAAA | Principles change. Only young feelings shall invite sometimes. Substantial workers would vote in a conditions. Minor, annual hotels will become other, famous details. Other, important                  | Books                                              | romance                                            |            1.64 | 6065.9800000000005 |     2.3115771642707954
 AAAAAAAAEHPCAAAA | Rights should settle l                                                                                                                                                                                   | Books                                              | romance                                            |             4.3 |             9755.1 |      3.717398737743619
 AAAAAAAAEKGAAAAA | Polit                                                                                                                                                                                                    | Books                                              | romance                                            |            1.16 |            9624.17 |     3.6675049368873722
 AAAAAAAAEKIAAAAA | Successful times happen alike during a years. Products might suppo                                                                                                                                       | Books                                              | romance                                            |            4.22 |            4640.71 |     1.7684461969876464
 AAAAAAAAEOKBAAAA | Still foreign trees will not create always forces. Human, normal eyes explain there christian, french arms                                                                                               | Books                                              | romance                                            |            9.55 |             748.96 |    0.28540793622007576
 AAAAAAAAFPEEAAAA | Nervous products should see; soon other women shall stand                                                                                                                                                | Books                                              | romance                                            |             7.1 |             3244.5 |     1.2363891917672982
 AAAAAAAAGEADAAAA | Other, initial channels effect indeed styles. Ol                                                                                                                                                         | Books                                              | romance                                            |            8.54 |            5575.82 |     2.1247907484173023
 AAAAAAAAGNECAAAA | Stories would stand technol                                                                                                                                                                              | Books                                              | romance                                            |            6.54 |            1991.51 |     0.7589093664036037
 AAAAAAAAHJBCAAAA | Normal relations might live. Resources dare others. Telecommunications should not interpret down a details; already main arrangements could not consid                                                   | Books                                              | romance                                            |            9.65 |            1081.47 |     0.4121182984190415
 AAAAAAAAHLPBAAAA | Perhaps real friends must afford independently that is other deposits. Good men will not reproduce for the agencies. Early, unknown equations                                                            | Books                                              | romance                                            |            7.24 |            4941.47 |     1.8830575125419484
 AAAAAAAAHMBCAAAA | Recent years use then russian savings. Nucl                                                                                                                                                              | Books                                              | romance                                            |            4.26 |            5764.83 |     2.1968172305057405
 AAAAAAAAIAODAAAA | Patients make; top, pretty months act now large, bold members. Happy, financial times used to print also residential, pleasant pi                                                                        | Books                                              | romance                                            |             3.5 |            8645.92 |     3.2947209249143845
 AAAAAAAAIDKCAAAA | Things will distinguish. Correct agreements used to detect parties; su                                                                                                                                   | Books                                              | romance                                            |            9.43 |             627.21 |    0.23901237940156178
 AAAAAAAAIFMDAAAA | Necessary v                                                                                                                                                                                              | Books                                              | romance                                            |             7.5 |  792.3299999999999 |    0.30193504340051885
 AAAAAAAAIHBBAAAA | Available, actual parents reach too valuable degrees. Accordingly free feet shall separat                                                                                                                | Books                                              | romance                                            |            4.72 |            1343.25 |     0.5118754143447136
 AAAAAAAAIJLBAAAA | Indeed natural problems give really later british options. Certain models show as african, new cars. Animals contemplate now trains. Only contemporary techniques detai                                  | Books                                              | romance                                            |            4.36 |            2438.89 |     0.9293935077544603
 AAAAAAAAIOPAAAAA | Central children might believe widely public centres; good, annual orders pay implicit, important companies; wides                                                                                       | Books                                              | romance                                            |            2.61 |             8653.8 |      3.297723774916272
 AAAAAAAAIPOAAAAA | Legal days perform by a criteria. Sometime                                                                                                                                                               | Books                                              | romance                                            |            1.48 |  9367.720000000001 |      3.569778936508663
 AAAAAAAAJGNAAAAA | Strong scenes fit girls. Available words ought to know. Upper hours must not reform only consi                                                                                                           | Books                                              | romance                                            |           51.34 |            2928.49 |     1.1159665231002052
 AAAAAAAAJIOAAAAA | Active weeks listen immediate rights; wide, necessary eyes hold otherwise royal outcomes. Romantic charges might support adequately good, young patients. Green rights ought to incl                     | Books                                              | romance                                            |            1.54 |            1075.13 |    0.40970229981346146
 AAAAAAAAKBCAAAAA | Too serious regulations shall accept parts. Still tropical forces think direct feet. Children will need more boys; safe, possible shares used                                                            | Books                                              | romance                                            |             1.9 |            7980.92 |      3.041307821963158
 AAAAAAAAKDDEAAAA | Regional months will accom                                                                                                                                                                               | Books                                              | romance                                            |            7.53 |             5413.9 |      2.063087515891193
 AAAAAAAAKEBBAAAA | Short, local leaves will s                                                                                                                                                                               | Books                                              | romance                                            |            1.49 | 2564.6499999999996 |     0.9773171646373867
 AAAAAAAAKGEDAAAA | Paintings could not include roman, central features. Enough gay rights must not                                                                                                                          | Books                                              | romance                                            |            3.13 |           15221.98 |      5.800675465957152
 AAAAAAAALGODAAAA | Teachers ban most schools. Spare, able effects may come only big arms. Waters think more than ready members. Regional men must identify damp ways. Common reasons might not like particularly            | Books                                              | romance                                            |            1.16 |            4682.66 |     1.7844321814520132
 AAAAAAAAMDHAAAAA | Transactions used to become immediately. Notable, important funds may like from a pockets. Very damp years will ap                                                                                       | Books                                              | romance                                            |            2.45 |  915.1999999999999 |    0.34875740123452964
 AAAAAAAAMGAEAAAA | Services will try chief students. Ce                                                                                                                                                                     | Books                                              | romance                                            |            3.97 | 4502.3099999999995 |       1.71570578578697
 AAAAAAAAMJCDAAAA | Senior, skilled houses know at least great rights; states may know almost inner, final chips. Also military procedures should not control however in a months. So late beds might expect as rights. Lat  | Books                                              | romance                                            |            3.16 |             4183.2 |     1.5941017928805554
 AAAAAAAANBACAAAA | Small figures would not induce limited judges; then great customers should not contribute widely poor, financi                                                                                           | Books                                              | romance                                            |            4.09 |            2848.37 |      1.085435007598773
 AAAAAAAANKFAAAAA | Su                                                                                                                                                                                                       | Books                                              | romance                                            |           61.76 |           17089.92 |      6.512495723892059
 AAAAAAAAOCCBAAAA | Public runs would prevent v                                                                                                                                                                              | Books                                              | romance                                            |            0.99 |            9854.09 |     3.7551210882115016
 AAAAAAAAOCFBAAAA | Little loans will work r                                                                                                                                                                                 | Books                                              | romance                                            |             6.1 |             8917.2 |     3.3980982280250744
 AAAAAAAAOEBDAAAA | Appropriate, academic children used to become in a questions; final, whole procedures ought to talk always difficult, new claims. Services will introduce again informal, inherent times. Cer            | Books                                              | romance                                            |            6.63 |            3726.03 |     1.4198869533674547
 AAAAAAAAPCJCAAAA | Children know. Mechanical, soft cases may knit.                                                                                                                                                          | Books                                              | romance                                            |            5.62 |              51.68 |    0.01969381828649529
 AAAAAAAAABGEAAAA | Now local years like too liberal changes. Here religious methods take forward primary countries. Financial,                                                                                              | Books                                              | science                                            |            3.87 |            8931.92 |      3.531230279471784
 AAAAAAAAACFBAAAA | Naval, red things roll still perfect men. Seats see from a chips. Areas strive twice for a affairs. Wounds think as from a artists. Feet should not constitute however in a                              | Books                                              | science                                            |            1.64 | 10908.689999999999 |      4.312745348969879
 AAAAAAAAACFDAAAA | Miles see indian rates. Different chapters might promote free areas. Originally national seconds press;                                                                                                  | Books                                              | science                                            |            1.62 |              24.66 |   0.009749319148825134
 AAAAAAAAAFKBAAAA | Ultimately similar teachers kill often ends; documents may speak together. Royal, tiny unions recover a bit at the daughters. Groups let inevitably again major improvements; times suppor               | Books                                              | science                                            |             1.3 | 2898.4100000000003 |      1.145885000573652
 AAAAAAAABBACAAAA | Years must not produce jewish, financial subjects. National, unique kids would think then all right white habits. Practitioners would not take rati                                                      | Books                                              | science                                            |            3.16 |            8258.85 |     3.2651323784377313
 AAAAAAAABBJCAAAA | Dogs s                                                                                                                                                                                                   | Books                                              | science                                            |            8.08 | 6010.0199999999995 |      2.376058518687025
 AAAAAAAACIFCAAAA | Moral measures shall seem here physical, chief companies. Sharply proposed parents r                                                                                                                     | Books                                              | science                                            |            3.17 |            1357.05 |     0.5365090653249451
 AAAAAAAACJHBAAAA | Investors discuss fine, similar events. Small, criminal loans cannot take with the eyes. Black centres shall not replace communist questions. Ways                                                       | Books                                              | science                                            |            1.63 |            3486.44 |      1.378362378476476
 AAAAAAAACKJBAAAA | Environmentally tory years ought to introduce high individuals. Yesterday strong miles will not go conceivably no doubt other ideas. Boys will not let fin                                               | Books                                              | science                                            |            2.43 | 1214.6200000000001 |    0.48019943327437087
 AAAAAAAACLDEAAAA | Trees become women. New, soviet forces may not shift even. Economic positions ought to provide logical, medium candidates. Safe, direct matters care now gift                                            | Books                                              | science                                            |            9.35 |             6161.2 |     2.4358274590324984
 AAAAAAAACOICAAAA | Hopes enter in the hills. Groups satisfy th                                                                                                                                                              | Books                                              | science                                            |            4.57 |            1262.55 |     0.4991485357400313
 AAAAAAAADMBAAAAA | Ever corporate dates could get only sources. More actual states can get. Banks will test vehicl                                                                                                          | Books                                              | science                                            |            4.13 |             2451.2 |     0.9690807419951405
 AAAAAAAADOOAAAAA | Old, individual proceedings can reduce seriously poor, awful solutions;                                                                                                                                  | Books                                              | science                                            |            7.23 |            3539.89 |     1.3994938102893189
 AAAAAAAAGFFDAAAA | So other records may come necessary pupils. Countries say at a w                                                                                                                                         | Books                                              | science                                            |            6.28 |              223.8 |    0.08847922244554197
 AAAAAAAAGLGAAAAA | Rigid words develop so mainly true officials. Facts stop especially at a homes. Alive mammals bring. Holders confirm national, free shows; easy, exact statements                                        | Books                                              | science                                            |            3.32 |            6359.57 |     2.5142529431992644
 AAAAAAAAGLIAAAAA | Important politicians find connections. Groups could not make both only methods; new foreigners might answer only arab, new libraries. Social approaches wi                                              | Books                                              | science                                            |            2.48 |               9.84 |   0.003890239271064044
 AAAAAAAAGMBDAAAA | Liberal, soviet                                                                                                                                                                                          | Books                                              | science                                            |             2.7 |             127.41 |    0.05037148226892986
 AAAAAAAAGNHCAAAA | Different rules start better in a schools; long walls suppose thus; differences enter really left, subject orders. Miles buy                                                                             | Books                                              | science                                            |            2.96 |             5010.6 |     1.9809383019912092
 AAAAAAAAHHLDAAAA | Surprising, western users ought to entertain secondary, permanent types. Only broad loans launch bedrooms. Th                                                                                            | Books                                              | science                                            |             3.1 |             457.17 |    0.18074193979190536
 AAAAAAAAIFJBAAAA | Emotion                                                                                                                                                                                                  | Books                                              | science                                            |            2.56 | 21696.260000000002 |      8.577605964147965
 AAAAAAAAIJCBAAAA | Particular days set tears. Different, legitimate proportions think particularly enough popular ways                                                                                                      | Books                                              | science                                            |            0.48 |            4465.78 |     1.7655439768223968
 AAAAAAAAIJIAAAAA | Namely free children should conceal now then good pupils. Costly fields stop deep unaware needs. Else occasional changes could trap carefully. Details investigate on a genes. Slowly public terms must  | Books                                              | science                                            |            8.64 |             288.84 |    0.11419275518842868
 AAAAAAAAIMHBAAAA | Bands file eastern considerat                                                                                                                                                                            | Books                                              | science                                            |            0.92 | 11162.619999999999 |      4.413136452435459
 AAAAAAAAIMLDAAAA | Well new practices should not call by                                                                                                                                                                    | Books                                              | science                                            |            1.38 |            2673.36 |     1.0569115912288387
 AAAAAAAAJFIAAAAA | Main, aware factors should feel carefully fine, old trees. Past corners win only at a systems. Professional models shall spend nuclear, correct individuals. Al                                          | Books                                              | science                                            |           43.69 |             322.24 |     0.1273974291369591
 AAAAAAAAJFNBAAAA | Conscious qualifications must smell here ready, r                                                                                                                                                        | Books                                              | science                                            |            0.72 |             3709.5 |     1.4665490422776495
 AAAAAAAAJNECAAAA | Alternative methods arrange really to a doubts. Different islands talk finely; technological, material houses attract yesterday public cases. Main children may analyse ago nicely successful            | Books                                              | science                                            |           34.21 |           12074.46 |      4.773631958220727
 AAAAAAAAJOLAAAAA | So dead barriers would cost expectations. Open plants could know british, civil affairs. Academic organ                                                                                                  | Books                                              | science                                            |            4.49 |             702.28 |    0.27764606049622526
 AAAAAAAAKFGCAAAA | Over spiritual parents can define as old hours. United factors could welcome well male ways. General things must move in the minutes. Twins would reply minutes. Special organisms would come al         | Books                                              | science                                            |            7.28 |            3109.38 |     1.2292918886850728
 AAAAAAAAKIDBAAAA | Private, comparable trees may not head nearly major parties. Firms would make secure concep                                                                                                              | Books                                              | science                                            |            4.39 |            9474.36 |     3.7456836727843834
 AAAAAAAALCNCAAAA | Legs shall not make today inc times. Old, united gaps cannot see more basic children. Goods buy                                                                                                          | Books                                              | science                                            |            5.39 |            3365.26 |     1.3304539237135147
 AAAAAAAAMAODAAAA | Shots must talk at least subjects; at best honest                                                                                                                                                        | Books                                              | science                                            |            2.59 |           12348.88 |      4.882123773339162
 AAAAAAAAMKGBAAAA | Social plans used to mee                                                                                                                                                                                 | Books                                              | science                                            |            8.78 |            6362.45 |     2.5153915498151855
 AAAAAAAAMMBDAAAA | Directors invest therefore. Strong notions wait quickly for a                                                                                                                                            | Books                                              | science                                            |            2.15 |            4992.44 |     1.9737587547185946
 AAAAAAAANDKCAAAA | Long successful years should serve never local, irish papers. Scientific, other rates te                                                                                                                 | Books                                              | science                                            |            2.15 | 3159.3999999999996 |     1.2490672716463147
 AAAAAAAANEHBAAAA | Social, present questions contain successful arrangements. Historic, official children used to prevent at least in a efforts. Single, reliable specialists pa                                            | Books                                              | science                                            |            5.04 |            6227.73 |      2.462130062559317
 AAAAAAAAOACAAAAA | Therefore voluntary artists                                                                                                                                                                              | Books                                              | science                                            |            9.46 |              21.35 |   0.008440712239554607
 AAAAAAAAOCGAAAAA | Too major gains spot often special cuts. Prices could praise powers. Correct patients distinguish chinese attitudes; more personal degrees could find married, neighbouring consequences. Much           | Books                                              | science                                            |           73.81 |             6879.5 |     2.7198070188297856
 AAAAAAAAOFICAAAA | Perfect, expected crews renew. French, european sectors become yards. Criminal, good rounds want now united benefits. Further american eggs require only satisfactory restri                             | Books                                              | science                                            |            0.22 |            2220.18 |     0.8777470960194073
 AAAAAAAAOIBDAAAA | Certainly unusual eyes specify only like the needs. Manufacturing, growing parents shake important, correct                                                                                              | Books                                              | science                                            |            9.16 |           11280.93 |      4.459910254077694
 AAAAAAAAOJGCAAAA | Clear, running seconds gauge always significant companies. Systems tell on a pounds. Parties might not steal yes                                                                                         | Books                                              | science                                            |            2.09 |  5372.219999999999 |     2.1239045952028124
 AAAAAAAAOJIAAAAA | Deep interests will not visit once efforts. Identical, relevant miners take also prayers. Unacceptable clouds may handle conservative, impressive churches. Libraries used to come criminal, realistic p | Books                                              | science                                            |            3.78 |            7421.05 |      2.933908551070104
 AAAAAAAAOMFAAAAA | Fairly steady problems touch then dull scientists. Effects ought to reach in a goods. Liberal, demanding children fight then now very provisions. Operations could provide other pictur                  | Books                                              | science                                            |            0.66 |           12075.11 |     4.7738889354083485
 AAAAAAAAOMFBAAAA | Strongly adverse interests shall mak                                                                                                                                                                     | Books                                              | science                                            |            5.97 |            1392.93 |     0.5506942060816299
 AAAAAAAAOOABAAAA | Police lead more right                                                                                                                                                                                   | Books                                              | science                                            |            4.48 |           19864.22 |     7.8533098305951015
 AAAAAAAAPAFCAAAA | Possible views occur on the words. So a                                                                                                                                                                  | Books                                              | science                                            |             4.1 |                2.7 |  0.0010674437024261096
 AAAAAAAAPAOCAAAA | Rooms                                                                                                                                                                                                    | Books                                              | science                                            |           50.31 |            9778.84 |     3.8660596944564953
 AAAAAAAAPHLBAAAA | More long-term reasons know young tourists. Instances think as sets. Peculiarly social quantities might ta                                                                                               | Books                                              | science                                            |           24.07 |            1802.58 |     0.7126491367108357
 AAAAAAAAAECCAAAA | Rough years shall win new days. Fresh citizens keep colours. Financial, national others shake quite possible, informal employer                                                                          | Books                                              | self-help                                          |            6.14 |                  0 |                      0
 AAAAAAAAAEFBAAAA | Previous historians mix. Walls read both simply royal days. Owners shall not get; green, secondary things will think again in a institutions. Foreign, general years go late. Late, et                   | Books                                              | self-help                                          |            3.94 |            2154.06 |     0.8374279594867214
 AAAAAAAAAGDEAAAA | Marks would know. Economic, clear shares must not talk hands. Countries shall complete perfectly before a elements. Now po                                                                               | Books                                              | self-help                                          |            0.62 |            5620.17 |     2.1849379752971076
 AAAAAAAAAJACAAAA | Measures may pursue on an minutes; judicial, early hands guarantee please to the things. Russian procedures form rather clear figures; publications may talk most                                        | Books                                              | self-help                                          |            7.29 |             257.49 |    0.10010367644737654
 AAAAAAAAAOJAAAAA | Simple organizations must not establish implicit ideas. Views give too british minutes. Ill, soft reasons write in a consumers. Players describe however. Critics poison about; ladies                   | Books                                              | self-help                                          |             1.7 | 6872.7699999999995 |     2.6719078192443826
 AAAAAAAAAOPDAAAA | Nice others shall behave soon either notable ministers; only early systems may fall right; personal, other candidates warn thus articles. Repeatedly resp                                                | Books                                              | self-help                                          |            7.56 | 3005.1099999999997 |     1.1682883184930508
 AAAAAAAABHBBAAAA | Lovely, political others remain systems. Arab forces should not incorporat                                                                                                                               | Books                                              | self-help                                          |            3.71 |           14246.56 |      5.538595800722889
 AAAAAAAABONAAAAA | Then religious b                                                                                                                                                                                         | Books                                              | self-help                                          |            2.51 |             593.78 |    0.23084221135159907
 AAAAAAAABPPDAAAA | Magnificent features like much criminal states. Brave children could not ac                                                                                                                              | Books                                              | self-help                                          |            0.68 |            2590.37 |     1.0070509936657377
 AAAAAAAACFHCAAAA | Financial, chief trees                                                                                                                                                                                   | Books                                              | self-help                                          |            3.91 |            2021.84 |     0.7860251551064654
 AAAAAAAACICCAAAA | Probably                                                                                                                                                                                                 | Books                                              | self-help                                          |            2.31 |              22335 |      8.683116289767195
 AAAAAAAACOBDAAAA | National, concerned proteins see                                                                                                                                                                         | Books                                              | self-help                                          |            1.91 |            2566.32 |     0.9977011415605709
 AAAAAAAAECIDAAAA | Residential times play on the foods;                                                                                                                                                                     | Books                                              | self-help                                          |            9.39 |            6687.95 |     2.6000558580769426
 AAAAAAAAEKFAAAAA | Closed towns improve well different, common clients. Long, short heads enter still among a workers. Profitable days will not say european, great comparisons. Well little studi                          | Books                                              | self-help                                          |            1.74 |            3339.96 |     1.2984670285726814
 AAAAAAAAFABBAAAA | Just british argument                                                                                                                                                                                    | Books                                              | self-help                                          |            2.27 | 10955.330000000002 |      4.259073399721301
 AAAAAAAAFPEBAAAA | Free, contemporary views say terms. Min                                                                                                                                                                  | Books                                              | self-help                                          |            1.87 |            9035.07 |     3.5125392207829367
 AAAAAAAAGBDBAAAA | Lines talk just to the shareholders. Sad, main studies will sell just doubtful, central arms; nev                                                                                                        | Books                                              | self-help                                          |            1.12 |            8753.44 |     3.4030507031788564
 AAAAAAAAGEAEAAAA | Encouraging, naked cars shall form very from a minutes; members exercise to a users. Medical workers shall spend at the things. Different da                                                             | Books                                              | self-help                                          |            0.35 |               8640 |     3.3589489475526557
 AAAAAAAAGGEBAAAA | Good men can meet all. Social ways prevent. Devices want quickly young we                                                                                                                                | Books                                              | self-help                                          |            2.84 |            5220.68 |     2.0296293508691203
 AAAAAAAAGHCBAAAA | Modules improve men;                                                                                                                                                                                     | Books                                              | self-help                                          |            6.56 | 464.16999999999996 |     0.1804540894659162
 AAAAAAAAGIDAAAAA | High chinese levels escape on a cards. Largely solid facilities might think more files; representative, novel notes might convert sexual, historical scor                                                | Books                                              | self-help                                          |            1.32 | 3210.0499999999997 |     1.2479622765152085
 AAAAAAAAGLKCAAAA | Types co-operate communities. Biological part                                                                                                                                                            | Books                                              | self-help                                          |            4.11 |             970.56 |    0.37732193177508166
 AAAAAAAAGPHDAAAA | Distinct, fine politicians scrap yet from a ord                                                                                                                                                          | Books                                              | self-help                                          |            2.79 |           13657.22 |      5.309479715913782
 AAAAAAAAHCBDAAAA | Parties                                                                                                                                                                                                  | Books                                              | self-help                                          |            1.26 |            6640.16 |     2.5814766717107918
 AAAAAAAAHDFEAAAA | Heavy years used to ask really days. Shelves borrow. Sometimes different stones donate arms. Tough, revolutiona                                                                                          | Books                                              | self-help                                          |            9.99 |             1116.2 |     0.4339419925067447
 AAAAAAAAHDHCAAAA | Sides justify typicall                                                                                                                                                                                   | Books                                              | self-help                                          |            1.61 |            3747.68 |     1.4569752073801083
 AAAAAAAAHPECAAAA | As open conditions stay distinct, political places. As large musicians get less; tory reductions may put seriously too real questions. Now good departments could destroy well with the combin           | Books                                              | self-help                                          |            4.33 |            7982.76 |     3.1034355671950737
 AAAAAAAAIKJCAAAA | Far long planes think. Inc goods convey again. Parts say there alone words. Normally personal d                                                                                                          | Books                                              | self-help                                          |           81.68 |            1025.22 |     0.3985719490752238
 AAAAAAAAIMCAAAAA | Remote systems must come sometimes responsible                                                                                                                                                           | Books                                              | self-help                                          |            4.93 |            5910.08 |     2.2976454856425925
 AAAAAAAAINOAAAAA | Preferences will not appear deep years. Contributions would leave from a leads. Unable, so-called services would weep more plants. Australian volunteers st                                              | Books                                              | self-help                                          |           24.92 |            6112.83 |      2.376468043410683
 AAAAAAAAKCHDAAAA | Wrong results would not specify. Industrial, urban guidelines must not                                                                                                                                   | Books                                              | self-help                                          |            7.79 |            3079.38 |     1.1971620613558678
 AAAAAAAAKJABAAAA | Alleged thanks may fire either funds. Liberal friends might occupy today soci                                                                                                                            | Books                                              | self-help                                          |             3.7 |            9959.85 |      3.872063388342861
 AAAAAAAAKKGCAAAA | Now sure groups shall get then open unlikely lists. However rural components would protect usually grim old reasons; certainly medical seeds may stop by                                                 | Books                                              | self-help                                          |            6.95 |            4311.09 |     1.6760105576741642
 AAAAAAAAKMEDAAAA | Still keen runs shop else christian cases. Happy, unc                                                                                                                                                    | Books                                              | self-help                                          |            0.58 | 13432.019999999999 |      5.221929333623405
 AAAAAAAALEDBAAAA | External, minor businesses would know certain incentives. Auditors regain more because of the seats. Legal sanctions see; palestinian, low stones prevent in order charges. Lo                           | Books                                              | self-help                                          |            1.44 |             762.85 |     0.2965710885000629
 AAAAAAAALGCAAAAA | New, relevant pi                                                                                                                                                                                         | Books                                              | self-help                                          |            2.08 |             218.12 |    0.08479791023613255
 AAAAAAAALLHCAAAA | Industrial offenders hear possible partners. Awkward ministers supply technical, voluntary features. German artists repres                                                                               | Books                                              | self-help                                          |            2.19 |            4087.65 |     1.5891444057249553
 AAAAAAAALOAAAAAA | Severe, golden waves would prepare economic, eventual words. Grey consumers shall not get cheerfully in a experiences. Professional, left                                                                | Books                                              | self-help                                          |            0.85 |            3864.05 |     1.5022160510174583
 AAAAAAAAMAMBAAAA | All other wives live tonight in a unions. Local streets hire also. Other, pink days reinforce terms. Exceptions cannot come really other companies. Schools m                                            | Books                                              | self-help                                          |            0.85 |  6429.419999999999 |     2.4995478637006934
 AAAAAAAAMECEAAAA | Public vis                                                                                                                                                                                               | Books                                              | self-help                                          |           34.29 |             2301.1 |     0.8945922943534046
 AAAAAAAAMHKCAAAA | Certain, annual others shall not exist suddenly only year                                                                                                                                                | Books                                              | self-help                                          |            0.42 |             530.53 |    0.20625268346586925
 AAAAAAAAMJPCAAAA | Else lovely days write. Ordinary, powerful cases must tackle then by a versions. Emotions will not damage other,                                                                                         | Books                                              | self-help                                          |            3.48 |             5104.4 |     1.9844234962833072
 AAAAAAAAMMJCAAAA | Questions may kil                                                                                                                                                                                        | Books                                              | self-help                                          |            0.42 |             2024.5 |     0.7870592759630036
 AAAAAAAAMNOBAAAA | Gentlemen embrace in a pupils. Things will not cr                                                                                                                                                        | Books                                              | self-help                                          |            1.87 |             962.13 |    0.37404462394778204
 AAAAAAAAMOPDAAAA | Scottish measures check so evil, useful spirits. General costs ought to divert among a members; human, oth                                                                                               | Books                                              | self-help                                          |            8.44 |            5450.42 |     2.1189447364259197
 AAAAAAAANCNDAAAA | Purposes break new, other police. Materials must not lower experiments. Aspects fancy also polls. Bottom decisions speak sections. German papers would occur as magnetic sente                           | Books                                              | self-help                                          |            0.71 |             512.88 |    0.19939094169222293
 AAAAAAAANKOAAAAA | Relative villages used to watch usually young months. Special                                                                                                                                            | Books                                              | self-help                                          |            2.26 |            6711.01 |     2.6090208306152025
 AAAAAAAAOFCCAAAA | Problems will cause clear bonds. Doors reject                                                                                                                                                            | Books                                              | self-help                                          |            6.56 |            4416.54 |     1.7170060630583572
 AAAAAAAAOFDEAAAA | Massive plants would test also other, popular groups. Far inner readers must send also also considerable addresses. Living, enormous requirements will make unacceptable, bri                            | Books                                              | self-help                                          |            8.56 |              545.4 |    0.21203365231426138
 AAAAAAAAOLJAAAAA | Fin                                                                                                                                                                                                      | Books                                              | self-help                                          |            1.04 |            7850.07 |      3.051850042212347
 AAAAAAAAPADBAAAA | Quickly special women reduce o                                                                                                                                                                           | Books                                              | self-help                                          |            3.18 |            5343.68 |     2.0774477213030296
 AAAAAAAAPJICAAAA | Now overall benefits shall reveal perhaps original supporters. Previously above                                                                                                                          | Books                                              | self-help                                          |            0.67 |             3593.4 |     1.3969961977008927
 AAAAAAAAACOBAAAA | Historical, classical patients make in the women. Correct, alone patients might not pass all classes. Equally great rates lead;                                                                          | Books                                              | sports                                             |            8.37 |           11312.57 |     3.8180119136759685
 AAAAAAAAADAEAAAA | Probably old words will provide common, single alternatives; recent prices produce illustrations. Political, general communicatio                                                                        | Books                                              | sports                                             |            6.68 |           21081.27 |      7.114965035833571
 AAAAAAAAAEABAAAA | Under conservative elements beat other, numerous managers. Whole, weak c                                                                                                                                 | Books                                              | sports                                             |            2.19 | 2818.9700000000003 |     0.9514072438265704
 AAAAAAAAAFJAAAAA | Respective, right children would not decline areas. Easy boys may appear in a years. Other tears cannot like professional nurses; authorities answer away urban, final players. Imp                      | Books                                              | sports                                             |            3.93 | 3647.7700000000004 |     1.2311286753009962
 AAAAAAAAAFPDAAAA | Efficient, military rates can fail yet rural muscles. Much independent goods establish much usually active schemes; possible circles get nevertheless automatic, monetary things.                        | Books                                              | sports                                             |            5.39 |             8118.1 |     2.7398727712989075
 AAAAAAAAAGEDAAAA | Nonetheless other areas could stay unique, new                                                                                                                                                           | Books                                              | sports                                             |            8.66 |               5413 |     1.8268968491446256
 AAAAAAAAAKECAAAA | Developing, detailed firms shall go all technical men; years stand soon. Fields wo                                                                                                                       | Books                                              | sports                                             |           17.16 | 1256.3999999999999 |     0.4240371700102175
 AAAAAAAAAODDAAAA | Personal policies must stand especially cheap eastern values. Full museums get for a trousers. Goods fall in a males. New, incredible carers can make about large responses                              | Books                                              | sports                                             |            2.61 |            3294.83 |     1.1120108157153494
 AAAAAAAAAPGBAAAA | Only curious others will not feed mostly prayers. Images find common books. Young minutes place. Better precise books survive long; employees                                                            | Books                                              | sports                                             |           14.76 |  5780.879999999999 |     1.9510569845341181
 AAAAAAAABEOAAAAA | Graphically high prisoners should continue particularly. Short american styles become events. Economic, central towns would cost nonetheless. High, national                                             | Books                                              | sports                                             |            0.43 |            2877.28 |     0.9710869695375667
 AAAAAAAACFKCAAAA | Far fashionable associations remain actually impossible programmes. For sure square sections                                                                                                             | Books                                              | sports                                             |            4.57 |            7714.11 |     2.6035254485414834
 AAAAAAAACODBAAAA | However human patients destroy years. Moreover delicate markets must add to a benefits. Daily things take poor, able chi                                                                                 | Books                                              | sports                                             |           54.36 | 1237.6399999999999 |    0.41770563760860047
 AAAAAAAADACCAAAA | Seriously significant counties must not resist periodically global senior ins                                                                                                                            | Books                                              | sports                                             |            4.68 |           10389.75 |     3.5065585698134814
 AAAAAAAADFCDAAAA | Then lacking restrictions advance. Now principal authorities leave further changes. Instructions would repeat especia                                                                                    | Books                                              | sports                                             |            0.38 |            3407.52 |     1.1500438853495834
 AAAAAAAADGNDAAAA | Similar bags live then. Factors will not guide around bare forests. Still full brothers would sleep decidedly usual                                                                                      | Books                                              | sports                                             |            4.15 |            1790.38 |     0.6042563422818317
 AAAAAAAAEBDDAAAA | Adv                                                                                                                                                                                                      | Books                                              | sports                                             |           34.15 | 4039.7000000000003 |     1.3634057272288092
 AAAAAAAAEDOCAAAA | Late new effects get so tall hundreds. Total, victorian remar                                                                                                                                            | Books                                              | sports                                             |            8.26 |            1616.51 |     0.5455749169796377
 AAAAAAAAEJNCAAAA | Major criteria can choose immediately real cities. Political doubts might understand naturally responses. Children seem; immediately regulatory floors drop cells. Years call often a                    | Books                                              | sports                                             |            21.1 |            3017.25 |     1.0183270862888643
 AAAAAAAAEMBDAAAA | Modest, western boards see teenage phases. Employers shall not come human, full components; possible, weak levels like well previous, other patients; closely steep points                               | Books                                              | sports                                             |            2.25 |            4337.46 |     1.4639002415094862
 AAAAAAAAEMOBAAAA | Important, big problems call openly soft, similar areas. Resources get. Increased things would not determine children. Barely other results i                                                            | Books                                              | sports                                             |            7.85 |            1729.61 |     0.5837463623220093
 AAAAAAAAENCAAAAA | Much major fingers dance                                                                                                                                                                                 | Books                                              | sports                                             |            4.96 |            4525.64 |     1.5274113165274126
 AAAAAAAAENJAAAAA | Years remind winds. Running, main passengers go very able, british pensioners. Please public cuts worry very full trees. Scientific clubs like very to a pro                                             | Books                                              | sports                                             |            3.31 | 8063.4400000000005 |      2.721424926892064
 AAAAAAAAFGOAAAAA | Groups welcome troops; back feet decide by a months. Big demands will                                                                                                                                    | Books                                              | sports                                             |            1.85 | 22641.059999999998 |      7.641396854848406
 AAAAAAAAFLOBAAAA | Rights will compare however tourists. Mostly vast women used to stay much by a rules. Developing cases may serve sole days; too wrong developments bu                                                    | Books                                              | sports                                             |            0.16 |            19304.5 |      6.515302092058457
 AAAAAAAAGAMBAAAA | Homes shall ac                                                                                                                                                                                           | Books                                              | sports                                             |            9.75 |            1411.56 |    0.47640393799715275
 AAAAAAAAGBMDAAAA | Strong victims visit long per a republics. Other services undertake. Different, professional voters could provide so. New women will refuse. Companies cou                                               | Books                                              | sports                                             |            8.46 |  4489.780000000001 |     1.5153085045912726
 AAAAAAAAGEMBAAAA | More personal plans get physically public tonnes. Transactions ought to keep low, early fields. Old, final relationships produce in a bodi                                                               | Books                                              | sports                                             |            1.78 |             8287.7 |      2.797113064226107
 AAAAAAAAGLGDAAAA | Fresh details should not extend. Recent houses straighten. Apparently political divisions may not reassure ever other reports; somewhere                                                                 | Books                                              | sports                                             |            5.89 |             4611.7 |       1.55645671516724
 AAAAAAAAGLLDAAAA | Numbers could assume finally dependent, sure sources. Activities put european members. Even select letters try whole, criminal ways; n                                                                   | Books                                              | sports                                             |           54.46 |            4336.33 |     1.4635188645577895
 AAAAAAAAGNCBAAAA | Systems build yet in a facilities. Necessarily high proces                                                                                                                                               | Books                                              | sports                                             |            1.19 |             3420.8 |     1.1545259082863357
 AAAAAAAAGNJBAAAA | Yesterday favorite ways increase previously chosen files; emotional boys should keep as well ordinary things. Initially used others should apply                                                         | Books                                              | sports                                             |            9.53 |            3411.24 |     1.1512993917746375
 AAAAAAAAHFBDAAAA | Thousands ought to swing inevitably f                                                                                                                                                                    | Books                                              | sports                                             |            8.18 |             399.28 |    0.13475768962247667
 AAAAAAAAHFEAAAAA | Apologetically eastern centuries will acquire. Other feelings forg                                                                                                                                       | Books                                              | sports                                             |             1.9 | 10147.939999999999 |      3.424947277167691
 AAAAAAAAHFMBAAAA | Too sheer officials begin over criticisms. Prices would accept special, high topics. Sometimes consistent cities could                                                                                   | Books                                              | sports                                             |             9.8 |            6267.38 |      2.115251574799934
 AAAAAAAAIEHDAAAA | Passages become patently legs. As little problems must not take always. Then like cases could reach national blocks. Old, royal places call just present, lovely studi                                   | Books                                              | sports                                             |            2.86 |            5851.18 |     1.9747833559538244
 AAAAAAAAILCBAAAA | Hours can hope particularly between a components. Makers develop probably only social police. Major terms adhere only in a hours. Likewise unusual feet could pay downstairs practices. New,             | Books                                              | sports                                             |            7.64 |           12182.33 |      4.111557415895076
 AAAAAAAAINAEAAAA | Forward white products sleep shared members. Models may not leave also well full hours. Men make to a girls. Bad, inte                                                                                   | Books                                              | sports                                             |           84.59 |            5373.82 |     1.8136735314742976
 AAAAAAAAIPFBAAAA | By no means retail                                                                                                                                                                                       | Books                                              | sports                                             |            2.23 |             805.92 |     0.2719993919568884
 AAAAAAAAKBBCAAAA | Folk should report too linear, other markets; contributions cling about poor, permanent specimens; questions might tak                                                                                   | Books                                              | sports                                             |            0.31 |            1751.48 |     0.5911275250951097
 AAAAAAAAKBPCAAAA | Labour sides li                                                                                                                                                                                          | Books                                              | sports                                             |             6.1 |            5507.11 |     1.8586591366881322
 AAAAAAAAKCPCAAAA | Equivalent counties persist. Worldwide white days mo                                                                                                                                                     | Books                                              | sports                                             |            2.37 | 3674.6800000000003 |     1.2402108467790085
 AAAAAAAAKEBEAAAA | High children must not believe delicate, able rights. Easy comprehensive things would comprehend ugly operations. Securities could not fall members. Now local lines remember av                         | Books                                              | sports                                             |            4.47 |             1284.7 |     0.4335884688889896
 AAAAAAAAKGPBAAAA | Political mi                                                                                                                                                                                             | Books                                              | sports                                             |            1.82 |            5175.33 |     1.7466828136492991
 AAAAAAAAKNCAAAAA | True, experimental attempts go so women. Then short members would pass suddenly with a stores. Lines e                                                                                                   | Books                                              | sports                                             |            4.14 |              75.02 |   0.025319379571924962
 AAAAAAAALCAAAAAA | Together common thanks succeed together armed skills. Men may smell maybe lives; scientific workers become years. Finally early sites comprehend. Other countri                                          | Books                                              | sports                                             |             2.6 |            4833.86 |      1.631436098874236
 AAAAAAAAMCJCAAAA | Prisoners must point from a funds; special, politic                                                                                                                                                      | Books                                              | sports                                             |            3.64 |              996.4 |     0.3362867209472945
 AAAAAAAAMCPAAAAA | Real days would cope. From time                                                                                                                                                                          | Books                                              | sports                                             |            7.92 |            3687.64 |      1.244584869163068
 AAAAAAAAMDLAAAAA | Iss                                                                                                                                                                                                      | Books                                              | sports                                             |            0.12 |             7878.3 |      2.658939857124719
 AAAAAAAAMJEDAAAA | Users shall attempt ago under good industries. Moreover little members could find also combinations.                                                                                                     | Books                                              | sports                                             |            1.75 |            3633.12 |     1.2261842749980274
 AAAAAAAAMKBCAAAA | Extraordinary, social symptoms should show abroad to a things. Expensive questions go too economic statements. Similar benefits begin too; french costs choose fast, whole sist                          | Books                                              | sports                                             |            2.19 |              627.9 |    0.21191733448695926
 AAAAAAAAMNKDAAAA | Walls cover rapidly strong children; interested, free windows build. Even russian members introduce then other                                                                                           | Books                                              | sports                                             |             1.1 |            1686.76 |     0.5692844133129852
 AAAAAAAAMOMDAAAA | Asleep, simple times shall look alone, importa                                                                                                                                                           | Books                                              | sports                                             |            3.49 |             172.76 |    0.05830679838504074
 AAAAAAAANIDEAAAA | Arrangements must rest then other incomes. Known, physical heels ought to ask                                                                                                                            | Books                                              | sports                                             |            7.54 |            6722.62 |      2.268895861074569
 AAAAAAAANONDAAAA | Spanish steps contact widely local papers. Rights should promote n                                                                                                                                       | Books                                              | sports                                             |            4.63 |            2380.08 |     0.8032811107910846
 AAAAAAAAPCLAAAAA | Circumstances collect now in the heads. Great animals ought                                                                                                                                              | Books                                              | sports                                             |            1.54 |            2184.08 |     0.7371307722667272
 AAAAAAAAPFCDAAAA | Elements should make most over ot                                                                                                                                                                        | Books                                              | sports                                             |             1.6 |           13610.34 |      4.593513257304095
 AAAAAAAAAAPBAAAA | Effects may not see especially at a heroes. Full, recent cards could keep only executive, long-term activities. Physical, old appointments will not explain relevant, high data                          | Books                                              | travel                                             |            1.44 |            1016.25 |    0.31684384928066234
 AAAAAAAAABLBAAAA | Ports evoke little good, adult reductions. Studies could no                                                                                                                                              | Books                                              | travel                                             |            0.99 |              72.45 |   0.022588277373071574
 AAAAAAAAADLAAAAA | Cattle see meals. Tiny, recent directions will not cut in a buyers. Stands could guard later commercial, red members.                                                                                    | Books                                              | travel                                             |           78.45 |             901.32 |       0.28101126517456
 AAAAAAAAAFFBAAAA | Years can find. Either evident meetings produce alternative, able children. Most central fees change less indeed c                                                                                       | Books                                              | travel                                             |            3.55 |            3500.22 |      1.091289720176295
 AAAAAAAAAGLDAAAA | Similar notes shall train colourful, official copies. Days should discover here tests. Soon previous teeth used to see to a travellers. Little, raw holders used to help i                               | Books                                              | travel                                             |             2.3 |  8065.860000000001 |     2.5147533876102566
 AAAAAAAAAHNDAAAA | Rough, following elements pay newly. Customers hold often limited months. Alone, golden of                                                                                                               | Books                                              | travel                                             |            4.08 |            8356.32 |     2.6053122702297506
 AAAAAAAAAJHBAAAA | Goods find soon; then substantial cases used to allow more personal basic players. Previous, clear provisions might see beforehand others. Atlantic parts think also also true years. Little reade       | Books                                              | travel                                             |            2.73 | 13840.029999999999 |      4.315009475384842
 AAAAAAAAAKKDAAAA | Rather british quanti                                                                                                                                                                                    | Books                                              | travel                                             |            1.05 |            1791.56 |     0.5585680360317475
 AAAAAAAAAMOCAAAA | Charges could believe extremely high cells. Alongside main spots will enter so typical, sorry schools; children should support as central, independent                                                   | Books                                              | travel                                             |           29.55 |            1242.49 |    0.38738038306787714
 AAAAAAAAAOKCAAAA | Professional, interesting funds                                                                                                                                                                          | Books                                              | travel                                             |            0.94 |            8615.95 |     2.6862590535889033
 AAAAAAAABEACAAAA | Interests understan                                                                                                                                                                                      | Books                                              | travel                                             |            2.94 |            2171.01 |     0.6768719953031349
 AAAAAAAABLHDAAAA | Full, criminal concerns catch often especially good lights. Altogether young books ought to like with a authorities. Well various sales ought                                                            | Books                                              | travel                                             |            0.14 |  6745.030000000001 |     2.1029483578977084
 AAAAAAAABLOCAAAA | Eyes replace with a methods. Current lengths                                                                                                                                                             | Books                                              | travel                                             |            4.68 |  7131.469999999999 |      2.223431641652708
 AAAAAAAABNIDAAAA | Too like children must not see due organisers; nationwide competiti                                                                                                                                      | Books                                              | travel                                             |           86.77 | 2857.5699999999997 |     0.8909259319940391
 AAAAAAAACAJAAAAA | Asian deals must help used services. At present detailed women might want closely still technical tons. Studies sha                                                                                      | Books                                              | travel                                             |             2.3 |               5372 |     1.6748685444877913
 AAAAAAAACBNBAAAA | Slow days used to like songs. Differently valuable members stop most patients. Uncomfortable, real laboratories wear other bits. Overseas pressures understand guests. Players bel                       | Books                                              | travel                                             |            8.94 |            4570.92 |     1.4251098524516261
 AAAAAAAACJACAAAA | Mainly other elements respond as able others. Central lives might explain significantly bad, domestic buildings. Pensioners tell in the funds. Usually available decision                                | Books                                              | travel                                             |            4.42 |  6143.779999999999 |     1.9154921567857783
 AAAAAAAACKLCAAAA | Proud, national bonds ought to function to a teach                                                                                                                                                       | Books                                              | travel                                             |            4.85 |               64.8 |    0.02020317976225035
 AAAAAAAACOAAAAAA | Essential nights marry. Largely likely months consist. Combined,                                                                                                                                         | Books                                              | travel                                             |             5.6 |             1882.4 |      0.586889900994754
 AAAAAAAACPECAAAA | Magistrates vote. Skilfully constant links give; strange, environmental                                                                                                                                  | Books                                              | travel                                             |           84.16 |            2915.16 |     0.9088811962302736
 AAAAAAAADEMAAAAA | However sure families fight into a creditors. New feet must pull jobs. Only presen                                                                                                                       | Books                                              | travel                                             |            4.64 |            8313.73 |     2.5920336679755187
 AAAAAAAADLIAAAAA | Suitable things could not argue. Remarkable papers might consider soon political techniques. New surroundings cannot see for certain new, afraid things; long di                                         | Books                                              | travel                                             |            3.78 |            9136.56 |     2.8485735198855875
 AAAAAAAADOODAAAA | Eventual, direct powers will follow in the rats; thus lonely servants hide in a posts. Regional, subjective pa                                                                                           | Books                                              | travel                                             |            2.66 |                    |                       
 AAAAAAAAEBIBAAAA | Poor, growing years might not ensure in order top talks. Other, economic associations might resist true social rights. Streets buy there enough                                                          | Books                                              | travel                                             |            1.04 |            8641.15 |      2.694115845718667
 AAAAAAAAECGEAAAA | Here likely developments would not work because of a tears. Eno                                                                                                                                          | Books                                              | travel                                             |            4.13 |  9994.029999999999 |     3.1159133431994266
 AAAAAAAAEEECAAAA | Usual computers must tell as good, similar police. Industrial members return on a things. Pla                                                                                                            | Books                                              | travel                                             |            1.96 |             234.24 |    0.07303075351094941
 AAAAAAAAEMHDAAAA | Charges mean years; universal, empirical years affect most in a                                                                                                                                          | Books                                              | travel                                             |            9.02 |            3473.73 |     1.0830307351160788
 AAAAAAAAEOFCAAAA | Financial, wonderful walls update however social, determined subjects                                                                                                                                    | Books                                              | travel                                             |            0.44 |            7290.66 |     2.2730634963803724
 AAAAAAAAEPDDAAAA | Involved rights will not send relations. Results used to see alone in the functions. Clear restrictions will seek more past a parties. System                                                            | Books                                              | travel                                             |            4.24 |            3315.68 |     1.0337543066990469
 AAAAAAAAFKGBAAAA | That is inadequate pupils tell politicians. Good, serious owners used to escape then in a words. Bodies should not know only comp                                                                        | Books                                              | travel                                             |            0.45 |            1211.28 |     0.3776498083706575
 AAAAAAAAGJLDAAAA | Ultimately military words rest again primary, likely commitments. Cats explain again wrong, old chips; films walk c                                                                                      | Books                                              | travel                                             |           40.55 |            4750.98 |     1.4812485028835827
 AAAAAAAAGLHBAAAA | Civil phrases could dictate. Here particular groups give closely. Particu                                                                                                                                | Books                                              | travel                                             |            7.06 | 3658.1800000000003 |      1.140538088621435
 AAAAAAAAGOFBAAAA | Different services move in a emissions. Also whole goods can pay es                                                                                                                                      | Books                                              | travel                                             |            0.33 | 2798.3900000000003 |     0.8724749415877125
 AAAAAAAAGOOBAAAA | Forces warn upper quarters. Economic men get most seldom english services. Tonnes used to notice actually french days. Softly low times rescue. New readers draw often imports. Economic m               | Books                                              | travel                                             |            0.67 |            2760.84 |      0.860767697759433
 AAAAAAAAHDJAAAAA | Finally active lengths come once more techniques; leaders shall not make all the same good pi                                                                                                            | Books                                              | travel                                             |            9.18 |            3636.71 |     1.1338442264378623
 AAAAAAAAHEEEAAAA | Names shall not accompany only single victims. Ideal, similar eyes might get by now long useful t                                                                                                        | Books                                              | travel                                             |            2.42 |           16874.39 |     5.2610545454987605
 AAAAAAAAHEIDAAAA | Flames ought to understand outside the cats. Golden, maximum solicitors feel however nonetheless individual contents.                                                                                    | Books                                              | travel                                             |             1.2 |           11249.16 |      3.507234593430805
 AAAAAAAAIAEBAAAA | Electric, important boxes may share ago traditional houses. Unlikely, popular proceedings look efficiently on a affair                                                                                   | Books                                              | travel                                             |            3.57 |            3337.19 |     1.0404606399812384
 AAAAAAAAIDCEAAAA | Sides may get seriously all irish causes; months must continue in a units. Important, certain daughters shall not compete. In addition large authorities become therefore in a possibilities; special    | Books                                              | travel                                             |            1.99 |            5046.78 |     1.5734722771686702
 AAAAAAAAIFDAAAAA | Foreign, wrong persons know here. Police understand winners. Sexual, pri                                                                                                                                 | Books                                              | travel                                             |            3.16 |            4852.15 |     1.5127910290648616
 AAAAAAAAIICEAAAA | Mo                                                                                                                                                                                                       | Books                                              | travel                                             |            5.91 |            1795.55 |     0.5598120281189601
 AAAAAAAAIMFBAAAA | Styles float more. Enough molecular men used to create. Flowers reveal from a preparations. Young transactions must extend today simultaneously angry years. Inner men would                             | Books                                              | travel                                             |            8.96 |             662.18 |     0.2064528020828231
 AAAAAAAAINMCAAAA | Rates buy appeals. Welcome colours must pr                                                                                                                                                               | Books                                              | travel                                             |            3.42 |           10012.24 |      3.121590810845578
 AAAAAAAAIOMBAAAA | Commercial jews leave always large costs. So historic ac                                                                                                                                                 | Books                                              | travel                                             |            7.96 |            2661.48 |     0.8297894887906492
 AAAAAAAAJAPBAAAA | Incentives will make forward political respects. Artistic, powerful needs                                                                                                                                | Books                                              | travel                                             |            4.29 |            3819.84 |      1.190940033688802
 AAAAAAAAJICDAAAA | Royal tales must go effectively somewhere labour ideas. Weekly, actual ways lie lovely mil                                                                                                               | Books                                              | travel                                             |            1.64 | 2390.5599999999995 |     0.7453227378463764
 AAAAAAAAJMNAAAAA | Vast consequences recognize with a years. Legal officers rise reduced, new ideas. New, different measures will put before bad matters. High, white mag                                                   | Books                                              | travel                                             |             1.1 |            7134.13 |     2.2242609697108504
 AAAAAAAAKBDCAAAA | Environmental, good police become under the yards. Better internal forests shall make never keen various parts. Women might provide also nev                                                             | Books                                              | travel                                             |            0.31 |           11759.85 |     3.6664562272700585
 AAAAAAAAKHLBAAAA | New, public assets ensure just final others. Just black questions move often female parents. Qu                                                                                                          | Books                                              | travel                                             |            1.64 | 2812.6099999999997 |     0.8769084171466505
 AAAAAAAAKKKCAAAA | Primarily sensible costs shall appear. Patterns might not keep simple, other dangers. Pink, good issues used to interpret. Cases mean again quiet oppo                                                   | Books                                              | travel                                             |            8.95 |             156.16 |    0.04868716900729961
 AAAAAAAAKOFCAAAA | Just professional states control appropriate, sure cells. Great, initial animals used to return therefore then married acci                                                                              | Books                                              | travel                                             |            3.91 |            6627.31 |     2.0662459146629533
 AAAAAAAAKPBCAAAA | New women look human, other countries. Pric                                                                                                                                                              | Books                                              | travel                                             |           46.32 | 11975.510000000002 |      3.733694155472635
 AAAAAAAALAODAAAA | Dull, musical reasons say in a fi                                                                                                                                                                        | Books                                              | travel                                             |            0.94 |             1175.1 |    0.36636969967006766
 AAAAAAAALBBDAAAA | Nations should not look too chief standards. Generations meet financial, controversial pupils. Only daily needs should tell home othe                                                                    | Books                                              | travel                                             |            1.75 | 1304.8200000000002 |     0.4068134724904245
 AAAAAAAALDODAAAA | Certain groups advise massive members. Possible jobs let to a purposes. Then interesting students would not eat dearly in addition to the minutes. Cl                                                    | Books                                              | travel                                             |            3.61 |            5713.28 |       1.78127195790231
 AAAAAAAAMGEBAAAA | Likely woods boost either rural, present magistrates; of course catholic styles make as to a students. Habits prevent public, basic policies. Clear bright areas adopt eve                               | Books                                              | travel                                             |            4.24 | 4410.9400000000005 |     1.3752316935262434
 AAAAAAAAMHABAAAA | Here final                                                                                                                                                                                               | Books                                              | travel                                             |            3.21 |            6502.11 |     2.0272113759865067
 AAAAAAAAMJGBAAAA | National drugs could not head yesterday. Mass countries would leave further. Wide stations can come. Favorite teachers forge convincingly enormous rooms. Still nuclear dealers shall not k              | Books                                              | travel                                             |            5.82 |            1289.59 |     0.4020651016913646
 AAAAAAAAMKFBAAAA | Long-term, different children must not find usually both relevant origins. Other, possible vehic                                                                                                         | Books                                              | travel                                             |            7.19 | 11355.130000000001 |     3.5402736514463244
 AAAAAAAAMOAAAAAA | Lectures become besides as well necessary eggs. F                                                                                                                                                        | Books                                              | travel                                             |            3.67 | 6486.7699999999995 |     2.0224287096662454
 AAAAAAAAMOLAAAAA | Recordings may read big, independent councils. Very main details must not put better. Other, unique dangers will tell quite eyes. Members miss only other forces.                                        | Books                                              | travel                                             |            2.77 |            4516.96 |      1.408286340415036
 AAAAAAAAMPKDAAAA | Close, external figures develop about other shoes. Groups summarize; then sepa                                                                                                                           | Books                                              | travel                                             |           43.36 |             923.89 |    0.28804808257014625
 AAAAAAAANPMDAAAA | Simply small files will not adopt on a pensions. Great, dangerous banks could not establish quite added roles. Wooden days may continue other gardens. Excellent matters make wide wings. In             | Books                                              | travel                                             |            1.09 |            3104.57 |     0.9679349659643453
 AAAAAAAAOAPCAAAA | Friends recall today after a women. Mines mind there. Absolute, total conclusions represent years. About other forms join far on a pol                                                                   | Books                                              | travel                                             |            2.74 |             129.15 |    0.04026605966504063
 AAAAAAAAOFJDAAAA | Faces build by the girls. Very industrial jews blind best cases; types separate u                                                                                                                        | Books                                              | travel                                             |           17.06 |             312.39 |     0.0973961624371819
 AAAAAAAAOLMDAAAA | Things would select                                                                                                                                                                                      | Books                                              | travel                                             |            2.28 |            5091.56 |     1.5874336720722748
 AAAAAAAAPEAAAAAA | Simply true governors may reach pink, important weaknesses. Front, funny imports project superb, developing measures. Wet germans ensure.                                                                | Books                                              | travel                                             |            8.32 | 3434.3599999999997 |     1.0707560563006497
 AAAAAAAAPIOAAAAA | Successful types reduce to the differences. Ready incomes stay very in a minute                                                                                                                          | Books                                              | travel                                             |            2.66 |            5351.13 |     1.6683617487834987
 AAAAAAAAAEMDAAAA | Difficult, able plans will hesitate vague employees. Numerous, right authorities ought to work narrowly doctors. Previous, current months ought to                                                       | Jewelry                                            | birdal                                             |            6.68 |            9052.15 |      2.201409749520347
 AAAAAAAAAGMCAAAA | Sometimes social reasons build extended places. Ways may not get quickly remaining plans. Lips could like versions; familiar spirits could face also corporate studies. So addit                         | Jewelry                                            | birdal                                             |             1.8 |           11163.06 |      2.714766007907581
 AAAAAAAAAJBEAAAA | Now subject wages may shout especially too local neighbours; expensive, chemical pressures may talk as english premises. Surely full advances would not hurt at a features. Tory, grea                   | Jewelry                                            | birdal                                             |            1.72 |            4861.62 |     1.1823067079603309
 AAAAAAAAAJLDAAAA | Long-term years compete. Often other funds know on a facilities. So public councils would not see simply in a forces. So new representations should review so scottish serious patterns; o               | Jewelry                                            | birdal                                             |            0.68 |  5234.950000000001 |     1.2730975479031548
 AAAAAAAABLJBAAAA | As distinct miles know hig                                                                                                                                                                               | Jewelry                                            | birdal                                             |            5.48 |            9175.26 |      2.231349106939684
 AAAAAAAABNCAAAAA | Early cases talk councillors. Only surroundings increase suggestions. Courts used to think very never catholic tenants. Recently happy patients return never industrial shoulders. Physical, huge babie  | Jewelry                                            | birdal                                             |            3.64 |            4810.33 |     1.1698333943218142
 AAAAAAAACGBBAAAA | Hard, physical gains bring within immediate institutions; indeed obvious companies pay criminal, financial bedroo                                                                                        | Jewelry                                            | birdal                                             |            3.18 |            1853.18 |       0.45067840453551
 AAAAAAAACLDAAAAA | Ever apparent agents must run yet accused, short demands. Short, poor eyes need with a men. Words take                                                                                                   | Jewelry                                            | birdal                                             |            1.77 |            7915.34 |     1.9249467415772368
 AAAAAAAACPGAAAAA | Religious services will discover rather. Difficulties may not mean on                                                                                                                                    | Jewelry                                            | birdal                                             |            3.67 |             209.16 |     0.0508660222388798
 AAAAAAAADBOBAAAA | More healthy visitors might come silently strong effective casualties. Good, expected jobs will emulate otherwise. Effective conditions keep all years. Per                                              | Jewelry                                            | birdal                                             |            4.46 | 1003.6800000000001 |     0.2440868674733165
 AAAAAAAADEOBAAAA | Wonderful images could not make children. Only national names must not resign members; peculiar, high designs follow home full require                                                                   | Jewelry                                            | birdal                                             |            9.35 |           10524.26 |       2.55941500864292
 AAAAAAAAEDGEAAAA | Recent participants used to provi                                                                                                                                                                        | Jewelry                                            | birdal                                             |            9.77 |            2674.25 |      0.650355995277894
 AAAAAAAAFKKDAAAA | Rules set here now large marks. Devices might care severe committees. Good, original                                                                                                                     | Jewelry                                            | birdal                                             |            0.18 |            2615.79 |     0.6361389955643498
 AAAAAAAAGBFBAAAA | Earlier right conditions ought to leave s                                                                                                                                                                | Jewelry                                            | birdal                                             |            6.23 | 6817.8099999999995 |     1.6580363122989916
 AAAAAAAAGCBCAAAA | Increased, proper courses could go to a reductions. Female men pass thus available duties. Yet capital homes should identify other men. Customers used to clean either. Engli                            | Jewelry                                            | birdal                                             |            4.87 |            6797.52 |      1.653101948217777
 AAAAAAAAGCCDAAAA | Other, difficult names fall resources. Individual, functional organizations enforce therefore important years. All similar grounds must pursue foreign, necessary victims. Friends select.               | Jewelry                                            | birdal                                             |            4.79 | 4826.5199999999995 |     1.1737706715260954
 AAAAAAAAGEFEAAAA | Days know. Grand, good services avoid thoughtfully other, long guests. As                                                                                                                                | Jewelry                                            | birdal                                             |            2.89 | 290.57000000000005 |    0.07066427654403952
 AAAAAAAAGICAAAAA | Practical, certain parts bear less public links. Groups shall close charg                                                                                                                                | Jewelry                                            | birdal                                             |            4.85 | 10716.880000000001 |     2.6062586365050975
 AAAAAAAAGMOAAAAA | Tasks furnish naval, big i                                                                                                                                                                               | Jewelry                                            | birdal                                             |            0.86 | 12983.099999999999 |      3.157385032174413
 AAAAAAAAGOFEAAAA | D                                                                                                                                                                                                        | Jewelry                                            | birdal                                             |            0.77 | 1110.5900000000001 |     0.2700865157691601
 AAAAAAAAGPBEAAAA | Full, cognitive jobs make even deep pri                                                                                                                                                                  | Jewelry                                            | birdal                                             |            8.81 |               1275 |     0.3100696995341927
 AAAAAAAAHOPBAAAA | Thinly different acids might find more lives. Individual muscles become highly loose odd h                                                                                                               | Jewelry                                            | birdal                                             |            4.09 |            2643.91 |     0.6429775523885862
 AAAAAAAAIBNBAAAA | Very expected arms get too as economic trades; just rich responsibilities miss things; shareholders know finally. Significant weeks shall keep courses. Books bring scient                               | Jewelry                                            | birdal                                             |            0.73 |            9689.58 |      2.356427575852959
 AAAAAAAAIJCAAAAA | More natural id                                                                                                                                                                                          | Jewelry                                            | birdal                                             |             3.3 |            4407.96 |      1.071980260987247
 AAAAAAAAIJKCAAAA | Other values believe electric nights. Enough general women behave attempts. Regions used to deliver. Trees try very extra rats. Likely, accu                                                             | Jewelry                                            | birdal                                             |            2.19 |            9476.59 |      2.304630128555871
 AAAAAAAAIKAEAAAA | Here legal measures will browse above long affairs. Inc, correct feelings work local things. Languages used to redress hence beyond the strange                                                          | Jewelry                                            | birdal                                             |           80.68 | 19816.190000000002 |     4.8191373170293925
 AAAAAAAAIKHAAAAA | Identical expressions would not support really results. Currently human chiefs may not want part-time                                                                                                    | Jewelry                                            | birdal                                             |            3.42 |            1501.14 |     0.3650651205951044
 AAAAAAAAILDEAAAA | Emotions might believe more soon common organisms. Characters cannot reply difficult, parli                                                                                                              | Jewelry                                            | birdal                                             |            8.78 |            6513.66 |     1.5840694894650116
 AAAAAAAAILGBAAAA | At first single reade                                                                                                                                                                                    | Jewelry                                            | birdal                                             |            9.02 | 1195.3600000000001 |     0.2907018949295629
 AAAAAAAAIOLBAAAA | Personal trousers want average marks. Black profits need alre                                                                                                                                            | Jewelry                                            | birdal                                             |              64 |            2634.29 |     0.6406380461066106
 AAAAAAAAIPNCAAAA | Soviet, peaceful arms reduce al                                                                                                                                                                          | Jewelry                                            | birdal                                             |            1.72 |           16218.11 |      3.944113329186264
 AAAAAAAAJEKCAAAA | Rapidly massive children might know also years; over similar costs could enable; votes can perform less following teachers. Boats eradicate                                                              | Jewelry                                            | birdal                                             |            0.68 |              463.4 |    0.11269513628560385
 AAAAAAAAJJICAAAA | Environmental relations would cover normal members. Domestic honours may not conclude only in                                                                                                            | Jewelry                                            | birdal                                             |             6.4 |            5868.61 |     1.4271985406928305
 AAAAAAAAJOGCAAAA | Just rich changes construct especially to a developments. Excessive films will not integrate high ways; big sheets make once late occupations. Industrial, little boys improv                            | Jewelry                                            | birdal                                             |            4.43 |              14403 |      3.502693241090963
 AAAAAAAAKAOCAAAA | Literary, real interests sit days. White, brilliant fingers lower at a sites. Recent, interested arrangements like christian, small agents; strange, federal movements knit hardly up to a circu         | Jewelry                                            | birdal                                             |            2.77 |  7928.830000000001 |     1.9282274005942694
 AAAAAAAAKDCBAAAA | Closely new powers may not stop of course formal english things. Necessary, alternative skills facilitate trials; particular, other prices matter steps. W                                               | Jewelry                                            | birdal                                             |            3.51 | 12125.099999999999 |      2.948726363781992
 AAAAAAAAKEGCAAAA | Discussions go twice students. Small meetings must check stars. Al                                                                                                                                       | Jewelry                                            | birdal                                             |            7.81 |            2689.11 |     0.6539698272269748
 AAAAAAAAKGCEAAAA | Other organizations expan                                                                                                                                                                                | Jewelry                                            | birdal                                             |            2.57 |            7781.42 |     1.8923784794896925
 AAAAAAAAKMCEAAAA | Additional                                                                                                                                                                                               | Jewelry                                            | birdal                                             |               8 |  8597.289999999999 |     2.0907914722418193
 AAAAAAAAKMGDAAAA | Both profound rules should call thereof final federal cameras; other, sad chi                                                                                                                            | Jewelry                                            | birdal                                             |            0.13 |  6151.860000000001 |      1.496082652373662
 AAAAAAAALAFDAAAA | Possibilities produce just c                                                                                                                                                                             | Jewelry                                            | birdal                                             |            4.89 |  567.8000000000001 |    0.13808437285922717
 AAAAAAAALAKBAAAA | Traditional, poor processes live ordinary levels. Always certain drugs return also key scientists. Early short exceptions consider often. Below causal pages impress however distinct revenues. Elderly  | Jewelry                                            | birdal                                             |             4.1 |            1115.08 |    0.27117844749536285
 AAAAAAAALCADAAAA | Variations investigate eyes. Affairs develop solely pictures; occasionally related appointments say instead along a results                                                                              | Jewelry                                            | birdal                                             |            1.62 |           11787.57 |     2.8666417946182463
 AAAAAAAALMODAAAA | Optimistic, critical year                                                                                                                                                                                | Jewelry                                            | birdal                                             |            2.78 |           11254.77 |      2.737069139001134
 AAAAAAAALPKBAAAA | Large, political years may borrow proposals. Secondary, european churches spread by the teachers. Surprising, financial troops take ago                                                                  | Jewelry                                            | birdal                                             |            9.09 |            1478.24 |     0.3594960255995491
 AAAAAAAAMEDBAAAA | Then active arrangements should not participate alarmingly rigid firms; remaining churches check to a countries. Worldwide large facilities produce already. Brothers preach legal, young                | Jewelry                                            | birdal                                             |            0.96 |            5486.72 |     1.3343259779045065
 AAAAAAAAMGPBAAAA | At once ordinary s                                                                                                                                                                                       | Jewelry                                            | birdal                                             |            7.19 |           17490.84 |      4.253630983059325
 AAAAAAAAMLJAAAAA | Schemes complete. Strongly senior questions satisfy in short liberal c                                                                                                                                   | Jewelry                                            | birdal                                             |            3.94 |           19281.99 |     4.6892241927225955
 AAAAAAAAMMLDAAAA | Cold, spatial children cannot compete usually redundant features. Ambitious areas want best o                                                                                                            | Jewelry                                            | birdal                                             |           20.18 |           13167.61 |     3.2022563735556324
 AAAAAAAAMMPBAAAA | Automatically individual councils will keep still legal changes. High transactions should sell more. Rates should not object jobs. Guidelines might                                                      | Jewelry                                            | birdal                                             |           74.83 |            4467.84 |     1.0865425932289001
 AAAAAAAANJADAAAA | New, academic versions honour onto a awards; officials know certainly without a estates. Clothes attract more also old elements. Whole, likely                                                           | Jewelry                                            | birdal                                             |            5.08 |            7322.34 |     1.7807339323036868
 AAAAAAAAOGJDAAAA | Groups can make always victorian                                                                                                                                                                         | Jewelry                                            | birdal                                             |            1.61 |            3693.42 |     0.8982099056106495
 AAAAAAAAOKBDAAAA | Secur                                                                                                                                                                                                    | Jewelry                                            | birdal                                             |            9.28 |            1647.42 |     0.4006392348287214
 AAAAAAAAOLAAAAAA | Points prevent over to a levels. Posts govern corp                                                                                                                                                       | Jewelry                                            | birdal                                             |            0.21 |            4959.72 |     1.2061638354303736
 AAAAAAAAOLAEAAAA | Shows assess gardens. Medical, true employees involve major others. Exactly alone eyes would exist unions. Unconsciously keen rates comply precisely international writers                               | Jewelry                                            | birdal                                             |            6.26 | 3705.5899999999997 |     0.9011695512916933
 AAAAAAAAOMIAAAAA | Old, military constraints might keep better in a families. Adverse, aware authorities must not understand very forces. Just new procedures should wish here st                                           | Jewelry                                            | birdal                                             |            3.55 |           10684.35 |     2.5983476033083543
 AAAAAAAAOMKBAAAA | International words think. Local, available functions would need japanese stocks. Native signs must solve really only eastern women. Glad, effective pensions involve ot                                 | Jewelry                                            | birdal                                             |            0.17 | 25657.980000000003 |      6.239813450395551
 AAAAAAAAPHPDAAAA | Forms used to wait national females. Internal, large families drop. Major, simple knees will offer most; other things                                                                                    | Jewelry                                            | birdal                                             |            0.36 |            4186.58 |     1.0181424334712632
 AAAAAAAAPICAAAAA | Private, warm features cover of course surprisingly reliable details. Picture                                                                                                                            | Jewelry                                            | birdal                                             |            3.94 |            7225.58 |     1.7572026820080566
 AAAAAAAAAEMBAAAA | Possible responsibilities could say perhaps main owners. Possible techniques see most; breasts stir despite a improvements. Most concern                                                                 | Jewelry                                            | bracelets                                          |            9.28 |            1788.98 |     0.4961528724826826
 AAAAAAAAAHECAAAA | American things might not run                                                                                                                                                                            | Jewelry                                            | bracelets                                          |            3.41 |            4298.41 |      1.192114203964431
 AAAAAAAAAOLBAAAA | Pubs shall manage satisfactorily suddenly coming minutes. Eyes might remember on a parents. Ever national reasons shall move hom                                                                         | Jewelry                                            | bracelets                                          |            3.04 |            3607.24 |      1.000426213671719
 AAAAAAAABEEBAAAA | Right, new patients mean more minutes; never modern systems can ask in a eyebrows. Too molecular charts include extra delicate sisters; estimated, blind studies cannot cal                              | Jewelry                                            | bracelets                                          |            9.28 |            5627.88 |     1.5608273027020088
 AAAAAAAABHNBAAAA | Poets prepare different, similar parts. As fresh researchers shall exist free, other tables. Ridiculous, ol                                                                                              | Jewelry                                            | bracelets                                          |            2.46 |            6330.12 |     1.7555854292166926
 AAAAAAAABKEEAAAA | Royal, strong engines smoke before to the resources; brown years will want great relationships. Particularly digital                                                                                     | Jewelry                                            | bracelets                                          |            3.54 |            8750.73 |      2.426913562935519
 AAAAAAAACEGCAAAA | Similar, subject teachers show in a women. Across forward ends smell very forces. General,                                                                                                               | Jewelry                                            | bracelets                                          |            0.37 |              32.37 |    0.00897744439974982
 AAAAAAAACFMAAAAA | Later old elements used to express much at a men. Hard only thoughts throw in a topics. Lights must establish less as primary                                                                            | Jewelry                                            | bracelets                                          |            2.97 |            1189.45 |    0.32988017427502087
 AAAAAAAACHPCAAAA | Things make thoroughly rather than a components. Personal, various teachers change more children. Most long systems should result better. Firm firms like soon more past                                 | Jewelry                                            | bracelets                                          |            8.85 |            6440.92 |     1.7863145252776218
 AAAAAAAACLNCAAAA | Again european targets know then fingers. Usual, proper groups must divert unemployed, rig                                                                                                               | Jewelry                                            | bracelets                                          |            2.53 |            4122.02 |     1.1431944814537154
 AAAAAAAACMDAAAAA | T                                                                                                                                                                                                        | Jewelry                                            | bracelets                                          |            1.62 |            5930.51 |     1.6447582263565126
 AAAAAAAACPOBAAAA | Again grey factors show                                                                                                                                                                                  | Jewelry                                            | bracelets                                          |            3.67 |           13099.25 |     3.6329251947303938
 AAAAAAAADAPBAAAA | Good, strong services cannot replace for a aspects. Impo                                                                                                                                                 | Jewelry                                            | bracelets                                          |            7.97 | 11885.710000000001 |     3.2963639381078296
 AAAAAAAADEDAAAAA | Useful, very levels manage as conditions. So standard                                                                                                                                                    | Jewelry                                            | bracelets                                          |            2.64 |            2496.12 |     0.6922699572166674
 AAAAAAAADHJDAAAA | Funny, round males catch suspiciously then modern patterns. Possible, equal signals might switch                                                                                                         | Jewelry                                            | bracelets                                          |            5.95 |            3428.85 |     0.9509518143367988
 AAAAAAAADKECAAAA | Profitable, vast citizens touch extra customs. Levels cannot give in a rules; special organizations must accommodate however comprehensive bonds; other, education                                       | Jewelry                                            | bracelets                                          |            5.22 |            3029.25 |     0.8401273848607398
 AAAAAAAADLEEAAAA | Topics accelerate only eyes. Black features ensure just l                                                                                                                                                | Jewelry                                            | bracelets                                          |            2.64 |           13346.16 |       3.70140282206256
 AAAAAAAADOCAAAAA | Mental opportunities look old, main women. Subsequent boards used to make. Able, electronic applications experience systematically in a legs. Ships meet usually brilliant friends. Chemical nurse       | Jewelry                                            | bracelets                                          |            6.34 | 1898.3600000000001 |     0.5264881479984267
 AAAAAAAAEEMDAAAA | Critical times sell usually later ul                                                                                                                                                                     | Jewelry                                            | bracelets                                          |            9.21 |           12696.08 |       3.52111066712313
 AAAAAAAAEIMCAAAA | Most supposed standards play absolutely; issues continue quick, interesting rates. Eyes used to regret briti                                                                                             | Jewelry                                            | bracelets                                          |            4.73 |             2314.9 |     0.6420106901754977
 AAAAAAAAEKJAAAAA | Even little funct                                                                                                                                                                                        | Jewelry                                            | bracelets                                          |            8.59 |            2488.62 |     0.6901899191259006
 AAAAAAAAENEBAAAA | High, illegal statements call rapidly also appropriate difficulties. Ahead german sides gain actual, close plans. Later close friends say in the hands. Members discuss however current words. Outstand  | Jewelry                                            | bracelets                                          |             9.3 |               2568 |     0.7122050422785771
 AAAAAAAAEOOAAAAA | Remote officials locate chief units. Workshops use appropriate groups; short settlements will not move vegetables. Short-term lines must enforce ho                                                      | Jewelry                                            | bracelets                                          |            9.68 |            2765.59 |     0.7670043391258606
 AAAAAAAAFBAEAAAA | Popular results may increase for th                                                                                                                                                                      | Jewelry                                            | bracelets                                          |             3.7 |            3069.94 |     0.8514122848491803
 AAAAAAAAFDBEAAAA | High children might hear in particular institutions. As so-called tools would look too.                                                                                                                  | Jewelry                                            | bracelets                                          |            4.63 |             4378.1 |     1.2142153020248594
 AAAAAAAAFMBBAAAA | Almost bright enterprises will persuade again matters. Leaders can look perhaps anywhere visual objects. Heads take more. Examples might get never pure reactions. N                                     | Jewelry                                            | bracelets                                          |            2.13 |            2023.84 |     0.5612885719490169
 AAAAAAAAFPCAAAAA | Machines should spend thus in a buildings. Never separate st                                                                                                                                             | Jewelry                                            | bracelets                                          |            9.84 |            8742.56 |      2.424647708108644
 AAAAAAAAGFPDAAAA | Re                                                                                                                                                                                                       | Jewelry                                            | bracelets                                          |            3.07 |            5726.85 |     1.5882754853477685
 AAAAAAAAGKDAAAAA | White, central shoulders will drink into a sale                                                                                                                                                          | Jewelry                                            | bracelets                                          |            8.26 |             6923.8 |     1.9202356977135562
 AAAAAAAAGMJCAAAA | Independently certain chil                                                                                                                                                                               | Jewelry                                            | bracelets                                          |            0.73 |              870.3 |    0.24136762005258788
 AAAAAAAAHKEEAAAA | Benefits draw profound, nuclear modules. Notable, other articles te                                                                                                                                      | Jewelry                                            | bracelets                                          |            6.71 | 2040.6599999999999 |     0.5659534040405768
 AAAAAAAAHLBDAAAA | Inevitable years play all at a sales; worthy, british exhibitions pay then working, poor churche                                                                                                         | Jewelry                                            | bracelets                                          |            8.95 |            4753.41 |     1.3183031814709545
 AAAAAAAAIFEAAAAA | Small males shall not need major                                                                                                                                                                         | Jewelry                                            | bracelets                                          |            0.29 |            9622.06 |     2.6685668415525723
 AAAAAAAAIHDBAAAA | Yet colonial situations cannot support only central recommendations. Clear, small                                                                                                                        | Jewelry                                            | bracelets                                          |           16.58 |            2696.04 |     0.7477154525641492
 AAAAAAAAIJCDAAAA | Changes restore so typical, great questions; well suspicious weeks might not encompass as. Small, big metals should specify ex                                                                           | Jewelry                                            | bracelets                                          |            6.75 |            1172.68 |     0.3252292091040661
 AAAAAAAAIMGAAAAA | Streets start as usual. Private pattern                                                                                                                                                                  | Jewelry                                            | bracelets                                          |            4.68 |             3648.7 |     1.0119246642374784
 AAAAAAAAIPPDAAAA | Long workers support acutely around important charges. Determined, poor stories know. Considerable funds might need good files; poor enterprises float as especially social groups. Gl                   | Jewelry                                            | bracelets                                          |            6.53 |            1824.59 |     0.5060288933376437
 AAAAAAAAKFPCAAAA | General assessments put also healthy, social reasons. S                                                                                                                                                  | Jewelry                                            | bracelets                                          |            5.41 |            6522.82 |      1.809028541228796
 AAAAAAAAKGKAAAAA | Quietly international activities stop public problems; instructions help thus inc, various p                                                                                                             | Jewelry                                            | bracelets                                          |            5.85 |             2781.5 |     0.7714167932624074
 AAAAAAAAKJFBAAAA | Paintings will enter hard, explicit applications. Far, political claims ca                                                                                                                               | Jewelry                                            | bracelets                                          |            4.26 |            10492.5 |     2.9099732889828545
 AAAAAAAAKJICAAAA | From time to time round customers provide basically. Adde                                                                                                                                                | Jewelry                                            | bracelets                                          |           39.98 |            9475.94 |     2.6280421527761915
 AAAAAAAAKLHAAAAA | Children ought to think moreover rather yellow years.                                                                                                                                                    | Jewelry                                            | bracelets                                          |            0.24 |            5080.52 |     1.4090233494537217
 AAAAAAAALDCAAAAA | National, internal arms protect. Bad pp. cannot test hence still autonomous years.                                                                                                                       | Jewelry                                            | bracelets                                          |            3.45 |             7151.4 |     1.9833579203080283
 AAAAAAAALGCDAAAA | New relations point previous, statutory families. Again monthly journali                                                                                                                                 | Jewelry                                            | bracelets                                          |           86.61 |           16379.52 |       4.54267006779704
 AAAAAAAAMFEEAAAA | Children poison objects. Shoes hold then; cities may not ignore once more there residential ye                                                                                                           | Jewelry                                            | bracelets                                          |            6.92 |            9197.76 |     2.5508921532975877
 AAAAAAAAMHBAAAAA | Long cars should hear still conditions. Additional symptoms should say all single, usual papers. Please orthodox varia                                                                                   | Jewelry                                            | bracelets                                          |            3.85 | 1749.1000000000001 |    0.48509261660804487
 AAAAAAAAMKECAAAA | Also political insects shall not look bad, other exercises. Particular, new committees will not kill then. Frantically national times return in a authorities. Small, conservati                         | Jewelry                                            | bracelets                                          |            0.42 |           12668.83 |     3.5135531953933437
 AAAAAAAAMNHAAAAA | Experiences might work main, shared unions. Policies hear ultimate mammals. Lett                                                                                                                         | Jewelry                                            | bracelets                                          |            0.89 | 1520.8600000000001 |     0.4217928974298274
 AAAAAAAAMODDAAAA | Open points go just satisfied, sound colours. Units ought to go before a sons. Also effective writers purchase on the children. Available, narrow executives should                                      | Jewelry                                            | bracelets                                          |           25.37 | 20097.600000000002 |      5.573836471066174
 AAAAAAAAMPDEAAAA | Great forces negotiate historical, social lines. Actual policies realise as in the places; there significant buildings must not tell actively scottish cases. Public, naval relations hear women. R      | Jewelry                                            | bracelets                                          |            1.63 |            3072.63 |     0.8521583251777354
 AAAAAAAAOAIAAAAA | Remains encourage simply men. Likely, important men shall threaten so as the accounts; then main videos ought to express again to a changes. Per annum available eyes give numbers. Good, inner n        | Jewelry                                            | bracelets                                          |            4.07 |            3289.72 |     0.9123657210610128
 AAAAAAAAOBNDAAAA | Financial offences will lose above over the increases. Temporary, main cells might bury. Records exert industrial efforts; anything but previous seeds would manufacture even under the                  | Jewelry                                            | bracelets                                          |            0.93 |            5476.06 |     1.5187217849766452
 AAAAAAAAOCPDAAAA | Days shall not remind official practitioners. Ag                                                                                                                                                         | Jewelry                                            | bracelets                                          |            3.43 |            6568.78 |     1.8217750146490155
 AAAAAAAAOFHDAAAA | Chief police improve then changes. Later great wages as                                                                                                                                                  | Jewelry                                            | bracelets                                          |           29.77 |            8291.76 |     2.2996235519329495
 AAAAAAAAOGFBAAAA | Animals used to build nearby. Complex, ful                                                                                                                                                               | Jewelry                                            | bracelets                                          |            3.73 |           10350.42 |      2.870569047391367
 AAAAAAAAOIGAAAAA | Ways will provide only royal, american women; much original populations make american rivers. Occasiona                                                                                                  | Jewelry                                            | bracelets                                          |            9.69 |            4858.11 |     1.3473405132180598
 AAAAAAAAOIOBAAAA | Fields must vote important relations. Considerable, private eyes might cost normally                                                                                                                     | Jewelry                                            | bracelets                                          |            3.88 |  7104.120000000001 |     1.9702453601838341
 AAAAAAAAOMDDAAAA | Days cannot recoup really thin, other couples. Heavily dry councillors                                                                                                                                   | Jewelry                                            | bracelets                                          |           29.29 |           11033.79 |      3.060093798069681
 AAAAAAAAOOPDAAAA | Dramatic parents damage conventional, important police. Surely posi                                                                                                                                      | Jewelry                                            | bracelets                                          |           93.49 |            8929.74 |     2.4765599120859427
 AAAAAAAAPAHAAAAA | Main, communist competitors help sections. Respectively provincial letters shall write however amongst                                                                                                   | Jewelry                                            | bracelets                                          |            4.71 |             442.53 |    0.12273056750760854
 AAAAAAAAPJLCAAAA | Pink, disastrous years will not speak however into a fans. Terrible, similar seconds supply public, pregnant writers. Curiously                                                                          | Jewelry                                            | bracelets                                          |            2.73 |           10405.26 |      2.885778285911054
 AAAAAAAAAAGCAAAA | Small, level thoughts stay over under a studies. Individual, cultural times will not like quite in the families. Even foreign novels shall find mor                                                      | Jewelry                                            | consignment                                        |            8.12 |           13508.25 |      3.212986217999888
 AAAAAAAAABPAAAAA | Attitudes take preferences. Patiently amazing buses see efficiently late children. Therefore relative windows will release certainly basically doubtful manufacturers. New, central proteins wil         | Jewelry                                            | consignment                                        |             9.6 | 4320.9400000000005 |     1.0277512385989627
 AAAAAAAAANIBAAAA | Similar, following representatives may hear in a bodies. Words would identify such as a funds. Resources might meet other others. Emotional students must not give terrib                                | Jewelry                                            | consignment                                        |            3.27 |            2656.49 |     0.6318557739347822
 AAAAAAAABFMBAAAA | Though specific children ought to lead of course old, social changes; now new goods break also. Always gradual times would seek time and again new, big examples. Deputies support true ca               | Jewelry                                            | consignment                                        |            7.74 |           13368.31 |     3.1797009818407327
 AAAAAAAABMGAAAAA | Typically significant candidates will trust; social parties find. Better weekly cats hear comparisons. Tic                                                                                               | Jewelry                                            | consignment                                        |            0.75 |            5273.96 |     1.2544304994564572
 AAAAAAAACAGAAAAA | Functions could not cite cl                                                                                                                                                                              | Jewelry                                            | consignment                                        |            0.09 |            4901.11 |     1.1657467757038422
 AAAAAAAACBACAAAA | Children arrest                                                                                                                                                                                          | Jewelry                                            | consignment                                        |             9.8 | 1006.0999999999999 |    0.23930453122570922
 AAAAAAAACBHBAAAA | Again top pressures conceive. Nuclear forms double further products. Major, nice questions give. Financial secrets can                                                                                   | Jewelry                                            | consignment                                        |            3.28 |  4853.110000000001 |     1.1543298017461505
 AAAAAAAACCMDAAAA | Other areas extract also usually important books. Other cards shall produce afterward                                                                                                                    | Jewelry                                            | consignment                                        |            4.61 |            5651.15 |     1.3441465079377466
 AAAAAAAACHACAAAA | Arbitrary houses make like a creatures. Uniquely new minutes must not make rough, historic genes. Normally international sectors can d                                                                   | Jewelry                                            | consignment                                        |            9.57 | 3016.8900000000003 |     0.7175782200671207
 AAAAAAAACLJAAAAA | Subject, similar months know at least in the                                                                                                                                                             | Jewelry                                            | consignment                                        |             4.5 |           10347.33 |      2.461149940450967
 AAAAAAAACNJCAAAA | Electronic, confident looks live details. Flowers change truly immediate cities; western                                                                                                                 | Jewelry                                            | consignment                                        |            0.76 |              62.83 |   0.014944343203370751
 AAAAAAAACPJAAAAA | Very sure seconds would clear pupils. Naturally possible cells could                                                                                                                                     | Jewelry                                            | consignment                                        |            9.94 |            8734.39 |     2.0775063159651355
 AAAAAAAADBMDAAAA | Friends stay soon thus splendid relations. Good, warm rates rouse. Children used to see years. Right, asian miles could not pull both moreover inc co                                                    | Jewelry                                            | consignment                                        |            8.76 |            6349.29 |      1.510201637079896
 AAAAAAAADPNAAAAA | Worlds assist eyes. Domestic divisions suggest really on the services. High, medical years distinguish hard professional banks. Men take                                                                 | Jewelry                                            | consignment                                        |            0.13 |  5237.870000000001 |     1.2458463621620175
 AAAAAAAAECFDAAAA | Again local interpretations should ride sensitive, necessary managers. Systems used to raise only dry boundaries; even alone languages must go important pilots; specially likely examples must manuf    | Jewelry                                            | consignment                                        |             2.4 |            6316.86 |     1.5024880440497304
 AAAAAAAAEHNCAAAA | Rich feet can suffer cars. Old eyes would like well even ill fri                                                                                                                                         | Jewelry                                            | consignment                                        |            7.31 |            1515.69 |     0.3605123595402994
 AAAAAAAAEJNAAAAA | Boring comments m                                                                                                                                                                                        | Jewelry                                            | consignment                                        |            8.91 | 12850.349999999999 |     3.0565023186922695
 AAAAAAAAENPCAAAA | Silver consequences grow personally old groups. International, progressive reasons spea                                                                                                                  | Jewelry                                            | consignment                                        |           60.59 | 12831.689999999999 |     3.0520639700662167
 AAAAAAAAFEEAAAAA | Followers cater still law                                                                                                                                                                                | Jewelry                                            | consignment                                        |           48.17 |           10555.99 |     2.5107804776595515
 AAAAAAAAFHMBAAAA | Minutes give far notes. Previous, patient customers could knit flat groups. Beautif                                                                                                                      | Jewelry                                            | consignment                                        |             2.3 |             680.98 |     0.1619735609522746
 AAAAAAAAFJACAAAA | Years receive most under a owners. Positions pay regularly with a appeals. Single, responsible bones may get definitely most healthy thin                                                                | Jewelry                                            | consignment                                        |            3.91 | 13020.399999999998 |     3.0969493274736353
 AAAAAAAAFKDBAAAA | New, short thoughts begin quietly early competit                                                                                                                                                         | Jewelry                                            | consignment                                        |            2.27 |            9639.72 |     2.2928423374884144
 AAAAAAAAGAGEAAAA | Employees deny concentrations. Hard compulsory terms consider therefore; often quick firms return less ambitions. Female, sure options should welcome accounts; dangerous, certain ye                    | Jewelry                                            | consignment                                        |            6.94 |           27661.36 |      6.579354724048887
 AAAAAAAAGBGDAAAA | P                                                                                                                                                                                                        | Jewelry                                            | consignment                                        |            9.46 |            4493.04 |     1.0686858473097711
 AAAAAAAAHJJAAAAA | Available, formidable officials use there substantial, dead eyes. Great windows shall not get thirdly for the subsidies. British, effective times talk further political legs. Then old unio             | Jewelry                                            | consignment                                        |            9.23 | 3436.1600000000003 |     0.8173031090513202
 AAAAAAAAHLEAAAAA | Round circles offer recent, happy minutes. Now medical communic                                                                                                                                          | Jewelry                                            | consignment                                        |            6.82 |            1232.31 |     0.2931093995375746
 AAAAAAAAHMECAAAA | Solutions might no                                                                                                                                                                                       | Jewelry                                            | consignment                                        |            5.87 | 4497.1900000000005 |     1.0696729398498634
 AAAAAAAAIANBAAAA | Inevitably literary sources will not lend already in a persons. Competent, wide years will not prevent independent voters. Substantial sounds                                                            | Jewelry                                            | consignment                                        |            6.81 |            1344.15 |     0.3197109488589972
 AAAAAAAAIBFDAAAA | Kinds prefer allegations; lucky legs might not serve at least gifts. Public workers tidy most continuous weapons. Private sheets use presumably good, general relations. As obvious interests            | Jewelry                                            | consignment                                        |            6.69 |           14984.76 |      3.564179472547221
 AAAAAAAAIDFEAAAA | Subjective, short-term settings will believe both thus rural subjects. Economic ships might affect classic observers. Streets shall claim superbly. New tools carr                                       | Jewelry                                            | consignment                                        |             4.3 |             153.97 |   0.036622322505538665
 AAAAAAAAIFOBAAAA | Initially well-known cities afford uniquely. Industries ought to profit fully. Rational, narrow holders may cater primary,                                                                               | Jewelry                                            | consignment                                        |            4.02 | 12266.830000000002 |     2.9177099719465933
 AAAAAAAAIIIBAAAA | High, young fingers allow                                                                                                                                                                                | Jewelry                                            | consignment                                        |            1.31 |            4333.31 |     1.0306934879293095
 AAAAAAAAILNCAAAA | Women will include normally only pretty countries; desperate accidents should not inform at present shares. Vulnerable problems will carry general, equal stages; books create just months. Industrial,  | Jewelry                                            | consignment                                        |            3.79 |             423.36 |    0.10069771030684452
 AAAAAAAAIPMAAAAA | Fields rest american calls. At all medical symptoms see specialist, national exchanges. Limited years say finally. Already succe                                                                         | Jewelry                                            | consignment                                        |            1.12 |            5827.15 |     1.3860087457826178
 AAAAAAAAKIFAAAAA | Children seek cases; strong, modest products ought to forget past, neat                                                                                                                                  | Jewelry                                            | consignment                                        |            3.63 |            9197.05 |       2.18755167369984
 AAAAAAAAKNJDAAAA | Inherent, wonderful accidents must not make students; heavy, long-term points might not pass. Plans fall tenants; payments try also high le                                                              | Jewelry                                            | consignment                                        |            2.21 | 13339.099999999999 |     3.1727532774802283
 AAAAAAAAKOLAAAAA | Also modest churches may not get truly local important women. Firm, traditional                                                                                                                          | Jewelry                                            | consignment                                        |            6.03 |             625.72 |    0.14882976968348155
 AAAAAAAALICBAAAA | Working countries ought to                                                                                                                                                                               | Jewelry                                            | consignment                                        |            3.39 |            2750.83 |     0.6542948848341296
 AAAAAAAALJCDAAAA | Political, appropriate investors must not meet here                                                                                                                                                      | Jewelry                                            | consignment                                        |            6.87 |            4287.02 |       1.01968324366886
 AAAAAAAALLCEAAAA | So other features must not make weeks. Therefore necessary pressures work yesterday old, good operations. Alive, universal years believe. Likely, specific muscles look just possible featur             | Jewelry                                            | consignment                                        |            2.56 |            9801.26 |      2.331265211928531
 AAAAAAAALNICAAAA | Now general weeks will not see interests. Theoretical, social variations use sure at least classical fortunes. Perhaps common orders m                                                                   | Jewelry                                            | consignment                                        |            3.83 | 10628.250000000002 |      2.527967780538361
 AAAAAAAAMBJBAAAA | Norm                                                                                                                                                                                                     | Jewelry                                            | consignment                                        |             0.8 |           10052.42 |      2.391004528162155
 AAAAAAAAMCPDAAAA | Sympatheticall                                                                                                                                                                                           | Jewelry                                            | consignment                                        |            5.54 |            9629.04 |     2.2903020607828286
 AAAAAAAAMJLCAAAA | Exactly disabled authorities may send alone political companies; at present separate procedures get deliberately furiously stan                                                                          | Jewelry                                            | consignment                                        |           53.29 | 15191.079999999998 |      3.613253432275367
 AAAAAAAAMMBBAAAA | Foreign economies ought to walk necessary,                                                                                                                                                               | Jewelry                                            | consignment                                        |            8.79 |            5035.85 |     1.1977951730175809
 AAAAAAAANEOAAAAA | High ideas could not think only sales. Voices shall achieve pupils. Other circumstances meet very kind, small levels. Exotic, social members used to allow probably volu                                 | Jewelry                                            | consignment                                        |            4.99 |  4973.889999999999 |      1.183057762467193
 AAAAAAAANHLDAAAA | Even likely feet will think simply from a women. Probably other pools live profits. Important sectors can achieve at all leaders. Shares see just black scales; now other levels wa                      | Jewelry                                            | consignment                                        |            6.06 |            6778.66 |     1.6123288476676934
 AAAAAAAAOBBAAAAA | Mysterious plans can keep by a hours. Once good authorities must attend contemporary, alone details. So vulnerable others may extend for example with the                                                | Jewelry                                            | consignment                                        |               4 |            4119.55 |     0.9798498972377204
 AAAAAAAAOBEEAAAA | Long, young minut                                                                                                                                                                                        | Jewelry                                            | consignment                                        |            1.48 | 1031.6399999999999 |     0.2453793127856979
 AAAAAAAAOBKBAAAA | Nervous arms notice so. Open bad walls ought to get about. Accidents come obviously lat                                                                                                                  | Jewelry                                            | consignment                                        |            1.72 |             121.54 |    0.02890872947537293
 AAAAAAAAOCCCAAAA | Arguments could not see easier. Bad, general months might absorb never. Now available r                                                                                                                  | Jewelry                                            | consignment                                        |            6.88 |             3176.8 |     0.7556133930999236
 AAAAAAAAOELDAAAA | American, afraid eyes know; attractive, reduced children evaluate more men. Fragments would not start from a others. Friends will sit solely. Largely handsome deals shall                               | Jewelry                                            | consignment                                        |            4.39 |            8709.96 |      2.071695551927918
 AAAAAAAAOGHBAAAA | Still distant sources happen just by a women. Other, legislative times will not fall. Policies make                                                                                                      | Jewelry                                            | consignment                                        |            2.63 |  6700.719999999999 |     1.5937905362038904
 AAAAAAAAOHIAAAAA | T                                                                                                                                                                                                        | Jewelry                                            | consignment                                        |            1.34 |               5528 |     1.3148548341275428
 AAAAAAAAOJJCAAAA | Also certain initiatives could keep royal principles. Cars may persuade necessary, absolute animals. Away top boots                                                                                      | Jewelry                                            | consignment                                        |            7.13 |           18147.95 |       4.31655567782289
 AAAAAAAAPABDAAAA | Notable cases arise literally smal                                                                                                                                                                       | Jewelry                                            | consignment                                        |            3.13 | 2464.2299999999996 |     0.5861260361617427
 AAAAAAAAPHNCAAAA | Well new children look hardly furious police. Large, free programmes give still redu                                                                                                                     | Jewelry                                            | consignment                                        |           23.13 |              575.3 |    0.13683718995542243
 AAAAAAAAPJOCAAAA | Western prices must not get across natural bottles. Afterwards public clouds can yield on a councils. Workers would not weaken little, tall years; spiritual ag                                          | Jewelry                                            | consignment                                        |            1.25 |            6386.07 |     1.5189498933749777
 AAAAAAAAPKJAAAAA | Precisely friendly signs should help. In part left miles see however o                                                                                                                                   | Jewelry                                            | consignment                                        |            9.75 |            9227.52 |     2.1947990736267338
 AAAAAAAAPOACAAAA | Clearly wooden prizes go also too important marke                                                                                                                                                        | Jewelry                                            | consignment                                        |            8.57 | 14593.899999999998 |       3.47121200502423
 AAAAAAAAACHCAAAA | Double, crucial observers compensate also. Bo                                                                                                                                                            | Jewelry                                            | costume                                            |             7.5 |              75.68 |   0.028660994178235567
 AAAAAAAAADCDAAAA | Inc, easy banks can snatch even for a programmes; in particular free details would support together ago global                                                                                           | Jewelry                                            | costume                                            |            2.69 |             6205.5 |     2.3501030572547674
 AAAAAAAABKCAAAAA | Parties shall not shorten other factors. At least corporate proposals would                                                                                                                              | Jewelry                                            | costume                                            |            3.19 |            9090.15 |      3.442557296898626
 AAAAAAAABKGCAAAA | Never previous eyes use afterwards attractive, following components. Whole, new forms                                                                                                                    | Jewelry                                            | costume                                            |            1.37 | 1114.9499999999998 |    0.42224597593847435
 AAAAAAAACBKAAAAA | Above apparent hands cope as. Sacred members send. Blue markets would n                                                                                                                                  | Jewelry                                            | costume                                            |            4.82 | 21355.989999999998 |      8.087789443187855
 AAAAAAAACNICAAAA | Concerned agents work thus in a workers. Hidden teams bring occasionally precise colleges; christian humans achieve freshly other, public grounds. Forward right critics                                 | Jewelry                                            | costume                                            |            7.15 |             4490.8 |     1.7007240044347287
 AAAAAAAADNCBAAAA | Quick patients imagine especially regular rules. Weak, le                                                                                                                                                | Jewelry                                            | costume                                            |            3.29 |           14282.97 |      5.409145349073906
 AAAAAAAADNOBAAAA | Only hot resources take even private relatives. More new stairs will fill spiritual ways. Nice, english terms catch down the investors. Annual, appropriate su                                           | Jewelry                                            | costume                                            |            8.17 | 4652.5599999999995 |      1.761984607213156
 AAAAAAAADPBDAAAA | Dark, redundant characteristics must not deal still strong husbands. Relevant actors know. Circumstances know against a needs. Other, possible origins shall choose up a journals. Students avoid most   | Jewelry                                            | costume                                            |            4.09 |             264.81 |     0.1002869697190613
 AAAAAAAAEGGBAAAA | Always previous stores ask modules. White papers shall not afford st                                                                                                                                     | Jewelry                                            | costume                                            |            4.65 |             4096.8 |     1.5515111119106164
 AAAAAAAAEJJDAAAA | Also available studies will not arrange seldom adjacent to a weaknesses. Rapidly senior services get occasionally perhaps immense powers                                                                 | Jewelry                                            | costume                                            |           67.38 |            7900.66 |       2.99208205951663
 AAAAAAAAEKDDAAAA | Days used to treat after a children. Both great others may know now; free, good managers will waste. Light examinations will                                                                             | Jewelry                                            | costume                                            |            0.59 |  9821.880000000001 |      3.719672905646516
 AAAAAAAAEKPDAAAA | Recommendations will know immediately initiatives. Also major parents would not build up                                                                                                                 | Jewelry                                            | costume                                            |             1.3 |               3848 |     1.4572873361238168
 AAAAAAAAEOAEAAAA | Difficult                                                                                                                                                                                                | Jewelry                                            | costume                                            |            4.58 |           13797.56 |     5.2253143080583495
 AAAAAAAAGILBAAAA | Present, level costs say bad, flat members. Grounds adjust clearly in a countries. Main decisions remain. Loyal, close securities cover entirel                                                          | Jewelry                                            | costume                                            |            2.88 |             4311.7 |     1.6328965195335396
 AAAAAAAAGJGBAAAA | Commercial terms can locate as                                                                                                                                                                           | Jewelry                                            | costume                                            |            3.89 |             4318.6 |     1.6355096387173378
 AAAAAAAAHCLCAAAA | Japanese, innocent areas seem together. Experts would find; novel, northern rates could not retain doubts. Profits solve linear, mutual applications. New lines sh                                       | Jewelry                                            | costume                                            |            1.92 |            2151.24 |     0.8147023931816526
 AAAAAAAAHIKDAAAA | Living, moral types play before                                                                                                                                                                          | Jewelry                                            | costume                                            |            0.51 | 15292.619999999999 |      5.791512853990073
 AAAAAAAAHJCBAAAA | Initial premises ought to criticise with a teachers. Right papers could tell noticeably. Acceptable, mad interests will use children. Small years would no                                               | Jewelry                                            | costume                                            |            3.67 |           10849.48 |      4.108838307569809
 AAAAAAAAIDFAAAAA | Then special unions make therefore mechanisms. Never following houses used to make golden                                                                                                                | Jewelry                                            | costume                                            |            0.79 |             707.78 |     0.2680454341896349
 AAAAAAAAIDPDAAAA | Equal, fine affairs leave always charges. Substantial, new rights should not forecast at least by a years. Less eager parents could not feel light, minor artists. Cases put only ot                     | Jewelry                                            | costume                                            |           23.21 |           12029.51 |      4.555730920679526
 AAAAAAAAIEMBAAAA | Lo                                                                                                                                                                                                       | Jewelry                                            | costume                                            |            2.21 |            5409.57 |     2.0486740787098014
 AAAAAAAAIFCEAAAA | Quite natural positions verify deaf owners. Other, cold consid                                                                                                                                           | Jewelry                                            | costume                                            |            5.04 |            2791.67 |     1.0572415118598688
 AAAAAAAAJAGEAAAA | Only natural trends organise with the neighbours. Further olympic funds suggest downstairs local jobs. Films make even circumstances; disabled wa                                                        | Jewelry                                            | costume                                            |            1.85 |             2317.7 |      0.877742946708464
 AAAAAAAAKCEBAAAA | Injuries could turn more; wide, related rights might not ask stories. Now above windows could let top se                                                                                                 | Jewelry                                            | costume                                            |            5.64 |            8895.72 |      3.368924142854303
 AAAAAAAAKECEAAAA | Lesser rights ought to face in general. Mean, educational ministers cannot entertain as; permanent, critical films assert somewhere official years. Indeed other chairs ba                               | Jewelry                                            | costume                                            |           27.19 |            1842.83 |     0.6979035399243901
 AAAAAAAAKJCBAAAA | Remarkably responsible kinds involve as dramatic children. External, different children match. Prospects study anyway at a cells. Ite                                                                    | Jewelry                                            | costume                                            |            6.02 | 5135.8099999999995 |     1.9449976283103063
 AAAAAAAAKMIBAAAA | Shoulders cast eastern, dominant newspapers. Orange, given questions might borrow forward particular others; rare territories eat enough true authorities. Either high                                   | Jewelry                                            | costume                                            |            2.07 |             256.49 |    0.09713607818149629
 AAAAAAAALCCEAAAA | Only, british miles ship here. So ridiculous patients start very other companies. Numbers will provide in private subject ways; subsequent, professional companies fill natural trees. Students lea      | Jewelry                                            | costume                                            |             2.7 |              567.7 |    0.21499532762928555
 AAAAAAAALIGDAAAA | Much satisfactory children stop really basic circles. Worldwide private trees used to get however practical, serious animals. Wooden changes attend quite modern, adult                                  | Jewelry                                            | costume                                            |            9.94 |  5641.860000000001 |     2.1366453041017457
 AAAAAAAALJDCAAAA | English, necessary winners cannot detail by a records. Familiar players organize at the points; behind d                                                                                                 | Jewelry                                            | costume                                            |            3.21 | 12209.069999999998 |        4.6237326135263
 AAAAAAAAMFIBAAAA | Police know very for the subjects. Free, regional personnel come only, different sites. Unusual assets keep for a years. Very blue motives may not become never obvious different associations. New, b   | Jewelry                                            | costume                                            |            2.53 |           11981.45 |     4.5375299774949855
 AAAAAAAAMMLAAAAA | Easy members should receive even; dark sale                                                                                                                                                              | Jewelry                                            | costume                                            |            9.66 |  8975.630000000001 |      3.399187092706085
 AAAAAAAANIOCAAAA | Very full managers consent; possible lines become ye                                                                                                                                                     | Jewelry                                            | costume                                            |            2.14 |            4998.62 |     1.8930420021037506
 AAAAAAAANNPCAAAA | Tightly sufficient areas make. Massive changes leave just in the custome                                                                                                                                 | Jewelry                                            | costume                                            |            5.55 |            3204.25 |      1.213490890533976
 AAAAAAAAOGIBAAAA | Numbers sign round, private drinks. Difficult, active foreigners shall eliminate then complete sanctions. Properly particular e                                                                          | Jewelry                                            | costume                                            |            2.22 |            2168.24 |     0.8211405129098504
 AAAAAAAAOKPCAAAA | Rather german interests know falsely much nice ties; now british institutio                                                                                                                              | Jewelry                                            | costume                                            |           84.28 |             247.06 |     0.0935648152969725
 AAAAAAAAONAEAAAA | Local scientists should not invoke thus; trees revive of course ears. Open, eco                                                                                                                          | Jewelry                                            | costume                                            |            5.56 |            4078.12 |     1.5444367544681028
 AAAAAAAAOOFBAAAA | Terrible, various orders include right members. Preliminary areas must not prevent typically. Too urban streets might put. Too very rules should go for example. Reports apply                           | Jewelry                                            | costume                                            |            0.93 |            3526.43 |     1.3355046207710788
 AAAAAAAAPBBCAAAA | Too potential words hear strange comments. Political,                                                                                                                                                    | Jewelry                                            | costume                                            |            3.95 |           12354.19 |      4.678691433229599
 AAAAAAAAPDNDAAAA | Legs see to the resources; unfortunately asleep years must come annually. Ministers perceive outside, small concerns. Now national attitudes take muc                                                    | Jewelry                                            | costume                                            |            8.46 |            5525.17 |      2.092453292861546
 AAAAAAAAPECEAAAA | All white parties should happen costs. Awards offer; interests take. Details live now parliamentary demands; childre                                                                                     | Jewelry                                            | costume                                            |            58.4 |           11265.43 |      4.266363948801801
 AAAAAAAAABDEAAAA | Deep, senior students would assume more in an women. Chi                                                                                                                                                 | Jewelry                                            | custom                                             |            3.78 | 3735.5699999999997 |     1.0065256560212172
 AAAAAAAAAICBAAAA | Major, local                                                                                                                                                                                             | Jewelry                                            | custom                                             |            6.02 |           10303.61 |     2.7762423979839155
 AAAAAAAAAPFAAAAA | Wrong countries gain modern, outer needs. Costs shall follow. Senior bands think at the eyes; military, close days would play also. Conditions sleep in full old courts                                  | Jewelry                                            | custom                                             |            2.58 |           12188.21 |     3.2840359211510854
 AAAAAAAABAMAAAAA | British, bad eyes decrease well for a speakers. Phrases might go changes; sports may not afford national, gold reasons. Fat students argue against a numbers; things deter                               | Jewelry                                            | custom                                             |            3.55 | 3225.1299999999997 |     0.8689908337961029
 AAAAAAAABDKCAAAA | Skills argue english, different shares. Internal decisions create. Ever sure leaders could take complex, other managers. Days may live joint, catholic eyes. Sm                                          | Jewelry                                            | custom                                             |            1.98 |            1897.36 |     0.5112316242791373
 AAAAAAAABOBDAAAA | Hot windows drive under te                                                                                                                                                                               | Jewelry                                            | custom                                             |             5.6 |            6836.38 |     1.8420192539051148
 AAAAAAAACGJDAAAA | Major letters know into a views. Exactly subsequent others will cancel however with a years. Much large rates bear easily independent, unusual efforts                                                   | Jewelry                                            | custom                                             |            1.14 | 15562.560000000001 |      4.193233138013625
 AAAAAAAACKIAAAAA | Careful moments used to head legal mechanisms. Ready, positive months cannot stand quite. Straight, negative dates will make actively current concentrations. Possible                                   | Jewelry                                            | custom                                             |             3.3 | 474.78999999999996 |    0.12792915571714994
 AAAAAAAACPAAAAAA | Particul                                                                                                                                                                                                 | Jewelry                                            | custom                                             |            2.74 |           16886.85 |      4.550054683590962
 AAAAAAAADFEEAAAA | Eyes want best large fields. Women examine alternatively never existing groups. Refugees can fly t                                                                                                       | Jewelry                                            | custom                                             |            3.91 |           16739.71 |      4.510408743339017
 AAAAAAAAEEIAAAAA | Detectives quote ago alone useful terms. High approaches register then available toys. Free                                                                                                              | Jewelry                                            | custom                                             |            7.41 |            1218.68 |      0.328365600558934
 AAAAAAAAELKBAAAA | Per annum political margins would meet glasses. Terms recognize. Light, swiss po                                                                                                                         | Jewelry                                            | custom                                             |            2.28 |  6014.509999999999 |     1.6205715923931745
 AAAAAAAAEMGBAAAA | Yellow temperatures shall tell so. However central points play finally red copies. Rapidly                                                                                                               | Jewelry                                            | custom                                             |            3.97 |           12620.65 |     3.4005541378328275
 AAAAAAAAEOPCAAAA | Children shall prove for example indeed nec                                                                                                                                                              | Jewelry                                            | custom                                             |            4.92 |  6434.360000000001 |     1.7336975133852879
 AAAAAAAAEPPBAAAA | Patients should put here words. Practitioners determine national, individual parts. Absolute rights must sav                                                                                             | Jewelry                                            | custom                                             |            4.06 |             1915.8 |     0.5162001653845191
 AAAAAAAAFBABAAAA | Essential, average needs would run even for e                                                                                                                                                            | Jewelry                                            | custom                                             |             5.6 |            1406.15 |     0.3788782036514467
 AAAAAAAAFFJDAAAA | Nuclear services account. Sorry, international animals may hear due, secondary questions. Children answer only. Centres could help defensive, accurate courses. Old, fast properties                     | Jewelry                                            | custom                                             |            5.81 |            2373.81 |     0.6396080564732359
 AAAAAAAAFHBDAAAA | Urban companies must continue once again major roads. All open regions used to go. Likely reports may wish external flights; items could n                                                               | Jewelry                                            | custom                                             |           88.47 |             7694.2 |      2.073153415023263
 AAAAAAAAFHNAAAAA | Then environmental services will look essential, general requests. Final, criminal years challenge                                                                                                       | Jewelry                                            | custom                                             |            1.84 |            2138.24 |     0.5761352132956437
 AAAAAAAAFNMBAAAA | Circumstances recognize both similar drawings. Personnel deny sure lads; magnificent elections should know of course excellent hours. Further likely paintin                                             | Jewelry                                            | custom                                             |            0.96 |            5511.52 |     1.4850441254411133
 AAAAAAAAFOPDAAAA | Leadin                                                                                                                                                                                                   | Jewelry                                            | custom                                             |            1.46 | 460.33000000000004 |    0.12403300038180172
 AAAAAAAAFPACAAAA | Typical officials d                                                                                                                                                                                      | Jewelry                                            | custom                                             |            4.04 | 14968.029999999999 |     4.0330407983507905
 AAAAAAAAGAIDAAAA | Northern                                                                                                                                                                                                 | Jewelry                                            | custom                                             |            2.65 |           12275.09 |     3.3074451864024725
 AAAAAAAAGFACAAAA | Prices allow then level months; silent ma                                                                                                                                                                | Jewelry                                            | custom                                             |            5.72 |           14541.54 |      3.918125771450882
 AAAAAAAAGNABAAAA | Severe, official companies understand about especially good issues. Tonight traditional books pick now from the minutes; teenage, private years trus                                                     | Jewelry                                            | custom                                             |            8.79 | 13123.439999999999 |      3.536027716052726
 AAAAAAAAHCGEAAAA | Territorial, corporate classes may not read new, impossible students. For example significant flowers should not see in a chips.                                                                         | Jewelry                                            | custom                                             |            9.99 |            2072.66 |     0.5584650980195622
 AAAAAAAAHDMDAAAA | Levels stay therefore ro                                                                                                                                                                                 | Jewelry                                            | custom                                             |            4.98 |            2739.55 |     0.7381543809787866
 AAAAAAAAHLCCAAAA | Nearby video-taped years come also secondary plants. Children shall tell new boots. Following cl                                                                                                         | Jewelry                                            | custom                                             |            1.18 |            5505.05 |     1.4833008249556567
 AAAAAAAAIAHBAAAA | Then direct rates could choose. Solid, traditional officials must not know well for a seats                                                                                                              | Jewelry                                            | custom                                             |            0.71 |  8273.869999999999 |     2.2293418218864236
 AAAAAAAAIDEBAAAA | Supporters used to rent for example only sales. Then working signs question departments. Evolutionary curtains look sometimes weekly regular elections; german friends might                             | Jewelry                                            | custom                                             |            9.02 |            1024.86 |     0.2761420302202621
 AAAAAAAAIFPBAAAA | Written relations say. Associated arms make lips. Glasses climb never in a weapons. Effects command in the waters. Boats store supporters. Warm, major rates see generally. Readers would pret           | Jewelry                                            | custom                                             |            3.79 |            8430.69 |     2.2715959767750347
 AAAAAAAAIICCAAAA | Firmly new things ought to acknowledge better silver, public audiences; about necessary records operate. Quite grand drinks shall not minimise. Hopes can forget by the boundaries. Anyway religious pro | Jewelry                                            | custom                                             |            1.39 |            7178.09 |     1.9340908472413418
 AAAAAAAAIKCAAAAA | Facts continue late. Doctors could not take now from a flowers. Firms move perhaps major, potential terms; grateful years seem over cultural doors. Likely groups oug                                    | Jewelry                                            | custom                                             |            5.98 |             1547.1 |     0.4168562876429635
 AAAAAAAAIKJBAAAA | Thousands find notes. So financial parents recognise basic, national instructions. Dutch, full successes join bot                                                                                        | Jewelry                                            | custom                                             |            2.87 |             9196.5 |      2.477938626661828
 AAAAAAAAINDBAAAA | Now available effects work only matters; huskily other women cancel british, strange ideas; simply minor bombs ought to serve further final, classical technologies. Objective, natural                  | Jewelry                                            | custom                                             |            3.63 |            4353.21 |     1.1729448386854278
 AAAAAAAAIODBAAAA | Things used to submit even to the residents. Opportunities shall select just little hills; servants shall not go in general other obligations. Angry, slow police cou                                    | Jewelry                                            | custom                                             |            0.26 |              31.46 |   0.008476697569160127
 AAAAAAAAJCHBAAAA | Satisfied, high courses prevent in a developments. Elderly, electronic books start; particularly overall examples look very terrible purposes; ov                                                        | Jewelry                                            | custom                                             |            7.89 |  7266.379999999999 |     1.9578800280544741
 AAAAAAAAJMBDAAAA | Ancient eyes meet international, empty cattle. Also plain missiles could enable already positive, small units. Peculiar sounds limit comments; small passengers used to find however pressures. Early    | Jewelry                                            | custom                                             |             2.1 |  7900.400000000001 |      2.128712697882793
 AAAAAAAAJMICAAAA | Nice, european months may run in a hands. On                                                                                                                                                             | Jewelry                                            | custom                                             |            3.97 |              779.1 |    0.20992355613899094
 AAAAAAAAKAHAAAAA | Arms make only left, final shoulders. So impossible scientists write even high, large prices. Hearts settle today forces. Pictures live instead dependent, current friends. Professional colleagues wit  | Jewelry                                            | custom                                             |            1.86 |            5480.49 |     1.4766832886461025
 AAAAAAAAKDECAAAA | Readers manage wearily words. Hard, correct bodies say more. Usually elderly negotiations will return yet practical, inc secrets. Workers dance even conditions. Later clear groups disturb              | Jewelry                                            | custom                                             |            1.07 |           15234.78 |      4.104914894872515
 AAAAAAAAKHCBAAAA | Japanese                                                                                                                                                                                                 | Jewelry                                            | custom                                             |            1.66 |           16081.55 |      4.333071703538685
 AAAAAAAAKMMBAAAA | Sciences appr                                                                                                                                                                                            | Jewelry                                            | custom                                             |            3.88 |            5423.22 |     1.4612522501913727
 AAAAAAAALGEBAAAA | Dependent techniques develop more welsh, social pl                                                                                                                                                       | Jewelry                                            | custom                                             |            1.79 |            3940.19 |     1.0616592178966637
 AAAAAAAALPGCAAAA | Eyes cannot learn more day                                                                                                                                                                               | Jewelry                                            | custom                                             |            3.51 |            9964.53 |     2.6848794414756254
 AAAAAAAANBOAAAAA | Still legislative metres proceed only routes. Just royal premises must not end in a champions. Crazy, nervous organisations can lie organisms. Orthodox, previous                                        | Jewelry                                            | custom                                             |            0.68 |            5498.63 |     1.4815709966532407
 AAAAAAAANJCBAAAA | Difficult, careful points must not lift here well urban programmes; environmental items arrest tonight. Cu                                                                                               | Jewelry                                            | custom                                             |            7.77 | 16248.869999999999 |     4.3781550168658265
 AAAAAAAAOBCCAAAA | Soft, capitalist ways come both reduced years. Old governments will not give rules. Most afraid tools can break much to the men. Just                                                                    | Jewelry                                            | custom                                             |            5.01 |            5075.94 |     1.3676798556644199
 AAAAAAAAOFPDAAAA | Foreign, russian hours would not show strategic, objective arrangements. Tiles hold careful magazines. Pupils will not beat popul                                                                        | Jewelry                                            | custom                                             |            1.86 |            1124.28 |    0.30293011897823735
 AAAAAAAAOJMDAAAA | Glasses fuck goods; a                                                                                                                                                                                    | Jewelry                                            | custom                                             |            7.26 |           20348.37 |     5.4827393043665245
 AAAAAAAAOOLCAAAA | Suddenly old policies go as mental, empty patterns. National, low cases follow now at a processes; normal, general numbers migh                                                                          | Jewelry                                            | custom                                             |            1.49 |            5351.14 |     1.4418307511200104
 AAAAAAAAOOPBAAAA | So level discussions hear pieces. Normal, following children shall look books. Of course other investments recover including the factors                                                                 | Jewelry                                            | custom                                             |            4.36 |            1554.48 |    0.41884478185975954
 AAAAAAAAPBCEAAAA | Then dull services say. Local, con                                                                                                                                                                       | Jewelry                                            | custom                                             |             1.7 |              59.58 |   0.016053453311206622
 AAAAAAAAPCPCAAAA | Considerable, natural examples used to lead. Pri                                                                                                                                                         | Jewelry                                            | custom                                             |            2.43 | 2903.6099999999997 |     0.7823593079716793
 AAAAAAAAACKCAAAA | So long years will fix right clothes. Private criteria expect most                                                                                                                                       | Jewelry                                            | diamonds                                           |            4.51 |             321.76 |    0.13153209256742707
 AAAAAAAAAMJBAAAA | Foreign, different books shall induce apparently high actions. Favorable elections read indoors very labour railways                                                                                     | Jewelry                                            | diamonds                                           |            8.17 | 149.45999999999998 |     0.0610976707953992
 AAAAAAAAANPAAAAA | Mental, personal publishers could discuss across by a bonds. Different, outstand                                                                                                                         | Jewelry                                            | diamonds                                           |             1.5 | 2595.2000000000003 |      1.060890373666667
 AAAAAAAAANPBAAAA | Large, able categories would turn available, strange fires. Electron                                                                                                                                     | Jewelry                                            | diamonds                                           |            0.21 | 7518.1900000000005 |     3.0733567348940345
 AAAAAAAABBCAAAAA | Single, ready incomes take meanwhile political posts. Material females face with the waves. Times ought to blow at last. Trying products lead especially                                                 | Jewelry                                            | diamonds                                           |            6.98 |            3891.56 |     1.5908286615853322
 AAAAAAAABCCCAAAA | Poor, old friends need corporate devices; types install central, left terms; much political standards cut on a cas                                                                                       | Jewelry                                            | diamonds                                           |            2.06 |            1214.17 |     0.4963398832440108
 AAAAAAAABLHAAAAA | Today                                                                                                                                                                                                    | Jewelry                                            | diamonds                                           |            3.61 |            4673.81 |     1.9106042067459172
 AAAAAAAABNMCAAAA | Only necessary tactics make at least national, fortunate areas. Again new miles increase. Fingers mean more at a children. Certain disputes req                                                          | Jewelry                                            | diamonds                                           |            4.27 |            3786.33 |     1.5478117480445863
 AAAAAAAACAKBAAAA | Days think suddenly                                                                                                                                                                                      | Jewelry                                            | diamonds                                           |            9.73 |            9796.46 |      4.004689469023796
 AAAAAAAACFDEAAAA | Shoes will give profoundly to a cent                                                                                                                                                                     | Jewelry                                            | diamonds                                           |            3.67 |            5940.63 |      2.428466854390957
 AAAAAAAACGPAAAAA | Only deep schools save average parts. Black, old                                                                                                                                                         | Jewelry                                            | diamonds                                           |            4.11 | 1095.6999999999998 |    0.44791059742084105
 AAAAAAAADLEBAAAA | Countries make otherwise. Yards deliver further. Social, special years should see to the estates. Funds break everywhere commercial,                                                                     | Jewelry                                            | diamonds                                           |            7.96 | 2875.6099999999997 |     1.1755190225877017
 AAAAAAAADNKCAAAA | Sexual, short men used to feed                                                                                                                                                                           | Jewelry                                            | diamonds                                           |            2.84 |             942.48 |    0.38527587830354504
 AAAAAAAADPICAAAA | Fields may not give from the arrangements. Prospects could get national assessments. Serious, specific actors end for a centres. Today exciting courses use domestic, other ques                         | Jewelry                                            | diamonds                                           |            7.39 |            6035.69 |     2.4673263792525293
 AAAAAAAAEGBDAAAA | Great actions must cl                                                                                                                                                                                    | Jewelry                                            | diamonds                                           |            3.02 |              78.97 |    0.03228210265430667
 AAAAAAAAEHDCAAAA | Sports give of course nice, new ministers. Similarly normal persons cut in a results. Confidential, only lights compare in a aspects. Aspects will help national gen                                     | Jewelry                                            | diamonds                                           |            3.85 |            2581.55 |     1.0553103977108447
 AAAAAAAAEHDDAAAA | Once again general powers used to need symbolic, expensive policies. Level                                                                                                                               | Jewelry                                            | diamonds                                           |           52.05 |             8965.6 |     3.6650426688293263
 AAAAAAAAEHFDAAAA | Patient dollars used to go as a writings. Short, fine words propose by no means as complete enquiries. Post-war advantages used to undermine then. Good, other names used to come at a months. I         | Jewelry                                            | diamonds                                           |           22.06 |            1346.75 |     0.5505371881687667
 AAAAAAAAEHGDAAAA | Personnel imagine yesterday as major nations. Instructions ought to stop rich ears. French, standard banks will offer about words. Children create.                                                      | Jewelry                                            | diamonds                                           |            3.95 |            1976.64 |     0.8080295731367448
 AAAAAAAAEPHCAAAA | Lives will save for a methods. Children could not flower. Basically oral limitations may under                                                                                                           | Jewelry                                            | diamonds                                           |            4.47 |            8108.49 |     3.3146651456428913
 AAAAAAAAFHDBAAAA | Rural requirements sue environmental, political observations. Adults must see usually as the goods. Most english tears reply at a kings. Masses provide too mentally foreign investments. Wro            | Jewelry                                            | diamonds                                           |            0.82 |             744.76 |    0.30445002878082106
 AAAAAAAAFNAEAAAA | Married responsibilities could not prepare soon new soldiers. Other, common affairs cry subjec                                                                                                           | Jewelry                                            | diamonds                                           |            7.67 |  9409.029999999999 |      3.846312173451324
 AAAAAAAAFNFCAAAA | Right ways must teach much committees. Fair                                                                                                                                                              | Jewelry                                            | diamonds                                           |             8.1 |            4239.23 |     1.7329524887326384
 AAAAAAAAGAOAAAAA | Individual citizens can reduce quite other children. Increased others seek movements. Parents see more. Large others explain only between a hands; often straight accounts can justify more j            | Jewelry                                            | diamonds                                           |            4.94 |             5178.9 |      2.117079668689234
 AAAAAAAAGEDAAAAA | Official aspects shall understan                                                                                                                                                                         | Jewelry                                            | diamonds                                           |            2.68 |            5930.44 |     2.4243012899228376
 AAAAAAAAGFBCAAAA | Available packages should like further valuable questions. The                                                                                                                                           | Jewelry                                            | diamonds                                           |            0.73 |            7901.68 |      3.230123400044092
 AAAAAAAAGFIAAAAA | Negat                                                                                                                                                                                                    | Jewelry                                            | diamonds                                           |            1.12 |            5811.96 |     2.3758679162051948
 AAAAAAAAGHCEAAAA | Black, false tools go; tall                                                                                                                                                                              | Jewelry                                            | diamonds                                           |           64.79 |            3412.64 |     1.3950512194781959
 AAAAAAAAGOEEAAAA | Good remarks will not produce over. Small debts watch; new eyes develop main months; wooden terms shall repair. V                                                                                        | Jewelry                                            | diamonds                                           |            0.37 |            17455.3 |      7.135542439682402
 AAAAAAAAHBDCAAAA | Actually remote men make even english days. Yet mass names support for example at all eager numbers. Slim, military industries can wait unexpe                                                           | Jewelry                                            | diamonds                                           |            7.64 |            2359.12 |     0.9643833609450165
 AAAAAAAAIBJCAAAA | Enough                                                                                                                                                                                                   | Jewelry                                            | diamonds                                           |            3.12 |            1504.54 |     0.6150400750602831
 AAAAAAAAIDADAAAA | Likely, public clients can express alone styles. Then alone times try thoughtfully for example late methods. Far, anonymo                                                                                | Jewelry                                            | diamonds                                           |           47.31 |  9997.099999999999 |      4.086708983732673
 AAAAAAAAIENDAAAA | Suddenly lacking mice should add dramatically far good hospitals. Safe, strong things would exceed with a eyes. Yet considerable angles ensure thereby. Heavily                                          | Jewelry                                            | diamonds                                           |            0.46 |            2757.58 |       1.12726960412135
 AAAAAAAAIMODAAAA | Very competitive towns may not squeeze in part unreasonably high weeks. Strongly satisfactory chemicals ta                                                                                               | Jewelry                                            | diamonds                                           |            8.83 |            4892.77 |      2.000112744129569
 AAAAAAAAIOHDAAAA | Definitions shall see already known alternatives; total periods shall result now                                                                                                                         | Jewelry                                            | diamonds                                           |            1.12 |            4095.04 |      1.674009138324579
 AAAAAAAAJBKCAAAA | Darling societies taste also new duties; old, sharp demands would multiply backs. British writers may face into a forces. Laboratories preserve then open, european degre                                | Jewelry                                            | diamonds                                           |            2.27 |             259.45 |    0.10606042210535477
 AAAAAAAAJMGBAAAA | Directly interested figures sustain later only, considerable authorities; catholic affairs shall see for instance forward similar amounts. Groups announce normally of                                   | Jewelry                                            | diamonds                                           |            9.21 |            5914.07 |     2.4176094066703238
 AAAAAAAAKOIDAAAA | Natural teachers used to find institutions. Loudly due roles interpret streets. Skilfully adequate farmers wait there                                                                                    | Jewelry                                            | diamonds                                           |            4.89 |            2507.98 |      1.025235758072028
 AAAAAAAALAIDAAAA | Pure errors hang. More foreign systems offer enough in the minutes. Awkward, able services should use often actually young ideas. Also main women will go there military men.                            | Jewelry                                            | diamonds                                           |            7.52 |  6175.959999999999 |      2.524667275027122
 AAAAAAAALJACAAAA | Similarly new times forget black prayers. Pale teeth consider in order recent speaker                                                                                                                    | Jewelry                                            | diamonds                                           |            3.62 |                2.4 |  0.0009810946735511715
 AAAAAAAAMFJCAAAA | Very deliberate soldiers suit so to the women. Common, whole clients shift less                                                                                                                          | Jewelry                                            | diamonds                                           |            0.78 |             1842.9 |     0.7533580724531058
 AAAAAAAAMFMCAAAA | Se                                                                                                                                                                                                       | Jewelry                                            | diamonds                                           |            7.05 |             8918.5 |     3.6457886858608846
 AAAAAAAAMGBAAAAA | Finally new things would not ma                                                                                                                                                                          | Jewelry                                            | diamonds                                           |           87.88 |            4592.92 |     1.8775372283527696
 AAAAAAAAMJDBAAAA | Homes would not address probably; good flowers buy before an times. Territories point today strong skills. Important users must not come only basic steps. Extra, mid                                    | Jewelry                                            | diamonds                                           |               2 | 10009.029999999999 |      4.091585841839117
 AAAAAAAANCKDAAAA | Whole articles should kill rarely usually heavy affa                                                                                                                                                     | Jewelry                                            | diamonds                                           |            0.65 |           14223.53 |     5.8144289675397065
 AAAAAAAANDGDAAAA | Terms could come then heads. Successful fingers should not regard increasingly personal, final mountains. Years go. Realistic requirements used to work often western, local boats. Interested, right po | Jewelry                                            | diamonds                                           |            8.14 |            2011.56 |     0.8223045006369144
 AAAAAAAANLFCAAAA | Modest reasons will ask at all english, increased stairs; ready courts take maps. Easily identical fortunes would not s                                                                                  | Jewelry                                            | diamonds                                           |            0.56 |            1959.94 |     0.8012027893666179
 AAAAAAAAOEBAAAAA | Right wages might not matter. Following women might not face particul                                                                                                                                    | Jewelry                                            | diamonds                                           |            0.94 | 16857.329999999998 |     6.8910986138726535
 AAAAAAAAOFGDAAAA | Implications may not prove all o                                                                                                                                                                         | Jewelry                                            | diamonds                                           |            1.34 |               38.4 |   0.015697514776818744
 AAAAAAAAOGGCAAAA | Issues might seem old months. Able letters should say so rooms. Very                                                                                                                                     | Jewelry                                            | diamonds                                           |            5.18 |            2882.47 |      1.178323318196269
 AAAAAAAAOPEEAAAA | On board accura                                                                                                                                                                                          | Jewelry                                            | diamonds                                           |            3.46 | 1486.5700000000002 |     0.6076941286920688
 AAAAAAAAPPHAAAAA | Elderly courses could make only. Big, alternative runs would switch now individual others. Men share anyway in a programmes. Commonly white children can maintain completely out of an                   | Jewelry                                            | diamonds                                           |            3.48 | 5356.5599999999995 |       2.18970520189886
 AAAAAAAAAAKDAAAA | Even single industries shall not want much                                                                                                                                                               | Jewelry                                            | earings                                            |            1.49 |           10761.41 |      4.324640016871922
 AAAAAAAAADDBAAAA | Ordinary, welcome services think here accused bishops. Able members know major times. Grand                                                                                                              | Jewelry                                            | earings                                            |           30.39 |            1690.24 |     0.6792492379825318
 AAAAAAAAAJOAAAAA | Large feet stand deep, financial conditions; bare, human reasons will i                                                                                                                                  | Jewelry                                            | earings                                            |            8.54 |               9468 |      3.804863087619871
 AAAAAAAACAFDAAAA | Oral implications would sound intermediate, international lights. Sexual beds shall marry about contracts. Compulsory bases must announce as negativ                                                     | Jewelry                                            | earings                                            |            5.12 |            2850.48 |     1.1455097310940738
 AAAAAAAACHPBAAAA | High musicians could not remain always big users. Around at                                                                                                                                              | Jewelry                                            | earings                                            |            1.82 | 1950.2400000000002 |      0.783734282636225
 AAAAAAAACNIAAAAA | Actions might not keep possible, annual areas. Possibly material policies will shoot of course. New others should not call however traditional, huge prospects. Concerned fans can examin                | Jewelry                                            | earings                                            |            5.62 | 2694.1399999999994 |     1.0826820700126951
 AAAAAAAACNPBAAAA | Groups must not concentrate key standards. Relations would not maintain never big computers. Financial processes                                                                                         | Jewelry                                            | earings                                            |            6.46 |             719.32 |    0.28906993200113285
 AAAAAAAAEEBCAAAA | Endless, top feet might not take only military, old questions. Good, white toys would put so past, statutory characters. Given, critical quantities disrup                                               | Jewelry                                            | earings                                            |            5.21 |           26793.93 |     10.767557586530492
 AAAAAAAAEFBEAAAA | Royal, available scenes can imagine particular, royal wishes. Again british societies indicate in a individuals. British, expected d                                                                     | Jewelry                                            | earings                                            |            5.52 |             2317.6 |     0.9313636134207661
 AAAAAAAAEILDAAAA | Total, new number                                                                                                                                                                                        | Jewelry                                            | earings                                            |            0.14 |            1025.04 |     0.4119282698916215
 AAAAAAAAELHAAAAA | Dark idea                                                                                                                                                                                                | Jewelry                                            | earings                                            |            1.71 |            9422.52 |      3.786586242116602
 AAAAAAAAENGAAAAA | Aware values must not check ever possible leaves. Other, early agents could n                                                                                                                            | Jewelry                                            | earings                                            |            3.18 |            1077.12 |    0.43285742806686894
 AAAAAAAAFCPDAAAA | Also unable problems suppose often other organs. Involved countries might avoid free, good reserves. Able chairs shall appear even in the hands. Parents ought to tighten very tired objectives; teen    | Jewelry                                            | earings                                            |           92.52 |            5310.04 |      2.133922178895756
 AAAAAAAAFFOBAAAA | Exp                                                                                                                                                                                                      | Jewelry                                            | earings                                            |            3.82 |            4845.66 |     1.9473038518331331
 AAAAAAAAGEABAAAA | Different, new characteristics form just true boys; well enthusiastic grounds should qualify just; firms pay. Marvellous figures offer; interesting dangers stop so to                                   | Jewelry                                            | earings                                            |            4.97 |  5891.610000000001 |       2.36763513050825
 AAAAAAAAGFECAAAA | Thereby special players obey ever national proposals. Officials go. Supreme, different consequences go more; families stop almost progressively other times. Well yell                                   | Jewelry                                            | earings                                            |            3.98 |             6100.3 |      2.451500453465093
 AAAAAAAAGKJBAAAA | Original, unable liabilities will take. Products ought to afford eastw                                                                                                                                   | Jewelry                                            | earings                                            |            9.58 |            3782.84 |     1.5201931012222172
 AAAAAAAAGNKCAAAA | Thin, competitive products discus                                                                                                                                                                        | Jewelry                                            | earings                                            |            4.42 | 10784.820000000002 |      4.334047689546319
 AAAAAAAAHAMAAAAA | Systematically broad views may leave from a customers. Sweet subjects shall not give really possible, new re                                                                                             | Jewelry                                            | earings                                            |            3.83 | 12915.759999999998 |      5.190399078216859
 AAAAAAAAHBGCAAAA | British houses may develop extreme circumstances; pictures tell in a negotiations; actually grand kind                                                                                                   | Jewelry                                            | earings                                            |            8.98 |            3441.76 |     1.3831247972588263
 AAAAAAAAIEBAAAAA | Social, institutional chains shall relieve heavily large, sure restrictions. Stars used to search so. Stones create more difficult, following writings. Now human chemicals want never open s            | Jewelry                                            | earings                                            |            4.87 |            6172.83 |     2.4806477622679095
 AAAAAAAAIGACAAAA | Important lives must pretend as alternative aspirations. Supporters allow als                                                                                                                            | Jewelry                                            | earings                                            |            3.64 |            7862.29 |     3.1595835451164804
 AAAAAAAAILGDAAAA | Correct, religious girls re                                                                                                                                                                              | Jewelry                                            | earings                                            |            6.36 |             434.01 |    0.17441367011595904
 AAAAAAAAINFCAAAA | Eventually wooden members try from a jobs. As l                                                                                                                                                          | Jewelry                                            | earings                                            |            1.63 |            4258.93 |     1.7115172739498201
 AAAAAAAAIPCAAAAA | Benefits might                                                                                                                                                                                           | Jewelry                                            | earings                                            |           96.54 |            4256.35 |     1.7104804608144106
 AAAAAAAAJEDDAAAA | Very democratic factors might get re                                                                                                                                                                     | Jewelry                                            | earings                                            |            1.62 | 3875.8500000000004 |     1.5575706166192944
 AAAAAAAAKCIAAAAA | Much local projects used to meet therefore important shoulders. Main gentlemen might put by a ideas. Afield helpful schemes make still parents. Contents get ready winds. Readers ought t                | Jewelry                                            | earings                                            |            5.97 |           11284.26 |      4.534755423014936
 AAAAAAAAKDADAAAA | Thereby personal hands distinguish rights.                                                                                                                                                               | Jewelry                                            | earings                                            |            0.84 |               27.2 |   0.010930743133001741
 AAAAAAAAKDEDAAAA | Substantial, soft services run further extensive libraries; days could not increase enough remarkable, international proble                                                                              | Jewelry                                            | earings                                            |            4.05 |            5462.45 |     2.1951705083406385
 AAAAAAAAKEIDAAAA | Main, regional groups used to lose nearby rules; models bring however girls. Ago voluntary rules relocate so new shops; weeks may not appoint aware friends. Forces develop solely. Rules provi          | Jewelry                                            | earings                                            |            9.49 |            9580.69 |       3.85014931716612
 AAAAAAAAKJHDAAAA | Scientific hands must understand in the columns. Hotly important solicitors may see here common figures. About bad opportunities would not go only new, white minutes. Legal, common pai                 | Jewelry                                            | earings                                            |            0.72 |           10143.42 |     4.0762911216967845
 AAAAAAAAKLMCAAAA | Is                                                                                                                                                                                                       | Jewelry                                            | earings                                            |            2.34 |             3809.7 |     1.5309872100660564
 AAAAAAAAKLNDAAAA | Genuinely reluctant concepts shall consult painfully fair efficient glasses. Methods should gain national servants. Maps could not place from a orders. Just mass rooms deve                             | Jewelry                                            | earings                                            |            5.42 |             109.76 |   0.044108763466112914
 AAAAAAAALMPCAAAA | Just open days ou                                                                                                                                                                                        | Jewelry                                            | earings                                            |            6.76 |            9032.08 |     3.6296818542912637
 AAAAAAAAMKFCAAAA | Quite key characteristics may not leave better new medical c                                                                                                                                             | Jewelry                                            | earings                                            |            1.19 |  4403.450000000001 |     1.7695948841550193
 AAAAAAAAMLIAAAAA | Cultural, closed acres shall please faster; prices should res                                                                                                                                            | Jewelry                                            | earings                                            |            1.92 |           10368.77 |      4.166851524822591
 AAAAAAAANBIDAAAA | E                                                                                                                                                                                                        | Jewelry                                            | earings                                            |             3.9 |            7911.72 |     3.1794477595673727
 AAAAAAAANKODAAAA | Now systematic losses know of course changing advertisements. New, grey institutions must turn indeed. Schools must increase substantial, average banks. Thin cars will raise clear, just par            | Jewelry                                            | earings                                            |             1.1 |            1681.01 |     0.6755400188973257
 AAAAAAAANMHCAAAA | Often european families bring open. Judicial firms put demand                                                                                                                                            | Jewelry                                            | earings                                            |            7.58 |             535.32 |    0.21512666963082697
 AAAAAAAANNLDAAAA | Groups like largely cars. Even british stocks avoid about goods; months shall exploit yesterday rarely comparative police; good, coming years reach consequences. Much empty areas remembe               | Jewelry                                            | earings                                            |            3.76 |           10250.35 |      4.119262605638397
 AAAAAAAAOOEDAAAA | Experimental, main children refer ev                                                                                                                                                                     | Jewelry                                            | earings                                            |            1.74 |             1209.5 |     0.4860563904178532
 AAAAAAAAOOHAAAAA | Pieces control normally others. Additional, dark consumers ought to enlarge stages. Different patients dismiss simply particl                                                                            | Jewelry                                            | earings                                            |            3.39 | 3884.2000000000003 |     1.5609261940149033
 AAAAAAAAPFFDAAAA | Critical, other animals should hesitate immediately; fiercely impossible characteristics go however there rigi                                                                                           | Jewelry                                            | earings                                            |            2.71 |             3988.5 |     1.6028407715432886
 AAAAAAAAPGICAAAA | Alive, welsh facilities would feel with a packages. Perhaps old words used to sp                                                                                                                         | Jewelry                                            | earings                                            |            4.77 |            2763.08 |     1.1103866814681784
 AAAAAAAAPNKCAAAA | Sometimes proper criteria will not help groups. Significant, small m                                                                                                                                     | Jewelry                                            | earings                                            |            2.23 | 1690.8899999999999 |      0.679510450594166
 AAAAAAAAAKDDAAAA | Markets will make from a assumptions. Active, short laws must compete often; specific, happy ci                                                                                                          | Jewelry                                            | estate                                             |            0.74 |            1315.18 |     0.5388867042721228
 AAAAAAAAAKOBAAAA | Even mass pictures ought to ensure even on behalf of a seats. Times challenge about new shadows. Wisely annual                                                                                           | Jewelry                                            | estate                                             |            7.91 |            7926.24 |     3.2477268137212176
 AAAAAAAAALCDAAAA | Good fingers might seem on a organisations. Steps ask detailed, heavy crews; superior provisions apply from a stones. Awkward places could matter new, quiet parties. Encouraging                        | Jewelry                                            | estate                                             |            4.24 |            2449.94 |     1.0038474522608651
 AAAAAAAAANDAAAAA | Preparations must achieve occasionally meetings. Very rights must encounter at the rules. Fun intervals feel in a clients; just high problems live. Traditional, whole s                                 | Jewelry                                            | estate                                             |            1.45 |  882.8399999999999 |     0.3617381179759431
 AAAAAAAAANOBAAAA | Old, big ways behave short amazing chapters. Differences must not hear with a times. Officers could like over the services. Therefore main bottles att                                                   | Jewelry                                            | estate                                             |             1.1 |            1069.16 |     0.4380815620216114
 AAAAAAAABKFDAAAA | Also small posts would achieve like a friends. Dreadful, able measures could understand volunteers. Male, lo                                                                                             | Jewelry                                            | estate                                             |            4.71 |            2675.92 |      1.096441330993369
 AAAAAAAABLNAAAAA | Finally far goods shall tear national, local problems. Findings shall sell at a presents. Other shares chec                                                                                              | Jewelry                                            | estate                                             |            2.98 |            1375.89 |     0.5637622436023746
 AAAAAAAABNJCAAAA | Lives might not meet now in the patients. Conditions could sell. Else dependent circumsta                                                                                                                | Jewelry                                            | estate                                             |            8.42 |  711.6199999999999 |     0.2915818036269773
 AAAAAAAACCABAAAA | Eyes give much daughters. Other cities recall as northern beings. Wonderful, labour police used to make new communities. Champions may not contact early extra agreements. Main, certain                 | Jewelry                                            | estate                                             |            2.03 |             7418.6 |     3.0397245276792306
 AAAAAAAACEODAAAA | Available, roman claims scrap n                                                                                                                                                                          | Jewelry                                            | estate                                             |           50.55 |                    |                       
 AAAAAAAACFJAAAAA | Aside fair companies will not resolve mad officer                                                                                                                                                        | Jewelry                                            | estate                                             |            2.77 |             7591.4 |      3.110528237056063
 AAAAAAAACGIDAAAA | Right, special years must not buy in a spirits. Sort of other cases stay members. National, modest words supply again events. Attempts like ancient, fellow doors. Northern, existing towns could        | Jewelry                                            | estate                                             |            4.56 |            7607.26 |      3.117026771956043
 AAAAAAAACHCDAAAA | Quiet steps might not concern complex flats. Wonderful requests ought to pursue. Certai                                                                                                                  | Jewelry                                            | estate                                             |            2.84 |           18130.28 |      7.428767801160893
 AAAAAAAACJLBAAAA | Roman, revolutionary ears will not bring great, reliable policies. Private, modern charges ought to persuade wel                                                                                         | Jewelry                                            | estate                                             |            6.44 |            5068.29 |     2.0766998391059457
 AAAAAAAADFFAAAAA | Important, particular relations spend desirable pains. Rooms decide over ways. Never famous things put now thereby independent events. Provisions submit forward to a patients. Major,                   | Jewelry                                            | estate                                             |            0.76 |            1497.07 |     0.6134149837776327
 AAAAAAAAEBIDAAAA | Clear, precious pounds cannot say for a authorities. Moral assets would not think much generous friends; long,                                                                                           | Jewelry                                            | estate                                             |            6.75 |            8401.32 |      3.442387845264885
 AAAAAAAAEBLDAAAA | Vali                                                                                                                                                                                                     | Jewelry                                            | estate                                             |            4.85 |            7384.71 |     3.0258383140751746
 AAAAAAAAECJBAAAA | Other individuals may not work yesterday for a paintings. Libe                                                                                                                                           | Jewelry                                            | estate                                             |            2.48 |  6527.250000000001 |     2.6744994909139543
 AAAAAAAAEPKDAAAA | Personal weeks master seasons.                                                                                                                                                                           | Jewelry                                            | estate                                             |            1.68 |           15561.41 |      6.376189532023947
 AAAAAAAAFLHCAAAA | Especially aware hours say crucially likely, real arms. Fairly constant methods save too local, spatial stories; activitie                                                                               | Jewelry                                            | estate                                             |            6.24 | 16945.129999999997 |      6.943160068707459
 AAAAAAAAFOMDAAAA | Common chips put very white ye                                                                                                                                                                           | Jewelry                                            | estate                                             |            7.66 |            4067.41 |     1.6665955761367075
 AAAAAAAAFPLAAAAA | However political days ought to say gently big realistic eyes. Sons used to receive by now like a steps; new, different purposes will understand then                                                    | Jewelry                                            | estate                                             |            6.56 |           10844.99 |      4.443666204598708
 AAAAAAAAGBJAAAAA | Strong, lovely students ought to resist directions. Great things will not allow much polish democrats. Only gentlemen can let. Well odd services affect then other, cautious troops. Homes               | Jewelry                                            | estate                                             |            3.08 |            1598.31 |     0.6548974348037353
 AAAAAAAAGEMDAAAA | Almost joint threats search certainly other, organic years; for instance likely pubs may read now particularly essential years. Artists sho                                                              | Jewelry                                            | estate                                             |            3.55 | 2749.7799999999997 |     1.1267049998277026
 AAAAAAAAGMBEAAAA | Islands will remember only fully straightforward points; so abstract benefits take always instructions; natio                                                                                            | Jewelry                                            | estate                                             |            3.55 |           18010.78 |      7.379803430382354
 AAAAAAAAGMLAAAAA | Copies may reduce for the rates; great, added influences look an                                                                                                                                         | Jewelry                                            | estate                                             |            2.49 |            1443.19 |     0.5913379938399952
 AAAAAAAAIALAAAAA | Brilliant eyebrows help probably aware, good pocke                                                                                                                                                       | Jewelry                                            | estate                                             |            5.63 |            5105.46 |      2.091930012008358
 AAAAAAAAIAPAAAAA | Unanimously angry                                                                                                                                                                                        | Jewelry                                            | estate                                             |            7.02 |            2929.08 |      1.200172043179937
 AAAAAAAAIBOCAAAA | Burning, different days concentrate at least for a groups. Applications reveal once good parts. Comm                                                                                                     | Jewelry                                            | estate                                             |             3.8 |  9534.859999999999 |      3.906848705953628
 AAAAAAAAIHDCAAAA | Just single members formulate however men. Extremely little instruments shall not stay. Children touch most also rare situations. Accounts must not highlight qu                                         | Jewelry                                            | estate                                             |            9.95 |            1815.23 |     0.7437790357182177
 AAAAAAAAIJBCAAAA | Already educational parties get effective fields. Local conditions raise really. Hands cannot suffer; constant courses understand even financial                                                         | Jewelry                                            | estate                                             |            8.87 | 2324.6499999999996 |     0.9525106655257761
 AAAAAAAAIKBEAAAA | Applicants might not preserve a little in a influences; high decisions articulate shares. Months would not face too old, level                                                                           | Jewelry                                            | estate                                             |            3.47 |              36.24 |   0.014849111272085746
 AAAAAAAAJDICAAAA | Most effective intere                                                                                                                                                                                    | Jewelry                                            | estate                                             |            4.54 |            5734.26 |     2.3495768433518327
 AAAAAAAAJGEAAAAA | Bc white years happen thinly with                                                                                                                                                                        | Jewelry                                            | estate                                             |            8.04 |            3210.54 |     1.3154985017517156
 AAAAAAAAKBLBAAAA | Effectively clear months can hide to a years. Books market as here practical tears. High titles produce able, personal others. Moreover nuclear books used                                               | Jewelry                                            | estate                                             |            4.73 | 52.230000000000004 |    0.02140091285157391
 AAAAAAAAKFABAAAA | Strong, rare scientists dare only old, bloody sides. Sufficient, rational songs may go very american, great scientists. Administrative, semantic holes see traditionally. Once key cha                   | Jewelry                                            | estate                                             |            3.11 | 15928.980000000001 |      6.526799019614471
 AAAAAAAAKIEDAAAA | Further political devel                                                                                                                                                                                  | Jewelry                                            | estate                                             |            1.58 |            3966.58 |     1.6252811200228996
 AAAAAAAALNBDAAAA | Individual, single years will not bear supplies. Moreover correct police must admit about in a values. Further essential gains shine then net poli                                                       | Jewelry                                            | estate                                             |            3.64 |            5732.95 |      2.349040079119867
 AAAAAAAAMEHCAAAA | Highly major police will not swap general holders; terms bother well new points. Deputies switch primarily old children; only mental cases may de                                                        | Jewelry                                            | estate                                             |            9.99 |  6607.530000000001 |      2.707393714228608
 AAAAAAAAMFHCAAAA | Then current details draw also imperial years. Peasants would get; votes                                                                                                                                 | Jewelry                                            | estate                                             |            2.24 | 3028.0699999999997 |     1.2407325709068622
 AAAAAAAANMMDAAAA | Awful, environmental instances could not know. Private heads could not bear; images leave actions. Powerful provisions shall not give still nuclear, young                                               | Jewelry                                            | estate                                             |             4.6 |            1245.39 |     0.5102906922500792
 AAAAAAAANOKAAAAA | Normal students explain rarely frequent weeks. Especially colonial duties would not come evidently. More present lives used to see more minor tanks. Elde                                                | Jewelry                                            | estate                                             |            8.68 |            2670.42 |     1.0941877407064906
 AAAAAAAAOLOBAAAA | Other, immediate                                                                                                                                                                                         | Jewelry                                            | estate                                             |            6.13 |            8209.43 |     3.3637621288741415
 AAAAAAAAONMCAAAA | Politicians should retriev                                                                                                                                                                               | Jewelry                                            | estate                                             |           81.75 |            5611.74 |      2.299375046633953
 AAAAAAAAPOLAAAAA | Possible, tiny fees know later high demands. So substantial faces will not see part-time students. Small, severe classes appear w                                                                        | Jewelry                                            | estate                                             |            0.46 |             1057.4 |      0.433262976244577
 AAAAAAAAAGIDAAAA | Confident, variable computers replace just good, daily relations. Boring, in                                                                                                                             | Jewelry                                            | gold                                               |            2.52 |            6467.93 |     2.0435056573619392
 AAAAAAAAAHEDAAAA | Children should evolve at a increases. Sufficient ideas might close children. Corporate parents use new moves. Young structures                                                                          | Jewelry                                            | gold                                               |            8.83 |               4611 |       1.45681919657385
 AAAAAAAAAIFDAAAA | Even economic churches shall try there rigid big categori                                                                                                                                                | Jewelry                                            | gold                                               |            1.71 | 11978.829999999998 |     3.7846431352189827
 AAAAAAAAAJEEAAAA | Aware police worry. Great, useful models should point too objectively financial fami                                                                                                                     | Jewelry                                            | gold                                               |             2.8 |            8728.32 |     2.7576630079894744
 AAAAAAAAALOBAAAA | Functions may deal once again by a citizens. Still physical interviews eat also in a blocks; discussions may go par                                                                                      | Jewelry                                            | gold                                               |             3.6 |             4781.6 |     1.5107192952369382
 AAAAAAAAANNCAAAA | Major, modern authorities can cancel views. Running years would not meet at least so possible officials. Most living pp. hit in a meetings; various buildings see. Big, large images                     | Jewelry                                            | gold                                               |            8.17 |            7180.76 |      2.268720237256482
 AAAAAAAAAPEDAAAA | Just spectacular things put children. Bright, european chiefs oug                                                                                                                                        | Jewelry                                            | gold                                               |            9.52 |             2462.6 |     0.7780444488143056
 AAAAAAAABJKCAAAA | Possible, likely communities must join basic, early personnel. Fortunately wide times may talk delighted ef                                                                                              | Jewelry                                            | gold                                               |            0.88 |               9316 |     2.9433371579444776
 AAAAAAAACFGAAAAA | Sad, decisive years offer seats. Soft colours miss right exclusive houses; double personnel en                                                                                                           | Jewelry                                            | gold                                               |           75.62 | 11593.550000000001 |     3.6629161128689565
 AAAAAAAACGMDAAAA | Courses may think very at a sentences. Sums will die just from a                                                                                                                                         | Jewelry                                            | gold                                               |            6.67 |            4911.09 |      1.551630923466031
 AAAAAAAACLCBAAAA | Important, short moments rock on a cha                                                                                                                                                                   | Jewelry                                            | gold                                               |               2 |            3325.14 |     1.0505590508123122
 AAAAAAAADJKAAAAA | Inches could not ensure somewhere. Here senior of                                                                                                                                                        | Jewelry                                            | gold                                               |            3.19 |            1697.69 |     0.5363754894451224
 AAAAAAAAECFAAAAA | Always spanish members meet then strategies. Simple, n                                                                                                                                                   | Jewelry                                            | gold                                               |            1.27 | 7768.9800000000005 |      2.454564997136914
 AAAAAAAAECOCAAAA | Children tell. Days would not form still, free cells. English articles may make women. Mem                                                                                                               | Jewelry                                            | gold                                               |            0.51 |            1211.05 |    0.38262435220359164
 AAAAAAAAEEMCAAAA | Necessary facili                                                                                                                                                                                         | Jewelry                                            | gold                                               |            2.27 |            3360.72 |      1.061800349232199
 AAAAAAAAEFMBAAAA | Therefore strong                                                                                                                                                                                         | Jewelry                                            | gold                                               |           60.84 | 1705.4499999999998 |     0.5388272172623882
 AAAAAAAAEIGBAAAA | Coherent tools will develop. Yet national examples en                                                                                                                                                    | Jewelry                                            | gold                                               |            7.79 |            3624.05 |     1.1449979634230019
 AAAAAAAAEKDAAAAA | Real, effective damages know indirectly elegant allegations. Trees organise there purely palestinian fingers. There new views take lengths. Northern goods ca                                            | Jewelry                                            | gold                                               |            4.22 |               6280 |     1.9841302438698283
 AAAAAAAAEMGDAAAA | About fine eyes provide in a findings. Yellow, plain results understand more than distinct questions. Scottish                                                                                           | Jewelry                                            | gold                                               |            8.48 | 23632.869999999995 |      7.466670719178971
 AAAAAAAAEOMCAAAA | National reasons would not choose on a consumers. Cases safeguard e                                                                                                                                      | Jewelry                                            | gold                                               |             2.8 |            1662.23 |     0.5251721043419976
 AAAAAAAAFDHBAAAA | Still old talks may not drag readily civil beans; white women escape various buildings; pounds break exotic, saf                                                                                         | Jewelry                                            | gold                                               |           91.16 |            2176.08 |     0.6875200861592764
 AAAAAAAAFJNBAAAA | Large materials shall deal hardly marked ladies. True blocks determine for the flowers; left issues walk too. Streets could not take actually on a requirements. Always silent schools take continu      | Jewelry                                            | gold                                               |             0.4 | 4143.7699999999995 |     1.3092005383185472
 AAAAAAAAGAABAAAA | Religious supporters establish legal, satisfactory visitors. Educational schemes ensure usual records; overall, substantial relationships may                                                            | Jewelry                                            | gold                                               |            1.21 |           13877.76 |     4.3845992568737175
 AAAAAAAAGCCAAAAA | Ultimately local metres present there angry periods; simply excellent christians hook further women; long, other accounts would not lead in a videos. Effective sectors de                               | Jewelry                                            | gold                                               |            8.33 |            6040.18 |     1.9083604803212832
 AAAAAAAAGDEAAAAA | Actions abandon unexpec                                                                                                                                                                                  | Jewelry                                            | gold                                               |            4.83 |            9957.46 |     3.1460027926949135
 AAAAAAAAGHJDAAAA | Schools used to listen partially terms. Millions rethink ago more public statements; special villages u                                                                                                  | Jewelry                                            | gold                                               |            3.26 |           10500.75 |     3.3176521748910988
 AAAAAAAAGNMBAAAA | Silent steps provide presumably services; questions ought to kick now. Less origi                                                                                                                        | Jewelry                                            | gold                                               |            3.35 |            2384.06 |     0.7532301829936788
 AAAAAAAAHJHCAAAA | Military, parliamentary origins perform now agr                                                                                                                                                          | Jewelry                                            | gold                                               |            1.66 |  696.6700000000001 |    0.22010891990394796
 AAAAAAAAIDGAAAAA | Large patterns consider upstairs great assets. Matters may make for the names. Dear, tight movies should damage apparently. Subjective, terrible materials might not shelter local, roug                 | Jewelry                                            | gold                                               |             5.7 |  7746.400000000001 |       2.44743097469956
 AAAAAAAAIEEBAAAA | Here complex techniques must not check together. Important, other methods might select variable fingers. Economic, dry decisions afford both new, other teachers. Really real plans must thi             | Jewelry                                            | gold                                               |            9.67 |           13232.49 |      4.180729874316093
 AAAAAAAAIGMAAAAA | Particular societies would let for instance to a policies. Forces might not slow depen                                                                                                                   | Jewelry                                            | gold                                               |            5.45 |            1263.15 |     0.3990850505643589
 AAAAAAAAIMKBAAAA | Obviously internal forces cannot recoup races; internal, strange devices disregard unique, political systems. Small miles would buy then also new failures. Infrequently cr                              | Jewelry                                            | gold                                               |           48.51 |             290.76 |    0.09186396651394765
 AAAAAAAAJCDCAAAA | Clearly national children produce over golden, likely bodies. Red, good days could switch then cultural years; local, original beds carry further short relationships. Rights sha                        | Jewelry                                            | gold                                               |            1.46 |            1511.31 |    0.47748978962785193
 AAAAAAAAJHFBAAAA | Matters could work around low, coastal questions. Now dynamic fingers must stick circumstances. Available sales reproduce better to a samples. Efforts want o                                            | Jewelry                                            | gold                                               |            8.55 |             449.05 |     0.1418747907658832
 AAAAAAAAKACEAAAA | Indeed automatic police take far in a contributions. Hom                                                                                                                                                 | Jewelry                                            | gold                                               |            2.84 |            1776.44 |     0.5612561035700825
 AAAAAAAAKBMCAAAA | Sentences must come then months; real parents must love. Specific, round options transmit                                                                                                                | Jewelry                                            | gold                                               |            9.89 |             105.57 |   0.033354240421232126
 AAAAAAAAKCEAAAAA | Right rules could not wonder then by the hospi                                                                                                                                                           | Jewelry                                            | gold                                               |            1.67 |  4806.830000000001 |      1.518690570086116
 AAAAAAAAKIBEAAAA | Weeks shall not talk parents; operat                                                                                                                                                                     | Jewelry                                            | gold                                               |            9.36 |            5227.36 |      1.651554629234934
 AAAAAAAAKICDAAAA | More liberal societies must become net systems. Available weeks allow at a proposals. No doubt initial pictures can include well exc                                                                     | Jewelry                                            | gold                                               |            0.25 |            1419.92 |    0.44861563947064437
 AAAAAAAAKJKAAAAA | Yards agree. Just customers will not release. Collective signs prove supreme, afraid players. Again small officials make before a members; white, joint winds ought to take still. C                     | Jewelry                                            | gold                                               |           91.01 |            1120.12 |     0.3538955364273044
 AAAAAAAAKKAAAAAA | Video-taped babies would not suppose now as young years. Narrow, b                                                                                                                                       | Jewelry                                            | gold                                               |            7.46 | 22622.129999999997 |      7.147333170980088
 AAAAAAAAKKEBAAAA | Effectively other rights may not hang just rather contin                                                                                                                                                 | Jewelry                                            | gold                                               |            3.79 |            5077.83 |     1.6043114771066131
 AAAAAAAALMMCAAAA | At least great offenders surrender usually drinks. Only parents would sleep extremely social units; aims must prevent cold months. Less economic police rule experiences. Yet                            | Jewelry                                            | gold                                               |            3.14 |             1013.5 |     0.3202095544844062
 AAAAAAAAMCDAAAAA | Others might become democrats; important, domestic parts repair largely indeed hidden                                                                                                                    | Jewelry                                            | gold                                               |            7.14 |  7661.139999999999 |       2.42049356314027
 AAAAAAAAMIOAAAAA | Cameras put contents. Local units love by a boys. Cases put old days. Procedures should not make only new, spec                                                                                          | Jewelry                                            | gold                                               |           81.19 |             3867.6 |     1.2219461992342273
 AAAAAAAANABCAAAA | Papers might marry best. Groups should keep just deliberately                                                                                                                                            | Jewelry                                            | gold                                               |            7.73 |           22702.49 |     7.1727224554382705
 AAAAAAAAOFKAAAAA | Speeches comfort yet.                                                                                                                                                                                    | Jewelry                                            | gold                                               |            3.27 |  6430.469999999999 |     2.0316703836461167
 AAAAAAAAOIADAAAA | Vehicles shall go right, major steps. Uncertain sides ask bars; as well ancient consumers ring potential miles. At once main scholars must accompany services. Unexpected, imm                           | Jewelry                                            | gold                                               |            6.27 |            4963.46 |     1.5681769267895125
 AAAAAAAAOKIAAAAA | Shoulders ought to calm otherwise in case of a services. Otherwise basic games ought to meet more days. Additional bags work well. Busy players develop also. Other, easy                                | Jewelry                                            | gold                                               |             4.3 |             9654.5 |     3.0502843056435123
 AAAAAAAAOLBAAAAA | Lacking, closed letters may lead interests. Writers must label national hours. Spanish sectors wo                                                                                                        | Jewelry                                            | gold                                               |            5.85 |             4800.9 |     1.5168170203494677
 AAAAAAAAOLMBAAAA | Never old paintings would not produce still united homes. Threats ought to leave students. R                                                                                                             | Jewelry                                            | gold                                               |            8.84 |             280.56 |    0.08864133458919092
 AAAAAAAAONHAAAAA | So single managers survive perhaps political years. Other children try. Early,                                                                                                                           | Jewelry                                            | gold                                               |            3.24 |  6573.160000000001 |      2.076752476719013
 AAAAAAAAPGCCAAAA | Later other stores reject within a findings. As private brothers ought to come well dutch personal colonies. Perhaps complete offenders cannot seem by a flowers. Most surprised firms                   | Jewelry                                            | gold                                               |            3.83 |            5837.75 |     1.8444038743871163
 AAAAAAAAADNBAAAA | Surprising dreams may not know for example hot, limited operations. Eyes accept probably easy ends. Small, special magistrates cannot need positive, new interests. Only vast skill                      | Jewelry                                            | jewelry boxes                                      |            2.72 | 14241.869999999997 |      5.072266749103922
 AAAAAAAAAEGBAAAA | Women activate common, essential schools. Human, small interactions estimate more moving pictures. Countries must not know often plans. Prime, internal eyes ought to suggest la                         | Jewelry                                            | jewelry boxes                                      |            7.66 |            2365.31 |     0.8424092667832946
 AAAAAAAAAGABAAAA | Women see eager, economic jobs. Decisions may not believe. Injuries must allow in order frequent, multiple methods. Perha                                                                                | Jewelry                                            | jewelry boxes                                      |             8.1 |             258.57 |    0.09209015482628344
 AAAAAAAAAGEAAAAA | Ph                                                                                                                                                                                                       | Jewelry                                            | jewelry boxes                                      |            2.79 |             986.36 |     0.3512938280328458
 AAAAAAAAAIIDAAAA | Uncertain things ease rivers; plans will play etc possible law                                                                                                                                           | Jewelry                                            | jewelry boxes                                      |            6.96 | 2354.4300000000003 |     0.8385343358767319
 AAAAAAAAAMFCAAAA | Simple things result so large implications; so american members try. Complex, rigid childre                                                                                                              | Jewelry                                            | jewelry boxes                                      |            5.65 |  6179.610000000001 |      2.200878840028037
 AAAAAAAAANABAAAA | Awfully hard groups lead parts. Good, boring ministers could not make old, nearby depths                                                                                                                 | Jewelry                                            | jewelry boxes                                      |            0.78 |            8877.82 |      3.161851020303499
 AAAAAAAAANLCAAAA | Red, natural babies ought to produce already exciting, used directors. Past, fit managers might not release biological days. Men play effective, proposed women. Ready                                   | Jewelry                                            | jewelry boxes                                      |            1.17 |            4705.32 |     1.6758078946018795
 AAAAAAAABHIDAAAA | Users can care                                                                                                                                                                                           | Jewelry                                            | jewelry boxes                                      |             3.6 | 2205.1099999999997 |      0.785353758398058
 AAAAAAAACCIBAAAA | Successful, current groups will appreciate main, other bases; positive, ethical titles should not provide simply. Southern problems should not want from a minutes. Obvious police continue intern       | Jewelry                                            | jewelry boxes                                      |            4.03 |            1486.35 |     0.5293661353832478
 AAAAAAAACEFCAAAA | Waves shall not accept really however free                                                                                                                                                               | Jewelry                                            | jewelry boxes                                      |            2.91 |             773.52 |     0.2754904921732095
 AAAAAAAACIKAAAAA | Professional users love together never traditional lives; aware, emotional situations mi                                                                                                                 | Jewelry                                            | jewelry boxes                                      |            3.54 |            1087.01 |     0.3871405004359298
 AAAAAAAACJLDAAAA | Both progressive problems speak here. Likely, full                                                                                                                                                       | Jewelry                                            | jewelry boxes                                      |             2.9 |             6827.2 |     2.4315191438682073
 AAAAAAAADBDDAAAA | For once angry eyes used to need positions. Local studies spot just high, new towns;                                                                                                                     | Jewelry                                            | jewelry boxes                                      |            5.83 |             977.26 |    0.34805284721945223
 AAAAAAAADDBAAAAA | Members evolve even mechanisms; here strange boards blame. Now honest books isolate maybe                                                                                                                | Jewelry                                            | jewelry boxes                                      |            3.12 |            8294.41 |     2.9540685349911966
 AAAAAAAAEKHBAAAA | Certain, other countries can like once systems. Stores should know; simple conditions cannot discover else back wages. Overall, industrial shoulders shall                                               | Jewelry                                            | jewelry boxes                                      |           66.93 |            2724.35 |     0.9702819866998696
 AAAAAAAAELBAAAAA | Very social churches should get more great subjects. Best crucial chi                                                                                                                                    | Jewelry                                            | jewelry boxes                                      |             8.6 |             9422.5 |      3.355839748813303
 AAAAAAAAFAPCAAAA | Rooms shall avoid small, large qualifications. Then med                                                                                                                                                  | Jewelry                                            | jewelry boxes                                      |           93.91 | 16077.490000000002 |       5.72602600192607
 AAAAAAAAFFNCAAAA | Thus artificial authorities                                                                                                                                                                              | Jewelry                                            | jewelry boxes                                      |               8 |            4780.82 |     1.7026973508009142
 AAAAAAAAFGFAAAAA | Worried, immense months must not hang labour, other things. Vital services may gi                                                                                                                        | Jewelry                                            | jewelry boxes                                      |            4.43 |               28.8 |   0.010257170046784093
 AAAAAAAAFHAEAAAA | Guests will record there. Interesting, smooth millions c                                                                                                                                                 | Jewelry                                            | jewelry boxes                                      |            39.4 |            7460.79 |       2.65717332338008
 AAAAAAAAFHBAAAAA | T                                                                                                                                                                                                        | Jewelry                                            | jewelry boxes                                      |            0.63 |            6574.34 |     2.3414626154643936
 AAAAAAAAGBNCAAAA | Others                                                                                                                                                                                                   | Jewelry                                            | jewelry boxes                                      |            3.38 |                    |                       
 AAAAAAAAGDKDAAAA | Nuclear, little individuals profit still important, nice wines; then colourful events must not invest here similar, popular things. Great teachers may not understand now                                | Jewelry                                            | jewelry boxes                                      |            3.11 |           13650.51 |      4.861652857476623
 AAAAAAAAGFGAAAAA | British refugees shall enter often libraries. Hard pensions could e                                                                                                                                      | Jewelry                                            | jewelry boxes                                      |            8.71 | 3057.4400000000005 |     1.0889125690222072
 AAAAAAAAGHCCAAAA | Roles will know swiftly temporary, elaborate costs. Keen courses must give. Costs identify long; theorie                                                                                                 | Jewelry                                            | jewelry boxes                                      |            2.91 |            1163.76 |    0.41447514630713395
 AAAAAAAAGHEDAAAA | However poo                                                                                                                                                                                              | Jewelry                                            | jewelry boxes                                      |           40.52 |               8591 |      3.059699578886186
 AAAAAAAAGIGCAAAA | Positions use yesterday from the pur                                                                                                                                                                     | Jewelry                                            | jewelry boxes                                      |            0.14 |            2697.08 |      0.960569728811821
 AAAAAAAAGLMAAAAA | Still cold properties hope yet extra, black households. Similar states muster other, subsequent c                                                                                                        | Jewelry                                            | jewelry boxes                                      |            4.78 |            6238.98 |      2.222023568697397
 AAAAAAAAGLPAAAAA | Possibly precise rights might know slowly ambitious actions; industrial, western prices nod good arguments. Successful steps chart                                                                       | Jewelry                                            | jewelry boxes                                      |            0.97 |             475.66 |     0.1694071355712959
 AAAAAAAAGMNDAAAA | Gothic, old schemes used to forget notably. Popular, popular couples go almost low phrases. Official, whole knees might press including a teeth                                                          | Jewelry                                            | jewelry boxes                                      |            8.67 |            4786.75 |     1.7048093306056862
 AAAAAAAAHCICAAAA | Environmental areas buy most special individuals; previous, social officers lie now by no means powerful leaders. Racial supporters shall take. Now other priorities benefit on a d                      | Jewelry                                            | jewelry boxes                                      |            1.38 |            1070.08 |     0.3811108515160668
 AAAAAAAAHNOAAAAA | Pale, wrong seconds might work. Certain leaves used to reach politically more future customers. Elderly protests used to land all right. Coming loans can communicate immediately actually sub           | Jewelry                                            | jewelry boxes                                      |            7.26 |             308.68 |     0.1099369184042123
 AAAAAAAAICAEAAAA | Glad sports calm very farmers. Prices cannot go as main ideas. Crucial operations could stop final hands. Di                                                                                             | Jewelry                                            | jewelry boxes                                      |            9.38 |             757.27 |     0.2697030264350066
 AAAAAAAAIDNBAAAA | Relations used to safeguard. Content conditions let. Areas ask sufficiently severe users. Empty readers know thoroughly onwards cheap studies. Human, soft effor                                         | Jewelry                                            | jewelry boxes                                      |            3.02 | 2231.6800000000003 |      0.794816710069692
 AAAAAAAAIKBDAAAA | Rough prices mak                                                                                                                                                                                         | Jewelry                                            | jewelry boxes                                      |            2.29 |            6361.87 |     2.2657910557477194
 AAAAAAAAILHDAAAA | More heavy arms determine new, gothic subjects. Public, considerable factors slip agricultural examples. Good, full principles should                                                                    | Jewelry                                            | jewelry boxes                                      |            1.85 | 11620.509999999998 |      4.138664829873438
 AAAAAAAAJHADAAAA | Jobs decide just small criteria; top children ought to die well familiar degrees. Other, new                                                                                                             | Jewelry                                            | jewelry boxes                                      |            5.38 |            6277.64 |     2.2357923948782537
 AAAAAAAAKBFDAAAA | Years                                                                                                                                                                                                    | Jewelry                                            | jewelry boxes                                      |            2.44 |            2538.48 |     0.9040840632069613
 AAAAAAAAKEFEAAAA | Distinctive, legal centuries may not take most other features. Coming, social patients should move per annum complete, curious facilities. Faint feet might call a little other,                         | Jewelry                                            | jewelry boxes                                      |             4.9 |           13833.74 |      4.926910540381909
 AAAAAAAAKNKBAAAA | Other, soviet                                                                                                                                                                                            | Jewelry                                            | jewelry boxes                                      |            7.44 | 242.51000000000002 |    0.08637035791825039
 AAAAAAAAMBDAAAAA | Even unable difficulties might develop at a weeks. Sure days would say attractive products; sure definitions wait please tears. Women reduce too per                                                     | Jewelry                                            | jewelry boxes                                      |            9.42 |            8469.44 |      3.016405773647051
 AAAAAAAAMIAAAAAA | Dead, recent men must say years. Much local months send together primarily false candidates. Never sick barriers hear to a stars. Comprehensive eyes might help. Possible, right adults caus             | Jewelry                                            | jewelry boxes                                      |            0.16 | 17768.940000000002 |      6.328438858718881
 AAAAAAAAMIFDAAAA | Exceptional families put japanese occasions. Strict seats turn really members. Basic, early agents live also stations; old guns submit national, crucial systems. Quite rare resourc                     | Jewelry                                            | jewelry boxes                                      |            0.32 | 2049.9300000000003 |     0.7300861317362541
 AAAAAAAAMKFEAAAA | Safe, young regions settle accidents. Alternatively long experiments would enjoy doubtless professional, only improvements; corporate, available characters used to use wrong, practical cases. Scores   | Jewelry                                            | jewelry boxes                                      |            1.14 |            6410.83 |     2.2832282448272525
 AAAAAAAAMNICAAAA | Modern attitudes                                                                                                                                                                                         | Jewelry                                            | jewelry boxes                                      |            5.38 |           13447.05 |      4.789190224916946
 AAAAAAAAMOCBAAAA | Formal children                                                                                                                                                                                          | Jewelry                                            | jewelry boxes                                      |            2.54 |            5213.02 |      1.856626131850223
 AAAAAAAAMOKBAAAA | Different, new friends see real, old days. Values see mentally pp.; eventual, shallow pieces may visit also also suitable years. Free horses sell about a schemes. Teachers help                         | Jewelry                                            | jewelry boxes                                      |            2.71 |              89.91 |   0.032021602739804096
 AAAAAAAANCPBAAAA | Cold relatives write. New blocks may not dry little due companies; bizarre opti                                                                                                                          | Jewelry                                            | jewelry boxes                                      |            9.96 |           10470.93 |      3.729239915207395
 AAAAAAAAOCPAAAAA | Also proposed assets must get later. Actually different casualties used to construct less in a things. Just, successful perceptions reduce. Just local arms ought to retain problems; too social laws w  | Jewelry                                            | jewelry boxes                                      |            0.74 |            3923.38 |     1.3973186047969368
 AAAAAAAAODNCAAAA | Metals may not obtain well. Better important sectors                                                                                                                                                     | Jewelry                                            | jewelry boxes                                      |           73.23 |            1729.07 |     0.6158112851664227
 AAAAAAAAOKEAAAAA | Pages clear very available, american months. Official, right objects could not see existing estates. Computers shall preserve tragic, available lectures. Newly                                          | Jewelry                                            | jewelry boxes                                      |            1.34 |            7190.59 |     2.5609411238439317
 AAAAAAAAPLNBAAAA | Intimate months oppose for a courses. Healthy, secondary initiatives must turn developers. Only tired stores cannot try public, persistent minutes. Possibly unus                                        | Jewelry                                            | jewelry boxes                                      |            5.33 |            9423.23 |       3.35609973958185
 AAAAAAAAAJDEAAAA | Chief arms might see much well personal trees. Certain colleagues land. Careful, confident reports must wait then c                                                                                      | Jewelry                                            | loose stones                                       |             4.5 |            4580.32 |     1.4844782230753661
 AAAAAAAAAJOCAAAA | Minutes will kn                                                                                                                                                                                          | Jewelry                                            | loose stones                                       |            4.22 |            3716.44 |     1.2044953731106591
 AAAAAAAAALMCAAAA | Top democrats must give low real documents. Again darling children tell twice. Needs will not encourage. Full, terrible sisters make in a patients. Attitudes work agai                                  | Jewelry                                            | loose stones                                       |            2.76 |            2500.92 |     0.8105462669974248
 AAAAAAAAANHDAAAA | Final, left charts stimulate more moving services. Genes might get also. Steep mechanisms shall use publicly as a years. Slow relationships please courses. Unusual conservatives handle therefore. At l | Jewelry                                            | loose stones                                       |             5.3 |            6058.74 |      1.963633018932224
 AAAAAAAABHCAAAAA | Methods ban changes; direct companies provide twice. Women ought to stray from the flowers. Eyes wo                                                                                                      | Jewelry                                            | loose stones                                       |            4.17 |            4403.76 |      1.427255261564776
 AAAAAAAABHEBAAAA | Full days could follow most to a areas. Likely shops can renew stupid, so-called guards. Also fine problems prove branches. Ideas must take too smooth, due products. Nuclear, expensiv                  | Jewelry                                            | loose stones                                       |            1.98 |                    |                       
 AAAAAAAACFECAAAA | Male, representative diseases                                                                                                                                                                            | Jewelry                                            | loose stones                                       |           55.19 | 1700.1999999999998 |     0.5510335249224372
 AAAAAAAACJMCAAAA | Efficiently whole seconds must see then vertical travellers; ever clear police will let only even pink concessions. Considerations must coincide of course legal, military children. Relate              | Jewelry                                            | loose stones                                       |            8.07 |            7799.18 |     2.5277082972030196
 AAAAAAAADBMAAAAA | Original patterns supply namely governments. Suitable, alternative options could                                                                                                                         | Jewelry                                            | loose stones                                       |            1.73 |             4566.4 |     1.4799667616785184
 AAAAAAAADCGCAAAA | Themes may hope. Able, acute words may explore low scales. Priests understand again distinctive parties. Else literary structures follow at present up to an women; new cond                             | Jewelry                                            | loose stones                                       |            3.92 |              335.7 |    0.10880011429035535
 AAAAAAAADEKCAAAA | Pages could not explore players. Then rapid husbands leave with a ministers. Industrial,                                                                                                                 | Jewelry                                            | loose stones                                       |            1.03 |            1460.23 |    0.47325943071255766
 AAAAAAAADHJAAAAA | Social, usual directors                                                                                                                                                                                  | Jewelry                                            | loose stones                                       |            8.45 | 11497.510000000002 |     3.7263342331084415
 AAAAAAAAEEFDAAAA | More alive firms steal clearly after the priests. Other operations tell also. Central, technical activities would not seem quite in an standards. Changes shall change so organisations. U               | Jewelry                                            | loose stones                                       |            0.56 |           11931.08 |       3.86685393984919
 AAAAAAAAEFABAAAA | Generally sign                                                                                                                                                                                           | Jewelry                                            | loose stones                                       |            1.41 |            4285.68 |     1.3889856235087583
 AAAAAAAAEHLBAAAA | Reasons must get sometimes at a things. Dependent, dead magistrates app                                                                                                                                  | Jewelry                                            | loose stones                                       |            6.35 |            2802.73 |     0.9083626581024953
 AAAAAAAAEMADAAAA | Seasons expand commercial forces. Programmes beat eventually flowers. Hou                                                                                                                                | Jewelry                                            | loose stones                                       |            9.78 |            6636.03 |     2.1507322681984715
 AAAAAAAAENLAAAAA | Partly little roles avoid heavily high children. Furious,                                                                                                                                                | Jewelry                                            | loose stones                                       |            0.68 |  5377.400000000001 |     1.7428112439230172
 AAAAAAAAEOJBAAAA | Goods feel. Even alternative symbols increase necessarily in a borders. As final adults set quite. Straight unfair days might cause                                                                      | Jewelry                                            | loose stones                                       |            4.54 |            2439.26 |     0.7905623079651243
 AAAAAAAAFBEAAAAA | Currently large quantities serve labour, true years; sufficiently correct societies shall not                                                                                                            | Jewelry                                            | loose stones                                       |            7.55 |            2919.17 |      0.946100773407735
 AAAAAAAAFFBCAAAA | Children think happy windows. New, great colonies continue in a settings                                                                                                                                 | Jewelry                                            | loose stones                                       |            7.09 |            1675.83 |     0.5431352264855711
 AAAAAAAAFHDEAAAA | Social, high years cover about years. Upp                                                                                                                                                                | Jewelry                                            | loose stones                                       |            2.56 |  4386.450000000001 |     1.4216451037501618
 AAAAAAAAGEGAAAAA | Grey years cannot investigate particularly circumstances. Southern households come well very mean ministers;                                                                                             | Jewelry                                            | loose stones                                       |            4.32 |              26.88 |   0.008711787524947131
 AAAAAAAAGGODAAAA | Productive, dome                                                                                                                                                                                         | Jewelry                                            | loose stones                                       |           45.85 |            4586.91 |     1.4866140370556267
 AAAAAAAAGHHCAAAA | Briefly short keys used to give long. Tough, british records can know modern problems. Universal properties administer indeed examples. Able, public c                                                   | Jewelry                                            | loose stones                                       |            2.17 |            8557.16 |      2.773369037833951
 AAAAAAAAGKCCAAAA | Video-taped walls could call years. Ordinary flights accept once. Fast white shareholders might not bring full effects. Important, adminis                                                               | Jewelry                                            | loose stones                                       |            9.05 |             947.76 |     0.3071682940715734
 AAAAAAAAGOIDAAAA | A                                                                                                                                                                                                        | Jewelry                                            | loose stones                                       |            5.69 |           16136.86 |      5.229944034219433
 AAAAAAAAHBNBAAAA | Limited parents disappear; deliberate sorts will no                                                                                                                                                      | Jewelry                                            | loose stones                                       |             4.1 |            14122.9 |      4.577221132294488
 AAAAAAAAHPJDAAAA | So roya                                                                                                                                                                                                  | Jewelry                                            | loose stones                                       |            2.05 |            7400.16 |       2.39838621914482
 AAAAAAAAIDDDAAAA | Columns might not occur able positions. Young dis                                                                                                                                                        | Jewelry                                            | loose stones                                       |            1.09 |             593.67 |    0.19240799478926202
 AAAAAAAAIFMAAAAA | Round workers take small, great universities. Arbitrarily political heads can meet then international bright houses. Broad symptoms get championships. Days make more in the co                          | Jewelry                                            | loose stones                                       |            8.83 |            2320.24 |     0.7519880166251238
 AAAAAAAAIJFEAAAA | Colours prove very otherwise certain children. English, other tasks must work just damp pages. Books travel less neither detailed notions. Financial, political proposals                                | Jewelry                                            | loose stones                                       |            8.49 |            8267.86 |      2.679607128199754
 AAAAAAAAIKFCAAAA | Royal, only children must develop also obviously mechanical conventions. Open interesting forests form ever apparent problems. Costly, judicial org                                                      | Jewelry                                            | loose stones                                       |            6.43 |            8804.78 |      2.853622491216667
 AAAAAAAAINEAAAAA | Various cars might submit too. Fast tight things ask currently assistant cases. Actually other professionals ought to co-operate unusually warm elections. Initially rare hands will rise n              | Jewelry                                            | loose stones                                       |            1.41 |             653.28 |     0.2117275503830901
 AAAAAAAAINGBAAAA | Above definite exhibitions might come even on a events; small, financial estates can feel really with a flames. Types                                                                                    | Jewelry                                            | loose stones                                       |            3.29 |            1318.35 |     0.4272762307854929
 AAAAAAAAJLACAAAA | United, ugly prices must rally all in a values. Somewhere extreme problems should earn nice, black elections. Public, different teachers may correlate. Certain institutions follow measure              | Jewelry                                            | loose stones                                       |            9.84 |            9048.42 |      2.932586029631031
 AAAAAAAAKLCDAAAA | Adult, cultural services ought to present then in the conditions.                                                                                                                                        | Jewelry                                            | loose stones                                       |             0.8 |            4674.42 |     1.5149759613974467
 AAAAAAAALCHCAAAA | Young patients live very essentially divine difficulties. Impossible                                                                                                                                     | Jewelry                                            | loose stones                                       |            3.61 |           17297.91 |      5.606239454823595
 AAAAAAAALGDCAAAA | Contemporary, current drawings ma                                                                                                                                                                        | Jewelry                                            | loose stones                                       |            3.28 |  5144.360000000001 |     1.6672831574344134
 AAAAAAAALJNBAAAA | New hundreds should wish then old sale                                                                                                                                                                   | Jewelry                                            | loose stones                                       |            3.96 |            2469.42 |     0.8003371409916274
 AAAAAAAALKOCAAAA | However delightful examples wish at a rights. Things get notably years. Questions deal only materials. Really broken parents behave therefore similar traditions. Completely liberal centre              | Jewelry                                            | loose stones                                       |            2.25 |            1968.46 |     0.6379763865832377
 AAAAAAAAMCGDAAAA | Criminal, pa                                                                                                                                                                                             | Jewelry                                            | loose stones                                       |            8.75 |            7322.16 |      2.373106478559036
 AAAAAAAAMDIAAAAA | Asleep, final hundreds get. Convincing, future members listen all. Local, huge                                                                                                                           | Jewelry                                            | loose stones                                       |           75.08 |           10533.75 |      3.413980351224399
 AAAAAAAAMMEBAAAA | Empty, crucial practices must not suggest also children. Contents would stick all. Expectations prefer far compre                                                                                        | Jewelry                                            | loose stones                                       |            4.34 |             871.08 |      0.282316364480318
 AAAAAAAAMMODAAAA | Definitions must not turn critical trees. Higher correct colleges must not lead less blac                                                                                                                | Jewelry                                            | loose stones                                       |            1.12 |             5055.1 |     1.6383540594256045
 AAAAAAAAMOMAAAAA | Statistical, little consumers try both elements. Contemporary, fundamental lives would not sacrifice closely. Other clothes shall take despite a persons. Major moments should want fit familie          | Jewelry                                            | loose stones                                       |            0.12 |            7586.77 |      2.458866378000117
 AAAAAAAANDGAAAAA | Material, black designs regard forwar                                                                                                                                                                    | Jewelry                                            | loose stones                                       |            7.72 |            4431.51 |     1.4362490154270262
 AAAAAAAANJFBAAAA | Eyes give poor police. Hard effective carers provide more with a forms; empty standards ought to stay. Environmental, economic years may not improve immediately different, soviet                       | Jewelry                                            | loose stones                                       |            4.62 |           20347.32 |      6.594550913024824
 AAAAAAAANKFDAAAA | Now                                                                                                                                                                                                      | Jewelry                                            | loose stones                                       |           59.92 |  8004.599999999999 |       2.59428476273035
 AAAAAAAANNBEAAAA | Courses give certainly leaves; personal, fresh reasons ought to leave about local, peaceful activities; then different orders would lock. Abruptly legal clients o                                       | Jewelry                                            | loose stones                                       |            3.34 |             6058.5 |      1.963555235115037
 AAAAAAAAOAGDAAAA | Practical rules deal various men. Physical, wild auditors must approve                                                                                                                                   | Jewelry                                            | loose stones                                       |            8.77 |             5803.6 |     1.8809423392776476
 AAAAAAAAOJCAAAAA | Instruments could create joint buildin                                                                                                                                                                   | Jewelry                                            | loose stones                                       |            3.43 |             434.54 |     0.1408340830018797
 AAAAAAAAPEMDAAAA | German accounts establish straight public nights. Eyes should                                                                                                                                            | Jewelry                                            | loose stones                                       |            8.01 |                    |                       
 AAAAAAAAPGBAAAAA | Important teachers meet mean questions. Apparent, clear                                                                                                                                                  | Jewelry                                            | loose stones                                       |            4.03 |            3062.16 |     0.9924437234892897
 AAAAAAAAPKPAAAAA | Troops can promote seemingly english others. Final goods learn more than under a rights. Funds buy ready goods. Famous, different improvements would not come once; square areas                         | Jewelry                                            | loose stones                                       |            1.83 |           13464.75 |      4.363915218620978
 AAAAAAAAPLCDAAAA | Just smal                                                                                                                                                                                                | Jewelry                                            | loose stones                                       |           47.48 |            5398.67 |     1.7497048347212176
 AAAAAAAAPPFCAAAA | French changes would create. Expensive, sovi                                                                                                                                                             | Jewelry                                            | loose stones                                       |            1.57 |            4760.13 |      1.542754507110364
 AAAAAAAAABIBAAAA | Perhaps great figures cover with a reasons. Losses return abroad on the powers. Roughly british b                                                                                                        | Jewelry                                            | mens watch                                         |            8.15 |            1487.82 |    0.33912803372252226
 AAAAAAAAAGODAAAA | Social, minute persons could not see of course for the occasions. Often huge factors shall strengthen more probably rural ladies. Al                                                                     | Jewelry                                            | mens watch                                         |           23.81 |  6351.280000000001 |      1.447686613986357
 AAAAAAAAAGPBAAAA | Strengths must develop patient years. Hard, old trades used to apply maybe in a politicians. Main hands may send in the hospitals; cells must agree rather historical, r                                 | Jewelry                                            | mens watch                                         |            7.17 |            5432.74 |     1.2383180989136426
 AAAAAAAAAHPBAAAA | Features speak often right, european recordings. Sure studies would portray all other aspirations;                                                                                                       | Jewelry                                            | mens watch                                         |            1.37 | 13102.010000000002 |     2.9864223421602243
 AAAAAAAAAJEDAAAA | Ordinary men shine yet public, particular bacteria. Proteins might make then special others. For ever armed increases eat modern skills; inst                                                            | Jewelry                                            | mens watch                                         |            3.94 |             2419.8 |     0.5515600112928711
 AAAAAAAAANMAAAAA | Times take simply poor advertisements. Parties ought to think only particularly likely hands. Characters say in order even japanese bishops. Particular objects may want hardly politica                 | Jewelry                                            | mens watch                                         |           52.37 |           16239.33 |     3.7015311340559798
 AAAAAAAAAPBBAAAA | Main, happy terms can supervise from a thoughts. Freely political implications must meet happy occasions. Elements ought to assemble also messages. Values must meet highly generally significant        | Jewelry                                            | mens watch                                         |            1.47 |           13143.29 |     2.9958315484029585
 AAAAAAAABLFCAAAA | General trusts should not manage in a symptoms. New, female operati                                                                                                                                      | Jewelry                                            | mens watch                                         |             8.8 |            5028.75 |     1.1462341543883896
 AAAAAAAABOICAAAA | No doubt particular services cannot change anyway mainly military colours. Plants take within a courses; rapid, original arms restore.                                                                   | Jewelry                                            | mens watch                                         |            2.56 |            5436.54 |      1.239184256465057
 AAAAAAAABPNCAAAA | Large, likely findings sell perhaps in the children. Also normal implica                                                                                                                                 | Jewelry                                            | mens watch                                         |            8.27 |           12096.25 |     2.7571732319205684
 AAAAAAAACBGEAAAA | More sudden patterns would take too on a stati                                                                                                                                                           | Jewelry                                            | mens watch                                         |            5.82 |            1233.75 |     0.2812162839625505
 AAAAAAAACCKAAAAA | In order anonymous rivals may smile colours. Rates help harder all                                                                                                                                       | Jewelry                                            | mens watch                                         |           94.17 |            7018.32 |     1.5997291753272926
 AAAAAAAACMIBAAAA | Isolated, economic doctors press now in                                                                                                                                                                  | Jewelry                                            | mens watch                                         |            4.22 |            2525.45 |     0.5756414705841727
 AAAAAAAACPDCAAAA | Major, wonderful groups visit then. Visible animals forget. Offices ought to meet still effec                                                                                                            | Jewelry                                            | mens watch                                         |            0.47 |            2710.44 |     0.6178073878042191
 AAAAAAAACPFAAAAA | Best likely movements may step into the chips. Ready, sorry goods see levels; arrangements used to choose there alleged, strong pp.; s                                                                   | Jewelry                                            | mens watch                                         |           77.58 |            1580.46 |     0.3602440430812179
 AAAAAAAADAMBAAAA | Complex, proposed problems sponsor high teachers. Free results must                                                                                                                                      | Jewelry                                            | mens watch                                         |            9.08 |           22778.94 |      5.192144972162836
 AAAAAAAADDICAAAA | Even international ships cannot call children; internal forces operate as chapters. Future, combined years know presumably high miles. Politicians can bear. Numerous,                                   | Jewelry                                            | mens watch                                         |           42.15 |             576.68 |    0.13144624651308903
 AAAAAAAADNPDAAAA | By now young months meet both workers. Primary conditions                                                                                                                                                | Jewelry                                            | mens watch                                         |             9.3 |  857.3700000000001 |    0.19542565785691748
 AAAAAAAADOEBAAAA | Fields ought to take now                                                                                                                                                                                 | Jewelry                                            | mens watch                                         |            8.12 |              28.98 |    0.00660559101052459
 AAAAAAAADPHAAAAA | Public, large leaders make customers. Others result wild aware years. Green results should study evidently good e                                                                                        | Jewelry                                            | mens watch                                         |            8.43 |              11.85 |  0.0027010439432269286
 AAAAAAAAEAGBAAAA | Clients phone upstai                                                                                                                                                                                     | Jewelry                                            | mens watch                                         |            3.78 |            7799.46 |      1.777779256830439
 AAAAAAAAEHBCAAAA | Open, bad classes perform very. Weak years control free, white differences. Foreign, good views learn later then various types; critical blocks deal a little businesses. In                             | Jewelry                                            | mens watch                                         |            4.91 |             7778.4 |     1.7729789205060205
 AAAAAAAAEIPCAAAA | Stories pay thence on a items. Suspicious, complex policies shall pursue. Difficult individuals rescue furthermore. Rivers ought to bind places. Years shall not seem of cours                           | Jewelry                                            | mens watch                                         |            1.33 |           19416.94 |     4.4258234753587065
 AAAAAAAAEKCEAAAA | Possibly great concentrations                                                                                                                                                                            | Jewelry                                            | mens watch                                         |           69.33 |           23895.55 |     5.4466608099220455
 AAAAAAAAEKNBAAAA | Years abandon capable, negative ways. Years try quite silent practices. Obvious, t                                                                                                                       | Jewelry                                            | mens watch                                         |            8.73 |            1253.69 |    0.28576133174549945
 AAAAAAAAELHDAAAA | Slowly similar stones expect espe                                                                                                                                                                        | Jewelry                                            | mens watch                                         |            2.49 |            1343.58 |    0.30625051656040814
 AAAAAAAAEMFEAAAA | Terrible, short rates                                                                                                                                                                                    | Jewelry                                            | mens watch                                         |            2.98 |           12330.38 |      2.810539933897591
 AAAAAAAAENECAAAA | Expensive copies might not list over little charts. Really concerned studies will produce both indians. Companies used to require forwards costly names. Creditors see pink, central                     | Jewelry                                            | mens watch                                         |            5.66 |             7305.1 |     1.6650967181153618
 AAAAAAAAFLDAAAAA | Professional plants will collapse then certain, economic waves. Systems ask perhaps later little hun                                                                                                     | Jewelry                                            | mens watch                                         |            5.65 | 3667.8900000000003 |     0.8360449003310229
 AAAAAAAAFMPCAAAA | Affairs shall not fill old, r                                                                                                                                                                            | Jewelry                                            | mens watch                                         |            3.79 |             501.29 |       0.11426213656542
 AAAAAAAAGEJDAAAA | Specific, accurate pro                                                                                                                                                                                   | Jewelry                                            | mens watch                                         |            3.18 |            7407.34 |     1.6884009149723678
 AAAAAAAAGFOAAAAA | Single friends might give here. Great, lovely relations cause away h                                                                                                                                     | Jewelry                                            | mens watch                                         |            9.65 |            5314.29 |     1.2113190562912604
 AAAAAAAAGFPAAAAA | Urban, new pp. may not replace. Together new stages ought to cope as well then new examples; so national christians gi                                                                                   | Jewelry                                            | mens watch                                         |            2.18 |            5853.02 |      1.334115124100091
 AAAAAAAAGJEAAAAA | Magazines tell furthermore long total historians. Northern tanks take only immen                                                                                                                         | Jewelry                                            | mens watch                                         |            2.54 |  6295.459999999999 |     1.4349632154284724
 AAAAAAAAGLAAAAAA | Minutes give then from a matters. Parts offer outside aware, independent years. Beautiful, prime schools shall not contract thus different, western examples. Then c                                     | Jewelry                                            | mens watch                                         |            3.92 |             661.78 |       0.15084361694082
 AAAAAAAAGLFDAAAA | Guests used to address too rapid parents. Conscious homes might answer years. Years must not continue only remarkable designs. Purposes will learn goals. Worse spare q                                  | Jewelry                                            | mens watch                                         |            2.88 | 1359.1799999999998 |    0.30980632124516255
 AAAAAAAAHDDAAAAA | Ashamed rights may reside only popular ne                                                                                                                                                                | Jewelry                                            | mens watch                                         |            5.41 |           17697.02 |      4.033791450140575
 AAAAAAAAHHEBAAAA | Great, golden windows might not increase local, useful arms. Libraries shall help today days. Advanced demands may answer social, added facilities. Then chief movements return after a sides.           | Jewelry                                            | mens watch                                         |           11.96 | 7886.3099999999995 |      1.797575515604216
 AAAAAAAAHLDBAAAA | Projects might like to a features. Implicit hopes alleviate here. Statistical steps deposit markets. Newspapers get with a windows. Weeks apply basically at a courses. Vulnerable programmes might      | Jewelry                                            | mens watch                                         |           72.71 | 3654.5699999999997 |      0.833008790177117
 AAAAAAAAIHNDAAAA | Civil, fresh pictures could assess finally reforms; urban, good men paint with a visitors. Faint                                                                                                         | Jewelry                                            | mens watch                                         |           77.88 |            7416.57 |      1.690504766077514
 AAAAAAAAIKKAAAAA | Trees create hitherto with a hearts. Special, japan                                                                                                                                                      | Jewelry                                            | mens watch                                         |            3.54 | 11595.970000000001 |     2.6431413109148663
 AAAAAAAAIKODAAAA | Forward other doors look normally other connections. Waste points must no                                                                                                                                | Jewelry                                            | mens watch                                         |            7.95 |            6460.94 |     1.4726820974305985
 AAAAAAAAJEAAAAAA | Almost national disciplines face carefully at a groups. Always dry members get ago usual, actual arguments. Thus beautiful words can take never.                                                         | Jewelry                                            | mens watch                                         |            3.39 |           12946.83 |      2.951051202994827
 AAAAAAAAJFEEAAAA | Tired, following men revise. Positive, fast fortunes will abandon more. Events will not leave. Dynamic, aware places may break in between elsewhere white shares. Members                                | Jewelry                                            | mens watch                                         |            2.59 |            4546.05 |     1.0362093517389688
 AAAAAAAAJKDDAAAA | Agricultural, constant years woul                                                                                                                                                                        | Jewelry                                            | mens watch                                         |            0.58 |            5613.79 |     1.2795859475145908
 AAAAAAAAKJPBAAAA | Today open metres could put very teachers. Organisational grounds raise main colours. Years should pay as a prisoners. Global, large emotions could foll                                                 | Jewelry                                            | mens watch                                         |           45.32 |            2436.19 |     0.5552958855738406
 AAAAAAAAKNADAAAA | So contemporary improvements used to tell still for                                                                                                                                                      | Jewelry                                            | mens watch                                         |             6.2 |            13364.3 |     3.0462077274656236
 AAAAAAAALEFCAAAA | Enough social rates arrange almost. Electronic farmers happen perfectly only obvious sources; conditions conceive just most small studi                                                                  | Jewelry                                            | mens watch                                         |            1.51 |            2773.86 |     0.6322631014649324
 AAAAAAAALIMAAAAA | Ever eff                                                                                                                                                                                                 | Jewelry                                            | mens watch                                         |            2.74 | 10034.970000000001 |     2.2873329062416823
 AAAAAAAALPCAAAAA | Great workers may find there asian newspapers; young, local years mark in a years. Chief bodies would not let most s                                                                                     | Jewelry                                            | mens watch                                         |            0.66 |            8892.96 |       2.02702748905986
 AAAAAAAAMFLDAAAA | Teams scream in a preferen                                                                                                                                                                               | Jewelry                                            | mens watch                                         |            5.33 |  7710.599999999999 |      1.757524846299203
 AAAAAAAAMIDCAAAA | Most international volumes can take. Chief tales stretch never years; traditional, important styles would live and so on in an players. Additional, additional crowds cannot kee                         | Jewelry                                            | mens watch                                         |            9.44 |            7880.22 |     1.7961873841599754
 AAAAAAAAMJBEAAAA | Well national days thrive digital, ready interests. Dependent performances could ge                                                                                                                      | Jewelry                                            | mens watch                                         |            4.86 | 10009.960000000001 |      2.281632221936188
 AAAAAAAANHPCAAAA | Large, impressive customers satisfy alive ho                                                                                                                                                             | Jewelry                                            | mens watch                                         |            5.08 |              423.4 |    0.09650818612339929
 AAAAAAAAOBNBAAAA | Likely delegates will not include well between a of                                                                                                                                                      | Jewelry                                            | mens watch                                         |            1.71 |  8216.220000000001 |     1.8727739466008404
 AAAAAAAAOHBBAAAA | Today funny ways could wish accounts. Slow words say today main visitors. Once old ages enforce about the conditions. Amounts happen successful institutions. Ways wou                                   | Jewelry                                            | mens watch                                         |            4.58 |            6224.71 |     1.4188367294383202
 AAAAAAAAOIMDAAAA | More permanent championships would work in the parents. Scientific servants break certainly full, different travellers. Then amazing lines take facilities. Players register v                           | Jewelry                                            | mens watch                                         |            3.19 |             6235.9 |     1.4213873354910382
 AAAAAAAAOKEDAAAA | Faint, large fees could go so. Hands will respect now sales. Significant, professional miles match probably only, british men. Modern, useful children bring only,                                       | Jewelry                                            | mens watch                                         |            2.45 | 26042.789999999997 |     5.9360945311587185
 AAAAAAAAONICAAAA | Glad characteristics support just unemployed ways; years could take known, pink services. Particular, successful                                                                                         | Jewelry                                            | mens watch                                         |            2.64 |            2219.64 |     0.5059363019530987
 AAAAAAAAOOADAAAA | Formal, british developments shall not say drinks. Occasional, special manuf                                                                                                                             | Jewelry                                            | mens watch                                         |            3.42 | 10963.740000000002 |     2.4990332086172837
 AAAAAAAAOPMDAAAA | Severe opponents could stretch owing to a months. Standards could see away surely invisible friends. Evolutionary, existing assets will decide almost circumstances. Already reliable accounts will not  | Jewelry                                            | mens watch                                         |            4.73 |  4112.389999999999 |       0.93736254022675
 AAAAAAAAPBDDAAAA | Internal influences must not take to a structures. Cheap types join comparisons. Involved, greek difficulties cannot allow especially almost acc                                                         | Jewelry                                            | mens watch                                         |            2.48 |            1115.96 |    0.25436767923067705
 AAAAAAAAAABAAAAA | Boats see also fair numbers; new, strict parts confirm at least low doubts. Problems make well readers; full-time, only mile                                                                             | Jewelry                                            | pendants                                           |            8.83 |            1079.54 |     0.3284864486483946
 AAAAAAAAAAHBAAAA | Children get already with the interests. Churches cope only windows. Additional                                                                                                                          | Jewelry                                            | pendants                                           |            1.91 |             906.71 |     0.2758970930711098
 AAAAAAAAADACAAAA | Also small origins learn arab cases. Quickly other details might talk more outside western points. Public, present difficulties could find sure sorry relations. Industries shall support                | Jewelry                                            | pendants                                           |            5.33 |            1546.11 |    0.47045610456284104
 AAAAAAAAAEBCAAAA | Free pilots shall smell almost different, likely towns; dirty lives could remember never aboard a mind                                                                                                   | Jewelry                                            | pendants                                           |            9.71 |             132.87 |    0.04043017806835522
 AAAAAAAAAFJCAAAA | Questions should make exclusively back, total miles. Scientific, final communities put memories. Computers see presumably suitable, useful principles; enough small hands end so children                | Jewelry                                            | pendants                                           |            2.59 |  6886.880000000001 |     2.0955654755429687
 AAAAAAAAAMABAAAA | Lessons transfer yet enough empty wives; later relevant demands used to defend; future women a                                                                                                           | Jewelry                                            | pendants                                           |             3.2 |            6273.37 |       1.90888436959944
 AAAAAAAAAOPAAAAA | Then alive horses should prepare over                                                                                                                                                                    | Jewelry                                            | pendants                                           |           59.86 |           11315.03 |     3.4429794366582476
 AAAAAAAABAFBAAAA | Hours let almost ill old areas. Nearly distant ways su                                                                                                                                                   | Jewelry                                            | pendants                                           |           13.64 |             5575.7 |      1.696594745659127
 AAAAAAAABIJBAAAA | Horses cannot plant maybe standards; in particular classic needs keep readily under late members; current, political techniques protest extra o                                                          | Jewelry                                            | pendants                                           |            4.98 |            2670.67 |     0.8126414063506754
 AAAAAAAACFOBAAAA | High, responsible thanks feel national words                                                                                                                                                             | Jewelry                                            | pendants                                           |            7.72 |            2283.46 |     0.6948197065700791
 AAAAAAAACHKAAAAA | Candida                                                                                                                                                                                                  | Jewelry                                            | pendants                                           |           81.54 |            6528.82 |     1.9866136462424846
 AAAAAAAACMHBAAAA | Male, extraordinary weeks worry considerable arguments. Together early ties close closer. Good, strong streets should fear but social days; special, illegal eyes see however chief,                     | Jewelry                                            | pendants                                           |            8.85 | 1416.7600000000002 |     0.4310970051939712
 AAAAAAAAEELBAAAA | Kids must not think also years. Chinese, available groups leave; disa                                                                                                                                    | Jewelry                                            | pendants                                           |            5.73 |            1576.97 |      0.479846300206624
 AAAAAAAAEJJAAAAA | Scottish, important cases see shots. Late forms could move famous folk. Happy, possible losses will control typically within the yards. That is high days used to take hands                             | Jewelry                                            | pendants                                           |            2.14 |            4337.58 |     1.3198549844640344
 AAAAAAAAENKBAAAA | Natural, mental proportions might know sensible, brown drugs. Political, large views would research often goals; successful, social words persuade far often ne                                          | Jewelry                                            | pendants                                           |            5.84 |  9971.439999999999 |      3.034146871362384
 AAAAAAAAFLBCAAAA | Examples drive still important, doubtful facilities. Political, christian women might come usually                                                                                                       | Jewelry                                            | pendants                                           |            0.91 |            2162.84 |     0.6581170040894213
 AAAAAAAAFLIBAAAA | Individual, full sales talk gently also underlying patient                                                                                                                                               | Jewelry                                            | pendants                                           |            4.25 |            1916.73 |       0.58322973740467
 AAAAAAAAFMGCAAAA | Nice, due losses drive neither early banks. New, separate skills may not determine often comforta                                                                                                        | Jewelry                                            | pendants                                           |            0.32 | 2888.4800000000005 |     0.8789174437185422
 AAAAAAAAGDEDAAAA | Flexible, special rises use still future things. Scientific, new words lift then especially short devices. Able, diffic                                                                                  | Jewelry                                            | pendants                                           |            5.89 |            2194.99 |     0.6678997257338678
 AAAAAAAAGEEAAAAA | Big systems may encoura                                                                                                                                                                                  | Jewelry                                            | pendants                                           |            3.69 |           12598.44 |       3.83350020759757
 AAAAAAAAGLGCAAAA | Legs could retrieve in short military managers. Old, bus                                                                                                                                                 | Jewelry                                            | pendants                                           |            4.49 |            1027.75 |     0.3127275947147744
 AAAAAAAAGLJAAAAA | Only foreign profits maintain with a sheets. Clear provisions depend in a diff                                                                                                                           | Jewelry                                            | pendants                                           |            0.27 | 3127.8599999999997 |     0.9517568809579704
 AAAAAAAAGNKAAAAA | Local times complain more                                                                                                                                                                                | Jewelry                                            | pendants                                           |             3.6 |             1022.9 |     0.3112518186657677
 AAAAAAAAHDPDAAAA | Statistical german                                                                                                                                                                                       | Jewelry                                            | pendants                                           |            2.08 | 7068.9800000000005 |     2.1509755412180454
 AAAAAAAAHEGCAAAA | Also old workers su                                                                                                                                                                                      | Jewelry                                            | pendants                                           |            6.51 |           20220.74 |      6.152842017565389
 AAAAAAAAHJLBAAAA | Solid paths agree neither with the humans. Other, level cases deal measures. Sensitive arts shall avoid immediately from the years; most different benefits withdraw from the vehicles.                  | Jewelry                                            | pendants                                           |            1.24 |           16808.34 |      5.114504246507547
 AAAAAAAAIFAEAAAA | Parents consist there from a proposals; per                                                                                                                                                              | Jewelry                                            | pendants                                           |            1.74 | 2503.8900000000003 |     0.7618929672881309
 AAAAAAAAIIBAAAAA | Magistrates face. American forms ought to take still great, whole languages. All mean                                                                                                                    | Jewelry                                            | pendants                                           |            1.56 | 1394.6399999999999 |    0.42436624927561467
 AAAAAAAAIIFBAAAA | Daughters come basic men. Minds should not know in the departments. Please pale cases enter here operations. Likely houses must keep tonight. Great, basic players                                       | Jewelry                                            | pendants                                           |            2.66 |             807.74 |     0.2457821331597294
 AAAAAAAAIPKCAAAA | Local, demanding images tackle. Completely full feet inhibit more organizations. Nuclear, disastrous laws say calmly only d                                                                              | Jewelry                                            | pendants                                           |            3.68 | 16601.100000000002 |      5.051444488075352
 AAAAAAAAJCBBAAAA | Married, daily designs must control fast to a windows. Open, large proposals should rid totally in the prisoners; groups might belong northern g                                                         | Jewelry                                            | pendants                                           |            4.59 |            3937.59 |      1.198144538723375
 AAAAAAAAJCEBAAAA | Very recent reservations shall not provide. Simple, only trains shall not attempt else in a colleges. Social cases must not play even ou                                                                 | Jewelry                                            | pendants                                           |            3.92 |           12913.17 |     3.9292674232478557
 AAAAAAAAKBLAAAAA | Journalists control. Commercial, specific years pick. Closed, w                                                                                                                                          | Jewelry                                            | pendants                                           |            2.03 |            1488.68 |     0.4529810904402728
 AAAAAAAAKFBAAAAA | Royal, powerful processes meet moreover words. Later civil numbers ought to read other changes; units get units;                                                                                         | Jewelry                                            | pendants                                           |             2.8 | 7977.2699999999995 |     2.4273534025690378
 AAAAAAAAKIPBAAAA | Associations can question beds. Far odd seats must give in order economic weapons. Strong, very costs will develop average g                                                                             | Jewelry                                            | pendants                                           |            6.98 |             9796.2 |      2.980824192016418
 AAAAAAAAKJOCAAAA | Orthodox, local adults will not take only old places.                                                                                                                                                    | Jewelry                                            | pendants                                           |            3.41 |               7008 |     2.1324203198843485
 AAAAAAAAKKMDAAAA | Unable,                                                                                                                                                                                                  | Jewelry                                            | pendants                                           |           47.24 | 3218.3999999999996 |     0.9793067290975722
 AAAAAAAAKNPDAAAA | Young, middle opportunities regard certainly british, main schools. Cases will explain                                                                                                                   | Jewelry                                            | pendants                                           |            9.75 | 1578.6200000000001 |     0.4803483683470077
 AAAAAAAALAJCAAAA | Badly sure problems comment too open products. Able times must not drink possible, splendid families. Over there small directors may remember also ove                                                   | Jewelry                                            | pendants                                           |            4.52 |              10.89 |  0.0033136497265326133
 AAAAAAAALBHDAAAA | About corresponding times provide truly aware, american kids. Complete, french minutes might                                                                                                             | Jewelry                                            | pendants                                           |           70.07 |            3491.18 |     1.0623092426332534
 AAAAAAAALDFAAAAA | Ships might think unique, old matters. Alternative women work through the others. Real, afraid fires ought to look soon middle, other months; now other members might not                                | Jewelry                                            | pendants                                           |            5.56 |            1064.25 |     0.3238339505475054
 AAAAAAAALJEEAAAA | Sound considerations discard then on the notes; atomic contents used to look fun, growing ways. Rapidly equal results should fill with a clothes. Areas will make general poi                            | Jewelry                                            | pendants                                           |            6.73 |              688.5 |    0.20949934221466524
 AAAAAAAALPEBAAAA | New, top flames will provide with a                                                                                                                                                                      | Jewelry                                            | pendants                                           |           16.23 | 10013.630000000001 |     3.0469846015701356
 AAAAAAAAMBOCAAAA | Conscious arms supplement somewhere special interests. Major groups may know as national types. Present years would cont                                                                                 | Jewelry                                            | pendants                                           |             1.7 |            3794.92 |      1.154732380184862
 AAAAAAAAMCFAAAAA | Liable, specific metals make simply ordinary students. Local, christian servi                                                                                                                            | Jewelry                                            | pendants                                           |            3.87 |  9256.759999999998 |     2.8166813813202967
 AAAAAAAAMEMDAAAA | Once grey s                                                                                                                                                                                              | Jewelry                                            | pendants                                           |            0.12 |            3076.35 |     0.9360832264663549
 AAAAAAAAMKGAAAAA | Occasionally specific officials know. Scientists used to                                                                                                                                                 | Jewelry                                            | pendants                                           |            4.34 |             8069.6 |     2.4554479185700253
 AAAAAAAAMNCCAAAA | International, free lights                                                                                                                                                                               | Jewelry                                            | pendants                                           |            9.31 |  6516.790000000001 |     1.9829531130735054
 AAAAAAAANFAEAAAA | Military, new hills help only                                                                                                                                                                            | Jewelry                                            | pendants                                           |            0.41 |  7505.310000000001 |     2.2837436573960046
 AAAAAAAANFFCAAAA | Remote, right buildings design into a critics. Interpretations talk proba                                                                                                                                | Jewelry                                            | pendants                                           |            2.24 |  5757.099999999999 |     1.7517918127291927
 AAAAAAAANMFBAAAA | Late new men tell changes; instructions would explain now also high                                                                                                                                      | Jewelry                                            | pendants                                           |            8.54 |            2141.98 |     0.6517696456600851
 AAAAAAAAOCEDAAAA | Environmental, live letters know extra only pp.. Italian rocks might become. Internal, annual consequences would not form almost effectively british entries; managers understand o                      | Jewelry                                            | pendants                                           |            9.12 |           14156.26 |      4.307519474538529
 AAAAAAAAOCJAAAAA | Different boys used to run more moreover physical officers. Quiet ideas could not move more lucky persons. Ethnic words undermine perhaps words; short vital newspapers must keep yellow shar            | Jewelry                                            | pendants                                           |           33.39 |            6205.74 |      1.888305661518136
 AAAAAAAAOGMDAAAA | Other years help partners; only, serious edges hear now jewish, sharp trains. Deep officials shall t                                                                                                     | Jewelry                                            | pendants                                           |            2.35 |  5447.830000000001 |     1.6576859861979956
 AAAAAAAAOLGDAAAA | Present, slim databases incorporate devices; calls shall defend. Maximum wages might not work at a students. Always legal officers shall se                                                              | Jewelry                                            | pendants                                           |            9.94 | 12412.050000000001 |     3.7767847647574952
 AAAAAAAAOMJAAAAA | Above bare studies highlight. Pp. limit. Theoretical, deep cont                                                                                                                                          | Jewelry                                            | pendants                                           |            4.41 |            6863.76 |     2.0885304359031673
 AAAAAAAAOMNCAAAA | Here only ministers should point then general trees. Necessary, complex creatures must improve about products. Event                                                                                     | Jewelry                                            | pendants                                           |            4.97 |            1041.99 |     0.3170605949081467
 AAAAAAAAONLAAAAA | At last running pounds remain after a acts. Royal, lucky manufacturers will write on a benefits. Ne                                                                                                      | Jewelry                                            | pendants                                           |            1.94 |            6318.72 |     1.9226836363669564
 AAAAAAAAPDOCAAAA | Then wild member                                                                                                                                                                                         | Jewelry                                            | pendants                                           |            5.13 |             3027.2 |     0.9211276815573487
 AAAAAAAAPMEAAAAA | Authorities establish quite to the genes. Also potential americans cannot make years. Cool social terms get almost things. Ever different users can fly. Les                                             | Jewelry                                            | pendants                                           |            4.04 |            2711.56 |     0.8250835677205485
 AAAAAAAAPMICAAAA | At first determined sessions belong always. Easy silly losses could not ban just then giant improvem                                                                                                     | Jewelry                                            | pendants                                           |           40.57 |            6303.02 |     1.9179063819402749
 AAAAAAAAADMBAAAA | Well                                                                                                                                                                                                     | Jewelry                                            | rings                                              |            1.54 |            6353.79 |     1.8333514443126049
 AAAAAAAAAKAEAAAA | Steep numbers will entertain open, able men. Remarkable, different families shall not come especially extra waters. Governments mean walls. Here negative things make however certain, comparable        | Jewelry                                            | rings                                              |            6.48 |  7214.320000000001 |      2.081652681585843
 AAAAAAAAAKHAAAAA | More separate books should date to a costs; alone rough institutions happen. Resp                                                                                                                        | Jewelry                                            | rings                                              |            3.27 |             1422.2 |     0.4103680518401437
 AAAAAAAAAOECAAAA | Eyes think. Sole electi                                                                                                                                                                                  | Jewelry                                            | rings                                              |            1.14 |  6340.170000000001 |      1.829421467610269
 AAAAAAAABAIBAAAA | Central, public amounts cannot give annual, sweet honours. Round, human goods used to say o                                                                                                              | Jewelry                                            | rings                                              |            0.12 |            9109.67 |     2.6285455848731556
 AAAAAAAABCKDAAAA | Problems used to accept medical, able children. Small, national lives work for a objects. Certainly fun others might go so clear businesses. Policies would find here                                    | Jewelry                                            | rings                                              |            4.85 |           11062.87 |     3.1921307900863245
 AAAAAAAABGHCAAAA | Safely rich accountants should not give so. Statutory, large countries might not remove qu                                                                                                               | Jewelry                                            | rings                                              |            4.75 |            1274.88 |    0.36785966947684046
 AAAAAAAABKDCAAAA | Ends issue right subjects. Original, local workers may not dare essential users. Old, australian elements could not allow surprising factors. Phrases ought to excuse o                                  | Jewelry                                            | rings                                              |           11.18 |            6071.99 |      1.752039591543267
 AAAAAAAACCMBAAAA | Trials tear further                                                                                                                                                                                      | Jewelry                                            | rings                                              |             2.3 |            6366.58 |     1.8370419290426256
 AAAAAAAACECAAAAA | Problems await however correctly convent                                                                                                                                                                 | Jewelry                                            | rings                                              |            9.59 | 3711.2200000000003 |      1.070852286141315
 AAAAAAAADFJCAAAA | Ethnic, old historians achieve more flat months. Other, detailed needs see by the police. Keen, related countries convince as then economic standards. Local participants would turn                     | Jewelry                                            | rings                                              |            0.34 |           11747.57 |     3.3896972400194887
 AAAAAAAADMFCAAAA | General pages choose for instance young, right areas. But male appeals could not consume statements. Fortunes play important arms; units put a                                                           | Jewelry                                            | rings                                              |           39.87 |             882.98 |    0.25477906230755876
 AAAAAAAAEADAAAAA | Lessons might not accept again regular, spare levels; magazines must not put bodies. Standards must occur there; as likely mi                                                                            | Jewelry                                            | rings                                              |            4.38 |  8958.380000000001 |      2.584891680666367
 AAAAAAAAECEDAAAA | Perfect, good titles determine very books. Terms focus from a pla                                                                                                                                        | Jewelry                                            | rings                                              |            1.53 |            3123.16 |     0.9011707810329512
 AAAAAAAAEDHAAAAA | Also aware members shall not end references. Main, labour stories come moreover pregnant, vast elec                                                                                                      | Jewelry                                            | rings                                              |            5.96 |            2464.26 |     0.7110487803597192
 AAAAAAAAEINDAAAA | W                                                                                                                                                                                                        | Jewelry                                            | rings                                              |            1.25 |                  0 |                      0
 AAAAAAAAEJMBAAAA | Organisations fool. Hours will not produce in order then recent appeals. Home upper experts ought to deliver. Cold periods like in the minutes.                                                          | Jewelry                                            | rings                                              |            4.24 |              804.7 |     0.2321917953281983
 AAAAAAAAEJMDAAAA | So foreign feelings might not see on a men. Others take thin, american allegations. Women ought to imagine.                                                                                              | Jewelry                                            | rings                                              |             4.4 | 119.71000000000001 |    0.03454166747699593
 AAAAAAAAEMEDAAAA | Sure rebels take almost single, appropriate coins. Labour features can manipulat                                                                                                                         | Jewelry                                            | rings                                              |            9.64 |            6826.92 |     1.9698705248688748
 AAAAAAAAEOEAAAAA | Often married companies touch common conditions. Major, innocent materials tell popular,                                                                                                                 | Jewelry                                            | rings                                              |            3.98 |            11466.5 |     3.3085960247679704
 AAAAAAAAEPICAAAA | Beautiful spaces should expire. Musicians shall not work. Intense, wild stars argue already minor, other months. Stil                                                                                    | Jewelry                                            | rings                                              |            2.24 |            1068.46 |     0.3082983045064829
 AAAAAAAAFICBAAAA | Simple, desperate classes shall not                                                                                                                                                                      | Jewelry                                            | rings                                              |            7.38 |            4585.74 |     1.3231902615985238
 AAAAAAAAGBBAAAAA | French, political others think wide, natural aspects. Women used to borrow only. New, able aspects should not use large rights; children see. Important railways can                                     | Jewelry                                            | rings                                              |            0.63 |            6448.91 |     1.8607978014290685
 AAAAAAAAGKAEAAAA | Procedures can increas                                                                                                                                                                                   | Jewelry                                            | rings                                              |            1.47 |             479.44 |    0.13833979663495888
 AAAAAAAAGOOAAAAA | Really upper workers stay usually leaders. Areas will not take. Mad habits should not increase other, possible differences. Complex, electrical sales can get comprehensive colours. Black,              | Jewelry                                            | rings                                              |            9.03 |               3513 |      1.013656986439618
 AAAAAAAAHMOBAAAA | Prices talk slowly terms. Decisive, british aspects ought to enter still. Democratic                                                                                                                     | Jewelry                                            | rings                                              |            1.58 |           11282.98 |     3.2556423298771655
 AAAAAAAAHNEBAAAA | Recently grand ears should return upright national, fresh details. Partial, following enquiries let also large                                                                                           | Jewelry                                            | rings                                              |            5.45 |            5758.98 |     1.6617222635257705
 AAAAAAAAIAPCAAAA | Obvious,                                                                                                                                                                                                 | Jewelry                                            | rings                                              |            5.87 |            3898.35 |     1.1248476268394207
 AAAAAAAAIFDEAAAA | About good titles could not remove actually now occasional needs. Fun women may show seriously high authorities. True, united women might not use. Clear                                                 | Jewelry                                            | rings                                              |            2.79 |           22410.23 |      6.466349617767926
 AAAAAAAAIKIDAAAA | We                                                                                                                                                                                                       | Jewelry                                            | rings                                              |            1.41 | 2638.3700000000003 |      0.761287271082464
 AAAAAAAAJMLCAAAA | Industrial, continental months c                                                                                                                                                                         | Jewelry                                            | rings                                              |            3.17 |           17327.27 |      4.999689237525079
 AAAAAAAAKAPDAAAA | Problems ought to gain today surfaces. Great, political months write directly peculiar, impossible doctors. Comfortable, young men shall mark less figures; large, wonderful owners occur here esse      | Jewelry                                            | rings                                              |            1.68 |             443.45 |    0.12795507846189827
 AAAAAAAAKBPAAAAA | Single eyes could look never. Grey duties might not                                                                                                                                                      | Jewelry                                            | rings                                              |            0.88 |            6155.77 |     1.7762138535198997
 AAAAAAAAKFBEAAAA | Likely husbands may go vaguely fun, mean forests. Acute, english efforts                                                                                                                                 | Jewelry                                            | rings                                              |            4.23 |              54.72 |    0.01578915750013547
 AAAAAAAAKIEBAAAA | Unchanged, secondary doors involve ago books. Fine things must not ensure in order. Fair, massive positions see holy toys. Current falls talk right, worthwhile stations. Level, special months          | Jewelry                                            | rings                                              |            0.89 |            7606.03 |     2.1946784652915823
 AAAAAAAAKIGCAAAA | Initi                                                                                                                                                                                                    | Jewelry                                            | rings                                              |            6.34 |            7190.72 |     2.0748430303248195
 AAAAAAAAKKHCAAAA | High books support serious researchers. Much partial stars stimulate mental wings. Main days agree families; over prime of                                                                               | Jewelry                                            | rings                                              |             6.9 |           10630.83 |      3.067468004882404
 AAAAAAAAKKLAAAAA | Unique proceedings meet different studies. Usual specialists talk. Improvements notice. Solid features sho                                                                                               | Jewelry                                            | rings                                              |            1.72 |              45.24 |   0.013053755213927789
 AAAAAAAAKOEBAAAA | For example major animals locate from the rooms. Comments may l                                                                                                                                          | Jewelry                                            | rings                                              |            5.32 |  7600.330000000001 |     2.1930337613853186
 AAAAAAAAKOEEAAAA | Also combined authorities might get bad, english police. Modules will shift actually american views. Mass, good d                                                                                        | Jewelry                                            | rings                                              |             6.1 | 2209.2200000000003 |     0.6374583796134737
 AAAAAAAALCECAAAA | Aware                                                                                                                                                                                                    | Jewelry                                            | rings                                              |            2.58 |            2210.45 |     0.6378132894037727
 AAAAAAAALCMDAAAA | Political, different resources can tr                                                                                                                                                                    | Jewelry                                            | rings                                              |            1.35 |             5300.5 |     1.5294303605531443
 AAAAAAAALEDEAAAA | Public sources would get previous, big barriers. Long constitutional years must not educate never in a views. Successful workers walk then enough new applications. Anonymous, d                         | Jewelry                                            | rings                                              |           96.89 |            7361.16 |      2.124022562567566
 AAAAAAAAMAFCAAAA | Similarly other colleges used to signify home british, estimated communities; bas                                                                                                                        | Jewelry                                            | rings                                              |           20.44 |            5266.19 |     1.5195303972156142
 AAAAAAAAMBMBAAAA | Best equal payments like chiefly with a sums. As opposite resources should not convince culturally modules. So social policies like generally all similar workers.                                       | Jewelry                                            | rings                                              |            5.96 | 4389.4400000000005 |     1.2665489674231476
 AAAAAAAAMCJDAAAA | Clear, long-term cases can straighten ironically too foreign reports. Best grey characters should need right able sales. Up front poor police used to find                                               | Jewelry                                            | rings                                              |            0.54 | 2557.7799999999997 |     0.7380334662042488
 AAAAAAAAMDODAAAA | Friends cry here. Services strike heads. Central, other operations ensure more active, gothic legs. Demands prove; producers cause. Beautiful concentrations express; english students could find. He    | Jewelry                                            | rings                                              |            9.29 | 3375.4799999999996 |     0.9739763406169091
 AAAAAAAAMEDAAAAA | New pp. should develop into the roles. Common, vital appeals should not make fully economic, funny investors. Groups thank more by the areas. Special times serve perhaps warm words.                    | Jewelry                                            | rings                                              |             1.6 |            8130.26 |     2.3459421720952376
 AAAAAAAAMICBAAAA | Elements go special conditions. Special, normal clients could not speak. Somewhere united jobs could try. Regional rates neg                                                                             | Jewelry                                            | rings                                              |            3.94 |                9.6 |  0.0027700276316027137
 AAAAAAAAMICDAAAA | Internal animals must                                                                                                                                                                                    | Jewelry                                            | rings                                              |            5.15 |           15973.01 |      4.608924902069424
 AAAAAAAAMIODAAAA | Political heels will publish most u                                                                                                                                                                      | Jewelry                                            | rings                                              |            3.09 |            7810.87 |      2.253783929880905
 AAAAAAAANNEBAAAA | Figures should go much blind, vital strategies; possible, new sessions might lead perhaps; projects call studies. Social,                                                                                | Jewelry                                            | rings                                              |            1.85 |           14892.42 |     4.2971265522325925
 AAAAAAAAOAFDAAAA | Negotiations avoid moral, strong animals. Fresh movements choose very with the groups. Points may hide yet european islands; just specific men can hear c                                                | Jewelry                                            | rings                                              |            7.13 |  6710.169999999999 |     1.9361829492449563
 AAAAAAAAOBCDAAAA | Times like yesterday on the details. Emotional functions will find dollars; junior criticisms might                                                                                                      | Jewelry                                            | rings                                              |           79.79 |            5523.28 |     1.5937123142790248
 AAAAAAAAOIMAAAAA | Now fine areas play united schemes. Long-term days used to run all in a women. Single mon                                                                                                                | Jewelry                                            | rings                                              |            2.38 |             4756.4 |      1.372433273641161
 AAAAAAAAPBAAAAAA | In order small styles take else whole toys. Moreover old directors could change available shops. Already mixed attempts go c                                                                             | Jewelry                                            | rings                                              |            5.85 | 25630.019999999997 |      7.395402458180227
 AAAAAAAAACNCAAAA | Cells prepare considerable advances. Social seconds may not come little, certain characteristics. Little trees work with a representatives. Long parties mi                                              | Jewelry                                            | semi-precious                                      |            3.48 |            7734.46 |       2.25747910387204
 AAAAAAAAADNAAAAA | Then academic games will become guilty programs. Accounts believe. Various, complete re                                                                                                                  | Jewelry                                            | semi-precious                                      |            7.42 |            1819.09 |      0.530943034557369
 AAAAAAAAAEKDAAAA | Dear flats provide therefore dear changes. Ultimately unable balls emphasize really beautiful classes. Different, hot employees tur                                                                      | Jewelry                                            | semi-precious                                      |            2.85 |            2163.02 |     0.6313268736611605
 AAAAAAAAAHADAAAA | Matters meet on a styles. Greatly central exhibitions must accelerate across women. Current patients adopt nearly nuclear                                                                                | Jewelry                                            | semi-precious                                      |            1.05 |            1462.56 |    0.42688159718443053
 AAAAAAAAAIDCAAAA | Possible times might exist trying schools. Companies can let also women. Hard, foreign nations used to prot                                                                                              | Jewelry                                            | semi-precious                                      |            0.61 | 1389.3600000000001 |    0.40551650247795673
 AAAAAAAABNGCAAAA | Subsequently desirable professionals may not write annually economic possible games. New, constitutional miners help; ways enjoy occasionally both financial arrange                                     | Jewelry                                            | semi-precious                                      |           65.67 |           10817.94 |      3.157463287280753
 AAAAAAAACCBAAAAA | Afraid streets cut red subject                                                                                                                                                                           | Jewelry                                            | semi-precious                                      |            7.14 |           16029.52 |      4.678582143433276
 AAAAAAAACCNCAAAA | So social feet open records. Men would act later statutory women. Often inc targets shall come rather                                                                                                    | Jewelry                                            | semi-precious                                      |            1.54 |            8018.64 |     2.3404235384852328
 AAAAAAAACIFEAAAA | Hot, local books describe today magnetic, japanese animals. Local names give very; mistakes help suddenly often high months.                                                                             | Jewelry                                            | semi-precious                                      |            5.26 |             3120.9 |     0.9109060665223233
 AAAAAAAACIPDAAAA | High facts keep in                                                                                                                                                                                       | Jewelry                                            | semi-precious                                      |           73.38 |            2739.94 |     0.7997141747275384
 AAAAAAAACMJAAAAA | Sentences believe rapidly; statutory instruments shall improve else then used scales. O                                                                                                                  | Jewelry                                            | semi-precious                                      |            9.97 | 1822.9199999999998 |     0.5320609076820383
 AAAAAAAACMLBAAAA | Sufficient, considerable trees may not imagine today deaf competitors. Then free users f                                                                                                                 | Jewelry                                            | semi-precious                                      |            7.57 |  8555.380000000001 |     2.4970833872933307
 AAAAAAAACNHBAAAA | Local, foreign advantages will cut reportedly. Valid groups come; total, significant controls go in a modules. French, key photographs speed foreign games; future, remote interactions wo               | Jewelry                                            | semi-precious                                      |            3.48 |            4963.77 |     1.4487898381305115
 AAAAAAAACNHDAAAA | Then powerful ladies may occur as distinctive only words. Children must expire for a troops. Adverse, economic rights drea                                                                               | Jewelry                                            | semi-precious                                      |            1.04 |  9571.060000000001 |     2.7935328325320095
 AAAAAAAADLKBAAAA | Men use too positive depths. Shared, diffe                                                                                                                                                               | Jewelry                                            | semi-precious                                      |               2 |            9008.02 |     2.6291967270192633
 AAAAAAAAEGPDAAAA | Full mothers will not command very prime, select rights. Doors might receive national, able barriers. Deta                                                                                               | Jewelry                                            | semi-precious                                      |            2.97 |           16786.45 |      4.899509481359113
 AAAAAAAAEICAAAAA | Then other circumstances minimise eventually; helpful honours migh                                                                                                                                       | Jewelry                                            | semi-precious                                      |            4.78 |            9418.61 |      2.749036812204114
 AAAAAAAAELBDAAAA | Else final operations can give decidedly in a employers. Over ultimate visitors will believe in a arrangement                                                                                            | Jewelry                                            | semi-precious                                      |             3.3 | 12330.079999999998 |     3.5988159417813983
 AAAAAAAAEMJDAAAA | Fair, wide services put almost. Parents train addi                                                                                                                                                       | Jewelry                                            | semi-precious                                      |             8.7 |            2473.68 |     0.7220001020971324
 AAAAAAAAFDMCAAAA | Modern, urban territories might not ring that decisions. Also industrial bonds advise clean networks. Simple, heavy developments regard full shares; very associat                                       | Jewelry                                            | semi-precious                                      |            8.54 | 14170.630000000001 |      4.136022568311458
 AAAAAAAAFEKAAAAA | Police shall scrap there essential vegetables. Rates take then once tough owners. Extremely old authorities could fight well for certain international centuries. Bad, useful cities find                | Jewelry                                            | semi-precious                                      |            2.36 | 15664.880000000001 |     4.5721536170156725
 AAAAAAAAFHHAAAAA | Implications may stop letters; north                                                                                                                                                                     | Jewelry                                            | semi-precious                                      |            6.05 |           13676.26 |      3.991729373365564
 AAAAAAAAGCDAAAAA | Lovely ears used to learn narrow policies. Tools would alter now considerable lives. Great, political circumstance                                                                                       | Jewelry                                            | semi-precious                                      |            2.41 |             584.66 |    0.17064639714599683
 AAAAAAAAGDNDAAAA | Minutes could say difficult, national facilities. Largely critical others prove just royal, central characteristics. Diverse, professional resources should come desperate drawings. Reasons use         | Jewelry                                            | semi-precious                                      |            4.63 | 332.46000000000004 |    0.09703605718735352
 AAAAAAAAGMHAAAAA | Cuts could like thousands; long, urban advisers shall find too old cases; details switch t                                                                                                               | Jewelry                                            | semi-precious                                      |            0.33 |            1397.53 |     0.4079011038953323
 AAAAAAAAGOKBAAAA | Parents will clinch obviously downstairs british indicators. Important,                                                                                                                                  | Jewelry                                            | semi-precious                                      |            3.26 |            1650.02 |     0.4815960869887417
 AAAAAAAAHAECAAAA | Early, similar populations teach so rules. General allies used to close then free, due deaths. More considerable pages should not remember final, numerous clients. Small, c                             | Jewelry                                            | semi-precious                                      |            4.93 |             314.28 |    0.09172980825615551
 AAAAAAAAHFNAAAAA | Labour conditions calculate just on the grounds; practical institutions produce; far major modules c                                                                                                     | Jewelry                                            | semi-precious                                      |            1.82 |           16721.34 |      4.880505638239734
 AAAAAAAAIEFAAAAA | Old, difficult leg                                                                                                                                                                                       | Jewelry                                            | semi-precious                                      |           98.01 |             893.01 |     0.2606453992326252
 AAAAAAAAIEIAAAAA | Swiss, only values should get sometimes profitable users. Important channels stay. P                                                                                                                     | Jewelry                                            | semi-precious                                      |            9.22 | 17504.239999999998 |      5.109012914820312
 AAAAAAAAIFCCAAAA | Just different areas ought to win difficult, original children. Before natural examinations dismantle pre                                                                                                | Jewelry                                            | semi-precious                                      |             8.6 |            3131.01 |     0.9138569013239961
 AAAAAAAAIFDBAAAA | Other architects take;                                                                                                                                                                                   | Jewelry                                            | semi-precious                                      |            1.54 |            10079.1 |     2.9418159297270496
 AAAAAAAAIHOAAAAA | Traditional, long companies build thus in a plans. Hardly immense methods eat sure in a centres. Additional employers should provide quietly. Conservative blues might try long at an pp..               | Jewelry                                            | semi-precious                                      |            3.31 |            4592.49 |     1.3404232757996426
 AAAAAAAAIOAAAAAA | Natural, necessary shoulders work simply environmental places                                                                                                                                            | Jewelry                                            | semi-precious                                      |            1.94 |            2010.91 |     0.5869300901119565
 AAAAAAAAIOJAAAAA | Western, possible men talk meanwhile like heads. Rights will not worry actually parts. Encouraging, conventional circumstances give quite. Members could not wriggle at a me                             | Jewelry                                            | semi-precious                                      |             0.6 |            2503.59 |     0.7307300198931793
 AAAAAAAAIPGDAAAA | Necessary heroes obtain unpleasant, recent businesses. Easy times wonder above main, final pupils. Loudly wrong buildings know                                                                           | Jewelry                                            | semi-precious                                      |            0.43 |            7133.11 |     2.0819613483838153
 AAAAAAAAIPKBAAAA | Accur                                                                                                                                                                                                    | Jewelry                                            | semi-precious                                      |            1.98 |            1916.26 |     0.5593043221615775
 AAAAAAAAJGDEAAAA | Instead upper serv                                                                                                                                                                                       | Jewelry                                            | semi-precious                                      |           98.36 |              956.7 |     0.2792347828645284
 AAAAAAAAKBKBAAAA | Authorities relax respective, big societies. Without electrical jobs will weigh only easy public outcomes. There cor                                                                                     | Jewelry                                            | semi-precious                                      |            8.01 |           14542.98 |      4.244701434622326
 AAAAAAAAKCBDAAAA | Courses would play weeks; tired men identify also bright students. Young years could point once old funds; royal, different men should warm. Long,                                                       | Jewelry                                            | semi-precious                                      |            3.02 |             1573.2 |    0.45917441246208435
 AAAAAAAAKLFCAAAA | Critical, star sources see. Walls shall not recall at least with a wishes. Most private decis                                                                                                            | Jewelry                                            | semi-precious                                      |            0.51 |            4637.96 |     1.3536947355852076
 AAAAAAAALEEDAAAA | Women                                                                                                                                                                                                    | Jewelry                                            | semi-precious                                      |            5.41 |            1486.97 |     0.4340062141487068
 AAAAAAAALGBEAAAA | Corporate orders could not clear in particular official, national days. Variations would set recent, damp branches. Equally detailed building                                                            | Jewelry                                            | semi-precious                                      |           38.61 | 2789.2999999999997 |      0.814121020010483
 AAAAAAAALHBDAAAA | Authorities maintain perhaps. Formally national shops move only current relationships. Young requirements seem exactly wi                                                                                | Jewelry                                            | semi-precious                                      |            3.89 |             367.26 |    0.10719323335928369
 AAAAAAAALHDEAAAA | Subsequently past sales used to feel highly disti                                                                                                                                                        | Jewelry                                            | semi-precious                                      |            9.31 |            1218.83 |    0.35574342050671387
 AAAAAAAAMEFEAAAA | Communities reply modern, oth                                                                                                                                                                            | Jewelry                                            | semi-precious                                      |            0.95 |               8.96 |   0.002615180991393514
 AAAAAAAAMGBBAAAA | Most unlikely rivers provide. Spiritual relation                                                                                                                                                         | Jewelry                                            | semi-precious                                      |            8.19 |           17657.32 |      5.153692815061665
 AAAAAAAAMGIDAAAA | Short steps ought to find smoothly other arms. Economic, large groups will not appear. Neverth                                                                                                           | Jewelry                                            | semi-precious                                      |            9.05 |             160.06 |    0.04671717293330868
 AAAAAAAAMNOCAAAA | As fast services want more to a eyes; other rights may not stop to a families                                                                                                                            | Jewelry                                            | semi-precious                                      |            4.45 |            2758.86 |     0.8052364095888291
 AAAAAAAANIDBAAAA | Importantly true groups could appeal increasingly yet estimat                                                                                                                                            | Jewelry                                            | semi-precious                                      |            8.07 |  9986.210000000001 |     2.9147038580428375
 AAAAAAAAOACBAAAA | Long, social systems can put hi                                                                                                                                                                          | Jewelry                                            | semi-precious                                      |             3.9 |            3824.09 |     1.1161481559573685
 AAAAAAAAOFLCAAAA | Subjects could not say certainly even blue cells. Secret, primary fields can start then homes. Small seats must cover at a parties. A                                                                    | Jewelry                                            | semi-precious                                      |            8.05 |            9570.48 |     2.7933635462624773
 AAAAAAAAOGDCAAAA | Social, long views could not refuse secure, armed ministers. Quiet books used to                                                                                                                         | Jewelry                                            | semi-precious                                      |           82.39 |            3792.24 |     1.1068520047770243
 AAAAAAAAOHLCAAAA | Economic, open stru                                                                                                                                                                                      | Jewelry                                            | semi-precious                                      |            2.23 |  6655.459999999999 |     1.9425482679665036
 AAAAAAAAOJMCAAAA | Specified words could not show from a settlements; wholly successful children stop other, great ways. Losses would not provide facilities. Specific, expert things would not look consider               | Jewelry                                            | semi-precious                                      |            1.97 |  7581.139999999999 |      2.212729154139846
 AAAAAAAAPNIBAAAA | Others should not discern progressively most other shoulders. Still vital effects must start modern, new modules. At all significant minutes die all                                                     | Jewelry                                            | semi-precious                                      |            2.78 |            8545.71 |      2.494260976558199
 AAAAAAAAAAEDAAAA | General men will pay all whole, particular men. Commercial, attractive others will track harder members; constantly local others may catch confidently also great demands. Inches                        | Jewelry                                            | womens watch                                       |            9.22 | 4593.0599999999995 |     1.1104684033798125
 AAAAAAAAADKDAAAA | Standards agree so amazing men; principles worry before statutory,                                                                                                                                       | Jewelry                                            | womens watch                                       |            5.58 |           10742.43 |      2.597207328125346
 AAAAAAAAAEECAAAA | As pleasant illustrations avoid at least direct, judicial crews. Annual presents propose. Provisions execute weeks. Now northern links used to say symbolic, warm voices. Merely g                       | Jewelry                                            | womens watch                                       |            1.05 | 20693.600000000002 |      5.003110987485575
 AAAAAAAAAEJAAAAA | Too important police used to employ yet by the shadows. Other leaders could cause newly. New conditions may offer other beds; memories shall fit however main appointments. Only young em                | Jewelry                                            | womens watch                                       |            5.83 |            6661.66 |     1.6105957562189832
 AAAAAAAAAHHDAAAA | Thereafter pink films should not say now social public words. Initial arms ought to get less common years. Affairs give. Camps might go anyway towns. Situations seek companies. Somehow serious grou    | Jewelry                                            | womens watch                                       |            5.69 |            1006.48 |     0.2433376090522906
 AAAAAAAAAIBCAAAA | Leading, small teams will conceive corporate, real others. Remarkable books change men. Only occasional cars make minutes. Nuclear periods present often                                                 | Jewelry                                            | womens watch                                       |            3.07 |            4995.21 |     1.2076965842481644
 AAAAAAAAAJICAAAA | Still chief others should ride from a instruments. Big, following towns disclose variable fathers; indeed crucial posts may not float australian, general role                                           | Jewelry                                            | womens watch                                       |            2.69 | 12675.550000000001 |      3.064579554906965
 AAAAAAAABDOBAAAA | Likely allies want under a fields. New, appropriate rights face adult children. Directly capital patients play old, ab                                                                                   | Jewelry                                            | womens watch                                       |            1.38 |            5824.21 |     1.4081246880399425
 AAAAAAAABKLDAAAA | Other countries would speak for example able gardens. High forces enter nevertheless english eyes. Unusual acids celebrate yet. Conclusions benefit                                                      | Jewelry                                            | womens watch                                       |            0.57 |            1538.34 |     0.3719258976924536
 AAAAAAAABMAAAAAA | As well original minutes distribute agai                                                                                                                                                                 | Jewelry                                            | womens watch                                       |            6.78 |                    |                       
 AAAAAAAABNKBAAAA | Alone, main cars used to give most; afraid quantities reply here futures. Various, lonely parts ca                                                                                                       | Jewelry                                            | womens watch                                       |            2.48 | 11375.560000000001 |     2.7502797591913155
 AAAAAAAACAFBAAAA | Alread                                                                                                                                                                                                   | Jewelry                                            | womens watch                                       |           18.14 |            1303.26 |    0.31509038666788036
 AAAAAAAACAIDAAAA | Perha                                                                                                                                                                                                    | Jewelry                                            | womens watch                                       |            7.19 |           11255.47 |     2.7212454877988486
 AAAAAAAACDCDAAAA | Only, top words could make. Close, modern features examine fully; children shall think quite constant actions. Free men ought                                                                            | Jewelry                                            | womens watch                                       |            0.35 |            3818.49 |     0.9231998914932051
 AAAAAAAACFBDAAAA | Passive women ough                                                                                                                                                                                       | Jewelry                                            | womens watch                                       |            1.21 |             3660.4 |     0.8849783246313931
 AAAAAAAACIAEAAAA | Thousands might not regulate of course citizens. Positive, successful meanings can hear as paintings. Most urban meetings could not commemorat                                                           | Jewelry                                            | womens watch                                       |            2.81 |           12382.77 |     2.9937938610249906
 AAAAAAAACICEAAAA | Full, similar movements see very years. Attacks can agree naturally. Al                                                                                                                                  | Jewelry                                            | womens watch                                       |            1.06 |              597.6 |    0.14448230980213106
 AAAAAAAACONDAAAA | Models share before finally high                                                                                                                                                                         | Jewelry                                            | womens watch                                       |            3.64 | 13046.849999999999 |      3.154349102479808
 AAAAAAAADGJBAAAA | Large, ready guns break perhaps years. Closer evident things settle religious, private modules. Stocks cause balls. Indeed only birds acquire clos                                                       | Jewelry                                            | womens watch                                       |            2.19 |           12628.19 |     3.0531292835009594
 AAAAAAAADIEEAAAA | Armed, great values help skilfully bizarre months. Sexual,                                                                                                                                               | Jewelry                                            | womens watch                                       |            5.83 |  6418.799999999999 |      1.551879267332528
 AAAAAAAAEAFCAAAA | Months may believe only so real men. Together still things would include ltd. volumes. Clinical officers drop long women; emotionally patient shoulders could hope by far. Misleading, good pictur       | Jewelry                                            | womens watch                                       |            4.72 |            1128.93 |       0.27294245984759
 AAAAAAAAECHDAAAA | Private months ask then items. New rates get at the substances. Perfect, nice families must not ar                                                                                                       | Jewelry                                            | womens watch                                       |           42.99 | 4241.7699999999995 |     1.0255366921843798
 AAAAAAAAEDJAAAAA | Shelves ask most particular, future manufacturers. Co                                                                                                                                                    | Jewelry                                            | womens watch                                       |            5.58 |            6274.72 |     1.5170449112477038
 AAAAAAAAEJGBAAAA | Other organisms survive then. Ever healthy actions used to tell monthly useful reasons. Simply                                                                                                           | Jewelry                                            | womens watch                                       |            4.03 |            8699.06 |      2.103179855935954
 AAAAAAAAEKBBAAAA | Purposes agree operators. Always available methods mean of course soviet members. Really legal pro                                                                                                       | Jewelry                                            | womens watch                                       |            1.34 | 13710.659999999998 |      3.314839065782607
 AAAAAAAAEKOBAAAA | Healthy events give recently local, interesting genes; even impossible purposes would tell at a tasks. Emotional, light guests prohibit years; more strange times wait necessarily tragic authori        | Jewelry                                            | womens watch                                       |            3.81 |            4905.62 |      1.186036326324515
 AAAAAAAAELDBAAAA | Particular options pay facilities. Likely disputes may suffer. Over straight costs balance so medium documents. New, full rises would accept very european pieces; complete p                            | Jewelry                                            | womens watch                                       |            4.84 |             487.76 |    0.11792619047705395
 AAAAAAAAEMFCAAAA | Barely early studies speak to a plants; new persons shall take doubtless huge, odd changes. Average doors should say finally for a kinds. Major republics                                                | Jewelry                                            | womens watch                                       |            3.46 |            3494.16 |     0.8447863246623397
 AAAAAAAAEOKDAAAA | Seats                                                                                                                                                                                                    | Jewelry                                            | womens watch                                       |            0.59 |            3945.33 |     0.9538661166861474
 AAAAAAAAFEGEAAAA | Long, certain hundreds buy too happy, spanish terms. Houses may help much with a investors. Comprehensive, thin sectors participate firmly worldwide rough re                                            | Jewelry                                            | womens watch                                       |            2.34 |              97.13 |   0.023483210761514373
 AAAAAAAAFKAEAAAA | High, new machines should wash addresses. Medium decisions could not catch as great police. Personal institutions might win. Police think so; available, tiny pages must seem really fortunate, a        | Jewelry                                            | womens watch                                       |            4.07 |            10868.2 |      2.627614858419546
 AAAAAAAAFLJDAAAA | Theoretical, industrial lights may not take however places. Little are                                                                                                                                   | Jewelry                                            | womens watch                                       |            6.62 |            3604.92 |     0.8715648732461484
 AAAAAAAAGBMBAAAA | Dead, united churches must follow just. Completely e                                                                                                                                                     | Jewelry                                            | womens watch                                       |             4.4 |            1321.28 |    0.31944709888781747
 AAAAAAAAGBNDAAAA | Much agricultural blacks suit; regional                                                                                                                                                                  | Jewelry                                            | womens watch                                       |             8.6 |                    |                       
 AAAAAAAAGECCAAAA | Magnificent colours go for a purposes; easily public results used to look just. Etc certain hours will not know none the less characters. Units might in                                                 | Jewelry                                            | womens watch                                       |            9.21 | 1863.0200000000002 |     0.4504240843500104
 AAAAAAAAGIFAAAAA | Considerable hills represent finally special                                                                                                                                                             | Jewelry                                            | womens watch                                       |           22.85 |            4640.24 |     1.1218751560178055
 AAAAAAAAGKEAAAAA | Just new cells underline even in a connections. Narrow, direct others o                                                                                                                                  | Jewelry                                            | womens watch                                       |            6.59 |            6418.68 |     1.5518502548205197
 AAAAAAAAGPHAAAAA | Feelings lock early, other units. Particul                                                                                                                                                               | Jewelry                                            | womens watch                                       |            0.68 |            1028.98 |    0.24877745505387686
 AAAAAAAAHOBAAAAA | Outdoor lips would not expect relations; syst                                                                                                                                                            | Jewelry                                            | womens watch                                       |             4.3 |  889.6199999999999 |    0.21508425777471854
 AAAAAAAAIGPAAAAA | Allegedly permanent workers shall last of course active cases; areas might flush just about a fingers. Other tears will promise jointly on behalf of a fragments. However objective months stay          | Jewelry                                            | womens watch                                       |            6.62 |            5706.74 |     1.3797238564929943
 AAAAAAAAILDDAAAA | Slight, whol                                                                                                                                                                                             | Jewelry                                            | womens watch                                       |            2.61 | 20341.879999999997 |      4.918075314788777
 AAAAAAAAILEDAAAA | Substantial, agricultural plans rise finely with a awards; long, criminal words talk yet hands. Samples see here absolutely political                                                                    | Jewelry                                            | womens watch                                       |            3.78 |            1307.38 |     0.3160864829135042
 AAAAAAAAIMIAAAAA | Above concerned teachers go happy, historical exercises. Anywhere chief purposes can create however conditions. Possible points would come so. Owners should pay                                         | Jewelry                                            | womens watch                                       |            0.64 |            3384.67 |      0.818314825163954
 AAAAAAAAIPIAAAAA | Words order. Ironically worried offenders make as external aspects. Wo                                                                                                                                   | Jewelry                                            | womens watch                                       |            3.25 |            1061.94 |    0.25674622501886724
 AAAAAAAAJACCAAAA | Restaurants get never. White, pri                                                                                                                                                                        | Jewelry                                            | womens watch                                       |            1.51 |            4227.96 |      1.022197835594073
 AAAAAAAAJBDAAAAA | Previous barriers would test forward bare books; sheer years might run difficult, small friends. Able services speak long things. Doubts shall plan seeds. Times us                                      | Jewelry                                            | womens watch                                       |            8.51 |            5446.62 |      1.316834401295989
 AAAAAAAAJDDEAAAA | Rather slight prisons enact main borders. No longer social steps expect readers. Full, guilty products t                                                                                                 | Jewelry                                            | womens watch                                       |            0.33 |            7043.87 |     1.7030030246752625
 AAAAAAAAJFKBAAAA | Frequently roman beliefs develop just joint b                                                                                                                                                            | Jewelry                                            | womens watch                                       |            8.67 |           12446.31 |     3.0091559861334702
 AAAAAAAAJOJCAAAA | Wide, little workers stand rich, payable authorities. New, full stages wait in a leaders. Har                                                                                                            | Jewelry                                            | womens watch                                       |            1.23 |           10788.04 |     2.6082345003978946
 AAAAAAAAKADDAAAA | Wild rates say. Studies will incorporate about a functions. Easy glad leaves ask also friends. Political risks should answer even; studies may not provide together broken areas                         | Jewelry                                            | womens watch                                       |            8.98 |            4555.98 |     1.1015035371691984
 AAAAAAAAKHPCAAAA | Places like actually places; considerable id                                                                                                                                                             | Jewelry                                            | womens watch                                       |            8.27 |             710.89 |    0.17187253884745138
 AAAAAAAAKOBDAAAA | Regular arguments ought to follow. Provincial friends make then solid tasks. Benefits see usually only exciting conditions. Here early trees like criminal, special s                                    | Jewelry                                            | womens watch                                       |            5.43 | 3799.2300000000005 |     0.9185433833158475
 AAAAAAAALAFAAAAA | Significant, living children investigate little fast workers; indee                                                                                                                                      | Jewelry                                            | womens watch                                       |            0.63 |            4587.38 |      1.109095144478079
 AAAAAAAALAOAAAAA | Possible months make great, fresh universities. Yesterday recent banks work then. Normal suggestions must choose little, costly techniques.                                                              | Jewelry                                            | womens watch                                       |            1.28 |            1763.56 |    0.42637754731366506
 AAAAAAAALLOBAAAA | Old, comparable standards will believe. Specialist secrets burst ago; improvements hear again too ameri                                                                                                  | Jewelry                                            | womens watch                                       |            1.29 |            1058.21 |    0.25584441943727093
 AAAAAAAAMDJCAAAA | Necessary, new organisms satisfy thereafter poor topics. H                                                                                                                                               | Jewelry                                            | womens watch                                       |            3.56 |            6525.24 |      1.577613365484032
 AAAAAAAAMDOCAAAA | Capital reasons take new ca                                                                                                                                                                              | Jewelry                                            | womens watch                                       |            2.07 |            6320.37 |     1.5280817543575889
 AAAAAAAAMFFBAAAA | Members upset right confident bacteria. Successful, similar customers let very. British, vulnerable definitions can damage. Concerned, moving conditions might not                                       | Jewelry                                            | womens watch                                       |            4.54 |            1380.68 |     0.3338082923320052
 AAAAAAAAMHHDAAAA | Societies may try well others. Other, excellent affairs would present now light amounts. New seeds a                                                                                                     | Jewelry                                            | womens watch                                       |            8.29 |            6907.58 |      1.670052064161654
 AAAAAAAAMIHBAAAA | Originally illegal cases afford sentences. Children admit so. Quite central men must forget under slightly true guns. Odd hopes read                                                                     | Jewelry                                            | womens watch                                       |             5.2 |            9833.95 |      2.377563270546631
 AAAAAAAAMJACAAAA | Again new homes might not win nuclear, australian investments. Giant,                                                                                                                                    | Jewelry                                            | womens watch                                       |            9.38 |           10769.54 |      2.603761738129924
 AAAAAAAANFDEAAAA | Old kids might not bring then to the hour                                                                                                                                                                | Jewelry                                            | womens watch                                       |            5.17 |            2178.11 |     0.5266036877562243
 AAAAAAAANHLAAAAA | Catholic, nuclear schools can ask better culturally other shares. Ultimately american instructions may not know already shapes; royal friend                                                             | Jewelry                                            | womens watch                                       |            1.12 |            2642.37 |     0.6388482612982882
 AAAAAAAAOCJDAAAA | Fascinating services indicate. However previous terms mean great, possible sales. Just new creatures ignore certainly new demands. Courses could not give tog                                            | Jewelry                                            | womens watch                                       |            2.29 |            3389.18 |     0.8194052120736053
 AAAAAAAAODCEAAAA | Apart automatic results remain. Far basic operations can                                                                                                                                                 | Jewelry                                            | womens watch                                       |             6.4 | 28675.600000000002 |      6.932926577914976
 AAAAAAAAOHIDAAAA | Video-tape                                                                                                                                                                                               | Jewelry                                            | womens watch                                       |            4.55 | 4626.4800000000005 |      1.118548387974169
 AAAAAAAAOODDAAAA | Old stones increase also causal links. New costs cover otherwise even mature girls. Things eme                                                                                                           | Jewelry                                            | womens watch                                       |            2.27 |            11337.3 |     2.7410296032792845
 AAAAAAAAPMMBAAAA | Early sig                                                                                                                                                                                                | Jewelry                                            | womens watch                                       |            1.93 |            7959.58 |      1.924395086102487
 AAAAAAAADKGAAAAA |                                                                                                                                                                                                          | Jewelry                                            |                                                    |            0.53 |              378.8 |                    100
 AAAAAAAAAABDAAAA | Originally                                                                                                                                                                                               | Women                                              | dresses                                            |            4.37 |           11055.04 |     0.9478706306944593
 AAAAAAAAABADAAAA | Favorite, beautiful activities burst currently forms. Hills happen once now indian contributions; great, critical goods anticipate available, free delegates. Only mor                                   | Women                                              | dresses                                            |            54.8 |            8343.46 |       0.71537694050623
 AAAAAAAAABEAAAAA | Directors might affect still. Random details replace therefore symbolic animals. Sure                                                                                                                    | Women                                              | dresses                                            |           24.37 |             802.36 |    0.06879518113403538
 AAAAAAAAACODAAAA | Boundaries would not harbour then                                                                                                                                                                        | Women                                              | dresses                                            |            1.27 |             2162.5 |    0.18541499975366604
 AAAAAAAAADJBAAAA | Probably new twins organize much                                                                                                                                                                         | Women                                              | dresses                                            |            8.68 |             753.14 |    0.06457500712808141
 AAAAAAAAAEIBAAAA | Effective, whole accountants amount initially nice, severe rights. Relations prepare in full only, immediate schools. Inc, common articles ought to stir clearly multiple men.                           | Women                                              | dresses                                            |            3.99 |            10465.6 |       0.89733143187143
 AAAAAAAAAGCAAAAA | Enough different pp. oug                                                                                                                                                                                 | Women                                              | dresses                                            |               9 |             536.75 |    0.04602150340706601
 AAAAAAAAAGOAAAAA | Republics hit secondly ranks. Exter                                                                                                                                                                      | Women                                              | dresses                                            |            1.91 |            4858.68 |    0.41658827792052816
 AAAAAAAAAKNDAAAA | Sole elections shall say inherent arguments. Civil yards pull poets; cheerful, glad areas need much farms. Important needs would issue only from a agents; equal                                         | Women                                              | dresses                                            |            0.62 |            6147.07 |     0.5270561768951528
 AAAAAAAAAKPDAAAA | Exact facilit                                                                                                                                                                                            | Women                                              | dresses                                            |           65.39 |             457.75 |   0.039247961219533244
 AAAAAAAAALFBAAAA | Joint lines may bear settings. Yet technical details must tell right. Specific appeals could sit cheap important, national sides. A                                                                      | Women                                              | dresses                                            |            9.11 |              608.2 |   0.052147700739967495
 AAAAAAAAALLAAAAA | Ever particular notes may agree other, different vehicles. Final documents must not succeed free, general materi                                                                                         | Women                                              | dresses                                            |            9.28 |            1630.08 |    0.13976475505130911
 AAAAAAAAAMCDAAAA | New areas must win. Very good feet respond for instance; lips could sustain from a eyes. Children go therefore national houses; ideological passage                                                      | Women                                              | dresses                                            |           58.43 |            1513.15 |    0.12973905520335713
 AAAAAAAAAMDBAAAA | Different book                                                                                                                                                                                           | Women                                              | dresses                                            |            1.77 |              41.82 |   0.003585690307374943
 AAAAAAAAAMNBAAAA | Only isolated numbers drift rarely criteria. Just false keys shall not return particularly. Unlikely relations shall not close main, certain prices; well early values should                            | Women                                              | dresses                                            |            2.69 |             5143.5 |    0.44100904103259253
 AAAAAAAAAOEEAAAA | Dreams feel still across the lines. So modern children must not review only certain windows. External bodies                                                                                             | Women                                              | dresses                                            |             3.7 |             5578.7 |     0.4783235417922667
 AAAAAAAAAPDCAAAA | Professional rebels must not mention. Stations think still.                                                                                                                                              | Women                                              | dresses                                            |            4.93 |             5843.6 |     0.5010363433805887
 AAAAAAAAAPNAAAAA | Practical demands buy enough in addition to a commitments.                                                                                                                                               | Women                                              | dresses                                            |            5.68 | 3517.3999999999996 |    0.30158553532187043
 AAAAAAAABCJBAAAA | Then other strategies move add                                                                                                                                                                           | Women                                              | dresses                                            |            2.67 |              343.5 |   0.029452047359715277
 AAAAAAAABKODAAAA | Perhaps active workers would not include allowances. Surely old police happen much small, future men. Resources must explore for examp                                                                   | Women                                              | dresses                                            |             5.4 |             352.31 |   0.030207425925185705
 AAAAAAAABLCCAAAA | Very new governments ought to study please to a hundreds. Major concentrations could come honestly following cases. However adequ                                                                        | Women                                              | dresses                                            |            9.87 |             241.76 |   0.020728753914657252
 AAAAAAAABLDEAAAA | Pure plants can live else soft terms. Sure studies find most. Pictures admit in order at a shoes. Main women would give about. Social, french                                                            | Women                                              | dresses                                            |            6.94 |           12420.64 |      1.064958595394393
 AAAAAAAABMGDAAAA | Sure,                                                                                                                                                                                                    | Women                                              | dresses                                            |            3.39 |            1989.01 |    0.17053978666360198
 AAAAAAAABPOBAAAA | Products should issue ever whole honours. Voices could not bat now in a lig                                                                                                                              | Women                                              | dresses                                            |            0.91 |              756.8 |    0.06488881933575698
 AAAAAAAACAMCAAAA | Minutes run real, payable clubs                                                                                                                                                                          | Women                                              | dresses                                            |             2.6 |            2775.33 |    0.23795968151044716
 AAAAAAAACCNAAAAA | Persistent parties allow about a origins. Only, acceptable troops think then public cases. More urgent forms may not provide also from a stones. Clear regional homes can laugh long american practical  | Women                                              | dresses                                            |            2.43 |             9203.8 |     0.7891433871596722
 AAAAAAAACDADAAAA | Dry, powerful personnel must not support just glad functions; policies shall not give more political, unpleasant friends. Perhaps natural adults present at all able, equal hours. Results used t        | Women                                              | dresses                                            |            9.34 |           13472.43 |     1.1551401642225587
 AAAAAAAACDMAAAAA | Free, full employers should take completely. General kilometres judge. Traditional kilometres argue beneath on the tensions; however cla                                                                 | Women                                              | dresses                                            |             5.8 |            3224.95 |    0.27651056807194696
 AAAAAAAACEEDAAAA | Available demands ought to go nervously original, great yea                                                                                                                                              | Women                                              | dresses                                            |            1.99 |             1131.9 |    0.09705028357048538
 AAAAAAAACEEEAAAA | Parliamentary, black guards                                                                                                                                                                              | Women                                              | dresses                                            |             1.9 | 12514.109999999999 |     1.0729728104357685
 AAAAAAAACEHAAAAA | Right areas might arrange again old types. Even concerned signs win around fundamentally old articles. Suitable needs like elderly, considerable arrangements. British letters can                       | Women                                              | dresses                                            |            1.84 |  5544.860000000001 |    0.47542206498687295
 AAAAAAAACFKDAAAA | Ideas help consistent differences. Constant implications enter most from the days. Tests add else relative, corporate hours. Major, local appearances know groups; as usual international churche        | Women                                              | dresses                                            |            2.66 | 14753.390000000001 |      1.264971007267394
 AAAAAAAACGOAAAAA | Methods w                                                                                                                                                                                                | Women                                              | dresses                                            |            3.99 |            6688.46 |     0.5734755187294359
 AAAAAAAACHGBAAAA | Eastern games could not see highly yet judicial efforts. Recent, wrong readers last well. Groups would not clarify more local calls. Permanent, human conclusions ought to defeat however less surpr     | Women                                              | dresses                                            |             9.9 |  9072.350000000002 |     0.7778727274058601
 AAAAAAAACIBDAAAA | Softly bare days need minutes. Full, heavy stages ascertain more with the levels. Months must deal disastrous, whole lips. By no means social things continue big heroes. Now inland children will no    | Women                                              | dresses                                            |            1.91 |           23269.59 |     1.9951588550834265
 AAAAAAAACIHCAAAA | Both so                                                                                                                                                                                                  | Women                                              | dresses                                            |            4.96 |               6669 |     0.5718069980842538
 AAAAAAAACLHDAAAA | Sorts return earlier due clients. Full companies involve important, careful parents. Words can transfer other, principal hands. Good, urban months maintain surely collectiv                             | Women                                              | dresses                                            |             7.6 |           17355.72 |     1.4880974887975478
 AAAAAAAACMBCAAAA | Properties plant so twins. Certain, availa                                                                                                                                                               | Women                                              | dresses                                            |            4.64 |           15499.17 |     1.3289149603385102
 AAAAAAAACNBDAAAA | Companies will drop possible, other experiences. Chiefs contain essential costs. Women should check of course to a r                                                                                     | Women                                              | dresses                                            |            6.26 | 13037.689999999999 |     1.1178651043414445
 AAAAAAAACOGBAAAA | Oddly light citizens may produce. Famous, new things let also on the proposals. Formal, curious charges like far to the reasons. Main teams deal no                                                      | Women                                              | dresses                                            |           78.73 |           16687.53 |     1.4308061830470726
 AAAAAAAADAKDAAAA | Particular, great women extr                                                                                                                                                                             | Women                                              | dresses                                            |            3.79 |             221.85 |   0.019021649801318295
 AAAAAAAADCEEAAAA | National feelings sh                                                                                                                                                                                     | Women                                              | dresses                                            |            9.21 |            3123.44 |     0.2678069950661691
 AAAAAAAADCKBAAAA | Tests might come parts. Contemporary, true workers read too about a responses. Grey                                                                                                                      | Women                                              | dresses                                            |            1.58 |            3591.44 |     0.3079338019492746
 AAAAAAAADCLDAAAA | Wo                                                                                                                                                                                                       | Women                                              | dresses                                            |            1.38 | 2681.1099999999997 |    0.22988116068880993
 AAAAAAAADEAAAAAA | Patients go certain members. New, certain students scream also young limits. Hostile kinds                                                                                                               | Women                                              | dresses                                            |            1.55 |            1231.59 |    0.10559780788282892
 AAAAAAAADECBAAAA | Fortunately free costs shall not look ill modern other bands. Good standards know well home equal metals; new costs die with a standards. Entire children used t                                         | Women                                              | dresses                                            |           93.99 |            3985.01 |     0.3416789031992401
 AAAAAAAADGAEAAAA | Even new roads resolve. Children would decide originally tests. Western s                                                                                                                                | Women                                              | dresses                                            |             3.5 |            1950.72 |    0.16725676222865732
 AAAAAAAADGGBAAAA | Today basic houses tell even; probably safe sections could get in addition favourably available drawings; rooms ought to photograph thus international events. Trees used to go                          | Women                                              | dresses                                            |            1.74 |           14168.64 |      1.214833933923599
 AAAAAAAADGHDAAAA | Arms ought to reply quiet jobs. Only words look passengers. By and large separate days must warn silver, respectable titles. Common memories shake                                                       | Women                                              | dresses                                            |            8.07 |            12131.9 |     1.0402017274041624
 AAAAAAAADHMDAAAA | Both small homes could know officially extensive, real elections. Problems might not emphasise almost guilty claims. Again extended words help periods. Gay windows accept                               | Women                                              | dresses                                            |            0.31 |            4674.48 |    0.40079477828833143
 AAAAAAAADJABAAAA | Material, wonderful regulations should meet only beautiful difficulties. Black, encouraging times could leave in the police. Military champions should take simple pounds. Precious events enhance       | Women                                              | dresses                                            |             6.2 |           20425.16 |      1.751274467684897
 AAAAAAAADJGBAAAA | Ways see. Acute services attend especially as proud pockets. Rough,                                                                                                                                      | Women                                              | dresses                                            |            8.73 |            2070.62 |     0.1775371129664444
 AAAAAAAADJKDAAAA | Trees might not put also particular chapters. Topics reconcile anyway foreign charges. Exactly material interests must find before an enterprises; conservatives know espec                              | Women                                              | dresses                                            |            3.42 |            6577.91 |     0.5639968467189075
 AAAAAAAADKAAAAAA | English, political rates would argue all right b                                                                                                                                                         | Women                                              | dresses                                            |            1.36 | 1090.8600000000001 |    0.09353147127458228
 AAAAAAAADLOAAAAA | Best gr                                                                                                                                                                                                  | Women                                              | dresses                                            |             5.6 | 6546.6900000000005 |     0.5613200114392268
 AAAAAAAADNJAAAAA | Votes may run wrong opinions. Dead electrical assets decide at the provisions. Sophisticated provinces assist now even current grounds. Current, thin savings leave. Full problems save drily            | Women                                              | dresses                                            |            1.58 |            5216.22 |     0.4472441294867366
 AAAAAAAADNLBAAAA | Regulations keep just new, conventional users. Always horrible miles make on the words. Light authoriti                                                                                                  | Women                                              | dresses                                            |            3.78 | 3340.7599999999998 |    0.28644023795470863
 AAAAAAAAEADDAAAA | Activities might not open very in a regions. Current, moral projects sell almost. Exactly american prices ought to come otherwise old, convenient wa                                                     | Women                                              | dresses                                            |            1.51 |            2312.63 |    0.19828730214118878
 AAAAAAAAECACAAAA | Most blue bones test. Foundations wipe at a churches. As possible details stop. Others find great, de                                                                                                    | Women                                              | dresses                                            |           89.63 |           18456.67 |     1.5824940871692463
 AAAAAAAAEEIDAAAA | New, new loans leave in a titles. Different reactions ought to make hardly amongst a parents. Simply negative waters will last maybe sometimes monetary sounds. Proper states used to p                  | Women                                              | dresses                                            |            3.24 |            8226.58 |     0.7053555277102955
 AAAAAAAAEFBBAAAA | Members design as. Practical, positive police must not establish then else satis                                                                                                                         | Women                                              | dresses                                            |            1.28 |           13416.68 |     1.1503601012231288
 AAAAAAAAEFFCAAAA | Special, old arrangements unite to a miles. Minor, small bacteria like s                                                                                                                                 | Women                                              | dresses                                            |            0.82 |            2178.88 |    0.18681943799457473
 AAAAAAAAEFNBAAAA | Parts operate then. Other issues throw too comfortable companies; unacceptable years wonder                                                                                                              | Women                                              | dresses                                            |            1.61 |            3063.14 |    0.26263681033315356
 AAAAAAAAEHECAAAA | Gold authorities develop issues. Countries prefer                                                                                                                                                        | Women                                              | dresses                                            |           76.24 |            6811.55 |     0.5840293833859348
 AAAAAAAAEIFDAAAA | Usually false rights must not create particularly base, yellow doo                                                                                                                                       | Women                                              | dresses                                            |            2.89 | 11647.240000000002 |     0.9986464747888507
 AAAAAAAAEJECAAAA | Disciplinary owners move then tonight natural ag                                                                                                                                                         | Women                                              | dresses                                            |            2.65 |            6418.53 |      0.550331439708161
 AAAAAAAAEJMAAAAA | Months used to work entirely. Comprehensive times disregard actually difficulties; at once similar officials find willing armies; new sectors shall use more words. Clear, economic d                    | Women                                              | dresses                                            |           72.25 |            3144.83 |    0.26964099591922386
 AAAAAAAAEMBCAAAA | Important mechanisms could relate tiny tales. Instruments become still whole adults. Bitter, bad members might kill. Issues should get also positively regular changes. Se                               | Women                                              | dresses                                            |            7.24 |  8646.539999999999 |     0.7413633350150582
 AAAAAAAAEMOCAAAA | Consistent leaves may not get as young, pretty stories. Gradually excellent aims ought to tour as relations. New holders ensure perhaps wi                                                               | Women                                              | dresses                                            |               2 |            1937.81 |    0.16614984539775796
 AAAAAAAAENEEAAAA | Expected, able users build so international futures. Great factories hear repeatedly disabled, successful numbers; elderly directors eliminate tonig                                                     | Women                                              | dresses                                            |            9.97 |              18.48 |  0.0015844944256405773
 AAAAAAAAENGDAAAA | Then ancient clergy inform together. Available, essential individuals shal                                                                                                                               | Women                                              | dresses                                            |           51.59 |            1144.52 |    0.09813233549968364
 AAAAAAAAENPAAAAA | Certainly extra notes shall show so women. Protests ought to recognize too environments; able terms develop also large sites. Personal forces                                                            | Women                                              | dresses                                            |            2.59 |             351.73 |   0.030157696121783564
 AAAAAAAAEODEAAAA | Public, commercial institutions should not                                                                                                                                                               | Women                                              | dresses                                            |            1.03 |            3764.85 |     0.3228021557561108
 AAAAAAAAEPMAAAAA | Boys learn responsibilities. Small times would draw. General key                                                                                                                                         | Women                                              | dresses                                            |            4.32 |            3141.27 |    0.26933575781558317
 AAAAAAAAFALDAAAA | Corporate agents like authorities. Direct fortunate policies would accept just for a engines. Husbands will leave in the cars. Friendly, f                                                               | Women                                              | dresses                                            |            9.34 |             720.09 |    0.06174126574456295
 AAAAAAAAFENAAAAA | Military, real kilometres can find rural, local parties. British, only tickets will incorpora                                                                                                            | Women                                              | dresses                                            |            5.62 |            1357.56 |     0.1163986067355315
 AAAAAAAAFFPAAAAA | Dead children conquer now available pictures. Irish servants should not matter then charges. Subjects think also aware developments. Families ought to know con                                          | Women                                              | dresses                                            |            2.02 |            4550.18 |    0.39013716697301093
 AAAAAAAAFGHBAAAA | Direct aspects might get later groups; individuals shall not clear units. Mental ministers form well concerned, diff                                                                                     | Women                                              | dresses                                            |            4.04 |           13953.25 |      1.196366171242932
 AAAAAAAAFGIAAAAA | Successfully brief deposits would not need almost specialist, afraid beings. Elderly workers pay ever standard eyes; so-called, multiple creditors should get good specialists. References forget so     | Women                                              | dresses                                            |            3.43 |            3324.63 |     0.2850572349738871
 AAAAAAAAFIGDAAAA | Single types see well low, static sides; fresh, high provisions prev                                                                                                                                     | Women                                              | dresses                                            |             9.2 |            3826.73 |      0.328107811332877
 AAAAAAAAFKJBAAAA | Again legal buildings cure then in a men; men must compensate aloft moves. Questions could not ups                                                                                                       | Women                                              | dresses                                            |            2.39 |            3143.92 |     0.2695629715725067
 AAAAAAAAFMIAAAAA | Potatoes should rate already english operations. Economic journals shall care entirely never steady cars. Men will not indulge physical, essential processes; educational s                              | Women                                              | dresses                                            |            1.06 |            2028.78 |    0.17394970783826247
 AAAAAAAAFOAAAAAA | Proper eyes may not find. Legal books should not go once human circumstances. Labour, s                                                                                                                  | Women                                              | dresses                                            |            0.37 | 492.09999999999997 |    0.04219316595550477
 AAAAAAAAFOFEAAAA | Very, elegant groups should trap. Early general wishes prepare as other mammals. For example new women could think too to a environments. Correct, concerned industries shall                            | Women                                              | dresses                                            |            2.41 |            3229.59 |     0.2769084064991641
 AAAAAAAAFPOAAAAA | White, able guidelines come frequent steps. Never inner                                                                                                                                                  | Women                                              | dresses                                            |            0.82 |            2918.17 |     0.2502069317138292
 AAAAAAAAGCJCAAAA | Classical, american markets close also political calculations. Issues make h                                                                                                                             | Women                                              | dresses                                            |            4.38 |            7709.58 |     0.6610274098501127
 AAAAAAAAGFBEAAAA | Royal sides must not use at first today old resources. Sums must not collect on a article                                                                                                                | Women                                              | dresses                                            |            61.6 |            3492.88 |    0.29948316501252487
 AAAAAAAAGFCEAAAA | Big qualities burst then aims. Far novel c                                                                                                                                                               | Women                                              | dresses                                            |            7.92 |            2599.48 |     0.2228821195651606
 AAAAAAAAGGBAAAAA | Questions save just local decisions. Also disabled centuries would feel perhaps new, sure hours. Perhaps possible studies cannot                                                                         | Women                                              | dresses                                            |            1.96 |            4681.08 |     0.4013606691546317
 AAAAAAAAGHDDAAAA | More post-wa                                                                                                                                                                                             | Women                                              | dresses                                            |            9.61 |            5093.08 |     0.4366859777782203
 AAAAAAAAGHECAAAA | Similarly separate days t                                                                                                                                                                                | Women                                              | dresses                                            |            7.16 |            2886.86 |    0.24752237974051716
 AAAAAAAAGHLCAAAA | Etc different reasons bite                                                                                                                                                                               | Women                                              | dresses                                            |            2.88 |            1636.69 |     0.1403315033280128
 AAAAAAAAGHPAAAAA | More british ways know spanish hours. Fair usual minds visit to a symptoms. Also civil sources might represent then soviet sounds. Secret children sh                                                    | Women                                              | dresses                                            |           55.95 |             3555.6 |    0.30486084306318384
 AAAAAAAAGJFDAAAA | Players thank early, top courses. Extreme children seem again local rivers. Events require open le                                                                                                       | Women                                              | dresses                                            |            9.69 |  9322.050000000001 |     0.7992822651808845
 AAAAAAAAGLHCAAAA | Again labour cameras feel at once; odd results may give citizens. Very criminal tools shall cut events. Top stores affect. Voluntary, social children                                                    | Women                                              | dresses                                            |            2.17 |  5032.879999999999 |    0.43152436714923964
 AAAAAAAAGNNCAAAA | Ge                                                                                                                                                                                                       | Women                                              | dresses                                            |            8.41 |  6106.120000000001 |     0.5235450812928811
 AAAAAAAAGOMAAAAA | Long benefits walk at a reasons. Examples give                                                                                                                                                           | Women                                              | dresses                                            |            3.73 |            3450.84 |     0.2958786116762733
 AAAAAAAAGPGCAAAA | Virtually irrelevant elections would provide arms. Risks should drive single decades. Public, german others say in a plans. Kinds receive personnel. Good presents should emigrate ma                    | Women                                              | dresses                                            |            0.58 | 1652.8899999999999 |    0.14172050818165877
 AAAAAAAAHAHCAAAA | Big, criminal letters wonder almost excellent, endless findings. Ways end almost loyal rumours. Collectively open members promote only other manager                                                     | Women                                              | dresses                                            |            8.01 |            7205.97 |     0.6178473645201965
 AAAAAAAAHEDCAAAA | Permanent groups cover ea                                                                                                                                                                                | Women                                              | dresses                                            |             7.2 |            9205.52 |     0.7892908617490718
 AAAAAAAAHGKCAAAA | Correct countries ought to budge very particular fields. Small days try perhaps expensive types. Also chief children advise particular, proper times. Women challenge                                    | Women                                              | dresses                                            |           84.08 |             762.21 |    0.06535267836404245
 AAAAAAAAHKBEAAAA | Recently warm issues ought to propose as glad charges. Most tiny wings continue. Technical months                                                                                                        | Women                                              | dresses                                            |            7.12 |           13537.01 |      1.160677320608266
 AAAAAAAAHOKDAAAA | Careful telecommunications would not gain armed building                                                                                                                                                 | Women                                              | dresses                                            |            8.91 |           12550.52 |     1.0760946417148582
 AAAAAAAAIABEAAAA | Senses wr                                                                                                                                                                                                | Women                                              | dresses                                            |            4.47 | 178.39000000000001 |   0.015295344187771785
 AAAAAAAAIAECAAAA | Classical rates know initially consistent photographs. Hard, dynamic powers shall not talk more other, roman households. Eventuall                                                                       | Women                                              | dresses                                            |             8.4 |            1700.87 |    0.14583436329758057
 AAAAAAAAIAFAAAAA | New cells use probably increased, proper animals; similar men could not take now other, big hands. Only irish cou                                                                                        | Women                                              | dresses                                            |            0.95 |            8025.99 |     0.6881567324267867
 AAAAAAAAIAMDAAAA | Pale groups must not sound. Advisory years learn well waste differences. Given, japanese articles will constrain anyway animals; individuals must love somet                                             | Women                                              | dresses                                            |            3.59 | 7809.4400000000005 |     0.6695895101393156
 AAAAAAAAIAPDAAAA | Rough, black courses will not look now steep blocks. Even far police shal                                                                                                                                | Women                                              | dresses                                            |             6.6 |               9.45 |   0.000810252831293477
 AAAAAAAAIBCCAAAA | Red sources get already surveys; identical purposes improve odd, independent participants. Either difficult women prosecute extensively so apparent products. Together able members read churches        | Women                                              | dresses                                            |            4.22 |             242.64 |   0.020804206030163943
 AAAAAAAAICCCAAAA | Children could form most necessary years. For example rapid findings grant; a                                                                                                                            | Women                                              | dresses                                            |           32.39 |            3795.29 |    0.32541211302431966
 AAAAAAAAIEACAAAA | Easily regular services lend later. Aliv                                                                                                                                                                 | Women                                              | dresses                                            |            0.65 |            1350.66 |    0.11580699355712674
 AAAAAAAAIFGDAAAA | Little nice standards observe reasons. Small decades would constitute wet sets.                                                                                                                          | Women                                              | dresses                                            |             2.2 |            6312.57 |     0.5412463190728323
 AAAAAAAAIFKDAAAA | Naturally educational patients must not supervise on a prices.                                                                                                                                           | Women                                              | dresses                                            |            0.63 |            1495.21 |    0.12820086093950475
 AAAAAAAAILPAAAAA | Acts would not vote little recent, main generations; procedures might keep perhaps by                                                                                                                    | Women                                              | dresses                                            |            8.31 |            8537.01 |     0.7319721188656854
 AAAAAAAAILPDAAAA | Easily free sales will invest indeed fiscal approaches. Behind true women see children. International farmers cause much diff                                                                            | Women                                              | dresses                                            |            2.08 | 10035.800000000001 |     0.8604799327296379
 AAAAAAAAINLDAAAA | Blue actions turn. Other, young girls might not make in a sides. Now legal industries should allow only; central, dominant childr                                                                        | Women                                              | dresses                                            |            8.48 |            9112.42 |      0.781308370892625
 AAAAAAAAIODAAAAA | Other men get different, additional minutes. Young, other styles land better old leaders. Much anxious ages should spin less good, new teeth. Intentions believe serv                                    | Women                                              | dresses                                            |            3.98 |            2440.74 |    0.20927158682023714
 AAAAAAAAJDAEAAAA | Here main materials reduce for sure often expected fields; fatal liabilities used to inquire particularly. Old positions fin                                                                             | Women                                              | dresses                                            |            3.43 |  9217.869999999999 |      0.790349763597376
 AAAAAAAAJEADAAAA | Only original cities forge infinitely later palestinian problems. Right empty reasons imagine chinese terms. Large animals will take at the colleagues. Further annual ideas see with an shares; rig     | Women                                              | dresses                                            |            8.19 |  4232.339999999999 |    0.36288523470863854
 AAAAAAAAJLODAAAA | Real, formal groups will find then empty boys. So dramatic flowers may come still through a funds. Difficult, negative students would see specially                                                      | Women                                              | dresses                                            |            8.36 |            4743.51 |    0.40671348230358956
 AAAAAAAAJNADAAAA | Magazines formulate about public profits. More variou                                                                                                                                                    | Women                                              | dresses                                            |           13.79 |           17369.65 |     1.4892918614896027
 AAAAAAAAJPDEAAAA | Fine areas ought to for                                                                                                                                                                                  | Women                                              | dresses                                            |            0.27 |            4249.93 |      0.364393419608369
 AAAAAAAAKAIBAAAA | Problems tell patients. New, available stones would play experiments. Aware, possible officials could not give directly men. Other, sma                                                                  | Women                                              | dresses                                            |            1.06 |  4347.219999999999 |     0.3727351654238761
 AAAAAAAAKANDAAAA | Others must like now. Small, fundamental businessmen will not meet far prime,                                                                                                                            | Women                                              | dresses                                            |            0.95 |            6871.35 |     0.5891566975987761
 AAAAAAAAKBCDAAAA | Horses will not become patients. Mere, certain suppliers will not protect legs. Only easy bones shall work                                                                                               | Women                                              | dresses                                            |            0.15 |           10025.47 |     0.8595942277828376
 AAAAAAAAKCFCAAAA | Global, serious workers might not raise weekly users. Grey, possible changes help however able, sexual trends. Other, american trains find very. General, cheap issues                                   | Women                                              | dresses                                            |            1.16 |             310.48 |   0.026620878207407276
 AAAAAAAAKDFBAAAA | Small prices seem                                                                                                                                                                                        | Women                                              | dresses                                            |            2.32 |            3829.74 |      0.328365891864326
 AAAAAAAAKENCAAAA | New variations show residential police. Results think in                                                                                                                                                 | Women                                              | dresses                                            |             9.5 |            3097.24 |    0.26556057980903797
 AAAAAAAAKGDEAAAA | Vital yards sit more soft, firm experiences; about federal publications must not change indeed so equal t                                                                                                | Women                                              | dresses                                            |            2.29 |            8799.44 |     0.7544731400843464
 AAAAAAAAKHMCAAAA | Quite other p                                                                                                                                                                                            | Women                                              | dresses                                            |            1.88 |              334.5 |   0.028680377996578632
 AAAAAAAAKJBDAAAA | Student                                                                                                                                                                                                  | Women                                              | dresses                                            |            0.76 |            9904.34 |     0.8492084155654218
 AAAAAAAAKJNDAAAA | Just flat things support ever southern, recent restaurants; religious, psychi                                                                                                                            | Women                                              | dresses                                            |            6.52 |            5328.71 |     0.4568891391155412
 AAAAAAAAKJOBAAAA | There just effects ought to balance political, compulsory weeks. Mutually social                                                                                                                         | Women                                              | dresses                                            |            5.78 |  8504.380000000001 |     0.7291743887191133
 AAAAAAAAKKJAAAAA | Days go. New women will look only whole prices. Late electoral votes leave for example difficult, bloody sides. Other, past requests return on a insects. Hours could find engli                         | Women                                              | dresses                                            |            2.95 |           11454.72 |     0.9821396097009543
 AAAAAAAAKKOAAAAA | Often early pictures learn national, bizarre services; naturally big peasants study outstanding ass                                                                                                      | Women                                              | dresses                                            |            1.28 |            7535.29 |     0.6460836039277699
 AAAAAAAAKLBBAAAA | Arms kill less designers. Countries must provide with a years; vital, adequate police come still by a places. Local, material schools come now secure models. Old ways teach. Implica                    | Women                                              | dresses                                            |             4.4 |             366.12 |    0.03139150969239871
 AAAAAAAAKMHAAAAA | Officials cannot return just for a shares. Teams must help around in a ways. Women meet just heavy communications. Resources suppose other mes                                                           | Women                                              | dresses                                            |            4.91 |            3173.27 |    0.27207947110673564
 AAAAAAAAKNBBAAAA | Economic, relevant hours would amount wryly global, other pounds. Papers could not consider feet. Details can return living chil                                                                         | Women                                              | dresses                                            |            76.7 |            3758.91 |    0.32229285397644064
 AAAAAAAAKPABAAAA | T                                                                                                                                                                                                        | Women                                              | dresses                                            |             3.7 | 13370.779999999999 |      1.146424587471132
 AAAAAAAALDIDAAAA | Fashionable, left contracts like. Olympic, local bills should understand hence conscious p                                                                                                               | Women                                              | dresses                                            |           35.45 |            1189.86 |    0.10201983426908534
 AAAAAAAALDLAAAAA | Tools help public, nuclear experts. Carefull                                                                                                                                                             | Women                                              | dresses                                            |            5.53 |           13593.09 |     1.1654856781510106
 AAAAAAAALFPDAAAA | Active, british resources shall not agree into the children. Convincingly blue years continue vitally into a parties. Quickly opening products get with a students. Demands receive journals.            | Women                                              | dresses                                            |            72.6 |               8665 |     0.7429461146198919
 AAAAAAAALHABAAAA | There territorial types educate. Heavy, relevant diseases shall prefer sharply bas                                                                                                                       | Women                                              | dresses                                            |            1.89 |              257.5 |   0.022078317889742894
 AAAAAAAALHEDAAAA | So soviet expectations hear at once fair, different situations. New, heavy years must go more willing reductions                                                                                         | Women                                              | dresses                                            |            0.16 |            3397.29 |    0.29128717896561024
 AAAAAAAALLGAAAAA | Again french activities imply. Royal, long st                                                                                                                                                            | Women                                              | dresses                                            |            8.03 | 3074.2299999999996 |     0.2635876784706186
 AAAAAAAALNPBAAAA | Working, different cities might not sit. Minutes shal                                                                                                                                                    | Women                                              | dresses                                            |            8.88 |             4831.2 |    0.41423211413175093
 AAAAAAAALOFBAAAA | New sources cost low materials. Provinces keep from a views; pink, national hills see now usually unlikely images. Strong,                                                                               | Women                                              | dresses                                            |           64.29 |           15362.91 |     1.3172318861806214
 AAAAAAAAMAMCAAAA | Vast classes prove in a losses; full projects should not accept millions. Homes agree on the hours. Partly contemporary males ask away for a outcomes; home normal metres close mor                      | Women                                              | dresses                                            |            2.48 | 3199.9900000000002 |      0.274370471704848
 AAAAAAAAMBDEAAAA | Final, annual officers could go in particular changing sessions. Points issue secondly. Issues can sleep supreme, fond limitations. Only shareholders kill perhaps                                       | Women                                              | dresses                                            |            7.23 |            1583.58 |    0.13577779667510312
 AAAAAAAAMBEDAAAA | Much                                                                                                                                                                                                     | Women                                              | dresses                                            |            4.74 |             2734.2 |     0.2344331525209127
 AAAAAAAAMCADAAAA | Aggressive, chief compan                                                                                                                                                                                 | Women                                              | dresses                                            |            7.15 |            8959.84 |     0.7682260029562484
 AAAAAAAAMCLAAAAA | Terrible feet want specifically brief directors; most ameri                                                                                                                                              | Women                                              | dresses                                            |            8.21 |           11055.76 |     0.9479323642435102
 AAAAAAAAMCOBAAAA | Brief, important circumstances ear                                                                                                                                                                       | Women                                              | dresses                                            |            2.47 | 27704.559999999998 |      2.375417796797885
 AAAAAAAAMEBDAAAA | Able engineers should please only countries. Too modern principles meet for the tons. Organic, economic men say early, given manufact                                                                    | Women                                              | dresses                                            |            6.16 |             221.75 |   0.019013075697283444
 AAAAAAAAMFGAAAAA | However considerable                                                                                                                                                                                     | Women                                              | dresses                                            |            1.81 |            1740.36 |    0.14922027698094348
 AAAAAAAAMGJBAAAA | Available skills let in a photographs                                                                                                                                                                    | Women                                              | dresses                                            |            1.76 |            2285.92 |     0.1959971589534799
 AAAAAAAAMGNDAAAA | Figures will interfere. Only general others love social boats. Reduced events command better states; above right men opt tomorrow separate areas. Excellent, visual words hear alrea                     | Women                                              | dresses                                            |            4.43 |            9878.44 |     0.8469877226203953
 AAAAAAAAMGODAAAA | Western arrangements influence intense, european pp.; warm boundar                                                                                                                                       | Women                                              | dresses                                            |            6.17 |            2461.88 |     0.2110841524132048
 AAAAAAAAMHMDAAAA | Excellent contexts maximize too with a allowances. More young pieces influence deep, legal properties. Certain cases feel opportunities. Powerful organisations could travel so si                       | Women                                              | dresses                                            |            5.55 |             5999.5 |     0.5144033715709223
 AAAAAAAAMIFEAAAA | Certain, nasty men fail of course. Ago other events identify as certain peasants.                                                                                                                        | Women                                              | dresses                                            |            0.41 | 456.80999999999995 |    0.03916736464160563
 AAAAAAAAMJKAAAAA | Economic words get sometimes after a relationships; smooth executives will carry never by and large complex authorities. Full, poor dollars inte                                                         | Women                                              | dresses                                            |            4.62 |            5862.01 |     0.5026148359334048
 AAAAAAAAMKEAAAAA | Public politicians might not add outside from t                                                                                                                                                          | Women                                              | dresses                                            |            7.15 |  9322.929999999998 |      0.799357717296391
 AAAAAAAAMKNAAAAA | Old, explicit devices should turn appropriate, national pounds. Gardens must feel as skills. Already misleading potatoes pu                                                                              | Women                                              | dresses                                            |             1.6 | 15553.840000000002 |     1.3336024230143637
 AAAAAAAAMLCEAAAA | Permanent, ordinary customers would not escape hence. Simple, mean supporters examine little slightly dead r                                                                                             | Women                                              | dresses                                            |             0.6 |            1702.85 |    0.14600413055747063
 AAAAAAAAMLNCAAAA | Narrow workshops ought to return                                                                                                                                                                         | Women                                              | dresses                                            |            2.83 |            3595.96 |     0.3083213514516499
 AAAAAAAAMMACAAAA | Current, fascinating visitors will                                                                                                                                                                       | Women                                              | dresses                                            |            35.1 |             828.64 |    0.07104845567439437
 AAAAAAAAMNNCAAAA | As well solid hours must go here different excellent elements. Other, serious heads must suggest within a details. Opportun                                                                              | Women                                              | dresses                                            |            4.59 |            8461.64 |     0.7255098166546177
 AAAAAAAAMPHDAAAA | British, other ideas would distinguish thus properly capital studies. Police                                                                                                                             | Women                                              | dresses                                            |            8.46 | 1729.4099999999999 |    0.14828141258912722
 AAAAAAAAMPIAAAAA | Stories should raise of course. Possible, new exhibitions                                                                                                                                                | Women                                              | dresses                                            |            8.23 |            8137.37 |     0.6977065695008043
 AAAAAAAAMPIDAAAA | Subsequent, gentle types happen most. Very important rates                                                                                                                                               | Women                                              | dresses                                            |            9.06 |            4190.72 |    0.35931669260933335
 AAAAAAAANACEAAAA | Blue, distinctive elements exercise even once modern results. Decisions influence today. High, ideal muscles used to tend ideal paper                                                                    | Women                                              | dresses                                            |             0.5 | 12806.909999999998 |      1.098077787049814
 AAAAAAAANAFBAAAA | Main, other writers might think really conservativ                                                                                                                                                       | Women                                              | dresses                                            |            5.18 |           13477.96 |     1.1556143121756859
 AAAAAAAANBFDAAAA | Dominant members                                                                                                                                                                                         | Women                                              | dresses                                            |            2.75 |            1044.48 |    0.08955480182321808
 AAAAAAAANHHBAAAA | Very human women ought to check however other international job                                                                                                                                          | Women                                              | dresses                                            |            7.23 |           16630.93 |     1.4259532401633468
 AAAAAAAANKGCAAAA | Once again productive others consist minutes. French, likely gates will meet white, visual rights. Longer small days set accurately old accidents. Early excellent prices kill away years.               | Women                                              | dresses                                            |            8.94 |             585.96 |    0.05024082000261649
 AAAAAAAANMOBAAAA | Useful, british departments help national imports. Professionals look yesterday scenes. Men ought to return more ev                                                                                      | Women                                              | dresses                                            |            2.34 |  7107.320000000001 |     0.6093890108898155
 AAAAAAAANNLAAAAA | Powers release enough long stories. Simple, early peasants can sit natural, straightforward compan                                                                                                       | Women                                              | dresses                                            |            3.89 |            1383.03 |    0.11858243103320822
 AAAAAAAAOADDAAAA | Satisfactory, beautiful reports can restore; most medical walls                                                                                                                                          | Women                                              | dresses                                            |           36.31 |             3070.9 |    0.26330216080625807
 AAAAAAAAOAIBAAAA | Organizations may not hear. Other, legal books will resist. Serious, urgent students can make forwards women; practical, effective departments might escape safely key j                                 | Women                                              | dresses                                            |            4.44 |               15.3 |  0.0013118379173322962
 AAAAAAAAODACAAAA | National surfaces pull internationally various, other films. C                                                                                                                                           | Women                                              | dresses                                            |            69.5 |            3920.78 |    0.33617175617765493
 AAAAAAAAODFBAAAA | Full, gold units help repeatedly old, scottish elections. Then sole authorities stop special claims. Stocks pick very previous children. Se                                                              | Women                                              | dresses                                            |            3.27 | 2002.2600000000002 |    0.17167585544821987
 AAAAAAAAOEACAAAA | Chief thoughts pretend women; re                                                                                                                                                                         | Women                                              | dresses                                            |            1.61 | 3740.6700000000005 |    0.32072893740048375
 AAAAAAAAOEFDAAAA | Then fellow forms admire less at a children; values will not work. Different objectives would suffer ex                                                                                                  | Women                                              | dresses                                            |            3.76 | 5110.4400000000005 |    0.43817444223867064
 AAAAAAAAOENDAAAA | Primitive, modern fans ought to improve on the firms. Levels observe quite now local decisions. Enou                                                                                                     | Women                                              | dresses                                            |           25.94 |            7491.46 |     0.6423255741292944
 AAAAAAAAOFDBAAAA | Times grant in a children. Sectors discover definitely; words could not give everyday, civil members. Small clouds could turn methods. Reports                                                           | Women                                              | dresses                                            |            6.93 |              102.9 |   0.008822753051862305
 AAAAAAAAOGBCAAAA | Relatively chief sales should not want worse aware styles. Good, local tactics get today in a users. New, like materials demonstr                                                                        | Women                                              | dresses                                            |           20.56 |             1724.2 |    0.14783470176891145
 AAAAAAAAOGCBAAAA | Men could apologise much feet. Fears could vote extraordinarily relevant heads. Everywhere social revenues used to see at least in a children; often good instructions will not get f                    | Women                                              | dresses                                            |            2.11 |           16261.32 |     1.3942624942401316
 AAAAAAAAOICCAAAA | Studies seem unacceptable goods. Local, far mice crack only. Current                                                                                                                                     | Women                                              | dresses                                            |            8.03 |             543.49 |    0.04659939801901501
 AAAAAAAAOIHDAAAA | Most outer legs come defensively other, strong rights. Weeks perfect together eastern problems. Dutch, final patients shall w                                                                            | Women                                              | dresses                                            |            0.58 |            2014.08 |    0.17268931454513928
 AAAAAAAAOIJBAAAA | Major legs used to ask poor, distinguished cells. Long whole policemen m                                                                                                                                 | Women                                              | dresses                                            |             2.5 | 14361.880000000001 |     1.2314025325605462
 AAAAAAAAOMJDAAAA | Free scales minimize intense centres. Black                                                                                                                                                              | Women                                              | dresses                                            |            4.18 |  7901.880000000001 |     0.6775154119091324
 AAAAAAAAOMLAAAAA | Rules may force long difficult steps. External, busy affairs can                                                                                                                                         | Women                                              | dresses                                            |            0.15 |             460.04 |   0.039444308201931344
 AAAAAAAAOOLBAAAA | Long-term, heavy                                                                                                                                                                                         | Women                                              | dresses                                            |            0.23 |             1920.6 |       0.16467424209336
 AAAAAAAAOPAAAAAA | Broken, social advertisements take once p                                                                                                                                                                | Women                                              | dresses                                            |           84.36 |            5261.42 |    0.45111962451048954
 AAAAAAAAPCKBAAAA | Potentially familiar areas work now you                                                                                                                                                                  | Women                                              | dresses                                            |            4.36 |  4744.799999999999 |     0.4068240882456391
 AAAAAAAAPDEAAAAA | So nuclear numbers give for example sure nerves. Girls construct real, cl                                                                                                                                | Women                                              | dresses                                            |           66.69 |            2328.21 |    0.19962314754981864
 AAAAAAAAPDGEAAAA | Solar aspects shall not generalize. Severely necessary resources ta                                                                                                                                      | Women                                              | dresses                                            |            6.62 | 4019.8599999999997 |    0.34466697845538585
 AAAAAAAAPHADAAAA | New, ready executives would stop. Actions must use in a arrangements. Clear other statements handle just huge differences. Once high figures would support problems. At least moving rivals go indef     | Women                                              | dresses                                            |            3.55 |             6021.4 |     0.5162811003545548
 AAAAAAAAPJHAAAAA | Attempts will record                                                                                                                                                                                     | Women                                              | dresses                                            |            2.12 |           15257.74 |      1.308214500967168
 AAAAAAAAPJPBAAAA | Problems must not repeat short, tragic proceedings. New, german years may not leave soft, simple classes. Uncertain years meet suddenly; fully spectacular cars will master some                         | Women                                              | dresses                                            |            1.23 |             254.82 |   0.021848531901608872
 AAAAAAAAPNCEAAAA | Ef                                                                                                                                                                                                       | Women                                              | dresses                                            |            3.86 |           14926.52 |     1.2798153535829324
 AAAAAAAAPNFEAAAA | Private words can provide red, old                                                                                                                                                                       | Women                                              | dresses                                            |            8.04 |  7793.660000000001 |     0.6682365165226161
 AAAAAAAAPONBAAAA | New weapons prevent as fun animals. Pure, centr                                                                                                                                                          | Women                                              | dresses                                            |            8.03 |            4148.39 |     0.3556872743713807
 AAAAAAAAPPMBAAAA | Limited, accurate homes ought to take often good members. Almost interesting companies must involve howev                                                                                                | Women                                              | dresses                                            |            3.76 |            3756.54 |    0.32208964771081466
 AAAAAAAAAAKAAAAA | Degrees might not keep for example since a problems. Recent chapters must form actually convincing, obvious weeks. Major, civil communities shall not follow financial, religio                          | Women                                              | fragrances                                         |             3.8 |            3594.32 |    0.26434089549913076
 AAAAAAAAAAODAAAA | Limited weeks shall take proper spots. Strong, labour holidays will get still important words. Much other tables re                                                                                      | Women                                              | fragrances                                         |           68.09 |  6471.179999999999 |    0.47591686776248765
 AAAAAAAAABHDAAAA | However very groups construct nearer less future telecommunications. Together availa                                                                                                                     | Women                                              | fragrances                                         |            0.65 |             810.71 |    0.05962290708398259
 AAAAAAAAABMBAAAA | Friends occupy for the groups; machines may not bother at a benefits. Great pages take today blue prices. Bloody publications harness about formal, visible m                                            | Women                                              | fragrances                                         |            2.49 | 20216.129999999997 |     1.4867763325821968
 AAAAAAAAACCAAAAA | Dependent proposals employ proposed inch                                                                                                                                                                 | Women                                              | fragrances                                         |            8.19 |            4162.07 |     0.3060955371057855
 AAAAAAAAACEBAAAA | In particular institutional ministers will not find reportedly protective, future processes. Of course historical prices create good, british men; ever great concerns may wave individ                  | Women                                              | fragrances                                         |            9.86 |            2798.85 |     0.2058387999309305
 AAAAAAAAAFKCAAAA | Tragic churches should get underway truly vital mice. Ruthlessly financial problems read sometimes other duties. Enough direct elements help. H                                                          | Women                                              | fragrances                                         |            1.74 |           10522.76 |     0.7738865213788514
 AAAAAAAAAGCCAAAA | Students used to know national, real disputes. Presently professional faces take ties. Vertical companies can get stars. Together full weapons will not accept day                                       | Women                                              | fragrances                                         |             0.9 |            5180.86 |     0.3810214927595835
 AAAAAAAAAGMBAAAA | Systems may beat perfectly scientific details. Quite active friends should follow nominally good, other differences; common government                                                                   | Women                                              | fragrances                                         |            0.89 |            8862.41 |     0.6517776368493766
 AAAAAAAAAHABAAAA | Galleri                                                                                                                                                                                                  | Women                                              | fragrances                                         |            2.64 |             122.45 |   0.009005470479497808
 AAAAAAAAAHMBAAAA | Bonds cannot accompany particular                                                                                                                                                                        | Women                                              | fragrances                                         |            1.69 |           16031.31 |     1.1790076680496366
 AAAAAAAAAHNCAAAA | Young paths can answer cheap visible bills. Ruefully certain regulations see further by the contracts; spiritual things pro                                                                              | Women                                              | fragrances                                         |            2.91 |           17652.13 |     1.2982093557799725
 AAAAAAAAAJCDAAAA | Right, familiar principles ensure. Little, popul                                                                                                                                                         | Women                                              | fragrances                                         |            2.65 | 2000.1000000000001 |     0.1470954798370238
 AAAAAAAAAKBAAAAA | Tables shall not know into the critics. Flights must buy qu                                                                                                                                              | Women                                              | fragrances                                         |            2.69 |           16616.06 |     1.2220125587224528
 AAAAAAAAAOGCAAAA | Quite clear hours make about patients. Top firms draft later. Average qualifications join as at a points. Acceptable strategies could adopt strategies. Long                                             | Women                                              | fragrances                                         |            7.81 |             371.45 |   0.027317942095626463
 AAAAAAAABBFAAAAA | Modules overcome equal practices. Serious, necessary laws could contain most internal matters. Even so complete restrictions could not recover particularly for example central months. Thin             | Women                                              | fragrances                                         |            8.35 |  9733.990000000002 |     0.7158771710308443
 AAAAAAAABBIAAAAA | Individual, political pp. must stand so strong an                                                                                                                                                        | Women                                              | fragrances                                         |            0.45 |           13479.66 |     0.9913489604219471
 AAAAAAAABCEAAAAA | Other, favorite places may carry specific obligations. Calculations might match british, spiritual mothers. Specific, won                                                                                | Women                                              | fragrances                                         |            1.19 |             118.62 |   0.008723796719297917
 AAAAAAAABEDCAAAA | Desperate, academic men ought to mean as other doctors. Dead aspects show obviously recent trades. Officers justify then various floors; so economic figures would not brush already only whole stat     | Women                                              | fragrances                                         |            5.32 | 3639.7000000000003 |     0.2676783250651545
 AAAAAAAABFDBAAAA | Almost rigid partners let materials. Adverse, vulnerable tea                                                                                                                                             | Women                                              | fragrances                                         |            0.49 |             1166.4 |    0.08578179475121474
 AAAAAAAABJCEAAAA | Considerabl                                                                                                                                                                                              | Women                                              | fragrances                                         |            2.11 |             208.39 |   0.015325847229257233
 AAAAAAAABKKBAAAA | Nations accommodate nevertheless. Other, necessary ideas participate highly soviet t                                                                                                                     | Women                                              | fragrances                                         |            8.63 |            1486.65 |    0.10933428083581392
 AAAAAAAABKOAAAAA | Acceptable methods would not provide only. Cases read programmes. Lights send now soon clinical areas; aspects may not deal sure for the gates. Still political hands should join significant forms.     | Women                                              | fragrances                                         |            3.76 |            1555.15 |     0.1143720491318172
 AAAAAAAABMHCAAAA | Fair                                                                                                                                                                                                     | Women                                              | fragrances                                         |           18.63 |            4422.46 |    0.32524567559624235
 AAAAAAAABONDAAAA | Terms prove from the players; med                                                                                                                                                                        | Women                                              | fragrances                                         |            1.53 |            12924.7 |      0.950534947377422
 AAAAAAAABPFBAAAA | Actually particular years might produce ago male risks. Wrong, specific names would see open abruptly limited boys. Writers must become also gre                                                         | Women                                              | fragrances                                         |            6.73 |            1629.32 |    0.11982681226341664
 AAAAAAAACEEAAAAA | Blue others could s                                                                                                                                                                                      | Women                                              | fragrances                                         |           83.51 |           10193.98 |       0.74970670443929
 AAAAAAAACFCCAAAA | Patterns love just men; soon simple authorities balance constantly still single relationships. Variations work to a things.                                                                              | Women                                              | fragrances                                         |            5.13 |            1184.41 |    0.08710632332071866
 AAAAAAAACFFBAAAA | Children would not bring still rare, sexual galleries. Little other goods used to refer very serious                                                                                                     | Women                                              | fragrances                                         |            2.99 |            7021.68 |     0.5164028742873022
 AAAAAAAACFFEAAAA | Marks answer without the studies. Deeply chief reasons shall criticise well as local goods. Significantly southern ears me                                                                               | Women                                              | fragrances                                         |            9.52 |             499.12 |   0.036707312582498534
 AAAAAAAACGBCAAAA | Thick national workers might travel later in a teams. Military, free cattle will not fly less. Tears mu                                                                                                  | Women                                              | fragrances                                         |            0.85 |            5881.46 |     0.4325464630979761
 AAAAAAAACGDDAAAA | Circumstances must not ans                                                                                                                                                                               | Women                                              | fragrances                                         |             1.2 | 3848.4000000000005 |    0.28302697095385354
 AAAAAAAACGFDAAAA | Appointed, high studies clear at a results. Pretty workers talk in order like a pupils. Suggestions discuss unable departm                                                                               | Women                                              | fragrances                                         |            7.33 |             7220.1 |     0.5309954872112872
 AAAAAAAACGPDAAAA | New, fresh feet achieve again strategic things. Young periods wou                                                                                                                                        | Women                                              | fragrances                                         |            4.15 |  9670.019999999999 |     0.7111725573389415
 AAAAAAAACIDAAAAA | Ordinary, deep times make brothers. Increased settlements must put also. Single, western incomes used to participate literally. Full schools carry newspapers. By no means bla                           | Women                                              | fragrances                                         |            8.89 |  5988.780000000001 |    0.44043921190859037
 AAAAAAAACIICAAAA | Perhaps different sons like plants. Administrative, professional men could not take; bright, gastric daughters could offer simply import                                                                 | Women                                              | fragrances                                         |            1.44 |           12382.47 |     0.9106571502512635
 AAAAAAAACJGDAAAA | Informal hills look too by means of a activities; exceptional, pink resources could show now. New, unhappy employers used to destroy so elderly, arab o                                                  | Women                                              | fragrances                                         |            0.17 |            2239.07 |    0.16467030450411727
 AAAAAAAACKGBAAAA | Blind, german children may comment just. Now young fields will study generally human sources. Plain roads might present still states. Police spin further things. Forms get even typical weeken          | Women                                              | fragrances                                         |            0.82 |           25044.78 |     1.8418948710127978
 AAAAAAAACLBAAAAA | National tools may reduce extremely. Significant, distinct years come usually duties; letters receive enough still soft arrangements. Likely decades look direct now old copies. Light s                 | Women                                              | fragrances                                         |               2 |            3777.38 |     0.2778038716198075
 AAAAAAAACLMDAAAA | Dr                                                                                                                                                                                                       | Women                                              | fragrances                                         |             5.3 |           13890.52 |     1.0215652740291865
 AAAAAAAACMOAAAAA | Accountants beat into a lines. Problems would identify. Small girls should not ensure. Unlikely traditions go only adverse types. Now necessary arms reverse rough eyebr                                 | Women                                              | fragrances                                         |            0.53 |             492.45 |    0.03621677368418698
 AAAAAAAACNOCAAAA | Good years could hold often risks. Movements could not take. Eager, good                                                                                                                                 | Women                                              | fragrances                                         |            2.35 |            6972.12 |     0.5127580305391283
 AAAAAAAACOHDAAAA | Members could make there use                                                                                                                                                                             | Women                                              | fragrances                                         |            5.13 |           15854.08 |     1.1659734538145905
 AAAAAAAACPLAAAAA | National, human thoughts used to vote also; statutory days would not fall; later vocational fields must ignore even other, entire bars. Far da                                                           | Women                                              | fragrances                                         |            2.59 |            1764.96 |    0.12980232893013027
 AAAAAAAADABAAAAA | Quickly old elements go else servi                                                                                                                                                                       | Women                                              | fragrances                                         |            0.37 |            7864.35 |     0.5783762496156682
 AAAAAAAADBBCAAAA | B                                                                                                                                                                                                        | Women                                              | fragrances                                         |           10.16 |             6785.4 |     0.4990258831489132
 AAAAAAAADCOAAAAA | Experts remember well after a times; forces overthrow. Then able types could keep also front, particular feet. Administrative systems win as once                                                        | Women                                              | fragrances                                         |            89.2 |            4817.36 |    0.35428822596254433
 AAAAAAAADCODAAAA | Just used forms shall not tend dome                                                                                                                                                                      | Women                                              | fragrances                                         |            4.34 |            2195.64 |    0.16147628586038845
 AAAAAAAADGHAAAAA | National attitudes burn. Almost ultimate conclusions repay very real, dark claims. Players ought to pay more in the difficulties. Home little bits would obtain then through a requests. For             | Women                                              | fragrances                                         |            4.17 |            4565.03 |     0.3357308526175735
 AAAAAAAADIBEAAAA | Letters take at the deta                                                                                                                                                                                 | Women                                              | fragrances                                         |            3.24 | 13410.050000000001 |     0.9862295582163297
 AAAAAAAADPLCAAAA | In                                                                                                                                                                                                       | Women                                              | fragrances                                         |            9.67 |            5350.29 |    0.39348206330544977
 AAAAAAAAEAECAAAA | Moreover capital figures would not feel with a students. Internal, other databases follow already. Other, other courses risk from a lines; however ethical investors note                                | Women                                              | fragrances                                         |            4.94 |            2500.25 |    0.18387854280411917
 AAAAAAAAECABAAAA | Big women record following pp.. Criteria used to participate completely previous hands. Paradoxically ethnic matches state quite foreign, military shows. Clear women avoid human, british women. Pla    | Women                                              | fragrances                                         |           50.12 |             221.16 |   0.016265004910132587
 AAAAAAAAECFCAAAA | Always sel                                                                                                                                                                                               | Women                                              | fragrances                                         |            4.78 | 1651.8600000000001 |    0.12148449543702122
 AAAAAAAAECIAAAAA | Medical, increasing colours sleep in a troops. Available, confident years pursue as together political women. Rises will learn police. E                                                                 | Women                                              | fragrances                                         |            4.33 | 1375.6899999999998 |    0.10117383163691578
 AAAAAAAAEDICAAAA | Able affairs help also existing animals. Public, primary details may not endure too likely groups                                                                                                        | Women                                              | fragrances                                         |            0.67 |              794.6 |    0.05843811223363787
 AAAAAAAAEEHBAAAA | Previous, short members stand for an parties. Just equa                                                                                                                                                  | Women                                              | fragrances                                         |             1.7 | 4870.9400000000005 |    0.35822871684283425
 AAAAAAAAEFPCAAAA | Yesterday legal services cannot resist poli                                                                                                                                                              | Women                                              | fragrances                                         |             9.8 |             340.29 |   0.025026309101415345
 AAAAAAAAEGDEAAAA | Together formal tasks say tin                                                                                                                                                                            | Women                                              | fragrances                                         |            0.09 |  6426.780000000001 |     0.4726515113779251
 AAAAAAAAEGJAAAAA | Other, simple devices may allow actually from now on inevitable sites. Fair requirements find here a                                                                                                     | Women                                              | fragrances                                         |            0.42 |            1756.56 |     0.1291845588033211
 AAAAAAAAEIFCAAAA | Entirely available companies gather still usual, total days. Simple, local politicians allow                                                                                                             | Women                                              | fragrances                                         |             0.2 |  6059.299999999999 |     0.4456255392112785
 AAAAAAAAEKAAAAAA | Critical views could secure basic, modern co                                                                                                                                                             | Women                                              | fragrances                                         |             5.3 |             2423.5 |    0.17823403599071405
 AAAAAAAAEMKCAAAA | Visits take already. Eventually british things locate for instance other                                                                                                                                 | Women                                              | fragrances                                         |            1.96 | 2253.7099999999996 |    0.16574698958227033
 AAAAAAAAEOEEAAAA | Local, double individuals should not make mor                                                                                                                                                            | Women                                              | fragrances                                         |            2.91 |           11907.91 |     0.8757560798490546
 AAAAAAAAEOHDAAAA | Front shows will not withdraw in the surroundings; most good terms should not close still private, internal costs. Little, capable programmes try                                                        | Women                                              | fragrances                                         |           62.26 |            2667.82 |    0.19620232139333477
 AAAAAAAAEPBAAAAA | Worth                                                                                                                                                                                                    | Women                                              | fragrances                                         |            1.29 | 11128.260000000002 |     0.8184174513530118
 AAAAAAAAEPKCAAAA | Officers would reappear automatically findings; warm, other products s                                                                                                                                   | Women                                              | fragrances                                         |            2.47 | 13961.230000000001 |      1.026765574703791
 AAAAAAAAFEDBAAAA | Economic, fine deaths would judge both at a pensions. Problems ought to make far american directors. Remarkable costs may not drown a                                                                    | Women                                              | fragrances                                         |            3.89 |             698.36 |    0.05136023163791008
 AAAAAAAAFFCBAAAA | Women wear popular arms. Also european deaths should cope clubs. Once again international schools should choose practically later capitalist developers; so-called, local men m                          | Women                                              | fragrances                                         |            9.97 |            3376.11 |    0.24829284557400852
 AAAAAAAAFICEAAAA | All dead combinations would arrive to a rebels. Long patients drink willing affairs. Costs could solve wrong ethnic patients. Excessive attacks                                                          | Women                                              | fragrances                                         |            3.91 |            6681.72 |      0.491400834726583
 AAAAAAAAFIMDAAAA | Pr                                                                                                                                                                                                       | Women                                              | fragrances                                         |            1.98 |            9122.44 |     0.6709012994772559
 AAAAAAAAFJIAAAAA | Reasonable boots cannot start possibly basic floors. Other, good suppliers must mean instead. Alone, little                                                                                              | Women                                              | fragrances                                         |            2.77 |             4089.9 |    0.30078786209961683
 AAAAAAAAFLADAAAA | Really local shoes make here such as the steps. Present years succeed particularly so potential writers. Narrow earnings would not deal over on a                                                        | Women                                              | fragrances                                         |            2.17 | 3414.0799999999995 |     0.2510853136353113
 AAAAAAAAFLFBAAAA | Overal                                                                                                                                                                                                   | Women                                              | fragrances                                         |            9.25 |             710.16 |    0.05222805157795152
 AAAAAAAAFNNAAAAA | Quickly small wom                                                                                                                                                                                        | Women                                              | fragrances                                         |            5.32 |  7444.570000000001 |     0.5475039229690077
 AAAAAAAAFNPBAAAA | Common members investigate howe                                                                                                                                                                          | Women                                              | fragrances                                         |            0.41 |            6166.83 |      0.453533732275063
 AAAAAAAAFOBCAAAA | Difficult, surprising defences may end just grim bits.                                                                                                                                                   | Women                                              | fragrances                                         |            0.94 |            4444.26 |     0.3268489361634375
 AAAAAAAAGBJBAAAA | Effective, different patients might know friends. Again willing figures wear eventually ancient, broad responsibilities. Sources highlight again with a food                                             | Women                                              | fragrances                                         |            2.65 |            9498.11 |     0.6985295975175412
 AAAAAAAAGCHCAAAA | Hard big women draft farmers. Then political thoughts throw neither at a shops. Stairs might require separately agreements. Voters know never questions. Meth                                            | Women                                              | fragrances                                         |            5.02 |           27003.23 |     1.9859272406377262
 AAAAAAAAGCNBAAAA | Kids speak again shoulders. Important chi                                                                                                                                                                | Women                                              | fragrances                                         |            6.76 |            8561.92 |     0.6296783814440332
 AAAAAAAAGDBEAAAA | So far minutes would solve medical industries. Things complete much; then appropriate affairs used to help never underlying, hidden mar                                                                  | Women                                              | fragrances                                         |            4.29 |             4679.1 |     0.3441200238515165
 AAAAAAAAGDOAAAAA | National,                                                                                                                                                                                                | Women                                              | fragrances                                         |            2.31 |            5646.32 |     0.4152533121910826
 AAAAAAAAGDOCAAAA | Strong, short dreams dream colourful, labour tanks. Only, init                                                                                                                                           | Women                                              | fragrances                                         |            4.15 |            2564.13 |     0.1885765375303774
 AAAAAAAAGEPAAAAA | Complete, red things cannot date so areas. Users fill environmental, senior eff                                                                                                                          | Women                                              | fragrances                                         |           86.79 |               1012 |    0.07442659146796064
 AAAAAAAAGFADAAAA | Deputies shall help traditional, black definitions. Clearly social experts might connect loudly versions. Wet, local decisions used                                                                      | Women                                              | fragrances                                         |            9.56 |           11796.64 |     0.8675728319907147
 AAAAAAAAGFDAAAAA | Even electric things determine just grey races.                                                                                                                                                          | Women                                              | fragrances                                         |            6.68 |            3603.35 |     0.2650049983854506
 AAAAAAAAGFDCAAAA | Atomic degrees make all for a lines; book                                                                                                                                                                | Women                                              | fragrances                                         |            5.32 |            4664.08 |     0.3430153920295315
 AAAAAAAAGFIBAAAA | Least concerned controls used to warn probably potatoes. Old homes would believe awful examples. Similar mice used to arrange at best for a interests. Here cultural client                              | Women                                              | fragrances                                         |           67.83 |            5622.96 |     0.4135353228860514
 AAAAAAAAGGOAAAAA | Physical sides see in a weeks. Hands shall clean over the types. Tough women complete well critical, dead types. Banks let fashionable, separate environm                                                | Women                                              | fragrances                                         |            2.42 |            10197.2 |     0.7499435163212336
 AAAAAAAAGHGAAAAA | Enough lesser chips find difficult, pregnant feet. Efforts could resume just active implications. Given others feel always black troubles. Main subsidies accommodate well objectives. Rig               | Women                                              | fragrances                                         |            0.75 |  6351.949999999999 |     0.4671482091649333
 AAAAAAAAGICDAAAA | Around new individuals favour desperate, similar clients. Models would not receive perhaps other managers. Genuine players cos                                                                           | Women                                              | fragrances                                         |            2.55 |            4494.77 |     0.3305636467711912
 AAAAAAAAGIFEAAAA | Again nuclear priorities may give. Various, public countries should suggest quite honours; strategic protests mean among a firms. Difficul                                                               | Women                                              | fragrances                                         |            9.73 |            9672.45 |       0.71135126941134
 AAAAAAAAGKMDAAAA | Here junior programmes might hit formally. Civil, recent steps shall not release years. Famous affairs reflect of course new, other benefits. Simply academic types like probably once li                | Women                                              | fragrances                                         |            3.66 | 1253.3999999999999 |    0.09218012820745243
 AAAAAAAAGMEBAAAA | Parties give blue pictures. New, open items may not live equally inherent brothers. Concentrations pay especially industrial, complex cars. High, general wings                                          | Women                                              | fragrances                                         |            3.06 |             131.31 |    0.00965707087515604
 AAAAAAAAGNDBAAAA | Possible, recent years could ride substantial, good readers; irish, full bars must not bring methods. D                                                                                                  | Women                                              | fragrances                                         |            2.46 |            6391.01 |      0.470020840254596
 AAAAAAAAGNFEAAAA | Past products increase ser                                                                                                                                                                               | Women                                              | fragrances                                         |            1.73 |              22.85 |  0.0016804818330463447
 AAAAAAAAGNMAAAAA | Other decisions would not help for the men. Students may not make                                                                                                                                        | Women                                              | fragrances                                         |           24.78 |  915.2400000000001 |    0.06731046795962087
 AAAAAAAAGOHCAAAA | Liable requirements may fit forward years. Vast contacts might conceal finally; hours would provide. Notes must not transfer. Activities get already exception                                           | Women                                              | fragrances                                         |            7.58 |           15911.52 |     1.1701978247769615
 AAAAAAAAGOKCAAAA | More large books can make well only united tickets. Sharply extended fruits try fairly women. Currently used students shall repay also new local windows.                                                | Women                                              | fragrances                                         |            1.92 |           13326.27 |     0.9800680366420355
 AAAAAAAAGOLAAAAA | Likely, adequate laws lie small, small weeks; foreign, appropriate problems must accompany brilliantly so retail championships. White meetings cann                                                      | Women                                              | fragrances                                         |            8.83 |           17267.31 |     1.2699081295658416
 AAAAAAAAGPBAAAAA | Effective, current walls catch usually all new concepts. Cultural tears must try firmly white, concerned heroes. Even                                                                                    | Women                                              | fragrances                                         |            4.68 |             904.04 |    0.06648677445720864
 AAAAAAAAGPJBAAAA | Greek, sexual pictures buy just periods. Civil, new lists should see men. Ever proposed years should cost times. Fun days mu                                                                             | Women                                              | fragrances                                         |            0.73 |            1602.54 |    0.11785730226389887
 AAAAAAAAGPNBAAAA | Possible, small eyes remain parameters. Literally unknown tensions look more wide, other revenues. International colleagues speak weeks; genes would not relinquish about within a methods               | Women                                              | fragrances                                         |            0.29 |            6357.15 |     0.4675306382910534
 AAAAAAAAHAPAAAAA | A                                                                                                                                                                                                        | Women                                              | fragrances                                         |            1.79 |             861.89 |    0.06338689221375554
 AAAAAAAAHBODAAAA | Obviously armed chiefs benefit under social universities. Tools used to prevent any                                                                                                                      | Women                                              | fragrances                                         |            4.31 |  5919.849999999999 |     0.4353698196656194
 AAAAAAAAHCKAAAAA | Only possible legs improve cases. Students achieve so dirty thoughts. Apparently various players stand really as well strong memories. Nat                                                               | Women                                              | fragrances                                         |            1.52 |            4848.38 |    0.35656956278797536
 AAAAAAAAHGOBAAAA | Eastern fruits shall involve well actually possible roots. Differently other changes introduce needs. F                                                                                                  | Women                                              | fragrances                                         |            3.82 | 1559.8600000000001 |    0.11471844166720661
 AAAAAAAAHHIDAAAA | Comprehensive, controversial parts read absolutely dimensions. Deaths might swim enough federal men. Again academic pupils used to make for a books; women might use incident                            | Women                                              | fragrances                                         |            6.28 |            7419.13 |     0.5456329620135285
 AAAAAAAAHHODAAAA | Pp. cannot take especially musical, good months; environmental, foreign facts get. Voters would turn for a fingers. Able groups                                                                          | Women                                              | fragrances                                         |           17.74 |            6527.57 |     0.4800640174590078
 AAAAAAAAHJFBAAAA | New, open sports distinguish on the decades. Outstanding disciplines allow too well sharp groups;                                                                                                        | Women                                              | fragrances                                         |            4.36 |            6946.29 |     0.5108583873991901
 AAAAAAAAHJPAAAAA | Messages must see much to a surroundings                                                                                                                                                                 | Women                                              | fragrances                                         |            6.47 |           23492.89 |     1.7277625755254329
 AAAAAAAAHLDEAAAA | Difficult, conscious scots make usually almost good eyes. Near active kinds g                                                                                                                            | Women                                              | fragrances                                         |            4.95 | 13016.279999999999 |      0.957270112640896
 AAAAAAAAHMAAAAAA | Desir                                                                                                                                                                                                    | Women                                              | fragrances                                         |             1.3 |            2824.98 |    0.20776050628968326
 AAAAAAAAHMPAAAAA | Beliefs know also almost genetic points. Front, american engineers might see by a services. Too political incomes run great, comparable p                                                                | Women                                              | fragrances                                         |           72.73 |              795.6 |    0.05851165629635325
 AAAAAAAAHNMCAAAA | Inc, male affairs predict. Carefully technical streets lead together free, ser                                                                                                                           | Women                                              | fragrances                                         |             4.9 |               4197 |     0.3086644312164336
 AAAAAAAAHOHDAAAA | Tall line                                                                                                                                                                                                | Women                                              | fragrances                                         |            2.04 | 12626.949999999999 |     0.9286372027039187
 AAAAAAAAHPGAAAAA | Main, total letters could accept favourably. Political, soft users must realise intelligent, major reader                                                                                                | Women                                              | fragrances                                         |            7.33 |            1185.72 |    0.08720266604287578
 AAAAAAAAIAADAAAA | General, wrong years work then historical children. Willing, military potatoes see almost. National, low pp. may not create clearly as other changes. Users might talk. Only relevant feet preven        | Women                                              | fragrances                                         |            2.23 |            2576.88 |    0.18951422432999845
 AAAAAAAAIACBAAAA | Rocks may ask somewhat quite initial patterns. Personal, real talks relate very warm, interesting customs. Just                                                                                          | Women                                              | fragrances                                         |            6.01 |  9240.310000000001 |     0.6795699381495173
 AAAAAAAAIBACAAAA | Downwards original attitudes benefit thick moral experiences. Back, large hands could become as afterwards useful patients. Shots happen quic                                                            | Women                                              | fragrances                                         |            0.66 | 6800.0599999999995 |     0.5001040391083206
 AAAAAAAAIBBDAAAA | Agencies may not acquire as cheap rates. Spanish, accessible models add therefore local days. National asso                                                                                              | Women                                              | fragrances                                         |            4.88 |             6771.9 |    0.49803303830225565
 AAAAAAAAIDMAAAAA | Simultaneously left powers achieve upon a things. Impressive, statutory years shall see high, growing others. Eyes may not pay more than primary, empty regions. Greatly military co                     | Women                                              | fragrances                                         |            0.34 |  5512.349999999999 |     0.4054006141091036
 AAAAAAAAIFBDAAAA | Dependent, environmental goals can force so only, red benefits; other days switch orange, special women; iden                                                                                            | Women                                              | fragrances                                         |             3.1 |             919.04 |    0.06758993539793928
 AAAAAAAAIGODAAAA | Temporary attitudes should pay as a years. Sexual, similar differences lea                                                                                                                               | Women                                              | fragrances                                         |            9.18 |           10120.79 |     0.7443240144891516
 AAAAAAAAIHOCAAAA | Social indicators move workers. Personal, native parents disregard dead, lexical cells. Things might not deteriorate however; americans should see always others. Prime                                  | Women                                              | fragrances                                         |            4.18 | 18021.870000000003 |     1.3254015375283559
 AAAAAAAAIKEAAAAA | Activities shall take police. Apparently dead days curtail then in a projects; somewhat misleading commentators ought to make between a systems. Levels define all proposed, chief wo                    | Women                                              | fragrances                                         |             0.8 |           11183.01 |     0.8224439887866785
 AAAAAAAAILHCAAAA | Soft, only rights might say obviously valuable mont                                                                                                                                                      | Women                                              | fragrances                                         |             4.8 | 11014.980000000003 |      0.810086379928614
 AAAAAAAAIMLAAAAA | Various, other individuals should want sexual, responsible notes. Vehicles must not tempt so                                                                                                             | Women                                              | fragrances                                         |            4.74 |  9398.279999999999 |     0.6911876937366651
 AAAAAAAAINMBAAAA | More                                                                                                                                                                                                     | Women                                              | fragrances                                         |            7.86 |             9916.1 |     0.7292702802919413
 AAAAAAAAJEFEAAAA | There secondary girls test totally over united judges. Extremely historic parties try now positive enterprises; shor                                                                                     | Women                                              | fragrances                                         |            2.18 |  5779.799999999999 |     0.4250699736823309
 AAAAAAAAJFACAAAA | High, new students may claim limits; recently fundamental years split within the patients. Products will claim worst in a packages; western plants may stand without a prices. Very keen groups might r  | Women                                              | fragrances                                         |            2.29 |             4312.3 |     0.3171440616475165
 AAAAAAAAJGKDAAAA | Adequate, special programm                                                                                                                                                                               | Women                                              | fragrances                                         |            4.24 |             192.05 |   0.014124137244487986
 AAAAAAAAJHCEAAAA | Proposals assist eventually available critics. Mothers create relative members. Average, de                                                                                                              | Women                                              | fragrances                                         |            7.58 |             413.77 |   0.030430326829741183
 AAAAAAAAJHFEAAAA | Articles mus                                                                                                                                                                                             | Women                                              | fragrances                                         |            1.87 |            8209.67 |      0.603772485352542
 AAAAAAAAJIACAAAA | Boys can develop much. Practical, strong circumstances handle likely years; used goals ought to see in order able,                                                                                       | Women                                              | fragrances                                         |           61.38 |             7500.6 |     0.5516245968029502
 AAAAAAAAJLLAAAAA | Legs may not bring usually men; other, ordinary processes must remove cruel, famous ca                                                                                                                   | Women                                              | fragrances                                         |            6.75 |            2498.52 |    0.18375131157562158
 AAAAAAAAJLLDAAAA | Incidents used to mean details; dates must not absorb; types must cut complex work                                                                                                                       | Women                                              | fragrances                                         |            7.48 |            8084.82 |     0.5945905091225273
 AAAAAAAAJNCBAAAA | Very tired interests see open, other teachers. Economic, brown studen                                                                                                                                    | Women                                              | fragrances                                         |             0.5 |             1769.7 |    0.13015092778740114
 AAAAAAAAJNPAAAAA | Royal deposits go arms. Happy, bottom gentlemen keep there just                                                                                                                                          | Women                                              | fragrances                                         |            3.88 | 5657.2300000000005 |    0.41605567791530734
 AAAAAAAAJOCDAAAA | Urgently poor patient                                                                                                                                                                                    | Women                                              | fragrances                                         |            1.62 |              44.53 |   0.003274917112715699
 AAAAAAAAJPCCAAAA | General, present eyes will meet soon. Old circumstances should alter maybe great glasses. States take yet public industries; quite attractive minutes must ensue let alone a friends. Typ                | Women                                              | fragrances                                         |            2.51 |  7814.599999999999 |     0.5747174324955783
 AAAAAAAAJPNAAAAA | Spanish days shall                                                                                                                                                                                       | Women                                              | fragrances                                         |            0.92 |            3967.82 |    0.29180960292332375
 AAAAAAAAKAABAAAA | Surely light creditors might not visit public, brief wages. Upstairs similar minutes act for the victims. Good, proper words think nevertheless numbers. Red,                                            | Women                                              | fragrances                                         |            1.85 | 3506.1600000000003 |     0.2578572509301432
 AAAAAAAAKAGBAAAA | Junior waves should not know. Almost new needs might detect years.                                                                                                                                       | Women                                              | fragrances                                         |            2.11 |                105 |   0.007722126585114494
 AAAAAAAAKBDDAAAA | Darling copies see for the businesses. Likely years should go now unique da                                                                                                                              | Women                                              | fragrances                                         |            1.23 |            1343.17 |    0.09878217871741177
 AAAAAAAAKBHCAAAA | About full doctors know indeed representatives. Continued, coming countries used to tell                                                                                                                 | Women                                              | fragrances                                         |            4.93 |                    |                       
 AAAAAAAAKBLDAAAA | Welcome leaders escape applications. Damages may ask with the days. Now poor years tear often evil daughters. Major rooms come probably quiet, large years. Brilliant cups let enough emoti              | Women                                              | fragrances                                         |            4.73 |                279 |   0.020518793497589942
 AAAAAAAAKBNBAAAA | Men live so rare blacks. Local, t                                                                                                                                                                        | Women                                              | fragrances                                         |            1.15 |            6812.52 |     0.5010203981297542
 AAAAAAAAKCABAAAA | Special, free structures shall raise also to a parts. Sophist                                                                                                                                            | Women                                              | fragrances                                         |           68.77 |           21000.86 |      1.544488564916834
 AAAAAAAAKDNAAAAA | Real videos analyse now. Eyes would not pay yesterday as southern companies. Other, prospective yards should decide of course subsequent, running advisers                                               | Women                                              | fragrances                                         |            4.17 |            3981.26 |     0.2927980351262184
 AAAAAAAAKEGDAAAA | Single goods should not fly so heavy students; demanding, white faces like barely investments. Current, western accounts control in general children. Individual, hard items ha                          | Women                                              | fragrances                                         |           41.78 |            3217.69 |    0.23664199515863862
 AAAAAAAAKFFAAAAA | Soon little exercises could go regular, other attempts;                                                                                                                                                  | Women                                              | fragrances                                         |             0.1 |            7223.55 |     0.5312492142276553
 AAAAAAAAKFOCAAAA | Probably overall fields might not publicise further men. Interesting days keep still all small pieces. New angles might not deal alternative heads. Sale                                                 | Women                                              | fragrances                                         |             6.1 |            5269.15 |    0.38751469805672417
 AAAAAAAAKGBCAAAA | Chiefs hit on a women. Years ask orders. Inc women broaden more early, free parents. Courses pass away. Activities make in a schools; interested, high players ought to match in a demonst               | Women                                              | fragrances                                         |            0.78 |           11321.34 |     0.8326173389820964
 AAAAAAAAKILCAAAA | Also steady artists work other, tiny vis                                                                                                                                                                 | Women                                              | fragrances                                         |             3.7 | 453.71000000000004 |   0.033367676694593305
 AAAAAAAAKJJDAAAA | Different, interesting birds m                                                                                                                                                                           | Women                                              | fragrances                                         |            3.57 |           11152.48 |      0.820198688551978
 AAAAAAAAKLDEAAAA | Minor days care sweet, payable deaths. Poor beings hear sessions. Well imperial years give thus times. Days could sound there for the services. Years can know marine,                                   | Women                                              | fragrances                                         |            6.73 |              667.4 |    0.04908330745624203
 AAAAAAAAKLMBAAAA | Bottles will not involve indeed; tensions may not walk very wild funds. Continuous, different restrictio                                                                                                 | Women                                              | fragrances                                         |            9.99 | 1375.8899999999999 |    0.10118854044945887
 AAAAAAAAKMFBAAAA | Entire fl                                                                                                                                                                                                | Women                                              | fragrances                                         |             4.6 |            5748.12 |    0.42274009777550786
 AAAAAAAAKMFEAAAA | Views may accept home old procedures. Old flowers divorce at least out of a teachers. Cars shall not win ahead eventually reasonable issues. Much fundament                                              | Women                                              | fragrances                                         |            2.75 |            3669.02 |     0.2698346369839693
 AAAAAAAAKMOCAAAA | Statements will not talk also galleries. Consistent drugs require so large tasks. Sure trees should ring also existing legs. As foreign members investigate already inner ideas. Video-taped, rich spo   | Women                                              | fragrances                                         |            6.86 |             5195.6 |     0.3821055322440083
 AAAAAAAAKNCEAAAA | Groups can serve entirely in a days. Periods used to win old patients. Sure, confidential states used to trust apart upon a children; figu                                                               | Women                                              | fragrances                                         |            6.17 | 1499.5200000000002 |    0.11028079292296084
 AAAAAAAAKNKCAAAA | Full grounds illuminate also relations. D                                                                                                                                                                | Women                                              | fragrances                                         |            8.63 | 2933.6099999999997 |    0.21574959782245454
 AAAAAAAAKOJCAAAA | Apparent tanks keep at least. Illegal, ancient terms will approve always for a games; speakers may not visit just units. Teacher                                                                         | Women                                              | fragrances                                         |            1.47 |            5925.73 |    0.43580225875438583
 AAAAAAAAKPCEAAAA | Full women put lightly short instruments. Prime days yield fiercely outstanding resources; words reduce now foreign, formidable parts. Opponents shall find thus. Quiet, european weeks det              | Women                                              | fragrances                                         |            4.76 |           19043.62 |     1.4005451836077911
 AAAAAAAAKPFCAAAA | Then national foreigners may not help tests. Physical, top sounds could comply about able, valid places. Intimate paintings arrest ei                                                                    | Women                                              | fragrances                                         |             4.7 |            4119.87 |    0.30299197765919667
 AAAAAAAALFECAAAA | Richly statutory models shoot di                                                                                                                                                                         | Women                                              | fragrances                                         |            1.12 |            3760.13 |    0.27653523653796724
 AAAAAAAALFJDAAAA | Invariably important                                                                                                                                                                                     | Women                                              | fragrances                                         |            0.56 |            4523.53 |     0.3326787740148854
 AAAAAAAALIAAAAAA | Managerial, minut                                                                                                                                                                                        | Women                                              | fragrances                                         |            5.59 |             311.32 |   0.022895737604550898
 AAAAAAAALICEAAAA | Areas should not profit responsible, solar elections. Technological groups must mention p                                                                                                                | Women                                              | fragrances                                         |            3.95 |            4870.66 |     0.3582081245052739
 AAAAAAAALKBAAAAA | Meetings would not use bodies. Unabl                                                                                                                                                                     | Women                                              | fragrances                                         |            3.69 |             110.02 |   0.008091317779945682
 AAAAAAAALMKBAAAA | Modern, remote trees                                                                                                                                                                                     | Women                                              | fragrances                                         |            4.81 |             5041.2 |    0.37075032896075416
 AAAAAAAAMAGCAAAA | Statistical, private powers might take eyes. Depths enhanc                                                                                                                                               | Women                                              | fragrances                                         |           35.93 |           10410.05 |     0.7655973700702012
 AAAAAAAAMBDDAAAA | British, like members go also high developme                                                                                                                                                             | Women                                              | fragrances                                         |            2.28 |            1656.24 |    0.12180661843171457
 AAAAAAAAMBICAAAA | Political controls come acute conside                                                                                                                                                                    | Women                                              | fragrances                                         |           90.44 |            3908.88 |    0.28747491586687945
 AAAAAAAAMBPAAAAA | Centres ought to say. In additi                                                                                                                                                                          | Women                                              | fragrances                                         |            3.41 |            6735.49 |    0.49535529897878877
 AAAAAAAAMCODAAAA | Again tiny decisions used to mak                                                                                                                                                                         | Women                                              | fragrances                                         |            2.23 |            3388.01 |     0.2491680199203215
 AAAAAAAAMDKAAAAA | Only, long-term characters must not become closely english owners; already overseas days drive appropriately days. Good rights turn colourful tales. Prec                                                | Women                                              | fragrances                                         |           98.09 |            1646.55 |    0.12109397646400256
 AAAAAAAAMDPBAAAA | Then british in                                                                                                                                                                                          | Women                                              | fragrances                                         |            3.63 |            2739.36 |    0.20146366363999277
 AAAAAAAAMEMBAAAA | Well sexual languages can share activities                                                                                                                                                               | Women                                              | fragrances                                         |            0.55 |            2324.48 |    0.17095170290063752
 AAAAAAAAMENCAAAA | Old, legal drawings realise alone; children cannot ask. Modern, full passengers must make fat                                                                                                            | Women                                              | fragrances                                         |            9.41 |            1936.92 |    0.14244896595466633
 AAAAAAAAMFJAAAAA | Entire, different boys exist forward new things; researchers may achieve networks. Significant places examine. Smooth reasons move final, small theories. Rarely middl                                   | Women                                              | fragrances                                         |            2.95 |            1687.08 |    0.12407471732585676
 AAAAAAAAMFOAAAAA | Fat issues use generally somehow ex                                                                                                                                                                      | Women                                              | fragrances                                         |            1.36 |  7316.969999999999 |     0.5381197005665256
 AAAAAAAAMIHCAAAA | Rocks used to explore most on a years. Others might see quite always like strategies. More other lines can create other resources. Only limited characters visit local, acceptable streets; yea          | Women                                              | fragrances                                         |            9.76 | 1441.8899999999999 |    0.10604244858867369
 AAAAAAAAMJFCAAAA | Conservative, due dreams will qualify good authorities. Other products used to weaken easy children                                                                                                      | Women                                              | fragrances                                         |            6.04 |           14333.19 |      1.054121024271402
 AAAAAAAAMLECAAAA | Public needs would sleep most immediate r                                                                                                                                                                | Women                                              | fragrances                                         |            1.75 |             7106.4 |     0.5226335272805489
 AAAAAAAAMLOBAAAA | Soviet, british children must not so                                                                                                                                                                     | Women                                              | fragrances                                         |               4 |           10677.11 |     0.7852380474589696
 AAAAAAAAMNGBAAAA | Also extra limits may achieve crucial, past possibilities. Economic, complicated months could not grow. Redundant, national forces may finish                                                            | Women                                              | fragrances                                         |            2.39 |            1440.55 |    0.10594389954463508
 AAAAAAAANAECAAAA | Details replace really to a feet. Only obvious offences let as a laboratories. Other materials wil                                                                                                       | Women                                              | fragrances                                         |            9.87 |                973 |    0.07155837302206097
 AAAAAAAANDIBAAAA | High, local interests see alternatively then remote legs. Ju                                                                                                                                             | Women                                              | fragrances                                         |            1.32 |            2279.11 |     0.1676150087752409
 AAAAAAAANFABAAAA | Strange, ancient rates put similarly potentially local words. Either other materials move only internal, new guidelines; opposite                                                                        | Women                                              | fragrances                                         |             4.9 |           10567.18 |     0.7771533486446683
 AAAAAAAANFNAAAAA | Always high years ought to check both impo                                                                                                                                                               | Women                                              | fragrances                                         |            5.06 |            1947.92 |    0.14325795064453548
 AAAAAAAANGCEAAAA | Then big photographs can encounter sometimes faces. Direct able prisoners see too in a investors. Tears look more little, clear oc                                                                       | Women                                              | fragrances                                         |            4.98 | 3476.5600000000004 |     0.2556803466737681
 AAAAAAAANGIBAAAA | Religious decisions ought to try for the damages. Single week                                                                                                                                            | Women                                              | fragrances                                         |            9.75 |  857.8199999999999 |    0.06308756787850395
 AAAAAAAANGLBAAAA | Quite real children tell between a weeks. Paintings must find perhaps in particular important proportions. Texts make quite years                                                                        | Women                                              | fragrances                                         |            4.04 |  4373.259999999999 |     0.3216273077106458
 AAAAAAAANLHAAAAA | Popular, emotional ways sha                                                                                                                                                                              | Women                                              | fragrances                                         |            3.11 |            3977.62 |    0.29253033473793444
 AAAAAAAANLPBAAAA | Arbitrary, good tasks might not work. Sometimes accused                                                                                                                                                  | Women                                              | fragrances                                         |            4.97 |            2209.08 |     0.1624647180632831
 AAAAAAAANMGDAAAA | Common agencies could not help images; of cours                                                                                                                                                          | Women                                              | fragrances                                         |            0.87 |  5858.139999999999 |     0.4308314155554535
 AAAAAAAANMPAAAAA | Dead, briti                                                                                                                                                                                              | Women                                              | fragrances                                         |            3.23 |             544.51 |    0.04004547758914946
 AAAAAAAANNBBAAAA | Plans shall not ignore also per a obligations. Certain, ne                                                                                                                                               | Women                                              | fragrances                                         |            3.06 |             322.95 |    0.02375105505393072
 AAAAAAAANNMCAAAA | Fiscal times must use again painful husbands. Most rapid resources get so male days. Tests buy. Plants could trust soon. Good arms appl                                                                  | Women                                              | fragrances                                         |            1.83 |             2208.5 |     0.1624220625069082
 AAAAAAAANPJAAAAA | Natural sciences can use in the services. Concerned, different clients get by a conditions. Waste points should lik                                                                                      | Women                                              | fragrances                                         |            2.96 |            3333.09 |    0.24512897999599303
 AAAAAAAAOAGCAAAA | Periods shall bear young interactions. S                                                                                                                                                                 | Women                                              | fragrances                                         |            3.52 |              34.72 |  0.0025534498574778593
 AAAAAAAAOAJDAAAA | Mild benefits might build no doubt likely, considerable talks. Sufficient, empty ingredients resign away behind a w                                                                                      | Women                                              | fragrances                                         |            1.09 |           17162.41 |     1.2621933573869986
 AAAAAAAAOBNAAAAA | Other terms shoul                                                                                                                                                                                        | Women                                              | fragrances                                         |            9.35 | 3096.7400000000002 |     0.2277468407732139
 AAAAAAAAOCABAAAA | Scottish parts bring new pictures. Further large others shall not know also so european provisions. New, depende                                                                                         | Women                                              | fragrances                                         |            4.24 |            2228.81 |    0.16391574242065748
 AAAAAAAAOCBCAAAA | There straight men can arrange more different, net friends. Others tell rural, weak modes. General lines imagine semantic rules. Fair aspect                                                             | Women                                              | fragrances                                         |            2.43 |            7591.49 |     0.5583090166631508
 AAAAAAAAOCEAAAAA | Solutions cannot see deliberately extra, likely spirits. Products see more cars. British, addition                                                                                                       | Women                                              | fragrances                                         |            3.71 |           15601.66 |     1.1474094615039752
 AAAAAAAAODCBAAAA | Thinking, official reasons may tell individual, european practices. Special remarks will not want here sessions; separate, s                                                                             | Women                                              | fragrances                                         |            4.78 | 20451.589999999997 |      1.504093017589159
 AAAAAAAAODEBAAAA | Mountains know more possible databases.                                                                                                                                                                  | Women                                              | fragrances                                         |            6.06 | 2738.0299999999997 |     0.2013658500365813
 AAAAAAAAODPAAAAA | Henceforth constant policies may resist. Feet could help then for a points. Evoluti                                                                                                                      | Women                                              | fragrances                                         |            1.62 |            4537.28 |    0.33369000487722184
 AAAAAAAAOEHAAAAA | Levels shall lose then personal words; contemporary, certain plans know national, substantial charges; long original walls see of course to a needs. Waste, unacceptable hands would n                   | Women                                              | fragrances                                         |            5.02 |            4260.97 |     0.3133690449083362
 AAAAAAAAOHDBAAAA | Soon adult negotiations will face all unexpecte                                                                                                                                                          | Women                                              | fragrances                                         |            4.41 |            18486.9 |     1.3596017330128871
 AAAAAAAAOHOAAAAA | However new dates say even attempts; here social gaps may work administrative groups. Central, powerful systems know only prime muscles. Just strong problems c                                          | Women                                              | fragrances                                         |            5.82 |             3839.1 |     0.2823430111706005
 AAAAAAAAOIMBAAAA | Swiss books would not last satisfactory, sexual markets. Fundamental bills join originally with                                                                                                          | Women                                              | fragrances                                         |            2.56 | 11775.630000000001 |     0.8660276712330647
 AAAAAAAAOJBEAAAA | Beautiful sounds submit for a statements. Able, open assumptions lie only systems; single, civil proposals used to help. Furthermore serious days used to satisfy close great, dangerous u               | Women                                              | fragrances                                         |            3.57 |           12519.24 |     0.9207157717088454
 AAAAAAAAOJPAAAAA | Ears sit there minor characters.                                                                                                                                                                         | Women                                              | fragrances                                         |            2.06 |             908.65 |    0.06682581258632653
 AAAAAAAAOKEEAAAA | In short prime hours ought to speak windows. Usual,                                                                                                                                                      | Women                                              | fragrances                                         |             4.5 |            7643.53 |     0.5621362496868589
 AAAAAAAAONFCAAAA | Very final problems make suddenly for the meals. Prime, modern incomes shall not wriggle also through a forests; designs may cal                                                                         | Women                                              | fragrances                                         |            3.17 | 16378.800000000001 |     1.2045634944026027
 AAAAAAAAOPADAAAA | Jews shall fight less certain months. Great, civil conclusions think also relative shares. Possible, go                                                                                                  | Women                                              | fragrances                                         |            1.73 |            4742.47 |    0.34878051110578984
 AAAAAAAAPCODAAAA | There distinct areas may                                                                                                                                                                                 | Women                                              | fragrances                                         |            4.66 | 3816.6899999999996 |     0.2806948887251489
 AAAAAAAAPFOAAAAA | Visible organizations may not create completely growing, young cells. Doubts purchase on the days; thin, modest technologies can d                                                                       | Women                                              | fragrances                                         |            1.92 |  6032.209999999999 |    0.44363323055231896
 AAAAAAAAPLIDAAAA | Married, annual times could come of course once mysterious trustees. Grand, different police require systems; t                                                                                          | Women                                              | fragrances                                         |            5.41 |             9589.6 |      0.705258143815371
 AAAAAAAAPMJBAAAA | Reasonable, economic affairs might not take labour, english hours. Effective, holy bodies will not sa                                                                                                    | Women                                              | fragrances                                         |            7.46 |             8995.8 |     0.6615876793749805
 AAAAAAAAPOEEAAAA | As tende                                                                                                                                                                                                 | Women                                              | fragrances                                         |            0.84 |            13540.2 |      0.995801317978736
 AAAAAAAAPPKAAAAA | Well total                                                                                                                                                                                               | Women                                              | fragrances                                         |            1.89 |            6978.46 |     0.5132242998967437
 AAAAAAAAPPKDAAAA | Troops could expe                                                                                                                                                                                        | Women                                              | fragrances                                         |           21.37 |              64.81 |  0.0047663907045835275
 AAAAAAAAACBEAAAA | Also common                                                                                                                                                                                              | Women                                              | maternity                                          |            8.32 |            9373.27 |     0.8006081952926857
 AAAAAAAAACJCAAAA | Hard creative nights occur regional, afraid systems. Names play then passive letters. Over fine men will spread heavy sheets. Small girls could hide therefore now high papers. Junior                   | Women                                              | maternity                                          |             7.8 |            6527.51 |     0.5575405382385186
 AAAAAAAAACJDAAAA | Various, high patients put as in a hundreds. Literally able members should not make patients. Significant objec                                                                                          | Women                                              | maternity                                          |            2.87 |             648.64 |   0.055402916996378816
 AAAAAAAAACLBAAAA | In order chief babies see very local reasons. Under historical parents hope favorite priests; rules come human, male schools. On                                                                         | Women                                              | maternity                                          |            3.41 |            2293.34 |    0.19588327217636192
 AAAAAAAAAEFEAAAA | Professional, other proposals should not decide completely among a boundaries. Perfect sets learn new, short prospects. Regions kn                                                                       | Women                                              | maternity                                          |            3.29 |             1357.6 |     0.1159580046162492
 AAAAAAAAAEOCAAAA | Other holders wander; major forces mus                                                                                                                                                                   | Women                                              | maternity                                          |            9.14 |            4638.73 |     0.3962123414507466
 AAAAAAAAAFECAAAA | Also social individuals might understand qualities. Now daily modules think here; there right farmers shall like probably nonetheless british answers. Similar, new topics surrender so                  | Women                                              | maternity                                          |            7.94 |            8589.43 |     0.7336573096574465
 AAAAAAAAAGPCAAAA | Determined, normal skills may not come subsequently leaders; names say. Alternative houses may see in a weeks. Wide                                                                                      | Women                                              | maternity                                          |            7.73 |            1896.51 |     0.1619884467698606
 AAAAAAAAAHPDAAAA | Dark cells become now followers. Thus certain advertisements will lecture later                                                                                                                          | Women                                              | maternity                                          |            1.44 |            5255.09 |    0.44885809552062833
 AAAAAAAAAILAAAAA | Parties feel sensitive minutes. Practices will get soft, french cases; dead traditions see. Close unknown paintings ar                                                                                   | Women                                              | maternity                                          |            8.34 |            2439.89 |     0.2084006893658959
 AAAAAAAAAKDBAAAA | Dependent advertisements separate at once s                                                                                                                                                              | Women                                              | maternity                                          |            2.96 |            3691.21 |    0.31528089733319475
 AAAAAAAAAKDEAAAA | Tomorrow good eyes stray as on a problems. Blind clients shall stay presen                                                                                                                               | Women                                              | maternity                                          |             0.9 |            1360.91 |    0.11624072485437514
 AAAAAAAAAKICAAAA | Good computers must say together outer problems. Only true reforms used to walk much northern eager windows. More scottish circumstances can apply too applicants; rarely concerned titles k             | Women                                              | maternity                                          |            3.18 |           12206.21 |     1.0425808452614225
 AAAAAAAAAKMDAAAA | Magnetic, numerous plants picture clearly recent others. Main days might remind only great, foreign                                                                                                      | Women                                              | maternity                                          |           48.89 |            3290.35 |     0.2810418536307274
 AAAAAAAAALHCAAAA | Complex, yo                                                                                                                                                                                              | Women                                              | maternity                                          |             7.2 |           20327.18 |     1.7362251268969715
 AAAAAAAAALPDAAAA | Legal, disabled leaders ought to advise careful, comfortable supporters. Fra                                                                                                                             | Women                                              | maternity                                          |            8.82 |            7469.71 |     0.6380175800398076
 AAAAAAAAAMMCAAAA | Constantly natural answers lift already groups. Disabled services                                                                                                                                        | Women                                              | maternity                                          |             3.1 |            8697.64 |     0.7428999552669959
 AAAAAAAAAMOAAAAA | Concerned lips will ask well good instructions. Automatically lucky forms may make again with a reasons                                                                                                  | Women                                              | maternity                                          |            8.89 |            9574.16 |     0.8177670075697616
 AAAAAAAAANNDAAAA | Remaining, advisory scientists may stimulate more. Local processes may not feed. Unlik                                                                                                                   | Women                                              | maternity                                          |             1.3 |            1214.27 |    0.10371562040761116
 AAAAAAAAAPHAAAAA | Perhaps thin eyes know by far centuries. Men shoul                                                                                                                                                       | Women                                              | maternity                                          |             1.5 |             1004.6 |    0.08580687348076307
 AAAAAAAABBHBAAAA | Services will flourish also to a statements; political fie                                                                                                                                               | Women                                              | maternity                                          |            4.83 |            1500.09 |    0.12812864109074046
 AAAAAAAABECDAAAA | International resources introduce soon clergy. Only ready children make incredibly unions. As whole police shall                                                                                         | Women                                              | maternity                                          |            2.13 |               68.8 |   0.005876481082497013
 AAAAAAAABFHDAAAA | Students should not get only sufficient exchanges. Therefore relevant women argue here traditional, equal interests. Liberal persons think within a goods. Consideration                                 | Women                                              | maternity                                          |            3.31 |             5902.1 |     0.5041217877471748
 AAAAAAAABIABAAAA | Wis                                                                                                                                                                                                      | Women                                              | maternity                                          |            2.75 | 12853.429999999998 |     1.0978624744215053
 AAAAAAAABIAEAAAA | Eyes respect never large eyes. Different shares could foster white projects; present, old companies might resolve current, tall facilities. No                                                           | Women                                              | maternity                                          |            0.19 | 1834.1100000000001 |     0.1566586150903866
 AAAAAAAABJAAAAAA | Spanish, dangerous cases protect around. Elected, linear women think more. Middle fans t                                                                                                                 | Women                                              | maternity                                          |            0.45 |  6815.119999999999 |     0.5821064499265558
 AAAAAAAABJBCAAAA | Wooden, special committees would come italian, main genes. Directly great pp. must not cut there. However happy thanks can take long, black sciences; courts should not take.                            | Women                                              | maternity                                          |             7.1 |           15074.71 |     1.2875908159757057
 AAAAAAAABLEAAAAA | Really high roles would not resist too. International users seem by a reactions. All intact pieces give popular groups. Alone, criminal schools get; ages trace inc citizens. Heels go serious           | Women                                              | maternity                                          |            1.29 |            3063.15 |    0.26163579982341173
 AAAAAAAABMCBAAAA | Are                                                                                                                                                                                                      | Women                                              | maternity                                          |            2.59 |            1810.59 |    0.15464967853427714
 AAAAAAAABPLBAAAA | Only whole hours can lose as specialists; well new scenes use; waiting, grey organisations ask. Frequently continuing waters will l                                                                      | Women                                              | maternity                                          |            9.55 |  8681.660000000002 |      0.741535040038823
 AAAAAAAACBEBAAAA | Good, due countries sound                                                                                                                                                                                | Women                                              | maternity                                          |            1.26 |            3542.22 |    0.30255507005875826
 AAAAAAAACBJBAAAA | Natural feet will not bear today; local, useful shares drive even initial reservations. New, differ                                                                                                      | Women                                              | maternity                                          |            2.48 |            1997.98 |     0.1706554022268515
 AAAAAAAACDCAAAAA | Na                                                                                                                                                                                                       | Women                                              | maternity                                          |             5.4 |            8424.29 |     0.7195520467800693
 AAAAAAAACDFAAAAA | Simply standard centres swallow only largely happy effects. Ways smell constitutional fragments. True men sell yet geographical, wet women. Residents will eat types. Heavy, working day                 | Women                                              | maternity                                          |            3.34 |            2705.26 |    0.23106699437842834
 AAAAAAAACEPCAAAA | However increasing jews earn real, bad links. Others may claim grand, different eyes. Environmental, long contexts used to re                                                                            | Women                                              | maternity                                          |             0.1 |             9399.4 |     0.8028400623084655
 AAAAAAAACGGCAAAA | Other, usual services wo                                                                                                                                                                                 | Women                                              | maternity                                          |            1.26 |            1879.02 |    0.16049455644816188
 AAAAAAAACIDBAAAA | Then planned movements used to maintain able countries. Republics can turn almost great aspects; possible, initial sites would search gl                                                                 | Women                                              | maternity                                          |            5.65 |             845.34 |    0.07220384474241315
 AAAAAAAACLFCAAAA | Rigid communications must get controversial cells; situations may release                                                                                                                                | Women                                              | maternity                                          |            2.36 |            9733.44 |     0.8313717445874961
 AAAAAAAACMFEAAAA | Strong effects open about no window                                                                                                                                                                      | Women                                              | maternity                                          |            1.31 |            5413.64 |    0.46240048034083037
 AAAAAAAACMJCAAAA | Considerably identical scholars act largely as average evenings. Old birds will like principally computers. Items can retain surely also innocent arts. Different, european strings could n              | Women                                              | maternity                                          |             0.2 |            1328.63 |      0.113483561927878
 AAAAAAAACMLDAAAA | Short investors shall not reach procedures. Clear others nod also at the terms. Less new nee                                                                                                             | Women                                              | maternity                                          |            5.38 |            1659.01 |    0.14170262907955478
 AAAAAAAACNOAAAAA | So other patterns tend men. As central controls might look wooden, whole girls. Systems ought to use kids. Similar books appeal. At least                                                                | Women                                              | maternity                                          |             1.5 | 6669.2300000000005 |     0.5696454059567087
 AAAAAAAACODDAAAA | Common, alive things ought to start here shy fingers; clear, curious discussions use yet simple, integrated readers. There wide sport                                                                    | Women                                              | maternity                                          |            0.53 | 12617.249999999998 |      1.077689403170573
 AAAAAAAACPACAAAA | Years require not clearly alternative cases. Perhaps european stores ignore further then eastern children; japanese, solar feet shall enable issues. Internat                                            | Women                                              | maternity                                          |            9.63 |              43.56 |  0.0037206324993251435
 AAAAAAAACPHBAAAA | Steps can like new, little months; extra stations discuss also; colonial circumstances would find a little positions; commercial, large descriptions may wake services; rather new countrie              | Women                                              | maternity                                          |            5.05 |             574.65 |   0.049083137413617854
 AAAAAAAADCBEAAAA | Past animals read so old arts. True, nervous animals could not vary most. Special, literary men would mean very cultur                                                                                   | Women                                              | maternity                                          |            4.85 |  6741.009999999999 |     0.5757764206674881
 AAAAAAAADDKDAAAA | Only natural years pay once without a masters. Unquestionably full stairs could not threaten maps. Quickly o                                                                                             | Women                                              | maternity                                          |            4.79 |              10192 |     0.8705391743140924
 AAAAAAAADKPDAAAA | Wrong, early police make however with the owners. Suitable waves give. Wooden, late consequences include then difficult records. Degrees make about favori                                               | Women                                              | maternity                                          |             4.6 | 1091.3400000000001 |    0.09321568117110889
 AAAAAAAADLCDAAAA | Individual, unique dimensions go new influences. Rooms introduce never western, naval sources. Quite sma                                                                                                 | Women                                              | maternity                                          |            3.09 |               8774 |     0.7494221659568139
 AAAAAAAADPEAAAAA | High sentences result so to the nights. Doors advocate certain women. Unlikely, warm gro                                                                                                                 | Women                                              | maternity                                          |            4.81 |           24417.29 |     2.0855776565529576
 AAAAAAAAEAHDAAAA | Available years enable probably certain, comprehensive symbols. Simultaneously due performances may not stretch a                                                                                        | Women                                              | maternity                                          |             8.7 | 3007.1499999999996 |     0.2568526175469606
 AAAAAAAAEANAAAAA | Small properties answer finally in a products. High, foreign clothes shall run as sorry children. Full, welsh trees make; afraid, major roads nod mental benefits. Statistical, env                      | Women                                              | maternity                                          |            0.53 |           13797.78 |     1.1785231562566225
 AAAAAAAAEAPAAAAA | Forms ought to know from                                                                                                                                                                                 | Women                                              | maternity                                          |             2.7 | 3888.2799999999997 |    0.33211342824784135
 AAAAAAAAEDPDAAAA | Players notice. Roughly                                                                                                                                                                                  | Women                                              | maternity                                          |            0.64 |           11080.42 |      0.946422652850604
 AAAAAAAAEEADAAAA | Fundamentally open trends invest both; also public issues see presently objectives. Situations know good goods. Probable leaders could get; classes could crush ver                                      | Women                                              | maternity                                          |            5.04 |           11220.84 |      0.958416482408805
 AAAAAAAAEECEAAAA | Then slow years fix in a problems. Journals                                                                                                                                                              | Women                                              | maternity                                          |            8.93 |            1364.35 |        0.1165345489085
 AAAAAAAAEFICAAAA | Powers employ apparently under primary pounds. Front appointments must ap                                                                                                                                | Women                                              | maternity                                          |            0.21 |              765.5 |    0.06538439343970151
 AAAAAAAAEGHDAAAA | Difficult feet must exceed simple matters; empirical consequences may not establish subtle courses. Monthly advertisements try broad, genetic year                                                       | Women                                              | maternity                                          |            0.35 |            3526.44 |    0.30120723762442975
 AAAAAAAAEGLBAAAA | Immediate, recent authorities feel rare, national countries. Different metres find under a lights. Al                                                                                                    | Women                                              | maternity                                          |            1.22 |            1580.15 |    0.13496688346668104
 AAAAAAAAEGMBAAAA | Now front words p                                                                                                                                                                                        | Women                                              | maternity                                          |            1.83 |             3653.2 |     0.3120343123630536
 AAAAAAAAEHDAAAAA | Both nearby books should prov                                                                                                                                                                            | Women                                              | maternity                                          |            3.18 |           11651.27 |     0.9951812171811769
 AAAAAAAAELJCAAAA | Solutions may approve clearly typical, true attempts. Sound, good bacteria organise as well elegant, elaborate findings. British, moral houses create old americans. Open, individual gene               | Women                                              | maternity                                          |           66.11 |           13316.16 |      1.137386080399759
 AAAAAAAAELPBAAAA | Young, occasional points exist walls. Sensitive feet change alr                                                                                                                                          | Women                                              | maternity                                          |            2.26 |  970.0099999999999 |    0.08285240428536231
 AAAAAAAAEOCCAAAA | Close present trousers will become clearly machines. Key, professional measures comply smart, high employees. Vehicles create then old, national letters; days                                           | Women                                              | maternity                                          |            5.29 |            3966.07 |     0.3387577809136472
 AAAAAAAAEOLCAAAA | Main, mental parts need even cultural computers. Particular change                                                                                                                                       | Women                                              | maternity                                          |            0.35 |             833.28 |    0.07117375227359173
 AAAAAAAAEPCCAAAA | Specimens play for example recently different subjects. Numbers used to explain male, different dogs; natural vessels                                                                                    | Women                                              | maternity                                          |            6.28 |            6407.05 |     0.5472515715059955
 AAAAAAAAFFECAAAA | Full, southern arms start groups; systems might receive different methods. Green, worthy women cannot receive then perfect glasses. Either different supporters seem over in a appeals. The              | Women                                              | maternity                                          |            5.07 | 3286.6400000000003 |     0.2807249678049126
 AAAAAAAAFGNBAAAA | Jewish ways use today up to a issues; expected employees judge at all again othe                                                                                                                         | Women                                              | maternity                                          |            3.46 | 1443.3600000000001 |    0.12328310661675711
 AAAAAAAAFGPCAAAA | Free costs should not take childre                                                                                                                                                                       | Women                                              | maternity                                          |            3.79 |  5123.280000000001 |     0.4375996802374317
 AAAAAAAAFILBAAAA | Workers might realise accordingly estates; less real proposals must banish. Windows wish immediately towards a sales; domestic, capable children should not                                              | Women                                              | maternity                                          |             3.1 |            7673.35 |      0.655411280732245
 AAAAAAAAFJOAAAAA | Top, common disputes must provide technically. Major eyes examine; mothers used to help then national com                                                                                                | Women                                              | maternity                                          |            2.72 |            3134.21 |     0.2677053164763512
 AAAAAAAAFKLCAAAA | Cases cannot clinch. Angry feet win. Select                                                                                                                                                              | Women                                              | maternity                                          |            4.46 |  4963.700000000001 |    0.42396931902893065
 AAAAAAAAFMFDAAAA | Hot offices must appreciate then lands. Well only years rest. Undoubtedly different funds will not get never simple, proposed ministers. Cautious, other men would com                                   | Women                                              | maternity                                          |            0.49 |           24572.32 |      2.098819384201497
 AAAAAAAAGAIAAAAA | Local, wooden lines would treat brief weeks. Equivalent, large areas make only on a minutes. Right royal numbers know much recent winds. Presidential pupils shall not visit now at                      | Women                                              | maternity                                          |            2.19 |            4650.91 |    0.39725268359587473
 AAAAAAAAGBGBAAAA | Players would get almost dangerous adults. Southern problems will calculate in order just wild vehicles. However reluctant circumstances will know. Seriously larg                                       | Women                                              | maternity                                          |            3.29 |            3232.83 |     0.2761288421210584
 AAAAAAAAGGEDAAAA | Years must tell in the light of the officials. Profound costs ensure frequent stages. Future, happy fingers look so. Li                                                                                  | Women                                              | maternity                                          |           27.66 | 3558.3599999999997 |     0.3039336515220068
 AAAAAAAAGGIDAAAA | Colleagues will foster other, perfect performances. Competi                                                                                                                                              | Women                                              | maternity                                          |            2.45 |            6955.25 |     0.5940755094336824
 AAAAAAAAGGNDAAAA | Concepts go all right banks. Current mont                                                                                                                                                                | Women                                              | maternity                                          |            0.49 |             8441.1 |     0.7209878556026967
 AAAAAAAAGHNCAAAA | Other, poli                                                                                                                                                                                              | Women                                              | maternity                                          |           80.45 |            2114.21 |     0.1805830678695641
 AAAAAAAAGIGAAAAA | Blocks will not sit sure, serious fragm                                                                                                                                                                  | Women                                              | maternity                                          |            4.15 |             889.75 |    0.07599707911557729
 AAAAAAAAGJDBAAAA | Owners used to know very confident funds. Male members go immediately applicable, early are                                                                                                              | Women                                              | maternity                                          |            9.82 |            8110.45 |     0.6927457266793299
 AAAAAAAAGKAAAAAA | Bitter, new wounds cannot become things; spirits shall feel so much as at a policies. Rather only effects note naturally full arm                                                                        | Women                                              | maternity                                          |           36.53 |                  0 |                      0
 AAAAAAAAGLCAAAAA | Presently british theories will deal personal neighbours. Private, wooden asp                                                                                                                            | Women                                              | maternity                                          |            1.82 |            2375.58 |    0.20290771700520718
 AAAAAAAAGLPDAAAA | Difficult, old numbers must not turn so perhaps technological policies. More modern projects would explain political politicians. Dry, old calls could not say sharply. Soon charming stones invo        | Women                                              | maternity                                          |            1.64 |            4862.92 |    0.41536129921070314
 AAAAAAAAGNBDAAAA | Single, efficient lives call on a duties. Facilities should add especially families. Tru                                                                                                                 | Women                                              | maternity                                          |            3.14 |             489.68 |     0.0418255124487956
 AAAAAAAAGNLCAAAA | Clear children make too interesting, future applications. Stupid names dismiss so global calculations. Brief eyes shall add c                                                                            | Women                                              | maternity                                          |            8.97 |             493.38 |    0.04214154413491826
 AAAAAAAAGOJDAAAA | Just central friend                                                                                                                                                                                      | Women                                              | maternity                                          |            2.15 |            7142.71 |     0.6100872121041023
 AAAAAAAAGONCAAAA | Only leaders will not investigate. Little questions may not improve good presents. Stations wish currently large races. Positive yards c                                                                 | Women                                              | maternity                                          |            2.18 |            6917.34 |     0.5908374658604635
 AAAAAAAAGPNDAAAA | Likely lines could introduce effective, local sales. Communications ought to play academic sons. Deaths tell; standards can need certainly new lives. Schools go since; seriousl                         | Women                                              | maternity                                          |           63.16 |              354.4 |   0.030270710692397403
 AAAAAAAAHAFBAAAA | Expensive, political cloth                                                                                                                                                                               | Women                                              | maternity                                          |            2.06 |            9012.66 |     0.7698070638514176
 AAAAAAAAHBJCAAAA | Once prime instructions get once and for all. Naked employees object either very sufficient ye                                                                                                           | Women                                              | maternity                                          |            4.82 |            6317.93 |     0.5396394785689005
 AAAAAAAAHEEBAAAA | Ethical boxes choose as usual railways. Clear years go                                                                                                                                                   | Women                                              | maternity                                          |            8.11 |            2026.62 |     0.1731016583053793
 AAAAAAAAHHMCAAAA | Specimens consult recently. Only, advisory sales would spend only hardly new women. Procedures walk                                                                                                      | Women                                              | maternity                                          |            0.44 |             4512.8 |     0.3854561603065773
 AAAAAAAAHKLDAAAA | Steep, only forces shall not claim buyers. Away terrible members alter then goals. Fine, criminal cultures might not be                                                                                  | Women                                              | maternity                                          |            9.34 | 12949.699999999999 |     1.1060852772385403
 AAAAAAAAHPNCAAAA | Then international securities draw forward open, old properties. Chemicals should not produce single, other bodies. Existing customers                                                                   | Women                                              | maternity                                          |            4.97 |           13944.03 |     1.1910149492553899
 AAAAAAAAIBODAAAA | Seriously social tools could take quite impossi                                                                                                                                                          | Women                                              | maternity                                          |           90.26 |            2531.79 |    0.21625023313742897
 AAAAAAAAIGHBAAAA | Capable schools know plus a institutions. Interested, local levels might not test of course about central years. Secret, front details                                                                   | Women                                              | maternity                                          |            1.06 |            1679.19 |     0.1434262829784616
 AAAAAAAAIGKBAAAA | Persistently young hours might gain already political, open times. Other, excellent terms shall not lie there for a others. Terms should not cons                                                        | Women                                              | maternity                                          |            0.79 |            2155.86 |    0.18414055968767457
 AAAAAAAAIHCAAAAA | Active, civil metres might not s                                                                                                                                                                         | Women                                              | maternity                                          |            3.83 |            1124.73 |    0.09606765360344281
 AAAAAAAAIHMBAAAA | Similarly other efforts can enforce deliberately. Persistent visitors could constitute advantages. Comparative, whole women could want important, significant wo                                         | Women                                              | maternity                                          |            4.67 |  8771.380000000001 |     0.7491983813574514
 AAAAAAAAIIDBAAAA | Arms draw; eyes adopt later technological, low results. Commercial americans teach still; agreements may know pri                                                                                        | Women                                              | maternity                                          |            0.53 |            5577.61 |     0.4764058088742175
 AAAAAAAAIIGDAAAA | Long issues consent also old years. Parties would double christian, acceptable years. National roots shall not see; different keys must make wide dead services; certainly high governments              | Women                                              | maternity                                          |           84.56 |            7452.18 |       0.63652027315934
 AAAAAAAAIIPDAAAA | Single, christian grounds could not mean; mere voices spend below dr                                                                                                                                     | Women                                              | maternity                                          |            2.92 |           14479.17 |      1.236723380745033
 AAAAAAAAIJLAAAAA | Official, moral things slow now together sufficient areas. Personally powerful components used to indicate short. Rare developments give on a schools; only great s                                      | Women                                              | maternity                                          |            6.87 | 2249.5099999999998 |    0.19213957790534672
 AAAAAAAAILMDAAAA | Following words ought to cope please also present issues. There great conditions hang bitter ministers. Gi                                                                                               | Women                                              | maternity                                          |            7.18 |             7183.5 |     0.6135712479086816
 AAAAAAAAIMACAAAA | Trying, british angles cannot ship only earlier massive limits. Clear artists save before a months. Right g                                                                                              | Women                                              | maternity                                          |            3.35 |            4806.48 |     0.4105405347877942
 AAAAAAAAIMCDAAAA | Everyday, main effects may comment. Old, available ideas could drink hardly. Relevant resources roam very unique effects. Charming, proposed others help very white pupils. Partners shall look yea      | Women                                              | maternity                                          |           51.59 |            7186.48 |     0.6138257815369642
 AAAAAAAAIMMAAAAA | Prime camps will join again                                                                                                                                                                              | Women                                              | maternity                                          |            7.29 |             123.52 |   0.010550333478343474
 AAAAAAAAIMOBAAAA | Intently medical users commemorate existing, proposed fields. All main times shall mind then. Physical pilots visit anyway laws. French, certain schemes increase again definite                         | Women                                              | maternity                                          |            8.88 |           10120.16 |     0.8644030347651595
 AAAAAAAAINJBAAAA | Poor, old chapters aim highly about young years. Worse obvious costs might not prepare tonight multiple, united figures. Meanwhile sci                                                                   | Women                                              | maternity                                          |           65.28 | 7702.0199999999995 |     0.6578600992298494
 AAAAAAAAINLAAAAA | E                                                                                                                                                                                                        | Women                                              | maternity                                          |                 |  967.3000000000001 |    0.08262093242876978
 AAAAAAAAINPCAAAA | Great, important members might not show commercial, middle reactions. Solutions might not choose at all gold, average rules. Inv                                                                         | Women                                              | maternity                                          |            0.21 |  693.5799999999999 |    0.05924142077323079
 AAAAAAAAIONCAAAA | New towns cou                                                                                                                                                                                            | Women                                              | maternity                                          |            6.52 | 4415.8099999999995 |     0.3771718594317025
 AAAAAAAAIPCDAAAA | Clear turkish interests take. Female, general eyes will strengthen even only sensible years; afraid symptoms must not execute also. Confident stories look nations. Necessary,                           | Women                                              | maternity                                          |            9.92 |           10601.67 |     0.9055307150854085
 AAAAAAAAIPFAAAAA | Sure, cheerful flats introduce hands. Ancient demands would not go ever always oral tears. Products go in part then used factors. Parts expect most; techniques may stop fully black nations. V          | Women                                              | maternity                                          |            7.93 |            6187.96 |     0.5285382249890729
 AAAAAAAAIPJCAAAA | Person                                                                                                                                                                                                   | Women                                              | maternity                                          |            3.64 | 2021.0900000000001 |    0.17262931905557977
 AAAAAAAAJIMCAAAA | Numbers work cold consequences. Parties shall not believe thus blues. Extremely rare years complain. Yet occasional seasons show complicated considerations. Centres watch for the others. Furthermore   | Women                                              | maternity                                          |            3.11 |             894.18 |    0.07637546299923226
 AAAAAAAAJJBDAAAA | Men used to know days; happy books avoid really problems. Certain, new shelves used to substantiate so good times. Unfortunately available duties tra                                                    | Women                                              | maternity                                          |            3.95 |            4495.37 |    0.38396739482303194
 AAAAAAAAJKJDAAAA | Too foreign systems see however large-scale lists. Forward sports choose. Critical methods reduce long controls. Black, adult events collapse inevitable, new eyes; soon regular oth                     | Women                                              | maternity                                          |            6.73 |            5671.64 |     0.4844372844001942
 AAAAAAAAJNJDAAAA | Late, absolute                                                                                                                                                                                           | Women                                              | maternity                                          |             3.3 | 4049.6099999999997 |     0.3458932639024815
 AAAAAAAAJNMAAAAA | Considerable feet remember arbitrarily. Cultural, specialist children expect right. Other, dead years migh                                                                                               | Women                                              | maternity                                          |            5.16 |            7637.42 |     0.6523423568180863
 AAAAAAAAJNMDAAAA | Eastern doors get much beside the thousands; only com                                                                                                                                                    | Women                                              | maternity                                          |            8.34 |            2863.16 |    0.24455386011863586
 AAAAAAAAJNPDAAAA | Cells should reach now to a women. Actions fight never. Heavy goals transmit below then socia                                                                                                            | Women                                              | maternity                                          |            4.37 |            6156.26 |     0.5258306021647248
 AAAAAAAAKAFEAAAA | Subject rewards intimidate actions. Too powerful stations campaign to a parts; students throw at a doors. Further industrial relations may not tr                                                        | Women                                              | maternity                                          |            4.54 |            11850.2 |      1.012172618078577
 AAAAAAAAKBEBAAAA | Ideas used                                                                                                                                                                                               | Women                                              | maternity                                          |            7.41 |            9098.86 |     0.7771697479983833
 AAAAAAAAKBEEAAAA | Potential buildings must help constantly residents; great, accurate days should beat                                                                                                                     | Women                                              | maternity                                          |            2.18 |              433.6 |    0.03703549705480676
 AAAAAAAAKCDEAAAA | Strong, electronic ways used to apply pa                                                                                                                                                                 | Women                                              | maternity                                          |            96.2 |            1393.16 |    0.11899532536179562
 AAAAAAAAKDBCAAAA | Frequently noble passages find often p                                                                                                                                                                   | Women                                              | maternity                                          |            9.73 |            7129.44 |     0.6089537687325218
 AAAAAAAAKDCEAAAA | Foreign, young teams die somewhere respectable, specific writers. Results must occur more with the affairs. Political parents ought to manage particularly to a cities. Simply historic                  | Women                                              | maternity                                          |            9.88 |             4929.4 |    0.42103961988460425
 AAAAAAAAKDFEAAAA | Local, long women round rather certain doors. As natural cameras ought to cast extremely; of course southern years discuss crucially partners. New, local teachers sleep now s                           | Women                                              | maternity                                          |            5.67 |            6902.52 |     0.5895716308365884
 AAAAAAAAKEACAAAA | Dark, economic thanks will not use disastrous weeks. Grey firms will erect officers. New journalists describe short, western changes. Seconds will obstruct. Children ought to                           | Women                                              | maternity                                          |            3.86 | 16020.349999999999 |     1.3683616818311193
 AAAAAAAAKFFCAAAA | Prices know for a borders. True others give.                                                                                                                                                             | Women                                              | maternity                                          |            1.74 |             4544.1 |     0.3881296175432366
 AAAAAAAAKHOAAAAA | Physical, sick proposals hit surely pages. Yet inc rates may not walk almost pubs. Insufficient, key instructions might get ago. Quickly effective years carry necessarily. Features say. Left programm  | Women                                              | maternity                                          |            5.98 |            9855.96 |     0.8418366640966171
 AAAAAAAAKIAEAAAA | Waves refer actual contracts. Single, major ideas shall close either in a methods. Other, prime police would like. Principles become in the trends. Extra directors includ                               | Women                                              | maternity                                          |            5.77 |            7682.63 |     0.6562039223666283
 AAAAAAAAKINAAAAA | Clear, religious arms overcome yet everywhere positive bands. Western, difficult arrangements pro                                                                                                        | Women                                              | maternity                                          |            2.46 |            3573.31 |    0.30521059036188086
 AAAAAAAAKKBBAAAA | Locally different agencies let names. Backwards new jobs continue requirements.                                                                                                                          | Women                                              | maternity                                          |            3.19 | 1813.0500000000002 |     0.1548597968985641
 AAAAAAAAKLCAAAAA | Free questions underpin hardly resources; formerly sweet circles show bad, british unions. Normal women provide hours. Real, traditional documents might not let satis                                   | Women                                              | maternity                                          |            2.16 |            7639.66 |     0.6525336841091444
 AAAAAAAAKNAAAAAA | Then married players ought to hear years. Affairs agree once for the hundreds. Black, usual opportunities leave other, difficult mechanisms. Young studies cannot come fairly in a factors. Controvers   | Women                                              | maternity                                          |            3.86 |            1656.49 |    0.14148738587711449
 AAAAAAAAKNBCAAAA | Jewish, inc rights could see more so southern limits. Always formal ways can fear for the shares; sources retaliate                                                                                      | Women                                              | maternity                                          |            9.85 | 13520.779999999999 |     1.1548634867820344
 AAAAAAAAKODBAAAA | Main, essential environments can allow fairly streets. All blue others will furnish therefore difficu                                                                                                    | Women                                              | maternity                                          |            3.55 |             103.75 |   0.008861699306817806
 AAAAAAAAKOKDAAAA | Dangerous, national cards resist. Unique arms allow eyes. Also rigid parents must try common, similar police. Just new funds used to seek shoulder                                                       | Women                                              | maternity                                          |             3.8 |           11460.34 |     0.9788731280375554
 AAAAAAAAKOMBAAAA | Close artists will cover possible ranks. Open, flexible eggs may keep for example so subject contacts. Now demanding areas sell electronic examples. Far new actions will apply in th                    | Women                                              | maternity                                          |            1.16 |              117.7 |   0.010053224177469454
 AAAAAAAAKPFEAAAA | Girls shall believe b                                                                                                                                                                                    | Women                                              | maternity                                          |            9.05 |            1795.37 |    0.15334967792271312
 AAAAAAAAKPMAAAAA | Wives understand nicely small figures. Big facilities feel nevertheless rural, new eyes. Quite early prices can investigate changes; difficult engines can make golden lines. Faint                      | Women                                              | maternity                                          |           72.17 |            5001.57 |     0.4272039460433806
 AAAAAAAALACDAAAA | Legal, correct audiences promote; popular, key prices like male, traditional sports; historical, s                                                                                                       | Women                                              | maternity                                          |            9.74 |            2120.21 |    0.18109555168489813
 AAAAAAAALAHBAAAA | Single, acceptable discussions want dar                                                                                                                                                                  | Women                                              | maternity                                          |            4.92 |            2772.64 |    0.23682218762462962
 AAAAAAAALDIAAAAA | Later desperate layers must not think                                                                                                                                                                    | Women                                              | maternity                                          |           65.42 |             5365.8 |     0.4583142760532336
 AAAAAAAALENDAAAA | Living, available schemes will not let as excluding                                                                                                                                                      | Women                                              | maternity                                          |           97.35 |            2261.09 |    0.19312867166894143
 AAAAAAAALKHDAAAA | Arrangements deflect for a posts. Interesting periods help just crucial u                                                                                                                                | Women                                              | maternity                                          |            3.44 |            5410.67 |       0.46214680085224
 AAAAAAAALLJDAAAA | Only religious customers smell efficiently old papers. Immediate plates take studies. Alrea                                                                                                              | Women                                              | maternity                                          |            7.65 |            2231.08 |      0.190565398452579
 AAAAAAAALLPAAAAA | Ever true years mean else good farmers. Months scare right rigid, small things. Outer, important officers leave available, old letters. Fellow books can come throughout there keen co                   | Women                                              | maternity                                          |            3.83 | 3539.3500000000004 |     0.3023099319670902
 AAAAAAAALMHBAAAA | Detectives co                                                                                                                                                                                            | Women                                              | maternity                                          |            1.79 |            6936.02 |     0.5924329988055368
 AAAAAAAALMIDAAAA | Outside, popular animals want to a parents; main forms may lie more perfect numbe                                                                                                                        | Women                                              | maternity                                          |            5.18 |            9118.47 |     0.7788447159348333
 AAAAAAAALPFAAAAA | Ever                                                                                                                                                                                                     | Women                                              | maternity                                          |            7.99 | 1588.8700000000001 |    0.13571169327829985
 AAAAAAAAMAJCAAAA | Now considerable facts start quite kings; standards should credit solemnly students. Then simple crops know never b                                                                                      | Women                                              | maternity                                          |           24.65 |           11579.28 |     0.9890322655368606
 AAAAAAAAMAKBAAAA | Divine, regular workers help together gentle, reasonable effects. Only fit women meet separate                                                                                                           | Women                                              | maternity                                          |            2.24 |              114.8 |   0.009805523666724667
 AAAAAAAAMBEAAAAA | So easy clients ought to see so. Schools can extend; only candidates speak immediately sometimes                                                                                                         | Women                                              | maternity                                          |            1.75 |            8450.28 |      0.721771955840158
 AAAAAAAAMCHCAAAA | Wages correspond with a communities. New, funny criteria return just video-taped, other children. Good methods should direct often new individuals. F                                                    | Women                                              | maternity                                          |            4.91 |             1655.5 |    0.14140282604758436
 AAAAAAAAMEMAAAAA | Years sol                                                                                                                                                                                                | Women                                              | maternity                                          |            7.19 |             126.63 |   0.010815970922624953
 AAAAAAAAMFACAAAA | Exactly severe tracks shall like                                                                                                                                                                         | Women                                              | maternity                                          |            6.14 |            4144.41 |     0.3539905081847594
 AAAAAAAAMFPCAAAA | Eastern, new lips will rise well other areas; special, american points lie more large concern                                                                                                            | Women                                              | maternity                                          |            9.47 |            4897.85 |    0.41834480915563954
 AAAAAAAAMGFAAAAA | More small subjects get also good doubts. Odd families take perhaps liberal views. Different, coastal sentences ought to account for a reserves. French hands help also                                  | Women                                              | maternity                                          |            3.85 |            2825.96 |     0.2413764604635648
 AAAAAAAAMICEAAAA | Days might give so good years. Concerned democrats should use further too human rates; cars talk just effectively new girls; clie                                                                        | Women                                              | maternity                                          |            1.56 |            8214.09 |     0.7015980304495333
 AAAAAAAAMIKCAAAA | Equal policies improve then foreign, pre                                                                                                                                                                 | Women                                              | maternity                                          |               1 |  6708.590000000001 |     0.5730072997853001
 AAAAAAAAMKABAAAA | Possible plants must decide best. Predominantly dependent characteristics may feel really milit                                                                                                          | Women                                              | maternity                                          |            9.57 |            2197.87 |     0.1877288005347051
 AAAAAAAAMKDAAAAA | Weeks link however yet continuous days. Together planned changes hear ago educational, concerned events. Years ex                                                                                        | Women                                              | maternity                                          |           72.21 | 3078.6200000000003 |    0.26295715392728136
 AAAAAAAAMLAAAAAA | Different, capabl                                                                                                                                                                                        | Women                                              | maternity                                          |            5.13 |  9910.470000000001 |      0.846492579558927
 AAAAAAAAMLMCAAAA | Able, unknown prisoners would not make yet sales; opportunities reinforce fee                                                                                                                            | Women                                              | maternity                                          |            8.14 |  8108.110000000001 |     0.6925458579913496
 AAAAAAAAMNFCAAAA | Clever, german democrats remember also outstanding officers. Areas could share hence now past workers. Other, concerned voters could not remember there noble ideas; h                                   | Women                                              | maternity                                          |            0.99 |             789.21 |    0.06740955864996319
 AAAAAAAAMPBBAAAA | Always certain eyes would need best authorities. Talks could drive central, russian systems; frequent colleges tak                                                                                       | Women                                              | maternity                                          |            0.09 |            8705.49 |     0.7435704549253913
 AAAAAAAAMPNDAAAA | Spatial, minute reports get easily on a teachers. Directly dreadful firms might not interview much. Present, social authorities will                                                                     | Women                                              | maternity                                          |            6.03 | 1109.8200000000002 |    0.09479413132233773
 AAAAAAAAMPOAAAAA | Formerly thorough lines work between a plans. Mathematical                                                                                                                                               | Women                                              | maternity                                          |           70.37 |            6091.15 |     0.5202692986286581
 AAAAAAAAMPODAAAA | Favorite plants like anyway true, traditional witnesses; powerful companies shall not reflect on a curtains.                                                                                             | Women                                              | maternity                                          |            1.16 |            1343.42 |    0.11474683453267641
 AAAAAAAANBMCAAAA | Commercial visitors may note men. Internal, prospective fires acknowledge directly                                                                                                                       | Women                                              | maternity                                          |             3.5 |            9951.53 |     0.8499996771351963
 AAAAAAAANCICAAAA | Women shall not assist yet young differences. Artists pick famous voices. Electronic, unemployed fragments function into a drinks. Co                                                                    | Women                                              | maternity                                          |            4.86 |            8491.91 |     0.7253277393788838
 AAAAAAAANEEEAAAA | Women would                                                                                                                                                                                              | Women                                              | maternity                                          |            8.55 |            1212.13 |    0.10353283451347536
 AAAAAAAANGADAAAA | Terms will not make unfortunately. Just complete organisations learn closely beyond a forms. Significant words sho                                                                                       | Women                                              | maternity                                          |            1.81 |            8905.33 |     0.7606395825347838
 AAAAAAAANGGDAAAA | Involved, efficient women go. Much musical males shall communicate. Regular officers deal massively concerned policies; far underlying properties will delegate immediately in the eyes. Levels get opp  | Women                                              | maternity                                          |            3.63 |            3816.02 |    0.32594141483183503
 AAAAAAAANHFAAAAA | There criminal kids convert extra, poor proposals; long, national buses calm again. Common, social studies                                                                                               | Women                                              | maternity                                          |            1.41 |              264.6 |    0.02260053625623125
 AAAAAAAANJPAAAAA | Isolated, permanent horses might not seem great examples. Free communications sho                                                                                                                        | Women                                              | maternity                                          |            3.97 |             5809.4 |    0.49620391280026377
 AAAAAAAANLABAAAA | Events see bodies. Links cry about findings. Turkish years hide badly tiny groups. Subsidies speak as a effects. Appeal                                                                                  | Women                                              | maternity                                          |            1.83 |            7140.06 |     0.6098608650856632
 AAAAAAAAOBBBAAAA | Severely other agencies would attract. Preliminar                                                                                                                                                        | Women                                              | maternity                                          |            4.09 |  5066.110000000001 |     0.4327165636169905
 AAAAAAAAOBICAAAA | Creative,                                                                                                                                                                                                | Women                                              | maternity                                          |            1.85 |           10109.07 |     0.8634557938464837
 AAAAAAAAOCDDAAAA | In general large months should expand courses. Only good consequences need here eyes. Yet large lines sleep young workers. Average, gold girls get human, added teams. Specific, mental r                | Women                                              | maternity                                          |            4.85 |            6483.56 |     0.5537865942911967
 AAAAAAAAODFAAAAA | Surprised, compulsory men may not buy as stores. Widely thin uni                                                                                                                                         | Women                                              | maternity                                          |           10.09 |            2143.15 |    0.18305494813885861
 AAAAAAAAODKBAAAA | Then arab thousands must try only glad, formal systems. Competent industries broadcast. Still old boys could look high. Lists fit possible, specified men. Wil                                           | Women                                              | maternity                                          |            1.25 | 10250.310000000001 |     0.8755196628594472
 AAAAAAAAOEDEAAAA | Major, normal eyes understand yesterday in the toys. Civil attempts arrest thick regular, local conditions. Never russian expenses would not try yesterday. Wrong jobs hear national ele                 | Women                                              | maternity                                          |             0.5 |            2025.98 |      0.173046993365077
 AAAAAAAAOFJBAAAA | Sexual birds used to provide. African products must describe instead. Blue, acute trusts used to say often grateful teachers. For exampl                                                                 | Women                                              | maternity                                          |            7.65 |               7795 |     0.6658018900881427
 AAAAAAAAOFLBAAAA | Calls shall see. Difficult systems cannot promote. Primary techniques shall not read ahead sure open relations. British m                                                                                | Women                                              | maternity                                          |            1.54 |             450.16 |    0.03844995238512871
 AAAAAAAAOGFAAAAA | Above different languages would admin                                                                                                                                                                    | Women                                              | maternity                                          |            0.73 | 12647.229999999998 |     1.0802501139678589
 AAAAAAAAOIEAAAAA | Nervous applications argue. Likely eyes talk as. Greatly alone problems g                                                                                                                                | Women                                              | maternity                                          |            1.46 |            17200.2 |     1.4691373534180978
 AAAAAAAAOIEDAAAA | Materials decline probably much passive times. Past, joint coins search differently civil lines; questions will leave with a relations. Final, coloured g                                                | Women                                              | maternity                                          |            9.92 |              411.6 |    0.03515638973191527
 AAAAAAAAOIFCAAAA | Quite long applications should not try b                                                                                                                                                                 | Women                                              | maternity                                          |            0.85 |            3487.58 |     0.2978880507804496
 AAAAAAAAOIGDAAAA | New proportions shoulder that. Equal, close grounds sleep pale, large-scale patients. Main drugs                                                                                                         | Women                                              | maternity                                          |            4.29 |            1358.23 |    0.11601181541685927
 AAAAAAAAOIHAAAAA | Generally mediterranean kids must write immediately simple, kee                                                                                                                                          | Women                                              | maternity                                          |            1.01 | 3615.5499999999997 |    0.30881847642183247
 AAAAAAAAOIOCAAAA | New, leading factors determine roughly                                                                                                                                                                   | Women                                              | maternity                                          |             1.6 |            7189.28 |     0.6140649406507868
 AAAAAAAAOKDBAAAA | Rarely effective offices respond yet small, true circumstances. There major knees use regions. Method                                                                                                    | Women                                              | maternity                                          |            3.68 |            7318.07 |     0.6250654057469319
 AAAAAAAAOLNDAAAA | Holidays pretend dou                                                                                                                                                                                     | Women                                              | maternity                                          |            3.95 |            4576.01 |    0.39085517730112146
 AAAAAAAAONFAAAAA | Nice travellers might catch best only significant values. Direct, poor bombs would run                                                                                                                   | Women                                              | maternity                                          |            5.18 |            3011.45 |     0.2572198976146167
 AAAAAAAAONODAAAA | Officials mean to a fields; massive ways speak increasingly flowers. Bright, other citizens secure old cells. Countries coul                                                                             | Women                                              | maternity                                          |            8.07 | 14788.410000000002 |       1.26313679658735
 AAAAAAAAOOGAAAAA | Linguistic, tiny intervals would divide twice. Critically hot houses could pay yellow, british letters.                                                                                                  | Women                                              | maternity                                          |            4.79 |            8263.77 |     0.7058413964404991
 AAAAAAAAOOPAAAAA | Pockets withdraw more. Thus suitable lakes can avoid often again very sources. Results acquire individuals. Available ears should not meet new, old factors. Games would not b                           | Women                                              | maternity                                          |            1.59 | 1756.8500000000001 |    0.15005953182826856
 AAAAAAAAOPBBAAAA | Continually various races must remember however personal professional techniques. Recent, able objectives used to take significantly royal, financial questions; now p                                   | Women                                              | maternity                                          |            3.62 | 3039.4700000000003 |     0.2596131970322267
 AAAAAAAAPCDCAAAA | Instead late arms can pay aware problems. Really large newspaper                                                                                                                                         | Women                                              | maternity                                          |            0.87 |             6308.4 |     0.5388254834422116
 AAAAAAAAPEKCAAAA | I                                                                                                                                                                                                        | Women                                              | maternity                                          |            3.63 | 15172.080000000002 |      1.295907574158885
 AAAAAAAAPFJCAAAA | Distinctly coming areas might concern again against the practitioners. Violent directors look comparatively blank benefits. Interesting,                                                                 | Women                                              | maternity                                          |            3.32 |  4951.679999999999 |    0.42294264311887797
 AAAAAAAAPKFBAAAA | Love                                                                                                                                                                                                     | Women                                              | maternity                                          |             0.6 |  5445.110000000001 |     0.4650884579522574
 AAAAAAAAPLFDAAAA | Industrial pounds say joint backs. Rats used to like once american studen                                                                                                                                | Women                                              | maternity                                          |            2.05 | 3334.8599999999997 |    0.28484362940081376
 AAAAAAAAPLOAAAAA | Relevant examinations shoot al                                                                                                                                                                           | Women                                              | maternity                                          |           36.88 |              118.2 |   0.010095931162080624
 AAAAAAAAPLODAAAA | Women call all central, relative prospects. Generally whole rebels may make hard positive problems. Humans prove just unlik                                                                              | Women                                              | maternity                                          |            7.68 |            6224.24 |     0.5316370437924595
 AAAAAAAAPOHBAAAA | Drugs could involve even religious prisoners. Open applications th                                                                                                                                       | Women                                              | maternity                                          |            4.06 |            7066.66 |     0.6035914797447434
 AAAAAAAAPPABAAAA | Opinions ought to support almost services. Only, special premises overturn to the rules. Expected, literary centres offer lines. Simply local spots ought t                                              | Women                                              | maternity                                          |            1.85 |            7766.82 |     0.6633949244354571
 AAAAAAAAAALAAAAA | Commercial, financial judges must not make at all internationally dangerous words; future children could not draw terribly men. Special parts may not stop highly general, likely children.              | Women                                              | swimwear                                           |            4.61 | 393.70000000000005 |   0.030917069464828206
 AAAAAAAAACADAAAA | Vividly foreign issues press perhaps now obvious stands. Funds would no                                                                                                                                  | Women                                              | swimwear                                           |            3.82 | 5530.1900000000005 |    0.43428313026085413
 AAAAAAAAADGBAAAA | Children let english                                                                                                                                                                                     | Women                                              | swimwear                                           |            2.75 |            3353.91 |     0.2633809206217474
 AAAAAAAAADNDAAAA | Deposits shall move vocational circles; political details start however by a groups. Attacks shall refer social, competitive specialists. Local, pregnant children may convert quietly somewhat vali     | Women                                              | swimwear                                           |            3.49 |            6132.65 |    0.48159402096387777
 AAAAAAAAAEEAAAAA | Papers make normally variabl                                                                                                                                                                             | Women                                              | swimwear                                           |            1.92 |            5092.88 |     0.3999413887123044
 AAAAAAAAAFEBAAAA | Raw                                                                                                                                                                                                      | Women                                              | swimwear                                           |            7.54 | 4298.9400000000005 |     0.3375936667643601
 AAAAAAAAAFNCAAAA | Tory women ensure fully. Safe mammals should know black, brave needs. Associated, apparent cases notice hard results; eventual, joint words know on the thoughts. Ol                                     | Women                                              | swimwear                                           |            3.15 |            3070.73 |    0.24114293298890502
 AAAAAAAAAGKDAAAA | Long-term, principal corporations used to continue just essential, full findings. Too reliable benefits should not develop finally. However old pa                                                       | Women                                              | swimwear                                           |             0.3 |  910.0699999999999 |    0.07146735435066345
 AAAAAAAAAHGBAAAA | Types protect deep, new readers. Also young women pick really at a groups. So regular earnings survive still level facilities. Fingers see increasingly pp.. Right costs remember; vital commun          | Women                                              | swimwear                                           |            53.2 |             175.41 |   0.013774861962980733
 AAAAAAAAALLDAAAA | Symptoms might put more. Just desirable trusts may see low, new goods; young houses shall not grow recent, new inches. There european flowers develop legally. Hard,                                     | Women                                              | swimwear                                           |             1.8 |             3455.7 |     0.2713744398008809
 AAAAAAAAANKCAAAA | Civil, automatic changes might find most other, wide situations; scientific, real numbers revise neve                                                                                                    | Women                                              | swimwear                                           |            4.92 |             6478.4 |     0.5087456002563958
 AAAAAAAAAOFBAAAA | Together single measures spoil poor states. Protests should not kiss more after a groups. Levels used to fit still civil laws. Extremely familiar conditions hear. Extern                                | Women                                              | swimwear                                           |            1.99 |            6801.27 |     0.5341004242800409
 AAAAAAAAAOGDAAAA | Small practices should plant to a skills; major relatives might not hear therefore acceptable benefits. In order electoral tickets benefit actual, old numbers. Important, only ac                       | Women                                              | swimwear                                           |            3.34 |             1641.5 |    0.12890619640974216
 AAAAAAAAAOODAAAA | Then national fears might get national costs. Too european requirements make merely abo                                                                                                                  | Women                                              | swimwear                                           |            4.87 |               4.17 | 0.00032746807129370995
 AAAAAAAAAPEBAAAA | Following children find in public to the agents. Sets may take later. Far others see prom                                                                                                                | Women                                              | swimwear                                           |            4.08 |            1111.68 |    0.08729968956733608
 AAAAAAAABAECAAAA | Badly reasonable choices can breed away northern girls. Hands might take also posts. Usefu                                                                                                               | Women                                              | swimwear                                           |            5.93 | 4081.0199999999995 |     0.3204805151825074
 AAAAAAAABBBBAAAA | Negotiations cannot make more guidelines. Responses disclose in the difficulties. Quite secret conditions argue so simple proposals. Volunteers could not see leading groups; retail                     | Women                                              | swimwear                                           |            1.07 |             728.96 |    0.05724487416073448
 AAAAAAAABGCBAAAA | Rural courts remain only for the couples. Masses keep clearly joint, vital interactions. Lines could not exert. Fair pieces should see only. New, new pilots                                             | Women                                              | swimwear                                           |           36.61 |            5670.62 |     0.4453110298416157
 AAAAAAAABHIAAAAA | Gastric, free differences sell stocks. Hard, new others may not deserve extremely from the wounds                                                                                                        | Women                                              | swimwear                                           |            2.64 | 12577.439999999999 |     0.9877002442715488
 AAAAAAAABHJCAAAA | Customs might not come instead; french, maximum plans find now precise, high criteria. Far other leaders practice more african hands. Just social mou                                                    | Women                                              | swimwear                                           |            2.71 |            2431.68 |     0.1909586473869277
 AAAAAAAABIEAAAAA | Merely rough comments visit around only, easy police. Original feet help great areas. Actions happen correctly a                                                                                         | Women                                              | swimwear                                           |            0.21 |            6221.28 |     0.4885540917453553
 AAAAAAAABILCAAAA | Dead, different teachers meet opportunities. Medical values would explain isolated publications. Awards step;                                                                                            | Women                                              | swimwear                                           |               3 |                    |                       
 AAAAAAAABJADAAAA | Following, big stations would cope over including a days. Still previous systems look so democratic, formal types; cases must see certainly regions. Neither moving tears f                              | Women                                              | swimwear                                           |            0.78 |            2052.96 |    0.16121795003432488
 AAAAAAAABKBBAAAA | Naked interests would see then at a implications. Walls might stimulate centr                                                                                                                            | Women                                              | swimwear                                           |            8.05 |            2483.81 |     0.1950523909256666
 AAAAAAAABKCDAAAA | Friendly groups would not suppress restaurants; employers want in particular fairly able pr                                                                                                              | Women                                              | swimwear                                           |            6.23 | 12309.730000000001 |     0.9666771082125469
 AAAAAAAABOHDAAAA | Atomic, redundant flowers will say most brown, suitable savings; public, other days acquire;                                                                                                             | Women                                              | swimwear                                           |            7.68 |           15093.94 |     1.1853197649935203
 AAAAAAAACAFAAAAA | Influential, able photographs aid much never used goods. Positive, other firms must emulate real values; coins chase of course. Full passengers issue cases. Authorities go                              | Women                                              | swimwear                                           |            0.87 |           10449.23 |     0.8205729483463723
 AAAAAAAACBHAAAAA | Reasonably strong problems cope similar, enormous savings. New tales must slip more english, exact observers.                                                                                            | Women                                              | swimwear                                           |            8.48 | 16027.420000000002 |     1.2586254952552118
 AAAAAAAACCCBAAAA | Books help for a words. Used, great injuries may not give for example also open bones; concerned, great concentrations store. Main, dark managers can simulate there                                     | Women                                              | swimwear                                           |            2.44 |            3701.61 |     0.2906856324655898
 AAAAAAAACFPAAAAA | Real groups can give wildly long heads. Recommendations should believe sole friends. More enormous computers used to let more to the needs. Strictly tiny buildings admit                                | Women                                              | swimwear                                           |             0.4 |             215.67 |   0.016936460176478277
 AAAAAAAACGCEAAAA | Supre                                                                                                                                                                                                    | Women                                              | swimwear                                           |            0.49 |            3565.28 |      0.279979703890177
 AAAAAAAACIHAAAAA | Yesterday important schemes shall make very n                                                                                                                                                            | Women                                              | swimwear                                           |           44.45 |            2664.27 |    0.20922382693182076
 AAAAAAAACIKDAAAA | Sick, final groups buy. Tales come large measure                                                                                                                                                         | Women                                              | swimwear                                           |            6.82 |            1901.89 |    0.14935449642992663
 AAAAAAAACINAAAAA | Endless proposals would feel only to the eyes. Failures free once more effects. Maximum, agricultural refugees bring anyway electoral years. Grey, sovie                                                 | Women                                              | swimwear                                           |            0.74 |            6280.97 |     0.4932415184061519
 AAAAAAAACINCAAAA | Ultimately kno                                                                                                                                                                                           | Women                                              | swimwear                                           |            3.73 |              66.08 |   0.005189230252059557
 AAAAAAAACIOCAAAA | Consumers mend now regulatory minutes. Good locations cause various, political trousers; things catch quite. Overall political amounts will n                                                            | Women                                              | swimwear                                           |            2.64 |           11044.36 |     0.8673082177154432
 AAAAAAAACKACAAAA | Still legal animals must imagine; families                                                                                                                                                               | Women                                              | swimwear                                           |            2.36 |            6734.78 |     0.5288789969274464
 AAAAAAAACKBBAAAA | Good, practical gentlemen shall like for a others. Intensive forms impart. All early years ought to shape r                                                                                              | Women                                              | swimwear                                           |            0.23 |               5.18 | 0.00040678287992839746
 AAAAAAAACKCCAAAA | However british differences play somehow; optimistic, bad measures would make notably s                                                                                                                  | Women                                              | swimwear                                           |            6.91 |            6978.05 |     0.5479828716765162
 AAAAAAAACLJDAAAA | Varieties insist trusts; heavy, loyal                                                                                                                                                                    | Women                                              | swimwear                                           |           31.45 |             569.25 |    0.04470292555969889
 AAAAAAAACLMBAAAA | As great employees cope single, pure elements. Able babies may not go for a consequences; animals may not learn in the scientists. Powers could giv                                                      | Women                                              | swimwear                                           |            1.87 |            2217.65 |    0.17415097561258894
 AAAAAAAACMCDAAAA | National, urban homes create then dull weeks. New, old weeks might control more social companies. Suitable sp                                                                                            | Women                                              | swimwear                                           |            1.27 |            1817.76 |    0.14274780845919763
 AAAAAAAACMECAAAA | Systems go significant eyebrows. New futures will not reveal terms. British, actual states might induce to a hospitals. Long profits will opt substanti                                                  | Women                                              | swimwear                                           |            2.65 |  9298.099999999999 |     0.7301752694714734
 AAAAAAAACNFCAAAA | Video-taped problems would not leave extremely beneath a services. Wide lists might get more once again medical diffic                                                                                   | Women                                              | swimwear                                           |            3.68 |            6292.31 |    0.49413204308923836
 AAAAAAAACNJBAAAA | That is new times question spanish,                                                                                                                                                                      | Women                                              | swimwear                                           |            1.07 |            8690.79 |     0.6824835106279764
 AAAAAAAACOFCAAAA | Objects must not bring always months. Different matters could not maintain successfully workers. Experiences could not enable for a flowers. Fairly occasional consider                                  | Women                                              | swimwear                                           |           16.98 |            1356.04 |    0.10648916148612048
 AAAAAAAACPOAAAAA | Certainly economic reserves go deeply about a days. Gift                                                                                                                                                 | Women                                              | swimwear                                           |            2.13 |             4810.2 |    0.37774266583621186
 AAAAAAAADAEDAAAA | Special, new neighbours pay merely. British, chinese corpora                                                                                                                                             | Women                                              | swimwear                                           |           32.53 |  6470.070000000001 |     0.5080914494089435
 AAAAAAAADAGEAAAA | Likely months finish then only other decisions. Apart various reasons sort anyway others. Equal                                                                                                          | Women                                              | swimwear                                           |            2.55 |            8607.01 |     0.6759043079869722
 AAAAAAAADBCEAAAA | Amounts appear then cultural places; payments must                                                                                                                                                       | Women                                              | swimwear                                           |            6.34 | 19649.109999999997 |      1.543035049001906
 AAAAAAAADEDDAAAA | Even old questions allow other, glad schemes. Year                                                                                                                                                       | Women                                              | swimwear                                           |             8.2 |             2204.3 |     0.1731026066073681
 AAAAAAAADFBEAAAA | Endless, complicated times must not come never reasonable sales. Remarkable charts carry almost then national years. Jus                                                                                 | Women                                              | swimwear                                           |             0.1 |  6422.090000000001 |     0.5043236033512283
 AAAAAAAADHGAAAAA | Fully new poems generate most other, good views. Stars used to ignore just almost li                                                                                                                     | Women                                              | swimwear                                           |            8.62 |             1836.1 |    0.14418803973678196
 AAAAAAAADHLBAAAA | Short, only meetings allow. Pro                                                                                                                                                                          | Women                                              | swimwear                                           |            9.19 |            8860.36 |     0.6957997602321189
 AAAAAAAADHPAAAAA | Funds cannot knock extremely                                                                                                                                                                             | Women                                              | swimwear                                           |            3.12 | 3777.3500000000004 |    0.29663345781805645
 AAAAAAAADIACAAAA | Prices make much sufficient countries. Here annual talks want at the windows. Today le                                                                                                                   | Women                                              | swimwear                                           |           92.37 |               7037 |      0.552612186497323
 AAAAAAAADMNDAAAA | Liable, united planes can say more pink ways. Rapid goals draw specifically closely soc                                                                                                                  | Women                                              | swimwear                                           |            6.65 |            3422.96 |    0.26880338352890104
 AAAAAAAADNDDAAAA | Remaining spirits meet; significant attempts ought to give more special words. Light, future forces will get to the police. Finally diverse results cannot refer broad, independent tests. Able,         | Women                                              | swimwear                                           |            9.33 |            3223.75 |    0.25315951914462764
 AAAAAAAADONBAAAA | Trying, seni                                                                                                                                                                                             | Women                                              | swimwear                                           |            4.35 |             970.88 |    0.07624273406657964
 AAAAAAAAEANCAAAA | More possible cities can offer whole courses. N                                                                                                                                                          | Women                                              | swimwear                                           |           16.91 |  7816.400000000001 |     0.6138180893189819
 AAAAAAAAEBKBAAAA | Others master very by a quantities. Police raise red areas. Figures build national, dominant drugs. Mutual fingers should consi                                                                          | Women                                              | swimwear                                           |             2.4 |             134.82 |    0.01058734901002829
 AAAAAAAAECDBAAAA | Technical children must not complete seldom partial troubles; only modern changes would not sleep please coloured, great arms. Trees try metropolitan                                                    | Women                                              | swimwear                                           |            4.72 |             892.77 |     0.0701087937671188
 AAAAAAAAECDEAAAA | Small words supply central bars. Married, official railways sleep days. Most genuine grounds shal                                                                                                        | Women                                              | swimwear                                           |            0.99 |             1120.2 |    0.08796876102235344
 AAAAAAAAECNDAAAA | National, retail plants ought to determine there left patients; h                                                                                                                                        | Women                                              | swimwear                                           |            3.41 |            3607.52 |    0.28329679054040396
 AAAAAAAAEFLCAAAA | Molecular, old conditions must choose centuries. Methods must not start rather real expenses. Things fight then on a makers. Obvious stra                                                                | Women                                              | swimwear                                           |            51.3 | 22500.610000000004 |     1.7669619567462744
 AAAAAAAAEFOCAAAA | Members turn se                                                                                                                                                                                          | Women                                              | swimwear                                           |            0.61 |  8176.280000000001 |     0.6420792906372506
 AAAAAAAAEHACAAAA | Special, happy systems would find as individuals. Mountains must lea                                                                                                                                     | Women                                              | swimwear                                           |            2.08 | 3716.1499999999996 |     0.2918274515918753
 AAAAAAAAEHLDAAAA | Little lines solve forces. Tired, free members try only stupid voters. Cases must not use normally critical, different quantities. However other things would park to                                    | Women                                              | swimwear                                           |            1.65 |            7721.49 |     0.6063648531927263
 AAAAAAAAEHMDAAAA | Interests remember immediate others. Tender cases remem                                                                                                                                                  | Women                                              | swimwear                                           |            1.06 |             274.08 |   0.021523369059995207
 AAAAAAAAEJHDAAAA | Premise                                                                                                                                                                                                  | Women                                              | swimwear                                           |           80.46 |             2141.5 |     0.1681709531595875
 AAAAAAAAEKEEAAAA | Pr                                                                                                                                                                                                       | Women                                              | swimwear                                           |            3.26 |            2191.59 |      0.172104496490787
 AAAAAAAAEKFBAAAA | Individual units cannot design abstract, soviet degrees. Public defendants might listen eas                                                                                                              | Women                                              | swimwear                                           |            2.33 |  7322.780000000001 |     0.5750543508652647
 AAAAAAAAEKMAAAAA | Away plain weeks work partially married bu                                                                                                                                                               | Women                                              | swimwear                                           |            6.71 |            1599.98 |    0.12564565100923503
 AAAAAAAAENHBAAAA | Front functions remember interesting, na                                                                                                                                                                 | Women                                              | swimwear                                           |            3.09 |            1531.86 |     0.1202962205496361
 AAAAAAAAENMDAAAA | Now necessary benefits may defend. Local companies acquire. More payable libraries run then mere,                                                                                                        | Women                                              | swimwear                                           |            5.73 |  878.8900000000001 |    0.06901880411974311
 AAAAAAAAENNBAAAA | Leaders sound more public, common bills. Hands manage close. Now environmental causes try public others. Honours win sooner physical feelings. Ways s                                                    | Women                                              | swimwear                                           |           21.46 |            1349.04 |    0.10593945489162265
 AAAAAAAAEPPAAAAA | More than specific jobs                                                                                                                                                                                  | Women                                              | swimwear                                           |            7.64 |            10444.2 |      0.820177944893469
 AAAAAAAAFCIBAAAA | Past subjects will not proceed for a voices. Annual holidays o                                                                                                                                           | Women                                              | swimwear                                           |            0.96 |           10966.19 |     0.8611695656451724
 AAAAAAAAFFPDAAAA | Controls shall want into the wages. New cases                                                                                                                                                            | Women                                              | swimwear                                           |           58.87 |            1049.16 |    0.08239002438333544
 AAAAAAAAFGGCAAAA | Doctors would not know gradually in a loans. Parties may go better for example royal seeds; complicated interpre                                                                                         | Women                                              | swimwear                                           |            6.99 |           15729.91 |     1.2352621796939187
 AAAAAAAAFIHCAAAA | Prices return significantly eyes. Main c                                                                                                                                                                 | Women                                              | swimwear                                           |            8.67 |            1011.24 |    0.07941218523142715
 AAAAAAAAFJMCAAAA | Young, individual scientists will say moderately. Western trials see simila                                                                                                                              | Women                                              | swimwear                                           |             0.8 |            7810.12 |     0.6133249239742038
 AAAAAAAAFLKCAAAA | Forms need relatively windows. States focu                                                                                                                                                               | Women                                              | swimwear                                           |            6.74 |               6.45 |  0.0005065153620730045
 AAAAAAAAFMJCAAAA | At all light food                                                                                                                                                                                        | Women                                              | swimwear                                           |            0.16 |            2821.37 |    0.22156081350262216
 AAAAAAAAFMMCAAAA | Clients shall help days. Much following ambitions shall support never to a resourc                                                                                                                       | Women                                              | swimwear                                           |            1.61 |            1688.61 |     0.1326057217907126
 AAAAAAAAFMODAAAA | Christian, contemporary governments express obviously easy, grateful wor                                                                                                                                 | Women                                              | swimwear                                           |            9.67 |           13365.51 |     1.0495869979752501
 AAAAAAAAFOJDAAAA | Ingredients can let away positive, political sessions. Times would match long as nice componen                                                                                                           | Women                                              | swimwear                                           |             2.1 |            7871.45 |     0.6181411390371399
 AAAAAAAAFPHBAAAA | Economic years recognise really for a shadows. Situations work makers. Within unexpected officers sweep forward in a prayers. Necessary friends might make somehow; alone, soft serv                     | Women                                              | swimwear                                           |            8.71 |            7657.87 |     0.6013688055438758
 AAAAAAAAGAGBAAAA | Used, medical explanations shall kill from the instruments                                                                                                                                               | Women                                              | swimwear                                           |             0.7 |            1431.18 |    0.11238986913048724
 AAAAAAAAGANDAAAA | Spanish, numerous women can stand ahead resources. Enough british weeks believe inc purposes. Extended, old actions cannot test sometimes due eyes. Numerous, past changes decide e                      | Women                                              | swimwear                                           |            1.14 |            10335.1 |     0.8116103749706526
 AAAAAAAAGCBEAAAA | Needs make already great networks; international disciplines seem more more present hands. Writers could press large, fatal hands. Fairly                                                                | Women                                              | swimwear                                           |            1.66 |           13311.14 |     1.0453173483262719
 AAAAAAAAGCLDAAAA | White, black parameters publish. Much                                                                                                                                                                    | Women                                              | swimwear                                           |            79.5 |             9765.3 |     0.7668642581785288
 AAAAAAAAGDEBAAAA | Students will follow just mental, prime pounds. Bi                                                                                                                                                       | Women                                              | swimwear                                           |            3.05 |            7766.28 |     0.6098821901023773
 AAAAAAAAGEECAAAA | Fairly leading firms consider of course on the tests; visitors can extend however similarly early teams. Historical championships reduce indeed. As engl                                                 | Women                                              | swimwear                                           |            1.74 |            3938.31 |     0.3092735683109666
 AAAAAAAAGEGDAAAA | Later different pools will not sit twice. Generally mai                                                                                                                                                  | Women                                              | swimwear                                           |            3.39 |            1583.61 |    0.12436012287324508
 AAAAAAAAGFCAAAAA | Men speak ethical concepts. Right good responsibilities become over less social occasions. Colours could not match charges. Current, wide attempts sing respectively. Me                                 | Women                                              | swimwear                                           |           41.57 |             587.65 |     0.0461478686080932
 AAAAAAAAGFCBAAAA | Local cups participate normal boys. There easy securities ou                                                                                                                                             | Women                                              | swimwear                                           |            4.61 |             155.19 |   0.012186995200016988
 AAAAAAAAGFMDAAAA | Easy single humans accommodate national, public systems. Services make possibilities. Romant                                                                                                             | Women                                              | swimwear                                           |            0.37 |            7978.87 |     0.6265767793772766
 AAAAAAAAGGHBAAAA | Weeks should not indicate more than always expensive reports. Common, influential forests provide difficulties. Walls might handle p                                                                     | Women                                              | swimwear                                           |            2.96 |            5033.22 |    0.39525631793691285
 AAAAAAAAGGHDAAAA | Now full banks look pages. Men must say individually by a bases. Professional facilities must knock. Intense, natural tenants woul                                                                       | Women                                              | swimwear                                           |            3.44 |               1599 |    0.12556869208600532
 AAAAAAAAGJBEAAAA | Per annum positive actions find away. Civil bodies could tell injuries. National systems used to happen. To                                                                                              | Women                                              | swimwear                                           |           50.52 |            6057.73 |    0.47571058981248093
 AAAAAAAAGJDEAAAA | Profits oppose further narrow stores. Architects shall face. Strictly single years used to say senior, primar                                                                                            | Women                                              | swimwear                                           |            2.67 |            6724.05 |     0.5280363752475948
 AAAAAAAAGJLCAAAA | Difficult elections move duly general seconds. Available doctors happen. Nasty, expected matters may appropriate                                                                                         | Women                                              | swimwear                                           |            8.58 |  7010.279999999999 |     0.5505138778966111
 AAAAAAAAGJMBAAAA | Full cattle fade shortly. Journalists produce brightly pri                                                                                                                                               | Women                                              | swimwear                                           |            0.68 | 10822.619999999999 |     0.8498950833920218
 AAAAAAAAGKDDAAAA | Firm kids would hate by the effects; now detailed injuries see ever                                                                                                                                      | Women                                              | swimwear                                           |            1.38 |           19922.24 |     1.5644838150240767
 AAAAAAAAGMODAAAA | Religious parents meet. Indirectly unha                                                                                                                                                                  | Women                                              | swimwear                                           |            0.68 |             995.86 |    0.07820440131380191
 AAAAAAAAGPBDAAAA | Years use able plans. Possible clothes share as real an                                                                                                                                                  | Women                                              | swimwear                                           |            9.93 |            1118.25 |    0.08781562847102904
 AAAAAAAAHAJDAAAA | Rates take notably appropriate hours; useful reasons say today pro                                                                                                                                       | Women                                              | swimwear                                           |            5.97 |            5191.59 |    0.40769303698985887
 AAAAAAAAHCGBAAAA | Secondary conditions contribute shares. Apparently working numbers take simply then black women. Just substantial elections relate wit                                                                   | Women                                              | swimwear                                           |            5.53 |            2529.24 |     0.1986199867239575
 AAAAAAAAHDGAAAAA | Losses like both easy areas; soft debts hear better however                                                                                                                                              | Women                                              | swimwear                                           |            2.34 |             891.12 |    0.06997922006984432
 AAAAAAAAHFAEAAAA | Rapidl                                                                                                                                                                                                   | Women                                              | swimwear                                           |            4.81 |             325.86 |    0.02558962726900919
 AAAAAAAAHJKCAAAA | Members follow yesterday new years. Guests would not promote only games. She                                                                                                                             | Women                                              | swimwear                                           |            3.55 |            9147.15 |     0.7183212394086952
 AAAAAAAAIBHBAAAA | Concerns would not understand only existing men. Possible, marvellous magistra                                                                                                                           | Women                                              | swimwear                                           |            9.11 |             8913.3 |     0.6999571126767924
 AAAAAAAAICLCAAAA | Accounts throw foreign, desperate accidents. Immediately large hands feel downstairs essential authorities. Old, new volunteers discuss minutes; essential pockets wa                                    | Women                                              | swimwear                                           |            2.53 |             2789.7 |    0.21907378381008696
 AAAAAAAAIEKAAAAA | Members wander criteria. Very oth                                                                                                                                                                        | Women                                              | swimwear                                           |            6.91 |             429.35 |   0.033716646621092174
 AAAAAAAAIFBCAAAA | Everywhere careful tests could give quite new, ugly effects; sorry days must                                                                                                                             | Women                                              | swimwear                                           |            3.12 |           13918.74 |      1.093031880728684
 AAAAAAAAIFIBAAAA | Departments expect often unable, private problems.                                                                                                                                                       | Women                                              | swimwear                                           |            4.59 |            7200.85 |     0.5654792472842473
 AAAAAAAAIGDAAAAA | Others may express about fragments. Often reasonable men receive again available, full victims. About english parts test friends. Particular, old users belie                                            | Women                                              | swimwear                                           |            4.53 |            7219.63 |     0.5669540315477715
 AAAAAAAAIGMCAAAA | Both slim consultants stand other readers. Colleagues can add strictly. Special patients take even alleged angles                                                                                        | Women                                              | swimwear                                           |            8.21 |            7687.85 |     0.6037231203585967
 AAAAAAAAIHGBAAAA | Very delicate colleges should not forget already good, other possibilities. Clients should retain again in a ambitions. Statements should not withdraw complete, sure                                    | Women                                              | swimwear                                           |            0.22 |              53.85 |    0.00422881430195834
 AAAAAAAAIIEAAAAA | Northern sections end too both national opponents. Also northern members know more. Recent players ought to tend on a terms; always great m                                                              | Women                                              | swimwear                                           |            2.96 |            1087.12 |    0.08537100471578367
 AAAAAAAAIIHAAAAA | Effects see eyebrows. Now equal consequences turn facilities. Special, confident forces might evaluate already manufacturers; whole, other signs find other, specialist women. Decent, canadian prob     | Women                                              | swimwear                                           |             4.5 |             158.88 |   0.012476769104830848
 AAAAAAAAIKACAAAA | Great, base markets should help over the soldiers; controversial regions change actually so small others. Fat, good members w                                                                            | Women                                              | swimwear                                           |             8.5 |           10147.55 |     0.7968821647137856
 AAAAAAAAIKDBAAAA | Small reports show silly,                                                                                                                                                                                | Women                                              | swimwear                                           |           37.07 | 21640.199999999997 |     1.6993943780360048
 AAAAAAAAIKMBAAAA | Red, significant times must bring specifically in a servants. Military depart                                                                                                                            | Women                                              | swimwear                                           |            7.44 | 336.34000000000003 |   0.026412616570485947
 AAAAAAAAILOCAAAA | G                                                                                                                                                                                                        | Women                                              | swimwear                                           |            8.03 |            7690.77 |     0.6039524265380157
 AAAAAAAAILPBAAAA | Warm conclusions will provide wide little, economic hours. Other, liable schemes used to accept also in the arms. Subsequent                                                                             | Women                                              | swimwear                                           |            7.51 |            1473.19 |    0.11568889399260925
 AAAAAAAAIMIBAAAA | Seriously cold facilities enable points. Arts enlarge to a expenses. C                                                                                                                                   | Women                                              | swimwear                                           |           70.18 |             2517.4 |    0.19769019728412118
 AAAAAAAAINDEAAAA | Fun, alternative streets hate either following, linguistic courses. Really other houses get much. Other, new services must                                                                               | Women                                              | swimwear                                           |            0.86 |           12408.56 |     0.9744381800317212
 AAAAAAAAIOGBAAAA | Indeed beautiful times ought to negotiate invariably unique, local sentences; years would not perceive about in a examples. Previous years must raise prizes. Currently local tensions                   | Women                                              | swimwear                                           |            4.63 |            3649.09 |     0.2865612624165861
 AAAAAAAAIOMAAAAA | New bishops might not remember less than public delegates; as different functions confuse. Documents define in a posts;                                                                                  | Women                                              | swimwear                                           |            0.65 |            3515.98 |     0.2761081988746423
 AAAAAAAAIOOBAAAA | Ne                                                                                                                                                                                                       | Women                                              | swimwear                                           |            2.37 | 15322.279999999999 |     1.2032511941060398
 AAAAAAAAIPLAAAAA | Significant groups should not ensure closer plans. Legitimate, informal risks slow certain, great firms. Personal, local circumst                                                                        | Women                                              | swimwear                                           |            4.18 |  5024.639999999999 |     0.3945825347110855
 AAAAAAAAJBHCAAAA | Buildings should marry so irish, new prices. International, tough nerves might stand early users. Social operations could not take clear properties. Points may enter quite precise                      | Women                                              | swimwear                                           |            3.77 |             6753.4 |     0.5303412164688107
 AAAAAAAAJGCCAAAA | Scarcely critical attempts should get standard, cultural theories. Relationships will drive most young customers; normally new ways may not direct seldom                                                | Women                                              | swimwear                                           |            6.15 |            7167.76 |     0.5628807056825426
 AAAAAAAAJGOCAAAA | Basic democrats fade rapidly leav                                                                                                                                                                        | Women                                              | swimwear                                           |            1.37 |            3025.06 |    0.23755649010737415
 AAAAAAAAJKCBAAAA | Soon social miles emerge also movies. Months will reduce generally religious, social members. Casual bills will not fail about however integrated children. White, personal                              | Women                                              | swimwear                                           |            7.58 |            1502.54 |    0.11799373521382515
 AAAAAAAAJMKDAAAA | Free, available relationships keep ever as a ju                                                                                                                                                          | Women                                              | swimwear                                           |            1.08 |            4576.84 |    0.35941701856592406
 AAAAAAAAJOBEAAAA | Other, double women might tell even. German branc                                                                                                                                                        | Women                                              | swimwear                                           |            10.6 |           11031.11 |     0.8662677016615723
 AAAAAAAAJPEAAAAA | Bad, fresh symbols must depend almost rather new detectives. Categories ought to witness perhaps. Blue, back metres blame. Courts matter then from a passengers. Drawings                                | Women                                              | swimwear                                           |            1.81 |  5129.360000000001 |    0.40280614536477316
 AAAAAAAAJPJBAAAA | Rather nat                                                                                                                                                                                               | Women                                              | swimwear                                           |            9.95 |            1625.78 |    0.12767171245752704
 AAAAAAAAKAEDAAAA | Full machines should work in short front experiences. Low workers leave to a readers. Once wide thoughts could not bring p                                                                               | Women                                              | swimwear                                           |            9.74 | 10259.699999999999 |     0.8056892496527759
 AAAAAAAAKAGEAAAA | Years will not explain therefore officials. Trends ought to become hardly minutes. Common, impossible proposal                                                                                           | Women                                              | swimwear                                           |            5.07 |             6749.4 |      0.530027098414812
 AAAAAAAAKBADAAAA | Closely urban students see dead pockets. Consequences appear to a costs. Politically polish areas would agree now final large plans. Grim, subsequent arms used to avert. Different applicati            | Women                                              | swimwear                                           |            5.27 |            9050.58 |     0.7107376442900301
 AAAAAAAAKBJDAAAA | Economic, wooden forces shall sound forward                                                                                                                                                              | Women                                              | swimwear                                           |            3.81 |  7269.880000000001 |     0.5709001396011311
 AAAAAAAAKCCAAAAA | Alive studies improve now new causes. Affairs must see abroad other decisions. Months would follow theoretically happy houses. Safe effects used to indicate more australian effect                      | Women                                              | swimwear                                           |            7.48 |            1300.42 |    0.10212134994526768
 AAAAAAAAKCCCAAAA | Branches get instantly                                                                                                                                                                                   | Women                                              | swimwear                                           |            3.74 |            3828.52 |     0.3006518130238356
 AAAAAAAAKFNDAAAA | International guidelines hear by a defendants. Past r                                                                                                                                                    | Women                                              | swimwear                                           |            3.71 |             1460.8 |    0.11471591332034807
 AAAAAAAAKGFBAAAA | Local, important police ought to get all historical judges. Massive, famous                                                                                                                              | Women                                              | swimwear                                           |            7.41 | 14427.910000000002 |     1.1330167531173216
 AAAAAAAAKGGBAAAA | Trustees fight almost local standards. Direct, good languages ought to add with a computers. Very different years hope very stars.                                                                       | Women                                              | swimwear                                           |               9 |             2365.2 |    0.18573800532946827
 AAAAAAAAKGMDAAAA | Views see even previously previous rates. New patients regain also medical suggestions. Regular, young                                                                                                   | Women                                              | swimwear                                           |             1.5 |            4905.17 |    0.38520061373327746
 AAAAAAAAKHLDAAAA | Realistic jobs carry though. Long, evolutionary windows would not afford still from a objects. Again gay materials may give                                                                              | Women                                              | swimwear                                           |            9.75 |            2536.49 |    0.19918932569683026
 AAAAAAAAKJCCAAAA | Trying examples go famous powers. Movements kn                                                                                                                                                           | Women                                              | swimwear                                           |            4.93 |            4123.87 |     0.3238455048359692
 AAAAAAAAKJLCAAAA | Needs like in addition. Rather unaware acts use associations; good, private holes understand so rates. Other bags stand regular methods. Factors imagine e                                               | Women                                              | swimwear                                           |            3.39 |            5376.75 |     0.4222335617094616
 AAAAAAAAKLDCAAAA | Again established years occur                                                                                                                                                                            | Women                                              | swimwear                                           |            3.78 |            8578.29 |     0.6736489403592613
 AAAAAAAAKLICAAAA | Lawyers may result easily normal, capable changes. Nice, alone firms would explain only with a numbers. Already royal troops may concentrate already o                                                   | Women                                              | swimwear                                           |            6.21 | 1588.4099999999999 |    0.12473706453804359
 AAAAAAAAKMPDAAAA | Excellent, alternative women let firstly roman, ci                                                                                                                                                       | Women                                              | swimwear                                           |            7.27 |           12999.48 |     1.0208428401489584
 AAAAAAAAKNIDAAAA | There delighted games speak much about public lines. Aside sophisticated examples can require behind central systems. Streets kill totally on the processes. Benefits form. Of course local i            | Women                                              | swimwear                                           |           21.31 |  912.0500000000001 |    0.07162284278739284
 AAAAAAAAKOIAAAAA | Official lists ought to cause never; ago pure volunteers put. Near clear patients might believe small, welc                                                                                              | Women                                              | swimwear                                           |            1.29 |            2375.52 |     0.1865484299087851
 AAAAAAAAKOOCAAAA | Unlike, sure problems design on the attitudes. Unknown relationships may look never. Metres should not encourage into                                                                                    | Women                                              | swimwear                                           |            9.41 |            9755.41 |      0.766087601290017
 AAAAAAAALAACAAAA | Too popular experiences sponsor furthermore. Easy sides must cost really familiar, happy                                                                                                                 | Women                                              | swimwear                                           |            7.61 | 11073.509999999998 |      0.869597353033959
 AAAAAAAALBGEAAAA | Often political barriers ignore. Alone administrative sta                                                                                                                                                | Women                                              | swimwear                                           |           39.21 |            5527.88 |     0.4341017270846698
 AAAAAAAALCBCAAAA | Outside efforts must not mention tight previously other arts. Perhaps pale ways will not load very lines. Too great efforts shall not a                                                                  | Women                                              | swimwear                                           |            7.47 |             4912.6 |     0.3857840880185802
 AAAAAAAALFMAAAAA | Political things can f                                                                                                                                                                                   | Women                                              | swimwear                                           |            9.18 | 12476.619999999999 |     0.9797828987205102
 AAAAAAAALGBBAAAA | Industrial years sail around for a inches. Deep stones take also scottish projects. National parents rule problems. Claims calculate of course                                                           | Women                                              | swimwear                                           |            4.26 |            1215.96 |    0.09548874723508381
 AAAAAAAALHICAAAA | Difficult, simple vehicles can help accurate problems. Regional, dead males might halt; dramatic                                                                                                         | Women                                              | swimwear                                           |               1 |            16056.3 |     1.2608934276050827
 AAAAAAAALKJBAAAA | Entire bodies shall count subsequently boys; heavy names feature virtually particular women. Regular, industrial proje                                                                                   | Women                                              | swimwear                                           |            4.89 |            3131.44 |    0.24591045975347123
 AAAAAAAALMEEAAAA | Developments pay only years. More serious floors find yet reactions. Guns depend even senior leaves. Pat                                                                                                 | Women                                              | swimwear                                           |            6.74 |  7341.110000000001 |     0.5764937968477138
 AAAAAAAALPHBAAAA | Also agricultural children go too. Hardly maximum boots will rise very expensive arms; high, big children summon for a provisions. Patients must help loudly able shops. Sales                           | Women                                              | swimwear                                           |             4.7 |            8510.44 |     0.6683207128683071
 AAAAAAAAMAABAAAA | Large, primitive years used to present scottish sessions. Waves must take pregnant subjects. Pre                                                                                                         | Women                                              | swimwear                                           |            4.15 |            7839.34 |     0.6156195563586647
 AAAAAAAAMAHDAAAA | Rates used to grow defin                                                                                                                                                                                 | Women                                              | swimwear                                           |            0.64 |           14370.17 |     1.1284824590078493
 AAAAAAAAMBLBAAAA | Clearly proposed visitors divert then at the member                                                                                                                                                      | Women                                              | swimwear                                           |            3.24 |            5740.18 |     0.4507735428006542
 AAAAAAAAMBPDAAAA | Procedures fight fast away warm levels. Reasons should limit routine, controversial streets. Able games may not preserve windows; local women slip there artists. Military types should                  | Women                                              | swimwear                                           |            7.16 | 2364.0299999999997 |    0.18564612579867362
 AAAAAAAAMCKCAAAA | Yet necessary windows take circumstances. Unable, chief seconds should change always. Evolutionary employees establish short                                                                             | Women                                              | swimwear                                           |            2.45 |            1701.34 |    0.13360540249756367
 AAAAAAAAMDLDAAAA | Children must not say currently to a charges. Cattle come just distant, certain sounds. Days thank almo                                                                                                  | Women                                              | swimwear                                           |            2.71 |            3452.15 |      0.271095660027957
 AAAAAAAAMHIBAAAA | Just subjective facilities draw just by a profits. T                                                                                                                                                     | Women                                              | swimwear                                           |           80.62 |             633.36 |    0.04973745267016406
 AAAAAAAAMINCAAAA | Customers defeat yet romantic properties. Asian effects could not insure t                                                                                                                               | Women                                              | swimwear                                           |            9.39 |                  0 |                      0
 AAAAAAAAMJABAAAA | Situations used to explore keenly. Perfect ministers must know disputes. Unable wives should block silent, christian purposes. Often different lines                                                     | Women                                              | swimwear                                           |            7.17 | 27721.369999999995 |     2.1769456996449184
 AAAAAAAAMJFAAAAA | For example crucial sets help further new years. Major lights assist. Quarters wear then no longer valua                                                                                                 | Women                                              | swimwear                                           |           81.96 |            8098.77 |     0.6359924680458895
 AAAAAAAAMKAAAAAA | Damp changes check well european children. Considerable sources need still with a statements. Dead stars give also independent, whole concerns. About likely participants receive as to a book           | Women                                              | swimwear                                           |            0.93 |            1425.48 |      0.111942250903539
 AAAAAAAAMKCEAAAA | At least running readers arrange conditions. Further local engines may not go rooms; tall                                                                                                                | Women                                              | swimwear                                           |            5.15 |             401.89 |   0.031560226180390664
 AAAAAAAAMKHDAAAA | Young grounds ought to tu                                                                                                                                                                                | Women                                              | swimwear                                           |            3.27 |           18341.82 |     1.4403742012988956
 AAAAAAAAMKOCAAAA | So proud bombs could think unemploye                                                                                                                                                                     | Women                                              | swimwear                                           |           47.17 |            1718.64 |     0.1349639630811083
 AAAAAAAAMLCBAAAA | Bottom, easy victims contrast therefore in a methods. Wishes experi                                                                                                                                      | Women                                              | swimwear                                           |           57.43 |            1679.79 |    0.13191309148164532
 AAAAAAAAMLFBAAAA | Central theories dare barely signs; drivers preserve notably. Mental, automatic things used to make alread                                                                                               | Women                                              | swimwear                                           |            8.77 |           12377.51 |     0.9719998386375558
 AAAAAAAAMLODAAAA | Narrow, good interests learn confident, eager groups. Men must not receive new experiments. Black aims open dry, progressive meanings. Most conventional cattle t                                        | Women                                              | swimwear                                           |            1.52 | 10483.779999999999 |     0.8232861430377866
 AAAAAAAAMMDCAAAA | In order extra sheets contact under more large cl                                                                                                                                                        | Women                                              | swimwear                                           |            5.53 |             445.94 |    0.03501945125005204
 AAAAAAAAMMNDAAAA | Recent, significant numbers will aim sexual, smal                                                                                                                                                        | Women                                              | swimwear                                           |           55.91 |             2307.5 |    0.18120685240053613
 AAAAAAAAMNHCAAAA | Certain months e                                                                                                                                                                                         | Women                                              | swimwear                                           |            8.28 | 4073.7599999999998 |     0.3199103909144997
 AAAAAAAAMNLCAAAA | Adults will get significantly grateful metres. Results should not connect therefore profits; as european lines become from a services. S                                                                 | Women                                              | swimwear                                           |            2.21 |  7456.569999999999 |     0.5855608144763881
 AAAAAAAANCHAAAAA | Glad, capable fires may not find at                                                                                                                                                                      | Women                                              | swimwear                                           |               1 | 6781.8099999999995 |     0.5325722399473369
 AAAAAAAANCLCAAAA | Over pure offici                                                                                                                                                                                         | Women                                              | swimwear                                           |            4.07 |            3497.51 |    0.27465775876030296
 AAAAAAAANFBDAAAA | Changes cannot burst about a police. Mere, physical sales will apply as a concerns. Nice years                                                                                                           | Women                                              | swimwear                                           |            4.34 |            3123.34 |    0.24527437069412372
 AAAAAAAANGDAAAAA | Primary families can boost absolute,                                                                                                                                                                     | Women                                              | swimwear                                           |             1.8 |            1808.53 |     0.1420229810495955
 AAAAAAAANGFEAAAA | Years will not answer current effects. Highly american muscles should meet mostly confident capable areas. Cattle could point please federal, palestinian pages; hig                                     | Women                                              | swimwear                                           |            0.75 |            4496.19 |    0.35308361330217397
 AAAAAAAANHIAAAAA | New, dramatic bonds become very signs. Young, previous eyes fit; much horizontal others occur only good, labour things. Great, hidden fee                                                                | Women                                              | swimwear                                           |            0.85 |            3520.44 |    0.27645844050485086
 AAAAAAAANKBBAAAA | Important, slow policies will not occur jolly primarily local results. Original, eastern authorities cover about national methods. Payments consider very representatives. Mutually rare operations      | Women                                              | swimwear                                           |            4.17 |              541.8 |   0.042547290414132376
 AAAAAAAANLOCAAAA | Centuries can suffer formerly old councils. Especially old banks might not say just old workers. Notes und                                                                                               | Women                                              | swimwear                                           |            0.81 |            1876.98 |    0.14739832624864932
 AAAAAAAANMGAAAAA | Pictures enable. Provisions cannot tell. Nearly recent windows could not give goo                                                                                                                        | Women                                              | swimwear                                           |            3.18 |           10564.24 |     0.8296046276939717
 AAAAAAAANMLBAAAA | Young programmes can go occupations. Much young ministers regain yet flexible, available buildings. Raw targets would not cost always funny ideas. Eco                                                   | Women                                              | swimwear                                           |            2.08 | 25625.280000000002 |      2.012340771693353
 AAAAAAAANNFAAAAA | Open years think problems. Very unlikely rivers develop corporate, keen patients. Common, convent                                                                                                        | Women                                              | swimwear                                           |            2.92 |             963.24 |      0.075642768583442
 AAAAAAAANPHCAAAA | Much complete years use left passengers. Now favorite months must retire much whole great en                                                                                                             | Women                                              | swimwear                                           |            4.79 | 1152.0900000000001 |     0.0904730672078586
 AAAAAAAANPNCAAAA | Early others may not camp prime records; other, other ideas make. Only, essential cards used to adopt here imperial                                                                                      | Women                                              | swimwear                                           |            1.41 |           19332.82 |      1.518196949177089
 AAAAAAAAOBJCAAAA | Acceptable items will carry of course working types; events take about low, tall years.                                                                                                                  | Women                                              | swimwear                                           |            2.65 |            3596.15 |    0.28240390997191245
 AAAAAAAAOCGDAAAA | Brilliant reductions would judge positive gentlemen; fairly free shares make basic sources. Never initial relationships would get immediately divine essential insects. Men used                         | Women                                              | swimwear                                           |            4.17 |            4974.74 |      0.390663911987451
 AAAAAAAAOCIBAAAA | Best static months identify popular, main years; present, european categories own then so complex friends. Even moral budgets extend                                                                     | Women                                              | swimwear                                           |            3.76 |            2010.89 |     0.1579142134013929
 AAAAAAAAOFBCAAAA | Other systems shall require prices; dead, likely needs inspect on a animals. Others ke                                                                                                                   | Women                                              | swimwear                                           |            3.99 | 1314.3899999999999 |    0.10321840724885836
 AAAAAAAAOFGAAAAA | Wonderful, small years would impress no longer far private roots. Video-taped, dominant miners could not give. Stars must not come al                                                                    | Women                                              | swimwear                                           |            4.24 |            5408.52 |     0.4247284443533468
 AAAAAAAAOFOBAAAA | Full areas shall give so normal states. Recordings bring d                                                                                                                                               | Women                                              | swimwear                                           |            0.48 |             475.36 |   0.037329789537212936
 AAAAAAAAOHGCAAAA | Walls read more full men. Months leave quite historical, single parties. Busy, temporary effects may protect rather fingers. Efforts shall concentrate in a police; also individual nations may          | Women                                              | swimwear                                           |            4.67 | 4221.3099999999995 |      0.331497420631379
 AAAAAAAAOHPBAAAA | Teams would stop highly additional communications. New cu                                                                                                                                                | Women                                              | swimwear                                           |            5.38 |            6384.88 |     0.5014015201539047
 AAAAAAAAOJIDAAAA | Damages wake old faces; certain activities should not leave to a cars; far private consequences comply into a days. Con                                                                                  | Women                                              | swimwear                                           |            9.24 |            6182.86 |     0.4855369878366972
 AAAAAAAAOJJAAAAA | As well different modes should plan here light, active claims. Sheer, special positions note please bc economic photographs. Eyes shape else for a enterprises. For instance concerned companies la      | Women                                              | swimwear                                           |            3.31 |            6689.95 |     0.5253585188372554
 AAAAAAAAOKACAAAA | Ashamed times must cook normally numb                                                                                                                                                                    | Women                                              | swimwear                                           |             9.7 |            4650.82 |     0.3652266319746312
 AAAAAAAAOKFDAAAA | Past silly companies could not catch. Alone, random times could stand political, particular te                                                                                                           | Women                                              | swimwear                                           |            2.79 |                  0 |                      0
 AAAAAAAAOKKBAAAA | Tory, wrong plans entail as a shows. New, real co                                                                                                                                                        | Women                                              | swimwear                                           |            5.43 |            7496.42 |     0.5886902155893509
 AAAAAAAAOMFEAAAA | Different women make factors. New libraries used to reach hot, possible guns. Very patient men may not let just other winners. Modern, economic sections see of                                          | Women                                              | swimwear                                           |           45.67 |           15273.21 |       1.19939775087861
 AAAAAAAAONDEAAAA | Late teachers work. Thus present families see no longer social years. Moral farmers forget to a times. Mass, able places continue enough programmes; just popular scientists offer however modern        | Women                                              | swimwear                                           |             1.2 |            2252.83 |    0.17691364389750805
 AAAAAAAAOOJDAAAA | Sites ought to become cultural communities. Spiritual, hot daughters should contribute most bloody papers. Americans shall not face then economi                                                         | Women                                              | swimwear                                           |            7.99 |           15584.33 |     1.2238298531186338
 AAAAAAAAOPFAAAAA | Plain, entire materials would not feel however nearly changing lines. Social, modern books enforce simple, mid                                                                                           | Women                                              | swimwear                                           |            5.74 |  6103.450000000001 |    0.47930095916968685
 AAAAAAAAOPMCAAAA | Sure large                                                                                                                                                                                               | Women                                              | swimwear                                           |            1.39 |            2828.28 |      0.222103452440905
 AAAAAAAAPAABAAAA | Also                                                                                                                                                                                                     | Women                                              | swimwear                                           |            0.43 |            3734.64 |     0.2932794622964846
 AAAAAAAAPDNAAAAA | Powerful, firm odds could not protect today secondary values. Usual, different relationships live always more top men. Women would not sell outside moral, atomic problems. Invest                       | Women                                              | swimwear                                           |            2.27 |             622.92 |   0.048917604549227285
 AAAAAAAAPHJAAAAA | Both standard articles ensure hands. Local, respective sounds find sheets. Extraordinary, rapid conditions would advise certainly; parents involve also against the services. Then young devices migh    | Women                                              | swimwear                                           |            2.08 |            1798.37 |    0.14122512119243863
 AAAAAAAAPIEBAAAA | Very objects expect then various, recent pages. New calls back; rules face signifi                                                                                                                       | Women                                              | swimwear                                           |            7.43 | 11482.259999999998 |     0.9016962916769575
 AAAAAAAAPJEDAAAA | Still following comments exist later foreign                                                                                                                                                             | Women                                              | swimwear                                           |            7.04 |            1604.62 |    0.12601002795187358
 AAAAAAAAPMABAAAA | Easily isolated animals ought to consider about versions. In addition existing tests feel in a methods. Main schemes would say also; critical mechanisms welcome completely                              | Women                                              | swimwear                                           |            4.81 |           10742.11 |     0.8435726722601617
 AAAAAAAAPMEDAAAA | Nevertheless warm gardens die soon more strong payments. New, short conditions make here units. Little, old experiments ca                                                                               | Women                                              | swimwear                                           |            0.13 | 1059.3999999999999 |    0.08319416660157224
(2657 rows)

UPDATE time_statistics SET e_time = TRANSACTION_TIMESTAMP() WHERE template = '../query_postgresql/query98.tpl' AND stream = 1;
psql:/tmp/s1-basline/throughput/query_1.sql:430: NOTICE:  duration: 0.029 ms  plan:
Query Text: UPDATE time_statistics SET e_time = TRANSACTION_TIMESTAMP() WHERE template = '../query_postgresql/query98.tpl' AND stream = 1;
Update on time_statistics  (cost=0.00..1.38 rows=0 width=0) (actual time=0.029..0.029 rows=0 loops=1)
  ->  Seq Scan on time_statistics  (cost=0.00..1.38 rows=1 width=14) (actual time=0.014..0.014 rows=1 loops=1)
        Filter: ((template = '../query_postgresql/query98.tpl'::text) AND (stream = 1))
        Rows Removed by Filter: 44
UPDATE 1
LOAD 'auto_explain'; SET auto_explain.log_min_duration TO 0; SET auto_explain.log_analyze TO on; SET auto_explain.log_level TO notice; INSERT INTO time_statistics (template, s_time, stream, query, seed) VALUES ('query58.tpl', TRANSACTION_TIMESTAMP(), 1, 8, 980556547);
LOAD
SET
SET
SET
psql:/tmp/s1-basline/throughput/query_1.sql:431: NOTICE:  duration: 0.008 ms  plan:
Query Text: INSERT INTO time_statistics (template, s_time, stream, query, seed) VALUES ('query58.tpl', TRANSACTION_TIMESTAMP(), 1, 8, 980556547);
Insert on time_statistics  (cost=0.00..0.01 rows=0 width=0) (actual time=0.008..0.008 rows=0 loops=1)
  ->  Result  (cost=0.00..0.01 rows=1 width=64) (actual time=0.002..0.002 rows=1 loops=1)
INSERT 0 1
with ss_items as
 (select i_item_id item_id
        ,sum(ss_ext_sales_price) ss_item_rev 
 from store_sales
     ,item
     ,date_dim
 where ss_item_sk = i_item_sk
   and d_date in (select d_date
                  from date_dim
                  where d_week_seq = (select d_week_seq 
                                      from date_dim
                                      where d_date = '1999-05-03'))
   and ss_sold_date_sk   = d_date_sk
 group by i_item_id),
 cs_items as
 (select i_item_id item_id
        ,sum(cs_ext_sales_price) cs_item_rev
  from catalog_sales
      ,item
      ,date_dim
 where cs_item_sk = i_item_sk
  and  d_date in (select d_date
                  from date_dim
                  where d_week_seq = (select d_week_seq 
                                      from date_dim
                                      where d_date = '1999-05-03'))
  and  cs_sold_date_sk = d_date_sk
 group by i_item_id),
 ws_items as
 (select i_item_id item_id
        ,sum(ws_ext_sales_price) ws_item_rev
  from web_sales
      ,item
      ,date_dim
 where ws_item_sk = i_item_sk
  and  d_date in (select d_date
                  from date_dim
                  where d_week_seq =(select d_week_seq 
                                     from date_dim
                                     where d_date = '1999-05-03'))
  and ws_sold_date_sk   = d_date_sk
 group by i_item_id)
  select  ss_items.item_id
       ,ss_item_rev
       ,ss_item_rev/((ss_item_rev+cs_item_rev+ws_item_rev)/3) * 100 ss_dev
       ,cs_item_rev
       ,cs_item_rev/((ss_item_rev+cs_item_rev+ws_item_rev)/3) * 100 cs_dev
       ,ws_item_rev
       ,ws_item_rev/((ss_item_rev+cs_item_rev+ws_item_rev)/3) * 100 ws_dev
       ,(ss_item_rev+cs_item_rev+ws_item_rev)/3 average
 from ss_items,cs_items,ws_items
 where ss_items.item_id=cs_items.item_id
   and ss_items.item_id=ws_items.item_id 
   and ss_item_rev between 0.9 * cs_item_rev and 1.1 * cs_item_rev
   and ss_item_rev between 0.9 * ws_item_rev and 1.1 * ws_item_rev
   and cs_item_rev between 0.9 * ss_item_rev and 1.1 * ss_item_rev
   and cs_item_rev between 0.9 * ws_item_rev and 1.1 * ws_item_rev
   and ws_item_rev between 0.9 * ss_item_rev and 1.1 * ss_item_rev
   and ws_item_rev between 0.9 * cs_item_rev and 1.1 * cs_item_rev
 order by item_id
         ,ss_item_rev
 limit 100;
psql:/tmp/s1-basline/throughput/query_1.sql:493: NOTICE:  duration: 85.164 ms  plan:
Query Text: with ss_items as
 (select i_item_id item_id
        ,sum(ss_ext_sales_price) ss_item_rev 
 from store_sales
     ,item
     ,date_dim
 where ss_item_sk = i_item_sk
   and d_date in (select d_date
                  from date_dim
                  where d_week_seq = (select d_week_seq 
                                      from date_dim
                                      where d_date = '1999-05-03'))
   and ss_sold_date_sk   = d_date_sk
 group by i_item_id),
 cs_items as
 (select i_item_id item_id
        ,sum(cs_ext_sales_price) cs_item_rev
  from catalog_sales
      ,item
      ,date_dim
 where cs_item_sk = i_item_sk
  and  d_date in (select d_date
                  from date_dim
                  where d_week_seq = (select d_week_seq 
                                      from date_dim
                                      where d_date = '1999-05-03'))
  and  cs_sold_date_sk = d_date_sk
 group by i_item_id),
 ws_items as
 (select i_item_id item_id
        ,sum(ws_ext_sales_price) ws_item_rev
  from web_sales
      ,item
      ,date_dim
 where ws_item_sk = i_item_sk
  and  d_date in (select d_date
                  from date_dim
                  where d_week_seq =(select d_week_seq 
                                     from date_dim
                                     where d_date = '1999-05-03'))
  and ws_sold_date_sk   = d_date_sk
 group by i_item_id)
  select  ss_items.item_id
       ,ss_item_rev
       ,ss_item_rev/((ss_item_rev+cs_item_rev+ws_item_rev)/3) * 100 ss_dev
       ,cs_item_rev
       ,cs_item_rev/((ss_item_rev+cs_item_rev+ws_item_rev)/3) * 100 cs_dev
       ,ws_item_rev
       ,ws_item_rev/((ss_item_rev+cs_item_rev+ws_item_rev)/3) * 100 ws_dev
       ,(ss_item_rev+cs_item_rev+ws_item_rev)/3 average
 from ss_items,cs_items,ws_items
 where ss_items.item_id=cs_items.item_id
   and ss_items.item_id=ws_items.item_id 
   and ss_item_rev between 0.9 * cs_item_rev and 1.1 * cs_item_rev
   and ss_item_rev between 0.9 * ws_item_rev and 1.1 * ws_item_rev
   and cs_item_rev between 0.9 * ss_item_rev and 1.1 * ss_item_rev
   and cs_item_rev between 0.9 * ws_item_rev and 1.1 * ws_item_rev
   and ws_item_rev between 0.9 * ss_item_rev and 1.1 * ss_item_rev
   and ws_item_rev between 0.9 * cs_item_rev and 1.1 * cs_item_rev
 order by item_id
         ,ss_item_rev
 limit 100;
Limit  (cost=7734.90..7734.91 rows=1 width=73) (actual time=85.153..85.162 rows=0 loops=1)
  ->  Sort  (cost=7734.90..7734.91 rows=1 width=73) (actual time=85.152..85.161 rows=0 loops=1)
        Sort Key: item.i_item_id, (sum(store_sales.ss_ext_sales_price))
        Sort Method: quicksort  Memory: 25kB
        ->  Merge Join  (cost=7718.48..7734.89 rows=1 width=73) (actual time=85.149..85.157 rows=0 loops=1)
              Merge Cond: (item.i_item_id = item_1.i_item_id)
              Join Filter: (((sum(store_sales.ss_ext_sales_price)) >= ('0.9'::double precision * (sum(catalog_sales.cs_ext_sales_price)))) AND ((sum(store_sales.ss_ext_sales_price)) <= ('1.1'::double precision * (sum(catalog_sales.cs_ext_sales_price)))) AND ((sum(catalog_sales.cs_ext_sales_price)) >= ('0.9'::double precision * (sum(store_sales.ss_ext_sales_price)))) AND ((sum(catalog_sales.cs_ext_sales_price)) <= ('1.1'::double precision * (sum(store_sales.ss_ext_sales_price)))) AND ((sum(store_sales.ss_ext_sales_price)) >= ('0.9'::double precision * (sum(web_sales.ws_ext_sales_price)))) AND ((sum(store_sales.ss_ext_sales_price)) <= ('1.1'::double precision * (sum(web_sales.ws_ext_sales_price)))) AND ((sum(web_sales.ws_ext_sales_price)) >= ('0.9'::double precision * (sum(store_sales.ss_ext_sales_price)))) AND ((sum(web_sales.ws_ext_sales_price)) <= ('1.1'::double precision * (sum(store_sales.ss_ext_sales_price)))))
              Rows Removed by Join Filter: 7
              ->  GroupAggregate  (cost=2730.54..2735.14 rows=263 width=25) (actual time=40.239..42.194 rows=4101 loops=1)
                    Group Key: item.i_item_id
                    InitPlan 1 (returns $0)
                      ->  Index Scan using i_d_date on date_dim date_dim_6  (cost=0.29..2.51 rows=1 width=4) (actual time=0.006..0.007 rows=1 loops=1)
                            Index Cond: (d_date = '1999-05-03'::date)
                    ->  Sort  (cost=2728.03..2728.69 rows=263 width=25) (actual time=40.234..40.618 rows=5564 loops=1)
                          Sort Key: item.i_item_id
                          Sort Method: quicksort  Memory: 608kB
                          ->  Nested Loop  (cost=2319.14..2717.46 rows=263 width=25) (actual time=9.215..23.822 rows=5934 loops=1)
                                ->  Nested Loop  (cost=2318.85..2637.11 rows=263 width=16) (actual time=9.209..13.680 rows=5934 loops=1)
                                      ->  Nested Loop  (cost=2318.42..2335.84 rows=7 width=8) (actual time=9.180..9.198 rows=7 loops=1)
                                            ->  HashAggregate  (cost=2318.13..2318.20 rows=7 width=4) (actual time=9.175..9.178 rows=7 loops=1)
                                                  Group Key: date_dim_1.d_date
                                                  Batches: 1  Memory Usage: 24kB
                                                  ->  Seq Scan on date_dim date_dim_1  (cost=0.00..2318.11 rows=7 width=4) (actual time=4.274..9.171 rows=7 loops=1)
                                                        Filter: (d_week_seq = $0)
                                                        Rows Removed by Filter: 73042
                                            ->  Index Scan using i_d_date on date_dim  (cost=0.29..2.51 rows=1 width=12) (actual time=0.002..0.002 rows=1 loops=7)
                                                  Index Cond: (d_date = date_dim_1.d_date)
                                      ->  Index Scan using i_ss_sold_date_sk on store_sales  (cost=0.43..27.96 rows=1508 width=24) (actual time=0.010..0.456 rows=848 loops=7)
                                            Index Cond: (ss_sold_date_sk = date_dim.d_date_sk)
                                ->  Index Scan using pk_item on item  (cost=0.29..0.31 rows=1 width=25) (actual time=0.001..0.001 rows=1 loops=5934)
                                      Index Cond: (i_item_sk = store_sales.ss_item_sk)
              ->  Materialize  (cost=4987.94..4996.36 rows=1 width=50) (actual time=38.264..41.825 rows=18 loops=1)
                    ->  Merge Join  (cost=4987.94..4996.36 rows=1 width=50) (actual time=38.262..41.819 rows=18 loops=1)
                          Merge Cond: (item_1.i_item_id = item_2.i_item_id)
                          Join Filter: (((sum(catalog_sales.cs_ext_sales_price)) >= ('0.9'::double precision * (sum(web_sales.ws_ext_sales_price)))) AND ((sum(catalog_sales.cs_ext_sales_price)) <= ('1.1'::double precision * (sum(web_sales.ws_ext_sales_price)))) AND ((sum(web_sales.ws_ext_sales_price)) >= ('0.9'::double precision * (sum(catalog_sales.cs_ext_sales_price)))) AND ((sum(web_sales.ws_ext_sales_price)) <= ('1.1'::double precision * (sum(catalog_sales.cs_ext_sales_price)))))
                          Rows Removed by Join Filter: 451
                          ->  GroupAggregate  (cost=2544.41..2546.81 rows=137 width=25) (actual time=22.955..24.094 rows=2659 loops=1)
                                Group Key: item_1.i_item_id
                                InitPlan 2 (returns $1)
                                  ->  Index Scan using i_d_date on date_dim date_dim_7  (cost=0.29..2.51 rows=1 width=4) (actual time=0.003..0.003 rows=1 loops=1)
                                        Index Cond: (d_date = '1999-05-03'::date)
                                ->  Sort  (cost=2541.90..2542.24 rows=137 width=25) (actual time=22.952..23.109 rows=3118 loops=1)
                                      Sort Key: item_1.i_item_id
                                      Sort Method: quicksort  Memory: 316kB
                                      ->  Nested Loop  (cost=2319.14..2537.04 rows=137 width=25) (actual time=7.966..14.519 rows=3123 loops=1)
                                            ->  Nested Loop  (cost=2318.85..2495.12 rows=137 width=16) (actual time=7.962..9.632 rows=3123 loops=1)
                                                  ->  Nested Loop  (cost=2318.42..2335.84 rows=7 width=8) (actual time=7.949..7.964 rows=7 loops=1)
                                                        ->  HashAggregate  (cost=2318.13..2318.20 rows=7 width=4) (actual time=7.944..7.946 rows=7 loops=1)
                                                              Group Key: date_dim_3.d_date
                                                              Batches: 1  Memory Usage: 24kB
                                                              ->  Seq Scan on date_dim date_dim_3  (cost=0.00..2318.11 rows=7 width=4) (actual time=3.904..7.941 rows=7 loops=1)
                                                                    Filter: (d_week_seq = $1)
                                                                    Rows Removed by Filter: 73042
                                                        ->  Index Scan using i_d_date on date_dim date_dim_2  (cost=0.29..2.51 rows=1 width=12) (actual time=0.002..0.002 rows=1 loops=7)
                                                              Index Cond: (d_date = date_dim_3.d_date)
                                                  ->  Index Scan using i_cs_sold_date_sk on catalog_sales  (cost=0.43..14.93 rows=782 width=24) (actual time=0.006..0.138 rows=446 loops=7)
                                                        Index Cond: (cs_sold_date_sk = date_dim_2.d_date_sk)
                                            ->  Index Scan using pk_item on item item_1  (cost=0.29..0.31 rows=1 width=25) (actual time=0.001..0.001 rows=1 loops=3123)
                                                  Index Cond: (i_item_sk = catalog_sales.cs_item_sk)
                          ->  Materialize  (cost=2443.53..2445.60 rows=69 width=25) (actual time=15.300..16.230 rows=1568 loops=1)
                                ->  GroupAggregate  (cost=2443.53..2444.74 rows=69 width=25) (actual time=15.299..15.934 rows=1568 loops=1)
                                      Group Key: item_2.i_item_id
                                      InitPlan 3 (returns $2)
                                        ->  Index Scan using i_d_date on date_dim date_dim_8  (cost=0.29..2.51 rows=1 width=4) (actual time=0.003..0.003 rows=1 loops=1)
                                              Index Cond: (d_date = '1999-05-03'::date)
                                      ->  Sort  (cost=2441.02..2441.19 rows=69 width=25) (actual time=15.296..15.373 rows=1696 loops=1)
                                            Sort Key: item_2.i_item_id
                                            Sort Method: quicksort  Memory: 168kB
                                            ->  Nested Loop  (cost=2319.14..2438.91 rows=69 width=25) (actual time=7.108..11.075 rows=1696 loops=1)
                                                  ->  Nested Loop  (cost=2318.85..2417.73 rows=69 width=16) (actual time=7.104..8.331 rows=1696 loops=1)
                                                        ->  Nested Loop  (cost=2318.42..2335.84 rows=7 width=8) (actual time=7.085..7.099 rows=7 loops=1)
                                                              ->  HashAggregate  (cost=2318.13..2318.20 rows=7 width=4) (actual time=7.080..7.082 rows=7 loops=1)
                                                                    Group Key: date_dim_5.d_date
                                                                    Batches: 1  Memory Usage: 24kB
                                                                    ->  Seq Scan on date_dim date_dim_5  (cost=0.00..2318.11 rows=7 width=4) (actual time=3.526..7.077 rows=7 loops=1)
                                                                          Filter: (d_week_seq = $2)
                                                                          Rows Removed by Filter: 73042
                                                              ->  Index Scan using i_d_date on date_dim date_dim_4  (cost=0.29..2.51 rows=1 width=12) (actual time=0.002..0.002 rows=1 loops=7)
                                                                    Index Cond: (d_date = date_dim_5.d_date)
                                                        ->  Index Scan using i_ws_sold_date_sk on web_sales  (cost=0.42..7.75 rows=395 width=24) (actual time=0.006..0.112 rows=242 loops=7)
                                                              Index Cond: (ws_sold_date_sk = date_dim_4.d_date_sk)
                                                  ->  Index Scan using pk_item on item item_2  (cost=0.29..0.31 rows=1 width=25) (actual time=0.001..0.001 rows=1 loops=1696)
                                                        Index Cond: (i_item_sk = web_sales.ws_item_sk)
 item_id | ss_item_rev | ss_dev | cs_item_rev | cs_dev | ws_item_rev | ws_dev | average 
---------+-------------+--------+-------------+--------+-------------+--------+---------
(0 rows)

UPDATE time_statistics SET e_time = TRANSACTION_TIMESTAMP() WHERE template = 'query58.tpl' AND stream = 1;
psql:/tmp/s1-basline/throughput/query_1.sql:495: NOTICE:  duration: 0.027 ms  plan:
Query Text: UPDATE time_statistics SET e_time = TRANSACTION_TIMESTAMP() WHERE template = 'query58.tpl' AND stream = 1;
Update on time_statistics  (cost=0.00..1.38 rows=0 width=0) (actual time=0.027..0.027 rows=0 loops=1)
  ->  Seq Scan on time_statistics  (cost=0.00..1.38 rows=1 width=14) (actual time=0.013..0.013 rows=1 loops=1)
        Filter: ((template = 'query58.tpl'::text) AND (stream = 1))
        Rows Removed by Filter: 45
UPDATE 1
LOAD 'auto_explain'; SET auto_explain.log_min_duration TO 0; SET auto_explain.log_analyze TO on; SET auto_explain.log_level TO notice; INSERT INTO time_statistics (template, s_time, stream, query, seed) VALUES ('../query_postgresql/query16.tpl', TRANSACTION_TIMESTAMP(), 1, 9, 1374286243);
LOAD
SET
SET
SET
psql:/tmp/s1-basline/throughput/query_1.sql:496: NOTICE:  duration: 0.009 ms  plan:
Query Text: INSERT INTO time_statistics (template, s_time, stream, query, seed) VALUES ('../query_postgresql/query16.tpl', TRANSACTION_TIMESTAMP(), 1, 9, 1374286243);
Insert on time_statistics  (cost=0.00..0.01 rows=0 width=0) (actual time=0.008..0.009 rows=0 loops=1)
  ->  Result  (cost=0.00..0.01 rows=1 width=64) (actual time=0.002..0.002 rows=1 loops=1)
INSERT 0 1
select  
   count(distinct cs_order_number) as "order count"
  ,sum(cs_ext_ship_cost) as "total shipping cost"
  ,sum(cs_net_profit) as "total net profit"
from
   catalog_sales cs1
  ,date_dim
  ,customer_address
  ,call_center
where
    d_date between '2002-2-01' and 
           (cast('2002-2-01' as date) + interval '60 days')
and cs1.cs_ship_date_sk = d_date_sk
and cs1.cs_ship_addr_sk = ca_address_sk
and ca_state = 'AR'
and cs1.cs_call_center_sk = cc_call_center_sk
and cc_county in ('Williamson County','Williamson County','Williamson County','Williamson County',
                  'Williamson County'
)
and exists (select *
            from catalog_sales cs2
            where cs1.cs_order_number = cs2.cs_order_number
              and cs1.cs_warehouse_sk <> cs2.cs_warehouse_sk)
and not exists(select *
               from catalog_returns cr1
               where cs1.cs_order_number = cr1.cr_order_number)
order by count(distinct cs_order_number)
limit 100;
psql:/tmp/s1-basline/throughput/query_1.sql:524: NOTICE:  duration: 818.292 ms  plan:
Query Text: select  
   count(distinct cs_order_number) as "order count"
  ,sum(cs_ext_ship_cost) as "total shipping cost"
  ,sum(cs_net_profit) as "total net profit"
from
   catalog_sales cs1
  ,date_dim
  ,customer_address
  ,call_center
where
    d_date between '2002-2-01' and 
           (cast('2002-2-01' as date) + interval '60 days')
and cs1.cs_ship_date_sk = d_date_sk
and cs1.cs_ship_addr_sk = ca_address_sk
and ca_state = 'AR'
and cs1.cs_call_center_sk = cc_call_center_sk
and cc_county in ('Williamson County','Williamson County','Williamson County','Williamson County',
                  'Williamson County'
)
and exists (select *
            from catalog_sales cs2
            where cs1.cs_order_number = cs2.cs_order_number
              and cs1.cs_warehouse_sk <> cs2.cs_warehouse_sk)
and not exists(select *
               from catalog_returns cr1
               where cs1.cs_order_number = cr1.cr_order_number)
order by count(distinct cs_order_number)
limit 100;
Limit  (cost=78745.11..78745.12 rows=1 width=24) (actual time=756.792..818.282 rows=1 loops=1)
  ->  Sort  (cost=78745.11..78745.12 rows=1 width=24) (actual time=756.791..818.281 rows=1 loops=1)
        Sort Key: (count(DISTINCT cs1.cs_order_number))
        Sort Method: quicksort  Memory: 25kB
        ->  Aggregate  (cost=78745.09..78745.10 rows=1 width=24) (actual time=756.785..818.275 rows=1 loops=1)
              ->  Nested Loop  (cost=5530.68..78745.06 rows=4 width=24) (actual time=156.268..818.141 rows=406 loops=1)
                    Join Filter: (cs1.cs_call_center_sk = call_center.cc_call_center_sk)
                    Rows Removed by Join Filter: 907
                    ->  Gather  (cost=5530.68..78743.65 rows=4 width=32) (actual time=156.252..817.867 rows=406 loops=1)
                          Workers Planned: 2
                          Workers Launched: 2
                          ->  Nested Loop Semi Join  (cost=4530.68..77743.25 rows=2 width=32) (actual time=155.497..750.563 rows=135 loops=3)
                                ->  Nested Loop  (cost=4530.26..65394.36 rows=2 width=40) (actual time=152.774..206.423 rows=135 loops=3)
                                      ->  Hash Anti Join  (cost=4529.97..65373.53 rows=67 width=48) (actual time=151.358..193.858 rows=5972 loops=3)
                                            Hash Cond: (cs1.cs_order_number = cr1.cr_order_number)
                                            ->  Hash Join  (cost=5.60..60846.58 rows=531 width=48) (actual time=116.274..155.682 rows=16493 loops=3)
                                                  Hash Cond: (cs1.cs_ship_date_sk = date_dim.d_date_sk)
                                                  ->  Parallel Seq Scan on catalog_sales cs1  (cost=0.00..59266.53 rows=599753 width=56) (actual time=0.014..90.129 rows=479804 loops=3)
                                                  ->  Hash  (cost=4.79..4.79 rows=65 width=8) (actual time=0.094..0.095 rows=61 loops=3)
                                                        Buckets: 1024  Batches: 1  Memory Usage: 11kB
                                                        ->  Index Scan using i_d_date on date_dim  (cost=0.29..4.79 rows=65 width=8) (actual time=0.064..0.081 rows=61 loops=3)
                                                              Index Cond: ((d_date >= '2002-02-01'::date) AND (d_date <= '2002-04-02 00:00:00'::timestamp without time zone))
                                            ->  Hash  (cost=2720.52..2720.52 rows=144307 width=8) (actual time=34.208..34.208 rows=144307 loops=3)
                                                  Buckets: 262144  Batches: 1  Memory Usage: 7685kB
                                                  ->  Index Only Scan using pk_catalog_returns on catalog_returns cr1  (cost=0.42..2720.52 rows=144307 width=8) (actual time=0.062..15.929 rows=144307 loops=3)
                                                        Heap Fetches: 0
                                      ->  Index Scan using pk_customer_address on customer_address  (cost=0.29..0.31 rows=1 width=8) (actual time=0.002..0.002 rows=0 loops=17916)
                                            Index Cond: (ca_address_sk = cs1.cs_ship_addr_sk)
                                            Filter: (ca_state = 'AR'::bpchar)
                                            Rows Removed by Filter: 1
                                ->  Index Scan using pk_catalog_sales on catalog_sales cs2  (cost=0.43..10796.23 rows=13 width=16) (actual time=4.020..4.020 rows=1 loops=406)
                                      Index Cond: (cs_order_number = cs1.cs_order_number)
                                      Filter: (cs1.cs_warehouse_sk <> cs_warehouse_sk)
                                      Rows Removed by Filter: 0
                    ->  Materialize  (cost=0.00..1.13 rows=6 width=8) (actual time=0.000..0.000 rows=3 loops=406)
                          ->  Seq Scan on call_center  (cost=0.00..1.10 rows=6 width=8) (actual time=0.009..0.016 rows=6 loops=1)
                                Filter: ((cc_county)::text = ANY ('{"Williamson County","Williamson County","Williamson County","Williamson County","Williamson County"}'::text[]))
 order count | total shipping cost | total net profit 
-------------+---------------------+------------------
         120 |           474588.29 |        -78388.37
(1 row)

UPDATE time_statistics SET e_time = TRANSACTION_TIMESTAMP() WHERE template = '../query_postgresql/query16.tpl' AND stream = 1;
psql:/tmp/s1-basline/throughput/query_1.sql:526: NOTICE:  duration: 0.040 ms  plan:
Query Text: UPDATE time_statistics SET e_time = TRANSACTION_TIMESTAMP() WHERE template = '../query_postgresql/query16.tpl' AND stream = 1;
Update on time_statistics  (cost=0.00..1.38 rows=0 width=0) (actual time=0.040..0.040 rows=0 loops=1)
  ->  Seq Scan on time_statistics  (cost=0.00..1.38 rows=1 width=14) (actual time=0.013..0.013 rows=1 loops=1)
        Filter: ((template = '../query_postgresql/query16.tpl'::text) AND (stream = 1))
        Rows Removed by Filter: 46
UPDATE 1
LOAD 'auto_explain'; SET auto_explain.log_min_duration TO 0; SET auto_explain.log_analyze TO on; SET auto_explain.log_level TO notice; INSERT INTO time_statistics (template, s_time, stream, query, seed) VALUES ('../query_postgresql/query77.tpl', TRANSACTION_TIMESTAMP(), 1, 10, 1459863423);
LOAD
SET
SET
SET
psql:/tmp/s1-basline/throughput/query_1.sql:527: NOTICE:  duration: 0.008 ms  plan:
Query Text: INSERT INTO time_statistics (template, s_time, stream, query, seed) VALUES ('../query_postgresql/query77.tpl', TRANSACTION_TIMESTAMP(), 1, 10, 1459863423);
Insert on time_statistics  (cost=0.00..0.01 rows=0 width=0) (actual time=0.008..0.008 rows=0 loops=1)
  ->  Result  (cost=0.00..0.01 rows=1 width=64) (actual time=0.001..0.001 rows=1 loops=1)
INSERT 0 1
with ss as
 (select s_store_sk,
         sum(ss_ext_sales_price) as sales,
         sum(ss_net_profit) as profit
 from store_sales,
      date_dim,
      store
 where ss_sold_date_sk = d_date_sk
       and d_date between cast('1999-08-12' as date) 
                  and (cast('1999-08-12' as date) + interval '30 days') 
       and ss_store_sk = s_store_sk
 group by s_store_sk)
 ,
 sr as
 (select s_store_sk,
         sum(sr_return_amt) as returns,
         sum(sr_net_loss) as profit_loss
 from store_returns,
      date_dim,
      store
 where sr_returned_date_sk = d_date_sk
       and d_date between cast('1999-08-12' as date)
                  and (cast('1999-08-12' as date) + interval '30 days')
       and sr_store_sk = s_store_sk
 group by s_store_sk), 
 cs as
 (select cs_call_center_sk,
        sum(cs_ext_sales_price) as sales,
        sum(cs_net_profit) as profit
 from catalog_sales,
      date_dim
 where cs_sold_date_sk = d_date_sk
       and d_date between cast('1999-08-12' as date)
                  and (cast('1999-08-12' as date) + interval '30 days')
 group by cs_call_center_sk 
 ), 
 cr as
 (select cr_call_center_sk,
         sum(cr_return_amount) as returns,
         sum(cr_net_loss) as profit_loss
 from catalog_returns,
      date_dim
 where cr_returned_date_sk = d_date_sk
       and d_date between cast('1999-08-12' as date)
                  and (cast('1999-08-12' as date) + interval '30 days')
 group by cr_call_center_sk
 ), 
 ws as
 ( select wp_web_page_sk,
        sum(ws_ext_sales_price) as sales,
        sum(ws_net_profit) as profit
 from web_sales,
      date_dim,
      web_page
 where ws_sold_date_sk = d_date_sk
       and d_date between cast('1999-08-12' as date)
                  and (cast('1999-08-12' as date) + interval '30 days')
       and ws_web_page_sk = wp_web_page_sk
 group by wp_web_page_sk), 
 wr as
 (select wp_web_page_sk,
        sum(wr_return_amt) as returns,
        sum(wr_net_loss) as profit_loss
 from web_returns,
      date_dim,
      web_page
 where wr_returned_date_sk = d_date_sk
       and d_date between cast('1999-08-12' as date)
                  and (cast('1999-08-12' as date) + interval '30 days')
       and wr_web_page_sk = wp_web_page_sk
 group by wp_web_page_sk)
  select  channel
        , id
        , sum(sales) as sales
        , sum(returns) as returns
        , sum(profit) as profit
 from 
 (select 'store channel' as channel
        , ss.s_store_sk as id
        , sales
        , coalesce(returns, 0) as returns
        , (profit - coalesce(profit_loss,0)) as profit
 from   ss left join sr
        on  ss.s_store_sk = sr.s_store_sk
 union all
 select 'catalog channel' as channel
        , cs_call_center_sk as id
        , sales
        , returns
        , (profit - profit_loss) as profit
 from  cs
       , cr
 union all
 select 'web channel' as channel
        , ws.wp_web_page_sk as id
        , sales
        , coalesce(returns, 0) as returns
        , (profit - coalesce(profit_loss,0)) as profit
 from   ws left join wr
        on  ws.wp_web_page_sk = wr.wp_web_page_sk
 ) x
 group by rollup (channel, id)
 order by channel
         ,id
 limit 100;
psql:/tmp/s1-basline/throughput/query_1.sql:632: NOTICE:  duration: 230.320 ms  plan:
Query Text: with ss as
 (select s_store_sk,
         sum(ss_ext_sales_price) as sales,
         sum(ss_net_profit) as profit
 from store_sales,
      date_dim,
      store
 where ss_sold_date_sk = d_date_sk
       and d_date between cast('1999-08-12' as date) 
                  and (cast('1999-08-12' as date) + interval '30 days') 
       and ss_store_sk = s_store_sk
 group by s_store_sk)
 ,
 sr as
 (select s_store_sk,
         sum(sr_return_amt) as returns,
         sum(sr_net_loss) as profit_loss
 from store_returns,
      date_dim,
      store
 where sr_returned_date_sk = d_date_sk
       and d_date between cast('1999-08-12' as date)
                  and (cast('1999-08-12' as date) + interval '30 days')
       and sr_store_sk = s_store_sk
 group by s_store_sk), 
 cs as
 (select cs_call_center_sk,
        sum(cs_ext_sales_price) as sales,
        sum(cs_net_profit) as profit
 from catalog_sales,
      date_dim
 where cs_sold_date_sk = d_date_sk
       and d_date between cast('1999-08-12' as date)
                  and (cast('1999-08-12' as date) + interval '30 days')
 group by cs_call_center_sk 
 ), 
 cr as
 (select cr_call_center_sk,
         sum(cr_return_amount) as returns,
         sum(cr_net_loss) as profit_loss
 from catalog_returns,
      date_dim
 where cr_returned_date_sk = d_date_sk
       and d_date between cast('1999-08-12' as date)
                  and (cast('1999-08-12' as date) + interval '30 days')
 group by cr_call_center_sk
 ), 
 ws as
 ( select wp_web_page_sk,
        sum(ws_ext_sales_price) as sales,
        sum(ws_net_profit) as profit
 from web_sales,
      date_dim,
      web_page
 where ws_sold_date_sk = d_date_sk
       and d_date between cast('1999-08-12' as date)
                  and (cast('1999-08-12' as date) + interval '30 days')
       and ws_web_page_sk = wp_web_page_sk
 group by wp_web_page_sk), 
 wr as
 (select wp_web_page_sk,
        sum(wr_return_amt) as returns,
        sum(wr_net_loss) as profit_loss
 from web_returns,
      date_dim,
      web_page
 where wr_returned_date_sk = d_date_sk
       and d_date between cast('1999-08-12' as date)
                  and (cast('1999-08-12' as date) + interval '30 days')
       and wr_web_page_sk = wp_web_page_sk
 group by wp_web_page_sk)
  select  channel
        , id
        , sum(sales) as sales
        , sum(returns) as returns
        , sum(profit) as profit
 from 
 (select 'store channel' as channel
        , ss.s_store_sk as id
        , sales
        , coalesce(returns, 0) as returns
        , (profit - coalesce(profit_loss,0)) as profit
 from   ss left join sr
        on  ss.s_store_sk = sr.s_store_sk
 union all
 select 'catalog channel' as channel
        , cs_call_center_sk as id
        , sales
        , returns
        , (profit - profit_loss) as profit
 from  cs
       , cr
 union all
 select 'web channel' as channel
        , ws.wp_web_page_sk as id
        , sales
        , coalesce(returns, 0) as returns
        , (profit - coalesce(profit_loss,0)) as profit
 from   ws left join wr
        on  ws.wp_web_page_sk = wr.wp_web_page_sk
 ) x
 group by rollup (channel, id)
 order by channel
         ,id
 limit 100;
Limit  (cost=45342.99..45350.41 rows=100 width=64) (actual time=188.574..230.293 rows=44 loops=1)
  ->  GroupAggregate  (cost=45342.99..45359.09 rows=217 width=64) (actual time=188.573..230.290 rows=44 loops=1)
        Group Key: ('store channel'::text), store.s_store_sk
        Group Key: ('store channel'::text)
        Group Key: ()
        ->  Gather Merge  (cost=45342.99..45355.57 rows=108 width=64) (actual time=188.567..230.264 rows=52 loops=1)
              Workers Planned: 2
              Workers Launched: 2
              ->  Sort  (cost=44342.97..44343.08 rows=45 width=64) (actual time=79.682..79.689 rows=17 loops=3)
                    Sort Key: ('store channel'::text), store.s_store_sk
                    Sort Method: quicksort  Memory: 26kB
                    Worker 0:  Sort Method: quicksort  Memory: 27kB
                    Worker 1:  Sort Method: quicksort  Memory: 25kB
                    ->  Parallel Append  (cost=1.71..44341.73 rows=45 width=64) (actual time=53.259..79.660 rows=17 loops=3)
                          ->  Merge Left Join  (cost=1.71..44341.39 rows=12 width=64) (actual time=105.882..180.595 rows=6 loops=1)
                                Merge Cond: (store.s_store_sk = store_1.s_store_sk)
                                ->  GroupAggregate  (cost=0.86..40563.64 rows=12 width=24) (actual time=92.413..163.431 rows=6 loops=1)
                                      Group Key: store.s_store_sk
                                      ->  Nested Loop  (cost=0.86..40555.18 rows=1113 width=24) (actual time=0.389..158.601 rows=60317 loops=1)
                                            Join Filter: (store_sales.ss_store_sk = store.s_store_sk)
                                            Rows Removed by Join Filter: 680743
                                            ->  Index Only Scan using pk_store on store  (cost=0.14..3.62 rows=12 width=8) (actual time=0.079..0.087 rows=12 loops=1)
                                                  Heap Fetches: 12
                                            ->  Materialize  (cost=0.72..40344.42 rows=1167 width=24) (actual time=0.020..9.224 rows=61755 loops=12)
                                                  ->  Nested Loop  (cost=0.72..40338.58 rows=1167 width=24) (actual time=0.233..71.382 rows=61755 loops=1)
                                                        ->  Index Scan using i_d_date on date_dim  (cost=0.29..3.11 rows=31 width=8) (actual time=0.093..0.106 rows=31 loops=1)
                                                              Index Cond: ((d_date >= '1999-08-12'::date) AND (d_date <= '1999-09-11 00:00:00'::timestamp without time zone))
                                                        ->  Index Scan using i_ss_sold_date_sk on store_sales  (cost=0.43..1286.06 rows=1508 width=32) (actual time=0.017..1.882 rows=1992 loops=31)
                                                              Index Cond: (ss_sold_date_sk = date_dim.d_date_sk)
                                ->  GroupAggregate  (cost=0.85..3777.30 rows=12 width=24) (actual time=13.464..17.156 rows=6 loops=1)
                                      Group Key: store_1.s_store_sk
                                      ->  Nested Loop  (cost=0.85..3776.32 rows=114 width=24) (actual time=0.089..16.889 rows=3086 loops=1)
                                            Join Filter: (store_returns.sr_store_sk = store_1.s_store_sk)
                                            Rows Removed by Join Filter: 34726
                                            ->  Index Only Scan using pk_store on store store_1  (cost=0.14..3.62 rows=12 width=8) (actual time=0.005..0.008 rows=12 loops=1)
                                                  Heap Fetches: 12
                                            ->  Materialize  (cost=0.71..3751.76 rows=118 width=24) (actual time=0.006..1.195 rows=3151 loops=12)
                                                  ->  Nested Loop  (cost=0.71..3751.17 rows=118 width=24) (actual time=0.066..12.260 rows=3151 loops=1)
                                                        ->  Index Scan using i_d_date on date_dim date_dim_1  (cost=0.29..3.11 rows=31 width=8) (actual time=0.013..0.024 rows=31 loops=1)
                                                              Index Cond: ((d_date >= '1999-08-12'::date) AND (d_date <= '1999-09-11 00:00:00'::timestamp without time zone))
                                                        ->  Index Scan using i_sr_returned_date_sk on store_returns  (cost=0.42..119.51 rows=140 width=32) (actual time=0.008..0.375 rows=102 loops=31)
                                                              Index Cond: (sr_returned_date_sk = date_dim_1.d_date_sk)
                          ->  Merge Left Join  (cost=12317.53..12327.38 rows=60 width=64) (actual time=35.591..39.882 rows=30 loops=1)
                                Merge Cond: (web_page.wp_web_page_sk = web_page_1.wp_web_page_sk)
                                ->  GroupAggregate  (cost=11357.88..11365.64 rows=60 width=24) (actual time=30.629..34.751 rows=30 loops=1)
                                      Group Key: web_page.wp_web_page_sk
                                      ->  Merge Join  (cost=11357.88..11362.75 rows=305 width=24) (actual time=30.471..33.543 rows=16532 loops=1)
                                            Merge Cond: (web_sales.ws_web_page_sk = web_page.wp_web_page_sk)
                                            ->  Sort  (cost=11353.51..11354.27 rows=305 width=24) (actual time=30.397..31.408 rows=16533 loops=1)
                                                  Sort Key: web_sales.ws_web_page_sk
                                                  Worker 0:  Sort Method: quicksort  Memory: 1802kB
                                                  ->  Nested Loop  (cost=0.72..11340.92 rows=305 width=24) (actual time=0.204..27.214 rows=16535 loops=1)
                                                        ->  Index Scan using i_d_date on date_dim date_dim_2  (cost=0.29..3.11 rows=31 width=8) (actual time=0.101..0.118 rows=31 loops=1)
                                                              Index Cond: ((d_date >= '1999-08-12'::date) AND (d_date <= '1999-09-11 00:00:00'::timestamp without time zone))
                                                        ->  Index Scan using i_ws_sold_date_sk on web_sales  (cost=0.42..361.79 rows=395 width=32) (actual time=0.018..0.723 rows=533 loops=31)
                                                              Index Cond: (ws_sold_date_sk = date_dim_2.d_date_sk)
                                            ->  Sort  (cost=4.37..4.52 rows=60 width=8) (actual time=0.069..0.073 rows=58 loops=1)
                                                  Sort Key: web_page.wp_web_page_sk
                                                  Worker 0:  Sort Method: quicksort  Memory: 25kB
                                                  ->  Seq Scan on web_page  (cost=0.00..2.60 rows=60 width=8) (actual time=0.047..0.060 rows=60 loops=1)
                                ->  GroupAggregate  (cost=959.65..960.21 rows=28 width=24) (actual time=4.958..5.119 rows=30 loops=1)
                                      Group Key: web_page_1.wp_web_page_sk
                                      ->  Sort  (cost=959.65..959.72 rows=28 width=24) (actual time=4.949..4.998 rows=1105 loops=1)
                                            Sort Key: web_page_1.wp_web_page_sk
                                            Worker 0:  Sort Method: quicksort  Memory: 117kB
                                            ->  Nested Loop  (cost=0.72..958.98 rows=28 width=24) (actual time=0.085..4.712 rows=1105 loops=1)
                                                  ->  Nested Loop  (cost=0.58..954.41 rows=29 width=24) (actual time=0.048..3.608 rows=1131 loops=1)
                                                        ->  Index Scan using i_d_date on date_dim date_dim_3  (cost=0.29..3.11 rows=31 width=8) (actual time=0.010..0.017 rows=31 loops=1)
                                                              Index Cond: ((d_date >= '1999-08-12'::date) AND (d_date <= '1999-09-11 00:00:00'::timestamp without time zone))
                                                        ->  Index Scan using i_wr_returned_date_sk on web_returns  (cost=0.29..30.36 rows=33 width=32) (actual time=0.005..0.108 rows=36 loops=31)
                                                              Index Cond: (wr_returned_date_sk = date_dim_3.d_date_sk)
                                                  ->  Index Only Scan using pk_web_page on web_page web_page_1  (cost=0.14..0.16 rows=1 width=8) (actual time=0.001..0.001 rows=1 loops=1131)
                                                        Index Cond: (wp_web_page_sk = web_returns.wr_web_page_sk)
                                                        Heap Fetches: 1105
                          ->  Nested Loop  (cost=1941.61..1943.02 rows=36 width=64) (actual time=18.302..18.480 rows=16 loops=1)
                                ->  HashAggregate  (cost=1702.97..1703.03 rows=6 width=24) (actual time=16.711..16.713 rows=4 loops=1)
                                      Group Key: catalog_sales.cs_call_center_sk
                                      Batches: 1  Memory Usage: 24kB
                                      ->  Nested Loop  (cost=0.72..1698.42 rows=607 width=24) (actual time=0.021..12.521 rows=31640 loops=1)
                                            ->  Index Scan using i_d_date on date_dim date_dim_4  (cost=0.29..3.11 rows=31 width=8) (actual time=0.010..0.021 rows=31 loops=1)
                                                  Index Cond: ((d_date >= '1999-08-12'::date) AND (d_date <= '1999-09-11 00:00:00'::timestamp without time zone))
                                            ->  Index Scan using i_cs_sold_date_sk on catalog_sales  (cost=0.43..46.87 rows=782 width=32) (actual time=0.005..0.174 rows=1021 loops=31)
                                                  Index Cond: (cs_sold_date_sk = date_dim_4.d_date_sk)
                                ->  Materialize  (cost=238.64..239.40 rows=6 width=16) (actual time=0.397..0.441 rows=4 loops=4)
                                      ->  Subquery Scan on cr  (cost=238.64..239.37 rows=6 width=16) (actual time=1.588..1.759 rows=4 loops=1)
                                            ->  GroupAggregate  (cost=238.64..239.31 rows=6 width=24) (actual time=1.587..1.758 rows=4 loops=1)
                                                  Group Key: catalog_returns.cr_call_center_sk
                                                  ->  Sort  (cost=238.64..238.80 rows=61 width=24) (actual time=1.517..1.584 rows=1539 loops=1)
                                                        Sort Key: catalog_returns.cr_call_center_sk
                                                        Sort Method: quicksort  Memory: 144kB
                                                        ->  Nested Loop  (cost=0.59..236.84 rows=61 width=24) (actual time=0.012..1.320 rows=1539 loops=1)
                                                              ->  Index Scan using i_d_date on date_dim date_dim_5  (cost=0.29..3.11 rows=31 width=8) (actual time=0.005..0.010 rows=31 loops=1)
                                                                    Index Cond: ((d_date >= '1999-08-12'::date) AND (d_date <= '1999-09-11 00:00:00'::timestamp without time zone))
                                                              ->  Index Scan using i_cr_returned_date_sk on catalog_returns  (cost=0.29..6.82 rows=72 width=32) (actual time=0.002..0.033 rows=50 loops=31)
                                                                    Index Cond: (cr_returned_date_sk = date_dim_5.d_date_sk)
     channel     | id |       sales        |      returns       |       profit        
-----------------+----+--------------------+--------------------+---------------------
 catalog channel |  1 |  108752735.8400003 | 2001150.3399999996 | -11526228.609999962
 catalog channel |  2 | 105474857.36000052 | 2001150.3399999996 | -11651161.650000008
 catalog channel |  4 |  108323255.7999999 | 2001150.3399999999 | -10348799.090000011
 catalog channel |    | 265198.12000000005 | 2001150.3399999996 | -1297436.2499999998
 catalog channel |    |  322816047.1200006 |  8004601.359999999 |  -34823625.59999998
 store channel   |  1 |  19284318.14999998 |  460151.6800000001 |  -8747148.370000005
 store channel   |  2 |  18042911.56999991 |  546796.9699999997 |   -8125647.62999999
 store channel   |  4 |  21588190.49000001 | 472724.13999999966 |  -9365517.309999995
 store channel   |  7 | 17838066.629999958 |  531834.8299999998 |  -8396102.429999998
 store channel   |  8 |  19754477.12000006 |  489857.8500000003 |  -8688423.760000015
 store channel   | 10 |        17786512.84 |  488992.7399999995 |  -7992927.419999993
 store channel   |    | 114294476.79999992 |  2990358.209999999 | -51315766.919999994
 web channel     |  1 |         1314305.35 |           51527.75 | -159770.16999999998
 web channel     |  2 | 1315393.6800000004 |           72212.93 | -249987.97000000006
 web channel     |  4 | 1513280.4700000025 | 23765.700000000004 |           -157774.7
 web channel     |  7 | 1550057.2300000002 | 26536.659999999996 |  -73311.58999999997
 web channel     |  8 |  1380780.260000001 |  41530.94999999999 | -192677.35000000003
 web channel     | 10 | 1462443.4000000013 |  65932.11999999998 |          -265045.13
 web channel     | 13 | 1222677.4700000007 | 26216.160000000003 | -204823.17000000004
 web channel     | 14 |  1346322.770000001 |  64270.94999999999 | -178709.79999999984
 web channel     | 16 | 1237816.3799999997 |  86682.98000000003 |  -143248.3599999999
 web channel     | 19 | 1327856.0800000012 |           10872.95 |  -246100.3700000002
 web channel     | 20 | 1468837.7499999986 | 31065.179999999997 | -156201.55999999994
 web channel     | 22 | 1292744.7199999995 |           54971.16 |          -215306.81
 web channel     | 25 |         1406254.71 | 42623.619999999995 | -176253.36000000022
 web channel     | 26 | 1557094.7299999986 |  49778.74999999999 | -166939.20000000013
 web channel     | 28 |  1451363.549999999 |           72551.66 | -152906.82000000004
 web channel     | 31 | 1457712.5300000012 |           50418.89 | -148274.35000000003
 web channel     | 32 | 1372013.5199999998 |           35357.17 | -205026.44999999995
 web channel     | 34 |         1398593.45 |           69660.62 | -115434.54000000001
 web channel     | 37 | 1408419.0900000008 | 34575.130000000005 | -143376.53000000006
 web channel     | 38 | 1357124.9200000013 |  61888.06000000001 | -167714.21999999994
 web channel     | 40 | 1312997.1299999997 |           66487.01 | -134777.14000000007
 web channel     | 43 | 1360617.7900000005 | 23959.879999999997 | -115642.31999999996
 web channel     | 44 | 1369134.5000000002 |  60019.32000000001 | -182937.81000000008
 web channel     | 46 |  1455307.140000001 | 21839.140000000003 |  -148394.9299999998
 web channel     | 49 | 1325926.4199999992 |           52736.43 |  -216545.5599999999
 web channel     | 50 | 1409932.5299999986 |  65831.93000000002 | -256273.97999999998
 web channel     | 52 |         1455148.96 | 31847.409999999996 |  -50556.94999999998
 web channel     | 55 | 1389275.4799999995 |  36167.42999999999 | -145120.28999999995
 web channel     | 56 | 1432313.3699999996 |           75858.25 |  -74479.32000000002
 web channel     | 58 | 1375743.9800000011 |  40384.33000000001 | -134448.06000000006
 web channel     |    |        41727489.36 |         1447570.52 | -4978058.8100000005
                 |    | 478838013.28000057 | 12442530.089999996 |  -91117451.32999998
(44 rows)

UPDATE time_statistics SET e_time = TRANSACTION_TIMESTAMP() WHERE template = '../query_postgresql/query77.tpl' AND stream = 1;
psql:/tmp/s1-basline/throughput/query_1.sql:634: NOTICE:  duration: 0.023 ms  plan:
Query Text: UPDATE time_statistics SET e_time = TRANSACTION_TIMESTAMP() WHERE template = '../query_postgresql/query77.tpl' AND stream = 1;
Update on time_statistics  (cost=0.00..1.38 rows=0 width=0) (actual time=0.023..0.023 rows=0 loops=1)
  ->  Seq Scan on time_statistics  (cost=0.00..1.38 rows=1 width=14) (actual time=0.012..0.012 rows=1 loops=1)
        Filter: ((template = '../query_postgresql/query77.tpl'::text) AND (stream = 1))
        Rows Removed by Filter: 47
UPDATE 1
LOAD 'auto_explain'; SET auto_explain.log_min_duration TO 0; SET auto_explain.log_analyze TO on; SET auto_explain.log_level TO notice; INSERT INTO time_statistics (template, s_time, stream, query, seed) VALUES ('../query_postgresql/query40.tpl', TRANSACTION_TIMESTAMP(), 1, 11, 1401300692);
LOAD
SET
SET
SET
psql:/tmp/s1-basline/throughput/query_1.sql:635: NOTICE:  duration: 0.008 ms  plan:
Query Text: INSERT INTO time_statistics (template, s_time, stream, query, seed) VALUES ('../query_postgresql/query40.tpl', TRANSACTION_TIMESTAMP(), 1, 11, 1401300692);
Insert on time_statistics  (cost=0.00..0.01 rows=0 width=0) (actual time=0.007..0.008 rows=0 loops=1)
  ->  Result  (cost=0.00..0.01 rows=1 width=64) (actual time=0.001..0.002 rows=1 loops=1)
INSERT 0 1
select  
   w_state
  ,i_item_id
  ,sum(case when (cast(d_date as date) < cast ('1999-02-14' as date)) 
 		then cs_sales_price - coalesce(cr_refunded_cash,0) else 0 end) as sales_before
  ,sum(case when (cast(d_date as date) >= cast ('1999-02-14' as date)) 
 		then cs_sales_price - coalesce(cr_refunded_cash,0) else 0 end) as sales_after
 from
   catalog_sales left outer join catalog_returns on
       (cs_order_number = cr_order_number 
        and cs_item_sk = cr_item_sk)
  ,warehouse 
  ,item
  ,date_dim
 where
     i_current_price between 0.99 and 1.49
 and i_item_sk          = cs_item_sk
 and cs_warehouse_sk    = w_warehouse_sk 
 and cs_sold_date_sk    = d_date_sk
 and d_date between (cast ('1999-02-14' as date) - interval '30 days')
                and (cast ('1999-02-14' as date) + interval '30 days') 
 group by
    w_state,i_item_id
 order by w_state,i_item_id
limit 100;
psql:/tmp/s1-basline/throughput/query_1.sql:660: NOTICE:  duration: 65.616 ms  plan:
Query Text: select  
   w_state
  ,i_item_id
  ,sum(case when (cast(d_date as date) < cast ('1999-02-14' as date)) 
 		then cs_sales_price - coalesce(cr_refunded_cash,0) else 0 end) as sales_before
  ,sum(case when (cast(d_date as date) >= cast ('1999-02-14' as date)) 
 		then cs_sales_price - coalesce(cr_refunded_cash,0) else 0 end) as sales_after
 from
   catalog_sales left outer join catalog_returns on
       (cs_order_number = cr_order_number 
        and cs_item_sk = cr_item_sk)
  ,warehouse 
  ,item
  ,date_dim
 where
     i_current_price between 0.99 and 1.49
 and i_item_sk          = cs_item_sk
 and cs_warehouse_sk    = w_warehouse_sk 
 and cs_sold_date_sk    = d_date_sk
 and d_date between (cast ('1999-02-14' as date) - interval '30 days')
                and (cast ('1999-02-14' as date) + interval '30 days') 
 group by
    w_state,i_item_id
 order by w_state,i_item_id
limit 100;
Limit  (cost=3736.49..3738.89 rows=74 width=36) (actual time=65.453..65.573 rows=100 loops=1)
  ->  GroupAggregate  (cost=3736.49..3738.89 rows=74 width=36) (actual time=65.453..65.566 rows=100 loops=1)
        Group Key: warehouse.w_state, item.i_item_id
        ->  Sort  (cost=3736.49..3736.67 rows=74 width=40) (actual time=65.445..65.459 rows=321 loops=1)
              Sort Key: warehouse.w_state, item.i_item_id
              Sort Method: quicksort  Memory: 172kB
              ->  Nested Loop  (cost=1.43..3734.19 rows=74 width=40) (actual time=0.099..61.123 rows=1733 loops=1)
                    Join Filter: (catalog_sales.cs_warehouse_sk = warehouse.w_warehouse_sk)
                    Rows Removed by Join Filter: 3455
                    ->  Nested Loop Left Join  (cost=1.43..3728.33 rows=74 width=45) (actual time=0.094..60.363 rows=1734 loops=1)
                          ->  Nested Loop  (cost=1.01..3695.49 rows=74 width=53) (actual time=0.089..56.606 rows=1734 loops=1)
                                ->  Nested Loop  (cost=0.72..3323.85 rows=1195 width=36) (actual time=0.026..11.993 rows=27423 loops=1)
                                      ->  Index Scan using i_d_date on date_dim  (cost=0.29..4.71 rows=61 width=12) (actual time=0.018..0.045 rows=61 loops=1)
                                            Index Cond: ((d_date >= '1999-01-15 00:00:00'::timestamp without time zone) AND (d_date <= '1999-03-16 00:00:00'::timestamp without time zone))
                                      ->  Index Scan using i_cs_sold_date_sk on catalog_sales  (cost=0.43..46.59 rows=782 width=40) (actual time=0.004..0.119 rows=450 loops=61)
                                            Index Cond: (cs_sold_date_sk = date_dim.d_date_sk)
                                ->  Index Scan using pk_item on item  (cost=0.29..0.31 rows=1 width=25) (actual time=0.001..0.001 rows=0 loops=27423)
                                      Index Cond: (i_item_sk = catalog_sales.cs_item_sk)
                                      Filter: ((i_current_price >= '0.99'::double precision) AND (i_current_price <= '1.49'::double precision))
                                      Rows Removed by Filter: 1
                          ->  Index Scan using pk_catalog_returns on catalog_returns  (cost=0.42..0.44 rows=1 width=24) (actual time=0.002..0.002 rows=0 loops=1734)
                                Index Cond: ((cr_item_sk = catalog_sales.cs_item_sk) AND (cr_order_number = catalog_sales.cs_order_number))
                    ->  Materialize  (cost=0.00..1.07 rows=5 width=11) (actual time=0.000..0.000 rows=3 loops=1734)
                          ->  Seq Scan on warehouse  (cost=0.00..1.05 rows=5 width=11) (actual time=0.002..0.004 rows=5 loops=1)
 w_state |    i_item_id     |    sales_before     |     sales_after     
---------+------------------+---------------------+---------------------
 TN      | AAAAAAAAAACDAAAA |               17.68 |              140.61
 TN      | AAAAAAAAAAMBAAAA |                   0 |              198.74
 TN      | AAAAAAAAABCEAAAA |              128.11 |               55.98
 TN      | AAAAAAAAABGDAAAA |                66.3 |                   0
 TN      | AAAAAAAAACHCAAAA |              199.64 |              226.28
 TN      | AAAAAAAAACMDAAAA |              167.14 |              152.82
 TN      | AAAAAAAAAEGEAAAA |              106.22 |              178.26
 TN      | AAAAAAAAAFBEAAAA |               37.28 |  -78.34000000000002
 TN      | AAAAAAAAAFOBAAAA |               16.41 |              117.31
 TN      | AAAAAAAAAFPDAAAA |               74.56 |                   0
 TN      | AAAAAAAAAGDBAAAA |              159.09 |               11.81
 TN      | AAAAAAAAAGHAAAAA |                   0 |               114.1
 TN      | AAAAAAAAAGOAAAAA |   66.72999999999999 |               46.88
 TN      | AAAAAAAAAHBAAAAA |  58.900000000000006 |  101.44999999999999
 TN      | AAAAAAAAAHGAAAAA |                   0 |   73.53999999999999
 TN      | AAAAAAAAAHJAAAAA |              176.85 |              146.47
 TN      | AAAAAAAAAHPAAAAA |               70.18 |               17.72
 TN      | AAAAAAAAAIBEAAAA |               103.1 |               97.63
 TN      | AAAAAAAAAICDAAAA |                22.1 |                   0
 TN      | AAAAAAAAAIDAAAAA |              160.27 |  202.15999999999997
 TN      | AAAAAAAAAIGAAAAA |                   0 |               97.31
 TN      | AAAAAAAAAJCAAAAA |               54.51 |              323.02
 TN      | AAAAAAAAAJDEAAAA |                4.84 |              150.75
 TN      | AAAAAAAAAJIDAAAA |               48.01 |               16.84
 TN      | AAAAAAAAAJKDAAAA |              124.28 |             -940.51
 TN      | AAAAAAAAAJLCAAAA |                   0 |                3.42
 TN      | AAAAAAAAAKHCAAAA |              165.87 |               92.74
 TN      | AAAAAAAAAKLCAAAA |                 152 | -292.21000000000004
 TN      | AAAAAAAAALBBAAAA |               64.86 |                   0
 TN      | AAAAAAAAALIAAAAA |                   0 |              118.68
 TN      | AAAAAAAAALLDAAAA |               21.91 |               36.78
 TN      | AAAAAAAAAMBEAAAA |              283.25 |               48.54
 TN      | AAAAAAAAAMDEAAAA |               53.79 |   81.46000000000001
 TN      | AAAAAAAAAMEBAAAA |               43.73 |                   0
 TN      | AAAAAAAAAMEEAAAA |              -14.21 |             -521.23
 TN      | AAAAAAAAANBAAAAA |               92.33 |                   0
 TN      | AAAAAAAAANKAAAAA |              140.06 |               15.61
 TN      | AAAAAAAAAOBBAAAA |  42.559999999999995 |                   0
 TN      | AAAAAAAAAOGDAAAA |               23.38 |              167.93
 TN      | AAAAAAAAAOJCAAAA |               17.19 |               11.93
 TN      | AAAAAAAAAOKCAAAA |                   0 | -227.88999999999996
 TN      | AAAAAAAAAOOAAAAA |               14.18 |  187.33999999999997
 TN      | AAAAAAAAAPBEAAAA |              319.98 |              105.48
 TN      | AAAAAAAAAPNBAAAA |                5.09 |                   0
 TN      | AAAAAAAABBBBAAAA |               63.23 |                   0
 TN      | AAAAAAAABBCDAAAA |  107.99000000000001 |  294.33000000000004
 TN      | AAAAAAAABBOAAAAA |               94.15 |            -2717.81
 TN      | AAAAAAAABBPCAAAA |                   0 |              148.87
 TN      | AAAAAAAABCBDAAAA |               93.89 |  -92.73000000000002
 TN      | AAAAAAAABCEAAAAA |                4.47 |              124.53
 TN      | AAAAAAAABDOBAAAA |                   0 |  178.28000000000003
 TN      | AAAAAAAABDPAAAAA |              238.39 |                   0
 TN      | AAAAAAAABDPDAAAA |              339.06 |             -805.07
 TN      | AAAAAAAABEGCAAAA |                89.4 |                0.27
 TN      | AAAAAAAABFICAAAA |             -670.82 |                   0
 TN      | AAAAAAAABFKAAAAA |               37.78 |                   0
 TN      | AAAAAAAABGKCAAAA |                   0 |               28.13
 TN      | AAAAAAAABHCDAAAA |  130.72000000000003 |                   0
 TN      | AAAAAAAABHFAAAAA |               103.2 |               66.41
 TN      | AAAAAAAABIKDAAAA |               29.68 |                4.92
 TN      | AAAAAAAABIOCAAAA |  185.79000000000002 |               125.5
 TN      | AAAAAAAABJPDAAAA |               64.34 |               211.3
 TN      | AAAAAAAABKGCAAAA |  121.63000000000001 |                0.04
 TN      | AAAAAAAABKNBAAAA |              -48.22 |               48.51
 TN      | AAAAAAAABLEAAAAA |                60.4 |                   0
 TN      | AAAAAAAABLKAAAAA |                27.3 |              116.72
 TN      | AAAAAAAABMBCAAAA |                9.35 |               10.72
 TN      | AAAAAAAABMECAAAA |                   0 |               72.13
 TN      | AAAAAAAABMKCAAAA |               40.61 |               27.74
 TN      | AAAAAAAABNFAAAAA |               23.55 |               59.15
 TN      | AAAAAAAACAFDAAAA |            -1964.01 |               94.07
 TN      | AAAAAAAACBCAAAAA |               35.51 |  154.98000000000002
 TN      | AAAAAAAACBEAAAAA |              109.99 |               99.85
 TN      | AAAAAAAACCAAAAAA |                   0 |               360.6
 TN      | AAAAAAAACCCBAAAA |               71.37 |               31.95
 TN      | AAAAAAAACCHCAAAA |              179.55 |                7.54
 TN      | AAAAAAAACCKCAAAA |  177.35999999999999 |              126.05
 TN      | AAAAAAAACDBEAAAA |                   0 |               66.32
 TN      | AAAAAAAACDGAAAAA |               59.72 |                   0
 TN      | AAAAAAAACDHBAAAA |               42.05 |               46.34
 TN      | AAAAAAAACDJDAAAA |              119.51 |               59.57
 TN      | AAAAAAAACDPDAAAA |               43.46 |                   0
 TN      | AAAAAAAACEABAAAA |                   0 |             -107.36
 TN      | AAAAAAAACECCAAAA |                99.2 |                   0
 TN      | AAAAAAAACECDAAAA |  57.910000000000004 |   47.43000000000001
 TN      | AAAAAAAACEEAAAAA |               15.14 |              156.96
 TN      | AAAAAAAACEIDAAAA |              270.79 |               10.05
 TN      | AAAAAAAACFGDAAAA |                   0 |                34.1
 TN      | AAAAAAAACGBEAAAA |             -532.07 |               20.14
 TN      | AAAAAAAACGGDAAAA |                2.08 |               12.32
 TN      | AAAAAAAACHFDAAAA |  -915.6800000000001 |             -150.48
 TN      | AAAAAAAACHIDAAAA |              116.19 |                  17
 TN      | AAAAAAAACHKDAAAA |                1.68 |             -413.46
 TN      | AAAAAAAACIFBAAAA |                   0 |   80.36999999999999
 TN      | AAAAAAAACIIBAAAA |               50.91 |               57.26
 TN      | AAAAAAAACIKAAAAA |               55.58 |                8.55
 TN      | AAAAAAAACJFBAAAA | -23.879999999999995 |                   0
 TN      | AAAAAAAACKABAAAA |                0.63 |               29.81
 TN      | AAAAAAAACKFAAAAA | -458.12000000000006 |                   0
 TN      | AAAAAAAACLBCAAAA |              256.37 | -117.64000000000001
(100 rows)

UPDATE time_statistics SET e_time = TRANSACTION_TIMESTAMP() WHERE template = '../query_postgresql/query40.tpl' AND stream = 1;
psql:/tmp/s1-basline/throughput/query_1.sql:662: NOTICE:  duration: 0.040 ms  plan:
Query Text: UPDATE time_statistics SET e_time = TRANSACTION_TIMESTAMP() WHERE template = '../query_postgresql/query40.tpl' AND stream = 1;
Update on time_statistics  (cost=0.00..1.38 rows=0 width=0) (actual time=0.039..0.039 rows=0 loops=1)
  ->  Seq Scan on time_statistics  (cost=0.00..1.38 rows=1 width=14) (actual time=0.012..0.012 rows=1 loops=1)
        Filter: ((template = '../query_postgresql/query40.tpl'::text) AND (stream = 1))
        Rows Removed by Filter: 48
UPDATE 1
LOAD 'auto_explain'; SET auto_explain.log_min_duration TO 0; SET auto_explain.log_analyze TO on; SET auto_explain.log_level TO notice; INSERT INTO time_statistics (template, s_time, stream, query, seed) VALUES ('query96.tpl', TRANSACTION_TIMESTAMP(), 1, 12, 1179329837);
LOAD
SET
SET
SET
psql:/tmp/s1-basline/throughput/query_1.sql:663: NOTICE:  duration: 0.016 ms  plan:
Query Text: INSERT INTO time_statistics (template, s_time, stream, query, seed) VALUES ('query96.tpl', TRANSACTION_TIMESTAMP(), 1, 12, 1179329837);
Insert on time_statistics  (cost=0.00..0.01 rows=0 width=0) (actual time=0.016..0.016 rows=0 loops=1)
  ->  Result  (cost=0.00..0.01 rows=1 width=64) (actual time=0.002..0.002 rows=1 loops=1)
INSERT 0 1
select  count(*) 
from store_sales
    ,household_demographics 
    ,time_dim, store
where ss_sold_time_sk = time_dim.t_time_sk   
    and ss_hdemo_sk = household_demographics.hd_demo_sk 
    and ss_store_sk = s_store_sk
    and time_dim.t_hour = 15
    and time_dim.t_minute >= 30
    and household_demographics.hd_dep_count = 5
    and store.s_store_name = 'ese'
order by count(*)
limit 100;
psql:/tmp/s1-basline/throughput/query_1.sql:676: NOTICE:  duration: 326.745 ms  plan:
Query Text: select  count(*) 
from store_sales
    ,household_demographics 
    ,time_dim, store
where ss_sold_time_sk = time_dim.t_time_sk   
    and ss_hdemo_sk = household_demographics.hd_demo_sk 
    and ss_store_sk = s_store_sk
    and time_dim.t_hour = 15
    and time_dim.t_minute >= 30
    and household_demographics.hd_dep_count = 5
    and store.s_store_name = 'ese'
order by count(*)
limit 100;
Limit  (cost=92268.38..92268.38 rows=1 width=8) (actual time=254.743..326.737 rows=1 loops=1)
  ->  Sort  (cost=92268.38..92268.38 rows=1 width=8) (actual time=254.743..326.736 rows=1 loops=1)
        Sort Key: (count(*))
        Sort Method: quicksort  Memory: 25kB
        ->  Finalize Aggregate  (cost=92268.36..92268.37 rows=1 width=8) (actual time=254.738..326.731 rows=1 loops=1)
              ->  Gather  (cost=92268.14..92268.35 rows=2 width=8) (actual time=254.591..326.726 rows=3 loops=1)
                    Workers Planned: 2
                    Workers Launched: 2
                    ->  Partial Aggregate  (cost=91268.14..91268.15 rows=1 width=8) (actual time=250.439..250.444 rows=1 loops=3)
                          ->  Hash Join  (cost=2925.67..91267.69 rows=181 width=0) (actual time=16.941..250.421 rows=303 loops=3)
                                Hash Cond: (store_sales.ss_store_sk = store.s_store_sk)
                                ->  Hash Join  (cost=2924.51..91258.55 rows=2274 width=8) (actual time=16.761..250.099 rows=1727 loops=3)
                                      Hash Cond: (store_sales.ss_hdemo_sk = household_demographics.hd_demo_sk)
                                      ->  Hash Join  (cost=2765.51..91036.90 rows=23851 width=16) (actual time=12.258..247.642 rows=18408 loops=3)
                                            Hash Cond: (store_sales.ss_sold_time_sk = time_dim.t_time_sk)
                                            ->  Parallel Seq Scan on store_sales  (cost=0.00..85123.48 rows=1199148 width=24) (actual time=0.016..127.704 rows=959309 loops=3)
                                            ->  Hash  (cost=2743.00..2743.00 rows=1801 width=8) (actual time=11.997..11.998 rows=1800 loops=3)
                                                  Buckets: 2048  Batches: 1  Memory Usage: 87kB
                                                  ->  Seq Scan on time_dim  (cost=0.00..2743.00 rows=1801 width=8) (actual time=7.793..11.778 rows=1800 loops=3)
                                                        Filter: ((t_minute >= 30) AND (t_hour = 15))
                                                        Rows Removed by Filter: 84600
                                      ->  Hash  (cost=150.00..150.00 rows=720 width=8) (actual time=1.007..1.008 rows=720 loops=3)
                                            Buckets: 1024  Batches: 1  Memory Usage: 37kB
                                            ->  Seq Scan on household_demographics  (cost=0.00..150.00 rows=720 width=8) (actual time=0.094..0.921 rows=720 loops=3)
                                                  Filter: (hd_dep_count = 5)
                                                  Rows Removed by Filter: 6480
                                ->  Hash  (cost=1.15..1.15 rows=1 width=8) (actual time=0.027..0.028 rows=1 loops=3)
                                      Buckets: 1024  Batches: 1  Memory Usage: 9kB
                                      ->  Seq Scan on store  (cost=0.00..1.15 rows=1 width=8) (actual time=0.023..0.024 rows=1 loops=3)
                                            Filter: ((s_store_name)::text = 'ese'::text)
                                            Rows Removed by Filter: 11
 count 
-------
   909
(1 row)

UPDATE time_statistics SET e_time = TRANSACTION_TIMESTAMP() WHERE template = 'query96.tpl' AND stream = 1;
psql:/tmp/s1-basline/throughput/query_1.sql:678: NOTICE:  duration: 0.030 ms  plan:
Query Text: UPDATE time_statistics SET e_time = TRANSACTION_TIMESTAMP() WHERE template = 'query96.tpl' AND stream = 1;
Update on time_statistics  (cost=0.00..1.38 rows=0 width=0) (actual time=0.030..0.030 rows=0 loops=1)
  ->  Seq Scan on time_statistics  (cost=0.00..1.38 rows=1 width=14) (actual time=0.015..0.015 rows=1 loops=1)
        Filter: ((template = 'query96.tpl'::text) AND (stream = 1))
        Rows Removed by Filter: 49
UPDATE 1
LOAD 'auto_explain'; SET auto_explain.log_min_duration TO 0; SET auto_explain.log_analyze TO on; SET auto_explain.log_level TO notice; INSERT INTO time_statistics (template, s_time, stream, query, seed) VALUES ('query13.tpl', TRANSACTION_TIMESTAMP(), 1, 13, 1550682145);
LOAD
SET
SET
SET
psql:/tmp/s1-basline/throughput/query_1.sql:679: NOTICE:  duration: 0.008 ms  plan:
Query Text: INSERT INTO time_statistics (template, s_time, stream, query, seed) VALUES ('query13.tpl', TRANSACTION_TIMESTAMP(), 1, 13, 1550682145);
Insert on time_statistics  (cost=0.00..0.01 rows=0 width=0) (actual time=0.008..0.008 rows=0 loops=1)
  ->  Result  (cost=0.00..0.01 rows=1 width=64) (actual time=0.001..0.002 rows=1 loops=1)
INSERT 0 1
select avg(ss_quantity)
       ,avg(ss_ext_sales_price)
       ,avg(ss_ext_wholesale_cost)
       ,sum(ss_ext_wholesale_cost)
 from store_sales
     ,store
     ,customer_demographics
     ,household_demographics
     ,customer_address
     ,date_dim
 where s_store_sk = ss_store_sk
 and  ss_sold_date_sk = d_date_sk and d_year = 2001
 and((ss_hdemo_sk=hd_demo_sk
  and cd_demo_sk = ss_cdemo_sk
  and cd_marital_status = 'W'
  and cd_education_status = 'Advanced Degree'
  and ss_sales_price between 100.00 and 150.00
  and hd_dep_count = 3   
     )or
     (ss_hdemo_sk=hd_demo_sk
  and cd_demo_sk = ss_cdemo_sk
  and cd_marital_status = 'D'
  and cd_education_status = 'Unknown'
  and ss_sales_price between 50.00 and 100.00   
  and hd_dep_count = 1
     ) or 
     (ss_hdemo_sk=hd_demo_sk
  and cd_demo_sk = ss_cdemo_sk
  and cd_marital_status = 'U'
  and cd_education_status = '4 yr Degree'
  and ss_sales_price between 150.00 and 200.00 
  and hd_dep_count = 1  
     ))
 and((ss_addr_sk = ca_address_sk
  and ca_country = 'United States'
  and ca_state in ('GA', 'SD', 'NE')
  and ss_net_profit between 100 and 200  
     ) or
     (ss_addr_sk = ca_address_sk
  and ca_country = 'United States'
  and ca_state in ('KS', 'MO', 'IA')
  and ss_net_profit between 150 and 300  
     ) or
     (ss_addr_sk = ca_address_sk
  and ca_country = 'United States'
  and ca_state in ('VA', 'TN', 'AR')
  and ss_net_profit between 50 and 250  
     ))
;
psql:/tmp/s1-basline/throughput/query_1.sql:728: NOTICE:  duration: 347.392 ms  plan:
Query Text: select avg(ss_quantity)
       ,avg(ss_ext_sales_price)
       ,avg(ss_ext_wholesale_cost)
       ,sum(ss_ext_wholesale_cost)
 from store_sales
     ,store
     ,customer_demographics
     ,household_demographics
     ,customer_address
     ,date_dim
 where s_store_sk = ss_store_sk
 and  ss_sold_date_sk = d_date_sk and d_year = 2001
 and((ss_hdemo_sk=hd_demo_sk
  and cd_demo_sk = ss_cdemo_sk
  and cd_marital_status = 'W'
  and cd_education_status = 'Advanced Degree'
  and ss_sales_price between 100.00 and 150.00
  and hd_dep_count = 3   
     )or
     (ss_hdemo_sk=hd_demo_sk
  and cd_demo_sk = ss_cdemo_sk
  and cd_marital_status = 'D'
  and cd_education_status = 'Unknown'
  and ss_sales_price between 50.00 and 100.00   
  and hd_dep_count = 1
     ) or 
     (ss_hdemo_sk=hd_demo_sk
  and cd_demo_sk = ss_cdemo_sk
  and cd_marital_status = 'U'
  and cd_education_status = '4 yr Degree'
  and ss_sales_price between 150.00 and 200.00 
  and hd_dep_count = 1  
     ))
 and((ss_addr_sk = ca_address_sk
  and ca_country = 'United States'
  and ca_state in ('GA', 'SD', 'NE')
  and ss_net_profit between 100 and 200  
     ) or
     (ss_addr_sk = ca_address_sk
  and ca_country = 'United States'
  and ca_state in ('KS', 'MO', 'IA')
  and ss_net_profit between 150 and 300  
     ) or
     (ss_addr_sk = ca_address_sk
  and ca_country = 'United States'
  and ca_state in ('VA', 'TN', 'AR')
  and ss_net_profit between 50 and 250  
     ))
;
Aggregate  (cost=110498.14..110498.15 rows=1 width=56) (actual time=347.381..347.383 rows=1 loops=1)
  ->  Nested Loop  (cost=1.15..110498.12 rows=1 width=20) (actual time=303.608..347.371 rows=7 loops=1)
        Join Filter: (store_sales.ss_store_sk = store.s_store_sk)
        Rows Removed by Join Filter: 38
        ->  Nested Loop  (cost=1.15..110496.85 rows=1 width=28) (actual time=303.598..347.350 rows=7 loops=1)
              Join Filter: ((store_sales.ss_hdemo_sk = household_demographics.hd_demo_sk) AND (((customer_demographics.cd_marital_status = 'W'::bpchar) AND (customer_demographics.cd_education_status = 'Advanced Degree'::bpchar) AND (store_sales.ss_sales_price >= '100'::double precision) AND (store_sales.ss_sales_price <= '150'::double precision) AND (household_demographics.hd_dep_count = 3)) OR ((customer_demographics.cd_marital_status = 'D'::bpchar) AND (customer_demographics.cd_education_status = 'Unknown'::bpchar) AND (store_sales.ss_sales_price >= '50'::double precision) AND (store_sales.ss_sales_price <= '100'::double precision) AND (household_demographics.hd_dep_count = 1)) OR ((customer_demographics.cd_marital_status = 'U'::bpchar) AND (customer_demographics.cd_education_status = '4 yr Degree'::bpchar) AND (store_sales.ss_sales_price >= '150'::double precision) AND (store_sales.ss_sales_price <= '200'::double precision) AND (household_demographics.hd_dep_count = 1))))
              Rows Removed by Join Filter: 442073
              ->  Seq Scan on household_demographics  (cost=0.00..186.00 rows=1951 width=12) (actual time=0.013..0.722 rows=1440 loops=1)
                    Filter: ((hd_dep_count = 3) OR (hd_dep_count = 1) OR (hd_dep_count = 1))
                    Rows Removed by Filter: 5760
              ->  Materialize  (cost=1.15..110003.57 rows=3 width=67) (actual time=0.003..0.216 rows=307 loops=1440)
                    ->  Nested Loop  (cost=1.15..110003.56 rows=3 width=67) (actual time=4.922..294.942 rows=307 loops=1)
                          ->  Nested Loop  (cost=0.72..109970.72 rows=43 width=52) (actual time=4.897..274.730 rows=2978 loops=1)
                                ->  Nested Loop  (cost=0.43..109800.69 rows=457 width=68) (actual time=4.870..231.678 rows=17625 loops=1)
                                      ->  Seq Scan on date_dim  (cost=0.00..2318.11 rows=363 width=8) (actual time=4.855..9.876 rows=365 loops=1)
                                            Filter: (d_year = 2001)
                                            Rows Removed by Filter: 72684
                                      ->  Index Scan using i_ss_sold_date_sk on store_sales  (cost=0.43..295.60 rows=50 width=76) (actual time=0.018..0.603 rows=48 loops=365)
                                            Index Cond: (ss_sold_date_sk = date_dim.d_date_sk)
                                            Filter: ((((ss_sales_price >= '100'::double precision) AND (ss_sales_price <= '150'::double precision)) OR ((ss_sales_price >= '50'::double precision) AND (ss_sales_price <= '100'::double precision)) OR ((ss_sales_price >= '150'::double precision) AND (ss_sales_price <= '200'::double precision))) AND (((ss_net_profit >= '100'::double precision) AND (ss_net_profit <= '200'::double precision)) OR ((ss_net_profit >= '150'::double precision) AND (ss_net_profit <= '300'::double precision)) OR ((ss_net_profit >= '50'::double precision) AND (ss_net_profit <= '250'::double precision))))
                                            Rows Removed by Filter: 1457
                                ->  Index Scan using pk_customer_address on customer_address  (cost=0.29..0.36 rows=1 width=11) (actual time=0.002..0.002 rows=0 loops=17625)
                                      Index Cond: (ca_address_sk = store_sales.ss_addr_sk)
                                      Filter: (((ca_country)::text = 'United States'::text) AND ((ca_state = ANY ('{GA,SD,NE}'::bpchar[])) OR (ca_state = ANY ('{KS,MO,IA}'::bpchar[])) OR (ca_state = ANY ('{VA,TN,AR}'::bpchar[]))) AND (((ca_state = ANY ('{GA,SD,NE}'::bpchar[])) AND (store_sales.ss_net_profit >= '100'::double precision) AND (store_sales.ss_net_profit <= '200'::double precision)) OR ((ca_state = ANY ('{KS,MO,IA}'::bpchar[])) AND (store_sales.ss_net_profit >= '150'::double precision) AND (store_sales.ss_net_profit <= '300'::double precision)) OR ((ca_state = ANY ('{VA,TN,AR}'::bpchar[])) AND (store_sales.ss_net_profit >= '50'::double precision) AND (store_sales.ss_net_profit <= '250'::double precision))))
                                      Rows Removed by Filter: 1
                          ->  Index Scan using pk_customer_demographics on customer_demographics  (cost=0.43..0.76 rows=1 width=31) (actual time=0.007..0.007 rows=0 loops=2978)
                                Index Cond: (cd_demo_sk = store_sales.ss_cdemo_sk)
                                Filter: (((cd_marital_status = 'W'::bpchar) AND (cd_education_status = 'Advanced Degree'::bpchar)) OR ((cd_marital_status = 'D'::bpchar) AND (cd_education_status = 'Unknown'::bpchar)) OR ((cd_marital_status = 'U'::bpchar) AND (cd_education_status = '4 yr Degree'::bpchar)))
                                Rows Removed by Filter: 1
        ->  Seq Scan on store  (cost=0.00..1.12 rows=12 width=8) (actual time=0.001..0.002 rows=6 loops=7)
         avg         |        avg         |        avg        |        sum         
---------------------+--------------------+-------------------+--------------------
 30.4285714285714286 | 2528.4742857142855 | 2290.682857142857 | 16034.779999999999
(1 row)

UPDATE time_statistics SET e_time = TRANSACTION_TIMESTAMP() WHERE template = 'query13.tpl' AND stream = 1;
psql:/tmp/s1-basline/throughput/query_1.sql:730: NOTICE:  duration: 0.028 ms  plan:
Query Text: UPDATE time_statistics SET e_time = TRANSACTION_TIMESTAMP() WHERE template = 'query13.tpl' AND stream = 1;
Update on time_statistics  (cost=0.00..1.77 rows=0 width=0) (actual time=0.027..0.027 rows=0 loops=1)
  ->  Seq Scan on time_statistics  (cost=0.00..1.77 rows=1 width=14) (actual time=0.015..0.016 rows=1 loops=1)
        Filter: ((template = 'query13.tpl'::text) AND (stream = 1))
        Rows Removed by Filter: 50
UPDATE 1
LOAD 'auto_explain'; SET auto_explain.log_min_duration TO 0; SET auto_explain.log_analyze TO on; SET auto_explain.log_level TO notice; INSERT INTO time_statistics (template, s_time, stream, query, seed) VALUES ('../query_variants/query36a.tpl', TRANSACTION_TIMESTAMP(), 1, 14, 1489297706);
LOAD
SET
SET
SET
psql:/tmp/s1-basline/throughput/query_1.sql:731: NOTICE:  duration: 0.019 ms  plan:
Query Text: INSERT INTO time_statistics (template, s_time, stream, query, seed) VALUES ('../query_variants/query36a.tpl', TRANSACTION_TIMESTAMP(), 1, 14, 1489297706);
Insert on time_statistics  (cost=0.00..0.01 rows=0 width=0) (actual time=0.018..0.018 rows=0 loops=1)
  ->  Result  (cost=0.00..0.01 rows=1 width=64) (actual time=0.002..0.002 rows=1 loops=1)
INSERT 0 1
with results as
 (select 
    sum(ss_net_profit) as ss_net_profit, sum(ss_ext_sales_price) as ss_ext_sales_price,
    sum(ss_net_profit)/sum(ss_ext_sales_price) as gross_margin
   ,i_category
   ,i_class
   ,0 as g_category, 0 as g_class
 from
    store_sales
   ,date_dim       d1
   ,item
   ,store
 where
    d1.d_year = 1999 
    and d1.d_date_sk = ss_sold_date_sk
    and i_item_sk  = ss_item_sk 
    and s_store_sk  = ss_store_sk
    and s_state in ('TN','TN','TN','TN',
                 'TN','TN','TN','TN')
 group by i_category,i_class)
 ,
 results_rollup as
 (select gross_margin ,i_category ,i_class,0 as t_category, 0 as t_class, 0 as lochierarchy from results
 union
 select sum(ss_net_profit)/sum(ss_ext_sales_price) as gross_margin,
   i_category, NULL AS i_class, 0 as t_category, 1 as t_class, 1 as lochierarchy from results group by i_category
 union
 select sum(ss_net_profit)/sum(ss_ext_sales_price) as gross_margin,
   NULL AS i_category ,NULL AS i_class, 1 as t_category, 1 as t_class, 2 as lochierarchy from results)
  select 
  gross_margin ,i_category ,i_class, lochierarchy,rank() over (
 	partition by lochierarchy, case when t_class = 0 then i_category end 
 	order by gross_margin asc) as rank_within_parent
 from results_rollup
 order by
   lochierarchy desc
  ,case when lochierarchy = 0 then i_category end
  ,rank_within_parent
  limit 100;
psql:/tmp/s1-basline/throughput/query_1.sql:770: NOTICE:  duration: 1105.305 ms  plan:
Query Text: with results as
 (select 
    sum(ss_net_profit) as ss_net_profit, sum(ss_ext_sales_price) as ss_ext_sales_price,
    sum(ss_net_profit)/sum(ss_ext_sales_price) as gross_margin
   ,i_category
   ,i_class
   ,0 as g_category, 0 as g_class
 from
    store_sales
   ,date_dim       d1
   ,item
   ,store
 where
    d1.d_year = 1999 
    and d1.d_date_sk = ss_sold_date_sk
    and i_item_sk  = ss_item_sk 
    and s_store_sk  = ss_store_sk
    and s_state in ('TN','TN','TN','TN',
                 'TN','TN','TN','TN')
 group by i_category,i_class)
 ,
 results_rollup as
 (select gross_margin ,i_category ,i_class,0 as t_category, 0 as t_class, 0 as lochierarchy from results
 union
 select sum(ss_net_profit)/sum(ss_ext_sales_price) as gross_margin,
   i_category, NULL AS i_class, 0 as t_category, 1 as t_class, 1 as lochierarchy from results group by i_category
 union
 select sum(ss_net_profit)/sum(ss_ext_sales_price) as gross_margin,
   NULL AS i_category ,NULL AS i_class, 1 as t_category, 1 as t_class, 2 as lochierarchy from results)
  select 
  gross_margin ,i_category ,i_class, lochierarchy,rank() over (
 	partition by lochierarchy, case when t_class = 0 then i_category end 
 	order by gross_margin asc) as rank_within_parent
 from results_rollup
 order by
   lochierarchy desc
  ,case when lochierarchy = 0 then i_category end
  ,rank_within_parent
  limit 100;
Limit  (cost=94224.81..94225.06 rows=100 width=148) (actual time=1105.104..1105.234 rows=100 loops=1)
  CTE results
    ->  Finalize GroupAggregate  (cost=93610.41..93948.88 rows=990 width=134) (actual time=1004.543..1104.563 rows=117 loops=1)
          Group Key: item.i_category, item.i_class
          ->  Gather Merge  (cost=93610.41..93916.70 rows=1980 width=118) (actual time=1003.872..1104.428 rows=351 loops=1)
                Workers Planned: 2
                Workers Launched: 2
                ->  Partial GroupAggregate  (cost=92610.39..92688.14 rows=990 width=118) (actual time=896.319..983.170 rows=117 loops=3)
                      Group Key: item.i_category, item.i_class
                      ->  Sort  (cost=92610.39..92623.96 rows=5428 width=118) (actual time=895.653..933.991 rows=179835 loops=3)
                            Sort Key: item.i_category, item.i_class
                            Sort Method: external merge  Disk: 23872kB
                            Worker 0:  Sort Method: external merge  Disk: 22304kB
                            Worker 1:  Sort Method: external merge  Disk: 22256kB
                            ->  Nested Loop  (cost=2324.33..92273.68 rows=5428 width=118) (actual time=14.023..689.452 rows=179835 loops=3)
                                  ->  Hash Join  (cost=2324.04..90615.44 rows=5428 width=24) (actual time=13.967..329.496 rows=179835 loops=3)
                                        Hash Cond: (store_sales.ss_store_sk = store.s_store_sk)
                                        ->  Hash Join  (cost=2322.65..90594.07 rows=5693 width=32) (actual time=13.882..300.418 rows=184263 loops=3)
                                              Hash Cond: (store_sales.ss_sold_date_sk = d1.d_date_sk)
                                              ->  Parallel Seq Scan on store_sales  (cost=0.00..85123.48 rows=1199148 width=40) (actual time=0.014..131.649 rows=959309 loops=3)
                                              ->  Hash  (cost=2318.11..2318.11 rows=363 width=8) (actual time=13.848..13.850 rows=365 loops=3)
                                                    Buckets: 1024  Batches: 1  Memory Usage: 23kB
                                                    ->  Seq Scan on date_dim d1  (cost=0.00..2318.11 rows=363 width=8) (actual time=6.659..13.805 rows=365 loops=3)
                                                          Filter: (d_year = 1999)
                                                          Rows Removed by Filter: 72684
                                        ->  Hash  (cost=1.24..1.24 rows=12 width=8) (actual time=0.035..0.035 rows=12 loops=3)
                                              Buckets: 1024  Batches: 1  Memory Usage: 9kB
                                              ->  Seq Scan on store  (cost=0.00..1.24 rows=12 width=8) (actual time=0.026..0.030 rows=12 loops=3)
                                                    Filter: (s_state = ANY ('{TN,TN,TN,TN,TN,TN,TN,TN}'::bpchar[]))
                                  ->  Index Scan using pk_item on item  (cost=0.29..0.31 rows=1 width=110) (actual time=0.002..0.002 rows=1 loops=539505)
                                        Index Cond: (i_item_sk = store_sales.ss_item_sk)
  ->  Sort  (cost=275.93..278.91 rows=1191 width=148) (actual time=1105.102..1105.108 rows=100 loops=1)
        Sort Key: results_rollup.lochierarchy DESC, (CASE WHEN (results_rollup.lochierarchy = 0) THEN results_rollup.i_category ELSE NULL::bpchar END), (rank() OVER (?))
        Sort Method: quicksort  Memory: 56kB
        ->  WindowAgg  (cost=197.66..230.42 rows=1191 width=148) (actual time=1104.810..1104.905 rows=129 loops=1)
              ->  Sort  (cost=197.66..200.64 rows=1191 width=108) (actual time=1104.803..1104.810 rows=129 loops=1)
                    Sort Key: results_rollup.lochierarchy, (CASE WHEN (results_rollup.t_class = 0) THEN results_rollup.i_category ELSE NULL::bpchar END), results_rollup.gross_margin
                    Sort Method: quicksort  Memory: 48kB
                    ->  Subquery Scan on results_rollup  (cost=110.02..136.81 rows=1191 width=108) (actual time=1104.667..1104.707 rows=129 loops=1)
                          ->  HashAggregate  (cost=110.02..121.93 rows=1191 width=84) (actual time=1104.666..1104.694 rows=129 loops=1)
                                Group Key: results.gross_margin, results.i_category, results.i_class, (0), (0), (0)
                                Batches: 1  Memory Usage: 97kB
                                ->  Append  (cost=0.00..92.15 rows=1191 width=84) (actual time=1004.547..1104.587 rows=129 loops=1)
                                      ->  CTE Scan on results  (cost=0.00..19.80 rows=990 width=428) (actual time=1004.546..1104.504 rows=117 loops=1)
                                      ->  HashAggregate  (cost=27.23..29.73 rows=200 width=256) (actual time=0.046..0.049 rows=11 loops=1)
                                            Group Key: results_1.i_category
                                            Batches: 1  Memory Usage: 40kB
                                            ->  CTE Scan on results results_1  (cost=0.00..19.80 rows=990 width=220) (actual time=0.000..0.008 rows=117 loops=1)
                                      ->  Aggregate  (cost=24.75..24.76 rows=1 width=84) (actual time=0.019..0.019 rows=1 loops=1)
                                            ->  CTE Scan on results results_2  (cost=0.00..19.80 rows=990 width=16) (actual time=0.000..0.008 rows=117 loops=1)
     gross_margin     |                     i_category                     |                      i_class                       | lochierarchy | rank_within_parent 
----------------------+----------------------------------------------------+----------------------------------------------------+--------------+--------------------
 -0.43457948188552004 |                                                    |                                                    |            2 |                  1
  -0.4399754491625698 | Shoes                                              |                                                    |            1 |                  1
 -0.43976190227408174 | Sports                                             |                                                    |            1 |                  2
  -0.4386299598450975 | Children                                           |                                                    |            1 |                  3
  -0.4378086781848298 | Home                                               |                                                    |            1 |                  4
  -0.4371000974203235 | Jewelry                                            |                                                    |            1 |                  5
  -0.4370167090054127 | Music                                              |                                                    |            1 |                  6
  -0.4313269687748923 | Electronics                                        |                                                    |            1 |                  7
 -0.43019588644273266 | Books                                              |                                                    |            1 |                  8
 -0.42839872645438704 | Women                                              |                                                    |            1 |                  9
 -0.42657646694527557 | Men                                                |                                                    |            1 |                 10
  -0.4107981166637304 |                                                    |                                                    |            1 |                 11
  -0.4699214301255734 | Books                                              | self-help                                          |            0 |                  1
  -0.4591289837777325 | Books                                              | home repair                                        |            0 |                  2
   -0.448231728930776 | Books                                              | romance                                            |            0 |                  3
  -0.4414018791736524 | Books                                              | travel                                             |            0 |                  4
 -0.44026579498626084 | Books                                              | fiction                                            |            0 |                  5
   -0.436558736749679 | Books                                              | cooking                                            |            0 |                  6
  -0.4343928508643999 | Books                                              | science                                            |            0 |                  7
  -0.4323140239853728 | Books                                              | computers                                          |            0 |                  8
 -0.43032440345359585 | Books                                              | mystery                                            |            0 |                  9
 -0.42803995695219704 | Books                                              | arts                                               |            0 |                 10
  -0.4250515552115394 | Books                                              | entertainments                                     |            0 |                 11
 -0.41596341477733145 | Books                                              | parenting                                          |            0 |                 12
 -0.41328677343832343 | Books                                              | sports                                             |            0 |                 13
 -0.41249618968716056 | Books                                              | business                                           |            0 |                 14
  -0.4034621861233261 | Books                                              | history                                            |            0 |                 15
  -0.3996144756542727 | Books                                              | reference                                          |            0 |                 16
 -0.44385994103601534 | Children                                           | toddlers                                           |            0 |                  1
 -0.43864891246415266 | Children                                           | newborn                                            |            0 |                  2
 -0.43721693163914294 | Children                                           | school-uniforms                                    |            0 |                  3
 -0.43488808151703867 | Children                                           | infants                                            |            0 |                  4
  -0.4600630337842535 | Electronics                                        | cameras                                            |            0 |                  1
  -0.4577008961313715 | Electronics                                        | dvd/vcr players                                    |            0 |                  2
  -0.4551437258696621 | Electronics                                        | audio                                              |            0 |                  3
 -0.45266950614467455 | Electronics                                        | karoke                                             |            0 |                  4
  -0.4427706785118215 | Electronics                                        | camcorders                                         |            0 |                  5
  -0.4383963430599047 | Electronics                                        | personal                                           |            0 |                  6
 -0.43827647134112746 | Electronics                                        | televisions                                        |            0 |                  7
 -0.43232695328669235 | Electronics                                        | scanners                                           |            0 |                  8
   -0.429993983952379 | Electronics                                        | wireless                                           |            0 |                  9
 -0.42723741452110375 | Electronics                                        | stereo                                             |            0 |                 10
  -0.4248922756614344 | Electronics                                        | monitors                                           |            0 |                 11
  -0.4217179055550834 | Electronics                                        | automotive                                         |            0 |                 12
  -0.4190280300697497 | Electronics                                        | portable                                           |            0 |                 13
  -0.4142941529079057 | Electronics                                        | memory                                             |            0 |                 14
  -0.4090262922312936 | Electronics                                        | disk drives                                        |            0 |                 15
 -0.38579763370305853 | Electronics                                        | musical                                            |            0 |                 16
 -0.46645029371117036 | Home                                               | decor                                              |            0 |                  1
  -0.4634613276567175 | Home                                               | paint                                              |            0 |                  2
  -0.4605243127960683 | Home                                               | curtains/drapes                                    |            0 |                  3
 -0.45386257361839877 | Home                                               | lighting                                           |            0 |                  4
 -0.45014150615519055 | Home                                               | bedding                                            |            0 |                  5
 -0.44542259505723136 | Home                                               | glassware                                          |            0 |                  6
  -0.4421700941034937 | Home                                               | accent                                             |            0 |                  7
 -0.44169261181210656 | Home                                               | blinds/shades                                      |            0 |                  8
  -0.4412556110537698 | Home                                               | tables                                             |            0 |                  9
  -0.4363556500893883 | Home                                               | wallpaper                                          |            0 |                 10
  -0.4342471333912159 | Home                                               | flatware                                           |            0 |                 11
   -0.424387363456064 | Home                                               | kids                                               |            0 |                 12
 -0.42116512078036134 | Home                                               | furniture                                          |            0 |                 13
 -0.41543839541843625 | Home                                               | mattresses                                         |            0 |                 14
 -0.41166053531673164 | Home                                               | rugs                                               |            0 |                 15
   -0.396558293011469 | Home                                               | bathroom                                           |            0 |                 16
 -0.39614527336057576 | Home                                               |                                                    |            0 |                 17
  -0.4716359420413917 | Jewelry                                            | bracelets                                          |            0 |                  1
  -0.4701632324051054 | Jewelry                                            | costume                                            |            0 |                  2
  -0.4674694774044604 | Jewelry                                            | gold                                               |            0 |                  3
   -0.464509494390255 | Jewelry                                            | pendants                                           |            0 |                  4
  -0.4633404317423688 | Jewelry                                            | custom                                             |            0 |                  5
 -0.45551574931132893 | Jewelry                                            | womens watch                                       |            0 |                  6
  -0.4518286623906245 | Jewelry                                            | jewelry boxes                                      |            0 |                  7
  -0.4328313695101318 | Jewelry                                            | birdal                                             |            0 |                  8
  -0.4297254834966547 | Jewelry                                            | mens watch                                         |            0 |                  9
     -0.4283042584518 | Jewelry                                            | loose stones                                       |            0 |                 10
 -0.42494676604142073 | Jewelry                                            | consignment                                        |            0 |                 11
  -0.4229235431768742 | Jewelry                                            | semi-precious                                      |            0 |                 12
  -0.4178427247679529 | Jewelry                                            | rings                                              |            0 |                 13
  -0.4066963807640539 | Jewelry                                            | earings                                            |            0 |                 14
  -0.4065269766317785 | Jewelry                                            | diamonds                                           |            0 |                 15
  -0.3909929489250416 | Jewelry                                            | estate                                             |            0 |                 16
  -0.2914518055720895 | Jewelry                                            |                                                    |            0 |                 17
 -0.48730069428100037 | Men                                                |                                                    |            0 |                  1
 -0.43261317404962735 | Men                                                | pants                                              |            0 |                  2
 -0.43022774629884747 | Men                                                | shirts                                             |            0 |                  3
  -0.4243906222284288 | Men                                                | sports-apparel                                     |            0 |                  4
 -0.41832078221164587 | Men                                                | accessories                                        |            0 |                  5
  -0.6651099951378867 | Music                                              |                                                    |            0 |                  1
 -0.45565864434125136 | Music                                              | classical                                          |            0 |                  2
 -0.43161188093628516 | Music                                              | rock                                               |            0 |                  3
   -0.430560621197362 | Music                                              | pop                                                |            0 |                  4
 -0.43036146103925127 | Music                                              | country                                            |            0 |                  5
  -0.4480057916319592 | Shoes                                              | kids                                               |            0 |                  1
   -0.444881533555346 | Shoes                                              | mens                                               |            0 |                  2
  -0.4366765623539395 | Shoes                                              | athletic                                           |            0 |                  3
 -0.42936493663458625 | Shoes                                              | womens                                             |            0 |                  4
 -0.32911575785693126 | Shoes                                              |                                                    |            0 |                  5
 -0.48357213416823425 | Sports                                             | pools                                              |            0 |                  1
 -0.47922306738556475 | Sports                                             | outdoor                                            |            0 |                  2
 -0.47508721929804393 | Sports                                             | athletic shoes                                     |            0 |                  3
(100 rows)

UPDATE time_statistics SET e_time = TRANSACTION_TIMESTAMP() WHERE template = '../query_variants/query36a.tpl' AND stream = 1;
psql:/tmp/s1-basline/throughput/query_1.sql:772: NOTICE:  duration: 0.033 ms  plan:
Query Text: UPDATE time_statistics SET e_time = TRANSACTION_TIMESTAMP() WHERE template = '../query_variants/query36a.tpl' AND stream = 1;
Update on time_statistics  (cost=0.00..1.77 rows=0 width=0) (actual time=0.033..0.033 rows=0 loops=1)
  ->  Seq Scan on time_statistics  (cost=0.00..1.77 rows=1 width=14) (actual time=0.018..0.018 rows=1 loops=1)
        Filter: ((template = '../query_variants/query36a.tpl'::text) AND (stream = 1))
        Rows Removed by Filter: 51
UPDATE 1
LOAD 'auto_explain'; SET auto_explain.log_min_duration TO 0; SET auto_explain.log_analyze TO on; SET auto_explain.log_level TO notice; INSERT INTO time_statistics (template, s_time, stream, query, seed) VALUES ('../query_postgresql/query95.tpl', TRANSACTION_TIMESTAMP(), 1, 15, 2118393554);
LOAD
SET
SET
SET
psql:/tmp/s1-basline/throughput/query_1.sql:773: NOTICE:  duration: 0.008 ms  plan:
Query Text: INSERT INTO time_statistics (template, s_time, stream, query, seed) VALUES ('../query_postgresql/query95.tpl', TRANSACTION_TIMESTAMP(), 1, 15, 2118393554);
Insert on time_statistics  (cost=0.00..0.01 rows=0 width=0) (actual time=0.007..0.008 rows=0 loops=1)
  ->  Result  (cost=0.00..0.01 rows=1 width=64) (actual time=0.001..0.001 rows=1 loops=1)
INSERT 0 1
with ws_wh as
(select ws1.ws_order_number,ws1.ws_warehouse_sk wh1,ws2.ws_warehouse_sk wh2
 from web_sales ws1,web_sales ws2
 where ws1.ws_order_number = ws2.ws_order_number
   and ws1.ws_warehouse_sk <> ws2.ws_warehouse_sk)
 select  
   count(distinct ws_order_number) as "order count"
  ,sum(ws_ext_ship_cost) as "total shipping cost"
  ,sum(ws_net_profit) as "total net profit"
from
   web_sales ws1
  ,date_dim
  ,customer_address
  ,web_site
where
    d_date between '2001-2-01' and 
           (cast('2001-2-01' as date) + interval '60 days')
and ws1.ws_ship_date_sk = d_date_sk
and ws1.ws_ship_addr_sk = ca_address_sk
and ca_state = 'FL'
and ws1.ws_web_site_sk = web_site_sk
and web_company_name = 'pri'
and ws1.ws_order_number in (select ws_order_number
                            from ws_wh)
and ws1.ws_order_number in (select wr_order_number
                            from web_returns,ws_wh
                            where wr_order_number = ws_wh.ws_order_number)
order by count(distinct ws_order_number)
limit 100;
psql:/tmp/s1-basline/throughput/query_1.sql:802: NOTICE:  duration: 94053.534 ms  plan:
Query Text: with ws_wh as
(select ws1.ws_order_number,ws1.ws_warehouse_sk wh1,ws2.ws_warehouse_sk wh2
 from web_sales ws1,web_sales ws2
 where ws1.ws_order_number = ws2.ws_order_number
   and ws1.ws_warehouse_sk <> ws2.ws_warehouse_sk)
 select  
   count(distinct ws_order_number) as "order count"
  ,sum(ws_ext_ship_cost) as "total shipping cost"
  ,sum(ws_net_profit) as "total net profit"
from
   web_sales ws1
  ,date_dim
  ,customer_address
  ,web_site
where
    d_date between '2001-2-01' and 
           (cast('2001-2-01' as date) + interval '60 days')
and ws1.ws_ship_date_sk = d_date_sk
and ws1.ws_ship_addr_sk = ca_address_sk
and ca_state = 'FL'
and ws1.ws_web_site_sk = web_site_sk
and web_company_name = 'pri'
and ws1.ws_order_number in (select ws_order_number
                            from ws_wh)
and ws1.ws_order_number in (select wr_order_number
                            from web_returns,ws_wh
                            where wr_order_number = ws_wh.ws_order_number)
order by count(distinct ws_order_number)
limit 100;
Limit  (cost=697347.57..697347.57 rows=1 width=24) (actual time=94053.409..94053.526 rows=1 loops=1)
  CTE ws_wh
    ->  Hash Join  (cost=46349.17..333735.21 rows=7148800 width=24) (actual time=265.738..1449.258 rows=6642776 loops=1)
          Hash Cond: (ws1_1.ws_order_number = ws2.ws_order_number)
          Join Filter: (ws1_1.ws_warehouse_sk <> ws2.ws_warehouse_sk)
          Rows Removed by Join Filter: 2384930
          ->  Seq Scan on web_sales ws1_1  (cost=0.00..33841.74 rows=719474 width=16) (actual time=0.002..157.877 rows=719474 loops=1)
          ->  Hash  (cost=33841.74..33841.74 rows=719474 width=16) (actual time=265.227..265.228 rows=719474 loops=1)
                Buckets: 1048576  Batches: 2  Memory Usage: 25099kB
                ->  Seq Scan on web_sales ws2  (cost=0.00..33841.74 rows=719474 width=16) (actual time=0.002..157.853 rows=719474 loops=1)
  ->  Sort  (cost=363612.36..363612.36 rows=1 width=24) (actual time=94053.408..94053.522 rows=1 loops=1)
        Sort Key: (count(DISTINCT ws1.ws_order_number))
        Sort Method: quicksort  Memory: 25kB
        ->  Aggregate  (cost=363612.34..363612.35 rows=1 width=24) (actual time=94053.404..94053.517 rows=1 loops=1)
              ->  Nested Loop Semi Join  (cost=162397.28..363612.33 rows=1 width=24) (actual time=4121.299..94053.417 rows=166 loops=1)
                    Join Filter: (ws1.ws_order_number = web_returns.wr_order_number)
                    ->  Nested Loop  (cost=161858.20..192369.57 rows=2 width=32) (actual time=4086.103..4086.891 rows=200 loops=1)
                          Join Filter: (ws1.ws_web_site_sk = web_site.web_site_sk)
                          Rows Removed by Join Filter: 6343
                          ->  Seq Scan on web_site  (cost=0.00..2.38 rows=9 width=8) (actual time=0.007..0.033 rows=9 loops=1)
                                Filter: (web_company_name = 'pri'::bpchar)
                                Rows Removed by Filter: 21
                          ->  Materialize  (cost=161858.20..192366.40 rows=6 width=40) (actual time=453.941..454.043 rows=727 loops=9)
                                ->  Hash Join  (cost=161858.20..192366.37 rows=6 width=40) (actual time=4085.463..4085.965 rows=727 loops=1)
                                      Hash Cond: (ws1.ws_order_number = ws_wh.ws_order_number)
                                      ->  Gather  (cost=1005.70..31513.78 rows=11 width=32) (actual time=1.363..1.710 rows=727 loops=1)
                                            Workers Planned: 2
                                            Workers Launched: 2
                                            ->  Nested Loop  (cost=5.70..30512.68 rows=5 width=32) (actual time=1.618..115.943 rows=242 loops=3)
                                                  ->  Hash Join  (cost=5.41..30437.19 rows=242 width=40) (actual time=0.295..97.166 rows=9758 loops=3)
                                                        Hash Cond: (ws1.ws_ship_date_sk = date_dim.d_date_sk)
                                                        ->  Parallel Seq Scan on web_sales ws1  (cost=0.00..29644.81 rows=299781 width=48) (actual time=0.015..61.060 rows=239825 loops=3)
                                                        ->  Hash  (cost=4.67..4.67 rows=59 width=8) (actual time=0.101..0.102 rows=61 loops=3)
                                                              Buckets: 1024  Batches: 1  Memory Usage: 11kB
                                                              ->  Index Scan using i_d_date on date_dim  (cost=0.29..4.67 rows=59 width=8) (actual time=0.061..0.089 rows=61 loops=3)
                                                                    Index Cond: ((d_date >= '2001-02-01'::date) AND (d_date <= '2001-04-02 00:00:00'::timestamp without time zone))
                                                  ->  Index Scan using pk_customer_address on customer_address  (cost=0.29..0.31 rows=1 width=8) (actual time=0.002..0.002 rows=0 loops=29273)
                                                        Index Cond: (ca_address_sk = ws1.ws_ship_addr_sk)
                                                        Filter: (ca_state = 'FL'::bpchar)
                                                        Rows Removed by Filter: 1
                                      ->  Hash  (cost=160850.00..160850.00 rows=200 width=8) (actual time=4084.096..4084.097 rows=60000 loops=1)
                                            Buckets: 65536 (originally 1024)  Batches: 1 (originally 1)  Memory Usage: 2856kB
                                            ->  HashAggregate  (cost=160848.00..160850.00 rows=200 width=8) (actual time=4069.620..4077.515 rows=60000 loops=1)
                                                  Group Key: ws_wh.ws_order_number
                                                  Batches: 1  Memory Usage: 6177kB
                                                  ->  CTE Scan on ws_wh  (cost=0.00..142976.00 rows=7148800 width=8) (actual time=265.740..3309.598 rows=6642776 loops=1)
                    ->  Hash Join  (cost=539.08..170327.89 rows=385 width=16) (actual time=449.831..449.831 rows=1 loops=200)
                          Hash Cond: (ws_wh_1.ws_order_number = web_returns.wr_order_number)
                          Join Filter: (ws_wh.ws_order_number = ws_wh_1.ws_order_number)
                          ->  CTE Scan on ws_wh ws_wh_1  (cost=0.00..142976.00 rows=7148800 width=8) (actual time=0.003..296.323 rows=3409428 loops=166)
                          ->  Hash  (cost=539.05..539.05 rows=2 width=8) (actual time=0.963..0.963 rows=1 loops=200)
                                Buckets: 1024  Batches: 1  Memory Usage: 9kB
                                ->  Index Only Scan using pk_web_returns on web_returns  (cost=0.42..539.05 rows=2 width=8) (actual time=0.456..0.962 rows=1 loops=200)
                                      Index Cond: (wr_order_number = ws_wh.ws_order_number)
                                      Heap Fetches: 0
 order count | total shipping cost |  total net profit  
-------------+---------------------+--------------------
          83 |  221003.63999999998 | -45556.92999999997
(1 row)

UPDATE time_statistics SET e_time = TRANSACTION_TIMESTAMP() WHERE template = '../query_postgresql/query95.tpl' AND stream = 1;
psql:/tmp/s1-basline/throughput/query_1.sql:804: NOTICE:  duration: 0.220 ms  plan:
Query Text: UPDATE time_statistics SET e_time = TRANSACTION_TIMESTAMP() WHERE template = '../query_postgresql/query95.tpl' AND stream = 1;
Update on time_statistics  (cost=0.00..3.54 rows=0 width=0) (actual time=0.219..0.219 rows=0 loops=1)
  ->  Seq Scan on time_statistics  (cost=0.00..3.54 rows=1 width=14) (actual time=0.016..0.019 rows=1 loops=1)
        Filter: ((template = '../query_postgresql/query95.tpl'::text) AND (stream = 1))
        Rows Removed by Filter: 67
UPDATE 1
LOAD 'auto_explain'; SET auto_explain.log_min_duration TO 0; SET auto_explain.log_analyze TO on; SET auto_explain.log_level TO notice; INSERT INTO time_statistics (template, s_time, stream, query, seed) VALUES ('query63.tpl', TRANSACTION_TIMESTAMP(), 1, 16, 709078465);
LOAD
SET
SET
SET
psql:/tmp/s1-basline/throughput/query_1.sql:805: NOTICE:  duration: 0.009 ms  plan:
Query Text: INSERT INTO time_statistics (template, s_time, stream, query, seed) VALUES ('query63.tpl', TRANSACTION_TIMESTAMP(), 1, 16, 709078465);
Insert on time_statistics  (cost=0.00..0.01 rows=0 width=0) (actual time=0.008..0.008 rows=0 loops=1)
  ->  Result  (cost=0.00..0.01 rows=1 width=64) (actual time=0.002..0.002 rows=1 loops=1)
INSERT 0 1
select  * 
from (select i_manager_id
             ,sum(ss_sales_price) sum_sales
             ,avg(sum(ss_sales_price)) over (partition by i_manager_id) avg_monthly_sales
      from item
          ,store_sales
          ,date_dim
          ,store
      where ss_item_sk = i_item_sk
        and ss_sold_date_sk = d_date_sk
        and ss_store_sk = s_store_sk
        and d_month_seq in (1180,1180+1,1180+2,1180+3,1180+4,1180+5,1180+6,1180+7,1180+8,1180+9,1180+10,1180+11)
        and ((    i_category in ('Books','Children','Electronics')
              and i_class in ('personal','portable','reference','self-help')
              and i_brand in ('scholaramalgamalg #14','scholaramalgamalg #7',
		                  'exportiunivamalg #9','scholaramalgamalg #9'))
           or(    i_category in ('Women','Music','Men')
              and i_class in ('accessories','classical','fragrances','pants')
              and i_brand in ('amalgimporto #1','edu packscholar #1','exportiimporto #1',
		                 'importoamalg #1')))
group by i_manager_id, d_moy) tmp1
where case when avg_monthly_sales > 0 then abs (sum_sales - avg_monthly_sales) / avg_monthly_sales else null end > 0.1
order by i_manager_id
        ,avg_monthly_sales
        ,sum_sales
limit 100;
psql:/tmp/s1-basline/throughput/query_1.sql:831: NOTICE:  duration: 219.436 ms  plan:
Query Text: select  * 
from (select i_manager_id
             ,sum(ss_sales_price) sum_sales
             ,avg(sum(ss_sales_price)) over (partition by i_manager_id) avg_monthly_sales
      from item
          ,store_sales
          ,date_dim
          ,store
      where ss_item_sk = i_item_sk
        and ss_sold_date_sk = d_date_sk
        and ss_store_sk = s_store_sk
        and d_month_seq in (1180,1180+1,1180+2,1180+3,1180+4,1180+5,1180+6,1180+7,1180+8,1180+9,1180+10,1180+11)
        and ((    i_category in ('Books','Children','Electronics')
              and i_class in ('personal','portable','reference','self-help')
              and i_brand in ('scholaramalgamalg #14','scholaramalgamalg #7',
		                  'exportiunivamalg #9','scholaramalgamalg #9'))
           or(    i_category in ('Women','Music','Men')
              and i_class in ('accessories','classical','fragrances','pants')
              and i_brand in ('amalgimporto #1','edu packscholar #1','exportiimporto #1',
		                 'importoamalg #1')))
group by i_manager_id, d_moy) tmp1
where case when avg_monthly_sales > 0 then abs (sum_sales - avg_monthly_sales) / avg_monthly_sales else null end > 0.1
order by i_manager_id
        ,avg_monthly_sales
        ,sum_sales
limit 100;
Limit  (cost=7663.20..7663.21 rows=6 width=20) (actual time=219.385..219.397 rows=100 loops=1)
  ->  Sort  (cost=7663.20..7663.21 rows=6 width=20) (actual time=219.384..219.390 rows=100 loops=1)
        Sort Key: tmp1.i_manager_id, tmp1.avg_monthly_sales, tmp1.sum_sales
        Sort Method: top-N heapsort  Memory: 32kB
        ->  Subquery Scan on tmp1  (cost=7662.03..7663.12 rows=6 width=20) (actual time=213.393..219.230 rows=1069 loops=1)
              Filter: (CASE WHEN (tmp1.avg_monthly_sales > '0'::double precision) THEN (abs((tmp1.sum_sales - tmp1.avg_monthly_sales)) / tmp1.avg_monthly_sales) ELSE NULL::double precision END > '0.1'::double precision)
              Rows Removed by Filter: 62
              ->  WindowAgg  (cost=7662.03..7662.69 rows=19 width=24) (actual time=213.390..219.092 rows=1131 loops=1)
                    ->  GroupAggregate  (cost=7662.03..7662.41 rows=19 width=16) (actual time=213.300..218.624 rows=1131 loops=1)
                          Group Key: item.i_manager_id, date_dim.d_moy
                          ->  Sort  (cost=7662.03..7662.07 rows=19 width=16) (actual time=213.288..214.742 rows=36415 loops=1)
                                Sort Key: item.i_manager_id, date_dim.d_moy
                                Sort Method: quicksort  Memory: 3525kB
                                ->  Nested Loop  (cost=0.76..7661.62 rows=19 width=16) (actual time=0.073..203.393 rows=36415 loops=1)
                                      Join Filter: (store_sales.ss_store_sk = store.s_store_sk)
                                      Rows Removed by Join Filter: 166738
                                      ->  Nested Loop  (cost=0.76..7657.18 rows=20 width=24) (actual time=0.066..180.418 rows=37300 loops=1)
                                            ->  Nested Loop  (cost=0.43..6923.02 rows=4157 width=28) (actual time=0.035..141.010 rows=117478 loops=1)
                                                  ->  Seq Scan on item  (cost=0.00..1931.00 rows=26 width=12) (actual time=0.024..16.064 rows=900 loops=1)
                                                        Filter: (((i_category = ANY ('{Books,Children,Electronics}'::bpchar[])) AND (i_class = ANY ('{personal,portable,reference,self-help}'::bpchar[])) AND (i_brand = ANY ('{"scholaramalgamalg #14","scholaramalgamalg #7","exportiunivamalg #9","scholaramalgamalg #9"}'::bpchar[]))) OR ((i_category = ANY ('{Women,Music,Men}'::bpchar[])) AND (i_class = ANY ('{accessories,classical,fragrances,pants}'::bpchar[])) AND (i_brand = ANY ('{"amalgimporto #1","edu packscholar #1","exportiimporto #1","importoamalg #1"}'::bpchar[]))))
                                                        Rows Removed by Filter: 17100
                                                  ->  Index Scan using pk_store_sales on store_sales  (cost=0.43..190.26 rows=174 width=32) (actual time=0.006..0.120 rows=131 loops=900)
                                                        Index Cond: (ss_item_sk = item.i_item_sk)
                                            ->  Memoize  (cost=0.33..0.36 rows=1 width=12) (actual time=0.000..0.000 rows=0 loops=117478)
                                                  Cache Key: store_sales.ss_sold_date_sk
                                                  Cache Mode: logical
                                                  Hits: 115747  Misses: 1731  Evictions: 0  Overflows: 0  Memory Usage: 139kB
                                                  ->  Index Scan using pk_date_dim on date_dim  (cost=0.32..0.35 rows=1 width=12) (actual time=0.001..0.001 rows=0 loops=1731)
                                                        Index Cond: (d_date_sk = store_sales.ss_sold_date_sk)
                                                        Filter: (d_month_seq = ANY ('{1180,1181,1182,1183,1184,1185,1186,1187,1188,1189,1190,1191}'::integer[]))
                                                        Rows Removed by Filter: 1
                                      ->  Materialize  (cost=0.00..1.18 rows=12 width=8) (actual time=0.000..0.000 rows=5 loops=37300)
                                            ->  Seq Scan on store  (cost=0.00..1.12 rows=12 width=8) (actual time=0.002..0.003 rows=12 loops=1)
 i_manager_id |     sum_sales      | avg_monthly_sales  
--------------+--------------------+--------------------
            1 |  587.9200000000001 | 1762.1183333333338
            1 |            1036.42 | 1762.1183333333338
            1 |            1106.46 | 1762.1183333333338
            1 |            1182.44 | 1762.1183333333338
            1 |            1217.76 | 1762.1183333333338
            1 |            1238.46 | 1762.1183333333338
            1 | 1350.5900000000001 | 1762.1183333333338
            1 | 1534.3000000000002 | 1762.1183333333338
            1 |            1941.71 | 1762.1183333333338
            1 | 3024.4199999999996 | 1762.1183333333338
            1 | 3173.2900000000004 | 1762.1183333333338
            1 | 3751.6499999999996 | 1762.1183333333338
            2 |  721.9000000000002 | 1328.6991666666665
            2 |             737.95 | 1328.6991666666665
            2 |             828.98 | 1328.6991666666665
            2 |  873.6700000000001 | 1328.6991666666665
            2 |  993.9000000000001 | 1328.6991666666665
            2 |            1028.56 | 1328.6991666666665
            2 |            1117.03 | 1328.6991666666665
            2 | 1537.0699999999997 | 1328.6991666666665
            2 |            1758.89 | 1328.6991666666665
            2 |            2366.68 | 1328.6991666666665
            2 | 2533.5299999999997 | 1328.6991666666665
            3 | 1042.9199999999994 | 2399.3741666666665
            3 |            1195.19 | 2399.3741666666665
            3 | 1249.5399999999997 | 2399.3741666666665
            3 | 1320.8300000000004 | 2399.3741666666665
            3 |            1330.07 | 2399.3741666666665
            3 | 1348.7499999999998 | 2399.3741666666665
            3 | 1824.9300000000005 | 2399.3741666666665
            3 | 2884.2000000000007 | 2399.3741666666665
            3 | 3309.1099999999983 | 2399.3741666666665
            3 |  5297.089999999999 | 2399.3741666666665
            3 |  5613.020000000001 | 2399.3741666666665
            4 |            1183.64 | 3194.3033333333333
            4 | 1375.9700000000003 | 3194.3033333333333
            4 |            1398.39 | 3194.3033333333333
            4 | 1658.6799999999994 | 3194.3033333333333
            4 | 2410.9599999999996 | 3194.3033333333333
            4 |            2478.94 | 3194.3033333333333
            4 |  2568.419999999999 | 3194.3033333333333
            4 |  3923.160000000001 | 3194.3033333333333
            4 | 4211.2699999999995 | 3194.3033333333333
            4 |  5122.809999999998 | 3194.3033333333333
            4 |  5487.029999999999 | 3194.3033333333333
            4 |  6512.370000000003 | 3194.3033333333333
            5 | 1217.4499999999998 |  2694.075833333333
            5 | 1254.6199999999997 |  2694.075833333333
            5 |            1346.44 |  2694.075833333333
            5 | 1411.6900000000003 |  2694.075833333333
            5 | 1734.5999999999997 |  2694.075833333333
            5 | 1760.8800000000003 |  2694.075833333333
            5 | 2318.8199999999997 |  2694.075833333333
            5 | 3265.3500000000004 |  2694.075833333333
            5 | 3513.5799999999995 |  2694.075833333333
            5 | 3744.9699999999993 |  2694.075833333333
            5 |  5034.609999999998 |  2694.075833333333
            5 |  5725.899999999999 |  2694.075833333333
            6 |             862.55 | 2375.1258333333335
            6 | 1061.1699999999998 | 2375.1258333333335
            6 |            1322.79 | 2375.1258333333335
            6 | 1514.4699999999998 | 2375.1258333333335
            6 | 1723.5500000000002 | 2375.1258333333335
            6 | 1891.5500000000004 | 2375.1258333333335
            6 |            2108.62 | 2375.1258333333335
            6 | 2907.1300000000006 | 2375.1258333333335
            6 | 3284.8900000000003 | 2375.1258333333335
            6 | 3352.2600000000007 | 2375.1258333333335
            6 |  4099.920000000001 | 2375.1258333333335
            6 |  4372.610000000001 | 2375.1258333333335
            7 |             784.35 | 1724.0683333333336
            7 |  869.5799999999999 | 1724.0683333333336
            7 |  941.5400000000001 | 1724.0683333333336
            7 | 1108.3500000000001 | 1724.0683333333336
            7 |            1161.32 | 1724.0683333333336
            7 | 1296.7299999999998 | 1724.0683333333336
            7 |            1466.38 | 1724.0683333333336
            7 | 2152.1600000000003 | 1724.0683333333336
            7 | 2437.8399999999992 | 1724.0683333333336
            7 | 2440.3700000000003 | 1724.0683333333336
            7 | 2898.5700000000024 | 1724.0683333333336
            7 |            3131.63 | 1724.0683333333336
            8 |  846.8600000000001 | 1779.1008333333332
            8 | 1025.3200000000002 | 1779.1008333333332
            8 | 1026.4699999999998 | 1779.1008333333332
            8 | 1031.0999999999997 | 1779.1008333333332
            8 |            1066.99 | 1779.1008333333332
            8 |            1159.48 | 1779.1008333333332
            8 | 1229.5100000000002 | 1779.1008333333332
            8 | 2254.3400000000006 | 1779.1008333333332
            8 | 2678.6699999999996 | 1779.1008333333332
            8 | 3042.3699999999985 | 1779.1008333333332
            8 |             4379.9 | 1779.1008333333332
            9 | 1143.4100000000003 |  2658.328333333334
            9 |            1205.38 |  2658.328333333334
            9 | 1263.3799999999999 |  2658.328333333334
            9 |            1644.36 |  2658.328333333334
            9 | 1678.4100000000003 |  2658.328333333334
            9 |            1808.33 |  2658.328333333334
            9 | 2112.2499999999995 |  2658.328333333334
(100 rows)

UPDATE time_statistics SET e_time = TRANSACTION_TIMESTAMP() WHERE template = 'query63.tpl' AND stream = 1;
psql:/tmp/s1-basline/throughput/query_1.sql:833: NOTICE:  duration: 0.048 ms  plan:
Query Text: UPDATE time_statistics SET e_time = TRANSACTION_TIMESTAMP() WHERE template = 'query63.tpl' AND stream = 1;
Update on time_statistics  (cost=0.00..5.30 rows=0 width=0) (actual time=0.047..0.048 rows=0 loops=1)
  ->  Seq Scan on time_statistics  (cost=0.00..5.30 rows=1 width=14) (actual time=0.019..0.019 rows=1 loops=1)
        Filter: ((template = 'query63.tpl'::text) AND (stream = 1))
        Rows Removed by Filter: 68
UPDATE 1
LOAD 'auto_explain'; SET auto_explain.log_min_duration TO 0; SET auto_explain.log_analyze TO on; SET auto_explain.log_level TO notice; INSERT INTO time_statistics (template, s_time, stream, query, seed) VALUES ('query99.tpl', TRANSACTION_TIMESTAMP(), 1, 17, 1095004052);
LOAD
SET
SET
SET
psql:/tmp/s1-basline/throughput/query_1.sql:834: NOTICE:  duration: 0.009 ms  plan:
Query Text: INSERT INTO time_statistics (template, s_time, stream, query, seed) VALUES ('query99.tpl', TRANSACTION_TIMESTAMP(), 1, 17, 1095004052);
Insert on time_statistics  (cost=0.00..0.01 rows=0 width=0) (actual time=0.008..0.008 rows=0 loops=1)
  ->  Result  (cost=0.00..0.01 rows=1 width=64) (actual time=0.001..0.002 rows=1 loops=1)
INSERT 0 1
select  
   substr(w_warehouse_name,1,20)
  ,sm_type
  ,cc_name
  ,sum(case when (cs_ship_date_sk - cs_sold_date_sk <= 30 ) then 1 else 0 end)  as "30 days" 
  ,sum(case when (cs_ship_date_sk - cs_sold_date_sk > 30) and 
                 (cs_ship_date_sk - cs_sold_date_sk <= 60) then 1 else 0 end )  as "31-60 days" 
  ,sum(case when (cs_ship_date_sk - cs_sold_date_sk > 60) and 
                 (cs_ship_date_sk - cs_sold_date_sk <= 90) then 1 else 0 end)  as "61-90 days" 
  ,sum(case when (cs_ship_date_sk - cs_sold_date_sk > 90) and
                 (cs_ship_date_sk - cs_sold_date_sk <= 120) then 1 else 0 end)  as "91-120 days" 
  ,sum(case when (cs_ship_date_sk - cs_sold_date_sk  > 120) then 1 else 0 end)  as ">120 days" 
from
   catalog_sales
  ,warehouse
  ,ship_mode
  ,call_center
  ,date_dim
where
    d_month_seq between 1199 and 1199 + 11
and cs_ship_date_sk   = d_date_sk
and cs_warehouse_sk   = w_warehouse_sk
and cs_ship_mode_sk   = sm_ship_mode_sk
and cs_call_center_sk = cc_call_center_sk
group by
   substr(w_warehouse_name,1,20)
  ,sm_type
  ,cc_name
order by substr(w_warehouse_name,1,20)
        ,sm_type
        ,cc_name
limit 100;
psql:/tmp/s1-basline/throughput/query_1.sql:866: NOTICE:  duration: 409.178 ms  plan:
Query Text: select  
   substr(w_warehouse_name,1,20)
  ,sm_type
  ,cc_name
  ,sum(case when (cs_ship_date_sk - cs_sold_date_sk <= 30 ) then 1 else 0 end)  as "30 days" 
  ,sum(case when (cs_ship_date_sk - cs_sold_date_sk > 30) and 
                 (cs_ship_date_sk - cs_sold_date_sk <= 60) then 1 else 0 end )  as "31-60 days" 
  ,sum(case when (cs_ship_date_sk - cs_sold_date_sk > 60) and 
                 (cs_ship_date_sk - cs_sold_date_sk <= 90) then 1 else 0 end)  as "61-90 days" 
  ,sum(case when (cs_ship_date_sk - cs_sold_date_sk > 90) and
                 (cs_ship_date_sk - cs_sold_date_sk <= 120) then 1 else 0 end)  as "91-120 days" 
  ,sum(case when (cs_ship_date_sk - cs_sold_date_sk  > 120) then 1 else 0 end)  as ">120 days" 
from
   catalog_sales
  ,warehouse
  ,ship_mode
  ,call_center
  ,date_dim
where
    d_month_seq between 1199 and 1199 + 11
and cs_ship_date_sk   = d_date_sk
and cs_warehouse_sk   = w_warehouse_sk
and cs_ship_mode_sk   = sm_ship_mode_sk
and cs_call_center_sk = cc_call_center_sk
group by
   substr(w_warehouse_name,1,20)
  ,sm_type
  ,cc_name
order by substr(w_warehouse_name,1,20)
        ,sm_type
        ,cc_name
limit 100;
Limit  (cost=64552.16..64753.60 rows=90 width=115) (actual time=351.103..409.104 rows=90 loops=1)
  ->  Finalize GroupAggregate  (cost=64552.16..64753.60 rows=90 width=115) (actual time=351.102..409.095 rows=90 loops=1)
        Group Key: (substr((warehouse.w_warehouse_name)::text, 1, 20)), ship_mode.sm_type, call_center.cc_name
        ->  Gather Merge  (cost=64552.16..64748.87 rows=180 width=115) (actual time=350.178..408.981 rows=270 loops=1)
              Workers Planned: 2
              Workers Launched: 2
              ->  Partial GroupAggregate  (cost=63552.14..63728.07 rows=90 width=115) (actual time=310.378..349.786 rows=90 loops=3)
                    Group Key: (substr((warehouse.w_warehouse_name)::text, 1, 20)), ship_mode.sm_type, call_center.cc_name
                    ->  Sort  (cost=63552.14..63559.13 rows=2797 width=91) (actual time=309.832..314.393 rows=95301 loops=3)
                          Sort Key: (substr((warehouse.w_warehouse_name)::text, 1, 20)), ship_mode.sm_type, call_center.cc_name
                          Sort Method: quicksort  Memory: 15107kB
                          Worker 0:  Sort Method: quicksort  Memory: 12964kB
                          Worker 1:  Sort Method: quicksort  Memory: 12920kB
                          ->  Hash Join  (cost=2508.78..63392.01 rows=2797 width=91) (actual time=55.305..227.469 rows=95301 loops=3)
                                Hash Cond: (catalog_sales.cs_call_center_sk = call_center.cc_call_center_sk)
                                ->  Hash Join  (cost=2507.65..63371.32 rows=2811 width=69) (actual time=55.230..201.064 rows=95360 loops=3)
                                      Hash Cond: (catalog_sales.cs_warehouse_sk = warehouse.w_warehouse_sk)
                                      ->  Hash Join  (cost=2506.53..63356.54 rows=2826 width=63) (actual time=55.198..185.966 rows=95483 loops=3)
                                            Hash Cond: (catalog_sales.cs_ship_mode_sk = ship_mode.sm_ship_mode_sk)
                                            ->  Hash Join  (cost=2505.08..63346.06 rows=2842 width=40) (actual time=55.161..169.285 rows=95721 loops=3)
                                                  Hash Cond: (catalog_sales.cs_ship_date_sk = date_dim.d_date_sk)
                                                  ->  Parallel Seq Scan on catalog_sales  (cost=0.00..59266.53 rows=599753 width=40) (actual time=0.016..81.802 rows=479804 loops=3)
                                                  ->  Hash  (cost=2500.73..2500.73 rows=348 width=8) (actual time=13.488..13.489 rows=366 loops=3)
                                                        Buckets: 1024  Batches: 1  Memory Usage: 23kB
                                                        ->  Seq Scan on date_dim  (cost=0.00..2500.73 rows=348 width=8) (actual time=6.334..13.443 rows=366 loops=3)
                                                              Filter: ((d_month_seq >= 1199) AND (d_month_seq <= 1210))
                                                              Rows Removed by Filter: 72683
                                            ->  Hash  (cost=1.20..1.20 rows=20 width=39) (actual time=0.024..0.025 rows=20 loops=3)
                                                  Buckets: 1024  Batches: 1  Memory Usage: 10kB
                                                  ->  Seq Scan on ship_mode  (cost=0.00..1.20 rows=20 width=39) (actual time=0.018..0.020 rows=20 loops=3)
                                      ->  Hash  (cost=1.05..1.05 rows=5 width=22) (actual time=0.021..0.021 rows=5 loops=3)
                                            Buckets: 1024  Batches: 1  Memory Usage: 9kB
                                            ->  Seq Scan on warehouse  (cost=0.00..1.05 rows=5 width=22) (actual time=0.018..0.019 rows=5 loops=3)
                                ->  Hash  (cost=1.06..1.06 rows=6 width=20) (actual time=0.031..0.032 rows=6 loops=3)
                                      Buckets: 1024  Batches: 1  Memory Usage: 9kB
                                      ->  Seq Scan on call_center  (cost=0.00..1.06 rows=6 width=20) (actual time=0.026..0.027 rows=6 loops=3)
       substr        |            sm_type             |    cc_name    | 30 days | 31-60 days | 61-90 days | 91-120 days | >120 days 
---------------------+--------------------------------+---------------+---------+------------+------------+-------------+-----------
 Neither dea         | EXPRESS                        | Mid Atlantic  |    1191 |       1206 |       1285 |           0 |         0
 Neither dea         | EXPRESS                        | North Midwest |    1252 |       1324 |       1211 |           0 |         0
 Neither dea         | EXPRESS                        | NY Metro      |    1255 |       1267 |       1330 |           0 |         0
 Neither dea         | LIBRARY                        | Mid Atlantic  |     984 |       1036 |        960 |           0 |         0
 Neither dea         | LIBRARY                        | North Midwest |    1010 |        929 |        976 |           0 |         0
 Neither dea         | LIBRARY                        | NY Metro      |     919 |        958 |        933 |           0 |         0
 Neither dea         | NEXT DAY                       | Mid Atlantic  |    1275 |       1291 |       1262 |           0 |         0
 Neither dea         | NEXT DAY                       | North Midwest |    1292 |       1232 |       1318 |           0 |         0
 Neither dea         | NEXT DAY                       | NY Metro      |    1218 |       1272 |       1269 |           0 |         0
 Neither dea         | OVERNIGHT                      | Mid Atlantic  |     916 |       1009 |        949 |           0 |         0
 Neither dea         | OVERNIGHT                      | North Midwest |     933 |        943 |        941 |           0 |         0
 Neither dea         | OVERNIGHT                      | NY Metro      |     964 |        977 |        977 |           0 |         0
 Neither dea         | REGULAR                        | Mid Atlantic  |     930 |        948 |        970 |           0 |         0
 Neither dea         | REGULAR                        | North Midwest |     917 |        968 |        981 |           0 |         0
 Neither dea         | REGULAR                        | NY Metro      |     911 |        981 |        977 |           0 |         0
 Neither dea         | TWO DAY                        | Mid Atlantic  |     947 |        963 |        951 |           0 |         0
 Neither dea         | TWO DAY                        | North Midwest |     944 |        986 |        929 |           0 |         0
 Neither dea         | TWO DAY                        | NY Metro      |     948 |        955 |        985 |           0 |         0
 Parties use         | EXPRESS                        | Mid Atlantic  |    1225 |       1293 |       1277 |           0 |         0
 Parties use         | EXPRESS                        | North Midwest |    1257 |       1274 |       1304 |           0 |         0
 Parties use         | EXPRESS                        | NY Metro      |    1218 |       1270 |       1299 |           0 |         0
 Parties use         | LIBRARY                        | Mid Atlantic  |     874 |        953 |        965 |           0 |         0
 Parties use         | LIBRARY                        | North Midwest |     892 |        986 |        957 |           0 |         0
 Parties use         | LIBRARY                        | NY Metro      |     935 |        946 |        981 |           0 |         0
 Parties use         | NEXT DAY                       | Mid Atlantic  |    1226 |       1255 |       1280 |           0 |         0
 Parties use         | NEXT DAY                       | North Midwest |    1241 |       1322 |       1276 |           0 |         0
 Parties use         | NEXT DAY                       | NY Metro      |    1212 |       1229 |       1280 |           0 |         0
 Parties use         | OVERNIGHT                      | Mid Atlantic  |     942 |        960 |        967 |           0 |         0
 Parties use         | OVERNIGHT                      | North Midwest |     967 |       1021 |        890 |           0 |         0
 Parties use         | OVERNIGHT                      | NY Metro      |     938 |        970 |        986 |           0 |         0
 Parties use         | REGULAR                        | Mid Atlantic  |     974 |        981 |        892 |           0 |         0
 Parties use         | REGULAR                        | North Midwest |     911 |        960 |        944 |           0 |         0
 Parties use         | REGULAR                        | NY Metro      |     954 |        946 |       1002 |           0 |         0
 Parties use         | TWO DAY                        | Mid Atlantic  |     955 |        976 |        981 |           0 |         0
 Parties use         | TWO DAY                        | North Midwest |     922 |        916 |        994 |           0 |         0
 Parties use         | TWO DAY                        | NY Metro      |     924 |        952 |        961 |           0 |         0
 Persons make more e | EXPRESS                        | Mid Atlantic  |    1212 |       1301 |       1362 |           0 |         0
 Persons make more e | EXPRESS                        | North Midwest |    1265 |       1327 |       1267 |           0 |         0
 Persons make more e | EXPRESS                        | NY Metro      |    1250 |       1214 |       1338 |           0 |         0
 Persons make more e | LIBRARY                        | Mid Atlantic  |     921 |       1022 |       1010 |           0 |         0
 Persons make more e | LIBRARY                        | North Midwest |     895 |        992 |        932 |           0 |         0
 Persons make more e | LIBRARY                        | NY Metro      |     989 |        986 |        992 |           0 |         0
 Persons make more e | NEXT DAY                       | Mid Atlantic  |    1284 |       1274 |       1294 |           0 |         0
 Persons make more e | NEXT DAY                       | North Midwest |    1240 |       1266 |       1335 |           0 |         0
 Persons make more e | NEXT DAY                       | NY Metro      |    1306 |       1362 |       1326 |           0 |         0
 Persons make more e | OVERNIGHT                      | Mid Atlantic  |     912 |        986 |        956 |           0 |         0
 Persons make more e | OVERNIGHT                      | North Midwest |     898 |        974 |        986 |           0 |         0
 Persons make more e | OVERNIGHT                      | NY Metro      |     944 |        972 |        958 |           0 |         0
 Persons make more e | REGULAR                        | Mid Atlantic  |     903 |        987 |        923 |           0 |         0
 Persons make more e | REGULAR                        | North Midwest |     909 |        926 |        961 |           0 |         0
 Persons make more e | REGULAR                        | NY Metro      |     936 |        979 |        967 |           0 |         0
 Persons make more e | TWO DAY                        | Mid Atlantic  |     991 |        928 |        997 |           0 |         0
 Persons make more e | TWO DAY                        | North Midwest |     900 |        942 |        968 |           0 |         0
 Persons make more e | TWO DAY                        | NY Metro      |     976 |        995 |       1043 |           0 |         0
 Single, simple r    | EXPRESS                        | Mid Atlantic  |    1177 |       1254 |       1279 |           0 |         0
 Single, simple r    | EXPRESS                        | North Midwest |    1222 |       1251 |       1298 |           0 |         0
 Single, simple r    | EXPRESS                        | NY Metro      |    1248 |       1289 |       1239 |           0 |         0
 Single, simple r    | LIBRARY                        | Mid Atlantic  |     946 |        925 |        992 |           0 |         0
 Single, simple r    | LIBRARY                        | North Midwest |     910 |        877 |        966 |           0 |         0
 Single, simple r    | LIBRARY                        | NY Metro      |     951 |        961 |        948 |           0 |         0
 Single, simple r    | NEXT DAY                       | Mid Atlantic  |    1161 |       1299 |       1248 |           0 |         0
 Single, simple r    | NEXT DAY                       | North Midwest |    1186 |       1369 |       1351 |           0 |         0
 Single, simple r    | NEXT DAY                       | NY Metro      |    1304 |       1341 |       1286 |           0 |         0
 Single, simple r    | OVERNIGHT                      | Mid Atlantic  |     832 |        965 |        930 |           0 |         0
 Single, simple r    | OVERNIGHT                      | North Midwest |     919 |        983 |        947 |           0 |         0
 Single, simple r    | OVERNIGHT                      | NY Metro      |     975 |        963 |        978 |           0 |         0
 Single, simple r    | REGULAR                        | Mid Atlantic  |     974 |        911 |        987 |           0 |         0
 Single, simple r    | REGULAR                        | North Midwest |     956 |        952 |        950 |           0 |         0
 Single, simple r    | REGULAR                        | NY Metro      |     938 |        922 |        968 |           0 |         0
 Single, simple r    | TWO DAY                        | Mid Atlantic  |     907 |        973 |        983 |           0 |         0
 Single, simple r    | TWO DAY                        | North Midwest |     912 |        928 |        950 |           0 |         0
 Single, simple r    | TWO DAY                        | NY Metro      |     949 |        960 |        982 |           0 |         0
 Total, dea          | EXPRESS                        | Mid Atlantic  |    1272 |       1279 |       1296 |           0 |         0
 Total, dea          | EXPRESS                        | North Midwest |    1227 |       1271 |       1281 |           0 |         0
 Total, dea          | EXPRESS                        | NY Metro      |    1164 |       1274 |       1325 |           0 |         0
 Total, dea          | LIBRARY                        | Mid Atlantic  |     894 |       1000 |        946 |           0 |         0
 Total, dea          | LIBRARY                        | North Midwest |     912 |        950 |        942 |           0 |         0
 Total, dea          | LIBRARY                        | NY Metro      |     939 |        954 |        996 |           0 |         0
 Total, dea          | NEXT DAY                       | Mid Atlantic  |    1221 |       1306 |       1267 |           0 |         0
 Total, dea          | NEXT DAY                       | North Midwest |    1317 |       1247 |       1290 |           0 |         0
 Total, dea          | NEXT DAY                       | NY Metro      |    1239 |       1266 |       1317 |           0 |         0
 Total, dea          | OVERNIGHT                      | Mid Atlantic  |     928 |        997 |        918 |           0 |         0
 Total, dea          | OVERNIGHT                      | North Midwest |     949 |        949 |        965 |           0 |         0
 Total, dea          | OVERNIGHT                      | NY Metro      |     951 |        945 |        973 |           0 |         0
 Total, dea          | REGULAR                        | Mid Atlantic  |     947 |        989 |        929 |           0 |         0
 Total, dea          | REGULAR                        | North Midwest |     883 |        892 |        968 |           0 |         0
 Total, dea          | REGULAR                        | NY Metro      |     925 |        924 |        951 |           0 |         0
 Total, dea          | TWO DAY                        | Mid Atlantic  |     932 |        944 |        891 |           0 |         0
 Total, dea          | TWO DAY                        | North Midwest |     896 |        989 |        938 |           0 |         0
 Total, dea          | TWO DAY                        | NY Metro      |     959 |        977 |        995 |           0 |         0
(90 rows)

UPDATE time_statistics SET e_time = TRANSACTION_TIMESTAMP() WHERE template = 'query99.tpl' AND stream = 1;
psql:/tmp/s1-basline/throughput/query_1.sql:868: NOTICE:  duration: 0.040 ms  plan:
Query Text: UPDATE time_statistics SET e_time = TRANSACTION_TIMESTAMP() WHERE template = 'query99.tpl' AND stream = 1;
Update on time_statistics  (cost=0.00..5.30 rows=0 width=0) (actual time=0.040..0.040 rows=0 loops=1)
  ->  Seq Scan on time_statistics  (cost=0.00..5.30 rows=1 width=14) (actual time=0.024..0.025 rows=1 loops=1)
        Filter: ((template = 'query99.tpl'::text) AND (stream = 1))
        Rows Removed by Filter: 69
UPDATE 1
LOAD 'auto_explain'; SET auto_explain.log_min_duration TO 0; SET auto_explain.log_analyze TO on; SET auto_explain.log_level TO notice; INSERT INTO time_statistics (template, s_time, stream, query, seed) VALUES ('query3.tpl', TRANSACTION_TIMESTAMP(), 1, 18, 1108803613);
LOAD
SET
SET
SET
psql:/tmp/s1-basline/throughput/query_1.sql:869: NOTICE:  duration: 0.010 ms  plan:
Query Text: INSERT INTO time_statistics (template, s_time, stream, query, seed) VALUES ('query3.tpl', TRANSACTION_TIMESTAMP(), 1, 18, 1108803613);
Insert on time_statistics  (cost=0.00..0.01 rows=0 width=0) (actual time=0.010..0.010 rows=0 loops=1)
  ->  Result  (cost=0.00..0.01 rows=1 width=64) (actual time=0.002..0.002 rows=1 loops=1)
INSERT 0 1
select  dt.d_year 
       ,item.i_brand_id brand_id 
       ,item.i_brand brand
       ,sum(ss_sales_price) sum_agg
 from  date_dim dt 
      ,store_sales
      ,item
 where dt.d_date_sk = store_sales.ss_sold_date_sk
   and store_sales.ss_item_sk = item.i_item_sk
   and item.i_manufact_id = 822
   and dt.d_moy=12
 group by dt.d_year
      ,item.i_brand
      ,item.i_brand_id
 order by dt.d_year
         ,sum_agg desc
         ,brand_id
 limit 100;
psql:/tmp/s1-basline/throughput/query_1.sql:887: NOTICE:  duration: 9.188 ms  plan:
Query Text: select  dt.d_year 
       ,item.i_brand_id brand_id 
       ,item.i_brand brand
       ,sum(ss_sales_price) sum_agg
 from  date_dim dt 
      ,store_sales
      ,item
 where dt.d_date_sk = store_sales.ss_sold_date_sk
   and store_sales.ss_item_sk = item.i_item_sk
   and item.i_manufact_id = 822
   and dt.d_moy=12
 group by dt.d_year
      ,item.i_brand
      ,item.i_brand_id
 order by dt.d_year
         ,sum_agg desc
         ,brand_id
 limit 100;
Limit  (cost=5242.56..5242.81 rows=100 width=67) (actual time=9.177..9.179 rows=11 loops=1)
  ->  Sort  (cost=5242.56..5243.08 rows=207 width=67) (actual time=9.176..9.178 rows=11 loops=1)
        Sort Key: dt.d_year, (sum(store_sales.ss_sales_price)) DESC, item.i_brand_id
        Sort Method: quicksort  Memory: 26kB
        ->  GroupAggregate  (cost=5229.99..5234.65 rows=207 width=67) (actual time=9.147..9.170 rows=11 loops=1)
              Group Key: dt.d_year, item.i_brand, item.i_brand_id
              ->  Sort  (cost=5229.99..5230.51 rows=207 width=67) (actual time=9.139..9.144 rows=108 loops=1)
                    Sort Key: dt.d_year, item.i_brand, item.i_brand_id
                    Sort Method: quicksort  Memory: 36kB
                    ->  Nested Loop  (cost=0.73..5222.03 rows=207 width=67) (actual time=3.718..9.099 rows=108 loops=1)
                          ->  Nested Loop  (cost=0.43..4587.20 rows=2558 width=71) (actual time=3.701..8.080 rows=692 loops=1)
                                ->  Seq Scan on item  (cost=0.00..1481.00 rows=16 width=63) (actual time=3.688..7.084 rows=4 loops=1)
                                      Filter: (i_manufact_id = 822)
                                      Rows Removed by Filter: 17996
                                ->  Index Scan using pk_store_sales on store_sales  (cost=0.43..192.40 rows=174 width=24) (actual time=0.008..0.223 rows=173 loops=4)
                                      Index Cond: (ss_item_sk = item.i_item_sk)
                          ->  Memoize  (cost=0.30..0.32 rows=1 width=12) (actual time=0.001..0.001 rows=0 loops=692)
                                Cache Key: store_sales.ss_sold_date_sk
                                Cache Mode: logical
                                Hits: 174  Misses: 518  Evictions: 0  Overflows: 0  Memory Usage: 40kB
                                ->  Index Scan using pk_date_dim on date_dim dt  (cost=0.29..0.31 rows=1 width=12) (actual time=0.001..0.001 rows=0 loops=518)
                                      Index Cond: (d_date_sk = store_sales.ss_sold_date_sk)
                                      Filter: (d_moy = 12)
                                      Rows Removed by Filter: 1
 d_year | brand_id |                       brand                        |      sum_agg       
--------+----------+----------------------------------------------------+--------------------
   1998 |  8001001 | amalgnameless #1                                   |             525.51
   1998 |  6009003 | maxicorp #3                                        |             390.12
   1998 | 10007014 | brandunivamalg #14                                 | 174.46999999999997
   1999 |  6009003 | maxicorp #3                                        |             483.15
   1999 | 10007014 | brandunivamalg #14                                 | 365.38000000000005
   1999 |  8001001 | amalgnameless #1                                   |             317.57
   2000 | 10007014 | brandunivamalg #14                                 | 377.28999999999996
   2000 |  8001001 | edu packexporti #2                                 |             283.24
   2001 | 10007014 | brandunivamalg #14                                 | 298.28000000000003
   2001 |  8001001 | edu packexporti #2                                 |             209.57
   2002 | 10007014 | brandunivamalg #14                                 |  464.7000000000001
(11 rows)

UPDATE time_statistics SET e_time = TRANSACTION_TIMESTAMP() WHERE template = 'query3.tpl' AND stream = 1;
psql:/tmp/s1-basline/throughput/query_1.sql:889: NOTICE:  duration: 0.025 ms  plan:
Query Text: UPDATE time_statistics SET e_time = TRANSACTION_TIMESTAMP() WHERE template = 'query3.tpl' AND stream = 1;
Update on time_statistics  (cost=0.00..5.30 rows=0 width=0) (actual time=0.025..0.025 rows=0 loops=1)
  ->  Seq Scan on time_statistics  (cost=0.00..5.30 rows=1 width=14) (actual time=0.015..0.015 rows=1 loops=1)
        Filter: ((template = 'query3.tpl'::text) AND (stream = 1))
        Rows Removed by Filter: 70
UPDATE 1
LOAD 'auto_explain'; SET auto_explain.log_min_duration TO 0; SET auto_explain.log_analyze TO on; SET auto_explain.log_level TO notice; INSERT INTO time_statistics (template, s_time, stream, query, seed) VALUES ('query6.tpl', TRANSACTION_TIMESTAMP(), 1, 19, 1587358259);
LOAD
SET
SET
SET
psql:/tmp/s1-basline/throughput/query_1.sql:890: NOTICE:  duration: 0.008 ms  plan:
Query Text: INSERT INTO time_statistics (template, s_time, stream, query, seed) VALUES ('query6.tpl', TRANSACTION_TIMESTAMP(), 1, 19, 1587358259);
Insert on time_statistics  (cost=0.00..0.01 rows=0 width=0) (actual time=0.007..0.007 rows=0 loops=1)
  ->  Result  (cost=0.00..0.01 rows=1 width=64) (actual time=0.001..0.001 rows=1 loops=1)
INSERT 0 1
select  a.ca_state state, count(*) cnt
 from customer_address a
     ,customer c
     ,store_sales s
     ,date_dim d
     ,item i
 where       a.ca_address_sk = c.c_current_addr_sk
 	and c.c_customer_sk = s.ss_customer_sk
 	and s.ss_sold_date_sk = d.d_date_sk
 	and s.ss_item_sk = i.i_item_sk
 	and d.d_month_seq = 
 	     (select distinct (d_month_seq)
 	      from date_dim
               where d_year = 2002
 	        and d_moy = 4 )
 	and i.i_current_price > 1.2 * 
             (select avg(j.i_current_price) 
 	     from item j 
 	     where j.i_category = i.i_category)
 group by a.ca_state
 having count(*) >= 10
 order by cnt, a.ca_state 
 limit 100;
psql:/tmp/s1-basline/throughput/query_1.sql:913: NOTICE:  duration: 103136.107 ms  plan:
Query Text: select  a.ca_state state, count(*) cnt
 from customer_address a
     ,customer c
     ,store_sales s
     ,date_dim d
     ,item i
 where       a.ca_address_sk = c.c_current_addr_sk
 	and c.c_customer_sk = s.ss_customer_sk
 	and s.ss_sold_date_sk = d.d_date_sk
 	and s.ss_item_sk = i.i_item_sk
 	and d.d_month_seq = 
 	     (select distinct (d_month_seq)
 	      from date_dim
               where d_year = 2002
 	        and d_moy = 4 )
 	and i.i_current_price > 1.2 * 
             (select avg(j.i_current_price) 
 	     from item j 
 	     where j.i_category = i.i_category)
 group by a.ca_state
 having count(*) >= 10
 order by cnt, a.ca_state 
 limit 100;
Limit  (cost=1646340.82..1646340.86 rows=17 width=11) (actual time=103136.081..103136.090 rows=43 loops=1)
  InitPlan 1 (returns $0)
    ->  Unique  (cost=2501.47..2501.62 rows=30 width=4) (actual time=8.403..8.409 rows=1 loops=1)
          ->  Sort  (cost=2501.47..2501.55 rows=30 width=4) (actual time=8.402..8.404 rows=30 loops=1)
                Sort Key: date_dim.d_month_seq
                Sort Method: quicksort  Memory: 25kB
                ->  Seq Scan on date_dim  (cost=0.00..2500.73 rows=30 width=4) (actual time=4.051..8.399 rows=30 loops=1)
                      Filter: ((d_year = 2002) AND (d_moy = 4))
                      Rows Removed by Filter: 73019
  ->  Sort  (cost=1643839.20..1643839.24 rows=17 width=11) (actual time=103136.081..103136.084 rows=43 loops=1)
        Sort Key: (count(*)), a.ca_state
        Sort Method: quicksort  Memory: 27kB
        ->  GroupAggregate  (cost=1643835.52..1643838.85 rows=17 width=11) (actual time=103135.734..103136.069 rows=43 loops=1)
              Group Key: a.ca_state
              Filter: (count(*) >= 10)
              Rows Removed by Filter: 8
              ->  Sort  (cost=1643835.52..1643836.42 rows=359 width=3) (actual time=103135.725..103135.817 rows=2414 loops=1)
                    Sort Key: a.ca_state
                    Sort Method: quicksort  Memory: 209kB
                    ->  Nested Loop  (cost=1.30..1643820.29 rows=359 width=3) (actual time=41.686..103134.209 rows=2414 loops=1)
                          ->  Nested Loop  (cost=1.01..1643704.86 rows=359 width=8) (actual time=41.675..103124.523 rows=2414 loops=1)
                                ->  Nested Loop  (cost=0.72..42000.65 rows=1078 width=16) (actual time=11.308..90.967 rows=24861 loops=1)
                                      ->  Nested Loop  (cost=0.43..41649.19 rows=1129 width=16) (actual time=11.301..31.248 rows=25489 loops=1)
                                            ->  Seq Scan on date_dim d  (cost=0.00..2318.11 rows=30 width=8) (actual time=11.286..15.110 rows=30 loops=1)
                                                  Filter: (d_month_seq = $0)
                                                  Rows Removed by Filter: 73019
                                            ->  Index Scan using i_ss_sold_date_sk on store_sales s  (cost=0.43..1295.96 rows=1508 width=24) (actual time=0.012..0.394 rows=850 loops=30)
                                                  Index Cond: (ss_sold_date_sk = d.d_date_sk)
                                      ->  Index Scan using pk_customer on customer c  (cost=0.29..0.31 rows=1 width=16) (actual time=0.002..0.002 rows=1 loops=25489)
                                            Index Cond: (c_customer_sk = s.ss_customer_sk)
                                ->  Index Scan using pk_item on item i  (cost=0.29..1485.81 rows=1 width=8) (actual time=4.144..4.144 rows=0 loops=24861)
                                      Index Cond: (i_item_sk = s.ss_item_sk)
                                      Filter: (i_current_price > ('1.2'::double precision * (SubPlan 2)))
                                      Rows Removed by Filter: 1
                                      SubPlan 2
                                        ->  Aggregate  (cost=1485.49..1485.50 rows=1 width=8) (actual time=4.141..4.141 rows=1 loops=24861)
                                              ->  Seq Scan on item j  (cost=0.00..1481.00 rows=1795 width=8) (actual time=0.011..4.028 rows=1791 loops=24861)
                                                    Filter: (i_category = i.i_category)
                                                    Rows Removed by Filter: 16209
                          ->  Index Scan using pk_customer_address on customer_address a  (cost=0.29..0.32 rows=1 width=11) (actual time=0.003..0.003 rows=1 loops=2414)
                                Index Cond: (ca_address_sk = c.c_current_addr_sk)
 state | cnt 
-------+-----
 AZ    |  12
 NV    |  13
 NJ    |  16
 ME    |  19
 OR    |  19
 NM    |  20
 UT    |  20
 MD    |  21
 SC    |  24
 AK    |  26
 ID    |  26
 ND    |  35
 WA    |  35
 WV    |  36
 MT    |  37
 SD    |  38
 CA    |  41
 CO    |  42
 AL    |  44
 NY    |  44
 PA    |  48
       |  52
 MS    |  53
 LA    |  54
 AR    |  55
 WI    |  59
 FL    |  63
 KS    |  63
 OH    |  64
 NE    |  65
 IN    |  69
 MN    |  70
 KY    |  76
 IL    |  78
 MI    |  81
 NC    |  81
 IA    |  84
 OK    |  93
 TN    |  95
 MO    |  99
 GA    | 119
 VA    | 124
 TX    | 158
(43 rows)

UPDATE time_statistics SET e_time = TRANSACTION_TIMESTAMP() WHERE template = 'query6.tpl' AND stream = 1;
psql:/tmp/s1-basline/throughput/query_1.sql:915: NOTICE:  duration: 0.055 ms  plan:
Query Text: UPDATE time_statistics SET e_time = TRANSACTION_TIMESTAMP() WHERE template = 'query6.tpl' AND stream = 1;
Update on time_statistics  (cost=0.00..4.26 rows=0 width=0) (actual time=0.054..0.055 rows=0 loops=1)
  ->  Seq Scan on time_statistics  (cost=0.00..4.26 rows=1 width=14) (actual time=0.017..0.019 rows=1 loops=1)
        Filter: ((template = 'query6.tpl'::text) AND (stream = 1))
        Rows Removed by Filter: 85
UPDATE 1
LOAD 'auto_explain'; SET auto_explain.log_min_duration TO 0; SET auto_explain.log_analyze TO on; SET auto_explain.log_level TO notice; INSERT INTO time_statistics (template, s_time, stream, query, seed) VALUES ('../query_postgresql/query12.tpl', TRANSACTION_TIMESTAMP(), 1, 20, 132896139);
LOAD
SET
SET
SET
psql:/tmp/s1-basline/throughput/query_1.sql:916: NOTICE:  duration: 0.020 ms  plan:
Query Text: INSERT INTO time_statistics (template, s_time, stream, query, seed) VALUES ('../query_postgresql/query12.tpl', TRANSACTION_TIMESTAMP(), 1, 20, 132896139);
Insert on time_statistics  (cost=0.00..0.01 rows=0 width=0) (actual time=0.019..0.020 rows=0 loops=1)
  ->  Result  (cost=0.00..0.01 rows=1 width=64) (actual time=0.001..0.002 rows=1 loops=1)
INSERT 0 1
select  i_item_id
      ,i_item_desc 
      ,i_category 
      ,i_class 
      ,i_current_price
      ,sum(ws_ext_sales_price) as itemrevenue 
      ,sum(ws_ext_sales_price)*100/sum(sum(ws_ext_sales_price)) over
          (partition by i_class) as revenueratio
from	
	web_sales
    	,item 
    	,date_dim
where 
	ws_item_sk = i_item_sk 
  	and i_category in ('Shoes', 'Men', 'Home')
  	and ws_sold_date_sk = d_date_sk
	and d_date between cast('1998-02-17' as date) 
				and (cast('1998-02-17' as date) + INTERVAL '30 days')
group by 
	i_item_id
        ,i_item_desc 
        ,i_category
        ,i_class
        ,i_current_price
order by 
	i_category
        ,i_class
        ,i_item_id
        ,i_item_desc
        ,revenueratio
limit 100;
psql:/tmp/s1-basline/throughput/query_1.sql:947: NOTICE:  duration: 25.514 ms  plan:
Query Text: select  i_item_id
      ,i_item_desc 
      ,i_category 
      ,i_class 
      ,i_current_price
      ,sum(ws_ext_sales_price) as itemrevenue 
      ,sum(ws_ext_sales_price)*100/sum(sum(ws_ext_sales_price)) over
          (partition by i_class) as revenueratio
from	
	web_sales
    	,item 
    	,date_dim
where 
	ws_item_sk = i_item_sk 
  	and i_category in ('Shoes', 'Men', 'Home')
  	and ws_sold_date_sk = d_date_sk
	and d_date between cast('1998-02-17' as date) 
				and (cast('1998-02-17' as date) + INTERVAL '30 days')
group by 
	i_item_id
        ,i_item_desc 
        ,i_category
        ,i_class
        ,i_current_price
order by 
	i_category
        ,i_class
        ,i_item_id
        ,i_item_desc
        ,revenueratio
limit 100;
Limit  (cost=11449.13..11449.36 rows=91 width=245) (actual time=25.424..25.435 rows=100 loops=1)
  ->  Sort  (cost=11449.13..11449.36 rows=91 width=245) (actual time=25.424..25.429 rows=100 loops=1)
        Sort Key: item.i_category, item.i_class, item.i_item_id, item.i_item_desc, ((((sum(web_sales.ws_ext_sales_price)) * '100'::double precision) / sum((sum(web_sales.ws_ext_sales_price))) OVER (?)))
        Sort Method: top-N heapsort  Memory: 81kB
        ->  WindowAgg  (cost=11444.12..11446.17 rows=91 width=245) (actual time=23.600..24.366 rows=1460 loops=1)
              ->  Sort  (cost=11444.12..11444.35 rows=91 width=237) (actual time=23.585..23.646 rows=1460 loops=1)
                    Sort Key: item.i_class
                    Sort Method: quicksort  Memory: 452kB
                    ->  GroupAggregate  (cost=11438.66..11441.16 rows=91 width=237) (actual time=21.773..22.828 rows=1460 loops=1)
                          Group Key: item.i_item_id, item.i_item_desc, item.i_category, item.i_class, item.i_current_price
                          ->  Sort  (cost=11438.66..11438.89 rows=91 width=237) (actual time=21.768..21.862 rows=2076 loops=1)
                                Sort Key: item.i_item_id, item.i_item_desc, item.i_category, item.i_class, item.i_current_price
                                Sort Method: quicksort  Memory: 668kB
                                ->  Nested Loop  (cost=1.00..11435.70 rows=91 width=237) (actual time=0.042..16.235 rows=2076 loops=1)
                                      ->  Nested Loop  (cost=0.72..11340.92 rows=305 width=16) (actual time=0.022..3.530 rows=6937 loops=1)
                                            ->  Index Scan using i_d_date on date_dim  (cost=0.29..3.11 rows=31 width=8) (actual time=0.008..0.019 rows=31 loops=1)
                                                  Index Cond: ((d_date >= '1998-02-17'::date) AND (d_date <= '1998-03-19 00:00:00'::timestamp without time zone))
                                            ->  Index Scan using i_ws_sold_date_sk on web_sales  (cost=0.42..361.79 rows=395 width=24) (actual time=0.004..0.077 rows=224 loops=31)
                                                  Index Cond: (ws_sold_date_sk = date_dim.d_date_sk)
                                      ->  Index Scan using pk_item on item  (cost=0.29..0.31 rows=1 width=237) (actual time=0.002..0.002 rows=0 loops=6937)
                                            Index Cond: (i_item_sk = web_sales.ws_item_sk)
                                            Filter: (i_category = ANY ('{Shoes,Men,Home}'::bpchar[]))
                                            Rows Removed by Filter: 1
    i_item_id     |                                                                                               i_item_desc                                                                                                |                     i_category                     |                      i_class                       | i_current_price |    itemrevenue     |     revenueratio     
------------------+----------------------------------------------------------------------------------------------------------------------------------------------------------------------------------------------------------+----------------------------------------------------+----------------------------------------------------+-----------------+--------------------+----------------------
 AAAAAAAABDCBAAAA | Classes let later in a settlements. Existing, warm thousands will not need particularly apparent subjects. Black years convert from an teachers; eventually delicious sets shall                         | Home                                               | accent                                             |            3.49 |              72.21 |  0.08437145312155683
 AAAAAAAABMDDAAAA | References                                                                                                                                                                                               | Home                                               | accent                                             |            4.69 |              665.4 |   0.7774652389846824
 AAAAAAAACGAAAAAA | Central aspects ought to work about for a scots. Extraordinary, glad things claim below. Presents shall put german, biological times. Sound times boil wom                                               | Home                                               | accent                                             |            0.96 |            2916.24 |   3.4073868778729945
 AAAAAAAACOGBAAAA | Civil bonds could relax main weeks; teams might not grow recently ministers; quiet, free ways could appeal sorry, giant fathers. Civil, necessary bottles would                                          | Home                                               | accent                                             |            8.31 |             535.68 |   0.6258980751717984
 AAAAAAAADNCEAAAA | Important police may blame daily, early functions. Unions stay actual tie                                                                                                                                | Home                                               | accent                                             |            0.29 |             987.28 |   1.1535555773140926
 AAAAAAAADPMBAAAA | Firstly personal fact                                                                                                                                                                                    | Home                                               | accent                                             |            7.72 |            3860.15 |    4.510268172928647
 AAAAAAAAECFAAAAA | Always spanish members meet then strategies. Simple, n                                                                                                                                                   | Home                                               | accent                                             |            3.92 |           14727.86 |   17.208294551597454
 AAAAAAAAELLAAAAA | Conservatives say much. Hesitantly different styles could mean still by the minds. Members represent rates. Poor miners will take also with a fi                                                         | Home                                               | accent                                             |            4.45 |            3670.59 |    4.288782884828352
 AAAAAAAAGGCDAAAA | Most useful systems ought to make from time to time liable urban customers. Often high names ought to replace for a products. Constant, appointe                                                         | Home                                               | accent                                             |            1.56 |            1046.15 |   1.2223403362846794
 AAAAAAAAHABCAAAA | Feet express both now free words. Principle                                                                                                                                                              | Home                                               | accent                                             |            3.35 |            4752.79 |    5.553244684691928
 AAAAAAAAHANCAAAA | Busy, lexical others begin past drugs. Parents try benefits. Useful meals                                                                                                                                | Home                                               | accent                                             |            4.86 |              499.6 |   0.5837415590573299
 AAAAAAAAHNPCAAAA | Running groups must fol                                                                                                                                                                                  | Home                                               | accent                                             |            3.61 |           10954.44 |   12.799363259007162
 AAAAAAAAHOICAAAA | Priorities mean strangely groups. No doubt expensive tasks used to believe quick beautiful physical sch                                                                                                  | Home                                               | accent                                             |            1.49 | 11258.009999999998 |   13.154059866459187
 AAAAAAAAICOCAAAA | Reasons hold. Numbers must like home wrong types. Well specific stars may raise explicitly so-called seats; officers deny yet attractive, expected customers. Open leaders s                             | Home                                               | accent                                             |            9.53 |            6608.68 |    7.721699692776212
 AAAAAAAAKOEAAAAA | Priorities need officially underneath different services. Young sales may find heads. Young differences should appear closer. So private opponents should hear late relations. So high in                | Home                                               | accent                                             |           19.72 |             813.67 |    0.950706553959523
 AAAAAAAALFIBAAAA | Interesting terms learn events; beyond different terms a                                                                                                                                                 | Home                                               | accent                                             |           88.32 |               2316 |   2.7060557461504726
 AAAAAAAAMEJAAAAA | Types block stiff only fina                                                                                                                                                                              | Home                                               | accent                                             |            8.87 |             567.16 |   0.6626798691652427
 AAAAAAAAMNHDAAAA | Current questions used to measure. Thin failures could not swim readily. High rates shall not ask only still new needs; dangerous, polish files listen in                                                | Home                                               | accent                                             |             4.6 |             329.43 |  0.38491189311500446
 AAAAAAAANHCAAAAA | Acute, lexical countrie                                                                                                                                                                                  | Home                                               | accent                                             |            0.78 |            7379.58 |    8.622433015188733
 AAAAAAAAOAECAAAA | Low parents used to seem questions; western, bad prices must compensate more thin letters. Weak, large words gain a                                                                                      | Home                                               | accent                                             |            6.12 |            6591.16 |    7.701229012002224
 AAAAAAAAODCBAAAA | Thinking, official reasons may tell individual, european practices. Special remarks will not want here sessions; separate, s                                                                             | Home                                               | accent                                             |            33.5 |             1173.2 |   1.3707878244316645
 AAAAAAAAOMLAAAAA | Positive                                                                                                                                                                                                 | Home                                               | accent                                             |            1.46 |            3860.54 |    4.510723855891082
 AAAAAAAAAIBBAAAA | Conveniently left members go again original birds. Central, new services say less following hands.                                                                                                       | Home                                               | bathroom                                           |            1.89 |             674.87 |   0.6950595332749442
 AAAAAAAAAKKAAAAA | Much inevitable cells would not create ahead much agricultural parameters. Again effective inches may enjoy by the stars. Senior, concerned passengers tell still conventional revenues. Serious         | Home                                               | bathroom                                           |            7.91 |            3582.17 |   3.6893348471727987
 AAAAAAAABHCDAAAA | Good unions enable at a blocks. Years say particularly popular proportions. Remarkable, cold accidents feel lectures. Sometimes final troops must not work social advantages. Primarily ea               | Home                                               | bathroom                                           |            1.33 |            1271.52 |   1.3095590228484848
 AAAAAAAABIDEAAAA | Practical, possible channels will not concern readers; local times emphasise only middle-class, poor creatures. Almost australian earnings could not return residential, economic versions. Initially st | Home                                               | bathroom                                           |            3.02 |                  0 |                    0
 AAAAAAAABMPDAAAA | Traditional, fatal police may not stir recently particular programmes. Actually full                                                                                                                     | Home                                               | bathroom                                           |            4.89 |           10786.17 |   11.108851017268814
 AAAAAAAACCMAAAAA | Maybe typical holidays will not know so as mile                                                                                                                                                          | Home                                               | bathroom                                           |            5.36 | 3463.9799999999996 |    3.567609053704774
 AAAAAAAACDLAAAAA | Also theoretical holidays persuade later under a books. Opportunities would make with th                                                                                                                 | Home                                               | bathroom                                           |           28.92 |            7310.34 |    7.529037456815617
 AAAAAAAACENDAAAA | Answers expect in a cases. Weeks should qualify however even twin gardens. Light parties look. Simple moves write obviously afraid activities. Courts can snap so. Feet find simp                        | Home                                               | bathroom                                           |            7.55 |            4889.01 |    5.035270509544853
 AAAAAAAACOICAAAA | Regular, local deals cheer today long outside colours. Companies comfort recently possible, tiny men. Best aggressive rumours can become obviously warm necessary specimens. More new rates may s        | Home                                               | bathroom                                           |            3.29 |            1274.88 |   1.3130195412176582
 AAAAAAAADPOCAAAA | Of course coming relations could prevent as the years; large kids feel only western products.                                                                                                            | Home                                               | bathroom                                           |            3.03 |             1235.5 |    1.272461441998005
 AAAAAAAAGMIAAAAA | Peoples can encourage only gen                                                                                                                                                                           | Home                                               | bathroom                                           |            3.04 |             164.43 |  0.16934911769140584
 AAAAAAAAGONBAAAA | Local, historic weeks fulfil electric, dangerous days. Objectives work sound facilities. Locally new types used to change there here critical shapes. Big, voluntary discussions locate. Keen areas m    | Home                                               | bathroom                                           |            5.83 |             1478.4 |   1.5226280824361396
 AAAAAAAAHCNDAAAA | Strange, other bodies may say further adult servants. Forms will                                                                                                                                         | Home                                               | bathroom                                           |            2.43 |             3040.1 |    3.131048182774694
 AAAAAAAAIIADAAAA | Live rates ought to come into a parties. Poor, realistic years afford aside necessary hospitals. True women might not share royal memories. Ru                                                           | Home                                               | bathroom                                           |            0.23 |            23964.8 |   24.681735301654218
 AAAAAAAAJBDDAAAA | Considerable, costly aspects keep english roads. Also reliable members can make possibly. Members begin previously too red years. Countries roll young, scientific force                                 | Home                                               | bathroom                                           |            4.76 | 1422.8400000000001 |    1.465405939403028
 AAAAAAAAJENCAAAA | Local, good wines can come a little young jobs. Now bright values could go un                                                                                                                            | Home                                               | bathroom                                           |             4.5 |  5842.200000000001 |    6.016976314399632
 AAAAAAAAKADEAAAA | Parts can discover to the agreements. Public minutes lead considerably about a edges. Wrong allowances can attend little. New organizations replace however instances. Rapid, ltd. te                    | Home                                               | bathroom                                           |            7.18 |            5677.28 |    5.847122537779387
 AAAAAAAAKAKAAAAA | Partly small children move following, sufficient lines. Meetings win already by a shoulders. Strongly general daughters hear less fol                                                                    | Home                                               | bathroom                                           |            96.3 |             126.35 |  0.13012990950744469
 AAAAAAAAKGDAAAAA | Main, special ministers ought to analyse old resources. Relevant eyes mention quiet, nuclear faces. Foreign, acute parts accept always hours. Bri                                                        | Home                                               | bathroom                                           |            0.49 |            8495.72 |     8.74987949980679
 AAAAAAAAKMDEAAAA | Systems become in a streets. N                                                                                                                                                                           | Home                                               | bathroom                                           |            6.27 |              66.06 |  0.06803626293677717
 AAAAAAAALADCAAAA | Expressions get really dead rates. Weapons surrender still more correct goods. More able courses relax far previous, empty sides. Complete weeks may not make well successful, english mod               | Home                                               | bathroom                                           |            8.26 |            2402.44 |    2.474311830605979
 AAAAAAAANGJDAAAA | Endless, roman houses characterize total subjects. Institutional humans co                                                                                                                               | Home                                               | bathroom                                           |            6.93 |             296.97 |   0.3058542083611069
 AAAAAAAAOPIDAAAA | Likely conditions must carry harder main critics; huge improvements end new months. O                                                                                                                    | Home                                               | bathroom                                           |            3.04 |            9629.25 |    9.917320388797481
 AAAAAAAAACMDAAAA | Matters learn highly unlikely matters; men may not find both special, sick clients. Also new sourc                                                                                                       | Home                                               | bedding                                            |            1.16 |            5855.28 |   3.0963466126318764
 AAAAAAAACBMCAAAA | Women learn. Slowly practi                                                                                                                                                                               | Home                                               | bedding                                            |            4.36 |             940.14 |   0.4971580017351403
 AAAAAAAACKACAAAA | Still legal animals must imagine; families                                                                                                                                                               | Home                                               | bedding                                            |            4.42 |           19604.16 |   10.366929405509783
 AAAAAAAACPOAAAAA | Certainly economic reserves go deeply about a days. Gift                                                                                                                                                 | Home                                               | bedding                                            |            1.86 |            2348.64 |   1.2419907345663623
 AAAAAAAAEADEAAAA | Political affairs would say really in place of a resources. Times withdraw quite long countries. Yet used changes must see for a conditions. General years used to find both. Blue,                      | Home                                               | bedding                                            |            2.23 |           16857.38 |    8.914397169878868
 AAAAAAAAECNAAAAA | Again exotic qualifications establish for example for example proud leaders. Lonely, prominent hundreds should play more much dependent contributions; social, f                                         | Home                                               | bedding                                            |            2.37 |             278.25 |   0.1471421426413117
 AAAAAAAAEDHCAAAA | Gentlemen say more potentially inc honours. Lines include interestingly annual papers; well proposed problems sho                                                                                        | Home                                               | bedding                                            |            3.88 |             6764.3 |   3.5770479621513918
 AAAAAAAAELMBAAAA | Conservative, consistent                                                                                                                                                                                 | Home                                               | bedding                                            |            0.48 |            7056.72 |   3.7316833812032244
 AAAAAAAAFLJAAAAA | Junior statements will understand grim, inherent glasses. Initial matters work medical, british men. Now available facts shall give significantly by the nations. Notes mu                               | Home                                               | bedding                                            |            7.67 |            6147.54 |   3.2508974216466107
 AAAAAAAAGGNAAAAA | High, delighted interests get quickly much subsequent volunteers. Crucial, international organs can show for a years. Quick, true banks coul                                                             | Home                                               | bedding                                            |            0.46 |           11622.13 |   6.1459303153849705
 AAAAAAAAGHJAAAAA | Sometimes international shots call only. Rather liberal cases will not take less useless hu                                                                                                              | Home                                               | bedding                                            |            3.06 |            2776.32 |   1.4681533637301942
 AAAAAAAAGKLCAAAA | Now free wines can introduce across a groups. Well universal facts                                                                                                                                       | Home                                               | bedding                                            |            5.53 |            6892.31 |    3.644741279957373
 AAAAAAAAHIDBAAAA | Particularly poor years                                                                                                                                                                                  | Home                                               | bedding                                            |            4.68 |            5159.66 |   2.7284939000922566
 AAAAAAAAHLHAAAAA | Travellers must tell at the police; public, able months make difficult operations. Small views offer ever more legal groups. A                                                                           | Home                                               | bedding                                            |            4.05 |             3477.6 |   1.8389991563321675
 AAAAAAAAIMCEAAAA | Either european findings must put before middle official years. Important materials will not constrain women. British colleagues arrive during                                                           | Home                                               | bedding                                            |           10.77 |             6927.4 |   3.6632973187185005
 AAAAAAAAINBEAAAA | Developments ask new friends. Alternative, soviet years should confirm simply good children.                                                                                                             | Home                                               | bedding                                            |            1.18 |            3275.75 |   1.7322583064053074
 AAAAAAAAJDHAAAAA | Alone, heavy records say only foreigners; new org                                                                                                                                                        | Home                                               | bedding                                            |            0.97 |              939.2 |   0.4966609177671876
 AAAAAAAAJGJBAAAA | Today successful wars become much in a deaths; liberal, organic feet ought to exert only other points. Holy, able men will pretend highly at first addi                                                  | Home                                               | bedding                                            |            0.78 |             1641.5 |   0.8680460993556628
 AAAAAAAAKEBBAAAA | Short, local leaves will s                                                                                                                                                                               | Home                                               | bedding                                            |             8.8 |            5107.74 |   2.7010379430538487
 AAAAAAAAKFODAAAA | Free, old premises should go most new feet; accordingly possible provinces could not get countries. Most financial orders o                                                                              | Home                                               | bedding                                            |           11.08 |            3498.09 |    1.849834529208072
 AAAAAAAALCIBAAAA | Re                                                                                                                                                                                                       | Home                                               | bedding                                            |            0.42 |            9714.87 |    5.137346944408985
 AAAAAAAALKKAAAAA | Already large items gain soon until the reserves. Small, high applications stop as a lines.                                                                                                              | Home                                               | bedding                                            |            1.86 |              509.1 |   0.2692185617922436
 AAAAAAAALPJCAAAA | Firm, concerned points raise technical, individual workers. Accordingly full hours must not use anyway problems. Royal, gastric instruments should not identify national activit                         | Home                                               | bedding                                            |            2.82 |                302 |  0.15970144502309483
 AAAAAAAAMHGDAAAA | Thus                                                                                                                                                                                                     | Home                                               | bedding                                            |            2.46 | 386.07000000000005 |  0.20415873139094778
 AAAAAAAAMOMCAAAA | Groups meet even recently final police. Difficulties exist impossible others. Reasons use only different arms. Categories mean local, artistic parents; ready, white books bring now again bra           | Home                                               | bedding                                            |            8.13 |            5129.06 |   2.7123122304972016
 AAAAAAAAMOPDAAAA | Scottish measures check so evil, useful spirits. General costs ought to divert among a members; human, oth                                                                                               | Home                                               | bedding                                            |            0.86 |              102.4 | 0.054150423742930165
 AAAAAAAANECDAAAA | Hardly environmental scientists close once quite british calculations. Visible, possible months could not continue important students. Historians tell above minutes. Short,                             | Home                                               | bedding                                            |            3.98 |                  0 |                    0
 AAAAAAAANELAAAAA | Lawyers move parents; patients create here boxes. Much new goods must help particularly only, personal characters. Investors see entirely running vessels. Republics want aloft women. Later             | Home                                               | bedding                                            |            8.07 |            4953.34 |    2.619389257253962
 AAAAAAAANKMCAAAA | Afraid, true parties would cause after a countries. Civil structures can bring in a policies; following hands marry from the movements. Exchanges listen. Close, normal relationships might create only  | Home                                               | bedding                                            |           32.83 |            5606.52 |     2.96479915745325
 AAAAAAAANOOCAAAA | Helplessly outstanding councils must follow in particular types. Great requirements will express then educational brothers. Drugs give hopefully s                                                       | Home                                               | bedding                                            |            3.05 | 2770.3999999999996 |   1.4650227923575556
 AAAAAAAAOECAAAAA | Requests come best existing, fundamental problems. Books expect ordinary tears. Major, unusual investments look for a lakes. Limited, true things star                                                   | Home                                               | bedding                                            |            6.91 | 23333.199999999997 |   12.338893235141972
 AAAAAAAAOFPDAAAA | Foreign, russian hours would not show strategic, objective arrangements. Tiles hold careful magazines. Pupils will not beat popul                                                                        | Home                                               | bedding                                            |            4.78 |             837.59 |  0.44292825608243047
 AAAAAAAAOOPAAAAA | Pockets withdraw more. Thus suitable lakes can avoid often again very sources. Results acquire individuals. Available ears should not meet new, old factors. Games would not b                           | Home                                               | bedding                                            |            0.96 |              846.4 |  0.44758709625015713
 AAAAAAAAOPNCAAAA | Strategic days use never. Com                                                                                                                                                                            | Home                                               | bedding                                            |             0.9 |            4501.02 |    2.380196682376988
 AAAAAAAAPCOAAAAA | Hours can take male meetings. Girls ought to match in                                                                                                                                                    | Home                                               | bedding                                            |               8 |             1421.3 |   0.7516015357990883
 AAAAAAAAPKAAAAAA | Funny changes could suit very too                                                                                                                                                                        | Home                                               | bedding                                            |            1.37 |                  0 |                    0
 AAAAAAAAPPJBAAAA | Happy, national estates improve properly electric, white humans. Holders adopt near variables. E                                                                                                         | Home                                               | bedding                                            |            0.27 |           11519.48 |    6.091647688459074
 AAAAAAAAAFIDAAAA | Firstly popular books grab on a members; simple problems might not wait also economic findi                                                                                                              | Home                                               | blinds/shades                                      |            7.71 |             560.25 |   0.5482193805165033
 AAAAAAAAAKABAAAA | Absolute parties would not drink interested rooms. Then subsequent meetings cannot talk new blues. Areas might account men. Days will discover with a e                                                  | Home                                               | blinds/shades                                      |            8.02 |                652 |   0.6379991719710133
 AAAAAAAAAKDAAAAA | Late new clients cure immediately junior chi                                                                                                                                                             | Home                                               | blinds/shades                                      |            1.76 |               55.2 |  0.05401465382331278
 AAAAAAAABAAAAAAA | Problems will help still simple, religious industries. Extended gi                                                                                                                                       | Home                                               | blinds/shades                                      |            5.38 | 23571.489999999998 |     23.0653237762623
 AAAAAAAACBEAAAAA | Involved members could cover typically to a cases. Sad,                                                                                                                                                  | Home                                               | blinds/shades                                      |            1.28 |             960.96 |   0.9403246691675843
 AAAAAAAACFMAAAAA | Later old elements used to express much at a men. Hard only thoughts throw in a topics. Lights must establish less as primary                                                                            | Home                                               | blinds/shades                                      |            9.86 |              44.72 |  0.04375969780758238
 AAAAAAAACGDAAAAA | Sites shall see honestly domestic, common boxes. Bodies should lift very years. For good other others might not return even secondary                                                                    | Home                                               | blinds/shades                                      |            7.88 |            3120.73 |   3.0537164968483133
 AAAAAAAACGHCAAAA | Great needs speak extreme, proposed ideas. Free, used revenues travel however trees. Discussions shall keep ordinary                                                                                     | Home                                               | blinds/shades                                      |            3.26 |            4293.81 |    4.201606172700701
 AAAAAAAACPEBAAAA | Senior, slight arts shall win chairs. Em                                                                                                                                                                 | Home                                               | blinds/shades                                      |            0.98 |            7842.42 |    7.674014518786678
 AAAAAAAAEOHBAAAA | Now bad words include much men. Very interesting clothes ought to receive most. Fierce, whole approaches should get                                                                                      | Home                                               | blinds/shades                                      |            7.48 |            2907.09 |    2.844664130130695
 AAAAAAAAEOODAAAA | Secure sciences would not weep possible, horizontal reports. Other, social elements consolidate. Activities shall tell as emotional fans. Popular soci                                                   | Home                                               | blinds/shades                                      |            2.12 |           10418.74 |    10.19501149230257
 AAAAAAAAEPBAAAAA | Worth                                                                                                                                                                                                    | Home                                               | blinds/shades                                      |            2.23 |              90.88 |  0.08892847354099032
 AAAAAAAAGAGBAAAA | Present, soft arms control as; straightforward colleagues should contribute again short, young bombs. Premises outline. Also private strate                                                              | Home                                               | blinds/shades                                      |            9.29 |            3661.12 |    3.582502344304473
 AAAAAAAAGJDCAAAA | Silent years secure too; contributions create worldwide public definitions. Long in                                                                                                                      | Home                                               | blinds/shades                                      |            3.08 |             199.64 |  0.19535299799431455
 AAAAAAAAGKBCAAAA | Improvements used to extend above so sorry operations. Details get before councils; commercial areas remove. Ago legal diseases absorb developments. Strangers should not conceive far major             | Home                                               | blinds/shades                                      |           23.04 |            2321.46 |    2.271609751171516
 AAAAAAAAGMGCAAAA | Front hands might not curb del                                                                                                                                                                           | Home                                               | blinds/shades                                      |            1.54 |             314.38 |  0.30762910994516435
 AAAAAAAAIDMAAAAA | Very strange schools should stretch briskly in a deals; new, forward investors might not communicate for a windows; logically original terms used to                                                     | Home                                               | blinds/shades                                      |            5.91 |            4210.26 |    4.119850297212697
 AAAAAAAAIPIDAAAA | Other, head savings ought to get masters. Chapters place planned, little pupils. Attitudes increase then narrow, available songs. European                                                               | Home                                               | blinds/shades                                      |            4.16 |            1673.49 |   1.6375540403401396
(100 rows)

UPDATE time_statistics SET e_time = TRANSACTION_TIMESTAMP() WHERE template = '../query_postgresql/query12.tpl' AND stream = 1;
psql:/tmp/s1-basline/throughput/query_1.sql:949: NOTICE:  duration: 0.023 ms  plan:
Query Text: UPDATE time_statistics SET e_time = TRANSACTION_TIMESTAMP() WHERE template = '../query_postgresql/query12.tpl' AND stream = 1;
Update on time_statistics  (cost=0.00..4.26 rows=0 width=0) (actual time=0.023..0.023 rows=0 loops=1)
  ->  Seq Scan on time_statistics  (cost=0.00..4.26 rows=1 width=14) (actual time=0.015..0.015 rows=1 loops=1)
        Filter: ((template = '../query_postgresql/query12.tpl'::text) AND (stream = 1))
        Rows Removed by Filter: 86
UPDATE 1
LOAD 'auto_explain'; SET auto_explain.log_min_duration TO 0; SET auto_explain.log_analyze TO on; SET auto_explain.log_level TO notice; INSERT INTO time_statistics (template, s_time, stream, query, seed) VALUES ('query28.tpl', TRANSACTION_TIMESTAMP(), 1, 21, 1097153470);
LOAD
SET
SET
SET
psql:/tmp/s1-basline/throughput/query_1.sql:950: NOTICE:  duration: 0.007 ms  plan:
Query Text: INSERT INTO time_statistics (template, s_time, stream, query, seed) VALUES ('query28.tpl', TRANSACTION_TIMESTAMP(), 1, 21, 1097153470);
Insert on time_statistics  (cost=0.00..0.01 rows=0 width=0) (actual time=0.007..0.007 rows=0 loops=1)
  ->  Result  (cost=0.00..0.01 rows=1 width=64) (actual time=0.001..0.001 rows=1 loops=1)
INSERT 0 1
select  *
from (select avg(ss_list_price) B1_LP
            ,count(ss_list_price) B1_CNT
            ,count(distinct ss_list_price) B1_CNTD
      from store_sales
      where ss_quantity between 0 and 5
        and (ss_list_price between 14 and 14+10 
             or ss_coupon_amt between 10750 and 10750+1000
             or ss_wholesale_cost between 45 and 45+20)) B1,
     (select avg(ss_list_price) B2_LP
            ,count(ss_list_price) B2_CNT
            ,count(distinct ss_list_price) B2_CNTD
      from store_sales
      where ss_quantity between 6 and 10
        and (ss_list_price between 137 and 137+10
          or ss_coupon_amt between 6719 and 6719+1000
          or ss_wholesale_cost between 25 and 25+20)) B2,
     (select avg(ss_list_price) B3_LP
            ,count(ss_list_price) B3_CNT
            ,count(distinct ss_list_price) B3_CNTD
      from store_sales
      where ss_quantity between 11 and 15
        and (ss_list_price between 53 and 53+10
          or ss_coupon_amt between 2422 and 2422+1000
          or ss_wholesale_cost between 80 and 80+20)) B3,
     (select avg(ss_list_price) B4_LP
            ,count(ss_list_price) B4_CNT
            ,count(distinct ss_list_price) B4_CNTD
      from store_sales
      where ss_quantity between 16 and 20
        and (ss_list_price between 46 and 46+10
          or ss_coupon_amt between 309 and 309+1000
          or ss_wholesale_cost between 15 and 15+20)) B4,
     (select avg(ss_list_price) B5_LP
            ,count(ss_list_price) B5_CNT
            ,count(distinct ss_list_price) B5_CNTD
      from store_sales
      where ss_quantity between 21 and 25
        and (ss_list_price between 93 and 93+10
          or ss_coupon_amt between 14368 and 14368+1000
          or ss_wholesale_cost between 57 and 57+20)) B5,
     (select avg(ss_list_price) B6_LP
            ,count(ss_list_price) B6_CNT
            ,count(distinct ss_list_price) B6_CNTD
      from store_sales
      where ss_quantity between 26 and 30
        and (ss_list_price between 167 and 167+10
          or ss_coupon_amt between 16416 and 16416+1000
          or ss_wholesale_cost between 0 and 0+20)) B6
limit 100;
psql:/tmp/s1-basline/throughput/query_1.sql:1000: NOTICE:  duration: 1581.505 ms  plan:
Query Text: select  *
from (select avg(ss_list_price) B1_LP
            ,count(ss_list_price) B1_CNT
            ,count(distinct ss_list_price) B1_CNTD
      from store_sales
      where ss_quantity between 0 and 5
        and (ss_list_price between 14 and 14+10 
             or ss_coupon_amt between 10750 and 10750+1000
             or ss_wholesale_cost between 45 and 45+20)) B1,
     (select avg(ss_list_price) B2_LP
            ,count(ss_list_price) B2_CNT
            ,count(distinct ss_list_price) B2_CNTD
      from store_sales
      where ss_quantity between 6 and 10
        and (ss_list_price between 137 and 137+10
          or ss_coupon_amt between 6719 and 6719+1000
          or ss_wholesale_cost between 25 and 25+20)) B2,
     (select avg(ss_list_price) B3_LP
            ,count(ss_list_price) B3_CNT
            ,count(distinct ss_list_price) B3_CNTD
      from store_sales
      where ss_quantity between 11 and 15
        and (ss_list_price between 53 and 53+10
          or ss_coupon_amt between 2422 and 2422+1000
          or ss_wholesale_cost between 80 and 80+20)) B3,
     (select avg(ss_list_price) B4_LP
            ,count(ss_list_price) B4_CNT
            ,count(distinct ss_list_price) B4_CNTD
      from store_sales
      where ss_quantity between 16 and 20
        and (ss_list_price between 46 and 46+10
          or ss_coupon_amt between 309 and 309+1000
          or ss_wholesale_cost between 15 and 15+20)) B4,
     (select avg(ss_list_price) B5_LP
            ,count(ss_list_price) B5_CNT
            ,count(distinct ss_list_price) B5_CNTD
      from store_sales
      where ss_quantity between 21 and 25
        and (ss_list_price between 93 and 93+10
          or ss_coupon_amt between 14368 and 14368+1000
          or ss_wholesale_cost between 57 and 57+20)) B5,
     (select avg(ss_list_price) B6_LP
            ,count(ss_list_price) B6_CNT
            ,count(distinct ss_list_price) B6_CNTD
      from store_sales
      where ss_quantity between 26 and 30
        and (ss_list_price between 167 and 167+10
          or ss_coupon_amt between 16416 and 16416+1000
          or ss_wholesale_cost between 0 and 0+20)) B6
limit 100;
Limit  (cost=682456.05..682456.22 rows=1 width=144) (actual time=1512.488..1581.493 rows=1 loops=1)
  ->  Nested Loop  (cost=682456.05..682456.22 rows=1 width=144) (actual time=1512.487..1581.491 rows=1 loops=1)
        ->  Nested Loop  (cost=569365.08..569365.22 rows=1 width=120) (actual time=1263.690..1264.113 rows=1 loops=1)
              ->  Nested Loop  (cost=455431.09..455431.20 rows=1 width=96) (actual time=1009.824..1010.176 rows=1 loops=1)
                    ->  Nested Loop  (cost=340964.54..340964.62 rows=1 width=72) (actual time=756.750..757.033 rows=1 loops=1)
                          ->  Nested Loop  (cost=227001.64..227001.69 rows=1 width=48) (actual time=504.106..504.314 rows=1 loops=1)
                                ->  Aggregate  (cost=113604.18..113604.19 rows=1 width=24) (actual time=252.869..253.000 rows=1 loops=1)
                                      ->  Gather  (cost=1000.00..113360.15 rows=32537 width=8) (actual time=0.250..243.710 rows=36754 loops=1)
                                            Workers Planned: 2
                                            Workers Launched: 2
                                            ->  Parallel Seq Scan on store_sales  (cost=0.00..109106.45 rows=13557 width=8) (actual time=0.057..240.694 rows=12251 loops=3)
                                                  Filter: ((ss_quantity >= 0) AND (ss_quantity <= 5) AND (((ss_list_price >= '14'::double precision) AND (ss_list_price <= '24'::double precision)) OR ((ss_coupon_amt >= '10750'::double precision) AND (ss_coupon_amt <= '11750'::double precision)) OR ((ss_wholesale_cost >= '45'::double precision) AND (ss_wholesale_cost <= '65'::double precision))))
                                                  Rows Removed by Filter: 947058
                                ->  Aggregate  (cost=113397.46..113397.47 rows=1 width=24) (actual time=251.232..251.308 rows=1 loops=1)
                                      ->  Gather  (cost=1000.00..113167.85 rows=30614 width=8) (actual time=0.290..243.843 rows=31832 loops=1)
                                            Workers Planned: 2
                                            Workers Launched: 2
                                            ->  Parallel Seq Scan on store_sales store_sales_1  (cost=0.00..109106.45 rows=12756 width=8) (actual time=0.072..240.279 rows=10611 loops=3)
                                                  Filter: ((ss_quantity >= 6) AND (ss_quantity <= 10) AND (((ss_list_price >= '137'::double precision) AND (ss_list_price <= '147'::double precision)) OR ((ss_coupon_amt >= '6719'::double precision) AND (ss_coupon_amt <= '7719'::double precision)) OR ((ss_wholesale_cost >= '25'::double precision) AND (ss_wholesale_cost <= '45'::double precision))))
                                                  Rows Removed by Filter: 948699
                          ->  Aggregate  (cost=113962.91..113962.92 rows=1 width=24) (actual time=252.641..252.715 rows=1 loops=1)
                                ->  Gather  (cost=1000.00..113693.85 rows=35874 width=8) (actual time=0.336..243.808 rows=36406 loops=1)
                                      Workers Planned: 2
                                      Workers Launched: 2
                                      ->  Parallel Seq Scan on store_sales store_sales_2  (cost=0.00..109106.45 rows=14948 width=8) (actual time=0.066..240.479 rows=12135 loops=3)
                                            Filter: ((ss_quantity >= 11) AND (ss_quantity <= 15) AND (((ss_list_price >= '53'::double precision) AND (ss_list_price <= '63'::double precision)) OR ((ss_coupon_amt >= '2422'::double precision) AND (ss_coupon_amt <= '3422'::double precision)) OR ((ss_wholesale_cost >= '80'::double precision) AND (ss_wholesale_cost <= '100'::double precision))))
                                            Rows Removed by Filter: 947174
                    ->  Aggregate  (cost=114466.54..114466.55 rows=1 width=24) (actual time=253.070..253.138 rows=1 loops=1)
                          ->  Gather  (cost=1000.00..114162.35 rows=40559 width=8) (actual time=0.311..243.544 rows=40107 loops=1)
                                Workers Planned: 2
                                Workers Launched: 2
                                ->  Parallel Seq Scan on store_sales store_sales_3  (cost=0.00..109106.45 rows=16900 width=8) (actual time=0.043..240.106 rows=13369 loops=3)
                                      Filter: ((ss_quantity >= 16) AND (ss_quantity <= 20) AND (((ss_list_price >= '46'::double precision) AND (ss_list_price <= '56'::double precision)) OR ((ss_coupon_amt >= '309'::double precision) AND (ss_coupon_amt <= '1309'::double precision)) OR ((ss_wholesale_cost >= '15'::double precision) AND (ss_wholesale_cost <= '35'::double precision))))
                                      Rows Removed by Filter: 945940
              ->  Aggregate  (cost=113933.99..113934.00 rows=1 width=24) (actual time=253.863..253.933 rows=1 loops=1)
                    ->  Gather  (cost=1000.00..113666.95 rows=35605 width=8) (actual time=0.321..246.125 rows=32443 loops=1)
                          Workers Planned: 2
                          Workers Launched: 2
                          ->  Parallel Seq Scan on store_sales store_sales_4  (cost=0.00..109106.45 rows=14835 width=8) (actual time=0.039..242.500 rows=10814 loops=3)
                                Filter: ((ss_quantity >= 21) AND (ss_quantity <= 25) AND (((ss_list_price >= '93'::double precision) AND (ss_list_price <= '103'::double precision)) OR ((ss_coupon_amt >= '14368'::double precision) AND (ss_coupon_amt <= '15368'::double precision)) OR ((ss_wholesale_cost >= '57'::double precision) AND (ss_wholesale_cost <= '77'::double precision))))
                                Rows Removed by Filter: 948495
        ->  Aggregate  (cost=113090.98..113090.99 rows=1 width=24) (actual time=248.792..317.373 rows=1 loops=1)
              ->  Gather  (cost=1000.00..112882.75 rows=27763 width=8) (actual time=0.309..311.056 rows=27796 loops=1)
                    Workers Planned: 2
                    Workers Launched: 2
                    ->  Parallel Seq Scan on store_sales store_sales_5  (cost=0.00..109106.45 rows=11568 width=8) (actual time=0.049..238.942 rows=9265 loops=3)
                          Filter: ((ss_quantity >= 26) AND (ss_quantity <= 30) AND (((ss_list_price >= '167'::double precision) AND (ss_list_price <= '177'::double precision)) OR ((ss_coupon_amt >= '16416'::double precision) AND (ss_coupon_amt <= '17416'::double precision)) OR ((ss_wholesale_cost >= '0'::double precision) AND (ss_wholesale_cost <= '20'::double precision))))
                          Rows Removed by Filter: 950044
       b1_lp       | b1_cnt | b1_cntd |       b2_lp       | b2_cnt | b2_cntd |       b3_lp        | b3_cnt | b3_cntd |       b4_lp        | b4_cnt | b4_cntd |       b5_lp        | b5_cnt | b5_cntd |       b6_lp        | b6_cnt | b6_cntd 
-------------------+--------+---------+-------------------+--------+---------+--------------------+--------+---------+--------------------+--------+---------+--------------------+--------+---------+--------------------+--------+---------
 66.13470657663602 |  36432 |    8225 | 66.02956783855875 |  31516 |    6663 | 114.87317365767123 |  36094 |   10791 | 52.074885157451355 |  39663 |    9807 | 100.15379848098137 |  32126 |    8110 | 27.427152479429203 |  27466 |    4481
(1 row)

UPDATE time_statistics SET e_time = TRANSACTION_TIMESTAMP() WHERE template = 'query28.tpl' AND stream = 1;
psql:/tmp/s1-basline/throughput/query_1.sql:1002: NOTICE:  duration: 0.039 ms  plan:
Query Text: UPDATE time_statistics SET e_time = TRANSACTION_TIMESTAMP() WHERE template = 'query28.tpl' AND stream = 1;
Update on time_statistics  (cost=0.00..4.26 rows=0 width=0) (actual time=0.038..0.038 rows=0 loops=1)
  ->  Seq Scan on time_statistics  (cost=0.00..4.26 rows=1 width=14) (actual time=0.022..0.023 rows=1 loops=1)
        Filter: ((template = 'query28.tpl'::text) AND (stream = 1))
        Rows Removed by Filter: 87
UPDATE 1
LOAD 'auto_explain'; SET auto_explain.log_min_duration TO 0; SET auto_explain.log_analyze TO on; SET auto_explain.log_level TO notice; INSERT INTO time_statistics (template, s_time, stream, query, seed) VALUES ('query85.tpl', TRANSACTION_TIMESTAMP(), 1, 22, 1624160443);
LOAD
SET
SET
SET
psql:/tmp/s1-basline/throughput/query_1.sql:1003: NOTICE:  duration: 0.030 ms  plan:
Query Text: INSERT INTO time_statistics (template, s_time, stream, query, seed) VALUES ('query85.tpl', TRANSACTION_TIMESTAMP(), 1, 22, 1624160443);
Insert on time_statistics  (cost=0.00..0.01 rows=0 width=0) (actual time=0.030..0.030 rows=0 loops=1)
  ->  Result  (cost=0.00..0.01 rows=1 width=64) (actual time=0.001..0.001 rows=1 loops=1)
INSERT 0 1
select  substr(r_reason_desc,1,20)
       ,avg(ws_quantity)
       ,avg(wr_refunded_cash)
       ,avg(wr_fee)
 from web_sales, web_returns, web_page, customer_demographics cd1,
      customer_demographics cd2, customer_address, date_dim, reason 
 where ws_web_page_sk = wp_web_page_sk
   and ws_item_sk = wr_item_sk
   and ws_order_number = wr_order_number
   and ws_sold_date_sk = d_date_sk and d_year = 2001
   and cd1.cd_demo_sk = wr_refunded_cdemo_sk 
   and cd2.cd_demo_sk = wr_returning_cdemo_sk
   and ca_address_sk = wr_refunded_addr_sk
   and r_reason_sk = wr_reason_sk
   and
   (
    (
     cd1.cd_marital_status = 'U'
     and
     cd1.cd_marital_status = cd2.cd_marital_status
     and
     cd1.cd_education_status = 'Primary'
     and 
     cd1.cd_education_status = cd2.cd_education_status
     and
     ws_sales_price between 100.00 and 150.00
    )
   or
    (
     cd1.cd_marital_status = 'S'
     and
     cd1.cd_marital_status = cd2.cd_marital_status
     and
     cd1.cd_education_status = 'Secondary' 
     and
     cd1.cd_education_status = cd2.cd_education_status
     and
     ws_sales_price between 50.00 and 100.00
    )
   or
    (
     cd1.cd_marital_status = 'D'
     and
     cd1.cd_marital_status = cd2.cd_marital_status
     and
     cd1.cd_education_status = 'Unknown'
     and
     cd1.cd_education_status = cd2.cd_education_status
     and
     ws_sales_price between 150.00 and 200.00
    )
   )
   and
   (
    (
     ca_country = 'United States'
     and
     ca_state in ('AK', 'IA', 'TX')
     and ws_net_profit between 100 and 200  
    )
    or
    (
     ca_country = 'United States'
     and
     ca_state in ('LA', 'KY', 'IN')
     and ws_net_profit between 150 and 300  
    )
    or
    (
     ca_country = 'United States'
     and
     ca_state in ('NV', 'NC', 'NY')
     and ws_net_profit between 50 and 250  
    )
   )
group by r_reason_desc
order by substr(r_reason_desc,1,20)
        ,avg(ws_quantity)
        ,avg(wr_refunded_cash)
        ,avg(wr_fee)
limit 100;
psql:/tmp/s1-basline/throughput/query_1.sql:1084: NOTICE:  duration: 118.458 ms  plan:
Query Text: select  substr(r_reason_desc,1,20)
       ,avg(ws_quantity)
       ,avg(wr_refunded_cash)
       ,avg(wr_fee)
 from web_sales, web_returns, web_page, customer_demographics cd1,
      customer_demographics cd2, customer_address, date_dim, reason 
 where ws_web_page_sk = wp_web_page_sk
   and ws_item_sk = wr_item_sk
   and ws_order_number = wr_order_number
   and ws_sold_date_sk = d_date_sk and d_year = 2001
   and cd1.cd_demo_sk = wr_refunded_cdemo_sk 
   and cd2.cd_demo_sk = wr_returning_cdemo_sk
   and ca_address_sk = wr_refunded_addr_sk
   and r_reason_sk = wr_reason_sk
   and
   (
    (
     cd1.cd_marital_status = 'U'
     and
     cd1.cd_marital_status = cd2.cd_marital_status
     and
     cd1.cd_education_status = 'Primary'
     and 
     cd1.cd_education_status = cd2.cd_education_status
     and
     ws_sales_price between 100.00 and 150.00
    )
   or
    (
     cd1.cd_marital_status = 'S'
     and
     cd1.cd_marital_status = cd2.cd_marital_status
     and
     cd1.cd_education_status = 'Secondary' 
     and
     cd1.cd_education_status = cd2.cd_education_status
     and
     ws_sales_price between 50.00 and 100.00
    )
   or
    (
     cd1.cd_marital_status = 'D'
     and
     cd1.cd_marital_status = cd2.cd_marital_status
     and
     cd1.cd_education_status = 'Unknown'
     and
     cd1.cd_education_status = cd2.cd_education_status
     and
     ws_sales_price between 150.00 and 200.00
    )
   )
   and
   (
    (
     ca_country = 'United States'
     and
     ca_state in ('AK', 'IA', 'TX')
     and ws_net_profit between 100 and 200  
    )
    or
    (
     ca_country = 'United States'
     and
     ca_state in ('LA', 'KY', 'IN')
     and ws_net_profit between 150 and 300  
    )
    or
    (
     ca_country = 'United States'
     and
     ca_state in ('NV', 'NC', 'NY')
     and ws_net_profit between 50 and 250  
    )
   )
group by r_reason_desc
order by substr(r_reason_desc,1,20)
        ,avg(ws_quantity)
        ,avg(wr_refunded_cash)
        ,avg(wr_fee)
limit 100;
Limit  (cost=19291.46..19291.46 rows=1 width=181) (actual time=118.442..118.447 rows=2 loops=1)
  ->  Sort  (cost=19291.46..19291.46 rows=1 width=181) (actual time=118.441..118.446 rows=2 loops=1)
        Sort Key: (substr((reason.r_reason_desc)::text, 1, 20)), (avg(web_sales.ws_quantity)), (avg(web_returns.wr_refunded_cash)), (avg(web_returns.wr_fee))
        Sort Method: quicksort  Memory: 25kB
        ->  GroupAggregate  (cost=19291.41..19291.45 rows=1 width=181) (actual time=118.421..118.428 rows=2 loops=1)
              Group Key: reason.r_reason_desc
              ->  Sort  (cost=19291.41..19291.42 rows=1 width=121) (actual time=118.407..118.411 rows=2 loops=1)
                    Sort Key: reason.r_reason_desc
                    Sort Method: quicksort  Memory: 25kB
                    ->  Nested Loop  (cost=2481.12..19291.40 rows=1 width=121) (actual time=40.458..118.399 rows=2 loops=1)
                          ->  Nested Loop  (cost=2480.83..19291.04 rows=1 width=129) (actual time=40.448..118.368 rows=4 loops=1)
                                Join Filter: (web_sales.ws_web_page_sk = web_page.wp_web_page_sk)
                                Rows Removed by Join Filter: 64
                                ->  Nested Loop  (cost=2480.83..19287.69 rows=1 width=137) (actual time=40.438..118.327 rows=4 loops=1)
                                      Join Filter: ((((customer_address.ca_state = ANY ('{AK,IA,TX}'::bpchar[])) AND (web_sales.ws_net_profit >= '100'::double precision) AND (web_sales.ws_net_profit <= '200'::double precision)) OR ((customer_address.ca_state = ANY ('{LA,KY,IN}'::bpchar[])) AND (web_sales.ws_net_profit >= '150'::double precision) AND (web_sales.ws_net_profit <= '300'::double precision)) OR ((customer_address.ca_state = ANY ('{NV,NC,NY}'::bpchar[])) AND (web_sales.ws_net_profit >= '50'::double precision) AND (web_sales.ws_net_profit <= '250'::double precision))) AND (((cd1.cd_marital_status = 'U'::bpchar) AND (cd1.cd_education_status = 'Primary'::bpchar) AND (web_sales.ws_sales_price >= '100'::double precision) AND (web_sales.ws_sales_price <= '150'::double precision)) OR ((cd1.cd_marital_status = 'S'::bpchar) AND (cd1.cd_education_status = 'Secondary'::bpchar) AND (web_sales.ws_sales_price >= '50'::double precision) AND (web_sales.ws_sales_price <= '100'::double precision)) OR ((cd1.cd_marital_status = 'D'::bpchar) AND (cd1.cd_education_status = 'Unknown'::bpchar) AND (web_sales.ws_sales_price >= '150'::double precision) AND (web_sales.ws_sales_price <= '200'::double precision))))
                                      Rows Removed by Join Filter: 46
                                      ->  Nested Loop  (cost=2480.40..19256.08 rows=32 width=159) (actual time=24.172..111.938 rows=1435 loops=1)
                                            Join Filter: ((cd1.cd_marital_status = cd2.cd_marital_status) AND (cd1.cd_education_status = cd2.cd_education_status))
                                            ->  Nested Loop  (cost=2479.98..18239.80 rows=1172 width=167) (actual time=24.168..109.449 rows=1444 loops=1)
                                                  ->  Hash Join  (cost=2479.55..5323.91 rows=14895 width=152) (actual time=24.082..49.896 rows=16675 loops=1)
                                                        Hash Cond: (web_returns.wr_reason_sk = reason.r_reason_sk)
                                                        ->  Hash Join  (cost=2477.76..5276.44 rows=15598 width=59) (actual time=24.065..46.899 rows=17130 loops=1)
                                                              Hash Cond: (web_returns.wr_refunded_addr_sk = customer_address.ca_address_sk)
                                                              ->  Seq Scan on web_returns  (cost=0.00..2610.15 rows=71815 width=64) (actual time=0.002..5.594 rows=71815 loops=1)
                                                              ->  Hash  (cost=2335.50..2335.50 rows=11381 width=11) (actual time=24.053..24.053 rows=12556 loops=1)
                                                                    Buckets: 16384  Batches: 1  Memory Usage: 656kB
                                                                    ->  Seq Scan on customer_address  (cost=0.00..2335.50 rows=11381 width=11) (actual time=0.004..22.452 rows=12556 loops=1)
                                                                          Filter: (((ca_country)::text = 'United States'::text) AND ((ca_state = ANY ('{AK,IA,TX}'::bpchar[])) OR (ca_state = ANY ('{LA,KY,IN}'::bpchar[])) OR (ca_state = ANY ('{NV,NC,NY}'::bpchar[]))))
                                                                          Rows Removed by Filter: 37444
                                                        ->  Hash  (cost=1.35..1.35 rows=35 width=109) (actual time=0.013..0.014 rows=35 loops=1)
                                                              Buckets: 1024  Batches: 1  Memory Usage: 13kB
                                                              ->  Seq Scan on reason  (cost=0.00..1.35 rows=35 width=109) (actual time=0.004..0.007 rows=35 loops=1)
                                                  ->  Index Scan using pk_customer_demographics on customer_demographics cd1  (cost=0.43..0.87 rows=1 width=31) (actual time=0.003..0.003 rows=0 loops=16675)
                                                        Index Cond: (cd_demo_sk = web_returns.wr_refunded_cdemo_sk)
                                                        Filter: (((cd_marital_status = 'U'::bpchar) AND (cd_education_status = 'Primary'::bpchar)) OR ((cd_marital_status = 'S'::bpchar) AND (cd_education_status = 'Secondary'::bpchar)) OR ((cd_marital_status = 'D'::bpchar) AND (cd_education_status = 'Unknown'::bpchar)))
                                                        Rows Removed by Filter: 1
                                            ->  Index Scan using pk_customer_demographics on customer_demographics cd2  (cost=0.43..0.85 rows=1 width=31) (actual time=0.001..0.001 rows=1 loops=1444)
                                                  Index Cond: (cd_demo_sk = web_returns.wr_returning_cdemo_sk)
                                      ->  Index Scan using pk_web_sales on web_sales  (cost=0.42..0.92 rows=1 width=52) (actual time=0.004..0.004 rows=0 loops=1435)
                                            Index Cond: ((ws_item_sk = web_returns.wr_item_sk) AND (ws_order_number = web_returns.wr_order_number))
                                            Filter: ((((ws_sales_price >= '100'::double precision) AND (ws_sales_price <= '150'::double precision)) OR ((ws_sales_price >= '50'::double precision) AND (ws_sales_price <= '100'::double precision)) OR ((ws_sales_price >= '150'::double precision) AND (ws_sales_price <= '200'::double precision))) AND (((ws_net_profit >= '100'::double precision) AND (ws_net_profit <= '200'::double precision)) OR ((ws_net_profit >= '150'::double precision) AND (ws_net_profit <= '300'::double precision)) OR ((ws_net_profit >= '50'::double precision) AND (ws_net_profit <= '250'::double precision))))
                                            Rows Removed by Filter: 1
                                ->  Seq Scan on web_page  (cost=0.00..2.60 rows=60 width=8) (actual time=0.004..0.005 rows=17 loops=4)
                          ->  Index Scan using pk_date_dim on date_dim  (cost=0.29..0.36 rows=1 width=8) (actual time=0.006..0.006 rows=0 loops=4)
                                Index Cond: (d_date_sk = web_sales.ws_sold_date_sk)
                                Filter: (d_year = 2001)
                                Rows Removed by Filter: 0
  substr   |         avg         |  avg   |  avg  
-----------+---------------------+--------+-------
 reason 34 | 72.0000000000000000 |  470.9 | 60.19
 reason 35 |  9.0000000000000000 | 148.99 |  18.6
(2 rows)

UPDATE time_statistics SET e_time = TRANSACTION_TIMESTAMP() WHERE template = 'query85.tpl' AND stream = 1;
psql:/tmp/s1-basline/throughput/query_1.sql:1086: NOTICE:  duration: 0.037 ms  plan:
Query Text: UPDATE time_statistics SET e_time = TRANSACTION_TIMESTAMP() WHERE template = 'query85.tpl' AND stream = 1;
Update on time_statistics  (cost=0.00..4.26 rows=0 width=0) (actual time=0.037..0.037 rows=0 loops=1)
  ->  Seq Scan on time_statistics  (cost=0.00..4.26 rows=1 width=14) (actual time=0.022..0.022 rows=1 loops=1)
        Filter: ((template = 'query85.tpl'::text) AND (stream = 1))
        Rows Removed by Filter: 88
UPDATE 1
LOAD 'auto_explain'; SET auto_explain.log_min_duration TO 0; SET auto_explain.log_analyze TO on; SET auto_explain.log_level TO notice; INSERT INTO time_statistics (template, s_time, stream, query, seed) VALUES ('query51.tpl', TRANSACTION_TIMESTAMP(), 1, 23, 599928484);
LOAD
SET
SET
SET
psql:/tmp/s1-basline/throughput/query_1.sql:1087: NOTICE:  duration: 0.008 ms  plan:
Query Text: INSERT INTO time_statistics (template, s_time, stream, query, seed) VALUES ('query51.tpl', TRANSACTION_TIMESTAMP(), 1, 23, 599928484);
Insert on time_statistics  (cost=0.00..0.01 rows=0 width=0) (actual time=0.008..0.008 rows=0 loops=1)
  ->  Result  (cost=0.00..0.01 rows=1 width=64) (actual time=0.001..0.002 rows=1 loops=1)
INSERT 0 1
WITH web_v1 as (
select
  ws_item_sk item_sk, d_date,
  sum(sum(ws_sales_price))
      over (partition by ws_item_sk order by d_date rows between unbounded preceding and current row) cume_sales
from web_sales
    ,date_dim
where ws_sold_date_sk=d_date_sk
  and d_month_seq between 1198 and 1198+11
  and ws_item_sk is not NULL
group by ws_item_sk, d_date),
store_v1 as (
select
  ss_item_sk item_sk, d_date,
  sum(sum(ss_sales_price))
      over (partition by ss_item_sk order by d_date rows between unbounded preceding and current row) cume_sales
from store_sales
    ,date_dim
where ss_sold_date_sk=d_date_sk
  and d_month_seq between 1198 and 1198+11
  and ss_item_sk is not NULL
group by ss_item_sk, d_date)
 select  *
from (select item_sk
     ,d_date
     ,web_sales
     ,store_sales
     ,max(web_sales)
         over (partition by item_sk order by d_date rows between unbounded preceding and current row) web_cumulative
     ,max(store_sales)
         over (partition by item_sk order by d_date rows between unbounded preceding and current row) store_cumulative
     from (select case when web.item_sk is not null then web.item_sk else store.item_sk end item_sk
                 ,case when web.d_date is not null then web.d_date else store.d_date end d_date
                 ,web.cume_sales web_sales
                 ,store.cume_sales store_sales
           from web_v1 web full outer join store_v1 store on (web.item_sk = store.item_sk
                                                          and web.d_date = store.d_date)
          )x )y
where web_cumulative > store_cumulative
order by item_sk
        ,d_date
limit 100;
psql:/tmp/s1-basline/throughput/query_1.sql:1129: NOTICE:  duration: 1440.222 ms  plan:
Query Text: WITH web_v1 as (
select
  ws_item_sk item_sk, d_date,
  sum(sum(ws_sales_price))
      over (partition by ws_item_sk order by d_date rows between unbounded preceding and current row) cume_sales
from web_sales
    ,date_dim
where ws_sold_date_sk=d_date_sk
  and d_month_seq between 1198 and 1198+11
  and ws_item_sk is not NULL
group by ws_item_sk, d_date),
store_v1 as (
select
  ss_item_sk item_sk, d_date,
  sum(sum(ss_sales_price))
      over (partition by ss_item_sk order by d_date rows between unbounded preceding and current row) cume_sales
from store_sales
    ,date_dim
where ss_sold_date_sk=d_date_sk
  and d_month_seq between 1198 and 1198+11
  and ss_item_sk is not NULL
group by ss_item_sk, d_date)
 select  *
from (select item_sk
     ,d_date
     ,web_sales
     ,store_sales
     ,max(web_sales)
         over (partition by item_sk order by d_date rows between unbounded preceding and current row) web_cumulative
     ,max(store_sales)
         over (partition by item_sk order by d_date rows between unbounded preceding and current row) store_cumulative
     from (select case when web.item_sk is not null then web.item_sk else store.item_sk end item_sk
                 ,case when web.d_date is not null then web.d_date else store.d_date end d_date
                 ,web.cume_sales web_sales
                 ,store.cume_sales store_sales
           from web_v1 web full outer join store_v1 store on (web.item_sk = store.item_sk
                                                          and web.d_date = store.d_date)
          )x )y
where web_cumulative > store_cumulative
order by item_sk
        ,d_date
limit 100;
Limit  (cost=129566.91..129577.41 rows=100 width=44) (actual time=1382.985..1440.155 rows=100 loops=1)
  ->  Subquery Scan on y  (cost=129566.91..130025.34 rows=4366 width=44) (actual time=1382.984..1440.147 rows=100 loops=1)
        Filter: (y.web_cumulative > y.store_cumulative)
        Rows Removed by Filter: 2905
        ->  WindowAgg  (cost=129566.91..129861.62 rows=13098 width=44) (actual time=1382.980..1439.988 rows=3005 loops=1)
              ->  Sort  (cost=129566.91..129599.66 rows=13098 width=28) (actual time=1382.967..1438.800 rows=3006 loops=1)
                    Sort Key: (CASE WHEN (web_sales.ws_item_sk IS NOT NULL) THEN web_sales.ws_item_sk ELSE store_sales.ss_item_sk END), (CASE WHEN (date_dim.d_date IS NOT NULL) THEN date_dim.d_date ELSE date_dim_1.d_date END)
                    Sort Method: external merge  Disk: 20520kB
                    ->  Merge Full Join  (cost=126127.03..128671.20 rows=13098 width=28) (actual time=500.931..1301.082 rows=610320 loops=1)
                          Merge Cond: ((web_sales.ws_item_sk = store_sales.ss_item_sk) AND (date_dim.d_date = date_dim_1.d_date))
                          ->  WindowAgg  (cost=34011.71..34485.59 rows=3427 width=20) (actual time=128.308..281.345 rows=139698 loops=1)
                                ->  Finalize GroupAggregate  (cost=34011.71..34425.62 rows=3427 width=20) (actual time=128.299..222.216 rows=139698 loops=1)
                                      Group Key: web_sales.ws_item_sk, date_dim.d_date
                                      ->  Gather Merge  (cost=34011.71..34369.93 rows=2856 width=20) (actual time=128.295..185.096 rows=142395 loops=1)
                                            Workers Planned: 2
                                            Workers Launched: 2
                                            ->  Partial GroupAggregate  (cost=33011.69..33040.25 rows=1428 width=20) (actual time=118.296..140.628 rows=47465 loops=3)
                                                  Group Key: web_sales.ws_item_sk, date_dim.d_date
                                                  ->  Sort  (cost=33011.69..33015.26 rows=1428 width=20) (actual time=118.288..124.097 rows=47957 loops=3)
                                                        Sort Key: web_sales.ws_item_sk, date_dim.d_date
                                                        Sort Method: quicksort  Memory: 7658kB
                                                        Worker 0:  Sort Method: quicksort  Memory: 3734kB
                                                        Worker 1:  Sort Method: quicksort  Memory: 3745kB
                                                        ->  Hash Join  (cost=2505.08..32936.86 rows=1428 width=20) (actual time=13.627..102.290 rows=47957 loops=3)
                                                              Hash Cond: (web_sales.ws_sold_date_sk = date_dim.d_date_sk)
                                                              ->  Parallel Seq Scan on web_sales  (cost=0.00..29644.81 rows=299781 width=24) (actual time=0.020..63.484 rows=239825 loops=3)
                                                                    Filter: (ws_item_sk IS NOT NULL)
                                                              ->  Hash  (cost=2500.73..2500.73 rows=348 width=12) (actual time=13.566..13.567 rows=366 loops=3)
                                                                    Buckets: 1024  Batches: 1  Memory Usage: 26kB
                                                                    ->  Seq Scan on date_dim  (cost=0.00..2500.73 rows=348 width=12) (actual time=6.445..13.517 rows=366 loops=3)
                                                                          Filter: ((d_month_seq >= 1198) AND (d_month_seq <= 1209))
                                                                          Rows Removed by Filter: 72683
                          ->  WindowAgg  (cost=92115.32..93926.52 rows=13098 width=20) (actual time=372.619..924.947 rows=497383 loops=1)
                                ->  Finalize GroupAggregate  (cost=92115.32..93697.30 rows=13098 width=20) (actual time=372.610..724.436 rows=497383 loops=1)
                                      Group Key: store_sales.ss_item_sk, date_dim_1.d_date
                                      ->  Gather Merge  (cost=92115.32..93484.45 rows=10916 width=20) (actual time=372.605..597.628 rows=533324 loops=1)
                                            Workers Planned: 2
                                            Workers Launched: 2
                                            ->  Partial GroupAggregate  (cost=91115.29..91224.45 rows=5458 width=20) (actual time=356.494..432.979 rows=177775 loops=3)
                                                  Group Key: store_sales.ss_item_sk, date_dim_1.d_date
                                                  ->  Sort  (cost=91115.29..91128.94 rows=5458 width=20) (actual time=356.485..370.395 rows=184567 loops=3)
                                                        Sort Key: store_sales.ss_item_sk, date_dim_1.d_date
                                                        Sort Method: external merge  Disk: 6752kB
                                                        Worker 0:  Sort Method: quicksort  Memory: 15319kB
                                                        Worker 1:  Sort Method: quicksort  Memory: 15394kB
                                                        ->  Hash Join  (cost=2505.08..90776.51 rows=5458 width=20) (actual time=13.621..280.387 rows=184567 loops=3)
                                                              Hash Cond: (store_sales.ss_sold_date_sk = date_dim_1.d_date_sk)
                                                              ->  Parallel Seq Scan on store_sales  (cost=0.00..85123.48 rows=1199148 width=24) (actual time=0.016..178.774 rows=959309 loops=3)
                                                                    Filter: (ss_item_sk IS NOT NULL)
                                                              ->  Hash  (cost=2500.73..2500.73 rows=348 width=12) (actual time=13.563..13.564 rows=366 loops=3)
                                                                    Buckets: 1024  Batches: 1  Memory Usage: 26kB
                                                                    ->  Seq Scan on date_dim date_dim_1  (cost=0.00..2500.73 rows=348 width=12) (actual time=6.300..13.513 rows=366 loops=3)
                                                                          Filter: ((d_month_seq >= 1198) AND (d_month_seq <= 1209))
                                                                          Rows Removed by Filter: 72683
 item_sk |   d_date   |     web_sales      |    store_sales     |   web_cumulative   |  store_cumulative  
---------+------------+--------------------+--------------------+--------------------+--------------------
       1 | 1999-11-05 |             126.81 |                    |             126.81 |             118.12
       4 | 1999-11-12 |             241.09 | 116.29999999999998 |             241.09 | 116.29999999999998
       4 | 1999-11-20 |                    |             156.42 |             241.09 |             156.42
       4 | 1999-11-23 |                    | 157.08999999999997 |             241.09 | 157.08999999999997
       4 | 1999-11-24 |                    | 203.91999999999996 |             241.09 | 203.91999999999996
       5 | 2000-01-22 |                    |              32.83 |               38.2 |              32.83
      11 | 2000-01-16 |              79.39 |                    |              79.39 |              41.92
      11 | 2000-01-18 |                    | 48.300000000000004 |              79.39 | 48.300000000000004
      11 | 2000-01-24 |              94.53 |                    |              94.53 | 48.300000000000004
      11 | 2000-01-25 |                    | 51.160000000000004 |              94.53 | 51.160000000000004
      11 | 2000-02-19 |             177.38 |                    |             177.38 | 51.160000000000004
      11 | 2000-02-20 |                    |              80.95 |             177.38 |              80.95
      11 | 2000-02-21 |                    |              81.39 |             177.38 |              81.39
      11 | 2000-03-06 |                    |             176.12 |             177.38 |             176.12
      14 | 1999-11-04 |                    |              30.27 |             124.05 |              30.27
      14 | 1999-11-08 |             192.79 |              46.82 |             192.79 |              46.82
      14 | 1999-11-10 |                    |              53.39 |             192.79 |              53.39
      14 | 1999-11-12 |                    |              70.09 |             192.79 |              70.09
      14 | 1999-11-19 |                    |              85.89 |             192.79 |              85.89
      14 | 1999-11-23 |                    |             139.65 |             192.79 |             139.65
      14 | 1999-11-27 |             196.97 |                    |             196.97 |             139.65
      17 | 2000-02-20 |                184 |                    |                184 | 146.07999999999998
      37 | 1999-11-11 |                    |               0.23 |              31.09 |               0.23
      46 | 1999-11-08 |              42.56 |              13.52 |              42.56 |              13.52
      46 | 1999-11-09 |                    |              20.07 |              42.56 |              20.07
      46 | 1999-11-10 |                    |              34.94 |              42.56 |              34.94
      46 | 1999-11-16 |               57.6 |                    |               57.6 |              34.94
      49 | 1999-11-05 |              54.55 |                    |              54.55 |              12.24
      49 | 1999-11-17 |                    |              18.08 |              54.55 |              18.08
      52 | 1999-11-19 |             223.02 |                    |             223.02 |  93.22000000000001
      52 | 1999-11-20 |              302.4 |                    |              302.4 |  93.22000000000001
      52 | 1999-11-21 | 486.04999999999995 | 112.86000000000001 | 486.04999999999995 | 112.86000000000001
      52 | 1999-11-22 |                    | 112.86000000000001 | 486.04999999999995 | 112.86000000000001
      52 | 1999-11-23 |                    |             152.19 | 486.04999999999995 |             152.19
      52 | 1999-11-25 |                    |                220 | 486.04999999999995 |                220
      52 | 1999-11-27 |                    |                220 | 486.04999999999995 |                220
      52 | 1999-11-30 |                    |             233.82 | 486.04999999999995 |             233.82
      52 | 1999-12-03 |                    |             377.38 | 486.04999999999995 |             377.38
      52 | 1999-12-04 |                    | 428.40999999999997 | 486.04999999999995 | 428.40999999999997
      52 | 1999-12-08 |                    |             464.33 | 486.04999999999995 |             464.33
      55 | 1999-12-04 |             341.27 |                    |             341.27 |             262.07
      55 | 1999-12-05 | 352.97999999999996 |             349.75 | 352.97999999999996 |             349.75
      55 | 1999-12-07 |             549.63 |                    |             549.63 |             349.75
      55 | 1999-12-10 |                    |             490.87 |             549.63 |             490.87
      55 | 1999-12-13 |             604.76 |                    |             604.76 |             576.21
      55 | 1999-12-31 |             746.52 |                    |             746.52 |  669.7300000000001
      55 | 2000-01-02 |  799.0799999999999 |  794.2700000000001 |  799.0799999999999 |  794.2700000000001
      55 | 2000-01-06 |              902.8 |                    |              902.8 |  794.2700000000001
      55 | 2000-01-20 |                    |  817.5500000000001 |              902.8 |  817.5500000000001
      55 | 2000-01-29 |                    |  826.1700000000001 |              902.8 |  826.1700000000001
      55 | 2000-03-11 |             999.27 |                    |             999.27 |             985.99
      55 | 2000-04-05 |            1117.09 |                    |            1117.09 |             1059.9
      55 | 2000-04-17 | 1179.8799999999999 |                    | 1179.8799999999999 |             1059.9
      55 | 2000-04-18 |                    | 1099.5800000000002 | 1179.8799999999999 | 1099.5800000000002
      55 | 2000-05-05 |            1224.81 |                    |            1224.81 | 1099.5800000000002
      55 | 2000-05-14 |                    | 1187.7200000000003 |            1224.81 | 1187.7200000000003
      55 | 2000-05-22 |                    | 1203.8700000000003 |            1224.81 | 1203.8700000000003
      55 | 2000-06-10 | 1261.8600000000001 |                    | 1261.8600000000001 | 1243.8700000000003
      59 | 2000-02-04 | 179.76999999999998 |                    | 179.76999999999998 |             158.59
      59 | 2000-02-09 |                    |             165.47 | 179.76999999999998 |             165.47
      61 | 1999-11-06 |                    |               1.21 |              82.39 |               1.21
      61 | 1999-11-10 |                    |              12.43 |              82.39 |              12.43
      61 | 1999-11-14 | 216.54000000000002 | 114.29999999999998 | 216.54000000000002 | 114.29999999999998
      61 | 1999-11-15 |             390.87 |                    |             390.87 | 114.29999999999998
      61 | 1999-11-17 |                    | 126.49999999999999 |             390.87 | 126.49999999999999
      61 | 1999-11-20 |                    | 169.61999999999998 |             390.87 | 169.61999999999998
      61 | 1999-11-22 |                    |             194.95 |             390.87 |             194.95
      61 | 1999-11-26 |                    |             320.82 |             390.87 |             320.82
      61 | 1999-11-29 |             428.93 |                    |             428.93 |             320.82
      61 | 1999-12-02 |                    |             324.49 |             428.93 |             324.49
      61 | 1999-12-04 |                    |             351.48 |             428.93 |             351.48
      68 | 1999-11-15 |             237.43 |                    |             237.43 |               7.91
      68 | 1999-11-16 | 240.17000000000002 | 13.850000000000001 | 240.17000000000002 | 13.850000000000001
      68 | 1999-11-17 |                    |               60.6 | 240.17000000000002 |               60.6
      68 | 1999-11-18 |             240.52 | 60.980000000000004 |             240.52 | 60.980000000000004
      68 | 1999-11-20 |                    |              86.19 |             240.52 |              86.19
      68 | 1999-11-23 |                    |             205.25 |             240.52 |             205.25
      68 | 1999-11-27 |                    |              208.8 |             240.52 |              208.8
      73 | 1999-11-07 |             138.29 |                    |             138.29 |             138.03
      73 | 1999-11-08 |             165.64 |                    |             165.64 |             138.03
      73 | 1999-11-10 |                    |             140.26 |             165.64 |             140.26
      73 | 1999-11-14 |             345.09 |                    |             345.09 |             237.81
      73 | 1999-11-16 |             387.51 |                    |             387.51 |             237.81
      73 | 1999-11-21 |                    |             273.76 |             387.51 |             273.76
      73 | 1999-11-23 |                    |             275.55 |             387.51 |             275.55
      73 | 1999-11-25 |             464.53 |             277.76 |             464.53 |             277.76
      73 | 1999-12-01 |                    |             411.22 |             464.53 |             411.22
      73 | 1999-12-02 |                    |             437.41 |             464.53 |             437.41
      76 | 1999-11-25 |              85.11 |                    |              85.11 |              74.64
      76 | 1999-11-26 |             114.02 |                    |             114.02 |              74.64
      76 | 1999-11-27 |                    |              80.24 |             114.02 |              80.24
      85 | 1999-11-07 |                    |             105.33 |             219.77 |             105.33
      88 | 1999-11-21 |                    |  97.27000000000001 |             118.93 |  97.27000000000001
      88 | 1999-12-02 |             263.69 |                    |             263.69 |             220.61
      88 | 1999-12-06 |             264.61 |                    |             264.61 |             220.61
      89 | 2000-01-17 |                    |              47.42 |             118.43 |              47.42
      89 | 2000-01-20 |              156.9 |                    |              156.9 |              47.42
      89 | 2000-01-23 |                    |             107.31 |              156.9 |             107.31
      89 | 2000-01-31 | 262.34000000000003 |                    | 262.34000000000003 |             197.65
      89 | 2000-02-06 |                    |             230.63 | 262.34000000000003 |             230.63
(100 rows)

UPDATE time_statistics SET e_time = TRANSACTION_TIMESTAMP() WHERE template = 'query51.tpl' AND stream = 1;
psql:/tmp/s1-basline/throughput/query_1.sql:1131: NOTICE:  duration: 0.044 ms  plan:
Query Text: UPDATE time_statistics SET e_time = TRANSACTION_TIMESTAMP() WHERE template = 'query51.tpl' AND stream = 1;
Update on time_statistics  (cost=0.00..4.26 rows=0 width=0) (actual time=0.043..0.043 rows=0 loops=1)
  ->  Seq Scan on time_statistics  (cost=0.00..4.26 rows=1 width=14) (actual time=0.028..0.028 rows=1 loops=1)
        Filter: ((template = 'query51.tpl'::text) AND (stream = 1))
        Rows Removed by Filter: 89
UPDATE 1
LOAD 'auto_explain'; SET auto_explain.log_min_duration TO 0; SET auto_explain.log_analyze TO on; SET auto_explain.log_level TO notice; INSERT INTO time_statistics (template, s_time, stream, query, seed) VALUES ('query41.tpl', TRANSACTION_TIMESTAMP(), 1, 24, 1562565822);
LOAD
SET
SET
SET
psql:/tmp/s1-basline/throughput/query_1.sql:1132: NOTICE:  duration: 0.009 ms  plan:
Query Text: INSERT INTO time_statistics (template, s_time, stream, query, seed) VALUES ('query41.tpl', TRANSACTION_TIMESTAMP(), 1, 24, 1562565822);
Insert on time_statistics  (cost=0.00..0.01 rows=0 width=0) (actual time=0.008..0.008 rows=0 loops=1)
  ->  Result  (cost=0.00..0.01 rows=1 width=64) (actual time=0.002..0.002 rows=1 loops=1)
INSERT 0 1
select  distinct(i_product_name)
 from item i1
 where i_manufact_id between 886 and 886+40 
   and (select count(*) as item_cnt
        from item
        where (i_manufact = i1.i_manufact and
        ((i_category = 'Women' and 
        (i_color = 'smoke' or i_color = 'sienna') and 
        (i_units = 'Gross' or i_units = 'Tsp') and
        (i_size = 'extra large' or i_size = 'small')
        ) or
        (i_category = 'Women' and
        (i_color = 'thistle' or i_color = 'dark') and
        (i_units = 'Cup' or i_units = 'Lb') and
        (i_size = 'petite' or i_size = 'economy')
        ) or
        (i_category = 'Men' and
        (i_color = 'firebrick' or i_color = 'yellow') and
        (i_units = 'Gram' or i_units = 'Carton') and
        (i_size = 'medium' or i_size = 'large')
        ) or
        (i_category = 'Men' and
        (i_color = 'burnished' or i_color = 'maroon') and
        (i_units = 'Box' or i_units = 'Bundle') and
        (i_size = 'extra large' or i_size = 'small')
        ))) or
       (i_manufact = i1.i_manufact and
        ((i_category = 'Women' and 
        (i_color = 'floral' or i_color = 'seashell') and 
        (i_units = 'Unknown' or i_units = 'Oz') and
        (i_size = 'extra large' or i_size = 'small')
        ) or
        (i_category = 'Women' and
        (i_color = 'magenta' or i_color = 'lavender') and
        (i_units = 'Each' or i_units = 'N/A') and
        (i_size = 'petite' or i_size = 'economy')
        ) or
        (i_category = 'Men' and
        (i_color = 'midnight' or i_color = 'puff') and
        (i_units = 'Dram' or i_units = 'Pallet') and
        (i_size = 'medium' or i_size = 'large')
        ) or
        (i_category = 'Men' and
        (i_color = 'drab' or i_color = 'misty') and
        (i_units = 'Tbl' or i_units = 'Ton') and
        (i_size = 'extra large' or i_size = 'small')
        )))) > 0
 order by i_product_name
 limit 100;
psql:/tmp/s1-basline/throughput/query_1.sql:1181: NOTICE:  duration: 986.233 ms  plan:
Query Text: select  distinct(i_product_name)
 from item i1
 where i_manufact_id between 886 and 886+40 
   and (select count(*) as item_cnt
        from item
        where (i_manufact = i1.i_manufact and
        ((i_category = 'Women' and 
        (i_color = 'smoke' or i_color = 'sienna') and 
        (i_units = 'Gross' or i_units = 'Tsp') and
        (i_size = 'extra large' or i_size = 'small')
        ) or
        (i_category = 'Women' and
        (i_color = 'thistle' or i_color = 'dark') and
        (i_units = 'Cup' or i_units = 'Lb') and
        (i_size = 'petite' or i_size = 'economy')
        ) or
        (i_category = 'Men' and
        (i_color = 'firebrick' or i_color = 'yellow') and
        (i_units = 'Gram' or i_units = 'Carton') and
        (i_size = 'medium' or i_size = 'large')
        ) or
        (i_category = 'Men' and
        (i_color = 'burnished' or i_color = 'maroon') and
        (i_units = 'Box' or i_units = 'Bundle') and
        (i_size = 'extra large' or i_size = 'small')
        ))) or
       (i_manufact = i1.i_manufact and
        ((i_category = 'Women' and 
        (i_color = 'floral' or i_color = 'seashell') and 
        (i_units = 'Unknown' or i_units = 'Oz') and
        (i_size = 'extra large' or i_size = 'small')
        ) or
        (i_category = 'Women' and
        (i_color = 'magenta' or i_color = 'lavender') and
        (i_units = 'Each' or i_units = 'N/A') and
        (i_size = 'petite' or i_size = 'economy')
        ) or
        (i_category = 'Men' and
        (i_color = 'midnight' or i_color = 'puff') and
        (i_units = 'Dram' or i_units = 'Pallet') and
        (i_size = 'medium' or i_size = 'large')
        ) or
        (i_category = 'Men' and
        (i_color = 'drab' or i_color = 'misty') and
        (i_units = 'Tbl' or i_units = 'Ton') and
        (i_size = 'extra large' or i_size = 'small')
        )))) > 0
 order by i_product_name
 limit 100;
Limit  (cost=72019798.37..72019798.75 rows=76 width=51) (actual time=986.230..986.231 rows=0 loops=1)
  ->  Unique  (cost=72019798.37..72019798.75 rows=76 width=51) (actual time=986.230..986.230 rows=0 loops=1)
        ->  Sort  (cost=72019798.37..72019798.56 rows=76 width=51) (actual time=986.229..986.230 rows=0 loops=1)
              Sort Key: i1.i_product_name
              Sort Method: quicksort  Memory: 25kB
              ->  Seq Scan on item i1  (cost=0.00..72019796.00 rows=76 width=51) (actual time=986.225..986.225 rows=0 loops=1)
                    Filter: ((i_manufact_id >= 886) AND (i_manufact_id <= 926) AND ((SubPlan 1) > 0))
                    Rows Removed by Filter: 18000
                    SubPlan 1
                      ->  Aggregate  (cost=4001.00..4001.01 rows=1 width=8) (actual time=4.704..4.704 rows=1 loops=209)
                            ->  Seq Scan on item  (cost=0.00..4001.00 rows=1 width=0) (actual time=4.702..4.702 rows=0 loops=209)
                                  Filter: ((i_manufact = i1.i_manufact) AND (((i_category = 'Women'::bpchar) AND ((i_color = 'smoke'::bpchar) OR (i_color = 'sienna'::bpchar)) AND ((i_units = 'Gross'::bpchar) OR (i_units = 'Tsp'::bpchar)) AND ((i_size = 'extra large'::bpchar) OR (i_size = 'small'::bpchar))) OR ((i_category = 'Women'::bpchar) AND ((i_color = 'thistle'::bpchar) OR (i_color = 'dark'::bpchar)) AND ((i_units = 'Cup'::bpchar) OR (i_units = 'Lb'::bpchar)) AND ((i_size = 'petite'::bpchar) OR (i_size = 'economy'::bpchar))) OR ((i_category = 'Men'::bpchar) AND ((i_color = 'firebrick'::bpchar) OR (i_color = 'yellow'::bpchar)) AND ((i_units = 'Gram'::bpchar) OR (i_units = 'Carton'::bpchar)) AND ((i_size = 'medium'::bpchar) OR (i_size = 'large'::bpchar))) OR ((i_category = 'Men'::bpchar) AND ((i_color = 'burnished'::bpchar) OR (i_color = 'maroon'::bpchar)) AND ((i_units = 'Box'::bpchar) OR (i_units = 'Bundle'::bpchar)) AND ((i_size = 'extra large'::bpchar) OR (i_size = 'small'::bpchar))) OR ((i_category = 'Women'::bpchar) AND ((i_color = 'floral'::bpchar) OR (i_color = 'seashell'::bpchar)) AND ((i_units = 'Unknown'::bpchar) OR (i_units = 'Oz'::bpchar)) AND ((i_size = 'extra large'::bpchar) OR (i_size = 'small'::bpchar))) OR ((i_category = 'Women'::bpchar) AND ((i_color = 'magenta'::bpchar) OR (i_color = 'lavender'::bpchar)) AND ((i_units = 'Each'::bpchar) OR (i_units = 'N/A'::bpchar)) AND ((i_size = 'petite'::bpchar) OR (i_size = 'economy'::bpchar))) OR ((i_category = 'Men'::bpchar) AND ((i_color = 'midnight'::bpchar) OR (i_color = 'puff'::bpchar)) AND ((i_units = 'Dram'::bpchar) OR (i_units = 'Pallet'::bpchar)) AND ((i_size = 'medium'::bpchar) OR (i_size = 'large'::bpchar))) OR ((i_category = 'Men'::bpchar) AND ((i_color = 'drab'::bpchar) OR (i_color = 'misty'::bpchar)) AND ((i_units = 'Tbl'::bpchar) OR (i_units = 'Ton'::bpchar)) AND ((i_size = 'extra large'::bpchar) OR (i_size = 'small'::bpchar)))))
                                  Rows Removed by Filter: 18000
 i_product_name 
----------------
(0 rows)

UPDATE time_statistics SET e_time = TRANSACTION_TIMESTAMP() WHERE template = 'query41.tpl' AND stream = 1;
psql:/tmp/s1-basline/throughput/query_1.sql:1183: NOTICE:  duration: 0.052 ms  plan:
Query Text: UPDATE time_statistics SET e_time = TRANSACTION_TIMESTAMP() WHERE template = 'query41.tpl' AND stream = 1;
Update on time_statistics  (cost=0.00..4.26 rows=0 width=0) (actual time=0.051..0.051 rows=0 loops=1)
  ->  Seq Scan on time_statistics  (cost=0.00..4.26 rows=1 width=14) (actual time=0.019..0.020 rows=1 loops=1)
        Filter: ((template = 'query41.tpl'::text) AND (stream = 1))
        Rows Removed by Filter: 90
UPDATE 1
LOAD 'auto_explain'; SET auto_explain.log_min_duration TO 0; SET auto_explain.log_analyze TO on; SET auto_explain.log_level TO notice; INSERT INTO time_statistics (template, s_time, stream, query, seed) VALUES ('query27.tpl', TRANSACTION_TIMESTAMP(), 1, 25, 561814688);
LOAD
SET
SET
SET
psql:/tmp/s1-basline/throughput/query_1.sql:1184: NOTICE:  duration: 0.008 ms  plan:
Query Text: INSERT INTO time_statistics (template, s_time, stream, query, seed) VALUES ('query27.tpl', TRANSACTION_TIMESTAMP(), 1, 25, 561814688);
Insert on time_statistics  (cost=0.00..0.01 rows=0 width=0) (actual time=0.008..0.008 rows=0 loops=1)
  ->  Result  (cost=0.00..0.01 rows=1 width=64) (actual time=0.001..0.002 rows=1 loops=1)
INSERT 0 1
select  i_item_id,
        s_state, grouping(s_state) g_state,
        avg(ss_quantity) agg1,
        avg(ss_list_price) agg2,
        avg(ss_coupon_amt) agg3,
        avg(ss_sales_price) agg4
 from store_sales, customer_demographics, date_dim, store, item
 where ss_sold_date_sk = d_date_sk and
       ss_item_sk = i_item_sk and
       ss_store_sk = s_store_sk and
       ss_cdemo_sk = cd_demo_sk and
       cd_gender = 'M' and
       cd_marital_status = 'U' and
       cd_education_status = 'Advanced Degree' and
       d_year = 2001 and
       s_state in ('TN','TN', 'TN', 'TN', 'TN', 'TN')
 group by rollup (i_item_id, s_state)
 order by i_item_id
         ,s_state
 limit 100;
psql:/tmp/s1-basline/throughput/query_1.sql:1204: NOTICE:  duration: 896.953 ms  plan:
Query Text: select  i_item_id,
        s_state, grouping(s_state) g_state,
        avg(ss_quantity) agg1,
        avg(ss_list_price) agg2,
        avg(ss_coupon_amt) agg3,
        avg(ss_sales_price) agg4
 from store_sales, customer_demographics, date_dim, store, item
 where ss_sold_date_sk = d_date_sk and
       ss_item_sk = i_item_sk and
       ss_store_sk = s_store_sk and
       ss_cdemo_sk = cd_demo_sk and
       cd_gender = 'M' and
       cd_marital_status = 'U' and
       cd_education_status = 'Advanced Degree' and
       d_year = 2001 and
       s_state in ('TN','TN', 'TN', 'TN', 'TN', 'TN')
 group by rollup (i_item_id, s_state)
 order by i_item_id
         ,s_state
 limit 100;
Limit  (cost=4119.91..43613.50 rows=100 width=80) (actual time=758.607..896.859 rows=100 loops=1)
  ->  GroupAggregate  (cost=4119.91..143532.28 rows=353 width=80) (actual time=758.607..896.852 rows=100 loops=1)
        Group Key: item.i_item_id, store.s_state
        Group Key: item.i_item_id
        Group Key: ()
        ->  Incremental Sort  (cost=4119.91..143521.70 rows=176 width=48) (actual time=758.594..896.749 rows=71 loops=1)
              Sort Key: item.i_item_id, store.s_state
              Presorted Key: item.i_item_id
              Full-sort Groups: 3  Sort Method: quicksort  Average Memory: 27kB  Peak Memory: 27kB
              ->  Nested Loop  (cost=3323.36..143513.78 rows=176 width=48) (actual time=670.881..896.686 rows=99 loops=1)
                    Join Filter: (store_sales.ss_item_sk = item.i_item_sk)
                    Rows Removed by Join Filter: 2286777
                    ->  Index Scan using i_i_item_id on item  (cost=0.29..1714.59 rows=18000 width=25) (actual time=0.015..0.235 rows=310 loops=1)
                    ->  Materialize  (cost=3323.08..94279.63 rows=176 width=39) (actual time=0.030..2.418 rows=7377 loops=310)
                          ->  Nested Loop  (cost=3323.08..94278.75 rows=176 width=39) (actual time=9.217..665.819 rows=7400 loops=1)
                                Join Filter: (store_sales.ss_store_sk = store.s_store_sk)
                                Rows Removed by Join Filter: 33845
                                ->  Gather  (cost=3323.08..94246.49 rows=185 width=44) (actual time=9.202..660.617 rows=7478 loops=1)
                                      Workers Planned: 2
                                      Workers Launched: 2
                                      ->  Nested Loop  (cost=2323.08..93227.99 rows=77 width=44) (actual time=18.251..660.810 rows=2493 loops=3)
                                            ->  Hash Join  (cost=2322.65..90594.07 rows=5693 width=52) (actual time=14.377..284.238 rows=183167 loops=3)
                                                  Hash Cond: (store_sales.ss_sold_date_sk = date_dim.d_date_sk)
                                                  ->  Parallel Seq Scan on store_sales  (cost=0.00..85123.48 rows=1199148 width=60) (actual time=0.014..122.278 rows=959309 loops=3)
                                                  ->  Hash  (cost=2318.11..2318.11 rows=363 width=8) (actual time=14.243..14.244 rows=365 loops=3)
                                                        Buckets: 1024  Batches: 1  Memory Usage: 23kB
                                                        ->  Seq Scan on date_dim  (cost=0.00..2318.11 rows=363 width=8) (actual time=6.984..14.198 rows=365 loops=3)
                                                              Filter: (d_year = 2001)
                                                              Rows Removed by Filter: 72684
                                            ->  Index Scan using pk_customer_demographics on customer_demographics  (cost=0.43..0.46 rows=1 width=8) (actual time=0.002..0.002 rows=0 loops=549501)
                                                  Index Cond: (cd_demo_sk = store_sales.ss_cdemo_sk)
                                                  Filter: ((cd_gender = 'M'::bpchar) AND (cd_marital_status = 'U'::bpchar) AND (cd_education_status = 'Advanced Degree'::bpchar))
                                                  Rows Removed by Filter: 1
                                ->  Materialize  (cost=0.00..1.27 rows=12 width=11) (actual time=0.000..0.000 rows=6 loops=7478)
                                      ->  Seq Scan on store  (cost=0.00..1.21 rows=12 width=11) (actual time=0.006..0.012 rows=12 loops=1)
                                            Filter: (s_state = ANY ('{TN,TN,TN,TN,TN,TN}'::bpchar[]))
    i_item_id     | s_state | g_state |        agg1         |        agg2        |        agg3        |        agg4        
------------------+---------+---------+---------------------+--------------------+--------------------+--------------------
 AAAAAAAAAAACAAAA | TN      |       0 | 93.0000000000000000 |              93.77 |                  0 |              80.64
 AAAAAAAAAAACAAAA |         |       1 | 93.0000000000000000 |              93.77 |                  0 |              80.64
 AAAAAAAAAABAAAAA | TN      |       0 | 56.0000000000000000 |             122.25 |                  0 |              40.34
 AAAAAAAAAABAAAAA |         |       1 | 56.0000000000000000 |             122.25 |                  0 |              40.34
 AAAAAAAAAABBAAAA | TN      |       0 | 59.0000000000000000 |              17.17 |                  0 |              15.62
 AAAAAAAAAABBAAAA |         |       1 | 59.0000000000000000 |              17.17 |                  0 |              15.62
 AAAAAAAAAABDAAAA | TN      |       0 | 96.0000000000000000 |              53.79 |                  0 |              47.33
 AAAAAAAAAABDAAAA |         |       1 | 96.0000000000000000 |              53.79 |                  0 |              47.33
 AAAAAAAAAABEAAAA | TN      |       0 | 70.0000000000000000 |             137.35 |                  0 |             123.61
 AAAAAAAAAABEAAAA |         |       1 | 70.0000000000000000 |             137.35 |                  0 |             123.61
 AAAAAAAAAACAAAAA | TN      |       0 | 48.0000000000000000 |              42.24 |              84.94 | 23.009999999999998
 AAAAAAAAAACAAAAA |         |       1 | 48.0000000000000000 |              42.24 |              84.94 | 23.009999999999998
 AAAAAAAAAACDAAAA | TN      |       0 | 50.0000000000000000 |            114.735 |                  0 |              29.24
 AAAAAAAAAACDAAAA |         |       1 | 50.0000000000000000 |            114.735 |                  0 |              29.24
 AAAAAAAAAADBAAAA | TN      |       0 | 48.0000000000000000 |              83.25 |                  0 |              73.26
 AAAAAAAAAADBAAAA |         |       1 | 48.0000000000000000 |              83.25 |                  0 |              73.26
 AAAAAAAAAAEDAAAA | TN      |       0 | 45.5000000000000000 |               66.5 |            866.915 |              34.72
 AAAAAAAAAAEDAAAA |         |       1 | 45.5000000000000000 |               66.5 |            866.915 |              34.72
 AAAAAAAAAAGBAAAA | TN      |       0 | 42.0000000000000000 |              23.57 |            839.575 |             21.805
 AAAAAAAAAAGBAAAA |         |       1 | 42.0000000000000000 |              23.57 |            839.575 |             21.805
 AAAAAAAAAAGCAAAA | TN      |       0 | 16.0000000000000000 |              58.12 |                  0 |              40.68
 AAAAAAAAAAGCAAAA |         |       1 | 16.0000000000000000 |              58.12 |                  0 |              40.68
 AAAAAAAAAAGEAAAA | TN      |       0 | 69.5000000000000000 | 31.025000000000002 |                  0 |             26.825
 AAAAAAAAAAGEAAAA |         |       1 | 69.5000000000000000 | 31.025000000000002 |                  0 |             26.825
 AAAAAAAAAAICAAAA | TN      |       0 | 31.0000000000000000 |              51.37 |                  0 |               1.02
 AAAAAAAAAAICAAAA |         |       1 | 31.0000000000000000 |              51.37 |                  0 |               1.02
 AAAAAAAAAAJBAAAA | TN      |       0 | 73.5000000000000000 | 60.150000000000006 |                  0 |              25.82
 AAAAAAAAAAJBAAAA |         |       1 | 73.5000000000000000 | 60.150000000000006 |                  0 |              25.82
 AAAAAAAAAAJCAAAA | TN      |       0 | 52.0000000000000000 | 105.52499999999999 |                  0 | 47.254999999999995
 AAAAAAAAAAJCAAAA |         |       1 | 52.0000000000000000 | 105.52499999999999 |                  0 | 47.254999999999995
 AAAAAAAAAAKAAAAA | TN      |       0 | 52.0000000000000000 |             102.48 |                  0 |              39.96
 AAAAAAAAAAKAAAAA |         |       1 | 52.0000000000000000 |             102.48 |                  0 |              39.96
 AAAAAAAAAAKBAAAA | TN      |       0 | 72.0000000000000000 |              50.53 |                  0 |               5.96
 AAAAAAAAAAKBAAAA |         |       1 | 72.0000000000000000 |              50.53 |                  0 |               5.96
 AAAAAAAAAALAAAAA | TN      |       0 | 84.0000000000000000 |             122.31 |             821.85 |              24.46
 AAAAAAAAAALAAAAA |         |       1 | 84.0000000000000000 |             122.31 |             821.85 |              24.46
 AAAAAAAAAALCAAAA | TN      |       0 |  2.0000000000000000 |             113.58 |             120.22 |              76.09
 AAAAAAAAAALCAAAA |         |       1 |  2.0000000000000000 |             113.58 |             120.22 |              76.09
 AAAAAAAAAAMCAAAA | TN      |       0 | 97.0000000000000000 |               11.4 |                  0 |               9.46
 AAAAAAAAAAMCAAAA |         |       1 | 97.0000000000000000 |               11.4 |                  0 |               9.46
 AAAAAAAAAANAAAAA | TN      |       0 | 55.0000000000000000 |              92.03 |                  0 |              87.42
 AAAAAAAAAANAAAAA |         |       1 | 55.0000000000000000 |              92.03 |                  0 |              87.42
 AAAAAAAAAANDAAAA | TN      |       0 | 37.0000000000000000 |              84.07 |                  0 |              60.53
 AAAAAAAAAANDAAAA |         |       1 | 37.0000000000000000 |              84.07 |                  0 |              60.53
 AAAAAAAAAAOAAAAA | TN      |       0 | 74.0000000000000000 |              12.74 |                  0 |               9.04
 AAAAAAAAAAOAAAAA |         |       1 | 74.0000000000000000 |              12.74 |                  0 |               9.04
 AAAAAAAAAAODAAAA | TN      |       0 | 53.0000000000000000 |             98.005 |            754.395 |             55.505
 AAAAAAAAAAODAAAA |         |       1 | 53.0000000000000000 |             98.005 |            754.395 |             55.505
 AAAAAAAAABABAAAA | TN      |       0 | 41.0000000000000000 |             147.59 |                  0 |             140.21
 AAAAAAAAABABAAAA |         |       1 | 41.0000000000000000 |             147.59 |                  0 |             140.21
 AAAAAAAAABAEAAAA | TN      |       0 | 58.0000000000000000 |             146.36 |                  0 |              61.47
 AAAAAAAAABAEAAAA |         |       1 | 58.0000000000000000 |             146.36 |                  0 |              61.47
 AAAAAAAAABCBAAAA | TN      |       0 | 79.0000000000000000 |              46.64 |                  0 |              40.57
 AAAAAAAAABCBAAAA |         |       1 | 79.0000000000000000 |              46.64 |                  0 |              40.57
 AAAAAAAAABCCAAAA | TN      |       0 | 67.3333333333333333 |  70.97666666666667 |                  0 |  41.00666666666667
 AAAAAAAAABCCAAAA |         |       1 | 67.3333333333333333 |  70.97666666666667 |                  0 |  41.00666666666667
 AAAAAAAAABCEAAAA | TN      |       0 | 58.0000000000000000 |              30.45 |                  0 |               9.13
 AAAAAAAAABCEAAAA |         |       1 | 58.0000000000000000 |              30.45 |                  0 |               9.13
 AAAAAAAAABDDAAAA | TN      |       0 | 46.3333333333333333 |  67.83666666666666 | 1753.0600000000002 | 40.556666666666665
 AAAAAAAAABDDAAAA |         |       1 | 46.3333333333333333 |  67.83666666666666 | 1753.0600000000002 | 40.556666666666665
 AAAAAAAAABECAAAA | TN      |       0 | 23.0000000000000000 |             105.94 |             388.75 |              22.24
 AAAAAAAAABECAAAA |         |       1 | 23.0000000000000000 |             105.94 |             388.75 |              22.24
 AAAAAAAAABFEAAAA | TN      |       0 | 36.0000000000000000 |               87.1 |                  0 |              25.25
 AAAAAAAAABFEAAAA |         |       1 | 36.0000000000000000 |               87.1 |                  0 |              25.25
 AAAAAAAAABGAAAAA | TN      |       0 | 47.0000000000000000 |              25.42 |                  0 |               7.62
 AAAAAAAAABGAAAAA |         |       1 | 47.0000000000000000 |              25.42 |                  0 |               7.62
 AAAAAAAAABGBAAAA | TN      |       0 | 35.0000000000000000 |                4.9 |                  0 |               3.23
 AAAAAAAAABGBAAAA |         |       1 | 35.0000000000000000 |                4.9 |                  0 |               3.23
 AAAAAAAAABGDAAAA | TN      |       0 |  3.0000000000000000 |              50.16 |              21.42 |              44.64
 AAAAAAAAABGDAAAA |         |       1 |  3.0000000000000000 |              50.16 |              21.42 |              44.64
 AAAAAAAAABHAAAAA | TN      |       0 | 17.0000000000000000 |              54.31 |                  0 |               2.71
 AAAAAAAAABHAAAAA |         |       1 | 17.0000000000000000 |              54.31 |                  0 |               2.71
 AAAAAAAAABJBAAAA | TN      |       0 | 22.0000000000000000 |              31.21 |                  0 |              21.84
 AAAAAAAAABJBAAAA |         |       1 | 22.0000000000000000 |              31.21 |                  0 |              21.84
 AAAAAAAAABJDAAAA | TN      |       0 | 15.0000000000000000 |             174.71 |                  0 |             141.51
 AAAAAAAAABJDAAAA |         |       1 | 15.0000000000000000 |             174.71 |                  0 |             141.51
 AAAAAAAAABKAAAAA | TN      |       0 | 32.6666666666666667 |  84.65666666666667 |                  0 |  41.24666666666667
 AAAAAAAAABKAAAAA |         |       1 | 32.6666666666666667 |  84.65666666666667 |                  0 |  41.24666666666667
 AAAAAAAAABKCAAAA | TN      |       0 | 49.0000000000000000 |              73.54 |                  0 |              13.23
 AAAAAAAAABKCAAAA |         |       1 | 49.0000000000000000 |              73.54 |                  0 |              13.23
 AAAAAAAAABKDAAAA | TN      |       0 | 50.0000000000000000 |              46.51 |                  0 |               1.86
 AAAAAAAAABKDAAAA |         |       1 | 50.0000000000000000 |              46.51 |                  0 |               1.86
 AAAAAAAAABLBAAAA | TN      |       0 | 47.0000000000000000 |             96.635 |                  0 |  76.74000000000001
 AAAAAAAAABLBAAAA |         |       1 | 47.0000000000000000 |             96.635 |                  0 |  76.74000000000001
 AAAAAAAAABMAAAAA | TN      |       0 | 68.0000000000000000 |              71.25 |            420.465 |              17.66
 AAAAAAAAABMAAAAA |         |       1 | 68.0000000000000000 |              71.25 |            420.465 |              17.66
 AAAAAAAAABNAAAAA | TN      |       0 | 77.5000000000000000 |              66.94 |                  0 | 52.480000000000004
 AAAAAAAAABNAAAAA |         |       1 | 77.5000000000000000 |              66.94 |                  0 | 52.480000000000004
 AAAAAAAAABNCAAAA | TN      |       0 | 67.0000000000000000 |              65.54 |                  0 |              26.21
 AAAAAAAAABNCAAAA |         |       1 | 67.0000000000000000 |              65.54 |                  0 |              26.21
 AAAAAAAAABOCAAAA | TN      |       0 | 24.0000000000000000 |              79.97 |                  0 |              55.17
 AAAAAAAAABOCAAAA |         |       1 | 24.0000000000000000 |              79.97 |                  0 |              55.17
 AAAAAAAAABPDAAAA | TN      |       0 | 81.0000000000000000 |              50.27 |                  0 |              12.06
 AAAAAAAAABPDAAAA |         |       1 | 81.0000000000000000 |              50.27 |                  0 |              12.06
 AAAAAAAAACACAAAA | TN      |       0 |  3.0000000000000000 |              46.79 |                  0 |              20.58
 AAAAAAAAACACAAAA |         |       1 |  3.0000000000000000 |              46.79 |                  0 |              20.58
 AAAAAAAAACADAAAA | TN      |       0 | 69.0000000000000000 |            143.875 |                  0 |             106.83
 AAAAAAAAACADAAAA |         |       1 | 69.0000000000000000 |            143.875 |                  0 |             106.83
 AAAAAAAAACBBAAAA | TN      |       0 | 63.5000000000000000 |             100.83 |                  0 |             58.185
 AAAAAAAAACBBAAAA |         |       1 | 63.5000000000000000 |             100.83 |                  0 |             58.185
(100 rows)

UPDATE time_statistics SET e_time = TRANSACTION_TIMESTAMP() WHERE template = 'query27.tpl' AND stream = 1;
psql:/tmp/s1-basline/throughput/query_1.sql:1206: NOTICE:  duration: 0.037 ms  plan:
Query Text: UPDATE time_statistics SET e_time = TRANSACTION_TIMESTAMP() WHERE template = 'query27.tpl' AND stream = 1;
Update on time_statistics  (cost=0.00..4.26 rows=0 width=0) (actual time=0.036..0.036 rows=0 loops=1)
  ->  Seq Scan on time_statistics  (cost=0.00..4.26 rows=1 width=14) (actual time=0.022..0.023 rows=1 loops=1)
        Filter: ((template = 'query27.tpl'::text) AND (stream = 1))
        Rows Removed by Filter: 91
UPDATE 1
LOAD 'auto_explain'; SET auto_explain.log_min_duration TO 0; SET auto_explain.log_analyze TO on; SET auto_explain.log_level TO notice; INSERT INTO time_statistics (template, s_time, stream, query, seed) VALUES ('query78.tpl', TRANSACTION_TIMESTAMP(), 1, 26, 871584245);
LOAD
SET
SET
SET
psql:/tmp/s1-basline/throughput/query_1.sql:1207: NOTICE:  duration: 0.008 ms  plan:
Query Text: INSERT INTO time_statistics (template, s_time, stream, query, seed) VALUES ('query78.tpl', TRANSACTION_TIMESTAMP(), 1, 26, 871584245);
Insert on time_statistics  (cost=0.00..0.01 rows=0 width=0) (actual time=0.008..0.008 rows=0 loops=1)
  ->  Result  (cost=0.00..0.01 rows=1 width=64) (actual time=0.001..0.002 rows=1 loops=1)
INSERT 0 1
with ws as
  (select d_year AS ws_sold_year, ws_item_sk,
    ws_bill_customer_sk ws_customer_sk,
    sum(ws_quantity) ws_qty,
    sum(ws_wholesale_cost) ws_wc,
    sum(ws_sales_price) ws_sp
   from web_sales
   left join web_returns on wr_order_number=ws_order_number and ws_item_sk=wr_item_sk
   join date_dim on ws_sold_date_sk = d_date_sk
   where wr_order_number is null
   group by d_year, ws_item_sk, ws_bill_customer_sk
   ),
cs as
  (select d_year AS cs_sold_year, cs_item_sk,
    cs_bill_customer_sk cs_customer_sk,
    sum(cs_quantity) cs_qty,
    sum(cs_wholesale_cost) cs_wc,
    sum(cs_sales_price) cs_sp
   from catalog_sales
   left join catalog_returns on cr_order_number=cs_order_number and cs_item_sk=cr_item_sk
   join date_dim on cs_sold_date_sk = d_date_sk
   where cr_order_number is null
   group by d_year, cs_item_sk, cs_bill_customer_sk
   ),
ss as
  (select d_year AS ss_sold_year, ss_item_sk,
    ss_customer_sk,
    sum(ss_quantity) ss_qty,
    sum(ss_wholesale_cost) ss_wc,
    sum(ss_sales_price) ss_sp
   from store_sales
   left join store_returns on sr_ticket_number=ss_ticket_number and ss_item_sk=sr_item_sk
   join date_dim on ss_sold_date_sk = d_date_sk
   where sr_ticket_number is null
   group by d_year, ss_item_sk, ss_customer_sk
   )
 select 
ss_sold_year,
round(ss_qty/(coalesce(ws_qty,0)+coalesce(cs_qty,0)),2) ratio,
ss_qty store_qty, ss_wc store_wholesale_cost, ss_sp store_sales_price,
coalesce(ws_qty,0)+coalesce(cs_qty,0) other_chan_qty,
coalesce(ws_wc,0)+coalesce(cs_wc,0) other_chan_wholesale_cost,
coalesce(ws_sp,0)+coalesce(cs_sp,0) other_chan_sales_price
from ss
left join ws on (ws_sold_year=ss_sold_year and ws_item_sk=ss_item_sk and ws_customer_sk=ss_customer_sk)
left join cs on (cs_sold_year=ss_sold_year and cs_item_sk=ss_item_sk and cs_customer_sk=ss_customer_sk)
where (coalesce(ws_qty,0)>0 or coalesce(cs_qty, 0)>0) and ss_sold_year=1998
order by 
  ss_sold_year,
  ss_qty desc, ss_wc desc, ss_sp desc,
  other_chan_qty,
  other_chan_wholesale_cost,
  other_chan_sales_price,
  ratio
limit 100;
psql:/tmp/s1-basline/throughput/query_1.sql:1262: NOTICE:  duration: 2591.876 ms  plan:
Query Text: with ws as
  (select d_year AS ws_sold_year, ws_item_sk,
    ws_bill_customer_sk ws_customer_sk,
    sum(ws_quantity) ws_qty,
    sum(ws_wholesale_cost) ws_wc,
    sum(ws_sales_price) ws_sp
   from web_sales
   left join web_returns on wr_order_number=ws_order_number and ws_item_sk=wr_item_sk
   join date_dim on ws_sold_date_sk = d_date_sk
   where wr_order_number is null
   group by d_year, ws_item_sk, ws_bill_customer_sk
   ),
cs as
  (select d_year AS cs_sold_year, cs_item_sk,
    cs_bill_customer_sk cs_customer_sk,
    sum(cs_quantity) cs_qty,
    sum(cs_wholesale_cost) cs_wc,
    sum(cs_sales_price) cs_sp
   from catalog_sales
   left join catalog_returns on cr_order_number=cs_order_number and cs_item_sk=cr_item_sk
   join date_dim on cs_sold_date_sk = d_date_sk
   where cr_order_number is null
   group by d_year, cs_item_sk, cs_bill_customer_sk
   ),
ss as
  (select d_year AS ss_sold_year, ss_item_sk,
    ss_customer_sk,
    sum(ss_quantity) ss_qty,
    sum(ss_wholesale_cost) ss_wc,
    sum(ss_sales_price) ss_sp
   from store_sales
   left join store_returns on sr_ticket_number=ss_ticket_number and ss_item_sk=sr_item_sk
   join date_dim on ss_sold_date_sk = d_date_sk
   where sr_ticket_number is null
   group by d_year, ss_item_sk, ss_customer_sk
   )
 select 
ss_sold_year,
round(ss_qty/(coalesce(ws_qty,0)+coalesce(cs_qty,0)),2) ratio,
ss_qty store_qty, ss_wc store_wholesale_cost, ss_sp store_sales_price,
coalesce(ws_qty,0)+coalesce(cs_qty,0) other_chan_qty,
coalesce(ws_wc,0)+coalesce(cs_wc,0) other_chan_wholesale_cost,
coalesce(ws_sp,0)+coalesce(cs_sp,0) other_chan_sales_price
from ss
left join ws on (ws_sold_year=ss_sold_year and ws_item_sk=ss_item_sk and ws_customer_sk=ss_customer_sk)
left join cs on (cs_sold_year=ss_sold_year and cs_item_sk=ss_item_sk and cs_customer_sk=ss_customer_sk)
where (coalesce(ws_qty,0)>0 or coalesce(cs_qty, 0)>0) and ss_sold_year=1998
order by 
  ss_sold_year,
  ss_qty desc, ss_wc desc, ss_sp desc,
  other_chan_qty,
  other_chan_wholesale_cost,
  other_chan_sales_price,
  ratio
limit 100;
Limit  (cost=153347.87..153348.12 rows=100 width=84) (actual time=2516.309..2591.789 rows=100 loops=1)
  ->  Sort  (cost=153347.87..153348.24 rows=150 width=84) (actual time=2516.308..2591.782 rows=100 loops=1)
        Sort Key: (sum(store_sales.ss_quantity)) DESC, (sum(store_sales.ss_wholesale_cost)) DESC, (sum(store_sales.ss_sales_price)) DESC, ((COALESCE((sum(web_sales.ws_quantity)), '0'::bigint) + COALESCE((sum(catalog_sales.cs_quantity)), '0'::bigint))), ((COALESCE((sum(web_sales.ws_wholesale_cost)), '0'::double precision) + COALESCE((sum(catalog_sales.cs_wholesale_cost)), '0'::double precision))), ((COALESCE((sum(web_sales.ws_sales_price)), '0'::double precision) + COALESCE((sum(catalog_sales.cs_sales_price)), '0'::double precision))), (round((((sum(store_sales.ss_quantity)) / (COALESCE((sum(web_sales.ws_quantity)), '0'::bigint) + COALESCE((sum(catalog_sales.cs_quantity)), '0'::bigint))))::numeric, 2))
        Sort Method: top-N heapsort  Memory: 48kB
        ->  Merge Left Join  (cost=153034.83..153342.45 rows=150 width=84) (actual time=1680.427..2591.677 rows=217 loops=1)
              Merge Cond: ((store_sales.ss_item_sk = catalog_sales.cs_item_sk) AND (store_sales.ss_customer_sk = catalog_sales.cs_bill_customer_sk))
              Join Filter: (date_dim_2.d_year = date_dim.d_year)
              Filter: ((COALESCE((sum(web_sales.ws_quantity)), '0'::bigint) > 0) OR (COALESCE((sum(catalog_sales.cs_quantity)), '0'::bigint) > 0))
              Rows Removed by Filter: 481941
              ->  Merge Left Join  (cost=128618.76..128872.28 rows=270 width=68) (actual time=987.750..1615.976 rows=482158 loops=1)
                    Merge Cond: ((store_sales.ss_item_sk = web_sales.ws_item_sk) AND (store_sales.ss_customer_sk = web_sales.ws_bill_customer_sk))
                    Join Filter: (date_dim_1.d_year = date_dim.d_year)
                    ->  Finalize GroupAggregate  (cost=94175.05..94210.05 rows=270 width=44) (actual time=771.971..1189.448 rows=482158 loops=1)
                          Group Key: date_dim.d_year, store_sales.ss_item_sk, store_sales.ss_customer_sk
                          ->  Gather Merge  (cost=94175.05..94203.99 rows=224 width=44) (actual time=771.967..1028.193 rows=485045 loops=1)
                                Workers Planned: 2
                                Workers Launched: 2
                                ->  Partial GroupAggregate  (cost=93175.03..93178.11 rows=112 width=44) (actual time=760.672..849.979 rows=161682 loops=3)
                                      Group Key: date_dim.d_year, store_sales.ss_item_sk, store_sales.ss_customer_sk
                                      ->  Sort  (cost=93175.03..93175.31 rows=112 width=40) (actual time=760.662..775.668 rows=162417 loops=3)
                                            Sort Key: store_sales.ss_item_sk, store_sales.ss_customer_sk
                                            Sort Method: external merge  Disk: 10392kB
                                            Worker 0:  Sort Method: external merge  Disk: 8456kB
                                            Worker 1:  Sort Method: external merge  Disk: 8464kB
                                            ->  Nested Loop Anti Join  (cost=2323.07..93171.22 rows=112 width=40) (actual time=14.114..662.473 rows=162417 loops=3)
                                                  ->  Hash Join  (cost=2322.65..90594.07 rows=5693 width=48) (actual time=14.062..281.708 rows=180428 loops=3)
                                                        Hash Cond: (store_sales.ss_sold_date_sk = date_dim.d_date_sk)
                                                        ->  Parallel Seq Scan on store_sales  (cost=0.00..85123.48 rows=1199148 width=52) (actual time=0.014..126.289 rows=959309 loops=3)
                                                        ->  Hash  (cost=2318.11..2318.11 rows=363 width=12) (actual time=14.009..14.010 rows=365 loops=3)
                                                              Buckets: 1024  Batches: 1  Memory Usage: 26kB
                                                              ->  Seq Scan on date_dim  (cost=0.00..2318.11 rows=363 width=12) (actual time=6.637..13.960 rows=365 loops=3)
                                                                    Filter: (d_year = 1998)
                                                                    Rows Removed by Filter: 72684
                                                  ->  Index Only Scan using pk_store_returns on store_returns  (cost=0.42..0.44 rows=1 width=16) (actual time=0.002..0.002 rows=0 loops=541283)
                                                        Index Cond: ((sr_item_sk = store_sales.ss_item_sk) AND (sr_ticket_number = store_sales.ss_ticket_number))
                                                        Heap Fetches: 0
                    ->  Materialize  (cost=34443.71..34650.81 rows=1451 width=44) (actual time=215.774..345.322 rows=129663 loops=1)
                          ->  Finalize GroupAggregate  (cost=34443.71..34632.67 rows=1451 width=44) (actual time=215.771..311.529 rows=129663 loops=1)
                                Group Key: date_dim_1.d_year, web_sales.ws_item_sk, web_sales.ws_bill_customer_sk
                                ->  Gather Merge  (cost=34443.71..34600.01 rows=1210 width=44) (actual time=215.767..267.102 rows=129675 loops=1)
                                      Workers Planned: 2
                                      Workers Launched: 2
                                      ->  Partial GroupAggregate  (cost=33443.68..33460.32 rows=605 width=44) (actual time=208.498..231.834 rows=43225 loops=3)
                                            Group Key: date_dim_1.d_year, web_sales.ws_item_sk, web_sales.ws_bill_customer_sk
                                            ->  Sort  (cost=33443.68..33445.20 rows=605 width=40) (actual time=208.491..212.214 rows=43225 loops=3)
                                                  Sort Key: web_sales.ws_item_sk, web_sales.ws_bill_customer_sk
                                                  Sort Method: quicksort  Memory: 6268kB
                                                  Worker 0:  Sort Method: quicksort  Memory: 4792kB
                                                  Worker 1:  Sort Method: quicksort  Memory: 4692kB
                                                  ->  Nested Loop Anti Join  (cost=2323.07..33415.73 rows=605 width=40) (actual time=14.316..190.028 rows=43225 loops=3)
                                                        ->  Hash Join  (cost=2322.65..32754.43 rows=1490 width=48) (actual time=14.254..99.141 rows=48034 loops=3)
                                                              Hash Cond: (web_sales.ws_sold_date_sk = date_dim_1.d_date_sk)
                                                              ->  Parallel Seq Scan on web_sales  (cost=0.00..29644.81 rows=299781 width=52) (actual time=0.018..46.056 rows=239825 loops=3)
                                                              ->  Hash  (cost=2318.11..2318.11 rows=363 width=12) (actual time=14.181..14.182 rows=365 loops=3)
                                                                    Buckets: 1024  Batches: 1  Memory Usage: 26kB
                                                                    ->  Seq Scan on date_dim date_dim_1  (cost=0.00..2318.11 rows=363 width=12) (actual time=6.864..14.132 rows=365 loops=3)
                                                                          Filter: (d_year = 1998)
                                                                          Rows Removed by Filter: 72684
                                                        ->  Index Only Scan using pk_web_returns on web_returns  (cost=0.42..0.44 rows=1 width=16) (actual time=0.002..0.002 rows=0 loops=144103)
                                                              Index Cond: ((wr_item_sk = web_sales.ws_item_sk) AND (wr_order_number = web_sales.ws_order_number))
                                                              Heap Fetches: 0
              ->  Materialize  (cost=24416.07..24460.51 rows=1111 width=44) (actual time=688.856..889.316 rows=256997 loops=1)
                    ->  GroupAggregate  (cost=24416.07..24446.62 rows=1111 width=44) (actual time=688.852..824.778 rows=256997 loops=1)
                          Group Key: date_dim_2.d_year, catalog_sales.cs_item_sk, catalog_sales.cs_bill_customer_sk
                          ->  Sort  (cost=24416.07..24418.85 rows=1111 width=40) (actual time=688.840..716.656 rows=257054 loops=1)
                                Sort Key: catalog_sales.cs_item_sk, catalog_sales.cs_bill_customer_sk
                                Sort Method: external merge  Disk: 14568kB
                                ->  Nested Loop Anti Join  (cost=0.85..24359.87 rows=1111 width=40) (actual time=3.837..543.639 rows=257054 loops=1)
                                      ->  Nested Loop  (cost=0.43..21168.73 rows=7110 width=48) (actual time=3.828..123.710 rows=285676 loops=1)
                                            ->  Seq Scan on date_dim date_dim_2  (cost=0.00..2318.11 rows=363 width=12) (actual time=3.813..8.371 rows=365 loops=1)
                                                  Filter: (d_year = 1998)
                                                  Rows Removed by Filter: 72684
                                            ->  Index Scan using i_cs_sold_date_sk on catalog_sales  (cost=0.43..44.11 rows=782 width=52) (actual time=0.004..0.169 rows=783 loops=365)
                                                  Index Cond: (cs_sold_date_sk = date_dim_2.d_date_sk)
                                      ->  Index Only Scan using pk_catalog_returns on catalog_returns  (cost=0.42..0.44 rows=1 width=16) (actual time=0.001..0.001 rows=0 loops=285676)
                                            Index Cond: ((cr_item_sk = catalog_sales.cs_item_sk) AND (cr_order_number = catalog_sales.cs_order_number))
                                            Heap Fetches: 0
 ss_sold_year | ratio | store_qty | store_wholesale_cost | store_sales_price | other_chan_qty | other_chan_wholesale_cost | other_chan_sales_price 
--------------+-------+-----------+----------------------+-------------------+----------------+---------------------------+------------------------
         1998 |       |           |                      |                   |             28 |                     63.06 |                 157.66
         1998 |       |           |                      |             15.06 |            100 |                     32.51 |                   13.9
         1998 |       |           |                      |              1.03 |             99 |                     58.42 |                  17.37
         1998 |       |           |                39.23 |              27.6 |             76 |                     73.58 |                   61.8
         1998 |  3.00 |       100 |                68.74 |             78.26 |             29 |                     51.11 |                  60.43
         1998 |  1.00 |       100 |                67.62 |             75.72 |             96 |                      8.89 |                   1.18
         1998 |  1.00 |       100 |                38.88 |             29.81 |             60 |                      44.4 |                  81.38
         1998 |  4.00 |       100 |                37.04 |             37.37 |             22 |                     29.35 |                  29.76
         1998 |  1.00 |       100 |                 3.48 |              1.97 |             72 |                     34.02 |                  31.28
         1998 |  4.00 |        98 |                   55 |             19.25 |             23 |                     35.56 |                  41.28
         1998 |  3.00 |        98 |                44.53 |             37.61 |             31 |                     43.43 |                  37.52
         1998 | 32.00 |        98 |                 8.06 |              2.48 |              3 |                     39.23 |                  44.74
         1998 |  1.00 |        98 |                 1.97 |              2.19 |             72 |                     53.62 |                  35.44
         1998 |  2.00 |        97 |                51.04 |                26 |             42 |                      6.92 |                   8.64
         1998 |  1.00 |        97 |                12.03 |             11.71 |             94 |                      39.4 |                  53.22
         1998 |  1.00 |        97 |                 1.27 |              0.91 |             88 |                     30.52 |                   5.52
         1998 |  1.00 |        96 |                94.86 |             90.94 |             85 |                     23.06 |                  35.16
         1998 |  1.00 |        96 |                85.73 |             77.52 |             54 |                     83.56 |                 115.26
         1998 |  6.00 |        96 |                10.69 |             16.99 |             14 |                     45.03 |                   6.34
         1998 | 19.00 |        96 |                  2.5 |              2.44 |              5 |                     24.09 |                  12.71
         1998 |  2.00 |        95 |                96.97 |            107.01 |             44 |                      55.3 |                 127.41
         1998 |  2.00 |        95 |                88.97 |             88.93 |             42 |                     53.18 |                  55.56
         1998 |  1.00 |        95 |                44.27 |             28.33 |             52 |                      62.7 |                  46.08
         1998 |  1.00 |        95 |                40.58 |             12.27 |             55 |                      60.8 |                 124.18
         1998 |  0.00 |        95 |                36.48 |               6.2 |             98 |                      4.15 |                   3.45
         1998 |  2.00 |        95 |                27.99 |             21.97 |             38 |                     47.89 |                   13.6
         1998 |  1.00 |        95 |                22.87 |              6.25 |             58 |                     94.07 |                  25.58
         1998 |  3.00 |        94 |                79.36 |             62.59 |             26 |                     45.97 |                 116.25
         1998 |  5.00 |        94 |                48.45 |             26.85 |             16 |                     66.14 |                  32.51
         1998 |  2.00 |        92 |                87.75 |             29.29 |             38 |                         0 |                      0
         1998 |  3.00 |        92 |                11.39 |              0.22 |             28 |                      56.3 |                  59.55
         1998 |  1.00 |        91 |                56.04 |             56.83 |             62 |                     44.13 |                  72.94
         1998 |  1.00 |        90 |                76.93 |            114.47 |             77 |                     87.98 |                  121.2
         1998 |  1.00 |        90 |                46.43 |             30.75 |             85 |                     44.84 |                  71.47
         1998 |  2.00 |        90 |                42.69 |             34.06 |             31 |                     43.78 |                   16.1
         1998 |  2.00 |        89 |                15.54 |              8.69 |             43 |                     94.69 |                  86.59
         1998 |  1.00 |        89 |                12.08 |              9.66 |             58 |                     93.27 |                 181.04
         1998 |  1.00 |        88 |                76.17 |             24.07 |             61 |                     75.59 |                  25.19
         1998 |  2.00 |        88 |                 61.5 |             77.71 |             32 |                     69.18 |                  91.96
         1998 |  3.00 |        88 |                 4.58 |              3.64 |             27 |                     39.35 |                  15.71
         1998 |  1.00 |        87 |                83.69 |            111.83 |             52 |                     72.76 |                   7.48
         1998 |  1.00 |        87 |                81.81 |             72.87 |             78 |                     13.12 |                  21.55
         1998 |  6.00 |        87 |                10.41 |              4.92 |             13 |                     15.03 |                   7.88
         1998 |  2.00 |        86 |                83.78 |             41.03 |             32 |                     94.47 |                 182.84
         1998 |  1.00 |        86 |                60.78 |             45.51 |             63 |                     26.52 |                  24.85
         1998 |  1.00 |        85 |                67.74 |             55.14 |             58 |                     81.65 |                 125.65
         1998 |  1.00 |        85 |                46.25 |             28.97 |             43 |                     58.34 |                  96.26
         1998 |  7.00 |        84 |                52.84 |             63.64 |             12 |                     44.55 |                  36.09
         1998 |  2.00 |        84 |                29.59 |             23.84 |             36 |                     95.65 |                  171.7
         1998 |  1.00 |        84 |                29.42 |             36.18 |             47 |                     50.31 |                  86.07
         1998 |  1.00 |        84 |                27.66 |             30.46 |             59 |                     86.46 |                  69.83
         1998 |  3.00 |        83 |                   87 |             93.42 |             26 |                     78.38 |                 131.74
         1998 |  1.00 |        83 |                50.59 |             50.16 |             44 |                     32.17 |                  65.25
         1998 |  1.00 |        82 |                50.42 |              5.82 |             49 |                     29.02 |                  36.42
         1998 |  5.00 |        81 |                96.22 |             70.54 |             14 |                      1.96 |                   0.11
         1998 |  1.00 |        81 |                  3.4 |              1.76 |             49 |                     96.56 |                     70
         1998 |  5.00 |        80 |                57.55 |            104.94 |             16 |                     56.76 |                  15.32
         1998 |  3.00 |        80 |                36.72 |             28.99 |             22 |                     51.29 |                  71.71
         1998 |  0.00 |        80 |                35.45 |              6.39 |             87 |                     63.26 |                  43.44
         1998 |  9.00 |        79 |                 50.7 |             39.42 |              8 |                     50.68 |                   18.8
         1998 |  2.00 |        79 |                28.87 |             50.52 |             30 |                     35.41 |                  35.32
         1998 |  1.00 |        79 |                11.34 |              1.71 |             75 |                     34.18 |                  30.02
         1998 |  2.00 |        79 |                10.71 |             13.81 |             38 |                        75 |                  70.87
         1998 |  1.00 |        78 |                83.09 |              1.41 |             51 |                     44.44 |                  13.06
         1998 |  4.00 |        78 |                31.87 |             39.97 |             18 |                         9 |                   3.69
         1998 | 11.00 |        78 |                25.82 |             14.84 |              7 |                     47.34 |                  48.45
         1998 |  0.00 |        76 |                98.48 |            179.38 |             89 |                     14.77 |                  35.04
         1998 |  0.00 |        76 |                81.69 |            149.55 |             80 |                     60.86 |                  11.67
         1998 |  8.00 |        76 |                 53.2 |             45.94 |              9 |                      7.31 |                   3.01
         1998 |  5.00 |        76 |                23.38 |             33.36 |             13 |                     10.26 |                  11.78
         1998 |  1.00 |        75 |                68.84 |             36.61 |             42 |                     54.51 |                  51.12
         1998 |  0.00 |        75 |                37.56 |              36.7 |             80 |                     39.82 |                  39.68
         1998 |  1.00 |        75 |                19.07 |             15.01 |             38 |                      3.61 |                   5.07
         1998 |  0.00 |        74 |                73.52 |            131.84 |             87 |                     12.52 |                  23.92
         1998 |  1.00 |        74 |                24.11 |              9.48 |             56 |                     13.31 |                   0.74
         1998 | 73.00 |        73 |                91.25 |             80.17 |              1 |                     85.11 |                 109.15
         1998 |  0.00 |        72 |                84.49 |            161.42 |             88 |                      4.29 |                   11.8
         1998 |  1.00 |        71 |                72.53 |             80.21 |             65 |                      9.19 |                   7.66
         1998 |  1.00 |        71 |                35.94 |              25.8 |             65 |                      64.3 |                  61.17
         1998 |  8.00 |        71 |                17.78 |             12.96 |              8 |                     95.83 |                 126.06
         1998 |  3.00 |        70 |                82.17 |             82.41 |             20 |                     62.06 |                  82.06
         1998 |  1.00 |        70 |                55.78 |            103.34 |             53 |                       5.5 |                   2.25
         1998 |  0.00 |        70 |                20.91 |             23.53 |             81 |                     68.49 |                  65.05
         1998 |  4.00 |        69 |                73.02 |             75.46 |             16 |                     60.57 |                  23.12
         1998 |  1.00 |        69 |                65.67 |              36.7 |             47 |                     86.21 |                 100.89
         1998 | 23.00 |        69 |                14.84 |             21.52 |              3 |                     43.91 |                  12.89
         1998 |  9.00 |        68 |                35.31 |             28.45 |              7 |                     25.35 |                  38.78
         1998 |  1.00 |        67 |                12.29 |               6.7 |             52 |                      8.15 |                   7.97
         1998 |  0.00 |        66 |                91.35 |             91.01 |             68 |                     96.15 |                 137.29
         1998 |  0.00 |        66 |                11.62 |              2.71 |             97 |                      51.8 |                  54.37
         1998 |  2.00 |        65 |                89.33 |             66.88 |             31 |                     60.04 |                   7.61
         1998 |  0.00 |        65 |                74.02 |             56.62 |             68 |                     54.79 |                  54.69
         1998 |  0.00 |        65 |                64.05 |             69.67 |             85 |                     24.62 |                  14.63
         1998 |  0.00 |        65 |                40.48 |             21.98 |             93 |                        86 |                  64.24
         1998 |  1.00 |        63 |                 46.6 |              8.93 |             40 |                      1.72 |                   0.58
         1998 |  0.00 |        61 |                89.79 |             85.14 |             82 |                     21.27 |                  40.57
         1998 |  1.00 |        61 |                51.36 |             33.26 |             51 |                     79.27 |                  85.32
         1998 |  1.00 |        61 |                46.09 |             37.08 |             40 |                     32.92 |                  19.11
         1998 |  1.00 |        61 |                17.13 |               1.6 |             47 |                     80.15 |                 109.23
         1998 |  0.00 |        60 |                 74.6 |             50.97 |             88 |                      20.1 |                  15.02
(100 rows)

UPDATE time_statistics SET e_time = TRANSACTION_TIMESTAMP() WHERE template = 'query78.tpl' AND stream = 1;
psql:/tmp/s1-basline/throughput/query_1.sql:1264: NOTICE:  duration: 0.039 ms  plan:
Query Text: UPDATE time_statistics SET e_time = TRANSACTION_TIMESTAMP() WHERE template = 'query78.tpl' AND stream = 1;
Update on time_statistics  (cost=0.00..4.26 rows=0 width=0) (actual time=0.038..0.038 rows=0 loops=1)
  ->  Seq Scan on time_statistics  (cost=0.00..4.26 rows=1 width=14) (actual time=0.025..0.026 rows=1 loops=1)
        Filter: ((template = 'query78.tpl'::text) AND (stream = 1))
        Rows Removed by Filter: 92
UPDATE 1
LOAD 'auto_explain'; SET auto_explain.log_min_duration TO 0; SET auto_explain.log_analyze TO on; SET auto_explain.log_level TO notice; INSERT INTO time_statistics (template, s_time, stream, query, seed) VALUES ('query8.tpl', TRANSACTION_TIMESTAMP(), 1, 27, 433311535);
LOAD
SET
SET
SET
psql:/tmp/s1-basline/throughput/query_1.sql:1265: NOTICE:  duration: 0.009 ms  plan:
Query Text: INSERT INTO time_statistics (template, s_time, stream, query, seed) VALUES ('query8.tpl', TRANSACTION_TIMESTAMP(), 1, 27, 433311535);
Insert on time_statistics  (cost=0.00..0.01 rows=0 width=0) (actual time=0.009..0.009 rows=0 loops=1)
  ->  Result  (cost=0.00..0.01 rows=1 width=64) (actual time=0.002..0.002 rows=1 loops=1)
INSERT 0 1
select  s_store_name
      ,sum(ss_net_profit)
 from store_sales
     ,date_dim
     ,store,
     (select ca_zip
     from (
      SELECT substr(ca_zip,1,5) ca_zip
      FROM customer_address
      WHERE substr(ca_zip,1,5) IN (
                          '64706','60644','61382','35510','39776','67195',
                          '38154','98314','75672','41084','52286',
                          '46284','17072','83333','28365','23247',
                          '59462','24685','37859','42220','54340',
                          '50910','83099','20210','28491','52980',
                          '49190','35480','89341','23693','23051',
                          '68225','14883','69653','74471','94110',
                          '69273','62980','30449','76045','97756',
                          '45623','16462','51599','43417','32949',
                          '24235','15344','77996','78835','28360',
                          '94641','77945','53960','44517','97010',
                          '75494','32088','35836','82234','33443',
                          '27975','20647','41743','10921','19215',
                          '19399','44722','29497','27026','83335',
                          '98248','11436','46267','61863','91604',
                          '53410','69939','32276','39576','10791',
                          '71850','53709','81329','89643','29536',
                          '95316','91100','10343','85131','62466',
                          '16174','17371','97071','57802','40505',
                          '60959','44803','32103','42741','10323',
                          '52890','70569','35677','22248','74690',
                          '22061','88821','39432','39406','99779',
                          '76526','58586','31730','75285','17800',
                          '62645','51212','92390','24589','47304',
                          '37753','91781','32371','17216','41037',
                          '69510','59602','34527','30059','27291',
                          '86204','14173','76784','79804','87318',
                          '45777','13451','36333','14038','37861',
                          '84858','33650','78408','70593','68424',
                          '32312','35998','39996','80026','43587',
                          '85778','99489','69195','74174','40941',
                          '64572','17631','39667','47601','60530',
                          '36914','62994','46936','59511','59705',
                          '24718','47399','99660','92369','59844',
                          '18317','75173','14223','12104','10455',
                          '58138','97453','29615','48204','60462',
                          '86355','93314','21450','52889','51269',
                          '32157','22677','38834','94763','48229',
                          '12932','36207','88396','29920','85242',
                          '61595','93302','21460','82169','73088',
                          '30662','48021','65595','59246','39525',
                          '62167','58369','10629','74588','25211',
                          '52787','16897','25970','30664','64318',
                          '16710','85886','55876','44334','82293',
                          '73229','97733','13860','68647','60205',
                          '33935','81260','30430','96330','98745',
                          '37774','28266','29537','87864','68708',
                          '84836','16580','36863','88052','47318',
                          '97287','87868','56652','47480','24537',
                          '36441','22961','39535','80346','43491',
                          '85091','90812','85184','90551','25735',
                          '92274','45399','33806','76450','65483',
                          '70448','20484','23094','83476','63346',
                          '15477','45051','92450','47419','40326',
                          '16000','79524','84592','97135','14744',
                          '92132','80557','21049','67999','91070',
                          '17881','54385','72112','20843','78399',
                          '21403','81782','39252','23734','72149',
                          '84608','21759','25145','36474','42492',
                          '60356','48385','75658','44198','28889',
                          '44005','95186','27836','38678','98633',
                          '44946','69686','73877','87914','33048',
                          '69475','50872','67563','29142','31129',
                          '86683','75811','12569','48498','90848',
                          '32303','24217','90860','16532','94791',
                          '86671','53028','30026','29082','35254',
                          '58657','37884','78283','31851','65744',
                          '21801','10238','24138','86255','87700',
                          '51179','76332','29765','63495','39825',
                          '30104','99642','43844','58019','20319',
                          '41295','22532','61525','48713','11500',
                          '66512','75112','42321','85670','47130',
                          '67685','63719','90632','15755','68281',
                          '95952','23863','60963','55187','75815',
                          '11093','70302','66780','63271','94386',
                          '65854','65837','69788','85640','14428',
                          '52228','86826','42865','56874','88640',
                          '77575','43737','39272','70802','44359',
                          '48205','97386','97284','42298','75121',
                          '71911','83480','46028','69019')
     intersect
      select ca_zip
      from (SELECT substr(ca_zip,1,5) ca_zip,count(*) cnt
            FROM customer_address, customer
            WHERE ca_address_sk = c_current_addr_sk and
                  c_preferred_cust_flag='Y'
            group by ca_zip
            having count(*) > 10)A1)A2) V1
 where ss_store_sk = s_store_sk
  and ss_sold_date_sk = d_date_sk
  and d_qoy = 2 and d_year = 1998
  and (substr(s_zip,1,2) = substr(V1.ca_zip,1,2))
 group by s_store_name
 order by s_store_name
 limit 100;
psql:/tmp/s1-basline/throughput/query_1.sql:1370: NOTICE:  duration: 131.490 ms  plan:
Query Text: select  s_store_name
      ,sum(ss_net_profit)
 from store_sales
     ,date_dim
     ,store,
     (select ca_zip
     from (
      SELECT substr(ca_zip,1,5) ca_zip
      FROM customer_address
      WHERE substr(ca_zip,1,5) IN (
                          '64706','60644','61382','35510','39776','67195',
                          '38154','98314','75672','41084','52286',
                          '46284','17072','83333','28365','23247',
                          '59462','24685','37859','42220','54340',
                          '50910','83099','20210','28491','52980',
                          '49190','35480','89341','23693','23051',
                          '68225','14883','69653','74471','94110',
                          '69273','62980','30449','76045','97756',
                          '45623','16462','51599','43417','32949',
                          '24235','15344','77996','78835','28360',
                          '94641','77945','53960','44517','97010',
                          '75494','32088','35836','82234','33443',
                          '27975','20647','41743','10921','19215',
                          '19399','44722','29497','27026','83335',
                          '98248','11436','46267','61863','91604',
                          '53410','69939','32276','39576','10791',
                          '71850','53709','81329','89643','29536',
                          '95316','91100','10343','85131','62466',
                          '16174','17371','97071','57802','40505',
                          '60959','44803','32103','42741','10323',
                          '52890','70569','35677','22248','74690',
                          '22061','88821','39432','39406','99779',
                          '76526','58586','31730','75285','17800',
                          '62645','51212','92390','24589','47304',
                          '37753','91781','32371','17216','41037',
                          '69510','59602','34527','30059','27291',
                          '86204','14173','76784','79804','87318',
                          '45777','13451','36333','14038','37861',
                          '84858','33650','78408','70593','68424',
                          '32312','35998','39996','80026','43587',
                          '85778','99489','69195','74174','40941',
                          '64572','17631','39667','47601','60530',
                          '36914','62994','46936','59511','59705',
                          '24718','47399','99660','92369','59844',
                          '18317','75173','14223','12104','10455',
                          '58138','97453','29615','48204','60462',
                          '86355','93314','21450','52889','51269',
                          '32157','22677','38834','94763','48229',
                          '12932','36207','88396','29920','85242',
                          '61595','93302','21460','82169','73088',
                          '30662','48021','65595','59246','39525',
                          '62167','58369','10629','74588','25211',
                          '52787','16897','25970','30664','64318',
                          '16710','85886','55876','44334','82293',
                          '73229','97733','13860','68647','60205',
                          '33935','81260','30430','96330','98745',
                          '37774','28266','29537','87864','68708',
                          '84836','16580','36863','88052','47318',
                          '97287','87868','56652','47480','24537',
                          '36441','22961','39535','80346','43491',
                          '85091','90812','85184','90551','25735',
                          '92274','45399','33806','76450','65483',
                          '70448','20484','23094','83476','63346',
                          '15477','45051','92450','47419','40326',
                          '16000','79524','84592','97135','14744',
                          '92132','80557','21049','67999','91070',
                          '17881','54385','72112','20843','78399',
                          '21403','81782','39252','23734','72149',
                          '84608','21759','25145','36474','42492',
                          '60356','48385','75658','44198','28889',
                          '44005','95186','27836','38678','98633',
                          '44946','69686','73877','87914','33048',
                          '69475','50872','67563','29142','31129',
                          '86683','75811','12569','48498','90848',
                          '32303','24217','90860','16532','94791',
                          '86671','53028','30026','29082','35254',
                          '58657','37884','78283','31851','65744',
                          '21801','10238','24138','86255','87700',
                          '51179','76332','29765','63495','39825',
                          '30104','99642','43844','58019','20319',
                          '41295','22532','61525','48713','11500',
                          '66512','75112','42321','85670','47130',
                          '67685','63719','90632','15755','68281',
                          '95952','23863','60963','55187','75815',
                          '11093','70302','66780','63271','94386',
                          '65854','65837','69788','85640','14428',
                          '52228','86826','42865','56874','88640',
                          '77575','43737','39272','70802','44359',
                          '48205','97386','97284','42298','75121',
                          '71911','83480','46028','69019')
     intersect
      select ca_zip
      from (SELECT substr(ca_zip,1,5) ca_zip,count(*) cnt
            FROM customer_address, customer
            WHERE ca_address_sk = c_current_addr_sk and
                  c_preferred_cust_flag='Y'
            group by ca_zip
            having count(*) > 10)A1)A2) V1
 where ss_store_sk = s_store_sk
  and ss_sold_date_sk = d_date_sk
  and d_qoy = 2 and d_year = 1998
  and (substr(s_zip,1,2) = substr(V1.ca_zip,1,2))
 group by s_store_name
 order by s_store_name
 limit 100;
Limit  (cost=94999.10..95023.41 rows=9 width=13) (actual time=131.480..131.488 rows=0 loops=1)
  ->  GroupAggregate  (cost=94999.10..95023.41 rows=9 width=13) (actual time=131.479..131.487 rows=0 loops=1)
        Group Key: store.s_store_name
        ->  Sort  (cost=94999.10..95007.17 rows=3230 width=13) (actual time=131.478..131.486 rows=0 loops=1)
              Sort Key: store.s_store_name
              Sort Method: quicksort  Memory: 25kB
              ->  Nested Loop  (cost=7043.81..94810.83 rows=3230 width=13) (actual time=131.473..131.481 rows=0 loops=1)
                    Join Filter: (store_sales.ss_store_sk = store.s_store_sk)
                    ->  Nested Loop  (cost=0.43..83900.49 rows=3388 width=16) (actual time=4.415..43.844 rows=79651 loops=1)
                          ->  Seq Scan on date_dim  (cost=0.00..2500.73 rows=90 width=8) (actual time=4.405..9.682 rows=91 loops=1)
                                Filter: ((d_qoy = 2) AND (d_year = 1998))
                                Rows Removed by Filter: 72958
                          ->  Index Scan using i_ss_sold_date_sk on store_sales  (cost=0.43..889.36 rows=1508 width=24) (actual time=0.005..0.213 rows=875 loops=91)
                                Index Cond: (ss_sold_date_sk = date_dim.d_date_sk)
                    ->  Materialize  (cost=7043.38..10300.54 rows=12 width=13) (actual time=0.001..0.001 rows=0 loops=79651)
                          ->  Nested Loop  (cost=7043.38..10300.48 rows=12 width=13) (actual time=78.149..78.156 rows=0 loops=1)
                                Join Filter: (substr((store.s_zip)::text, 1, 2) = substr(a2.ca_zip, 1, 2))
                                Rows Removed by Join Filter: 36
                                ->  Index Scan using pk_store on store  (cost=0.14..3.62 rows=12 width=24) (actual time=0.001..0.006 rows=12 loops=1)
                                ->  Materialize  (cost=7043.25..10243.36 rows=200 width=32) (actual time=6.510..6.511 rows=3 loops=12)
                                      ->  Subquery Scan on a2  (cost=7043.25..10242.36 rows=200 width=32) (actual time=78.111..78.124 rows=3 loops=1)
                                            ->  HashSetOp Intersect  (cost=7043.25..10240.36 rows=200 width=36) (actual time=78.111..78.123 rows=3 loops=1)
                                                  ->  Append  (cost=7043.25..10129.53 rows=44333 width=36) (actual time=59.213..77.821 rows=1068 loops=1)
                                                        ->  Subquery Scan on "*SELECT* 2"  (cost=7043.25..7109.86 rows=1066 width=36) (actual time=59.212..59.890 rows=951 loops=1)
                                                              ->  Subquery Scan on a1  (cost=7043.25..7099.20 rows=1066 width=32) (actual time=59.211..59.819 rows=951 loops=1)
                                                                    ->  HashAggregate  (cost=7043.25..7088.54 rows=1066 width=51) (actual time=59.210..59.747 rows=951 loops=1)
                                                                          Group Key: customer_address.ca_zip
                                                                          Filter: (count(*) > 10)
                                                                          Batches: 1  Memory Usage: 369kB
                                                                          Rows Removed by Filter: 2220
                                                                          ->  Hash Join  (cost=2273.00..6807.68 rows=47113 width=11) (actual time=15.712..50.301 rows=47301 loops=1)
                                                                                Hash Cond: (customer.c_current_addr_sk = customer_address.ca_address_sk)
                                                                                ->  Seq Scan on customer  (cost=0.00..4411.00 rows=47113 width=8) (actual time=0.005..25.763 rows=47301 loops=1)
                                                                                      Filter: (c_preferred_cust_flag = 'Y'::bpchar)
                                                                                      Rows Removed by Filter: 52699
                                                                                ->  Hash  (cost=1648.00..1648.00 rows=50000 width=19) (actual time=15.676..15.677 rows=50000 loops=1)
                                                                                      Buckets: 65536  Batches: 1  Memory Usage: 3223kB
                                                                                      ->  Seq Scan on customer_address  (cost=0.00..1648.00 rows=50000 width=19) (actual time=0.003..8.457 rows=50000 loops=1)
                                                        ->  Subquery Scan on "*SELECT* 1"  (cost=1.00..2798.01 rows=43267 width=36) (actual time=0.168..17.863 rows=117 loops=1)
                                                              ->  Seq Scan on customer_address customer_address_1  (cost=1.00..2365.34 rows=43267 width=32) (actual time=0.167..17.852 rows=117 loops=1)
                                                                    Filter: (substr((ca_zip)::text, 1, 5) = ANY ('{64706,60644,61382,35510,39776,67195,38154,98314,75672,41084,52286,46284,17072,83333,28365,23247,59462,24685,37859,42220,54340,50910,83099,20210,28491,52980,49190,35480,89341,23693,23051,68225,14883,69653,74471,94110,69273,62980,30449,76045,97756,45623,16462,51599,43417,32949,24235,15344,77996,78835,28360,94641,77945,53960,44517,97010,75494,32088,35836,82234,33443,27975,20647,41743,10921,19215,19399,44722,29497,27026,83335,98248,11436,46267,61863,91604,53410,69939,32276,39576,10791,71850,53709,81329,89643,29536,95316,91100,10343,85131,62466,16174,17371,97071,57802,40505,60959,44803,32103,42741,10323,52890,70569,35677,22248,74690,22061,88821,39432,39406,99779,76526,58586,31730,75285,17800,62645,51212,92390,24589,47304,37753,91781,32371,17216,41037,69510,59602,34527,30059,27291,86204,14173,76784,79804,87318,45777,13451,36333,14038,37861,84858,33650,78408,70593,68424,32312,35998,39996,80026,43587,85778,99489,69195,74174,40941,64572,17631,39667,47601,60530,36914,62994,46936,59511,59705,24718,47399,99660,92369,59844,18317,75173,14223,12104,10455,58138,97453,29615,48204,60462,86355,93314,21450,52889,51269,32157,22677,38834,94763,48229,12932,36207,88396,29920,85242,61595,93302,21460,82169,73088,30662,48021,65595,59246,39525,62167,58369,10629,74588,25211,52787,16897,25970,30664,64318,16710,85886,55876,44334,82293,73229,97733,13860,68647,60205,33935,81260,30430,96330,98745,37774,28266,29537,87864,68708,84836,16580,36863,88052,47318,97287,87868,56652,47480,24537,36441,22961,39535,80346,43491,85091,90812,85184,90551,25735,92274,45399,33806,76450,65483,70448,20484,23094,83476,63346,15477,45051,92450,47419,40326,16000,79524,84592,97135,14744,92132,80557,21049,67999,91070,17881,54385,72112,20843,78399,21403,81782,39252,23734,72149,84608,21759,25145,36474,42492,60356,48385,75658,44198,28889,44005,95186,27836,38678,98633,44946,69686,73877,87914,33048,69475,50872,67563,29142,31129,86683,75811,12569,48498,90848,32303,24217,90860,16532,94791,86671,53028,30026,29082,35254,58657,37884,78283,31851,65744,21801,10238,24138,86255,87700,51179,76332,29765,63495,39825,30104,99642,43844,58019,20319,41295,22532,61525,48713,11500,66512,75112,42321,85670,47130,67685,63719,90632,15755,68281,95952,23863,60963,55187,75815,11093,70302,66780,63271,94386,65854,65837,69788,85640,14428,52228,86826,42865,56874,88640,77575,43737,39272,70802,44359,48205,97386,97284,42298,75121,71911,83480,46028,69019}'::text[]))
                                                                    Rows Removed by Filter: 49883
 s_store_name | sum 
--------------+-----
(0 rows)

UPDATE time_statistics SET e_time = TRANSACTION_TIMESTAMP() WHERE template = 'query8.tpl' AND stream = 1;
psql:/tmp/s1-basline/throughput/query_1.sql:1372: NOTICE:  duration: 0.038 ms  plan:
Query Text: UPDATE time_statistics SET e_time = TRANSACTION_TIMESTAMP() WHERE template = 'query8.tpl' AND stream = 1;
Update on time_statistics  (cost=0.00..4.26 rows=0 width=0) (actual time=0.037..0.037 rows=0 loops=1)
  ->  Seq Scan on time_statistics  (cost=0.00..4.26 rows=1 width=14) (actual time=0.021..0.021 rows=1 loops=1)
        Filter: ((template = 'query8.tpl'::text) AND (stream = 1))
        Rows Removed by Filter: 93
UPDATE 1
LOAD 'auto_explain'; SET auto_explain.log_min_duration TO 0; SET auto_explain.log_analyze TO on; SET auto_explain.log_level TO notice; INSERT INTO time_statistics (template, s_time, stream, query, seed) VALUES ('../query_postgresql/query14.tpl', TRANSACTION_TIMESTAMP(), 1, 28, 1913021735);
LOAD
SET
SET
SET
psql:/tmp/s1-basline/throughput/query_1.sql:1373: NOTICE:  duration: 0.018 ms  plan:
Query Text: INSERT INTO time_statistics (template, s_time, stream, query, seed) VALUES ('../query_postgresql/query14.tpl', TRANSACTION_TIMESTAMP(), 1, 28, 1913021735);
Insert on time_statistics  (cost=0.00..0.01 rows=0 width=0) (actual time=0.009..0.018 rows=0 loops=1)
  ->  Result  (cost=0.00..0.01 rows=1 width=64) (actual time=0.002..0.002 rows=1 loops=1)
INSERT 0 1
with  cross_items as
 (select i_item_sk ss_item_sk
 from item,
 (select iss.i_brand_id brand_id
     ,iss.i_class_id class_id
     ,iss.i_category_id category_id
 from store_sales
     ,item iss
     ,date_dim d1
 where ss_item_sk = iss.i_item_sk
   and ss_sold_date_sk = d1.d_date_sk
   and d1.d_year between 2000 AND 2000 + 2
 intersect 
 select ics.i_brand_id
     ,ics.i_class_id
     ,ics.i_category_id
 from catalog_sales
     ,item ics
     ,date_dim d2
 where cs_item_sk = ics.i_item_sk
   and cs_sold_date_sk = d2.d_date_sk
   and d2.d_year between 2000 AND 2000 + 2
 intersect
 select iws.i_brand_id
     ,iws.i_class_id
     ,iws.i_category_id
 from web_sales
     ,item iws
     ,date_dim d3
 where ws_item_sk = iws.i_item_sk
   and ws_sold_date_sk = d3.d_date_sk
   and d3.d_year between 2000 AND 2000 + 2) x
 where i_brand_id = brand_id
      and i_class_id = class_id
      and i_category_id = category_id
),
 avg_sales as
 (select avg(quantity*list_price) average_sales
  from (select ss_quantity quantity
             ,ss_list_price list_price
       from store_sales
           ,date_dim
       where ss_sold_date_sk = d_date_sk
         and d_year between 2000 and 2000 + 2
       union all 
       select cs_quantity quantity 
             ,cs_list_price list_price
       from catalog_sales
           ,date_dim
       where cs_sold_date_sk = d_date_sk
         and d_year between 2000 and 2000 + 2 
       union all
       select ws_quantity quantity
             ,ws_list_price list_price
       from web_sales
           ,date_dim
       where ws_sold_date_sk = d_date_sk
         and d_year between 2000 and 2000 + 2) x)
  select  channel, i_brand_id,i_class_id,i_category_id,sum(sales), sum(number_sales)
 from(
       select 'store' channel, i_brand_id,i_class_id
             ,i_category_id,sum(ss_quantity*ss_list_price) sales
             , count(*) number_sales
       from store_sales
           ,item
           ,date_dim
       where ss_item_sk in (select ss_item_sk from cross_items)
         and ss_item_sk = i_item_sk
         and ss_sold_date_sk = d_date_sk
         and d_year = 2000+2 
         and d_moy = 11
       group by i_brand_id,i_class_id,i_category_id
       having sum(ss_quantity*ss_list_price) > (select average_sales from avg_sales)
       union all
       select 'catalog' channel, i_brand_id,i_class_id,i_category_id, sum(cs_quantity*cs_list_price) sales, count(*) number_sales
       from catalog_sales
           ,item
           ,date_dim
       where cs_item_sk in (select ss_item_sk from cross_items)
         and cs_item_sk = i_item_sk
         and cs_sold_date_sk = d_date_sk
         and d_year = 2000+2 
         and d_moy = 11
       group by i_brand_id,i_class_id,i_category_id
       having sum(cs_quantity*cs_list_price) > (select average_sales from avg_sales)
       union all
       select 'web' channel, i_brand_id,i_class_id,i_category_id, sum(ws_quantity*ws_list_price) sales , count(*) number_sales
       from web_sales
           ,item
           ,date_dim
       where ws_item_sk in (select ss_item_sk from cross_items)
         and ws_item_sk = i_item_sk
         and ws_sold_date_sk = d_date_sk
         and d_year = 2000+2
         and d_moy = 11
       group by i_brand_id,i_class_id,i_category_id
       having sum(ws_quantity*ws_list_price) > (select average_sales from avg_sales)
 ) x
 group by rollup (channel, i_brand_id,i_class_id,i_category_id)
 order by channel,i_brand_id,i_class_id,i_category_id
 limit 100;
psql:/tmp/s1-basline/throughput/query_1.sql:1474: NOTICE:  duration: 14312.272 ms  plan:
Query Text: with  cross_items as
 (select i_item_sk ss_item_sk
 from item,
 (select iss.i_brand_id brand_id
     ,iss.i_class_id class_id
     ,iss.i_category_id category_id
 from store_sales
     ,item iss
     ,date_dim d1
 where ss_item_sk = iss.i_item_sk
   and ss_sold_date_sk = d1.d_date_sk
   and d1.d_year between 2000 AND 2000 + 2
 intersect 
 select ics.i_brand_id
     ,ics.i_class_id
     ,ics.i_category_id
 from catalog_sales
     ,item ics
     ,date_dim d2
 where cs_item_sk = ics.i_item_sk
   and cs_sold_date_sk = d2.d_date_sk
   and d2.d_year between 2000 AND 2000 + 2
 intersect
 select iws.i_brand_id
     ,iws.i_class_id
     ,iws.i_category_id
 from web_sales
     ,item iws
     ,date_dim d3
 where ws_item_sk = iws.i_item_sk
   and ws_sold_date_sk = d3.d_date_sk
   and d3.d_year between 2000 AND 2000 + 2) x
 where i_brand_id = brand_id
      and i_class_id = class_id
      and i_category_id = category_id
),
 avg_sales as
 (select avg(quantity*list_price) average_sales
  from (select ss_quantity quantity
             ,ss_list_price list_price
       from store_sales
           ,date_dim
       where ss_sold_date_sk = d_date_sk
         and d_year between 2000 and 2000 + 2
       union all 
       select cs_quantity quantity 
             ,cs_list_price list_price
       from catalog_sales
           ,date_dim
       where cs_sold_date_sk = d_date_sk
         and d_year between 2000 and 2000 + 2 
       union all
       select ws_quantity quantity
             ,ws_list_price list_price
       from web_sales
           ,date_dim
       where ws_sold_date_sk = d_date_sk
         and d_year between 2000 and 2000 + 2) x)
  select  channel, i_brand_id,i_class_id,i_category_id,sum(sales), sum(number_sales)
 from(
       select 'store' channel, i_brand_id,i_class_id
             ,i_category_id,sum(ss_quantity*ss_list_price) sales
             , count(*) number_sales
       from store_sales
           ,item
           ,date_dim
       where ss_item_sk in (select ss_item_sk from cross_items)
         and ss_item_sk = i_item_sk
         and ss_sold_date_sk = d_date_sk
         and d_year = 2000+2 
         and d_moy = 11
       group by i_brand_id,i_class_id,i_category_id
       having sum(ss_quantity*ss_list_price) > (select average_sales from avg_sales)
       union all
       select 'catalog' channel, i_brand_id,i_class_id,i_category_id, sum(cs_quantity*cs_list_price) sales, count(*) number_sales
       from catalog_sales
           ,item
           ,date_dim
       where cs_item_sk in (select ss_item_sk from cross_items)
         and cs_item_sk = i_item_sk
         and cs_sold_date_sk = d_date_sk
         and d_year = 2000+2 
         and d_moy = 11
       group by i_brand_id,i_class_id,i_category_id
       having sum(cs_quantity*cs_list_price) > (select average_sales from avg_sales)
       union all
       select 'web' channel, i_brand_id,i_class_id,i_category_id, sum(ws_quantity*ws_list_price) sales , count(*) number_sales
       from web_sales
           ,item
           ,date_dim
       where ws_item_sk in (select ss_item_sk from cross_items)
         and ws_item_sk = i_item_sk
         and ws_sold_date_sk = d_date_sk
         and d_year = 2000+2
         and d_moy = 11
       group by i_brand_id,i_class_id,i_category_id
       having sum(ws_quantity*ws_list_price) > (select average_sales from avg_sales)
 ) x
 group by rollup (channel, i_brand_id,i_class_id,i_category_id)
 order by channel,i_brand_id,i_class_id,i_category_id
 limit 100;
Limit  (cost=371983.91..371984.12 rows=13 width=84) (actual time=14311.777..14312.215 rows=100 loops=1)
  CTE cross_items
    ->  Hash Join  (cost=191058.37..192636.12 rows=1 width=8) (actual time=1883.222..1892.783 rows=17718 loops=1)
          Hash Cond: ((item_3.i_brand_id = x_1.brand_id) AND (item_3.i_class_id = x_1.class_id) AND (item_3.i_category_id = x_1.category_id))
          ->  Seq Scan on item item_3  (cost=0.00..1436.00 rows=18000 width=20) (actual time=0.003..1.626 rows=18000 loops=1)
          ->  Hash  (cost=191026.87..191026.87 rows=1800 width=12) (actual time=1883.213..1883.457 rows=5345 loops=1)
                Buckets: 8192 (originally 2048)  Batches: 1 (originally 1)  Memory Usage: 294kB
                ->  Subquery Scan on x_1  (cost=5175.25..191026.87 rows=1800 width=12) (actual time=1881.469..1882.453 rows=5394 loops=1)
                      ->  HashSetOp Intersect  (cost=5175.25..191008.87 rows=1800 width=16) (actual time=1881.468..1881.962 rows=5394 loops=1)
                            ->  Append  (cost=5175.25..190915.52 rows=12446 width=16) (actual time=1390.136..1815.999 rows=434182 loops=1)
                                  ->  Result  (cost=5175.25..154374.39 rows=1800 width=16) (actual time=1390.136..1391.048 rows=5399 loops=1)
                                        ->  HashSetOp Intersect  (cost=5175.25..154356.39 rows=1800 width=16) (actual time=1390.135..1390.543 rows=5399 loops=1)
                                              ->  Append  (cost=5175.25..153892.42 rows=61862 width=16) (actual time=18.449..1026.389 rows=2507036 loops=1)
                                                    ->  Subquery Scan on "*SELECT* 1"  (cost=5175.25..97966.87 rows=40688 width=16) (actual time=18.448..366.837 rows=1648115 loops=1)
                                                          ->  Gather  (cost=5175.25..97559.99 rows=40688 width=12) (actual time=18.448..215.706 rows=1648115 loops=1)
                                                                Workers Planned: 2
                                                                Workers Launched: 2
                                                                ->  Hash Join  (cost=4175.25..92491.19 rows=16953 width=12) (actual time=30.117..436.476 rows=549372 loops=3)
                                                                      Hash Cond: (store_sales_1.ss_item_sk = iss.i_item_sk)
                                                                      ->  Hash Join  (cost=2514.25..90785.67 rows=16953 width=8) (actual time=13.155..302.840 rows=549372 loops=3)
                                                                            Hash Cond: (store_sales_1.ss_sold_date_sk = d1.d_date_sk)
                                                                            ->  Parallel Seq Scan on store_sales store_sales_1  (cost=0.00..85123.48 rows=1199148 width=16) (actual time=0.010..132.625 rows=959309 loops=3)
                                                                            ->  Hash  (cost=2500.73..2500.73 rows=1081 width=8) (actual time=13.124..13.125 rows=1096 loops=3)
                                                                                  Buckets: 2048  Batches: 1  Memory Usage: 59kB
                                                                                  ->  Seq Scan on date_dim d1  (cost=0.00..2500.73 rows=1081 width=8) (actual time=6.068..12.987 rows=1096 loops=3)
                                                                                        Filter: ((d_year >= 2000) AND (d_year <= 2002))
                                                                                        Rows Removed by Filter: 71953
                                                                      ->  Hash  (cost=1436.00..1436.00 rows=18000 width=20) (actual time=16.665..16.666 rows=18000 loops=3)
                                                                            Buckets: 32768  Batches: 1  Memory Usage: 1240kB
                                                                            ->  Seq Scan on item iss  (cost=0.00..1436.00 rows=18000 width=20) (actual time=0.028..13.666 rows=18000 loops=3)
                                                    ->  Subquery Scan on "*SELECT* 2"  (cost=1661.43..55616.25 rows=21174 width=16) (actual time=14.154..511.132 rows=858921 loops=1)
                                                          ->  Hash Join  (cost=1661.43..55404.51 rows=21174 width=12) (actual time=14.153..443.799 rows=858921 loops=1)
                                                                Hash Cond: (catalog_sales_1.cs_item_sk = ics.i_item_sk)
                                                                ->  Nested Loop  (cost=0.43..53687.92 rows=21174 width=8) (actual time=4.300..284.618 rows=858921 loops=1)
                                                                      ->  Seq Scan on date_dim d2  (cost=0.00..2500.73 rows=1081 width=8) (actual time=4.265..9.464 rows=1096 loops=1)
                                                                            Filter: ((d_year >= 2000) AND (d_year <= 2002))
                                                                            Rows Removed by Filter: 71953
                                                                      ->  Index Scan using i_cs_sold_date_sk on catalog_sales catalog_sales_1  (cost=0.43..39.53 rows=782 width=16) (actual time=0.004..0.131 rows=784 loops=1096)
                                                                            Index Cond: (cs_sold_date_sk = d2.d_date_sk)
                                                                ->  Hash  (cost=1436.00..1436.00 rows=18000 width=20) (actual time=9.696..9.696 rows=18000 loops=1)
                                                                      Buckets: 32768  Batches: 1  Memory Usage: 1240kB
                                                                      ->  Seq Scan on item ics  (cost=0.00..1436.00 rows=18000 width=20) (actual time=0.004..6.589 rows=18000 loops=1)
                                  ->  Subquery Scan on "*SELECT* 3"  (cost=3514.53..36478.90 rows=10646 width=16) (actual time=8.434..399.096 rows=428783 loops=1)
                                        ->  Gather  (cost=3514.53..36372.44 rows=10646 width=12) (actual time=8.433..359.474 rows=428783 loops=1)
                                              Workers Planned: 2
                                              Workers Launched: 2
                                              ->  Nested Loop  (cost=2514.53..34307.84 rows=4436 width=12) (actual time=14.192..413.852 rows=142928 loops=3)
                                                    ->  Hash Join  (cost=2514.25..32946.03 rows=4436 width=8) (actual time=14.141..120.846 rows=142928 loops=3)
                                                          Hash Cond: (web_sales_1.ws_sold_date_sk = d3.d_date_sk)
                                                          ->  Parallel Seq Scan on web_sales web_sales_1  (cost=0.00..29644.81 rows=299781 width=16) (actual time=0.017..51.621 rows=239825 loops=3)
                                                          ->  Hash  (cost=2500.73..2500.73 rows=1081 width=8) (actual time=14.009..14.010 rows=1096 loops=3)
                                                                Buckets: 2048  Batches: 1  Memory Usage: 59kB
                                                                ->  Seq Scan on date_dim d3  (cost=0.00..2500.73 rows=1081 width=8) (actual time=6.802..13.860 rows=1096 loops=3)
                                                                      Filter: ((d_year >= 2000) AND (d_year <= 2002))
                                                                      Rows Removed by Filter: 71953
                                                    ->  Index Scan using pk_item on item iws  (cost=0.29..0.31 rows=1 width=20) (actual time=0.002..0.002 rows=1 loops=428783)
                                                          Index Cond: (i_item_sk = web_sales_1.ws_item_sk)
  CTE avg_sales
    ->  Finalize Aggregate  (cost=179223.10..179223.11 rows=1 width=8) (actual time=647.837..647.948 rows=1 loops=1)
          ->  Gather  (cost=179222.88..179223.09 rows=2 width=32) (actual time=647.711..647.942 rows=3 loops=1)
                Workers Planned: 2
                Workers Launched: 2
                ->  Partial Aggregate  (cost=178222.88..178222.89 rows=1 width=32) (actual time=642.665..642.669 rows=1 loops=3)
                      ->  Parallel Append  (cost=0.43..177996.30 rows=30211 width=12) (actual time=11.921..571.691 rows=978606 loops=3)
                            ->  Nested Loop  (cost=0.43..53687.92 rows=21174 width=12) (actual time=9.088..423.264 rows=858921 loops=1)
                                  ->  Seq Scan on date_dim date_dim_3  (cost=0.00..2500.73 rows=1081 width=8) (actual time=8.973..14.597 rows=1096 loops=1)
                                        Filter: ((d_year >= 2000) AND (d_year <= 2002))
                                        Rows Removed by Filter: 71953
                                  ->  Index Scan using i_cs_sold_date_sk on catalog_sales catalog_sales_2  (cost=0.43..39.53 rows=782 width=20) (actual time=0.004..0.219 rows=784 loops=1096)
                                        Index Cond: (cs_sold_date_sk = date_dim_3.d_date_sk)
                            ->  Hash Join  (cost=2514.25..90785.67 rows=16953 width=12) (actual time=11.426..300.468 rows=549372 loops=3)
                                  Hash Cond: (store_sales_2.ss_sold_date_sk = date_dim_4.d_date_sk)
                                  ->  Parallel Seq Scan on store_sales store_sales_2  (cost=0.00..85123.48 rows=1199148 width=20) (actual time=0.010..110.789 rows=959309 loops=3)
                                  ->  Hash  (cost=2500.73..2500.73 rows=1081 width=8) (actual time=11.316..11.316 rows=1096 loops=3)
                                        Buckets: 2048  Batches: 1  Memory Usage: 59kB
                                        ->  Seq Scan on date_dim date_dim_4  (cost=0.00..2500.73 rows=1081 width=8) (actual time=5.478..11.173 rows=1096 loops=3)
                                              Filter: ((d_year >= 2000) AND (d_year <= 2002))
                                              Rows Removed by Filter: 71953
                            ->  Hash Join  (cost=2514.25..32946.03 rows=4436 width=12) (actual time=8.825..217.110 rows=428783 loops=1)
                                  Hash Cond: (web_sales_2.ws_sold_date_sk = date_dim_5.d_date_sk)
                                  ->  Parallel Seq Scan on web_sales web_sales_2  (cost=0.00..29644.81 rows=299781 width=20) (actual time=0.003..61.452 rows=719474 loops=1)
                                  ->  Hash  (cost=2500.73..2500.73 rows=1081 width=8) (actual time=8.810..8.811 rows=1096 loops=1)
                                        Buckets: 2048  Batches: 1  Memory Usage: 59kB
                                        ->  Seq Scan on date_dim date_dim_5  (cost=0.00..2500.73 rows=1081 width=8) (actual time=4.112..8.691 rows=1096 loops=1)
                                              Filter: ((d_year >= 2000) AND (d_year <= 2002))
                                              Rows Removed by Filter: 71953
  ->  GroupAggregate  (cost=124.68..124.89 rows=13 width=84) (actual time=14311.776..14311.851 rows=100 loops=1)
        Group Key: ('store'::text), item.i_brand_id, item.i_class_id, item.i_category_id
        Group Key: ('store'::text), item.i_brand_id, item.i_class_id
        Group Key: ('store'::text), item.i_brand_id
        Group Key: ('store'::text)
        Group Key: ()
        ->  Sort  (cost=124.68..124.69 rows=3 width=60) (actual time=14311.767..14311.782 rows=72 loops=1)
              Sort Key: ('store'::text), item.i_brand_id, item.i_class_id, item.i_category_id
              Sort Method: quicksort  Memory: 1227kB
              ->  Append  (cost=67.75..124.66 rows=3 width=60) (actual time=9072.662..14302.610 rows=11096 loops=1)
                    ->  GroupAggregate  (cost=67.75..67.78 rows=1 width=60) (actual time=9072.661..9090.250 rows=4024 loops=1)
                          Group Key: item.i_brand_id, item.i_class_id, item.i_category_id
                          Filter: (sum(((store_sales.ss_quantity)::double precision * store_sales.ss_list_price)) > $8)
                          Rows Removed by Filter: 6
                          InitPlan 3 (returns $8)
                            ->  CTE Scan on avg_sales  (cost=0.00..0.02 rows=1 width=8) (actual time=647.841..647.841 rows=1 loops=1)
                          ->  Sort  (cost=67.73..67.73 rows=1 width=24) (actual time=8424.772..8429.373 rows=89250 loops=1)
                                Sort Key: item.i_brand_id, item.i_class_id, item.i_category_id
                                Sort Method: quicksort  Memory: 8634kB
                                ->  Nested Loop  (cost=1.03..67.72 rows=1 width=24) (actual time=1901.035..8390.976 rows=89250 loops=1)
                                      ->  Nested Loop  (cost=0.74..12.80 rows=174 width=32) (actual time=1901.004..4839.346 rows=2839698 loops=1)
                                            ->  Nested Loop  (cost=0.31..2.54 rows=1 width=28) (actual time=1900.979..1955.181 rows=17718 loops=1)
                                                  ->  HashAggregate  (cost=0.02..0.03 rows=1 width=8) (actual time=1900.969..1906.327 rows=17718 loops=1)
                                                        Group Key: cross_items.ss_item_sk
                                                        Batches: 1  Memory Usage: 1833kB
                                                        ->  CTE Scan on cross_items  (cost=0.00..0.02 rows=1 width=8) (actual time=1883.225..1895.843 rows=17718 loops=1)
                                                  ->  Index Scan using pk_item on item  (cost=0.29..2.51 rows=1 width=20) (actual time=0.002..0.002 rows=1 loops=17718)
                                                        Index Cond: (i_item_sk = cross_items.ss_item_sk)
                                            ->  Index Scan using pk_store_sales on store_sales  (cost=0.43..8.52 rows=174 width=28) (actual time=0.005..0.139 rows=160 loops=17718)
                                                  Index Cond: (ss_item_sk = item.i_item_sk)
                                      ->  Index Scan using pk_date_dim on date_dim  (cost=0.29..0.32 rows=1 width=8) (actual time=0.001..0.001 rows=0 loops=2839698)
                                            Index Cond: (d_date_sk = store_sales.ss_sold_date_sk)
                                            Filter: ((d_year = 2002) AND (d_moy = 11))
                                            Rows Removed by Filter: 1
                    ->  GroupAggregate  (cost=36.80..36.84 rows=1 width=60) (actual time=3462.082..3471.439 rows=3888 loops=1)
                          Group Key: item_1.i_brand_id, item_1.i_class_id, item_1.i_category_id
                          Filter: (sum(((catalog_sales.cs_quantity)::double precision * catalog_sales.cs_list_price)) > $9)
                          Rows Removed by Filter: 127
                          InitPlan 4 (returns $9)
                            ->  CTE Scan on avg_sales avg_sales_1  (cost=0.00..0.02 rows=1 width=8) (actual time=0.001..0.002 rows=1 loops=1)
                          ->  Sort  (cost=36.78..36.79 rows=1 width=24) (actual time=3462.052..3464.067 rows=46543 loops=1)
                                Sort Key: item_1.i_brand_id, item_1.i_class_id, item_1.i_category_id
                                Sort Method: quicksort  Memory: 4444kB
                                ->  Nested Loop  (cost=1.03..36.77 rows=1 width=24) (actual time=5.615..3444.907 rows=46543 loops=1)
                                      ->  Nested Loop  (cost=0.74..8.95 rows=88 width=32) (actual time=5.131..1618.224 rows=1420432 loops=1)
                                            ->  Nested Loop  (cost=0.31..2.54 rows=1 width=28) (actual time=5.117..53.407 rows=17718 loops=1)
                                                  ->  HashAggregate  (cost=0.02..0.03 rows=1 width=8) (actual time=5.098..9.923 rows=17718 loops=1)
                                                        Group Key: cross_items_1.ss_item_sk
                                                        Batches: 1  Memory Usage: 1833kB
                                                        ->  CTE Scan on cross_items cross_items_1  (cost=0.00..0.02 rows=1 width=8) (actual time=0.001..1.095 rows=17718 loops=1)
                                                  ->  Index Scan using pk_item on item item_1  (cost=0.29..2.51 rows=1 width=20) (actual time=0.002..0.002 rows=1 loops=17718)
                                                        Index Cond: (i_item_sk = cross_items_1.ss_item_sk)
                                            ->  Index Scan using pk_catalog_sales on catalog_sales  (cost=0.43..5.53 rows=88 width=28) (actual time=0.005..0.076 rows=80 loops=17718)
                                                  Index Cond: (cs_item_sk = item_1.i_item_sk)
                                      ->  Index Scan using pk_date_dim on date_dim date_dim_1  (cost=0.29..0.32 rows=1 width=8) (actual time=0.001..0.001 rows=0 loops=1420432)
                                            Index Cond: (d_date_sk = catalog_sales.cs_sold_date_sk)
                                            Filter: ((d_year = 2002) AND (d_moy = 11))
                                            Rows Removed by Filter: 1
                    ->  GroupAggregate  (cost=19.95..19.99 rows=1 width=60) (actual time=1735.336..1740.259 rows=3184 loops=1)
                          Group Key: item_2.i_brand_id, item_2.i_class_id, item_2.i_category_id
                          Filter: (sum(((web_sales.ws_quantity)::double precision * web_sales.ws_list_price)) > $10)
                          Rows Removed by Filter: 562
                          InitPlan 5 (returns $10)
                            ->  CTE Scan on avg_sales avg_sales_2  (cost=0.00..0.02 rows=1 width=8) (actual time=0.001..0.002 rows=1 loops=1)
                          ->  Sort  (cost=19.93..19.94 rows=1 width=24) (actual time=1735.313..1736.230 rows=22124 loops=1)
                                Sort Key: item_2.i_brand_id, item_2.i_class_id, item_2.i_category_id
                                Sort Method: quicksort  Memory: 2151kB
                                ->  Nested Loop  (cost=1.03..19.92 rows=1 width=24) (actual time=5.813..1726.866 rows=22124 loops=1)
                                      ->  Nested Loop  (cost=0.73..5.95 rows=44 width=32) (actual time=5.687..800.700 rows=709822 loops=1)
                                            ->  Nested Loop  (cost=0.31..2.54 rows=1 width=28) (actual time=5.676..49.617 rows=17718 loops=1)
                                                  ->  HashAggregate  (cost=0.02..0.03 rows=1 width=8) (actual time=5.668..10.431 rows=17718 loops=1)
                                                        Group Key: cross_items_2.ss_item_sk
                                                        Batches: 1  Memory Usage: 1833kB
                                                        ->  CTE Scan on cross_items cross_items_2  (cost=0.00..0.02 rows=1 width=8) (actual time=0.001..1.096 rows=17718 loops=1)
                                                  ->  Index Scan using pk_item on item item_2  (cost=0.29..2.51 rows=1 width=20) (actual time=0.002..0.002 rows=1 loops=17718)
                                                        Index Cond: (i_item_sk = cross_items_2.ss_item_sk)
                                            ->  Index Scan using pk_web_sales on web_sales  (cost=0.42..2.98 rows=44 width=28) (actual time=0.004..0.036 rows=40 loops=17718)
                                                  Index Cond: (ws_item_sk = item_2.i_item_sk)
                                      ->  Index Scan using pk_date_dim on date_dim date_dim_2  (cost=0.29..0.32 rows=1 width=8) (actual time=0.001..0.001 rows=0 loops=709822)
                                            Index Cond: (d_date_sk = web_sales.ws_sold_date_sk)
                                            Filter: ((d_year = 2002) AND (d_moy = 11))
                                            Rows Removed by Filter: 1
 channel | i_brand_id | i_class_id | i_category_id |        sum         | sum 
---------+------------+------------+---------------+--------------------+-----
 catalog |    1001001 |          1 |             1 | 385606.46000000014 | 103
 catalog |    1001001 |          1 |             2 |           66094.94 |  12
 catalog |    1001001 |          1 |             3 |  79558.50000000001 |  25
 catalog |    1001001 |          1 |             4 | 15661.820000000002 |   5
 catalog |    1001001 |          1 |             6 | 11009.210000000001 |   3
 catalog |    1001001 |          1 |             7 | 149834.87000000002 |  31
 catalog |    1001001 |          1 |             8 | 104312.71000000002 |  25
 catalog |    1001001 |          1 |             9 |           15037.85 |   4
 catalog |    1001001 |          1 |            10 | 102303.31999999998 |  26
 catalog |    1001001 |          1 |               |  929419.6799999999 | 234
 catalog |    1001001 |          2 |             1 |           80764.49 |  19
 catalog |    1001001 |          2 |             3 |           51114.15 |   7
 catalog |    1001001 |          2 |             9 |           18456.54 |   4
 catalog |    1001001 |          2 |            10 |  54085.96000000001 |   8
 catalog |    1001001 |          2 |               |          204421.14 |  38
 catalog |    1001001 |          3 |             1 |  80871.07999999997 |  18
 catalog |    1001001 |          3 |             2 |           33005.59 |   4
 catalog |    1001001 |          3 |             8 |           22985.21 |   5
 catalog |    1001001 |          3 |               | 136861.87999999998 |  27
 catalog |    1001001 |          4 |             1 |           77467.83 |  15
 catalog |    1001001 |          4 |             2 | 16075.650000000001 |   4
 catalog |    1001001 |          4 |             3 | 36122.049999999996 |   6
 catalog |    1001001 |          4 |             4 | 47279.229999999996 |  10
 catalog |    1001001 |          4 |             5 |           84961.32 |  14
 catalog |    1001001 |          4 |               | 261906.08000000002 |  49
 catalog |    1001001 |          5 |             1 |            61996.1 |   9
 catalog |    1001001 |          5 |             9 | 15864.529999999999 |   4
 catalog |    1001001 |          5 |               |           77860.63 |  13
 catalog |    1001001 |          7 |             1 | 59883.350000000006 |  10
 catalog |    1001001 |          7 |             6 |           46465.39 |  12
 catalog |    1001001 |          7 |               |          106348.74 |  22
 catalog |    1001001 |          8 |             1 |           42337.85 |  12
 catalog |    1001001 |          8 |             7 |             5338.1 |   2
 catalog |    1001001 |          8 |               |           47675.95 |  14
 catalog |    1001001 |          9 |             1 |  65382.25000000001 |   7
 catalog |    1001001 |          9 |               |  65382.25000000001 |   7
 catalog |    1001001 |         10 |             6 |  6827.950000000001 |   4
 catalog |    1001001 |         10 |               |  6827.950000000001 |   4
 catalog |    1001001 |         11 |            10 | 13498.189999999999 |   5
 catalog |    1001001 |         11 |               | 13498.189999999999 |   5
 catalog |    1001001 |         12 |             1 |          144150.08 |  25
 catalog |    1001001 |         12 |             7 |           24089.82 |   4
 catalog |    1001001 |         12 |               |           168239.9 |  29
 catalog |    1001001 |         13 |             1 |           18277.29 |   3
 catalog |    1001001 |         13 |            10 |  33033.86000000001 |   6
 catalog |    1001001 |         13 |               |  51311.15000000001 |   9
 catalog |    1001001 |         15 |             1 |            6819.93 |   2
 catalog |    1001001 |         15 |               |            6819.93 |   2
 catalog |    1001001 |            |               | 2076573.4700000004 | 453
 catalog |    1001002 |          1 |             1 | 2512327.3199999994 | 497
 catalog |    1001002 |          1 |             3 |  51078.76000000001 |   7
 catalog |    1001002 |          1 |             5 |           42910.22 |   5
 catalog |    1001002 |          1 |             7 |  41120.42999999999 |   7
 catalog |    1001002 |          1 |             8 |            8827.75 |   2
 catalog |    1001002 |          1 |             9 |           16701.05 |   5
 catalog |    1001002 |          1 |               | 2672965.5299999993 | 523
 catalog |    1001002 |          3 |             1 | 180796.87000000005 |  39
 catalog |    1001002 |          3 |             3 | 41966.840000000004 |   9
 catalog |    1001002 |          3 |             5 |           23482.21 |   6
 catalog |    1001002 |          3 |               | 246245.92000000004 |  54
 catalog |    1001002 |          4 |             1 | 14410.220000000001 |   3
 catalog |    1001002 |          4 |             2 |           27749.47 |   6
 catalog |    1001002 |          4 |             6 | 30503.409999999996 |   5
 catalog |    1001002 |          4 |               |            72663.1 |  14
 catalog |    1001002 |          6 |             1 | 27755.419999999995 |   4
 catalog |    1001002 |          6 |               | 27755.419999999995 |   4
 catalog |    1001002 |          8 |             1 | 32554.380000000005 |   5
 catalog |    1001002 |          8 |               | 32554.380000000005 |   5
 catalog |    1001002 |          9 |             7 |             4917.4 |   2
 catalog |    1001002 |          9 |               |             4917.4 |   2
 catalog |    1001002 |         10 |             9 |           34553.24 |   7
 catalog |    1001002 |         10 |               |           34553.24 |   7
 catalog |    1001002 |         11 |             1 | 15330.670000000002 |   2
 catalog |    1001002 |         11 |               | 15330.670000000002 |   2
 catalog |    1001002 |         12 |             1 |           36887.98 |   9
 catalog |    1001002 |         12 |               |           36887.98 |   9
 catalog |    1001002 |         13 |             6 |            33044.5 |   5
 catalog |    1001002 |         13 |             9 | 47785.729999999996 |   8
 catalog |    1001002 |         13 |               |           80830.23 |  13
 catalog |    1001002 |         14 |             6 |           33625.42 |   6
 catalog |    1001002 |         14 |               |           33625.42 |   6
 catalog |    1001002 |         15 |             1 |            29136.3 |   7
 catalog |    1001002 |         15 |               |            29136.3 |   7
 catalog |    1001002 |         16 |             1 |            38232.5 |   6
 catalog |    1001002 |         16 |               |            38232.5 |   6
 catalog |    1001002 |            |               | 3325698.0899999994 | 652
 catalog |    1002001 |          1 |             1 |  87435.70000000001 |  12
 catalog |    1002001 |          1 |             3 | 17787.600000000002 |   4
 catalog |    1002001 |          1 |             4 |            8286.87 |   5
 catalog |    1002001 |          1 |             5 | 24824.449999999997 |   7
 catalog |    1002001 |          1 |               |          138334.62 |  28
 catalog |    1002001 |          2 |             1 |  464083.1800000001 |  96
 catalog |    1002001 |          2 |             2 | 28091.170000000002 |  10
 catalog |    1002001 |          2 |             3 | 27703.229999999996 |   7
 catalog |    1002001 |          2 |             4 | 132262.87999999998 |  27
 catalog |    1002001 |          2 |             5 | 40391.340000000004 |  10
 catalog |    1002001 |          2 |             6 |           77355.88 |  20
 catalog |    1002001 |          2 |             7 | 112384.00000000001 |  25
 catalog |    1002001 |          2 |             8 |           84824.33 |   9
 catalog |    1002001 |          2 |             9 |           74344.21 |  14
(100 rows)

with  cross_items as
 (select i_item_sk ss_item_sk
 from item,
 (select iss.i_brand_id brand_id
     ,iss.i_class_id class_id
     ,iss.i_category_id category_id
 from store_sales
     ,item iss
     ,date_dim d1
 where ss_item_sk = iss.i_item_sk
   and ss_sold_date_sk = d1.d_date_sk
   and d1.d_year between 2000 AND 2000 + 2
 intersect
 select ics.i_brand_id
     ,ics.i_class_id
     ,ics.i_category_id
 from catalog_sales
     ,item ics
     ,date_dim d2
 where cs_item_sk = ics.i_item_sk
   and cs_sold_date_sk = d2.d_date_sk
   and d2.d_year between 2000 AND 2000 + 2
 intersect
 select iws.i_brand_id
     ,iws.i_class_id
     ,iws.i_category_id
 from web_sales
     ,item iws
     ,date_dim d3
 where ws_item_sk = iws.i_item_sk
   and ws_sold_date_sk = d3.d_date_sk
   and d3.d_year between 2000 AND 2000 + 2) x
 where i_brand_id = brand_id
      and i_class_id = class_id
      and i_category_id = category_id
),
 avg_sales as
(select avg(quantity*list_price) average_sales
  from (select ss_quantity quantity
             ,ss_list_price list_price
       from store_sales
           ,date_dim
       where ss_sold_date_sk = d_date_sk
         and d_year between 2000 and 2000 + 2
       union all
       select cs_quantity quantity
             ,cs_list_price list_price
       from catalog_sales
           ,date_dim
       where cs_sold_date_sk = d_date_sk
         and d_year between 2000 and 2000 + 2
       union all
       select ws_quantity quantity
             ,ws_list_price list_price
       from web_sales
           ,date_dim
       where ws_sold_date_sk = d_date_sk
         and d_year between 2000 and 2000 + 2) x)
  select  this_year.channel ty_channel
                           ,this_year.i_brand_id ty_brand
                           ,this_year.i_class_id ty_class
                           ,this_year.i_category_id ty_category
                           ,this_year.sales ty_sales
                           ,this_year.number_sales ty_number_sales
                           ,last_year.channel ly_channel
                           ,last_year.i_brand_id ly_brand
                           ,last_year.i_class_id ly_class
                           ,last_year.i_category_id ly_category
                           ,last_year.sales ly_sales
                           ,last_year.number_sales ly_number_sales 
 from
 (select 'store' channel, i_brand_id,i_class_id,i_category_id
        ,sum(ss_quantity*ss_list_price) sales, count(*) number_sales
 from store_sales 
     ,item
     ,date_dim
 where ss_item_sk in (select ss_item_sk from cross_items)
   and ss_item_sk = i_item_sk
   and ss_sold_date_sk = d_date_sk
   and d_week_seq = (select d_week_seq
                     from date_dim
                     where d_year = 2000 + 1
                       and d_moy = 12
                       and d_dom = 5)
 group by i_brand_id,i_class_id,i_category_id
 having sum(ss_quantity*ss_list_price) > (select average_sales from avg_sales)) this_year,
 (select 'store' channel, i_brand_id,i_class_id
        ,i_category_id, sum(ss_quantity*ss_list_price) sales, count(*) number_sales
 from store_sales
     ,item
     ,date_dim
 where ss_item_sk in (select ss_item_sk from cross_items)
   and ss_item_sk = i_item_sk
   and ss_sold_date_sk = d_date_sk
   and d_week_seq = (select d_week_seq
                     from date_dim
                     where d_year = 2000
                       and d_moy = 12
                       and d_dom = 5)
 group by i_brand_id,i_class_id,i_category_id
 having sum(ss_quantity*ss_list_price) > (select average_sales from avg_sales)) last_year
 where this_year.i_brand_id= last_year.i_brand_id
   and this_year.i_class_id = last_year.i_class_id
   and this_year.i_category_id = last_year.i_category_id
 order by this_year.channel, this_year.i_brand_id, this_year.i_class_id, this_year.i_category_id
 limit 100;
psql:/tmp/s1-basline/throughput/query_1.sql:1580: NOTICE:  duration: 24208.368 ms  plan:
Query Text: with  cross_items as
 (select i_item_sk ss_item_sk
 from item,
 (select iss.i_brand_id brand_id
     ,iss.i_class_id class_id
     ,iss.i_category_id category_id
 from store_sales
     ,item iss
     ,date_dim d1
 where ss_item_sk = iss.i_item_sk
   and ss_sold_date_sk = d1.d_date_sk
   and d1.d_year between 2000 AND 2000 + 2
 intersect
 select ics.i_brand_id
     ,ics.i_class_id
     ,ics.i_category_id
 from catalog_sales
     ,item ics
     ,date_dim d2
 where cs_item_sk = ics.i_item_sk
   and cs_sold_date_sk = d2.d_date_sk
   and d2.d_year between 2000 AND 2000 + 2
 intersect
 select iws.i_brand_id
     ,iws.i_class_id
     ,iws.i_category_id
 from web_sales
     ,item iws
     ,date_dim d3
 where ws_item_sk = iws.i_item_sk
   and ws_sold_date_sk = d3.d_date_sk
   and d3.d_year between 2000 AND 2000 + 2) x
 where i_brand_id = brand_id
      and i_class_id = class_id
      and i_category_id = category_id
),
 avg_sales as
(select avg(quantity*list_price) average_sales
  from (select ss_quantity quantity
             ,ss_list_price list_price
       from store_sales
           ,date_dim
       where ss_sold_date_sk = d_date_sk
         and d_year between 2000 and 2000 + 2
       union all
       select cs_quantity quantity
             ,cs_list_price list_price
       from catalog_sales
           ,date_dim
       where cs_sold_date_sk = d_date_sk
         and d_year between 2000 and 2000 + 2
       union all
       select ws_quantity quantity
             ,ws_list_price list_price
       from web_sales
           ,date_dim
       where ws_sold_date_sk = d_date_sk
         and d_year between 2000 and 2000 + 2) x)
  select  this_year.channel ty_channel
                           ,this_year.i_brand_id ty_brand
                           ,this_year.i_class_id ty_class
                           ,this_year.i_category_id ty_category
                           ,this_year.sales ty_sales
                           ,this_year.number_sales ty_number_sales
                           ,last_year.channel ly_channel
                           ,last_year.i_brand_id ly_brand
                           ,last_year.i_class_id ly_class
                           ,last_year.i_category_id ly_category
                           ,last_year.sales ly_sales
                           ,last_year.number_sales ly_number_sales 
 from
 (select 'store' channel, i_brand_id,i_class_id,i_category_id
        ,sum(ss_quantity*ss_list_price) sales, count(*) number_sales
 from store_sales 
     ,item
     ,date_dim
 where ss_item_sk in (select ss_item_sk from cross_items)
   and ss_item_sk = i_item_sk
   and ss_sold_date_sk = d_date_sk
   and d_week_seq = (select d_week_seq
                     from date_dim
                     where d_year = 2000 + 1
                       and d_moy = 12
                       and d_dom = 5)
 group by i_brand_id,i_class_id,i_category_id
 having sum(ss_quantity*ss_list_price) > (select average_sales from avg_sales)) this_year,
 (select 'store' channel, i_brand_id,i_class_id
        ,i_category_id, sum(ss_quantity*ss_list_price) sales, count(*) number_sales
 from store_sales
     ,item
     ,date_dim
 where ss_item_sk in (select ss_item_sk from cross_items)
   and ss_item_sk = i_item_sk
   and ss_sold_date_sk = d_date_sk
   and d_week_seq = (select d_week_seq
                     from date_dim
                     where d_year = 2000
                       and d_moy = 12
                       and d_dom = 5)
 group by i_brand_id,i_class_id,i_category_id
 having sum(ss_quantity*ss_list_price) > (select average_sales from avg_sales)) last_year
 where this_year.i_brand_id= last_year.i_brand_id
   and this_year.i_class_id = last_year.i_class_id
   and this_year.i_category_id = last_year.i_category_id
 order by this_year.channel, this_year.i_brand_id, this_year.i_class_id, this_year.i_category_id
 limit 100;
Limit  (cost=377360.69..377360.70 rows=1 width=120) (actual time=24207.903..24208.255 rows=100 loops=1)
  CTE cross_items
    ->  Hash Join  (cost=191058.37..192636.12 rows=1 width=8) (actual time=1860.105..1869.029 rows=17718 loops=1)
          Hash Cond: ((item_2.i_brand_id = x.brand_id) AND (item_2.i_class_id = x.class_id) AND (item_2.i_category_id = x.category_id))
          ->  Seq Scan on item item_2  (cost=0.00..1436.00 rows=18000 width=20) (actual time=0.004..1.576 rows=18000 loops=1)
          ->  Hash  (cost=191026.87..191026.87 rows=1800 width=12) (actual time=1860.095..1860.335 rows=5345 loops=1)
                Buckets: 8192 (originally 2048)  Batches: 1 (originally 1)  Memory Usage: 294kB
                ->  Subquery Scan on x  (cost=5175.25..191026.87 rows=1800 width=12) (actual time=1858.529..1859.483 rows=5394 loops=1)
                      ->  HashSetOp Intersect  (cost=5175.25..191008.87 rows=1800 width=16) (actual time=1858.528..1858.987 rows=5394 loops=1)
                            ->  Append  (cost=5175.25..190915.52 rows=12446 width=16) (actual time=1379.297..1792.501 rows=434182 loops=1)
                                  ->  Result  (cost=5175.25..154374.39 rows=1800 width=16) (actual time=1379.296..1380.205 rows=5399 loops=1)
                                        ->  HashSetOp Intersect  (cost=5175.25..154356.39 rows=1800 width=16) (actual time=1379.295..1379.706 rows=5399 loops=1)
                                              ->  Append  (cost=5175.25..153892.42 rows=61862 width=16) (actual time=18.618..1019.931 rows=2507036 loops=1)
                                                    ->  Subquery Scan on "*SELECT* 1"  (cost=5175.25..97966.87 rows=40688 width=16) (actual time=18.618..364.008 rows=1648115 loops=1)
                                                          ->  Gather  (cost=5175.25..97559.99 rows=40688 width=12) (actual time=18.617..212.084 rows=1648115 loops=1)
                                                                Workers Planned: 2
                                                                Workers Launched: 2
                                                                ->  Hash Join  (cost=4175.25..92491.19 rows=16953 width=12) (actual time=28.710..432.056 rows=549372 loops=3)
                                                                      Hash Cond: (store_sales_2.ss_item_sk = iss.i_item_sk)
                                                                      ->  Hash Join  (cost=2514.25..90785.67 rows=16953 width=8) (actual time=12.541..298.256 rows=549372 loops=3)
                                                                            Hash Cond: (store_sales_2.ss_sold_date_sk = d1.d_date_sk)
                                                                            ->  Parallel Seq Scan on store_sales store_sales_2  (cost=0.00..85123.48 rows=1199148 width=16) (actual time=0.010..129.337 rows=959309 loops=3)
                                                                            ->  Hash  (cost=2500.73..2500.73 rows=1081 width=8) (actual time=12.513..12.514 rows=1096 loops=3)
                                                                                  Buckets: 2048  Batches: 1  Memory Usage: 59kB
                                                                                  ->  Seq Scan on date_dim d1  (cost=0.00..2500.73 rows=1081 width=8) (actual time=5.759..12.373 rows=1096 loops=3)
                                                                                        Filter: ((d_year >= 2000) AND (d_year <= 2002))
                                                                                        Rows Removed by Filter: 71953
                                                                      ->  Hash  (cost=1436.00..1436.00 rows=18000 width=20) (actual time=15.908..15.908 rows=18000 loops=3)
                                                                            Buckets: 32768  Batches: 1  Memory Usage: 1240kB
                                                                            ->  Seq Scan on item iss  (cost=0.00..1436.00 rows=18000 width=20) (actual time=0.024..12.909 rows=18000 loops=3)
                                                    ->  Subquery Scan on "*SELECT* 2"  (cost=1661.43..55616.25 rows=21174 width=16) (actual time=13.430..507.782 rows=858921 loops=1)
                                                          ->  Hash Join  (cost=1661.43..55404.51 rows=21174 width=12) (actual time=13.430..441.747 rows=858921 loops=1)
                                                                Hash Cond: (catalog_sales.cs_item_sk = ics.i_item_sk)
                                                                ->  Nested Loop  (cost=0.43..53687.92 rows=21174 width=8) (actual time=4.201..282.770 rows=858921 loops=1)
                                                                      ->  Seq Scan on date_dim d2  (cost=0.00..2500.73 rows=1081 width=8) (actual time=4.178..9.464 rows=1096 loops=1)
                                                                            Filter: ((d_year >= 2000) AND (d_year <= 2002))
                                                                            Rows Removed by Filter: 71953
                                                                      ->  Index Scan using i_cs_sold_date_sk on catalog_sales  (cost=0.43..39.53 rows=782 width=16) (actual time=0.004..0.129 rows=784 loops=1096)
                                                                            Index Cond: (cs_sold_date_sk = d2.d_date_sk)
                                                                ->  Hash  (cost=1436.00..1436.00 rows=18000 width=20) (actual time=9.193..9.194 rows=18000 loops=1)
                                                                      Buckets: 32768  Batches: 1  Memory Usage: 1240kB
                                                                      ->  Seq Scan on item ics  (cost=0.00..1436.00 rows=18000 width=20) (actual time=0.003..6.594 rows=18000 loops=1)
                                  ->  Subquery Scan on "*SELECT* 3"  (cost=3514.53..36478.90 rows=10646 width=16) (actual time=8.867..386.514 rows=428783 loops=1)
                                        ->  Gather  (cost=3514.53..36372.44 rows=10646 width=12) (actual time=8.867..345.812 rows=428783 loops=1)
                                              Workers Planned: 2
                                              Workers Launched: 2
                                              ->  Nested Loop  (cost=2514.53..34307.84 rows=4436 width=12) (actual time=14.484..401.997 rows=142928 loops=3)
                                                    ->  Hash Join  (cost=2514.25..32946.03 rows=4436 width=8) (actual time=14.434..120.563 rows=142928 loops=3)
                                                          Hash Cond: (web_sales.ws_sold_date_sk = d3.d_date_sk)
                                                          ->  Parallel Seq Scan on web_sales  (cost=0.00..29644.81 rows=299781 width=16) (actual time=0.017..52.287 rows=239825 loops=3)
                                                          ->  Hash  (cost=2500.73..2500.73 rows=1081 width=8) (actual time=14.302..14.303 rows=1096 loops=3)
                                                                Buckets: 2048  Batches: 1  Memory Usage: 59kB
                                                                ->  Seq Scan on date_dim d3  (cost=0.00..2500.73 rows=1081 width=8) (actual time=6.928..14.172 rows=1096 loops=3)
                                                                      Filter: ((d_year >= 2000) AND (d_year <= 2002))
                                                                      Rows Removed by Filter: 71953
                                                    ->  Index Scan using pk_item on item iws  (cost=0.29..0.31 rows=1 width=20) (actual time=0.002..0.002 rows=1 loops=428783)
                                                          Index Cond: (i_item_sk = web_sales.ws_item_sk)
  CTE avg_sales
    ->  Finalize Aggregate  (cost=179223.10..179223.11 rows=1 width=8) (actual time=635.808..635.901 rows=1 loops=1)
          ->  Gather  (cost=179222.88..179223.09 rows=2 width=32) (actual time=635.694..635.894 rows=3 loops=1)
                Workers Planned: 2
                Workers Launched: 2
                ->  Partial Aggregate  (cost=178222.88..178222.89 rows=1 width=32) (actual time=631.047..631.052 rows=1 loops=3)
                      ->  Parallel Append  (cost=0.43..177996.30 rows=30211 width=12) (actual time=11.429..560.121 rows=978606 loops=3)
                            ->  Nested Loop  (cost=0.43..53687.92 rows=21174 width=12) (actual time=8.888..408.021 rows=858921 loops=1)
                                  ->  Seq Scan on date_dim date_dim_2  (cost=0.00..2500.73 rows=1081 width=8) (actual time=8.788..14.312 rows=1096 loops=1)
                                        Filter: ((d_year >= 2000) AND (d_year <= 2002))
                                        Rows Removed by Filter: 71953
                                  ->  Index Scan using i_cs_sold_date_sk on catalog_sales catalog_sales_1  (cost=0.43..39.53 rows=782 width=20) (actual time=0.004..0.211 rows=784 loops=1096)
                                        Index Cond: (cs_sold_date_sk = date_dim_2.d_date_sk)
                            ->  Hash Join  (cost=2514.25..90785.67 rows=16953 width=12) (actual time=11.123..293.258 rows=549372 loops=3)
                                  Hash Cond: (store_sales_3.ss_sold_date_sk = date_dim_3.d_date_sk)
                                  ->  Parallel Seq Scan on store_sales store_sales_3  (cost=0.00..85123.48 rows=1199148 width=20) (actual time=0.012..108.994 rows=959309 loops=3)
                                  ->  Hash  (cost=2500.73..2500.73 rows=1081 width=8) (actual time=11.020..11.021 rows=1096 loops=3)
                                        Buckets: 2048  Batches: 1  Memory Usage: 59kB
                                        ->  Seq Scan on date_dim date_dim_3  (cost=0.00..2500.73 rows=1081 width=8) (actual time=5.160..10.888 rows=1096 loops=3)
                                              Filter: ((d_year >= 2000) AND (d_year <= 2002))
                                              Rows Removed by Filter: 71953
                            ->  Hash Join  (cost=2514.25..32946.03 rows=4436 width=12) (actual time=8.778..218.334 rows=428783 loops=1)
                                  Hash Cond: (web_sales_1.ws_sold_date_sk = date_dim_4.d_date_sk)
                                  ->  Parallel Seq Scan on web_sales web_sales_1  (cost=0.00..29644.81 rows=299781 width=20) (actual time=0.003..61.456 rows=719474 loops=1)
                                  ->  Hash  (cost=2500.73..2500.73 rows=1081 width=8) (actual time=8.765..8.766 rows=1096 loops=1)
                                        Buckets: 2048  Batches: 1  Memory Usage: 59kB
                                        ->  Seq Scan on date_dim date_dim_4  (cost=0.00..2500.73 rows=1081 width=8) (actual time=4.106..8.648 rows=1096 loops=1)
                                              Filter: ((d_year >= 2000) AND (d_year <= 2002))
                                              Rows Removed by Filter: 71953
  ->  Sort  (cost=5501.47..5501.47 rows=1 width=120) (actual time=24207.902..24207.911 rows=100 loops=1)
        Sort Key: ('store'::text), item.i_brand_id, item.i_class_id, item.i_category_id
        Sort Method: top-N heapsort  Memory: 39kB
        ->  Nested Loop  (cost=5501.35..5501.46 rows=1 width=120) (actual time=15360.939..24207.274 rows=1310 loops=1)
              Join Filter: ((item.i_brand_id = item_1.i_brand_id) AND (item.i_class_id = item_1.i_class_id) AND (item.i_category_id = item_1.i_category_id))
              Rows Removed by Join Filter: 3514273
              ->  GroupAggregate  (cost=2750.67..2750.71 rows=1 width=60) (actual time=8925.724..8931.506 rows=2569 loops=1)
                    Group Key: item.i_brand_id, item.i_class_id, item.i_category_id
                    Filter: (sum(((store_sales.ss_quantity)::double precision * store_sales.ss_list_price)) > $9)
                    Rows Removed by Filter: 741
                    InitPlan 3 (returns $8)
                      ->  Seq Scan on date_dim date_dim_5  (cost=0.00..2683.36 rows=1 width=4) (actual time=4.498..9.224 rows=1 loops=1)
                            Filter: ((d_year = 2001) AND (d_moy = 12) AND (d_dom = 5))
                            Rows Removed by Filter: 73048
                    InitPlan 4 (returns $9)
                      ->  CTE Scan on avg_sales  (cost=0.00..0.02 rows=1 width=8) (actual time=635.811..635.811 rows=1 loops=1)
                    ->  Sort  (cost=67.30..67.30 rows=1 width=24) (actual time=8289.900..8291.388 rows=21030 loops=1)
                          Sort Key: item.i_brand_id, item.i_class_id, item.i_category_id
                          Sort Method: quicksort  Memory: 2079kB
                          ->  Nested Loop  (cost=1.03..67.29 rows=1 width=24) (actual time=1885.475..8282.522 rows=21030 loops=1)
                                ->  Nested Loop  (cost=0.74..12.80 rows=174 width=32) (actual time=1875.731..4782.330 rows=2839698 loops=1)
                                      ->  Nested Loop  (cost=0.31..2.54 rows=1 width=28) (actual time=1875.718..1927.535 rows=17718 loops=1)
                                            ->  HashAggregate  (cost=0.02..0.03 rows=1 width=8) (actual time=1875.710..1880.838 rows=17718 loops=1)
                                                  Group Key: cross_items.ss_item_sk
                                                  Batches: 1  Memory Usage: 1833kB
                                                  ->  CTE Scan on cross_items  (cost=0.00..0.02 rows=1 width=8) (actual time=1860.107..1871.741 rows=17718 loops=1)
                                            ->  Index Scan using pk_item on item  (cost=0.29..2.51 rows=1 width=20) (actual time=0.002..0.002 rows=1 loops=17718)
                                                  Index Cond: (i_item_sk = cross_items.ss_item_sk)
                                      ->  Index Scan using pk_store_sales on store_sales  (cost=0.43..8.52 rows=174 width=28) (actual time=0.005..0.137 rows=160 loops=17718)
                                            Index Cond: (ss_item_sk = item.i_item_sk)
                                ->  Index Scan using pk_date_dim on date_dim  (cost=0.29..0.31 rows=1 width=8) (actual time=0.001..0.001 rows=0 loops=2839698)
                                      Index Cond: (d_date_sk = store_sales.ss_sold_date_sk)
                                      Filter: (d_week_seq = $8)
                                      Rows Removed by Filter: 1
              ->  GroupAggregate  (cost=2750.67..2750.71 rows=1 width=60) (actual time=2.534..5.881 rows=1368 loops=2569)
                    Group Key: item_1.i_brand_id, item_1.i_class_id, item_1.i_category_id
                    Filter: (sum(((store_sales_1.ss_quantity)::double precision * store_sales_1.ss_list_price)) > $11)
                    Rows Removed by Filter: 303
                    InitPlan 5 (returns $10)
                      ->  Seq Scan on date_dim date_dim_6  (cost=0.00..2683.36 rows=1 width=4) (actual time=4.461..9.183 rows=1 loops=1)
                            Filter: ((d_year = 2000) AND (d_moy = 12) AND (d_dom = 5))
                            Rows Removed by Filter: 73048
                    InitPlan 6 (returns $11)
                      ->  CTE Scan on avg_sales avg_sales_1  (cost=0.00..0.02 rows=1 width=8) (actual time=0.001..0.001 rows=1 loops=1)
                    ->  Sort  (cost=67.30..67.30 rows=1 width=24) (actual time=2.505..3.201 rows=16584 loops=2569)
                          Sort Key: item_1.i_brand_id, item_1.i_class_id, item_1.i_category_id
                          Sort Method: quicksort  Memory: 2065kB
                          ->  Nested Loop  (cost=1.03..67.29 rows=1 width=24) (actual time=14.228..6426.581 rows=20811 loops=1)
                                ->  Nested Loop  (cost=0.74..12.80 rows=174 width=32) (actual time=4.872..2931.141 rows=2839698 loops=1)
                                      ->  Nested Loop  (cost=0.31..2.54 rows=1 width=28) (actual time=4.860..55.044 rows=17718 loops=1)
                                            ->  HashAggregate  (cost=0.02..0.03 rows=1 width=8) (actual time=4.841..9.451 rows=17718 loops=1)
                                                  Group Key: cross_items_1.ss_item_sk
                                                  Batches: 1  Memory Usage: 1833kB
                                                  ->  CTE Scan on cross_items cross_items_1  (cost=0.00..0.02 rows=1 width=8) (actual time=0.001..1.070 rows=17718 loops=1)
                                            ->  Index Scan using pk_item on item item_1  (cost=0.29..2.51 rows=1 width=20) (actual time=0.002..0.002 rows=1 loops=17718)
                                                  Index Cond: (i_item_sk = cross_items_1.ss_item_sk)
                                      ->  Index Scan using pk_store_sales on store_sales store_sales_1  (cost=0.43..8.52 rows=174 width=28) (actual time=0.005..0.139 rows=160 loops=17718)
                                            Index Cond: (ss_item_sk = item_1.i_item_sk)
                                ->  Index Scan using pk_date_dim on date_dim date_dim_1  (cost=0.29..0.31 rows=1 width=8) (actual time=0.001..0.001 rows=0 loops=2839698)
                                      Index Cond: (d_date_sk = store_sales_1.ss_sold_date_sk)
                                      Filter: (d_week_seq = $10)
                                      Rows Removed by Filter: 1
 ty_channel | ty_brand | ty_class | ty_category |      ty_sales      | ty_number_sales | ly_channel | ly_brand | ly_class | ly_category |      ly_sales      | ly_number_sales 
------------+----------+----------+-------------+--------------------+-----------------+------------+----------+----------+-------------+--------------------+-----------------
 store      |  1001001 |        1 |           1 | 27284.010000000002 |               5 | store      |  1001001 |        1 |           1 |          606290.15 |             168
 store      |  1001001 |        1 |           2 |  49796.68000000001 |              18 | store      |  1001001 |        1 |           2 | 35579.619999999995 |              12
 store      |  1001001 |        1 |           3 |           34143.92 |               8 | store      |  1001001 |        1 |           3 |            8982.84 |               4
 store      |  1001001 |        1 |           4 | 31981.890000000003 |               9 | store      |  1001001 |        1 |           4 |           18119.64 |               5
 store      |  1001001 |        1 |           6 |           22879.02 |               6 | store      |  1001001 |        1 |           6 |           22524.18 |               6
 store      |  1001001 |        1 |           7 |           25261.23 |               6 | store      |  1001001 |        1 |           7 | 21034.649999999998 |               6
 store      |  1001001 |        1 |           8 |           39647.72 |              12 | store      |  1001001 |        1 |           8 | 35095.350000000006 |              10
 store      |  1001001 |        1 |           9 |           42166.72 |              14 | store      |  1001001 |        1 |           9 |           61386.99 |              14
 store      |  1001001 |        2 |           3 | 29021.300000000003 |               7 | store      |  1001001 |        2 |           3 |           14743.79 |               3
 store      |  1001001 |        3 |           7 |           12727.14 |               2 | store      |  1001001 |        3 |           7 |            9357.08 |               2
 store      |  1001001 |        4 |           1 | 23446.469999999998 |               5 | store      |  1001001 |        4 |           1 |           20408.02 |               7
 store      |  1001001 |        4 |           3 |  9683.560000000003 |               4 | store      |  1001001 |        4 |           3 |            11218.4 |               3
 store      |  1001001 |        8 |           7 |           14745.34 |               7 | store      |  1001001 |        8 |           7 |           11652.91 |               2
 store      |  1001001 |       10 |           6 |           16226.39 |               4 | store      |  1001001 |       10 |           6 | 15903.300000000001 |               3
 store      |  1001001 |       11 |           9 |            34492.5 |               6 | store      |  1001001 |       11 |           9 |            10074.5 |               2
 store      |  1001002 |        1 |           1 | 1112521.4499999993 |             265 | store      |  1001002 |        1 |           1 |  787891.1600000001 |             214
 store      |  1001002 |        2 |           1 |  56824.01000000001 |              13 | store      |  1001002 |        2 |           1 |           35734.36 |               9
 store      |  1001002 |        3 |           1 |           39958.67 |              14 | store      |  1001002 |        3 |           1 |           27548.11 |               6
 store      |  1001002 |        4 |           1 |           33139.54 |               7 | store      |  1001002 |        4 |           1 | 21287.870000000003 |               4
 store      |  1001002 |        7 |           1 |  9687.869999999999 |               5 | store      |  1001002 |        7 |           1 |            5492.37 |               3
 store      |  1001002 |       11 |           1 | 17880.239999999998 |               6 | store      |  1001002 |       11 |           1 |           10392.32 |               2
 store      |  1001002 |       14 |           1 |           34142.29 |              10 | store      |  1001002 |       14 |           1 |            8082.19 |               3
 store      |  1002001 |        1 |           2 |           19485.92 |               3 | store      |  1002001 |        1 |           2 |            9000.05 |               3
 store      |  1002001 |        2 |           1 |           45891.17 |              13 | store      |  1002001 |        2 |           1 |          476662.09 |             137
 store      |  1002001 |        2 |           3 |           23270.86 |               6 | store      |  1002001 |        2 |           3 |           34235.83 |              11
 store      |  1002001 |        2 |           4 |           78928.77 |              17 | store      |  1002001 |        2 |           4 |           23849.14 |               7
 store      |  1002001 |        2 |           5 |           11971.69 |               6 | store      |  1002001 |        2 |           5 |           33209.79 |               7
 store      |  1002001 |        2 |           7 |  8286.230000000001 |               4 | store      |  1002001 |        2 |           7 |           16719.43 |               6
 store      |  1002001 |        2 |           8 |           32996.33 |               6 | store      |  1002001 |        2 |           8 |           16080.16 |               4
 store      |  1002001 |        2 |          10 | 63838.799999999996 |              17 | store      |  1002001 |        2 |          10 | 57450.099999999984 |              14
 store      |  1002001 |        3 |           3 |            5402.41 |               3 | store      |  1002001 |        3 |           3 |            5100.45 |               2
 store      |  1002001 |        3 |           4 | 28884.299999999996 |               5 | store      |  1002001 |        3 |           4 | 17206.749999999996 |               4
 store      |  1002001 |        9 |           8 | 11744.000000000002 |               4 | store      |  1002001 |        9 |           8 |           11220.39 |               1
 store      |  1002001 |       13 |           6 |            4502.13 |               2 | store      |  1002001 |       13 |           6 |  6282.889999999999 |               3
 store      |  1002001 |       16 |           6 |           15011.51 |               6 | store      |  1002001 |       16 |           6 |            5389.61 |               3
 store      |  1002001 |       16 |           9 |             4817.4 |               1 | store      |  1002001 |       16 |           9 | 10410.389999999998 |               5
 store      |  1002002 |        2 |           1 |         1138195.91 |             306 | store      |  1002002 |        2 |           1 |  930201.9500000003 |             254
 store      |  1002002 |        3 |           1 |           44674.14 |               8 | store      |  1002002 |        3 |           1 |           42508.23 |               7
 store      |  1002002 |        6 |           1 |  8554.140000000001 |               1 | store      |  1002002 |        6 |           1 |           16053.26 |               3
 store      |  1002002 |        7 |           1 |  9022.859999999999 |               1 | store      |  1002002 |        7 |           1 |            39796.8 |               6
 store      |  1002002 |        9 |           1 |  6054.540000000001 |               1 | store      |  1002002 |        9 |           1 |            4870.16 |               2
 store      |  1002002 |       10 |           1 |           29107.55 |               7 | store      |  1002002 |       10 |           1 |              17295 |               3
 store      |  1002002 |       11 |           1 |              23081 |               6 | store      |  1002002 |       11 |           1 |            8986.21 |               3
 store      |  1002002 |       12 |           1 | 15321.559999999998 |               4 | store      |  1002002 |       12 |           1 |           36396.64 |               4
 store      |  1002002 |       15 |           1 |           15481.23 |               4 | store      |  1002002 |       15 |           1 |            5057.25 |               1
 store      |  1003001 |        1 |           7 |            9584.11 |               4 | store      |  1003001 |        1 |           7 |            7205.03 |               3
 store      |  1003001 |        1 |          10 |  8994.699999999999 |               1 | store      |  1003001 |        1 |          10 |           21935.91 |               5
 store      |  1003001 |        2 |           1 | 17530.800000000003 |               2 | store      |  1003001 |        2 |           1 |            16326.9 |               1
 store      |  1003001 |        2 |           4 |           27885.13 |               6 | store      |  1003001 |        2 |           4 |           62582.83 |              12
 store      |  1003001 |        3 |           1 |           78111.11 |              21 | store      |  1003001 |        3 |           1 |  913978.5000000001 |             214
 store      |  1003001 |        3 |           3 |  58515.57000000001 |              14 | store      |  1003001 |        3 |           3 | 15060.650000000001 |               2
 store      |  1003001 |        3 |           4 | 10911.720000000001 |               4 | store      |  1003001 |        3 |           4 | 12020.240000000002 |               2
 store      |  1003001 |        3 |           5 | 39095.090000000004 |               9 | store      |  1003001 |        3 |           5 | 18182.120000000003 |               5
 store      |  1003001 |        3 |           7 |           67450.17 |              18 | store      |  1003001 |        3 |           7 |  38984.81999999999 |               9
 store      |  1003001 |        3 |          10 |           26986.23 |               9 | store      |  1003001 |        3 |          10 |           24882.77 |               6
 store      |  1003001 |        4 |           9 | 7516.4800000000005 |               1 | store      |  1003001 |        4 |           9 | 7005.1900000000005 |               2
 store      |  1003001 |        5 |           6 |           15820.17 |               3 | store      |  1003001 |        5 |           6 |             5480.4 |               3
 store      |  1003001 |        5 |           9 | 13438.369999999999 |               3 | store      |  1003001 |        5 |           9 |            6961.21 |               1
 store      |  1003001 |        5 |          10 | 27642.519999999997 |               7 | store      |  1003001 |        5 |          10 |           12438.19 |               2
 store      |  1003001 |        6 |           6 |            13707.9 |               2 | store      |  1003001 |        6 |           6 |            8891.75 |               3
 store      |  1003001 |        7 |           8 |           11288.34 |               2 | store      |  1003001 |        7 |           8 |            8909.56 |               5
 store      |  1003001 |        7 |           9 |           33981.93 |               6 | store      |  1003001 |        7 |           9 |           12442.94 |               4
 store      |  1003001 |       10 |           9 | 11694.779999999999 |               1 | store      |  1003001 |       10 |           9 |            8076.57 |               2
 store      |  1003001 |       13 |           8 |             8092.5 |               3 | store      |  1003001 |       13 |           8 |            7813.55 |               1
 store      |  1003001 |       14 |           9 |           39708.76 |               9 | store      |  1003001 |       14 |           9 |  7935.900000000001 |               1
 store      |  1003002 |        1 |           1 | 64229.340000000004 |              18 | store      |  1003002 |        1 |           1 |            13692.8 |               6
 store      |  1003002 |        2 |           1 | 59439.409999999996 |              15 | store      |  1003002 |        2 |           1 | 26869.739999999994 |               7
 store      |  1003002 |        3 |           1 | 1148399.6899999992 |             290 | store      |  1003002 |        3 |           1 |   728755.489999999 |             218
 store      |  1003002 |        4 |           1 |           24063.37 |               9 | store      |  1003002 |        4 |           1 |           10489.82 |               6
 store      |  1003002 |        8 |           1 |            11925.1 |               5 | store      |  1003002 |        8 |           1 |            8982.49 |               3
 store      |  1003002 |       14 |           1 |           11377.92 |               4 | store      |  1003002 |       14 |           1 |           12071.09 |               2
 store      |  1003002 |       16 |           1 | 31524.429999999997 |               8 | store      |  1003002 |       16 |           1 |  6162.959999999999 |               3
 store      |  1004001 |        2 |           3 |            4934.88 |               2 | store      |  1004001 |        2 |           3 |           14089.73 |               4
 store      |  1004001 |        3 |           5 |           29971.35 |               6 | store      |  1004001 |        3 |           5 | 19149.789999999997 |               6
 store      |  1004001 |        3 |          10 |           22264.14 |               4 | store      |  1004001 |        3 |          10 | 12339.439999999999 |               4
 store      |  1004001 |        4 |           1 |           63025.35 |              19 | store      |  1004001 |        4 |           1 |  712138.7099999998 |             182
 store      |  1004001 |        4 |           2 | 13373.939999999999 |               6 | store      |  1004001 |        4 |           2 |           18247.02 |               8
 store      |  1004001 |        4 |           3 |           43683.25 |              14 | store      |  1004001 |        4 |           3 |           50760.49 |               8
 store      |  1004001 |        4 |           4 |  60659.23000000001 |              16 | store      |  1004001 |        4 |           4 |           75216.51 |              16
 store      |  1004001 |        4 |           6 |            38581.1 |               9 | store      |  1004001 |        4 |           6 |            17012.3 |               5
 store      |  1004001 |        4 |           7 |           53079.02 |              12 | store      |  1004001 |        4 |           7 | 56784.460000000014 |              11
 store      |  1004001 |        4 |           8 | 49327.060000000005 |              14 | store      |  1004001 |        4 |           8 |           41914.41 |               8
 store      |  1004001 |        4 |           9 | 18915.489999999998 |               9 | store      |  1004001 |        4 |           9 | 23917.379999999997 |               6
 store      |  1004001 |        4 |          10 |  58342.07000000001 |              12 | store      |  1004001 |        4 |          10 |            5818.59 |               3
 store      |  1004002 |        2 |           1 |           80327.37 |              22 | store      |  1004002 |        2 |           1 |           26560.13 |              13
 store      |  1004002 |        3 |           1 |  89192.56999999999 |              29 | store      |  1004002 |        3 |           1 | 39393.590000000004 |               9
 store      |  1004002 |        4 |           1 | 1269709.8499999996 |             327 | store      |  1004002 |        4 |           1 |  972898.5400000005 |             272
 store      |  1004002 |        6 |           1 |            4895.35 |               4 | store      |  1004002 |        6 |           1 |           11486.55 |               2
 store      |  2001001 |        1 |           1 |           32706.86 |               7 | store      |  2001001 |        1 |           1 |           17714.14 |               4
 store      |  2001001 |        1 |           2 |  60975.87000000001 |              10 | store      |  2001001 |        1 |           2 |          754483.14 |             204
 store      |  2001001 |        1 |           3 |           20807.84 |               5 | store      |  2001001 |        1 |           3 |            5154.46 |               2
 store      |  2001001 |        1 |           5 |           16617.36 |               6 | store      |  2001001 |        1 |           5 | 29772.970000000005 |               9
 store      |  2001001 |        1 |           7 |  36632.60999999999 |              14 | store      |  2001001 |        1 |           7 |           35623.93 |              11
 store      |  2001001 |        1 |           8 |           60324.79 |              19 | store      |  2001001 |        1 |           8 |            35420.6 |               7
 store      |  2001001 |        1 |           9 |           23613.67 |               6 | store      |  2001001 |        1 |           9 |  9942.330000000002 |               3
 store      |  2001001 |        1 |          10 |  37834.86000000001 |              12 | store      |  2001001 |        1 |          10 |           13672.77 |               5
 store      |  2001001 |        2 |           2 |           24308.65 |               9 | store      |  2001001 |        2 |           2 | 12297.080000000002 |               4
 store      |  2001001 |        2 |           8 |  9320.919999999998 |               3 | store      |  2001001 |        2 |           8 | 13979.560000000001 |               4
 store      |  2001001 |        2 |          10 |           11664.25 |               1 | store      |  2001001 |        2 |          10 |  8517.150000000001 |               2
 store      |  2001001 |        3 |           1 |            20888.2 |               8 | store      |  2001001 |        3 |           1 |           36255.11 |               6
(100 rows)

UPDATE time_statistics SET e_time = TRANSACTION_TIMESTAMP() WHERE template = '../query_postgresql/query14.tpl' AND stream = 1;
psql:/tmp/s1-basline/throughput/query_1.sql:1582: NOTICE:  duration: 0.038 ms  plan:
Query Text: UPDATE time_statistics SET e_time = TRANSACTION_TIMESTAMP() WHERE template = '../query_postgresql/query14.tpl' AND stream = 1;
Update on time_statistics  (cost=0.00..4.26 rows=0 width=0) (actual time=0.038..0.038 rows=0 loops=1)
  ->  Seq Scan on time_statistics  (cost=0.00..4.26 rows=1 width=14) (actual time=0.023..0.024 rows=1 loops=1)
        Filter: ((template = '../query_postgresql/query14.tpl'::text) AND (stream = 1))
        Rows Removed by Filter: 99
UPDATE 1
LOAD 'auto_explain'; SET auto_explain.log_min_duration TO 0; SET auto_explain.log_analyze TO on; SET auto_explain.log_level TO notice; INSERT INTO time_statistics (template, s_time, stream, query, seed) VALUES ('query50.tpl', TRANSACTION_TIMESTAMP(), 1, 29, 1485419406);
LOAD
SET
SET
SET
psql:/tmp/s1-basline/throughput/query_1.sql:1583: NOTICE:  duration: 0.008 ms  plan:
Query Text: INSERT INTO time_statistics (template, s_time, stream, query, seed) VALUES ('query50.tpl', TRANSACTION_TIMESTAMP(), 1, 29, 1485419406);
Insert on time_statistics  (cost=0.00..0.01 rows=0 width=0) (actual time=0.007..0.007 rows=0 loops=1)
  ->  Result  (cost=0.00..0.01 rows=1 width=64) (actual time=0.001..0.001 rows=1 loops=1)
INSERT 0 1
select  
   s_store_name
  ,s_company_id
  ,s_street_number
  ,s_street_name
  ,s_street_type
  ,s_suite_number
  ,s_city
  ,s_county
  ,s_state
  ,s_zip
  ,sum(case when (sr_returned_date_sk - ss_sold_date_sk <= 30 ) then 1 else 0 end)  as "30 days" 
  ,sum(case when (sr_returned_date_sk - ss_sold_date_sk > 30) and 
                 (sr_returned_date_sk - ss_sold_date_sk <= 60) then 1 else 0 end )  as "31-60 days" 
  ,sum(case when (sr_returned_date_sk - ss_sold_date_sk > 60) and 
                 (sr_returned_date_sk - ss_sold_date_sk <= 90) then 1 else 0 end)  as "61-90 days" 
  ,sum(case when (sr_returned_date_sk - ss_sold_date_sk > 90) and
                 (sr_returned_date_sk - ss_sold_date_sk <= 120) then 1 else 0 end)  as "91-120 days" 
  ,sum(case when (sr_returned_date_sk - ss_sold_date_sk  > 120) then 1 else 0 end)  as ">120 days" 
from
   store_sales
  ,store_returns
  ,store
  ,date_dim d1
  ,date_dim d2
where
    d2.d_year = 1999
and d2.d_moy  = 8
and ss_ticket_number = sr_ticket_number
and ss_item_sk = sr_item_sk
and ss_sold_date_sk   = d1.d_date_sk
and sr_returned_date_sk   = d2.d_date_sk
and ss_customer_sk = sr_customer_sk
and ss_store_sk = s_store_sk
group by
   s_store_name
  ,s_company_id
  ,s_street_number
  ,s_street_name
  ,s_street_type
  ,s_suite_number
  ,s_city
  ,s_county
  ,s_state
  ,s_zip
order by s_store_name
        ,s_company_id
        ,s_street_number
        ,s_street_name
        ,s_street_type
        ,s_suite_number
        ,s_city
        ,s_county
        ,s_state
        ,s_zip
limit 100;
psql:/tmp/s1-basline/throughput/query_1.sql:1639: NOTICE:  duration: 33.378 ms  plan:
Query Text: select  
   s_store_name
  ,s_company_id
  ,s_street_number
  ,s_street_name
  ,s_street_type
  ,s_suite_number
  ,s_city
  ,s_county
  ,s_state
  ,s_zip
  ,sum(case when (sr_returned_date_sk - ss_sold_date_sk <= 30 ) then 1 else 0 end)  as "30 days" 
  ,sum(case when (sr_returned_date_sk - ss_sold_date_sk > 30) and 
                 (sr_returned_date_sk - ss_sold_date_sk <= 60) then 1 else 0 end )  as "31-60 days" 
  ,sum(case when (sr_returned_date_sk - ss_sold_date_sk > 60) and 
                 (sr_returned_date_sk - ss_sold_date_sk <= 90) then 1 else 0 end)  as "61-90 days" 
  ,sum(case when (sr_returned_date_sk - ss_sold_date_sk > 90) and
                 (sr_returned_date_sk - ss_sold_date_sk <= 120) then 1 else 0 end)  as "91-120 days" 
  ,sum(case when (sr_returned_date_sk - ss_sold_date_sk  > 120) then 1 else 0 end)  as ">120 days" 
from
   store_sales
  ,store_returns
  ,store
  ,date_dim d1
  ,date_dim d2
where
    d2.d_year = 1999
and d2.d_moy  = 8
and ss_ticket_number = sr_ticket_number
and ss_item_sk = sr_item_sk
and ss_sold_date_sk   = d1.d_date_sk
and sr_returned_date_sk   = d2.d_date_sk
and ss_customer_sk = sr_customer_sk
and ss_store_sk = s_store_sk
group by
   s_store_name
  ,s_company_id
  ,s_street_number
  ,s_street_name
  ,s_street_type
  ,s_suite_number
  ,s_city
  ,s_county
  ,s_state
  ,s_zip
order by s_store_name
        ,s_company_id
        ,s_street_number
        ,s_street_name
        ,s_street_type
        ,s_suite_number
        ,s_city
        ,s_county
        ,s_state
        ,s_zip
limit 100;
Limit  (cost=6342.54..6342.63 rows=1 width=126) (actual time=32.239..33.363 rows=6 loops=1)
  ->  GroupAggregate  (cost=6342.54..6342.63 rows=1 width=126) (actual time=32.238..33.361 rows=6 loops=1)
        Group Key: store.s_store_name, store.s_company_id, store.s_street_number, store.s_street_name, store.s_street_type, store.s_suite_number, store.s_city, store.s_county, store.s_state, store.s_zip
        ->  Sort  (cost=6342.54..6342.54 rows=1 width=102) (actual time=32.009..32.090 rows=2054 loops=1)
              Sort Key: store.s_store_name, store.s_company_id, store.s_street_number, store.s_street_name, store.s_street_type, store.s_suite_number, store.s_city, store.s_county, store.s_state, store.s_zip
              Sort Method: quicksort  Memory: 396kB
              ->  Nested Loop  (cost=1.15..6342.53 rows=1 width=102) (actual time=4.033..29.517 rows=2054 loops=1)
                    ->  Nested Loop  (cost=0.85..6342.22 rows=1 width=102) (actual time=4.027..27.222 rows=2083 loops=1)
                          Join Filter: (store_sales.ss_store_sk = store.s_store_sk)
                          Rows Removed by Join Filter: 9756
                          ->  Nested Loop  (cost=0.85..6340.95 rows=1 width=24) (actual time=4.023..23.581 rows=2126 loops=1)
                                ->  Nested Loop  (cost=0.42..6248.79 rows=118 width=32) (actual time=4.014..11.831 rows=2924 loops=1)
                                      ->  Seq Scan on date_dim d2  (cost=0.00..2500.73 rows=31 width=8) (actual time=3.996..8.626 rows=31 loops=1)
                                            Filter: ((d_year = 1999) AND (d_moy = 8))
                                            Rows Removed by Filter: 73018
                                      ->  Index Scan using i_sr_returned_date_sk on store_returns  (cost=0.42..119.51 rows=140 width=32) (actual time=0.003..0.090 rows=94 loops=31)
                                            Index Cond: (sr_returned_date_sk = d2.d_date_sk)
                                ->  Index Scan using pk_store_sales on store_sales  (cost=0.43..0.77 rows=1 width=40) (actual time=0.004..0.004 rows=1 loops=2924)
                                      Index Cond: ((ss_item_sk = store_returns.sr_item_sk) AND (ss_ticket_number = store_returns.sr_ticket_number))
                                      Filter: (store_returns.sr_customer_sk = ss_customer_sk)
                                      Rows Removed by Filter: 0
                          ->  Seq Scan on store  (cost=0.00..1.12 rows=12 width=94) (actual time=0.000..0.001 rows=6 loops=2126)
                    ->  Index Only Scan using pk_date_dim on date_dim d1  (cost=0.29..0.31 rows=1 width=8) (actual time=0.001..0.001 rows=1 loops=2083)
                          Index Cond: (d_date_sk = store_sales.ss_sold_date_sk)
                          Heap Fetches: 0
 s_store_name | s_company_id | s_street_number | s_street_name |  s_street_type  | s_suite_number |  s_city  |     s_county      | s_state |   s_zip    | 30 days | 31-60 days | 61-90 days | 91-120 days | >120 days 
--------------+--------------+-----------------+---------------+-----------------+----------------+----------+-------------------+---------+------------+---------+------------+------------+-------------+-----------
 able         |            1 | 495             | Smith         | Dr.             | Suite M        | Fairview | Williamson County | TN      | 35709      |      61 |         51 |         60 |          58 |        99
 ation        |            1 | 424             | Lincoln       | Ln              | Suite 480      | Midway   | Williamson County | TN      | 31904      |      55 |         52 |         49 |          64 |       127
 bar          |            1 | 593             | Ridge         | Dr.             | Suite 190      | Midway   | Williamson County | TN      | 31904      |      65 |         68 |         53 |          60 |       107
 eing         |            1 | 333             | Highland 10th | Way             | Suite S        | Fairview | Williamson County | TN      | 35709      |      76 |         52 |         61 |          70 |       105
 ese          |            1 | 245             | College       | Wy              | Suite 140      | Midway   | Williamson County | TN      | 31904      |      62 |         62 |         46 |          49 |       111
 ought        |            1 | 849             | Elm           | Parkway         | Suite Y        | Midway   | Williamson County | TN      | 31904      |      77 |         42 |         53 |          49 |       110
(6 rows)

UPDATE time_statistics SET e_time = TRANSACTION_TIMESTAMP() WHERE template = 'query50.tpl' AND stream = 1;
psql:/tmp/s1-basline/throughput/query_1.sql:1641: NOTICE:  duration: 0.042 ms  plan:
Query Text: UPDATE time_statistics SET e_time = TRANSACTION_TIMESTAMP() WHERE template = 'query50.tpl' AND stream = 1;
Update on time_statistics  (cost=0.00..4.26 rows=0 width=0) (actual time=0.041..0.042 rows=0 loops=1)
  ->  Seq Scan on time_statistics  (cost=0.00..4.26 rows=1 width=14) (actual time=0.026..0.026 rows=1 loops=1)
        Filter: ((template = 'query50.tpl'::text) AND (stream = 1))
        Rows Removed by Filter: 100
UPDATE 1
LOAD 'auto_explain'; SET auto_explain.log_min_duration TO 0; SET auto_explain.log_analyze TO on; SET auto_explain.log_level TO notice; INSERT INTO time_statistics (template, s_time, stream, query, seed) VALUES ('query52.tpl', TRANSACTION_TIMESTAMP(), 1, 30, 279550493);
LOAD
SET
SET
SET
psql:/tmp/s1-basline/throughput/query_1.sql:1642: NOTICE:  duration: 0.009 ms  plan:
Query Text: INSERT INTO time_statistics (template, s_time, stream, query, seed) VALUES ('query52.tpl', TRANSACTION_TIMESTAMP(), 1, 30, 279550493);
Insert on time_statistics  (cost=0.00..0.01 rows=0 width=0) (actual time=0.008..0.009 rows=0 loops=1)
  ->  Result  (cost=0.00..0.01 rows=1 width=64) (actual time=0.001..0.002 rows=1 loops=1)
INSERT 0 1
select  dt.d_year
 	,item.i_brand_id brand_id
 	,item.i_brand brand
 	,sum(ss_ext_sales_price) ext_price
 from date_dim dt
     ,store_sales
     ,item
 where dt.d_date_sk = store_sales.ss_sold_date_sk
    and store_sales.ss_item_sk = item.i_item_sk
    and item.i_manager_id = 1
    and dt.d_moy=12
    and dt.d_year=2000
 group by dt.d_year
 	,item.i_brand
 	,item.i_brand_id
 order by dt.d_year
 	,ext_price desc
 	,brand_id
limit 100 ;
psql:/tmp/s1-basline/throughput/query_1.sql:1661: NOTICE:  duration: 192.833 ms  plan:
Query Text: select  dt.d_year
 	,item.i_brand_id brand_id
 	,item.i_brand brand
 	,sum(ss_ext_sales_price) ext_price
 from date_dim dt
     ,store_sales
     ,item
 where dt.d_date_sk = store_sales.ss_sold_date_sk
    and store_sales.ss_item_sk = item.i_item_sk
    and item.i_manager_id = 1
    and dt.d_moy=12
    and dt.d_year=2000
 group by dt.d_year
 	,item.i_brand
 	,item.i_brand_id
 order by dt.d_year
 	,ext_price desc
 	,brand_id
limit 100 ;
Limit  (cost=43196.95..43197.00 rows=20 width=67) (actual time=192.767..192.779 rows=100 loops=1)
  ->  Sort  (cost=43196.95..43197.00 rows=20 width=67) (actual time=192.766..192.772 rows=100 loops=1)
        Sort Key: (sum(store_sales.ss_ext_sales_price)) DESC, item.i_brand_id
        Sort Method: quicksort  Memory: 42kB
        ->  GroupAggregate  (cost=43196.07..43196.52 rows=20 width=67) (actual time=192.270..192.718 rows=122 loops=1)
              Group Key: dt.d_year, item.i_brand, item.i_brand_id
              ->  Sort  (cost=43196.07..43196.12 rows=20 width=67) (actual time=192.256..192.338 rows=1710 loops=1)
                    Sort Key: item.i_brand, item.i_brand_id
                    Sort Method: quicksort  Memory: 235kB
                    ->  Nested Loop  (cost=0.72..43195.64 rows=20 width=67) (actual time=4.336..190.324 rows=1710 loops=1)
                          ->  Nested Loop  (cost=0.43..42836.21 rows=1167 width=20) (actual time=4.238..51.230 rows=92168 loops=1)
                                ->  Seq Scan on date_dim dt  (cost=0.00..2500.73 rows=31 width=12) (actual time=4.226..8.804 rows=31 loops=1)
                                      Filter: ((d_moy = 12) AND (d_year = 2000))
                                      Rows Removed by Filter: 73018
                                ->  Index Scan using i_ss_sold_date_sk on store_sales  (cost=0.43..1286.06 rows=1508 width=24) (actual time=0.006..0.933 rows=2973 loops=31)
                                      Index Cond: (ss_sold_date_sk = dt.d_date_sk)
                          ->  Index Scan using pk_item on item  (cost=0.29..0.31 rows=1 width=63) (actual time=0.001..0.001 rows=0 loops=92168)
                                Index Cond: (i_item_sk = store_sales.ss_item_sk)
                                Filter: (i_manager_id = 1)
                                Rows Removed by Filter: 1
 d_year | brand_id |                       brand                        |     ext_price      
--------+----------+----------------------------------------------------+--------------------
   2000 |  4001002 | amalgedu pack #2                                   |  94674.62999999998
   2000 |  4003001 | exportiedu pack #1                                 |            89161.6
   2000 |  3003001 | exportiexporti #1                                  |  85279.04000000002
   2000 |  3004002 | edu packexporti #2                                 |  79102.87000000001
   2000 |  3003002 | exportiexporti #2                                  |  76626.75000000001
   2000 |  5003001 | exportischolar #1                                  |  75405.94999999998
   2000 |  5003002 | exportischolar #2                                  |            67914.3
   2000 |  2003002 | exportiimporto #2                                  |           65746.24
   2000 |  2001002 | amalgimporto #2                                    | 58545.840000000004
   2000 |  2002001 | importoimporto #1                                  |           57315.05
   2000 | 10001009 | amalgunivamalg #9                                  |  49169.92000000001
   2000 |  1004001 | edu packamalg #1                                   |           44281.75
   2000 |  7002006 | importobrand #6                                    | 44079.200000000004
   2000 |  1001001 | amalgamalg #1                                      | 43501.189999999995
   2000 |  1002002 | importoamalg #2                                    |              43293
   2000 |  2001001 | edu packmaxi #12                                   |           38861.19
   2000 |  2003001 | amalgmaxi #6                                       |            38523.4
   2000 |  5004002 | edu packscholar #2                                 |  38464.95999999999
   2000 |  4002002 | importoedu pack #2                                 |           37762.96
   2000 |  1001002 | amalgamalg #2                                      | 36151.490000000005
   2000 |  1003002 | exportiamalg #2                                    |           35985.82
   2000 |  1004002 | edu packamalg #2                                   |           35795.49
   2000 |  8006001 | corpnameless #1                                    |           34310.09
   2000 |  9005002 | scholarmaxi #2                                     |           34194.79
   2000 |  9001005 | amalgedu pack #2                                   | 32998.159999999996
   2000 |  2004002 | edu packimporto #2                                 | 32541.860000000004
   2000 |  7016004 | corpnameless #4                                    | 30503.370000000003
   2000 |  6013004 | exportibrand #4                                    | 30298.210000000003
   2000 | 10002010 | importounivamalg #10                               | 30270.250000000004
   2000 |  3004001 | edu packexporti #1                                 | 29579.350000000002
   2000 |  1002001 | importoamalg #1                                    | 29286.120000000003
   2000 |  3002002 | importoexporti #2                                  | 29125.559999999998
   2000 |  9006003 | corpmaxi #3                                        | 28999.870000000003
   2000 |  9004008 | edu packmaxi #8                                    |           28803.14
   2000 |  6004008 | edu packcorp #8                                    |           28794.77
   2000 |  9012002 | importounivamalg #2                                |           28533.64
   2000 |  1002001 | maxinameless #10                                   |           28337.91
   2000 | 10005015 | scholarunivamalg #15                               | 28147.190000000002
   2000 | 10004005 | edu packunivamalg #5                               | 28089.080000000005
   2000 | 10012001 | amalgamalg #2                                      | 28025.580000000005
   2000 |  6013008 | exportibrand #8                                    |           27602.86
   2000 |  4002001 | importoedu pack #1                                 | 27404.110000000004
   2000 | 10006012 | corpunivamalg #12                                  |           26868.27
   2000 | 10009005 | maxiunivamalg #5                                   |           26070.36
   2000 |  4002001 | amalgamalgamalg #10                                | 25763.670000000002
   2000 |  6014002 | edu packbrand #2                                   |           25661.62
   2000 | 10006009 | corpunivamalg #9                                   |           25182.87
   2000 | 10012003 | importoamalgamalg #3                               | 25042.499999999996
   2000 |  7014008 | edu packnameless #8                                |           24786.63
   2000 |  7007010 | brandbrand #10                                     |           24708.27
   2000 |  4003001 | maxibrand #10                                      |           24547.47
   2000 |  8011004 | amalgmaxi #4                                       |           24477.41
   2000 |  8005002 | scholarnameless #2                                 | 23899.069999999996
   2000 |  7002010 | importobrand #10                                   | 23713.979999999996
   2000 |  3001001 | amalgexporti #1                                    | 22902.309999999998
   2000 |  8015006 | scholarmaxi #6                                     | 22805.640000000003
   2000 |  4004002 | edu packedu pack #2                                |           22582.65
   2000 |  5004001 | edu packnameless #4                                |            22496.5
   2000 |  8011001 | exportiamalg #2                                    |           22114.44
   2000 |  2002001 | edu packexporti #2                                 |           22076.44
   2000 |  6008001 | namelesscorp #1                                    |           21689.79
   2000 |  3002001 | univamalgamalg #10                                 |           21324.24
   2000 |  6001001 | amalgcorp #1                                       | 21301.019999999997
   2000 |  6004005 | edu packcorp #5                                    | 21122.659999999996
   2000 |  2002002 | importoimporto #2                                  |           20929.21
   2000 | 10016001 | corpamalgamalg #1                                  |           20132.15
   2000 |  2002001 | importocorp #2                                     |           20000.76
   2000 |  6012005 | importobrand #5                                    | 19994.890000000003
   2000 |  4003002 | exportiedu pack #2                                 |           19853.56
   2000 |  5001002 | amalgscholar #2                                    |           19301.98
   2000 |  6016008 | corpbrand #8                                       |           19154.95
   2000 |  4002001 | edu packedu pack #2                                |           19052.53
   2000 |  3002001 | importoexporti #1                                  | 19018.870000000003
   2000 |  9001005 | exportiexporti #2                                  |           18954.83
   2000 |  8006007 | namelessunivamalg #8                               | 18542.019999999997
   2000 |  1003001 | exportiamalg #1                                    |           18490.34
   2000 |  5002002 | importoscholar #2                                  |           18373.65
   2000 |  8014008 | edu packmaxi #8                                    |            18072.5
   2000 |  8003009 | importounivamalg #6                                | 17945.059999999998
   2000 |  3004001 | amalgexporti #2                                    |           17481.07
   2000 |  6013003 | importoimporto #2                                  |           17470.67
   2000 | 10004015 | edu packunivamalg #15                              |           17197.25
   2000 | 10009016 | amalgamalg #2                                      |           17157.15
   2000 |  3001001 | amalgedu pack #2                                   |           17067.18
   2000 |  6003007 | edu packscholar #2                                 |           16920.36
   2000 |  6011001 | amalgbrand #1                                      | 16595.140000000003
   2000 |  8014005 | edu packmaxi #5                                    | 16528.929999999997
   2000 |  7011003 | scholarunivamalg #6                                | 16439.499999999996
   2000 |  6001008 | amalgcorp #8                                       |           16219.17
   2000 |  9004005 | edu packscholar #2                                 |           15909.64
   2000 |  5002001 | corpcorp #6                                        |           15829.16
   2000 | 10013001 | exportiamalgamalg #1                               | 15585.960000000001
   2000 |  6006002 | corpcorp #2                                        |           15059.06
   2000 |  5004001 | edu packunivamalg #6                               |              14560
   2000 |  6002007 | importocorp #7                                     |           13823.41
   2000 |  9005008 | scholarmaxi #8                                     |           13717.81
   2000 |  6015006 | scholarbrand #6                                    |           13641.87
   2000 |  8002010 | importonameless #10                                | 13599.510000000002
   2000 | 10006009 | amalgedu pack #2                                   |           13427.91
   2000 |  2004001 | corpunivamalg #6                                   | 13196.470000000001
(100 rows)

UPDATE time_statistics SET e_time = TRANSACTION_TIMESTAMP() WHERE template = 'query52.tpl' AND stream = 1;
psql:/tmp/s1-basline/throughput/query_1.sql:1663: NOTICE:  duration: 0.039 ms  plan:
Query Text: UPDATE time_statistics SET e_time = TRANSACTION_TIMESTAMP() WHERE template = 'query52.tpl' AND stream = 1;
Update on time_statistics  (cost=0.00..4.26 rows=0 width=0) (actual time=0.038..0.038 rows=0 loops=1)
  ->  Seq Scan on time_statistics  (cost=0.00..4.26 rows=1 width=14) (actual time=0.022..0.023 rows=1 loops=1)
        Filter: ((template = 'query52.tpl'::text) AND (stream = 1))
        Rows Removed by Filter: 101
UPDATE 1
LOAD 'auto_explain'; SET auto_explain.log_min_duration TO 0; SET auto_explain.log_analyze TO on; SET auto_explain.log_level TO notice; INSERT INTO time_statistics (template, s_time, stream, query, seed) VALUES ('query81.tpl', TRANSACTION_TIMESTAMP(), 1, 31, 1124318666);
LOAD
SET
SET
SET
psql:/tmp/s1-basline/throughput/query_1.sql:1664: NOTICE:  duration: 0.009 ms  plan:
Query Text: INSERT INTO time_statistics (template, s_time, stream, query, seed) VALUES ('query81.tpl', TRANSACTION_TIMESTAMP(), 1, 31, 1124318666);
Insert on time_statistics  (cost=0.00..0.01 rows=0 width=0) (actual time=0.008..0.008 rows=0 loops=1)
  ->  Result  (cost=0.00..0.01 rows=1 width=64) (actual time=0.001..0.002 rows=1 loops=1)
INSERT 0 1
with customer_total_return as
 (select cr_returning_customer_sk as ctr_customer_sk
        ,ca_state as ctr_state, 
 	sum(cr_return_amt_inc_tax) as ctr_total_return
 from catalog_returns
     ,date_dim
     ,customer_address
 where cr_returned_date_sk = d_date_sk 
   and d_year =2000
   and cr_returning_addr_sk = ca_address_sk 
 group by cr_returning_customer_sk
         ,ca_state )
  select  c_customer_id,c_salutation,c_first_name,c_last_name,ca_street_number,ca_street_name
                   ,ca_street_type,ca_suite_number,ca_city,ca_county,ca_state,ca_zip,ca_country,ca_gmt_offset
                  ,ca_location_type,ctr_total_return
 from customer_total_return ctr1
     ,customer_address
     ,customer
 where ctr1.ctr_total_return > (select avg(ctr_total_return)*1.2
 			  from customer_total_return ctr2 
                  	  where ctr1.ctr_state = ctr2.ctr_state)
       and ca_address_sk = c_current_addr_sk
       and ca_state = 'AL'
       and ctr1.ctr_customer_sk = c_customer_sk
 order by c_customer_id,c_salutation,c_first_name,c_last_name,ca_street_number,ca_street_name
                   ,ca_street_type,ca_suite_number,ca_city,ca_county,ca_state,ca_zip,ca_country,ca_gmt_offset
                  ,ca_location_type,ctr_total_return
 limit 100;
psql:/tmp/s1-basline/throughput/query_1.sql:1692: NOTICE:  duration: 73469.292 ms  plan:
Query Text: with customer_total_return as
 (select cr_returning_customer_sk as ctr_customer_sk
        ,ca_state as ctr_state, 
 	sum(cr_return_amt_inc_tax) as ctr_total_return
 from catalog_returns
     ,date_dim
     ,customer_address
 where cr_returned_date_sk = d_date_sk 
   and d_year =2000
   and cr_returning_addr_sk = ca_address_sk 
 group by cr_returning_customer_sk
         ,ca_state )
  select  c_customer_id,c_salutation,c_first_name,c_last_name,ca_street_number,ca_street_name
                   ,ca_street_type,ca_suite_number,ca_city,ca_county,ca_state,ca_zip,ca_country,ca_gmt_offset
                  ,ca_location_type,ctr_total_return
 from customer_total_return ctr1
     ,customer_address
     ,customer
 where ctr1.ctr_total_return > (select avg(ctr_total_return)*1.2
 			  from customer_total_return ctr2 
                  	  where ctr1.ctr_state = ctr2.ctr_state)
       and ca_address_sk = c_current_addr_sk
       and ca_state = 'AL'
       and ctr1.ctr_customer_sk = c_customer_sk
 order by c_customer_id,c_salutation,c_first_name,c_last_name,ca_street_number,ca_street_name
                   ,ca_street_type,ca_suite_number,ca_city,ca_county,ca_state,ca_zip,ca_country,ca_gmt_offset
                  ,ca_location_type,ctr_total_return
 limit 100;
Limit  (cost=16376.46..16376.47 rows=5 width=215) (actual time=73469.148..73469.162 rows=100 loops=1)
  CTE customer_total_return
    ->  GroupAggregate  (cost=4667.97..4682.01 rows=702 width=19) (actual time=77.339..88.989 rows=28126 loops=1)
          Group Key: catalog_returns.cr_returning_customer_sk, customer_address_1.ca_state
          ->  Sort  (cost=4667.97..4669.72 rows=702 width=19) (actual time=77.332..79.147 rows=28569 loops=1)
                Sort Key: catalog_returns.cr_returning_customer_sk, customer_address_1.ca_state
                Sort Method: quicksort  Memory: 2543kB
                ->  Nested Loop  (cost=0.58..4634.78 rows=702 width=19) (actual time=3.991..69.448 rows=28569 loops=1)
                      ->  Nested Loop  (cost=0.29..4407.34 rows=717 width=24) (actual time=3.987..25.936 rows=29106 loops=1)
                            ->  Seq Scan on date_dim  (cost=0.00..2318.11 rows=363 width=8) (actual time=3.980..8.418 rows=366 loops=1)
                                  Filter: (d_year = 2000)
                                  Rows Removed by Filter: 72683
                            ->  Index Scan using i_cr_returned_date_sk on catalog_returns  (cost=0.29..5.04 rows=72 width=32) (actual time=0.002..0.034 rows=80 loops=366)
                                  Index Cond: (cr_returned_date_sk = date_dim.d_date_sk)
                      ->  Index Scan using pk_customer_address on customer_address customer_address_1  (cost=0.29..0.32 rows=1 width=11) (actual time=0.001..0.001 rows=1 loops=29106)
                            Index Cond: (ca_address_sk = catalog_returns.cr_returning_addr_sk)
  ->  Sort  (cost=11694.45..11694.46 rows=5 width=215) (actual time=73469.147..73469.152 rows=100 loops=1)
        Sort Key: customer.c_customer_id, customer.c_salutation, customer.c_first_name, customer.c_last_name, customer_address.ca_street_number, customer_address.ca_street_name, customer_address.ca_street_type, customer_address.ca_suite_number, customer_address.ca_city, customer_address.ca_county, customer_address.ca_zip, customer_address.ca_country, customer_address.ca_gmt_offset, customer_address.ca_location_type, ctr1.ctr_total_return
        Sort Method: quicksort  Memory: 62kB
        ->  Nested Loop  (cost=0.58..11694.39 rows=5 width=215) (actual time=1343.993..73468.820 rows=140 loops=1)
              ->  Nested Loop  (cost=0.29..11618.58 rows=234 width=96) (actual time=102.343..73452.202 rows=6892 loops=1)
                    ->  CTE Scan on customer_total_return ctr1  (cost=0.00..11121.43 rows=234 width=16) (actual time=102.330..73433.028 rows=6916 loops=1)
                          Filter: (ctr_total_return > (SubPlan 2))
                          Rows Removed by Filter: 21210
                          SubPlan 2
                            ->  Aggregate  (cost=15.81..15.82 rows=1 width=8) (actual time=2.608..2.608 rows=1 loops=28126)
                                  ->  CTE Scan on customer_total_return ctr2  (cost=0.00..15.79 rows=4 width=8) (actual time=0.058..2.545 rows=823 loops=28126)
                                        Filter: (ctr1.ctr_state = ctr_state)
                                        Rows Removed by Filter: 27303
                    ->  Index Scan using pk_customer on customer  (cost=0.29..2.12 rows=1 width=96) (actual time=0.002..0.002 rows=1 loops=6916)
                          Index Cond: (c_customer_sk = ctr1.ctr_customer_sk)
              ->  Index Scan using pk_customer_address on customer_address  (cost=0.29..0.32 rows=1 width=135) (actual time=0.002..0.002 rows=0 loops=6892)
                    Index Cond: (ca_address_sk = customer.c_current_addr_sk)
                    Filter: (ca_state = 'AL'::bpchar)
                    Rows Removed by Filter: 1
  c_customer_id   | c_salutation |     c_first_name     |          c_last_name           | ca_street_number |  ca_street_name   | ca_street_type  | ca_suite_number |     ca_city     |     ca_county     | ca_state |   ca_zip   |  ca_country   | ca_gmt_offset |   ca_location_type   | ctr_total_return 
------------------+--------------+----------------------+--------------------------------+------------------+-------------------+-----------------+-----------------+-----------------+-------------------+----------+------------+---------------+---------------+----------------------+------------------
 AAAAAAAAABDOAAAA | Dr.          | Dennis               | Mills                          | 255              | Madison           | Street          | Suite 330       | Jamestown       | Montgomery County | AL       | 36867      | United States |            -6 | condo                |          2850.41
 AAAAAAAAADDFAAAA | Dr.          | Robert               | Sanders                        | 486              | Green Chestnut    | Parkway         | Suite N         | Sulphur Springs | Monroe County     | AL       | 38354      | United States |            -6 | condo                |          6035.26
 AAAAAAAAALBPAAAA | Ms.          | Lydia                | Skidmore                       | 686              | Elm 12th          | Ln              | Suite B         | Sulphur Springs | Greene County     | AL       | 38354      | United States |            -6 | condo                |          3274.56
 AAAAAAAAAMEIBAAA | Ms.          | Alice                | Burton                         | 327              | Williams Lee      | Boulevard       | Suite 270       | Guthrie         | Blount County     | AL       | 31423      | United States |            -6 | single family        |          2282.28
 AAAAAAAAAOKEBAAA | Dr.          | David                | Spears                         | 804              | Main Green        | Blvd            | Suite N         | Spring Hill     | Limestone County  | AL       | 36787      | United States |            -6 | apartment            |          3322.04
 AAAAAAAABACDAAAA | Dr.          | Laura                | Roberts                        | 812              | North 6th         | Dr.             | Suite M         | Kingston        | Cullman County    | AL       | 34975      | United States |            -6 | condo                |          5896.79
 AAAAAAAABCEOAAAA | Sir          | Edward               | Thomas                         | 541              | 13th Johnson      | Street          | Suite 30        | Newport         | Baldwin County    | AL       | 31521      | United States |            -6 | condo                |          2439.67
 AAAAAAAABHMPAAAA | Ms.          | Marissa              | Kenny                          | 60               | Oak               | Circle          | Suite 490       | Lebanon         | Mobile County     | AL       | 32898      | United States |            -6 | single family        |          6132.02
 AAAAAAAABJBCBAAA | Mr.          | John                 | Mahon                          | 221              | Davis Willow      | Drive           | Suite 80        | Woodville       | Winston County    | AL       | 34289      | United States |            -6 | condo                |          4734.57
 AAAAAAAABJMBBAAA | Sir          | Eddie                | Kelly                          | 429              | Franklin          | Road            | Suite 460       | Pleasant Valley | Bibb County       | AL       | 32477      | United States |            -6 | condo                |          1726.13
 AAAAAAAABKDKAAAA | Mrs.         | Catherine            | Smith                          |                  |                   | Ln              |                 | Lawrenceville   | Mobile County     | AL       |            | United States |            -6 | single family        |          3770.01
 AAAAAAAACBIDBAAA | Dr.          | Gerald               | Holm                           | 694              | 1st               | Circle          | Suite O         | Mount Vernon    | Barbour County    | AL       | 38482      | United States |            -6 | condo                |         11207.39
 AAAAAAAACDDLAAAA | Ms.          | Linda                | Harden                         | 974              | Franklin 13th     | Pkwy            | Suite O         | Unionville      | Dale County       | AL       | 31711      | United States |            -6 | single family        |          4602.85
 AAAAAAAACFLDAAAA | Dr.          | Kelli                | Fennell                        | 660              | Willow            | Parkway         | Suite X         | Sulphur Springs | Clay County       | AL       | 38354      | United States |            -6 | apartment            |          3732.11
 AAAAAAAACGDDAAAA | Dr.          | Janet                | Jenkins                        | 357              | 10th              | Cir.            | Suite 460       | Walnut Grove    | Franklin County   | AL       | 37752      | United States |            -6 | condo                |          4755.67
 AAAAAAAACJGCAAAA | Ms.          | Betty                | Burns                          | 578              | Main Lincoln      | Way             | Suite 370       | Five Points     | Bullock County    | AL       | 36098      | United States |            -6 | apartment            |          2066.25
 AAAAAAAACKLKAAAA | Dr.          | James                | Burnside                       | 615              | Johnson 6th       | Way             | Suite 60        | Greenville      | Geneva County     | AL       | 31387      | United States |            -6 | condo                |         11021.64
 AAAAAAAACLPOAAAA | Dr.          | Pamela               | Burnett                        | 175              | Broadway          | Boulevard       | Suite 70        | Oakdale         | Calhoun County    | AL       | 39584      | United States |            -6 | condo                |          8047.32
 AAAAAAAACMBFBAAA | Mr.          | Kevin                | Singleton                      | 594              | Elm First         | Blvd            | Suite 120       | Sulphur Springs | Sumter County     | AL       | 38354      | United States |            -6 | apartment            |          5553.98
 AAAAAAAACNCGAAAA | Mr.          | Charlie              | Rivera                         | 840              | River Sunset      | Pkwy            | Suite 340       | Edgewood        | Walker County     | AL       | 30069      | United States |            -6 | single family        |          4719.76
 AAAAAAAACOJKAAAA | Sir          | Tom                  | Fields                         | 475              | Woodland          | Boulevard       | Suite A         | Florence        | Marion County     | AL       | 33394      | United States |            -6 | condo                |          4437.73
 AAAAAAAADCCEAAAA | Mrs.         | Albert               | Patel                          | 349              | 7th               | Cir.            | Suite 410       | Highland        | Sumter County     | AL       | 39454      | United States |            -6 | apartment            |          2186.43
 AAAAAAAADCCHAAAA | Mr.          | Dennis               | Newman                         | 799              | Johnson           | Way             | Suite W         | Newtown         | Washington County | AL       | 31749      | United States |            -6 | single family        |          4040.01
 AAAAAAAADCEDAAAA | Mr.          | Bradley              | Rubio                          | 658              | 1st               | Parkway         | Suite 70        | Ludlow          | Coosa County      | AL       | 35566      | United States |            -6 | condo                |           2116.6
 AAAAAAAADDEIAAAA | Sir          | Christopher          | Ramos                          | 450              | Williams Railroad | Drive           | Suite D         | Enterprise      | Limestone County  | AL       | 31757      | United States |            -6 | condo                |          2232.45
 AAAAAAAADEOEBAAA | Dr.          | Theodore             | Smith                          | 341              | Washington Park   | Ct.             | Suite 230       | Lewisburg       | Lowndes County    | AL       | 37538      | United States |            -6 | condo                |          4117.47
 AAAAAAAADGDMAAAA | Dr.          | James                | Murray                         | 756              | Hill First        | Ct.             | Suite U         | Marion          | Escambia County   | AL       | 30399      | United States |            -6 | single family        |          3650.15
 AAAAAAAADHKOAAAA | Mrs.         | Kimberly             | Leal                           | 450              | Williams Railroad | Drive           | Suite D         | Enterprise      | Limestone County  | AL       | 31757      | United States |            -6 | condo                |          3031.07
 AAAAAAAADLDJAAAA | Dr.          | George               | Henderson                      | 403              | Wilson Sunset     | Dr.             | Suite Y         | Elm Grove       | Geneva County     | AL       | 33298      | United States |            -6 | apartment            |          3966.68
 AAAAAAAADMDFAAAA |              | Dora                 |                                | 131              | View              | Cir.            | Suite 100       | Mount Pleasant  | Wilcox County     | AL       | 31933      | United States |            -6 | single family        |          7867.44
 AAAAAAAADNFGBAAA | Mr.          | Jessie               | Young                          | 748              | Oak Cedar         | Ln              | Suite 470       | Franklin        | Chambers County   | AL       | 39101      | United States |            -6 | apartment            |          6272.63
 AAAAAAAADPECBAAA |              |                      | Thornburg                      | 172              | Eigth             | Cir.            | Suite I         | Enterprise      | Chilton County    | AL       | 31757      | United States |            -6 | single family        |           2476.8
 AAAAAAAAEDGNAAAA | Miss         | Sylvia               |                                | 955              | Meadow Center     | Pkwy            | Suite 210       | West Liberty    | DeKalb County     | AL       | 34752      | United States |            -6 | single family        |          6980.69
 AAAAAAAAEDGNAAAA | Miss         | Sylvia               |                                | 955              | Meadow Center     | Pkwy            | Suite 210       | West Liberty    | DeKalb County     | AL       | 34752      | United States |            -6 | single family        |          8594.76
 AAAAAAAAEGEIBAAA | Mr.          | Glen                 | Davis                          | 264              | Second 3rd        | Ct.             | Suite K         | Oakland         | Coosa County      | AL       | 39843      | United States |            -6 | condo                |          1706.07
 AAAAAAAAEGEIBAAA | Mr.          | Glen                 | Davis                          | 264              | Second 3rd        | Ct.             | Suite K         | Oakland         | Coosa County      | AL       | 39843      | United States |            -6 | condo                |          3116.23
 AAAAAAAAEHMFAAAA | Mr.          | Edwin                | Sylvester                      | 265              | Pine View         | Drive           | Suite O         | Riverview       | Dallas County     | AL       | 39003      | United States |            -6 | apartment            |           5330.6
 AAAAAAAAEIMKAAAA | Mr.          | Richard              | White                          | 75               | Meadow            | Way             | Suite 400       | Bridgeport      | Dallas County     | AL       | 35817      | United States |            -6 | condo                |          4065.98
 AAAAAAAAEKFMAAAA | Dr.          | Marjorie             | Brooks                         | 227              | Walnut            | Ave             | Suite 360       | Stringtown      | Lamar County      | AL       | 30162      | United States |            -6 | single family        |          5659.79
 AAAAAAAAELLABAAA | Mr.          | Thomas               | Cooper                         | 818              | Second            | Blvd            | Suite 320       | Frankfort       | Marion County     | AL       | 39681      | United States |            -6 | single family        |          1858.55
 AAAAAAAAEOMNAAAA | Mr.          | Victor               | Brown                          | 918              | Madison 10th      | Lane            | Suite S         | Woodland        | Bullock County    | AL       | 34854      | United States |            -6 | condo                |          3378.83
 AAAAAAAAEPPGBAAA | Dr.          | Jacob                | Schneider                      | 142              | 8th Jefferson     | Road            | Suite C         | Westwood        | Lauderdale County | AL       | 31715      | United States |            -6 | single family        |          2962.15
 AAAAAAAAFADHBAAA | Ms.          | Christina            | Liles                          | 931              | Maple Oak         | Cir.            | Suite 250       | Tipton          | Limestone County  | AL       | 38773      | United States |            -6 | condo                |          3586.05
 AAAAAAAAFJDGBAAA | Dr.          | Alicia               | Oden                           | 565              | Park              | Ct.             | Suite 140       | Jamestown       | Tallapoosa County | AL       | 36867      | United States |            -6 | condo                |          3843.78
 AAAAAAAAFNCLAAAA | Miss         | Andrew               | Snyder                         | 512              | Ridge             | Drive           | Suite 190       | Centerville     | Clarke County     | AL       | 30059      | United States |            -6 | condo                |          2368.75
 AAAAAAAAFPGLAAAA | Dr.          | Jerry                | Jackson                        | 33               | West 15th         | Drive           | Suite 60        | Woodlawn        | Cherokee County   | AL       | 34098      | United States |            -6 | apartment            |          5483.34
 AAAAAAAAGANCBAAA | Dr.          | William              | Bond                           | 87               | Maple Mill        | Ln              | Suite E         | Liberty         | Tallapoosa County | AL       | 33451      | United States |            -6 | single family        |          2224.93
 AAAAAAAAGEBHAAAA | Mr.          | James                | Cox                            | 258              | Green Birch       | Avenue          | Suite I         | Woodville       | Greene County     | AL       | 34289      | United States |            -6 | single family        |          8583.39
 AAAAAAAAGFPDBAAA | Miss         | Sheryl               | Riley                          | 9                | Washington 15th   | Way             | Suite P         | Griffin         | Cherokee County   | AL       | 31204      | United States |            -6 | apartment            |           4601.9
 AAAAAAAAGHGEBAAA | Dr.          | Juanita              | Green                          | 224              | 12th Sixth        | Way             | Suite Y         | The Meadows     | Wilcox County     | AL       | 30026      | United States |            -6 | single family        |          3915.91
 AAAAAAAAGIGBBAAA | Dr.          | Joanne               | Brooks                         | 335              | Ash Jackson       | Pkwy            | Suite 430       | Jamestown       |                   | AL       |            | United States |            -6 |                      |          4442.71
 AAAAAAAAGJFBBAAA | Dr.          | Julie                | Mcdowell                       | 161              | Mill              | Parkway         | Suite A         | Woodlawn        | Etowah County     | AL       | 34098      | United States |            -6 | single family        |          1785.84
 AAAAAAAAGJFBBAAA | Dr.          | Julie                | Mcdowell                       | 161              | Mill              | Parkway         | Suite A         | Woodlawn        | Etowah County     | AL       | 34098      | United States |            -6 | single family        |          1933.92
 AAAAAAAAGLEFAAAA | Dr.          | Nina                 | Short                          | 831              | Highland Lincoln  | Ct.             | Suite U         | Mount Olive     | Colbert County    | AL       | 38059      | United States |            -6 | condo                |          2038.84
 AAAAAAAAGOADBAAA | Ms.          | Addie                | Lewis                          | 225              | 4th               | Ave             | Suite 460       | Lincoln         | Limestone County  | AL       | 31289      | United States |            -6 | condo                |           1723.3
 AAAAAAAAGOLIAAAA | Miss         | Angela               | White                          | 436              | Main Cedar        | Cir.            | Suite T         | Post Oak        | Winston County    | AL       | 38567      | United States |            -6 | single family        |          2393.94
 AAAAAAAAHCDNAAAA | Ms.          | Evelyn               | Potter                         | 128              | 12th Ridge        | Avenue          | Suite 420       | Mount Olive     | Jefferson County  | AL       | 38059      | United States |            -6 | single family        |           3974.6
 AAAAAAAAHHBCAAAA | Mrs.         | Teresa               | Frost                          | 243              | Cherry            | ST              | Suite 120       | Summit          | DeKalb County     | AL       | 30499      | United States |            -6 | single family        |          3511.24
 AAAAAAAAHIPMAAAA | Dr.          | Shawn                | Cruz                           | 952              | Walnut Laurel     | Parkway         | Suite 110       | Woodlawn        | Walker County     | AL       | 34098      | United States |            -6 | condo                |          2273.85
 AAAAAAAAHJGDAAAA | Mr.          | Ryan                 | Hubbard                        | 702              | Willow            | Parkway         | Suite 290       | Wildwood        | Baldwin County    | AL       | 36871      | United States |            -6 | apartment            |          1859.88
 AAAAAAAAHLFABAAA | Dr.          | Doris                | Mcclain                        | 441              | Chestnut          | Ln              | Suite Y         | Ashland         | Choctaw County    | AL       | 34244      | United States |            -6 | condo                |           2826.7
 AAAAAAAAHPDNAAAA | Mrs.         | Diane                | Crowe                          | 740              | Laurel Main       | Road            | Suite X         | Mountain View   | Greene County     | AL       | 34466      | United States |            -6 | condo                |          6358.69
 AAAAAAAAHPIABAAA | Sir          | Jordan               | Coffman                        | 174              | Twelfth           | Avenue          | Suite P         | Five Forks      | Dale County       | AL       | 32293      | United States |            -6 | apartment            |             2480
 AAAAAAAAIBFIBAAA | Dr.          | Christopher          | Ayala                          | 316              | Central           | Pkwy            | Suite 480       | Summit          | Geneva County     | AL       | 30499      | United States |            -6 | single family        |          7210.89
 AAAAAAAAIDPGBAAA | Dr.          | Heather              | Sorrell                        | 341              | Washington Park   | Ct.             | Suite 230       | Lewisburg       | Lowndes County    | AL       | 37538      | United States |            -6 | condo                |          3925.04
 AAAAAAAAIFHMAAAA | Miss         | Tina                 | Clifton                        | 468              | Jefferson         | Boulevard       | Suite 140       | Florence        | Henry County      | AL       | 33394      | United States |            -6 | apartment            |           1989.7
 AAAAAAAAIFKCAAAA | Mr.          | Thomas               | Pereira                        | 488              | South Center      | Lane            | Suite 370       | Forest Hills    | Shelby County     | AL       | 39237      | United States |            -6 | single family        |          1652.03
 AAAAAAAAIGCCBAAA | Mrs.         | Arlene               | Lewis                          | 426              | Hill Cedar        | RD              | Suite 320       | Bethel          | Conecuh County    | AL       | 35281      | United States |            -6 | single family        |          1699.01
 AAAAAAAAIHBABAAA | Ms.          | Sharon               | Terry                          | 943              | Main 2nd          | Circle          | Suite B         | Quincy          | Morgan County     | AL       | 33868      | United States |            -6 | apartment            |          3746.61
 AAAAAAAAIJMOAAAA | Dr.          | James                | Ainsworth                      | 803              | River First       | Blvd            | Suite V         | Kingston        | Monroe County     | AL       | 34975      | United States |            -6 | single family        |          2431.22
 AAAAAAAAIMHHAAAA | Ms.          | Gladys               | Martinez                       | 605              | Walnut            | Cir.            | Suite O         | Highland Park   | Choctaw County    | AL       | 36534      | United States |            -6 | condo                |          1633.04
 AAAAAAAAINMKAAAA | Dr.          | Jamal                | Newberry                       | 232              | Tenth             | Boulevard       | Suite 200       | Plainview       | Bullock County    | AL       | 33683      | United States |            -6 | condo                |           2158.6
 AAAAAAAAJCGHAAAA | Mrs.         | Elizabeth            | Zamora                         | 99               | 6th               | Street          | Suite 340       | Plainville      | Washington County | AL       | 36115      | United States |            -6 | single family        |          2017.88
 AAAAAAAAJCOGAAAA | Sir          | James                | Andrade                        |                  |                   | Ln              | Suite C         | Springdale      | Clay County       | AL       |            | United States |            -6 | single family        |          4419.79
 AAAAAAAAJFCCAAAA | Ms.          | Minnie               | Nelson                         | 906              | Spring Park       | Circle          | Suite 290       | Woodrow         | Geneva County     | AL       | 34273      | United States |            -6 | single family        |          2199.44
 AAAAAAAAJJLCAAAA | Dr.          | Claire               | Bible                          | 540              | West Lake         | Drive           | Suite Q         | Riverdale       | Jackson County    | AL       | 39391      | United States |            -6 | apartment            |          3715.22
 AAAAAAAAJLNDAAAA | Dr.          | Rosie                | Mcintosh                       | 109              | Mill Forest       | Lane            | Suite 20        | Silver Springs  | Henry County      | AL       | 34843      | United States |            -6 | single family        |          2225.87
 AAAAAAAAJMJHAAAA | Sir          | Michael              | Morton                         | 392              | Ridge             | Lane            | Suite N         | Leesville       | Shelby County     | AL       | 35423      | United States |            -6 | single family        |          3793.98
 AAAAAAAAJNCBBAAA | Mrs.         | Iliana               | Lang                           | 193              | Washington 9th    | Lane            | Suite 20        | Hamilton        | Madison County    | AL       | 32808      | United States |            -6 | apartment            |           2059.2
 AAAAAAAAJNKGBAAA | Dr.          | Deborah              | Williams                       | 273              | Hillcrest Willow  | Pkwy            | Suite W         | Cedar Grove     | Tallapoosa County | AL       | 30411      | United States |            -6 | apartment            |           3856.6
 AAAAAAAAJNOBAAAA | Mr.          | Christopher          | Williams                       | 417              | Oak               | Boulevard       | Suite N         | Woodland        | Wilcox County     | AL       | 34854      | United States |            -6 | single family        |          7479.96
 AAAAAAAAKACEBAAA | Dr.          | Larry                | Munoz                          | 838              | Cedar West        | Drive           | Suite 460       | Woodville       | Limestone County  | AL       | 34289      | United States |            -6 | condo                |          3197.34
 AAAAAAAAKAMCBAAA | Ms.          | Eleanor              | Nguyen                         | 464              | Laurel West       | Street          | Suite B         | Summit          | Henry County      | AL       | 30499      | United States |            -6 | condo                |          2181.44
 AAAAAAAAKGJCAAAA | Mrs.         | Tabitha              | Benton                         |                  | 8th Sunset        | Circle          | Suite 430       | Woodbine        |                   | AL       | 34253      | United States |               | apartment            |          4337.31
 AAAAAAAAKHCNAAAA | Sir          | Robert               | Harmon                         | 749              | Fourth 8th        | Drive           | Suite 230       | Whitesville     | Lamar County      | AL       | 35903      | United States |            -6 | single family        |          5972.43
 AAAAAAAAKJCJAAAA | Miss         | Ruth                 | Sanchez                        | 109              | Mill Forest       | Lane            | Suite 20        | Silver Springs  | Henry County      | AL       | 34843      | United States |            -6 | single family        |            13042
 AAAAAAAAKKFJAAAA | Dr.          | James                | Whiting                        | 175              | Broadway          | Boulevard       | Suite 70        | Oakdale         | Calhoun County    | AL       | 39584      | United States |            -6 | condo                |          1852.76
 AAAAAAAAKLHCBAAA | Dr.          | Jeremiah             | Scott                          | 565              | Woodland          | Ct.             | Suite 50        | Lebanon         | Choctaw County    | AL       | 32898      | United States |            -6 | condo                |          3433.64
 AAAAAAAAKMJNAAAA | Ms.          | Rosemary             | Joyce                          | 795              |                   | Way             | Suite 180       | Oakland         | Winston County    | AL       | 39843      | United States |            -6 | single family        |          5485.61
 AAAAAAAAKMNDBAAA | Mr.          | Enrique              | Ramirez                        | 609              | Lee               | Street          | Suite 390       | Cedar Grove     | Bibb County       | AL       | 30411      | United States |            -6 | apartment            |          2429.41
 AAAAAAAAKOBCAAAA | Sir          | Raymond              | Davis                          |                  | 8th Sunset        | Circle          | Suite 430       | Woodbine        |                   | AL       | 34253      | United States |               | apartment            |          1673.78
 AAAAAAAAKPGBBAAA | Sir          | Ronald               | Reid                           |                  | Lincoln           |                 | Suite F         | Arcola          |                   | AL       | 31654      |               |               |                      |          2974.13
 AAAAAAAALAHMAAAA | Sir          | John                 | Simmons                        | 349              | 7th               | Cir.            | Suite 410       | Highland        | Sumter County     | AL       | 39454      | United States |            -6 | apartment            |          15536.1
 AAAAAAAALDHHAAAA | Miss         | Alex                 | Mccain                         | 113              | Sunset            | Blvd            | Suite L         | Liberty         | Conecuh County    | AL       | 33451      | United States |            -6 | single family        |          2137.76
 AAAAAAAALDINAAAA | Ms.          | Jeannette            | Pitts                          | 8                | Ninth 7th         | Ct.             | Suite A         | Ruth            | Randolph County   | AL       | 30309      | United States |            -6 | apartment            |          6698.29
 AAAAAAAALECMAAAA |              |                      | Johnson                        | 605              | North             | Blvd            | Suite 440       | Elba            | Lee County        | AL       | 30262      | United States |            -6 | single family        |          5553.23
 AAAAAAAALELOAAAA | Mrs.         | Esther               | Spicer                         | 357              | Oak Sycamore      | Cir.            | Suite 200       | Pleasant Grove  | Chilton County    | AL       | 34136      | United States |            -6 | apartment            |          5431.44
 AAAAAAAALHMBBAAA | Miss         | Charlene             | Gibbs                          | 750              | Locust 11th       | Drive           | Suite 400       | Oakwood         | Dale County       | AL       | 30169      | United States |            -6 | apartment            |          7884.56
 AAAAAAAALIBIAAAA | Dr.          | Marc                 | Lynn                           | 403              | 6th 2nd           | Court           | Suite 30        | White Oak       | Blount County     | AL       | 36668      | United States |            -6 | condo                |          8132.04
 AAAAAAAALJENAAAA | Dr.          | Nicholas             | Garza                          | 535              | Lake              | RD              | Suite H         | Concord         | Russell County    | AL       | 34107      | United States |            -6 | single family        |          7314.58
(100 rows)

UPDATE time_statistics SET e_time = TRANSACTION_TIMESTAMP() WHERE template = 'query81.tpl' AND stream = 1;
psql:/tmp/s1-basline/throughput/query_1.sql:1694: NOTICE:  duration: 0.041 ms  plan:
Query Text: UPDATE time_statistics SET e_time = TRANSACTION_TIMESTAMP() WHERE template = 'query81.tpl' AND stream = 1;
Update on time_statistics  (cost=0.00..4.26 rows=0 width=0) (actual time=0.040..0.040 rows=0 loops=1)
  ->  Seq Scan on time_statistics  (cost=0.00..4.26 rows=1 width=14) (actual time=0.024..0.026 rows=1 loops=1)
        Filter: ((template = 'query81.tpl'::text) AND (stream = 1))
        Rows Removed by Filter: 112
UPDATE 1
LOAD 'auto_explain'; SET auto_explain.log_min_duration TO 0; SET auto_explain.log_analyze TO on; SET auto_explain.log_level TO notice; INSERT INTO time_statistics (template, s_time, stream, query, seed) VALUES ('../query_postgresql/query5.tpl', TRANSACTION_TIMESTAMP(), 1, 32, 1060245504);
LOAD
SET
SET
SET
psql:/tmp/s1-basline/throughput/query_1.sql:1695: NOTICE:  duration: 0.008 ms  plan:
Query Text: INSERT INTO time_statistics (template, s_time, stream, query, seed) VALUES ('../query_postgresql/query5.tpl', TRANSACTION_TIMESTAMP(), 1, 32, 1060245504);
Insert on time_statistics  (cost=0.00..0.01 rows=0 width=0) (actual time=0.008..0.008 rows=0 loops=1)
  ->  Result  (cost=0.00..0.01 rows=1 width=64) (actual time=0.002..0.002 rows=1 loops=1)
INSERT 0 1
with ssr as
 (select s_store_id,
        sum(sales_price) as sales,
        sum(profit) as profit,
        sum(return_amt) as returns,
        sum(net_loss) as profit_loss
 from
  ( select  ss_store_sk as store_sk,
            ss_sold_date_sk  as date_sk,
            ss_ext_sales_price as sales_price,
            ss_net_profit as profit,
            cast(0 as decimal(7,2)) as return_amt,
            cast(0 as decimal(7,2)) as net_loss
    from store_sales
    union all
    select sr_store_sk as store_sk,
           sr_returned_date_sk as date_sk,
           cast(0 as decimal(7,2)) as sales_price,
           cast(0 as decimal(7,2)) as profit,
           sr_return_amt as return_amt,
           sr_net_loss as net_loss
    from store_returns
   ) salesreturns,
     date_dim,
     store
 where date_sk = d_date_sk
       and d_date between cast('2002-08-03' as date) 
                  and (cast('2002-08-03' as date) + interval '14 days')
       and store_sk = s_store_sk
 group by s_store_id)
 ,
 csr as
 (select cp_catalog_page_id,
        sum(sales_price) as sales,
        sum(profit) as profit,
        sum(return_amt) as returns,
        sum(net_loss) as profit_loss
 from
  ( select  cs_catalog_page_sk as page_sk,
            cs_sold_date_sk  as date_sk,
            cs_ext_sales_price as sales_price,
            cs_net_profit as profit,
            cast(0 as decimal(7,2)) as return_amt,
            cast(0 as decimal(7,2)) as net_loss
    from catalog_sales
    union all
    select cr_catalog_page_sk as page_sk,
           cr_returned_date_sk as date_sk,
           cast(0 as decimal(7,2)) as sales_price,
           cast(0 as decimal(7,2)) as profit,
           cr_return_amount as return_amt,
           cr_net_loss as net_loss
    from catalog_returns
   ) salesreturns,
     date_dim,
     catalog_page
 where date_sk = d_date_sk
       and d_date between cast('2002-08-03' as date)
                  and (cast('2002-08-03' as date) + interval '14 days')
       and page_sk = cp_catalog_page_sk
 group by cp_catalog_page_id)
 ,
 wsr as
 (select web_site_id,
        sum(sales_price) as sales,
        sum(profit) as profit,
        sum(return_amt) as returns,
        sum(net_loss) as profit_loss
 from
  ( select  ws_web_site_sk as wsr_web_site_sk,
            ws_sold_date_sk  as date_sk,
            ws_ext_sales_price as sales_price,
            ws_net_profit as profit,
            cast(0 as decimal(7,2)) as return_amt,
            cast(0 as decimal(7,2)) as net_loss
    from web_sales
    union all
    select ws_web_site_sk as wsr_web_site_sk,
           wr_returned_date_sk as date_sk,
           cast(0 as decimal(7,2)) as sales_price,
           cast(0 as decimal(7,2)) as profit,
           wr_return_amt as return_amt,
           wr_net_loss as net_loss
    from web_returns left outer join web_sales on
         ( wr_item_sk = ws_item_sk
           and wr_order_number = ws_order_number)
   ) salesreturns,
     date_dim,
     web_site
 where date_sk = d_date_sk
       and d_date between cast('2002-08-03' as date)
                  and (cast('2002-08-03' as date) + interval '14 days')
       and wsr_web_site_sk = web_site_sk
 group by web_site_id)
  select  channel
        , id
        , sum(sales) as sales
        , sum(returns) as returns
        , sum(profit) as profit
 from 
 (select 'store channel' as channel
        , 'store' || s_store_id as id
        , sales
        , returns
        , (profit - profit_loss) as profit
 from   ssr
 union all
 select 'catalog channel' as channel
        , 'catalog_page' || cp_catalog_page_id as id
        , sales
        , returns
        , (profit - profit_loss) as profit
 from  csr
 union all
 select 'web channel' as channel
        , 'web_site' || web_site_id as id
        , sales
        , returns
        , (profit - profit_loss) as profit
 from   wsr
 ) x
 group by rollup (channel, id)
 order by channel
         ,id
 limit 100;
psql:/tmp/s1-basline/throughput/query_1.sql:1820: NOTICE:  duration: 2532.098 ms  plan:
Query Text: with ssr as
 (select s_store_id,
        sum(sales_price) as sales,
        sum(profit) as profit,
        sum(return_amt) as returns,
        sum(net_loss) as profit_loss
 from
  ( select  ss_store_sk as store_sk,
            ss_sold_date_sk  as date_sk,
            ss_ext_sales_price as sales_price,
            ss_net_profit as profit,
            cast(0 as decimal(7,2)) as return_amt,
            cast(0 as decimal(7,2)) as net_loss
    from store_sales
    union all
    select sr_store_sk as store_sk,
           sr_returned_date_sk as date_sk,
           cast(0 as decimal(7,2)) as sales_price,
           cast(0 as decimal(7,2)) as profit,
           sr_return_amt as return_amt,
           sr_net_loss as net_loss
    from store_returns
   ) salesreturns,
     date_dim,
     store
 where date_sk = d_date_sk
       and d_date between cast('2002-08-03' as date) 
                  and (cast('2002-08-03' as date) + interval '14 days')
       and store_sk = s_store_sk
 group by s_store_id)
 ,
 csr as
 (select cp_catalog_page_id,
        sum(sales_price) as sales,
        sum(profit) as profit,
        sum(return_amt) as returns,
        sum(net_loss) as profit_loss
 from
  ( select  cs_catalog_page_sk as page_sk,
            cs_sold_date_sk  as date_sk,
            cs_ext_sales_price as sales_price,
            cs_net_profit as profit,
            cast(0 as decimal(7,2)) as return_amt,
            cast(0 as decimal(7,2)) as net_loss
    from catalog_sales
    union all
    select cr_catalog_page_sk as page_sk,
           cr_returned_date_sk as date_sk,
           cast(0 as decimal(7,2)) as sales_price,
           cast(0 as decimal(7,2)) as profit,
           cr_return_amount as return_amt,
           cr_net_loss as net_loss
    from catalog_returns
   ) salesreturns,
     date_dim,
     catalog_page
 where date_sk = d_date_sk
       and d_date between cast('2002-08-03' as date)
                  and (cast('2002-08-03' as date) + interval '14 days')
       and page_sk = cp_catalog_page_sk
 group by cp_catalog_page_id)
 ,
 wsr as
 (select web_site_id,
        sum(sales_price) as sales,
        sum(profit) as profit,
        sum(return_amt) as returns,
        sum(net_loss) as profit_loss
 from
  ( select  ws_web_site_sk as wsr_web_site_sk,
            ws_sold_date_sk  as date_sk,
            ws_ext_sales_price as sales_price,
            ws_net_profit as profit,
            cast(0 as decimal(7,2)) as return_amt,
            cast(0 as decimal(7,2)) as net_loss
    from web_sales
    union all
    select ws_web_site_sk as wsr_web_site_sk,
           wr_returned_date_sk as date_sk,
           cast(0 as decimal(7,2)) as sales_price,
           cast(0 as decimal(7,2)) as profit,
           wr_return_amt as return_amt,
           wr_net_loss as net_loss
    from web_returns left outer join web_sales on
         ( wr_item_sk = ws_item_sk
           and wr_order_number = ws_order_number)
   ) salesreturns,
     date_dim,
     web_site
 where date_sk = d_date_sk
       and d_date between cast('2002-08-03' as date)
                  and (cast('2002-08-03' as date) + interval '14 days')
       and wsr_web_site_sk = web_site_sk
 group by web_site_id)
  select  channel
        , id
        , sum(sales) as sales
        , sum(returns) as returns
        , sum(profit) as profit
 from 
 (select 'store channel' as channel
        , 'store' || s_store_id as id
        , sales
        , returns
        , (profit - profit_loss) as profit
 from   ssr
 union all
 select 'catalog channel' as channel
        , 'catalog_page' || cp_catalog_page_id as id
        , sales
        , returns
        , (profit - profit_loss) as profit
 from  csr
 union all
 select 'web channel' as channel
        , 'web_site' || web_site_id as id
        , sales
        , returns
        , (profit - profit_loss) as profit
 from   wsr
 ) x
 group by rollup (channel, id)
 order by channel
         ,id
 limit 100;
Limit  (cost=223498.75..223511.58 rows=100 width=88) (actual time=2426.868..2532.033 rows=100 loops=1)
  ->  GroupAggregate  (cost=223498.75..223550.21 rows=401 width=88) (actual time=2426.867..2532.026 rows=100 loops=1)
        Group Key: ('store channel'::text), (('store'::text || (ssr.s_store_id)::text))
        Group Key: ('store channel'::text)
        Group Key: ()
        ->  Gather Merge  (cost=223498.75..223541.60 rows=368 width=88) (actual time=2426.858..2531.970 rows=101 loops=1)
              Workers Planned: 2
              Workers Launched: 2
              ->  Sort  (cost=222498.72..222499.10 rows=153 width=88) (actual time=1538.211..1538.230 rows=230 loops=3)
                    Sort Key: ('store channel'::text), (('store'::text || (ssr.s_store_id)::text))
                    Sort Method: quicksort  Memory: 26kB
                    Worker 0:  Sort Method: quicksort  Memory: 105kB
                    Worker 1:  Sort Method: quicksort  Memory: 25kB
                    ->  Parallel Append  (cost=3.15..222493.17 rows=153 width=88) (actual time=1523.440..1538.036 rows=252 loops=3)
                          ->  Subquery Scan on ssr  (cost=3.15..214701.85 rows=6 width=88) (actual time=2380.490..2418.906 rows=6 loops=1)
                                ->  GroupAggregate  (cost=3.15..214701.74 rows=6 width=49) (actual time=2380.486..2418.897 rows=6 loops=1)
                                      Group Key: store.s_store_id
                                      ->  Nested Loop  (cost=3.15..214701.16 rows=42 width=49) (actual time=4.633..2415.170 rows=30244 loops=1)
                                            Join Filter: ("*SELECT* 1".store_sk = store.s_store_sk)
                                            Rows Removed by Join Filter: 341696
                                            ->  Index Scan using i_s_store_id on store  (cost=0.14..3.62 rows=12 width=25) (actual time=0.062..0.071 rows=12 loops=1)
                                            ->  Materialize  (cost=3.01..214574.54 rows=693 width=40) (actual time=0.042..199.055 rows=30995 loops=12)
                                                  ->  Hash Join  (cost=3.01..214571.07 rows=693 width=40) (actual time=0.500..2367.126 rows=30995 loops=1)
                                                        Hash Cond: ("*SELECT* 1".date_sk = date_dim.d_date_sk)
                                                        ->  Append  (cost=0.00..174607.84 rows=3165128 width=48) (actual time=0.039..2167.867 rows=3165100 loops=1)
                                                              ->  Subquery Scan on "*SELECT* 1"  (cost=0.00..145080.90 rows=2877956 width=48) (actual time=0.038..1822.829 rows=2877928 loops=1)
                                                                    ->  Seq Scan on store_sales  (cost=0.00..101911.56 rows=2877956 width=60) (actual time=0.031..1000.084 rows=2877928 loops=1)
                                                              ->  Subquery Scan on "*SELECT* 2"  (cost=0.00..13701.30 rows=287172 width=48) (actual time=0.037..156.386 rows=287172 loops=1)
                                                                    ->  Seq Scan on store_returns  (cost=0.00..9393.72 rows=287172 width=60) (actual time=0.036..74.101 rows=287172 loops=1)
                                                        ->  Hash  (cost=2.81..2.81 rows=16 width=8) (actual time=0.082..0.083 rows=15 loops=1)
                                                              Buckets: 1024  Batches: 1  Memory Usage: 9kB
                                                              ->  Index Scan using i_d_date on date_dim  (cost=0.29..2.81 rows=16 width=8) (actual time=0.074..0.077 rows=15 loops=1)
                                                                    Index Cond: ((d_date >= '2002-08-03'::date) AND (d_date <= '2002-08-17 00:00:00'::timestamp without time zone))
                          ->  Subquery Scan on csr  (cost=125216.79..125231.53 rows=347 width=88) (actual time=1390.276..1394.075 rows=735 loops=1)
                                ->  GroupAggregate  (cost=125216.79..125225.46 rows=347 width=49) (actual time=1390.273..1393.864 rows=735 loops=1)
                                      Group Key: catalog_page.cp_catalog_page_id
                                      ->  Sort  (cost=125216.79..125217.65 rows=347 width=49) (actual time=1390.262..1390.994 rows=16266 loops=1)
                                            Sort Key: catalog_page.cp_catalog_page_id
                                            Worker 0:  Sort Method: quicksort  Memory: 1909kB
                                            ->  Nested Loop  (cost=3.30..125202.14 rows=347 width=49) (actual time=1081.111..1362.334 rows=16266 loops=1)
                                                  ->  Hash Join  (cost=3.01..125097.11 rows=347 width=40) (actual time=1059.640..1341.337 rows=16320 loops=1)
                                                        Hash Cond: ("*SELECT* 1_1".date_sk = date_dim_1.d_date_sk)
                                                        ->  Append  (cost=0.00..105099.45 rows=1583715 width=48) (actual time=0.040..1240.879 rows=1583718 loops=1)
                                                              ->  Subquery Scan on "*SELECT* 1_1"  (cost=0.00..89254.20 rows=1439408 width=48) (actual time=0.040..1055.525 rows=1439411 loops=1)
                                                                    ->  Seq Scan on catalog_sales  (cost=0.00..67663.08 rows=1439408 width=60) (actual time=0.033..636.420 rows=1439411 loops=1)
                                                              ->  Subquery Scan on "*SELECT* 2_1"  (cost=0.00..7926.67 rows=144307 width=48) (actual time=0.042..90.934 rows=144307 loops=1)
                                                                    ->  Seq Scan on catalog_returns  (cost=0.00..5762.07 rows=144307 width=60) (actual time=0.041..49.655 rows=144307 loops=1)
                                                        ->  Hash  (cost=2.81..2.81 rows=16 width=8) (actual time=0.084..0.085 rows=15 loops=1)
                                                              Buckets: 1024  Batches: 1  Memory Usage: 9kB
                                                              ->  Index Scan using i_d_date on date_dim date_dim_1  (cost=0.29..2.81 rows=16 width=8) (actual time=0.077..0.080 rows=15 loops=1)
                                                                    Index Cond: ((d_date >= '2002-08-03'::date) AND (d_date <= '2002-08-17 00:00:00'::timestamp without time zone))
                                                  ->  Index Scan using pk_catalog_page on catalog_page  (cost=0.29..0.30 rows=1 width=25) (actual time=0.001..0.001 rows=1 loops=16320)
                                                        Index Cond: (cp_catalog_page_sk = "*SELECT* 1_1".page_sk)
                          ->  Subquery Scan on wsr  (cost=97260.07..97260.87 rows=15 width=88) (actual time=799.552..801.057 rows=15 loops=1)
                                ->  GroupAggregate  (cost=97260.07..97260.61 rows=15 width=49) (actual time=799.548..801.048 rows=15 loops=1)
                                      Group Key: web_site.web_site_id
                                      ->  Sort  (cost=97260.07..97260.13 rows=26 width=49) (actual time=799.439..799.766 rows=8052 loops=1)
                                            Sort Key: web_site.web_site_id
                                            Sort Method: quicksort  Memory: 947kB
                                            ->  Nested Loop  (cost=3.01..97259.46 rows=26 width=49) (actual time=0.289..794.596 rows=8052 loops=1)
                                                  Join Filter: ("*SELECT* 1_2".wsr_web_site_sk = web_site.web_site_sk)
                                                  Rows Removed by Join Filter: 114075
                                                  ->  Hash Join  (cost=3.01..97179.65 rows=173 width=40) (actual time=0.271..781.959 rows=8052 loops=1)
                                                        Hash Cond: ("*SELECT* 1_2".date_sk = date_dim_2.d_date_sk)
                                                        ->  Append  (cost=0.00..87186.50 rows=791289 width=48) (actual time=0.008..730.140 rows=791289 loops=1)
                                                              ->  Subquery Scan on "*SELECT* 1_2"  (cost=0.00..44633.85 rows=719474 width=48) (actual time=0.007..400.144 rows=719474 loops=1)
                                                                    ->  Seq Scan on web_sales  (cost=0.00..33841.74 rows=719474 width=60) (actual time=0.005..198.227 rows=719474 loops=1)
                                                              ->  Subquery Scan on "*SELECT* 2_2"  (cost=0.43..38596.20 rows=71815 width=48) (actual time=0.029..282.983 rows=71815 loops=1)
                                                                    ->  Nested Loop Left Join  (cost=0.43..37518.98 rows=71815 width=60) (actual time=0.028..257.526 rows=71815 loops=1)
                                                                          ->  Seq Scan on web_returns  (cost=0.00..2610.15 rows=71815 width=40) (actual time=0.006..5.760 rows=71815 loops=1)
                                                                          ->  Memoize  (cost=0.43..0.90 rows=1 width=24) (actual time=0.003..0.003 rows=1 loops=71815)
                                                                                Cache Key: web_returns.wr_item_sk, web_returns.wr_order_number
                                                                                Cache Mode: logical
                                                                                Hits: 0  Misses: 71815  Evictions: 0  Overflows: 0  Memory Usage: 9538kB
                                                                                ->  Index Scan using pk_web_sales on web_sales web_sales_1  (cost=0.42..0.89 rows=1 width=24) (actual time=0.002..0.002 rows=1 loops=71815)
                                                                                      Index Cond: ((ws_item_sk = web_returns.wr_item_sk) AND (ws_order_number = web_returns.wr_order_number))
                                                        ->  Hash  (cost=2.81..2.81 rows=16 width=8) (actual time=0.015..0.016 rows=15 loops=1)
                                                              Buckets: 1024  Batches: 1  Memory Usage: 9kB
                                                              ->  Index Scan using i_d_date on date_dim date_dim_2  (cost=0.29..2.81 rows=16 width=8) (actual time=0.009..0.013 rows=15 loops=1)
                                                                    Index Cond: ((d_date >= '2002-08-03'::date) AND (d_date <= '2002-08-17 00:00:00'::timestamp without time zone))
                                                  ->  Materialize  (cost=0.00..2.45 rows=30 width=25) (actual time=0.000..0.001 rows=15 loops=8052)
                                                        ->  Seq Scan on web_site  (cost=0.00..2.30 rows=30 width=25) (actual time=0.003..0.008 rows=30 loops=1)
     channel     |              id              |       sales        |      returns       |       profit        
-----------------+------------------------------+--------------------+--------------------+---------------------
 catalog channel | catalog_pageAAAAAAAAAABCAAAA | 15269.050000000001 |                  0 | -1237.8099999999993
 catalog channel | catalog_pageAAAAAAAAAAPBAAAA | 209318.58000000002 |             641.72 |  3994.3099999999986
 catalog channel | catalog_pageAAAAAAAAABACAAAA |                  0 |              77.76 |             -310.23
 catalog channel | catalog_pageAAAAAAAAABBCAAAA |           11230.73 |                  0 | -1022.1899999999999
 catalog channel | catalog_pageAAAAAAAAABPBAAAA | 190324.34000000003 |            2082.88 |  -1418.169999999997
 catalog channel | catalog_pageAAAAAAAAACACAAAA |                  0 |             117.81 |             -118.69
 catalog channel | catalog_pageAAAAAAAAACBCAAAA |           16882.95 |             122.04 |             1195.04
 catalog channel | catalog_pageAAAAAAAAACIBAAAA |                  0 |            2443.68 |            -2354.96
 catalog channel | catalog_pageAAAAAAAAACPBAAAA | 179063.92000000004 |            6831.16 |  3568.1900000000014
 catalog channel | catalog_pageAAAAAAAAADBCAAAA |           23599.18 |                  0 |  1798.5500000000002
 catalog channel | catalog_pageAAAAAAAAADIBAAAA |                  0 |             177.96 |             -210.16
 catalog channel | catalog_pageAAAAAAAAADPBAAAA |           158902.6 |                  0 |  -4300.860000000002
 catalog channel | catalog_pageAAAAAAAAAEACAAAA |                  0 |            3003.04 |            -2028.43
 catalog channel | catalog_pageAAAAAAAAAEBCAAAA | 29186.210000000003 |                  0 |  1710.7599999999998
 catalog channel | catalog_pageAAAAAAAAAEPBAAAA | 112396.76999999997 |                  0 |            14262.93
 catalog channel | catalog_pageAAAAAAAAAFBCAAAA | 2593.6399999999994 |                  0 |  -5139.130000000001
 catalog channel | catalog_pageAAAAAAAAAFHBAAAA |                  0 |              782.2 |             -329.42
 catalog channel | catalog_pageAAAAAAAAAFPBAAAA | 118522.79999999999 |                  0 | -11552.120000000003
 catalog channel | catalog_pageAAAAAAAAAGACAAAA |                  0 |                 69 |             -127.26
 catalog channel | catalog_pageAAAAAAAAAGBCAAAA |  92078.24999999999 |                  0 | -15851.079999999996
 catalog channel | catalog_pageAAAAAAAAAGHBAAAA |                  0 |             466.62 |             -444.01
 catalog channel | catalog_pageAAAAAAAAAGPBAAAA | 117232.69000000002 |                  0 |  -34229.27999999999
 catalog channel | catalog_pageAAAAAAAAAHBCAAAA |           32662.25 |                  0 |           -15187.23
 catalog channel | catalog_pageAAAAAAAAAHHBAAAA |                  0 |             472.46 |              -322.6
 catalog channel | catalog_pageAAAAAAAAAHOBAAAA |                  0 |            7558.28 |            -6358.41
 catalog channel | catalog_pageAAAAAAAAAHPBAAAA |          125573.71 |             216.25 |  -33684.95999999999
 catalog channel | catalog_pageAAAAAAAAAIBCAAAA |  70600.65999999997 |                  0 |   6508.240000000001
 catalog channel | catalog_pageAAAAAAAAAIOBAAAA |                  0 |            5320.62 | -3917.3999999999996
 catalog channel | catalog_pageAAAAAAAAAIPBAAAA |           79918.23 |                330 |  -9689.720000000001
 catalog channel | catalog_pageAAAAAAAAAJBCAAAA |  98365.34999999999 |                  0 |  -2231.939999999999
 catalog channel | catalog_pageAAAAAAAAAJOBAAAA |                  0 |            2270.73 |             -801.32
 catalog channel | catalog_pageAAAAAAAAAJPBAAAA | 101574.35000000002 |                  0 |  -6211.480000000003
 catalog channel | catalog_pageAAAAAAAAAKBCAAAA |           74067.07 |                  0 | -26571.679999999993
 catalog channel | catalog_pageAAAAAAAAAKLBAAAA |                  0 |            1184.12 |               -1416
 catalog channel | catalog_pageAAAAAAAAAKOBAAAA |                  0 |            2709.56 |            -2036.55
 catalog channel | catalog_pageAAAAAAAAAKPBAAAA | 109081.81000000001 |                  0 |             5008.08
 catalog channel | catalog_pageAAAAAAAAALACAAAA |                  0 |             1358.3 |             -681.91
 catalog channel | catalog_pageAAAAAAAAALBCAAAA |  63978.99999999999 |                  0 |           -15472.18
 catalog channel | catalog_pageAAAAAAAAALOBAAAA |                  0 |              368.5 |             -180.16
 catalog channel | catalog_pageAAAAAAAAALPBAAAA |                  0 |                663 |             -199.63
 catalog channel | catalog_pageAAAAAAAAAMBCAAAA |  71428.69999999998 |                  0 |  -682.8599999999996
 catalog channel | catalog_pageAAAAAAAAAMOBAAAA |                  0 |            8852.62 |            -7015.53
 catalog channel | catalog_pageAAAAAAAAANOBAAAA | 218321.66999999998 | 382.01000000000005 |   19847.82999999999
 catalog channel | catalog_pageAAAAAAAAAOOBAAAA | 110437.93000000001 |            1880.84 | -23804.700000000004
 catalog channel | catalog_pageAAAAAAAAAPACAAAA |  7806.620000000001 |                  0 | -397.34999999999997
 catalog channel | catalog_pageAAAAAAAAAPOBAAAA |          143712.39 |                  0 |  -23300.96000000001
 catalog channel | catalog_pageAAAAAAAABABCAAAA |            29337.6 |                  0 |             6608.13
 catalog channel | catalog_pageAAAAAAAABAPBAAAA |          207295.26 |                  0 |           -37018.42
 catalog channel | catalog_pageAAAAAAAABBBCAAAA |            25138.9 |                  0 |            -9415.25
 catalog channel | catalog_pageAAAAAAAABBPBAAAA | 143099.94999999998 |                  0 |  -42717.11000000001
 catalog channel | catalog_pageAAAAAAAABCBCAAAA |           17832.73 |                  0 |            -5837.39
 catalog channel | catalog_pageAAAAAAAABCPBAAAA | 196306.15000000005 |            5290.56 | -30135.719999999994
 catalog channel | catalog_pageAAAAAAAABDBCAAAA |  9584.519999999999 |                  0 | -2292.3599999999997
 catalog channel | catalog_pageAAAAAAAABDPBAAAA |          181521.81 |                  0 | -14936.670000000002
 catalog channel | catalog_pageAAAAAAAABEACAAAA |                  0 |             627.13 |             -390.25
 catalog channel | catalog_pageAAAAAAAABEBCAAAA |           10187.68 |                  0 |              677.55
 catalog channel | catalog_pageAAAAAAAABEPBAAAA |           86142.56 |            3186.99 |           -13422.86
 catalog channel | catalog_pageAAAAAAAABFBCAAAA |            9430.71 |                  0 |            -4459.65
 catalog channel | catalog_pageAAAAAAAABFHBAAAA |                  0 |            5642.87 |             -623.82
 catalog channel | catalog_pageAAAAAAAABFPBAAAA |           86702.41 |                  0 | -14857.349999999999
 catalog channel | catalog_pageAAAAAAAABGBCAAAA |  56716.59000000001 |                  0 |  -9234.190000000002
 catalog channel | catalog_pageAAAAAAAABGOBAAAA |                  0 | 13342.730000000001 | -7579.8099999999995
 catalog channel | catalog_pageAAAAAAAABGPBAAAA |          112598.77 |                  0 |  15892.749999999998
 catalog channel | catalog_pageAAAAAAAABHBCAAAA |            92549.8 |                  0 |           -15484.65
 catalog channel | catalog_pageAAAAAAAABHHBAAAA |                  0 |            3154.88 | -491.16999999999996
 catalog channel | catalog_pageAAAAAAAABHIBAAAA |                  0 |              507.3 |             -372.23
 catalog channel | catalog_pageAAAAAAAABHLBAAAA |                  0 |             502.71 |             -500.08
 catalog channel | catalog_pageAAAAAAAABHOBAAAA |                  0 | 3831.0199999999995 | -2484.6299999999997
 catalog channel | catalog_pageAAAAAAAABHPBAAAA |  53581.39000000001 |                  0 | -14330.409999999998
 catalog channel | catalog_pageAAAAAAAABIBCAAAA | 61937.630000000005 |                  0 |  -5427.840000000001
 catalog channel | catalog_pageAAAAAAAABIOBAAAA |                  0 |            8537.46 |            -3065.62
 catalog channel | catalog_pageAAAAAAAABIPBAAAA | 151270.94999999998 |              64.38 |  -8690.670000000006
 catalog channel | catalog_pageAAAAAAAABJBCAAAA |  95759.37000000001 |                  0 |   381.7699999999991
 catalog channel | catalog_pageAAAAAAAABJHBAAAA |                  0 |             156.78 |              -89.42
 catalog channel | catalog_pageAAAAAAAABJOBAAAA |                  0 |            1024.69 |            -1444.69
 catalog channel | catalog_pageAAAAAAAABJPBAAAA |           70395.75 |                  0 | -13338.860000000002
 catalog channel | catalog_pageAAAAAAAABKBCAAAA |  54124.15999999999 |                  0 | -20972.030000000002
 catalog channel | catalog_pageAAAAAAAABKOBAAAA |                  0 |            1479.81 |            -1018.55
 catalog channel | catalog_pageAAAAAAAABKPBAAAA |  66134.64000000001 |              765.3 |  -21827.11999999999
 catalog channel | catalog_pageAAAAAAAABLBCAAAA |           39887.56 |                  0 | -18379.370000000003
 catalog channel | catalog_pageAAAAAAAABLOBAAAA |                  0 |            4095.25 |            -7855.36
 catalog channel | catalog_pageAAAAAAAABNOBAAAA |          140902.78 |               8.72 | -23853.329999999998
 catalog channel | catalog_pageAAAAAAAABOOBAAAA | 199214.62000000005 |            1924.74 |  -2926.040000000005
 catalog channel | catalog_pageAAAAAAAABPACAAAA | 16323.830000000002 |                  0 |           -15614.26
 catalog channel | catalog_pageAAAAAAAABPOBAAAA |  215095.7000000001 |                  0 |   40762.39000000001
 catalog channel | catalog_pageAAAAAAAACAACAAAA |                  0 |            1543.68 |            -3326.13
 catalog channel | catalog_pageAAAAAAAACABCAAAA |           27687.51 |                  0 |  1535.5700000000004
 catalog channel | catalog_pageAAAAAAAACAPBAAAA | 179887.20000000007 |              44.72 | -11641.820000000005
 catalog channel | catalog_pageAAAAAAAACBBCAAAA | 25172.390000000003 |                  0 |  3661.7799999999997
 catalog channel | catalog_pageAAAAAAAACBPBAAAA |          168490.08 |             779.46 |  -43523.01999999999
 catalog channel | catalog_pageAAAAAAAACCBCAAAA |            3986.42 |                  0 |            -7217.52
 catalog channel | catalog_pageAAAAAAAACCPBAAAA | 183358.81999999995 |             874.67 |           -36095.55
 catalog channel | catalog_pageAAAAAAAACDBCAAAA |           28052.58 |                  0 |  -730.1400000000001
 catalog channel | catalog_pageAAAAAAAACDIBAAAA |                  0 |                    |                    
 catalog channel | catalog_pageAAAAAAAACDPBAAAA | 185270.83999999994 |                  0 |           -33085.21
 catalog channel | catalog_pageAAAAAAAACEBCAAAA | 23154.239999999998 |                  0 |  2712.7200000000003
 catalog channel | catalog_pageAAAAAAAACELBAAAA |                  0 |            1948.75 |            -1000.21
 catalog channel | catalog_pageAAAAAAAACEPBAAAA |           86013.57 |                  0 |            -3103.21
 catalog channel | catalog_pageAAAAAAAACFBCAAAA |           28049.02 |                  0 |             9286.43
 catalog channel | catalog_pageAAAAAAAACFPBAAAA |            67978.5 |             2681.5 | -2555.3200000000006
(100 rows)

UPDATE time_statistics SET e_time = TRANSACTION_TIMESTAMP() WHERE template = '../query_postgresql/query5.tpl' AND stream = 1;
psql:/tmp/s1-basline/throughput/query_1.sql:1822: NOTICE:  duration: 0.034 ms  plan:
Query Text: UPDATE time_statistics SET e_time = TRANSACTION_TIMESTAMP() WHERE template = '../query_postgresql/query5.tpl' AND stream = 1;
Update on time_statistics  (cost=0.00..4.71 rows=0 width=0) (actual time=0.033..0.033 rows=0 loops=1)
  ->  Seq Scan on time_statistics  (cost=0.00..4.71 rows=1 width=14) (actual time=0.020..0.021 rows=1 loops=1)
        Filter: ((template = '../query_postgresql/query5.tpl'::text) AND (stream = 1))
        Rows Removed by Filter: 113
UPDATE 1
LOAD 'auto_explain'; SET auto_explain.log_min_duration TO 0; SET auto_explain.log_analyze TO on; SET auto_explain.log_level TO notice; INSERT INTO time_statistics (template, s_time, stream, query, seed) VALUES ('query26.tpl', TRANSACTION_TIMESTAMP(), 1, 33, 603107852);
LOAD
SET
SET
SET
psql:/tmp/s1-basline/throughput/query_1.sql:1823: NOTICE:  duration: 0.019 ms  plan:
Query Text: INSERT INTO time_statistics (template, s_time, stream, query, seed) VALUES ('query26.tpl', TRANSACTION_TIMESTAMP(), 1, 33, 603107852);
Insert on time_statistics  (cost=0.00..0.01 rows=0 width=0) (actual time=0.019..0.019 rows=0 loops=1)
  ->  Result  (cost=0.00..0.01 rows=1 width=64) (actual time=0.001..0.001 rows=1 loops=1)
INSERT 0 1
select  i_item_id, 
        avg(cs_quantity) agg1,
        avg(cs_list_price) agg2,
        avg(cs_coupon_amt) agg3,
        avg(cs_sales_price) agg4 
 from catalog_sales, customer_demographics, date_dim, item, promotion
 where cs_sold_date_sk = d_date_sk and
       cs_item_sk = i_item_sk and
       cs_bill_cdemo_sk = cd_demo_sk and
       cs_promo_sk = p_promo_sk and
       cd_gender = 'F' and 
       cd_marital_status = 'D' and
       cd_education_status = '2 yr Degree' and
       (p_channel_email = 'N' or p_channel_event = 'N') and
       d_year = 2002 
 group by i_item_id
 order by i_item_id
 limit 100;
psql:/tmp/s1-basline/throughput/query_1.sql:1841: NOTICE:  duration: 658.383 ms  plan:
Query Text: select  i_item_id, 
        avg(cs_quantity) agg1,
        avg(cs_list_price) agg2,
        avg(cs_coupon_amt) agg3,
        avg(cs_sales_price) agg4 
 from catalog_sales, customer_demographics, date_dim, item, promotion
 where cs_sold_date_sk = d_date_sk and
       cs_item_sk = i_item_sk and
       cs_bill_cdemo_sk = cd_demo_sk and
       cs_promo_sk = p_promo_sk and
       cd_gender = 'F' and 
       cd_marital_status = 'D' and
       cd_education_status = '2 yr Degree' and
       (p_channel_email = 'N' or p_channel_event = 'N') and
       d_year = 2002 
 group by i_item_id
 order by i_item_id
 limit 100;
Limit  (cost=24582.56..24586.06 rows=100 width=73) (actual time=658.190..658.315 rows=100 loops=1)
  ->  GroupAggregate  (cost=24582.56..24586.13 rows=102 width=73) (actual time=658.189..658.306 rows=100 loops=1)
        Group Key: item.i_item_id
        ->  Sort  (cost=24582.56..24582.81 rows=102 width=45) (actual time=658.169..658.176 rows=120 loops=1)
              Sort Key: item.i_item_id
              Sort Method: quicksort  Memory: 559kB
              ->  Nested Loop  (cost=1.29..24579.15 rows=102 width=45) (actual time=4.429..646.518 rows=4263 loops=1)
                    ->  Nested Loop  (cost=1.00..24547.94 rows=102 width=36) (actual time=4.423..637.268 rows=4263 loops=1)
                          ->  Nested Loop  (cost=0.85..24530.43 rows=103 width=44) (actual time=4.421..631.997 rows=4295 loops=1)
                                ->  Nested Loop  (cost=0.43..21168.73 rows=7110 width=52) (actual time=4.159..130.331 rows=286027 loops=1)
                                      ->  Seq Scan on date_dim  (cost=0.00..2318.11 rows=363 width=8) (actual time=4.147..8.556 rows=365 loops=1)
                                            Filter: (d_year = 2002)
                                            Rows Removed by Filter: 72684
                                      ->  Index Scan using i_cs_sold_date_sk on catalog_sales  (cost=0.43..44.11 rows=782 width=60) (actual time=0.004..0.178 rows=784 loops=365)
                                            Index Cond: (cs_sold_date_sk = date_dim.d_date_sk)
                                ->  Index Scan using pk_customer_demographics on customer_demographics  (cost=0.43..0.47 rows=1 width=8) (actual time=0.002..0.002 rows=0 loops=286027)
                                      Index Cond: (cd_demo_sk = catalog_sales.cs_bill_cdemo_sk)
                                      Filter: ((cd_gender = 'F'::bpchar) AND (cd_marital_status = 'D'::bpchar) AND (cd_education_status = '2 yr Degree'::bpchar))
                                      Rows Removed by Filter: 1
                          ->  Index Scan using pk_promotion on promotion  (cost=0.15..0.17 rows=1 width=8) (actual time=0.001..0.001 rows=1 loops=4295)
                                Index Cond: (p_promo_sk = catalog_sales.cs_promo_sk)
                                Filter: ((p_channel_email = 'N'::bpchar) OR (p_channel_event = 'N'::bpchar))
                                Rows Removed by Filter: 0
                    ->  Index Scan using pk_item on item  (cost=0.29..0.31 rows=1 width=25) (actual time=0.002..0.002 rows=1 loops=4263)
                          Index Cond: (i_item_sk = catalog_sales.cs_item_sk)
    i_item_id     |          agg1          |        agg2        |        agg3        |        agg4        
------------------+------------------------+--------------------+--------------------+--------------------
 AAAAAAAAAAABAAAA |     6.0000000000000000 |              59.18 |                  0 |              53.85
 AAAAAAAAAAACAAAA |    73.0000000000000000 |              31.99 |                  0 |               0.95
 AAAAAAAAAABAAAAA |    81.0000000000000000 |              41.51 |                  0 |               30.3
 AAAAAAAAAABDAAAA |    28.0000000000000000 |               26.1 |                  0 |              19.05
 AAAAAAAAAABEAAAA |    98.0000000000000000 |              17.85 |                  0 |              16.77
 AAAAAAAAAADBAAAA |    56.0000000000000000 | 139.20499999999998 |            1503.42 |              65.92
 AAAAAAAAAADCAAAA |    49.0000000000000000 |             116.44 |                  0 |              62.87
 AAAAAAAAAAEBAAAA |    20.0000000000000000 |             187.24 |                  0 |             125.45
 AAAAAAAAAAHAAAAA |    31.5000000000000000 |              97.97 |               3.03 |              60.23
 AAAAAAAAAAIAAAAA |    63.0000000000000000 |              14.86 |               5.46 |               0.14
 AAAAAAAAAAJBAAAA |    63.0000000000000000 |               9.12 |               4.01 |               3.19
 AAAAAAAAAAKAAAAA |    37.0000000000000000 |             129.18 |                  0 |             117.55
 AAAAAAAAAAKDAAAA |    81.0000000000000000 |              86.21 |                  0 |              42.24
 AAAAAAAAAALCAAAA |    75.5000000000000000 | 142.76999999999998 |                  0 |             93.365
 AAAAAAAAAALDAAAA |    37.0000000000000000 |             109.39 |             229.65 | 17.814999999999998
 AAAAAAAAAAMBAAAA |    72.0000000000000000 |              81.49 |                  0 |               9.77
 AAAAAAAAAAMCAAAA |    62.0000000000000000 |              70.73 |                  0 |               58.7
 AAAAAAAAAAODAAAA |    20.0000000000000000 |             106.49 |             815.23 |              61.76
 AAAAAAAAAAPCAAAA |    58.0000000000000000 |              33.92 |                  0 |               8.81
 AAAAAAAAABAAAAAA |    39.0000000000000000 |             231.12 |                  0 |              69.33
 AAAAAAAAABABAAAA |    93.0000000000000000 | 16.880000000000003 |                  0 |             13.275
 AAAAAAAAABADAAAA |    36.5000000000000000 |             159.38 |             574.13 |            110.015
 AAAAAAAAABAEAAAA |    36.0000000000000000 |              54.66 |                  0 |              19.13
 AAAAAAAAABBCAAAA |    91.0000000000000000 |             154.77 |                  0 |             134.64
 AAAAAAAAABBDAAAA |    21.0000000000000000 |              29.08 |                  0 |              10.17
 AAAAAAAAABCEAAAA |    48.0000000000000000 |             239.25 |                  0 |              74.16
 AAAAAAAAABDBAAAA |    44.0000000000000000 |             159.77 |                  0 |              76.68
 AAAAAAAAABEAAAAA |    14.0000000000000000 |              35.12 |                  0 |               9.48
 AAAAAAAAABFEAAAA |    90.5000000000000000 |            156.825 |                  0 |             76.335
 AAAAAAAAABHDAAAA |    31.0000000000000000 |              13.56 |              13.61 |               2.44
 AAAAAAAAABIBAAAA |    99.0000000000000000 |             138.17 |                  0 |              27.63
 AAAAAAAAABJAAAAA |    91.0000000000000000 |               79.2 |                  0 |               4.75
 AAAAAAAAABJDAAAA |    12.5000000000000000 |             37.805 |                  0 |             32.335
 AAAAAAAAABKDAAAA | 1.00000000000000000000 |              51.01 |                  0 |              11.22
 AAAAAAAAABLCAAAA | 1.00000000000000000000 |              51.88 |                  0 |              46.17
 AAAAAAAAABMAAAAA |    50.0000000000000000 |             145.56 |                  0 |              27.65
 AAAAAAAAABMDAAAA |    21.0000000000000000 |              70.16 |                  0 |              22.45
 AAAAAAAAABNCAAAA |    46.0000000000000000 |              34.13 |             303.22 |              28.66
 AAAAAAAAABPAAAAA |    74.0000000000000000 |                 53 |                  0 |              11.13
 AAAAAAAAABPBAAAA |    74.0000000000000000 |              44.47 |                  0 |              12.89
 AAAAAAAAABPDAAAA |    57.0000000000000000 |              80.21 |                  0 |              28.07
 AAAAAAAAACAAAAAA |    63.0000000000000000 |             111.33 |             586.29 |              24.49
 AAAAAAAAACACAAAA |    58.0000000000000000 |              28.91 |                  0 |               1.73
 AAAAAAAAACADAAAA |    43.0000000000000000 |              99.45 |                  0 |              30.82
 AAAAAAAAACBBAAAA |    52.0000000000000000 |             132.76 |                  0 |              17.25
 AAAAAAAAACDDAAAA |    57.0000000000000000 |             105.63 |                  0 |              82.39
 AAAAAAAAACECAAAA |    64.0000000000000000 |             123.96 |            3612.72 |              81.81
 AAAAAAAAACEEAAAA |    33.0000000000000000 |              55.72 |                  0 |              10.02
 AAAAAAAAACGAAAAA |    85.0000000000000000 |             128.37 |            3161.94 |              88.57
 AAAAAAAAACHCAAAA |    12.0000000000000000 |              33.66 |                  0 |              10.77
 AAAAAAAAACIDAAAA |    44.0000000000000000 |              23.62 |                  0 |              19.84
 AAAAAAAAACLAAAAA |    58.0000000000000000 |               75.4 |             306.12 |               37.7
 AAAAAAAAACLDAAAA |    79.0000000000000000 |              19.62 |                  0 |              10.79
 AAAAAAAAACMAAAAA |    28.0000000000000000 |              72.23 |                  0 |              37.55
 AAAAAAAAACMDAAAA |    23.0000000000000000 |             158.72 |                  0 |              31.74
 AAAAAAAAACNBAAAA |    37.0000000000000000 |             186.84 |                  0 |             151.34
 AAAAAAAAACNCAAAA |    67.0000000000000000 |              73.44 |            1535.13 |              35.25
 AAAAAAAAACODAAAA |    87.0000000000000000 |              130.3 |                  0 |               89.9
 AAAAAAAAADBAAAAA |    45.0000000000000000 |               42.4 |             290.01 |               8.48
 AAAAAAAAADBDAAAA |    76.5000000000000000 | 146.26500000000001 |                  0 |              73.05
 AAAAAAAAADBEAAAA |    84.0000000000000000 |             125.08 |              882.5 |              87.55
 AAAAAAAAADFCAAAA |    52.0000000000000000 |              32.89 |                  0 |              25.32
 AAAAAAAAADGBAAAA |    76.0000000000000000 |              106.1 |             949.86 |              32.89
 AAAAAAAAADGCAAAA |    40.5000000000000000 |             74.275 |                  0 |             62.565
 AAAAAAAAADHDAAAA |    36.0000000000000000 |              62.08 |                  0 |               7.44
 AAAAAAAAADKDAAAA |    86.0000000000000000 |              39.53 |                  0 |              28.85
 AAAAAAAAADLDAAAA |    11.0000000000000000 |              61.81 |             234.92 |              39.55
 AAAAAAAAADNBAAAA |    78.0000000000000000 |               4.73 |             128.23 |               2.74
 AAAAAAAAADPBAAAA |    14.0000000000000000 |              108.2 |                  0 |              81.15
 AAAAAAAAADPCAAAA |    25.0000000000000000 |             103.15 |                  0 |               1.03
 AAAAAAAAAEAAAAAA |    92.0000000000000000 |              11.32 |                  0 |               0.79
 AAAAAAAAAEBCAAAA |    91.0000000000000000 |             204.17 |                  0 |              81.66
 AAAAAAAAAECEAAAA |     7.0000000000000000 |              91.74 |                  0 |              58.71
 AAAAAAAAAEDAAAAA |    31.0000000000000000 |             207.53 |            1875.88 |             112.06
 AAAAAAAAAEDDAAAA |    25.0000000000000000 |              116.9 |                  0 |               18.7
 AAAAAAAAAEDEAAAA |    96.0000000000000000 |              38.82 |                  0 |              17.46
 AAAAAAAAAEEDAAAA |    14.0000000000000000 |              89.15 |              13.45 |               3.56
 AAAAAAAAAEFBAAAA |    99.0000000000000000 |             255.26 |                  0 |              91.89
 AAAAAAAAAEFEAAAA |    67.0000000000000000 |              78.93 |                  0 |             66.195
 AAAAAAAAAEHAAAAA |    23.0000000000000000 |              16.83 |                  0 |               0.67
 AAAAAAAAAEHCAAAA |    36.0000000000000000 |              40.57 |                  0 |              12.98
 AAAAAAAAAEICAAAA |    70.0000000000000000 |             162.71 |                  0 |              99.25
 AAAAAAAAAEKDAAAA |    22.0000000000000000 |             137.79 |                  0 |              33.06
 AAAAAAAAAEMBAAAA |    16.0000000000000000 |              42.12 |                  0 |              18.11
 AAAAAAAAAENDAAAA |    30.0000000000000000 |              66.89 |             1098.5 |              50.16
 AAAAAAAAAEPBAAAA |     4.5000000000000000 |            170.245 |              70.56 |  64.46000000000001
 AAAAAAAAAFAAAAAA |    63.0000000000000000 |              80.95 |                  0 |               17.8
 AAAAAAAAAFACAAAA |    17.0000000000000000 |             164.17 |             281.31 |              137.9
 AAAAAAAAAFBBAAAA |    27.0000000000000000 |            151.035 |                  0 |  74.77000000000001
 AAAAAAAAAFBCAAAA |    81.0000000000000000 |             150.88 |            4610.78 |             116.17
 AAAAAAAAAFCBAAAA |    37.0000000000000000 |              88.64 |                  0 |               47.5
 AAAAAAAAAFCDAAAA |    67.0000000000000000 |             138.38 |                  0 |              85.79
 AAAAAAAAAFCEAAAA |    52.0000000000000000 | 141.85999999999999 |                  0 |             24.105
 AAAAAAAAAFDDAAAA |    23.0000000000000000 |             160.11 |                  0 |              153.7
 AAAAAAAAAFEBAAAA |    57.0000000000000000 | 18.740000000000002 |                  0 | 10.684999999999999
 AAAAAAAAAFEEAAAA |    40.0000000000000000 |              76.96 |                  0 |              51.56
 AAAAAAAAAFFBAAAA |    62.0000000000000000 |              14.39 |                  0 |              12.23
 AAAAAAAAAFFEAAAA |    45.5000000000000000 |             98.815 |                  0 | 26.544999999999998
 AAAAAAAAAFGAAAAA |    44.0000000000000000 |  95.34333333333332 | 50.443333333333335 |  43.15333333333333
 AAAAAAAAAFGCAAAA |    83.0000000000000000 |              90.09 |                  0 |                6.3
(100 rows)

UPDATE time_statistics SET e_time = TRANSACTION_TIMESTAMP() WHERE template = 'query26.tpl' AND stream = 1;
psql:/tmp/s1-basline/throughput/query_1.sql:1843: NOTICE:  duration: 0.039 ms  plan:
Query Text: UPDATE time_statistics SET e_time = TRANSACTION_TIMESTAMP() WHERE template = 'query26.tpl' AND stream = 1;
Update on time_statistics  (cost=0.00..4.71 rows=0 width=0) (actual time=0.038..0.039 rows=0 loops=1)
  ->  Seq Scan on time_statistics  (cost=0.00..4.71 rows=1 width=14) (actual time=0.024..0.024 rows=1 loops=1)
        Filter: ((template = 'query26.tpl'::text) AND (stream = 1))
        Rows Removed by Filter: 114
UPDATE 1
LOAD 'auto_explain'; SET auto_explain.log_min_duration TO 0; SET auto_explain.log_analyze TO on; SET auto_explain.log_level TO notice; INSERT INTO time_statistics (template, s_time, stream, query, seed) VALUES ('query57.tpl', TRANSACTION_TIMESTAMP(), 1, 34, 1898092351);
LOAD
SET
SET
SET
psql:/tmp/s1-basline/throughput/query_1.sql:1844: NOTICE:  duration: 0.008 ms  plan:
Query Text: INSERT INTO time_statistics (template, s_time, stream, query, seed) VALUES ('query57.tpl', TRANSACTION_TIMESTAMP(), 1, 34, 1898092351);
Insert on time_statistics  (cost=0.00..0.01 rows=0 width=0) (actual time=0.008..0.008 rows=0 loops=1)
  ->  Result  (cost=0.00..0.01 rows=1 width=64) (actual time=0.001..0.001 rows=1 loops=1)
INSERT 0 1
with v1 as(
 select i_category, i_brand,
        cc_name,
        d_year, d_moy,
        sum(cs_sales_price) sum_sales,
        avg(sum(cs_sales_price)) over
          (partition by i_category, i_brand,
                     cc_name, d_year)
          avg_monthly_sales,
        rank() over
          (partition by i_category, i_brand,
                     cc_name
           order by d_year, d_moy) rn
 from item, catalog_sales, date_dim, call_center
 where cs_item_sk = i_item_sk and
       cs_sold_date_sk = d_date_sk and
       cc_call_center_sk= cs_call_center_sk and
       (
         d_year = 2000 or
         ( d_year = 2000-1 and d_moy =12) or
         ( d_year = 2000+1 and d_moy =1)
       )
 group by i_category, i_brand,
          cc_name , d_year, d_moy),
 v2 as(
 select v1.i_category, v1.i_brand
        ,v1.d_year
        ,v1.avg_monthly_sales
        ,v1.sum_sales, v1_lag.sum_sales psum, v1_lead.sum_sales nsum
 from v1, v1 v1_lag, v1 v1_lead
 where v1.i_category = v1_lag.i_category and
       v1.i_category = v1_lead.i_category and
       v1.i_brand = v1_lag.i_brand and
       v1.i_brand = v1_lead.i_brand and
       v1. cc_name = v1_lag. cc_name and
       v1. cc_name = v1_lead. cc_name and
       v1.rn = v1_lag.rn + 1 and
       v1.rn = v1_lead.rn - 1)
  select  *
 from v2
 where  d_year = 2000 and
        avg_monthly_sales > 0 and
        case when avg_monthly_sales > 0 then abs(sum_sales - avg_monthly_sales) / avg_monthly_sales else null end > 0.1
 order by sum_sales - avg_monthly_sales, avg_monthly_sales
 limit 100;
psql:/tmp/s1-basline/throughput/query_1.sql:1889: NOTICE:  duration: 1618.011 ms  plan:
Query Text: with v1 as(
 select i_category, i_brand,
        cc_name,
        d_year, d_moy,
        sum(cs_sales_price) sum_sales,
        avg(sum(cs_sales_price)) over
          (partition by i_category, i_brand,
                     cc_name, d_year)
          avg_monthly_sales,
        rank() over
          (partition by i_category, i_brand,
                     cc_name
           order by d_year, d_moy) rn
 from item, catalog_sales, date_dim, call_center
 where cs_item_sk = i_item_sk and
       cs_sold_date_sk = d_date_sk and
       cc_call_center_sk= cs_call_center_sk and
       (
         d_year = 2000 or
         ( d_year = 2000-1 and d_moy =12) or
         ( d_year = 2000+1 and d_moy =1)
       )
 group by i_category, i_brand,
          cc_name , d_year, d_moy),
 v2 as(
 select v1.i_category, v1.i_brand
        ,v1.d_year
        ,v1.avg_monthly_sales
        ,v1.sum_sales, v1_lag.sum_sales psum, v1_lead.sum_sales nsum
 from v1, v1 v1_lag, v1 v1_lead
 where v1.i_category = v1_lag.i_category and
       v1.i_category = v1_lead.i_category and
       v1.i_brand = v1_lag.i_brand and
       v1.i_brand = v1_lead.i_brand and
       v1. cc_name = v1_lag. cc_name and
       v1. cc_name = v1_lead. cc_name and
       v1.rn = v1_lag.rn + 1 and
       v1.rn = v1_lead.rn - 1)
  select  *
 from v2
 where  d_year = 2000 and
        avg_monthly_sales > 0 and
        case when avg_monthly_sales > 0 then abs(sum_sales - avg_monthly_sales) / avg_monthly_sales else null end > 0.1
 order by sum_sales - avg_monthly_sales, avg_monthly_sales
 limit 100;
Limit  (cost=28662.21..28662.22 rows=1 width=452) (actual time=1617.905..1617.924 rows=100 loops=1)
  CTE v1
    ->  WindowAgg  (cost=27133.59..27753.24 rows=8262 width=146) (actual time=1172.218..1528.282 rows=31878 loops=1)
          ->  WindowAgg  (cost=27133.59..27567.35 rows=8262 width=138) (actual time=1172.198..1503.135 rows=31878 loops=1)
                ->  GroupAggregate  (cost=27133.59..27360.80 rows=8262 width=130) (actual time=1172.180..1471.391 rows=31878 loops=1)
                      Group Key: item.i_category, item.i_brand, call_center.cc_name, date_dim.d_year, date_dim.d_moy
                      ->  Sort  (cost=27133.59..27154.25 rows=8262 width=130) (actual time=1172.164..1355.556 rows=349755 loops=1)
                            Sort Key: item.i_category, item.i_brand, call_center.cc_name, date_dim.d_year, date_dim.d_moy
                            Sort Method: external merge  Disk: 48952kB
                            ->  Hash Join  (cost=1662.56..26596.05 rows=8262 width=130) (actual time=15.097..274.832 rows=349755 loops=1)
                                  Hash Cond: (catalog_sales.cs_call_center_sk = call_center.cc_call_center_sk)
                                  ->  Hash Join  (cost=1661.43..26557.80 rows=8305 width=126) (actual time=15.086..220.051 rows=350584 loops=1)
                                        Hash Cond: (catalog_sales.cs_item_sk = item.i_item_sk)
                                        ->  Nested Loop  (cost=0.43..24875.00 rows=8305 width=32) (actual time=5.006..140.039 rows=350584 loops=1)
                                              ->  Seq Scan on date_dim  (cost=0.00..3048.60 rows=424 width=16) (actual time=4.992..10.235 rows=428 loops=1)
                                                    Filter: ((d_year = 2000) OR ((d_year = 1999) AND (d_moy = 12)) OR ((d_year = 2001) AND (d_moy = 1)))
                                                    Rows Removed by Filter: 72621
                                              ->  Index Scan using i_cs_sold_date_sk on catalog_sales  (cost=0.43..43.66 rows=782 width=32) (actual time=0.004..0.141 rows=819 loops=428)
                                                    Index Cond: (cs_sold_date_sk = date_dim.d_date_sk)
                                        ->  Hash  (cost=1436.00..1436.00 rows=18000 width=110) (actual time=10.061..10.061 rows=18000 loops=1)
                                              Buckets: 32768  Batches: 1  Memory Usage: 2783kB
                                              ->  Seq Scan on item  (cost=0.00..1436.00 rows=18000 width=110) (actual time=0.003..6.682 rows=18000 loops=1)
                                  ->  Hash  (cost=1.06..1.06 rows=6 width=20) (actual time=0.006..0.007 rows=6 loops=1)
                                        Buckets: 1024  Batches: 1  Memory Usage: 9kB
                                        ->  Seq Scan on call_center  (cost=0.00..1.06 rows=6 width=20) (actual time=0.003..0.005 rows=6 loops=1)
  ->  Sort  (cost=908.97..908.98 rows=1 width=452) (actual time=1617.904..1617.910 rows=100 loops=1)
        Sort Key: ((v1.sum_sales - v1.avg_monthly_sales)), v1.avg_monthly_sales
        Sort Method: top-N heapsort  Memory: 68kB
        ->  Hash Join  (cost=609.45..908.96 rows=1 width=452) (actual time=1590.812..1612.306 rows=23965 loops=1)
              Hash Cond: ((v1_lead.i_category = v1.i_category) AND (v1_lead.i_brand = v1.i_brand) AND ((v1_lead.cc_name)::text = (v1.cc_name)::text) AND ((v1_lead.rn - 1) = v1.rn))
              ->  CTE Scan on v1 v1_lead  (cost=0.00..165.24 rows=8262 width=542) (actual time=1172.220..1174.949 rows=31878 loops=1)
              ->  Hash  (cost=609.43..609.43 rows=1 width=1096) (actual time=418.571..418.573 rows=24928 loops=1)
                    Buckets: 32768 (originally 1024)  Batches: 1 (originally 1)  Memory Usage: 7982kB
                    ->  Hash Join  (cost=309.93..609.43 rows=1 width=1096) (actual time=384.717..407.231 rows=24928 loops=1)
                          Hash Cond: ((v1_lag.i_category = v1.i_category) AND (v1_lag.i_brand = v1.i_brand) AND ((v1_lag.cc_name)::text = (v1.cc_name)::text) AND ((v1_lag.rn + 1) = v1.rn))
                          ->  CTE Scan on v1 v1_lag  (cost=0.00..165.24 rows=8262 width=542) (actual time=0.001..2.922 rows=31878 loops=1)
                          ->  Hash  (cost=309.83..309.83 rows=5 width=554) (actual time=384.704..384.704 rows=25065 loops=1)
                                Buckets: 32768 (originally 1024)  Batches: 1 (originally 1)  Memory Usage: 4760kB
                                ->  CTE Scan on v1  (cost=0.00..309.83 rows=5 width=554) (actual time=0.213..373.053 rows=25313 loops=1)
                                      Filter: ((avg_monthly_sales > '0'::double precision) AND (d_year = 2000) AND (CASE WHEN (avg_monthly_sales > '0'::double precision) THEN (abs((sum_sales - avg_monthly_sales)) / avg_monthly_sales) ELSE NULL::double precision END > '0.1'::double precision))
                                      Rows Removed by Filter: 6565
                     i_category                     |                      i_brand                       | d_year | avg_monthly_sales |     sum_sales      |        psum        |        nsum        
----------------------------------------------------+----------------------------------------------------+--------+-------------------+--------------------+--------------------+--------------------
 Women                                              | edu packamalg #2                                   |   2000 |         8024.1225 |            3069.88 |  4724.149999999999 | 11218.300000000003
 Shoes                                              | amalgedu pack #2                                   |   2000 | 7161.656666666665 | 2419.8799999999997 | 4440.2300000000005 |  3432.640000000001
 Women                                              | edu packamalg #2                                   |   2000 | 7737.394166666665 |  3025.749999999998 |  7708.839999999998 |  4805.179999999999
 Women                                              | importoamalg #2                                    |   2000 | 7278.371666666666 | 2764.8299999999995 |            4170.84 |  3822.100000000001
 Women                                              | edu packamalg #2                                   |   2000 |         8024.1225 | 3530.2799999999997 |  3861.569999999998 |  5041.909999999999
 Women                                              | exportiamalg #2                                    |   2000 | 7083.230833333332 |  2597.659999999999 |  4057.969999999999 |  4555.719999999999
 Music                                              | exportischolar #2                                  |   2000 | 7235.311666666666 |  2895.659999999999 |            3367.84 | 3730.8499999999995
 Music                                              | amalgscholar #2                                    |   2000 | 6545.349166666667 |             2281.6 |            3408.45 | 3406.1199999999994
 Children                                           | importoexporti #2                                  |   2000 | 7161.544999999998 | 2978.0199999999986 | 3623.6600000000008 |  4745.659999999997
 Music                                              | exportischolar #2                                  |   2000 | 7605.109999999998 |            3423.63 |  3691.930000000001 |            4820.33
 Shoes                                              | edu packedu pack #2                                |   2000 | 6619.881666666665 | 2442.2300000000005 |  9165.150000000003 |            4900.75
 Women                                              | edu packamalg #2                                   |   2000 |         8024.1225 |  3861.569999999998 |  9728.309999999998 | 3530.2799999999997
 Women                                              | edu packamalg #2                                   |   2000 | 7737.394166666665 |  3577.350000000001 | 4453.7400000000025 |  5453.189999999996
 Women                                              | amalgamalg #2                                      |   2000 | 6251.134166666666 | 2135.3200000000006 | 3179.4900000000002 | 4804.3899999999985
 Men                                                | importoimporto #2                                  |   2000 | 6686.688333333332 | 2585.2899999999995 |            4184.67 |             5238.7
 Shoes                                              | edu packedu pack #2                                |   2000 | 6804.091666666668 |            2702.86 |            4418.99 |  9381.480000000007
 Shoes                                              | importoedu pack #2                                 |   2000 | 6552.041666666668 | 2537.9300000000003 | 3477.8700000000003 |  4100.839999999999
 Women                                              | importoamalg #2                                    |   2000 | 7103.311666666666 |             3092.8 |  4987.190000000001 | 3175.5300000000007
 Shoes                                              | exportiedu pack #2                                 |   2000 | 6428.200833333333 |  2452.759999999999 |  3189.670000000001 |            2885.14
 Shoes                                              | exportiedu pack #2                                 |   2000 | 6617.640833333334 | 2658.2400000000002 |  4211.219999999999 | 4012.2600000000007
 Women                                              | importoamalg #2                                    |   2000 | 7103.311666666666 | 3175.5300000000007 |             3092.8 |  4901.139999999999
 Music                                              | exportischolar #2                                  |   2000 | 7605.109999999998 |  3691.930000000001 |  4209.029999999997 |            3423.63
 Music                                              | amalgscholar #2                                    |   2000 | 6596.569166666664 |  2688.809999999999 | 3800.3200000000006 |  4534.929999999999
 Children                                           | exportiexporti #2                                  |   2000 | 7308.756666666665 | 3414.8799999999983 |  6032.249999999999 |            4264.13
 Women                                              | exportiamalg #2                                    |   2000 | 6995.280833333335 |            3106.55 |             4247.1 |  8029.300000000001
 Children                                           | importoexporti #2                                  |   2000 |           7035.69 |            3150.04 |  4872.760000000002 |  5454.319999999998
 Music                                              | exportischolar #2                                  |   2000 | 7235.311666666666 |            3367.84 |            6458.08 |  2895.659999999999
 Shoes                                              | importoedu pack #2                                 |   2000 | 6552.041666666668 |  2701.070000000001 |  6043.759999999999 |            3540.69
 Music                                              | importoscholar #2                                  |   2000 | 6697.329166666669 | 2851.1199999999994 |  4330.249999999999 |  4227.740000000001
 Women                                              | amalgamalg #2                                      |   2000 |          6390.155 |            2545.12 | 3834.2300000000005 | 2667.2000000000003
 Women                                              | exportiamalg #2                                    |   2000 | 6995.280833333335 |            3157.92 |  4013.269999999999 |  4893.380000000003
 Shoes                                              | exportiedu pack #2                                 |   2000 | 6617.640833333334 |            2795.48 |  3683.879999999999 |  4211.219999999999
 Women                                              | importoamalg #2                                    |   2000 | 7278.371666666666 | 3462.8199999999993 | 3893.8500000000004 |  3500.069999999998
 Men                                                | amalgimporto #2                                    |   2000 | 6932.326666666667 | 3129.5500000000006 |            6322.52 | 3767.6600000000003
 Children                                           | importoexporti #2                                  |   2000 | 6988.739999999999 |  3208.150000000001 |  4441.999999999999 |  5464.220000000002
 Women                                              | importoamalg #2                                    |   2000 | 7278.371666666666 |  3500.069999999998 | 3462.8199999999993 |  4975.029999999999
 Children                                           | amalgexporti #2                                    |   2000 | 6733.514166666667 |            3003.61 |  5131.650000000001 | 4025.8399999999997
 Shoes                                              | amalgedu pack #2                                   |   2000 | 7161.656666666665 |  3432.640000000001 | 2419.8799999999997 | 11258.370000000003
 Women                                              | amalgamalg #2                                      |   2000 |          6390.155 | 2667.2000000000003 |            2545.12 |  4197.210000000001
 Children                                           | exportiexporti #2                                  |   2000 | 7554.054166666665 | 3838.4399999999996 | 3888.5600000000004 |            4115.62
 Children                                           | amalgexporti #2                                    |   2000 | 6481.136666666666 | 2768.0199999999995 | 3607.6999999999994 | 3439.8700000000003
 Children                                           | exportiexporti #2                                  |   2000 | 7554.054166666665 |            3843.32 |            4682.37 | 11021.929999999993
 Women                                              | edu packamalg #2                                   |   2000 | 7745.421666666669 | 4037.5499999999984 |  8020.929999999998 |  4909.430000000002
 Shoes                                              | amalgedu pack #2                                   |   2000 | 7060.948333333335 |  3359.830000000001 |  3593.579999999999 |  4861.860000000001
 Children                                           | amalgexporti #2                                    |   2000 | 7127.693333333333 | 3429.9599999999996 |            4567.19 |  4773.659999999998
 Children                                           | importoexporti #2                                  |   2000 | 6988.739999999999 |            3319.78 |            3561.05 |  8242.849999999997
 Children                                           | exportiexporti #2                                  |   2000 | 7554.054166666665 | 3888.5600000000004 |            5045.05 | 3838.4399999999996
 Men                                                | edu packimporto #2                                 |   2000 | 6203.911666666667 | 2550.0699999999997 |  3897.199999999999 |  3742.439999999999
 Music                                              | importoscholar #2                                  |   2000 | 6697.329166666669 | 3048.7300000000005 |  4107.380000000001 |  4330.590000000002
 Shoes                                              | edu packedu pack #2                                |   2000 | 6680.719166666667 |  3039.689999999999 |  4870.540000000002 |            8441.51
 Music                                              | exportischolar #2                                  |   2000 | 7235.311666666666 | 3610.5399999999986 |  4607.370000000003 | 10146.379999999996
 Women                                              | exportiamalg #2                                    |   2000 | 6995.280833333335 | 3384.9300000000007 | 3685.1600000000008 |  4013.269999999999
 Music                                              | exportischolar #2                                  |   2000 | 7232.284166666669 |  3628.270000000001 |            4205.26 | 3675.3299999999995
 Shoes                                              | importoedu pack #2                                 |   2000 | 6552.041666666668 | 2950.6299999999997 |            4559.22 | 10135.080000000005
 Women                                              | edu packamalg #2                                   |   2000 | 7745.421666666669 |            4146.21 |            4709.29 | 10585.130000000005
 Shoes                                              | importoedu pack #2                                 |   2000 | 6907.053333333333 |  3318.540000000002 |            3714.96 |  4241.889999999999
 Children                                           | exportiexporti #2                                  |   2000 | 7320.664166666665 | 3756.6099999999997 |  4348.089999999999 |  4408.639999999999
 Shoes                                              | importoedu pack #2                                 |   2000 | 6907.053333333333 |            3349.57 |  4241.889999999999 |  4397.079999999999
 Men                                                | importoimporto #2                                  |   2000 | 6390.865000000001 | 2833.5800000000004 | 2927.0000000000005 |  3628.539999999999
 Music                                              | exportischolar #2                                  |   2000 | 7232.284166666669 | 3675.3299999999995 |  3628.270000000001 |  4166.400000000001
 Children                                           | exportiexporti #2                                  |   2000 | 7320.664166666665 | 3771.1599999999985 |            4292.15 |  4348.089999999999
 Shoes                                              | exportiedu pack #2                                 |   2000 | 6428.200833333333 |            2885.14 |  2452.759999999999 |  4190.970000000001
 Shoes                                              | amalgedu pack #2                                   |   2000 | 7161.656666666665 |  3619.200000000001 |  4135.279999999999 |  4311.199999999998
 Music                                              | edu packscholar #2                                 |   2000 | 5694.675833333332 | 2154.7600000000007 | 3412.3300000000004 |             4198.7
 Children                                           | importoexporti #2                                  |   2000 | 7161.544999999998 | 3623.6600000000008 |  5205.190000000002 | 2978.0199999999986
 Children                                           | exportiexporti #2                                  |   2000 | 7308.756666666665 |  3783.409999999999 |            4788.22 |  5948.579999999999
 Shoes                                              | edu packedu pack #2                                |   2000 | 6804.091666666668 | 3281.3500000000004 |  4302.329999999999 |            4826.35
 Music                                              | exportischolar #2                                  |   2000 | 7605.109999999998 |            4085.61 |  4265.710000000001 |  4209.029999999997
 Men                                                | exportiimporto #2                                  |   2000 | 6326.431666666666 |  2821.709999999999 |  4961.539999999998 |            3931.46
 Music                                              | exportischolar #2                                  |   2000 | 7235.311666666666 | 3730.8499999999995 |  2895.659999999999 | 4095.4500000000003
 Shoes                                              | importoedu pack #2                                 |   2000 | 6514.502500000001 | 3032.8399999999992 |  5502.289999999997 | 5333.2699999999995
 Men                                                | amalgimporto #2                                    |   2000 | 6511.726666666666 |  3034.380000000001 |  6721.309999999999 |            4314.81
 Shoes                                              | importoedu pack #2                                 |   2000 | 6514.502500000001 | 3037.6999999999994 |            3380.56 |  3269.150000000001
 Men                                                | importoimporto #2                                  |   2000 | 6686.688333333332 | 3219.0099999999993 |  4714.330000000001 | 3806.6399999999994
 Shoes                                              | amalgedu pack #2                                   |   2000 | 7060.948333333335 |  3593.579999999999 | 3813.2899999999995 |  3359.830000000001
 Shoes                                              | importoedu pack #2                                 |   2000 | 6907.053333333333 | 3439.7200000000003 |  4397.079999999999 |            3666.84
 Men                                                | importoimporto #2                                  |   2000 | 6390.865000000001 | 2927.0000000000005 | 3529.9900000000002 | 2833.5800000000004
 Women                                              | importoamalg #2                                    |   2000 | 7278.371666666666 |  3822.100000000001 | 2764.8299999999995 | 3893.8500000000004
 Children                                           | exportiexporti #2                                  |   2000 | 7554.054166666665 |            4115.62 | 3838.4399999999996 |            4682.37
 Men                                                | importoimporto #2                                  |   2000 | 6390.865000000001 |            2953.24 |  3628.539999999999 |            3611.98
 Music                                              | exportischolar #2                                  |   2000 | 7232.284166666669 |  3799.919999999999 |  4356.720000000002 | 3876.4300000000007
 Women                                              | amalgamalg #2                                      |   2000 | 6251.134166666666 | 2821.0499999999997 | 3841.4600000000005 | 3179.4900000000002
 Children                                           | importoexporti #2                                  |   2000 | 6988.739999999999 |            3561.05 |  3973.600000000001 |            3319.78
 Music                                              | amalgscholar #2                                    |   2000 | 6255.107500000001 |  2838.619999999999 |  4242.940000000002 |  4036.899999999999
 Music                                              | exportischolar #2                                  |   2000 | 7605.109999999998 |  4209.029999999997 |            4085.61 |  3691.930000000001
 Shoes                                              | exportiedu pack #2                                 |   2000 | 6426.710833333332 | 3036.0199999999995 |  4266.029999999998 |            3910.07
 Children                                           | exportiexporti #2                                  |   2000 | 7554.054166666665 |  4165.009999999999 |            5426.34 |            5045.05
 Children                                           | edu packexporti #2                                 |   2000 | 6153.616666666666 |            2765.54 |            2765.99 | 2967.4799999999987
 Children                                           | edu packexporti #2                                 |   2000 | 6153.616666666666 |            2765.99 |            4747.95 |            2765.54
 Men                                                | amalgimporto #2                                    |   2000 | 6143.969166666667 | 2758.1200000000017 |  6997.140000000001 |            3435.49
 Women                                              | importoamalg #2                                    |   2000 | 7278.371666666666 | 3893.8500000000004 |  3822.100000000001 | 3462.8199999999993
 Children                                           | importoexporti #2                                  |   2000 |           7035.69 | 3657.4299999999994 |  3721.109999999999 |  4872.760000000002
 Children                                           | importoexporti #2                                  |   2000 |           7035.69 | 3663.3400000000006 |  4523.669999999999 |  3721.109999999999
 Women                                              | importoamalg #2                                    |   2000 | 7063.837499999999 |  3697.769999999999 | 3970.6199999999994 |  4193.459999999999
 Music                                              | edu packscholar #2                                 |   2000 | 5694.675833333332 | 2333.6699999999996 | 2765.4800000000005 |            8404.28
 Music                                              | exportischolar #2                                  |   2000 | 7232.284166666669 | 3876.4300000000007 |  3799.919999999999 |  9385.640000000005
 Music                                              | exportischolar #2                                  |   2000 | 7605.109999999998 |  4265.710000000001 |  5282.550000000001 |            4085.61
 Men                                                | exportiimporto #2                                  |   2000 | 5890.714999999999 | 2554.7900000000004 |            4297.68 | 3462.1800000000003
 Children                                           | importoexporti #2                                  |   2000 | 7161.544999999998 |            3837.77 |            4351.88 |  9220.619999999999
 Shoes                                              | edu packedu pack #2                                |   2000 | 6804.091666666668 | 3480.9900000000007 |            3659.52 |  4302.329999999999
(100 rows)

UPDATE time_statistics SET e_time = TRANSACTION_TIMESTAMP() WHERE template = 'query57.tpl' AND stream = 1;
psql:/tmp/s1-basline/throughput/query_1.sql:1891: NOTICE:  duration: 0.049 ms  plan:
Query Text: UPDATE time_statistics SET e_time = TRANSACTION_TIMESTAMP() WHERE template = 'query57.tpl' AND stream = 1;
Update on time_statistics  (cost=0.00..4.71 rows=0 width=0) (actual time=0.048..0.048 rows=0 loops=1)
  ->  Seq Scan on time_statistics  (cost=0.00..4.71 rows=1 width=14) (actual time=0.033..0.034 rows=1 loops=1)
        Filter: ((template = 'query57.tpl'::text) AND (stream = 1))
        Rows Removed by Filter: 115
UPDATE 1
LOAD 'auto_explain'; SET auto_explain.log_min_duration TO 0; SET auto_explain.log_analyze TO on; SET auto_explain.log_level TO notice; INSERT INTO time_statistics (template, s_time, stream, query, seed) VALUES ('../query_postgresql/query82.tpl', TRANSACTION_TIMESTAMP(), 1, 35, 689156601);
LOAD
SET
SET
SET
psql:/tmp/s1-basline/throughput/query_1.sql:1892: NOTICE:  duration: 0.009 ms  plan:
Query Text: INSERT INTO time_statistics (template, s_time, stream, query, seed) VALUES ('../query_postgresql/query82.tpl', TRANSACTION_TIMESTAMP(), 1, 35, 689156601);
Insert on time_statistics  (cost=0.00..0.01 rows=0 width=0) (actual time=0.008..0.008 rows=0 loops=1)
  ->  Result  (cost=0.00..0.01 rows=1 width=64) (actual time=0.001..0.001 rows=1 loops=1)
INSERT 0 1
select  i_item_id
       ,i_item_desc
       ,i_current_price
 from item, inventory, date_dim, store_sales
 where i_current_price between 42 and 42+30
 and inv_item_sk = i_item_sk
 and d_date_sk=inv_date_sk
 and d_date between cast('2001-01-15' as date) and (cast('2001-01-15' as date) + interval '60 days')
 and i_manufact_id in (292,826,961,116)
 and inv_quantity_on_hand between 100 and 500
 and ss_item_sk = i_item_sk
 group by i_item_id,i_item_desc,i_current_price
 order by i_item_id
 limit 100;
psql:/tmp/s1-basline/throughput/query_1.sql:1906: NOTICE:  duration: 6.913 ms  plan:
Query Text: select  i_item_id
       ,i_item_desc
       ,i_current_price
 from item, inventory, date_dim, store_sales
 where i_current_price between 42 and 42+30
 and inv_item_sk = i_item_sk
 and d_date_sk=inv_date_sk
 and d_date between cast('2001-01-15' as date) and (cast('2001-01-15' as date) + interval '60 days')
 and i_manufact_id in (292,826,961,116)
 and inv_quantity_on_hand between 100 and 500
 and ss_item_sk = i_item_sk
 group by i_item_id,i_item_desc,i_current_price
 order by i_item_id
 limit 100;
Limit  (cost=2536.43..2538.17 rows=3 width=127) (actual time=6.910..6.911 rows=0 loops=1)
  ->  Group  (cost=2536.43..2538.17 rows=3 width=127) (actual time=6.909..6.910 rows=0 loops=1)
        Group Key: item.i_item_id, item.i_item_desc, item.i_current_price
        ->  Sort  (cost=2536.43..2536.86 rows=174 width=127) (actual time=6.909..6.910 rows=0 loops=1)
              Sort Key: item.i_item_id, item.i_item_desc, item.i_current_price
              Sort Method: quicksort  Memory: 25kB
              ->  Nested Loop  (cost=1.28..2529.95 rows=174 width=127) (actual time=6.903..6.904 rows=0 loops=1)
                    ->  Nested Loop  (cost=0.85..2524.74 rows=1 width=143) (actual time=6.903..6.903 rows=0 loops=1)
                          ->  Seq Scan on item  (cost=0.00..1616.00 rows=3 width=135) (actual time=6.902..6.903 rows=0 loops=1)
                                Filter: ((i_current_price >= '42'::double precision) AND (i_current_price <= '72'::double precision) AND (i_manufact_id = ANY ('{292,826,961,116}'::integer[])))
                                Rows Removed by Filter: 18000
                          ->  Nested Loop  (cost=0.85..302.32 rows=59 width=8) (never executed)
                                ->  Index Scan using i_d_date on date_dim  (cost=0.29..4.67 rows=59 width=8) (never executed)
                                      Index Cond: ((d_date >= '2001-01-15'::date) AND (d_date <= '2001-03-16 00:00:00'::timestamp without time zone))
                                ->  Index Scan using pk_inventory on inventory  (cost=0.56..5.03 rows=1 width=16) (never executed)
                                      Index Cond: ((inv_date_sk = date_dim.d_date_sk) AND (inv_item_sk = item.i_item_sk))
                                      Filter: ((inv_quantity_on_hand >= 100) AND (inv_quantity_on_hand <= 500))
                    ->  Index Only Scan using pk_store_sales on store_sales  (cost=0.43..3.48 rows=174 width=8) (never executed)
                          Index Cond: (ss_item_sk = inventory.inv_item_sk)
                          Heap Fetches: 0
 i_item_id | i_item_desc | i_current_price 
-----------+-------------+-----------------
(0 rows)

UPDATE time_statistics SET e_time = TRANSACTION_TIMESTAMP() WHERE template = '../query_postgresql/query82.tpl' AND stream = 1;
psql:/tmp/s1-basline/throughput/query_1.sql:1908: NOTICE:  duration: 0.029 ms  plan:
Query Text: UPDATE time_statistics SET e_time = TRANSACTION_TIMESTAMP() WHERE template = '../query_postgresql/query82.tpl' AND stream = 1;
Update on time_statistics  (cost=0.00..4.71 rows=0 width=0) (actual time=0.028..0.028 rows=0 loops=1)
  ->  Seq Scan on time_statistics  (cost=0.00..4.71 rows=1 width=14) (actual time=0.019..0.019 rows=1 loops=1)
        Filter: ((template = '../query_postgresql/query82.tpl'::text) AND (stream = 1))
        Rows Removed by Filter: 116
UPDATE 1
LOAD 'auto_explain'; SET auto_explain.log_min_duration TO 0; SET auto_explain.log_analyze TO on; SET auto_explain.log_level TO notice; INSERT INTO time_statistics (template, s_time, stream, query, seed) VALUES ('query69.tpl', TRANSACTION_TIMESTAMP(), 1, 36, 576041993);
LOAD
SET
SET
SET
psql:/tmp/s1-basline/throughput/query_1.sql:1909: NOTICE:  duration: 0.007 ms  plan:
Query Text: INSERT INTO time_statistics (template, s_time, stream, query, seed) VALUES ('query69.tpl', TRANSACTION_TIMESTAMP(), 1, 36, 576041993);
Insert on time_statistics  (cost=0.00..0.01 rows=0 width=0) (actual time=0.007..0.007 rows=0 loops=1)
  ->  Result  (cost=0.00..0.01 rows=1 width=64) (actual time=0.001..0.001 rows=1 loops=1)
INSERT 0 1
select  
  cd_gender,
  cd_marital_status,
  cd_education_status,
  count(*) cnt1,
  cd_purchase_estimate,
  count(*) cnt2,
  cd_credit_rating,
  count(*) cnt3
 from
  customer c,customer_address ca,customer_demographics
 where
  c.c_current_addr_sk = ca.ca_address_sk and
  ca_state in ('GA','TX','AL') and
  cd_demo_sk = c.c_current_cdemo_sk and 
  exists (select *
          from store_sales,date_dim
          where c.c_customer_sk = ss_customer_sk and
                ss_sold_date_sk = d_date_sk and
                d_year = 2001 and
                d_moy between 2 and 2+2) and
   (not exists (select *
            from web_sales,date_dim
            where c.c_customer_sk = ws_bill_customer_sk and
                  ws_sold_date_sk = d_date_sk and
                  d_year = 2001 and
                  d_moy between 2 and 2+2) and
    not exists (select * 
            from catalog_sales,date_dim
            where c.c_customer_sk = cs_ship_customer_sk and
                  cs_sold_date_sk = d_date_sk and
                  d_year = 2001 and
                  d_moy between 2 and 2+2))
 group by cd_gender,
          cd_marital_status,
          cd_education_status,
          cd_purchase_estimate,
          cd_credit_rating
 order by cd_gender,
          cd_marital_status,
          cd_education_status,
          cd_purchase_estimate,
          cd_credit_rating
 limit 100;
psql:/tmp/s1-basline/throughput/query_1.sql:1953: NOTICE:  duration: 121.815 ms  plan:
Query Text: select  
  cd_gender,
  cd_marital_status,
  cd_education_status,
  count(*) cnt1,
  cd_purchase_estimate,
  count(*) cnt2,
  cd_credit_rating,
  count(*) cnt3
 from
  customer c,customer_address ca,customer_demographics
 where
  c.c_current_addr_sk = ca.ca_address_sk and
  ca_state in ('GA','TX','AL') and
  cd_demo_sk = c.c_current_cdemo_sk and 
  exists (select *
          from store_sales,date_dim
          where c.c_customer_sk = ss_customer_sk and
                ss_sold_date_sk = d_date_sk and
                d_year = 2001 and
                d_moy between 2 and 2+2) and
   (not exists (select *
            from web_sales,date_dim
            where c.c_customer_sk = ws_bill_customer_sk and
                  ws_sold_date_sk = d_date_sk and
                  d_year = 2001 and
                  d_moy between 2 and 2+2) and
    not exists (select * 
            from catalog_sales,date_dim
            where c.c_customer_sk = cs_ship_customer_sk and
                  cs_sold_date_sk = d_date_sk and
                  d_year = 2001 and
                  d_moy between 2 and 2+2))
 group by cd_gender,
          cd_marital_status,
          cd_education_status,
          cd_purchase_estimate,
          cd_credit_rating
 order by cd_gender,
          cd_marital_status,
          cd_education_status,
          cd_purchase_estimate,
          cd_credit_rating
 limit 100;
Limit  (cost=120928.31..120931.06 rows=100 width=64) (actual time=121.698..121.761 rows=100 loops=1)
  ->  GroupAggregate  (cost=120928.31..120940.74 rows=452 width=64) (actual time=121.697..121.753 rows=100 loops=1)
        Group Key: customer_demographics.cd_gender, customer_demographics.cd_marital_status, customer_demographics.cd_education_status, customer_demographics.cd_purchase_estimate, customer_demographics.cd_credit_rating
        ->  Sort  (cost=120928.31..120929.44 rows=452 width=40) (actual time=121.691..121.700 rows=109 loops=1)
              Sort Key: customer_demographics.cd_gender, customer_demographics.cd_marital_status, customer_demographics.cd_education_status, customer_demographics.cd_purchase_estimate, customer_demographics.cd_credit_rating
              Sort Method: quicksort  Memory: 101kB
              ->  Hash Anti Join  (cost=118216.12..120908.37 rows=452 width=40) (actual time=90.400..120.094 rows=888 loops=1)
                    Hash Cond: (c.c_customer_sk = catalog_sales.cs_ship_customer_sk)
                    ->  Nested Loop  (cost=110692.18..113378.62 rows=460 width=48) (actual time=63.725..93.242 rows=945 loops=1)
                          ->  Hash Anti Join  (cost=110691.75..113027.62 rows=476 width=16) (actual time=63.708..89.550 rows=980 loops=1)
                                Hash Cond: (c.c_customer_sk = web_sales.ws_bill_customer_sk)
                                ->  Nested Loop  (cost=83599.17..85928.96 rows=481 width=16) (actual time=44.609..70.185 rows=998 loops=1)
                                      ->  Nested Loop  (cost=83598.88..84888.76 rows=3198 width=24) (actual time=44.590..58.187 rows=6453 loops=1)
                                            ->  HashAggregate  (cost=83598.59..83632.09 rows=3350 width=8) (actual time=44.581..45.595 rows=6454 loops=1)
                                                  Group Key: store_sales.ss_customer_sk
                                                  Batches: 1  Memory Usage: 721kB
                                                  ->  Nested Loop  (cost=0.43..83590.21 rows=3350 width=8) (actual time=4.597..34.807 rows=76468 loops=1)
                                                        ->  Seq Scan on date_dim  (cost=0.00..2683.36 rows=89 width=8) (actual time=4.585..9.461 rows=89 loops=1)
                                                              Filter: ((d_moy >= 2) AND (d_moy <= 4) AND (d_year = 2001))
                                                              Rows Removed by Filter: 72960
                                                        ->  Index Scan using i_ss_sold_date_sk on store_sales  (cost=0.43..893.99 rows=1508 width=16) (actual time=0.005..0.200 rows=859 loops=89)
                                                              Index Cond: (ss_sold_date_sk = date_dim.d_date_sk)
                                            ->  Index Scan using pk_customer on customer c  (cost=0.29..0.38 rows=1 width=24) (actual time=0.002..0.002 rows=1 loops=6454)
                                                  Index Cond: (c_customer_sk = store_sales.ss_customer_sk)
                                      ->  Index Scan using pk_customer_address on customer_address ca  (cost=0.29..0.33 rows=1 width=8) (actual time=0.002..0.002 rows=0 loops=6453)
                                            Index Cond: (ca_address_sk = c.c_current_addr_sk)
                                            Filter: (ca_state = ANY ('{GA,TX,AL}'::bpchar[]))
                                            Rows Removed by Filter: 1
                                ->  Hash  (cost=27081.64..27081.64 rows=876 width=8) (actual time=19.090..19.092 rows=20378 loops=1)
                                      Buckets: 32768 (originally 1024)  Batches: 1 (originally 1)  Memory Usage: 1053kB
                                      ->  Nested Loop  (cost=0.42..27081.64 rows=876 width=8) (actual time=4.710..16.670 rows=20380 loops=1)
                                            ->  Seq Scan on date_dim date_dim_1  (cost=0.00..2683.36 rows=89 width=8) (actual time=4.700..9.331 rows=89 loops=1)
                                                  Filter: ((d_moy >= 2) AND (d_moy <= 4) AND (d_year = 2001))
                                                  Rows Removed by Filter: 72960
                                            ->  Index Scan using i_ws_sold_date_sk on web_sales  (cost=0.42..270.19 rows=395 width=16) (actual time=0.003..0.057 rows=229 loops=89)
                                                  Index Cond: (ws_sold_date_sk = date_dim_1.d_date_sk)
                          ->  Index Scan using pk_customer_demographics on customer_demographics  (cost=0.43..0.74 rows=1 width=48) (actual time=0.003..0.003 rows=1 loops=980)
                                Index Cond: (cd_demo_sk = c.c_current_cdemo_sk)
                    ->  Hash  (cost=7502.15..7502.15 rows=1743 width=8) (actual time=26.668..26.668 rows=40386 loops=1)
                          Buckets: 65536 (originally 2048)  Batches: 1 (originally 1)  Memory Usage: 2090kB
                          ->  Nested Loop  (cost=0.43..7502.15 rows=1743 width=8) (actual time=4.420..20.995 rows=40497 loops=1)
                                ->  Seq Scan on date_dim date_dim_2  (cost=0.00..2683.36 rows=89 width=8) (actual time=4.403..9.305 rows=89 loops=1)
                                      Filter: ((d_moy >= 2) AND (d_moy <= 4) AND (d_year = 2001))
                                      Rows Removed by Filter: 72960
                                ->  Index Scan using i_cs_sold_date_sk on catalog_sales  (cost=0.43..46.32 rows=782 width=16) (actual time=0.003..0.075 rows=455 loops=89)
                                      Index Cond: (cs_sold_date_sk = date_dim_2.d_date_sk)
 cd_gender | cd_marital_status | cd_education_status  | cnt1 | cd_purchase_estimate | cnt2 | cd_credit_rating | cnt3 
-----------+-------------------+----------------------+------+----------------------+------+------------------+------
 F         | D                 | 2 yr Degree          |    1 |                 1500 |    1 | Good             |    1
 F         | D                 | 2 yr Degree          |    1 |                 2000 |    1 | Low Risk         |    1
 F         | D                 | 2 yr Degree          |    1 |                 3500 |    1 | Good             |    1
 F         | D                 | 2 yr Degree          |    1 |                 5000 |    1 | High Risk        |    1
 F         | D                 | 2 yr Degree          |    1 |                 5000 |    1 | Low Risk         |    1
 F         | D                 | 2 yr Degree          |    1 |                 5500 |    1 | Low Risk         |    1
 F         | D                 | 2 yr Degree          |    1 |                 6000 |    1 | Good             |    1
 F         | D                 | 2 yr Degree          |    1 |                 6000 |    1 | Low Risk         |    1
 F         | D                 | 2 yr Degree          |    1 |                 8000 |    1 | High Risk        |    1
 F         | D                 | 2 yr Degree          |    1 |                 8000 |    1 | Low Risk         |    1
 F         | D                 | 2 yr Degree          |    1 |                 8500 |    1 | Unknown          |    1
 F         | D                 | 4 yr Degree          |    2 |                  500 |    2 | Good             |    2
 F         | D                 | 4 yr Degree          |    1 |                 1500 |    1 | Unknown          |    1
 F         | D                 | 4 yr Degree          |    1 |                 2000 |    1 | Good             |    1
 F         | D                 | 4 yr Degree          |    1 |                 2000 |    1 | Low Risk         |    1
 F         | D                 | 4 yr Degree          |    1 |                 3000 |    1 | Unknown          |    1
 F         | D                 | 4 yr Degree          |    1 |                 3500 |    1 | Good             |    1
 F         | D                 | 4 yr Degree          |    2 |                 4000 |    2 | High Risk        |    2
 F         | D                 | 4 yr Degree          |    1 |                 4500 |    1 | Good             |    1
 F         | D                 | 4 yr Degree          |    1 |                 5500 |    1 | Good             |    1
 F         | D                 | 4 yr Degree          |    1 |                 6000 |    1 | Good             |    1
 F         | D                 | 4 yr Degree          |    1 |                 6000 |    1 | Unknown          |    1
 F         | D                 | 4 yr Degree          |    1 |                 7500 |    1 | Good             |    1
 F         | D                 | 4 yr Degree          |    1 |                 8500 |    1 | High Risk        |    1
 F         | D                 | 4 yr Degree          |    1 |                10000 |    1 | Good             |    1
 F         | D                 | Advanced Degree      |    1 |                 2000 |    1 | Unknown          |    1
 F         | D                 | Advanced Degree      |    1 |                 3000 |    1 | Unknown          |    1
 F         | D                 | Advanced Degree      |    1 |                 4500 |    1 | Good             |    1
 F         | D                 | Advanced Degree      |    1 |                 4500 |    1 | High Risk        |    1
 F         | D                 | Advanced Degree      |    1 |                 5500 |    1 | Low Risk         |    1
 F         | D                 | Advanced Degree      |    2 |                 6000 |    2 | Unknown          |    2
 F         | D                 | Advanced Degree      |    1 |                 7000 |    1 | Good             |    1
 F         | D                 | Advanced Degree      |    1 |                 7500 |    1 | Good             |    1
 F         | D                 | Advanced Degree      |    1 |                 8000 |    1 | High Risk        |    1
 F         | D                 | Advanced Degree      |    1 |                 9500 |    1 | High Risk        |    1
 F         | D                 | Advanced Degree      |    1 |                 9500 |    1 | Low Risk         |    1
 F         | D                 | College              |    1 |                 2000 |    1 | Low Risk         |    1
 F         | D                 | College              |    1 |                 3000 |    1 | Low Risk         |    1
 F         | D                 | College              |    1 |                 4500 |    1 | Good             |    1
 F         | D                 | College              |    1 |                 5000 |    1 | Low Risk         |    1
 F         | D                 | College              |    1 |                 7000 |    1 | Unknown          |    1
 F         | D                 | College              |    2 |                 7500 |    2 | Unknown          |    2
 F         | D                 | College              |    1 |                 8500 |    1 | Unknown          |    1
 F         | D                 | Primary              |    1 |                  500 |    1 | Unknown          |    1
 F         | D                 | Primary              |    1 |                 1500 |    1 | Good             |    1
 F         | D                 | Primary              |    1 |                 2500 |    1 | Good             |    1
 F         | D                 | Primary              |    1 |                 3000 |    1 | Unknown          |    1
 F         | D                 | Primary              |    1 |                 5000 |    1 | Low Risk         |    1
 F         | D                 | Primary              |    1 |                 5500 |    1 | Good             |    1
 F         | D                 | Secondary            |    1 |                 1000 |    1 | Low Risk         |    1
 F         | D                 | Secondary            |    1 |                 1500 |    1 | Good             |    1
 F         | D                 | Secondary            |    1 |                 1500 |    1 | High Risk        |    1
 F         | D                 | Secondary            |    1 |                 2000 |    1 | Good             |    1
 F         | D                 | Secondary            |    1 |                 2000 |    1 | Low Risk         |    1
 F         | D                 | Secondary            |    1 |                 2000 |    1 | Unknown          |    1
 F         | D                 | Secondary            |    1 |                 4000 |    1 | Unknown          |    1
 F         | D                 | Secondary            |    1 |                 5000 |    1 | Good             |    1
 F         | D                 | Secondary            |    1 |                 5000 |    1 | High Risk        |    1
 F         | D                 | Secondary            |    2 |                 6000 |    2 | High Risk        |    2
 F         | D                 | Secondary            |    1 |                 6000 |    1 | Low Risk         |    1
 F         | D                 | Secondary            |    1 |                 6500 |    1 | Good             |    1
 F         | D                 | Secondary            |    1 |                 7500 |    1 | Good             |    1
 F         | D                 | Secondary            |    1 |                 7500 |    1 | Unknown          |    1
 F         | D                 | Secondary            |    1 |                 9500 |    1 | Low Risk         |    1
 F         | D                 | Secondary            |    1 |                 9500 |    1 | Unknown          |    1
 F         | D                 | Secondary            |    1 |                10000 |    1 | Low Risk         |    1
 F         | D                 | Unknown              |    1 |                 1000 |    1 | Good             |    1
 F         | D                 | Unknown              |    1 |                 1500 |    1 | Unknown          |    1
 F         | D                 | Unknown              |    1 |                 2000 |    1 | High Risk        |    1
 F         | D                 | Unknown              |    1 |                 2000 |    1 | Unknown          |    1
 F         | D                 | Unknown              |    1 |                 3000 |    1 | Good             |    1
 F         | D                 | Unknown              |    1 |                 5500 |    1 | Unknown          |    1
 F         | D                 | Unknown              |    1 |                 7000 |    1 | High Risk        |    1
 F         | D                 | Unknown              |    1 |                 8000 |    1 | Good             |    1
 F         | D                 | Unknown              |    1 |                10000 |    1 | Good             |    1
 F         | M                 | 2 yr Degree          |    1 |                 1500 |    1 | Unknown          |    1
 F         | M                 | 2 yr Degree          |    1 |                 2500 |    1 | Unknown          |    1
 F         | M                 | 2 yr Degree          |    1 |                 3500 |    1 | Unknown          |    1
 F         | M                 | 2 yr Degree          |    1 |                 4000 |    1 | Unknown          |    1
 F         | M                 | 2 yr Degree          |    1 |                 4500 |    1 | Good             |    1
 F         | M                 | 2 yr Degree          |    1 |                 6500 |    1 | High Risk        |    1
 F         | M                 | 2 yr Degree          |    1 |                 7000 |    1 | High Risk        |    1
 F         | M                 | 2 yr Degree          |    2 |                 7500 |    2 | Low Risk         |    2
 F         | M                 | 2 yr Degree          |    2 |                 9000 |    2 | High Risk        |    2
 F         | M                 | 2 yr Degree          |    1 |                 9500 |    1 | Good             |    1
 F         | M                 | 4 yr Degree          |    1 |                  500 |    1 | High Risk        |    1
 F         | M                 | 4 yr Degree          |    1 |                 1000 |    1 | High Risk        |    1
 F         | M                 | 4 yr Degree          |    1 |                 1000 |    1 | Low Risk         |    1
 F         | M                 | 4 yr Degree          |    1 |                 2000 |    1 | Good             |    1
 F         | M                 | 4 yr Degree          |    2 |                 2500 |    2 | Good             |    2
 F         | M                 | 4 yr Degree          |    1 |                 3500 |    1 | Unknown          |    1
 F         | M                 | 4 yr Degree          |    1 |                 4000 |    1 | High Risk        |    1
 F         | M                 | 4 yr Degree          |    1 |                 4000 |    1 | Low Risk         |    1
 F         | M                 | 4 yr Degree          |    1 |                 5000 |    1 | Good             |    1
 F         | M                 | 4 yr Degree          |    1 |                 5000 |    1 | Low Risk         |    1
 F         | M                 | 4 yr Degree          |    1 |                 5500 |    1 | Good             |    1
 F         | M                 | 4 yr Degree          |    1 |                 5500 |    1 | High Risk        |    1
 F         | M                 | 4 yr Degree          |    1 |                 6000 |    1 | Unknown          |    1
 F         | M                 | 4 yr Degree          |    1 |                 7500 |    1 | Low Risk         |    1
 F         | M                 | 4 yr Degree          |    1 |                 8000 |    1 | Unknown          |    1
(100 rows)

UPDATE time_statistics SET e_time = TRANSACTION_TIMESTAMP() WHERE template = 'query69.tpl' AND stream = 1;
psql:/tmp/s1-basline/throughput/query_1.sql:1955: NOTICE:  duration: 0.042 ms  plan:
Query Text: UPDATE time_statistics SET e_time = TRANSACTION_TIMESTAMP() WHERE template = 'query69.tpl' AND stream = 1;
Update on time_statistics  (cost=0.00..4.71 rows=0 width=0) (actual time=0.042..0.042 rows=0 loops=1)
  ->  Seq Scan on time_statistics  (cost=0.00..4.71 rows=1 width=14) (actual time=0.026..0.026 rows=1 loops=1)
        Filter: ((template = 'query69.tpl'::text) AND (stream = 1))
        Rows Removed by Filter: 117
UPDATE 1
LOAD 'auto_explain'; SET auto_explain.log_min_duration TO 0; SET auto_explain.log_analyze TO on; SET auto_explain.log_level TO notice; INSERT INTO time_statistics (template, s_time, stream, query, seed) VALUES ('query54.tpl', TRANSACTION_TIMESTAMP(), 1, 37, 178019202);
LOAD
SET
SET
SET
psql:/tmp/s1-basline/throughput/query_1.sql:1956: NOTICE:  duration: 0.008 ms  plan:
Query Text: INSERT INTO time_statistics (template, s_time, stream, query, seed) VALUES ('query54.tpl', TRANSACTION_TIMESTAMP(), 1, 37, 178019202);
Insert on time_statistics  (cost=0.00..0.01 rows=0 width=0) (actual time=0.008..0.008 rows=0 loops=1)
  ->  Result  (cost=0.00..0.01 rows=1 width=64) (actual time=0.001..0.001 rows=1 loops=1)
INSERT 0 1
with my_customers as (
 select distinct c_customer_sk
        , c_current_addr_sk
 from   
        ( select cs_sold_date_sk sold_date_sk,
                 cs_bill_customer_sk customer_sk,
                 cs_item_sk item_sk
          from   catalog_sales
          union all
          select ws_sold_date_sk sold_date_sk,
                 ws_bill_customer_sk customer_sk,
                 ws_item_sk item_sk
          from   web_sales
         ) cs_or_ws_sales,
         item,
         date_dim,
         customer
 where   sold_date_sk = d_date_sk
         and item_sk = i_item_sk
         and i_category = 'Jewelry'
         and i_class = 'gold'
         and c_customer_sk = cs_or_ws_sales.customer_sk
         and d_moy = 2
         and d_year = 2000
 )
 , my_revenue as (
 select c_customer_sk,
        sum(ss_ext_sales_price) as revenue
 from   my_customers,
        store_sales,
        customer_address,
        store,
        date_dim
 where  c_current_addr_sk = ca_address_sk
        and ca_county = s_county
        and ca_state = s_state
        and ss_sold_date_sk = d_date_sk
        and c_customer_sk = ss_customer_sk
        and d_month_seq between (select distinct d_month_seq+1
                                 from   date_dim where d_year = 2000 and d_moy = 2)
                           and  (select distinct d_month_seq+3
                                 from   date_dim where d_year = 2000 and d_moy = 2)
 group by c_customer_sk
 )
 , segments as
 (select cast((revenue/50) as int) as segment
  from   my_revenue
 )
  select  segment, count(*) as num_customers, segment*50 as segment_base
 from segments
 group by segment
 order by segment, num_customers
 limit 100;
psql:/tmp/s1-basline/throughput/query_1.sql:2009: NOTICE:  duration: 173.447 ms  plan:
Query Text: with my_customers as (
 select distinct c_customer_sk
        , c_current_addr_sk
 from   
        ( select cs_sold_date_sk sold_date_sk,
                 cs_bill_customer_sk customer_sk,
                 cs_item_sk item_sk
          from   catalog_sales
          union all
          select ws_sold_date_sk sold_date_sk,
                 ws_bill_customer_sk customer_sk,
                 ws_item_sk item_sk
          from   web_sales
         ) cs_or_ws_sales,
         item,
         date_dim,
         customer
 where   sold_date_sk = d_date_sk
         and item_sk = i_item_sk
         and i_category = 'Jewelry'
         and i_class = 'gold'
         and c_customer_sk = cs_or_ws_sales.customer_sk
         and d_moy = 2
         and d_year = 2000
 )
 , my_revenue as (
 select c_customer_sk,
        sum(ss_ext_sales_price) as revenue
 from   my_customers,
        store_sales,
        customer_address,
        store,
        date_dim
 where  c_current_addr_sk = ca_address_sk
        and ca_county = s_county
        and ca_state = s_state
        and ss_sold_date_sk = d_date_sk
        and c_customer_sk = ss_customer_sk
        and d_month_seq between (select distinct d_month_seq+1
                                 from   date_dim where d_year = 2000 and d_moy = 2)
                           and  (select distinct d_month_seq+3
                                 from   date_dim where d_year = 2000 and d_moy = 2)
 group by c_customer_sk
 )
 , segments as
 (select cast((revenue/50) as int) as segment
  from   my_revenue
 )
  select  segment, count(*) as num_customers, segment*50 as segment_base
 from segments
 group by segment
 order by segment, num_customers
 limit 100;
Limit  (cost=99422.82..99422.82 rows=1 width=16) (actual time=121.335..173.445 rows=0 loops=1)
  ->  Sort  (cost=99422.82..99422.82 rows=1 width=16) (actual time=121.334..173.444 rows=0 loops=1)
        Sort Key: (((my_revenue.revenue / '50'::double precision))::integer), (count(*))
        Sort Method: quicksort  Memory: 25kB
        ->  GroupAggregate  (cost=99422.78..99422.81 rows=1 width=16) (actual time=121.331..173.440 rows=0 loops=1)
              Group Key: (((my_revenue.revenue / '50'::double precision))::integer)
              ->  Sort  (cost=99422.78..99422.78 rows=1 width=12) (actual time=121.330..173.439 rows=0 loops=1)
                    Sort Key: (((my_revenue.revenue / '50'::double precision))::integer)
                    Sort Method: quicksort  Memory: 25kB
                    ->  Subquery Scan on my_revenue  (cost=99422.73..99422.77 rows=1 width=12) (actual time=121.329..173.438 rows=0 loops=1)
                          ->  GroupAggregate  (cost=99422.73..99422.75 rows=1 width=16) (actual time=121.329..173.437 rows=0 loops=1)
                                Group Key: customer.c_customer_sk
                                InitPlan 1 (returns $0)
                                  ->  Unique  (cost=2501.48..2501.62 rows=28 width=4) (never executed)
                                        ->  Sort  (cost=2501.48..2501.55 rows=28 width=4) (never executed)
                                              Sort Key: ((date_dim_2.d_month_seq + 1))
                                              ->  Seq Scan on date_dim date_dim_2  (cost=0.00..2500.80 rows=28 width=4) (never executed)
                                                    Filter: ((d_year = 2000) AND (d_moy = 2))
                                InitPlan 2 (returns $1)
                                  ->  Unique  (cost=2501.48..2501.62 rows=28 width=4) (never executed)
                                        ->  Sort  (cost=2501.48..2501.55 rows=28 width=4) (never executed)
                                              Sort Key: ((date_dim_3.d_month_seq + 3))
                                              ->  Seq Scan on date_dim date_dim_3  (cost=0.00..2500.80 rows=28 width=4) (never executed)
                                                    Filter: ((d_year = 2000) AND (d_moy = 2))
                                ->  Sort  (cost=94419.49..94419.50 rows=1 width=16) (actual time=121.328..173.435 rows=0 loops=1)
                                      Sort Key: customer.c_customer_sk
                                      Sort Method: quicksort  Memory: 25kB
                                      ->  Nested Loop  (cost=4798.86..94419.48 rows=1 width=16) (actual time=121.327..173.433 rows=0 loops=1)
                                            ->  Gather  (cost=4798.57..94419.17 rows=1 width=24) (actual time=121.327..173.432 rows=0 loops=1)
                                                  Workers Planned: 2
                                                  Workers Launched: 2
                                                  ->  Hash Join  (cost=3798.57..93419.07 rows=1 width=24) (actual time=89.882..89.885 rows=0 loops=3)
                                                        Hash Cond: (store_sales.ss_customer_sk = customer.c_customer_sk)
                                                        ->  Parallel Seq Scan on store_sales  (cost=0.00..85123.48 rows=1199148 width=24) (actual time=0.015..0.015 rows=1 loops=3)
                                                        ->  Hash  (cost=3798.56..3798.56 rows=1 width=8) (actual time=89.781..89.784 rows=0 loops=3)
                                                              Buckets: 1024  Batches: 1  Memory Usage: 8kB
                                                              ->  Nested Loop  (cost=3795.02..3798.56 rows=1 width=8) (actual time=89.781..89.783 rows=0 loops=3)
                                                                    Join Filter: (((customer_address.ca_county)::text = (store.s_county)::text) AND (customer_address.ca_state = store.s_state))
                                                                    Rows Removed by Join Filter: 1452
                                                                    ->  Nested Loop  (cost=3795.02..3797.26 rows=1 width=25) (actual time=88.633..89.298 rows=121 loops=3)
                                                                          ->  Unique  (cost=3794.73..3794.74 rows=1 width=16) (actual time=88.597..88.623 rows=121 loops=3)
                                                                                ->  Sort  (cost=3794.73..3794.73 rows=1 width=16) (actual time=88.596..88.605 rows=125 loops=3)
                                                                                      Sort Key: customer.c_customer_sk, customer.c_current_addr_sk
                                                                                      Sort Method: quicksort  Memory: 31kB
                                                                                      Worker 0:  Sort Method: quicksort  Memory: 31kB
                                                                                      Worker 1:  Sort Method: quicksort  Memory: 31kB
                                                                                      ->  Nested Loop  (cost=1.01..3794.72 rows=1 width=16) (actual time=5.397..88.545 rows=125 loops=3)
                                                                                            ->  Nested Loop  (cost=0.72..3794.41 rows=1 width=8) (actual time=5.360..87.621 rows=125 loops=3)
                                                                                                  ->  Nested Loop  (cost=0.43..3339.96 rows=1439 width=16) (actual time=0.268..67.871 rows=13017 loops=3)
                                                                                                        ->  Seq Scan on item  (cost=0.00..1526.00 rows=12 width=8) (actual time=0.189..10.750 rows=118 loops=3)
                                                                                                              Filter: ((i_category = 'Jewelry'::bpchar) AND (i_class = 'gold'::bpchar))
                                                                                                              Rows Removed by Filter: 17882
                                                                                                        ->  Append  (cost=0.43..149.84 rows=132 width=24) (actual time=0.014..0.474 rows=110 loops=354)
                                                                                                              ->  Index Scan using pk_catalog_sales on catalog_sales  (cost=0.43..98.95 rows=88 width=24) (actual time=0.014..0.311 rows=74 loops=354)
                                                                                                                    Index Cond: (cs_item_sk = item.i_item_sk)
                                                                                                              ->  Index Scan using pk_web_sales on web_sales  (cost=0.42..50.24 rows=44 width=24) (actual time=0.012..0.155 rows=37 loops=354)
                                                                                                                    Index Cond: (ws_item_sk = item.i_item_sk)
                                                                                                  ->  Index Scan using pk_date_dim on date_dim date_dim_1  (cost=0.29..0.32 rows=1 width=8) (actual time=0.001..0.001 rows=0 loops=39051)
                                                                                                        Index Cond: (d_date_sk = catalog_sales.cs_sold_date_sk)
                                                                                                        Filter: ((d_moy = 2) AND (d_year = 2000))
                                                                                                        Rows Removed by Filter: 1
                                                                                            ->  Index Scan using pk_customer on customer  (cost=0.29..0.31 rows=1 width=16) (actual time=0.007..0.007 rows=1 loops=375)
                                                                                                  Index Cond: (c_customer_sk = catalog_sales.cs_bill_customer_sk)
                                                                          ->  Index Scan using pk_customer_address on customer_address  (cost=0.29..2.51 rows=1 width=25) (actual time=0.005..0.005 rows=1 loops=363)
                                                                                Index Cond: (ca_address_sk = customer.c_current_addr_sk)
                                                                    ->  Seq Scan on store  (cost=0.00..1.12 rows=12 width=21) (actual time=0.001..0.001 rows=12 loops=363)
                                            ->  Index Scan using pk_date_dim on date_dim  (cost=0.29..0.32 rows=1 width=8) (never executed)
                                                  Index Cond: (d_date_sk = store_sales.ss_sold_date_sk)
                                                  Filter: ((d_month_seq >= $0) AND (d_month_seq <= $1))
 segment | num_customers | segment_base 
---------+---------------+--------------
(0 rows)

UPDATE time_statistics SET e_time = TRANSACTION_TIMESTAMP() WHERE template = 'query54.tpl' AND stream = 1;
psql:/tmp/s1-basline/throughput/query_1.sql:2011: NOTICE:  duration: 0.039 ms  plan:
Query Text: UPDATE time_statistics SET e_time = TRANSACTION_TIMESTAMP() WHERE template = 'query54.tpl' AND stream = 1;
Update on time_statistics  (cost=0.00..4.71 rows=0 width=0) (actual time=0.038..0.038 rows=0 loops=1)
  ->  Seq Scan on time_statistics  (cost=0.00..4.71 rows=1 width=14) (actual time=0.025..0.025 rows=1 loops=1)
        Filter: ((template = 'query54.tpl'::text) AND (stream = 1))
        Rows Removed by Filter: 118
UPDATE 1
LOAD 'auto_explain'; SET auto_explain.log_min_duration TO 0; SET auto_explain.log_analyze TO on; SET auto_explain.log_level TO notice; INSERT INTO time_statistics (template, s_time, stream, query, seed) VALUES ('query61.tpl', TRANSACTION_TIMESTAMP(), 1, 38, 1035532006);
LOAD
SET
SET
SET
psql:/tmp/s1-basline/throughput/query_1.sql:2012: NOTICE:  duration: 0.008 ms  plan:
Query Text: INSERT INTO time_statistics (template, s_time, stream, query, seed) VALUES ('query61.tpl', TRANSACTION_TIMESTAMP(), 1, 38, 1035532006);
Insert on time_statistics  (cost=0.00..0.01 rows=0 width=0) (actual time=0.007..0.008 rows=0 loops=1)
  ->  Result  (cost=0.00..0.01 rows=1 width=64) (actual time=0.001..0.001 rows=1 loops=1)
INSERT 0 1
select  promotions,total,cast(promotions as decimal(15,4))/cast(total as decimal(15,4))*100
from
  (select sum(ss_ext_sales_price) promotions
   from  store_sales
        ,store
        ,promotion
        ,date_dim
        ,customer
        ,customer_address 
        ,item
   where ss_sold_date_sk = d_date_sk
   and   ss_store_sk = s_store_sk
   and   ss_promo_sk = p_promo_sk
   and   ss_customer_sk= c_customer_sk
   and   ca_address_sk = c_current_addr_sk
   and   ss_item_sk = i_item_sk 
   and   ca_gmt_offset = -6
   and   i_category = 'Jewelry'
   and   (p_channel_dmail = 'Y' or p_channel_email = 'Y' or p_channel_tv = 'Y')
   and   s_gmt_offset = -6
   and   d_year = 1999
   and   d_moy  = 11) promotional_sales,
  (select sum(ss_ext_sales_price) total
   from  store_sales
        ,store
        ,date_dim
        ,customer
        ,customer_address
        ,item
   where ss_sold_date_sk = d_date_sk
   and   ss_store_sk = s_store_sk
   and   ss_customer_sk= c_customer_sk
   and   ca_address_sk = c_current_addr_sk
   and   ss_item_sk = i_item_sk
   and   ca_gmt_offset = -6
   and   i_category = 'Jewelry'
   and   s_gmt_offset = -6
   and   d_year = 1999
   and   d_moy  = 11) all_sales
order by promotions, total
limit 100;
psql:/tmp/s1-basline/throughput/query_1.sql:2053: NOTICE:  duration: 0.115 ms  plan:
Query Text: select  promotions,total,cast(promotions as decimal(15,4))/cast(total as decimal(15,4))*100
from
  (select sum(ss_ext_sales_price) promotions
   from  store_sales
        ,store
        ,promotion
        ,date_dim
        ,customer
        ,customer_address 
        ,item
   where ss_sold_date_sk = d_date_sk
   and   ss_store_sk = s_store_sk
   and   ss_promo_sk = p_promo_sk
   and   ss_customer_sk= c_customer_sk
   and   ca_address_sk = c_current_addr_sk
   and   ss_item_sk = i_item_sk 
   and   ca_gmt_offset = -6
   and   i_category = 'Jewelry'
   and   (p_channel_dmail = 'Y' or p_channel_email = 'Y' or p_channel_tv = 'Y')
   and   s_gmt_offset = -6
   and   d_year = 1999
   and   d_moy  = 11) promotional_sales,
  (select sum(ss_ext_sales_price) total
   from  store_sales
        ,store
        ,date_dim
        ,customer
        ,customer_address
        ,item
   where ss_sold_date_sk = d_date_sk
   and   ss_store_sk = s_store_sk
   and   ss_customer_sk= c_customer_sk
   and   ca_address_sk = c_current_addr_sk
   and   ss_item_sk = i_item_sk
   and   ca_gmt_offset = -6
   and   i_category = 'Jewelry'
   and   s_gmt_offset = -6
   and   d_year = 1999
   and   d_moy  = 11) all_sales
order by promotions, total
limit 100;
Limit  (cost=81741.66..81741.67 rows=1 width=48) (actual time=0.111..0.113 rows=1 loops=1)
  ->  Sort  (cost=81741.66..81741.67 rows=1 width=48) (actual time=0.110..0.112 rows=1 loops=1)
        Sort Key: (sum(store_sales.ss_ext_sales_price)), (sum(store_sales_1.ss_ext_sales_price))
        Sort Method: quicksort  Memory: 25kB
        ->  Nested Loop  (cost=81741.59..81741.65 rows=1 width=48) (actual time=0.107..0.108 rows=1 loops=1)
              ->  Aggregate  (cost=40881.47..40881.48 rows=1 width=8) (actual time=0.101..0.102 rows=1 loops=1)
                    ->  Nested Loop  (cost=1.30..40881.47 rows=2 width=8) (actual time=0.099..0.100 rows=0 loops=1)
                          Join Filter: (store_sales.ss_promo_sk = promotion.p_promo_sk)
                          ->  Seq Scan on promotion  (cost=0.00..13.25 rows=135 width=8) (actual time=0.005..0.077 rows=135 loops=1)
                                Filter: ((p_channel_dmail = 'Y'::bpchar) OR (p_channel_email = 'Y'::bpchar) OR (p_channel_tv = 'Y'::bpchar))
                                Rows Removed by Filter: 165
                          ->  Materialize  (cost=1.30..40860.13 rows=4 width=16) (actual time=0.000..0.000 rows=0 loops=135)
                                ->  Nested Loop  (cost=1.30..40860.11 rows=4 width=16) (actual time=0.005..0.006 rows=0 loops=1)
                                      ->  Nested Loop  (cost=1.01..40857.51 rows=8 width=24) (actual time=0.005..0.005 rows=0 loops=1)
                                            ->  Nested Loop  (cost=0.72..40854.71 rows=9 width=24) (actual time=0.005..0.005 rows=0 loops=1)
                                                  ->  Nested Loop  (cost=0.43..40827.92 rows=87 width=32) (actual time=0.005..0.005 rows=0 loops=1)
                                                        Join Filter: (store_sales.ss_store_sk = store.s_store_sk)
                                                        ->  Seq Scan on store  (cost=0.00..1.15 rows=1 width=8) (actual time=0.005..0.005 rows=0 loops=1)
                                                              Filter: (s_gmt_offset = '-6'::double precision)
                                                              Rows Removed by Filter: 12
                                                        ->  Nested Loop  (cost=0.43..40813.12 rows=1092 width=40) (never executed)
                                                              ->  Seq Scan on date_dim  (cost=0.00..2500.73 rows=29 width=8) (never executed)
                                                                    Filter: ((d_year = 1999) AND (d_moy = 11))
                                                              ->  Index Scan using i_ss_sold_date_sk on store_sales  (cost=0.43..1306.04 rows=1508 width=48) (never executed)
                                                                    Index Cond: (ss_sold_date_sk = date_dim.d_date_sk)
                                                  ->  Index Scan using pk_item on item  (cost=0.29..0.31 rows=1 width=8) (never executed)
                                                        Index Cond: (i_item_sk = store_sales.ss_item_sk)
                                                        Filter: (i_category = 'Jewelry'::bpchar)
                                            ->  Index Scan using pk_customer on customer  (cost=0.29..0.31 rows=1 width=16) (never executed)
                                                  Index Cond: (c_customer_sk = store_sales.ss_customer_sk)
                                      ->  Index Scan using pk_customer_address on customer_address  (cost=0.29..0.32 rows=1 width=8) (never executed)
                                            Index Cond: (ca_address_sk = customer.c_current_addr_sk)
                                            Filter: (ca_gmt_offset = '-6'::double precision)
              ->  Aggregate  (cost=40860.12..40860.13 rows=1 width=8) (actual time=0.004..0.005 rows=1 loops=1)
                    ->  Nested Loop  (cost=1.30..40860.11 rows=4 width=8) (actual time=0.004..0.004 rows=0 loops=1)
                          ->  Nested Loop  (cost=1.01..40857.51 rows=8 width=16) (actual time=0.004..0.004 rows=0 loops=1)
                                ->  Nested Loop  (cost=0.72..40854.71 rows=9 width=16) (actual time=0.004..0.004 rows=0 loops=1)
                                      ->  Nested Loop  (cost=0.43..40827.92 rows=87 width=24) (actual time=0.004..0.004 rows=0 loops=1)
                                            Join Filter: (store_sales_1.ss_store_sk = store_1.s_store_sk)
                                            ->  Seq Scan on store store_1  (cost=0.00..1.15 rows=1 width=8) (actual time=0.003..0.004 rows=0 loops=1)
                                                  Filter: (s_gmt_offset = '-6'::double precision)
                                                  Rows Removed by Filter: 12
                                            ->  Nested Loop  (cost=0.43..40813.12 rows=1092 width=32) (never executed)
                                                  ->  Seq Scan on date_dim date_dim_1  (cost=0.00..2500.73 rows=29 width=8) (never executed)
                                                        Filter: ((d_year = 1999) AND (d_moy = 11))
                                                  ->  Index Scan using i_ss_sold_date_sk on store_sales store_sales_1  (cost=0.43..1306.04 rows=1508 width=40) (never executed)
                                                        Index Cond: (ss_sold_date_sk = date_dim_1.d_date_sk)
                                      ->  Index Scan using pk_item on item item_1  (cost=0.29..0.31 rows=1 width=8) (never executed)
                                            Index Cond: (i_item_sk = store_sales_1.ss_item_sk)
                                            Filter: (i_category = 'Jewelry'::bpchar)
                                ->  Index Scan using pk_customer on customer customer_1  (cost=0.29..0.31 rows=1 width=16) (never executed)
                                      Index Cond: (c_customer_sk = store_sales_1.ss_customer_sk)
                          ->  Index Scan using pk_customer_address on customer_address customer_address_1  (cost=0.29..0.32 rows=1 width=8) (never executed)
                                Index Cond: (ca_address_sk = customer_1.c_current_addr_sk)
                                Filter: (ca_gmt_offset = '-6'::double precision)
 promotions | total | ?column? 
------------+-------+----------
            |       |         
(1 row)

UPDATE time_statistics SET e_time = TRANSACTION_TIMESTAMP() WHERE template = 'query61.tpl' AND stream = 1;
psql:/tmp/s1-basline/throughput/query_1.sql:2055: NOTICE:  duration: 0.025 ms  plan:
Query Text: UPDATE time_statistics SET e_time = TRANSACTION_TIMESTAMP() WHERE template = 'query61.tpl' AND stream = 1;
Update on time_statistics  (cost=0.00..4.71 rows=0 width=0) (actual time=0.024..0.025 rows=0 loops=1)
  ->  Seq Scan on time_statistics  (cost=0.00..4.71 rows=1 width=14) (actual time=0.017..0.017 rows=1 loops=1)
        Filter: ((template = 'query61.tpl'::text) AND (stream = 1))
        Rows Removed by Filter: 119
UPDATE 1
LOAD 'auto_explain'; SET auto_explain.log_min_duration TO 0; SET auto_explain.log_analyze TO on; SET auto_explain.log_level TO notice; INSERT INTO time_statistics (template, s_time, stream, query, seed) VALUES ('query88.tpl', TRANSACTION_TIMESTAMP(), 1, 39, 1718173629);
LOAD
SET
SET
SET
psql:/tmp/s1-basline/throughput/query_1.sql:2056: NOTICE:  duration: 0.007 ms  plan:
Query Text: INSERT INTO time_statistics (template, s_time, stream, query, seed) VALUES ('query88.tpl', TRANSACTION_TIMESTAMP(), 1, 39, 1718173629);
Insert on time_statistics  (cost=0.00..0.01 rows=0 width=0) (actual time=0.007..0.007 rows=0 loops=1)
  ->  Result  (cost=0.00..0.01 rows=1 width=64) (actual time=0.001..0.001 rows=1 loops=1)
INSERT 0 1
select  *
from
 (select count(*) h8_30_to_9
 from store_sales, household_demographics , time_dim, store
 where ss_sold_time_sk = time_dim.t_time_sk   
     and ss_hdemo_sk = household_demographics.hd_demo_sk 
     and ss_store_sk = s_store_sk
     and time_dim.t_hour = 8
     and time_dim.t_minute >= 30
     and ((household_demographics.hd_dep_count = 4 and household_demographics.hd_vehicle_count<=4+2) or
          (household_demographics.hd_dep_count = 3 and household_demographics.hd_vehicle_count<=3+2) or
          (household_demographics.hd_dep_count = -1 and household_demographics.hd_vehicle_count<=-1+2)) 
     and store.s_store_name = 'ese') s1,
 (select count(*) h9_to_9_30 
 from store_sales, household_demographics , time_dim, store
 where ss_sold_time_sk = time_dim.t_time_sk
     and ss_hdemo_sk = household_demographics.hd_demo_sk
     and ss_store_sk = s_store_sk 
     and time_dim.t_hour = 9 
     and time_dim.t_minute < 30
     and ((household_demographics.hd_dep_count = 4 and household_demographics.hd_vehicle_count<=4+2) or
          (household_demographics.hd_dep_count = 3 and household_demographics.hd_vehicle_count<=3+2) or
          (household_demographics.hd_dep_count = -1 and household_demographics.hd_vehicle_count<=-1+2))
     and store.s_store_name = 'ese') s2,
 (select count(*) h9_30_to_10 
 from store_sales, household_demographics , time_dim, store
 where ss_sold_time_sk = time_dim.t_time_sk
     and ss_hdemo_sk = household_demographics.hd_demo_sk
     and ss_store_sk = s_store_sk
     and time_dim.t_hour = 9
     and time_dim.t_minute >= 30
     and ((household_demographics.hd_dep_count = 4 and household_demographics.hd_vehicle_count<=4+2) or
          (household_demographics.hd_dep_count = 3 and household_demographics.hd_vehicle_count<=3+2) or
          (household_demographics.hd_dep_count = -1 and household_demographics.hd_vehicle_count<=-1+2))
     and store.s_store_name = 'ese') s3,
 (select count(*) h10_to_10_30
 from store_sales, household_demographics , time_dim, store
 where ss_sold_time_sk = time_dim.t_time_sk
     and ss_hdemo_sk = household_demographics.hd_demo_sk
     and ss_store_sk = s_store_sk
     and time_dim.t_hour = 10 
     and time_dim.t_minute < 30
     and ((household_demographics.hd_dep_count = 4 and household_demographics.hd_vehicle_count<=4+2) or
          (household_demographics.hd_dep_count = 3 and household_demographics.hd_vehicle_count<=3+2) or
          (household_demographics.hd_dep_count = -1 and household_demographics.hd_vehicle_count<=-1+2))
     and store.s_store_name = 'ese') s4,
 (select count(*) h10_30_to_11
 from store_sales, household_demographics , time_dim, store
 where ss_sold_time_sk = time_dim.t_time_sk
     and ss_hdemo_sk = household_demographics.hd_demo_sk
     and ss_store_sk = s_store_sk
     and time_dim.t_hour = 10 
     and time_dim.t_minute >= 30
     and ((household_demographics.hd_dep_count = 4 and household_demographics.hd_vehicle_count<=4+2) or
          (household_demographics.hd_dep_count = 3 and household_demographics.hd_vehicle_count<=3+2) or
          (household_demographics.hd_dep_count = -1 and household_demographics.hd_vehicle_count<=-1+2))
     and store.s_store_name = 'ese') s5,
 (select count(*) h11_to_11_30
 from store_sales, household_demographics , time_dim, store
 where ss_sold_time_sk = time_dim.t_time_sk
     and ss_hdemo_sk = household_demographics.hd_demo_sk
     and ss_store_sk = s_store_sk 
     and time_dim.t_hour = 11
     and time_dim.t_minute < 30
     and ((household_demographics.hd_dep_count = 4 and household_demographics.hd_vehicle_count<=4+2) or
          (household_demographics.hd_dep_count = 3 and household_demographics.hd_vehicle_count<=3+2) or
          (household_demographics.hd_dep_count = -1 and household_demographics.hd_vehicle_count<=-1+2))
     and store.s_store_name = 'ese') s6,
 (select count(*) h11_30_to_12
 from store_sales, household_demographics , time_dim, store
 where ss_sold_time_sk = time_dim.t_time_sk
     and ss_hdemo_sk = household_demographics.hd_demo_sk
     and ss_store_sk = s_store_sk
     and time_dim.t_hour = 11
     and time_dim.t_minute >= 30
     and ((household_demographics.hd_dep_count = 4 and household_demographics.hd_vehicle_count<=4+2) or
          (household_demographics.hd_dep_count = 3 and household_demographics.hd_vehicle_count<=3+2) or
          (household_demographics.hd_dep_count = -1 and household_demographics.hd_vehicle_count<=-1+2))
     and store.s_store_name = 'ese') s7,
 (select count(*) h12_to_12_30
 from store_sales, household_demographics , time_dim, store
 where ss_sold_time_sk = time_dim.t_time_sk
     and ss_hdemo_sk = household_demographics.hd_demo_sk
     and ss_store_sk = s_store_sk
     and time_dim.t_hour = 12
     and time_dim.t_minute < 30
     and ((household_demographics.hd_dep_count = 4 and household_demographics.hd_vehicle_count<=4+2) or
          (household_demographics.hd_dep_count = 3 and household_demographics.hd_vehicle_count<=3+2) or
          (household_demographics.hd_dep_count = -1 and household_demographics.hd_vehicle_count<=-1+2))
     and store.s_store_name = 'ese') s8
;
psql:/tmp/s1-basline/throughput/query_1.sql:2147: NOTICE:  duration: 2113.922 ms  plan:
Query Text: select  *
from
 (select count(*) h8_30_to_9
 from store_sales, household_demographics , time_dim, store
 where ss_sold_time_sk = time_dim.t_time_sk   
     and ss_hdemo_sk = household_demographics.hd_demo_sk 
     and ss_store_sk = s_store_sk
     and time_dim.t_hour = 8
     and time_dim.t_minute >= 30
     and ((household_demographics.hd_dep_count = 4 and household_demographics.hd_vehicle_count<=4+2) or
          (household_demographics.hd_dep_count = 3 and household_demographics.hd_vehicle_count<=3+2) or
          (household_demographics.hd_dep_count = -1 and household_demographics.hd_vehicle_count<=-1+2)) 
     and store.s_store_name = 'ese') s1,
 (select count(*) h9_to_9_30 
 from store_sales, household_demographics , time_dim, store
 where ss_sold_time_sk = time_dim.t_time_sk
     and ss_hdemo_sk = household_demographics.hd_demo_sk
     and ss_store_sk = s_store_sk 
     and time_dim.t_hour = 9 
     and time_dim.t_minute < 30
     and ((household_demographics.hd_dep_count = 4 and household_demographics.hd_vehicle_count<=4+2) or
          (household_demographics.hd_dep_count = 3 and household_demographics.hd_vehicle_count<=3+2) or
          (household_demographics.hd_dep_count = -1 and household_demographics.hd_vehicle_count<=-1+2))
     and store.s_store_name = 'ese') s2,
 (select count(*) h9_30_to_10 
 from store_sales, household_demographics , time_dim, store
 where ss_sold_time_sk = time_dim.t_time_sk
     and ss_hdemo_sk = household_demographics.hd_demo_sk
     and ss_store_sk = s_store_sk
     and time_dim.t_hour = 9
     and time_dim.t_minute >= 30
     and ((household_demographics.hd_dep_count = 4 and household_demographics.hd_vehicle_count<=4+2) or
          (household_demographics.hd_dep_count = 3 and household_demographics.hd_vehicle_count<=3+2) or
          (household_demographics.hd_dep_count = -1 and household_demographics.hd_vehicle_count<=-1+2))
     and store.s_store_name = 'ese') s3,
 (select count(*) h10_to_10_30
 from store_sales, household_demographics , time_dim, store
 where ss_sold_time_sk = time_dim.t_time_sk
     and ss_hdemo_sk = household_demographics.hd_demo_sk
     and ss_store_sk = s_store_sk
     and time_dim.t_hour = 10 
     and time_dim.t_minute < 30
     and ((household_demographics.hd_dep_count = 4 and household_demographics.hd_vehicle_count<=4+2) or
          (household_demographics.hd_dep_count = 3 and household_demographics.hd_vehicle_count<=3+2) or
          (household_demographics.hd_dep_count = -1 and household_demographics.hd_vehicle_count<=-1+2))
     and store.s_store_name = 'ese') s4,
 (select count(*) h10_30_to_11
 from store_sales, household_demographics , time_dim, store
 where ss_sold_time_sk = time_dim.t_time_sk
     and ss_hdemo_sk = household_demographics.hd_demo_sk
     and ss_store_sk = s_store_sk
     and time_dim.t_hour = 10 
     and time_dim.t_minute >= 30
     and ((household_demographics.hd_dep_count = 4 and household_demographics.hd_vehicle_count<=4+2) or
          (household_demographics.hd_dep_count = 3 and household_demographics.hd_vehicle_count<=3+2) or
          (household_demographics.hd_dep_count = -1 and household_demographics.hd_vehicle_count<=-1+2))
     and store.s_store_name = 'ese') s5,
 (select count(*) h11_to_11_30
 from store_sales, household_demographics , time_dim, store
 where ss_sold_time_sk = time_dim.t_time_sk
     and ss_hdemo_sk = household_demographics.hd_demo_sk
     and ss_store_sk = s_store_sk 
     and time_dim.t_hour = 11
     and time_dim.t_minute < 30
     and ((household_demographics.hd_dep_count = 4 and household_demographics.hd_vehicle_count<=4+2) or
          (household_demographics.hd_dep_count = 3 and household_demographics.hd_vehicle_count<=3+2) or
          (household_demographics.hd_dep_count = -1 and household_demographics.hd_vehicle_count<=-1+2))
     and store.s_store_name = 'ese') s6,
 (select count(*) h11_30_to_12
 from store_sales, household_demographics , time_dim, store
 where ss_sold_time_sk = time_dim.t_time_sk
     and ss_hdemo_sk = household_demographics.hd_demo_sk
     and ss_store_sk = s_store_sk
     and time_dim.t_hour = 11
     and time_dim.t_minute >= 30
     and ((household_demographics.hd_dep_count = 4 and household_demographics.hd_vehicle_count<=4+2) or
          (household_demographics.hd_dep_count = 3 and household_demographics.hd_vehicle_count<=3+2) or
          (household_demographics.hd_dep_count = -1 and household_demographics.hd_vehicle_count<=-1+2))
     and store.s_store_name = 'ese') s7,
 (select count(*) h12_to_12_30
 from store_sales, household_demographics , time_dim, store
 where ss_sold_time_sk = time_dim.t_time_sk
     and ss_hdemo_sk = household_demographics.hd_demo_sk
     and ss_store_sk = s_store_sk
     and time_dim.t_hour = 12
     and time_dim.t_minute < 30
     and ((household_demographics.hd_dep_count = 4 and household_demographics.hd_vehicle_count<=4+2) or
          (household_demographics.hd_dep_count = 3 and household_demographics.hd_vehicle_count<=3+2) or
          (household_demographics.hd_dep_count = -1 and household_demographics.hd_vehicle_count<=-1+2))
     and store.s_store_name = 'ese') s8
;
Nested Loop  (cost=738999.02..738999.25 rows=1 width=64) (actual time=2041.642..2113.912 rows=1 loops=1)
  ->  Nested Loop  (cost=646621.44..646621.64 rows=1 width=56) (actual time=1785.219..1785.831 rows=1 loops=1)
        ->  Nested Loop  (cost=554244.98..554245.15 rows=1 width=48) (actual time=1532.429..1532.962 rows=1 loops=1)
              ->  Nested Loop  (cost=461867.51..461867.65 rows=1 width=40) (actual time=1277.801..1278.259 rows=1 loops=1)
                    ->  Nested Loop  (cost=369493.75..369493.86 rows=1 width=32) (actual time=1018.664..1019.045 rows=1 loops=1)
                          ->  Nested Loop  (cost=277119.03..277119.11 rows=1 width=24) (actual time=758.256..758.555 rows=1 loops=1)
                                ->  Nested Loop  (cost=184746.45..184746.50 rows=1 width=16) (actual time=504.519..504.744 rows=1 loops=1)
                                      ->  Finalize Aggregate  (cost=92372.86..92372.87 rows=1 width=8) (actual time=248.624..248.768 rows=1 loops=1)
                                            ->  Gather  (cost=92372.64..92372.85 rows=2 width=8) (actual time=248.517..248.763 rows=3 loops=1)
                                                  Workers Planned: 2
                                                  Workers Launched: 2
                                                  ->  Partial Aggregate  (cost=91372.64..91372.65 rows=1 width=8) (actual time=244.151..244.155 rows=1 loops=3)
                                                        ->  Hash Join  (cost=3023.51..91371.80 rows=339 width=0) (actual time=14.898..244.119 rows=564 loops=3)
                                                              Hash Cond: (store_sales.ss_store_sk = store.s_store_sk)
                                                              ->  Hash Join  (cost=3022.35..91355.65 rows=4270 width=8) (actual time=14.202..243.642 rows=3545 loops=3)
                                                                    Hash Cond: (store_sales.ss_hdemo_sk = household_demographics.hd_demo_sk)
                                                                    ->  Hash Join  (cost=2765.25..91036.64 rows=23573 width=16) (actual time=12.455..240.613 rows=18029 loops=3)
                                                                          Hash Cond: (store_sales.ss_sold_time_sk = time_dim.t_time_sk)
                                                                          ->  Parallel Seq Scan on store_sales  (cost=0.00..85123.48 rows=1199148 width=24) (actual time=0.013..121.030 rows=959309 loops=3)
                                                                          ->  Hash  (cost=2743.00..2743.00 rows=1780 width=8) (actual time=12.269..12.270 rows=1800 loops=3)
                                                                                Buckets: 2048  Batches: 1  Memory Usage: 87kB
                                                                                ->  Seq Scan on time_dim  (cost=0.00..2743.00 rows=1780 width=8) (actual time=4.535..12.056 rows=1800 loops=3)
                                                                                      Filter: ((t_minute >= 30) AND (t_hour = 8))
                                                                                      Rows Removed by Filter: 84600
                                                                    ->  Hash  (cost=240.00..240.00 rows=1368 width=8) (actual time=1.361..1.361 rows=1440 loops=3)
                                                                          Buckets: 2048  Batches: 1  Memory Usage: 73kB
                                                                          ->  Seq Scan on household_demographics  (cost=0.00..240.00 rows=1368 width=8) (actual time=0.074..1.181 rows=1440 loops=3)
                                                                                Filter: (((hd_dep_count = 4) AND (hd_vehicle_count <= 6)) OR ((hd_dep_count = 3) AND (hd_vehicle_count <= 5)) OR ((hd_dep_count = '-1'::integer) AND (hd_vehicle_count <= 1)))
                                                                                Rows Removed by Filter: 5760
                                                              ->  Hash  (cost=1.15..1.15 rows=1 width=8) (actual time=0.029..0.029 rows=1 loops=3)
                                                                    Buckets: 1024  Batches: 1  Memory Usage: 9kB
                                                                    ->  Seq Scan on store  (cost=0.00..1.15 rows=1 width=8) (actual time=0.024..0.026 rows=1 loops=3)
                                                                          Filter: ((s_store_name)::text = 'ese'::text)
                                                                          Rows Removed by Filter: 11
                                      ->  Finalize Aggregate  (cost=92373.60..92373.61 rows=1 width=8) (actual time=255.891..255.971 rows=1 loops=1)
                                            ->  Gather  (cost=92373.38..92373.59 rows=2 width=8) (actual time=255.783..255.966 rows=3 loops=1)
                                                  Workers Planned: 2
                                                  Workers Launched: 2
                                                  ->  Partial Aggregate  (cost=91373.38..91373.39 rows=1 width=8) (actual time=251.360..251.364 rows=1 loops=3)
                                                        ->  Hash Join  (cost=3023.67..91372.53 rows=342 width=0) (actual time=16.533..251.299 rows=1152 loops=3)
                                                              Hash Cond: (store_sales_1.ss_store_sk = store_1.s_store_sk)
                                                              ->  Hash Join  (cost=3022.51..91356.27 rows=4301 width=8) (actual time=14.432..250.571 rows=7003 loops=3)
                                                                    Hash Cond: (store_sales_1.ss_hdemo_sk = household_demographics_1.hd_demo_sk)
                                                                    ->  Hash Join  (cost=2765.41..91036.80 rows=23745 width=16) (actual time=12.478..246.110 rows=36662 loops=3)
                                                                          Hash Cond: (store_sales_1.ss_sold_time_sk = time_dim_1.t_time_sk)
                                                                          ->  Parallel Seq Scan on store_sales store_sales_1  (cost=0.00..85123.48 rows=1199148 width=24) (actual time=0.013..123.508 rows=959309 loops=3)
                                                                          ->  Hash  (cost=2743.00..2743.00 rows=1793 width=8) (actual time=12.369..12.370 rows=1800 loops=3)
                                                                                Buckets: 2048  Batches: 1  Memory Usage: 87kB
                                                                                ->  Seq Scan on time_dim time_dim_1  (cost=0.00..2743.00 rows=1793 width=8) (actual time=4.852..12.147 rows=1800 loops=3)
                                                                                      Filter: ((t_minute < 30) AND (t_hour = 9))
                                                                                      Rows Removed by Filter: 84600
                                                                    ->  Hash  (cost=240.00..240.00 rows=1368 width=8) (actual time=1.359..1.360 rows=1440 loops=3)
                                                                          Buckets: 2048  Batches: 1  Memory Usage: 73kB
                                                                          ->  Seq Scan on household_demographics household_demographics_1  (cost=0.00..240.00 rows=1368 width=8) (actual time=0.076..1.190 rows=1440 loops=3)
                                                                                Filter: (((hd_dep_count = 4) AND (hd_vehicle_count <= 6)) OR ((hd_dep_count = 3) AND (hd_vehicle_count <= 5)) OR ((hd_dep_count = '-1'::integer) AND (hd_vehicle_count <= 1)))
                                                                                Rows Removed by Filter: 5760
                                                              ->  Hash  (cost=1.15..1.15 rows=1 width=8) (actual time=0.032..0.032 rows=1 loops=3)
                                                                    Buckets: 1024  Batches: 1  Memory Usage: 9kB
                                                                    ->  Seq Scan on store store_1  (cost=0.00..1.15 rows=1 width=8) (actual time=0.027..0.029 rows=1 loops=3)
                                                                          Filter: ((s_store_name)::text = 'ese'::text)
                                                                          Rows Removed by Filter: 11
                                ->  Finalize Aggregate  (cost=92372.58..92372.59 rows=1 width=8) (actual time=253.733..253.808 rows=1 loops=1)
                                      ->  Gather  (cost=92372.36..92372.57 rows=2 width=8) (actual time=253.624..253.803 rows=3 loops=1)
                                            Workers Planned: 2
                                            Workers Launched: 2
                                            ->  Partial Aggregate  (cost=91372.36..91372.37 rows=1 width=8) (actual time=249.224..249.229 rows=1 loops=3)
                                                  ->  Hash Join  (cost=3023.45..91371.52 rows=338 width=0) (actual time=18.111..249.157 rows=1305 loops=3)
                                                        Hash Cond: (store_sales_2.ss_store_sk = store_2.s_store_sk)
                                                        ->  Hash Join  (cost=3022.29..91355.42 rows=4258 width=8) (actual time=13.459..248.410 rows=7319 loops=3)
                                                              Hash Cond: (store_sales_2.ss_hdemo_sk = household_demographics_2.hd_demo_sk)
                                                              ->  Hash Join  (cost=2765.19..91036.58 rows=23507 width=16) (actual time=12.095..243.924 rows=37195 loops=3)
                                                                    Hash Cond: (store_sales_2.ss_sold_time_sk = time_dim_2.t_time_sk)
                                                                    ->  Parallel Seq Scan on store_sales store_sales_2  (cost=0.00..85123.48 rows=1199148 width=24) (actual time=0.013..121.782 rows=959309 loops=3)
                                                                    ->  Hash  (cost=2743.00..2743.00 rows=1775 width=8) (actual time=12.041..12.042 rows=1800 loops=3)
                                                                          Buckets: 2048  Batches: 1  Memory Usage: 87kB
                                                                          ->  Seq Scan on time_dim time_dim_2  (cost=0.00..2743.00 rows=1775 width=8) (actual time=4.929..11.817 rows=1800 loops=3)
                                                                                Filter: ((t_minute >= 30) AND (t_hour = 9))
                                                                                Rows Removed by Filter: 84600
                                                              ->  Hash  (cost=240.00..240.00 rows=1368 width=8) (actual time=1.320..1.321 rows=1440 loops=3)
                                                                    Buckets: 2048  Batches: 1  Memory Usage: 73kB
                                                                    ->  Seq Scan on household_demographics household_demographics_2  (cost=0.00..240.00 rows=1368 width=8) (actual time=0.072..1.144 rows=1440 loops=3)
                                                                          Filter: (((hd_dep_count = 4) AND (hd_vehicle_count <= 6)) OR ((hd_dep_count = 3) AND (hd_vehicle_count <= 5)) OR ((hd_dep_count = '-1'::integer) AND (hd_vehicle_count <= 1)))
                                                                          Rows Removed by Filter: 5760
                                                        ->  Hash  (cost=1.15..1.15 rows=1 width=8) (actual time=0.028..0.029 rows=1 loops=3)
                                                              Buckets: 1024  Batches: 1  Memory Usage: 9kB
                                                              ->  Seq Scan on store store_2  (cost=0.00..1.15 rows=1 width=8) (actual time=0.024..0.025 rows=1 loops=3)
                                                                    Filter: ((s_store_name)::text = 'ese'::text)
                                                                    Rows Removed by Filter: 11
                          ->  Finalize Aggregate  (cost=92374.72..92374.73 rows=1 width=8) (actual time=260.404..260.484 rows=1 loops=1)
                                ->  Gather  (cost=92374.50..92374.71 rows=2 width=8) (actual time=260.284..260.480 rows=3 loops=1)
                                      Workers Planned: 2
                                      Workers Launched: 2
                                      ->  Partial Aggregate  (cost=91374.50..91374.51 rows=1 width=8) (actual time=255.840..255.845 rows=1 loops=3)
                                            ->  Hash Join  (cost=3023.92..91373.64 rows=345 width=0) (actual time=20.484..255.749 rows=1767 loops=3)
                                                  Hash Cond: (store_sales_3.ss_store_sk = store_3.s_store_sk)
                                                  ->  Hash Join  (cost=3022.76..91357.21 rows=4349 width=8) (actual time=13.511..254.749 rows=10990 loops=3)
                                                        Hash Cond: (store_sales_3.ss_hdemo_sk = household_demographics_3.hd_demo_sk)
                                                        ->  Hash Join  (cost=2765.66..91037.05 rows=24010 width=16) (actual time=11.997..248.888 rows=54541 loops=3)
                                                              Hash Cond: (store_sales_3.ss_sold_time_sk = time_dim_3.t_time_sk)
                                                              ->  Parallel Seq Scan on store_sales store_sales_3  (cost=0.00..85123.48 rows=1199148 width=24) (actual time=0.014..123.488 rows=959309 loops=3)
                                                              ->  Hash  (cost=2743.00..2743.00 rows=1813 width=8) (actual time=11.947..11.948 rows=1800 loops=3)
                                                                    Buckets: 2048  Batches: 1  Memory Usage: 87kB
                                                                    ->  Seq Scan on time_dim time_dim_3  (cost=0.00..2743.00 rows=1813 width=8) (actual time=5.122..11.730 rows=1800 loops=3)
                                                                          Filter: ((t_minute < 30) AND (t_hour = 10))
                                                                          Rows Removed by Filter: 84600
                                                        ->  Hash  (cost=240.00..240.00 rows=1368 width=8) (actual time=1.310..1.311 rows=1440 loops=3)
                                                              Buckets: 2048  Batches: 1  Memory Usage: 73kB
                                                              ->  Seq Scan on household_demographics household_demographics_3  (cost=0.00..240.00 rows=1368 width=8) (actual time=0.071..1.141 rows=1440 loops=3)
                                                                    Filter: (((hd_dep_count = 4) AND (hd_vehicle_count <= 6)) OR ((hd_dep_count = 3) AND (hd_vehicle_count <= 5)) OR ((hd_dep_count = '-1'::integer) AND (hd_vehicle_count <= 1)))
                                                                    Rows Removed by Filter: 5760
                                                  ->  Hash  (cost=1.15..1.15 rows=1 width=8) (actual time=0.028..0.029 rows=1 loops=3)
                                                        Buckets: 1024  Batches: 1  Memory Usage: 9kB
                                                        ->  Seq Scan on store store_3  (cost=0.00..1.15 rows=1 width=8) (actual time=0.024..0.025 rows=1 loops=3)
                                                              Filter: ((s_store_name)::text = 'ese'::text)
                                                              Rows Removed by Filter: 11
                    ->  Finalize Aggregate  (cost=92373.76..92373.77 rows=1 width=8) (actual time=259.132..259.209 rows=1 loops=1)
                          ->  Gather  (cost=92373.54..92373.75 rows=2 width=8) (actual time=259.023..259.205 rows=3 loops=1)
                                Workers Planned: 2
                                Workers Launched: 2
                                ->  Partial Aggregate  (cost=91373.54..91373.55 rows=1 width=8) (actual time=254.753..254.757 rows=1 loops=3)
                                      ->  Hash Join  (cost=3023.71..91372.69 rows=342 width=0) (actual time=15.426..254.661 rows=1808 loops=3)
                                            Hash Cond: (store_sales_4.ss_store_sk = store_4.s_store_sk)
                                            ->  Hash Join  (cost=3022.55..91356.41 rows=4308 width=8) (actual time=13.796..253.662 rows=10734 loops=3)
                                                  Hash Cond: (store_sales_4.ss_hdemo_sk = household_demographics_4.hd_demo_sk)
                                                  ->  Hash Join  (cost=2765.45..91036.84 rows=23785 width=16) (actual time=12.274..247.814 rows=54228 loops=3)
                                                        Hash Cond: (store_sales_4.ss_sold_time_sk = time_dim_4.t_time_sk)
                                                        ->  Parallel Seq Scan on store_sales store_sales_4  (cost=0.00..85123.48 rows=1199148 width=24) (actual time=0.013..122.764 rows=959309 loops=3)
                                                        ->  Hash  (cost=2743.00..2743.00 rows=1796 width=8) (actual time=12.198..12.199 rows=1800 loops=3)
                                                              Buckets: 2048  Batches: 1  Memory Usage: 87kB
                                                              ->  Seq Scan on time_dim time_dim_4  (cost=0.00..2743.00 rows=1796 width=8) (actual time=5.480..11.973 rows=1800 loops=3)
                                                                    Filter: ((t_minute >= 30) AND (t_hour = 10))
                                                                    Rows Removed by Filter: 84600
                                                  ->  Hash  (cost=240.00..240.00 rows=1368 width=8) (actual time=1.346..1.347 rows=1440 loops=3)
                                                        Buckets: 2048  Batches: 1  Memory Usage: 73kB
                                                        ->  Seq Scan on household_demographics household_demographics_4  (cost=0.00..240.00 rows=1368 width=8) (actual time=0.076..1.160 rows=1440 loops=3)
                                                              Filter: (((hd_dep_count = 4) AND (hd_vehicle_count <= 6)) OR ((hd_dep_count = 3) AND (hd_vehicle_count <= 5)) OR ((hd_dep_count = '-1'::integer) AND (hd_vehicle_count <= 1)))
                                                              Rows Removed by Filter: 5760
                                            ->  Hash  (cost=1.15..1.15 rows=1 width=8) (actual time=0.032..0.032 rows=1 loops=3)
                                                  Buckets: 1024  Batches: 1  Memory Usage: 9kB
                                                  ->  Seq Scan on store store_4  (cost=0.00..1.15 rows=1 width=8) (actual time=0.027..0.028 rows=1 loops=3)
                                                        Filter: ((s_store_name)::text = 'ese'::text)
                                                        Rows Removed by Filter: 11
              ->  Finalize Aggregate  (cost=92377.47..92377.48 rows=1 width=8) (actual time=254.624..254.699 rows=1 loops=1)
                    ->  Gather  (cost=92377.25..92377.46 rows=2 width=8) (actual time=254.517..254.694 rows=3 loops=1)
                          Workers Planned: 2
                          Workers Launched: 2
                          ->  Partial Aggregate  (cost=91377.25..91377.26 rows=1 width=8) (actual time=249.873..249.877 rows=1 loops=3)
                                ->  Hash Join  (cost=3024.54..91376.37 rows=355 width=0) (actual time=15.358..249.824 rows=948 loops=3)
                                      Hash Cond: (store_sales_5.ss_store_sk = store_5.s_store_sk)
                                      ->  Hash Join  (cost=3023.38..91359.53 rows=4467 width=8) (actual time=14.417..249.172 rows=6065 loops=3)
                                            Hash Cond: (store_sales_5.ss_hdemo_sk = household_demographics_5.hd_demo_sk)
                                            ->  Hash Join  (cost=2766.28..91037.67 rows=24659 width=16) (actual time=12.254..245.137 rows=31548 loops=3)
                                                  Hash Cond: (store_sales_5.ss_sold_time_sk = time_dim_5.t_time_sk)
                                                  ->  Parallel Seq Scan on store_sales store_sales_5  (cost=0.00..85123.48 rows=1199148 width=24) (actual time=0.014..123.243 rows=959309 loops=3)
                                                  ->  Hash  (cost=2743.00..2743.00 rows=1862 width=8) (actual time=12.101..12.102 rows=1800 loops=3)
                                                        Buckets: 2048  Batches: 1  Memory Usage: 87kB
                                                        ->  Seq Scan on time_dim time_dim_5  (cost=0.00..2743.00 rows=1862 width=8) (actual time=5.683..11.867 rows=1800 loops=3)
                                                              Filter: ((t_minute < 30) AND (t_hour = 11))
                                                              Rows Removed by Filter: 84600
                                            ->  Hash  (cost=240.00..240.00 rows=1368 width=8) (actual time=1.311..1.311 rows=1440 loops=3)
                                                  Buckets: 2048  Batches: 1  Memory Usage: 73kB
                                                  ->  Seq Scan on household_demographics household_demographics_5  (cost=0.00..240.00 rows=1368 width=8) (actual time=0.072..1.128 rows=1440 loops=3)
                                                        Filter: (((hd_dep_count = 4) AND (hd_vehicle_count <= 6)) OR ((hd_dep_count = 3) AND (hd_vehicle_count <= 5)) OR ((hd_dep_count = '-1'::integer) AND (hd_vehicle_count <= 1)))
                                                        Rows Removed by Filter: 5760
                                      ->  Hash  (cost=1.15..1.15 rows=1 width=8) (actual time=0.030..0.030 rows=1 loops=3)
                                            Buckets: 1024  Batches: 1  Memory Usage: 9kB
                                            ->  Seq Scan on store store_5  (cost=0.00..1.15 rows=1 width=8) (actual time=0.025..0.026 rows=1 loops=3)
                                                  Filter: ((s_store_name)::text = 'ese'::text)
                                                  Rows Removed by Filter: 11
        ->  Finalize Aggregate  (cost=92376.47..92376.48 rows=1 width=8) (actual time=252.786..252.865 rows=1 loops=1)
              ->  Gather  (cost=92376.25..92376.46 rows=2 width=8) (actual time=252.679..252.860 rows=3 loops=1)
                    Workers Planned: 2
                    Workers Launched: 2
                    ->  Partial Aggregate  (cost=91376.25..91376.26 rows=1 width=8) (actual time=248.168..248.172 rows=1 loops=3)
                          ->  Hash Join  (cost=3024.31..91375.37 rows=352 width=0) (actual time=18.750..248.112 rows=1053 loops=3)
                                Hash Cond: (store_sales_6.ss_store_sk = store_6.s_store_sk)
                                ->  Hash Join  (cost=3023.15..91358.68 rows=4424 width=8) (actual time=13.755..247.447 rows=6195 loops=3)
                                      Hash Cond: (store_sales_6.ss_hdemo_sk = household_demographics_6.hd_demo_sk)
                                      ->  Hash Join  (cost=2766.05..91037.44 rows=24421 width=16) (actual time=12.244..243.361 rows=31599 loops=3)
                                            Hash Cond: (store_sales_6.ss_sold_time_sk = time_dim_6.t_time_sk)
                                            ->  Parallel Seq Scan on store_sales store_sales_6  (cost=0.00..85123.48 rows=1199148 width=24) (actual time=0.014..121.696 rows=959309 loops=3)
                                            ->  Hash  (cost=2743.00..2743.00 rows=1844 width=8) (actual time=12.163..12.164 rows=1800 loops=3)
                                                  Buckets: 2048  Batches: 1  Memory Usage: 87kB
                                                  ->  Seq Scan on time_dim time_dim_6  (cost=0.00..2743.00 rows=1844 width=8) (actual time=6.029..11.933 rows=1800 loops=3)
                                                        Filter: ((t_minute >= 30) AND (t_hour = 11))
                                                        Rows Removed by Filter: 84600
                                      ->  Hash  (cost=240.00..240.00 rows=1368 width=8) (actual time=1.370..1.371 rows=1440 loops=3)
                                            Buckets: 2048  Batches: 1  Memory Usage: 73kB
                                            ->  Seq Scan on household_demographics household_demographics_6  (cost=0.00..240.00 rows=1368 width=8) (actual time=0.075..1.191 rows=1440 loops=3)
                                                  Filter: (((hd_dep_count = 4) AND (hd_vehicle_count <= 6)) OR ((hd_dep_count = 3) AND (hd_vehicle_count <= 5)) OR ((hd_dep_count = '-1'::integer) AND (hd_vehicle_count <= 1)))
                                                  Rows Removed by Filter: 5760
                                ->  Hash  (cost=1.15..1.15 rows=1 width=8) (actual time=0.030..0.031 rows=1 loops=3)
                                      Buckets: 1024  Batches: 1  Memory Usage: 9kB
                                      ->  Seq Scan on store store_6  (cost=0.00..1.15 rows=1 width=8) (actual time=0.025..0.026 rows=1 loops=3)
                                            Filter: ((s_store_name)::text = 'ese'::text)
                                            Rows Removed by Filter: 11
  ->  Finalize Aggregate  (cost=92377.58..92377.59 rows=1 width=8) (actual time=256.420..328.077 rows=1 loops=1)
        ->  Gather  (cost=92377.36..92377.57 rows=2 width=8) (actual time=256.301..328.072 rows=3 loops=1)
              Workers Planned: 2
              Workers Launched: 2
              ->  Partial Aggregate  (cost=91377.36..91377.37 rows=1 width=8) (actual time=251.789..251.792 rows=1 loops=3)
                    ->  Hash Join  (cost=3024.56..91376.48 rows=355 width=0) (actual time=16.913..251.725 rows=1182 loops=3)
                          Hash Cond: (store_sales_7.ss_store_sk = store_7.s_store_sk)
                          ->  Hash Join  (cost=3023.40..91359.63 rows=4472 width=8) (actual time=14.722..250.997 rows=7081 loops=3)
                                Hash Cond: (store_sales_7.ss_hdemo_sk = household_demographics_7.hd_demo_sk)
                                ->  Hash Join  (cost=2766.30..91037.69 rows=24686 width=16) (actual time=12.160..246.575 rows=36593 loops=3)
                                      Hash Cond: (store_sales_7.ss_sold_time_sk = time_dim_7.t_time_sk)
                                      ->  Parallel Seq Scan on store_sales store_sales_7  (cost=0.00..85123.48 rows=1199148 width=24) (actual time=0.015..123.610 rows=959309 loops=3)
                                      ->  Hash  (cost=2743.00..2743.00 rows=1864 width=8) (actual time=12.092..12.093 rows=1800 loops=3)
                                            Buckets: 2048  Batches: 1  Memory Usage: 87kB
                                            ->  Seq Scan on time_dim time_dim_7  (cost=0.00..2743.00 rows=1864 width=8) (actual time=6.185..11.865 rows=1800 loops=3)
                                                  Filter: ((t_minute < 30) AND (t_hour = 12))
                                                  Rows Removed by Filter: 84600
                                ->  Hash  (cost=240.00..240.00 rows=1368 width=8) (actual time=1.314..1.314 rows=1440 loops=3)
                                      Buckets: 2048  Batches: 1  Memory Usage: 73kB
                                      ->  Seq Scan on household_demographics household_demographics_7  (cost=0.00..240.00 rows=1368 width=8) (actual time=0.073..1.135 rows=1440 loops=3)
                                            Filter: (((hd_dep_count = 4) AND (hd_vehicle_count <= 6)) OR ((hd_dep_count = 3) AND (hd_vehicle_count <= 5)) OR ((hd_dep_count = '-1'::integer) AND (hd_vehicle_count <= 1)))
                                            Rows Removed by Filter: 5760
                          ->  Hash  (cost=1.15..1.15 rows=1 width=8) (actual time=0.031..0.032 rows=1 loops=3)
                                Buckets: 1024  Batches: 1  Memory Usage: 9kB
                                ->  Seq Scan on store store_7  (cost=0.00..1.15 rows=1 width=8) (actual time=0.025..0.026 rows=1 loops=3)
                                      Filter: ((s_store_name)::text = 'ese'::text)
                                      Rows Removed by Filter: 11
 h8_30_to_9 | h9_to_9_30 | h9_30_to_10 | h10_to_10_30 | h10_30_to_11 | h11_to_11_30 | h11_30_to_12 | h12_to_12_30 
------------+------------+-------------+--------------+--------------+--------------+--------------+--------------
       1691 |       3456 |        3916 |         5302 |         5424 |         2843 |         3159 |         3545
(1 row)

UPDATE time_statistics SET e_time = TRANSACTION_TIMESTAMP() WHERE template = 'query88.tpl' AND stream = 1;
psql:/tmp/s1-basline/throughput/query_1.sql:2149: NOTICE:  duration: 0.043 ms  plan:
Query Text: UPDATE time_statistics SET e_time = TRANSACTION_TIMESTAMP() WHERE template = 'query88.tpl' AND stream = 1;
Update on time_statistics  (cost=0.00..4.71 rows=0 width=0) (actual time=0.042..0.042 rows=0 loops=1)
  ->  Seq Scan on time_statistics  (cost=0.00..4.71 rows=1 width=14) (actual time=0.027..0.027 rows=1 loops=1)
        Filter: ((template = 'query88.tpl'::text) AND (stream = 1))
        Rows Removed by Filter: 120
UPDATE 1
LOAD 'auto_explain'; SET auto_explain.log_min_duration TO 0; SET auto_explain.log_analyze TO on; SET auto_explain.log_level TO notice; INSERT INTO time_statistics (template, s_time, stream, query, seed) VALUES ('query18.tpl', TRANSACTION_TIMESTAMP(), 1, 40, 242892750);
LOAD
SET
SET
SET
psql:/tmp/s1-basline/throughput/query_1.sql:2150: NOTICE:  duration: 0.009 ms  plan:
Query Text: INSERT INTO time_statistics (template, s_time, stream, query, seed) VALUES ('query18.tpl', TRANSACTION_TIMESTAMP(), 1, 40, 242892750);
Insert on time_statistics  (cost=0.00..0.01 rows=0 width=0) (actual time=0.008..0.008 rows=0 loops=1)
  ->  Result  (cost=0.00..0.01 rows=1 width=64) (actual time=0.001..0.002 rows=1 loops=1)
INSERT 0 1
select  i_item_id,
        ca_country,
        ca_state, 
        ca_county,
        avg( cast(cs_quantity as decimal(12,2))) agg1,
        avg( cast(cs_list_price as decimal(12,2))) agg2,
        avg( cast(cs_coupon_amt as decimal(12,2))) agg3,
        avg( cast(cs_sales_price as decimal(12,2))) agg4,
        avg( cast(cs_net_profit as decimal(12,2))) agg5,
        avg( cast(c_birth_year as decimal(12,2))) agg6,
        avg( cast(cd1.cd_dep_count as decimal(12,2))) agg7
 from catalog_sales, customer_demographics cd1, 
      customer_demographics cd2, customer, customer_address, date_dim, item
 where cs_sold_date_sk = d_date_sk and
       cs_item_sk = i_item_sk and
       cs_bill_cdemo_sk = cd1.cd_demo_sk and
       cs_bill_customer_sk = c_customer_sk and
       cd1.cd_gender = 'M' and 
       cd1.cd_education_status = 'College' and
       c_current_cdemo_sk = cd2.cd_demo_sk and
       c_current_addr_sk = ca_address_sk and
       c_birth_month in (6,4,2,10,12,3) and
       d_year = 1998 and
       ca_state in ('OH','OK','IA'
                   ,'KY','MN','PA','MS')
 group by rollup (i_item_id, ca_country, ca_state, ca_county)
 order by ca_country,
        ca_state, 
        ca_county,
	i_item_id
 limit 100;
psql:/tmp/s1-basline/throughput/query_1.sql:2181: NOTICE:  duration: 738.282 ms  plan:
Query Text: select  i_item_id,
        ca_country,
        ca_state, 
        ca_county,
        avg( cast(cs_quantity as decimal(12,2))) agg1,
        avg( cast(cs_list_price as decimal(12,2))) agg2,
        avg( cast(cs_coupon_amt as decimal(12,2))) agg3,
        avg( cast(cs_sales_price as decimal(12,2))) agg4,
        avg( cast(cs_net_profit as decimal(12,2))) agg5,
        avg( cast(c_birth_year as decimal(12,2))) agg6,
        avg( cast(cd1.cd_dep_count as decimal(12,2))) agg7
 from catalog_sales, customer_demographics cd1, 
      customer_demographics cd2, customer, customer_address, date_dim, item
 where cs_sold_date_sk = d_date_sk and
       cs_item_sk = i_item_sk and
       cs_bill_cdemo_sk = cd1.cd_demo_sk and
       cs_bill_customer_sk = c_customer_sk and
       cd1.cd_gender = 'M' and 
       cd1.cd_education_status = 'College' and
       c_current_cdemo_sk = cd2.cd_demo_sk and
       c_current_addr_sk = ca_address_sk and
       c_birth_month in (6,4,2,10,12,3) and
       d_year = 1998 and
       ca_state in ('OH','OK','IA'
                   ,'KY','MN','PA','MS')
 group by rollup (i_item_id, ca_country, ca_state, ca_county)
 order by ca_country,
        ca_state, 
        ca_county,
	i_item_id
 limit 100;
Limit  (cost=24815.73..24815.98 rows=100 width=272) (actual time=738.159..738.171 rows=100 loops=1)
  ->  Sort  (cost=24815.73..24816.17 rows=177 width=272) (actual time=738.158..738.164 rows=100 loops=1)
        Sort Key: customer_address.ca_country, customer_address.ca_state, customer_address.ca_county, item.i_item_id
        Sort Method: top-N heapsort  Memory: 47kB
        ->  GroupAggregate  (cost=24801.39..24809.12 rows=177 width=272) (actual time=713.061..734.800 rows=6693 loops=1)
              Group Key: item.i_item_id, customer_address.ca_country, customer_address.ca_state, customer_address.ca_county
              Group Key: item.i_item_id, customer_address.ca_country, customer_address.ca_state
              Group Key: item.i_item_id, customer_address.ca_country
              Group Key: item.i_item_id
              Group Key: ()
              ->  Sort  (cost=24801.39..24801.50 rows=44 width=92) (actual time=713.024..713.119 rows=1746 loops=1)
                    Sort Key: item.i_item_id, customer_address.ca_country, customer_address.ca_state, customer_address.ca_county
                    Sort Method: quicksort  Memory: 280kB
                    ->  Nested Loop  (cost=2.15..24800.19 rows=44 width=92) (actual time=9.125..708.034 rows=1746 loops=1)
                          ->  Nested Loop  (cost=1.86..24786.73 rows=44 width=83) (actual time=9.119..703.418 rows=1746 loops=1)
                                ->  Nested Loop  (cost=1.44..24761.20 rows=46 width=91) (actual time=9.114..700.691 rows=1781 loops=1)
                                      ->  Nested Loop  (cost=1.15..24677.19 rows=243 width=68) (actual time=4.383..683.427 rows=9584 loops=1)
                                            ->  Nested Loop  (cost=0.85..24512.66 rows=514 width=56) (actual time=4.156..649.571 rows=20028 loops=1)
                                                  ->  Nested Loop  (cost=0.43..21168.73 rows=7110 width=60) (actual time=3.912..132.292 rows=285676 loops=1)
                                                        ->  Seq Scan on date_dim  (cost=0.00..2318.11 rows=363 width=8) (actual time=3.904..8.502 rows=365 loops=1)
                                                              Filter: (d_year = 1998)
                                                              Rows Removed by Filter: 72684
                                                        ->  Index Scan using i_cs_sold_date_sk on catalog_sales  (cost=0.43..44.11 rows=782 width=68) (actual time=0.004..0.182 rows=783 loops=365)
                                                              Index Cond: (cs_sold_date_sk = date_dim.d_date_sk)
                                                  ->  Index Scan using pk_customer_demographics on customer_demographics cd1  (cost=0.43..0.47 rows=1 width=12) (actual time=0.002..0.002 rows=0 loops=285676)
                                                        Index Cond: (cd_demo_sk = catalog_sales.cs_bill_cdemo_sk)
                                                        Filter: ((cd_gender = 'M'::bpchar) AND (cd_education_status = 'College'::bpchar))
                                                        Rows Removed by Filter: 1
                                            ->  Index Scan using pk_customer on customer  (cost=0.29..0.32 rows=1 width=28) (actual time=0.001..0.001 rows=0 loops=20028)
                                                  Index Cond: (c_customer_sk = catalog_sales.cs_bill_customer_sk)
                                                  Filter: (c_birth_month = ANY ('{6,4,2,10,12,3}'::integer[]))
                                                  Rows Removed by Filter: 1
                                      ->  Index Scan using pk_customer_address on customer_address  (cost=0.29..0.35 rows=1 width=39) (actual time=0.002..0.002 rows=0 loops=9584)
                                            Index Cond: (ca_address_sk = customer.c_current_addr_sk)
                                            Filter: (ca_state = ANY ('{OH,OK,IA,KY,MN,PA,MS}'::bpchar[]))
                                            Rows Removed by Filter: 1
                                ->  Index Only Scan using pk_customer_demographics on customer_demographics cd2  (cost=0.43..0.55 rows=1 width=8) (actual time=0.001..0.001 rows=1 loops=1781)
                                      Index Cond: (cd_demo_sk = customer.c_current_cdemo_sk)
                                      Heap Fetches: 0
                          ->  Index Scan using pk_item on item  (cost=0.29..0.31 rows=1 width=25) (actual time=0.002..0.002 rows=1 loops=1746)
                                Index Cond: (i_item_sk = catalog_sales.cs_item_sk)
    i_item_id     |  ca_country   | ca_state |     ca_county      |          agg1          |         agg2         |          agg3          |          agg4          |          agg5          |         agg6          |          agg7          
------------------+---------------+----------+--------------------+------------------------+----------------------+------------------------+------------------------+------------------------+-----------------------+------------------------
 AAAAAAAACLDAAAAA | United States | IA       | Adams County       |    58.0000000000000000 | 160.3800000000000000 | 0.00000000000000000000 |    36.8800000000000000 |  -972.0800000000000000 | 1967.0000000000000000 |     5.0000000000000000
 AAAAAAAAEAEAAAAA | United States | IA       | Adams County       |    16.0000000000000000 | 140.2300000000000000 |   908.2200000000000000 |   123.4000000000000000 |   142.8200000000000000 | 1967.0000000000000000 |     5.0000000000000000
 AAAAAAAAEICAAAAA | United States | IA       | Adams County       |    28.0000000000000000 | 148.7100000000000000 | 0.00000000000000000000 |     7.4300000000000000 | -2513.5600000000000000 | 1967.0000000000000000 |     5.0000000000000000
 AAAAAAAAFIFBAAAA | United States | IA       | Adams County       |    90.0000000000000000 |  12.6600000000000000 | 0.00000000000000000000 |     6.8300000000000000 |  -524.7000000000000000 | 1967.0000000000000000 |     5.0000000000000000
 AAAAAAAAHBLDAAAA | United States | IA       | Adams County       |    73.0000000000000000 |   2.2000000000000000 | 0.00000000000000000000 | 1.27000000000000000000 |    -4.3800000000000000 | 1967.0000000000000000 |     5.0000000000000000
 AAAAAAAAHGDDAAAA | United States | IA       | Adams County       |    81.0000000000000000 |  24.3400000000000000 | 0.00000000000000000000 |    24.0900000000000000 |   777.6000000000000000 | 1967.0000000000000000 |     5.0000000000000000
 AAAAAAAAIBOAAAAA | United States | IA       | Adams County       |    18.0000000000000000 |  66.1100000000000000 | 0.00000000000000000000 |    64.1200000000000000 |   437.2200000000000000 | 1967.0000000000000000 |     5.0000000000000000
 AAAAAAAAIGCBAAAA | United States | IA       | Adams County       |    15.0000000000000000 |  53.1800000000000000 | 0.00000000000000000000 |    28.7100000000000000 |    98.2500000000000000 | 1967.0000000000000000 |     5.0000000000000000
 AAAAAAAAJFEBAAAA | United States | IA       | Adams County       |    23.0000000000000000 |  58.7100000000000000 | 0.00000000000000000000 | 0.00000000000000000000 |  -655.5000000000000000 | 1967.0000000000000000 |     5.0000000000000000
 AAAAAAAAJKMDAAAA | United States | IA       | Adams County       |    79.0000000000000000 |  16.4000000000000000 |   321.2200000000000000 |     5.5700000000000000 |  -519.5100000000000000 | 1967.0000000000000000 |     5.0000000000000000
 AAAAAAAAKGCEAAAA | United States | IA       | Adams County       |    43.0000000000000000 | 230.9800000000000000 | 0.00000000000000000000 |   168.6100000000000000 |  3571.5800000000000000 | 1967.0000000000000000 |     5.0000000000000000
 AAAAAAAALLADAAAA | United States | IA       | Adams County       |    83.0000000000000000 |   9.4300000000000000 |    91.0300000000000000 |     9.1400000000000000 |   368.7900000000000000 | 1967.0000000000000000 |     5.0000000000000000
 AAAAAAAALOGAAAAA | United States | IA       | Adams County       |    44.0000000000000000 | 129.5300000000000000 | 0.00000000000000000000 |   102.3200000000000000 |   151.3600000000000000 | 1967.0000000000000000 |     5.0000000000000000
 AAAAAAAANNIDAAAA | United States | IA       | Adams County       |    43.0000000000000000 | 216.1300000000000000 | 0.00000000000000000000 |    10.8000000000000000 | -2718.4600000000000000 | 1967.0000000000000000 |     5.0000000000000000
 AAAAAAAAENMAAAAA | United States | IA       | Appanoose County   |    57.0000000000000000 |  77.5800000000000000 | 0.00000000000000000000 |    35.6800000000000000 | -1218.0900000000000000 | 1944.0000000000000000 | 1.00000000000000000000
 AAAAAAAAFCDDAAAA | United States | IA       | Appanoose County   |    86.0000000000000000 |  95.6200000000000000 |   448.9700000000000000 |    87.0100000000000000 |  1514.4100000000000000 | 1944.0000000000000000 | 1.00000000000000000000
 AAAAAAAAJMBDAAAA | United States | IA       | Appanoose County   |    40.0000000000000000 | 107.1400000000000000 | 0.00000000000000000000 |    53.5700000000000000 | -1313.6000000000000000 | 1944.0000000000000000 | 1.00000000000000000000
 AAAAAAAAMGBEAAAA | United States | IA       | Appanoose County   | 1.00000000000000000000 | 139.9400000000000000 | 0.00000000000000000000 |    86.7600000000000000 |    27.2100000000000000 | 1944.0000000000000000 | 1.00000000000000000000
 AAAAAAAAAFJAAAAA | United States | IA       | Benton County      |    66.0000000000000000 |  48.0100000000000000 | 0.00000000000000000000 |    10.0800000000000000 | -1066.5600000000000000 | 1975.0000000000000000 |     4.0000000000000000
 AAAAAAAAAJNDAAAA | United States | IA       | Benton County      |    17.0000000000000000 |  59.6900000000000000 | 0.00000000000000000000 |    18.5000000000000000 |  -327.7600000000000000 | 1975.0000000000000000 |     4.0000000000000000
 AAAAAAAABADDAAAA | United States | IA       | Benton County      |    35.0000000000000000 | 161.2000000000000000 | 0.00000000000000000000 |   111.2200000000000000 |   826.3500000000000000 | 1975.0000000000000000 |     4.0000000000000000
 AAAAAAAACEEAAAAA | United States | IA       | Benton County      |    70.0000000000000000 |  27.9300000000000000 | 0.00000000000000000000 |     6.1400000000000000 |  -700.7000000000000000 | 1975.0000000000000000 |     4.0000000000000000
 AAAAAAAACPHBAAAA | United States | IA       | Benton County      |     4.0000000000000000 | 232.2700000000000000 | 0.00000000000000000000 |    27.8700000000000000 |  -239.1200000000000000 | 1975.0000000000000000 |     4.0000000000000000
 AAAAAAAAGHEDAAAA | United States | IA       | Benton County      |     4.0000000000000000 |  46.0900000000000000 | 0.00000000000000000000 |    29.0300000000000000 |   -19.4400000000000000 | 1975.0000000000000000 |     4.0000000000000000
 AAAAAAAAHKIAAAAA | United States | IA       | Benton County      |    81.0000000000000000 |   3.3200000000000000 |   160.3800000000000000 |     2.7500000000000000 |   -34.8300000000000000 | 1975.0000000000000000 |     4.0000000000000000
 AAAAAAAAJLGCAAAA | United States | IA       | Benton County      |    81.0000000000000000 | 107.6700000000000000 | 0.00000000000000000000 |    53.8300000000000000 |   431.7300000000000000 | 1975.0000000000000000 |     4.0000000000000000
 AAAAAAAAMBBDAAAA | United States | IA       | Benton County      |    32.0000000000000000 | 217.3300000000000000 | 0.00000000000000000000 |    10.8600000000000000 | -2502.7200000000000000 | 1975.0000000000000000 |     4.0000000000000000
 AAAAAAAAOCCCAAAA | United States | IA       | Benton County      |    76.0000000000000000 | 121.3800000000000000 | 0.00000000000000000000 |    99.5300000000000000 |  2974.6400000000000000 | 1975.0000000000000000 |     4.0000000000000000
 AAAAAAAAOILBAAAA | United States | IA       | Benton County      |    23.0000000000000000 |  20.7300000000000000 | 0.00000000000000000000 |    12.4300000000000000 |    -8.5100000000000000 | 1975.0000000000000000 |     4.0000000000000000
 AAAAAAAAAGDEAAAA | United States | IA       | Bremer County      |    21.0000000000000000 |  78.3000000000000000 | 0.00000000000000000000 |    44.6300000000000000 |   142.8000000000000000 | 1968.0000000000000000 |     4.0000000000000000
 AAAAAAAAAJHDAAAA | United States | IA       | Bremer County      |    57.0000000000000000 |  37.2300000000000000 | 0.00000000000000000000 |    30.9000000000000000 |   223.4400000000000000 | 1968.0000000000000000 |     4.0000000000000000
 AAAAAAAAALDAAAAA | United States | IA       | Bremer County      |    28.0000000000000000 |  19.4400000000000000 | 0.00000000000000000000 | 0.38000000000000000000 |  -364.8400000000000000 | 1968.0000000000000000 |     4.0000000000000000
 AAAAAAAABDAAAAAA | United States | IA       | Bremer County      |    58.0000000000000000 |  77.3000000000000000 | 0.00000000000000000000 |    63.3800000000000000 |  -291.7400000000000000 | 1968.0000000000000000 |     4.0000000000000000
 AAAAAAAACCDDAAAA | United States | IA       | Bremer County      |    34.0000000000000000 | 184.7900000000000000 | 0.00000000000000000000 |   177.3900000000000000 |  3108.9600000000000000 | 1968.0000000000000000 |     4.0000000000000000
 AAAAAAAAHDPDAAAA | United States | IA       | Bremer County      |    54.0000000000000000 |  85.4800000000000000 | 0.00000000000000000000 |    26.4900000000000000 |  -716.5800000000000000 | 1968.0000000000000000 |     4.0000000000000000
 AAAAAAAAHNACAAAA | United States | IA       | Bremer County      |    68.0000000000000000 |  10.9100000000000000 |   491.8000000000000000 |     8.6100000000000000 |  -176.2800000000000000 | 1968.0000000000000000 |     4.0000000000000000
 AAAAAAAAKMDBAAAA | United States | IA       | Bremer County      |    60.0000000000000000 | 221.3300000000000000 | 0.00000000000000000000 |    15.4900000000000000 | -4491.0000000000000000 | 1968.0000000000000000 |     4.0000000000000000
 AAAAAAAALFPDAAAA | United States | IA       | Bremer County      |    41.0000000000000000 |  68.7600000000000000 | 0.00000000000000000000 |    15.8100000000000000 | -2116.0100000000000000 | 1968.0000000000000000 |     4.0000000000000000
 AAAAAAAAMKBDAAAA | United States | IA       | Bremer County      |    12.0000000000000000 | 255.8300000000000000 | 0.00000000000000000000 |    56.2800000000000000 |  -441.0000000000000000 | 1968.0000000000000000 |     4.0000000000000000
 AAAAAAAAODJCAAAA | United States | IA       | Bremer County      |    78.0000000000000000 |  75.1100000000000000 | 0.00000000000000000000 |    41.3100000000000000 |  -145.0800000000000000 | 1968.0000000000000000 |     4.0000000000000000
 AAAAAAAAPCFAAAAA | United States | IA       | Bremer County      |    26.0000000000000000 |  91.9600000000000000 | 0.00000000000000000000 |    40.4600000000000000 |   238.6800000000000000 | 1968.0000000000000000 |     4.0000000000000000
 AAAAAAAAPGICAAAA | United States | IA       | Bremer County      |    86.0000000000000000 |  79.6000000000000000 | 0.00000000000000000000 |    23.0800000000000000 | -1404.3800000000000000 | 1968.0000000000000000 |     4.0000000000000000
 AAAAAAAAPJAEAAAA | United States | IA       | Bremer County      |    64.0000000000000000 |  73.0700000000000000 | 0.00000000000000000000 |    37.2600000000000000 |   324.4800000000000000 | 1968.0000000000000000 |     4.0000000000000000
 AAAAAAAABGECAAAA | United States | IA       | Carroll County     |    50.0000000000000000 |  35.8200000000000000 | 0.00000000000000000000 |    19.7000000000000000 |   288.0000000000000000 | 1929.0000000000000000 |     2.0000000000000000
 AAAAAAAACAHCAAAA | United States | IA       | Carroll County     |    72.0000000000000000 | 144.8700000000000000 | 0.00000000000000000000 |    98.5100000000000000 |   693.3600000000000000 | 1929.0000000000000000 |     2.0000000000000000
 AAAAAAAACJPAAAAA | United States | IA       | Carroll County     |                        |                      |                        | 0.68000000000000000000 | -1116.0000000000000000 | 1929.0000000000000000 |     2.0000000000000000
 AAAAAAAAIJIAAAAA | United States | IA       | Carroll County     |     3.0000000000000000 |  86.9600000000000000 | 0.00000000000000000000 |    14.7800000000000000 |  -190.7100000000000000 | 1929.0000000000000000 |     2.0000000000000000
 AAAAAAAAKMDEAAAA | United States | IA       | Carroll County     |    79.0000000000000000 |  61.8600000000000000 |   644.6400000000000000 |    13.6000000000000000 | -1360.3800000000000000 | 1929.0000000000000000 |     2.0000000000000000
 AAAAAAAAMACDAAAA | United States | IA       | Carroll County     |    36.0000000000000000 |  28.4900000000000000 | 0.00000000000000000000 |     8.5400000000000000 |  -329.7600000000000000 | 1929.0000000000000000 |     2.0000000000000000
 AAAAAAAAPGMBAAAA | United States | IA       | Carroll County     |    81.0000000000000000 |  60.9900000000000000 |    37.3900000000000000 |     2.4300000000000000 | -2763.8500000000000000 | 1929.0000000000000000 |     2.0000000000000000
 AAAAAAAAEFLAAAAA | United States | IA       | Cass County        |    92.0000000000000000 | 133.2500000000000000 | 0.00000000000000000000 |   111.9300000000000000 |  1541.0000000000000000 | 1965.0000000000000000 |     4.0000000000000000
 AAAAAAAAGGEDAAAA | United States | IA       | Cass County        |    68.0000000000000000 | 154.7300000000000000 | 0.00000000000000000000 |     4.6400000000000000 | -3469.3600000000000000 | 1965.0000000000000000 |     4.0000000000000000
 AAAAAAAAKBLDAAAA | United States | IA       | Cass County        |    95.0000000000000000 |  66.3600000000000000 |  1536.9200000000000000 |    35.1700000000000000 | -1971.0700000000000000 | 1965.0000000000000000 |     4.0000000000000000
 AAAAAAAAKDCBAAAA | United States | IA       | Cass County        |    17.0000000000000000 | 138.8100000000000000 | 0.00000000000000000000 |    13.8800000000000000 |  -751.4000000000000000 | 1965.0000000000000000 |     4.0000000000000000
 AAAAAAAAMEDAAAAA | United States | IA       | Cass County        |    95.0000000000000000 | 109.6900000000000000 | 0.00000000000000000000 |    54.8400000000000000 |   639.3500000000000000 | 1965.0000000000000000 |     4.0000000000000000
 AAAAAAAANGFEAAAA | United States | IA       | Cass County        |    76.0000000000000000 |  59.8000000000000000 | 0.00000000000000000000 |    30.4900000000000000 |  -929.4800000000000000 | 1965.0000000000000000 |     4.0000000000000000
 AAAAAAAANHBBAAAA | United States | IA       | Cass County        |    48.0000000000000000 |  74.5900000000000000 | 0.00000000000000000000 |    70.8600000000000000 |  1884.0000000000000000 | 1965.0000000000000000 |     4.0000000000000000
 AAAAAAAANKFAAAAA | United States | IA       | Cass County        |    36.0000000000000000 |  76.1000000000000000 | 0.00000000000000000000 |    42.6100000000000000 |  -979.5600000000000000 | 1965.0000000000000000 |     4.0000000000000000
 AAAAAAAAODECAAAA | United States | IA       | Cass County        |    66.0000000000000000 |  53.4900000000000000 | 0.00000000000000000000 |    27.8100000000000000 |   445.5000000000000000 | 1965.0000000000000000 |     4.0000000000000000
 AAAAAAAAPNMDAAAA | United States | IA       | Cass County        |    95.0000000000000000 | 101.1800000000000000 |   533.2200000000000000 |    15.1700000000000000 | -7831.1200000000000000 | 1965.0000000000000000 |     4.0000000000000000
 AAAAAAAAANPAAAAA | United States | IA       | Cerro Gordo County |    27.0000000000000000 |  57.1200000000000000 | 0.00000000000000000000 |    23.9900000000000000 |  -453.8700000000000000 | 1935.0000000000000000 | 0.00000000000000000000
 AAAAAAAAAOKBAAAA | United States | IA       | Cerro Gordo County |    66.0000000000000000 |  33.1200000000000000 | 0.00000000000000000000 | 1.98000000000000000000 | -1488.9600000000000000 | 1935.0000000000000000 | 0.00000000000000000000
 AAAAAAAABKOAAAAA | United States | IA       | Cerro Gordo County |    25.0000000000000000 |  58.4600000000000000 | 0.00000000000000000000 |    54.9500000000000000 |   503.7500000000000000 | 1935.0000000000000000 | 0.00000000000000000000
 AAAAAAAABMJAAAAA | United States | IA       | Cerro Gordo County |     3.0000000000000000 |  83.8800000000000000 |    31.4500000000000000 |    41.9400000000000000 |  -113.6200000000000000 | 1935.0000000000000000 | 0.00000000000000000000
 AAAAAAAADJMBAAAA | United States | IA       | Cerro Gordo County |    57.0000000000000000 | 171.3700000000000000 |  2973.9100000000000000 |    59.9700000000000000 | -4251.8500000000000000 | 1935.0000000000000000 | 0.00000000000000000000
 AAAAAAAAFGBBAAAA | United States | IA       | Cerro Gordo County |     2.0000000000000000 | 271.8600000000000000 | 0.00000000000000000000 |   114.1800000000000000 |    43.4200000000000000 | 1935.0000000000000000 | 0.00000000000000000000
 AAAAAAAAGDKAAAAA | United States | IA       | Cerro Gordo County |    72.0000000000000000 |  82.5100000000000000 | 0.00000000000000000000 |    66.8300000000000000 |  2035.4400000000000000 | 1935.0000000000000000 | 0.00000000000000000000
 AAAAAAAAIGAAAAAA | United States | IA       | Cerro Gordo County |     2.0000000000000000 | 116.2600000000000000 | 0.00000000000000000000 |    15.1100000000000000 |  -160.3800000000000000 | 1935.0000000000000000 | 0.00000000000000000000
 AAAAAAAAKDLCAAAA | United States | IA       | Cerro Gordo County |    95.0000000000000000 |  71.3800000000000000 | 0.00000000000000000000 |    13.5600000000000000 | -2500.4000000000000000 | 1935.0000000000000000 | 0.00000000000000000000
 AAAAAAAAKJJBAAAA | United States | IA       | Cerro Gordo County |    71.0000000000000000 | 148.0000000000000000 | 0.00000000000000000000 |    48.8400000000000000 | -1866.5900000000000000 | 1935.0000000000000000 | 0.00000000000000000000
 AAAAAAAAMCGDAAAA | United States | IA       | Cerro Gordo County |    51.0000000000000000 |   7.9900000000000000 | 0.00000000000000000000 |     3.2700000000000000 |   -92.8200000000000000 | 1935.0000000000000000 | 0.00000000000000000000
 AAAAAAAAAFMAAAAA | United States | IA       | Chickasaw County   |     8.0000000000000000 |  18.7100000000000000 | 0.00000000000000000000 |    11.7800000000000000 |   -32.6400000000000000 | 1935.0000000000000000 | 0.00000000000000000000
 AAAAAAAAAPAEAAAA | United States | IA       | Chickasaw County   |     9.0000000000000000 | 190.2900000000000000 | 0.00000000000000000000 |   156.0300000000000000 |   669.2400000000000000 | 1935.0000000000000000 | 0.00000000000000000000
 AAAAAAAACBGBAAAA | United States | IA       | Chickasaw County   |    82.0000000000000000 |  40.3000000000000000 | 0.00000000000000000000 |    10.0700000000000000 |  -617.4600000000000000 | 1935.0000000000000000 | 0.00000000000000000000
 AAAAAAAADAEDAAAA | United States | IA       | Chickasaw County   |    48.0000000000000000 | 115.5900000000000000 | 0.00000000000000000000 |    86.6900000000000000 |  1905.6000000000000000 | 1935.0000000000000000 | 0.00000000000000000000
 AAAAAAAADBDAAAAA | United States | IA       | Chickasaw County   |    37.0000000000000000 |  39.5300000000000000 |   198.7600000000000000 |     7.9000000000000000 |  -820.7300000000000000 | 1935.0000000000000000 | 0.00000000000000000000
 AAAAAAAAFFOBAAAA | United States | IA       | Chickasaw County   |    87.0000000000000000 |  14.7000000000000000 | 0.00000000000000000000 |    12.4900000000000000 |   146.1600000000000000 | 1935.0000000000000000 | 0.00000000000000000000
 AAAAAAAAIFDBAAAA | United States | IA       | Chickasaw County   |    61.0000000000000000 | 159.7200000000000000 | 0.00000000000000000000 |    54.3000000000000000 | -1240.7400000000000000 | 1935.0000000000000000 | 0.00000000000000000000
 AAAAAAAAIPHCAAAA | United States | IA       | Chickasaw County   |    97.0000000000000000 |  26.6100000000000000 | 0.00000000000000000000 | 0.00000000000000000000 | -1843.9700000000000000 | 1935.0000000000000000 | 0.00000000000000000000
 AAAAAAAAKHIDAAAA | United States | IA       | Chickasaw County   |    23.0000000000000000 | 116.8500000000000000 | 0.00000000000000000000 |    67.7700000000000000 |   158.9300000000000000 | 1935.0000000000000000 | 0.00000000000000000000
 AAAAAAAAMFHCAAAA | United States | IA       | Chickasaw County   |    48.0000000000000000 |  78.9200000000000000 |  1336.2000000000000000 |    49.7100000000000000 |  -337.8000000000000000 | 1935.0000000000000000 | 0.00000000000000000000
 AAAAAAAAAAHAAAAA | United States | IA       | Clarke County      |    66.0000000000000000 | 182.5900000000000000 | 0.00000000000000000000 |    98.5900000000000000 |  1378.7400000000000000 | 1991.0000000000000000 |     5.0000000000000000
 AAAAAAAABIKAAAAA | United States | IA       | Clarke County      |    92.0000000000000000 | 117.7800000000000000 | 0.00000000000000000000 |     8.2400000000000000 | -7842.0800000000000000 | 1991.0000000000000000 |     5.0000000000000000
 AAAAAAAADCMCAAAA | United States | IA       | Clarke County      |    66.0000000000000000 | 196.1100000000000000 | 0.00000000000000000000 |    25.4900000000000000 | -3969.9000000000000000 | 1966.0000000000000000 | 1.00000000000000000000
 AAAAAAAADLEEAAAA | United States | IA       | Clarke County      |    25.0000000000000000 |  51.9400000000000000 |    45.8700000000000000 |     3.1100000000000000 |  -902.3700000000000000 | 1966.0000000000000000 | 1.00000000000000000000
 AAAAAAAAFEICAAAA | United States | IA       | Clarke County      |    72.0000000000000000 |  81.8900000000000000 | 0.00000000000000000000 |    76.9700000000000000 |  1712.8800000000000000 | 1991.0000000000000000 |     5.0000000000000000
 AAAAAAAAFNAEAAAA | United States | IA       | Clarke County      |    14.0000000000000000 |  73.6200000000000000 | 0.00000000000000000000 |    15.4600000000000000 |  -293.8600000000000000 | 1991.0000000000000000 |     5.0000000000000000
 AAAAAAAAGCACAAAA | United States | IA       | Clarke County      |    55.0000000000000000 | 146.5200000000000000 | 0.00000000000000000000 |    92.3000000000000000 |  1006.5000000000000000 | 1966.0000000000000000 | 1.00000000000000000000
 AAAAAAAAGOIDAAAA | United States | IA       | Clarke County      |    56.0000000000000000 |  91.0900000000000000 | 0.00000000000000000000 |    70.1300000000000000 |  2098.8800000000000000 | 1966.0000000000000000 | 1.00000000000000000000
 AAAAAAAAHNHBAAAA | United States | IA       | Clarke County      |    25.0000000000000000 |  30.4700000000000000 |   363.6300000000000000 |    18.8900000000000000 |  -147.8800000000000000 | 1991.0000000000000000 |     5.0000000000000000
 AAAAAAAAINNBAAAA | United States | IA       | Clarke County      |    40.0000000000000000 | 138.0900000000000000 |  1370.9400000000000000 |    46.9500000000000000 | -3033.7400000000000000 | 1991.0000000000000000 |     5.0000000000000000
 AAAAAAAAJEGAAAAA | United States | IA       | Clarke County      |    70.0000000000000000 | 168.9500000000000000 | 0.00000000000000000000 |    94.6100000000000000 |  2443.7000000000000000 | 1991.0000000000000000 |     5.0000000000000000
 AAAAAAAAKBODAAAA | United States | IA       | Clarke County      |    45.0000000000000000 |  56.2300000000000000 |  2089.0200000000000000 |    53.9800000000000000 | -1335.7200000000000000 | 1966.0000000000000000 | 1.00000000000000000000
 AAAAAAAAKDNCAAAA | United States | IA       | Clarke County      |    58.0000000000000000 | 171.2800000000000000 | 0.00000000000000000000 |     8.5600000000000000 | -3575.1200000000000000 | 1991.0000000000000000 |     5.0000000000000000
 AAAAAAAAKEODAAAA | United States | IA       | Clarke County      |    22.0000000000000000 |  10.7800000000000000 | 0.00000000000000000000 | 0.43000000000000000000 |   -97.4600000000000000 | 1991.0000000000000000 |     5.0000000000000000
 AAAAAAAAKOCCAAAA | United States | IA       | Clarke County      |    44.0000000000000000 | 133.3200000000000000 | 0.00000000000000000000 |   122.6500000000000000 |  3140.2800000000000000 | 1991.0000000000000000 |     5.0000000000000000
 AAAAAAAAKPGBAAAA | United States | IA       | Clarke County      |    87.0000000000000000 |  90.5800000000000000 | 0.00000000000000000000 |    79.7100000000000000 |   579.4200000000000000 | 1966.0000000000000000 | 1.00000000000000000000
 AAAAAAAAMDCAAAAA | United States | IA       | Clarke County      |    62.0000000000000000 | 207.2100000000000000 |  6782.8900000000000000 |   113.9600000000000000 | -5402.1500000000000000 | 1966.0000000000000000 | 1.00000000000000000000
 AAAAAAAAMJHDAAAA | United States | IA       | Clarke County      |    16.0000000000000000 | 142.3800000000000000 |    71.0500000000000000 |    37.0100000000000000 |  -623.6900000000000000 | 1991.0000000000000000 |     5.0000000000000000
 AAAAAAAAMNJBAAAA | United States | IA       | Clarke County      |    26.0000000000000000 | 215.1800000000000000 | 0.00000000000000000000 |   176.4400000000000000 |  2596.3600000000000000 | 1991.0000000000000000 |     5.0000000000000000
(100 rows)

UPDATE time_statistics SET e_time = TRANSACTION_TIMESTAMP() WHERE template = 'query18.tpl' AND stream = 1;
psql:/tmp/s1-basline/throughput/query_1.sql:2183: NOTICE:  duration: 0.041 ms  plan:
Query Text: UPDATE time_statistics SET e_time = TRANSACTION_TIMESTAMP() WHERE template = 'query18.tpl' AND stream = 1;
Update on time_statistics  (cost=0.00..4.71 rows=0 width=0) (actual time=0.041..0.041 rows=0 loops=1)
  ->  Seq Scan on time_statistics  (cost=0.00..4.71 rows=1 width=14) (actual time=0.026..0.026 rows=1 loops=1)
        Filter: ((template = 'query18.tpl'::text) AND (stream = 1))
        Rows Removed by Filter: 121
UPDATE 1
LOAD 'auto_explain'; SET auto_explain.log_min_duration TO 0; SET auto_explain.log_analyze TO on; SET auto_explain.log_level TO notice; INSERT INTO time_statistics (template, s_time, stream, query, seed) VALUES ('../query_postgresql/query94.tpl', TRANSACTION_TIMESTAMP(), 1, 41, 1336996812);
LOAD
SET
SET
SET
psql:/tmp/s1-basline/throughput/query_1.sql:2184: NOTICE:  duration: 0.009 ms  plan:
Query Text: INSERT INTO time_statistics (template, s_time, stream, query, seed) VALUES ('../query_postgresql/query94.tpl', TRANSACTION_TIMESTAMP(), 1, 41, 1336996812);
Insert on time_statistics  (cost=0.00..0.01 rows=0 width=0) (actual time=0.008..0.008 rows=0 loops=1)
  ->  Result  (cost=0.00..0.01 rows=1 width=64) (actual time=0.001..0.001 rows=1 loops=1)
INSERT 0 1
select  
   count(distinct ws_order_number) as "order count"
  ,sum(ws_ext_ship_cost) as "total shipping cost"
  ,sum(ws_net_profit) as "total net profit"
from
   web_sales ws1
  ,date_dim
  ,customer_address
  ,web_site
where
    d_date between '1999-3-01' and 
           (cast('1999-3-01' as date) + interval '60 days')
and ws1.ws_ship_date_sk = d_date_sk
and ws1.ws_ship_addr_sk = ca_address_sk
and ca_state = 'SC'
and ws1.ws_web_site_sk = web_site_sk
and web_company_name = 'pri'
and exists (select *
            from web_sales ws2
            where ws1.ws_order_number = ws2.ws_order_number
              and ws1.ws_warehouse_sk <> ws2.ws_warehouse_sk)
and not exists(select *
               from web_returns wr1
               where ws1.ws_order_number = wr1.wr_order_number)
order by count(distinct ws_order_number)
limit 100;
psql:/tmp/s1-basline/throughput/query_1.sql:2210: NOTICE:  duration: 140.513 ms  plan:
Query Text: select  
   count(distinct ws_order_number) as "order count"
  ,sum(ws_ext_ship_cost) as "total shipping cost"
  ,sum(ws_net_profit) as "total net profit"
from
   web_sales ws1
  ,date_dim
  ,customer_address
  ,web_site
where
    d_date between '1999-3-01' and 
           (cast('1999-3-01' as date) + interval '60 days')
and ws1.ws_ship_date_sk = d_date_sk
and ws1.ws_ship_addr_sk = ca_address_sk
and ca_state = 'SC'
and ws1.ws_web_site_sk = web_site_sk
and web_company_name = 'pri'
and exists (select *
            from web_sales ws2
            where ws1.ws_order_number = ws2.ws_order_number
              and ws1.ws_warehouse_sk <> ws2.ws_warehouse_sk)
and not exists(select *
               from web_returns wr1
               where ws1.ws_order_number = wr1.wr_order_number)
order by count(distinct ws_order_number)
limit 100;
Limit  (cost=37228.36..37228.36 rows=1 width=24) (actual time=109.541..140.504 rows=1 loops=1)
  ->  Sort  (cost=37228.36..37228.36 rows=1 width=24) (actual time=109.541..140.502 rows=1 loops=1)
        Sort Key: (count(DISTINCT ws1.ws_order_number))
        Sort Method: quicksort  Memory: 25kB
        ->  Aggregate  (cost=37228.34..37228.35 rows=1 width=24) (actual time=109.536..140.498 rows=1 loops=1)
              ->  Nested Loop Semi Join  (cost=1009.09..37228.33 rows=1 width=24) (actual time=18.403..140.475 rows=16 loops=1)
                    ->  Gather  (cost=1008.67..31831.64 rows=1 width=32) (actual time=15.379..125.808 rows=16 loops=1)
                          Workers Planned: 2
                          Workers Launched: 2
                          ->  Nested Loop Anti Join  (cost=8.67..30831.54 rows=1 width=32) (actual time=40.713..95.905 rows=5 loops=3)
                                ->  Nested Loop  (cost=8.25..30463.88 rows=1 width=32) (actual time=9.604..83.821 rows=19 loops=3)
                                      ->  Hash Join  (cost=7.96..30440.49 rows=75 width=40) (actual time=0.333..78.550 rows=1576 loops=3)
                                            Hash Cond: (ws1.ws_web_site_sk = web_site.web_site_sk)
                                            ->  Hash Join  (cost=5.48..30437.25 rows=250 width=48) (actual time=0.167..77.715 rows=8032 loops=3)
                                                  Hash Cond: (ws1.ws_ship_date_sk = date_dim.d_date_sk)
                                                  ->  Parallel Seq Scan on web_sales ws1  (cost=0.00..29644.81 rows=299781 width=56) (actual time=0.016..45.901 rows=239825 loops=3)
                                                  ->  Hash  (cost=4.71..4.71 rows=61 width=8) (actual time=0.084..0.085 rows=61 loops=3)
                                                        Buckets: 1024  Batches: 1  Memory Usage: 11kB
                                                        ->  Index Scan using i_d_date on date_dim  (cost=0.29..4.71 rows=61 width=8) (actual time=0.059..0.075 rows=61 loops=3)
                                                              Index Cond: ((d_date >= '1999-03-01'::date) AND (d_date <= '1999-04-30 00:00:00'::timestamp without time zone))
                                            ->  Hash  (cost=2.38..2.38 rows=9 width=8) (actual time=0.046..0.047 rows=9 loops=3)
                                                  Buckets: 1024  Batches: 1  Memory Usage: 9kB
                                                  ->  Seq Scan on web_site  (cost=0.00..2.38 rows=9 width=8) (actual time=0.025..0.042 rows=9 loops=3)
                                                        Filter: (web_company_name = 'pri'::bpchar)
                                                        Rows Removed by Filter: 21
                                      ->  Index Scan using pk_customer_address on customer_address  (cost=0.29..0.31 rows=1 width=8) (actual time=0.003..0.003 rows=0 loops=4728)
                                            Index Cond: (ca_address_sk = ws1.ws_ship_addr_sk)
                                            Filter: (ca_state = 'SC'::bpchar)
                                            Rows Removed by Filter: 1
                                ->  Index Only Scan using pk_web_returns on web_returns wr1  (cost=0.42..539.05 rows=2 width=8) (actual time=0.647..0.647 rows=1 loops=56)
                                      Index Cond: (wr_order_number = ws1.ws_order_number)
                                      Heap Fetches: 0
                    ->  Index Scan using pk_web_sales on web_sales ws2  (cost=0.42..5396.67 rows=10 width=16) (actual time=0.916..0.916 rows=1 loops=16)
                          Index Cond: (ws_order_number = ws1.ws_order_number)
                          Filter: (ws1.ws_warehouse_sk <> ws_warehouse_sk)
                          Rows Removed by Filter: 0
 order count | total shipping cost | total net profit 
-------------+---------------------+------------------
           8 |            20744.42 |        -10022.21
(1 row)

UPDATE time_statistics SET e_time = TRANSACTION_TIMESTAMP() WHERE template = '../query_postgresql/query94.tpl' AND stream = 1;
psql:/tmp/s1-basline/throughput/query_1.sql:2212: NOTICE:  duration: 0.040 ms  plan:
Query Text: UPDATE time_statistics SET e_time = TRANSACTION_TIMESTAMP() WHERE template = '../query_postgresql/query94.tpl' AND stream = 1;
Update on time_statistics  (cost=0.00..4.71 rows=0 width=0) (actual time=0.040..0.040 rows=0 loops=1)
  ->  Seq Scan on time_statistics  (cost=0.00..4.71 rows=1 width=14) (actual time=0.025..0.025 rows=1 loops=1)
        Filter: ((template = '../query_postgresql/query94.tpl'::text) AND (stream = 1))
        Rows Removed by Filter: 122
UPDATE 1
LOAD 'auto_explain'; SET auto_explain.log_min_duration TO 0; SET auto_explain.log_analyze TO on; SET auto_explain.log_level TO notice; INSERT INTO time_statistics (template, s_time, stream, query, seed) VALUES ('query35.tpl', TRANSACTION_TIMESTAMP(), 1, 42, 440300988);
LOAD
SET
SET
SET
psql:/tmp/s1-basline/throughput/query_1.sql:2213: NOTICE:  duration: 0.010 ms  plan:
Query Text: INSERT INTO time_statistics (template, s_time, stream, query, seed) VALUES ('query35.tpl', TRANSACTION_TIMESTAMP(), 1, 42, 440300988);
Insert on time_statistics  (cost=0.00..0.01 rows=0 width=0) (actual time=0.010..0.010 rows=0 loops=1)
  ->  Result  (cost=0.00..0.01 rows=1 width=64) (actual time=0.001..0.002 rows=1 loops=1)
INSERT 0 1
select   
  ca_state,
  cd_gender,
  cd_marital_status,
  cd_dep_count,
  count(*) cnt1,
  stddev_samp(cd_dep_count),
  max(cd_dep_count),
  avg(cd_dep_count),
  cd_dep_employed_count,
  count(*) cnt2,
  stddev_samp(cd_dep_employed_count),
  max(cd_dep_employed_count),
  avg(cd_dep_employed_count),
  cd_dep_college_count,
  count(*) cnt3,
  stddev_samp(cd_dep_college_count),
  max(cd_dep_college_count),
  avg(cd_dep_college_count)
 from
  customer c,customer_address ca,customer_demographics
 where
  c.c_current_addr_sk = ca.ca_address_sk and
  cd_demo_sk = c.c_current_cdemo_sk and 
  exists (select *
          from store_sales,date_dim
          where c.c_customer_sk = ss_customer_sk and
                ss_sold_date_sk = d_date_sk and
                d_year = 1999 and
                d_qoy < 4) and
   (exists (select *
            from web_sales,date_dim
            where c.c_customer_sk = ws_bill_customer_sk and
                  ws_sold_date_sk = d_date_sk and
                  d_year = 1999 and
                  d_qoy < 4) or 
    exists (select * 
            from catalog_sales,date_dim
            where c.c_customer_sk = cs_ship_customer_sk and
                  cs_sold_date_sk = d_date_sk and
                  d_year = 1999 and
                  d_qoy < 4))
 group by ca_state,
          cd_gender,
          cd_marital_status,
          cd_dep_count,
          cd_dep_employed_count,
          cd_dep_college_count
 order by ca_state,
          cd_gender,
          cd_marital_status,
          cd_dep_count,
          cd_dep_employed_count,
          cd_dep_college_count
 limit 100;
psql:/tmp/s1-basline/throughput/query_1.sql:2268: NOTICE:  duration: 548.786 ms  plan:
Query Text: select   
  ca_state,
  cd_gender,
  cd_marital_status,
  cd_dep_count,
  count(*) cnt1,
  stddev_samp(cd_dep_count),
  max(cd_dep_count),
  avg(cd_dep_count),
  cd_dep_employed_count,
  count(*) cnt2,
  stddev_samp(cd_dep_employed_count),
  max(cd_dep_employed_count),
  avg(cd_dep_employed_count),
  cd_dep_college_count,
  count(*) cnt3,
  stddev_samp(cd_dep_college_count),
  max(cd_dep_college_count),
  avg(cd_dep_college_count)
 from
  customer c,customer_address ca,customer_demographics
 where
  c.c_current_addr_sk = ca.ca_address_sk and
  cd_demo_sk = c.c_current_cdemo_sk and 
  exists (select *
          from store_sales,date_dim
          where c.c_customer_sk = ss_customer_sk and
                ss_sold_date_sk = d_date_sk and
                d_year = 1999 and
                d_qoy < 4) and
   (exists (select *
            from web_sales,date_dim
            where c.c_customer_sk = ws_bill_customer_sk and
                  ws_sold_date_sk = d_date_sk and
                  d_year = 1999 and
                  d_qoy < 4) or 
    exists (select * 
            from catalog_sales,date_dim
            where c.c_customer_sk = cs_ship_customer_sk and
                  cs_sold_date_sk = d_date_sk and
                  d_year = 1999 and
                  d_qoy < 4))
 group by ca_state,
          cd_gender,
          cd_marital_status,
          cd_dep_count,
          cd_dep_employed_count,
          cd_dep_college_count
 order by ca_state,
          cd_gender,
          cd_marital_status,
          cd_dep_count,
          cd_dep_employed_count,
          cd_dep_college_count
 limit 100;
Limit  (cost=471837338.89..471837345.64 rows=100 width=247) (actual time=548.246..548.676 rows=100 loops=1)
  ->  GroupAggregate  (cost=471837338.89..471837818.27 rows=7102 width=247) (actual time=548.245..548.668 rows=100 loops=1)
        Group Key: ca.ca_state, customer_demographics.cd_gender, customer_demographics.cd_marital_status, customer_demographics.cd_dep_count, customer_demographics.cd_dep_employed_count, customer_demographics.cd_dep_college_count
        ->  Sort  (cost=471837338.89..471837356.64 rows=7102 width=19) (actual time=548.230..548.466 rows=102 loops=1)
              Sort Key: ca.ca_state, customer_demographics.cd_gender, customer_demographics.cd_marital_status, customer_demographics.cd_dep_count, customer_demographics.cd_dep_employed_count, customer_demographics.cd_dep_college_count
              Sort Method: quicksort  Memory: 501kB
              ->  Nested Loop  (cost=92829.77..471836884.57 rows=7102 width=19) (actual time=458.557..539.085 rows=4959 loops=1)
                    ->  Nested Loop  (cost=92829.48..471834568.00 rows=7102 width=24) (actual time=458.550..529.481 rows=4959 loops=1)
                          ->  Nested Loop  (cost=92829.05..471828426.92 rows=7356 width=16) (actual time=458.538..511.463 rows=5142 loops=1)
                                ->  HashAggregate  (cost=92828.76..92931.51 rows=10275 width=8) (actual time=282.301..286.717 rows=23837 loops=1)
                                      Group Key: store_sales.ss_customer_sk
                                      Batches: 1  Memory Usage: 2833kB
                                      ->  Gather  (cost=3504.15..92803.07 rows=10275 width=8) (actual time=10.029..241.388 rows=311252 loops=1)
                                            Workers Planned: 2
                                            Workers Launched: 2
                                            ->  Hash Join  (cost=2504.15..90775.57 rows=4281 width=8) (actual time=15.213..248.960 rows=103751 loops=3)
                                                  Hash Cond: (store_sales.ss_sold_date_sk = date_dim.d_date_sk)
                                                  ->  Parallel Seq Scan on store_sales  (cost=0.00..85123.48 rows=1199148 width=16) (actual time=0.014..125.334 rows=959309 loops=3)
                                                  ->  Hash  (cost=2500.73..2500.73 rows=273 width=8) (actual time=15.078..15.078 rows=274 loops=3)
                                                        Buckets: 1024  Batches: 1  Memory Usage: 19kB
                                                        ->  Seq Scan on date_dim  (cost=0.00..2500.73 rows=273 width=8) (actual time=7.138..15.044 rows=274 loops=3)
                                                              Filter: ((d_qoy < 4) AND (d_year = 1999))
                                                              Rows Removed by Filter: 72775
                                ->  Index Scan using pk_customer on customer c  (cost=0.29..49604.58 rows=1 width=24) (actual time=0.009..0.009 rows=0 loops=23837)
                                      Index Cond: (c_customer_sk = store_sales.ss_customer_sk)
                                      Filter: ((hashed SubPlan 2) OR (hashed SubPlan 4))
                                      Rows Removed by Filter: 1
                                      SubPlan 2
                                        ->  Gather  (cost=3504.15..34204.73 rows=2688 width=8) (actual time=9.961..89.167 rows=81862 loops=1)
                                              Workers Planned: 2
                                              Workers Launched: 2
                                              ->  Hash Join  (cost=2504.15..32935.93 rows=1120 width=8) (actual time=15.273..87.635 rows=27287 loops=3)
                                                    Hash Cond: (web_sales.ws_sold_date_sk = date_dim_1.d_date_sk)
                                                    ->  Parallel Seq Scan on web_sales  (cost=0.00..29644.81 rows=299781 width=16) (actual time=0.017..43.427 rows=239825 loops=3)
                                                    ->  Hash  (cost=2500.73..2500.73 rows=273 width=8) (actual time=15.102..15.103 rows=274 loops=3)
                                                          Buckets: 1024  Batches: 1  Memory Usage: 19kB
                                                          ->  Seq Scan on date_dim date_dim_1  (cost=0.00..2500.73 rows=273 width=8) (actual time=7.251..15.066 rows=274 loops=3)
                                                                Filter: ((d_qoy < 4) AND (d_year = 1999))
                                                                Rows Removed by Filter: 72775
                                      SubPlan 4
                                        ->  Nested Loop  (cost=0.43..16867.24 rows=5347 width=8) (actual time=4.520..56.902 rows=158921 loops=1)
                                              ->  Seq Scan on date_dim date_dim_2  (cost=0.00..2500.73 rows=273 width=8) (actual time=4.500..9.722 rows=274 loops=1)
                                                    Filter: ((d_qoy < 4) AND (d_year = 1999))
                                                    Rows Removed by Filter: 72775
                                              ->  Index Scan using i_cs_sold_date_sk on catalog_sales  (cost=0.43..44.80 rows=782 width=16) (actual time=0.003..0.097 rows=580 loops=274)
                                                    Index Cond: (cs_sold_date_sk = date_dim_2.d_date_sk)
                          ->  Index Scan using pk_customer_demographics on customer_demographics  (cost=0.43..0.83 rows=1 width=24) (actual time=0.003..0.003 rows=1 loops=5142)
                                Index Cond: (cd_demo_sk = c.c_current_cdemo_sk)
                    ->  Index Scan using pk_customer_address on customer_address ca  (cost=0.29..0.33 rows=1 width=11) (actual time=0.002..0.002 rows=1 loops=4959)
                          Index Cond: (ca_address_sk = c.c_current_addr_sk)
 ca_state | cd_gender | cd_marital_status | cd_dep_count | cnt1 | stddev_samp | max |          avg           | cd_dep_employed_count | cnt2 | stddev_samp | max |          avg           | cd_dep_college_count | cnt3 | stddev_samp | max |          avg           
----------+-----------+-------------------+--------------+------+-------------+-----+------------------------+-----------------------+------+-------------+-----+------------------------+----------------------+------+-------------+-----+------------------------
 AK       | F         | D                 |            4 |    1 |             |   4 |     4.0000000000000000 |                     2 |    1 |             |   2 |     2.0000000000000000 |                    3 |    1 |             |   3 |     3.0000000000000000
 AK       | F         | M                 |            2 |    1 |             |   2 |     2.0000000000000000 |                     1 |    1 |             |   1 | 1.00000000000000000000 |                    4 |    1 |             |   4 |     4.0000000000000000
 AK       | F         | M                 |            2 |    1 |             |   2 |     2.0000000000000000 |                     2 |    1 |             |   2 |     2.0000000000000000 |                    4 |    1 |             |   4 |     4.0000000000000000
 AK       | F         | M                 |            3 |    1 |             |   3 |     3.0000000000000000 |                     5 |    1 |             |   5 |     5.0000000000000000 |                    6 |    1 |             |   6 |     6.0000000000000000
 AK       | F         | M                 |            5 |    1 |             |   5 |     5.0000000000000000 |                     2 |    1 |             |   2 |     2.0000000000000000 |                    0 |    1 |             |   0 | 0.00000000000000000000
 AK       | F         | M                 |            5 |    1 |             |   5 |     5.0000000000000000 |                     2 |    1 |             |   2 |     2.0000000000000000 |                    5 |    1 |             |   5 |     5.0000000000000000
 AK       | F         | M                 |            5 |    1 |             |   5 |     5.0000000000000000 |                     4 |    1 |             |   4 |     4.0000000000000000 |                    3 |    1 |             |   3 |     3.0000000000000000
 AK       | F         | S                 |            0 |    1 |             |   0 | 0.00000000000000000000 |                     1 |    1 |             |   1 | 1.00000000000000000000 |                    2 |    1 |             |   2 |     2.0000000000000000
 AK       | F         | S                 |            0 |    1 |             |   0 | 0.00000000000000000000 |                     2 |    1 |             |   2 |     2.0000000000000000 |                    6 |    1 |             |   6 |     6.0000000000000000
 AK       | F         | S                 |            0 |    1 |             |   0 | 0.00000000000000000000 |                     4 |    1 |             |   4 |     4.0000000000000000 |                    2 |    1 |             |   2 |     2.0000000000000000
 AK       | F         | S                 |            3 |    1 |             |   3 |     3.0000000000000000 |                     4 |    1 |             |   4 |     4.0000000000000000 |                    6 |    1 |             |   6 |     6.0000000000000000
 AK       | F         | S                 |            6 |    1 |             |   6 |     6.0000000000000000 |                     6 |    1 |             |   6 |     6.0000000000000000 |                    6 |    1 |             |   6 |     6.0000000000000000
 AK       | F         | U                 |            4 |    1 |             |   4 |     4.0000000000000000 |                     5 |    1 |             |   5 |     5.0000000000000000 |                    2 |    1 |             |   2 |     2.0000000000000000
 AK       | F         | W                 |            3 |    1 |             |   3 |     3.0000000000000000 |                     0 |    1 |             |   0 | 0.00000000000000000000 |                    0 |    1 |             |   0 | 0.00000000000000000000
 AK       | F         | W                 |            5 |    1 |             |   5 |     5.0000000000000000 |                     4 |    1 |             |   4 |     4.0000000000000000 |                    6 |    1 |             |   6 |     6.0000000000000000
 AK       | M         | D                 |            3 |    1 |             |   3 |     3.0000000000000000 |                     4 |    1 |             |   4 |     4.0000000000000000 |                    0 |    1 |             |   0 | 0.00000000000000000000
 AK       | M         | D                 |            5 |    1 |             |   5 |     5.0000000000000000 |                     4 |    1 |             |   4 |     4.0000000000000000 |                    4 |    1 |             |   4 |     4.0000000000000000
 AK       | M         | M                 |            0 |    1 |             |   0 | 0.00000000000000000000 |                     4 |    1 |             |   4 |     4.0000000000000000 |                    1 |    1 |             |   1 | 1.00000000000000000000
 AK       | M         | M                 |            2 |    1 |             |   2 |     2.0000000000000000 |                     1 |    1 |             |   1 | 1.00000000000000000000 |                    2 |    1 |             |   2 |     2.0000000000000000
 AK       | M         | M                 |            3 |    1 |             |   3 |     3.0000000000000000 |                     4 |    1 |             |   4 |     4.0000000000000000 |                    2 |    1 |             |   2 |     2.0000000000000000
 AK       | M         | M                 |            3 |    1 |             |   3 |     3.0000000000000000 |                     4 |    1 |             |   4 |     4.0000000000000000 |                    6 |    1 |             |   6 |     6.0000000000000000
 AK       | M         | M                 |            6 |    1 |             |   6 |     6.0000000000000000 |                     4 |    1 |             |   4 |     4.0000000000000000 |                    3 |    1 |             |   3 |     3.0000000000000000
 AK       | M         | S                 |            0 |    1 |             |   0 | 0.00000000000000000000 |                     0 |    1 |             |   0 | 0.00000000000000000000 |                    5 |    1 |             |   5 |     5.0000000000000000
 AK       | M         | S                 |            2 |    1 |             |   2 |     2.0000000000000000 |                     2 |    1 |             |   2 |     2.0000000000000000 |                    5 |    1 |             |   5 |     5.0000000000000000
 AK       | M         | S                 |            2 |    1 |             |   2 |     2.0000000000000000 |                     2 |    1 |             |   2 |     2.0000000000000000 |                    6 |    1 |             |   6 |     6.0000000000000000
 AK       | M         | S                 |            2 |    1 |             |   2 |     2.0000000000000000 |                     6 |    1 |             |   6 |     6.0000000000000000 |                    3 |    1 |             |   3 |     3.0000000000000000
 AK       | M         | S                 |            4 |    1 |             |   4 |     4.0000000000000000 |                     0 |    1 |             |   0 | 0.00000000000000000000 |                    6 |    1 |             |   6 |     6.0000000000000000
 AK       | M         | S                 |            6 |    1 |             |   6 |     6.0000000000000000 |                     0 |    1 |             |   0 | 0.00000000000000000000 |                    3 |    1 |             |   3 |     3.0000000000000000
 AK       | M         | U                 |            5 |    1 |             |   5 |     5.0000000000000000 |                     1 |    1 |             |   1 | 1.00000000000000000000 |                    6 |    1 |             |   6 |     6.0000000000000000
 AK       | M         | W                 |            1 |    1 |             |   1 | 1.00000000000000000000 |                     0 |    1 |             |   0 | 0.00000000000000000000 |                    3 |    1 |             |   3 |     3.0000000000000000
 AK       | M         | W                 |            6 |    1 |             |   6 |     6.0000000000000000 |                     0 |    1 |             |   0 | 0.00000000000000000000 |                    6 |    1 |             |   6 |     6.0000000000000000
 AL       | F         | D                 |            1 |    1 |             |   1 | 1.00000000000000000000 |                     1 |    1 |             |   1 | 1.00000000000000000000 |                    2 |    1 |             |   2 |     2.0000000000000000
 AL       | F         | D                 |            2 |    1 |             |   2 |     2.0000000000000000 |                     6 |    1 |             |   6 |     6.0000000000000000 |                    4 |    1 |             |   4 |     4.0000000000000000
 AL       | F         | D                 |            3 |    1 |             |   3 |     3.0000000000000000 |                     3 |    1 |             |   3 |     3.0000000000000000 |                    2 |    1 |             |   2 |     2.0000000000000000
 AL       | F         | D                 |            3 |    1 |             |   3 |     3.0000000000000000 |                     4 |    1 |             |   4 |     4.0000000000000000 |                    3 |    1 |             |   3 |     3.0000000000000000
 AL       | F         | D                 |            4 |    1 |             |   4 |     4.0000000000000000 |                     2 |    1 |             |   2 |     2.0000000000000000 |                    1 |    1 |             |   1 | 1.00000000000000000000
 AL       | F         | D                 |            4 |    1 |             |   4 |     4.0000000000000000 |                     6 |    1 |             |   6 |     6.0000000000000000 |                    4 |    1 |             |   4 |     4.0000000000000000
 AL       | F         | D                 |            5 |    1 |             |   5 |     5.0000000000000000 |                     3 |    1 |             |   3 |     3.0000000000000000 |                    0 |    1 |             |   0 | 0.00000000000000000000
 AL       | F         | D                 |            6 |    1 |             |   6 |     6.0000000000000000 |                     1 |    1 |             |   1 | 1.00000000000000000000 |                    1 |    1 |             |   1 | 1.00000000000000000000
 AL       | F         | D                 |            6 |    1 |             |   6 |     6.0000000000000000 |                     6 |    1 |             |   6 |     6.0000000000000000 |                    2 |    1 |             |   2 |     2.0000000000000000
 AL       | F         | M                 |            0 |    1 |             |   0 | 0.00000000000000000000 |                     1 |    1 |             |   1 | 1.00000000000000000000 |                    1 |    1 |             |   1 | 1.00000000000000000000
 AL       | F         | M                 |            0 |    1 |             |   0 | 0.00000000000000000000 |                     6 |    1 |             |   6 |     6.0000000000000000 |                    4 |    1 |             |   4 |     4.0000000000000000
 AL       | F         | M                 |            1 |    1 |             |   1 | 1.00000000000000000000 |                     2 |    1 |             |   2 |     2.0000000000000000 |                    2 |    1 |             |   2 |     2.0000000000000000
 AL       | F         | M                 |            3 |    1 |             |   3 |     3.0000000000000000 |                     4 |    1 |             |   4 |     4.0000000000000000 |                    5 |    1 |             |   5 |     5.0000000000000000
 AL       | F         | M                 |            4 |    1 |             |   4 |     4.0000000000000000 |                     1 |    1 |             |   1 | 1.00000000000000000000 |                    0 |    1 |             |   0 | 0.00000000000000000000
 AL       | F         | M                 |            4 |    1 |             |   4 |     4.0000000000000000 |                     6 |    1 |             |   6 |     6.0000000000000000 |                    1 |    1 |             |   1 | 1.00000000000000000000
 AL       | F         | M                 |            5 |    1 |             |   5 |     5.0000000000000000 |                     2 |    1 |             |   2 |     2.0000000000000000 |                    0 |    1 |             |   0 | 0.00000000000000000000
 AL       | F         | M                 |            5 |    1 |             |   5 |     5.0000000000000000 |                     5 |    1 |             |   5 |     5.0000000000000000 |                    0 |    1 |             |   0 | 0.00000000000000000000
 AL       | F         | M                 |            6 |    1 |             |   6 |     6.0000000000000000 |                     2 |    1 |             |   2 |     2.0000000000000000 |                    4 |    1 |             |   4 |     4.0000000000000000
 AL       | F         | S                 |            0 |    1 |             |   0 | 0.00000000000000000000 |                     0 |    1 |             |   0 | 0.00000000000000000000 |                    0 |    1 |             |   0 | 0.00000000000000000000
 AL       | F         | S                 |            0 |    1 |             |   0 | 0.00000000000000000000 |                     1 |    1 |             |   1 | 1.00000000000000000000 |                    5 |    1 |             |   5 |     5.0000000000000000
 AL       | F         | S                 |            0 |    1 |             |   0 | 0.00000000000000000000 |                     3 |    1 |             |   3 |     3.0000000000000000 |                    3 |    1 |             |   3 |     3.0000000000000000
 AL       | F         | S                 |            1 |    1 |             |   1 | 1.00000000000000000000 |                     6 |    1 |             |   6 |     6.0000000000000000 |                    4 |    1 |             |   4 |     4.0000000000000000
 AL       | F         | S                 |            2 |    1 |             |   2 |     2.0000000000000000 |                     1 |    1 |             |   1 | 1.00000000000000000000 |                    6 |    1 |             |   6 |     6.0000000000000000
 AL       | F         | S                 |            2 |    1 |             |   2 |     2.0000000000000000 |                     5 |    1 |             |   5 |     5.0000000000000000 |                    3 |    1 |             |   3 |     3.0000000000000000
 AL       | F         | S                 |            3 |    1 |             |   3 |     3.0000000000000000 |                     4 |    1 |             |   4 |     4.0000000000000000 |                    2 |    1 |             |   2 |     2.0000000000000000
 AL       | F         | S                 |            3 |    1 |             |   3 |     3.0000000000000000 |                     5 |    1 |             |   5 |     5.0000000000000000 |                    0 |    1 |             |   0 | 0.00000000000000000000
 AL       | F         | S                 |            4 |    1 |             |   4 |     4.0000000000000000 |                     5 |    1 |             |   5 |     5.0000000000000000 |                    4 |    1 |             |   4 |     4.0000000000000000
 AL       | F         | S                 |            6 |    1 |             |   6 |     6.0000000000000000 |                     6 |    1 |             |   6 |     6.0000000000000000 |                    3 |    1 |             |   3 |     3.0000000000000000
 AL       | F         | U                 |            0 |    1 |             |   0 | 0.00000000000000000000 |                     2 |    1 |             |   2 |     2.0000000000000000 |                    6 |    1 |             |   6 |     6.0000000000000000
 AL       | F         | U                 |            1 |    1 |             |   1 | 1.00000000000000000000 |                     6 |    1 |             |   6 |     6.0000000000000000 |                    1 |    1 |             |   1 | 1.00000000000000000000
 AL       | F         | U                 |            2 |    1 |             |   2 |     2.0000000000000000 |                     4 |    1 |             |   4 |     4.0000000000000000 |                    1 |    1 |             |   1 | 1.00000000000000000000
 AL       | F         | U                 |            2 |    1 |             |   2 |     2.0000000000000000 |                     4 |    1 |             |   4 |     4.0000000000000000 |                    6 |    1 |             |   6 |     6.0000000000000000
 AL       | F         | U                 |            3 |    1 |             |   3 |     3.0000000000000000 |                     3 |    1 |             |   3 |     3.0000000000000000 |                    1 |    1 |             |   1 | 1.00000000000000000000
 AL       | F         | U                 |            4 |    1 |             |   4 |     4.0000000000000000 |                     4 |    1 |             |   4 |     4.0000000000000000 |                    3 |    1 |             |   3 |     3.0000000000000000
 AL       | F         | U                 |            4 |    1 |             |   4 |     4.0000000000000000 |                     4 |    1 |             |   4 |     4.0000000000000000 |                    6 |    1 |             |   6 |     6.0000000000000000
 AL       | F         | U                 |            5 |    1 |             |   5 |     5.0000000000000000 |                     0 |    1 |             |   0 | 0.00000000000000000000 |                    1 |    1 |             |   1 | 1.00000000000000000000
 AL       | F         | U                 |            5 |    1 |             |   5 |     5.0000000000000000 |                     3 |    1 |             |   3 |     3.0000000000000000 |                    5 |    1 |             |   5 |     5.0000000000000000
 AL       | F         | U                 |            6 |    1 |             |   6 |     6.0000000000000000 |                     1 |    1 |             |   1 | 1.00000000000000000000 |                    2 |    1 |             |   2 |     2.0000000000000000
 AL       | F         | W                 |            3 |    1 |             |   3 |     3.0000000000000000 |                     2 |    1 |             |   2 |     2.0000000000000000 |                    1 |    1 |             |   1 | 1.00000000000000000000
 AL       | F         | W                 |            4 |    1 |             |   4 |     4.0000000000000000 |                     1 |    1 |             |   1 | 1.00000000000000000000 |                    1 |    1 |             |   1 | 1.00000000000000000000
 AL       | F         | W                 |            4 |    1 |             |   4 |     4.0000000000000000 |                     5 |    1 |             |   5 |     5.0000000000000000 |                    2 |    1 |             |   2 |     2.0000000000000000
 AL       | F         | W                 |            5 |    1 |             |   5 |     5.0000000000000000 |                     0 |    1 |             |   0 | 0.00000000000000000000 |                    5 |    1 |             |   5 |     5.0000000000000000
 AL       | F         | W                 |            5 |    1 |             |   5 |     5.0000000000000000 |                     1 |    1 |             |   1 | 1.00000000000000000000 |                    3 |    1 |             |   3 |     3.0000000000000000
 AL       | F         | W                 |            5 |    1 |             |   5 |     5.0000000000000000 |                     1 |    1 |             |   1 | 1.00000000000000000000 |                    5 |    1 |             |   5 |     5.0000000000000000
 AL       | F         | W                 |            5 |    1 |             |   5 |     5.0000000000000000 |                     6 |    1 |             |   6 |     6.0000000000000000 |                    4 |    1 |             |   4 |     4.0000000000000000
 AL       | M         | D                 |            0 |    1 |             |   0 | 0.00000000000000000000 |                     1 |    1 |             |   1 | 1.00000000000000000000 |                    6 |    1 |             |   6 |     6.0000000000000000
 AL       | M         | D                 |            1 |    1 |             |   1 | 1.00000000000000000000 |                     5 |    1 |             |   5 |     5.0000000000000000 |                    0 |    1 |             |   0 | 0.00000000000000000000
 AL       | M         | D                 |            2 |    1 |             |   2 |     2.0000000000000000 |                     2 |    1 |             |   2 |     2.0000000000000000 |                    4 |    1 |             |   4 |     4.0000000000000000
 AL       | M         | D                 |            2 |    1 |             |   2 |     2.0000000000000000 |                     4 |    1 |             |   4 |     4.0000000000000000 |                    0 |    1 |             |   0 | 0.00000000000000000000
 AL       | M         | D                 |            2 |    1 |             |   2 |     2.0000000000000000 |                     5 |    1 |             |   5 |     5.0000000000000000 |                    2 |    1 |             |   2 |     2.0000000000000000
 AL       | M         | D                 |            3 |    1 |             |   3 |     3.0000000000000000 |                     1 |    1 |             |   1 | 1.00000000000000000000 |                    5 |    1 |             |   5 |     5.0000000000000000
 AL       | M         | D                 |            3 |    1 |             |   3 |     3.0000000000000000 |                     4 |    1 |             |   4 |     4.0000000000000000 |                    4 |    1 |             |   4 |     4.0000000000000000
 AL       | M         | D                 |            5 |    1 |             |   5 |     5.0000000000000000 |                     4 |    1 |             |   4 |     4.0000000000000000 |                    3 |    1 |             |   3 |     3.0000000000000000
 AL       | M         | D                 |            5 |    1 |             |   5 |     5.0000000000000000 |                     6 |    1 |             |   6 |     6.0000000000000000 |                    6 |    1 |             |   6 |     6.0000000000000000
 AL       | M         | D                 |            6 |    1 |             |   6 |     6.0000000000000000 |                     0 |    1 |             |   0 | 0.00000000000000000000 |                    5 |    1 |             |   5 |     5.0000000000000000
 AL       | M         | D                 |            6 |    1 |             |   6 |     6.0000000000000000 |                     1 |    1 |             |   1 | 1.00000000000000000000 |                    3 |    1 |             |   3 |     3.0000000000000000
 AL       | M         | D                 |            6 |    1 |             |   6 |     6.0000000000000000 |                     5 |    1 |             |   5 |     5.0000000000000000 |                    6 |    1 |             |   6 |     6.0000000000000000
 AL       | M         | M                 |            0 |    1 |             |   0 | 0.00000000000000000000 |                     1 |    1 |             |   1 | 1.00000000000000000000 |                    3 |    1 |             |   3 |     3.0000000000000000
 AL       | M         | M                 |            1 |    1 |             |   1 | 1.00000000000000000000 |                     0 |    1 |             |   0 | 0.00000000000000000000 |                    2 |    1 |             |   2 |     2.0000000000000000
 AL       | M         | M                 |            1 |    1 |             |   1 | 1.00000000000000000000 |                     2 |    1 |             |   2 |     2.0000000000000000 |                    5 |    1 |             |   5 |     5.0000000000000000
 AL       | M         | M                 |            1 |    1 |             |   1 | 1.00000000000000000000 |                     6 |    1 |             |   6 |     6.0000000000000000 |                    5 |    1 |             |   5 |     5.0000000000000000
 AL       | M         | M                 |            4 |    1 |             |   4 |     4.0000000000000000 |                     2 |    1 |             |   2 |     2.0000000000000000 |                    1 |    1 |             |   1 | 1.00000000000000000000
 AL       | M         | M                 |            5 |    1 |             |   5 |     5.0000000000000000 |                     6 |    1 |             |   6 |     6.0000000000000000 |                    4 |    1 |             |   4 |     4.0000000000000000
 AL       | M         | M                 |            6 |    1 |             |   6 |     6.0000000000000000 |                     3 |    1 |             |   3 |     3.0000000000000000 |                    2 |    1 |             |   2 |     2.0000000000000000
 AL       | M         | S                 |            1 |    1 |             |   1 | 1.00000000000000000000 |                     2 |    1 |             |   2 |     2.0000000000000000 |                    0 |    1 |             |   0 | 0.00000000000000000000
 AL       | M         | S                 |            1 |    1 |             |   1 | 1.00000000000000000000 |                     2 |    1 |             |   2 |     2.0000000000000000 |                    3 |    1 |             |   3 |     3.0000000000000000
 AL       | M         | S                 |            3 |    1 |             |   3 |     3.0000000000000000 |                     5 |    1 |             |   5 |     5.0000000000000000 |                    6 |    1 |             |   6 |     6.0000000000000000
 AL       | M         | S                 |            3 |    1 |             |   3 |     3.0000000000000000 |                     6 |    1 |             |   6 |     6.0000000000000000 |                    3 |    1 |             |   3 |     3.0000000000000000
 AL       | M         | S                 |            5 |    2 |           0 |   5 |     5.0000000000000000 |                     4 |    2 |           0 |   4 |     4.0000000000000000 |                    5 |    2 |           0 |   5 |     5.0000000000000000
(100 rows)

UPDATE time_statistics SET e_time = TRANSACTION_TIMESTAMP() WHERE template = 'query35.tpl' AND stream = 1;
psql:/tmp/s1-basline/throughput/query_1.sql:2270: NOTICE:  duration: 0.042 ms  plan:
Query Text: UPDATE time_statistics SET e_time = TRANSACTION_TIMESTAMP() WHERE template = 'query35.tpl' AND stream = 1;
Update on time_statistics  (cost=0.00..4.71 rows=0 width=0) (actual time=0.042..0.042 rows=0 loops=1)
  ->  Seq Scan on time_statistics  (cost=0.00..4.71 rows=1 width=14) (actual time=0.018..0.028 rows=1 loops=1)
        Filter: ((template = 'query35.tpl'::text) AND (stream = 1))
        Rows Removed by Filter: 123
UPDATE 1
LOAD 'auto_explain'; SET auto_explain.log_min_duration TO 0; SET auto_explain.log_analyze TO on; SET auto_explain.log_level TO notice; INSERT INTO time_statistics (template, s_time, stream, query, seed) VALUES ('query68.tpl', TRANSACTION_TIMESTAMP(), 1, 43, 14192013);
LOAD
SET
SET
SET
psql:/tmp/s1-basline/throughput/query_1.sql:2271: NOTICE:  duration: 0.008 ms  plan:
Query Text: INSERT INTO time_statistics (template, s_time, stream, query, seed) VALUES ('query68.tpl', TRANSACTION_TIMESTAMP(), 1, 43, 14192013);
Insert on time_statistics  (cost=0.00..0.01 rows=0 width=0) (actual time=0.008..0.008 rows=0 loops=1)
  ->  Result  (cost=0.00..0.01 rows=1 width=64) (actual time=0.001..0.001 rows=1 loops=1)
INSERT 0 1
select  c_last_name
       ,c_first_name
       ,ca_city
       ,bought_city
       ,ss_ticket_number
       ,extended_price
       ,extended_tax
       ,list_price
 from (select ss_ticket_number
             ,ss_customer_sk
             ,ca_city bought_city
             ,sum(ss_ext_sales_price) extended_price 
             ,sum(ss_ext_list_price) list_price
             ,sum(ss_ext_tax) extended_tax 
       from store_sales
           ,date_dim
           ,store
           ,household_demographics
           ,customer_address 
       where store_sales.ss_sold_date_sk = date_dim.d_date_sk
         and store_sales.ss_store_sk = store.s_store_sk  
        and store_sales.ss_hdemo_sk = household_demographics.hd_demo_sk
        and store_sales.ss_addr_sk = customer_address.ca_address_sk
        and date_dim.d_dom between 1 and 2 
        and (household_demographics.hd_dep_count = 3 or
             household_demographics.hd_vehicle_count= 2)
        and date_dim.d_year in (1998,1998+1,1998+2)
        and store.s_city in ('Fairview','Midway')
       group by ss_ticket_number
               ,ss_customer_sk
               ,ss_addr_sk,ca_city) dn
      ,customer
      ,customer_address current_addr
 where ss_customer_sk = c_customer_sk
   and customer.c_current_addr_sk = current_addr.ca_address_sk
   and current_addr.ca_city <> bought_city
 order by c_last_name
         ,ss_ticket_number
 limit 100;
psql:/tmp/s1-basline/throughput/query_1.sql:2310: NOTICE:  duration: 264.769 ms  plan:
Query Text: select  c_last_name
       ,c_first_name
       ,ca_city
       ,bought_city
       ,ss_ticket_number
       ,extended_price
       ,extended_tax
       ,list_price
 from (select ss_ticket_number
             ,ss_customer_sk
             ,ca_city bought_city
             ,sum(ss_ext_sales_price) extended_price 
             ,sum(ss_ext_list_price) list_price
             ,sum(ss_ext_tax) extended_tax 
       from store_sales
           ,date_dim
           ,store
           ,household_demographics
           ,customer_address 
       where store_sales.ss_sold_date_sk = date_dim.d_date_sk
         and store_sales.ss_store_sk = store.s_store_sk  
        and store_sales.ss_hdemo_sk = household_demographics.hd_demo_sk
        and store_sales.ss_addr_sk = customer_address.ca_address_sk
        and date_dim.d_dom between 1 and 2 
        and (household_demographics.hd_dep_count = 3 or
             household_demographics.hd_vehicle_count= 2)
        and date_dim.d_year in (1998,1998+1,1998+2)
        and store.s_city in ('Fairview','Midway')
       group by ss_ticket_number
               ,ss_customer_sk
               ,ss_addr_sk,ca_city) dn
      ,customer
      ,customer_address current_addr
 where ss_customer_sk = c_customer_sk
   and customer.c_current_addr_sk = current_addr.ca_address_sk
   and current_addr.ca_city <> bought_city
 order by c_last_name
         ,ss_ticket_number
 limit 100;
Limit  (cost=76937.20..76937.45 rows=100 width=102) (actual time=264.644..264.660 rows=100 loops=1)
  ->  Sort  (cost=76937.20..76938.66 rows=587 width=102) (actual time=264.643..264.651 rows=100 loops=1)
        Sort Key: customer.c_last_name, store_sales.ss_ticket_number
        Sort Method: top-N heapsort  Memory: 50kB
        ->  Nested Loop  (cost=75647.44..76914.76 rows=587 width=102) (actual time=247.006..263.192 rows=2192 loops=1)
              Join Filter: ((current_addr.ca_city)::text <> (customer_address.ca_city)::text)
              Rows Removed by Join Filter: 160
              ->  Nested Loop  (cost=75647.15..76718.36 rows=588 width=101) (actual time=247.000..258.978 rows=2352 loops=1)
                    ->  GroupAggregate  (cost=75646.86..75664.50 rows=588 width=57) (actual time=246.989..253.616 rows=2420 loops=1)
                          Group Key: store_sales.ss_ticket_number, store_sales.ss_customer_sk, store_sales.ss_addr_sk, customer_address.ca_city
                          ->  Sort  (cost=75646.86..75648.33 rows=588 width=57) (actual time=246.976..248.044 rows=25862 loops=1)
                                Sort Key: store_sales.ss_ticket_number, store_sales.ss_customer_sk, store_sales.ss_addr_sk, customer_address.ca_city
                                Sort Method: quicksort  Memory: 3330kB
                                ->  Nested Loop  (cost=1.00..75619.81 rows=588 width=57) (actual time=4.529..237.670 rows=25862 loops=1)
                                      ->  Nested Loop  (cost=0.71..75430.09 rows=616 width=48) (actual time=4.525..204.045 rows=26015 loops=1)
                                            Join Filter: (store_sales.ss_store_sk = store.s_store_sk)
                                            Rows Removed by Join Filter: 114658
                                            ->  Nested Loop  (cost=0.71..75320.40 rows=646 width=56) (actual time=4.515..187.261 rows=26311 loops=1)
                                                  ->  Nested Loop  (cost=0.43..74493.77 rows=2710 width=64) (actual time=4.460..61.756 rows=105280 loops=1)
                                                        ->  Seq Scan on date_dim  (cost=0.00..2774.67 rows=72 width=8) (actual time=4.450..9.625 rows=72 loops=1)
                                                              Filter: ((d_dom >= 1) AND (d_dom <= 2) AND (d_year = ANY ('{1998,1999,2000}'::integer[])))
                                                              Rows Removed by Filter: 72977
                                                        ->  Index Scan using i_ss_sold_date_sk on store_sales  (cost=0.43..981.02 rows=1508 width=72) (actual time=0.005..0.436 rows=1462 loops=72)
                                                              Index Cond: (ss_sold_date_sk = date_dim.d_date_sk)
                                                  ->  Index Scan using pk_household_demographics on household_demographics  (cost=0.28..0.31 rows=1 width=8) (actual time=0.001..0.001 rows=0 loops=105280)
                                                        Index Cond: (hd_demo_sk = store_sales.ss_hdemo_sk)
                                                        Filter: ((hd_dep_count = 3) OR (hd_vehicle_count = 2))
                                                        Rows Removed by Filter: 1
                                            ->  Materialize  (cost=0.00..1.21 rows=12 width=8) (actual time=0.000..0.000 rows=5 loops=26311)
                                                  ->  Seq Scan on store  (cost=0.00..1.15 rows=12 width=8) (actual time=0.003..0.008 rows=12 loops=1)
                                                        Filter: ((s_city)::text = ANY ('{Fairview,Midway}'::text[]))
                                      ->  Index Scan using pk_customer_address on customer_address  (cost=0.29..0.31 rows=1 width=17) (actual time=0.001..0.001 rows=1 loops=26015)
                                            Index Cond: (ca_address_sk = store_sales.ss_addr_sk)
                    ->  Index Scan using pk_customer on customer  (cost=0.29..1.78 rows=1 width=68) (actual time=0.002..0.002 rows=1 loops=2420)
                          Index Cond: (c_customer_sk = store_sales.ss_customer_sk)
              ->  Index Scan using pk_customer_address on customer_address current_addr  (cost=0.29..0.32 rows=1 width=17) (actual time=0.001..0.001 rows=1 loops=2352)
                    Index Cond: (ca_address_sk = customer.c_current_addr_sk)
          c_last_name           |     c_first_name     |     ca_city      |   bought_city   | ss_ticket_number |   extended_price   |    extended_tax    |     list_price     
--------------------------------+----------------------+------------------+-----------------+------------------+--------------------+--------------------+--------------------
 Abraham                        | Curtis               | Berea            | Glendale        |           223358 |           16962.94 |             532.72 | 29785.770000000004
 Abrams                         | Tammy                | Woodlawn         | Newtown         |           122119 |           12495.42 |  770.1500000000001 |           24185.11
 Acevedo                        | Gladys               | Centerville      | Oak Ridge       |             4151 |           26325.64 |  627.7600000000001 |            42831.9
 Acevedo                        | Darryl               | Fairview         | Walnut Grove    |           214077 |  8781.380000000001 |             580.79 |           15143.82
 Acosta                         | Leona                | Spring Hill      | Pleasant Grove  |            16724 |           17329.24 |             633.09 | 34240.990000000005
 Acosta                         | Frederick            | Concord          | Pine Grove      |           150175 |           14487.33 |  777.0799999999999 |           32896.74
 Acosta                         | James                | Georgetown       | Marion          |           161414 |           27492.26 |            1090.78 |  77064.39000000001
 Acosta                         | Dorothy              | Greenville       | Jackson         |           215205 |           13260.91 |             518.33 | 28978.809999999998
 Adams                          | Billy                | Riverview        | Clearwater      |             6254 | 28485.940000000002 |            1474.91 |           47505.08
 Adams                          | Kati                 | Cedar Grove      | Jackson         |            44128 |           26867.63 |             909.02 |           55754.73
 Adams                          | Earl                 | Collinsville     | Rossville       |            64498 | 13088.800000000001 |             641.77 |           33546.48
 Adams                          | James                | Marion           | Lakeside        |           112549 | 20631.210000000003 | 365.40999999999997 |  45850.59000000001
 Adams                          | Debbie               | Summit           | Riverdale       |           132905 |           11274.52 |  531.3599999999999 | 35547.590000000004
 Adams                          | Warren               | Centerville      | Highland Park   |           154430 |           34002.06 | 1426.2900000000002 |           51333.84
 Adkins                         |                      | Sulphur Springs  | Antioch         |           128720 | 12684.080000000002 |  568.6700000000001 |           27999.19
 Adkins                         | Matthew              | Springfield      | Woodlawn        |           226018 |           11367.33 |  863.4699999999999 |           16403.19
 Ainsworth                      | James                | Kingston         | Buena Vista     |           156927 |           12400.14 | 110.54999999999998 |           34658.43
 Akers                          | Sylvia               | Woodland         | Mount Vernon    |            71123 |           21868.13 |             743.03 |           49045.57
 Akers                          | Harriett             | Antioch          | Highland Park   |           109389 |           23967.71 |             754.91 | 40442.850000000006
 Akers                          | Harriett             | Antioch          | Kingston        |           212353 |  34160.69000000001 | 1388.0799999999997 |           71793.69
 Akins                          | Sara                 | Friendship       | Shady Grove     |           173001 |           20909.37 |  728.3899999999999 |  40559.06999999999
 Albrecht                       | Michael              | Greenville       | Mountain View   |            88775 |           29379.65 | 1607.5499999999997 | 54996.600000000006
 Alford                         | John                 | Forest Hills     | Roscoe          |            15648 |           11517.26 |             367.14 | 36727.450000000004
 Alford                         | Rita                 | Riceville        | Springdale      |           153894 | 16079.149999999998 |  621.8600000000001 | 39130.840000000004
 Alger                          | Teresa               | Oak Hill         | White Oak       |            63025 |           17239.32 | 326.40999999999997 |           22584.61
 Allard                         | Lupe                 | Stringtown       | Greenfield      |            79813 | 25640.769999999997 |             300.97 |            40863.1
 Allen                          | Jonathan             | Glenville        | New Hope        |            43567 | 3767.0200000000004 |  74.44999999999999 |             9983.6
 Allen                          | Thaddeus             | Glenwood         | Pleasant Valley |            43938 |           18235.93 |             845.06 |            43608.9
 Allen                          | Alexandra            | Glenwood         | Liberty         |            52709 |           19052.67 |             550.55 | 40836.880000000005
 Allen                          | Janice               | Harmony          | Spring Valley   |            58165 |           15680.33 |             398.45 |           40870.76
 Allen                          | Joann                | Arlington        | Marion          |            63888 |           24279.13 |            1006.54 | 43895.880000000005
 Allen                          | Iva                  | Waterloo         | Highland Park   |           145327 |           18035.55 |             457.53 | 28472.800000000003
 Allen                          | Jackie               | Center Hill      | New Hope        |           210419 | 19962.899999999998 | 1061.3600000000001 |           27410.06
 Alvarado                       | Andrew               | Riverview        | Red Hill        |           132438 |            11676.5 |             269.48 |           22375.17
 Ames                           | Marcus               | Mount Vernon     | Springdale      |           107438 |           10467.96 |  733.5500000000001 |           44395.48
 Anders                         | Rick                 | Red Hill         | Belmont         |            98313 |  8723.629999999997 | 209.59000000000003 | 28166.239999999998
 Andersen                       | Michael              | Unionville       | Pine Grove      |           145639 |           37994.51 | 1532.2199999999996 |            55427.6
 Anderson                       | Richard              | Greenville       | Riverdale       |             9243 | 20067.080000000005 |             468.13 |           39764.13
 Anderson                       | Verna                | Riverview        | Centerville     |            11326 | 16325.679999999998 |             541.88 |           33029.35
 Anderson                       | Daniel               | Green Acres      | Fairbanks       |            27522 |           21548.45 |            1192.08 |  58289.72000000001
 Anderson                       | Debbie               | Holt             | Georgetown      |           107140 | 13808.390000000001 |  555.0799999999999 |           43945.26
 Anderson                       | Elizabeth            | Mount Olive      | Woodlawn        |           113222 |           10024.43 |             492.35 |           26009.57
 Anderson                       | Rachel               | Maple Grove      | Antioch         |           165105 | 14132.480000000001 |  854.4100000000001 | 37944.340000000004
 Anderson                       | Shelley              | Bunker Hill      | Spring Hill     |           194717 |           35928.51 | 1187.3300000000002 |           53012.14
 Anderson                       |                      | Spring Valley    | Gladstone       |           210994 |           19090.34 |             278.55 | 28723.230000000003
 Anderson                       | Joseph               | Hillcrest        | Mount Vernon    |           217552 | 15837.959999999997 |             620.99 |           46826.91
 Andrews                        | Marie                | Pleasant Valley  | Point Pleasant  |            24409 |            17501.2 |              934.7 | 31989.859999999993
 Andrews                        | Carmen               | Kingston         | Ashland         |            47826 |           22844.47 |            1158.56 |  42198.34000000001
 Aponte                         | Michael              | Ashland          | Union Hill      |           174598 |  5264.799999999999 |             158.15 |            9346.98
 Archibald                      | Susan                | Shore Acres      | Spring Hill     |           112344 |           19251.39 |             934.21 |           33377.95
 Armstead                       | Steve                | Shady Grove      | Valley View     |            36148 | 31218.760000000002 |            1530.84 |           52797.03
 Armstrong                      | Kyle                 | Colonial Heights | Lincoln         |             8189 |           19806.06 |            1328.65 | 26989.489999999998
 Armstrong                      | Amanda               | Woodville        | Fowler          |            79423 |           16615.54 |              697.8 |           32104.93
 Armstrong                      | Michael              | Farmington       | Lakeside        |           115333 | 30027.149999999994 | 1787.6899999999998 | 45055.969999999994
 Arnett                         | Dawn                 | Forest Hills     | Edgewood        |           132166 | 17745.809999999998 |             694.88 |            34609.5
 Arnold                         | Elsie                | Forest Hills     | Clinton         |            30511 |           14249.14 |             549.96 |           33980.62
 Arredondo                      | Shane                | Centerville      | Clinton         |            73553 |           10068.02 |             337.23 |           21441.81
 Arredondo                      | Kira                 | Springfield      | Mountain View   |           106711 | 31077.199999999993 | 1474.6299999999999 |  57905.55000000001
 Arroyo                         | Jane                 | Highland Park    | Salem           |           192609 |           19603.76 |  751.8300000000002 | 37624.619999999995
 Asbury                         |                      | Salem            | Stringtown      |             2495 |           15248.03 |             261.92 |           29057.07
 Ashcraft                       | Andy                 | Glenwood         | Sunnyside       |            36956 |  5742.679999999999 | 250.89000000000001 | 14020.740000000002
 Ashford                        | Patti                | Maple Grove      | Antioch         |           125386 |            27845.4 |            1435.67 | 51780.630000000005
 Atkinson                       | Kathy                | Rock Hill        | Highland Park   |           144556 |           20124.79 | 464.41999999999996 |           48500.95
 Austin                         | Lawrence             | Harmony          | Fisher          |            29790 |           19661.25 |             959.33 |           37413.42
 Austin                         | Lawrence             | Harmony          | Sulphur Springs |            42191 |           18233.69 |             694.37 | 27808.079999999998
 Austin                         | Donna                | Mount Pleasant   | Elizabeth       |            44585 | 20864.320000000003 |            1266.49 | 34113.990000000005
 Avalos                         | Alicia               | Watkins          | Red Oak         |            95667 |  8434.560000000001 | 477.21999999999997 | 17083.649999999998
 Ayala                          |                      | Sunnyside        | Newport         |            57733 |           36227.46 |            1906.42 |  53979.68000000001
 Ayala                          | Christopher          | Glendale         | Union City      |           218549 |           17165.25 |             434.27 | 61125.869999999995
 Ayers                          | Jonathon             | Florence         | Franklin        |            14093 |           22755.16 |             799.25 | 35955.549999999996
 Babcock                        | Harold               | Midway           | Macedonia       |            31955 |           21488.88 |             944.45 | 33387.149999999994
 Baez                           | Wanda                | Jamestown        | Springdale      |            30097 |            11747.8 |             394.63 | 26122.940000000002
 Baez                           | Alexander            | Little River     | Five Points     |            54358 |           11729.67 |             141.78 | 25109.059999999998
 Bailey                         | Patrick              | Sunnyside        | Lakeside        |           191524 |           23597.79 |  548.2800000000001 | 56137.520000000004
 Baird                          | Elizabeth            | Bridgeport       | Liberty         |            85256 |            9944.29 |  572.3199999999999 |           24340.36
 Baird                          | Dinah                | Green Acres      | Lakeview        |           201994 |           11263.35 |  810.6800000000001 | 28025.719999999998
 Baker                          | Joseph               | Oak Hill         | Riverdale       |            33534 |            9403.77 | 354.53000000000003 |           22014.95
 Baker                          | Melvin               | Five Forks       | Oakdale         |            53499 |           25402.07 |  915.7600000000001 |  44521.12000000001
 Baker                          | Elaine               | Flint            | Glenwood        |            67461 |           14899.14 |             378.03 |           34965.59
 Baker                          | Elizabeth            | Greenville       | Florence        |            71880 |           10587.76 |                518 |            35723.1
 Baker                          | Douglas              | Shelby           | Mountain View   |            89848 |            9738.02 |             212.88 |           21870.27
 Baker                          | Belva                | Walnut Grove     | Salem           |           142943 |            12311.1 |  620.9399999999999 | 30683.750000000004
 Baker                          |                      | Mountain View    | Lebanon         |           146399 | 31353.980000000003 |            1881.09 |            57356.3
 Baker                          | Dennis               | Denmark          | Five Points     |           181611 | 11907.810000000001 |             333.69 |            18402.9
 Baker                          | Holly                | Bridgeport       | Florence        |           186444 |  9745.630000000001 | 426.97999999999996 | 20675.210000000003
 Baker                          | Ronald               | Garrison         | Greenwood       |           193460 |           14664.84 |  742.0999999999999 |           44661.92
 Baker                          | Stanley              | Fairview         | Jackson         |           198887 |            8316.68 |             336.45 |           17048.97
 Baker                          | Beverly              | Glenwood         | Marion          |           206971 | 13618.800000000001 | 365.67999999999995 |           49429.77
 Baldwin                        | Rosa                 | Walnut Grove     | Oakland         |            45714 |           20238.94 | 391.59000000000003 | 25074.390000000003
 Ballard                        | Isaac                | Riverview        | Farmington      |            54372 |           17438.33 |             528.28 |           46634.49
 Ballard                        | Nancy                | Spring Hill      | Mount Olive     |           208776 |           31653.03 |            1613.66 | 58726.159999999996
 Banks                          | Michael              | Centerville      | Newport         |            31507 |           16366.68 |  780.6699999999998 | 31267.989999999998
 Banks                          | Alphonso             | Waterloo         | Jamestown       |            36475 |           26508.21 | 1404.6100000000001 |           49486.37
 Barber                         | Alvin                | Buena Vista      | Kingston        |           208833 |           19667.34 | 332.78999999999996 |           28985.38
 Bard                           | Joyce                | Gilmore          | Riverview       |            16809 |  8219.060000000001 |              199.4 |            24066.7
 Barker                         | Rose                 | Riverside        | Stringtown      |           153485 | 20549.979999999996 |             607.72 | 38613.009999999995
 Barnard                        | Karen                | Winfield         | Marion          |           173707 | 13987.749999999998 |             785.49 |           25314.69
 Barnes                         | Jo                   | New Hope         | Waterloo        |            22965 |           13099.76 |             586.06 | 26531.960000000003
 Barnes                         | William              | Oakwood          | Midway          |           119740 |           18486.99 |  330.4599999999999 |           47434.46
 Barnes                         | Robert               | Tracy            | Stringtown      |           200966 |           17311.46 |             782.26 | 43747.759999999995
(100 rows)

UPDATE time_statistics SET e_time = TRANSACTION_TIMESTAMP() WHERE template = 'query68.tpl' AND stream = 1;
psql:/tmp/s1-basline/throughput/query_1.sql:2312: NOTICE:  duration: 0.042 ms  plan:
Query Text: UPDATE time_statistics SET e_time = TRANSACTION_TIMESTAMP() WHERE template = 'query68.tpl' AND stream = 1;
Update on time_statistics  (cost=0.00..4.71 rows=0 width=0) (actual time=0.041..0.041 rows=0 loops=1)
  ->  Seq Scan on time_statistics  (cost=0.00..4.71 rows=1 width=14) (actual time=0.017..0.026 rows=1 loops=1)
        Filter: ((template = 'query68.tpl'::text) AND (stream = 1))
        Rows Removed by Filter: 124
UPDATE 1
LOAD 'auto_explain'; SET auto_explain.log_min_duration TO 0; SET auto_explain.log_analyze TO on; SET auto_explain.log_level TO notice; INSERT INTO time_statistics (template, s_time, stream, query, seed) VALUES ('query24.tpl', TRANSACTION_TIMESTAMP(), 1, 44, 117634077);
LOAD
SET
SET
SET
psql:/tmp/s1-basline/throughput/query_1.sql:2313: NOTICE:  duration: 0.009 ms  plan:
Query Text: INSERT INTO time_statistics (template, s_time, stream, query, seed) VALUES ('query24.tpl', TRANSACTION_TIMESTAMP(), 1, 44, 117634077);
Insert on time_statistics  (cost=0.00..0.01 rows=0 width=0) (actual time=0.008..0.008 rows=0 loops=1)
  ->  Result  (cost=0.00..0.01 rows=1 width=64) (actual time=0.001..0.002 rows=1 loops=1)
INSERT 0 1
with ssales as
(select c_last_name
      ,c_first_name
      ,s_store_name
      ,ca_state
      ,s_state
      ,i_color
      ,i_current_price
      ,i_manager_id
      ,i_units
      ,i_size
      ,sum(ss_net_paid_inc_tax) netpaid
from store_sales
    ,store_returns
    ,store
    ,item
    ,customer
    ,customer_address
where ss_ticket_number = sr_ticket_number
  and ss_item_sk = sr_item_sk
  and ss_customer_sk = c_customer_sk
  and ss_item_sk = i_item_sk
  and ss_store_sk = s_store_sk
  and c_current_addr_sk = ca_address_sk
  and c_birth_country <> upper(ca_country)
  and s_zip = ca_zip
and s_market_id=8
group by c_last_name
        ,c_first_name
        ,s_store_name
        ,ca_state
        ,s_state
        ,i_color
        ,i_current_price
        ,i_manager_id
        ,i_units
        ,i_size)
select c_last_name
      ,c_first_name
      ,s_store_name
      ,sum(netpaid) paid
from ssales
where i_color = 'burlywood'
group by c_last_name
        ,c_first_name
        ,s_store_name
having sum(netpaid) > (select 0.05*avg(netpaid)
                                 from ssales)
order by c_last_name
        ,c_first_name
        ,s_store_name
;
psql:/tmp/s1-basline/throughput/query_1.sql:2365: NOTICE:  duration: 8.700 ms  plan:
Query Text: with ssales as
(select c_last_name
      ,c_first_name
      ,s_store_name
      ,ca_state
      ,s_state
      ,i_color
      ,i_current_price
      ,i_manager_id
      ,i_units
      ,i_size
      ,sum(ss_net_paid_inc_tax) netpaid
from store_sales
    ,store_returns
    ,store
    ,item
    ,customer
    ,customer_address
where ss_ticket_number = sr_ticket_number
  and ss_item_sk = sr_item_sk
  and ss_customer_sk = c_customer_sk
  and ss_item_sk = i_item_sk
  and ss_store_sk = s_store_sk
  and c_current_addr_sk = ca_address_sk
  and c_birth_country <> upper(ca_country)
  and s_zip = ca_zip
and s_market_id=8
group by c_last_name
        ,c_first_name
        ,s_store_name
        ,ca_state
        ,s_state
        ,i_color
        ,i_current_price
        ,i_manager_id
        ,i_units
        ,i_size)
select c_last_name
      ,c_first_name
      ,s_store_name
      ,sum(netpaid) paid
from ssales
where i_color = 'burlywood'
group by c_last_name
        ,c_first_name
        ,s_store_name
having sum(netpaid) > (select 0.05*avg(netpaid)
                                 from ssales)
order by c_last_name
        ,c_first_name
        ,s_store_name
;
GroupAggregate  (cost=97266.45..97266.48 rows=1 width=334) (actual time=5.995..8.698 rows=0 loops=1)
  Group Key: ssales.c_last_name, ssales.c_first_name, ssales.s_store_name
  Filter: (sum(ssales.netpaid) > $6)
  CTE ssales
    ->  GroupAggregate  (cost=97266.34..97266.38 rows=1 width=136) (actual time=5.990..8.693 rows=0 loops=1)
          Group Key: customer.c_last_name, customer.c_first_name, store.s_store_name, customer_address.ca_state, store.s_state, item.i_color, item.i_current_price, item.i_manager_id, item.i_units, item.i_size
          ->  Sort  (cost=97266.34..97266.35 rows=1 width=136) (actual time=5.990..8.692 rows=0 loops=1)
                Sort Key: customer.c_last_name, customer.c_first_name, store.s_store_name, customer_address.ca_state, store.s_state, item.i_color, item.i_current_price, item.i_manager_id, item.i_units, item.i_size
                Sort Method: quicksort  Memory: 25kB
                ->  Nested Loop  (cost=91762.87..97266.33 rows=1 width=136) (actual time=5.984..8.687 rows=0 loops=1)
                      ->  Gather  (cost=91762.58..97266.03 rows=1 width=87) (actual time=5.984..8.686 rows=0 loops=1)
                            Workers Planned: 1
                            Workers Launched: 1
                            ->  Nested Loop  (cost=90762.58..96265.93 rows=1 width=87) (actual time=1.207..1.208 rows=0 loops=2)
                                  Join Filter: (store.s_zip = customer_address.ca_zip)
                                  ->  Nested Loop  (cost=90762.29..96260.50 rows=16 width=112) (actual time=1.206..1.208 rows=0 loops=2)
                                        ->  Parallel Hash Join  (cost=90762.00..96255.21 rows=17 width=51) (actual time=1.206..1.208 rows=0 loops=2)
                                              Hash Cond: ((store_returns.sr_ticket_number = store_sales.ss_ticket_number) AND (store_returns.sr_item_sk = store_sales.ss_item_sk))
                                              ->  Parallel Index Only Scan using pk_store_returns on store_returns  (cost=0.42..4226.63 rows=168925 width=16) (never executed)
                                                    Heap Fetches: 0
                                              ->  Parallel Hash  (cost=89332.39..89332.39 rows=95279 width=51) (actual time=0.013..0.014 rows=0 loops=2)
                                                    Buckets: 262144  Batches: 1  Memory Usage: 0kB
                                                    ->  Hash Join  (cost=1.16..89332.39 rows=95279 width=51) (actual time=0.011..0.012 rows=0 loops=1)
                                                          Hash Cond: (store_sales.ss_store_sk = store.s_store_sk)
                                                          ->  Parallel Seq Scan on store_sales  (cost=0.00..85123.48 rows=1199148 width=40) (actual time=0.003..0.003 rows=1 loops=1)
                                                          ->  Hash  (cost=1.15..1.15 rows=1 width=27) (actual time=0.005..0.005 rows=0 loops=1)
                                                                Buckets: 1024  Batches: 1  Memory Usage: 8kB
                                                                ->  Seq Scan on store  (cost=0.00..1.15 rows=1 width=27) (actual time=0.005..0.005 rows=0 loops=1)
                                                                      Filter: (s_market_id = 8)
                                                                      Rows Removed by Filter: 12
                                        ->  Index Scan using pk_customer on customer  (cost=0.29..0.31 rows=1 width=77) (never executed)
                                              Index Cond: (c_customer_sk = store_sales.ss_customer_sk)
                                  ->  Index Scan using pk_customer_address on customer_address  (cost=0.29..0.33 rows=1 width=36) (never executed)
                                        Index Cond: (ca_address_sk = customer.c_current_addr_sk)
                                        Filter: ((customer.c_birth_country)::text <> upper((ca_country)::text))
                      ->  Index Scan using pk_item on item  (cost=0.29..0.31 rows=1 width=73) (never executed)
                            Index Cond: (i_item_sk = store_sales.ss_item_sk)
  InitPlan 2 (returns $6)
    ->  Aggregate  (cost=0.02..0.04 rows=1 width=8) (never executed)
          ->  CTE Scan on ssales ssales_1  (cost=0.00..0.02 rows=1 width=8) (never executed)
  ->  Sort  (cost=0.03..0.04 rows=1 width=334) (actual time=5.995..5.995 rows=0 loops=1)
        Sort Key: ssales.c_last_name, ssales.c_first_name, ssales.s_store_name
        Sort Method: quicksort  Memory: 25kB
        ->  CTE Scan on ssales  (cost=0.00..0.02 rows=1 width=334) (actual time=5.990..5.990 rows=0 loops=1)
              Filter: (i_color = 'burlywood'::bpchar)
 c_last_name | c_first_name | s_store_name | paid 
-------------+--------------+--------------+------
(0 rows)

with ssales as
(select c_last_name
      ,c_first_name
      ,s_store_name
      ,ca_state
      ,s_state
      ,i_color
      ,i_current_price
      ,i_manager_id
      ,i_units
      ,i_size
      ,sum(ss_net_paid_inc_tax) netpaid
from store_sales
    ,store_returns
    ,store
    ,item
    ,customer
    ,customer_address
where ss_ticket_number = sr_ticket_number
  and ss_item_sk = sr_item_sk
  and ss_customer_sk = c_customer_sk
  and ss_item_sk = i_item_sk
  and ss_store_sk = s_store_sk
  and c_current_addr_sk = ca_address_sk
  and c_birth_country <> upper(ca_country)
  and s_zip = ca_zip
  and s_market_id = 8
group by c_last_name
        ,c_first_name
        ,s_store_name
        ,ca_state
        ,s_state
        ,i_color
        ,i_current_price
        ,i_manager_id
        ,i_units
        ,i_size)
select c_last_name
      ,c_first_name
      ,s_store_name
      ,sum(netpaid) paid
from ssales
where i_color = 'slate'
group by c_last_name
        ,c_first_name
        ,s_store_name
having sum(netpaid) > (select 0.05*avg(netpaid)
                           from ssales)
order by c_last_name
        ,c_first_name
        ,s_store_name
;
psql:/tmp/s1-basline/throughput/query_1.sql:2417: NOTICE:  duration: 8.294 ms  plan:
Query Text: with ssales as
(select c_last_name
      ,c_first_name
      ,s_store_name
      ,ca_state
      ,s_state
      ,i_color
      ,i_current_price
      ,i_manager_id
      ,i_units
      ,i_size
      ,sum(ss_net_paid_inc_tax) netpaid
from store_sales
    ,store_returns
    ,store
    ,item
    ,customer
    ,customer_address
where ss_ticket_number = sr_ticket_number
  and ss_item_sk = sr_item_sk
  and ss_customer_sk = c_customer_sk
  and ss_item_sk = i_item_sk
  and ss_store_sk = s_store_sk
  and c_current_addr_sk = ca_address_sk
  and c_birth_country <> upper(ca_country)
  and s_zip = ca_zip
  and s_market_id = 8
group by c_last_name
        ,c_first_name
        ,s_store_name
        ,ca_state
        ,s_state
        ,i_color
        ,i_current_price
        ,i_manager_id
        ,i_units
        ,i_size)
select c_last_name
      ,c_first_name
      ,s_store_name
      ,sum(netpaid) paid
from ssales
where i_color = 'slate'
group by c_last_name
        ,c_first_name
        ,s_store_name
having sum(netpaid) > (select 0.05*avg(netpaid)
                           from ssales)
order by c_last_name
        ,c_first_name
        ,s_store_name
;
GroupAggregate  (cost=97266.45..97266.48 rows=1 width=334) (actual time=5.660..8.293 rows=0 loops=1)
  Group Key: ssales.c_last_name, ssales.c_first_name, ssales.s_store_name
  Filter: (sum(ssales.netpaid) > $6)
  CTE ssales
    ->  GroupAggregate  (cost=97266.34..97266.38 rows=1 width=136) (actual time=5.657..8.289 rows=0 loops=1)
          Group Key: customer.c_last_name, customer.c_first_name, store.s_store_name, customer_address.ca_state, store.s_state, item.i_color, item.i_current_price, item.i_manager_id, item.i_units, item.i_size
          ->  Sort  (cost=97266.34..97266.35 rows=1 width=136) (actual time=5.656..8.288 rows=0 loops=1)
                Sort Key: customer.c_last_name, customer.c_first_name, store.s_store_name, customer_address.ca_state, store.s_state, item.i_color, item.i_current_price, item.i_manager_id, item.i_units, item.i_size
                Sort Method: quicksort  Memory: 25kB
                ->  Nested Loop  (cost=91762.87..97266.33 rows=1 width=136) (actual time=5.653..8.285 rows=0 loops=1)
                      ->  Gather  (cost=91762.58..97266.03 rows=1 width=87) (actual time=5.653..8.284 rows=0 loops=1)
                            Workers Planned: 1
                            Workers Launched: 1
                            ->  Nested Loop  (cost=90762.58..96265.93 rows=1 width=87) (actual time=1.040..1.041 rows=0 loops=2)
                                  Join Filter: (store.s_zip = customer_address.ca_zip)
                                  ->  Nested Loop  (cost=90762.29..96260.50 rows=16 width=112) (actual time=1.039..1.040 rows=0 loops=2)
                                        ->  Parallel Hash Join  (cost=90762.00..96255.21 rows=17 width=51) (actual time=1.039..1.040 rows=0 loops=2)
                                              Hash Cond: ((store_returns.sr_ticket_number = store_sales.ss_ticket_number) AND (store_returns.sr_item_sk = store_sales.ss_item_sk))
                                              ->  Parallel Index Only Scan using pk_store_returns on store_returns  (cost=0.42..4226.63 rows=168925 width=16) (never executed)
                                                    Heap Fetches: 0
                                              ->  Parallel Hash  (cost=89332.39..89332.39 rows=95279 width=51) (actual time=0.011..0.012 rows=0 loops=2)
                                                    Buckets: 262144  Batches: 1  Memory Usage: 0kB
                                                    ->  Hash Join  (cost=1.16..89332.39 rows=95279 width=51) (actual time=0.007..0.008 rows=0 loops=1)
                                                          Hash Cond: (store_sales.ss_store_sk = store.s_store_sk)
                                                          ->  Parallel Seq Scan on store_sales  (cost=0.00..85123.48 rows=1199148 width=40) (actual time=0.002..0.002 rows=1 loops=1)
                                                          ->  Hash  (cost=1.15..1.15 rows=1 width=27) (actual time=0.004..0.004 rows=0 loops=1)
                                                                Buckets: 1024  Batches: 1  Memory Usage: 8kB
                                                                ->  Seq Scan on store  (cost=0.00..1.15 rows=1 width=27) (actual time=0.004..0.004 rows=0 loops=1)
                                                                      Filter: (s_market_id = 8)
                                                                      Rows Removed by Filter: 12
                                        ->  Index Scan using pk_customer on customer  (cost=0.29..0.31 rows=1 width=77) (never executed)
                                              Index Cond: (c_customer_sk = store_sales.ss_customer_sk)
                                  ->  Index Scan using pk_customer_address on customer_address  (cost=0.29..0.33 rows=1 width=36) (never executed)
                                        Index Cond: (ca_address_sk = customer.c_current_addr_sk)
                                        Filter: ((customer.c_birth_country)::text <> upper((ca_country)::text))
                      ->  Index Scan using pk_item on item  (cost=0.29..0.31 rows=1 width=73) (never executed)
                            Index Cond: (i_item_sk = store_sales.ss_item_sk)
  InitPlan 2 (returns $6)
    ->  Aggregate  (cost=0.02..0.04 rows=1 width=8) (never executed)
          ->  CTE Scan on ssales ssales_1  (cost=0.00..0.02 rows=1 width=8) (never executed)
  ->  Sort  (cost=0.03..0.04 rows=1 width=334) (actual time=5.660..5.660 rows=0 loops=1)
        Sort Key: ssales.c_last_name, ssales.c_first_name, ssales.s_store_name
        Sort Method: quicksort  Memory: 25kB
        ->  CTE Scan on ssales  (cost=0.00..0.02 rows=1 width=334) (actual time=5.657..5.657 rows=0 loops=1)
              Filter: (i_color = 'slate'::bpchar)
 c_last_name | c_first_name | s_store_name | paid 
-------------+--------------+--------------+------
(0 rows)

UPDATE time_statistics SET e_time = TRANSACTION_TIMESTAMP() WHERE template = 'query24.tpl' AND stream = 1;
psql:/tmp/s1-basline/throughput/query_1.sql:2419: NOTICE:  duration: 0.030 ms  plan:
Query Text: UPDATE time_statistics SET e_time = TRANSACTION_TIMESTAMP() WHERE template = 'query24.tpl' AND stream = 1;
Update on time_statistics  (cost=0.00..4.71 rows=0 width=0) (actual time=0.029..0.029 rows=0 loops=1)
  ->  Seq Scan on time_statistics  (cost=0.00..4.71 rows=1 width=14) (actual time=0.012..0.020 rows=1 loops=1)
        Filter: ((template = 'query24.tpl'::text) AND (stream = 1))
        Rows Removed by Filter: 125
UPDATE 1
LOAD 'auto_explain'; SET auto_explain.log_min_duration TO 0; SET auto_explain.log_analyze TO on; SET auto_explain.log_level TO notice; INSERT INTO time_statistics (template, s_time, stream, query, seed) VALUES ('query75.tpl', TRANSACTION_TIMESTAMP(), 1, 45, 641760251);
LOAD
SET
SET
SET
psql:/tmp/s1-basline/throughput/query_1.sql:2420: NOTICE:  duration: 0.008 ms  plan:
Query Text: INSERT INTO time_statistics (template, s_time, stream, query, seed) VALUES ('query75.tpl', TRANSACTION_TIMESTAMP(), 1, 45, 641760251);
Insert on time_statistics  (cost=0.00..0.01 rows=0 width=0) (actual time=0.008..0.008 rows=0 loops=1)
  ->  Result  (cost=0.00..0.01 rows=1 width=64) (actual time=0.001..0.001 rows=1 loops=1)
INSERT 0 1
WITH all_sales AS (
 SELECT d_year
       ,i_brand_id
       ,i_class_id
       ,i_category_id
       ,i_manufact_id
       ,SUM(sales_cnt) AS sales_cnt
       ,SUM(sales_amt) AS sales_amt
 FROM (SELECT d_year
             ,i_brand_id
             ,i_class_id
             ,i_category_id
             ,i_manufact_id
             ,cs_quantity - COALESCE(cr_return_quantity,0) AS sales_cnt
             ,cs_ext_sales_price - COALESCE(cr_return_amount,0.0) AS sales_amt
       FROM catalog_sales JOIN item ON i_item_sk=cs_item_sk
                          JOIN date_dim ON d_date_sk=cs_sold_date_sk
                          LEFT JOIN catalog_returns ON (cs_order_number=cr_order_number 
                                                    AND cs_item_sk=cr_item_sk)
       WHERE i_category='Men'
       UNION
       SELECT d_year
             ,i_brand_id
             ,i_class_id
             ,i_category_id
             ,i_manufact_id
             ,ss_quantity - COALESCE(sr_return_quantity,0) AS sales_cnt
             ,ss_ext_sales_price - COALESCE(sr_return_amt,0.0) AS sales_amt
       FROM store_sales JOIN item ON i_item_sk=ss_item_sk
                        JOIN date_dim ON d_date_sk=ss_sold_date_sk
                        LEFT JOIN store_returns ON (ss_ticket_number=sr_ticket_number 
                                                AND ss_item_sk=sr_item_sk)
       WHERE i_category='Men'
       UNION
       SELECT d_year
             ,i_brand_id
             ,i_class_id
             ,i_category_id
             ,i_manufact_id
             ,ws_quantity - COALESCE(wr_return_quantity,0) AS sales_cnt
             ,ws_ext_sales_price - COALESCE(wr_return_amt,0.0) AS sales_amt
       FROM web_sales JOIN item ON i_item_sk=ws_item_sk
                      JOIN date_dim ON d_date_sk=ws_sold_date_sk
                      LEFT JOIN web_returns ON (ws_order_number=wr_order_number 
                                            AND ws_item_sk=wr_item_sk)
       WHERE i_category='Men') sales_detail
 GROUP BY d_year, i_brand_id, i_class_id, i_category_id, i_manufact_id)
 SELECT  prev_yr.d_year AS prev_year
                          ,curr_yr.d_year AS year
                          ,curr_yr.i_brand_id
                          ,curr_yr.i_class_id
                          ,curr_yr.i_category_id
                          ,curr_yr.i_manufact_id
                          ,prev_yr.sales_cnt AS prev_yr_cnt
                          ,curr_yr.sales_cnt AS curr_yr_cnt
                          ,curr_yr.sales_cnt-prev_yr.sales_cnt AS sales_cnt_diff
                          ,curr_yr.sales_amt-prev_yr.sales_amt AS sales_amt_diff
 FROM all_sales curr_yr, all_sales prev_yr
 WHERE curr_yr.i_brand_id=prev_yr.i_brand_id
   AND curr_yr.i_class_id=prev_yr.i_class_id
   AND curr_yr.i_category_id=prev_yr.i_category_id
   AND curr_yr.i_manufact_id=prev_yr.i_manufact_id
   AND curr_yr.d_year=2002
   AND prev_yr.d_year=2002-1
   AND CAST(curr_yr.sales_cnt AS DECIMAL(17,2))/CAST(prev_yr.sales_cnt AS DECIMAL(17,2))<0.9
 ORDER BY sales_cnt_diff,sales_amt_diff
 limit 100;
psql:/tmp/s1-basline/throughput/query_1.sql:2487: NOTICE:  duration: 1630.479 ms  plan:
Query Text: WITH all_sales AS (
 SELECT d_year
       ,i_brand_id
       ,i_class_id
       ,i_category_id
       ,i_manufact_id
       ,SUM(sales_cnt) AS sales_cnt
       ,SUM(sales_amt) AS sales_amt
 FROM (SELECT d_year
             ,i_brand_id
             ,i_class_id
             ,i_category_id
             ,i_manufact_id
             ,cs_quantity - COALESCE(cr_return_quantity,0) AS sales_cnt
             ,cs_ext_sales_price - COALESCE(cr_return_amount,0.0) AS sales_amt
       FROM catalog_sales JOIN item ON i_item_sk=cs_item_sk
                          JOIN date_dim ON d_date_sk=cs_sold_date_sk
                          LEFT JOIN catalog_returns ON (cs_order_number=cr_order_number 
                                                    AND cs_item_sk=cr_item_sk)
       WHERE i_category='Men'
       UNION
       SELECT d_year
             ,i_brand_id
             ,i_class_id
             ,i_category_id
             ,i_manufact_id
             ,ss_quantity - COALESCE(sr_return_quantity,0) AS sales_cnt
             ,ss_ext_sales_price - COALESCE(sr_return_amt,0.0) AS sales_amt
       FROM store_sales JOIN item ON i_item_sk=ss_item_sk
                        JOIN date_dim ON d_date_sk=ss_sold_date_sk
                        LEFT JOIN store_returns ON (ss_ticket_number=sr_ticket_number 
                                                AND ss_item_sk=sr_item_sk)
       WHERE i_category='Men'
       UNION
       SELECT d_year
             ,i_brand_id
             ,i_class_id
             ,i_category_id
             ,i_manufact_id
             ,ws_quantity - COALESCE(wr_return_quantity,0) AS sales_cnt
             ,ws_ext_sales_price - COALESCE(wr_return_amt,0.0) AS sales_amt
       FROM web_sales JOIN item ON i_item_sk=ws_item_sk
                      JOIN date_dim ON d_date_sk=ws_sold_date_sk
                      LEFT JOIN web_returns ON (ws_order_number=wr_order_number 
                                            AND ws_item_sk=wr_item_sk)
       WHERE i_category='Men') sales_detail
 GROUP BY d_year, i_brand_id, i_class_id, i_category_id, i_manufact_id)
 SELECT  prev_yr.d_year AS prev_year
                          ,curr_yr.d_year AS year
                          ,curr_yr.i_brand_id
                          ,curr_yr.i_class_id
                          ,curr_yr.i_category_id
                          ,curr_yr.i_manufact_id
                          ,prev_yr.sales_cnt AS prev_yr_cnt
                          ,curr_yr.sales_cnt AS curr_yr_cnt
                          ,curr_yr.sales_cnt-prev_yr.sales_cnt AS sales_cnt_diff
                          ,curr_yr.sales_amt-prev_yr.sales_amt AS sales_amt_diff
 FROM all_sales curr_yr, all_sales prev_yr
 WHERE curr_yr.i_brand_id=prev_yr.i_brand_id
   AND curr_yr.i_class_id=prev_yr.i_class_id
   AND curr_yr.i_category_id=prev_yr.i_category_id
   AND curr_yr.i_manufact_id=prev_yr.i_manufact_id
   AND curr_yr.d_year=2002
   AND prev_yr.d_year=2002-1
   AND CAST(curr_yr.sales_cnt AS DECIMAL(17,2))/CAST(prev_yr.sales_cnt AS DECIMAL(17,2))<0.9
 ORDER BY sales_cnt_diff,sales_amt_diff
 limit 100;
Limit  (cost=296051.19..296051.20 rows=1 width=56) (actual time=1630.370..1630.393 rows=100 loops=1)
  CTE all_sales
    ->  HashAggregate  (cost=293340.82..293826.98 rows=48616 width=36) (actual time=1626.971..1627.956 rows=4877 loops=1)
          Group Key: date_dim.d_year, item.i_brand_id, item.i_class_id, item.i_category_id, item.i_manufact_id
          Batches: 1  Memory Usage: 2577kB
          ->  HashAggregate  (cost=268462.90..279971.31 rows=486164 width=32) (actual time=1348.079..1508.375 rows=479171 loops=1)
                Group Key: date_dim.d_year, item.i_brand_id, item.i_class_id, item.i_category_id, item.i_manufact_id, ((catalog_sales.cs_quantity - COALESCE(catalog_returns.cr_return_quantity, 0))), ((catalog_sales.cs_ext_sales_price - COALESCE(catalog_returns.cr_return_amount, '0'::double precision)))
                Planned Partitions: 4  Batches: 5  Memory Usage: 32817kB  Disk Usage: 11944kB
                ->  Append  (cost=7927.40..242920.30 rows=486164 width=32) (actual time=59.534..1127.095 rows=480919 loops=1)
                      ->  Nested Loop  (cost=7927.40..80354.91 rows=141974 width=32) (actual time=59.533..332.122 rows=140515 loops=1)
                            ->  Hash Left Join  (cost=7927.10..75504.73 rows=142821 width=48) (actual time=59.500..272.286 rows=141185 loops=1)
                                  Hash Cond: ((catalog_sales.cs_order_number = catalog_returns.cr_order_number) AND (catalog_sales.cs_item_sk = catalog_returns.cr_item_sk))
                                  ->  Nested Loop  (cost=0.43..66828.24 rows=142821 width=52) (actual time=0.031..171.399 rows=141185 loops=1)
                                        ->  Seq Scan on item  (cost=0.00..1481.00 rows=1786 width=24) (actual time=0.019..8.256 rows=1786 loops=1)
                                              Filter: (i_category = 'Men'::bpchar)
                                              Rows Removed by Filter: 16214
                                        ->  Index Scan using pk_catalog_sales on catalog_sales  (cost=0.43..35.71 rows=88 width=36) (actual time=0.004..0.077 rows=79 loops=1786)
                                              Index Cond: (cs_item_sk = item.i_item_sk)
                                  ->  Hash  (cost=5762.07..5762.07 rows=144307 width=28) (actual time=58.391..58.392 rows=144307 loops=1)
                                        Buckets: 262144  Batches: 1  Memory Usage: 11023kB
                                        ->  Seq Scan on catalog_returns  (cost=0.00..5762.07 rows=144307 width=28) (actual time=0.004..30.192 rows=144307 loops=1)
                            ->  Memoize  (cost=0.30..0.32 rows=1 width=12) (actual time=0.000..0.000 rows=1 loops=141185)
                                  Cache Key: catalog_sales.cs_sold_date_sk
                                  Cache Mode: logical
                                  Hits: 139354  Misses: 1831  Evictions: 0  Overflows: 0  Memory Usage: 215kB
                                  ->  Index Scan using pk_date_dim on date_dim  (cost=0.29..0.31 rows=1 width=12) (actual time=0.001..0.001 rows=1 loops=1831)
                                        Index Cond: (d_date_sk = catalog_sales.cs_sold_date_sk)
                      ->  Hash Left Join  (cost=16750.33..113339.04 rows=272812 width=32) (actual time=129.775..601.172 rows=269595 loops=1)
                            Hash Cond: ((store_sales.ss_ticket_number = store_returns.sr_ticket_number) AND (store_sales.ss_item_sk = store_returns.sr_item_sk))
                            ->  Hash Join  (cost=3049.03..96841.41 rows=272812 width=48) (actual time=20.984..401.267 rows=269595 loops=1)
                                  Hash Cond: (store_sales.ss_sold_date_sk = date_dim_1.d_date_sk)
                                  ->  Nested Loop  (cost=0.43..93043.18 rows=285557 width=52) (actual time=0.035..326.564 rows=282344 loops=1)
                                        ->  Seq Scan on item item_1  (cost=0.00..1481.00 rows=1786 width=24) (actual time=0.018..8.571 rows=1786 loops=1)
                                              Filter: (i_category = 'Men'::bpchar)
                                              Rows Removed by Filter: 16214
                                        ->  Index Scan using pk_store_sales on store_sales  (cost=0.43..49.53 rows=174 width=36) (actual time=0.005..0.151 rows=158 loops=1786)
                                              Index Cond: (ss_item_sk = item_1.i_item_sk)
                                  ->  Hash  (cost=2135.49..2135.49 rows=73049 width=12) (actual time=20.428..20.429 rows=73049 loops=1)
                                        Buckets: 131072  Batches: 1  Memory Usage: 4449kB
                                        ->  Seq Scan on date_dim date_dim_1  (cost=0.00..2135.49 rows=73049 width=12) (actual time=0.003..9.730 rows=73049 loops=1)
                            ->  Hash  (cost=9393.72..9393.72 rows=287172 width=28) (actual time=107.517..107.517 rows=287172 loops=1)
                                  Buckets: 524288  Batches: 1  Memory Usage: 21888kB
                                  ->  Seq Scan on store_returns  (cost=0.00..9393.72 rows=287172 width=28) (actual time=0.006..48.245 rows=287172 loops=1)
                      ->  Hash Left Join  (cost=3688.10..41933.89 rows=71378 width=32) (actual time=25.753..164.557 rows=70809 loops=1)
                            Hash Cond: ((web_sales.ws_order_number = web_returns.wr_order_number) AND (web_sales.ws_item_sk = web_returns.wr_item_sk))
                            ->  Nested Loop  (cost=0.73..37514.89 rows=71378 width=48) (actual time=0.039..119.225 rows=70809 loops=1)
                                  ->  Nested Loop  (cost=0.42..35160.98 rows=71388 width=52) (actual time=0.027..89.803 rows=70823 loops=1)
                                        ->  Seq Scan on item item_2  (cost=0.00..1481.00 rows=1786 width=24) (actual time=0.016..7.985 rows=1786 loops=1)
                                              Filter: (i_category = 'Men'::bpchar)
                                              Rows Removed by Filter: 16214
                                        ->  Index Scan using pk_web_sales on web_sales  (cost=0.42..18.42 rows=44 width=36) (actual time=0.004..0.038 rows=40 loops=1786)
                                              Index Cond: (ws_item_sk = item_2.i_item_sk)
                                  ->  Memoize  (cost=0.30..0.32 rows=1 width=12) (actual time=0.000..0.000 rows=1 loops=70823)
                                        Cache Key: web_sales.ws_sold_date_sk
                                        Cache Mode: logical
                                        Hits: 68999  Misses: 1824  Evictions: 0  Overflows: 0  Memory Usage: 214kB
                                        ->  Index Scan using pk_date_dim on date_dim date_dim_2  (cost=0.29..0.31 rows=1 width=12) (actual time=0.001..0.001 rows=1 loops=1824)
                                              Index Cond: (d_date_sk = web_sales.ws_sold_date_sk)
                            ->  Hash  (cost=2610.15..2610.15 rows=71815 width=28) (actual time=25.632..25.633 rows=71815 loops=1)
                                  Buckets: 131072  Batches: 1  Memory Usage: 5462kB
                                  ->  Seq Scan on web_returns  (cost=0.00..2610.15 rows=71815 width=28) (actual time=0.004..12.458 rows=71815 loops=1)
  ->  Sort  (cost=2224.21..2224.22 rows=1 width=56) (actual time=1630.369..1630.373 rows=100 loops=1)
        Sort Key: ((curr_yr.sales_cnt - prev_yr.sales_cnt)), ((curr_yr.sales_amt - prev_yr.sales_amt))
        Sort Method: quicksort  Memory: 47kB
        ->  Hash Join  (cost=1098.72..2224.20 rows=1 width=56) (actual time=1629.596..1630.324 rows=159 loops=1)
              Hash Cond: ((curr_yr.i_brand_id = prev_yr.i_brand_id) AND (curr_yr.i_class_id = prev_yr.i_class_id) AND (curr_yr.i_category_id = prev_yr.i_category_id) AND (curr_yr.i_manufact_id = prev_yr.i_manufact_id))
              Join Filter: (((curr_yr.sales_cnt)::numeric(17,2) / (prev_yr.sales_cnt)::numeric(17,2)) < 0.9)
              Rows Removed by Join Filter: 396
              ->  CTE Scan on all_sales curr_yr  (cost=0.00..1093.86 rows=243 width=36) (actual time=1626.978..1627.326 rows=851 loops=1)
                    Filter: (d_year = 2002)
                    Rows Removed by Filter: 4026
              ->  Hash  (cost=1093.86..1093.86 rows=243 width=36) (actual time=2.596..2.596 rows=824 loops=1)
                    Buckets: 1024  Batches: 1  Memory Usage: 66kB
                    ->  CTE Scan on all_sales prev_yr  (cost=0.00..1093.86 rows=243 width=36) (actual time=0.001..2.426 rows=825 loops=1)
                          Filter: (d_year = 2001)
                          Rows Removed by Filter: 4052
 prev_year | year | i_brand_id | i_class_id | i_category_id | i_manufact_id | prev_yr_cnt | curr_yr_cnt | sales_cnt_diff |   sales_amt_diff    
-----------+------+------------+------------+---------------+---------------+-------------+-------------+----------------+---------------------
      2001 | 2002 |    2004002 |          4 |             2 |           202 |       11759 |        4965 |          -6794 | -282864.80000000005
      2001 | 2002 |    2002002 |          2 |             2 |           232 |       11199 |        4621 |          -6578 | -331501.04000000004
      2001 | 2002 |    2001002 |          1 |             2 |           266 |       11179 |        5220 |          -5959 |           -267255.4
      2001 | 2002 |    2002002 |          2 |             2 |           297 |       11056 |        6159 |          -4897 | -250333.43999999997
      2001 | 2002 |    2002002 |          2 |             2 |           244 |       10397 |        5753 |          -4644 |  -241391.6300000001
      2001 | 2002 |    2003002 |          3 |             2 |           777 |        9530 |        5195 |          -4335 | -201199.83999999982
      2001 | 2002 |    2004002 |          4 |             2 |            31 |        9497 |        5457 |          -4040 |  -188813.3400000002
      2001 | 2002 |    2004002 |          4 |             2 |           495 |        9704 |        5991 |          -3713 | -105758.83000000019
      2001 | 2002 |    2001002 |          2 |             2 |           334 |        6490 |        3966 |          -2524 | -137212.39000000016
      2001 | 2002 |    2001002 |          1 |             2 |           406 |        6047 |        3749 |          -2298 |  -84080.09000000003
      2001 | 2002 |    2001002 |          1 |             2 |           299 |        6153 |        4079 |          -2074 | -46271.590000000055
      2001 | 2002 |    6004005 |          4 |             2 |           959 |        6067 |        4003 |          -2064 |  -62221.53000000006
      2001 | 2002 |    2004002 |          4 |             2 |           171 |        6891 |        4836 |          -2055 |  -95212.12000000032
      2001 | 2002 |    2003002 |          3 |             2 |           178 |       10828 |        8783 |          -2045 | -139801.03000000014
      2001 | 2002 |    2002001 |          4 |             2 |           247 |        5783 |        3769 |          -2014 | -111242.63000000009
      2001 | 2002 |    3003001 |          3 |             2 |             5 |        6699 |        4739 |          -1960 | -120006.44000000003
      2001 | 2002 |    2003002 |          3 |             2 |           995 |        6633 |        4716 |          -1917 | -117162.99000000002
      2001 | 2002 |    2002002 |          2 |             2 |           183 |       11622 |        9756 |          -1866 |  -98117.83999999991
      2001 | 2002 |    9004003 |          4 |             2 |            18 |        6098 |        4254 |          -1844 |  -87378.70000000004
      2001 | 2002 |    2001002 |          1 |             2 |           314 |       11435 |        9625 |          -1810 | -105553.07000000012
      2001 | 2002 |    4004001 |          2 |             2 |           880 |        5865 |        4077 |          -1788 | -22722.639999999927
      2001 | 2002 |    2002002 |          2 |             2 |           458 |        5327 |        3561 |          -1766 |  -11031.47000000003
      2001 | 2002 |    2004002 |          4 |             2 |           115 |       12002 |       10251 |          -1751 |  -91865.00000000064
      2001 | 2002 |    2002002 |          2 |             2 |           197 |        6336 |        4611 |          -1725 | -24742.800000000047
      2001 | 2002 |    2004002 |          4 |             2 |           111 |        5373 |        3652 |          -1721 | -59239.159999999916
      2001 | 2002 |    2001002 |          1 |             2 |           317 |        6245 |        4530 |          -1715 |  -84735.45000000016
      2001 | 2002 |    2001002 |          1 |             2 |            64 |        6089 |        4418 |          -1671 | -107944.18999999992
      2001 | 2002 |    4003001 |          3 |             2 |            88 |        5210 |        3540 |          -1670 | -107815.98999999993
      2001 | 2002 |    2001002 |          1 |             2 |           899 |        6365 |        4712 |          -1653 | -32982.610000000044
      2001 | 2002 |    2001002 |          4 |             2 |           328 |        5594 |        3948 |          -1646 |  -76625.67000000001
      2001 | 2002 |   10003014 |          3 |             2 |            69 |        5649 |        4011 |          -1638 |  -74255.23000000001
      2001 | 2002 |    1004001 |          2 |             2 |           339 |        5913 |        4326 |          -1587 |  -73073.66999999995
      2001 | 2002 |    2004002 |          4 |             2 |           222 |        5724 |        4142 |          -1582 |  -74419.81000000003
      2001 | 2002 |    8003005 |          3 |             2 |            97 |        6334 |        4753 |          -1581 |  -48027.66000000021
      2001 | 2002 |    2003001 |          3 |             2 |            76 |        5304 |        3729 |          -1575 |  -55414.94999999995
      2001 | 2002 |    2003002 |          3 |             2 |           651 |        6102 |        4542 |          -1560 | -114997.61999999985
      2001 | 2002 |    2001002 |          4 |             2 |           272 |        6395 |        4839 |          -1556 |  -51309.18999999997
      2001 | 2002 |    2003002 |          3 |             2 |           169 |        6295 |        4748 |          -1547 | -54661.050000000105
      2001 | 2002 |    2002002 |          2 |             2 |           373 |        6667 |        5137 |          -1530 |   -82432.1399999997
      2001 | 2002 |    2004002 |          4 |             2 |           505 |        6174 |        4672 |          -1502 |           -91574.18
      2001 | 2002 |    1001001 |          1 |             2 |           289 |        5877 |        4388 |          -1489 |  -88464.72000000012
      2001 | 2002 |    2001002 |          1 |             2 |           472 |        5987 |        4501 |          -1486 |  -68521.53000000009
      2001 | 2002 |    2001002 |          1 |             2 |           141 |        5833 |        4357 |          -1476 | -26318.860000000044
      2001 | 2002 |    2001002 |          1 |             2 |           305 |        5543 |        4097 |          -1446 |  -9852.469999999914
      2001 | 2002 |    2001002 |          1 |             2 |           134 |        5469 |        4043 |          -1426 |  -65795.50999999986
      2001 | 2002 |    2003001 |          3 |             2 |           315 |        5979 |        4585 |          -1394 | -10897.810000000027
      2001 | 2002 |    2003002 |          3 |             2 |           868 |        5947 |        4564 |          -1383 |  -87649.64999999985
      2001 | 2002 |    2003002 |          3 |             2 |           187 |        5745 |        4367 |          -1378 |  -76870.61999999994
      2001 | 2002 |    2001002 |          1 |             2 |           162 |        5806 |        4461 |          -1345 | -52597.340000000055
      2001 | 2002 |    2003002 |          3 |             2 |           599 |        6084 |        4789 |          -1295 | -44230.699999999866
      2001 | 2002 |    2004002 |          4 |             2 |            84 |        5754 |        4461 |          -1293 |  -74966.89999999988
      2001 | 2002 |    2004002 |          1 |             2 |            76 |        6334 |        5052 |          -1282 |  -85956.46999999977
      2001 | 2002 |    2004002 |          4 |             2 |           362 |        6730 |        5459 |          -1271 |  -36771.00999999998
      2001 | 2002 |    4002001 |          2 |             2 |             9 |        5401 |        4130 |          -1271 |  14388.499999999942
      2001 | 2002 |    2001002 |          4 |             2 |           217 |        5811 |        4542 |          -1269 | -17351.350000000064
      2001 | 2002 |    2004002 |          4 |             2 |           345 |        6393 |        5126 |          -1267 |  36424.580000000075
      2001 | 2002 |    2004002 |          4 |             2 |           445 |        6176 |        4932 |          -1244 | -64466.570000000094
      2001 | 2002 |    1003001 |          3 |             2 |           425 |        5834 |        4592 |          -1242 |  -40629.43999999997
      2001 | 2002 |    2001002 |          2 |             2 |           357 |        5582 |        4379 |          -1203 | -117657.44999999998
      2001 | 2002 |    1004001 |          2 |             2 |           681 |        5718 |        4531 |          -1187 |  -1600.369999999879
      2001 | 2002 |    3002001 |          4 |             2 |           219 |        5875 |        4689 |          -1186 |   89.72000000014668
      2001 | 2002 |    2003002 |          6 |             2 |           412 |        6134 |        4966 |          -1168 |  15517.009999999951
      2001 | 2002 |    2003002 |          3 |             2 |           160 |        5643 |        4478 |          -1165 |  -46636.60999999996
      2001 | 2002 |    2002002 |          2 |             2 |           226 |        5567 |        4425 |          -1142 |  -67967.33999999985
      2001 | 2002 |    2001002 |          1 |             2 |           104 |        5408 |        4276 |          -1132 |  1930.9599999999045
      2001 | 2002 |    9016009 |         16 |             2 |           348 |        4776 |        3676 |          -1100 | -35279.840000000026
      2001 | 2002 |    2002002 |          2 |             2 |           326 |        5289 |        4190 |          -1099 | -116556.82999999999
      2001 | 2002 |    6016003 |         16 |             2 |           589 |        6416 |        5323 |          -1093 | -57303.300000000105
      2001 | 2002 |    9003003 |          3 |             2 |            80 |        5744 |        4652 |          -1092 |   56816.35999999993
      2001 | 2002 |    2004002 |         10 |             2 |             1 |        5778 |        4697 |          -1081 |  -81743.30000000005
      2001 | 2002 |    2002002 |         10 |             2 |           143 |        5484 |        4409 |          -1075 |  -61890.21000000017
      2001 | 2002 |    2002002 |          2 |             2 |           409 |        5540 |        4478 |          -1062 | -104065.89000000004
      2001 | 2002 |    4002001 |          3 |             2 |           212 |        5745 |        4684 |          -1061 |  -79707.17000000019
      2001 | 2002 |    3003001 |          3 |             2 |            27 |        5165 |        4108 |          -1057 | -12371.169999999925
      2001 | 2002 |    9014009 |         14 |             2 |           198 |        5292 |        4247 |          -1045 | -10807.190000000031
      2001 | 2002 |    8006001 |          6 |             2 |           342 |        5886 |        4847 |          -1039 |  -2300.710000000021
      2001 | 2002 |    2003002 |          3 |             2 |           318 |        6136 |        5100 |          -1036 |  -3936.429999999993
      2001 | 2002 |    2001002 |          1 |             2 |           354 |        5652 |        4619 |          -1033 | -26985.700000000157
      2001 | 2002 |    2004002 |          4 |             2 |           248 |        5573 |        4543 |          -1030 |  -63380.51000000001
      2001 | 2002 |    2003002 |          3 |             2 |           401 |        5523 |        4503 |          -1020 |  -80217.34999999998
      2001 | 2002 |    2004002 |          4 |             2 |           191 |        5822 |        4802 |          -1020 | -15130.909999999945
      2001 | 2002 |    2003002 |          3 |             2 |            61 |        5523 |        4507 |          -1016 |   -65058.4500000001
      2001 | 2002 |   10010003 |          1 |             2 |           272 |        5914 |        4899 |          -1015 |  -94858.35999999981
      2001 | 2002 |    2004002 |          4 |             2 |           130 |        5330 |        4325 |          -1005 |  -69262.01000000007
      2001 | 2002 |    2003002 |          3 |             2 |           828 |        6143 |        5142 |          -1001 |   8403.720000000147
      2001 | 2002 |    2002002 |          2 |             2 |             4 |        5768 |        4796 |           -972 |  -34470.99000000002
      2001 | 2002 |    2002002 |          2 |             2 |            42 |        6483 |        5518 |           -965 |  -98372.64000000007
      2001 | 2002 |    2002002 |          2 |             2 |           193 |        5505 |        4542 |           -963 | -102832.39000000004
      2001 | 2002 |    2004002 |          4 |             2 |           549 |        5361 |        4400 |           -961 |  -71715.63999999996
      2001 | 2002 |    2002002 |          2 |             2 |           162 |        5201 |        4246 |           -955 |  22677.119999999995
      2001 | 2002 |    2003002 |          3 |             2 |           322 |        5896 |        4942 |           -954 | -102324.23000000007
      2001 | 2002 |    7002003 |          2 |             2 |           177 |        5578 |        4628 |           -950 |  -48109.96000000005
      2001 | 2002 |    8008003 |          1 |             2 |           240 |        5546 |        4597 |           -949 |  -53406.87999999992
      2001 | 2002 |    2001002 |          1 |             2 |           321 |        5663 |        4724 |           -939 |  33786.390000000014
      2001 | 2002 |    2001002 |          1 |             2 |           324 |        5546 |        4618 |           -928 |  -59454.42999999999
      2001 | 2002 |   10003017 |          3 |             2 |           531 |        5509 |        4615 |           -894 |  -83584.84000000008
      2001 | 2002 |    6013005 |         13 |             2 |           379 |        5221 |        4328 |           -893 | -45195.639999999985
      2001 | 2002 |    7015001 |         15 |             2 |            69 |        6753 |        5866 |           -887 | -104727.62999999986
      2001 | 2002 |    2003002 |          3 |             2 |            69 |        5056 |        4175 |           -881 |  -37449.27000000002
      2001 | 2002 |    2001002 |          4 |             2 |           441 |        5552 |        4672 |           -880 |  -35470.66000000003
(100 rows)

UPDATE time_statistics SET e_time = TRANSACTION_TIMESTAMP() WHERE template = 'query75.tpl' AND stream = 1;
psql:/tmp/s1-basline/throughput/query_1.sql:2489: NOTICE:  duration: 0.048 ms  plan:
Query Text: UPDATE time_statistics SET e_time = TRANSACTION_TIMESTAMP() WHERE template = 'query75.tpl' AND stream = 1;
Update on time_statistics  (cost=0.00..4.71 rows=0 width=0) (actual time=0.047..0.047 rows=0 loops=1)
  ->  Seq Scan on time_statistics  (cost=0.00..4.71 rows=1 width=14) (actual time=0.022..0.033 rows=1 loops=1)
        Filter: ((template = 'query75.tpl'::text) AND (stream = 1))
        Rows Removed by Filter: 126
UPDATE 1
LOAD 'auto_explain'; SET auto_explain.log_min_duration TO 0; SET auto_explain.log_analyze TO on; SET auto_explain.log_level TO notice; INSERT INTO time_statistics (template, s_time, stream, query, seed) VALUES ('query11.tpl', TRANSACTION_TIMESTAMP(), 1, 46, 2007345718);
LOAD
SET
SET
SET
psql:/tmp/s1-basline/throughput/query_1.sql:2490: NOTICE:  duration: 0.008 ms  plan:
Query Text: INSERT INTO time_statistics (template, s_time, stream, query, seed) VALUES ('query11.tpl', TRANSACTION_TIMESTAMP(), 1, 46, 2007345718);
Insert on time_statistics  (cost=0.00..0.01 rows=0 width=0) (actual time=0.008..0.008 rows=0 loops=1)
  ->  Result  (cost=0.00..0.01 rows=1 width=64) (actual time=0.001..0.002 rows=1 loops=1)
INSERT 0 1
with year_total as (
 select c_customer_id customer_id
       ,c_first_name customer_first_name
       ,c_last_name customer_last_name
       ,c_preferred_cust_flag customer_preferred_cust_flag
       ,c_birth_country customer_birth_country
       ,c_login customer_login
       ,c_email_address customer_email_address
       ,d_year dyear
       ,sum(ss_ext_list_price-ss_ext_discount_amt) year_total
       ,'s' sale_type
 from customer
     ,store_sales
     ,date_dim
 where c_customer_sk = ss_customer_sk
   and ss_sold_date_sk = d_date_sk
 group by c_customer_id
         ,c_first_name
         ,c_last_name
         ,c_preferred_cust_flag 
         ,c_birth_country
         ,c_login
         ,c_email_address
         ,d_year 
 union all
 select c_customer_id customer_id
       ,c_first_name customer_first_name
       ,c_last_name customer_last_name
       ,c_preferred_cust_flag customer_preferred_cust_flag
       ,c_birth_country customer_birth_country
       ,c_login customer_login
       ,c_email_address customer_email_address
       ,d_year dyear
       ,sum(ws_ext_list_price-ws_ext_discount_amt) year_total
       ,'w' sale_type
 from customer
     ,web_sales
     ,date_dim
 where c_customer_sk = ws_bill_customer_sk
   and ws_sold_date_sk = d_date_sk
 group by c_customer_id
         ,c_first_name
         ,c_last_name
         ,c_preferred_cust_flag 
         ,c_birth_country
         ,c_login
         ,c_email_address
         ,d_year
         )
  select  
                  t_s_secyear.customer_id
                 ,t_s_secyear.customer_first_name
                 ,t_s_secyear.customer_last_name
                 ,t_s_secyear.customer_email_address
 from year_total t_s_firstyear
     ,year_total t_s_secyear
     ,year_total t_w_firstyear
     ,year_total t_w_secyear
 where t_s_secyear.customer_id = t_s_firstyear.customer_id
         and t_s_firstyear.customer_id = t_w_secyear.customer_id
         and t_s_firstyear.customer_id = t_w_firstyear.customer_id
         and t_s_firstyear.sale_type = 's'
         and t_w_firstyear.sale_type = 'w'
         and t_s_secyear.sale_type = 's'
         and t_w_secyear.sale_type = 'w'
         and t_s_firstyear.dyear = 2000
         and t_s_secyear.dyear = 2000+1
         and t_w_firstyear.dyear = 2000
         and t_w_secyear.dyear = 2000+1
         and t_s_firstyear.year_total > 0
         and t_w_firstyear.year_total > 0
         and case when t_w_firstyear.year_total > 0 then t_w_secyear.year_total / t_w_firstyear.year_total else 0.0 end
             > case when t_s_firstyear.year_total > 0 then t_s_secyear.year_total / t_s_firstyear.year_total else 0.0 end
 order by t_s_secyear.customer_id
         ,t_s_secyear.customer_first_name
         ,t_s_secyear.customer_last_name
         ,t_s_secyear.customer_email_address
limit 100;
psql:/tmp/s1-basline/throughput/query_1.sql:2568: NOTICE:  duration: 2143042.250 ms  plan:
Query Text: with year_total as (
 select c_customer_id customer_id
       ,c_first_name customer_first_name
       ,c_last_name customer_last_name
       ,c_preferred_cust_flag customer_preferred_cust_flag
       ,c_birth_country customer_birth_country
       ,c_login customer_login
       ,c_email_address customer_email_address
       ,d_year dyear
       ,sum(ss_ext_list_price-ss_ext_discount_amt) year_total
       ,'s' sale_type
 from customer
     ,store_sales
     ,date_dim
 where c_customer_sk = ss_customer_sk
   and ss_sold_date_sk = d_date_sk
 group by c_customer_id
         ,c_first_name
         ,c_last_name
         ,c_preferred_cust_flag 
         ,c_birth_country
         ,c_login
         ,c_email_address
         ,d_year 
 union all
 select c_customer_id customer_id
       ,c_first_name customer_first_name
       ,c_last_name customer_last_name
       ,c_preferred_cust_flag customer_preferred_cust_flag
       ,c_birth_country customer_birth_country
       ,c_login customer_login
       ,c_email_address customer_email_address
       ,d_year dyear
       ,sum(ws_ext_list_price-ws_ext_discount_amt) year_total
       ,'w' sale_type
 from customer
     ,web_sales
     ,date_dim
 where c_customer_sk = ws_bill_customer_sk
   and ws_sold_date_sk = d_date_sk
 group by c_customer_id
         ,c_first_name
         ,c_last_name
         ,c_preferred_cust_flag 
         ,c_birth_country
         ,c_login
         ,c_email_address
         ,d_year
         )
  select  
                  t_s_secyear.customer_id
                 ,t_s_secyear.customer_first_name
                 ,t_s_secyear.customer_last_name
                 ,t_s_secyear.customer_email_address
 from year_total t_s_firstyear
     ,year_total t_s_secyear
     ,year_total t_w_firstyear
     ,year_total t_w_secyear
 where t_s_secyear.customer_id = t_s_firstyear.customer_id
         and t_s_firstyear.customer_id = t_w_secyear.customer_id
         and t_s_firstyear.customer_id = t_w_firstyear.customer_id
         and t_s_firstyear.sale_type = 's'
         and t_w_firstyear.sale_type = 'w'
         and t_s_secyear.sale_type = 's'
         and t_w_secyear.sale_type = 'w'
         and t_s_firstyear.dyear = 2000
         and t_s_secyear.dyear = 2000+1
         and t_w_firstyear.dyear = 2000
         and t_w_secyear.dyear = 2000+1
         and t_s_firstyear.year_total > 0
         and t_w_firstyear.year_total > 0
         and case when t_w_firstyear.year_total > 0 then t_w_secyear.year_total / t_w_firstyear.year_total else 0.0 end
             > case when t_s_firstyear.year_total > 0 then t_s_secyear.year_total / t_s_firstyear.year_total else 0.0 end
 order by t_s_secyear.customer_id
         ,t_s_secyear.customer_first_name
         ,t_s_secyear.customer_last_name
         ,t_s_secyear.customer_email_address
limit 100;
Limit  (cost=1154110.93..1154110.94 rows=1 width=480) (actual time=2143042.185..2143042.204 rows=94 loops=1)
  CTE year_total
    ->  Append  (cost=406758.05..802992.99 rows=3343703 width=231) (actual time=3680.747..5396.029 rows=247245 loops=1)
          ->  HashAggregate  (cost=406758.05..581655.90 rows=2624493 width=231) (actual time=3680.746..4353.512 rows=190755 loops=1)
                Group Key: customer.c_customer_id, customer.c_first_name, customer.c_last_name, customer.c_preferred_cust_flag, customer.c_birth_country, customer.c_login, customer.c_email_address, date_dim.d_year
                Planned Partitions: 32  Batches: 33  Memory Usage: 33049kB  Disk Usage: 226320kB
                ->  Hash Join  (cost=8459.60..125137.65 rows=2624493 width=207) (actual time=83.838..1778.782 rows=2683562 loops=1)
                      Hash Cond: (store_sales.ss_sold_date_sk = date_dim.d_date_sk)
                      ->  Hash Join  (cost=5411.00..114877.49 rows=2747105 width=211) (actual time=62.899..1299.261 rows=2748429 loops=1)
                            Hash Cond: (store_sales.ss_customer_sk = customer.c_customer_sk)
                            ->  Seq Scan on store_sales  (cost=0.00..101911.56 rows=2877956 width=32) (actual time=0.004..223.752 rows=2877928 loops=1)
                            ->  Hash  (cost=4161.00..4161.00 rows=100000 width=195) (actual time=62.360..62.361 rows=100000 loops=1)
                                  Buckets: 131072  Batches: 1  Memory Usage: 17780kB
                                  ->  Seq Scan on customer  (cost=0.00..4161.00 rows=100000 width=195) (actual time=0.004..29.753 rows=100000 loops=1)
                      ->  Hash  (cost=2135.49..2135.49 rows=73049 width=12) (actual time=20.874..20.875 rows=73049 loops=1)
                            Buckets: 131072  Batches: 1  Memory Usage: 4449kB
                            ->  Seq Scan on date_dim  (cost=0.00..2135.49 rows=73049 width=12) (actual time=0.005..10.210 rows=73049 loops=1)
          ->  HashAggregate  (cost=123252.93..171181.54 rows=719210 width=231) (actual time=1010.928..1027.739 rows=56490 loops=1)
                Group Key: customer_1.c_customer_id, customer_1.c_first_name, customer_1.c_last_name, customer_1.c_preferred_cust_flag, customer_1.c_birth_country, customer_1.c_login, customer_1.c_email_address, date_dim_1.d_year
                Planned Partitions: 16  Batches: 1  Memory Usage: 19481kB
                ->  Hash Join  (cost=8459.60..46078.33 rows=719210 width=207) (actual time=70.413..536.090 rows=719192 loops=1)
                      Hash Cond: (web_sales.ws_sold_date_sk = date_dim_1.d_date_sk)
                      ->  Hash Join  (cost=5411.00..41141.44 rows=719306 width=211) (actual time=50.728..394.383 rows=719268 loops=1)
                            Hash Cond: (web_sales.ws_bill_customer_sk = customer_1.c_customer_sk)
                            ->  Seq Scan on web_sales  (cost=0.00..33841.74 rows=719474 width=32) (actual time=0.005..62.983 rows=719474 loops=1)
                            ->  Hash  (cost=4161.00..4161.00 rows=100000 width=195) (actual time=50.638..50.639 rows=100000 loops=1)
                                  Buckets: 131072  Batches: 1  Memory Usage: 17780kB
                                  ->  Seq Scan on customer customer_1  (cost=0.00..4161.00 rows=100000 width=195) (actual time=0.005..27.475 rows=100000 loops=1)
                      ->  Hash  (cost=2135.49..2135.49 rows=73049 width=12) (actual time=19.605..19.606 rows=73049 loops=1)
                            Buckets: 131072  Batches: 1  Memory Usage: 4449kB
                            ->  Seq Scan on date_dim date_dim_1  (cost=0.00..2135.49 rows=73049 width=12) (actual time=0.012..10.718 rows=73049 loops=1)
  ->  Sort  (cost=351117.95..351117.95 rows=1 width=480) (actual time=2143042.184..2143042.189 rows=94 loops=1)
        Sort Key: t_s_secyear.customer_id, t_s_secyear.customer_first_name, t_s_secyear.customer_last_name, t_s_secyear.customer_email_address
        Sort Method: quicksort  Memory: 49kB
        ->  Nested Loop  (cost=0.00..351117.94 rows=1 width=480) (actual time=55341.576..2143041.936 rows=94 loops=1)
              Join Filter: ((t_s_secyear.customer_id = t_w_secyear.customer_id) AND (CASE WHEN (t_w_firstyear.year_total > '0'::double precision) THEN (t_w_secyear.year_total / t_w_firstyear.year_total) ELSE '0'::double precision END > CASE WHEN (t_s_firstyear.year_total > '0'::double precision) THEN (t_s_secyear.year_total / t_s_firstyear.year_total) ELSE '0'::double precision END))
              Rows Removed by Join Filter: 18315530
              ->  Nested Loop  (cost=0.00..267520.32 rows=2 width=640) (actual time=8715.186..2067896.979 rows=1622 loops=1)
                    Join Filter: (t_s_firstyear.customer_id = t_s_secyear.customer_id)
                    Rows Removed by Join Filter: 162873794
                    ->  Nested Loop  (cost=0.00..183921.03 rows=4 width=152) (actual time=6948.661..1851368.628 rows=4268 loops=1)
                          Join Filter: (t_s_firstyear.customer_id = t_w_firstyear.customer_id)
                          Rows Removed by Join Filter: 429718924
                          ->  CTE Scan on year_total t_s_firstyear  (cost=0.00..91951.83 rows=28 width=76) (actual time=3680.753..3795.399 rows=38218 loops=1)
                                Filter: ((year_total > '0'::double precision) AND (sale_type = 's'::text) AND (dyear = 2000))
                                Rows Removed by Filter: 209027
                          ->  CTE Scan on year_total t_w_firstyear  (cost=0.00..91951.83 rows=28 width=76) (actual time=35.948..47.483 rows=11244 loops=38218)
                                Filter: ((year_total > '0'::double precision) AND (sale_type = 'w'::text) AND (dyear = 2000))
                                Rows Removed by Filter: 236001
                    ->  CTE Scan on year_total t_s_secyear  (cost=0.00..83592.58 rows=84 width=488) (actual time=0.002..48.014 rows=38162 loops=4268)
                          Filter: ((sale_type = 's'::text) AND (dyear = 2001))
                          Rows Removed by Filter: 209083
              ->  CTE Scan on year_total t_w_secyear  (cost=0.00..83592.58 rows=84 width=76) (actual time=34.367..45.525 rows=11292 loops=1622)
                    Filter: ((sale_type = 'w'::text) AND (dyear = 2001))
                    Rows Removed by Filter: 235953
   customer_id    | customer_first_name  |       customer_last_name       |               customer_email_address               
------------------+----------------------+--------------------------------+----------------------------------------------------
 AAAAAAAAADDABAAA | Tina                 | Barron                         | Tina.Barron@VnAapOoq.com                          
 AAAAAAAAAFIKAAAA | Jackie               | Fisher                         | Jackie.Fisher@sAcu.edu                            
 AAAAAAAAAHMABAAA | James                | Stock                          | James.Stock@ogv82l0E.org                          
 AAAAAAAAAHOPAAAA | Laura                | Russell                        | Laura.Russell@Of.edu                              
 AAAAAAAAAIDKAAAA | Kristin              | Miller                         | Kristin.Miller@Ry0d7q.edu                         
 AAAAAAAAAIHGBAAA | Randy                | Witt                           | Randy.Witt@CJukTkJiXupvyM.edu                     
 AAAAAAAAALMJAAAA | Dennis               | Hurd                           | Dennis.Hurd@Fb2dS4ldFvbIIC.org                    
 AAAAAAAAAMNLAAAA | Twanda               | Cabral                         | Twanda.Cabral@xd3Bf7d.org                         
 AAAAAAAABDDCBAAA | Gregory              | Castillo                       | Gregory.Castillo@dLE1BZcNKg6x6Xvr.com             
 AAAAAAAABIJNAAAA | Gregory              | Jones                          | Gregory.Jones@nMrG6ZQk3l.com                      
 AAAAAAAABILJAAAA | James                | Williams                       | James.Williams@87.com                             
 AAAAAAAABIPBBAAA | Misty                | Hudson                         | Misty.Hudson@1Ap.edu                              
 AAAAAAAABJPOAAAA | Thomas               | Montoya                        | Thomas.Montoya@rV.edu                             
 AAAAAAAABKMBBAAA | June                 | Cornwell                       | June.Cornwell@4UmqJNq.org                         
 AAAAAAAABLJFAAAA | Esther               | Mccurdy                        | Esther.Mccurdy@Mc4rx51XGvVU7.edu                  
 AAAAAAAABOHMAAAA | Russell              | Conte                          | Russell.Conte@Viro2OM3XCnlZj8Z.org                
 AAAAAAAABPALAAAA | Jose                 | Slaughter                      | Jose.Slaughter@syIaArKFZ7PI.org                   
 AAAAAAAACCMJAAAA | Ramon                | Gooden                         | Ramon.Gooden@4X2PzNdzSP2.org                      
 AAAAAAAACHJDAAAA | Marie                | Call                           | Marie.Call@DzrQU.com                              
 AAAAAAAACIHGBAAA | Jose                 | Drury                          | Jose.Drury@u0pg9mYzVv7CCY.com                     
 AAAAAAAACKCHBAAA | Alfred               | Fogg                           | Alfred.Fogg@lr8vJ5k4iDfE.edu                      
 AAAAAAAACKIGBAAA | Elizabeth            | Goodwin                        | Elizabeth.Goodwin@Hq3338oRzAq.org                 
 AAAAAAAADBDNAAAA | Luis                 | Odonnell                       | Luis.Odonnell@oozBK.edu                           
 AAAAAAAADBKHAAAA | Angeline             | Douglas                        | Angeline.Douglas@PfOHK.org                        
 AAAAAAAADDBABAAA | Frederick            | Weaver                         | Frederick.Weaver@E0.org                           
 AAAAAAAADHHHBAAA | Anna                 | Blankenship                    | Anna.Blankenship@YcU8vdse.org                     
 AAAAAAAADIBBBAAA | Thomas               | Taylor                         | Thomas.Taylor@sTKfeirLHdDq.edu                    
 AAAAAAAADMBIBAAA | Marian               | Dunning                        | Marian.Dunning@auQS8Iz9pa.edu                     
 AAAAAAAADNGEBAAA | Caitlyn              | Phillips                       | Caitlyn.Phillips@koF.edu                          
 AAAAAAAAEAGLAAAA | Donald               | Salgado                        | Donald.Salgado@dCLRiRGXj0.org                     
 AAAAAAAAEBOIAAAA | Margaret             | Mcmahan                        | Margaret.Mcmahan@J.org                            
 AAAAAAAAEDJEAAAA | Sheilah              | Gardiner                       | Sheilah.Gardiner@717tOzn.edu                      
 AAAAAAAAEEBDAAAA |                      | Markham                        | Ian.Markham@xqlLMt.edu                            
 AAAAAAAAEEGCBAAA | Isabel               | Bernhardt                      | Isabel.Bernhardt@3as31.edu                        
 AAAAAAAAEFDLAAAA | Dustin               | Hampton                        | Dustin.Hampton@4Cy.com                            
 AAAAAAAAEIJIAAAA |                      |                                | 
 AAAAAAAAEMOFAAAA | Gloria               | Willis                         | Gloria.Willis@7kszoyDt7s17.com                    
 AAAAAAAAENAGAAAA | Lahoma               | Mccormick                      | Lahoma.Mccormick@QrcZa8xvz4Y.org                  
 AAAAAAAAFAJNAAAA | Katherine            | Levy                           | Katherine.Levy@ekKQLihvDrvK.com                   
 AAAAAAAAFBKEBAAA | Norma                | Greer                          | Norma.Greer@9bxutnzHc.com                         
 AAAAAAAAFHOAAAAA | Rene                 | Cooper                         | Rene.Cooper@yVT8uHMP7YhL5kJ.edu                   
 AAAAAAAAFKPDBAAA | Karen                | King                           | Karen.King@9VOTkItO.org                           
 AAAAAAAAGAFOAAAA | Christine            | Rinehart                       | Christine.Rinehart@126std2jhHII.edu               
 AAAAAAAAGDCIBAAA | Teresa               | Cox                            | Teresa.Cox@c7PetduUUYMXK.org                      
 AAAAAAAAGEBBBAAA | Rebekah              | Wheeler                        | Rebekah.Wheeler@hhg6LXcGrFQ1T.org                 
 AAAAAAAAGHGABAAA | Paul                 | Fleming                        | Paul.Fleming@m.com                                
 AAAAAAAAGHKAAAAA | Larry                | Ashe                           | Larry.Ashe@8cqKBRGF.edu                           
 AAAAAAAAGIJOAAAA |                      | Sherwood                       | George.Sherwood@gNuS.edu                          
 AAAAAAAAGLMCAAAA | Graciela             | Jackson                        | Graciela.Jackson@Z2RI.com                         
 AAAAAAAAGOBNAAAA | George               | Evans                          | George.Evans@QYIhxDvNgLn3M1.edu                   
 AAAAAAAAGOEHBAAA | Francisco            | Nestor                         | Francisco.Nestor@hPaV9v.com                       
 AAAAAAAAGPMHBAAA | Hector               | Clark                          | Hector.Clark@5tRPpjSbZNPV.edu                     
 AAAAAAAAHEKABAAA | Rigoberto            | Tenney                         | Rigoberto.Tenney@E.org                            
 AAAAAAAAHJGAAAAA | Gladys               | Hunter                         | Gladys.Hunter@G5XBBsP4XavBeB2.edu                 
 AAAAAAAAHMIIAAAA | Jimmy                | Parks                          | Jimmy.Parks@OrkFbQ91x2knj8bm.org                  
 AAAAAAAAHMPHBAAA | Ralph                | Cloutier                       | Ralph.Cloutier@tTfjK.edu                          
 AAAAAAAAHNGFAAAA | Otis                 | Stjohn                         | Otis.Stjohn@iyPJbmK3JQjXAp5P41Q.org               
 AAAAAAAAIACKAAAA | Colette              | Camacho                        | Colette.Camacho@RtP0hyDlF2.com                    
 AAAAAAAAIHDABAAA | Catherine            | Gonzalez                       | Catherine.Gonzalez@nO.edu                         
 AAAAAAAAIJDIBAAA | Clinton              | Smallwood                      | Clinton.Smallwood@YoDt0DAZ.edu                    
 AAAAAAAAIJNDAAAA | Michael              | Crutcher                       | Michael.Crutcher@p.org                            
 AAAAAAAAIKOFBAAA | Felipe               | Taylor                         | Felipe.Taylor@Qq1L.com                            
 AAAAAAAAINPKAAAA | Daniel               | Dozier                         | Daniel.Dozier@GdleD7SLTxcS9uY0.com                
 AAAAAAAAJAEEAAAA | Irma                 | Medina                         | Irma.Medina@rKdjhueiVqRNZy.org                    
 AAAAAAAAJECGBAAA | Samuel               | Mcdermott                      | Samuel.Mcdermott@3EgmnyCAUiLS.edu                 
 AAAAAAAAJIMBAAAA | Norman               | Artis                          | Norman.Artis@Rx9aItFKUBK.com                      
 AAAAAAAAJINCAAAA |                      |                                | 
 AAAAAAAAJJLEAAAA | Charles              | Williams                       | Charles.Williams@vkmk99Oe.com                     
 AAAAAAAAJJLFBAAA | Mercedes             | Bender                         | Mercedes.Bender@n.org                             
 AAAAAAAAJMCGAAAA | Edward               | Reed                           | Edward.Reed@0f2m11mrztvKdD.org                    
 AAAAAAAAJMEOAAAA | Howard               | Hall                           | Howard.Hall@Kz1iq8mIe.edu                         
 AAAAAAAAJMFEAAAA | Robert               | Cook                           | Robert.Cook@zAqG.org                              
 AAAAAAAAJMNCAAAA | David                | Jimenez                        | David.Jimenez@C.org                               
 AAAAAAAAJPLGAAAA | Jason                | Stone                          | Jason.Stone@20mHHKlTJlNlsR.edu                    
 AAAAAAAAKDDKAAAA | Janie                | Smith                          | Janie.Smith@MacEMkXALFQA.edu                      
 AAAAAAAAKLKGBAAA | Martha               | Harding                        | Martha.Harding@gfv8VzfHCM.com                     
 AAAAAAAALHCHAAAA | Ryan                 | Mcconnell                      | Ryan.Mcconnell@XZ2pATcvpDrx1l.com                 
 AAAAAAAALPACBAAA | Agnes                | Quarles                        | Agnes.Quarles@7cru896OuROvfcr.edu                 
 AAAAAAAALPIBBAAA | Ernestine            | Ruffin                         | Ernestine.Ruffin@3CJNdGg6.edu                     
 AAAAAAAALPMHBAAA | Glenn                | Reyes                          | Glenn.Reyes@MZtJtuSG7.org                         
 AAAAAAAAMMDLAAAA | Erline               | Miller                         | Erline.Miller@uVtFkFMvGSf55isgbeo.com             
 AAAAAAAAMMIDAAAA | Toni                 | Nichols                        | Toni.Nichols@TLdHiJ6Lhz.org                       
 AAAAAAAANAGKAAAA | Brady                | Mulligan                       | Brady.Mulligan@zzvJf.com                          
 AAAAAAAANGBPAAAA | Brenda               | Byrd                           | Brenda.Byrd@HpFxfvVxubO4qt5.org                   
 AAAAAAAANLHHAAAA | William              | Williams                       | William.Williams@CDxqY7G16Zb.edu                  
 AAAAAAAAOAPKAAAA | Robert               | Young                          | Robert.Young@Tav0IscfuXTQ9YS.org                  
 AAAAAAAAOFGBAAAA | Jerry                | Hunter                         | Jerry.Hunter@QmGtphsUULExNs7.org                  
 AAAAAAAAOFMABAAA | Michael              | Price                          | Michael.Price@87zrUnXaT9RhtmeF.org                
 AAAAAAAAONJHBAAA | Tony                 | Calhoun                        | Tony.Calhoun@JzMOouaa.edu                         
 AAAAAAAAONMKAAAA | Dorothy              | Robertson                      | Dorothy.Robertson@sPxVZeVseLqZn3.org              
 AAAAAAAAPEECAAAA |                      |                                | Alan.Smith@fdzFq5E.com                            
 AAAAAAAAPGJNAAAA | Thuy                 | Mack                           | Thuy.Mack@R5irz.com                               
 AAAAAAAAPKAMAAAA | Rocky                | Branson                        | Rocky.Branson@DgRcjx.com                          
 AAAAAAAAPNJCAAAA | Hugh                 | Bassett                        | Hugh.Bassett@RVdN0bl.com                          
(94 rows)

UPDATE time_statistics SET e_time = TRANSACTION_TIMESTAMP() WHERE template = 'query11.tpl' AND stream = 1;
psql:/tmp/s1-basline/throughput/query_1.sql:2570: NOTICE:  duration: 0.058 ms  plan:
Query Text: UPDATE time_statistics SET e_time = TRANSACTION_TIMESTAMP() WHERE template = 'query11.tpl' AND stream = 1;
Update on time_statistics  (cost=0.00..5.72 rows=0 width=0) (actual time=0.057..0.058 rows=0 loops=1)
  ->  Seq Scan on time_statistics  (cost=0.00..5.72 rows=1 width=14) (actual time=0.030..0.045 rows=1 loops=1)
        Filter: ((template = 'query11.tpl'::text) AND (stream = 1))
        Rows Removed by Filter: 180
UPDATE 1
LOAD 'auto_explain'; SET auto_explain.log_min_duration TO 0; SET auto_explain.log_analyze TO on; SET auto_explain.log_level TO notice; INSERT INTO time_statistics (template, s_time, stream, query, seed) VALUES ('query67.tpl', TRANSACTION_TIMESTAMP(), 1, 47, 491388056);
LOAD
SET
SET
SET
psql:/tmp/s1-basline/throughput/query_1.sql:2571: NOTICE:  duration: 0.025 ms  plan:
Query Text: INSERT INTO time_statistics (template, s_time, stream, query, seed) VALUES ('query67.tpl', TRANSACTION_TIMESTAMP(), 1, 47, 491388056);
Insert on time_statistics  (cost=0.00..0.01 rows=0 width=0) (actual time=0.024..0.025 rows=0 loops=1)
  ->  Result  (cost=0.00..0.01 rows=1 width=64) (actual time=0.001..0.002 rows=1 loops=1)
INSERT 0 1
select  *
from (select i_category
            ,i_class
            ,i_brand
            ,i_product_name
            ,d_year
            ,d_qoy
            ,d_moy
            ,s_store_id
            ,sumsales
            ,rank() over (partition by i_category order by sumsales desc) rk
      from (select i_category
                  ,i_class
                  ,i_brand
                  ,i_product_name
                  ,d_year
                  ,d_qoy
                  ,d_moy
                  ,s_store_id
                  ,sum(coalesce(ss_sales_price*ss_quantity,0)) sumsales
            from store_sales
                ,date_dim
                ,store
                ,item
       where  ss_sold_date_sk=d_date_sk
          and ss_item_sk=i_item_sk
          and ss_store_sk = s_store_sk
          and d_month_seq between 1209 and 1209+11
       group by  rollup(i_category, i_class, i_brand, i_product_name, d_year, d_qoy, d_moy,s_store_id))dw1) dw2
where rk <= 100
order by i_category
        ,i_class
        ,i_brand
        ,i_product_name
        ,d_year
        ,d_qoy
        ,d_moy
        ,s_store_id
        ,sumsales
        ,rk
limit 100;
psql:/tmp/s1-basline/throughput/query_1.sql:2612: NOTICE:  duration: 2057.538 ms  plan:
Query Text: select  *
from (select i_category
            ,i_class
            ,i_brand
            ,i_product_name
            ,d_year
            ,d_qoy
            ,d_moy
            ,s_store_id
            ,sumsales
            ,rank() over (partition by i_category order by sumsales desc) rk
      from (select i_category
                  ,i_class
                  ,i_brand
                  ,i_product_name
                  ,d_year
                  ,d_qoy
                  ,d_moy
                  ,s_store_id
                  ,sum(coalesce(ss_sales_price*ss_quantity,0)) sumsales
            from store_sales
                ,date_dim
                ,store
                ,item
       where  ss_sold_date_sk=d_date_sk
          and ss_item_sk=i_item_sk
          and ss_store_sk = s_store_sk
          and d_month_seq between 1209 and 1209+11
       group by  rollup(i_category, i_class, i_brand, i_product_name, d_year, d_qoy, d_moy,s_store_id))dw1) dw2
where rk <= 100
order by i_category
        ,i_class
        ,i_brand
        ,i_product_name
        ,d_year
        ,d_qoy
        ,d_moy
        ,s_store_id
        ,sumsales
        ,rk
limit 100;
Limit  (cost=93814.74..93837.28 rows=100 width=249) (actual time=1977.071..2057.464 rows=100 loops=1)
  ->  Incremental Sort  (cost=93814.74..108520.08 rows=65246 width=249) (actual time=1977.070..2057.457 rows=100 loops=1)
        Sort Key: dw1.i_category, dw1.i_class, dw1.i_brand, dw1.i_product_name, dw1.d_year, dw1.d_qoy, dw1.d_moy, dw1.s_store_id, dw1.sumsales, (rank() OVER (?))
        Presorted Key: dw1.i_category
        Full-sort Groups: 1  Sort Method: quicksort  Average Memory: 42kB  Peak Memory: 42kB
        Pre-sorted Groups: 1  Sort Method: quicksort  Average Memory: 51kB  Peak Memory: 51kB
        ->  WindowAgg  (cost=93745.37..103226.01 rows=65246 width=249) (actual time=1826.300..2057.114 rows=101 loops=1)
              Run Condition: (rank() OVER (?) <= 100)
              ->  Incremental Sort  (cost=93745.37..102084.20 rows=65246 width=241) (actual time=1826.291..2049.504 rows=53968 loops=1)
                    Sort Key: dw1.i_category, dw1.sumsales DESC
                    Presorted Key: dw1.i_category
                    Full-sort Groups: 2  Sort Method: quicksort  Average Memory: 43kB  Peak Memory: 43kB
                    Pre-sorted Groups: 2  Sort Method: external merge  Average Disk: 13464kB  Peak Disk: 13464kB
                    ->  Subquery Scan on dw1  (cost=93708.00..96810.92 rows=65246 width=241) (actual time=1662.462..1969.706 rows=105011 loops=1)
                          ->  GroupAggregate  (cost=93708.00..96158.46 rows=65246 width=241) (actual time=1662.461..1960.480 rows=105011 loops=1)
                                Group Key: item.i_category, item.i_class, item.i_brand, item.i_product_name, date_dim.d_year, date_dim.d_qoy, date_dim.d_moy, store.s_store_id
                                Group Key: item.i_category, item.i_class, item.i_brand, item.i_product_name, date_dim.d_year, date_dim.d_qoy, date_dim.d_moy
                                Group Key: item.i_category, item.i_class, item.i_brand, item.i_product_name, date_dim.d_year, date_dim.d_qoy
                                Group Key: item.i_category, item.i_class, item.i_brand, item.i_product_name, date_dim.d_year
                                Group Key: item.i_category, item.i_class, item.i_brand, item.i_product_name
                                Group Key: item.i_category, item.i_class, item.i_brand
                                Group Key: item.i_category, item.i_class
                                Group Key: item.i_category
                                Group Key: ()
                                ->  Gather Merge  (cost=93708.00..95162.55 rows=12489 width=245) (actual time=1662.448..1874.852 rows=109702 loops=1)
                                      Workers Planned: 2
                                      Workers Launched: 2
                                      ->  Sort  (cost=92707.97..92720.98 rows=5204 width=245) (actual time=1537.695..1580.873 rows=36703 loops=3)
                                            Sort Key: item.i_category, item.i_class, item.i_brand, item.i_product_name, date_dim.d_year, date_dim.d_qoy, date_dim.d_moy, store.s_store_id
                                            Sort Method: external merge  Disk: 52496kB
                                            Worker 0:  Sort Method: external merge  Disk: 42192kB
                                            Worker 1:  Sort Method: external merge  Disk: 42048kB
                                            ->  Nested Loop  (cost=2506.64..92386.75 rows=5204 width=245) (actual time=13.473..663.216 rows=178108 loops=3)
                                                  ->  Hash Join  (cost=2506.35..90796.94 rows=5204 width=49) (actual time=13.421..312.691 rows=178108 loops=3)
                                                        Hash Cond: (store_sales.ss_store_sk = store.s_store_sk)
                                                        ->  Hash Join  (cost=2505.08..90776.51 rows=5458 width=40) (actual time=13.291..282.134 rows=182424 loops=3)
                                                              Hash Cond: (store_sales.ss_sold_date_sk = date_dim.d_date_sk)
                                                              ->  Parallel Seq Scan on store_sales  (cost=0.00..85123.48 rows=1199148 width=36) (actual time=0.015..124.436 rows=959309 loops=3)
                                                              ->  Hash  (cost=2500.73..2500.73 rows=348 width=20) (actual time=13.246..13.247 rows=365 loops=3)
                                                                    Buckets: 1024  Batches: 1  Memory Usage: 28kB
                                                                    ->  Seq Scan on date_dim  (cost=0.00..2500.73 rows=348 width=20) (actual time=6.374..13.186 rows=365 loops=3)
                                                                          Filter: ((d_month_seq >= 1209) AND (d_month_seq <= 1220))
                                                                          Rows Removed by Filter: 72684
                                                        ->  Hash  (cost=1.12..1.12 rows=12 width=25) (actual time=0.033..0.034 rows=12 loops=3)
                                                              Buckets: 1024  Batches: 1  Memory Usage: 9kB
                                                              ->  Seq Scan on store  (cost=0.00..1.12 rows=12 width=25) (actual time=0.027..0.028 rows=12 loops=3)
                                                  ->  Index Scan using pk_item on item  (cost=0.29..0.31 rows=1 width=212) (actual time=0.001..0.001 rows=1 loops=534324)
                                                        Index Cond: (i_item_sk = store_sales.ss_item_sk)
                     i_category                     |                      i_class                       |                      i_brand                       | i_product_name | d_year | d_qoy | d_moy | s_store_id |      sumsales      | rk  
----------------------------------------------------+----------------------------------------------------+----------------------------------------------------+----------------+--------+-------+-------+------------+--------------------+-----
 Books                                              | arts                                               | amalgmaxi #10                                      |                |        |       |       |            |          825916.66 |  72
 Books                                              | arts                                               | amalgmaxi #12                                      |                |        |       |       |            |         1705676.21 |  21
 Books                                              | arts                                               | amalgmaxi #2                                       |                |        |       |       |            |  1517189.149999999 |  26
 Books                                              | arts                                               | amalgmaxi #4                                       |                |        |       |       |            |  709127.9299999995 |  84
 Books                                              | arts                                               | amalgmaxi #6                                       |                |        |       |       |            | 1666748.9200000002 |  22
 Books                                              | arts                                               | amalgmaxi #8                                       |                |        |       |       |            |         1353457.42 |  33
 Books                                              | arts                                               | amalgmaxi #9                                       |                |        |       |       |            |           633214.1 |  94
 Books                                              | arts                                               |                                                    |                |        |       |       |            |  8792741.140000021 |   2
 Books                                              | business                                           | importomaxi #12                                    |                |        |       |       |            |  851198.1300000006 |  70
 Books                                              | business                                           | importomaxi #2                                     |                |        |       |       |            |  1529581.120000001 |  24
 Books                                              | business                                           | importomaxi #4                                     |                |        |       |       |            |  626651.4500000004 |  95
 Books                                              | business                                           | importomaxi #6                                     |                |        |       |       |            | 1148723.6499999997 |  44
 Books                                              | business                                           | importomaxi #8                                     |                |        |       |       |            |         1044101.28 |  52
 Books                                              | business                                           |                                                    |                |        |       |       |            |  6417878.540000009 |   9
 Books                                              | computers                                          | exportimaxi #12                                    |                |        |       |       |            |  823959.1799999996 |  73
 Books                                              | computers                                          | exportimaxi #2                                     |                |        |       |       |            |  1314910.150000001 |  34
 Books                                              | computers                                          | exportimaxi #3                                     |                |        |       |       |            |  723420.8099999991 |  83
 Books                                              | computers                                          | exportimaxi #6                                     |                |        |       |       |            |  944518.4799999996 |  63
 Books                                              | computers                                          | exportimaxi #8                                     |                |        |       |       |            | 1020080.9899999996 |  55
 Books                                              | computers                                          |                                                    |                |        |       |       |            |  6098082.070000007 |  13
 Books                                              | cooking                                            | amalgunivamalg #10                                 |                |        |       |       |            |  788928.9799999997 |  77
 Books                                              | cooking                                            | amalgunivamalg #12                                 |                |        |       |       |            |  609654.9800000004 |  99
 Books                                              | cooking                                            | amalgunivamalg #2                                  |                |        |       |       |            |  653646.3599999998 |  91
 Books                                              | cooking                                            | amalgunivamalg #6                                  |                |        |       |       |            | 1063181.4100000006 |  50
 Books                                              | cooking                                            | amalgunivamalg #8                                  |                |        |       |       |            | 1229555.3099999996 |  39
 Books                                              | cooking                                            |                                                    |                |        |       |       |            |  5826815.919999995 |  15
 Books                                              | entertainments                                     | edu packmaxi #10                                   |                |        |       |       |            |  861530.1700000005 |  69
 Books                                              | entertainments                                     | edu packmaxi #12                                   |                |        |       |       |            |  991108.9000000008 |  59
 Books                                              | entertainments                                     | edu packmaxi #2                                    |                |        |       |       |            |         1228874.75 |  40
 Books                                              | entertainments                                     | edu packmaxi #6                                    |                |        |       |       |            | 1022575.4099999992 |  54
 Books                                              | entertainments                                     | edu packmaxi #8                                    |                |        |       |       |            | 2023649.8999999994 |  18
 Books                                              | entertainments                                     |                                                    |                |        |       |       |            | 7100583.4000000125 |   6
 Books                                              | fiction                                            | scholarunivamalg #10                               |                |        |       |       |            |  700197.7899999995 |  87
 Books                                              | fiction                                            | scholarunivamalg #12                               |                |        |       |       |            | 1055226.0099999998 |  51
 Books                                              | fiction                                            | scholarunivamalg #2                                |                |        |       |       |            |  1518431.590000001 |  25
 Books                                              | fiction                                            | scholarunivamalg #6                                |                |        |       |       |            |  1469014.640000001 |  29
 Books                                              | fiction                                            | scholarunivamalg #8                                |                |        |       |       |            |         1386502.18 |  32
 Books                                              | fiction                                            |                                                    |                |        |       |       |            |  7639013.759999988 |   3
 Books                                              | history                                            | scholarmaxi #12                                    |                |        |       |       |            |  637274.4400000002 |  93
 Books                                              | history                                            | scholarmaxi #2                                     |                |        |       |       |            |  1904807.180000001 |  19
 Books                                              | history                                            | scholarmaxi #3                                     |                |        |       |       |            |  702546.1399999995 |  86
 Books                                              | history                                            | scholarmaxi #4                                     |                |        |       |       |            |  753743.6600000006 |  79
 Books                                              | history                                            | scholarmaxi #8                                     |                |        |       |       |            |  940585.5099999995 |  64
 Books                                              | history                                            | scholarmaxi #9                                     |                |        |       |       |            |          723672.42 |  82
 Books                                              | history                                            |                                                    |                |        |       |       |            |  6788270.359999992 |   7
 Books                                              | home repair                                        | importounivamalg #10                               |                |        |       |       |            |  975342.8499999996 |  61
 Books                                              | home repair                                        | importounivamalg #12                               |                |        |       |       |            |  1803152.569999997 |  20
 Books                                              | home repair                                        | importounivamalg #2                                |                |        |       |       |            |  1194575.870000001 |  42
 Books                                              | home repair                                        | importounivamalg #4                                |                |        |       |       |            |  615001.1300000002 |  97
 Books                                              | home repair                                        | importounivamalg #6                                |                |        |       |       |            | 1070022.6199999996 |  49
 Books                                              | home repair                                        | importounivamalg #9                                |                |        |       |       |            |  656373.3300000001 |  90
 Books                                              | home repair                                        |                                                    |                |        |       |       |            |  7265036.380000006 |   4
 Books                                              | mystery                                            | corpunivamalg #12                                  |                |        |       |       |            | 1660907.6700000004 |  23
 Books                                              | mystery                                            | corpunivamalg #6                                   |                |        |       |       |            |  1013330.510000001 |  58
 Books                                              | mystery                                            | corpunivamalg #8                                   |                |        |       |       |            | 1492948.0100000012 |  28
 Books                                              | mystery                                            |                                                    |                |        |       |       |            |  6243913.769999981 |  10
 Books                                              | parenting                                          | corpmaxi #12                                       |                |        |       |       |            | 1433789.2699999998 |  30
 Books                                              | parenting                                          | corpmaxi #2                                        |                |        |       |       |            |             820276 |  74
 Books                                              | parenting                                          | corpmaxi #4                                        |                |        |       |       |            |  696273.9899999995 |  88
 Books                                              | parenting                                          | corpmaxi #6                                        |                |        |       |       |            | 1308756.1400000004 |  35
 Books                                              | parenting                                          | corpmaxi #8                                        |                |        |       |       |            |  922966.1200000005 |  67
 Books                                              | parenting                                          |                                                    |                |        |       |       |            |  6159456.279999998 |  12
 Books                                              | reference                                          | brandmaxi #12                                      |                |        |       |       |            | 1122347.2499999984 |  47
 Books                                              | reference                                          | brandmaxi #2                                       |                |        |       |       |            |  736861.0700000001 |  81
 Books                                              | reference                                          | brandmaxi #3                                       |                |        |       |       |            |  603806.8300000003 | 100
 Books                                              | reference                                          | brandmaxi #4                                       |                |        |       |       |            | 1017006.7599999997 |  56
 Books                                              | reference                                          | brandmaxi #8                                       |                |        |       |       |            |  902121.7199999999 |  68
 Books                                              | reference                                          |                                                    |                |        |       |       |            |  5832296.140000014 |  14
 Books                                              | romance                                            | namelessmaxi #12                                   |                |        |       |       |            | 1144258.2899999984 |  45
 Books                                              | romance                                            | namelessmaxi #2                                    |                |        |       |       |            |  805251.8100000002 |  76
 Books                                              | romance                                            | namelessmaxi #6                                    |                |        |       |       |            | 1206284.1099999999 |  41
 Books                                              | romance                                            | namelessmaxi #8                                    |                |        |       |       |            |   989469.510000001 |  60
 Books                                              | romance                                            |                                                    |                |        |       |       |            |  5668401.739999984 |  17
 Books                                              | science                                            | maximaxi #12                                       |                |        |       |       |            | 1306243.7400000023 |  36
 Books                                              | science                                            | maximaxi #2                                        |                |        |       |       |            |  962167.1699999992 |  62
 Books                                              | science                                            | maximaxi #4                                        |                |        |       |       |            |  611117.2699999999 |  98
 Books                                              | science                                            | maximaxi #6                                        |                |        |       |       |            | 1042916.1300000004 |  53
 Books                                              | science                                            | maximaxi #8                                        |                |        |       |       |            |  750099.5999999989 |  80
 Books                                              | science                                            |                                                    |                |        |       |       |            |  5794575.660000005 |  16
 Books                                              | self-help                                          | exportiunivamalg #10                               |                |        |       |       |            |  674242.6299999999 |  89
 Books                                              | self-help                                          | exportiunivamalg #12                               |                |        |       |       |            |  755341.6599999998 |  78
 Books                                              | self-help                                          | exportiunivamalg #2                                |                |        |       |       |            |  924965.0499999998 |  66
 Books                                              | self-help                                          | exportiunivamalg #3                                |                |        |       |       |            |  651730.7500000001 |  92
 Books                                              | self-help                                          | exportiunivamalg #4                                |                |        |       |       |            |  708429.7999999999 |  85
 Books                                              | self-help                                          | exportiunivamalg #6                                |                |        |       |       |            |  933924.1400000004 |  65
 Books                                              | self-help                                          | exportiunivamalg #8                                |                |        |       |       |            | 1252196.4900000014 |  38
 Books                                              | self-help                                          |                                                    |                |        |       |       |            |  6222999.690000012 |  11
 Books                                              | sports                                             | edu packunivamalg #10                              |                |        |       |       |            |  837186.7799999993 |  71
 Books                                              | sports                                             | edu packunivamalg #12                              |                |        |       |       |            |  807112.2899999996 |  75
 Books                                              | sports                                             | edu packunivamalg #6                               |                |        |       |       |            | 1513096.0899999999 |  27
 Books                                              | sports                                             | edu packunivamalg #8                               |                |        |       |       |            | 1174500.9199999995 |  43
 Books                                              | sports                                             | edu packunivamalg #9                               |                |        |       |       |            |  622606.8399999996 |  96
 Books                                              | sports                                             |                                                    |                |        |       |       |            | 6493746.5900000045 |   8
 Books                                              | travel                                             | univunivamalg #10                                  |                |        |       |       |            | 1100089.4400000006 |  48
 Books                                              | travel                                             | univunivamalg #12                                  |                |        |       |       |            | 1015058.4400000008 |  57
 Books                                              | travel                                             | univunivamalg #2                                   |                |        |       |       |            | 1136263.2999999998 |  46
 Books                                              | travel                                             | univunivamalg #6                                   |                |        |       |       |            | 1413943.4399999997 |  31
 Books                                              | travel                                             | univunivamalg #8                                   |                |        |       |       |            | 1278245.7400000007 |  37
 Books                                              | travel                                             |                                                    |                |        |       |       |            |  7238781.889999985 |   5
 Books                                              |                                                    |                                                    |                |        |       |       |            | 105582593.33000068 |   1
(100 rows)

UPDATE time_statistics SET e_time = TRANSACTION_TIMESTAMP() WHERE template = 'query67.tpl' AND stream = 1;
psql:/tmp/s1-basline/throughput/query_1.sql:2614: NOTICE:  duration: 0.053 ms  plan:
Query Text: UPDATE time_statistics SET e_time = TRANSACTION_TIMESTAMP() WHERE template = 'query67.tpl' AND stream = 1;
Update on time_statistics  (cost=0.00..5.72 rows=0 width=0) (actual time=0.053..0.053 rows=0 loops=1)
  ->  Seq Scan on time_statistics  (cost=0.00..5.72 rows=1 width=14) (actual time=0.030..0.038 rows=1 loops=1)
        Filter: ((template = 'query67.tpl'::text) AND (stream = 1))
        Rows Removed by Filter: 184
UPDATE 1
LOAD 'auto_explain'; SET auto_explain.log_min_duration TO 0; SET auto_explain.log_analyze TO on; SET auto_explain.log_level TO notice; INSERT INTO time_statistics (template, s_time, stream, query, seed) VALUES ('query9.tpl', TRANSACTION_TIMESTAMP(), 1, 48, 1058860670);
LOAD
SET
SET
SET
psql:/tmp/s1-basline/throughput/query_1.sql:2615: NOTICE:  duration: 0.009 ms  plan:
Query Text: INSERT INTO time_statistics (template, s_time, stream, query, seed) VALUES ('query9.tpl', TRANSACTION_TIMESTAMP(), 1, 48, 1058860670);
Insert on time_statistics  (cost=0.00..0.01 rows=0 width=0) (actual time=0.008..0.008 rows=0 loops=1)
  ->  Result  (cost=0.00..0.01 rows=1 width=64) (actual time=0.001..0.002 rows=1 loops=1)
INSERT 0 1
select case when (select count(*) 
                  from store_sales 
                  where ss_quantity between 1 and 20) > 3811
            then (select avg(ss_ext_list_price) 
                  from store_sales 
                  where ss_quantity between 1 and 20) 
            else (select avg(ss_net_profit)
                  from store_sales
                  where ss_quantity between 1 and 20) end bucket1 ,
       case when (select count(*)
                  from store_sales
                  where ss_quantity between 21 and 40) > 6080
            then (select avg(ss_ext_list_price)
                  from store_sales
                  where ss_quantity between 21 and 40) 
            else (select avg(ss_net_profit)
                  from store_sales
                  where ss_quantity between 21 and 40) end bucket2,
       case when (select count(*)
                  from store_sales
                  where ss_quantity between 41 and 60) > 40060
            then (select avg(ss_ext_list_price)
                  from store_sales
                  where ss_quantity between 41 and 60)
            else (select avg(ss_net_profit)
                  from store_sales
                  where ss_quantity between 41 and 60) end bucket3,
       case when (select count(*)
                  from store_sales
                  where ss_quantity between 61 and 80) > 23784
            then (select avg(ss_ext_list_price)
                  from store_sales
                  where ss_quantity between 61 and 80)
            else (select avg(ss_net_profit)
                  from store_sales
                  where ss_quantity between 61 and 80) end bucket4,
       case when (select count(*)
                  from store_sales
                  where ss_quantity between 81 and 100) > 44730
            then (select avg(ss_ext_list_price)
                  from store_sales
                  where ss_quantity between 81 and 100)
            else (select avg(ss_net_profit)
                  from store_sales
                  where ss_quantity between 81 and 100) end bucket5
from reason
where r_reason_sk = 1
;
psql:/tmp/s1-basline/throughput/query_1.sql:2663: NOTICE:  duration: 2256.577 ms  plan:
Query Text: select case when (select count(*) 
                  from store_sales 
                  where ss_quantity between 1 and 20) > 3811
            then (select avg(ss_ext_list_price) 
                  from store_sales 
                  where ss_quantity between 1 and 20) 
            else (select avg(ss_net_profit)
                  from store_sales
                  where ss_quantity between 1 and 20) end bucket1 ,
       case when (select count(*)
                  from store_sales
                  where ss_quantity between 21 and 40) > 6080
            then (select avg(ss_ext_list_price)
                  from store_sales
                  where ss_quantity between 21 and 40) 
            else (select avg(ss_net_profit)
                  from store_sales
                  where ss_quantity between 21 and 40) end bucket2,
       case when (select count(*)
                  from store_sales
                  where ss_quantity between 41 and 60) > 40060
            then (select avg(ss_ext_list_price)
                  from store_sales
                  where ss_quantity between 41 and 60)
            else (select avg(ss_net_profit)
                  from store_sales
                  where ss_quantity between 41 and 60) end bucket3,
       case when (select count(*)
                  from store_sales
                  where ss_quantity between 61 and 80) > 23784
            then (select avg(ss_ext_list_price)
                  from store_sales
                  where ss_quantity between 61 and 80)
            else (select avg(ss_net_profit)
                  from store_sales
                  where ss_quantity between 61 and 80) end bucket4,
       case when (select count(*)
                  from store_sales
                  where ss_quantity between 81 and 100) > 44730
            then (select avg(ss_ext_list_price)
                  from store_sales
                  where ss_quantity between 81 and 100)
            else (select avg(ss_net_profit)
                  from store_sales
                  where ss_quantity between 81 and 100) end bucket5
from reason
where r_reason_sk = 1
;
Seq Scan on reason  (cost=1390366.58..1390368.03 rows=1 width=40) (actual time=2189.617..2256.567 rows=1 loops=1)
  Filter: (r_reason_sk = 1)
  Rows Removed by Filter: 34
  InitPlan 1 (returns $1)
    ->  Finalize Aggregate  (cost=92696.93..92696.94 rows=1 width=8) (actual time=207.656..207.775 rows=1 loops=1)
          ->  Gather  (cost=92696.72..92696.93 rows=2 width=8) (actual time=207.553..207.769 rows=3 loops=1)
                Workers Planned: 2
                Workers Launched: 2
                ->  Partial Aggregate  (cost=91696.72..91696.73 rows=1 width=8) (actual time=203.418..203.419 rows=1 loops=3)
                      ->  Parallel Seq Scan on store_sales  (cost=0.00..91119.23 rows=230996 width=0) (actual time=0.019..195.658 rows=183234 loops=3)
                            Filter: ((ss_quantity >= 1) AND (ss_quantity <= 20))
                            Rows Removed by Filter: 776075
  InitPlan 2 (returns $3)
    ->  Finalize Aggregate  (cost=92696.93..92696.94 rows=1 width=8) (actual time=229.479..229.543 rows=1 loops=1)
          ->  Gather  (cost=92696.72..92696.93 rows=2 width=32) (actual time=229.387..229.535 rows=3 loops=1)
                Workers Planned: 2
                Workers Launched: 2
                ->  Partial Aggregate  (cost=91696.72..91696.73 rows=1 width=32) (actual time=225.121..225.122 rows=1 loops=3)
                      ->  Parallel Seq Scan on store_sales store_sales_1  (cost=0.00..91119.23 rows=230996 width=8) (actual time=0.018..206.754 rows=183234 loops=3)
                            Filter: ((ss_quantity >= 1) AND (ss_quantity <= 20))
                            Rows Removed by Filter: 776075
  InitPlan 3 (returns $5)
    ->  Finalize Aggregate  (cost=92696.93..92696.94 rows=1 width=8) (never executed)
          ->  Gather  (cost=92696.72..92696.93 rows=2 width=32) (never executed)
                Workers Planned: 2
                Workers Launched: 0
                ->  Partial Aggregate  (cost=91696.72..91696.73 rows=1 width=32) (never executed)
                      ->  Parallel Seq Scan on store_sales store_sales_2  (cost=0.00..91119.23 rows=230996 width=8) (never executed)
                            Filter: ((ss_quantity >= 1) AND (ss_quantity <= 20))
  InitPlan 4 (returns $7)
    ->  Finalize Aggregate  (cost=92703.62..92703.63 rows=1 width=8) (actual time=212.204..212.269 rows=1 loops=1)
          ->  Gather  (cost=92703.41..92703.62 rows=2 width=8) (actual time=212.104..212.263 rows=3 loops=1)
                Workers Planned: 2
                Workers Launched: 2
                ->  Partial Aggregate  (cost=91703.41..91703.42 rows=1 width=8) (actual time=207.718..207.719 rows=1 loops=3)
                      ->  Parallel Seq Scan on store_sales store_sales_3  (cost=0.00..91119.23 rows=233674 width=0) (actual time=0.020..199.974 rows=183388 loops=3)
                            Filter: ((ss_quantity >= 21) AND (ss_quantity <= 40))
                            Rows Removed by Filter: 775921
  InitPlan 5 (returns $9)
    ->  Finalize Aggregate  (cost=92703.63..92703.64 rows=1 width=8) (actual time=230.614..230.673 rows=1 loops=1)
          ->  Gather  (cost=92703.41..92703.62 rows=2 width=32) (actual time=230.515..230.666 rows=3 loops=1)
                Workers Planned: 2
                Workers Launched: 2
                ->  Partial Aggregate  (cost=91703.41..91703.42 rows=1 width=32) (actual time=226.567..226.568 rows=1 loops=3)
                      ->  Parallel Seq Scan on store_sales store_sales_4  (cost=0.00..91119.23 rows=233674 width=8) (actual time=0.019..208.047 rows=183388 loops=3)
                            Filter: ((ss_quantity >= 21) AND (ss_quantity <= 40))
                            Rows Removed by Filter: 775921
  InitPlan 6 (returns $11)
    ->  Finalize Aggregate  (cost=92703.63..92703.64 rows=1 width=8) (never executed)
          ->  Gather  (cost=92703.41..92703.62 rows=2 width=32) (never executed)
                Workers Planned: 2
                Workers Launched: 0
                ->  Partial Aggregate  (cost=91703.41..91703.42 rows=1 width=32) (never executed)
                      ->  Parallel Seq Scan on store_sales store_sales_5  (cost=0.00..91119.23 rows=233674 width=8) (never executed)
                            Filter: ((ss_quantity >= 21) AND (ss_quantity <= 40))
  InitPlan 7 (returns $13)
    ->  Finalize Aggregate  (cost=92690.74..92690.74 rows=1 width=8) (actual time=208.283..208.344 rows=1 loops=1)
          ->  Gather  (cost=92690.52..92690.73 rows=2 width=8) (actual time=208.187..208.339 rows=3 loops=1)
                Workers Planned: 2
                Workers Launched: 2
                ->  Partial Aggregate  (cost=91690.52..91690.53 rows=1 width=8) (actual time=204.363..204.364 rows=1 loops=3)
                      ->  Parallel Seq Scan on store_sales store_sales_6  (cost=0.00..91119.23 rows=228518 width=0) (actual time=0.018..196.684 rows=183520 loops=3)
                            Filter: ((ss_quantity >= 41) AND (ss_quantity <= 60))
                            Rows Removed by Filter: 775789
  InitPlan 8 (returns $15)
    ->  Finalize Aggregate  (cost=92690.74..92690.75 rows=1 width=8) (actual time=230.930..230.989 rows=1 loops=1)
          ->  Gather  (cost=92690.52..92690.73 rows=2 width=32) (actual time=230.824..230.982 rows=3 loops=1)
                Workers Planned: 2
                Workers Launched: 2
                ->  Partial Aggregate  (cost=91690.52..91690.53 rows=1 width=32) (actual time=226.697..226.698 rows=1 loops=3)
                      ->  Parallel Seq Scan on store_sales store_sales_7  (cost=0.00..91119.23 rows=228518 width=8) (actual time=0.019..208.328 rows=183520 loops=3)
                            Filter: ((ss_quantity >= 41) AND (ss_quantity <= 60))
                            Rows Removed by Filter: 775789
  InitPlan 9 (returns $17)
    ->  Finalize Aggregate  (cost=92690.74..92690.75 rows=1 width=8) (never executed)
          ->  Gather  (cost=92690.52..92690.73 rows=2 width=32) (never executed)
                Workers Planned: 2
                Workers Launched: 0
                ->  Partial Aggregate  (cost=91690.52..91690.53 rows=1 width=32) (never executed)
                      ->  Parallel Seq Scan on store_sales store_sales_8  (cost=0.00..91119.23 rows=228518 width=8) (never executed)
                            Filter: ((ss_quantity >= 41) AND (ss_quantity <= 60))
  InitPlan 10 (returns $19)
    ->  Finalize Aggregate  (cost=92671.75..92671.76 rows=1 width=8) (actual time=211.283..211.344 rows=1 loops=1)
          ->  Gather  (cost=92671.53..92671.74 rows=2 width=8) (actual time=211.179..211.338 rows=3 loops=1)
                Workers Planned: 2
                Workers Launched: 2
                ->  Partial Aggregate  (cost=91671.53..91671.54 rows=1 width=8) (actual time=207.088..207.089 rows=1 loops=3)
                      ->  Parallel Seq Scan on store_sales store_sales_9  (cost=0.00..91119.23 rows=220923 width=0) (actual time=0.019..199.343 rows=182983 loops=3)
                            Filter: ((ss_quantity >= 61) AND (ss_quantity <= 80))
                            Rows Removed by Filter: 776326
  InitPlan 11 (returns $21)
    ->  Finalize Aggregate  (cost=92671.75..92671.76 rows=1 width=8) (actual time=231.029..231.087 rows=1 loops=1)
          ->  Gather  (cost=92671.53..92671.74 rows=2 width=32) (actual time=230.925..231.080 rows=3 loops=1)
                Workers Planned: 2
                Workers Launched: 2
                ->  Partial Aggregate  (cost=91671.53..91671.54 rows=1 width=32) (actual time=226.713..226.714 rows=1 loops=3)
                      ->  Parallel Seq Scan on store_sales store_sales_10  (cost=0.00..91119.23 rows=220923 width=8) (actual time=0.019..208.370 rows=182983 loops=3)
                            Filter: ((ss_quantity >= 61) AND (ss_quantity <= 80))
                            Rows Removed by Filter: 776326
  InitPlan 12 (returns $23)
    ->  Finalize Aggregate  (cost=92671.75..92671.76 rows=1 width=8) (never executed)
          ->  Gather  (cost=92671.53..92671.74 rows=2 width=32) (never executed)
                Workers Planned: 2
                Workers Launched: 0
                ->  Partial Aggregate  (cost=91671.53..91671.54 rows=1 width=32) (never executed)
                      ->  Parallel Seq Scan on store_sales store_sales_11  (cost=0.00..91119.23 rows=220923 width=8) (never executed)
                            Filter: ((ss_quantity >= 61) AND (ss_quantity <= 80))
  InitPlan 13 (returns $25)
    ->  Finalize Aggregate  (cost=92692.43..92692.44 rows=1 width=8) (actual time=205.245..205.303 rows=1 loops=1)
          ->  Gather  (cost=92692.22..92692.43 rows=2 width=8) (actual time=205.148..205.298 rows=3 loops=1)
                Workers Planned: 2
                Workers Launched: 2
                ->  Partial Aggregate  (cost=91692.22..91692.23 rows=1 width=8) (actual time=200.894..200.895 rows=1 loops=3)
                      ->  Parallel Seq Scan on store_sales store_sales_12  (cost=0.00..91119.23 rows=229197 width=0) (actual time=0.019..193.182 rows=182937 loops=3)
                            Filter: ((ss_quantity >= 81) AND (ss_quantity <= 100))
                            Rows Removed by Filter: 776373
  InitPlan 14 (returns $27)
    ->  Finalize Aggregate  (cost=92692.43..92692.44 rows=1 width=8) (actual time=222.873..289.206 rows=1 loops=1)
          ->  Gather  (cost=92692.22..92692.43 rows=2 width=32) (actual time=222.770..289.200 rows=3 loops=1)
                Workers Planned: 2
                Workers Launched: 2
                ->  Partial Aggregate  (cost=91692.22..91692.23 rows=1 width=32) (actual time=218.647..218.648 rows=1 loops=3)
                      ->  Parallel Seq Scan on store_sales store_sales_13  (cost=0.00..91119.23 rows=229197 width=8) (actual time=0.019..200.461 rows=182937 loops=3)
                            Filter: ((ss_quantity >= 81) AND (ss_quantity <= 100))
                            Rows Removed by Filter: 776373
  InitPlan 15 (returns $29)
    ->  Finalize Aggregate  (cost=92692.43..92692.44 rows=1 width=8) (never executed)
          ->  Gather  (cost=92692.22..92692.43 rows=2 width=32) (never executed)
                Workers Planned: 2
                Workers Launched: 0
                ->  Partial Aggregate  (cost=91692.22..91692.23 rows=1 width=32) (never executed)
                      ->  Parallel Seq Scan on store_sales store_sales_14  (cost=0.00..91119.23 rows=229197 width=8) (never executed)
                            Filter: ((ss_quantity >= 81) AND (ss_quantity <= 100))
      bucket1      |      bucket2      |      bucket3       |      bucket4      |      bucket5      
-------------------+-------------------+--------------------+-------------------+-------------------
 794.6647620750997 | 2309.694348714463 | 3823.9644962591624 | 5347.409730224324 | 6855.720479979238
(1 row)

UPDATE time_statistics SET e_time = TRANSACTION_TIMESTAMP() WHERE template = 'query9.tpl' AND stream = 1;
psql:/tmp/s1-basline/throughput/query_1.sql:2665: NOTICE:  duration: 0.048 ms  plan:
Query Text: UPDATE time_statistics SET e_time = TRANSACTION_TIMESTAMP() WHERE template = 'query9.tpl' AND stream = 1;
Update on time_statistics  (cost=0.00..5.72 rows=0 width=0) (actual time=0.047..0.047 rows=0 loops=1)
  ->  Seq Scan on time_statistics  (cost=0.00..5.72 rows=1 width=14) (actual time=0.026..0.032 rows=1 loops=1)
        Filter: ((template = 'query9.tpl'::text) AND (stream = 1))
        Rows Removed by Filter: 185
UPDATE 1
LOAD 'auto_explain'; SET auto_explain.log_min_duration TO 0; SET auto_explain.log_analyze TO on; SET auto_explain.log_level TO notice; INSERT INTO time_statistics (template, s_time, stream, query, seed) VALUES ('query25.tpl', TRANSACTION_TIMESTAMP(), 1, 49, 1038503900);
LOAD
SET
SET
SET
psql:/tmp/s1-basline/throughput/query_1.sql:2666: NOTICE:  duration: 0.008 ms  plan:
Query Text: INSERT INTO time_statistics (template, s_time, stream, query, seed) VALUES ('query25.tpl', TRANSACTION_TIMESTAMP(), 1, 49, 1038503900);
Insert on time_statistics  (cost=0.00..0.01 rows=0 width=0) (actual time=0.008..0.008 rows=0 loops=1)
  ->  Result  (cost=0.00..0.01 rows=1 width=64) (actual time=0.001..0.001 rows=1 loops=1)
INSERT 0 1
select  
 i_item_id
 ,i_item_desc
 ,s_store_id
 ,s_store_name
 ,min(ss_net_profit) as store_sales_profit
 ,min(sr_net_loss) as store_returns_loss
 ,min(cs_net_profit) as catalog_sales_profit
 from
 store_sales
 ,store_returns
 ,catalog_sales
 ,date_dim d1
 ,date_dim d2
 ,date_dim d3
 ,store
 ,item
 where
 d1.d_moy = 4
 and d1.d_year = 1998
 and d1.d_date_sk = ss_sold_date_sk
 and i_item_sk = ss_item_sk
 and s_store_sk = ss_store_sk
 and ss_customer_sk = sr_customer_sk
 and ss_item_sk = sr_item_sk
 and ss_ticket_number = sr_ticket_number
 and sr_returned_date_sk = d2.d_date_sk
 and d2.d_moy               between 4 and  10
 and d2.d_year              = 1998
 and sr_customer_sk = cs_bill_customer_sk
 and sr_item_sk = cs_item_sk
 and cs_sold_date_sk = d3.d_date_sk
 and d3.d_moy               between 4 and  10 
 and d3.d_year              = 1998
 group by
 i_item_id
 ,i_item_desc
 ,s_store_id
 ,s_store_name
 order by
 i_item_id
 ,i_item_desc
 ,s_store_id
 ,s_store_name
 limit 100;
psql:/tmp/s1-basline/throughput/query_1.sql:2711: NOTICE:  duration: 1335.206 ms  plan:
Query Text: select  
 i_item_id
 ,i_item_desc
 ,s_store_id
 ,s_store_name
 ,min(ss_net_profit) as store_sales_profit
 ,min(sr_net_loss) as store_returns_loss
 ,min(cs_net_profit) as catalog_sales_profit
 from
 store_sales
 ,store_returns
 ,catalog_sales
 ,date_dim d1
 ,date_dim d2
 ,date_dim d3
 ,store
 ,item
 where
 d1.d_moy = 4
 and d1.d_year = 1998
 and d1.d_date_sk = ss_sold_date_sk
 and i_item_sk = ss_item_sk
 and s_store_sk = ss_store_sk
 and ss_customer_sk = sr_customer_sk
 and ss_item_sk = sr_item_sk
 and ss_ticket_number = sr_ticket_number
 and sr_returned_date_sk = d2.d_date_sk
 and d2.d_moy               between 4 and  10
 and d2.d_year              = 1998
 and sr_customer_sk = cs_bill_customer_sk
 and sr_item_sk = cs_item_sk
 and cs_sold_date_sk = d3.d_date_sk
 and d3.d_moy               between 4 and  10 
 and d3.d_year              = 1998
 group by
 i_item_id
 ,i_item_desc
 ,s_store_id
 ,s_store_name
 order by
 i_item_id
 ,i_item_desc
 ,s_store_id
 ,s_store_name
 limit 100;
Limit  (cost=11560.51..11560.54 rows=1 width=165) (actual time=1335.187..1335.193 rows=2 loops=1)
  ->  GroupAggregate  (cost=11560.51..11560.54 rows=1 width=165) (actual time=1335.185..1335.191 rows=2 loops=1)
        Group Key: item.i_item_id, item.i_item_desc, store.s_store_id, store.s_store_name
        ->  Sort  (cost=11560.51..11560.51 rows=1 width=165) (actual time=1335.174..1335.178 rows=2 loops=1)
              Sort Key: item.i_item_id, item.i_item_desc, store.s_store_id, store.s_store_name
              Sort Method: quicksort  Memory: 25kB
              ->  Nested Loop  (cost=2.15..11560.50 rows=1 width=165) (actual time=88.182..1335.159 rows=2 loops=1)
                    ->  Nested Loop  (cost=1.86..11560.19 rows=1 width=70) (actual time=88.174..1335.144 rows=2 loops=1)
                          Join Filter: (store_sales.ss_store_sk = store.s_store_sk)
                          Rows Removed by Join Filter: 6
                          ->  Nested Loop  (cost=1.86..11558.92 rows=1 width=56) (actual time=88.166..1335.126 rows=2 loops=1)
                                ->  Nested Loop  (cost=1.57..11558.60 rows=1 width=64) (actual time=88.162..1335.103 rows=5 loops=1)
                                      ->  Nested Loop  (cost=1.28..11558.29 rows=1 width=72) (actual time=88.153..1334.986 rows=22 loops=1)
                                            ->  Nested Loop  (cost=0.85..11556.07 rows=1 width=64) (actual time=4.375..113.705 rows=14032 loops=1)
                                                  ->  Nested Loop  (cost=0.42..10928.17 rows=804 width=32) (actual time=4.365..32.615 rows=18907 loops=1)
                                                        ->  Seq Scan on date_dim d2  (cost=0.00..2683.36 rows=212 width=8) (actual time=4.355..9.414 rows=214 loops=1)
                                                              Filter: ((d_moy >= 4) AND (d_moy <= 10) AND (d_year = 1998))
                                                              Rows Removed by Filter: 72835
                                                        ->  Index Scan using i_sr_returned_date_sk on store_returns  (cost=0.42..37.49 rows=140 width=40) (actual time=0.003..0.085 rows=88 loops=214)
                                                              Index Cond: (sr_returned_date_sk = d2.d_date_sk)
                                                  ->  Index Scan using pk_store_sales on store_sales  (cost=0.43..0.77 rows=1 width=48) (actual time=0.004..0.004 rows=1 loops=18907)
                                                        Index Cond: ((ss_item_sk = store_returns.sr_item_sk) AND (ss_ticket_number = store_returns.sr_ticket_number))
                                                        Filter: (store_returns.sr_customer_sk = ss_customer_sk)
                                                        Rows Removed by Filter: 0
                                            ->  Index Scan using pk_catalog_sales on catalog_sales  (cost=0.43..2.21 rows=1 width=32) (actual time=0.087..0.087 rows=0 loops=14032)
                                                  Index Cond: (cs_item_sk = store_sales.ss_item_sk)
                                                  Filter: (store_sales.ss_customer_sk = cs_bill_customer_sk)
                                                  Rows Removed by Filter: 107
                                      ->  Index Scan using pk_date_dim on date_dim d1  (cost=0.29..0.32 rows=1 width=8) (actual time=0.004..0.004 rows=0 loops=22)
                                            Index Cond: (d_date_sk = store_sales.ss_sold_date_sk)
                                            Filter: ((d_moy = 4) AND (d_year = 1998))
                                            Rows Removed by Filter: 1
                                ->  Index Scan using pk_date_dim on date_dim d3  (cost=0.29..0.32 rows=1 width=8) (actual time=0.003..0.003 rows=0 loops=5)
                                      Index Cond: (d_date_sk = catalog_sales.cs_sold_date_sk)
                                      Filter: ((d_moy >= 4) AND (d_moy <= 10) AND (d_year = 1998))
                                      Rows Removed by Filter: 1
                          ->  Seq Scan on store  (cost=0.00..1.12 rows=12 width=30) (actual time=0.004..0.005 rows=4 loops=2)
                    ->  Index Scan using pk_item on item  (cost=0.29..0.31 rows=1 width=127) (actual time=0.005..0.005 rows=1 loops=2)
                          Index Cond: (i_item_sk = store_sales.ss_item_sk)
    i_item_id     |                                i_item_desc                                |    s_store_id    | s_store_name | store_sales_profit | store_returns_loss | catalog_sales_profit 
------------------+---------------------------------------------------------------------------+------------------+--------------+--------------------+--------------------+----------------------
 AAAAAAAAEHHCAAAA | Always young pages                                                        | AAAAAAAABAAAAAAA | ought        |            -170.61 |             132.73 |               2569.4
 AAAAAAAALKHDAAAA | Arrangements deflect for a posts. Interesting periods help just crucial u | AAAAAAAAHAAAAAAA | ation        |            -174.06 |              74.47 |                -1.15
(2 rows)

UPDATE time_statistics SET e_time = TRANSACTION_TIMESTAMP() WHERE template = 'query25.tpl' AND stream = 1;
psql:/tmp/s1-basline/throughput/query_1.sql:2713: NOTICE:  duration: 0.046 ms  plan:
Query Text: UPDATE time_statistics SET e_time = TRANSACTION_TIMESTAMP() WHERE template = 'query25.tpl' AND stream = 1;
Update on time_statistics  (cost=0.00..5.72 rows=0 width=0) (actual time=0.045..0.046 rows=0 loops=1)
  ->  Seq Scan on time_statistics  (cost=0.00..5.72 rows=1 width=14) (actual time=0.025..0.032 rows=1 loops=1)
        Filter: ((template = 'query25.tpl'::text) AND (stream = 1))
        Rows Removed by Filter: 186
UPDATE 1
LOAD 'auto_explain'; SET auto_explain.log_min_duration TO 0; SET auto_explain.log_analyze TO on; SET auto_explain.log_level TO notice; INSERT INTO time_statistics (template, s_time, stream, query, seed) VALUES ('../query_postgresql/query37.tpl', TRANSACTION_TIMESTAMP(), 1, 50, 1995057007);
LOAD
SET
SET
SET
psql:/tmp/s1-basline/throughput/query_1.sql:2714: NOTICE:  duration: 0.008 ms  plan:
Query Text: INSERT INTO time_statistics (template, s_time, stream, query, seed) VALUES ('../query_postgresql/query37.tpl', TRANSACTION_TIMESTAMP(), 1, 50, 1995057007);
Insert on time_statistics  (cost=0.00..0.01 rows=0 width=0) (actual time=0.008..0.008 rows=0 loops=1)
  ->  Result  (cost=0.00..0.01 rows=1 width=64) (actual time=0.001..0.001 rows=1 loops=1)
INSERT 0 1
select  i_item_id
       ,i_item_desc
       ,i_current_price
 from item, inventory, date_dim, catalog_sales
 where i_current_price between 61 and 61 + 30
 and inv_item_sk = i_item_sk
 and d_date_sk=inv_date_sk
 and d_date between cast('2002-05-14' as date) and (cast('2002-05-14' as date) +  INTERVAL '60 days')
 and i_manufact_id in (948,840,973,900)
 and inv_quantity_on_hand between 100 and 500
 and cs_item_sk = i_item_sk
 group by i_item_id,i_item_desc,i_current_price
 order by i_item_id
 limit 100;
psql:/tmp/s1-basline/throughput/query_1.sql:2728: NOTICE:  duration: 6.724 ms  plan:
Query Text: select  i_item_id
       ,i_item_desc
       ,i_current_price
 from item, inventory, date_dim, catalog_sales
 where i_current_price between 61 and 61 + 30
 and inv_item_sk = i_item_sk
 and d_date_sk=inv_date_sk
 and d_date between cast('2002-05-14' as date) and (cast('2002-05-14' as date) +  INTERVAL '60 days')
 and i_manufact_id in (948,840,973,900)
 and inv_quantity_on_hand between 100 and 500
 and cs_item_sk = i_item_sk
 group by i_item_id,i_item_desc,i_current_price
 order by i_item_id
 limit 100;
Limit  (cost=2288.37..2289.24 rows=2 width=127) (actual time=6.721..6.722 rows=0 loops=1)
  ->  Group  (cost=2288.37..2289.24 rows=2 width=127) (actual time=6.720..6.722 rows=0 loops=1)
        Group Key: item.i_item_id, item.i_item_desc, item.i_current_price
        ->  Sort  (cost=2288.37..2288.59 rows=87 width=127) (actual time=6.720..6.721 rows=0 loops=1)
              Sort Key: item.i_item_id, item.i_item_desc, item.i_current_price
              Sort Method: quicksort  Memory: 25kB
              ->  Nested Loop  (cost=1.28..2285.57 rows=87 width=127) (actual time=6.715..6.716 rows=0 loops=1)
                    ->  Nested Loop  (cost=0.85..2282.72 rows=1 width=143) (actual time=6.715..6.716 rows=0 loops=1)
                          ->  Seq Scan on item  (cost=0.00..1616.00 rows=2 width=135) (actual time=6.715..6.715 rows=0 loops=1)
                                Filter: ((i_current_price >= '61'::double precision) AND (i_current_price <= '91'::double precision) AND (i_manufact_id = ANY ('{948,840,973,900}'::integer[])))
                                Rows Removed by Filter: 18000
                          ->  Nested Loop  (cost=0.85..332.71 rows=65 width=8) (never executed)
                                ->  Index Scan using i_d_date on date_dim  (cost=0.29..4.79 rows=65 width=8) (never executed)
                                      Index Cond: ((d_date >= '2002-05-14'::date) AND (d_date <= '2002-07-13 00:00:00'::timestamp without time zone))
                                ->  Index Scan using pk_inventory on inventory  (cost=0.56..5.03 rows=1 width=16) (never executed)
                                      Index Cond: ((inv_date_sk = date_dim.d_date_sk) AND (inv_item_sk = item.i_item_sk))
                                      Filter: ((inv_quantity_on_hand >= 100) AND (inv_quantity_on_hand <= 500))
                    ->  Index Only Scan using pk_catalog_sales on catalog_sales  (cost=0.43..1.97 rows=88 width=8) (never executed)
                          Index Cond: (cs_item_sk = inventory.inv_item_sk)
                          Heap Fetches: 0
 i_item_id | i_item_desc | i_current_price 
-----------+-------------+-----------------
(0 rows)

UPDATE time_statistics SET e_time = TRANSACTION_TIMESTAMP() WHERE template = '../query_postgresql/query37.tpl' AND stream = 1;
psql:/tmp/s1-basline/throughput/query_1.sql:2730: NOTICE:  duration: 0.032 ms  plan:
Query Text: UPDATE time_statistics SET e_time = TRANSACTION_TIMESTAMP() WHERE template = '../query_postgresql/query37.tpl' AND stream = 1;
Update on time_statistics  (cost=0.00..5.72 rows=0 width=0) (actual time=0.032..0.032 rows=0 loops=1)
  ->  Seq Scan on time_statistics  (cost=0.00..5.72 rows=1 width=14) (actual time=0.018..0.023 rows=1 loops=1)
        Filter: ((template = '../query_postgresql/query37.tpl'::text) AND (stream = 1))
        Rows Removed by Filter: 187
UPDATE 1
LOAD 'auto_explain'; SET auto_explain.log_min_duration TO 0; SET auto_explain.log_analyze TO on; SET auto_explain.log_level TO notice; INSERT INTO time_statistics (template, s_time, stream, query, seed) VALUES ('../query_postgresql/query86.tpl', TRANSACTION_TIMESTAMP(), 1, 51, 113452391);
LOAD
SET
SET
SET
psql:/tmp/s1-basline/throughput/query_1.sql:2731: NOTICE:  duration: 0.007 ms  plan:
Query Text: INSERT INTO time_statistics (template, s_time, stream, query, seed) VALUES ('../query_postgresql/query86.tpl', TRANSACTION_TIMESTAMP(), 1, 51, 113452391);
Insert on time_statistics  (cost=0.00..0.01 rows=0 width=0) (actual time=0.007..0.007 rows=0 loops=1)
  ->  Result  (cost=0.00..0.01 rows=1 width=64) (actual time=0.001..0.001 rows=1 loops=1)
INSERT 0 1
with results as
( select sum(ws_net_paid) as total_sum, i_category, i_class, 0 as g_category, 0 as g_class 
 from
    web_sales
   ,date_dim       d1
   ,item
 where
    d1.d_month_seq between 1221 and 1221+11
 and d1.d_date_sk = ws_sold_date_sk
 and i_item_sk  = ws_item_sk
 group by i_category,i_class
 ) ,
 results_rollup as
( select total_sum ,i_category ,i_class, g_category, g_class, 0 as lochierarchy from results
  union
  select sum(total_sum) as total_sum, i_category, NULL as i_class, 0 as g_category, 1 as g_class, 1 as lochierarchy from results group by i_category
  union
  select sum(total_sum) as total_sum, NULL as i_category, NULL as i_class, 1 as g_category, 1 as g_class, 2 as lochierarchy from results)
 select 
 total_sum ,i_category ,i_class, lochierarchy 
   ,rank() over (
 	partition by lochierarchy,
 	case when g_class = 0 then i_category end 
 	order by total_sum desc) as rank_within_parent
 from
 results_rollup
 order by
   lochierarchy desc,
   case when lochierarchy = 0 then i_category end,
   rank_within_parent 
 limit 100;
psql:/tmp/s1-basline/throughput/query_1.sql:2763: NOTICE:  duration: 294.422 ms  plan:
Query Text: with results as
( select sum(ws_net_paid) as total_sum, i_category, i_class, 0 as g_category, 0 as g_class 
 from
    web_sales
   ,date_dim       d1
   ,item
 where
    d1.d_month_seq between 1221 and 1221+11
 and d1.d_date_sk = ws_sold_date_sk
 and i_item_sk  = ws_item_sk
 group by i_category,i_class
 ) ,
 results_rollup as
( select total_sum ,i_category ,i_class, g_category, g_class, 0 as lochierarchy from results
  union
  select sum(total_sum) as total_sum, i_category, NULL as i_class, 0 as g_category, 1 as g_class, 1 as lochierarchy from results group by i_category
  union
  select sum(total_sum) as total_sum, NULL as i_category, NULL as i_class, 1 as g_category, 1 as g_class, 2 as lochierarchy from results)
 select 
 total_sum ,i_category ,i_class, lochierarchy 
   ,rank() over (
 	partition by lochierarchy,
 	case when g_class = 0 then i_category end 
 	order by total_sum desc) as rank_within_parent
 from
 results_rollup
 order by
   lochierarchy desc,
   case when lochierarchy = 0 then i_category end,
   rank_within_parent 
 limit 100;
Limit  (cost=35018.18..35018.43 rows=100 width=148) (actual time=270.584..294.355 rows=100 loops=1)
  CTE results
    ->  Finalize GroupAggregate  (cost=34469.70..34747.70 rows=990 width=118) (actual time=251.242..293.612 rows=124 loops=1)
          Group Key: item.i_category, item.i_class
          ->  Gather Merge  (cost=34469.70..34722.95 rows=1980 width=110) (actual time=251.114..293.495 rows=369 loops=1)
                Workers Planned: 2
                Workers Launched: 2
                ->  Partial GroupAggregate  (cost=33469.67..33494.38 rows=990 width=110) (actual time=237.472..251.775 rows=123 loops=3)
                      Group Key: item.i_category, item.i_class
                      ->  Sort  (cost=33469.67..33473.38 rows=1481 width=110) (actual time=237.339..239.497 rows=47762 loops=3)
                            Sort Key: item.i_category, item.i_class
                            Sort Method: quicksort  Memory: 10725kB
                            Worker 0:  Sort Method: quicksort  Memory: 7529kB
                            Worker 1:  Sort Method: quicksort  Memory: 7579kB
                            ->  Nested Loop  (cost=2505.53..33391.68 rows=1481 width=110) (actual time=13.105..193.934 rows=47762 loops=3)
                                  ->  Hash Join  (cost=2505.25..32937.03 rows=1481 width=16) (actual time=13.058..98.058 rows=47762 loops=3)
                                        Hash Cond: (web_sales.ws_sold_date_sk = d1.d_date_sk)
                                        ->  Parallel Seq Scan on web_sales  (cost=0.00..29644.81 rows=299781 width=24) (actual time=0.015..45.166 rows=239825 loops=3)
                                        ->  Hash  (cost=2500.73..2500.73 rows=361 width=8) (actual time=12.980..12.981 rows=365 loops=3)
                                              Buckets: 1024  Batches: 1  Memory Usage: 23kB
                                              ->  Seq Scan on date_dim d1  (cost=0.00..2500.73 rows=361 width=8) (actual time=6.300..12.935 rows=365 loops=3)
                                                    Filter: ((d_month_seq >= 1221) AND (d_month_seq <= 1232))
                                                    Rows Removed by Filter: 72684
                                  ->  Index Scan using pk_item on item  (cost=0.29..0.31 rows=1 width=110) (actual time=0.002..0.002 rows=1 loops=143287)
                                        Index Cond: (i_item_sk = web_sales.ws_item_sk)
  ->  Sort  (cost=270.48..273.46 rows=1191 width=148) (actual time=270.583..270.589 rows=100 loops=1)
        Sort Key: results_rollup.lochierarchy DESC, (CASE WHEN (results_rollup.lochierarchy = 0) THEN results_rollup.i_category ELSE NULL::bpchar END), (rank() OVER (?))
        Sort Method: quicksort  Memory: 57kB
        ->  WindowAgg  (cost=192.21..224.96 rows=1191 width=148) (actual time=270.236..270.359 rows=136 loops=1)
              ->  Sort  (cost=192.21..195.19 rows=1191 width=108) (actual time=270.228..270.237 rows=136 loops=1)
                    Sort Key: results_rollup.lochierarchy, (CASE WHEN (results_rollup.g_class = 0) THEN results_rollup.i_category ELSE NULL::bpchar END), results_rollup.total_sum DESC
                    Sort Method: quicksort  Memory: 49kB
                    ->  Subquery Scan on results_rollup  (cost=104.56..131.36 rows=1191 width=108) (actual time=270.067..270.107 rows=136 loops=1)
                          ->  HashAggregate  (cost=104.56..116.47 rows=1191 width=84) (actual time=270.065..270.093 rows=136 loops=1)
                                Group Key: results.total_sum, results.i_category, results.i_class, results.g_category, results.g_class, (0)
                                Batches: 1  Memory Usage: 97kB
                                ->  Append  (cost=0.00..86.70 rows=1191 width=84) (actual time=251.246..269.991 rows=136 loops=1)
                                      ->  CTE Scan on results  (cost=0.00..19.80 rows=990 width=428) (actual time=251.245..269.911 rows=124 loops=1)
                                      ->  HashAggregate  (cost=24.75..26.75 rows=200 width=256) (actual time=0.046..0.050 rows=11 loops=1)
                                            Group Key: results_1.i_category
                                            Batches: 1  Memory Usage: 40kB
                                            ->  CTE Scan on results results_1  (cost=0.00..19.80 rows=990 width=212) (actual time=0.001..0.009 rows=124 loops=1)
                                      ->  Aggregate  (cost=22.28..22.29 rows=1 width=84) (actual time=0.018..0.018 rows=1 loops=1)
                                            ->  CTE Scan on results results_2  (cost=0.00..19.80 rows=990 width=8) (actual time=0.000..0.008 rows=124 loops=1)
     total_sum      |                     i_category                     |                      i_class                       | lochierarchy | rank_within_parent 
--------------------+----------------------------------------------------+----------------------------------------------------+--------------+--------------------
  328495828.0800001 |                                                    |                                                    |            2 |                  1
 33943246.879999995 | Electronics                                        |                                                    |            1 |                  1
 33881264.730000004 | Books                                              |                                                    |            1 |                  2
 33779452.650000006 | Women                                              |                                                    |            1 |                  3
 33053043.260000005 | Children                                           |                                                    |            1 |                  4
        33014839.68 | Jewelry                                            |                                                    |            1 |                  5
 32711256.490000002 | Shoes                                              |                                                    |            1 |                  6
 32028733.319999997 | Sports                                             |                                                    |            1 |                  7
 31889087.819999985 | Men                                                |                                                    |            1 |                  8
  31832345.41999999 | Music                                              |                                                    |            1 |                  9
 31337549.739999995 | Home                                               |                                                    |            1 |                 10
 1025008.0900000001 |                                                    |                                                    |            1 |                 11
 2752603.7299999995 | Books                                              | travel                                             |            0 |                  1
 2590723.9399999995 | Books                                              | fiction                                            |            0 |                  2
 2524531.3599999994 | Books                                              | arts                                               |            0 |                  3
 2495091.9899999993 | Books                                              | entertainments                                     |            0 |                  4
 2144304.7700000005 | Books                                              | business                                           |            0 |                  5
 2137335.7300000004 | Books                                              | mystery                                            |            0 |                  6
 2131130.5300000003 | Books                                              | home repair                                        |            0 |                  7
 2126770.2199999997 | Books                                              | history                                            |            0 |                  8
         2081011.76 | Books                                              | reference                                          |            0 |                  9
 2026672.4000000004 | Books                                              | parenting                                          |            0 |                 10
  1980368.180000001 | Books                                              | sports                                             |            0 |                 11
  1947906.429999999 | Books                                              | self-help                                          |            0 |                 12
 1946349.7900000005 | Books                                              | cooking                                            |            0 |                 13
  1816264.480000001 | Books                                              | science                                            |            0 |                 14
 1647289.8599999999 | Books                                              | computers                                          |            0 |                 15
 1511044.1600000001 | Books                                              | romance                                            |            0 |                 16
            21865.4 | Books                                              |                                                    |            0 |                 17
  9193366.949999996 | Children                                           | infants                                            |            0 |                  1
  8070130.690000001 | Children                                           | toddlers                                           |            0 |                  2
 7885217.3000000045 | Children                                           | school-uniforms                                    |            0 |                  3
  7844953.830000004 | Children                                           | newborn                                            |            0 |                  4
 59374.490000000005 | Children                                           |                                                    |            0 |                  5
 2810578.5399999986 | Electronics                                        | monitors                                           |            0 |                  1
         2421598.91 | Electronics                                        | wireless                                           |            0 |                  2
 2381273.5999999996 | Electronics                                        | dvd/vcr players                                    |            0 |                  3
         2365263.37 | Electronics                                        | memory                                             |            0 |                  4
         2332066.79 | Electronics                                        | cameras                                            |            0 |                  5
 2232620.8899999987 | Electronics                                        | disk drives                                        |            0 |                  6
         2148344.01 | Electronics                                        | stereo                                             |            0 |                  7
 2129014.2600000002 | Electronics                                        | musical                                            |            0 |                  8
  2128195.709999999 | Electronics                                        | audio                                              |            0 |                  9
         2127552.92 | Electronics                                        | automotive                                         |            0 |                 10
 2098498.1100000003 | Electronics                                        | portable                                           |            0 |                 11
          1849127.5 | Electronics                                        | camcorders                                         |            0 |                 12
         1847083.37 | Electronics                                        | karoke                                             |            0 |                 13
  1840549.379999999 | Electronics                                        | scanners                                           |            0 |                 14
 1770134.8600000008 | Electronics                                        | personal                                           |            0 |                 15
 1446736.5199999998 | Electronics                                        | televisions                                        |            0 |                 16
 14608.140000000001 | Electronics                                        |                                                    |            0 |                 17
         2409253.17 | Home                                               | bedding                                            |            0 |                  1
 2355802.4000000004 | Home                                               | wallpaper                                          |            0 |                  2
         2288154.34 | Home                                               | decor                                              |            0 |                  3
 2044302.3599999994 | Home                                               | glassware                                          |            0 |                  4
 2035447.0100000002 | Home                                               | rugs                                               |            0 |                  5
 2033097.6300000001 | Home                                               | paint                                              |            0 |                  6
 2007705.5099999995 | Home                                               | mattresses                                         |            0 |                  7
 1967100.3399999999 | Home                                               | blinds/shades                                      |            0 |                  8
 1963951.5600000005 | Home                                               | lighting                                           |            0 |                  9
 1931500.4900000007 | Home                                               | accent                                             |            0 |                 10
         1851932.33 | Home                                               | tables                                             |            0 |                 11
         1783806.26 | Home                                               | kids                                               |            0 |                 12
 1751432.1400000008 | Home                                               | furniture                                          |            0 |                 13
 1747703.1100000008 | Home                                               | flatware                                           |            0 |                 14
         1626127.64 | Home                                               | curtains/drapes                                    |            0 |                 15
 1485049.6199999996 | Home                                               | bathroom                                           |            0 |                 16
           55183.83 | Home                                               |                                                    |            0 |                 17
 2436403.7699999996 | Jewelry                                            | consignment                                        |            0 |                  1
 2270406.7200000007 | Jewelry                                            | birdal                                             |            0 |                  2
 2251343.1200000006 | Jewelry                                            | womens watch                                       |            0 |                  3
  2232193.499999999 | Jewelry                                            | semi-precious                                      |            0 |                  4
 2222621.4499999993 | Jewelry                                            | loose stones                                       |            0 |                  5
  2208043.019999999 | Jewelry                                            | bracelets                                          |            0 |                  6
 2159090.6299999994 | Jewelry                                            | mens watch                                         |            0 |                  7
 2116714.4699999993 | Jewelry                                            | pendants                                           |            0 |                  8
  2111435.160000001 | Jewelry                                            | custom                                             |            0 |                  9
 2005313.2800000005 | Jewelry                                            | rings                                              |            0 |                 10
 1991312.4100000001 | Jewelry                                            | diamonds                                           |            0 |                 11
 1962857.4300000002 | Jewelry                                            | gold                                               |            0 |                 12
         1862883.81 | Jewelry                                            | costume                                            |            0 |                 13
          1837642.1 | Jewelry                                            | jewelry boxes                                      |            0 |                 14
 1655779.3299999998 | Jewelry                                            | estate                                             |            0 |                 15
 1640601.1199999996 | Jewelry                                            | earings                                            |            0 |                 16
           50198.36 | Jewelry                                            |                                                    |            0 |                 17
  8497197.169999994 | Men                                                | accessories                                        |            0 |                  1
  8059108.539999995 | Men                                                | sports-apparel                                     |            0 |                  2
  7838588.560000002 | Men                                                | shirts                                             |            0 |                  3
  7447634.059999997 | Men                                                | pants                                              |            0 |                  4
 46559.490000000005 | Men                                                |                                                    |            0 |                  5
  8526864.150000002 | Music                                              | pop                                                |            0 |                  1
  8324097.589999994 | Music                                              | rock                                               |            0 |                  2
  7931190.689999995 | Music                                              | country                                            |            0 |                  3
  6978361.119999999 | Music                                              | classical                                          |            0 |                  4
           71831.87 | Music                                              |                                                    |            0 |                  5
         8473693.52 | Shoes                                              | mens                                               |            0 |                  1
  8057124.940000001 | Shoes                                              | womens                                             |            0 |                  2
  8033740.339999998 | Shoes                                              | kids                                               |            0 |                  3
  8005379.230000002 | Shoes                                              | athletic                                           |            0 |                  4
          141318.46 | Shoes                                              |                                                    |            0 |                  5
(100 rows)

UPDATE time_statistics SET e_time = TRANSACTION_TIMESTAMP() WHERE template = '../query_postgresql/query86.tpl' AND stream = 1;
psql:/tmp/s1-basline/throughput/query_1.sql:2765: NOTICE:  duration: 0.048 ms  plan:
Query Text: UPDATE time_statistics SET e_time = TRANSACTION_TIMESTAMP() WHERE template = '../query_postgresql/query86.tpl' AND stream = 1;
Update on time_statistics  (cost=0.00..5.72 rows=0 width=0) (actual time=0.048..0.048 rows=0 loops=1)
  ->  Seq Scan on time_statistics  (cost=0.00..5.72 rows=1 width=14) (actual time=0.025..0.033 rows=1 loops=1)
        Filter: ((template = '../query_postgresql/query86.tpl'::text) AND (stream = 1))
        Rows Removed by Filter: 188
UPDATE 1
LOAD 'auto_explain'; SET auto_explain.log_min_duration TO 0; SET auto_explain.log_analyze TO on; SET auto_explain.log_level TO notice; INSERT INTO time_statistics (template, s_time, stream, query, seed) VALUES ('query4.tpl', TRANSACTION_TIMESTAMP(), 1, 52, 1227702787);
LOAD
SET
SET
SET
psql:/tmp/s1-basline/throughput/query_1.sql:2766: NOTICE:  duration: 0.008 ms  plan:
Query Text: INSERT INTO time_statistics (template, s_time, stream, query, seed) VALUES ('query4.tpl', TRANSACTION_TIMESTAMP(), 1, 52, 1227702787);
Insert on time_statistics  (cost=0.00..0.01 rows=0 width=0) (actual time=0.008..0.008 rows=0 loops=1)
  ->  Result  (cost=0.00..0.01 rows=1 width=64) (actual time=0.001..0.001 rows=1 loops=1)
INSERT 0 1
with year_total as (
 select c_customer_id customer_id
       ,c_first_name customer_first_name
       ,c_last_name customer_last_name
       ,c_preferred_cust_flag customer_preferred_cust_flag
       ,c_birth_country customer_birth_country
       ,c_login customer_login
       ,c_email_address customer_email_address
       ,d_year dyear
       ,sum(((ss_ext_list_price-ss_ext_wholesale_cost-ss_ext_discount_amt)+ss_ext_sales_price)/2) year_total
       ,'s' sale_type
 from customer
     ,store_sales
     ,date_dim
 where c_customer_sk = ss_customer_sk
   and ss_sold_date_sk = d_date_sk
 group by c_customer_id
         ,c_first_name
         ,c_last_name
         ,c_preferred_cust_flag
         ,c_birth_country
         ,c_login
         ,c_email_address
         ,d_year
 union all
 select c_customer_id customer_id
       ,c_first_name customer_first_name
       ,c_last_name customer_last_name
       ,c_preferred_cust_flag customer_preferred_cust_flag
       ,c_birth_country customer_birth_country
       ,c_login customer_login
       ,c_email_address customer_email_address
       ,d_year dyear
       ,sum((((cs_ext_list_price-cs_ext_wholesale_cost-cs_ext_discount_amt)+cs_ext_sales_price)/2) ) year_total
       ,'c' sale_type
 from customer
     ,catalog_sales
     ,date_dim
 where c_customer_sk = cs_bill_customer_sk
   and cs_sold_date_sk = d_date_sk
 group by c_customer_id
         ,c_first_name
         ,c_last_name
         ,c_preferred_cust_flag
         ,c_birth_country
         ,c_login
         ,c_email_address
         ,d_year
union all
 select c_customer_id customer_id
       ,c_first_name customer_first_name
       ,c_last_name customer_last_name
       ,c_preferred_cust_flag customer_preferred_cust_flag
       ,c_birth_country customer_birth_country
       ,c_login customer_login
       ,c_email_address customer_email_address
       ,d_year dyear
       ,sum((((ws_ext_list_price-ws_ext_wholesale_cost-ws_ext_discount_amt)+ws_ext_sales_price)/2) ) year_total
       ,'w' sale_type
 from customer
     ,web_sales
     ,date_dim
 where c_customer_sk = ws_bill_customer_sk
   and ws_sold_date_sk = d_date_sk
 group by c_customer_id
         ,c_first_name
         ,c_last_name
         ,c_preferred_cust_flag
         ,c_birth_country
         ,c_login
         ,c_email_address
         ,d_year
         )
  select  
                  t_s_secyear.customer_id
                 ,t_s_secyear.customer_first_name
                 ,t_s_secyear.customer_last_name
                 ,t_s_secyear.customer_preferred_cust_flag
 from year_total t_s_firstyear
     ,year_total t_s_secyear
     ,year_total t_c_firstyear
     ,year_total t_c_secyear
     ,year_total t_w_firstyear
     ,year_total t_w_secyear
 where t_s_secyear.customer_id = t_s_firstyear.customer_id
   and t_s_firstyear.customer_id = t_c_secyear.customer_id
   and t_s_firstyear.customer_id = t_c_firstyear.customer_id
   and t_s_firstyear.customer_id = t_w_firstyear.customer_id
   and t_s_firstyear.customer_id = t_w_secyear.customer_id
   and t_s_firstyear.sale_type = 's'
   and t_c_firstyear.sale_type = 'c'
   and t_w_firstyear.sale_type = 'w'
   and t_s_secyear.sale_type = 's'
   and t_c_secyear.sale_type = 'c'
   and t_w_secyear.sale_type = 'w'
   and t_s_firstyear.dyear =  2001
   and t_s_secyear.dyear = 2001+1
   and t_c_firstyear.dyear =  2001
   and t_c_secyear.dyear =  2001+1
   and t_w_firstyear.dyear = 2001
   and t_w_secyear.dyear = 2001+1
   and t_s_firstyear.year_total > 0
   and t_c_firstyear.year_total > 0
   and t_w_firstyear.year_total > 0
   and case when t_c_firstyear.year_total > 0 then t_c_secyear.year_total / t_c_firstyear.year_total else null end
           > case when t_s_firstyear.year_total > 0 then t_s_secyear.year_total / t_s_firstyear.year_total else null end
   and case when t_c_firstyear.year_total > 0 then t_c_secyear.year_total / t_c_firstyear.year_total else null end
           > case when t_w_firstyear.year_total > 0 then t_w_secyear.year_total / t_w_firstyear.year_total else null end
 order by t_s_secyear.customer_id
         ,t_s_secyear.customer_first_name
         ,t_s_secyear.customer_last_name
         ,t_s_secyear.customer_preferred_cust_flag
limit 100;
psql:/tmp/s1-basline/throughput/query_1.sql:2879: NOTICE:  duration: 3794649.089 ms  plan:
Query Text: with year_total as (
 select c_customer_id customer_id
       ,c_first_name customer_first_name
       ,c_last_name customer_last_name
       ,c_preferred_cust_flag customer_preferred_cust_flag
       ,c_birth_country customer_birth_country
       ,c_login customer_login
       ,c_email_address customer_email_address
       ,d_year dyear
       ,sum(((ss_ext_list_price-ss_ext_wholesale_cost-ss_ext_discount_amt)+ss_ext_sales_price)/2) year_total
       ,'s' sale_type
 from customer
     ,store_sales
     ,date_dim
 where c_customer_sk = ss_customer_sk
   and ss_sold_date_sk = d_date_sk
 group by c_customer_id
         ,c_first_name
         ,c_last_name
         ,c_preferred_cust_flag
         ,c_birth_country
         ,c_login
         ,c_email_address
         ,d_year
 union all
 select c_customer_id customer_id
       ,c_first_name customer_first_name
       ,c_last_name customer_last_name
       ,c_preferred_cust_flag customer_preferred_cust_flag
       ,c_birth_country customer_birth_country
       ,c_login customer_login
       ,c_email_address customer_email_address
       ,d_year dyear
       ,sum((((cs_ext_list_price-cs_ext_wholesale_cost-cs_ext_discount_amt)+cs_ext_sales_price)/2) ) year_total
       ,'c' sale_type
 from customer
     ,catalog_sales
     ,date_dim
 where c_customer_sk = cs_bill_customer_sk
   and cs_sold_date_sk = d_date_sk
 group by c_customer_id
         ,c_first_name
         ,c_last_name
         ,c_preferred_cust_flag
         ,c_birth_country
         ,c_login
         ,c_email_address
         ,d_year
union all
 select c_customer_id customer_id
       ,c_first_name customer_first_name
       ,c_last_name customer_last_name
       ,c_preferred_cust_flag customer_preferred_cust_flag
       ,c_birth_country customer_birth_country
       ,c_login customer_login
       ,c_email_address customer_email_address
       ,d_year dyear
       ,sum((((ws_ext_list_price-ws_ext_wholesale_cost-ws_ext_discount_amt)+ws_ext_sales_price)/2) ) year_total
       ,'w' sale_type
 from customer
     ,web_sales
     ,date_dim
 where c_customer_sk = ws_bill_customer_sk
   and ws_sold_date_sk = d_date_sk
 group by c_customer_id
         ,c_first_name
         ,c_last_name
         ,c_preferred_cust_flag
         ,c_birth_country
         ,c_login
         ,c_email_address
         ,d_year
         )
  select  
                  t_s_secyear.customer_id
                 ,t_s_secyear.customer_first_name
                 ,t_s_secyear.customer_last_name
                 ,t_s_secyear.customer_preferred_cust_flag
 from year_total t_s_firstyear
     ,year_total t_s_secyear
     ,year_total t_c_firstyear
     ,year_total t_c_secyear
     ,year_total t_w_firstyear
     ,year_total t_w_secyear
 where t_s_secyear.customer_id = t_s_firstyear.customer_id
   and t_s_firstyear.customer_id = t_c_secyear.customer_id
   and t_s_firstyear.customer_id = t_c_firstyear.customer_id
   and t_s_firstyear.customer_id = t_w_firstyear.customer_id
   and t_s_firstyear.customer_id = t_w_secyear.customer_id
   and t_s_firstyear.sale_type = 's'
   and t_c_firstyear.sale_type = 'c'
   and t_w_firstyear.sale_type = 'w'
   and t_s_secyear.sale_type = 's'
   and t_c_secyear.sale_type = 'c'
   and t_w_secyear.sale_type = 'w'
   and t_s_firstyear.dyear =  2001
   and t_s_secyear.dyear = 2001+1
   and t_c_firstyear.dyear =  2001
   and t_c_secyear.dyear =  2001+1
   and t_w_firstyear.dyear = 2001
   and t_w_secyear.dyear = 2001+1
   and t_s_firstyear.year_total > 0
   and t_c_firstyear.year_total > 0
   and t_w_firstyear.year_total > 0
   and case when t_c_firstyear.year_total > 0 then t_c_secyear.year_total / t_c_firstyear.year_total else null end
           > case when t_s_firstyear.year_total > 0 then t_s_secyear.year_total / t_s_firstyear.year_total else null end
   and case when t_c_firstyear.year_total > 0 then t_c_secyear.year_total / t_c_firstyear.year_total else null end
           > case when t_w_firstyear.year_total > 0 then t_w_secyear.year_total / t_w_firstyear.year_total else null end
 order by t_s_secyear.customer_id
         ,t_s_secyear.customer_first_name
         ,t_s_secyear.customer_last_name
         ,t_s_secyear.customer_preferred_cust_flag
limit 100;
Limit  (cost=1887596.48..1887596.48 rows=1 width=284) (actual time=3794648.903..3794649.077 rows=6 loops=1)
  CTE year_total
    ->  Gather  (cost=254172.88..1136743.50 rows=4766987 width=231) (actual time=1038.292..4665.985 rows=384245 loops=1)
          Workers Planned: 2
          Workers Launched: 2
          ->  Parallel Append  (cost=253172.88..659044.80 rows=1986245 width=231) (actual time=2390.430..2741.330 rows=128082 loops=3)
                ->  HashAggregate  (cost=437718.87..622868.65 rows=2624493 width=231) (actual time=3955.572..4673.682 rows=190755 loops=1)
                      Group Key: customer.c_customer_id, customer.c_first_name, customer.c_last_name, customer.c_preferred_cust_flag, customer.c_birth_country, customer.c_login, customer.c_email_address, date_dim.d_year
                      Planned Partitions: 64
                      Worker 1:  Batches: 65  Memory Usage: 33305kB  Disk Usage: 257256kB
                      ->  Hash Join  (cost=8459.60..125137.65 rows=2624493 width=223) (actual time=106.409..1934.547 rows=2683562 loops=1)
                            Hash Cond: (store_sales.ss_sold_date_sk = date_dim.d_date_sk)
                            ->  Hash Join  (cost=5411.00..114877.49 rows=2747105 width=227) (actual time=76.776..1438.499 rows=2748429 loops=1)
                                  Hash Cond: (store_sales.ss_customer_sk = customer.c_customer_sk)
                                  ->  Seq Scan on store_sales  (cost=0.00..101911.56 rows=2877956 width=48) (actual time=0.031..323.230 rows=2877928 loops=1)
                                  ->  Hash  (cost=4161.00..4161.00 rows=100000 width=195) (actual time=76.214..76.215 rows=100000 loops=1)
                                        Buckets: 131072  Batches: 1  Memory Usage: 17780kB
                                        ->  Seq Scan on customer  (cost=0.00..4161.00 rows=100000 width=195) (actual time=0.027..43.786 rows=100000 loops=1)
                            ->  Hash  (cost=2135.49..2135.49 rows=73049 width=12) (actual time=29.074..29.075 rows=73049 loops=1)
                                  Buckets: 131072  Batches: 1  Memory Usage: 4449kB
                                  ->  Seq Scan on date_dim  (cost=0.00..2135.49 rows=73049 width=12) (actual time=0.035..18.229 rows=73049 loops=1)
                ->  HashAggregate  (cost=253172.88..353581.12 rows=1423284 width=231) (actual time=2178.093..2440.701 rows=137000 loops=1)
                      Group Key: customer_1.c_customer_id, customer_1.c_first_name, customer_1.c_last_name, customer_1.c_preferred_cust_flag, customer_1.c_birth_country, customer_1.c_login, customer_1.c_email_address, date_dim_1.d_year
                      Planned Partitions: 32
                      Worker 0:  Batches: 33  Memory Usage: 33049kB  Disk Usage: 95376kB
                      ->  Hash Join  (cost=8459.60..83657.54 rows=1423284 width=223) (actual time=105.003..1121.246 rows=1428542 loops=1)
                            Hash Cond: (catalog_sales.cs_bill_customer_sk = customer_1.c_customer_sk)
                            ->  Hash Join  (cost=3048.60..74490.35 rows=1430868 width=44) (actual time=29.196..710.013 rows=1432202 loops=1)
                                  Hash Cond: (catalog_sales.cs_sold_date_sk = date_dim_1.d_date_sk)
                                  ->  Seq Scan on catalog_sales  (cost=0.00..67663.08 rows=1439408 width=48) (actual time=0.036..221.632 rows=1439411 loops=1)
                                  ->  Hash  (cost=2135.49..2135.49 rows=73049 width=12) (actual time=28.604..28.604 rows=73049 loops=1)
                                        Buckets: 131072  Batches: 1  Memory Usage: 4449kB
                                        ->  Seq Scan on date_dim date_dim_1  (cost=0.00..2135.49 rows=73049 width=12) (actual time=0.031..17.734 rows=73049 loops=1)
                            ->  Hash  (cost=4161.00..4161.00 rows=100000 width=195) (actual time=75.272..75.273 rows=100000 loops=1)
                                  Buckets: 131072  Batches: 1  Memory Usage: 17780kB
                                  ->  Seq Scan on customer customer_1  (cost=0.00..4161.00 rows=100000 width=195) (actual time=0.040..42.939 rows=100000 loops=1)
                ->  HashAggregate  (cost=131737.36..182475.38 rows=719210 width=231) (actual time=1037.622..1054.954 rows=56490 loops=1)
                      Group Key: customer_2.c_customer_id, customer_2.c_first_name, customer_2.c_last_name, customer_2.c_preferred_cust_flag, customer_2.c_birth_country, customer_2.c_login, customer_2.c_email_address, date_dim_2.d_year
                      Planned Partitions: 16  Batches: 1  Memory Usage: 19481kB
                      ->  Hash Join  (cost=8459.60..46078.33 rows=719210 width=223) (actual time=81.812..540.534 rows=719192 loops=1)
                            Hash Cond: (web_sales.ws_sold_date_sk = date_dim_2.d_date_sk)
                            ->  Hash Join  (cost=5411.00..41141.44 rows=719306 width=227) (actual time=62.286..399.493 rows=719268 loops=1)
                                  Hash Cond: (web_sales.ws_bill_customer_sk = customer_2.c_customer_sk)
                                  ->  Seq Scan on web_sales  (cost=0.00..33841.74 rows=719474 width=48) (actual time=0.004..62.853 rows=719474 loops=1)
                                  ->  Hash  (cost=4161.00..4161.00 rows=100000 width=195) (actual time=61.763..61.764 rows=100000 loops=1)
                                        Buckets: 131072  Batches: 1  Memory Usage: 17780kB
                                        ->  Seq Scan on customer customer_2  (cost=0.00..4161.00 rows=100000 width=195) (actual time=0.004..29.531 rows=100000 loops=1)
                            ->  Hash  (cost=2135.49..2135.49 rows=73049 width=12) (actual time=19.466..19.466 rows=73049 loops=1)
                                  Buckets: 131072  Batches: 1  Memory Usage: 4449kB
                                  ->  Seq Scan on date_dim date_dim_2  (cost=0.00..2135.49 rows=73049 width=12) (actual time=0.006..10.281 rows=73049 loops=1)
  ->  Sort  (cost=750852.98..750852.98 rows=1 width=284) (actual time=3794648.902..3794648.904 rows=6 loops=1)
        Sort Key: t_s_secyear.customer_id, t_s_secyear.customer_first_name, t_s_secyear.customer_last_name, t_s_secyear.customer_preferred_cust_flag
        Sort Method: quicksort  Memory: 25kB
        ->  Nested Loop  (cost=0.00..750852.97 rows=1 width=284) (actual time=104675.811..3794648.877 rows=6 loops=1)
              Join Filter: ((t_s_secyear.customer_id = t_w_secyear.customer_id) AND (CASE WHEN (t_c_firstyear.year_total > '0'::double precision) THEN (t_c_secyear.year_total / t_c_firstyear.year_total) ELSE NULL::double precision END > CASE WHEN (t_w_firstyear.year_total > '0'::double precision) THEN (t_w_secyear.year_total / t_w_firstyear.year_total) ELSE NULL::double precision END))
              Rows Removed by Join Filter: 592110
              ->  Nested Loop  (cost=0.00..631675.32 rows=1 width=580) (actual time=104666.296..3790863.865 rows=53 loops=1)
                    Join Filter: ((t_s_secyear.customer_id = t_c_secyear.customer_id) AND (CASE WHEN (t_c_firstyear.year_total > '0'::double precision) THEN (t_c_secyear.year_total / t_c_firstyear.year_total) ELSE NULL::double precision END > CASE WHEN (t_s_firstyear.year_total > '0'::double precision) THEN (t_s_secyear.year_total / t_s_firstyear.year_total) ELSE NULL::double precision END))
                    Rows Removed by Join Filter: 11147731
                    ->  Nested Loop  (cost=0.00..512497.67 rows=1 width=520) (actual time=7389.283..3760774.994 rows=408 loops=1)
                          Join Filter: (t_s_firstyear.customer_id = t_s_secyear.customer_id)
                          Rows Removed by Join Filter: 41853336
                          ->  Nested Loop  (cost=0.00..393318.83 rows=2 width=228) (actual time=5484.124..3677369.340 rows=1104 loops=1)
                                Join Filter: (t_s_firstyear.customer_id = t_w_firstyear.customer_id)
                                Rows Removed by Join Filter: 110638281
                                ->  Nested Loop  (cost=0.00..262219.89 rows=8 width=152) (actual time=5185.196..2935547.279 rows=9981 loops=1)
                                      Join Filter: (t_s_firstyear.customer_id = t_c_firstyear.customer_id)
                                      Rows Removed by Join Filter: 1001208251
                                      ->  CTE Scan on year_total t_s_firstyear  (cost=0.00..131092.14 rows=40 width=76) (actual time=3966.554..4076.329 rows=38162 loops=1)
                                            Filter: ((year_total > '0'::double precision) AND (sale_type = 's'::text) AND (dyear = 2001))
                                            Rows Removed by Filter: 346083
                                      ->  CTE Scan on year_total t_c_firstyear  (cost=0.00..131092.14 rows=40 width=76) (actual time=10.671..74.875 rows=26236 loops=38162)
                                            Filter: ((year_total > '0'::double precision) AND (sale_type = 'c'::text) AND (dyear = 2001))
                                            Rows Removed by Filter: 358009
                                ->  CTE Scan on year_total t_w_firstyear  (cost=0.00..131092.14 rows=40 width=76) (actual time=0.002..73.521 rows=11085 loops=9981)
                                      Filter: ((year_total > '0'::double precision) AND (sale_type = 'w'::text) AND (dyear = 2001))
                                      Rows Removed by Filter: 373160
                          ->  CTE Scan on year_total t_s_secyear  (cost=0.00..119174.68 rows=119 width=292) (actual time=34.970..72.830 rows=37911 loops=1104)
                                Filter: ((sale_type = 's'::text) AND (dyear = 2002))
                                Rows Removed by Filter: 346334
                    ->  CTE Scan on year_total t_c_secyear  (cost=0.00..119174.68 rows=119 width=76) (actual time=28.979..71.845 rows=27323 loops=408)
                          Filter: ((sale_type = 'c'::text) AND (dyear = 2002))
                          Rows Removed by Filter: 356922
              ->  CTE Scan on year_total t_w_secyear  (cost=0.00..119174.68 rows=119 width=76) (actual time=0.004..70.611 rows=11172 loops=53)
                    Filter: ((sale_type = 'w'::text) AND (dyear = 2002))
                    Rows Removed by Filter: 373073
   customer_id    | customer_first_name  |       customer_last_name       | customer_preferred_cust_flag 
------------------+----------------------+--------------------------------+------------------------------
 AAAAAAAAADCGAAAA | Alexander            | Eaton                          | N
 AAAAAAAAAKIIAAAA |                      | Brooks                         | 
 AAAAAAAAGKBGBAAA | Ralph                | Garner                         | Y
 AAAAAAAAHFOHBAAA | Eric                 | Major                          | Y
 AAAAAAAAMKGHAAAA | Grace                | Hargrove                       | N
 AAAAAAAAOPOEAAAA |                      | Medina                         | 
(6 rows)

UPDATE time_statistics SET e_time = TRANSACTION_TIMESTAMP() WHERE template = 'query4.tpl' AND stream = 1;
psql:/tmp/s1-basline/throughput/query_1.sql:2881: NOTICE:  duration: 0.081 ms  plan:
Query Text: UPDATE time_statistics SET e_time = TRANSACTION_TIMESTAMP() WHERE template = 'query4.tpl' AND stream = 1;
Update on time_statistics  (cost=0.00..7.87 rows=0 width=0) (actual time=0.080..0.080 rows=0 loops=1)
  ->  Seq Scan on time_statistics  (cost=0.00..7.87 rows=1 width=14) (actual time=0.023..0.053 rows=1 loops=1)
        Filter: ((template = 'query4.tpl'::text) AND (stream = 1))
        Rows Removed by Filter: 274
UPDATE 1
LOAD 'auto_explain'; SET auto_explain.log_min_duration TO 0; SET auto_explain.log_analyze TO on; SET auto_explain.log_level TO notice; INSERT INTO time_statistics (template, s_time, stream, query, seed) VALUES ('query60.tpl', TRANSACTION_TIMESTAMP(), 1, 53, 473168731);
LOAD
SET
SET
SET
psql:/tmp/s1-basline/throughput/query_1.sql:2882: NOTICE:  duration: 0.022 ms  plan:
Query Text: INSERT INTO time_statistics (template, s_time, stream, query, seed) VALUES ('query60.tpl', TRANSACTION_TIMESTAMP(), 1, 53, 473168731);
Insert on time_statistics  (cost=0.00..0.01 rows=0 width=0) (actual time=0.021..0.022 rows=0 loops=1)
  ->  Result  (cost=0.00..0.01 rows=1 width=64) (actual time=0.001..0.002 rows=1 loops=1)
INSERT 0 1
with ss as (
 select
          i_item_id,sum(ss_ext_sales_price) total_sales
 from
 	store_sales,
 	date_dim,
         customer_address,
         item
 where
         i_item_id in (select
  i_item_id
from
 item
where i_category in ('Jewelry'))
 and     ss_item_sk              = i_item_sk
 and     ss_sold_date_sk         = d_date_sk
 and     d_year                  = 1999
 and     d_moy                   = 9
 and     ss_addr_sk              = ca_address_sk
 and     ca_gmt_offset           = -5 
 group by i_item_id),
 cs as (
 select
          i_item_id,sum(cs_ext_sales_price) total_sales
 from
 	catalog_sales,
 	date_dim,
         customer_address,
         item
 where
         i_item_id               in (select
  i_item_id
from
 item
where i_category in ('Jewelry'))
 and     cs_item_sk              = i_item_sk
 and     cs_sold_date_sk         = d_date_sk
 and     d_year                  = 1999
 and     d_moy                   = 9
 and     cs_bill_addr_sk         = ca_address_sk
 and     ca_gmt_offset           = -5 
 group by i_item_id),
 ws as (
 select
          i_item_id,sum(ws_ext_sales_price) total_sales
 from
 	web_sales,
 	date_dim,
         customer_address,
         item
 where
         i_item_id               in (select
  i_item_id
from
 item
where i_category in ('Jewelry'))
 and     ws_item_sk              = i_item_sk
 and     ws_sold_date_sk         = d_date_sk
 and     d_year                  = 1999
 and     d_moy                   = 9
 and     ws_bill_addr_sk         = ca_address_sk
 and     ca_gmt_offset           = -5
 group by i_item_id)
  select   
  i_item_id
,sum(total_sales) total_sales
 from  (select * from ss 
        union all
        select * from cs 
        union all
        select * from ws) tmp1
 group by i_item_id
 order by i_item_id
      ,total_sales
 limit 100;
psql:/tmp/s1-basline/throughput/query_1.sql:2957: NOTICE:  duration: 372.196 ms  plan:
Query Text: with ss as (
 select
          i_item_id,sum(ss_ext_sales_price) total_sales
 from
 	store_sales,
 	date_dim,
         customer_address,
         item
 where
         i_item_id in (select
  i_item_id
from
 item
where i_category in ('Jewelry'))
 and     ss_item_sk              = i_item_sk
 and     ss_sold_date_sk         = d_date_sk
 and     d_year                  = 1999
 and     d_moy                   = 9
 and     ss_addr_sk              = ca_address_sk
 and     ca_gmt_offset           = -5 
 group by i_item_id),
 cs as (
 select
          i_item_id,sum(cs_ext_sales_price) total_sales
 from
 	catalog_sales,
 	date_dim,
         customer_address,
         item
 where
         i_item_id               in (select
  i_item_id
from
 item
where i_category in ('Jewelry'))
 and     cs_item_sk              = i_item_sk
 and     cs_sold_date_sk         = d_date_sk
 and     d_year                  = 1999
 and     d_moy                   = 9
 and     cs_bill_addr_sk         = ca_address_sk
 and     ca_gmt_offset           = -5 
 group by i_item_id),
 ws as (
 select
          i_item_id,sum(ws_ext_sales_price) total_sales
 from
 	web_sales,
 	date_dim,
         customer_address,
         item
 where
         i_item_id               in (select
  i_item_id
from
 item
where i_category in ('Jewelry'))
 and     ws_item_sk              = i_item_sk
 and     ws_sold_date_sk         = d_date_sk
 and     d_year                  = 1999
 and     d_moy                   = 9
 and     ws_bill_addr_sk         = ca_address_sk
 and     ca_gmt_offset           = -5
 group by i_item_id)
  select   
  i_item_id
,sum(total_sales) total_sales
 from  (select * from ss 
        union all
        select * from cs 
        union all
        select * from ws) tmp1
 group by i_item_id
 order by i_item_id
      ,total_sales
 limit 100;
Limit  (cost=43493.63..43493.88 rows=100 width=25) (actual time=336.511..372.163 rows=100 loops=1)
  ->  Sort  (cost=43493.63..43494.00 rows=147 width=25) (actual time=336.510..372.156 rows=100 loops=1)
        Sort Key: item.i_item_id, (sum((sum(store_sales.ss_ext_sales_price))))
        Sort Method: top-N heapsort  Memory: 32kB
        ->  Finalize GroupAggregate  (cost=43471.11..43488.34 rows=147 width=25) (actual time=333.014..371.297 rows=1687 loops=1)
              Group Key: item.i_item_id
              ->  Gather Merge  (cost=43471.11..43486.26 rows=122 width=25) (actual time=333.009..370.608 rows=3538 loops=1)
                    Workers Planned: 2
                    Workers Launched: 2
                    ->  Partial GroupAggregate  (cost=42471.09..42472.15 rows=61 width=25) (actual time=198.135..198.584 rows=1179 loops=3)
                          Group Key: item.i_item_id
                          ->  Sort  (cost=42471.09..42471.24 rows=61 width=25) (actual time=198.132..198.186 rows=1179 loops=3)
                                Sort Key: item.i_item_id
                                Sort Method: quicksort  Memory: 135kB
                                Worker 0:  Sort Method: quicksort  Memory: 79kB
                                Worker 1:  Sort Method: quicksort  Memory: 156kB
                                ->  Parallel Append  (cost=13706.78..42469.28 rows=61 width=25) (actual time=196.948..197.661 rows=1179 loops=3)
                                      ->  GroupAggregate  (cost=42466.74..42468.16 rows=81 width=25) (actual time=324.204..325.169 rows=1534 loops=1)
                                            Group Key: item.i_item_id
                                            ->  Sort  (cost=42466.74..42466.95 rows=81 width=25) (actual time=324.196..324.363 rows=3888 loops=1)
                                                  Sort Key: item.i_item_id
                                                  Worker 1:  Sort Method: quicksort  Memory: 370kB
                                                  ->  Nested Loop Semi Join  (cost=1.29..42464.18 rows=81 width=25) (actual time=8.703..315.027 rows=3888 loops=1)
                                                        ->  Nested Loop  (cost=1.01..42302.72 rows=394 width=25) (actual time=8.551..207.110 rows=20728 loops=1)
                                                              ->  Nested Loop  (cost=0.72..42182.35 rows=394 width=16) (actual time=8.483..163.678 rows=20728 loops=1)
                                                                    ->  Nested Loop  (cost=0.43..41831.81 rows=1129 width=24) (actual time=8.152..77.802 rows=59585 loops=1)
                                                                          ->  Seq Scan on date_dim  (cost=0.00..2500.73 rows=30 width=8) (actual time=8.056..14.549 rows=30 loops=1)
                                                                                Filter: ((d_year = 1999) AND (d_moy = 9))
                                                                                Rows Removed by Filter: 73019
                                                                          ->  Index Scan using i_ss_sold_date_sk on store_sales  (cost=0.43..1295.96 rows=1508 width=32) (actual time=0.015..1.715 rows=1986 loops=30)
                                                                                Index Cond: (ss_sold_date_sk = date_dim.d_date_sk)
                                                                    ->  Index Scan using pk_customer_address on customer_address  (cost=0.29..0.31 rows=1 width=8) (actual time=0.001..0.001 rows=0 loops=59585)
                                                                          Index Cond: (ca_address_sk = store_sales.ss_addr_sk)
                                                                          Filter: (ca_gmt_offset = '-5'::double precision)
                                                                          Rows Removed by Filter: 1
                                                              ->  Index Scan using pk_item on item  (cost=0.29..0.31 rows=1 width=25) (actual time=0.002..0.002 rows=1 loops=20728)
                                                                    Index Cond: (i_item_sk = store_sales.ss_item_sk)
                                                        ->  Index Scan using i_i_item_id on item item_1  (cost=0.29..0.41 rows=1 width=17) (actual time=0.005..0.005 rows=0 loops=20728)
                                                              Index Cond: (i_item_id = item.i_item_id)
                                                              Filter: (i_category = 'Jewelry'::bpchar)
                                                              Rows Removed by Filter: 2
                                      ->  GroupAggregate  (cost=13706.78..13707.17 rows=22 width=25) (actual time=112.667..112.989 rows=774 loops=1)
                                            Group Key: item_2.i_item_id
                                            ->  Sort  (cost=13706.78..13706.84 rows=22 width=25) (actual time=112.658..112.699 rows=1051 loops=1)
                                                  Sort Key: item_2.i_item_id
                                                  Worker 0:  Sort Method: quicksort  Memory: 122kB
                                                  ->  Nested Loop Semi Join  (cost=1.29..13706.29 rows=22 width=25) (actual time=8.057..110.323 rows=1051 loops=1)
                                                        ->  Nested Loop  (cost=1.00..13662.04 rows=108 width=25) (actual time=7.947..79.105 rows=5694 loops=1)
                                                              ->  Nested Loop  (cost=0.71..13628.88 rows=108 width=16) (actual time=7.879..60.323 rows=5694 loops=1)
                                                                    ->  Nested Loop  (cost=0.42..13536.86 rows=295 width=24) (actual time=7.821..33.657 rows=15902 loops=1)
                                                                          ->  Seq Scan on date_dim date_dim_1  (cost=0.00..2500.73 rows=30 width=8) (actual time=7.751..13.933 rows=30 loops=1)
                                                                                Filter: ((d_year = 1999) AND (d_moy = 9))
                                                                                Rows Removed by Filter: 73019
                                                                          ->  Index Scan using i_ws_sold_date_sk on web_sales  (cost=0.42..363.92 rows=395 width=32) (actual time=0.015..0.555 rows=530 loops=30)
                                                                                Index Cond: (ws_sold_date_sk = date_dim_1.d_date_sk)
                                                                    ->  Index Scan using pk_customer_address on customer_address customer_address_1  (cost=0.29..0.31 rows=1 width=8) (actual time=0.001..0.001 rows=0 loops=15902)
                                                                          Index Cond: (ca_address_sk = web_sales.ws_bill_addr_sk)
                                                                          Filter: (ca_gmt_offset = '-5'::double precision)
                                                                          Rows Removed by Filter: 1
                                                              ->  Index Scan using pk_item on item item_2  (cost=0.29..0.31 rows=1 width=25) (actual time=0.003..0.003 rows=1 loops=5694)
                                                                    Index Cond: (i_item_sk = web_sales.ws_item_sk)
                                                        ->  Index Scan using i_i_item_id on item item_3  (cost=0.29..0.41 rows=1 width=17) (actual time=0.005..0.005 rows=0 loops=5694)
                                                              Index Cond: (i_item_id = item_2.i_item_id)
                                                              Filter: (i_category = 'Jewelry'::bpchar)
                                                              Rows Removed by Filter: 2
                                      ->  GroupAggregate  (cost=4478.34..4479.11 rows=44 width=25) (actual time=153.970..154.591 rows=1230 loops=1)
                                            Group Key: item_4.i_item_id
                                            ->  Sort  (cost=4478.34..4478.45 rows=44 width=25) (actual time=153.962..154.051 rows=2130 loops=1)
                                                  Sort Key: item_4.i_item_id
                                                  Sort Method: quicksort  Memory: 246kB
                                                  ->  Nested Loop Semi Join  (cost=1.29..4477.14 rows=44 width=25) (actual time=4.448..148.979 rows=2130 loops=1)
                                                        ->  Nested Loop  (cost=1.00..4389.44 rows=214 width=25) (actual time=4.355..90.261 rows=11318 loops=1)
                                                              ->  Nested Loop  (cost=0.72..4323.96 rows=214 width=16) (actual time=4.351..69.015 rows=11318 loops=1)
                                                                    ->  Nested Loop  (cost=0.43..4141.10 rows=588 width=24) (actual time=4.345..23.140 rows=30834 loops=1)
                                                                          ->  Seq Scan on date_dim date_dim_2  (cost=0.00..2500.73 rows=30 width=8) (actual time=4.331..9.304 rows=30 loops=1)
                                                                                Filter: ((d_year = 1999) AND (d_moy = 9))
                                                                                Rows Removed by Filter: 73019
                                                                          ->  Index Scan using i_cs_sold_date_sk on catalog_sales  (cost=0.43..46.86 rows=782 width=32) (actual time=0.005..0.254 rows=1028 loops=30)
                                                                                Index Cond: (cs_sold_date_sk = date_dim_2.d_date_sk)
                                                                    ->  Index Scan using pk_customer_address on customer_address customer_address_2  (cost=0.29..0.31 rows=1 width=8) (actual time=0.001..0.001 rows=0 loops=30834)
                                                                          Index Cond: (ca_address_sk = catalog_sales.cs_bill_addr_sk)
                                                                          Filter: (ca_gmt_offset = '-5'::double precision)
                                                                          Rows Removed by Filter: 1
                                                              ->  Index Scan using pk_item on item item_4  (cost=0.29..0.31 rows=1 width=25) (actual time=0.002..0.002 rows=1 loops=11318)
                                                                    Index Cond: (i_item_sk = catalog_sales.cs_item_sk)
                                                        ->  Index Scan using i_i_item_id on item item_5  (cost=0.29..0.41 rows=1 width=17) (actual time=0.005..0.005 rows=0 loops=11318)
                                                              Index Cond: (i_item_id = item_4.i_item_id)
                                                              Filter: (i_category = 'Jewelry'::bpchar)
                                                              Rows Removed by Filter: 2
    i_item_id     |    total_sales     
------------------+--------------------
 AAAAAAAAAABAAAAA |             1810.2
 AAAAAAAAAAEDAAAA |           17225.86
 AAAAAAAAAAFCAAAA | 11381.590000000002
 AAAAAAAAAAGCAAAA |           16103.48
 AAAAAAAAAAGEAAAA |           21971.61
 AAAAAAAAAAHBAAAA |            3105.93
 AAAAAAAAAAKAAAAA |           15805.42
 AAAAAAAAAAKDAAAA |            1736.56
 AAAAAAAAAANDAAAA |             1941.6
 AAAAAAAAABAAAAAA |            8466.36
 AAAAAAAAABADAAAA |              62.54
 AAAAAAAAABBDAAAA |            5573.65
 AAAAAAAAABCBAAAA | 16282.279999999999
 AAAAAAAAABDAAAAA |              352.4
 AAAAAAAAABDEAAAA | 14883.880000000001
 AAAAAAAAABGDAAAA | 15120.240000000002
 AAAAAAAAABHCAAAA |            6831.02
 AAAAAAAAABIBAAAA |  8089.050000000001
 AAAAAAAAABKCAAAA |           33382.65
 AAAAAAAAABLBAAAA |           29227.69
 AAAAAAAAABNCAAAA |             7063.7
 AAAAAAAAABPAAAAA |           20663.15
 AAAAAAAAACDAAAAA |  5964.389999999999
 AAAAAAAAACDCAAAA | 1690.6399999999999
 AAAAAAAAACFAAAAA |  805.7199999999999
 AAAAAAAAACHBAAAA |           15492.08
 AAAAAAAAACHCAAAA |  4835.429999999999
 AAAAAAAAACKCAAAA |              612.3
 AAAAAAAAACNCAAAA |           11879.18
 AAAAAAAAADACAAAA | 13283.779999999999
 AAAAAAAAADBBAAAA |           10512.58
 AAAAAAAAADCDAAAA |            2493.23
 AAAAAAAAADDBAAAA |            9085.27
 AAAAAAAAADDCAAAA |            11082.2
 AAAAAAAAADDEAAAA |             362.78
 AAAAAAAAADEBAAAA |            8044.61
 AAAAAAAAADIAAAAA |            11976.5
 AAAAAAAAADKDAAAA | 6772.0599999999995
 AAAAAAAAADMBAAAA |  9143.529999999999
 AAAAAAAAADMCAAAA | 26282.440000000002
 AAAAAAAAADNAAAAA |            9053.67
 AAAAAAAAADNBAAAA |            3566.15
 AAAAAAAAADPBAAAA | 11548.630000000001
 AAAAAAAAADPCAAAA | 10616.109999999999
 AAAAAAAAAEAAAAAA |                406
 AAAAAAAAAEADAAAA |           11359.01
 AAAAAAAAAEBCAAAA |            5313.12
 AAAAAAAAAEECAAAA |            6703.92
 AAAAAAAAAEGBAAAA |            7728.08
 AAAAAAAAAEGDAAAA | 15691.050000000001
 AAAAAAAAAEHCAAAA | 24344.199999999997
 AAAAAAAAAEJAAAAA |           11809.62
 AAAAAAAAAEKDAAAA |           17869.21
 AAAAAAAAAEMDAAAA |            1933.69
 AAAAAAAAAEPDAAAA | 12113.080000000002
 AAAAAAAAAFACAAAA |            1966.29
 AAAAAAAAAFEEAAAA |            4759.45
 AAAAAAAAAFGAAAAA |            7954.25
 AAAAAAAAAFIBAAAA |           22607.93
 AAAAAAAAAFJCAAAA |           11535.41
 AAAAAAAAAFOBAAAA |  9464.130000000001
 AAAAAAAAAGABAAAA |            1421.71
 AAAAAAAAAGAEAAAA |            9966.18
 AAAAAAAAAGBDAAAA |           12002.86
 AAAAAAAAAGEAAAAA |             9265.4
 AAAAAAAAAGFCAAAA | 16850.449999999997
 AAAAAAAAAGGBAAAA |             265.97
 AAAAAAAAAGIDAAAA |             7072.3
 AAAAAAAAAGLDAAAA |           29420.01
 AAAAAAAAAGMCAAAA | 19142.329999999998
 AAAAAAAAAGNDAAAA |  9420.689999999999
 AAAAAAAAAGOAAAAA |           10219.99
 AAAAAAAAAGODAAAA |            6372.79
 AAAAAAAAAGPBAAAA |              96.39
 AAAAAAAAAHAAAAAA |  8892.289999999999
 AAAAAAAAAHADAAAA |           10678.16
 AAAAAAAAAHBAAAAA |           12158.99
 AAAAAAAAAHCBAAAA | 10029.109999999999
 AAAAAAAAAHECAAAA |            1736.38
 AAAAAAAAAHEDAAAA |           12796.93
 AAAAAAAAAHHDAAAA |            23180.5
 AAAAAAAAAHICAAAA |           11370.33
 AAAAAAAAAHJBAAAA |            4676.51
 AAAAAAAAAHMAAAAA |            5944.36
 AAAAAAAAAHOBAAAA | 3085.3999999999996
 AAAAAAAAAIBCAAAA |           11948.04
 AAAAAAAAAICBAAAA |  8267.010000000002
 AAAAAAAAAICDAAAA | 21766.670000000002
 AAAAAAAAAIDCAAAA |            3311.62
 AAAAAAAAAIFBAAAA |            2631.51
 AAAAAAAAAIFDAAAA |            8960.54
 AAAAAAAAAIGCAAAA |  6372.860000000001
 AAAAAAAAAIHBAAAA | 1670.9099999999999
 AAAAAAAAAIIDAAAA |             194.13
 AAAAAAAAAIJCAAAA | 21223.269999999997
 AAAAAAAAAIJDAAAA | 3125.4800000000005
 AAAAAAAAAIMCAAAA |  4809.039999999999
 AAAAAAAAAJBEAAAA |            1291.22
 AAAAAAAAAJCCAAAA |            5393.04
 AAAAAAAAAJDEAAAA |           11207.47
(100 rows)

UPDATE time_statistics SET e_time = TRANSACTION_TIMESTAMP() WHERE template = 'query60.tpl' AND stream = 1;
psql:/tmp/s1-basline/throughput/query_1.sql:2959: NOTICE:  duration: 0.057 ms  plan:
Query Text: UPDATE time_statistics SET e_time = TRANSACTION_TIMESTAMP() WHERE template = 'query60.tpl' AND stream = 1;
Update on time_statistics  (cost=0.00..7.87 rows=0 width=0) (actual time=0.057..0.057 rows=0 loops=1)
  ->  Seq Scan on time_statistics  (cost=0.00..7.87 rows=1 width=14) (actual time=0.019..0.042 rows=1 loops=1)
        Filter: ((template = 'query60.tpl'::text) AND (stream = 1))
        Rows Removed by Filter: 275
UPDATE 1
LOAD 'auto_explain'; SET auto_explain.log_min_duration TO 0; SET auto_explain.log_analyze TO on; SET auto_explain.log_level TO notice; INSERT INTO time_statistics (template, s_time, stream, query, seed) VALUES ('query97.tpl', TRANSACTION_TIMESTAMP(), 1, 54, 414917076);
LOAD
SET
SET
SET
psql:/tmp/s1-basline/throughput/query_1.sql:2960: NOTICE:  duration: 0.009 ms  plan:
Query Text: INSERT INTO time_statistics (template, s_time, stream, query, seed) VALUES ('query97.tpl', TRANSACTION_TIMESTAMP(), 1, 54, 414917076);
Insert on time_statistics  (cost=0.00..0.01 rows=0 width=0) (actual time=0.009..0.009 rows=0 loops=1)
  ->  Result  (cost=0.00..0.01 rows=1 width=64) (actual time=0.001..0.002 rows=1 loops=1)
INSERT 0 1
with ssci as (
select ss_customer_sk customer_sk
      ,ss_item_sk item_sk
from store_sales,date_dim
where ss_sold_date_sk = d_date_sk
  and d_month_seq between 1197 and 1197 + 11
group by ss_customer_sk
        ,ss_item_sk),
csci as(
 select cs_bill_customer_sk customer_sk
      ,cs_item_sk item_sk
from catalog_sales,date_dim
where cs_sold_date_sk = d_date_sk
  and d_month_seq between 1197 and 1197 + 11
group by cs_bill_customer_sk
        ,cs_item_sk)
 select  sum(case when ssci.customer_sk is not null and csci.customer_sk is null then 1 else 0 end) store_only
      ,sum(case when ssci.customer_sk is null and csci.customer_sk is not null then 1 else 0 end) catalog_only
      ,sum(case when ssci.customer_sk is not null and csci.customer_sk is not null then 1 else 0 end) store_and_catalog
from ssci full outer join csci on (ssci.customer_sk=csci.customer_sk
                               and ssci.item_sk = csci.item_sk)
limit 100;
psql:/tmp/s1-basline/throughput/query_1.sql:2982: NOTICE:  duration: 975.667 ms  plan:
Query Text: with ssci as (
select ss_customer_sk customer_sk
      ,ss_item_sk item_sk
from store_sales,date_dim
where ss_sold_date_sk = d_date_sk
  and d_month_seq between 1197 and 1197 + 11
group by ss_customer_sk
        ,ss_item_sk),
csci as(
 select cs_bill_customer_sk customer_sk
      ,cs_item_sk item_sk
from catalog_sales,date_dim
where cs_sold_date_sk = d_date_sk
  and d_month_seq between 1197 and 1197 + 11
group by cs_bill_customer_sk
        ,cs_item_sk)
 select  sum(case when ssci.customer_sk is not null and csci.customer_sk is null then 1 else 0 end) store_only
      ,sum(case when ssci.customer_sk is null and csci.customer_sk is not null then 1 else 0 end) catalog_only
      ,sum(case when ssci.customer_sk is not null and csci.customer_sk is not null then 1 else 0 end) store_and_catalog
from ssci full outer join csci on (ssci.customer_sk=csci.customer_sk
                               and ssci.item_sk = csci.item_sk)
limit 100;
Limit  (cost=114652.44..114652.45 rows=1 width=24) (actual time=960.173..975.656 rows=1 loops=1)
  ->  Aggregate  (cost=114652.44..114652.45 rows=1 width=24) (actual time=960.173..975.654 rows=1 loops=1)
        ->  Hash Full Join  (cost=112998.97..114554.20 rows=13098 width=16) (actual time=596.477..901.552 rows=834812 loops=1)
              Hash Cond: ((store_sales.ss_customer_sk = catalog_sales.cs_bill_customer_sk) AND (store_sales.ss_item_sk = catalog_sales.cs_item_sk))
              ->  Group  (cost=92115.32..93470.81 rows=13098 width=16) (actual time=323.690..509.446 rows=548116 loops=1)
                    Group Key: store_sales.ss_customer_sk, store_sales.ss_item_sk
                    ->  Gather Merge  (cost=92115.32..93416.23 rows=10916 width=16) (actual time=323.688..452.713 rows=551340 loops=1)
                          Workers Planned: 2
                          Workers Launched: 2
                          ->  Group  (cost=91115.29..91156.23 rows=5458 width=16) (actual time=311.941..354.369 rows=183780 loops=3)
                                Group Key: store_sales.ss_customer_sk, store_sales.ss_item_sk
                                ->  Sort  (cost=91115.29..91128.94 rows=5458 width=16) (actual time=311.938..322.489 rows=184612 loops=3)
                                      Sort Key: store_sales.ss_customer_sk, store_sales.ss_item_sk
                                      Sort Method: external merge  Disk: 5360kB
                                      Worker 0:  Sort Method: quicksort  Memory: 14226kB
                                      Worker 1:  Sort Method: quicksort  Memory: 14263kB
                                      ->  Hash Join  (cost=2505.08..90776.51 rows=5458 width=16) (actual time=13.106..251.576 rows=184612 loops=3)
                                            Hash Cond: (store_sales.ss_sold_date_sk = date_dim.d_date_sk)
                                            ->  Parallel Seq Scan on store_sales  (cost=0.00..85123.48 rows=1199148 width=24) (actual time=0.016..122.241 rows=959309 loops=3)
                                            ->  Hash  (cost=2500.73..2500.73 rows=348 width=8) (actual time=13.026..13.027 rows=366 loops=3)
                                                  Buckets: 1024  Batches: 1  Memory Usage: 23kB
                                                  ->  Seq Scan on date_dim  (cost=0.00..2500.73 rows=348 width=8) (actual time=6.032..12.975 rows=366 loops=3)
                                                        Filter: ((d_month_seq >= 1197) AND (d_month_seq <= 1208))
                                                        Rows Removed by Filter: 72683
              ->  Hash  (cost=20781.40..20781.40 rows=6817 width=16) (actual time=272.779..272.781 rows=286840 loops=1)
                    Buckets: 524288 (originally 8192)  Batches: 1 (originally 1)  Memory Usage: 17537kB
                    ->  HashAggregate  (cost=20645.06..20713.23 rows=6817 width=16) (actual time=176.199..227.092 rows=286840 loops=1)
                          Group Key: catalog_sales.cs_bill_customer_sk, catalog_sales.cs_item_sk
                          Batches: 1  Memory Usage: 26641kB
                          ->  Nested Loop  (cost=0.43..20610.97 rows=6817 width=16) (actual time=3.520..103.653 rows=286895 loops=1)
                                ->  Seq Scan on date_dim date_dim_1  (cost=0.00..2500.73 rows=348 width=8) (actual time=3.508..7.829 rows=366 loops=1)
                                      Filter: ((d_month_seq >= 1197) AND (d_month_seq <= 1208))
                                      Rows Removed by Filter: 72683
                                ->  Index Scan using i_cs_sold_date_sk on catalog_sales  (cost=0.43..44.22 rows=782 width=24) (actual time=0.004..0.133 rows=784 loops=366)
                                      Index Cond: (cs_sold_date_sk = date_dim_1.d_date_sk)
 store_only | catalog_only | store_and_catalog 
------------+--------------+-------------------
     540251 |       286013 |               144
(1 row)

UPDATE time_statistics SET e_time = TRANSACTION_TIMESTAMP() WHERE template = 'query97.tpl' AND stream = 1;
psql:/tmp/s1-basline/throughput/query_1.sql:2984: NOTICE:  duration: 0.064 ms  plan:
Query Text: UPDATE time_statistics SET e_time = TRANSACTION_TIMESTAMP() WHERE template = 'query97.tpl' AND stream = 1;
Update on time_statistics  (cost=0.00..7.87 rows=0 width=0) (actual time=0.064..0.064 rows=0 loops=1)
  ->  Seq Scan on time_statistics  (cost=0.00..7.87 rows=1 width=14) (actual time=0.024..0.048 rows=1 loops=1)
        Filter: ((template = 'query97.tpl'::text) AND (stream = 1))
        Rows Removed by Filter: 276
UPDATE 1
LOAD 'auto_explain'; SET auto_explain.log_min_duration TO 0; SET auto_explain.log_analyze TO on; SET auto_explain.log_level TO notice; INSERT INTO time_statistics (template, s_time, stream, query, seed) VALUES ('query33.tpl', TRANSACTION_TIMESTAMP(), 1, 55, 1384465171);
LOAD
SET
SET
SET
psql:/tmp/s1-basline/throughput/query_1.sql:2985: NOTICE:  duration: 0.008 ms  plan:
Query Text: INSERT INTO time_statistics (template, s_time, stream, query, seed) VALUES ('query33.tpl', TRANSACTION_TIMESTAMP(), 1, 55, 1384465171);
Insert on time_statistics  (cost=0.00..0.01 rows=0 width=0) (actual time=0.008..0.008 rows=0 loops=1)
  ->  Result  (cost=0.00..0.01 rows=1 width=64) (actual time=0.002..0.002 rows=1 loops=1)
INSERT 0 1
with ss as (
 select
          i_manufact_id,sum(ss_ext_sales_price) total_sales
 from
 	store_sales,
 	date_dim,
         customer_address,
         item
 where
         i_manufact_id in (select
  i_manufact_id
from
 item
where i_category in ('Jewelry'))
 and     ss_item_sk              = i_item_sk
 and     ss_sold_date_sk         = d_date_sk
 and     d_year                  = 1999
 and     d_moy                   = 1
 and     ss_addr_sk              = ca_address_sk
 and     ca_gmt_offset           = -5 
 group by i_manufact_id),
 cs as (
 select
          i_manufact_id,sum(cs_ext_sales_price) total_sales
 from
 	catalog_sales,
 	date_dim,
         customer_address,
         item
 where
         i_manufact_id               in (select
  i_manufact_id
from
 item
where i_category in ('Jewelry'))
 and     cs_item_sk              = i_item_sk
 and     cs_sold_date_sk         = d_date_sk
 and     d_year                  = 1999
 and     d_moy                   = 1
 and     cs_bill_addr_sk         = ca_address_sk
 and     ca_gmt_offset           = -5 
 group by i_manufact_id),
 ws as (
 select
          i_manufact_id,sum(ws_ext_sales_price) total_sales
 from
 	web_sales,
 	date_dim,
         customer_address,
         item
 where
         i_manufact_id               in (select
  i_manufact_id
from
 item
where i_category in ('Jewelry'))
 and     ws_item_sk              = i_item_sk
 and     ws_sold_date_sk         = d_date_sk
 and     d_year                  = 1999
 and     d_moy                   = 1
 and     ws_bill_addr_sk         = ca_address_sk
 and     ca_gmt_offset           = -5
 group by i_manufact_id)
  select  i_manufact_id ,sum(total_sales) total_sales
 from  (select * from ss 
        union all
        select * from cs 
        union all
        select * from ws) tmp1
 group by i_manufact_id
 order by total_sales
limit 100;
psql:/tmp/s1-basline/throughput/query_1.sql:3057: NOTICE:  duration: 181.275 ms  plan:
Query Text: with ss as (
 select
          i_manufact_id,sum(ss_ext_sales_price) total_sales
 from
 	store_sales,
 	date_dim,
         customer_address,
         item
 where
         i_manufact_id in (select
  i_manufact_id
from
 item
where i_category in ('Jewelry'))
 and     ss_item_sk              = i_item_sk
 and     ss_sold_date_sk         = d_date_sk
 and     d_year                  = 1999
 and     d_moy                   = 1
 and     ss_addr_sk              = ca_address_sk
 and     ca_gmt_offset           = -5 
 group by i_manufact_id),
 cs as (
 select
          i_manufact_id,sum(cs_ext_sales_price) total_sales
 from
 	catalog_sales,
 	date_dim,
         customer_address,
         item
 where
         i_manufact_id               in (select
  i_manufact_id
from
 item
where i_category in ('Jewelry'))
 and     cs_item_sk              = i_item_sk
 and     cs_sold_date_sk         = d_date_sk
 and     d_year                  = 1999
 and     d_moy                   = 1
 and     cs_bill_addr_sk         = ca_address_sk
 and     ca_gmt_offset           = -5 
 group by i_manufact_id),
 ws as (
 select
          i_manufact_id,sum(ws_ext_sales_price) total_sales
 from
 	web_sales,
 	date_dim,
         customer_address,
         item
 where
         i_manufact_id               in (select
  i_manufact_id
from
 item
where i_category in ('Jewelry'))
 and     ws_item_sk              = i_item_sk
 and     ws_sold_date_sk         = d_date_sk
 and     d_year                  = 1999
 and     d_moy                   = 1
 and     ws_bill_addr_sk         = ca_address_sk
 and     ca_gmt_offset           = -5
 group by i_manufact_id)
  select  i_manufact_id ,sum(total_sales) total_sales
 from  (select * from ss 
        union all
        select * from cs 
        union all
        select * from ws) tmp1
 group by i_manufact_id
 order by total_sales
limit 100;
Limit  (cost=45938.31..45938.56 rows=100 width=12) (actual time=153.152..181.243 rows=100 loops=1)
  ->  Sort  (cost=45938.31..45938.81 rows=200 width=12) (actual time=153.152..181.236 rows=100 loops=1)
        Sort Key: (sum((sum(store_sales.ss_ext_sales_price))))
        Sort Method: top-N heapsort  Memory: 33kB
        ->  Finalize GroupAggregate  (cost=45876.20..45930.67 rows=200 width=12) (actual time=151.909..181.046 rows=727 loops=1)
              Group Key: item.i_manufact_id
              ->  Gather Merge  (cost=45876.20..45926.67 rows=400 width=12) (actual time=151.901..180.666 rows=2055 loops=1)
                    Workers Planned: 2
                    Workers Launched: 2
                    ->  Partial GroupAggregate  (cost=44876.17..44880.47 rows=200 width=12) (actual time=88.817..89.075 rows=685 loops=3)
                          Group Key: item.i_manufact_id
                          ->  Sort  (cost=44876.17..44876.94 rows=307 width=12) (actual time=88.814..88.853 rows=685 loops=3)
                                Sort Key: item.i_manufact_id
                                Sort Method: quicksort  Memory: 63kB
                                Worker 0:  Sort Method: quicksort  Memory: 59kB
                                Worker 1:  Sort Method: quicksort  Memory: 64kB
                                ->  Parallel Append  (cost=15477.79..44863.49 rows=307 width=12) (actual time=87.592..88.729 rows=685 loops=3)
                                      ->  GroupAggregate  (cost=44850.79..44857.89 rows=406 width=12) (actual time=142.154..144.068 rows=722 loops=1)
                                            Group Key: item.i_manufact_id
                                            ->  Sort  (cost=44850.79..44851.80 rows=406 width=12) (actual time=142.140..142.982 rows=10434 loops=1)
                                                  Sort Key: item.i_manufact_id
                                                  Worker 1:  Sort Method: quicksort  Memory: 954kB
                                                  ->  Hash Join  (cost=1505.74..44833.20 rows=406 width=12) (actual time=25.683..139.614 rows=10434 loops=1)
                                                        Hash Cond: (item.i_manufact_id = item_1.i_manufact_id)
                                                        ->  Nested Loop  (cost=1.01..43322.88 rows=407 width=12) (actual time=8.339..120.079 rows=12044 loops=1)
                                                              ->  Nested Loop  (cost=0.72..43198.54 rows=407 width=16) (actual time=8.270..98.003 rows=12044 loops=1)
                                                                    ->  Nested Loop  (cost=0.43..42836.21 rows=1167 width=24) (actual time=8.208..50.978 rows=32581 loops=1)
                                                                          ->  Seq Scan on date_dim  (cost=0.00..2500.73 rows=31 width=8) (actual time=8.109..15.038 rows=31 loops=1)
                                                                                Filter: ((d_year = 1999) AND (d_moy = 1))
                                                                                Rows Removed by Filter: 73018
                                                                          ->  Index Scan using i_ss_sold_date_sk on store_sales  (cost=0.43..1286.06 rows=1508 width=32) (actual time=0.014..0.969 rows=1051 loops=31)
                                                                                Index Cond: (ss_sold_date_sk = date_dim.d_date_sk)
                                                                    ->  Index Scan using pk_customer_address on customer_address  (cost=0.29..0.31 rows=1 width=8) (actual time=0.001..0.001 rows=0 loops=32581)
                                                                          Index Cond: (ca_address_sk = store_sales.ss_addr_sk)
                                                                          Filter: (ca_gmt_offset = '-5'::double precision)
                                                                          Rows Removed by Filter: 1
                                                              ->  Index Scan using pk_item on item  (cost=0.29..0.31 rows=1 width=12) (actual time=0.001..0.001 rows=1 loops=12044)
                                                                    Index Cond: (i_item_sk = store_sales.ss_item_sk)
                                                        ->  Hash  (cost=1494.10..1494.10 rows=851 width=4) (actual time=17.304..17.305 rows=735 loops=1)
                                                              Buckets: 1024  Batches: 1  Memory Usage: 34kB
                                                              ->  HashAggregate  (cost=1485.59..1494.10 rows=851 width=4) (actual time=17.142..17.205 rows=736 loops=1)
                                                                    Group Key: item_1.i_manufact_id
                                                                    Worker 1:  Batches: 1  Memory Usage: 105kB
                                                                    ->  Seq Scan on item item_1  (cost=0.00..1481.00 rows=1834 width=4) (actual time=0.032..16.772 rows=1834 loops=1)
                                                                          Filter: (i_category = 'Jewelry'::bpchar)
                                                                          Rows Removed by Filter: 16166
                                      ->  GroupAggregate  (cost=15477.79..15479.74 rows=111 width=12) (actual time=65.811..66.333 rows=636 loops=1)
                                            Group Key: item_2.i_manufact_id
                                            ->  Sort  (cost=15477.79..15478.07 rows=111 width=12) (actual time=65.802..65.968 rows=2637 loops=1)
                                                  Sort Key: item_2.i_manufact_id
                                                  Worker 0:  Sort Method: quicksort  Memory: 241kB
                                                  ->  Hash Join  (cost=1505.74..15474.02 rows=111 width=12) (actual time=24.859..65.112 rows=2637 loops=1)
                                                        Hash Cond: (item_2.i_manufact_id = item_3.i_manufact_id)
                                                        ->  Nested Loop  (cost=1.00..13967.76 rows=111 width=12) (actual time=8.140..47.834 rows=3039 loops=1)
                                                              ->  Nested Loop  (cost=0.71..13933.69 rows=111 width=16) (actual time=8.050..41.292 rows=3039 loops=1)
                                                                    ->  Nested Loop  (cost=0.42..13838.54 rows=305 width=24) (actual time=7.800..26.226 rows=8565 loops=1)
                                                                          ->  Seq Scan on date_dim date_dim_1  (cost=0.00..2500.73 rows=31 width=8) (actual time=7.726..14.606 rows=31 loops=1)
                                                                                Filter: ((d_year = 1999) AND (d_moy = 1))
                                                                                Rows Removed by Filter: 73018
                                                                          ->  Index Scan using i_ws_sold_date_sk on web_sales  (cost=0.42..361.79 rows=395 width=32) (actual time=0.014..0.324 rows=276 loops=31)
                                                                                Index Cond: (ws_sold_date_sk = date_dim_1.d_date_sk)
                                                                    ->  Index Scan using pk_customer_address on customer_address customer_address_1  (cost=0.29..0.31 rows=1 width=8) (actual time=0.002..0.002 rows=0 loops=8565)
                                                                          Index Cond: (ca_address_sk = web_sales.ws_bill_addr_sk)
                                                                          Filter: (ca_gmt_offset = '-5'::double precision)
                                                                          Rows Removed by Filter: 1
                                                              ->  Index Scan using pk_item on item item_2  (cost=0.29..0.31 rows=1 width=12) (actual time=0.002..0.002 rows=1 loops=3039)
                                                                    Index Cond: (i_item_sk = web_sales.ws_item_sk)
                                                        ->  Hash  (cost=1494.10..1494.10 rows=851 width=4) (actual time=16.676..16.676 rows=735 loops=1)
                                                              Buckets: 1024  Batches: 1  Memory Usage: 34kB
                                                              ->  HashAggregate  (cost=1485.59..1494.10 rows=851 width=4) (actual time=16.513..16.576 rows=736 loops=1)
                                                                    Group Key: item_3.i_manufact_id
                                                                    Worker 0:  Batches: 1  Memory Usage: 105kB
                                                                    ->  Seq Scan on item item_3  (cost=0.00..1481.00 rows=1834 width=4) (actual time=0.032..16.133 rows=1834 loops=1)
                                                                          Filter: (i_category = 'Jewelry'::bpchar)
                                                                          Rows Removed by Filter: 16166
                                      ->  GroupAggregate  (cost=5968.74..5972.59 rows=220 width=12) (actual time=54.808..55.644 rows=697 loops=1)
                                            Group Key: item_4.i_manufact_id
                                            ->  Sort  (cost=5968.74..5969.29 rows=220 width=12) (actual time=54.800..55.071 rows=4786 loops=1)
                                                  Sort Key: item_4.i_manufact_id
                                                  Sort Method: quicksort  Memory: 454kB
                                                  ->  Hash Join  (cost=1505.74..5960.19 rows=220 width=12) (actual time=12.135..53.923 rows=4786 loops=1)
                                                        Hash Cond: (item_4.i_manufact_id = item_5.i_manufact_id)
                                                        ->  Nested Loop  (cost=1.00..4452.42 rows=221 width=12) (actual time=4.159..45.000 rows=5490 loops=1)
                                                              ->  Nested Loop  (cost=0.72..4384.80 rows=221 width=16) (actual time=4.154..35.738 rows=5490 loops=1)
                                                                    ->  Nested Loop  (cost=0.43..4196.04 rows=607 width=24) (actual time=4.148..15.020 rows=14266 loops=1)
                                                                          ->  Seq Scan on date_dim date_dim_2  (cost=0.00..2500.73 rows=31 width=8) (actual time=4.134..9.014 rows=31 loops=1)
                                                                                Filter: ((d_year = 1999) AND (d_moy = 1))
                                                                                Rows Removed by Filter: 73018
                                                                          ->  Index Scan using i_cs_sold_date_sk on catalog_sales  (cost=0.43..46.87 rows=782 width=32) (actual time=0.004..0.112 rows=460 loops=31)
                                                                                Index Cond: (cs_sold_date_sk = date_dim_2.d_date_sk)
                                                                    ->  Index Scan using pk_customer_address on customer_address customer_address_2  (cost=0.29..0.31 rows=1 width=8) (actual time=0.001..0.001 rows=0 loops=14266)
                                                                          Index Cond: (ca_address_sk = catalog_sales.cs_bill_addr_sk)
                                                                          Filter: (ca_gmt_offset = '-5'::double precision)
                                                                          Rows Removed by Filter: 1
                                                              ->  Index Scan using pk_item on item item_4  (cost=0.29..0.31 rows=1 width=12) (actual time=0.001..0.001 rows=1 loops=5490)
                                                                    Index Cond: (i_item_sk = catalog_sales.cs_item_sk)
                                                        ->  Hash  (cost=1494.10..1494.10 rows=851 width=4) (actual time=7.972..7.972 rows=735 loops=1)
                                                              Buckets: 1024  Batches: 1  Memory Usage: 34kB
                                                              ->  HashAggregate  (cost=1485.59..1494.10 rows=851 width=4) (actual time=7.836..7.898 rows=736 loops=1)
                                                                    Group Key: item_5.i_manufact_id
                                                                    Batches: 1  Memory Usage: 105kB
                                                                    ->  Seq Scan on item item_5  (cost=0.00..1481.00 rows=1834 width=4) (actual time=0.005..7.540 rows=1834 loops=1)
                                                                          Filter: (i_category = 'Jewelry'::bpchar)
                                                                          Rows Removed by Filter: 16166
 i_manufact_id |    total_sales     
---------------+--------------------
           881 |              215.6
           962 |             226.24
           993 |              559.4
           939 |             878.08
           808 |            1031.52
           742 | 1549.3200000000002
           828 |            1702.81
           930 |            2046.28
           789 | 2078.7799999999997
           990 |            2257.24
           796 |             2272.4
           557 | 2630.6000000000004
           851 |            2648.55
           720 | 2910.7200000000003
           915 | 3073.1099999999997
           951 |            3292.49
           995 | 3605.1699999999996
           944 | 3645.0299999999997
           699 | 3788.7799999999997
           739 |            3979.55
           933 |            4141.72
           879 |            4201.49
           865 |            4747.01
           637 |            4917.24
           922 |  5141.549999999999
           529 |            5249.96
           748 |            5299.43
           688 | 5364.6900000000005
           784 |  5470.799999999999
           999 |            5536.85
           798 |            5742.55
           890 |  5784.910000000001
           427 |             5930.2
           681 |             5941.7
           909 |            5957.87
           753 |  6188.780000000001
           793 |  6245.969999999999
           717 | 6479.6900000000005
           969 |  6487.320000000001
           685 |            6490.07
           719 |            6514.39
           788 |            6932.64
           686 | 7142.9400000000005
           760 |            7236.87
           945 |  7314.210000000001
           797 |  7448.060000000001
           874 |            7636.24
           751 |            7707.99
           787 |             7725.6
           916 |            7803.34
           888 |            8186.56
           833 |            8245.07
           626 |            8282.15
           822 |            8288.11
           562 |  8702.420000000002
           863 |  8746.929999999998
           407 |            8808.88
           786 |            8835.84
           354 |            8916.67
           791 |            9098.94
           394 |            9146.98
           781 |            9400.98
           621 |            9641.84
           785 |            9823.44
           927 |            9843.14
           926 |           10625.93
           897 |           10699.66
           841 |           10829.07
           723 |           10921.91
           963 |           11131.79
           775 | 11539.470000000001
           608 | 11555.059999999998
           948 |           11654.52
           391 |           11662.48
           358 | 11810.470000000001
           771 | 11812.869999999999
           792 |           11864.78
           704 |           11993.16
           762 | 12023.080000000002
           957 |           12123.91
           701 |           12377.09
           869 |           12441.38
           382 |            12548.7
           806 |           12760.16
           736 |           12980.99
           600 | 13033.240000000002
           876 | 13066.629999999997
           424 | 13071.049999999997
           715 |           13174.99
           849 | 13247.919999999998
           977 |           13310.49
           959 |           13502.19
           714 |           13533.89
           871 |           13604.27
           491 |           13607.41
           682 |           13898.57
           941 | 13967.830000000002
           884 |           13969.68
           580 |           14242.02
           676 | 14307.900000000001
(100 rows)

UPDATE time_statistics SET e_time = TRANSACTION_TIMESTAMP() WHERE template = 'query33.tpl' AND stream = 1;
psql:/tmp/s1-basline/throughput/query_1.sql:3059: NOTICE:  duration: 0.060 ms  plan:
Query Text: UPDATE time_statistics SET e_time = TRANSACTION_TIMESTAMP() WHERE template = 'query33.tpl' AND stream = 1;
Update on time_statistics  (cost=0.00..7.87 rows=0 width=0) (actual time=0.059..0.059 rows=0 loops=1)
  ->  Seq Scan on time_statistics  (cost=0.00..7.87 rows=1 width=14) (actual time=0.018..0.040 rows=1 loops=1)
        Filter: ((template = 'query33.tpl'::text) AND (stream = 1))
        Rows Removed by Filter: 277
UPDATE 1
LOAD 'auto_explain'; SET auto_explain.log_min_duration TO 0; SET auto_explain.log_analyze TO on; SET auto_explain.log_level TO notice; INSERT INTO time_statistics (template, s_time, stream, query, seed) VALUES ('query79.tpl', TRANSACTION_TIMESTAMP(), 1, 56, 1291189086);
LOAD
SET
SET
SET
psql:/tmp/s1-basline/throughput/query_1.sql:3060: NOTICE:  duration: 0.009 ms  plan:
Query Text: INSERT INTO time_statistics (template, s_time, stream, query, seed) VALUES ('query79.tpl', TRANSACTION_TIMESTAMP(), 1, 56, 1291189086);
Insert on time_statistics  (cost=0.00..0.01 rows=0 width=0) (actual time=0.008..0.009 rows=0 loops=1)
  ->  Result  (cost=0.00..0.01 rows=1 width=64) (actual time=0.002..0.002 rows=1 loops=1)
INSERT 0 1
select 
  c_last_name,c_first_name,substr(s_city,1,30),ss_ticket_number,amt,profit
  from
   (select ss_ticket_number
          ,ss_customer_sk
          ,store.s_city
          ,sum(ss_coupon_amt) amt
          ,sum(ss_net_profit) profit
    from store_sales,date_dim,store,household_demographics
    where store_sales.ss_sold_date_sk = date_dim.d_date_sk
    and store_sales.ss_store_sk = store.s_store_sk  
    and store_sales.ss_hdemo_sk = household_demographics.hd_demo_sk
    and (household_demographics.hd_dep_count = 6 or household_demographics.hd_vehicle_count > 1)
    and date_dim.d_dow = 1
    and date_dim.d_year in (1999,1999+1,1999+2) 
    and store.s_number_employees between 200 and 295
    group by ss_ticket_number,ss_customer_sk,ss_addr_sk,store.s_city) ms,customer
    where ss_customer_sk = c_customer_sk
 order by c_last_name,c_first_name,substr(s_city,1,30), profit
limit 100;
psql:/tmp/s1-basline/throughput/query_1.sql:3080: NOTICE:  duration: 264.981 ms  plan:
Query Text: select 
  c_last_name,c_first_name,substr(s_city,1,30),ss_ticket_number,amt,profit
  from
   (select ss_ticket_number
          ,ss_customer_sk
          ,store.s_city
          ,sum(ss_coupon_amt) amt
          ,sum(ss_net_profit) profit
    from store_sales,date_dim,store,household_demographics
    where store_sales.ss_sold_date_sk = date_dim.d_date_sk
    and store_sales.ss_store_sk = store.s_store_sk  
    and store_sales.ss_hdemo_sk = household_demographics.hd_demo_sk
    and (household_demographics.hd_dep_count = 6 or household_demographics.hd_vehicle_count > 1)
    and date_dim.d_dow = 1
    and date_dim.d_year in (1999,1999+1,1999+2) 
    and store.s_number_employees between 200 and 295
    group by ss_ticket_number,ss_customer_sk,ss_addr_sk,store.s_city) ms,customer
    where ss_customer_sk = c_customer_sk
 order by c_last_name,c_first_name,substr(s_city,1,30), profit
limit 100;
Limit  (cost=93869.40..93869.65 rows=100 width=108) (actual time=264.883..264.898 rows=100 loops=1)
  ->  Sort  (cost=93869.40..93876.69 rows=2917 width=108) (actual time=264.883..264.891 rows=100 loops=1)
        Sort Key: customer.c_last_name, customer.c_first_name, (substr((store.s_city)::text, 1, 30)), (sum(store_sales.ss_net_profit))
        Sort Method: top-N heapsort  Memory: 48kB
        ->  Nested Loop  (cost=90266.65..93757.91 rows=2917 width=108) (actual time=205.022..260.065 rows=11709 loops=1)
              ->  GroupAggregate  (cost=90266.36..90346.58 rows=2917 width=47) (actual time=205.005..236.515 rows=12464 loops=1)
                    Group Key: store_sales.ss_ticket_number, store_sales.ss_customer_sk, store_sales.ss_addr_sk, store.s_city
                    ->  Sort  (cost=90266.36..90273.65 rows=2917 width=47) (actual time=204.992..211.057 rows=124817 loops=1)
                          Sort Key: store_sales.ss_ticket_number, store_sales.ss_customer_sk, store_sales.ss_addr_sk, store.s_city
                          Sort Method: quicksort  Memory: 14104kB
                          ->  Hash Join  (cost=219.26..90098.48 rows=2917 width=47) (actual time=5.602..164.197 rows=124817 loops=1)
                                Hash Cond: (store_sales.ss_store_sk = store.s_store_sk)
                                ->  Hash Join  (cost=217.93..90086.42 rows=3059 width=48) (actual time=5.589..145.301 rows=126322 loops=1)
                                      Hash Cond: (store_sales.ss_hdemo_sk = household_demographics.hd_demo_sk)
                                      ->  Nested Loop  (cost=0.43..89853.59 rows=5834 width=56) (actual time=4.365..116.395 rows=236572 loops=1)
                                            ->  Seq Scan on date_dim  (cost=0.00..2592.05 rows=155 width=8) (actual time=4.354..9.625 rows=157 loops=1)
                                                  Filter: ((d_dow = 1) AND (d_year = ANY ('{1999,2000,2001}'::integer[])))
                                                  Rows Removed by Filter: 72892
                                            ->  Index Scan using i_ss_sold_date_sk on store_sales  (cost=0.43..547.90 rows=1508 width=64) (actual time=0.006..0.373 rows=1507 loops=157)
                                                  Index Cond: (ss_sold_date_sk = date_dim.d_date_sk)
                                      ->  Hash  (cost=168.00..168.00 rows=3960 width=8) (actual time=1.188..1.188 rows=3960 loops=1)
                                            Buckets: 4096  Batches: 1  Memory Usage: 187kB
                                            ->  Seq Scan on household_demographics  (cost=0.00..168.00 rows=3960 width=8) (actual time=0.066..0.774 rows=3960 loops=1)
                                                  Filter: ((hd_dep_count = 6) OR (hd_vehicle_count > 1))
                                                  Rows Removed by Filter: 3240
                                ->  Hash  (cost=1.18..1.18 rows=12 width=15) (actual time=0.010..0.011 rows=12 loops=1)
                                      Buckets: 1024  Batches: 1  Memory Usage: 9kB
                                      ->  Seq Scan on store  (cost=0.00..1.18 rows=12 width=15) (actual time=0.004..0.007 rows=12 loops=1)
                                            Filter: ((s_number_employees >= 200) AND (s_number_employees <= 295))
              ->  Index Scan using pk_customer on customer  (cost=0.29..1.16 rows=1 width=60) (actual time=0.001..0.001 rows=1 loops=12464)
                    Index Cond: (c_customer_sk = store_sales.ss_customer_sk)
          c_last_name           |     c_first_name     |  substr  | ss_ticket_number |        amt         |       profit        
--------------------------------+----------------------+----------+------------------+--------------------+---------------------
 Aaron                          | Robert               | Midway   |           182565 |            7814.03 |           -12708.83
 Abbott                         | Lucille              | Fairview |            51811 |           14998.01 | -15815.830000000002
 Abbott                         | Lucille              | Fairview |           217305 |            4018.89 |  -9692.619999999999
 Abbott                         | Saul                 | Fairview |           101224 |            3332.16 |  -9108.890000000001
 Abel                           | Fred                 | Midway   |           105313 |                  0 | -3957.5000000000005
 Abernathy                      | Henry                | Midway   |           115852 | 2443.2799999999997 |  -9510.170000000002
 Abernathy                      | William              | Midway   |           212819 |             1315.8 |           -13736.32
 Acevedo                        | Michelle             | Midway   |           187381 | 1488.3100000000002 | -1069.1000000000006
 Acevedo                        |                      | Midway   |              166 |             298.07 |            -6271.92
 Acker                          | Betty                | Fairview |            43860 |             633.22 |            -6921.69
 Acker                          | Samuel               | Midway   |            95534 |            4221.95 | -16646.329999999998
 Ackerman                       | Sharon               | Midway   |            86954 |            2583.05 |            -2814.38
 Ackerman                       | Toya                 | Midway   |           140354 |              24.02 |            -5722.64
 Acosta                         | George               | Midway   |            21987 |             7490.8 |           -21175.56
 Acosta                         | Jennifer             | Midway   |           142199 |            2018.01 | -1937.9600000000003
 Acosta                         | Lori                 | Fairview |            43842 | 2771.1099999999997 | -25457.890000000003
 Acosta                         | Lourdes              | Midway   |            38479 |            6096.89 |           -15341.11
 Acosta                         | Mark                 | Fairview |           142755 | 3248.5599999999995 |           -13809.43
 Acosta                         | Miguel               | Midway   |             2891 |            12497.3 | -14976.880000000003
 Acosta                         | Thomas               | Fairview |            77436 |              29.66 |  -4420.999999999999
 Acuna                          | Diane                | Fairview |            31702 |                  0 |  -797.6399999999996
 Adair                          | Carolyn              | Midway   |            76326 |                  0 |           -10971.56
 Adair                          | Jesse                | Midway   |            64285 |             171.15 |            -2700.88
 Adair                          | Johnny               | Midway   |             5893 |              11.11 |  63.529999999999745
 Adair                          | Susan                | Midway   |            24206 |            8173.21 | -12834.499999999998
 Adam                           | Adam                 | Midway   |              252 |            3578.91 |             -9816.7
 Adam                           | Ida                  | Midway   |            86412 |                 95 |            -4703.35
 Adam                           | Marjorie             | Midway   |           167526 |            4817.17 |           -13755.75
 Adams                          | Barbara              | Midway   |           170891 |             973.28 |            -8756.84
 Adams                          | Christie             | Midway   |           173332 |            2610.56 | -18338.879999999997
 Adams                          | David                | Fairview |           201427 |             3048.7 |  -8055.199999999999
 Adams                          | David                | Midway   |           154790 |            7591.43 |           -16550.83
 Adams                          | Douglas              | Midway   |            58875 |                0.3 | -12706.290000000003
 Adams                          | Earl                 | Midway   |            64498 |            1855.03 |           -11029.36
 Adams                          | Earl                 | Midway   |            35612 |            1495.67 | -3393.8199999999997
 Adams                          | Edna                 | Fairview |            80513 |                  0 |  -967.3999999999996
 Adams                          | Gloria               | Fairview |            82949 |             2728.9 |            -8796.01
 Adams                          | Jacob                | Midway   |           239690 | 272.33000000000004 |           -13489.88
 Adams                          | Jessica              | Fairview |            18771 |            1332.17 |           -14297.59
 Adams                          | John                 | Midway   |           214905 |             898.81 |               -3873
 Adams                          | Kati                 | Fairview |           190462 |             2093.4 |            -7146.06
 Adams                          | Kevin                | Midway   |            61177 |                  0 |           -10056.22
 Adams                          | Lillie               | Fairview |           105522 |             5586.6 |           -20630.41
 Adams                          | Lisa                 | Midway   |            19698 |                  0 |             -8051.6
 Adams                          | Lucy                 | Fairview |            88493 |            3137.35 |           -10398.59
 Adams                          | Peggie               | Midway   |           227532 |             630.25 |            -4537.57
 Adams                          | Ray                  | Midway   |           179412 |             644.31 | -2398.6199999999976
 Adams                          | Raymond              | Midway   |            16435 |               2184 | -25257.079999999998
 Adams                          | Raymond              | Midway   |            82130 | 1758.6799999999998 |            -9197.41
 Adams                          | Raymond              | Midway   |           145604 |               11.4 |  -5521.259999999999
 Adams                          | Sharon               | Midway   |           105481 | 1214.9099999999999 | -23942.050000000003
 Adams                          | Shawn                | Fairview |           101379 |              432.1 | -13623.540000000003
 Adams                          | Steven               | Midway   |           110838 |             325.25 |            -5847.55
 Adams                          | Vickie               | Midway   |            34474 |             298.82 |  -5192.720000000001
 Adams                          | Warren               | Midway   |           117253 |             393.22 |  -31491.77999999999
 Adams                          | Wesley               | Midway   |            66209 |             6105.9 | -15411.380000000001
 Adams                          |                      | Midway   |            48683 |             486.66 |  2146.2999999999997
 Adcock                         | William              | Midway   |           205759 |             6122.8 |            -9768.99
 Addison                        | Hazel                | Midway   |           203691 |             983.88 |  -9650.549999999996
 Adkins                         | Anthony              | Midway   |           107776 |                  0 |           -11330.24
 Adkins                         | Emily                | Fairview |           126187 |             392.13 |             -4993.5
 Adkins                         | Janet                | Fairview |            12808 |            1231.22 |            -8648.17
 Adkins                         | Tina                 | Midway   |           134457 |            2693.37 |            -9558.56
 Adler                          | Edwin                | Midway   |            39997 |              708.7 | -18741.379999999997
 Adler                          | Jose                 | Fairview |           101871 |             571.08 |  -4212.820000000001
 Agee                           | Florine              | Midway   |           221186 | 1421.9499999999998 |   256.5999999999999
 Agee                           | Victor               | Midway   |           143637 |              55.49 | -2759.0100000000007
 Agee                           | Victor               | Midway   |           143637 |                  0 |             -1064.2
 Aguiar                         | Deanna               | Midway   |            21903 |             732.63 |           -12264.77
 Aguilar                        | Isabel               | Fairview |           154980 |  847.9200000000001 |               -5137
 Aguilar                        | Jamie                | Midway   |             1017 |               8.44 |  -7914.020000000001
 Aguilar                        | John                 | Fairview |           114507 |            1950.67 | -5470.9299999999985
 Aguilar                        | Kendall              | Midway   |            49189 |                  0 | -11090.400000000001
 Aguilar                        | Michelle             | Midway   |           104649 |  4983.839999999999 | -12524.369999999999
 Aguilar                        | Quentin              | Midway   |           103024 |  813.4000000000001 |            -7186.29
 Aguilera                       | Ethel                | Midway   |           166795 |            1940.96 |            -8652.99
 Aguilera                       | Mark                 | Midway   |           185572 |            2228.97 | -10148.960000000001
 Aguilera                       | Raymond              | Midway   |           165409 |             432.89 |            -5692.25
 Aguirre                        | Calvin               | Fairview |              688 |             137.34 | -2936.9399999999996
 Aguirre                        | Denise               | Fairview |             1356 | 4014.9700000000003 |   2179.279999999999
 Aguirre                        | Jeffrey              | Fairview |            28290 |             766.46 |  -7169.050000000001
 Aguirre                        | Kenneth              | Midway   |            79339 |                  0 |            -4099.66
 Ahern                          | Oscar                | Fairview |            29278 |             664.81 |           -14318.67
 Ahmed                          | Paul                 | Fairview |           201120 |            1921.34 | -2977.7399999999993
 Akers                          | Harriett             | Fairview |           158219 |            4329.95 |           -12954.49
 Akers                          | Lois                 | Fairview |            76255 | 1324.1399999999999 |           -13621.15
 Akers                          |                      | Fairview |           103611 | 2156.9300000000003 |            -8070.49
 Akins                          | Chanda               | Midway   |           208294 |              36.05 | -3117.5800000000017
 Akins                          | Robert               | Fairview |            84991 |            4781.76 |           -11370.19
 Alarcon                        | Curtis               | Midway   |           171874 |            2800.71 |  -7735.110000000001
 Alarcon                        | Rosemary             | Midway   |            13887 |             905.15 | -2587.6399999999994
 Albers                         | Kathleen             | Fairview |           132902 |            1202.76 | -18881.940000000002
 Albert                         | Annette              | Fairview |           200584 |            3347.59 |           -17449.91
 Albert                         | James                | Midway   |            92442 |            1333.52 | -11230.599999999997
 Albertson                      | Hobert               | Midway   |            11018 |             3193.2 | -13258.480000000001
 Albright                       | Donald               | Midway   |           194875 |  664.0400000000001 |              -753.6
 Albright                       | Fred                 | Midway   |            42177 |            1670.85 |  -6132.710000000001
 Albritton                      | Jerry                | Midway   |            47893 |            1430.25 |            -4142.46
 Albritton                      | Michael              | Midway   |            42527 |             779.57 |  -7012.539999999998
 Alcala                         | Linda                | Midway   |           228176 | 219.41000000000003 |  -7541.589999999999
(100 rows)

UPDATE time_statistics SET e_time = TRANSACTION_TIMESTAMP() WHERE template = 'query79.tpl' AND stream = 1;
psql:/tmp/s1-basline/throughput/query_1.sql:3082: NOTICE:  duration: 0.059 ms  plan:
Query Text: UPDATE time_statistics SET e_time = TRANSACTION_TIMESTAMP() WHERE template = 'query79.tpl' AND stream = 1;
Update on time_statistics  (cost=0.00..7.87 rows=0 width=0) (actual time=0.058..0.059 rows=0 loops=1)
  ->  Seq Scan on time_statistics  (cost=0.00..7.87 rows=1 width=14) (actual time=0.043..0.043 rows=1 loops=1)
        Filter: ((template = 'query79.tpl'::text) AND (stream = 1))
        Rows Removed by Filter: 278
UPDATE 1
LOAD 'auto_explain'; SET auto_explain.log_min_duration TO 0; SET auto_explain.log_analyze TO on; SET auto_explain.log_level TO notice; INSERT INTO time_statistics (template, s_time, stream, query, seed) VALUES ('query43.tpl', TRANSACTION_TIMESTAMP(), 1, 57, 960003482);
LOAD
SET
SET
SET
psql:/tmp/s1-basline/throughput/query_1.sql:3083: NOTICE:  duration: 0.009 ms  plan:
Query Text: INSERT INTO time_statistics (template, s_time, stream, query, seed) VALUES ('query43.tpl', TRANSACTION_TIMESTAMP(), 1, 57, 960003482);
Insert on time_statistics  (cost=0.00..0.01 rows=0 width=0) (actual time=0.008..0.008 rows=0 loops=1)
  ->  Result  (cost=0.00..0.01 rows=1 width=64) (actual time=0.001..0.002 rows=1 loops=1)
INSERT 0 1
select  s_store_name, s_store_id,
        sum(case when (d_day_name='Sunday') then ss_sales_price else null end) sun_sales,
        sum(case when (d_day_name='Monday') then ss_sales_price else null end) mon_sales,
        sum(case when (d_day_name='Tuesday') then ss_sales_price else  null end) tue_sales,
        sum(case when (d_day_name='Wednesday') then ss_sales_price else null end) wed_sales,
        sum(case when (d_day_name='Thursday') then ss_sales_price else null end) thu_sales,
        sum(case when (d_day_name='Friday') then ss_sales_price else null end) fri_sales,
        sum(case when (d_day_name='Saturday') then ss_sales_price else null end) sat_sales
 from date_dim, store_sales, store
 where d_date_sk = ss_sold_date_sk and
       s_store_sk = ss_store_sk and
       s_gmt_offset = -5 and
       d_year = 2000 
 group by s_store_name, s_store_id
 order by s_store_name, s_store_id,sun_sales,mon_sales,tue_sales,wed_sales,thu_sales,fri_sales,sat_sales
 limit 100;
psql:/tmp/s1-basline/throughput/query_1.sql:3099: NOTICE:  duration: 527.906 ms  plan:
Query Text: select  s_store_name, s_store_id,
        sum(case when (d_day_name='Sunday') then ss_sales_price else null end) sun_sales,
        sum(case when (d_day_name='Monday') then ss_sales_price else null end) mon_sales,
        sum(case when (d_day_name='Tuesday') then ss_sales_price else  null end) tue_sales,
        sum(case when (d_day_name='Wednesday') then ss_sales_price else null end) wed_sales,
        sum(case when (d_day_name='Thursday') then ss_sales_price else null end) thu_sales,
        sum(case when (d_day_name='Friday') then ss_sales_price else null end) fri_sales,
        sum(case when (d_day_name='Saturday') then ss_sales_price else null end) sat_sales
 from date_dim, store_sales, store
 where d_date_sk = ss_sold_date_sk and
       s_store_sk = ss_store_sk and
       s_gmt_offset = -5 and
       d_year = 2000 
 group by s_store_name, s_store_id
 order by s_store_name, s_store_id,sun_sales,mon_sales,tue_sales,wed_sales,thu_sales,fri_sales,sat_sales
 limit 100;
Limit  (cost=92185.57..92185.59 rows=9 width=78) (actual time=527.759..527.891 rows=6 loops=1)
  ->  Sort  (cost=92185.57..92185.59 rows=9 width=78) (actual time=527.758..527.888 rows=6 loops=1)
        Sort Key: store.s_store_name, store.s_store_id, (sum(CASE WHEN (date_dim.d_day_name = 'Sunday'::bpchar) THEN store_sales.ss_sales_price ELSE NULL::double precision END)), (sum(CASE WHEN (date_dim.d_day_name = 'Monday'::bpchar) THEN store_sales.ss_sales_price ELSE NULL::double precision END)), (sum(CASE WHEN (date_dim.d_day_name = 'Tuesday'::bpchar) THEN store_sales.ss_sales_price ELSE NULL::double precision END)), (sum(CASE WHEN (date_dim.d_day_name = 'Wednesday'::bpchar) THEN store_sales.ss_sales_price ELSE NULL::double precision END)), (sum(CASE WHEN (date_dim.d_day_name = 'Thursday'::bpchar) THEN store_sales.ss_sales_price ELSE NULL::double precision END)), (sum(CASE WHEN (date_dim.d_day_name = 'Friday'::bpchar) THEN store_sales.ss_sales_price ELSE NULL::double precision END)), (sum(CASE WHEN (date_dim.d_day_name = 'Saturday'::bpchar) THEN store_sales.ss_sales_price ELSE NULL::double precision END))
        Sort Method: quicksort  Memory: 25kB
        ->  Finalize GroupAggregate  (cost=91952.08..92185.43 rows=9 width=78) (actual time=456.389..527.881 rows=6 loops=1)
              Group Key: store.s_store_name, store.s_store_id
              ->  Gather Merge  (cost=91952.08..92184.93 rows=18 width=78) (actual time=439.213..527.865 rows=18 loops=1)
                    Workers Planned: 2
                    Workers Launched: 2
                    ->  Partial GroupAggregate  (cost=90952.05..91182.83 rows=9 width=78) (actual time=373.132..443.615 rows=6 loops=3)
                          Group Key: store.s_store_name, store.s_store_id
                          ->  Sort  (cost=90952.05..90965.62 rows=5428 width=40) (actual time=357.688..377.842 rows=179411 loops=3)
                                Sort Key: store.s_store_name, store.s_store_id
                                Sort Method: external merge  Disk: 11464kB
                                Worker 0:  Sort Method: external merge  Disk: 8104kB
                                Worker 1:  Sort Method: external merge  Disk: 8104kB
                                ->  Hash Join  (cost=2323.95..90615.35 rows=5428 width=40) (actual time=14.194..289.521 rows=179411 loops=3)
                                      Hash Cond: (store_sales.ss_store_sk = store.s_store_sk)
                                      ->  Hash Join  (cost=2322.65..90594.07 rows=5693 width=26) (actual time=14.119..261.842 rows=183784 loops=3)
                                            Hash Cond: (store_sales.ss_sold_date_sk = date_dim.d_date_sk)
                                            ->  Parallel Seq Scan on store_sales  (cost=0.00..85123.48 rows=1199148 width=24) (actual time=0.014..122.655 rows=959309 loops=3)
                                            ->  Hash  (cost=2318.11..2318.11 rows=363 width=18) (actual time=14.084..14.084 rows=366 loops=3)
                                                  Buckets: 1024  Batches: 1  Memory Usage: 29kB
                                                  ->  Seq Scan on date_dim  (cost=0.00..2318.11 rows=363 width=18) (actual time=6.665..14.030 rows=366 loops=3)
                                                        Filter: (d_year = 2000)
                                                        Rows Removed by Filter: 72683
                                      ->  Hash  (cost=1.15..1.15 rows=12 width=30) (actual time=0.037..0.038 rows=12 loops=3)
                                            Buckets: 1024  Batches: 1  Memory Usage: 9kB
                                            ->  Seq Scan on store  (cost=0.00..1.15 rows=12 width=30) (actual time=0.026..0.031 rows=12 loops=3)
                                                  Filter: (s_gmt_offset = '-5'::double precision)
 s_store_name |    s_store_id    |     sun_sales      |     mon_sales      |     tue_sales      |     wed_sales      |     thu_sales      |     fri_sales      |     sat_sales      
--------------+------------------+--------------------+--------------------+--------------------+--------------------+--------------------+--------------------+--------------------
 able         | AAAAAAAACAAAAAAA |  509055.1799999997 | 471535.04000000004 |  454937.4000000002 |  473566.4099999992 | 476860.49999999965 | 505296.36999999994 |  524123.4800000002
 ation        | AAAAAAAAHAAAAAAA |  502799.6200000009 |  474266.0699999991 | 451575.00999999954 |  479298.3399999996 | 478710.95999999985 | 471347.48999999935 | 490767.48000000033
 bar          | AAAAAAAAKAAAAAAA |  487866.1199999989 | 465840.63999999943 | 470405.00999999954 |  450020.2799999998 |  508839.9700000001 |  487110.4400000005 |  458781.9300000002
 eing         | AAAAAAAAIAAAAAAA |  506872.7699999998 |          488606.91 |  467538.7700000002 | 495024.24000000063 | 489547.27999999997 |  490523.9499999997 |          477522.12
 ese          | AAAAAAAAEAAAAAAA |          489354.02 | 487996.45999999996 | 452576.89999999944 | 473725.11000000045 | 503642.12999999954 |  471880.7599999995 | 468237.79999999946
 ought        | AAAAAAAABAAAAAAA | 486163.04000000015 | 468506.50000000047 | 442392.62000000046 |  453557.4199999993 | 459480.03000000026 | 486698.53999999946 | 486347.36000000057
(6 rows)

UPDATE time_statistics SET e_time = TRANSACTION_TIMESTAMP() WHERE template = 'query43.tpl' AND stream = 1;
psql:/tmp/s1-basline/throughput/query_1.sql:3101: NOTICE:  duration: 0.060 ms  plan:
Query Text: UPDATE time_statistics SET e_time = TRANSACTION_TIMESTAMP() WHERE template = 'query43.tpl' AND stream = 1;
Update on time_statistics  (cost=0.00..7.87 rows=0 width=0) (actual time=0.059..0.060 rows=0 loops=1)
  ->  Seq Scan on time_statistics  (cost=0.00..7.87 rows=1 width=14) (actual time=0.044..0.044 rows=1 loops=1)
        Filter: ((template = 'query43.tpl'::text) AND (stream = 1))
        Rows Removed by Filter: 279
UPDATE 1
LOAD 'auto_explain'; SET auto_explain.log_min_duration TO 0; SET auto_explain.log_analyze TO on; SET auto_explain.log_level TO notice; INSERT INTO time_statistics (template, s_time, stream, query, seed) VALUES ('../query_postgresql/query80.tpl', TRANSACTION_TIMESTAMP(), 1, 58, 1357248120);
LOAD
SET
SET
SET
psql:/tmp/s1-basline/throughput/query_1.sql:3102: NOTICE:  duration: 0.009 ms  plan:
Query Text: INSERT INTO time_statistics (template, s_time, stream, query, seed) VALUES ('../query_postgresql/query80.tpl', TRANSACTION_TIMESTAMP(), 1, 58, 1357248120);
Insert on time_statistics  (cost=0.00..0.01 rows=0 width=0) (actual time=0.008..0.009 rows=0 loops=1)
  ->  Result  (cost=0.00..0.01 rows=1 width=64) (actual time=0.001..0.002 rows=1 loops=1)
INSERT 0 1
with ssr as
 (select  s_store_id as store_id,
          sum(ss_ext_sales_price) as sales,
          sum(coalesce(sr_return_amt, 0)) as returns,
          sum(ss_net_profit - coalesce(sr_net_loss, 0)) as profit
  from store_sales left outer join store_returns on
         (ss_item_sk = sr_item_sk and ss_ticket_number = sr_ticket_number),
     date_dim,
     store,
     item,
     promotion
 where ss_sold_date_sk = d_date_sk
       and d_date between cast('2001-08-25' as date) 
                  and (cast('2001-08-25' as date) + interval '30 days')
       and ss_store_sk = s_store_sk
       and ss_item_sk = i_item_sk
       and i_current_price > 50
       and ss_promo_sk = p_promo_sk
       and p_channel_tv = 'N'
 group by s_store_id)
 ,
 csr as
 (select  cp_catalog_page_id as catalog_page_id,
          sum(cs_ext_sales_price) as sales,
          sum(coalesce(cr_return_amount, 0)) as returns,
          sum(cs_net_profit - coalesce(cr_net_loss, 0)) as profit
  from catalog_sales left outer join catalog_returns on
         (cs_item_sk = cr_item_sk and cs_order_number = cr_order_number),
     date_dim,
     catalog_page,
     item,
     promotion
 where cs_sold_date_sk = d_date_sk
       and d_date between cast('2001-08-25' as date)
                  and (cast('2001-08-25' as date) +  interval '30 days')
        and cs_catalog_page_sk = cp_catalog_page_sk
       and cs_item_sk = i_item_sk
       and i_current_price > 50
       and cs_promo_sk = p_promo_sk
       and p_channel_tv = 'N'
group by cp_catalog_page_id)
 ,
 wsr as
 (select  web_site_id,
          sum(ws_ext_sales_price) as sales,
          sum(coalesce(wr_return_amt, 0)) as returns,
          sum(ws_net_profit - coalesce(wr_net_loss, 0)) as profit
  from web_sales left outer join web_returns on
         (ws_item_sk = wr_item_sk and ws_order_number = wr_order_number),
     date_dim,
     web_site,
     item,
     promotion
 where ws_sold_date_sk = d_date_sk
       and d_date between cast('2001-08-25' as date)
                  and (cast('2001-08-25' as date) + interval '30 days')
        and ws_web_site_sk = web_site_sk
       and ws_item_sk = i_item_sk
       and i_current_price > 50
       and ws_promo_sk = p_promo_sk
       and p_channel_tv = 'N'
group by web_site_id)
  select  channel
        , id
        , sum(sales) as sales
        , sum(returns) as returns
        , sum(profit) as profit
 from 
 (select 'store channel' as channel
        , 'store' || store_id as id
        , sales
        , returns
        , profit
 from   ssr
 union all
 select 'catalog channel' as channel
        , 'catalog_page' || catalog_page_id as id
        , sales
        , returns
        , profit
 from  csr
 union all
 select 'web channel' as channel
        , 'web_site' || web_site_id as id
        , sales
        , returns
        , profit
 from   wsr
 ) x
 group by rollup (channel, id)
 order by channel
         ,id
 limit 100;
psql:/tmp/s1-basline/throughput/query_1.sql:3195: NOTICE:  duration: 283.220 ms  plan:
Query Text: with ssr as
 (select  s_store_id as store_id,
          sum(ss_ext_sales_price) as sales,
          sum(coalesce(sr_return_amt, 0)) as returns,
          sum(ss_net_profit - coalesce(sr_net_loss, 0)) as profit
  from store_sales left outer join store_returns on
         (ss_item_sk = sr_item_sk and ss_ticket_number = sr_ticket_number),
     date_dim,
     store,
     item,
     promotion
 where ss_sold_date_sk = d_date_sk
       and d_date between cast('2001-08-25' as date) 
                  and (cast('2001-08-25' as date) + interval '30 days')
       and ss_store_sk = s_store_sk
       and ss_item_sk = i_item_sk
       and i_current_price > 50
       and ss_promo_sk = p_promo_sk
       and p_channel_tv = 'N'
 group by s_store_id)
 ,
 csr as
 (select  cp_catalog_page_id as catalog_page_id,
          sum(cs_ext_sales_price) as sales,
          sum(coalesce(cr_return_amount, 0)) as returns,
          sum(cs_net_profit - coalesce(cr_net_loss, 0)) as profit
  from catalog_sales left outer join catalog_returns on
         (cs_item_sk = cr_item_sk and cs_order_number = cr_order_number),
     date_dim,
     catalog_page,
     item,
     promotion
 where cs_sold_date_sk = d_date_sk
       and d_date between cast('2001-08-25' as date)
                  and (cast('2001-08-25' as date) +  interval '30 days')
        and cs_catalog_page_sk = cp_catalog_page_sk
       and cs_item_sk = i_item_sk
       and i_current_price > 50
       and cs_promo_sk = p_promo_sk
       and p_channel_tv = 'N'
group by cp_catalog_page_id)
 ,
 wsr as
 (select  web_site_id,
          sum(ws_ext_sales_price) as sales,
          sum(coalesce(wr_return_amt, 0)) as returns,
          sum(ws_net_profit - coalesce(wr_net_loss, 0)) as profit
  from web_sales left outer join web_returns on
         (ws_item_sk = wr_item_sk and ws_order_number = wr_order_number),
     date_dim,
     web_site,
     item,
     promotion
 where ws_sold_date_sk = d_date_sk
       and d_date between cast('2001-08-25' as date)
                  and (cast('2001-08-25' as date) + interval '30 days')
        and ws_web_site_sk = web_site_sk
       and ws_item_sk = i_item_sk
       and i_current_price > 50
       and ws_promo_sk = p_promo_sk
       and p_channel_tv = 'N'
group by web_site_id)
  select  channel
        , id
        , sum(sales) as sales
        , sum(returns) as returns
        , sum(profit) as profit
 from 
 (select 'store channel' as channel
        , 'store' || store_id as id
        , sales
        , returns
        , profit
 from   ssr
 union all
 select 'catalog channel' as channel
        , 'catalog_page' || catalog_page_id as id
        , sales
        , returns
        , profit
 from  csr
 union all
 select 'web channel' as channel
        , 'web_site' || web_site_id as id
        , sales
        , returns
        , profit
 from   wsr
 ) x
 group by rollup (channel, id)
 order by channel
         ,id
 limit 100;
Limit  (cost=40989.21..40996.60 rows=100 width=88) (actual time=245.189..283.149 rows=100 loops=1)
  ->  GroupAggregate  (cost=40989.21..40996.97 rows=105 width=88) (actual time=245.188..283.142 rows=100 loops=1)
        Group Key: ('store channel'::text), (('store'::text || (ssr.store_id)::text))
        Group Key: ('store channel'::text)
        Group Key: ()
        ->  Gather Merge  (cost=40989.21..40995.27 rows=52 width=88) (actual time=245.183..283.092 rows=101 loops=1)
              Workers Planned: 2
              Workers Launched: 2
              ->  Sort  (cost=39989.19..39989.24 rows=21 width=88) (actual time=136.901..136.911 rows=41 loops=3)
                    Sort Key: ('store channel'::text), (('store'::text || (ssr.store_id)::text))
                    Sort Method: quicksort  Memory: 67kB
                    Worker 0:  Sort Method: quicksort  Memory: 26kB
                    Worker 1:  Sort Method: quicksort  Memory: 25kB
                    ->  Parallel Append  (cost=1.57..39988.73 rows=21 width=88) (actual time=120.878..136.752 rows=136 loops=3)
                          ->  Subquery Scan on ssr  (cost=1.57..39988.62 rows=6 width=88) (actual time=189.231..236.098 rows=6 loops=1)
                                ->  GroupAggregate  (cost=1.57..39988.53 rows=6 width=41) (actual time=189.227..236.090 rows=6 loops=1)
                                      Group Key: store.s_store_id
                                      ->  Nested Loop Left Join  (cost=1.57..39987.80 rows=54 width=49) (actual time=3.784..235.495 rows=3198 loops=1)
                                            ->  Nested Loop  (cost=1.14..39963.75 rows=54 width=49) (actual time=3.704..226.425 rows=3198 loops=1)
                                                  Join Filter: (store_sales.ss_promo_sk = promotion.p_promo_sk)
                                                  Rows Removed by Join Filter: 489602
                                                  ->  Nested Loop  (cost=1.14..39696.46 rows=57 width=57) (actual time=3.653..181.890 rows=3260 loops=1)
                                                        Join Filter: (store_sales.ss_store_sk = store.s_store_sk)
                                                        Rows Removed by Join Filter: 36808
                                                        ->  Index Scan using i_s_store_id on store  (cost=0.14..3.62 rows=12 width=25) (actual time=0.075..0.080 rows=12 loops=1)
                                                        ->  Materialize  (cost=1.01..39682.20 rows=60 width=48) (actual time=0.025..14.889 rows=3339 loops=12)
                                                              ->  Nested Loop  (cost=1.01..39681.90 rows=60 width=48) (actual time=0.279..175.974 rows=3339 loops=1)
                                                                    ->  Nested Loop  (cost=0.72..39334.17 rows=1129 width=48) (actual time=0.205..65.715 rows=62994 loops=1)
                                                                          ->  Index Scan using i_d_date on date_dim  (cost=0.29..3.09 rows=30 width=8) (actual time=0.100..0.113 rows=31 loops=1)
                                                                                Index Cond: ((d_date >= '2001-08-25'::date) AND (d_date <= '2001-09-24 00:00:00'::timestamp without time zone))
                                                                          ->  Index Scan using i_ss_sold_date_sk on store_sales  (cost=0.43..1295.96 rows=1508 width=56) (actual time=0.014..1.767 rows=2032 loops=31)
                                                                                Index Cond: (ss_sold_date_sk = date_dim.d_date_sk)
                                                                    ->  Index Scan using pk_item on item  (cost=0.29..0.31 rows=1 width=8) (actual time=0.002..0.002 rows=0 loops=62994)
                                                                          Index Cond: (i_item_sk = store_sales.ss_item_sk)
                                                                          Filter: (i_current_price > '50'::double precision)
                                                                          Rows Removed by Filter: 1
                                                  ->  Materialize  (cost=0.00..13.24 rows=298 width=8) (actual time=0.000..0.005 rows=151 loops=3260)
                                                        ->  Seq Scan on promotion  (cost=0.00..11.75 rows=298 width=8) (actual time=0.018..0.168 rows=298 loops=1)
                                                              Filter: (p_channel_tv = 'N'::bpchar)
                                                              Rows Removed by Filter: 2
                                            ->  Index Scan using pk_store_returns on store_returns  (cost=0.42..0.45 rows=1 width=32) (actual time=0.003..0.003 rows=0 loops=3198)
                                                  Index Cond: ((sr_item_sk = store_sales.ss_item_sk) AND (sr_ticket_number = store_sales.ss_ticket_number))
                          ->  Subquery Scan on wsr  (cost=11230.35..11230.96 rows=15 width=88) (actual time=91.014..91.174 rows=15 loops=1)
                                ->  GroupAggregate  (cost=11230.35..11230.74 rows=15 width=41) (actual time=91.010..91.165 rows=15 loops=1)
                                      Group Key: web_site.web_site_id
                                      ->  Sort  (cost=11230.35..11230.39 rows=16 width=49) (actual time=90.989..91.022 rows=811 loops=1)
                                            Sort Key: web_site.web_site_id
                                            Worker 0:  Sort Method: quicksort  Memory: 89kB
                                            ->  Nested Loop  (cost=1.42..11230.03 rows=16 width=49) (actual time=52.634..90.397 rows=811 loops=1)
                                                  Join Filter: (web_sales.ws_promo_sk = promotion_1.p_promo_sk)
                                                  Rows Removed by Join Filter: 243251
                                                  ->  Seq Scan on promotion promotion_1  (cost=0.00..11.75 rows=298 width=8) (actual time=0.031..0.130 rows=298 loops=1)
                                                        Filter: (p_channel_tv = 'N'::bpchar)
                                                        Rows Removed by Filter: 2
                                                  ->  Materialize  (cost=1.42..11146.80 rows=16 width=57) (actual time=0.002..0.251 rows=819 loops=298)
                                                        ->  Nested Loop  (cost=1.42..11146.72 rows=16 width=57) (actual time=0.465..65.883 rows=819 loops=1)
                                                              Join Filter: (web_sales.ws_web_site_sk = web_site.web_site_sk)
                                                              Rows Removed by Join Filter: 11492
                                                              ->  Nested Loop Left Join  (cost=1.42..11137.57 rows=16 width=48) (actual time=0.414..64.505 rows=821 loops=1)
                                                                    ->  Nested Loop  (cost=1.00..11130.51 rows=16 width=48) (actual time=0.353..60.903 rows=821 loops=1)
                                                                          ->  Nested Loop  (cost=0.72..11039.21 rows=295 width=48) (actual time=0.189..20.722 rows=15367 loops=1)
                                                                                ->  Index Scan using i_d_date on date_dim date_dim_1  (cost=0.29..3.09 rows=30 width=8) (actual time=0.088..0.102 rows=31 loops=1)
                                                                                      Index Cond: ((d_date >= '2001-08-25'::date) AND (d_date <= '2001-09-24 00:00:00'::timestamp without time zone))
                                                                                ->  Index Scan using i_ws_sold_date_sk on web_sales  (cost=0.42..363.92 rows=395 width=56) (actual time=0.015..0.567 rows=496 loops=31)
                                                                                      Index Cond: (ws_sold_date_sk = date_dim_1.d_date_sk)
                                                                          ->  Index Scan using pk_item on item item_1  (cost=0.29..0.31 rows=1 width=8) (actual time=0.002..0.002 rows=0 loops=15367)
                                                                                Index Cond: (i_item_sk = web_sales.ws_item_sk)
                                                                                Filter: (i_current_price > '50'::double precision)
                                                                                Rows Removed by Filter: 1
                                                                    ->  Index Scan using pk_web_returns on web_returns  (cost=0.42..0.44 rows=1 width=32) (actual time=0.004..0.004 rows=0 loops=821)
                                                                          Index Cond: ((wr_item_sk = web_sales.ws_item_sk) AND (wr_order_number = web_sales.ws_order_number))
                                                              ->  Materialize  (cost=0.00..2.45 rows=30 width=25) (actual time=0.000..0.001 rows=15 loops=821)
                                                                    ->  Seq Scan on web_site  (cost=0.00..2.30 rows=30 width=25) (actual time=0.029..0.042 rows=30 loops=1)
                          ->  Subquery Scan on csr  (cost=1853.96..1855.20 rows=31 width=88) (actual time=82.386..82.940 rows=387 loops=1)
                                ->  GroupAggregate  (cost=1853.96..1854.73 rows=31 width=41) (actual time=82.382..82.834 rows=387 loops=1)
                                      Group Key: catalog_page.cp_catalog_page_id
                                      ->  Sort  (cost=1853.96..1854.03 rows=31 width=49) (actual time=82.374..82.441 rows=1688 loops=1)
                                            Sort Key: catalog_page.cp_catalog_page_id
                                            Sort Method: quicksort  Memory: 183kB
                                            ->  Nested Loop  (cost=1.86..1853.19 rows=31 width=49) (actual time=0.062..79.520 rows=1688 loops=1)
                                                  ->  Nested Loop  (cost=1.71..1848.00 rows=31 width=57) (actual time=0.058..77.268 rows=1702 loops=1)
                                                        ->  Nested Loop Left Join  (cost=1.43..1838.61 rows=31 width=48) (actual time=0.045..74.651 rows=1706 loops=1)
                                                              ->  Nested Loop  (cost=1.01..1824.86 rows=31 width=48) (actual time=0.039..70.884 rows=1706 loops=1)
                                                                    ->  Nested Loop  (cost=0.72..1643.46 rows=588 width=48) (actual time=0.025..14.020 rows=31801 loops=1)
                                                                          ->  Index Scan using i_d_date on date_dim date_dim_2  (cost=0.29..3.09 rows=30 width=8) (actual time=0.011..0.025 rows=31 loops=1)
                                                                                Index Cond: ((d_date >= '2001-08-25'::date) AND (d_date <= '2001-09-24 00:00:00'::timestamp without time zone))
                                                                          ->  Index Scan using i_cs_sold_date_sk on catalog_sales  (cost=0.43..46.86 rows=782 width=56) (actual time=0.005..0.257 rows=1026 loops=31)
                                                                                Index Cond: (cs_sold_date_sk = date_dim_2.d_date_sk)
                                                                    ->  Index Scan using pk_item on item item_2  (cost=0.29..0.31 rows=1 width=8) (actual time=0.002..0.002 rows=0 loops=31801)
                                                                          Index Cond: (i_item_sk = catalog_sales.cs_item_sk)
                                                                          Filter: (i_current_price > '50'::double precision)
                                                                          Rows Removed by Filter: 1
                                                              ->  Index Scan using pk_catalog_returns on catalog_returns  (cost=0.42..0.44 rows=1 width=32) (actual time=0.002..0.002 rows=0 loops=1706)
                                                                    Index Cond: ((cr_item_sk = catalog_sales.cs_item_sk) AND (cr_order_number = catalog_sales.cs_order_number))
                                                        ->  Index Scan using pk_catalog_page on catalog_page  (cost=0.29..0.30 rows=1 width=25) (actual time=0.001..0.001 rows=1 loops=1706)
                                                              Index Cond: (cp_catalog_page_sk = catalog_sales.cs_catalog_page_sk)
                                                  ->  Index Scan using pk_promotion on promotion promotion_2  (cost=0.15..0.17 rows=1 width=8) (actual time=0.001..0.001 rows=1 loops=1702)
                                                        Index Cond: (p_promo_sk = catalog_sales.cs_promo_sk)
                                                        Filter: (p_channel_tv = 'N'::bpchar)
                                                        Rows Removed by Filter: 0
     channel     |              id              |       sales        | returns  |       profit        
-----------------+------------------------------+--------------------+----------+---------------------
 catalog channel | catalog_pageAAAAAAAAAAIBAAAA | 13315.970000000001 |        0 |             3538.96
 catalog channel | catalog_pageAAAAAAAAAAKBAAAA |            3876.16 |        0 |            -5099.92
 catalog channel | catalog_pageAAAAAAAAABKBAAAA |            4534.62 |        0 |   42.49000000000001
 catalog channel | catalog_pageAAAAAAAAADKBAAAA | 23297.440000000002 |        0 |             4874.17
 catalog channel | catalog_pageAAAAAAAAAEHBAAAA |           18715.95 |  1884.58 | -2165.5699999999997
 catalog channel | catalog_pageAAAAAAAAAEKBAAAA | 3129.7200000000003 |        0 |            -3566.56
 catalog channel | catalog_pageAAAAAAAAAFHBAAAA | 39064.549999999996 |  1060.29 |  -6685.209999999999
 catalog channel | catalog_pageAAAAAAAAAFKBAAAA |             3018.8 |        0 |  1131.1999999999998
 catalog channel | catalog_pageAAAAAAAAAGHBAAAA |           10786.34 |        0 |             1184.36
 catalog channel | catalog_pageAAAAAAAAAGKBAAAA | 4478.3099999999995 |        0 |  -719.7099999999998
 catalog channel | catalog_pageAAAAAAAAAHHBAAAA |           38381.98 |  7370.25 |  -6867.619999999999
 catalog channel | catalog_pageAAAAAAAAAHKBAAAA |            2710.98 |   286.12 |             -1309.1
 catalog channel | catalog_pageAAAAAAAAAIHBAAAA | 18579.239999999998 |        0 |  1883.4300000000003
 catalog channel | catalog_pageAAAAAAAAAIKBAAAA | 14296.810000000001 |        0 |             7022.34
 catalog channel | catalog_pageAAAAAAAAAJHBAAAA | 14945.710000000001 |    74.48 |            -4485.73
 catalog channel | catalog_pageAAAAAAAAAJKBAAAA |            5400.13 |        0 |            -4667.21
 catalog channel | catalog_pageAAAAAAAAAKHBAAAA |            6232.62 |        0 |            -1599.53
 catalog channel | catalog_pageAAAAAAAAALHBAAAA | 22807.099999999995 |  2312.73 |            -3760.19
 catalog channel | catalog_pageAAAAAAAAAMHBAAAA |           12683.71 |   924.12 |   977.6000000000001
 catalog channel | catalog_pageAAAAAAAAANHBAAAA |            4527.46 |        0 |                1715
 catalog channel | catalog_pageAAAAAAAAANJBAAAA |             780.69 |        0 |              154.76
 catalog channel | catalog_pageAAAAAAAAAOHBAAAA |           15426.98 |        0 |  -4583.920000000001
 catalog channel | catalog_pageAAAAAAAAAPHBAAAA | 19605.170000000002 |    23.36 | -2519.1699999999996
 catalog channel | catalog_pageAAAAAAAABAIBAAAA |                176 |        0 |            -4477.28
 catalog channel | catalog_pageAAAAAAAABBKBAAAA |           10836.07 |        0 |  1434.3600000000001
 catalog channel | catalog_pageAAAAAAAABDKBAAAA |           16584.25 |        0 |  8066.1900000000005
 catalog channel | catalog_pageAAAAAAAABEHBAAAA |           22503.21 |  1281.36 |             2339.11
 catalog channel | catalog_pageAAAAAAAABEKBAAAA |            14522.8 |   3261.7 |             2007.72
 catalog channel | catalog_pageAAAAAAAABFHBAAAA | 12164.669999999998 |   300.06 | -1736.0899999999997
 catalog channel | catalog_pageAAAAAAAABFKBAAAA |           12139.75 |        0 |  1084.6199999999997
 catalog channel | catalog_pageAAAAAAAABGHBAAAA |           42752.62 | 11931.37 |            11275.42
 catalog channel | catalog_pageAAAAAAAABGKBAAAA |           14781.66 |        0 |             2827.42
 catalog channel | catalog_pageAAAAAAAABHHBAAAA |           46396.58 |  7828.24 |   6442.389999999999
 catalog channel | catalog_pageAAAAAAAABHKBAAAA |            2289.84 |        0 |              576.22
 catalog channel | catalog_pageAAAAAAAABIHBAAAA |           26723.44 |   6627.2 |             1934.12
 catalog channel | catalog_pageAAAAAAAABIKBAAAA |            12349.8 |        0 |                3399
 catalog channel | catalog_pageAAAAAAAABJHBAAAA | 14479.289999999999 |        0 | -10383.160000000002
 catalog channel | catalog_pageAAAAAAAABJKBAAAA | 3030.9300000000003 |        0 |             1508.76
 catalog channel | catalog_pageAAAAAAAABKHBAAAA | 27296.750000000004 |  2011.38 | -4052.2200000000003
 catalog channel | catalog_pageAAAAAAAABLHBAAAA |            3719.88 |        0 | -3809.3499999999995
 catalog channel | catalog_pageAAAAAAAABMHBAAAA | 29367.279999999995 |  1702.12 |             6263.71
 catalog channel | catalog_pageAAAAAAAABMJBAAAA |            7451.48 |   6088.4 |            -5476.34
 catalog channel | catalog_pageAAAAAAAABNHBAAAA |            5745.52 |  2996.26 |            -1068.54
 catalog channel | catalog_pageAAAAAAAABOHBAAAA |           19075.43 |        0 |  1304.6299999999999
 catalog channel | catalog_pageAAAAAAAABPHBAAAA |           12209.11 |        0 |  2657.9300000000003
 catalog channel | catalog_pageAAAAAAAABPJBAAAA |             884.15 |        0 |             -331.99
 catalog channel | catalog_pageAAAAAAAACAIBAAAA |            9749.69 |   985.11 | -5397.5599999999995
 catalog channel | catalog_pageAAAAAAAACAKBAAAA |            16133.7 |        0 |  -4778.349999999999
 catalog channel | catalog_pageAAAAAAAACCKBAAAA |              267.6 |    156.1 |             -149.71
 catalog channel | catalog_pageAAAAAAAACDKBAAAA |  7297.990000000001 |        0 |  2797.8399999999997
 catalog channel | catalog_pageAAAAAAAACEHBAAAA | 23044.870000000003 |  5733.76 |           -10698.09
 catalog channel | catalog_pageAAAAAAAACEKBAAAA |  5776.700000000001 |        0 |            -2838.99
 catalog channel | catalog_pageAAAAAAAACFHBAAAA | 24513.370000000003 |        0 |   5124.660000000001
 catalog channel | catalog_pageAAAAAAAACFKBAAAA |             8284.2 |        0 |             3086.89
 catalog channel | catalog_pageAAAAAAAACGHBAAAA |            3958.06 |   593.34 | -3470.1200000000003
 catalog channel | catalog_pageAAAAAAAACGKBAAAA |           11784.05 |    313.1 |             3766.74
 catalog channel | catalog_pageAAAAAAAACHHBAAAA | 28419.190000000002 |   192.48 |           -12481.57
 catalog channel | catalog_pageAAAAAAAACHKBAAAA |            4532.78 |        0 | -1049.8799999999999
 catalog channel | catalog_pageAAAAAAAACIHBAAAA | 15577.630000000001 |        0 |            -2364.54
 catalog channel | catalog_pageAAAAAAAACIKBAAAA |               5830 |   465.22 |             -343.56
 catalog channel | catalog_pageAAAAAAAACJHBAAAA |            46426.5 |    317.9 |            10390.82
 catalog channel | catalog_pageAAAAAAAACJKBAAAA | 10244.210000000001 |  4732.38 |            -3432.44
 catalog channel | catalog_pageAAAAAAAACKHBAAAA | 15287.090000000002 |  1089.39 | -40.760000000000446
 catalog channel | catalog_pageAAAAAAAACLHBAAAA | 13647.570000000002 |        0 |  -887.8300000000002
 catalog channel | catalog_pageAAAAAAAACMHBAAAA |  6760.299999999999 |   2997.9 |             -1076.3
 catalog channel | catalog_pageAAAAAAAACMJBAAAA |           14141.52 |        0 |             1367.82
 catalog channel | catalog_pageAAAAAAAACNHBAAAA |             117.88 |    56.39 |             -218.91
 catalog channel | catalog_pageAAAAAAAACOHBAAAA | 1549.3400000000001 |   557.04 |            -1340.49
 catalog channel | catalog_pageAAAAAAAACOJBAAAA |              782.6 |        0 |                32.2
 catalog channel | catalog_pageAAAAAAAACPHBAAAA |           17979.69 |        0 |             4730.97
 catalog channel | catalog_pageAAAAAAAACPJBAAAA |            1956.25 |        0 |  -820.5899999999999
 catalog channel | catalog_pageAAAAAAAADAIBAAAA |           17755.89 |        0 |            -2090.98
 catalog channel | catalog_pageAAAAAAAADAKBAAAA |            3458.06 |        0 |            -5449.06
 catalog channel | catalog_pageAAAAAAAADBKBAAAA |           11173.51 |  4296.92 |            -2634.91
 catalog channel | catalog_pageAAAAAAAADDKBAAAA |            2290.34 |        0 |            -1591.59
 catalog channel | catalog_pageAAAAAAAADEHBAAAA |           20579.24 |    60.72 |  1392.2999999999997
 catalog channel | catalog_pageAAAAAAAADEKBAAAA |            9595.47 |        0 |  -8366.990000000002
 catalog channel | catalog_pageAAAAAAAADFHBAAAA | 23120.030000000002 |        0 |  37.730000000000246
 catalog channel | catalog_pageAAAAAAAADFKBAAAA | 7408.9400000000005 |        0 |            -2295.61
 catalog channel | catalog_pageAAAAAAAADGHBAAAA |            4480.32 |     1113 |              -937.1
 catalog channel | catalog_pageAAAAAAAADGKBAAAA | 10505.019999999999 |        0 | -1149.4199999999998
 catalog channel | catalog_pageAAAAAAAADHHBAAAA |           11775.86 |        0 |              932.48
 catalog channel | catalog_pageAAAAAAAADHKBAAAA |             668.42 |        0 |             -145.35
 catalog channel | catalog_pageAAAAAAAADIHBAAAA |           13338.12 |        0 |  238.29000000000065
 catalog channel | catalog_pageAAAAAAAADIKBAAAA |             1886.7 |        0 |            -5058.84
 catalog channel | catalog_pageAAAAAAAADJHBAAAA |           20901.59 |        0 |             1828.77
 catalog channel | catalog_pageAAAAAAAADJKBAAAA |           14937.49 |        0 |             5265.56
 catalog channel | catalog_pageAAAAAAAADKHBAAAA |             148.06 |        0 |             -949.08
 catalog channel | catalog_pageAAAAAAAADLHBAAAA |  9674.650000000001 |        0 |            -3115.92
 catalog channel | catalog_pageAAAAAAAADMHBAAAA |            7702.38 |        0 |            -1844.12
 catalog channel | catalog_pageAAAAAAAADMJBAAAA |            1791.42 |        0 |  -562.6300000000001
 catalog channel | catalog_pageAAAAAAAADNHBAAAA |             5069.9 |        0 |              123.75
 catalog channel | catalog_pageAAAAAAAADNJBAAAA |             173.16 |        0 |                1.56
 catalog channel | catalog_pageAAAAAAAADOHBAAAA |           16159.39 |   1390.6 | -1309.5200000000002
 catalog channel | catalog_pageAAAAAAAADOJBAAAA |            9744.85 |        0 |   808.5499999999998
 catalog channel | catalog_pageAAAAAAAADPHBAAAA |           14916.17 |        0 |             7731.36
 catalog channel | catalog_pageAAAAAAAADPJBAAAA | 2085.8599999999997 |        0 |            -2363.82
 catalog channel | catalog_pageAAAAAAAAEAIBAAAA |            4478.17 |        0 | -11789.300000000001
 catalog channel | catalog_pageAAAAAAAAEAKBAAAA |            5424.46 |        0 |   707.1500000000001
 catalog channel | catalog_pageAAAAAAAAEBKBAAAA |            2706.99 |        0 |              -93.99
(100 rows)

UPDATE time_statistics SET e_time = TRANSACTION_TIMESTAMP() WHERE template = '../query_postgresql/query80.tpl' AND stream = 1;
psql:/tmp/s1-basline/throughput/query_1.sql:3197: NOTICE:  duration: 0.053 ms  plan:
Query Text: UPDATE time_statistics SET e_time = TRANSACTION_TIMESTAMP() WHERE template = '../query_postgresql/query80.tpl' AND stream = 1;
Update on time_statistics  (cost=0.00..7.87 rows=0 width=0) (actual time=0.052..0.052 rows=0 loops=1)
  ->  Seq Scan on time_statistics  (cost=0.00..7.87 rows=1 width=14) (actual time=0.039..0.039 rows=1 loops=1)
        Filter: ((template = '../query_postgresql/query80.tpl'::text) AND (stream = 1))
        Rows Removed by Filter: 280
UPDATE 1
LOAD 'auto_explain'; SET auto_explain.log_min_duration TO 0; SET auto_explain.log_analyze TO on; SET auto_explain.log_level TO notice; INSERT INTO time_statistics (template, s_time, stream, query, seed) VALUES ('query93.tpl', TRANSACTION_TIMESTAMP(), 1, 59, 697854406);
LOAD
SET
SET
SET
psql:/tmp/s1-basline/throughput/query_1.sql:3198: NOTICE:  duration: 0.010 ms  plan:
Query Text: INSERT INTO time_statistics (template, s_time, stream, query, seed) VALUES ('query93.tpl', TRANSACTION_TIMESTAMP(), 1, 59, 697854406);
Insert on time_statistics  (cost=0.00..0.01 rows=0 width=0) (actual time=0.009..0.009 rows=0 loops=1)
  ->  Result  (cost=0.00..0.01 rows=1 width=64) (actual time=0.001..0.002 rows=1 loops=1)
INSERT 0 1
select  ss_customer_sk
            ,sum(act_sales) sumsales
      from (select ss_item_sk
                  ,ss_ticket_number
                  ,ss_customer_sk
                  ,case when sr_return_quantity is not null then (ss_quantity-sr_return_quantity)*ss_sales_price
                                                            else (ss_quantity*ss_sales_price) end act_sales
            from store_sales left outer join store_returns on (sr_item_sk = ss_item_sk
                                                               and sr_ticket_number = ss_ticket_number)
                ,reason
            where sr_reason_sk = r_reason_sk
              and r_reason_desc = 'reason 32') t
      group by ss_customer_sk
      order by sumsales, ss_customer_sk
limit 100;
psql:/tmp/s1-basline/throughput/query_1.sql:3213: NOTICE:  duration: 92.030 ms  plan:
Query Text: select  ss_customer_sk
            ,sum(act_sales) sumsales
      from (select ss_item_sk
                  ,ss_ticket_number
                  ,ss_customer_sk
                  ,case when sr_return_quantity is not null then (ss_quantity-sr_return_quantity)*ss_sales_price
                                                            else (ss_quantity*ss_sales_price) end act_sales
            from store_sales left outer join store_returns on (sr_item_sk = ss_item_sk
                                                               and sr_ticket_number = ss_ticket_number)
                ,reason
            where sr_reason_sk = r_reason_sk
              and r_reason_desc = 'reason 32') t
      group by ss_customer_sk
      order by sumsales, ss_customer_sk
limit 100;
Limit  (cost=16331.05..16331.08 rows=10 width=16) (actual time=91.989..92.003 rows=100 loops=1)
  ->  Sort  (cost=16331.05..16331.08 rows=10 width=16) (actual time=91.988..91.995 rows=100 loops=1)
        Sort Key: (sum(CASE WHEN (store_returns.sr_return_quantity IS NOT NULL) THEN (((store_sales.ss_quantity - store_returns.sr_return_quantity))::double precision * store_sales.ss_sales_price) ELSE ((store_sales.ss_quantity)::double precision * store_sales.ss_sales_price) END)), store_sales.ss_customer_sk
        Sort Method: top-N heapsort  Memory: 33kB
        ->  GroupAggregate  (cost=16330.59..16330.89 rows=10 width=16) (actual time=87.995..91.174 rows=7128 loops=1)
              Group Key: store_sales.ss_customer_sk
              ->  Sort  (cost=16330.59..16330.61 rows=10 width=24) (actual time=87.987..88.612 rows=7869 loops=1)
                    Sort Key: store_sales.ss_customer_sk
                    Sort Method: quicksort  Memory: 679kB
                    ->  Nested Loop  (cost=1.88..16330.42 rows=10 width=24) (actual time=0.057..86.215 rows=7869 loops=1)
                          ->  Hash Join  (cost=1.45..10237.21 rows=7929 width=20) (actual time=0.050..55.223 rows=7869 loops=1)
                                Hash Cond: (store_returns.sr_reason_sk = reason.r_reason_sk)
                                ->  Seq Scan on store_returns  (cost=0.00..9393.72 rows=287172 width=28) (actual time=0.003..20.233 rows=287172 loops=1)
                                ->  Hash  (cost=1.44..1.44 rows=1 width=8) (actual time=0.009..0.010 rows=1 loops=1)
                                      Buckets: 1024  Batches: 1  Memory Usage: 9kB
                                      ->  Seq Scan on reason  (cost=0.00..1.44 rows=1 width=8) (actual time=0.007..0.008 rows=1 loops=1)
                                            Filter: (r_reason_desc = 'reason 32'::bpchar)
                                            Rows Removed by Filter: 34
                          ->  Index Scan using pk_store_sales on store_sales  (cost=0.43..0.77 rows=1 width=36) (actual time=0.004..0.004 rows=1 loops=7869)
                                Index Cond: ((ss_item_sk = store_returns.sr_item_sk) AND (ss_ticket_number = store_returns.sr_ticket_number))
 ss_customer_sk | sumsales 
----------------+----------
           1399 |        0
           1629 |        0
           1642 |        0
           1865 |        0
           2096 |        0
           2155 |        0
           2178 |        0
           2568 |        0
           2584 |        0
           2618 |        0
           2626 |        0
           3177 |        0
           3482 |        0
           3687 |        0
           3775 |        0
           3877 |        0
           4464 |        0
           4566 |        0
           4992 |        0
           5238 |        0
           5834 |        0
           5949 |        0
           6171 |        0
           6233 |        0
           6697 |        0
           6772 |        0
           6860 |        0
           6954 |        0
           8169 |        0
           8316 |        0
           8624 |        0
           8880 |        0
           9044 |        0
           9073 |        0
           9512 |        0
          10048 |        0
          10374 |        0
          10432 |        0
          10599 |        0
          10624 |        0
          10781 |        0
          10782 |        0
          10942 |        0
          11562 |        0
          11646 |        0
          11915 |        0
          12012 |        0
          12462 |        0
          12765 |        0
          12785 |        0
          12837 |        0
          12943 |        0
          12949 |        0
          13002 |        0
          13106 |        0
          13115 |        0
          13145 |        0
          13729 |        0
          13781 |        0
          13961 |        0
          14013 |        0
          14984 |        0
          15008 |        0
          15114 |        0
          15131 |        0
          15248 |        0
          15522 |        0
          15669 |        0
          15812 |        0
          15821 |        0
          15846 |        0
          16043 |        0
          16410 |        0
          16420 |        0
          16436 |        0
          16530 |        0
          17505 |        0
          17934 |        0
          18077 |        0
          18088 |        0
          18122 |        0
          18196 |        0
          19314 |        0
          19612 |        0
          19680 |        0
          20346 |        0
          20884 |        0
          21108 |        0
          21143 |        0
          21348 |        0
          21597 |        0
          21792 |        0
          22292 |        0
          22503 |        0
          22726 |        0
          23309 |        0
          23404 |        0
          23916 |        0
          24020 |        0
          24248 |        0
(100 rows)

UPDATE time_statistics SET e_time = TRANSACTION_TIMESTAMP() WHERE template = 'query93.tpl' AND stream = 1;
psql:/tmp/s1-basline/throughput/query_1.sql:3215: NOTICE:  duration: 0.056 ms  plan:
Query Text: UPDATE time_statistics SET e_time = TRANSACTION_TIMESTAMP() WHERE template = 'query93.tpl' AND stream = 1;
Update on time_statistics  (cost=0.00..7.87 rows=0 width=0) (actual time=0.056..0.056 rows=0 loops=1)
  ->  Seq Scan on time_statistics  (cost=0.00..7.87 rows=1 width=14) (actual time=0.040..0.040 rows=1 loops=1)
        Filter: ((template = 'query93.tpl'::text) AND (stream = 1))
        Rows Removed by Filter: 281
UPDATE 1
LOAD 'auto_explain'; SET auto_explain.log_min_duration TO 0; SET auto_explain.log_analyze TO on; SET auto_explain.log_level TO notice; INSERT INTO time_statistics (template, s_time, stream, query, seed) VALUES ('query31.tpl', TRANSACTION_TIMESTAMP(), 1, 60, 24058519);
LOAD
SET
SET
SET
psql:/tmp/s1-basline/throughput/query_1.sql:3216: NOTICE:  duration: 0.009 ms  plan:
Query Text: INSERT INTO time_statistics (template, s_time, stream, query, seed) VALUES ('query31.tpl', TRANSACTION_TIMESTAMP(), 1, 60, 24058519);
Insert on time_statistics  (cost=0.00..0.01 rows=0 width=0) (actual time=0.008..0.008 rows=0 loops=1)
  ->  Result  (cost=0.00..0.01 rows=1 width=64) (actual time=0.001..0.002 rows=1 loops=1)
INSERT 0 1
with ss as
 (select ca_county,d_qoy, d_year,sum(ss_ext_sales_price) as store_sales
 from store_sales,date_dim,customer_address
 where ss_sold_date_sk = d_date_sk
  and ss_addr_sk=ca_address_sk
 group by ca_county,d_qoy, d_year),
 ws as
 (select ca_county,d_qoy, d_year,sum(ws_ext_sales_price) as web_sales
 from web_sales,date_dim,customer_address
 where ws_sold_date_sk = d_date_sk
  and ws_bill_addr_sk=ca_address_sk
 group by ca_county,d_qoy, d_year)
 select 
        ss1.ca_county
       ,ss1.d_year
       ,ws2.web_sales/ws1.web_sales web_q1_q2_increase
       ,ss2.store_sales/ss1.store_sales store_q1_q2_increase
       ,ws3.web_sales/ws2.web_sales web_q2_q3_increase
       ,ss3.store_sales/ss2.store_sales store_q2_q3_increase
 from
        ss ss1
       ,ss ss2
       ,ss ss3
       ,ws ws1
       ,ws ws2
       ,ws ws3
 where
    ss1.d_qoy = 1
    and ss1.d_year = 2002
    and ss1.ca_county = ss2.ca_county
    and ss2.d_qoy = 2
    and ss2.d_year = 2002
 and ss2.ca_county = ss3.ca_county
    and ss3.d_qoy = 3
    and ss3.d_year = 2002
    and ss1.ca_county = ws1.ca_county
    and ws1.d_qoy = 1
    and ws1.d_year = 2002
    and ws1.ca_county = ws2.ca_county
    and ws2.d_qoy = 2
    and ws2.d_year = 2002
    and ws1.ca_county = ws3.ca_county
    and ws3.d_qoy = 3
    and ws3.d_year =2002
    and case when ws1.web_sales > 0 then ws2.web_sales/ws1.web_sales else null end 
       > case when ss1.store_sales > 0 then ss2.store_sales/ss1.store_sales else null end
    and case when ws2.web_sales > 0 then ws3.web_sales/ws2.web_sales else null end
       > case when ss2.store_sales > 0 then ss3.store_sales/ss2.store_sales else null end
 order by store_q1_q2_increase;
psql:/tmp/s1-basline/throughput/query_1.sql:3265: NOTICE:  duration: 11077.499 ms  plan:
Query Text: with ss as
 (select ca_county,d_qoy, d_year,sum(ss_ext_sales_price) as store_sales
 from store_sales,date_dim,customer_address
 where ss_sold_date_sk = d_date_sk
  and ss_addr_sk=ca_address_sk
 group by ca_county,d_qoy, d_year),
 ws as
 (select ca_county,d_qoy, d_year,sum(ws_ext_sales_price) as web_sales
 from web_sales,date_dim,customer_address
 where ws_sold_date_sk = d_date_sk
  and ws_bill_addr_sk=ca_address_sk
 group by ca_county,d_qoy, d_year)
 select 
        ss1.ca_county
       ,ss1.d_year
       ,ws2.web_sales/ws1.web_sales web_q1_q2_increase
       ,ss2.store_sales/ss1.store_sales store_q1_q2_increase
       ,ws3.web_sales/ws2.web_sales web_q2_q3_increase
       ,ss3.store_sales/ss2.store_sales store_q2_q3_increase
 from
        ss ss1
       ,ss ss2
       ,ss ss3
       ,ws ws1
       ,ws ws2
       ,ws ws3
 where
    ss1.d_qoy = 1
    and ss1.d_year = 2002
    and ss1.ca_county = ss2.ca_county
    and ss2.d_qoy = 2
    and ss2.d_year = 2002
 and ss2.ca_county = ss3.ca_county
    and ss3.d_qoy = 3
    and ss3.d_year = 2002
    and ss1.ca_county = ws1.ca_county
    and ws1.d_qoy = 1
    and ws1.d_year = 2002
    and ws1.ca_county = ws2.ca_county
    and ws2.d_qoy = 2
    and ws2.d_year = 2002
    and ws1.ca_county = ws3.ca_county
    and ws3.d_qoy = 3
    and ws3.d_year =2002
    and case when ws1.web_sales > 0 then ws2.web_sales/ws1.web_sales else null end 
       > case when ss1.store_sales > 0 then ss2.store_sales/ss1.store_sales else null end
    and case when ws2.web_sales > 0 then ws3.web_sales/ws2.web_sales else null end
       > case when ss2.store_sales > 0 then ss3.store_sales/ss2.store_sales else null end
 order by store_q1_q2_increase;
Sort  (cost=548558.56..548558.56 rows=1 width=114) (actual time=11077.451..11077.462 rows=50 loops=1)
  Sort Key: ((ss2.store_sales / ss1.store_sales))
  Sort Method: quicksort  Memory: 29kB
  CTE ss
    ->  HashAggregate  (cost=240213.41..290939.49 rows=1484184 width=30) (actual time=2108.706..2116.239 rows=35244 loops=1)
          Group Key: customer_address.ca_county, date_dim.d_qoy, date_dim.d_year
          Planned Partitions: 8  Batches: 1  Memory Usage: 10257kB
          ->  Hash Join  (cost=5321.60..122000.46 rows=2624676 width=30) (actual time=38.292..1497.689 rows=2683446 loops=1)
                Hash Cond: (store_sales.ss_sold_date_sk = date_dim.d_date_sk)
                ->  Hash Join  (cost=2273.00..111739.81 rows=2747297 width=30) (actual time=15.219..1054.319 rows=2748537 loops=1)
                      Hash Cond: (store_sales.ss_addr_sk = customer_address.ca_address_sk)
                      ->  Seq Scan on store_sales  (cost=0.00..101911.56 rows=2877956 width=24) (actual time=0.007..216.321 rows=2877928 loops=1)
                      ->  Hash  (cost=1648.00..1648.00 rows=50000 width=22) (actual time=14.923..14.924 rows=50000 loops=1)
                            Buckets: 65536  Batches: 1  Memory Usage: 3298kB
                            ->  Seq Scan on customer_address  (cost=0.00..1648.00 rows=50000 width=22) (actual time=0.004..7.024 rows=50000 loops=1)
                ->  Hash  (cost=2135.49..2135.49 rows=73049 width=16) (actual time=22.556..22.557 rows=73049 loops=1)
                      Buckets: 131072  Batches: 1  Memory Usage: 4449kB
                      ->  Seq Scan on date_dim  (cost=0.00..2135.49 rows=73049 width=16) (actual time=0.008..11.169 rows=73049 loops=1)
  CTE ws
    ->  HashAggregate  (cost=75331.81..92356.29 rows=719186 width=30) (actual time=594.476..599.590 rows=23366 loops=1)
          Group Key: customer_address_1.ca_county, date_dim_1.d_qoy, date_dim_1.d_year
          Planned Partitions: 4  Batches: 1  Memory Usage: 9233kB
          ->  Hash Join  (cost=5321.60..42940.34 rows=719186 width=30) (actual time=33.116..431.426 rows=719212 loops=1)
                Hash Cond: (web_sales.ws_sold_date_sk = date_dim_1.d_date_sk)
                ->  Hash Join  (cost=2273.00..38003.51 rows=719282 width=30) (actual time=13.494..301.765 rows=719288 loops=1)
                      Hash Cond: (web_sales.ws_bill_addr_sk = customer_address_1.ca_address_sk)
                      ->  Seq Scan on web_sales  (cost=0.00..33841.74 rows=719474 width=24) (actual time=0.004..61.877 rows=719474 loops=1)
                      ->  Hash  (cost=1648.00..1648.00 rows=50000 width=22) (actual time=13.453..13.453 rows=50000 loops=1)
                            Buckets: 65536  Batches: 1  Memory Usage: 3298kB
                            ->  Seq Scan on customer_address customer_address_1  (cost=0.00..1648.00 rows=50000 width=22) (actual time=0.004..6.946 rows=50000 loops=1)
                ->  Hash  (cost=2135.49..2135.49 rows=73049 width=16) (actual time=19.550..19.551 rows=73049 loops=1)
                      Buckets: 131072  Batches: 1  Memory Usage: 4449kB
                      ->  Seq Scan on date_dim date_dim_1  (cost=0.00..2135.49 rows=73049 width=16) (actual time=0.007..10.187 rows=73049 loops=1)
  ->  Nested Loop  (cost=0.00..165262.76 rows=1 width=114) (actual time=3177.273..11077.420 rows=50 loops=1)
        Join Filter: (((ss1.ca_county)::text = (ws2.ca_county)::text) AND (CASE WHEN (ws1.web_sales > '0'::double precision) THEN (ws2.web_sales / ws1.web_sales) ELSE NULL::double precision END > CASE WHEN (ss1.store_sales > '0'::double precision) THEN (ss2.store_sales / ss1.store_sales) ELSE NULL::double precision END) AND (CASE WHEN (ws2.web_sales > '0'::double precision) THEN (ws3.web_sales / ws2.web_sales) ELSE NULL::double precision END > CASE WHEN (ss2.store_sales > '0'::double precision) THEN (ss3.store_sales / ss2.store_sales) ELSE NULL::double precision END))
        Rows Removed by Join Filter: 523880
        ->  Nested Loop  (cost=0.00..147282.43 rows=1 width=434) (actual time=2733.009..9958.956 rows=605 loops=1)
              Join Filter: ((ss1.ca_county)::text = (ss3.ca_county)::text)
              Rows Removed by Join Filter: 1106473
              ->  Nested Loop  (cost=0.00..110177.37 rows=1 width=348) (actual time=2715.636..8216.775 rows=613 loops=1)
                    Join Filter: ((ss1.ca_county)::text = (ss2.ca_county)::text)
                    Rows Removed by Join Filter: 1083011
                    ->  Nested Loop  (cost=0.00..73072.31 rows=1 width=262) (actual time=2714.368..6388.564 rows=652 loops=1)
                          Join Filter: ((ws1.ca_county)::text = (ss1.ca_county)::text)
                          Rows Removed by Join Filter: 1141142
                          ->  Nested Loop  (cost=0.00..35966.41 rows=2 width=172) (actual time=605.652..2333.100 rows=687 loops=1)
                                Join Filter: ((ws1.ca_county)::text = (ws3.ca_county)::text)
                                Rows Removed by Join Filter: 1196444
                                ->  CTE Scan on ws ws1  (cost=0.00..17979.65 rows=18 width=86) (actual time=594.482..596.327 rows=923 loops=1)
                                      Filter: ((d_qoy = 1) AND (d_year = 2002))
                                      Rows Removed by Filter: 22443
                                ->  CTE Scan on ws ws3  (cost=0.00..17979.65 rows=18 width=86) (actual time=0.002..1.804 rows=1297 loops=923)
                                      Filter: ((d_year = 2002) AND (d_qoy = 3))
                                      Rows Removed by Filter: 22069
                          ->  CTE Scan on ss ss1  (cost=0.00..37104.60 rows=37 width=90) (actual time=3.070..5.804 rows=1662 loops=687)
                                Filter: ((d_qoy = 1) AND (d_year = 2002))
                                Rows Removed by Filter: 33582
                    ->  CTE Scan on ss ss2  (cost=0.00..37104.60 rows=37 width=86) (actual time=0.002..2.704 rows=1662 loops=652)
                          Filter: ((d_year = 2002) AND (d_qoy = 2))
                          Rows Removed by Filter: 33582
              ->  CTE Scan on ss ss3  (cost=0.00..37104.60 rows=37 width=86) (actual time=0.002..2.734 rows=1806 loops=613)
                    Filter: ((d_year = 2002) AND (d_qoy = 3))
                    Rows Removed by Filter: 33438
        ->  CTE Scan on ws ws2  (cost=0.00..17979.65 rows=18 width=86) (actual time=0.001..1.784 rows=866 loops=605)
              Filter: ((d_year = 2002) AND (d_qoy = 2))
              Rows Removed by Filter: 22500
        ca_county         | d_year | web_q1_q2_increase | store_q1_q2_increase | web_q2_q3_increase  | store_q2_q3_increase 
--------------------------+--------+--------------------+----------------------+---------------------+----------------------
 Wilkin County            |   2002 | 0.2297467145600507 |  0.10362308103834585 |    7.77073772977961 |   3.5111409454577194
 Cleburne County          |   2002 | 0.5106379454275359 |   0.3570628275948487 |  4.9205359801488795 |    2.633314109047099
 Craighead County         |   2002 | 1.7627016378850366 |  0.36772964931436086 |   2.849198331388495 |    2.606820180628723
 Borden County            |   2002 |  0.609192546136491 |  0.38514406656486067 |   6.352362978573726 |    6.046064876033467
 Pembina County           |   2002 | 1.1291454659648363 |    0.388373749789923 |  2.5423577286019077 |    1.004884044317343
 Bourbon County           |   2002 | 0.6222573592638327 |   0.4281671363744415 |  10.531684734221141 |   3.4973859026628134
 Richland County          |   2002 | 0.7241500523869449 |   0.4961081698684623 |   3.758153891811349 |    3.048350526988495
 Coos County              |   2002 |   0.94423603487691 |   0.5042582816618467 |  2.7906932001958196 |   1.4738107816335453
 Wade Hampton Census Area |   2002 | 0.9849738714692097 |   0.5210343404881562 |   4.771728230236474 |    3.963916481732474
 Nelson County            |   2002 | 1.1631615147605499 |   0.5355824116970653 |   2.852925486553345 |    2.279408210405479
 Box Butte County         |   2002 | 0.5663853867514567 |   0.5620175805262941 |   2.989698304151922 |   2.7749161216928533
 Minidoka County          |   2002 | 1.2887178852385444 |   0.5724748448778594 |  1.1288364363857075 |   0.6845079243962285
 Leon County              |   2002 | 0.7733007219298106 |    0.584549110901023 |  4.9095304007639236 |    2.326856184861917
 Big Horn County          |   2002 | 0.9377004399975322 |   0.5982899489961456 |   1.352761490441173 |   1.2377283291856078
 Grundy County            |   2002 | 1.3218086687181407 |   0.6026207223164994 |  1.8754476044375898 |   1.4536401394093321
 Calloway County          |   2002 | 1.7832970459865212 |   0.6075848873341072 |   1.589506271376181 |   0.9847783174098934
 Juniata County           |   2002 | 4.6953111311490145 |   0.6077661477109703 |   0.443240694179297 |   0.2686287629340022
 Clark County             |   2002 |  1.033150786975235 |   0.6809101904479831 |  3.2582106933019386 |    2.016435734700559
 Sterling County          |   2002 | 0.9494277613154297 |   0.6824940980454341 |  2.6387308008067594 |   0.6722186953588425
 Blaine County            |   2002 | 1.4099271867080603 |   0.6965347632965566 |  3.4252133187164597 |    2.600544927625648
 Lee County               |   2002 | 1.2304592368686231 |   0.7071649347052187 |   2.355227313806286 |   1.9906287694080957
 Lawrence County          |   2002 | 1.4580820891075525 |   0.7601252399905649 |   2.455039577264787 |   2.4330036798809522
 White County             |   2002 | 0.9434668065531306 |   0.8556913711616695 |   2.069224794858229 |   1.7867500477981273
 Fayette County           |   2002 | 1.0146464325225566 |   0.8638860336538567 |   4.642064340697708 |   2.4531159189761897
 Union County             |   2002 | 1.1136469244930656 |   0.8665246030946103 |  3.1015192079455494 |    2.038315501381743
 Sabine County            |   2002 | 1.0427249539041974 |   0.8987736322860289 |   7.582997373304411 |   1.4341277373721233
 Liberty County           |   2002 | 1.0041538405452293 |   0.9056433453311675 |  3.9922601104057858 |   1.6469000467828332
 Adams County             |   2002 | 1.8591715342045687 |    0.942040034934715 |   2.622861376272926 |   1.8285883057867691
 Clarke County            |   2002 | 1.1481388519512241 |   0.9494452632985072 |    2.90299372416798 |   1.0669559724082998
 Logan County             |   2002 | 1.3158523847508932 |   0.9720672216221281 |  2.7933194845252385 |   1.5689819588497969
 Montgomery County        |   2002 | 1.8123989725438043 |   0.9753657087701806 |  1.8468582730581675 |     1.57883292044508
 Duval County             |   2002 | 6.4664135624858545 |   1.0226002244041137 |  2.4968102912342793 |   1.4955565721057893
 Androscoggin County      |   2002 | 2.0181563244530176 |   1.0462250446458068 |  2.0281505891916543 |   1.4749413159633922
 Southampton County       |   2002 | 1.4147643570508963 |    1.097315244151233 |  2.0063956385083763 |   0.7500887537721236
 Floyd County             |   2002 | 1.2597239656577286 |   1.0998709796335462 |   2.999935424075804 |   1.5030688028454489
 Jefferson County         |   2002 | 1.3557974052150135 |   1.1110044709174096 |   2.026200580005944 |   1.6281944740798784
 Mercer County            |   2002 |  1.137625592226852 |   1.1175689997268248 |  6.1011856428905755 |   2.2212727518222533
 Martin County            |   2002 |  8.095994075902794 |   1.1683441018570717 |  1.7723734201504615 |   0.8611298979612164
 Granville County         |   2002 | 2.0703780574794632 |    1.186022178607849 |   2.938787613129464 |   1.8707118460061687
 Boone County             |   2002 | 2.3044677275028254 |   1.1989812161626965 |   1.674776327675039 |   1.6654525782137628
 Barren County            |   2002 | 1.6037024031248102 |   1.2280362723577132 |   1.413775661015544 |   0.3808485696665538
 Hudson County            |   2002 |  1.533673883903558 |   1.2721554726592204 | 0.39466773551768625 |  0.19532741292536906
 Terrell County           |   2002 | 1.7609907606716753 |    1.341971271411579 |  2.5236236302790256 |   2.3792309747085896
 Clinton County           |   2002 | 2.0011851173148196 |   1.4421340157649347 |   3.466282144490031 |   1.0363384428612568
 Williams County          |   2002 | 3.8251526637506803 |    1.506115143151449 |   2.705637325172547 |   1.1728311921486079
 Nowata County            |   2002 | 2.0661760803254476 |   1.5341969415797938 |   1.352464024338033 |  0.17027679045762076
 Sheridan County          |   2002 | 2.2970359744994546 |   1.5703952385982367 |  3.5231469749191184 |   1.5943756465077321
 Van Zandt County         |   2002 |  1.832465109353356 |   1.7011074722054642 |  2.2398278967273666 |   1.9821031312775643
 Willacy County           |   2002 | 1.7896996387569861 |   1.7210859213092427 |  0.8188152089400365 |   0.6744836684655072
 Worcester County         |   2002 |  2.728054822655726 |    2.010058603849221 |  1.7315724943016741 |   1.3397692233712446
(50 rows)

UPDATE time_statistics SET e_time = TRANSACTION_TIMESTAMP() WHERE template = 'query31.tpl' AND stream = 1;
psql:/tmp/s1-basline/throughput/query_1.sql:3267: NOTICE:  duration: 0.057 ms  plan:
Query Text: UPDATE time_statistics SET e_time = TRANSACTION_TIMESTAMP() WHERE template = 'query31.tpl' AND stream = 1;
Update on time_statistics  (cost=0.00..7.87 rows=0 width=0) (actual time=0.056..0.056 rows=0 loops=1)
  ->  Seq Scan on time_statistics  (cost=0.00..7.87 rows=1 width=14) (actual time=0.042..0.043 rows=1 loops=1)
        Filter: ((template = 'query31.tpl'::text) AND (stream = 1))
        Rows Removed by Filter: 282
UPDATE 1
LOAD 'auto_explain'; SET auto_explain.log_min_duration TO 0; SET auto_explain.log_analyze TO on; SET auto_explain.log_level TO notice; INSERT INTO time_statistics (template, s_time, stream, query, seed) VALUES ('query47.tpl', TRANSACTION_TIMESTAMP(), 1, 61, 1961152528);
LOAD
SET
SET
SET
psql:/tmp/s1-basline/throughput/query_1.sql:3268: NOTICE:  duration: 0.008 ms  plan:
Query Text: INSERT INTO time_statistics (template, s_time, stream, query, seed) VALUES ('query47.tpl', TRANSACTION_TIMESTAMP(), 1, 61, 1961152528);
Insert on time_statistics  (cost=0.00..0.01 rows=0 width=0) (actual time=0.008..0.008 rows=0 loops=1)
  ->  Result  (cost=0.00..0.01 rows=1 width=64) (actual time=0.001..0.001 rows=1 loops=1)
INSERT 0 1
with v1 as(
 select i_category, i_brand,
        s_store_name, s_company_name,
        d_year, d_moy,
        sum(ss_sales_price) sum_sales,
        avg(sum(ss_sales_price)) over
          (partition by i_category, i_brand,
                     s_store_name, s_company_name, d_year)
          avg_monthly_sales,
        rank() over
          (partition by i_category, i_brand,
                     s_store_name, s_company_name
           order by d_year, d_moy) rn
 from item, store_sales, date_dim, store
 where ss_item_sk = i_item_sk and
       ss_sold_date_sk = d_date_sk and
       ss_store_sk = s_store_sk and
       (
         d_year = 2000 or
         ( d_year = 2000-1 and d_moy =12) or
         ( d_year = 2000+1 and d_moy =1)
       )
 group by i_category, i_brand,
          s_store_name, s_company_name,
          d_year, d_moy),
 v2 as(
 select v1.i_category
        ,v1.d_year, v1.d_moy
        ,v1.avg_monthly_sales
        ,v1.sum_sales, v1_lag.sum_sales psum, v1_lead.sum_sales nsum
 from v1, v1 v1_lag, v1 v1_lead
 where v1.i_category = v1_lag.i_category and
       v1.i_category = v1_lead.i_category and
       v1.i_brand = v1_lag.i_brand and
       v1.i_brand = v1_lead.i_brand and
       v1.s_store_name = v1_lag.s_store_name and
       v1.s_store_name = v1_lead.s_store_name and
       v1.s_company_name = v1_lag.s_company_name and
       v1.s_company_name = v1_lead.s_company_name and
       v1.rn = v1_lag.rn + 1 and
       v1.rn = v1_lead.rn - 1)
  select  *
 from v2
 where  d_year = 2000 and    
        avg_monthly_sales > 0 and
        case when avg_monthly_sales > 0 then abs(sum_sales - avg_monthly_sales) / avg_monthly_sales else null end > 0.1
 order by sum_sales - avg_monthly_sales, sum_sales
 limit 100;
psql:/tmp/s1-basline/throughput/query_1.sql:3316: NOTICE:  duration: 1896.130 ms  plan:
Query Text: with v1 as(
 select i_category, i_brand,
        s_store_name, s_company_name,
        d_year, d_moy,
        sum(ss_sales_price) sum_sales,
        avg(sum(ss_sales_price)) over
          (partition by i_category, i_brand,
                     s_store_name, s_company_name, d_year)
          avg_monthly_sales,
        rank() over
          (partition by i_category, i_brand,
                     s_store_name, s_company_name
           order by d_year, d_moy) rn
 from item, store_sales, date_dim, store
 where ss_item_sk = i_item_sk and
       ss_sold_date_sk = d_date_sk and
       ss_store_sk = s_store_sk and
       (
         d_year = 2000 or
         ( d_year = 2000-1 and d_moy =12) or
         ( d_year = 2000+1 and d_moy =1)
       )
 group by i_category, i_brand,
          s_store_name, s_company_name,
          d_year, d_moy),
 v2 as(
 select v1.i_category
        ,v1.d_year, v1.d_moy
        ,v1.avg_monthly_sales
        ,v1.sum_sales, v1_lag.sum_sales psum, v1_lead.sum_sales nsum
 from v1, v1 v1_lag, v1 v1_lead
 where v1.i_category = v1_lag.i_category and
       v1.i_category = v1_lead.i_category and
       v1.i_brand = v1_lag.i_brand and
       v1.i_brand = v1_lead.i_brand and
       v1.s_store_name = v1_lag.s_store_name and
       v1.s_store_name = v1_lead.s_store_name and
       v1.s_company_name = v1_lag.s_company_name and
       v1.s_company_name = v1_lead.s_company_name and
       v1.rn = v1_lag.rn + 1 and
       v1.rn = v1_lead.rn - 1)
  select  *
 from v2
 where  d_year = 2000 and    
        avg_monthly_sales > 0 and
        case when avg_monthly_sales > 0 then abs(sum_sales - avg_monthly_sales) / avg_monthly_sales else null end > 0.1
 order by sum_sales - avg_monthly_sales, sum_sales
 limit 100;
Limit  (cost=99042.77..99042.78 rows=1 width=252) (actual time=1895.861..1896.033 rows=100 loops=1)
  CTE v1
    ->  WindowAgg  (cost=94427.97..97254.66 rows=15216 width=147) (actual time=1176.626..1675.377 rows=63634 loops=1)
          ->  WindowAgg  (cost=94427.97..96874.26 rows=15216 width=139) (actual time=1176.615..1621.496 rows=63634 loops=1)
                ->  Finalize GroupAggregate  (cost=94427.97..96455.82 rows=15216 width=131) (actual time=1176.599..1555.201 rows=63634 loops=1)
                      Group Key: item.i_category, item.i_brand, store.s_store_name, store.s_company_name, date_dim.d_year, date_dim.d_moy
                      ->  Gather Merge  (cost=94427.97..96081.76 rows=12680 width=131) (actual time=1176.586..1501.077 rows=143514 loops=1)
                            Workers Planned: 2
                            Workers Launched: 2
                            ->  Partial GroupAggregate  (cost=93427.95..93618.15 rows=6340 width=131) (actual time=1119.049..1356.664 rows=47838 loops=3)
                                  Group Key: item.i_category, item.i_brand, store.s_store_name, store.s_company_name, date_dim.d_year, date_dim.d_moy
                                  ->  Sort  (cost=93427.95..93443.80 rows=6340 width=131) (actual time=1119.035..1268.022 rows=219195 loops=3)
                                        Sort Key: item.i_category, item.i_brand, store.s_store_name, store.s_company_name, date_dim.d_year, date_dim.d_moy
                                        Sort Method: external merge  Disk: 35160kB
                                        Worker 0:  Sort Method: external merge  Disk: 29624kB
                                        Worker 1:  Sort Method: external merge  Disk: 28920kB
                                        ->  Hash Join  (cost=4716.17..93027.57 rows=6340 width=131) (actual time=32.053..367.610 rows=219195 loops=3)
                                              Hash Cond: (store_sales.ss_item_sk = item.i_item_sk)
                                              ->  Hash Join  (cost=3055.17..91349.93 rows=6340 width=37) (actual time=14.159..302.340 rows=219195 loops=3)
                                                    Hash Cond: (store_sales.ss_store_sk = store.s_store_sk)
                                                    ->  Hash Join  (cost=3053.90..91325.33 rows=6650 width=32) (actual time=14.107..265.377 rows=224566 loops=3)
                                                          Hash Cond: (store_sales.ss_sold_date_sk = date_dim.d_date_sk)
                                                          ->  Parallel Seq Scan on store_sales  (cost=0.00..85123.48 rows=1199148 width=32) (actual time=0.011..118.282 rows=959309 loops=3)
                                                          ->  Hash  (cost=3048.60..3048.60 rows=424 width=16) (actual time=14.075..14.076 rows=428 loops=3)
                                                                Buckets: 1024  Batches: 1  Memory Usage: 29kB
                                                                ->  Seq Scan on date_dim  (cost=0.00..3048.60 rows=424 width=16) (actual time=6.638..14.008 rows=428 loops=3)
                                                                      Filter: ((d_year = 2000) OR ((d_year = 1999) AND (d_moy = 12)) OR ((d_year = 2001) AND (d_moy = 1)))
                                                                      Rows Removed by Filter: 72621
                                                    ->  Hash  (cost=1.12..1.12 rows=12 width=21) (actual time=0.036..0.037 rows=12 loops=3)
                                                          Buckets: 1024  Batches: 1  Memory Usage: 9kB
                                                          ->  Seq Scan on store  (cost=0.00..1.12 rows=12 width=21) (actual time=0.028..0.031 rows=12 loops=3)
                                              ->  Hash  (cost=1436.00..1436.00 rows=18000 width=110) (actual time=17.769..17.769 rows=18000 loops=3)
                                                    Buckets: 32768  Batches: 1  Memory Usage: 2783kB
                                                    ->  Seq Scan on item  (cost=0.00..1436.00 rows=18000 width=110) (actual time=0.027..13.211 rows=18000 loops=3)
  ->  Sort  (cost=1788.12..1788.12 rows=1 width=252) (actual time=1895.860..1895.866 rows=100 loops=1)
        Sort Key: ((v1.sum_sales - v1.avg_monthly_sales)), v1.sum_sales
        Sort Method: top-N heapsort  Memory: 50kB
        ->  Hash Join  (cost=1179.45..1788.11 rows=1 width=252) (actual time=1832.034..1885.315 rows=47527 loops=1)
              Hash Cond: ((v1_lead.i_category = v1.i_category) AND (v1_lead.i_brand = v1.i_brand) AND ((v1_lead.s_store_name)::text = (v1.s_store_name)::text) AND ((v1_lead.s_company_name)::text = (v1.s_company_name)::text) AND ((v1_lead.rn - 1) = v1.rn))
              ->  CTE Scan on v1 v1_lead  (cost=0.00..304.32 rows=15216 width=660) (actual time=1176.628..1185.517 rows=63634 loops=1)
              ->  Hash  (cost=1179.43..1179.43 rows=1 width=1336) (actual time=655.377..655.378 rows=49433 loops=1)
                    Buckets: 65536 (originally 1024)  Batches: 1 (originally 1)  Memory Usage: 16089kB
                    ->  Hash Join  (cost=570.78..1179.43 rows=1 width=1336) (actual time=573.066..628.491 rows=49433 loops=1)
                          Hash Cond: ((v1_lag.i_category = v1.i_category) AND (v1_lag.i_brand = v1.i_brand) AND ((v1_lag.s_store_name)::text = (v1.s_store_name)::text) AND ((v1_lag.s_company_name)::text = (v1.s_company_name)::text) AND ((v1_lag.rn + 1) = v1.rn))
                          ->  CTE Scan on v1 v1_lag  (cost=0.00..304.32 rows=15216 width=660) (actual time=0.000..8.164 rows=63634 loops=1)
                          ->  Hash  (cost=570.60..570.60 rows=8 width=676) (actual time=573.034..573.035 rows=49744 loops=1)
                                Buckets: 65536 (originally 1024)  Batches: 1 (originally 1)  Memory Usage: 9580kB
                                ->  CTE Scan on v1  (cost=0.00..570.60 rows=8 width=676) (actual time=0.240..546.520 rows=50212 loops=1)
                                      Filter: ((avg_monthly_sales > '0'::double precision) AND (d_year = 2000) AND (CASE WHEN (avg_monthly_sales > '0'::double precision) THEN (abs((sum_sales - avg_monthly_sales)) / avg_monthly_sales) ELSE NULL::double precision END > '0.1'::double precision))
                                      Rows Removed by Filter: 13422
                     i_category                     | d_year | d_moy | avg_monthly_sales  |     sum_sales      |        psum        |        nsum        
----------------------------------------------------+--------+-------+--------------------+--------------------+--------------------+--------------------
 Women                                              |   2000 |     6 |  4987.115833333333 | 1520.0499999999997 |            3470.84 |            2381.02
 Women                                              |   2000 |     5 |  5278.168333333334 | 2006.2599999999998 | 3811.7799999999997 | 2582.1000000000004
 Women                                              |   2000 |     7 |  4190.719166666667 |            1002.99 | 1854.1599999999999 |            4658.85
 Children                                           |   2000 |     2 |  5213.383333333334 | 2039.7299999999996 |            3349.18 | 2051.5499999999997
 Children                                           |   2000 |     3 |  5213.383333333334 | 2051.5499999999997 | 2039.7299999999996 |            3293.67
 Music                                              |   2000 |     5 |  5285.770833333333 |             2150.7 |            3419.67 |            2639.88
 Women                                              |   2000 |     5 |          5282.5425 |            2149.02 | 3112.5099999999993 | 2651.7799999999997
 Women                                              |   2000 |     4 | 5244.3516666666665 |            2200.42 |            2865.23 | 2276.2200000000003
 Women                                              |   2000 |     2 |  5119.208333333333 |            2118.95 |             2519.8 |            2331.85
 Women                                              |   2000 |     5 | 5244.3516666666665 | 2276.2200000000003 |            2200.42 |            2344.06
 Children                                           |   2000 |     2 |  5040.269166666666 |               2074 | 3565.2700000000004 |            2897.34
 Shoes                                              |   2000 |     4 |          4865.7175 | 1901.9399999999998 | 2946.0299999999997 |            3372.71
 Children                                           |   2000 |     2 |  5218.896666666666 | 2299.7200000000003 | 3446.4799999999996 | 2574.8099999999995
 Men                                                |   2000 |     2 |           4211.745 | 1307.8600000000001 | 3470.4700000000007 | 2628.7200000000003
 Women                                              |   2000 |     6 | 5244.3516666666665 |            2344.06 | 2276.2200000000003 |            3141.39
 Children                                           |   2000 |     6 |  5218.896666666666 |            2323.26 |            3510.71 |            2671.67
 Men                                                |   2000 |     7 |  4755.869166666666 |            1866.01 |            2121.66 |  5466.759999999998
 Women                                              |   2000 |     6 | 4781.0408333333335 |            1893.92 |            2047.19 | 2350.3699999999994
 Women                                              |   2000 |     4 |  4832.349999999999 | 1955.7800000000002 |            3370.53 | 2639.7799999999997
 Shoes                                              |   2000 |     2 |  4749.695000000001 | 1881.0300000000002 | 3795.4300000000003 | 3336.3199999999997
 Men                                                |   2000 |     7 |  4546.610000000001 |            1686.25 |            2487.51 |            6399.83
 Shoes                                              |   2000 |     6 |  4741.746666666666 |            1898.29 |            2371.54 | 3259.8999999999996
 Shoes                                              |   2000 |     6 |  4944.814166666667 | 2105.1900000000005 | 2811.0600000000004 |            3029.04
 Shoes                                              |   2000 |     6 | 4808.8983333333335 | 1975.1499999999996 |            3353.13 | 2882.7700000000004
 Shoes                                              |   2000 |     4 |  4646.401666666668 | 1819.1800000000003 |             2844.7 |            2192.47
 Women                                              |   2000 |     7 |  4905.264999999999 |            2089.26 |            3165.62 |  5508.860000000001
 Music                                              |   2000 |     6 |  4567.535833333333 | 1762.8600000000001 | 2291.9799999999996 | 2424.1800000000003
 Children                                           |   2000 |     5 |  5213.383333333334 | 2410.9400000000005 |            3293.67 | 2822.2799999999997
 Shoes                                              |   2000 |     3 |  4894.994166666666 |            2096.87 | 3107.9300000000003 | 2422.3599999999997
 Women                                              |   2000 |     3 |  5119.208333333333 |            2331.85 |            2118.95 | 3608.7900000000004
 Women                                              |   2000 |     1 |  4676.826666666667 |            1891.29 |            4936.57 | 3562.6800000000003
 Women                                              |   2000 |     3 |  4905.264999999999 | 2123.7799999999997 |            2473.67 |            4031.84
 Music                                              |   2000 |     4 |  5245.617499999999 |            2471.87 |            3050.74 |             3022.7
 Children                                           |   2000 |     4 | 5182.8758333333335 |            2409.76 |            3069.42 | 3139.9799999999996
 Shoes                                              |   2000 |     2 | 4740.2699999999995 | 1977.0899999999997 | 2316.8300000000004 |            3260.24
 Children                                           |   2000 |     3 |  4827.205833333333 |            2084.68 | 3341.6400000000003 | 3197.9800000000005
 Shoes                                              |   2000 |     5 |  4888.493333333333 |            2154.24 |            2817.87 | 3155.6899999999996
 Women                                              |   2000 |     5 | 4781.0408333333335 |            2047.19 | 2810.6099999999997 |            1893.92
 Women                                              |   2000 |     6 |  4542.595833333333 | 1808.8700000000003 |            2996.65 |               2693
 Children                                           |   2000 |     3 |  4269.971666666666 | 1537.6100000000001 |            2832.76 |            2217.82
 Music                                              |   2000 |     2 |  4466.849166666666 |            1737.23 | 2729.2099999999996 |            2880.24
 Music                                              |   2000 |     6 |  4892.219166666667 |            2166.45 | 2276.3900000000003 | 3265.4799999999996
 Men                                                |   2000 |     2 | 4659.2058333333325 |             1938.6 |             2993.4 |            3099.38
 Women                                              |   2000 |     7 |  4835.385833333334 |            2120.72 | 2768.0600000000004 |  7045.249999999998
 Music                                              |   2000 |     2 |  5285.770833333333 | 2586.2400000000002 | 2890.2700000000004 |            3370.22
 Men                                                |   2000 |     2 |  4755.869166666666 |             2057.4 | 2886.2400000000002 | 2397.1900000000005
 Women                                              |   2000 |     6 |  5278.168333333334 | 2582.1000000000004 | 2006.2599999999998 | 2599.6800000000003
 Women                                              |   2000 |     2 |  5099.050833333334 | 2410.5199999999995 |            4027.25 | 2945.4000000000005
 Women                                              |   2000 |     6 |  5099.050833333334 | 2414.1099999999997 |            2810.51 | 2724.9900000000002
 Women                                              |   2000 |     7 |  5278.168333333334 | 2599.6800000000003 | 2582.1000000000004 |  7079.159999999999
 Women                                              |   2000 |     2 |          5282.5425 | 2611.5600000000004 |  4275.740000000001 |            3573.58
 Music                                              |   2000 |     6 |  4174.971666666667 | 1517.0700000000002 | 1926.9199999999998 | 2758.3500000000004
 Women                                              |   2000 |     2 |  5278.168333333334 |            2624.42 |            3309.36 | 3696.0299999999993
 Children                                           |   2000 |     3 |  5284.535000000001 | 2633.5600000000004 |            2704.61 | 3234.9900000000002
 Shoes                                              |   2000 |     6 |          4865.7175 |            2214.94 |            3372.71 | 2792.4399999999996
 Music                                              |   2000 |     6 |  4693.870833333333 | 2043.4900000000002 |            2694.16 |            2622.95
 Music                                              |   2000 |     4 |  4623.069166666666 |             1974.6 | 2650.0800000000004 | 3170.9300000000007
 Music                                              |   2000 |     6 |  5285.770833333333 |            2639.88 |             2150.7 |            2701.31
 Children                                           |   2000 |     3 |  5218.896666666666 | 2574.8099999999995 | 2299.7200000000003 |            4044.43
 Shoes                                              |   2000 |     6 |  4753.055833333333 | 2110.3999999999996 |            2903.38 |            2813.79
 Men                                                |   2000 |     6 |  4755.869166666666 |            2121.66 | 2170.2400000000002 |            1866.01
 Children                                           |   2000 |     2 |          4343.6875 | 1710.1100000000001 | 2372.5299999999997 | 1847.1600000000003
 Women                                              |   2000 |     6 |          5282.5425 | 2651.7799999999997 |            2149.02 |            4099.49
 Women                                              |   2000 |     6 |  4676.826666666667 |            2048.41 | 3035.3500000000004 | 2959.0099999999993
 Music                                              |   2000 |     2 |  5157.030833333333 |            2528.98 |            3688.73 | 2935.8599999999997
 Men                                                |   2000 |     3 |  4435.469166666666 | 1813.1599999999999 | 2929.2000000000003 |            2285.09
 Children                                           |   2000 |     2 |  4672.738333333333 |            2052.91 | 3306.1800000000003 | 2549.8599999999997
 Men                                                |   2000 |     5 | 4356.3358333333335 | 1738.8899999999999 | 2068.0299999999997 |            2294.79
 Music                                              |   2000 |     5 |  4892.219166666667 | 2276.3900000000003 |            3048.69 |            2166.45
 Music                                              |   2000 |     6 |            4488.81 |             1873.4 |            2317.09 |             2172.3
 Shoes                                              |   2000 |     5 |  5075.028333333334 | 2459.8599999999997 | 3476.5699999999997 | 2870.7200000000003
 Children                                           |   2000 |     6 |  5284.535000000001 |            2676.93 |            3362.87 | 2755.4599999999996
 Women                                              |   2000 |     7 |  4987.115833333333 |            2381.02 | 1520.0499999999997 |  5137.169999999999
 Children                                           |   2000 |     5 |  4406.780833333333 | 1801.4299999999998 |            2977.42 |            2171.23
 Shoes                                              |   2000 |     2 |  4888.493333333333 |            2283.35 | 3860.8700000000003 |            3486.49
 Women                                              |   2000 |     1 |  5119.208333333333 |             2519.8 |            5395.34 |            2118.95
 Shoes                                              |   2000 |     5 |            4856.66 | 2257.7699999999995 | 3917.4299999999994 | 2860.1200000000003
 Men                                                |   2000 |     6 |  4435.469166666666 |            1837.61 | 2323.9100000000003 |             2779.5
 Men                                                |   2000 |     3 | 3980.5525000000002 |            1384.46 | 2943.0099999999998 |            2388.96
 Women                                              |   2000 |     5 |           4636.245 |             2043.1 | 3313.7000000000003 | 2305.4700000000003
 Women                                              |   2000 |     2 | 4781.0408333333335 |            2194.41 |            3830.71 |            2764.72
 Men                                                |   2000 |     5 |  4755.869166666666 | 2170.2400000000002 | 3229.5299999999997 |            2121.66
 Men                                                |   2000 |     7 |           3996.285 |            1411.77 |            2405.17 |            4864.67
 Music                                              |   2000 |     7 |  5285.770833333333 |            2701.31 |            2639.88 |            7412.37
 Women                                              |   2000 |     4 |  4672.904166666666 |            2091.64 |            2313.69 |            2607.16
 Children                                           |   2000 |     2 |  5284.535000000001 |            2704.61 |            3330.42 | 2633.5600000000004
 Men                                                |   2000 |     2 | 4356.3358333333335 |            1778.09 |            3402.22 | 2878.4600000000005
 Music                                              |   2000 |     7 | 3984.8641666666663 | 1419.1299999999999 |               1951 |  5681.440000000001
 Children                                           |   2000 |     5 |  4267.636666666666 |            1702.22 | 2253.6400000000003 | 1782.5499999999997
 Men                                                |   2000 |     6 |  4497.761666666666 |            1935.71 |            2915.75 | 2722.7799999999997
 Shoes                                              |   2000 |     2 |  4741.746666666666 |            2186.87 |            3189.51 | 2958.4400000000005
 Shoes                                              |   2000 |     2 | 4808.8983333333335 |             2254.3 | 2902.4300000000003 |            3116.53
 Women                                              |   2000 |     4 | 5067.5633333333335 |            2519.78 |            2904.96 |            2688.54
 Children                                           |   2000 |     7 |  5218.896666666666 |            2671.67 |            2323.26 |  7230.950000000001
 Women                                              |   2000 |     6 |  4832.349999999999 | 2285.9799999999996 | 2639.7799999999997 | 3623.5899999999997
 Music                                              |   2000 |     4 |  4670.264166666667 |            2124.24 |            2687.82 |            2341.68
 Shoes                                              |   2000 |     6 |  4562.193333333334 | 2021.5900000000001 | 2221.3599999999997 | 2843.4400000000005
 Children                                           |   2000 |     4 |  5310.774166666667 |             2775.1 |            2929.26 |  3741.080000000001
 Children                                           |   2000 |     7 |  5284.535000000001 | 2755.4599999999996 |            2676.93 |  6694.949999999999
 Men                                                |   2000 |     2 |  4539.565833333333 |            2014.47 |            2914.03 | 3220.8399999999997
(100 rows)

UPDATE time_statistics SET e_time = TRANSACTION_TIMESTAMP() WHERE template = 'query47.tpl' AND stream = 1;
psql:/tmp/s1-basline/throughput/query_1.sql:3318: NOTICE:  duration: 0.065 ms  plan:
Query Text: UPDATE time_statistics SET e_time = TRANSACTION_TIMESTAMP() WHERE template = 'query47.tpl' AND stream = 1;
Update on time_statistics  (cost=0.00..7.87 rows=0 width=0) (actual time=0.064..0.064 rows=0 loops=1)
  ->  Seq Scan on time_statistics  (cost=0.00..7.87 rows=1 width=14) (actual time=0.048..0.049 rows=1 loops=1)
        Filter: ((template = 'query47.tpl'::text) AND (stream = 1))
        Rows Removed by Filter: 283
UPDATE 1
LOAD 'auto_explain'; SET auto_explain.log_min_duration TO 0; SET auto_explain.log_analyze TO on; SET auto_explain.log_level TO notice; INSERT INTO time_statistics (template, s_time, stream, query, seed) VALUES ('query17.tpl', TRANSACTION_TIMESTAMP(), 1, 62, 1511523940);
LOAD
SET
SET
SET
psql:/tmp/s1-basline/throughput/query_1.sql:3319: NOTICE:  duration: 0.009 ms  plan:
Query Text: INSERT INTO time_statistics (template, s_time, stream, query, seed) VALUES ('query17.tpl', TRANSACTION_TIMESTAMP(), 1, 62, 1511523940);
Insert on time_statistics  (cost=0.00..0.01 rows=0 width=0) (actual time=0.008..0.008 rows=0 loops=1)
  ->  Result  (cost=0.00..0.01 rows=1 width=64) (actual time=0.001..0.002 rows=1 loops=1)
INSERT 0 1
select  i_item_id
       ,i_item_desc
       ,s_state
       ,count(ss_quantity) as store_sales_quantitycount
       ,avg(ss_quantity) as store_sales_quantityave
       ,stddev_samp(ss_quantity) as store_sales_quantitystdev
       ,stddev_samp(ss_quantity)/avg(ss_quantity) as store_sales_quantitycov
       ,count(sr_return_quantity) as store_returns_quantitycount
       ,avg(sr_return_quantity) as store_returns_quantityave
       ,stddev_samp(sr_return_quantity) as store_returns_quantitystdev
       ,stddev_samp(sr_return_quantity)/avg(sr_return_quantity) as store_returns_quantitycov
       ,count(cs_quantity) as catalog_sales_quantitycount ,avg(cs_quantity) as catalog_sales_quantityave
       ,stddev_samp(cs_quantity) as catalog_sales_quantitystdev
       ,stddev_samp(cs_quantity)/avg(cs_quantity) as catalog_sales_quantitycov
 from store_sales
     ,store_returns
     ,catalog_sales
     ,date_dim d1
     ,date_dim d2
     ,date_dim d3
     ,store
     ,item
 where d1.d_quarter_name = '1998Q1'
   and d1.d_date_sk = ss_sold_date_sk
   and i_item_sk = ss_item_sk
   and s_store_sk = ss_store_sk
   and ss_customer_sk = sr_customer_sk
   and ss_item_sk = sr_item_sk
   and ss_ticket_number = sr_ticket_number
   and sr_returned_date_sk = d2.d_date_sk
   and d2.d_quarter_name in ('1998Q1','1998Q2','1998Q3')
   and sr_customer_sk = cs_bill_customer_sk
   and sr_item_sk = cs_item_sk
   and cs_sold_date_sk = d3.d_date_sk
   and d3.d_quarter_name in ('1998Q1','1998Q2','1998Q3')
 group by i_item_id
         ,i_item_desc
         ,s_state
 order by i_item_id
         ,i_item_desc
         ,s_state
limit 100;
psql:/tmp/s1-basline/throughput/query_1.sql:3361: NOTICE:  duration: 1155.178 ms  plan:
Query Text: select  i_item_id
       ,i_item_desc
       ,s_state
       ,count(ss_quantity) as store_sales_quantitycount
       ,avg(ss_quantity) as store_sales_quantityave
       ,stddev_samp(ss_quantity) as store_sales_quantitystdev
       ,stddev_samp(ss_quantity)/avg(ss_quantity) as store_sales_quantitycov
       ,count(sr_return_quantity) as store_returns_quantitycount
       ,avg(sr_return_quantity) as store_returns_quantityave
       ,stddev_samp(sr_return_quantity) as store_returns_quantitystdev
       ,stddev_samp(sr_return_quantity)/avg(sr_return_quantity) as store_returns_quantitycov
       ,count(cs_quantity) as catalog_sales_quantitycount ,avg(cs_quantity) as catalog_sales_quantityave
       ,stddev_samp(cs_quantity) as catalog_sales_quantitystdev
       ,stddev_samp(cs_quantity)/avg(cs_quantity) as catalog_sales_quantitycov
 from store_sales
     ,store_returns
     ,catalog_sales
     ,date_dim d1
     ,date_dim d2
     ,date_dim d3
     ,store
     ,item
 where d1.d_quarter_name = '1998Q1'
   and d1.d_date_sk = ss_sold_date_sk
   and i_item_sk = ss_item_sk
   and s_store_sk = ss_store_sk
   and ss_customer_sk = sr_customer_sk
   and ss_item_sk = sr_item_sk
   and ss_ticket_number = sr_ticket_number
   and sr_returned_date_sk = d2.d_date_sk
   and d2.d_quarter_name in ('1998Q1','1998Q2','1998Q3')
   and sr_customer_sk = cs_bill_customer_sk
   and sr_item_sk = cs_item_sk
   and cs_sold_date_sk = d3.d_date_sk
   and d3.d_quarter_name in ('1998Q1','1998Q2','1998Q3')
 group by i_item_id
         ,i_item_desc
         ,s_state
 order by i_item_id
         ,i_item_desc
         ,s_state
limit 100;
Limit  (cost=11757.30..11757.37 rows=1 width=434) (actual time=1155.171..1155.175 rows=0 loops=1)
  ->  GroupAggregate  (cost=11757.30..11757.37 rows=1 width=434) (actual time=1155.170..1155.173 rows=0 loops=1)
        Group Key: item.i_item_id, item.i_item_desc, store.s_state
        ->  Sort  (cost=11757.30..11757.30 rows=1 width=134) (actual time=1155.169..1155.172 rows=0 loops=1)
              Sort Key: item.i_item_id, item.i_item_desc, store.s_state
              Sort Method: quicksort  Memory: 25kB
              ->  Nested Loop  (cost=2.15..11757.29 rows=1 width=134) (actual time=1155.162..1155.165 rows=0 loops=1)
                    ->  Nested Loop  (cost=1.86..11756.98 rows=1 width=39) (actual time=1155.161..1155.164 rows=0 loops=1)
                          Join Filter: (store_sales.ss_store_sk = store.s_store_sk)
                          ->  Nested Loop  (cost=1.86..11755.71 rows=1 width=44) (actual time=1155.161..1155.163 rows=0 loops=1)
                                ->  Nested Loop  (cost=1.57..11755.40 rows=1 width=52) (actual time=118.066..1155.139 rows=4 loops=1)
                                      ->  Nested Loop  (cost=1.28..11755.09 rows=1 width=60) (actual time=118.055..1155.029 rows=19 loops=1)
                                            ->  Nested Loop  (cost=0.85..11752.87 rows=1 width=56) (actual time=9.059..107.548 rows=12417 loops=1)
                                                  ->  Nested Loop  (cost=0.42..10944.56 rows=1035 width=28) (actual time=9.050..37.457 rows=16715 loops=1)
                                                        ->  Seq Scan on date_dim d2  (cost=0.00..2409.42 rows=273 width=8) (actual time=9.032..18.595 rows=274 loops=1)
                                                              Filter: (d_quarter_name = ANY ('{1998Q1,1998Q2,1998Q3}'::bpchar[]))
                                                              Rows Removed by Filter: 72775
                                                        ->  Index Scan using i_sr_returned_date_sk on store_returns  (cost=0.42..29.86 rows=140 width=36) (actual time=0.003..0.057 rows=61 loops=274)
                                                              Index Cond: (sr_returned_date_sk = d2.d_date_sk)
                                                  ->  Index Scan using pk_store_sales on store_sales  (cost=0.43..0.77 rows=1 width=44) (actual time=0.004..0.004 rows=1 loops=16715)
                                                        Index Cond: ((ss_item_sk = store_returns.sr_item_sk) AND (ss_ticket_number = store_returns.sr_ticket_number))
                                                        Filter: (store_returns.sr_customer_sk = ss_customer_sk)
                                                        Rows Removed by Filter: 0
                                            ->  Index Scan using pk_catalog_sales on catalog_sales  (cost=0.43..2.21 rows=1 width=28) (actual time=0.084..0.084 rows=0 loops=12417)
                                                  Index Cond: (cs_item_sk = store_sales.ss_item_sk)
                                                  Filter: (store_sales.ss_customer_sk = cs_bill_customer_sk)
                                                  Rows Removed by Filter: 106
                                      ->  Index Scan using pk_date_dim on date_dim d1  (cost=0.29..0.31 rows=1 width=8) (actual time=0.005..0.005 rows=0 loops=19)
                                            Index Cond: (d_date_sk = store_sales.ss_sold_date_sk)
                                            Filter: (d_quarter_name = '1998Q1'::bpchar)
                                            Rows Removed by Filter: 1
                                ->  Index Scan using pk_date_dim on date_dim d3  (cost=0.29..0.31 rows=1 width=8) (actual time=0.005..0.005 rows=0 loops=4)
                                      Index Cond: (d_date_sk = catalog_sales.cs_sold_date_sk)
                                      Filter: (d_quarter_name = ANY ('{1998Q1,1998Q2,1998Q3}'::bpchar[]))
                                      Rows Removed by Filter: 1
                          ->  Seq Scan on store  (cost=0.00..1.12 rows=12 width=11) (never executed)
                    ->  Index Scan using pk_item on item  (cost=0.29..0.31 rows=1 width=127) (never executed)
                          Index Cond: (i_item_sk = store_sales.ss_item_sk)
 i_item_id | i_item_desc | s_state | store_sales_quantitycount | store_sales_quantityave | store_sales_quantitystdev | store_sales_quantitycov | store_returns_quantitycount | store_returns_quantityave | store_returns_quantitystdev | store_returns_quantitycov | catalog_sales_quantitycount | catalog_sales_quantityave | catalog_sales_quantitystdev | catalog_sales_quantitycov 
-----------+-------------+---------+---------------------------+-------------------------+---------------------------+-------------------------+-----------------------------+---------------------------+-----------------------------+---------------------------+-----------------------------+---------------------------+-----------------------------+---------------------------
(0 rows)

UPDATE time_statistics SET e_time = TRANSACTION_TIMESTAMP() WHERE template = 'query17.tpl' AND stream = 1;
psql:/tmp/s1-basline/throughput/query_1.sql:3363: NOTICE:  duration: 0.058 ms  plan:
Query Text: UPDATE time_statistics SET e_time = TRANSACTION_TIMESTAMP() WHERE template = 'query17.tpl' AND stream = 1;
Update on time_statistics  (cost=0.00..7.87 rows=0 width=0) (actual time=0.057..0.057 rows=0 loops=1)
  ->  Seq Scan on time_statistics  (cost=0.00..7.87 rows=1 width=14) (actual time=0.042..0.043 rows=1 loops=1)
        Filter: ((template = 'query17.tpl'::text) AND (stream = 1))
        Rows Removed by Filter: 284
UPDATE 1
LOAD 'auto_explain'; SET auto_explain.log_min_duration TO 0; SET auto_explain.log_analyze TO on; SET auto_explain.log_level TO notice; INSERT INTO time_statistics (template, s_time, stream, query, seed) VALUES ('query19.tpl', TRANSACTION_TIMESTAMP(), 1, 63, 1044647382);
LOAD
SET
SET
SET
psql:/tmp/s1-basline/throughput/query_1.sql:3364: NOTICE:  duration: 0.009 ms  plan:
Query Text: INSERT INTO time_statistics (template, s_time, stream, query, seed) VALUES ('query19.tpl', TRANSACTION_TIMESTAMP(), 1, 63, 1044647382);
Insert on time_statistics  (cost=0.00..0.01 rows=0 width=0) (actual time=0.008..0.009 rows=0 loops=1)
  ->  Result  (cost=0.00..0.01 rows=1 width=64) (actual time=0.002..0.002 rows=1 loops=1)
INSERT 0 1
select  i_brand_id brand_id, i_brand brand, i_manufact_id, i_manufact,
 	sum(ss_ext_sales_price) ext_price
 from date_dim, store_sales, item,customer,customer_address,store
 where d_date_sk = ss_sold_date_sk
   and ss_item_sk = i_item_sk
   and i_manager_id=3
   and d_moy=12
   and d_year=2000
   and ss_customer_sk = c_customer_sk 
   and c_current_addr_sk = ca_address_sk
   and substr(ca_zip,1,5) <> substr(s_zip,1,5) 
   and ss_store_sk = s_store_sk 
 group by i_brand
      ,i_brand_id
      ,i_manufact_id
      ,i_manufact
 order by ext_price desc
         ,i_brand
         ,i_brand_id
         ,i_manufact_id
         ,i_manufact
limit 100 ;
psql:/tmp/s1-basline/throughput/query_1.sql:3386: NOTICE:  duration: 205.800 ms  plan:
Query Text: select  i_brand_id brand_id, i_brand brand, i_manufact_id, i_manufact,
 	sum(ss_ext_sales_price) ext_price
 from date_dim, store_sales, item,customer,customer_address,store
 where d_date_sk = ss_sold_date_sk
   and ss_item_sk = i_item_sk
   and i_manager_id=3
   and d_moy=12
   and d_year=2000
   and ss_customer_sk = c_customer_sk 
   and c_current_addr_sk = ca_address_sk
   and substr(ca_zip,1,5) <> substr(s_zip,1,5) 
   and ss_store_sk = s_store_sk 
 group by i_brand
      ,i_brand_id
      ,i_manufact_id
      ,i_manufact
 order by ext_price desc
         ,i_brand
         ,i_brand_id
         ,i_manufact_id
         ,i_manufact
limit 100 ;
Limit  (cost=43215.23..43215.28 rows=20 width=118) (actual time=205.720..205.732 rows=100 loops=1)
  ->  Sort  (cost=43215.23..43215.28 rows=20 width=118) (actual time=205.719..205.725 rows=100 loops=1)
        Sort Key: (sum(store_sales.ss_ext_sales_price)) DESC, item.i_brand, item.i_brand_id, item.i_manufact_id, item.i_manufact
        Sort Method: quicksort  Memory: 72kB
        ->  GroupAggregate  (cost=43214.29..43214.79 rows=20 width=118) (actual time=205.106..205.663 rows=179 loops=1)
              Group Key: item.i_brand, item.i_brand_id, item.i_manufact_id, item.i_manufact
              ->  Sort  (cost=43214.29..43214.34 rows=20 width=118) (actual time=205.095..205.161 rows=1671 loops=1)
                    Sort Key: item.i_brand, item.i_brand_id, item.i_manufact_id, item.i_manufact
                    Sort Method: quicksort  Memory: 310kB
                    ->  Nested Loop  (cost=1.30..43213.86 rows=20 width=118) (actual time=4.179..202.719 rows=1671 loops=1)
                          Join Filter: (substr((customer_address.ca_zip)::text, 1, 5) <> substr((store.s_zip)::text, 1, 5))
                          Rows Removed by Join Filter: 41
                          ->  Nested Loop  (cost=1.01..43206.98 rows=20 width=137) (actual time=4.172..197.727 rows=1712 loops=1)
                                ->  Nested Loop  (cost=0.72..43200.44 rows=21 width=137) (actual time=4.167..193.052 rows=1733 loops=1)
                                      Join Filter: (store_sales.ss_store_sk = store.s_store_sk)
                                      Rows Removed by Join Filter: 7866
                                      ->  Nested Loop  (cost=0.72..43195.64 rows=22 width=134) (actual time=4.156..191.784 rows=1766 loops=1)
                                            ->  Nested Loop  (cost=0.43..42836.21 rows=1167 width=32) (actual time=4.082..51.087 rows=92168 loops=1)
                                                  ->  Seq Scan on date_dim  (cost=0.00..2500.73 rows=31 width=8) (actual time=4.064..8.641 rows=31 loops=1)
                                                        Filter: ((d_moy = 12) AND (d_year = 2000))
                                                        Rows Removed by Filter: 73018
                                                  ->  Index Scan using i_ss_sold_date_sk on store_sales  (cost=0.43..1286.06 rows=1508 width=40) (actual time=0.006..0.938 rows=2973 loops=31)
                                                        Index Cond: (ss_sold_date_sk = date_dim.d_date_sk)
                                            ->  Index Scan using pk_item on item  (cost=0.29..0.31 rows=1 width=118) (actual time=0.001..0.001 rows=0 loops=92168)
                                                  Index Cond: (i_item_sk = store_sales.ss_item_sk)
                                                  Filter: (i_manager_id = 3)
                                                  Rows Removed by Filter: 1
                                      ->  Materialize  (cost=0.00..1.18 rows=12 width=19) (actual time=0.000..0.000 rows=5 loops=1766)
                                            ->  Seq Scan on store  (cost=0.00..1.12 rows=12 width=19) (actual time=0.002..0.006 rows=12 loops=1)
                                ->  Index Scan using pk_customer on customer  (cost=0.29..0.31 rows=1 width=16) (actual time=0.002..0.002 rows=1 loops=1733)
                                      Index Cond: (c_customer_sk = store_sales.ss_customer_sk)
                          ->  Index Scan using pk_customer_address on customer_address  (cost=0.29..0.32 rows=1 width=19) (actual time=0.002..0.002 rows=1 loops=1712)
                                Index Cond: (ca_address_sk = customer.c_current_addr_sk)
 brand_id |                       brand                        | i_manufact_id |                     i_manufact                     |     ext_price      
----------+----------------------------------------------------+---------------+----------------------------------------------------+--------------------
  9013005 | importoimporto #2                                  |           253 | priantiable                                        |  41868.42999999999
  2003001 | exportiimporto #1                                  |            86 | callyeing                                          |           37885.61
 10014005 | edu packamalgamalg #5                              |           147 | ationeseought                                      |           37796.59
 10011005 | importonameless #4                                 |           486 | callyeingese                                       |           35440.18
  8013008 | exportimaxi #8                                     |           331 | oughtpripri                                        |           35285.57
  9003006 | exportimaxi #6                                     |           145 | esebarpri                                          |           35189.54
  4002002 | importoedu pack #2                                 |           768 | eingcallyation                                     | 35070.909999999996
  9016002 | corpunivamalg #2                                   |           601 | oughtbarcally                                      |           34995.65
 10001011 | amalgunivamalg #11                                 |           142 | ableeseought                                       |           33809.34
  9015008 | scholarunivamalg #8                                |           217 | ationoughtable                                     |  33417.14000000001
  8007008 | brandnameless #8                                   |           224 | eseableable                                        |           33258.92
  2001001 | amalgimporto #1                                    |           192 | ablen stought                                      | 32274.480000000007
  1003001 | exportiamalg #1                                    |            10 | barought                                           | 31794.949999999997
  9005008 | scholarmaxi #8                                     |           295 | antin stable                                       | 31610.960000000003
  5002002 | importoscholar #2                                  |           261 | oughtcallyable                                     | 31375.129999999997
  2002001 | scholarcorp #2                                     |           244 | eseeseable                                         | 30892.920000000002
 10005017 | scholarunivamalg #17                               |           408 | eingbarese                                         | 30000.049999999992
  1001001 | amalgamalg #1                                      |           572 | ableationanti                                      | 29688.249999999996
  1003002 | exportiamalg #2                                    |           403 | pribarese                                          | 29611.780000000002
  3004001 | edu packexporti #1                                 |           198 | eingn stought                                      | 29424.420000000006
  9011005 | edu packimporto #2                                 |            17 | barought                                           |           29033.75
  7008003 | namelessbrand #3                                   |           234 | esepriable                                         |           29010.93
  1003001 | exportiamalg #1                                    |           353 | priantipri                                         | 28376.940000000002
  7007002 | brandbrand #2                                      |           355 | antiantipri                                        | 28338.490000000005
  8013007 | exportimaxi #7                                     |           309 | n stbarpri                                         | 28185.559999999998
  9003002 | exportimaxi #2                                     |           650 | barantically                                       | 27566.730000000003
  4003002 | exportiedu pack #2                                 |           644 | eseesecally                                        | 27302.420000000006
  1003001 | exportiamalg #1                                    |           560 | barcallyanti                                       |           27227.82
  6008004 | namelesscorp #4                                    |            45 | antiese                                            | 26983.140000000003
  9005003 | scholarmaxi #3                                     |           783 | prieingation                                       | 26898.600000000006
  4001001 | exportiamalg #2                                    |           222 | ableableable                                       | 26305.870000000003
  8005010 | scholarnameless #10                                |           305 | ationantianti                                      | 25818.489999999998
  7001005 | amalgbrand #5                                      |            16 | callyought                                         | 25449.659999999996
  5004001 | importoimporto #2                                  |           456 | callyantiese                                       | 25155.300000000003
  6004005 | edu packcorp #5                                    |           630 | barprically                                        |           24767.44
  4002001 | importoedu pack #1                                 |           315 | antioughtpri                                       |           24500.11
  1002002 | importoamalg #2                                    |           136 | callypriought                                      | 24029.800000000003
 10006013 | corpunivamalg #13                                  |            32 | ablepri                                            |           23962.58
  4003001 | exportiexporti #2                                  |           519 | n stoughtanti                                      |           23912.34
  3004001 | edu packexporti #1                                 |           637 | ationprically                                      |           23341.53
  1003002 | exportiamalg #2                                    |           448 | eingeseese                                         |              23213
  5001002 | amalgscholar #2                                    |           399 | callypriable                                       |           23192.67
  6005007 | scholarcorp #7                                     |           309 | n stbarpri                                         |           23044.85
  9001002 | amalgmaxi #2                                       |           493 | prin stese                                         |           23033.68
  4003002 | exportiedu pack #2                                 |           117 | ationoughtought                                    |           23021.63
  5003001 | exportischolar #1                                  |           498 | eingn stese                                        |           22800.61
  7012004 | importonameless #4                                 |           242 | ableeseable                                        | 22608.100000000002
  8008010 | namelessnameless #10                               |           823 | priableeing                                        | 22271.109999999997
  6014002 | edu packbrand #2                                   |           239 | n stpriable                                        |           22265.57
  9007003 | brandmaxi #3                                       |            80 | bareing                                            |           21702.54
  7001009 | importoimporto #2                                  |            12 | ableought                                          |           21652.93
  8014006 | edu packmaxi #6                                    |            65 | antically                                          |           21641.55
  7002006 | importobrand #6                                    |           147 | ationeseought                                      | 21440.659999999996
  6008008 | namelesscorp #8                                    |           574 | eseationanti                                       | 21345.649999999998
  2002001 | exportiexporti #2                                  |           557 | ationantianti                                      | 21007.079999999998
 10008010 | exportiunivamalg #11                               |           142 | ationn stought                                     |           20884.23
  3001002 | amalgexporti #2                                    |           105 | antibarought                                       |            20713.8
  3001001 | scholarnameless #8                                 |           176 | callyationought                                    |           20287.45
  2001001 | amalgimporto #1                                    |           567 | ationcallyanti                                     | 20287.420000000002
  1001001 | amalgamalg #1                                      |           993 | prin stn st                                        |           20279.88
  3001001 | amalgexporti #1                                    |           347 | ationesepri                                        |           20047.02
  8005007 | scholarnameless #7                                 |            53 | prianti                                            |           20034.03
  4001001 | amalgedu pack #1                                   |           373 | priationpri                                        |           19959.29
 10006010 | corpunivamalg #10                                  |            32 | ablepri                                            |           19677.28
  2002001 | importoimporto #1                                  |            93 | prin st                                            |           19636.54
  7006004 | corpbrand #4                                       |           365 | anticallypri                                       | 19594.069999999996
  8003010 | exportinameless #10                                |           443 | prieseese                                          | 19555.140000000003
  8010003 | univmaxi #3                                        |           650 | barantically                                       | 19215.749999999996
  1002001 | importoamalg #1                                    |           987 | ationeingn st                                      |           19207.83
  3001001 | amalgexporti #1                                    |           792 | ablen station                                      | 19008.420000000002
  6006005 | corpcorp #5                                        |           537 | ationprianti                                       | 19002.869999999995
 10008006 | namelessunivamalg #6                               |           270 | barationable                                       |           18929.55
  6012008 | importobrand #8                                    |            21 | oughtable                                          |           18923.52
  9010005 | edu packmaxi #6                                    |            11 | oughtought                                         | 18447.690000000002
  2003001 | exportiimporto #1                                  |           255 | antiantiable                                       |            18362.1
  3004001 | scholarcorp #8                                     |           285 | antieingable                                       |           18337.23
  4004001 | edu packedu pack #2                                |           977 | ationationn st                                     |           18192.33
  4004002 | edu packedu pack #2                                |           532 | ableprianti                                        | 18174.260000000002
  1004002 | edu packamalg #2                                   |           253 | priantiable                                        | 18151.050000000003
  4002001 | importoedu pack #1                                 |           636 | callyprically                                      |           17921.22
  1001001 | amalgamalg #1                                      |           492 | ablen stese                                        |           17713.53
  3001001 | importoexporti #2                                  |           826 | esecallyanti                                       |           17593.02
  1002001 | importoamalg #1                                    |           795 | antin station                                      | 17498.329999999998
  3004002 | edu packexporti #2                                 |           330 | barpripri                                          |           17210.64
  3003001 | edu packunivamalg #14                              |           391 | oughtn stpri                                       |           16663.59
  7009003 | maxibrand #3                                       |            42 | ableese                                            |           16659.19
  3001001 | importonameless #6                                 |           126 | callyableought                                     | 16466.640000000003
  5001002 | amalgscholar #2                                    |           656 | callyantically                                     |            16405.2
  1002001 | amalgnameless #10                                  |            84 | eseeing                                            | 16311.340000000002
  7012004 | importonameless #4                                 |           101 | oughtbarought                                      |           16277.38
  1001002 | amalgamalg #2                                      |           463 | pricallyese                                        | 16051.410000000002
  5003002 | exportischolar #2                                  |             4 | ese                                                | 15941.059999999998
  1003001 | scholarmaxi #12                                    |           422 | ableableese                                        |           15287.24
  3001001 | amalgnameless #10                                  |           105 | priationpri                                        | 15222.289999999999
  6016002 | corpbrand #2                                       |           595 | antin stanti                                       | 15024.579999999998
  6008002 | namelesscorp #2                                    |           584 | eseeinganti                                        |            14970.3
  8007005 | brandnameless #5                                   |           762 | ablecallyation                                     |           14939.29
  1003002 | exportiamalg #2                                    |           431 | oughtpriese                                        | 14783.140000000001
  9012009 | importounivamalg #9                                |           643 | priesecally                                        |           14761.99
  3001001 | amalgexporti #1                                    |            47 | ationese                                           |           14544.17
(100 rows)

UPDATE time_statistics SET e_time = TRANSACTION_TIMESTAMP() WHERE template = 'query19.tpl' AND stream = 1;
psql:/tmp/s1-basline/throughput/query_1.sql:3388: NOTICE:  duration: 0.056 ms  plan:
Query Text: UPDATE time_statistics SET e_time = TRANSACTION_TIMESTAMP() WHERE template = 'query19.tpl' AND stream = 1;
Update on time_statistics  (cost=0.00..7.87 rows=0 width=0) (actual time=0.056..0.056 rows=0 loops=1)
  ->  Seq Scan on time_statistics  (cost=0.00..7.87 rows=1 width=14) (actual time=0.041..0.041 rows=1 loops=1)
        Filter: ((template = 'query19.tpl'::text) AND (stream = 1))
        Rows Removed by Filter: 285
UPDATE 1
LOAD 'auto_explain'; SET auto_explain.log_min_duration TO 0; SET auto_explain.log_analyze TO on; SET auto_explain.log_level TO notice; INSERT INTO time_statistics (template, s_time, stream, query, seed) VALUES ('query1.tpl', TRANSACTION_TIMESTAMP(), 1, 64, 1409410599);
LOAD
SET
SET
SET
psql:/tmp/s1-basline/throughput/query_1.sql:3389: NOTICE:  duration: 0.009 ms  plan:
Query Text: INSERT INTO time_statistics (template, s_time, stream, query, seed) VALUES ('query1.tpl', TRANSACTION_TIMESTAMP(), 1, 64, 1409410599);
Insert on time_statistics  (cost=0.00..0.01 rows=0 width=0) (actual time=0.008..0.008 rows=0 loops=1)
  ->  Result  (cost=0.00..0.01 rows=1 width=64) (actual time=0.001..0.001 rows=1 loops=1)
INSERT 0 1
with customer_total_return as
(select sr_customer_sk as ctr_customer_sk
,sr_store_sk as ctr_store_sk
,sum(SR_FEE) as ctr_total_return
from store_returns
,date_dim
where sr_returned_date_sk = d_date_sk
and d_year =1999
group by sr_customer_sk
,sr_store_sk)
 select  c_customer_id
from customer_total_return ctr1
,store
,customer
where ctr1.ctr_total_return > (select avg(ctr_total_return)*1.2
from customer_total_return ctr2
where ctr1.ctr_store_sk = ctr2.ctr_store_sk)
and s_store_sk = ctr1.ctr_store_sk
and s_state = 'TN'
and ctr1.ctr_customer_sk = c_customer_sk
order by c_customer_id
limit 100;
psql:/tmp/s1-basline/throughput/query_1.sql:3411: NOTICE:  duration: 214802.615 ms  plan:
Query Text: with customer_total_return as
(select sr_customer_sk as ctr_customer_sk
,sr_store_sk as ctr_store_sk
,sum(SR_FEE) as ctr_total_return
from store_returns
,date_dim
where sr_returned_date_sk = d_date_sk
and d_year =1999
group by sr_customer_sk
,sr_store_sk)
 select  c_customer_id
from customer_total_return ctr1
,store
,customer
where ctr1.ctr_total_return > (select avg(ctr_total_return)*1.2
from customer_total_return ctr2
where ctr1.ctr_store_sk = ctr2.ctr_store_sk)
and s_store_sk = ctr1.ctr_store_sk
and s_state = 'TN'
and ctr1.ctr_customer_sk = c_customer_sk
order by c_customer_id
limit 100;
Limit  (cost=54250.76..54250.83 rows=28 width=17) (actual time=214802.573..214802.591 rows=100 loops=1)
  CTE customer_total_return
    ->  GroupAggregate  (cost=11346.97..11374.51 rows=1377 width=24) (actual time=60.260..78.498 rows=50316 loops=1)
          Group Key: store_returns.sr_customer_sk, store_returns.sr_store_sk
          ->  Sort  (cost=11346.97..11350.42 rows=1377 width=24) (actual time=60.247..63.062 rows=55717 loops=1)
                Sort Key: store_returns.sr_customer_sk, store_returns.sr_store_sk
                Sort Method: quicksort  Memory: 4995kB
                ->  Nested Loop  (cost=0.42..11275.18 rows=1377 width=24) (actual time=3.932..46.574 rows=55717 loops=1)
                      ->  Seq Scan on date_dim  (cost=0.00..2318.11 rows=363 width=8) (actual time=3.911..8.128 rows=365 loops=1)
                            Filter: (d_year = 1999)
                            Rows Removed by Filter: 72684
                      ->  Index Scan using i_sr_returned_date_sk on store_returns  (cost=0.42..23.28 rows=140 width=32) (actual time=0.002..0.084 rows=153 loops=365)
                            Index Cond: (sr_returned_date_sk = date_dim.d_date_sk)
  ->  Sort  (cost=42876.24..42876.31 rows=28 width=17) (actual time=214802.573..214802.579 rows=100 loops=1)
        Sort Key: customer.c_customer_id
        Sort Method: top-N heapsort  Memory: 38kB
        ->  Nested Loop  (cost=0.29..42875.57 rows=28 width=17) (actual time=98.106..214791.213 rows=18939 loops=1)
              ->  Nested Loop  (cost=0.00..42822.13 rows=28 width=8) (actual time=98.097..214748.520 rows=18945 loops=1)
                    Join Filter: (ctr1.ctr_store_sk = store.s_store_sk)
                    Rows Removed by Join Filter: 82389
                    ->  CTE Scan on customer_total_return ctr1  (cost=0.00..42738.64 rows=459 width=16) (actual time=98.085..214734.446 rows=18945 loops=1)
                          Filter: (ctr_total_return > (SubPlan 2))
                          Rows Removed by Filter: 31371
                          SubPlan 2
                            ->  Aggregate  (cost=31.00..31.02 rows=1 width=8) (actual time=4.266..4.266 rows=1 loops=50316)
                                  ->  CTE Scan on customer_total_return ctr2  (cost=0.00..30.98 rows=7 width=8) (actual time=0.033..3.659 rows=8220 loops=50316)
                                        Filter: (ctr1.ctr_store_sk = ctr_store_sk)
                                        Rows Removed by Filter: 42096
                    ->  Materialize  (cost=0.00..1.21 rows=12 width=8) (actual time=0.000..0.000 rows=5 loops=18945)
                          ->  Seq Scan on store  (cost=0.00..1.15 rows=12 width=8) (actual time=0.009..0.012 rows=10 loops=1)
                                Filter: (s_state = 'TN'::bpchar)
              ->  Index Scan using pk_customer on customer  (cost=0.29..1.91 rows=1 width=25) (actual time=0.002..0.002 rows=1 loops=18945)
                    Index Cond: (c_customer_sk = ctr1.ctr_customer_sk)
  c_customer_id   
------------------
 AAAAAAAAAAADAAAA
 AAAAAAAAAAANAAAA
 AAAAAAAAAAANAAAA
 AAAAAAAAAABBBAAA
 AAAAAAAAAABCBAAA
 AAAAAAAAAABDAAAA
 AAAAAAAAAABPAAAA
 AAAAAAAAAABPAAAA
 AAAAAAAAAACABAAA
 AAAAAAAAAACGAAAA
 AAAAAAAAAACJAAAA
 AAAAAAAAAACMAAAA
 AAAAAAAAAADBAAAA
 AAAAAAAAAADBBAAA
 AAAAAAAAAADBBAAA
 AAAAAAAAAADFBAAA
 AAAAAAAAAADHBAAA
 AAAAAAAAAADPAAAA
 AAAAAAAAAAECAAAA
 AAAAAAAAAAEDAAAA
 AAAAAAAAAAEGAAAA
 AAAAAAAAAAEGBAAA
 AAAAAAAAAAEIBAAA
 AAAAAAAAAAEKAAAA
 AAAAAAAAAAENAAAA
 AAAAAAAAAAENAAAA
 AAAAAAAAAAEOAAAA
 AAAAAAAAAAEOAAAA
 AAAAAAAAAAEPAAAA
 AAAAAAAAAAEPAAAA
 AAAAAAAAAAFEAAAA
 AAAAAAAAAAFGBAAA
 AAAAAAAAAAFJAAAA
 AAAAAAAAAAGDBAAA
 AAAAAAAAAAGDBAAA
 AAAAAAAAAAGFBAAA
 AAAAAAAAAAGIAAAA
 AAAAAAAAAAGMAAAA
 AAAAAAAAAAHEAAAA
 AAAAAAAAAAHFAAAA
 AAAAAAAAAAHGAAAA
 AAAAAAAAAAIDBAAA
 AAAAAAAAAAIJAAAA
 AAAAAAAAAAIKAAAA
 AAAAAAAAAAJBBAAA
 AAAAAAAAAAJBBAAA
 AAAAAAAAAAJLAAAA
 AAAAAAAAAAJPAAAA
 AAAAAAAAAAKAAAAA
 AAAAAAAAAAKCAAAA
 AAAAAAAAAAKKAAAA
 AAAAAAAAAALAAAAA
 AAAAAAAAAALDBAAA
 AAAAAAAAAALJAAAA
 AAAAAAAAAAMABAAA
 AAAAAAAAAAMPAAAA
 AAAAAAAAAANFBAAA
 AAAAAAAAAAOCAAAA
 AAAAAAAAAAOHBAAA
 AAAAAAAAAAOLAAAA
 AAAAAAAAAAPHAAAA
 AAAAAAAAAAPHBAAA
 AAAAAAAAABAEAAAA
 AAAAAAAAABAFAAAA
 AAAAAAAAABAGAAAA
 AAAAAAAAABAIBAAA
 AAAAAAAAABBDAAAA
 AAAAAAAAABBGAAAA
 AAAAAAAAABBJAAAA
 AAAAAAAAABBPAAAA
 AAAAAAAAABCFAAAA
 AAAAAAAAABCFAAAA
 AAAAAAAAABCGBAAA
 AAAAAAAAABCJAAAA
 AAAAAAAAABCMAAAA
 AAAAAAAAABCNAAAA
 AAAAAAAAABCPAAAA
 AAAAAAAAABDAAAAA
 AAAAAAAAABDABAAA
 AAAAAAAAABDMAAAA
 AAAAAAAAABDNAAAA
 AAAAAAAAABDOAAAA
 AAAAAAAAABEHAAAA
 AAAAAAAAABFCBAAA
 AAAAAAAAABFHAAAA
 AAAAAAAAABGEAAAA
 AAAAAAAAABGNAAAA
 AAAAAAAAABHCAAAA
 AAAAAAAAABHCBAAA
 AAAAAAAAABHCBAAA
 AAAAAAAAABHCBAAA
 AAAAAAAAABIAAAAA
 AAAAAAAAABIDAAAA
 AAAAAAAAABIDAAAA
 AAAAAAAAABIEBAAA
 AAAAAAAAABIFAAAA
 AAAAAAAAABIHBAAA
 AAAAAAAAABJEAAAA
 AAAAAAAAABJHAAAA
 AAAAAAAAABJHAAAA
(100 rows)

UPDATE time_statistics SET e_time = TRANSACTION_TIMESTAMP() WHERE template = 'query1.tpl' AND stream = 1;
psql:/tmp/s1-basline/throughput/query_1.sql:3413: NOTICE:  duration: 0.087 ms  plan:
Query Text: UPDATE time_statistics SET e_time = TRANSACTION_TIMESTAMP() WHERE template = 'query1.tpl' AND stream = 1;
Update on time_statistics  (cost=0.00..10.57 rows=0 width=0) (actual time=0.087..0.087 rows=0 loops=1)
  ->  Seq Scan on time_statistics  (cost=0.00..10.57 rows=1 width=14) (actual time=0.038..0.044 rows=1 loops=1)
        Filter: ((template = 'query1.tpl'::text) AND (stream = 1))
        Rows Removed by Filter: 321
UPDATE 1
LOAD 'auto_explain'; SET auto_explain.log_min_duration TO 0; SET auto_explain.log_analyze TO on; SET auto_explain.log_level TO notice; INSERT INTO time_statistics (template, s_time, stream, query, seed) VALUES ('query64.tpl', TRANSACTION_TIMESTAMP(), 1, 65, 274767106);
LOAD
SET
SET
SET
psql:/tmp/s1-basline/throughput/query_1.sql:3414: NOTICE:  duration: 0.008 ms  plan:
Query Text: INSERT INTO time_statistics (template, s_time, stream, query, seed) VALUES ('query64.tpl', TRANSACTION_TIMESTAMP(), 1, 65, 274767106);
Insert on time_statistics  (cost=0.00..0.01 rows=0 width=0) (actual time=0.007..0.007 rows=0 loops=1)
  ->  Result  (cost=0.00..0.01 rows=1 width=64) (actual time=0.001..0.001 rows=1 loops=1)
INSERT 0 1
with cs_ui as
 (select cs_item_sk
        ,sum(cs_ext_list_price) as sale,sum(cr_refunded_cash+cr_reversed_charge+cr_store_credit) as refund
  from catalog_sales
      ,catalog_returns
  where cs_item_sk = cr_item_sk
    and cs_order_number = cr_order_number
  group by cs_item_sk
  having sum(cs_ext_list_price)>2*sum(cr_refunded_cash+cr_reversed_charge+cr_store_credit)),
cross_sales as
 (select i_product_name product_name
     ,i_item_sk item_sk
     ,s_store_name store_name
     ,s_zip store_zip
     ,ad1.ca_street_number b_street_number
     ,ad1.ca_street_name b_street_name
     ,ad1.ca_city b_city
     ,ad1.ca_zip b_zip
     ,ad2.ca_street_number c_street_number
     ,ad2.ca_street_name c_street_name
     ,ad2.ca_city c_city
     ,ad2.ca_zip c_zip
     ,d1.d_year as syear
     ,d2.d_year as fsyear
     ,d3.d_year s2year
     ,count(*) cnt
     ,sum(ss_wholesale_cost) s1
     ,sum(ss_list_price) s2
     ,sum(ss_coupon_amt) s3
  FROM   store_sales
        ,store_returns
        ,cs_ui
        ,date_dim d1
        ,date_dim d2
        ,date_dim d3
        ,store
        ,customer
        ,customer_demographics cd1
        ,customer_demographics cd2
        ,promotion
        ,household_demographics hd1
        ,household_demographics hd2
        ,customer_address ad1
        ,customer_address ad2
        ,income_band ib1
        ,income_band ib2
        ,item
  WHERE  ss_store_sk = s_store_sk AND
         ss_sold_date_sk = d1.d_date_sk AND
         ss_customer_sk = c_customer_sk AND
         ss_cdemo_sk= cd1.cd_demo_sk AND
         ss_hdemo_sk = hd1.hd_demo_sk AND
         ss_addr_sk = ad1.ca_address_sk and
         ss_item_sk = i_item_sk and
         ss_item_sk = sr_item_sk and
         ss_ticket_number = sr_ticket_number and
         ss_item_sk = cs_ui.cs_item_sk and
         c_current_cdemo_sk = cd2.cd_demo_sk AND
         c_current_hdemo_sk = hd2.hd_demo_sk AND
         c_current_addr_sk = ad2.ca_address_sk and
         c_first_sales_date_sk = d2.d_date_sk and
         c_first_shipto_date_sk = d3.d_date_sk and
         ss_promo_sk = p_promo_sk and
         hd1.hd_income_band_sk = ib1.ib_income_band_sk and
         hd2.hd_income_band_sk = ib2.ib_income_band_sk and
         cd1.cd_marital_status <> cd2.cd_marital_status and
         i_color in ('cyan','goldenrod','aquamarine','hot','powder','dark') and
         i_current_price between 61 and 61 + 10 and
         i_current_price between 61 + 1 and 61 + 15
group by i_product_name
       ,i_item_sk
       ,s_store_name
       ,s_zip
       ,ad1.ca_street_number
       ,ad1.ca_street_name
       ,ad1.ca_city
       ,ad1.ca_zip
       ,ad2.ca_street_number
       ,ad2.ca_street_name
       ,ad2.ca_city
       ,ad2.ca_zip
       ,d1.d_year
       ,d2.d_year
       ,d3.d_year
)
select cs1.product_name
     ,cs1.store_name
     ,cs1.store_zip
     ,cs1.b_street_number
     ,cs1.b_street_name
     ,cs1.b_city
     ,cs1.b_zip
     ,cs1.c_street_number
     ,cs1.c_street_name
     ,cs1.c_city
     ,cs1.c_zip
     ,cs1.syear
     ,cs1.cnt
     ,cs1.s1 as s11
     ,cs1.s2 as s21
     ,cs1.s3 as s31
     ,cs2.s1 as s12
     ,cs2.s2 as s22
     ,cs2.s3 as s32
     ,cs2.syear
     ,cs2.cnt
from cross_sales cs1,cross_sales cs2
where cs1.item_sk=cs2.item_sk and
     cs1.syear = 2000 and
     cs2.syear = 2000 + 1 and
     cs2.cnt <= cs1.cnt and
     cs1.store_name = cs2.store_name and
     cs1.store_zip = cs2.store_zip
order by cs1.product_name
       ,cs1.store_name
       ,cs2.cnt
       ,cs1.s1
       ,cs2.s1;
psql:/tmp/s1-basline/throughput/query_1.sql:3532: NOTICE:  duration: 450.209 ms  plan:
Query Text: with cs_ui as
 (select cs_item_sk
        ,sum(cs_ext_list_price) as sale,sum(cr_refunded_cash+cr_reversed_charge+cr_store_credit) as refund
  from catalog_sales
      ,catalog_returns
  where cs_item_sk = cr_item_sk
    and cs_order_number = cr_order_number
  group by cs_item_sk
  having sum(cs_ext_list_price)>2*sum(cr_refunded_cash+cr_reversed_charge+cr_store_credit)),
cross_sales as
 (select i_product_name product_name
     ,i_item_sk item_sk
     ,s_store_name store_name
     ,s_zip store_zip
     ,ad1.ca_street_number b_street_number
     ,ad1.ca_street_name b_street_name
     ,ad1.ca_city b_city
     ,ad1.ca_zip b_zip
     ,ad2.ca_street_number c_street_number
     ,ad2.ca_street_name c_street_name
     ,ad2.ca_city c_city
     ,ad2.ca_zip c_zip
     ,d1.d_year as syear
     ,d2.d_year as fsyear
     ,d3.d_year s2year
     ,count(*) cnt
     ,sum(ss_wholesale_cost) s1
     ,sum(ss_list_price) s2
     ,sum(ss_coupon_amt) s3
  FROM   store_sales
        ,store_returns
        ,cs_ui
        ,date_dim d1
        ,date_dim d2
        ,date_dim d3
        ,store
        ,customer
        ,customer_demographics cd1
        ,customer_demographics cd2
        ,promotion
        ,household_demographics hd1
        ,household_demographics hd2
        ,customer_address ad1
        ,customer_address ad2
        ,income_band ib1
        ,income_band ib2
        ,item
  WHERE  ss_store_sk = s_store_sk AND
         ss_sold_date_sk = d1.d_date_sk AND
         ss_customer_sk = c_customer_sk AND
         ss_cdemo_sk= cd1.cd_demo_sk AND
         ss_hdemo_sk = hd1.hd_demo_sk AND
         ss_addr_sk = ad1.ca_address_sk and
         ss_item_sk = i_item_sk and
         ss_item_sk = sr_item_sk and
         ss_ticket_number = sr_ticket_number and
         ss_item_sk = cs_ui.cs_item_sk and
         c_current_cdemo_sk = cd2.cd_demo_sk AND
         c_current_hdemo_sk = hd2.hd_demo_sk AND
         c_current_addr_sk = ad2.ca_address_sk and
         c_first_sales_date_sk = d2.d_date_sk and
         c_first_shipto_date_sk = d3.d_date_sk and
         ss_promo_sk = p_promo_sk and
         hd1.hd_income_band_sk = ib1.ib_income_band_sk and
         hd2.hd_income_band_sk = ib2.ib_income_band_sk and
         cd1.cd_marital_status <> cd2.cd_marital_status and
         i_color in ('cyan','goldenrod','aquamarine','hot','powder','dark') and
         i_current_price between 61 and 61 + 10 and
         i_current_price between 61 + 1 and 61 + 15
group by i_product_name
       ,i_item_sk
       ,s_store_name
       ,s_zip
       ,ad1.ca_street_number
       ,ad1.ca_street_name
       ,ad1.ca_city
       ,ad1.ca_zip
       ,ad2.ca_street_number
       ,ad2.ca_street_name
       ,ad2.ca_city
       ,ad2.ca_zip
       ,d1.d_year
       ,d2.d_year
       ,d3.d_year
)
select cs1.product_name
     ,cs1.store_name
     ,cs1.store_zip
     ,cs1.b_street_number
     ,cs1.b_street_name
     ,cs1.b_city
     ,cs1.b_zip
     ,cs1.c_street_number
     ,cs1.c_street_name
     ,cs1.c_city
     ,cs1.c_zip
     ,cs1.syear
     ,cs1.cnt
     ,cs1.s1 as s11
     ,cs1.s2 as s21
     ,cs1.s3 as s31
     ,cs2.s1 as s12
     ,cs2.s2 as s22
     ,cs2.s3 as s32
     ,cs2.syear
     ,cs2.cnt
from cross_sales cs1,cross_sales cs2
where cs1.item_sk=cs2.item_sk and
     cs1.syear = 2000 and
     cs2.syear = 2000 + 1 and
     cs2.cnt <= cs1.cnt and
     cs1.store_name = cs2.store_name and
     cs1.store_zip = cs2.store_zip
order by cs1.product_name
       ,cs1.store_name
       ,cs2.cnt
       ,cs1.s1
       ,cs2.s1;
Sort  (cost=71483.68..71483.68 rows=1 width=1166) (actual time=391.385..450.181 rows=10 loops=1)
  Sort Key: cs1.product_name, cs1.store_name, cs2.cnt, cs1.s1, cs2.s1
  Sort Method: quicksort  Memory: 27kB
  CTE cross_sales
    ->  GroupAggregate  (cost=71483.54..71483.60 rows=1 width=199) (actual time=390.876..449.754 rows=91 loops=1)
          Group Key: item.i_product_name, item.i_item_sk, store.s_store_name, store.s_zip, ad1.ca_street_number, ad1.ca_street_name, ad1.ca_city, ad1.ca_zip, ad2.ca_street_number, ad2.ca_street_name, ad2.ca_city, ad2.ca_zip, d1.d_year, d2.d_year, d3.d_year
          ->  Sort  (cost=71483.54..71483.55 rows=1 width=191) (actual time=390.870..449.667 rows=91 loops=1)
                Sort Key: item.i_product_name, item.i_item_sk, store.s_store_name, store.s_zip, ad1.ca_street_number, ad1.ca_street_name, ad1.ca_city, ad1.ca_zip, ad2.ca_street_number, ad2.ca_street_name, ad2.ca_city, ad2.ca_zip, d1.d_year, d2.d_year, d3.d_year
                Sort Method: quicksort  Memory: 46kB
                ->  Nested Loop  (cost=71348.54..71483.53 rows=1 width=191) (actual time=331.882..449.500 rows=91 loops=1)
                      ->  Nested Loop  (cost=71348.40..71483.37 rows=1 width=199) (actual time=331.879..449.393 rows=91 loops=1)
                            ->  Nested Loop  (cost=71348.11..71483.05 rows=1 width=167) (actual time=331.871..449.087 rows=91 loops=1)
                                  ->  Nested Loop  (cost=71347.96..71482.89 rows=1 width=175) (actual time=331.865..448.926 rows=91 loops=1)
                                        Join Filter: (cd1.cd_marital_status <> cd2.cd_marital_status)
                                        Rows Removed by Join Filter: 30
                                        ->  Nested Loop  (cost=71347.54..71482.14 rows=1 width=185) (actual time=331.856..448.346 rows=122 loops=1)
                                              ->  Nested Loop  (cost=71347.40..71481.98 rows=1 width=193) (actual time=331.849..448.181 rows=122 loops=1)
                                                    ->  Nested Loop  (cost=71347.11..71481.65 rows=1 width=197) (actual time=331.844..447.953 rows=123 loops=1)
                                                          ->  Nested Loop  (cost=71346.82..71481.35 rows=1 width=197) (actual time=331.838..447.681 rows=124 loops=1)
                                                                ->  Nested Loop  (cost=71346.53..71481.02 rows=1 width=201) (actual time=331.833..447.415 rows=129 loops=1)
                                                                      ->  Nested Loop  (cost=71346.24..71480.71 rows=1 width=169) (actual time=331.823..446.912 rows=129 loops=1)
                                                                            ->  Nested Loop  (cost=71346.10..71480.56 rows=1 width=161) (actual time=331.816..446.715 rows=129 loops=1)
                                                                                  ->  Nested Loop  (cost=71345.68..71480.10 rows=1 width=167) (actual time=331.806..446.125 rows=129 loops=1)
                                                                                        ->  Nested Loop  (cost=71345.38..71479.79 rows=1 width=171) (actual time=331.795..445.865 rows=131 loops=1)
                                                                                              ->  Nested Loop  (cost=71345.09..71479.48 rows=1 width=139) (actual time=331.786..445.424 rows=134 loops=1)
                                                                                                    ->  Nested Loop  (cost=71344.81..71479.18 rows=1 width=139) (actual time=331.777..445.118 rows=136 loops=1)
                                                                                                          Join Filter: (item.i_item_sk = store_sales.ss_item_sk)
                                                                                                          ->  Nested Loop  (cost=71344.38..71466.69 rows=16 width=83) (actual time=331.765..444.617 rows=136 loops=1)
                                                                                                                ->  Nested Loop  (cost=71343.96..71464.67 rows=1 width=67) (actual time=331.753..444.541 rows=8 loops=1)
                                                                                                                      ->  Finalize GroupAggregate  (cost=71343.67..71361.77 rows=47 width=24) (actual time=321.237..414.722 rows=17141 loops=1)
                                                                                                                            Group Key: catalog_sales.cs_item_sk
                                                                                                                            Filter: (sum(catalog_sales.cs_ext_list_price) > ('2'::double precision * sum(((catalog_returns.cr_refunded_cash + catalog_returns.cr_reversed_charge) + catalog_returns.cr_store_credit))))
                                                                                                                            Rows Removed by Filter: 725
                                                                                                                            ->  Gather Merge  (cost=71343.67..71358.77 rows=118 width=24) (actual time=321.229..405.924 rows=46710 loops=1)
                                                                                                                                  Workers Planned: 2
                                                                                                                                  Workers Launched: 2
                                                                                                                                  ->  Partial GroupAggregate  (cost=70343.65..70345.12 rows=59 width=24) (actual time=315.678..331.529 rows=15570 loops=3)
                                                                                                                                        Group Key: catalog_sales.cs_item_sk
                                                                                                                                        ->  Sort  (cost=70343.65..70343.79 rows=59 width=40) (actual time=315.667..320.542 rows=48102 loops=3)
                                                                                                                                              Sort Key: catalog_sales.cs_item_sk
                                                                                                                                              Sort Method: quicksort  Memory: 6611kB
                                                                                                                                              Worker 0:  Sort Method: quicksort  Memory: 4603kB
                                                                                                                                              Worker 1:  Sort Method: quicksort  Memory: 4597kB
                                                                                                                                              ->  Hash Join  (cost=7926.67..70341.91 rows=59 width=40) (actual time=81.172..303.114 rows=48102 loops=3)
                                                                                                                                                    Hash Cond: ((catalog_sales.cs_item_sk = catalog_returns.cr_item_sk) AND (catalog_sales.cs_order_number = catalog_returns.cr_order_number))
                                                                                                                                                    ->  Parallel Seq Scan on catalog_sales  (cost=0.00..59266.53 rows=599753 width=24) (actual time=0.015..75.341 rows=479804 loops=3)
                                                                                                                                                    ->  Hash  (cost=5762.07..5762.07 rows=144307 width=40) (actual time=80.405..80.406 rows=144307 loops=3)
                                                                                                                                                          Buckets: 262144  Batches: 1  Memory Usage: 12128kB
                                                                                                                                                          ->  Seq Scan on catalog_returns  (cost=0.00..5762.07 rows=144307 width=40) (actual time=0.022..50.890 rows=144307 loops=3)
                                                                                                                      ->  Index Scan using pk_item on item  (cost=0.29..2.17 rows=1 width=59) (actual time=0.002..0.002 rows=0 loops=17141)
                                                                                                                            Index Cond: (i_item_sk = catalog_sales.cs_item_sk)
                                                                                                                            Filter: ((i_current_price >= '61'::double precision) AND (i_current_price <= '71'::double precision) AND (i_current_price >= '62'::double precision) AND (i_current_price <= '76'::double precision) AND (i_color = ANY ('{cyan,goldenrod,aquamarine,hot,powder,dark}'::bpchar[])))
                                                                                                                            Rows Removed by Filter: 1
                                                                                                                ->  Index Only Scan using pk_store_returns on store_returns  (cost=0.42..1.84 rows=18 width=16) (actual time=0.005..0.007 rows=17 loops=8)
                                                                                                                      Index Cond: (sr_item_sk = item.i_item_sk)
                                                                                                                      Heap Fetches: 0
                                                                                                          ->  Index Scan using pk_store_sales on store_sales  (cost=0.43..0.77 rows=1 width=96) (actual time=0.003..0.003 rows=1 loops=136)
                                                                                                                Index Cond: ((ss_item_sk = store_returns.sr_item_sk) AND (ss_ticket_number = store_returns.sr_ticket_number))
                                                                                                    ->  Index Scan using pk_household_demographics on household_demographics hd1  (cost=0.28..0.30 rows=1 width=16) (actual time=0.002..0.002 rows=1 loops=136)
                                                                                                          Index Cond: (hd_demo_sk = store_sales.ss_hdemo_sk)
                                                                                              ->  Index Scan using pk_customer_address on customer_address ad1  (cost=0.29..0.31 rows=1 width=48) (actual time=0.003..0.003 rows=1 loops=134)
                                                                                                    Index Cond: (ca_address_sk = store_sales.ss_addr_sk)
                                                                                        ->  Index Scan using pk_date_dim on date_dim d1  (cost=0.29..0.31 rows=1 width=12) (actual time=0.001..0.001 rows=1 loops=131)
                                                                                              Index Cond: (d_date_sk = store_sales.ss_sold_date_sk)
                                                                                  ->  Index Scan using pk_customer_demographics on customer_demographics cd1  (cost=0.43..0.46 rows=1 width=10) (actual time=0.004..0.004 rows=1 loops=129)
                                                                                        Index Cond: (cd_demo_sk = store_sales.ss_cdemo_sk)
                                                                            ->  Index Scan using pk_store on store  (cost=0.14..0.15 rows=1 width=24) (actual time=0.001..0.001 rows=1 loops=129)
                                                                                  Index Cond: (s_store_sk = store_sales.ss_store_sk)
                                                                      ->  Index Scan using pk_customer on customer  (cost=0.29..0.31 rows=1 width=48) (actual time=0.003..0.003 rows=1 loops=129)
                                                                            Index Cond: (c_customer_sk = store_sales.ss_customer_sk)
                                                                ->  Index Scan using pk_date_dim on date_dim d3  (cost=0.29..0.33 rows=1 width=12) (actual time=0.002..0.002 rows=1 loops=129)
                                                                      Index Cond: (d_date_sk = customer.c_first_shipto_date_sk)
                                                          ->  Index Scan using pk_household_demographics on household_demographics hd2  (cost=0.28..0.30 rows=1 width=16) (actual time=0.002..0.002 rows=1 loops=124)
                                                                Index Cond: (hd_demo_sk = customer.c_current_hdemo_sk)
                                                    ->  Index Scan using pk_date_dim on date_dim d2  (cost=0.29..0.33 rows=1 width=12) (actual time=0.001..0.001 rows=1 loops=123)
                                                          Index Cond: (d_date_sk = customer.c_first_sales_date_sk)
                                              ->  Index Only Scan using pk_income_band on income_band ib2  (cost=0.14..0.16 rows=1 width=8) (actual time=0.001..0.001 rows=1 loops=122)
                                                    Index Cond: (ib_income_band_sk = hd2.hd_income_band_sk)
                                                    Heap Fetches: 122
                                        ->  Index Scan using pk_customer_demographics on customer_demographics cd2  (cost=0.43..0.74 rows=1 width=10) (actual time=0.004..0.004 rows=1 loops=122)
                                              Index Cond: (cd_demo_sk = customer.c_current_cdemo_sk)
                                  ->  Index Only Scan using pk_promotion on promotion  (cost=0.15..0.17 rows=1 width=8) (actual time=0.001..0.001 rows=1 loops=91)
                                        Index Cond: (p_promo_sk = store_sales.ss_promo_sk)
                                        Heap Fetches: 91
                            ->  Index Scan using pk_customer_address on customer_address ad2  (cost=0.29..0.32 rows=1 width=48) (actual time=0.003..0.003 rows=1 loops=91)
                                  Index Cond: (ca_address_sk = customer.c_current_addr_sk)
                      ->  Index Only Scan using pk_income_band on income_band ib1  (cost=0.14..0.16 rows=1 width=8) (actual time=0.001..0.001 rows=1 loops=91)
                            Index Cond: (ib_income_band_sk = hd1.hd_income_band_sk)
                            Heap Fetches: 91
  ->  Nested Loop  (cost=0.00..0.07 rows=1 width=1166) (actual time=391.041..391.370 rows=10 loops=1)
        Join Filter: ((cs2.cnt <= cs1.cnt) AND (cs1.item_sk = cs2.item_sk) AND ((cs1.store_name)::text = (cs2.store_name)::text) AND (cs1.store_zip = cs2.store_zip))
        Rows Removed by Join Filter: 380
        ->  CTE Scan on cross_sales cs1  (cost=0.00..0.02 rows=1 width=1138) (actual time=390.880..390.891 rows=26 loops=1)
              Filter: (syear = 2000)
              Rows Removed by Filter: 65
        ->  CTE Scan on cross_sales cs2  (cost=0.00..0.02 rows=1 width=206) (actual time=0.001..0.017 rows=15 loops=26)
              Filter: (syear = 2001)
              Rows Removed by Filter: 76
                    product_name                    | store_name | store_zip  | b_street_number | b_street_name  |     b_city     |   b_zip    | c_street_number | c_street_name |     c_city      |   c_zip    | syear | cnt |  s11  |  s21   |   s31   |  s12  |  s22   |   s32   | syear | cnt 
----------------------------------------------------+------------+------------+-----------------+----------------+----------------+------------+-----------------+---------------+-----------------+------------+-------+-----+-------+--------+---------+-------+--------+---------+-------+-----
 antioughtbarationought                             | ation      | 31904      | 951             | Meadow Miller  | Maple Grove    | 88252      | 634             | Birch Valley  | Newtown         | 71749      |  2000 |   1 |  8.34 |  16.51 |       0 | 38.48 |  63.49 |       0 |  2001 |   1
 antioughtbarationought                             | ation      | 31904      | 398             | Spring         | Saint Johns    | 55717      | 593             | Elm           | Wildwood        | 76871      |  2000 |   1 |  65.4 |  88.94 |       0 | 38.48 |  63.49 |       0 |  2001 |   1
 ationeingeingable                                  | ation      | 31904      | 619             | Highland Davis | Riverside      | 69231      | 719             | Locust        | Belmont         | 60191      |  2000 |   1 | 56.33 |  105.9 | 1624.08 |  9.06 |  13.22 |       0 |  2001 |   1
 ationeingeingable                                  | ation      | 31904      | 619             | Highland Davis | Riverside      | 69231      | 719             | Locust        | Belmont         | 60191      |  2000 |   1 | 56.33 |  105.9 | 1624.08 | 87.09 | 157.63 | 5406.85 |  2001 |   1
 ationeingeingable                                  | bar        | 31904      | 182             | Ash            | Newtown        | 21749      | 829             | Meadow Adams  | Pleasant Valley | 72477      |  2000 |   1 | 10.91 |  18.43 |       0 | 85.25 |  98.03 |       0 |  2001 |   1
 ationeingeingable                                  | ese        | 31904      | 944             | Davis Valley   | Pleasant Grove | 64136      | 903             | South 8th     | Montezuma       | 72150      |  2000 |   1 | 94.65 | 149.54 |       0 | 57.42 |  76.36 |   38.93 |  2001 |   1
 oughtanticallyanti                                 | eing       | 35709      | 185             | 2nd            | Lincoln        | 51289      | 959             | 4th Williams  | Langdon         | 80852      |  2000 |   1 | 64.08 |  103.8 |       0 | 15.25 |  19.82 |       0 |  2001 |   1
 oughtanticallyanti                                 | ese        | 31904      | 387             | Laurel         | Wilson         | 36971      | 776             | Green 5th     | Cedar Grove     | 40411      |  2000 |   1 | 28.81 |  54.45 |       0 | 43.07 |  74.94 | 2265.21 |  2001 |   1
 oughtanticallyanti                                 | ese        | 31904      | 387             | Laurel         | Wilson         | 36971      | 776             | Green 5th     | Cedar Grove     | 40411      |  2000 |   1 | 28.81 |  54.45 |       0 | 75.02 | 135.03 |       0 |  2001 |   1
 oughtanticallyanti                                 | ese        | 31904      | 387             | Laurel         | Wilson         | 36971      | 776             | Green 5th     | Cedar Grove     | 40411      |  2000 |   1 | 28.81 |  54.45 |       0 | 86.53 | 118.54 |       0 |  2001 |   1
(10 rows)

UPDATE time_statistics SET e_time = TRANSACTION_TIMESTAMP() WHERE template = 'query64.tpl' AND stream = 1;
psql:/tmp/s1-basline/throughput/query_1.sql:3534: NOTICE:  duration: 0.063 ms  plan:
Query Text: UPDATE time_statistics SET e_time = TRANSACTION_TIMESTAMP() WHERE template = 'query64.tpl' AND stream = 1;
Update on time_statistics  (cost=0.00..10.57 rows=0 width=0) (actual time=0.063..0.063 rows=0 loops=1)
  ->  Seq Scan on time_statistics  (cost=0.00..10.57 rows=1 width=14) (actual time=0.048..0.048 rows=1 loops=1)
        Filter: ((template = 'query64.tpl'::text) AND (stream = 1))
        Rows Removed by Filter: 322
UPDATE 1
LOAD 'auto_explain'; SET auto_explain.log_min_duration TO 0; SET auto_explain.log_analyze TO on; SET auto_explain.log_level TO notice; INSERT INTO time_statistics (template, s_time, stream, query, seed) VALUES ('query53.tpl', TRANSACTION_TIMESTAMP(), 1, 66, 920909492);
LOAD
SET
SET
SET
psql:/tmp/s1-basline/throughput/query_1.sql:3535: NOTICE:  duration: 0.008 ms  plan:
Query Text: INSERT INTO time_statistics (template, s_time, stream, query, seed) VALUES ('query53.tpl', TRANSACTION_TIMESTAMP(), 1, 66, 920909492);
Insert on time_statistics  (cost=0.00..0.01 rows=0 width=0) (actual time=0.008..0.008 rows=0 loops=1)
  ->  Result  (cost=0.00..0.01 rows=1 width=64) (actual time=0.001..0.001 rows=1 loops=1)
INSERT 0 1
select  * from 
(select i_manufact_id,
sum(ss_sales_price) sum_sales,
avg(sum(ss_sales_price)) over (partition by i_manufact_id) avg_quarterly_sales
from item, store_sales, date_dim, store
where ss_item_sk = i_item_sk and
ss_sold_date_sk = d_date_sk and
ss_store_sk = s_store_sk and
d_month_seq in (1189,1189+1,1189+2,1189+3,1189+4,1189+5,1189+6,1189+7,1189+8,1189+9,1189+10,1189+11) and
((i_category in ('Books','Children','Electronics') and
i_class in ('personal','portable','reference','self-help') and
i_brand in ('scholaramalgamalg #14','scholaramalgamalg #7',
		'exportiunivamalg #9','scholaramalgamalg #9'))
or(i_category in ('Women','Music','Men') and
i_class in ('accessories','classical','fragrances','pants') and
i_brand in ('amalgimporto #1','edu packscholar #1','exportiimporto #1',
		'importoamalg #1')))
group by i_manufact_id, d_qoy ) tmp1
where case when avg_quarterly_sales > 0 
	then abs (sum_sales - avg_quarterly_sales)/ avg_quarterly_sales 
	else null end > 0.1
order by avg_quarterly_sales,
	 sum_sales,
	 i_manufact_id
limit 100;
psql:/tmp/s1-basline/throughput/query_1.sql:3560: NOTICE:  duration: 211.772 ms  plan:
Query Text: select  * from 
(select i_manufact_id,
sum(ss_sales_price) sum_sales,
avg(sum(ss_sales_price)) over (partition by i_manufact_id) avg_quarterly_sales
from item, store_sales, date_dim, store
where ss_item_sk = i_item_sk and
ss_sold_date_sk = d_date_sk and
ss_store_sk = s_store_sk and
d_month_seq in (1189,1189+1,1189+2,1189+3,1189+4,1189+5,1189+6,1189+7,1189+8,1189+9,1189+10,1189+11) and
((i_category in ('Books','Children','Electronics') and
i_class in ('personal','portable','reference','self-help') and
i_brand in ('scholaramalgamalg #14','scholaramalgamalg #7',
		'exportiunivamalg #9','scholaramalgamalg #9'))
or(i_category in ('Women','Music','Men') and
i_class in ('accessories','classical','fragrances','pants') and
i_brand in ('amalgimporto #1','edu packscholar #1','exportiimporto #1',
		'importoamalg #1')))
group by i_manufact_id, d_qoy ) tmp1
where case when avg_quarterly_sales > 0 
	then abs (sum_sales - avg_quarterly_sales)/ avg_quarterly_sales 
	else null end > 0.1
order by avg_quarterly_sales,
	 sum_sales,
	 i_manufact_id
limit 100;
Limit  (cost=7663.20..7663.21 rows=6 width=20) (actual time=211.719..211.731 rows=100 loops=1)
  ->  Sort  (cost=7663.20..7663.21 rows=6 width=20) (actual time=211.718..211.724 rows=100 loops=1)
        Sort Key: tmp1.avg_quarterly_sales, tmp1.sum_sales, tmp1.i_manufact_id
        Sort Method: top-N heapsort  Memory: 39kB
        ->  Subquery Scan on tmp1  (cost=7662.03..7663.12 rows=6 width=20) (actual time=205.187..211.474 rows=1489 loops=1)
              Filter: (CASE WHEN (tmp1.avg_quarterly_sales > '0'::double precision) THEN (abs((tmp1.sum_sales - tmp1.avg_quarterly_sales)) / tmp1.avg_quarterly_sales) ELSE NULL::double precision END > '0.1'::double precision)
              Rows Removed by Filter: 170
              ->  WindowAgg  (cost=7662.03..7662.69 rows=19 width=24) (actual time=205.184..211.261 rows=1659 loops=1)
                    ->  GroupAggregate  (cost=7662.03..7662.41 rows=19 width=16) (actual time=205.155..210.470 rows=1659 loops=1)
                          Group Key: item.i_manufact_id, date_dim.d_qoy
                          ->  Sort  (cost=7662.03..7662.07 rows=19 width=16) (actual time=205.145..206.577 rows=35980 loops=1)
                                Sort Key: item.i_manufact_id, date_dim.d_qoy
                                Sort Method: quicksort  Memory: 3501kB
                                ->  Nested Loop  (cost=0.76..7661.62 rows=19 width=16) (actual time=0.047..197.353 rows=35980 loops=1)
                                      Join Filter: (store_sales.ss_store_sk = store.s_store_sk)
                                      Rows Removed by Join Filter: 166630
                                      ->  Nested Loop  (cost=0.76..7657.18 rows=20 width=24) (actual time=0.043..174.240 rows=36907 loops=1)
                                            ->  Nested Loop  (cost=0.43..6923.02 rows=4157 width=28) (actual time=0.033..136.302 rows=117478 loops=1)
                                                  ->  Seq Scan on item  (cost=0.00..1931.00 rows=26 width=12) (actual time=0.023..15.917 rows=900 loops=1)
                                                        Filter: (((i_category = ANY ('{Books,Children,Electronics}'::bpchar[])) AND (i_class = ANY ('{personal,portable,reference,self-help}'::bpchar[])) AND (i_brand = ANY ('{"scholaramalgamalg #14","scholaramalgamalg #7","exportiunivamalg #9","scholaramalgamalg #9"}'::bpchar[]))) OR ((i_category = ANY ('{Women,Music,Men}'::bpchar[])) AND (i_class = ANY ('{accessories,classical,fragrances,pants}'::bpchar[])) AND (i_brand = ANY ('{"amalgimporto #1","edu packscholar #1","exportiimporto #1","importoamalg #1"}'::bpchar[]))))
                                                        Rows Removed by Filter: 17100
                                                  ->  Index Scan using pk_store_sales on store_sales  (cost=0.43..190.26 rows=174 width=32) (actual time=0.005..0.115 rows=131 loops=900)
                                                        Index Cond: (ss_item_sk = item.i_item_sk)
                                            ->  Memoize  (cost=0.33..0.36 rows=1 width=12) (actual time=0.000..0.000 rows=0 loops=117478)
                                                  Cache Key: store_sales.ss_sold_date_sk
                                                  Cache Mode: logical
                                                  Hits: 115747  Misses: 1731  Evictions: 0  Overflows: 0  Memory Usage: 139kB
                                                  ->  Index Scan using pk_date_dim on date_dim  (cost=0.32..0.35 rows=1 width=12) (actual time=0.001..0.001 rows=0 loops=1731)
                                                        Index Cond: (d_date_sk = store_sales.ss_sold_date_sk)
                                                        Filter: (d_month_seq = ANY ('{1189,1190,1191,1192,1193,1194,1195,1196,1197,1198,1199,1200}'::integer[]))
                                                        Rows Removed by Filter: 1
                                      ->  Materialize  (cost=0.00..1.18 rows=12 width=8) (actual time=0.000..0.000 rows=5 loops=36907)
                                            ->  Seq Scan on store  (cost=0.00..1.12 rows=12 width=8) (actual time=0.001..0.002 rows=12 loops=1)
 i_manufact_id |     sum_sales      | avg_quarterly_sales 
---------------+--------------------+---------------------
           312 | 21.660000000000004 |            299.3825
           312 | 132.91000000000003 |            299.3825
           312 |             489.65 |            299.3825
           312 |             553.31 |            299.3825
           530 |              17.58 |             308.025
           530 |             173.14 |             308.025
           530 | 339.06000000000006 |             308.025
           530 |  702.3199999999999 |             308.025
           793 |  99.50000000000001 |             312.025
           793 | 183.04000000000002 |             312.025
           793 |  676.3199999999998 |             312.025
            67 | 226.98999999999998 |              326.12
            67 |             468.89 |              326.12
           862 |             119.64 |  330.28749999999997
           862 |             264.46 |  330.28749999999997
           862 |             405.99 |  330.28749999999997
           862 |             531.06 |  330.28749999999997
           217 | 150.30999999999997 |            342.2975
           217 |             221.75 |            342.2975
           217 |  647.6800000000001 |            342.2975
            75 |             162.31 |               354.4
            75 |             279.36 |               354.4
            75 |  655.9300000000001 |               354.4
           804 |              92.68 |  363.15250000000003
           804 | 199.39999999999998 |  363.15250000000003
           804 |             771.65 |  363.15250000000003
           470 |              99.42 |            364.0725
           470 |             211.27 |            364.0725
           470 |             565.99 |            364.0725
           470 |             579.61 |            364.0725
           521 | 164.77999999999997 |            364.5125
           521 |             176.66 |            364.5125
           521 |             293.72 |            364.5125
           521 |             822.89 |            364.5125
           264 | 202.92999999999998 |              372.23
           264 | 272.58000000000004 |              372.23
           264 |             277.24 |              372.23
           264 |  736.1700000000001 |              372.23
           231 | 229.13999999999996 |              376.61
           231 |             563.26 |              376.61
            95 |             138.95 |            381.7975
            95 |             152.23 |            381.7975
            95 | 433.26000000000005 |            381.7975
            95 |  802.7500000000001 |            381.7975
           365 |             140.93 |  383.34499999999997
           365 |             301.75 |  383.34499999999997
           365 |             492.89 |  383.34499999999997
           365 |             597.81 |  383.34499999999997
           676 |             135.45 |  391.58500000000004
           676 |             247.38 |  391.58500000000004
           676 | 480.08000000000004 |  391.58500000000004
           676 |             703.43 |  391.58500000000004
           956 | 245.25999999999996 |                 393
           956 |             274.48 |                 393
           956 | 275.27000000000004 |                 393
           956 |  776.9899999999999 |                 393
           511 | 161.23999999999998 |            395.1575
           511 |             183.56 |            395.1575
           511 |              566.5 |            395.1575
           511 |             669.33 |            395.1575
           523 |             171.62 |  397.41499999999996
           523 |             199.08 |  397.41499999999996
           523 |  815.3499999999999 |  397.41499999999996
           709 |             256.51 |             398.855
           709 |             290.89 |             398.855
           709 | 317.99000000000007 |             398.855
           709 |             730.03 |             398.855
           313 |              66.62 |            399.0875
           313 | 112.74000000000001 |            399.0875
           313 |  705.0600000000001 |            399.0875
           313 |  711.9299999999998 |            399.0875
           969 | 190.03000000000003 |             399.145
           969 |             281.45 |             399.145
           969 |  747.7599999999999 |             399.145
           636 |             216.15 |   400.2049999999999
           636 |             273.51 |   400.2049999999999
           636 | 324.41999999999996 |   400.2049999999999
           636 |  786.7399999999998 |   400.2049999999999
           152 |              20.05 |             403.425
           152 |             135.16 |             403.425
           152 | 302.74000000000007 |             403.425
           152 |            1155.75 |             403.425
           755 | 210.63000000000005 |  404.72499999999997
           755 | 354.30999999999995 |  404.72499999999997
           755 | 469.49999999999994 |  404.72499999999997
           755 |  584.4599999999998 |  404.72499999999997
            94 |             141.94 |  406.24499999999995
            94 | 221.15999999999997 |  406.24499999999995
            94 | 322.40999999999997 |  406.24499999999995
            94 |  939.4699999999998 |  406.24499999999995
           591 |             213.93 |            407.1825
           591 |             235.79 |            407.1825
           591 | 467.30000000000007 |            407.1825
           591 |  711.7099999999998 |            407.1825
           154 |             285.01 |            408.0525
           154 |             288.24 |            408.0525
           154 |  611.6899999999999 |            408.0525
           120 |              105.5 |  408.77750000000003
           120 |             152.27 |  408.77750000000003
           120 |             586.29 |  408.77750000000003
(100 rows)

UPDATE time_statistics SET e_time = TRANSACTION_TIMESTAMP() WHERE template = 'query53.tpl' AND stream = 1;
psql:/tmp/s1-basline/throughput/query_1.sql:3562: NOTICE:  duration: 0.061 ms  plan:
Query Text: UPDATE time_statistics SET e_time = TRANSACTION_TIMESTAMP() WHERE template = 'query53.tpl' AND stream = 1;
Update on time_statistics  (cost=0.00..10.57 rows=0 width=0) (actual time=0.060..0.061 rows=0 loops=1)
  ->  Seq Scan on time_statistics  (cost=0.00..10.57 rows=1 width=14) (actual time=0.044..0.045 rows=1 loops=1)
        Filter: ((template = 'query53.tpl'::text) AND (stream = 1))
        Rows Removed by Filter: 323
UPDATE 1
LOAD 'auto_explain'; SET auto_explain.log_min_duration TO 0; SET auto_explain.log_analyze TO on; SET auto_explain.log_level TO notice; INSERT INTO time_statistics (template, s_time, stream, query, seed) VALUES ('query55.tpl', TRANSACTION_TIMESTAMP(), 1, 67, 891472805);
LOAD
SET
SET
SET
psql:/tmp/s1-basline/throughput/query_1.sql:3563: NOTICE:  duration: 0.008 ms  plan:
Query Text: INSERT INTO time_statistics (template, s_time, stream, query, seed) VALUES ('query55.tpl', TRANSACTION_TIMESTAMP(), 1, 67, 891472805);
Insert on time_statistics  (cost=0.00..0.01 rows=0 width=0) (actual time=0.008..0.008 rows=0 loops=1)
  ->  Result  (cost=0.00..0.01 rows=1 width=64) (actual time=0.001..0.001 rows=1 loops=1)
INSERT 0 1
select  i_brand_id brand_id, i_brand brand,
 	sum(ss_ext_sales_price) ext_price
 from date_dim, store_sales, item
 where d_date_sk = ss_sold_date_sk
 	and ss_item_sk = i_item_sk
 	and i_manager_id=16
 	and d_moy=12
 	and d_year=1998
 group by i_brand, i_brand_id
 order by ext_price desc, i_brand_id
limit 100 ;
psql:/tmp/s1-basline/throughput/query_1.sql:3574: NOTICE:  duration: 191.621 ms  plan:
Query Text: select  i_brand_id brand_id, i_brand brand,
 	sum(ss_ext_sales_price) ext_price
 from date_dim, store_sales, item
 where d_date_sk = ss_sold_date_sk
 	and ss_item_sk = i_item_sk
 	and i_manager_id=16
 	and d_moy=12
 	and d_year=1998
 group by i_brand, i_brand_id
 order by ext_price desc, i_brand_id
limit 100 ;
Limit  (cost=43196.90..43196.95 rows=20 width=63) (actual time=191.560..191.572 rows=100 loops=1)
  ->  Sort  (cost=43196.90..43196.95 rows=20 width=63) (actual time=191.559..191.564 rows=100 loops=1)
        Sort Key: (sum(store_sales.ss_ext_sales_price)) DESC, item.i_brand_id
        Sort Method: quicksort  Memory: 39kB
        ->  GroupAggregate  (cost=43196.07..43196.47 rows=20 width=63) (actual time=191.203..191.533 rows=102 loops=1)
              Group Key: item.i_brand, item.i_brand_id
              ->  Sort  (cost=43196.07..43196.12 rows=20 width=63) (actual time=191.192..191.250 rows=1510 loops=1)
                    Sort Key: item.i_brand, item.i_brand_id
                    Sort Method: quicksort  Memory: 202kB
                    ->  Nested Loop  (cost=0.72..43195.64 rows=20 width=63) (actual time=4.450..189.627 rows=1510 loops=1)
                          ->  Nested Loop  (cost=0.43..42836.21 rows=1167 width=16) (actual time=4.087..51.177 rows=92473 loops=1)
                                ->  Seq Scan on date_dim  (cost=0.00..2500.73 rows=31 width=8) (actual time=4.080..8.884 rows=31 loops=1)
                                      Filter: ((d_moy = 12) AND (d_year = 1998))
                                      Rows Removed by Filter: 73018
                                ->  Index Scan using i_ss_sold_date_sk on store_sales  (cost=0.43..1286.06 rows=1508 width=24) (actual time=0.005..0.933 rows=2983 loops=31)
                                      Index Cond: (ss_sold_date_sk = date_dim.d_date_sk)
                          ->  Index Scan using pk_item on item  (cost=0.29..0.31 rows=1 width=63) (actual time=0.001..0.001 rows=0 loops=92473)
                                Index Cond: (i_item_sk = store_sales.ss_item_sk)
                                Filter: (i_manager_id = 16)
                                Rows Removed by Filter: 1
 brand_id |                       brand                        |     ext_price      
----------+----------------------------------------------------+--------------------
  4002001 | importoedu pack #1                                 | 153590.32999999996
  1003001 | exportiamalg #1                                    |           88755.67
  4001002 | amalgedu pack #2                                   |  86750.84999999999
  4004001 | edu packedu pack #1                                |  84380.92000000003
  3002001 | importoexporti #1                                  |           80649.42
  1002002 | importoamalg #2                                    |  78797.66000000002
  4003001 | exportiedu pack #1                                 |  71992.56999999999
  7002005 | importobrand #5                                    |           70332.06
  5004001 | edu packscholar #1                                 |  67498.40000000001
  2002001 | importoimporto #1                                  |  66591.15000000001
  4001001 | amalgedu pack #1                                   | 63185.170000000006
  2004001 | edu packimporto #1                                 |           58619.21
  5002001 | importoscholar #1                                  |  58380.12000000002
  5003002 | exportischolar #2                                  |  55033.93999999999
  2001001 | amalgimporto #1                                    |           51540.35
 10011006 | amalgamalgamalg #6                                 | 50886.670000000006
  5001002 | amalgscholar #2                                    |           43640.11
  9013005 | exportiunivamalg #5                                |  43054.56999999999
  7007003 | brandbrand #3                                      |           38399.67
  6013007 | exportibrand #7                                    |  37070.61000000001
  9004003 | edu packmaxi #3                                    | 36753.219999999994
  8011007 | amalgmaxi #7                                       |           36551.79
  9016009 | corpunivamalg #9                                   |           36020.04
  3004002 | edu packexporti #2                                 |  35027.03999999999
  9002005 | importomaxi #5                                     |            34371.9
  7011008 | amalgnameless #8                                   |  33396.91999999999
 10009006 | maxiunivamalg #6                                   | 31856.260000000002
 10004011 | edu packunivamalg #11                              |           31201.04
  1004001 | edu packamalg #1                                   | 30648.690000000002
  7016008 | corpnameless #8                                    |           30581.43
  4002002 | importoedu pack #2                                 | 30225.379999999997
  4003002 | exportiedu pack #2                                 | 30209.100000000002
  7010002 | univnameless #2                                    |           29546.88
  3004001 | edu packexporti #1                                 |           29162.11
  7004007 | edu packbrand #7                                   |            28932.7
 10016015 | corpamalgamalg #15                                 | 27324.239999999998
  1003002 | exportiamalg #2                                    | 25567.389999999996
  6015001 | scholarbrand #1                                    |           25226.22
 10010015 | univamalgamalg #15                                 | 25047.410000000003
  6006008 | corpcorp #8                                        | 25020.139999999996
  9011003 | amalgunivamalg #3                                  |            24892.4
  1001001 | amalgamalg #1                                      | 24853.050000000003
 10014005 | edu packamalgamalg #5                              |           24290.39
 10015009 | scholaramalgamalg #9                               | 24289.280000000002
  2003001 | exportiimporto #1                                  | 23385.950000000008
  9015009 | scholarunivamalg #9                                |           23009.42
  8006001 | corpnameless #1                                    | 22368.899999999998
  9015008 | scholarunivamalg #8                                | 22000.529999999995
  3001001 | amalgexporti #1                                    | 21158.039999999997
  9008008 | namelessmaxi #8                                    | 20968.609999999997
  7002001 | importobrand #1                                    |           20789.42
  3001002 | amalgexporti #2                                    |           20283.52
 10012005 | importoamalgamalg #5                               | 20040.920000000002
  6016004 | corpbrand #4                                       |           20001.85
  6013003 | exportibrand #3                                    | 19766.749999999996
  9007005 | brandmaxi #5                                       |           19655.29
  7012001 | importonameless #1                                 | 19641.089999999997
  7009009 | maxibrand #9                                       |            19481.7
  7002007 | importobrand #7                                    |           18816.68
 10009016 | maxiunivamalg #16                                  |           18607.45
 10009009 | maxiunivamalg #9                                   |           18531.95
  8011005 | amalgmaxi #5                                       |           18453.28
  7005004 | scholarbrand #4                                    |           18349.38
  7009001 | maxibrand #1                                       | 18070.940000000002
  9004008 | edu packmaxi #8                                    |           17729.16
  7008001 | namelessbrand #1                                   |           17612.64
  7002008 | importobrand #8                                    | 17536.339999999997
  9013009 | exportiunivamalg #9                                |           17010.87
  9003011 | exportimaxi #11                                    |           16553.82
  7003004 | exportibrand #4                                    | 15746.679999999998
  8013005 | exportimaxi #5                                     | 15583.920000000002
 10013017 | exportiamalgamalg #17                              |           15150.25
  8004007 | edu packnameless #7                                | 14752.960000000001
  5003001 | exportischolar #1                                  |           14735.07
  8007006 | brandnameless #6                                   |           14302.23
  7003010 | exportibrand #10                                   | 14006.130000000001
  6009001 | maxicorp #1                                        | 13969.679999999998
  1004002 | edu packamalg #2                                   |           13542.04
  3002002 | importoexporti #2                                  |            13455.9
  6006003 | corpcorp #3                                        | 13317.830000000002
  9014009 | edu packunivamalg #9                               | 13059.779999999999
  5001001 | amalgscholar #1                                    | 11362.890000000001
  8006004 | corpnameless #4                                    |           11321.86
  8008007 | namelessnameless #7                                | 11068.789999999999
  7013001 | exportinameless #1                                 |           10661.92
 10011004 | amalgamalgamalg #4                                 |            10650.4
  5004002 | edu packscholar #2                                 |           10532.84
  7011001 | amalgnameless #1                                   |             9839.8
  1001002 | amalgamalg #2                                      |            9626.01
  3003002 | exportiexporti #2                                  |            9471.38
 10011015 | amalgamalgamalg #15                                |  8975.369999999999
  7013007 | exportinameless #7                                 |            8409.17
  7008009 | namelessbrand #9                                   |            8365.85
 10003001 | exportiunivamalg #1                                |            7889.85
  9014002 | edu packunivamalg #2                               |  7849.139999999999
  9009002 | maximaxi #2                                        |  7172.130000000001
  1002001 | importoamalg #1                                    |             6868.4
  6007007 | brandcorp #7                                       |            5294.12
 10002017 | importounivamalg #17                               |            3619.45
  9004002 | edu packmaxi #2                                    | 3030.5099999999998
(100 rows)

UPDATE time_statistics SET e_time = TRANSACTION_TIMESTAMP() WHERE template = 'query55.tpl' AND stream = 1;
psql:/tmp/s1-basline/throughput/query_1.sql:3576: NOTICE:  duration: 0.062 ms  plan:
Query Text: UPDATE time_statistics SET e_time = TRANSACTION_TIMESTAMP() WHERE template = 'query55.tpl' AND stream = 1;
Update on time_statistics  (cost=0.00..10.57 rows=0 width=0) (actual time=0.062..0.062 rows=0 loops=1)
  ->  Seq Scan on time_statistics  (cost=0.00..10.57 rows=1 width=14) (actual time=0.047..0.047 rows=1 loops=1)
        Filter: ((template = 'query55.tpl'::text) AND (stream = 1))
        Rows Removed by Filter: 324
UPDATE 1
LOAD 'auto_explain'; SET auto_explain.log_min_duration TO 0; SET auto_explain.log_analyze TO on; SET auto_explain.log_level TO notice; INSERT INTO time_statistics (template, s_time, stream, query, seed) VALUES ('query46.tpl', TRANSACTION_TIMESTAMP(), 1, 68, 1176665209);
LOAD
SET
SET
SET
psql:/tmp/s1-basline/throughput/query_1.sql:3577: NOTICE:  duration: 0.008 ms  plan:
Query Text: INSERT INTO time_statistics (template, s_time, stream, query, seed) VALUES ('query46.tpl', TRANSACTION_TIMESTAMP(), 1, 68, 1176665209);
Insert on time_statistics  (cost=0.00..0.01 rows=0 width=0) (actual time=0.008..0.008 rows=0 loops=1)
  ->  Result  (cost=0.00..0.01 rows=1 width=64) (actual time=0.001..0.001 rows=1 loops=1)
INSERT 0 1
select  c_last_name
       ,c_first_name
       ,ca_city
       ,bought_city
       ,ss_ticket_number
       ,amt,profit 
 from
   (select ss_ticket_number
          ,ss_customer_sk
          ,ca_city bought_city
          ,sum(ss_coupon_amt) amt
          ,sum(ss_net_profit) profit
    from store_sales,date_dim,store,household_demographics,customer_address 
    where store_sales.ss_sold_date_sk = date_dim.d_date_sk
    and store_sales.ss_store_sk = store.s_store_sk  
    and store_sales.ss_hdemo_sk = household_demographics.hd_demo_sk
    and store_sales.ss_addr_sk = customer_address.ca_address_sk
    and (household_demographics.hd_dep_count = 9 or
         household_demographics.hd_vehicle_count= 2)
    and date_dim.d_dow in (6,0)
    and date_dim.d_year in (1999,1999+1,1999+2) 
    and store.s_city in ('Fairview','Midway','Fairview','Midway','Midway') 
    group by ss_ticket_number,ss_customer_sk,ss_addr_sk,ca_city) dn,customer,customer_address current_addr
    where ss_customer_sk = c_customer_sk
      and customer.c_current_addr_sk = current_addr.ca_address_sk
      and current_addr.ca_city <> bought_city
  order by c_last_name
          ,c_first_name
          ,ca_city
          ,bought_city
          ,ss_ticket_number
  limit 100;
psql:/tmp/s1-basline/throughput/query_1.sql:3609: NOTICE:  duration: 503.544 ms  plan:
Query Text: select  c_last_name
       ,c_first_name
       ,ca_city
       ,bought_city
       ,ss_ticket_number
       ,amt,profit 
 from
   (select ss_ticket_number
          ,ss_customer_sk
          ,ca_city bought_city
          ,sum(ss_coupon_amt) amt
          ,sum(ss_net_profit) profit
    from store_sales,date_dim,store,household_demographics,customer_address 
    where store_sales.ss_sold_date_sk = date_dim.d_date_sk
    and store_sales.ss_store_sk = store.s_store_sk  
    and store_sales.ss_hdemo_sk = household_demographics.hd_demo_sk
    and store_sales.ss_addr_sk = customer_address.ca_address_sk
    and (household_demographics.hd_dep_count = 9 or
         household_demographics.hd_vehicle_count= 2)
    and date_dim.d_dow in (6,0)
    and date_dim.d_year in (1999,1999+1,1999+2) 
    and store.s_city in ('Fairview','Midway','Fairview','Midway','Midway') 
    group by ss_ticket_number,ss_customer_sk,ss_addr_sk,ca_city) dn,customer,customer_address current_addr
    where ss_customer_sk = c_customer_sk
      and customer.c_current_addr_sk = current_addr.ca_address_sk
      and current_addr.ca_city <> bought_city
  order by c_last_name
          ,c_first_name
          ,ca_city
          ,bought_city
          ,ss_ticket_number
  limit 100;
Limit  (cost=96814.17..96814.42 rows=100 width=94) (actual time=443.546..503.461 rows=100 loops=1)
  ->  Sort  (cost=96814.17..96820.49 rows=2528 width=94) (actual time=443.545..503.454 rows=100 loops=1)
        Sort Key: customer.c_last_name, customer.c_first_name, current_addr.ca_city, customer_address.ca_city, store_sales.ss_ticket_number
        Sort Method: top-N heapsort  Memory: 49kB
        ->  Nested Loop  (cost=92469.94..96717.55 rows=2528 width=94) (actual time=382.522..498.921 rows=9701 loops=1)
              Join Filter: ((current_addr.ca_city)::text <> (customer_address.ca_city)::text)
              Rows Removed by Join Filter: 715
              ->  Nested Loop  (cost=92469.65..95871.83 rows=2532 width=93) (actual time=382.516..481.198 rows=10416 loops=1)
                    ->  Finalize GroupAggregate  (cost=92469.36..92798.89 rows=2532 width=49) (actual time=382.505..460.671 rows=10764 loops=1)
                          Group Key: store_sales.ss_ticket_number, store_sales.ss_customer_sk, store_sales.ss_addr_sk, customer_address.ca_city
                          ->  Gather Merge  (cost=92469.36..92741.92 rows=2110 width=49) (actual time=382.497..455.848 rows=10813 loops=1)
                                Workers Planned: 2
                                Workers Launched: 2
                                ->  Partial GroupAggregate  (cost=91469.33..91498.35 rows=1055 width=49) (actual time=376.251..385.738 rows=3604 loops=3)
                                      Group Key: store_sales.ss_ticket_number, store_sales.ss_customer_sk, store_sales.ss_addr_sk, customer_address.ca_city
                                      ->  Sort  (cost=91469.33..91471.97 rows=1055 width=49) (actual time=376.240..377.832 rows=38072 loops=3)
                                            Sort Key: store_sales.ss_ticket_number, store_sales.ss_customer_sk, store_sales.ss_addr_sk, customer_address.ca_city
                                            Sort Method: quicksort  Memory: 6008kB
                                            Worker 0:  Sort Method: quicksort  Memory: 4685kB
                                            Worker 1:  Sort Method: quicksort  Memory: 3568kB
                                            ->  Nested Loop  (cost=2788.06..91416.36 rows=1055 width=49) (actual time=18.731..360.005 rows=38072 loops=3)
                                                  ->  Hash Join  (cost=2787.77..91076.03 rows=1105 width=40) (actual time=18.677..300.375 rows=38304 loops=3)
                                                        Hash Cond: (store_sales.ss_store_sk = store.s_store_sk)
                                                        ->  Hash Join  (cost=2786.42..91070.62 rows=1159 width=48) (actual time=18.608..293.849 rows=38795 loops=3)
                                                              Hash Cond: (store_sales.ss_hdemo_sk = household_demographics.hd_demo_sk)
                                                              ->  Hash Join  (cost=2595.92..90867.35 rows=4862 width=56) (actual time=17.117..276.643 rows=159776 loops=3)
                                                                    Hash Cond: (store_sales.ss_sold_date_sk = date_dim.d_date_sk)
                                                                    ->  Parallel Seq Scan on store_sales  (cost=0.00..85123.48 rows=1199148 width=64) (actual time=0.014..126.150 rows=959309 loops=3)
                                                                    ->  Hash  (cost=2592.05..2592.05 rows=310 width=8) (actual time=17.082..17.083 rows=314 loops=3)
                                                                          Buckets: 1024  Batches: 1  Memory Usage: 21kB
                                                                          ->  Seq Scan on date_dim  (cost=0.00..2592.05 rows=310 width=8) (actual time=8.236..17.033 rows=314 loops=3)
                                                                                Filter: ((d_dow = ANY ('{6,0}'::integer[])) AND (d_year = ANY ('{1999,2000,2001}'::integer[])))
                                                                                Rows Removed by Filter: 72735
                                                              ->  Hash  (cost=168.00..168.00 rows=1800 width=8) (actual time=1.373..1.374 rows=1800 loops=3)
                                                                    Buckets: 2048  Batches: 1  Memory Usage: 87kB
                                                                    ->  Seq Scan on household_demographics  (cost=0.00..168.00 rows=1800 width=8) (actual time=0.182..1.156 rows=1800 loops=3)
                                                                          Filter: ((hd_dep_count = 9) OR (hd_vehicle_count = 2))
                                                                          Rows Removed by Filter: 5400
                                                        ->  Hash  (cost=1.20..1.20 rows=12 width=8) (actual time=0.038..0.039 rows=12 loops=3)
                                                              Buckets: 1024  Batches: 1  Memory Usage: 9kB
                                                              ->  Seq Scan on store  (cost=0.00..1.20 rows=12 width=8) (actual time=0.029..0.034 rows=12 loops=3)
                                                                    Filter: ((s_city)::text = ANY ('{Fairview,Midway,Fairview,Midway,Midway}'::text[]))
                                                  ->  Index Scan using pk_customer_address on customer_address  (cost=0.29..0.31 rows=1 width=17) (actual time=0.001..0.001 rows=1 loops=114913)
                                                        Index Cond: (ca_address_sk = store_sales.ss_addr_sk)
                    ->  Index Scan using pk_customer on customer  (cost=0.29..1.20 rows=1 width=68) (actual time=0.002..0.002 rows=1 loops=10764)
                          Index Cond: (c_customer_sk = store_sales.ss_customer_sk)
              ->  Index Scan using pk_customer_address on customer_address current_addr  (cost=0.29..0.32 rows=1 width=17) (actual time=0.001..0.001 rows=1 loops=10416)
                    Index Cond: (ca_address_sk = customer.c_current_addr_sk)
          c_last_name           |     c_first_name     |     ca_city     |    bought_city     | ss_ticket_number |        amt         |       profit        
--------------------------------+----------------------+-----------------+--------------------+------------------+--------------------+---------------------
 Aaron                          | Mozell               | Centerville     | Pleasant Hill      |           164191 |            1375.67 |            -8393.82
 Aaron                          | Randal               | Providence      | Johnsonville       |           148040 |            1789.98 |            -3073.74
 Aaron                          | Roger                | Bridgeport      | Colfax             |            93034 |            3242.27 |           -11552.67
 Aaron                          | William              | Pine Grove      | Lakewood           |            11921 |             286.89 |            -5288.98
 Abbott                         | Anita                | Sunnyside       | Hopewell           |           203153 |            5650.82 |              -20923
 Abbott                         | Diana                | Woodville       | Riverdale          |           137793 |            1521.31 |            -5051.68
 Abbott                         | Saul                 | Clinton         | Oak Hill           |             2546 |  7026.459999999999 |           -20091.17
 Abbott                         | Veronica             | Fairview        | Riverdale          |            20496 |             684.82 |  -9277.730000000001
 Abell                          | Nicole               | Greenfield      | Lebanon            |           215842 | 1811.8700000000001 | -19332.320000000003
 Abell                          | Nicole               | Greenfield      | Waterloo           |           126297 | 3248.5299999999997 |            -9926.01
 Abernathy                      | Marcelo              | Waterloo        | Mountain View      |           115275 |            2342.58 |            -2457.53
 Abner                          | Travis               | Florence        | Mount Vernon       |           173653 |  556.6700000000001 |   2773.570000000002
 Abrams                         | Ryan                 | Crossroads      | Springfield        |           216156 | 1854.1899999999998 |           -11055.56
 Abreu                          | Cheryl               | Salem           | Oakland            |           138967 |            1080.56 | -15580.919999999998
 Acevedo                        | Calvin               | Buena Vista     | Crossroads         |           130070 |  586.3199999999999 | -15156.259999999998
 Acevedo                        | Charles              | Five Forks      | Washington Heights |            42410 |             194.61 | -16926.059999999998
 Acevedo                        | Joshua               | Pleasant Grove  | Mount Olive        |           125427 | 117.77000000000001 |           -11654.04
 Acevedo                        | Joshua               | Pleasant Grove  | Walnut Grove       |           130517 |             3284.7 |           -10194.76
 Acevedo                        | Kelli                | Saint Clair     | Lone Oak           |            69143 |            1530.35 | -13590.910000000002
 Ackerman                       | Sharon               | Forest Hills    | River Oaks         |           106832 |             666.05 | -16001.940000000002
 Ackley                         | Ben                  | Avoca           | Gary               |            92976 |             369.84 |           -10220.26
 Ackley                         | Ben                  | Avoca           | Shiloh             |           180866 |             791.06 |            -5305.98
 Acosta                         | Frederick            | Concord         | Pine Grove         |           150175 |             945.26 |            -7124.91
 Acosta                         | Michael              | Green Acres     | Jamestown          |            65342 |             472.25 |  -9246.039999999999
 Acuna                          |                      | Glenwood        | Antioch            |           182827 |              69.49 | -15123.429999999998
 Adams                          | Barbara              | Glendale        | Midway             |           116358 |             305.57 |            -5603.55
 Adams                          | Brittany             | Shore Acres     | Oakland            |           239478 | 2836.4199999999996 |           -14000.66
 Adams                          | Daniel               | Macedonia       | Oak Hill           |            64681 |            1368.09 |            -13974.6
 Adams                          | Debbie               | Summit          | Riverdale          |           132905 |              84.07 | -17044.079999999998
 Adams                          | Douglas              | Oak Hill        | Crossroads         |            93905 |            8801.02 |           -20396.42
 Adams                          | Doyle                | Farmington      | Oakland            |             9999 |             953.06 |            -4114.97
 Adams                          | Edna                 | Belleville      | Walnut Grove       |            96919 |            3864.24 |           -11435.98
 Adams                          | Emily                | Riley           | Wildwood           |            74142 |            3030.08 |           -10814.42
 Adams                          | Gloria               | Jamestown       | Valley View        |             4281 |             3387.2 |  -5215.250000000001
 Adams                          | Jacqueline           | Stringtown      | Clearview          |           216174 |             161.67 |            -7915.26
 Adams                          | James                | Marion          | Lakeside           |           112549 | 5547.9400000000005 | -12599.409999999998
 Adams                          | Jenny                | Harmony         | Cedar Grove        |            91598 |            1690.79 | -2864.6600000000003
 Adams                          | John                 | Red Hill        | Shady Grove        |            22376 |             271.56 |   9267.399999999998
 Adams                          | Kati                 | Cedar Grove     | Jackson            |            44128 |              833.1 | -12167.369999999999
 Adams                          | Leo                  | Cedar Grove     | Belmont            |            13901 |                  0 |  -8686.349999999999
 Adams                          | Margaret             | Lenox           | Walnut Grove       |           129735 |              461.5 | -10207.990000000002
 Adams                          | Marilynn             | Lebanon         | Franklin           |           234943 |            6894.89 | -11562.419999999996
 Adams                          | Matthew              | Shiloh          | Walnut Grove       |           237948 |            1536.23 |  -9621.539999999999
 Adams                          | Mike                 | Concord         | Pleasant Valley    |            51275 | 1381.1599999999999 |           -12673.22
 Adams                          | Nancy                | Franklin        | Dallas             |           209547 | 1729.9599999999998 |  -5406.610000000001
 Adams                          | Paul                 | Riverview       | Plainview          |            68423 |                  0 |            -4552.74
 Adams                          | Robert               | Liberty         | Pleasant Valley    |            17093 |            1002.94 | -2222.8399999999997
 Adams                          | Roberto              | Gravel Hill     | Green Acres        |           151744 |                  0 |           -10636.85
 Adams                          | Roland               | Flatwoods       | Woodville          |            83315 |            1791.71 |            -7953.17
 Adams                          | Wendell              | Spring Valley   | Galena             |           110123 |  6210.219999999999 |  -8380.750000000002
 Adamson                        | Kenneth              | Woodland        | Brownsville        |            83758 |            4476.28 |  -8852.359999999999
 Adcock                         | Rosa                 | Clinton         | Woodland           |            51967 |                  0 |            -4493.26
 Addison                        | Alice                | Farmington      | Pleasant Hill      |           102332 |  7885.090000000001 | -23574.329999999998
 Addison                        | Debra                | Oakwood         | Plainview          |           126210 |            2206.59 |           -17620.92
 Adkins                         | Anthony              | Harmony         | Union Hill         |            37615 |            1226.65 |            -3090.58
 Adkins                         | Doris                | Chestnut Ridge  | Brownsville        |            13682 |            1382.79 | -11844.050000000003
 Adkins                         | Emily                | Springdale      | Five Points        |           189319 | 1312.7100000000003 | -11551.190000000002
 Adkins                         | Philip               | Green Acres     | Oak Grove          |           194420 |            1304.74 |            -14773.5
 Adkins                         | Stephen              | Pleasant Grove  | Friendship         |           193830 | 1117.8700000000001 | -15107.420000000002
 Adkins                         | Viola                | Lakeside        | Enterprise         |           155924 |             516.81 | -11932.939999999999
 Adkins                         | Wayne                | New Town        | Highland Park      |           148681 |  9336.210000000001 |   656.6400000000004
 Adkins                         | William              | Highland Park   | Jackson            |            88849 |             327.01 | -11633.630000000001
 Adler                          | Kristina             | New Hope        | Newtown            |           159762 |             1000.3 |            -3266.96
 Adler                          | Raul                 | Sunnyside       | Hillcrest          |            16040 |            5506.66 | -6445.8099999999995
 Adler                          | Shannon              | Golden          | Lakeside           |           168066 |            6897.09 | -1622.1099999999997
 Agee                           | Eunice               | Belmont         | Concord            |            54709 | 3563.0399999999995 |             -5736.2
 Agnew                          | Christopher          | Waterloo        | Oak Grove          |           154488 |                  0 | -5959.9400000000005
 Aguilar                        | Joshua               | Salem           | Woodland           |            35332 | 5076.7300000000005 |           -13938.48
 Aguilar                        | Martha               | Oak Ridge       | Florence           |            82149 |             843.15 |            -14841.1
 Aguilar                        | Ora                  | Kingston        | Fayetteville       |            15052 |           12555.95 | -18671.379999999997
 Aguilar                        | Ora                  | Kingston        | Greenwood          |           196852 |            4783.07 |            -8639.65
 Aguilar                        | Richard              | Amity           | King               |            60249 |            2228.27 |           -18305.23
 Aguilera                       | Robert               | Bridgeport      | Bethel             |           234836 |  675.4300000000001 |             -7212.2
 Aguilera                       | Stephen              | Green Acres     | Liberty            |           102956 |            4084.05 | -12114.239999999998
 Aguirre                        | John                 | Oakwood         | Bethel             |           239197 | 141.22000000000003 |            -3304.53
 Aguirre                        | Kenneth              | Forest Hills    | Jackson            |            71550 |  8150.549999999999 | -15191.689999999999
 Aguirre                        | Michele              | Fox             | Highland           |           171383 |             322.27 |            -1013.74
 Ahmad                          | Natalie              | Riverside       | Greenwood          |           119219 | 1614.3200000000002 |            -8841.08
 Aiken                          | Carmela              | Clifton         | Four Points        |           147406 | 2073.4900000000002 |            -9850.28
 Aiken                          | Christina            | Crossroads      | Oakwood            |           153865 |  398.2099999999999 |           -12593.12
 Akins                          | Ramiro               | Maple Grove     | Enterprise         |            68011 |            2016.69 |            -3479.04
 Akins                          | Ramiro               | Maple Grove     | Plainview          |           111995 |             4107.9 |           -11334.33
 Alarcon                        | Curtis               | Shady Grove     | Valley View        |           168682 |            1065.55 |            -3547.27
 Alarcon                        | Dustin               | Lebanon         | Waterloo           |            38458 |              62.09 |  2110.8899999999994
 Alba                           | Shenna               | Pleasant Valley | Mount Pleasant     |           217299 |             340.36 |           -13638.34
 Albert                         | Aaron                | Spring Hill     | Clifton            |           103219 |            4116.98 |           -13190.05
 Albert                         | Joseph               | Mount Zion      | Enterprise         |            79808 |                  0 |            -4889.51
 Albert                         | Raymond              | Glenwood        | Midway             |           197386 |               2193 |            -4688.92
 Albertson                      | Jed                  | Greenfield      | Fairfield          |           222356 |            2909.41 |           -11858.57
 Albrecht                       | Faye                 | Red Hill        | Florence           |           120275 | 454.68999999999994 |           -15619.75
 Albright                       | Joseph               | Highland Park   | Lakeview           |           145813 |            1462.53 | -14629.160000000002
 Albritton                      | Michael              | Valley View     | Galena             |           176242 |             256.12 |            -3812.22
 Alcala                         | Linda                | Jackson         | Riverview          |           104345 |  754.1700000000001 |            -8124.26
 Alderman                       | Philip               | Riverdale       | Five Forks         |           236213 |               1308 | -12396.510000000002
 Aldrich                        | Karen                | Oakwood         | Belmont            |           203913 |            1029.44 | -1152.1299999999992
 Aldrich                        | Virginia             | Oak Hill        | Buena Vista        |           100297 |             518.46 |            -8994.97
 Aldrich                        | Yolanda              | Oak Hill        | Belleview          |            49863 |                  0 |             -6201.5
 Aldridge                       | Ellsworth            | Greenfield      | Newtown            |           151754 |            1064.59 |           -11445.18
 Aldridge                       | Frieda               | Edgewood        | Pine Grove         |            97523 |            3172.62 | -13496.550000000003
 Aldridge                       | Nickolas             | Woodville       | Pleasant Valley    |           144570 |             693.69 | -3522.2699999999995
(100 rows)

UPDATE time_statistics SET e_time = TRANSACTION_TIMESTAMP() WHERE template = 'query46.tpl' AND stream = 1;
psql:/tmp/s1-basline/throughput/query_1.sql:3611: NOTICE:  duration: 0.064 ms  plan:
Query Text: UPDATE time_statistics SET e_time = TRANSACTION_TIMESTAMP() WHERE template = 'query46.tpl' AND stream = 1;
Update on time_statistics  (cost=0.00..10.57 rows=0 width=0) (actual time=0.063..0.063 rows=0 loops=1)
  ->  Seq Scan on time_statistics  (cost=0.00..10.57 rows=1 width=14) (actual time=0.048..0.048 rows=1 loops=1)
        Filter: ((template = 'query46.tpl'::text) AND (stream = 1))
        Rows Removed by Filter: 325
UPDATE 1
LOAD 'auto_explain'; SET auto_explain.log_min_duration TO 0; SET auto_explain.log_analyze TO on; SET auto_explain.log_level TO notice; INSERT INTO time_statistics (template, s_time, stream, query, seed) VALUES ('../query_postgresql/query21.tpl', TRANSACTION_TIMESTAMP(), 1, 69, 2097826155);
LOAD
SET
SET
SET
psql:/tmp/s1-basline/throughput/query_1.sql:3612: NOTICE:  duration: 0.009 ms  plan:
Query Text: INSERT INTO time_statistics (template, s_time, stream, query, seed) VALUES ('../query_postgresql/query21.tpl', TRANSACTION_TIMESTAMP(), 1, 69, 2097826155);
Insert on time_statistics  (cost=0.00..0.01 rows=0 width=0) (actual time=0.008..0.008 rows=0 loops=1)
  ->  Result  (cost=0.00..0.01 rows=1 width=64) (actual time=0.001..0.001 rows=1 loops=1)
INSERT 0 1
select  *
 from(select w_warehouse_name
            ,i_item_id
            ,sum(case when (cast(d_date as date) < cast ('1998-04-20' as date))
	                then inv_quantity_on_hand 
                      else 0 end) as inv_before
            ,sum(case when (cast(d_date as date) >= cast ('1998-04-20' as date))
                      then inv_quantity_on_hand 
                      else 0 end) as inv_after
   from inventory
       ,warehouse
       ,item
       ,date_dim
   where i_current_price between 0.99 and 1.49
     and i_item_sk          = inv_item_sk
     and inv_warehouse_sk   = w_warehouse_sk
     and inv_date_sk    = d_date_sk
     and d_date between (cast ('1998-04-20' as date) - INTERVAL '30 days')
                    and (cast ('1998-04-20' as date) + INTERVAL '30 days')
   group by w_warehouse_name, i_item_id) x
 where (case when inv_before > 0 
             then inv_after / inv_before 
             else null
             end) between 2.0/3.0 and 3.0/2.0
 order by w_warehouse_name
         ,i_item_id
 limit 100;
psql:/tmp/s1-basline/throughput/query_1.sql:3639: NOTICE:  duration: 633.632 ms  plan:
Query Text: select  *
 from(select w_warehouse_name
            ,i_item_id
            ,sum(case when (cast(d_date as date) < cast ('1998-04-20' as date))
	                then inv_quantity_on_hand 
                      else 0 end) as inv_before
            ,sum(case when (cast(d_date as date) >= cast ('1998-04-20' as date))
                      then inv_quantity_on_hand 
                      else 0 end) as inv_after
   from inventory
       ,warehouse
       ,item
       ,date_dim
   where i_current_price between 0.99 and 1.49
     and i_item_sk          = inv_item_sk
     and inv_warehouse_sk   = w_warehouse_sk
     and inv_date_sk    = d_date_sk
     and d_date between (cast ('1998-04-20' as date) - INTERVAL '30 days')
                    and (cast ('1998-04-20' as date) + INTERVAL '30 days')
   group by w_warehouse_name, i_item_id) x
 where (case when inv_before > 0 
             then inv_after / inv_before 
             else null
             end) between 2.0/3.0 and 3.0/2.0
 order by w_warehouse_name
         ,i_item_id
 limit 100;
Limit  (cost=135849.77..135949.08 rows=68 width=47) (actual time=596.324..633.592 rows=100 loops=1)
  ->  Finalize GroupAggregate  (cost=135849.77..135948.40 rows=68 width=47) (actual time=596.324..633.585 rows=100 loops=1)
        Group Key: warehouse.w_warehouse_name, item.i_item_id
        Filter: (((CASE WHEN (sum(CASE WHEN (date_dim.d_date < '1998-04-20'::date) THEN inventory.inv_quantity_on_hand ELSE 0 END) > 0) THEN (sum(CASE WHEN (date_dim.d_date >= '1998-04-20'::date) THEN inventory.inv_quantity_on_hand ELSE 0 END) / sum(CASE WHEN (date_dim.d_date < '1998-04-20'::date) THEN inventory.inv_quantity_on_hand ELSE 0 END)) ELSE NULL::bigint END)::numeric >= 0.66666666666666666667) AND ((CASE WHEN (sum(CASE WHEN (date_dim.d_date < '1998-04-20'::date) THEN inventory.inv_quantity_on_hand ELSE 0 END) > 0) THEN (sum(CASE WHEN (date_dim.d_date >= '1998-04-20'::date) THEN inventory.inv_quantity_on_hand ELSE 0 END) / sum(CASE WHEN (date_dim.d_date < '1998-04-20'::date) THEN inventory.inv_quantity_on_hand ELSE 0 END)) ELSE NULL::bigint END)::numeric <= 1.5000000000000000))
        Rows Removed by Filter: 122
        ->  Gather Merge  (cost=135849.77..135924.25 rows=588 width=47) (actual time=596.305..633.372 rows=798 loops=1)
              Workers Planned: 3
              Workers Launched: 3
              ->  Partial GroupAggregate  (cost=134849.73..134855.12 rows=196 width=47) (actual time=589.348..589.891 rows=737 loops=4)
                    Group Key: warehouse.w_warehouse_name, item.i_item_id
                    ->  Sort  (cost=134849.73..134850.22 rows=196 width=39) (actual time=589.338..589.405 rows=1588 loops=4)
                          Sort Key: warehouse.w_warehouse_name, item.i_item_id
                          Sort Method: quicksort  Memory: 702kB
                          Worker 0:  Sort Method: quicksort  Memory: 626kB
                          Worker 1:  Sort Method: quicksort  Memory: 638kB
                          Worker 2:  Sort Method: quicksort  Memory: 597kB
                          ->  Hash Join  (cost=6.88..134842.27 rows=196 width=39) (actual time=4.152..574.202 rows=5530 loops=4)
                                Hash Cond: (inventory.inv_warehouse_sk = warehouse.w_warehouse_sk)
                                ->  Nested Loop  (cost=5.76..134840.21 rows=196 width=33) (actual time=4.085..573.069 rows=5530 loops=4)
                                      ->  Hash Join  (cost=5.48..133858.98 rows=3164 width=24) (actual time=3.988..425.403 rows=90000 loops=4)
                                            Hash Cond: (inventory.inv_date_sk = date_dim.d_date_sk)
                                            ->  Parallel Seq Scan on inventory  (cost=0.00..123907.26 rows=3788826 width=28) (actual time=0.018..200.415 rows=2936250 loops=4)
                                            ->  Hash  (cost=4.71..4.71 rows=61 width=12) (actual time=0.120..0.121 rows=61 loops=4)
                                                  Buckets: 1024  Batches: 1  Memory Usage: 11kB
                                                  ->  Index Scan using i_d_date on date_dim  (cost=0.29..4.71 rows=61 width=12) (actual time=0.085..0.112 rows=61 loops=4)
                                                        Index Cond: ((d_date >= '1998-03-21 00:00:00'::timestamp without time zone) AND (d_date <= '1998-05-20 00:00:00'::timestamp without time zone))
                                      ->  Index Scan using pk_item on item  (cost=0.29..0.31 rows=1 width=25) (actual time=0.001..0.001 rows=0 loops=360000)
                                            Index Cond: (i_item_sk = inventory.inv_item_sk)
                                            Filter: ((i_current_price >= '0.99'::double precision) AND (i_current_price <= '1.49'::double precision))
                                            Rows Removed by Filter: 1
                                ->  Hash  (cost=1.05..1.05 rows=5 width=22) (actual time=0.029..0.029 rows=5 loops=4)
                                      Buckets: 1024  Batches: 1  Memory Usage: 9kB
                                      ->  Seq Scan on warehouse  (cost=0.00..1.05 rows=5 width=22) (actual time=0.024..0.025 rows=5 loops=4)
 w_warehouse_name |    i_item_id     | inv_before | inv_after 
------------------+------------------+------------+-----------
 Neither dea      | AAAAAAAAABCEAAAA |       2440 |      2993
 Neither dea      | AAAAAAAAABHAAAAA |       1402 |      1889
 Neither dea      | AAAAAAAAAFOBAAAA |       1569 |      2292
 Neither dea      | AAAAAAAAAGOAAAAA |       1533 |      2755
 Neither dea      | AAAAAAAAAHJAAAAA |       1728 |      2385
 Neither dea      | AAAAAAAAAHMBAAAA |       2272 |      2464
 Neither dea      | AAAAAAAAAHPAAAAA |       1535 |      2152
 Neither dea      | AAAAAAAAAIBEAAAA |       2050 |      2096
 Neither dea      | AAAAAAAAAICDAAAA |       1774 |      2016
 Neither dea      | AAAAAAAAAIDAAAAA |       1080 |      1714
 Neither dea      | AAAAAAAAAJCAAAAA |       2058 |      3200
 Neither dea      | AAAAAAAAAJDEAAAA |       1347 |      2549
 Neither dea      | AAAAAAAAAJLCAAAA |       1613 |      2608
 Neither dea      | AAAAAAAAAKLCAAAA |       1661 |      2179
 Neither dea      | AAAAAAAAALBBAAAA |       2011 |      2149
 Neither dea      | AAAAAAAAALIAAAAA |       1581 |      2270
 Neither dea      | AAAAAAAAAMDEAAAA |       2607 |      3185
 Neither dea      | AAAAAAAAANBAAAAA |       1449 |      1975
 Neither dea      | AAAAAAAAAOGDAAAA |       1751 |      2276
 Neither dea      | AAAAAAAAAOJCAAAA |       1588 |      2291
 Neither dea      | AAAAAAAAAOOAAAAA |       1159 |      1722
 Neither dea      | AAAAAAAABBOAAAAA |       2157 |      2414
 Neither dea      | AAAAAAAABCBDAAAA |       1369 |      2644
 Neither dea      | AAAAAAAABCKAAAAA |       2205 |      2284
 Neither dea      | AAAAAAAABDPDAAAA |       1285 |      2450
 Neither dea      | AAAAAAAABFICAAAA |       1843 |      2563
 Neither dea      | AAAAAAAABIKDAAAA |       1152 |      1643
 Neither dea      | AAAAAAAABKGCAAAA |       1700 |      2568
 Neither dea      | AAAAAAAABKNBAAAA |       1396 |      1965
 Neither dea      | AAAAAAAABMECAAAA |       1382 |      1883
 Neither dea      | AAAAAAAABMKCAAAA |       1032 |      1802
 Neither dea      | AAAAAAAABNFAAAAA |       1751 |      2167
 Neither dea      | AAAAAAAACBCAAAAA |       2125 |      2394
 Neither dea      | AAAAAAAACBEAAAAA |        993 |      1558
 Neither dea      | AAAAAAAACCAAAAAA |       1512 |      2444
 Neither dea      | AAAAAAAACCCBAAAA |       1534 |      2486
 Neither dea      | AAAAAAAACCHCAAAA |       1782 |      3276
 Neither dea      | AAAAAAAACCKCAAAA |        938 |      1606
 Neither dea      | AAAAAAAACDBEAAAA |       1822 |      2838
 Neither dea      | AAAAAAAACDJDAAAA |       2358 |      2401
 Neither dea      | AAAAAAAACDPDAAAA |       1614 |      2759
 Neither dea      | AAAAAAAACECCAAAA |       1730 |      2341
 Neither dea      | AAAAAAAACEEAAAAA |       2464 |      3242
 Neither dea      | AAAAAAAACHFDAAAA |       1916 |      2764
 Neither dea      | AAAAAAAACHKDAAAA |       1503 |      1822
 Neither dea      | AAAAAAAACIFBAAAA |       1273 |      1905
 Neither dea      | AAAAAAAACIKAAAAA |       1487 |      2267
 Neither dea      | AAAAAAAACKFAAAAA |       1208 |      1622
 Neither dea      | AAAAAAAACLBCAAAA |       1478 |      1994
 Neither dea      | AAAAAAAACLLCAAAA |       1873 |      2248
 Neither dea      | AAAAAAAACMBBAAAA |       2399 |      2504
 Neither dea      | AAAAAAAACNACAAAA |       1291 |      2427
 Neither dea      | AAAAAAAACODBAAAA |       1559 |      2069
 Neither dea      | AAAAAAAACOMDAAAA |       1843 |      2289
 Neither dea      | AAAAAAAADADEAAAA |       2806 |      2826
 Neither dea      | AAAAAAAADCLDAAAA |       2234 |      2522
 Neither dea      | AAAAAAAADEKCAAAA |       1138 |      2274
 Neither dea      | AAAAAAAADENCAAAA |       1931 |      2495
 Neither dea      | AAAAAAAADHIBAAAA |       1977 |      2033
 Neither dea      | AAAAAAAADLDCAAAA |       1383 |      2128
 Neither dea      | AAAAAAAADMHAAAAA |       1830 |      2471
 Neither dea      | AAAAAAAADMICAAAA |       1718 |      3211
 Neither dea      | AAAAAAAADOMCAAAA |       2319 |      2586
 Neither dea      | AAAAAAAAEAAAAAAA |       2561 |      2573
 Neither dea      | AAAAAAAAEACBAAAA |       1357 |      1424
 Neither dea      | AAAAAAAAECBDAAAA |       1456 |      2097
 Neither dea      | AAAAAAAAECLCAAAA |       1926 |      2255
 Neither dea      | AAAAAAAAEDDDAAAA |       2217 |      2501
 Neither dea      | AAAAAAAAEFBBAAAA |       2534 |      3058
 Neither dea      | AAAAAAAAEFHBAAAA |       1503 |      2663
 Neither dea      | AAAAAAAAEGAAAAAA |       2247 |      2631
 Neither dea      | AAAAAAAAEIEDAAAA |       1428 |      2014
 Neither dea      | AAAAAAAAEJJBAAAA |       1450 |      2056
 Neither dea      | AAAAAAAAEKCDAAAA |       2408 |      2516
 Neither dea      | AAAAAAAAEKFAAAAA |       1450 |      1530
 Neither dea      | AAAAAAAAEKLBAAAA |       1850 |      2700
 Neither dea      | AAAAAAAAEKPCAAAA |       2064 |      2109
 Neither dea      | AAAAAAAAELBDAAAA |       1723 |      2196
 Neither dea      | AAAAAAAAELDEAAAA |       2055 |      3409
 Neither dea      | AAAAAAAAELJBAAAA |       1982 |      2023
 Neither dea      | AAAAAAAAELPCAAAA |       1607 |      2685
 Neither dea      | AAAAAAAAEPCEAAAA |       1408 |      1849
 Neither dea      | AAAAAAAAEPDDAAAA |       1720 |      2087
 Neither dea      | AAAAAAAAEPPDAAAA |       1244 |      1861
 Neither dea      | AAAAAAAAFFMDAAAA |       1438 |      2363
 Neither dea      | AAAAAAAAFGBEAAAA |       1184 |      1808
 Neither dea      | AAAAAAAAFGEBAAAA |       1620 |      2043
 Neither dea      | AAAAAAAAFGEEAAAA |       2000 |      2509
 Neither dea      | AAAAAAAAFGIDAAAA |        964 |      1925
 Neither dea      | AAAAAAAAFHGBAAAA |       1851 |      2425
 Neither dea      | AAAAAAAAFHICAAAA |       1693 |      1826
 Neither dea      | AAAAAAAAFHKAAAAA |       1628 |      1724
 Neither dea      | AAAAAAAAFIKCAAAA |        982 |      1674
 Neither dea      | AAAAAAAAFNKAAAAA |       1672 |      2145
 Neither dea      | AAAAAAAAGAJCAAAA |       1402 |      2777
 Neither dea      | AAAAAAAAGBJAAAAA |       1343 |      2306
 Neither dea      | AAAAAAAAGCCDAAAA |       1505 |      1905
 Neither dea      | AAAAAAAAGDMCAAAA |       2834 |      3140
 Neither dea      | AAAAAAAAGFBCAAAA |       2013 |      3017
 Neither dea      | AAAAAAAAGFDCAAAA |       1990 |      2671
(100 rows)

UPDATE time_statistics SET e_time = TRANSACTION_TIMESTAMP() WHERE template = '../query_postgresql/query21.tpl' AND stream = 1;
psql:/tmp/s1-basline/throughput/query_1.sql:3641: NOTICE:  duration: 0.062 ms  plan:
Query Text: UPDATE time_statistics SET e_time = TRANSACTION_TIMESTAMP() WHERE template = '../query_postgresql/query21.tpl' AND stream = 1;
Update on time_statistics  (cost=0.00..10.57 rows=0 width=0) (actual time=0.061..0.062 rows=0 loops=1)
  ->  Seq Scan on time_statistics  (cost=0.00..10.57 rows=1 width=14) (actual time=0.047..0.047 rows=1 loops=1)
        Filter: ((template = '../query_postgresql/query21.tpl'::text) AND (stream = 1))
        Rows Removed by Filter: 326
UPDATE 1
LOAD 'auto_explain'; SET auto_explain.log_min_duration TO 0; SET auto_explain.log_analyze TO on; SET auto_explain.log_level TO notice; INSERT INTO time_statistics (template, s_time, stream, query, seed) VALUES ('query15.tpl', TRANSACTION_TIMESTAMP(), 1, 70, 724954031);
LOAD
SET
SET
SET
psql:/tmp/s1-basline/throughput/query_1.sql:3642: NOTICE:  duration: 0.009 ms  plan:
Query Text: INSERT INTO time_statistics (template, s_time, stream, query, seed) VALUES ('query15.tpl', TRANSACTION_TIMESTAMP(), 1, 70, 724954031);
Insert on time_statistics  (cost=0.00..0.01 rows=0 width=0) (actual time=0.008..0.008 rows=0 loops=1)
  ->  Result  (cost=0.00..0.01 rows=1 width=64) (actual time=0.001..0.001 rows=1 loops=1)
INSERT 0 1
select  ca_zip
       ,sum(cs_sales_price)
 from catalog_sales
     ,customer
     ,customer_address
     ,date_dim
 where cs_bill_customer_sk = c_customer_sk
 	and c_current_addr_sk = ca_address_sk 
 	and ( substr(ca_zip,1,5) in ('85669', '86197','88274','83405','86475',
                                   '85392', '85460', '80348', '81792')
 	      or ca_state in ('CA','WA','GA')
 	      or cs_sales_price > 500)
 	and cs_sold_date_sk = d_date_sk
 	and d_qoy = 2 and d_year = 1999
 group by ca_zip
 order by ca_zip
 limit 100;
psql:/tmp/s1-basline/throughput/query_1.sql:3659: NOTICE:  duration: 156.987 ms  plan:
Query Text: select  ca_zip
       ,sum(cs_sales_price)
 from catalog_sales
     ,customer
     ,customer_address
     ,date_dim
 where cs_bill_customer_sk = c_customer_sk
 	and c_current_addr_sk = ca_address_sk 
 	and ( substr(ca_zip,1,5) in ('85669', '86197','88274','83405','86475',
                                   '85392', '85460', '80348', '81792')
 	      or ca_state in ('CA','WA','GA')
 	      or cs_sales_price > 500)
 	and cs_sold_date_sk = d_date_sk
 	and d_qoy = 2 and d_year = 1999
 group by ca_zip
 order by ca_zip
 limit 100;
Limit  (cost=8542.68..8544.43 rows=100 width=19) (actual time=156.666..156.956 rows=100 loops=1)
  ->  GroupAggregate  (cost=8542.68..8546.39 rows=212 width=19) (actual time=156.666..156.949 rows=100 loops=1)
        Group Key: customer_address.ca_zip
        ->  Sort  (cost=8542.68..8543.21 rows=212 width=19) (actual time=156.657..156.720 rows=1667 loops=1)
              Sort Key: customer_address.ca_zip
              Sort Method: quicksort  Memory: 298kB
              ->  Nested Loop  (cost=1.03..8534.49 rows=212 width=19) (actual time=4.533..154.676 rows=3233 loops=1)
                    Join Filter: ((substr((customer_address.ca_zip)::text, 1, 5) = ANY ('{85669,86197,88274,83405,86475,85392,85460,80348,81792}'::text[])) OR (customer_address.ca_state = ANY ('{CA,WA,GA}'::bpchar[])) OR (catalog_sales.cs_sales_price > '500'::double precision))
                    Rows Removed by Join Filter: 37864
                    ->  Nested Loop  (cost=0.72..7924.49 rows=1754 width=16) (actual time=4.447..81.631 rows=41097 loops=1)
                          ->  Nested Loop  (cost=0.43..7373.36 rows=1763 width=16) (actual time=4.443..27.060 rows=41189 loops=1)
                                ->  Seq Scan on date_dim  (cost=0.00..2500.73 rows=90 width=8) (actual time=4.431..9.841 rows=91 loops=1)
                                      Filter: ((d_qoy = 2) AND (d_year = 1999))
                                      Rows Removed by Filter: 72958
                                ->  Index Scan using i_cs_sold_date_sk on catalog_sales  (cost=0.43..46.32 rows=782 width=24) (actual time=0.003..0.107 rows=453 loops=91)
                                      Index Cond: (cs_sold_date_sk = date_dim.d_date_sk)
                          ->  Index Scan using pk_customer on customer  (cost=0.29..0.31 rows=1 width=16) (actual time=0.001..0.001 rows=1 loops=41189)
                                Index Cond: (c_customer_sk = catalog_sales.cs_bill_customer_sk)
                    ->  Index Scan using pk_customer_address on customer_address  (cost=0.29..0.32 rows=1 width=22) (actual time=0.001..0.001 rows=1 loops=41097)
                          Index Cond: (ca_address_sk = customer.c_current_addr_sk)
   ca_zip   |        sum         
------------+--------------------
 30026      |             434.61
 30059      | 2051.7000000000003
 30069      |             778.27
 30149      |  912.0399999999998
 30150      | 1855.7800000000002
 30162      |            1195.27
 30169      | 1510.0200000000002
 30191      | 1424.9599999999998
 30399      | 1313.1900000000003
 30411      | 1283.1900000000003
 30492      |             384.97
 30499      | 192.20000000000002
 30534      |             936.68
 31087      |             161.26
 31216      |  560.2299999999999
 31289      |  969.2300000000001
 31387      | 468.58000000000004
 31423      |             684.22
 31521      |            1033.68
 31529      | 463.40000000000003
 31620      | 503.31000000000006
 31675      |  700.8800000000001
 31711      | 1636.6499999999999
 31757      |  897.8500000000003
 31904      | 1612.6299999999999
 31933      | 1594.2900000000002
 31952      | 1175.5400000000002
 32150      |              475.1
 32293      |            1026.68
 32477      |             720.67
 32808      | 1511.0800000000002
 32812      |             516.94
 32819      |             252.19
 32898      |             425.41
 33394      |             966.07
 33451      |  530.8499999999999
 33511      |            1626.81
 33604      |             219.98
 33628      | 290.11000000000007
 33683      |             458.85
 33824      |  518.2599999999999
 33951      |  650.7499999999999
 34098      |             361.17
 34107      |            1029.74
 34136      |  707.9300000000001
 34244      |             391.53
 34289      |            1106.92
 34408      |             289.79
 34489      |             451.27
 34536      |  676.1899999999999
 34593      | 1104.5900000000001
 34686      |              568.4
 34749      | 268.21999999999997
 34843      | 269.71000000000004
 34854      |  687.9000000000001
 34975      |            1094.95
 35018      |             368.13
 35038      |             727.26
 35124      |            1359.03
 35258      |  540.8399999999999
 35281      |  884.6199999999999
 35709      |             226.32
 35752      |  726.2500000000001
 35804      |  729.2900000000001
 35817      | 1147.3600000000004
 36045      |             486.51
 36060      | 1289.5299999999997
 36074      |  641.8199999999999
 36098      |             515.05
 36115      |             344.62
 36192      |  761.6900000000002
 36245      |             722.75
 36340      | 1219.4999999999998
 36534      |             306.89
 36557      |  951.9099999999997
 36614      | 1603.3800000000003
 36668      | 448.80000000000007
 36787      | 2600.6799999999985
 36871      | 1552.2800000000002
 36971      |             481.34
 37057      |  95.82000000000001
 37066      |  813.5799999999999
 37683      |             839.43
 37838      | 473.66999999999996
 37997      |             599.74
 38014      |             606.44
 38041      |             390.29
 38054      |            1841.04
 38059      |  981.1899999999998
 38119      |  602.5400000000001
 38252      | 472.96999999999997
 38354      |            1639.23
 38370      | 2014.2600000000002
 38371      |            1099.72
 38482      |  618.7600000000002
 38579      |  725.0299999999999
 38605      |             615.11
 38721      |             755.48
 38767      | 213.48999999999998
 38784      |             557.87
(100 rows)

UPDATE time_statistics SET e_time = TRANSACTION_TIMESTAMP() WHERE template = 'query15.tpl' AND stream = 1;
psql:/tmp/s1-basline/throughput/query_1.sql:3661: NOTICE:  duration: 0.063 ms  plan:
Query Text: UPDATE time_statistics SET e_time = TRANSACTION_TIMESTAMP() WHERE template = 'query15.tpl' AND stream = 1;
Update on time_statistics  (cost=0.00..10.57 rows=0 width=0) (actual time=0.062..0.063 rows=0 loops=1)
  ->  Seq Scan on time_statistics  (cost=0.00..10.57 rows=1 width=14) (actual time=0.047..0.047 rows=1 loops=1)
        Filter: ((template = 'query15.tpl'::text) AND (stream = 1))
        Rows Removed by Filter: 327
UPDATE 1
LOAD 'auto_explain'; SET auto_explain.log_min_duration TO 0; SET auto_explain.log_analyze TO on; SET auto_explain.log_level TO notice; INSERT INTO time_statistics (template, s_time, stream, query, seed) VALUES ('../query_postgresql/query20.tpl', TRANSACTION_TIMESTAMP(), 1, 71, 1499071291);
LOAD
SET
SET
SET
psql:/tmp/s1-basline/throughput/query_1.sql:3662: NOTICE:  duration: 0.009 ms  plan:
Query Text: INSERT INTO time_statistics (template, s_time, stream, query, seed) VALUES ('../query_postgresql/query20.tpl', TRANSACTION_TIMESTAMP(), 1, 71, 1499071291);
Insert on time_statistics  (cost=0.00..0.01 rows=0 width=0) (actual time=0.008..0.008 rows=0 loops=1)
  ->  Result  (cost=0.00..0.01 rows=1 width=64) (actual time=0.001..0.002 rows=1 loops=1)
INSERT 0 1
select  i_item_id
       ,i_item_desc 
       ,i_category 
       ,i_class 
       ,i_current_price
       ,sum(cs_ext_sales_price) as itemrevenue 
       ,sum(cs_ext_sales_price)*100/sum(sum(cs_ext_sales_price)) over
           (partition by i_class) as revenueratio
 from	catalog_sales
     ,item 
     ,date_dim
 where cs_item_sk = i_item_sk 
   and i_category in ('Shoes', 'Books', 'Music')
   and cs_sold_date_sk = d_date_sk
 and d_date between cast('2001-05-18' as date) 
 				and (cast('2001-05-18' as date) + INTERVAL '30 days')
 group by i_item_id
         ,i_item_desc 
         ,i_category
         ,i_class
         ,i_current_price
 order by i_category
         ,i_class
         ,i_item_id
         ,i_item_desc
         ,revenueratio
limit 100;
psql:/tmp/s1-basline/throughput/query_1.sql:3689: NOTICE:  duration: 48.774 ms  plan:
Query Text: select  i_item_id
       ,i_item_desc 
       ,i_category 
       ,i_class 
       ,i_current_price
       ,sum(cs_ext_sales_price) as itemrevenue 
       ,sum(cs_ext_sales_price)*100/sum(sum(cs_ext_sales_price)) over
           (partition by i_class) as revenueratio
 from	catalog_sales
     ,item 
     ,date_dim
 where cs_item_sk = i_item_sk 
   and i_category in ('Shoes', 'Books', 'Music')
   and cs_sold_date_sk = d_date_sk
 and d_date between cast('2001-05-18' as date) 
 				and (cast('2001-05-18' as date) + INTERVAL '30 days')
 group by i_item_id
         ,i_item_desc 
         ,i_category
         ,i_class
         ,i_current_price
 order by i_category
         ,i_class
         ,i_item_id
         ,i_item_desc
         ,revenueratio
limit 100;
Limit  (cost=1854.08..1854.33 rows=100 width=245) (actual time=48.675..48.687 rows=100 loops=1)
  ->  Sort  (cost=1854.08..1854.52 rows=176 width=245) (actual time=48.675..48.680 rows=100 loops=1)
        Sort Key: item.i_category, item.i_class, item.i_item_id, item.i_item_desc, ((((sum(catalog_sales.cs_ext_sales_price)) * '100'::double precision) / sum((sum(catalog_sales.cs_ext_sales_price))) OVER (?)))
        Sort Method: top-N heapsort  Memory: 80kB
        ->  WindowAgg  (cost=1843.56..1847.52 rows=176 width=245) (actual time=46.131..47.308 rows=2221 loops=1)
              ->  Sort  (cost=1843.56..1844.00 rows=176 width=237) (actual time=46.101..46.197 rows=2221 loops=1)
                    Sort Key: item.i_class
                    Sort Method: quicksort  Memory: 710kB
                    ->  GroupAggregate  (cost=1832.16..1837.00 rows=176 width=237) (actual time=42.784..44.842 rows=2221 loops=1)
                          Group Key: item.i_item_id, item.i_item_desc, item.i_category, item.i_class, item.i_current_price
                          ->  Sort  (cost=1832.16..1832.60 rows=176 width=237) (actual time=42.777..42.969 rows=4390 loops=1)
                                Sort Key: item.i_item_id, item.i_item_desc, item.i_category, item.i_class, item.i_current_price
                                Sort Method: quicksort  Memory: 1401kB
                                ->  Nested Loop  (cost=1.01..1825.59 rows=176 width=237) (actual time=0.032..30.565 rows=4390 loops=1)
                                      ->  Nested Loop  (cost=0.72..1643.46 rows=588 width=16) (actual time=0.016..5.727 rows=14203 loops=1)
                                            ->  Index Scan using i_d_date on date_dim  (cost=0.29..3.09 rows=30 width=8) (actual time=0.007..0.017 rows=31 loops=1)
                                                  Index Cond: ((d_date >= '2001-05-18'::date) AND (d_date <= '2001-06-17 00:00:00'::timestamp without time zone))
                                            ->  Index Scan using i_cs_sold_date_sk on catalog_sales  (cost=0.43..46.86 rows=782 width=24) (actual time=0.004..0.111 rows=458 loops=31)
                                                  Index Cond: (cs_sold_date_sk = date_dim.d_date_sk)
                                      ->  Index Scan using pk_item on item  (cost=0.29..0.31 rows=1 width=237) (actual time=0.002..0.002 rows=0 loops=14203)
                                            Index Cond: (i_item_sk = catalog_sales.cs_item_sk)
                                            Filter: (i_category = ANY ('{Shoes,Books,Music}'::bpchar[]))
                                            Rows Removed by Filter: 1
    i_item_id     |                                                                                               i_item_desc                                                                                                |                     i_category                     |                      i_class                       | i_current_price |    itemrevenue     |     revenueratio      
------------------+----------------------------------------------------------------------------------------------------------------------------------------------------------------------------------------------------------+----------------------------------------------------+----------------------------------------------------+-----------------+--------------------+-----------------------
 AAAAAAAAAAABAAAA | Democratic governments drop fingers. Parts will not produce far international years. Years might n                                                                                                       | Books                                              | arts                                               |            1.78 |            1114.96 |   0.34574805647735096
 AAAAAAAAAAJBAAAA | Full, naval meetings must not                                                                                                                                                                            | Books                                              | arts                                               |             4.8 |             472.82 |   0.14662104117064387
 AAAAAAAAAAPCAAAA | Final magazines used to see especially soon main men. Old men make necessary, curious m                                                                                                                  | Books                                              | arts                                               |            4.19 |            17765.3 |     5.509002966686772
 AAAAAAAAADEDAAAA | Beautiful, representative conditions will detect wide likely, medical fingers; times strengthen. Societies give in a injuries. New vegetables could not know further dogs. Big lads will                 | Books                                              | arts                                               |            6.53 |           13092.59 |     4.059999952244745
 AAAAAAAAAFIBAAAA | Narrow positions should not state ever to a workers; young systems would no                                                                                                                              | Books                                              | arts                                               |            3.28 | 3450.5099999999998 |    1.0699999339488988
 AAAAAAAAAGBAAAAA | Now male measures come most convenient responsibil                                                                                                                                                       | Books                                              | arts                                               |            5.33 |            5517.93 |    1.7111049484089735
 AAAAAAAAAIFBAAAA | Literary, expected charges would understand european parts. Now various couples should define lips. Areas shall no                                                                                       | Books                                              | arts                                               |            8.28 |             244.59 |   0.07584713095877456
 AAAAAAAAANBCAAAA | Back, dif                                                                                                                                                                                                | Books                                              | arts                                               |            4.33 |            3598.61 |     1.115925605869233
 AAAAAAAABHFDAAAA | Brothers shall play today brief holes. Able years prescribe now strange sports. Bright firms could not go forces; occasio                                                                                | Books                                              | arts                                               |            3.81 | 4393.5199999999995 |    1.3624264557422425
 AAAAAAAABMFBAAAA | Separate eyes will find far from; parents would acquire at the words. At last solid characteristics cut additionally rational methods. Popular years keep personally in a friends. Cold, local           | Books                                              | arts                                               |            5.64 |            6955.04 |      2.15675141953275
 AAAAAAAABNACAAAA | Tory drug                                                                                                                                                                                                | Books                                              | arts                                               |            9.85 | 5024.7300000000005 |    1.5581640882394345
 AAAAAAAABPMAAAAA | Social needs may support criminal, foreign patterns. Adequ                                                                                                                                               | Books                                              | arts                                               |            0.69 |             900.19 |   0.27914807971617506
 AAAAAAAACCHDAAAA | Low, due years may forget. Workers seek close fingers. Things should not sense more often only systems. As strong cities used to appear substantially; massive, national priorities may get original, la | Books                                              | arts                                               |            8.61 |           15239.14 |     4.725643105928696
 AAAAAAAACFADAAAA | Words signify for a options. Days could ride low representatives. Possibly ex                                                                                                                            | Books                                              | arts                                               |            6.62 | 13713.560000000001 |    4.2525621702891065
 AAAAAAAACJGCAAAA | Joint, radical individuals bring but royal, faint minutes. Payments can wash members.                                                                                                                    | Books                                              | arts                                               |            3.71 |             402.74 |   0.12488929850908403
 AAAAAAAACOGDAAAA | Practices shall pay also small, collective coins. Light chemicals get more discussions. Notes help special, democratic authorities. Managers involve to a specialists. Power                             | Books                                              | arts                                               |             7.3 |  946.3199999999999 |     0.293452949707296
 AAAAAAAADDGBAAAA | Parts sue now into a standards. Military, large inches will receive for a cars. Fair words woul                                                                                                          | Books                                              | arts                                               |            7.91 |           20708.43 |     6.421664835686723
 AAAAAAAADNECAAAA | Old children could curb to the guidelines. Young, new subjects contain able problems. Other, emotional children mig                                                                                      | Books                                              | arts                                               |            0.73 |              276.5 |   0.08574239220778104
 AAAAAAAADPPBAAAA | Children will remove. Real hands might need wide for the performances. Simple, willing conditions want on a images. Real, young goods help however twin hou                                              | Books                                              | arts                                               |            8.24 |            7615.68 |    2.3616152675911533
 AAAAAAAAEHKCAAAA | Clergy ought to give now right passengers. Statutory men must leave both new nights; actually new notions used to set importantly materials. Feet would not understand local w                           | Books                                              | arts                                               |            4.04 |              30.51 |  0.009461122554283542
 AAAAAAAAEOCDAAAA | Gastric boots should move either attractive, medical signals. Now only solicitors see also securities. Solar, top tables touch both vast, international characters. Brief scientists o                   | Books                                              | arts                                               |            7.33 |             644.79 |    0.1999487778360041
 AAAAAAAAFAEEAAAA | New, wild grounds end here very normal years. Numbers give digital brothers. Eventually big goods grow so in                                                                                             | Books                                              | arts                                               |            2.39 |            4104.75 |     1.272879147974283
 AAAAAAAAFDACAAAA | New objects discharge then hard journals;                                                                                                                                                                | Books                                              | arts                                               |            3.69 |            3008.49 |    0.9329299440621598
 AAAAAAAAFFJAAAAA | About rough dishes would reflect perhaps ideological capitalist bonds. English, central amou                                                                                                             | Books                                              | arts                                               |            9.93 |            1962.42 |    0.6085446123558541
 AAAAAAAAGCADAAAA | Small,                                                                                                                                                                                                   | Books                                              | arts                                               |            3.85 |              316.8 |   0.09823938463444858
 AAAAAAAAGDBAAAAA | Over public days suppose really. British, future pounds must not forget also illegal activ                                                                                                               | Books                                              | arts                                               |            3.06 |             130.78 |  0.040554756068475965
 AAAAAAAAGEOBAAAA | Bad, personal funds take with a judges. Fast overseas men start payments. Suitable, easy girls                                                                                                           | Books                                              | arts                                               |            8.47 |           13805.24 |     4.280992052812105
 AAAAAAAAGFGDAAAA | Friends might shake. Well double books could not tell soon police. Current, christian requests can                                                                                                       | Books                                              | arts                                               |             4.9 |           17358.51 |     5.382857766953667
 AAAAAAAAGHABAAAA | New, individual findings may enable alone visit                                                                                                                                                          | Books                                              | arts                                               |            5.89 |            4749.03 |    1.4726697752857807
 AAAAAAAAGHAEAAAA | Effective feelings could not look only matters. Procedures see new, severe individ                                                                                                                       | Books                                              | arts                                               |            9.31 |            6053.52 |    1.8771909080565883
 AAAAAAAAGMPBAAAA | Other jobs ough                                                                                                                                                                                          | Books                                              | arts                                               |            9.15 |              92.52 |  0.028690365739833277
 AAAAAAAAGNAAAAAA | Lucky rules get other conflicts. Aware streets must walk individual, important walls. Soon following groups put with a books; new, available circumstance                                                | Books                                              | arts                                               |            5.25 | 15127.380000000001 |     4.690986434127098
 AAAAAAAAGPIAAAAA | Keen studies like hot women. Hitherto important women praise subsequently absolute, local benefits. Supreme, sec                                                                                         | Books                                              | arts                                               |            2.33 |              82.38 |  0.025545961193768542
 AAAAAAAAHHBEAAAA | As open dollars can marry most. Desirable services speak anything but natural, similar authorities. Angry evenings cannot record bar                                                                     | Books                                              | arts                                               |             0.4 |             1662.6 |    0.5155707098902595
 AAAAAAAAHINAAAAA | Contracts would miss much dangerous, british values. Once ag                                                                                                                                             | Books                                              | arts                                               |            5.84 |              868.8 |    0.2694140699823514
 AAAAAAAAHLGBAAAA | Little local agencies tell brightly only holy plants. Spanish agencies speak quite into a requirements; northern conditions can make firmly. Leading memories ought to tidy worth a years. Positive, ec  | Books                                              | arts                                               |           85.09 |           12239.01 |     3.795305590072167
 AAAAAAAAIAKBAAAA | Votes may not treat to the grounds. Perhaps left horses enter more out of a ages. Never loose words look wrong, glad games. Possibly private agencies shou                                               | Books                                              | arts                                               |            1.22 |               2.79 | 0.0008651763987692915
 AAAAAAAAIGDCAAAA | Religious senses must sell. Successful books say of course. Temporarily like groups explain almost.                                                                                                      | Books                                              | arts                                               |            9.83 |            8251.19 |      2.55868632607928
 AAAAAAAAIJIBAAAA | Parents clarify ill complete, universal friends. Much american days allow. Happy, legal books drift.                                                                                                     | Books                                              | arts                                               |            9.84 |             399.36 |   0.12384116366039578
 AAAAAAAAIKCDAAAA | Just smooth members might not complete to a considerations. Young, total doctors turn slightly hours. Now public limits account norma                                                                    | Books                                              | arts                                               |            3.39 |            2267.02 |    0.7030007883648599
 AAAAAAAAIPADAAAA | Never labour circumstances must not live by a colours. Operations force consequently in a pupils. Finally only interests ignore clubs. Issues would not feel suddenly; small arms may                    | Books                                              | arts                                               |            4.01 | 14480.279999999999 |     4.490321327444802
 AAAAAAAAIPMCAAAA | Japanese, future rig                                                                                                                                                                                     | Books                                              | arts                                               |            38.9 |            4387.79 |    1.3606495880845553
 AAAAAAAAJADEAAAA | Consid                                                                                                                                                                                                   | Books                                              | arts                                               |            2.77 |             530.85 |    0.1646160900669098
 AAAAAAAAJBCBAAAA | International persons put at the talks; at last able years must not make industries. Occasional, fierce tories may not lie after a                                                                       | Books                                              | arts                                               |            2.87 |            2329.08 |    0.7222455365037926
 AAAAAAAAJEJDAAAA | Constraints can abandon all short others. Widely medical eyes pay just english, glad days; little, fair policies can regret weeks. Only royal aspira                                                     | Books                                              | arts                                               |            3.63 |            6272.41 |    1.9450684929765203
 AAAAAAAAKDNDAAAA | Young benefits care unknown, western towns; feet could tell; both national banks start in a contr                                                                                                        | Books                                              | arts                                               |            0.44 |           13501.47 |    4.1867932590292565
 AAAAAAAAKKJCAAAA | High, major materials cannot answer even reluctant women. Ridiculous, genuine funds end areas. Priorities ought to jump later offices. Applications play seldom s                                        | Books                                              | arts                                               |            3.12 |            1252.21 |   0.38830915351358225
 AAAAAAAAKMKAAAAA | International difficulties cannot offset now in a miles. Sure, helpful men listen. Decisions should meet therefore odds. Camps run too articles. Very nucle                                              | Books                                              | arts                                               |            3.13 |            4991.75 |    1.5479370209880325
 AAAAAAAALBNAAAAA | Generally asian eyes sell individually films. Normal feet become on a lips. Also very weeks intend warmly. Major, scottish details get. Simple systems shall provide sure li                             | Books                                              | arts                                               |            3.87 |              388.4 |   0.12044247787885047
 AAAAAAAAMBECAAAA | However official minutes move chief, irish experts. Worried peasants obey signs; supr                                                                                                                    | Books                                              | arts                                               |            4.88 |            2736.56 |    0.8486047045935815
 AAAAAAAAMFODAAAA | Parents last reluctant visitors. All small odds might not try so. Above comfortable others may go examples.                                                                                              | Books                                              | arts                                               |            2.25 |             241.08 |    0.0747586832312906
 AAAAAAAAMIKBAAAA | Legal detectives attempt ont                                                                                                                                                                             | Books                                              | arts                                               |            4.31 |            2074.35 |    0.6432540009989534
 AAAAAAAAMJBBAAAA | High events improve arguments; american cards should not follow just changes; attitudes should return least comprehensive shares. Sen                                                                    | Books                                              | arts                                               |            1.92 |             177.35 |   0.05499606964936697
 AAAAAAAAMJFDAAAA | Positive, special qualifications pick therefore general successes; endless, necessary knees might not enter in the friends; extra types say then about the relationships. Future ground                  | Books                                              | arts                                               |            8.72 |            5139.69 |     1.593813077057541
 AAAAAAAAMMLCAAAA | So front comments decide difficult advantages. A                                                                                                                                                         | Books                                              | arts                                               |            0.89 |           12097.35 |    3.7513769561475585
 AAAAAAAANIPBAAAA | Deaf policemen ought to reduce in general. Still possible photographs must receive historically big blind galleries                                                                                      | Books                                              | arts                                               |            39.5 |            5042.84 |    1.5637799823547434
 AAAAAAAANMNCAAAA | Mountains should break to a offices. Widespread, old details might vot                                                                                                                                   | Books                                              | arts                                               |            4.61 |            2458.86 |    0.7624901935046093
 AAAAAAAAOELCAAAA | Alternative                                                                                                                                                                                              | Books                                              | arts                                               |           76.99 |             921.58 |    0.2857810987734063
 AAAAAAAAOEOCAAAA | New, other variations ought to act patterns. Far                                                                                                                                                         | Books                                              | arts                                               |            0.22 |            3387.47 |    1.0504512887236601
 AAAAAAAAOGKBAAAA | Also different sites learn further then available resources. Injuries shall not explain distinctive trends. Towns back here                                                                              | Books                                              | arts                                               |            0.38 |              21.49 |  0.006664028963997159
 AAAAAAAAOILBAAAA | Major organisations allow unique lives. Proper, keen minutes should help essentially spectacular facilities. Deep, short governors believe therefore other o                                             | Books                                              | arts                                               |            8.27 |            1171.26 |   0.36320663398656644
 AAAAAAAAOMJCAAAA | Fresh offences could not govern for exampl                                                                                                                                                               | Books                                              | arts                                               |           67.54 | 3251.2799999999997 |    1.0082188966991477
 AAAAAAAAONJCAAAA | Benefits like outer, likely problems.                                                                                                                                                                    | Books                                              | arts                                               |            0.62 |            3477.62 |     1.078406719673141
 AAAAAAAAONPCAAAA | Difficult, deaf structures might take now by a days. Slightly specific ages could continue more scottish, early boys; other, universal forms must not take hence ever partial weekends; ha               | Books                                              | arts                                               |            3.76 |              69.02 |   0.02140303764984104
 AAAAAAAAPLMCAAAA | However objective tiles may not ring particular days; rebels might move; also special years complete necessarily early in                                                                                | Books                                              | arts                                               |            1.43 |  6776.990000000001 |     2.101538280536022
 AAAAAAAAPOKBAAAA | Unions can whisper in a courses. Secret, attractive clothes look books; institutions can exclude early existing, great                                                                                   | Books                                              | arts                                               |            3.51 |             8265.4 |    2.5630928338307175
 AAAAAAAAPPAEAAAA | Trials act slightly; european forces need parts. Basically only questions should attack so as remaining speakers. Previous, new modules think elements. Various weeks walk. Others                       | Books                                              | arts                                               |            0.94 |            2442.11 |     0.757296034121317
 AAAAAAAAAOJDAAAA | Most close thousands would wear only; useless fingers must find regularly states. Far points give now in the cells. New arts shall go whole                                                              | Books                                              | business                                           |           71.41 |             2366.4 |    0.9504443520133564
 AAAAAAAABDFBAAAA | Frequent expectations allow french attacks. Proposals used to win indeed popular, large sessions. Services shall not apologise as real relations. Years create unable, p                                 | Books                                              | business                                           |            2.82 |             8505.5 |    3.4161614418735646
 AAAAAAAABNNBAAAA | Safe, new words understand slightly only interests. Able, joint inju                                                                                                                                     | Books                                              | business                                           |            8.61 |            6567.88 |      2.63793291527277
 AAAAAAAACCLCAAAA | Well public sales may not set as english nuclear problems. Men form further in a                                                                                                                         | Books                                              | business                                           |            8.89 |           30246.72 |    12.148336794679441
 AAAAAAAACHBAAAAA | Bright, liberal applications would prefer compatible, major incomes. Capable relationships ri                                                                                                            | Books                                              | business                                           |            6.63 |             3554.1 |    1.4274739145920683
 AAAAAAAACPMDAAAA | Late, distinct men must know twice. Other forms should run future                                                                                                                                        | Books                                              | business                                           |            8.77 |            7549.92 |     3.032360895094946
 AAAAAAAADFMCAAAA | English, considerable areas merge sometimes to a children. Thick straight languages turn thoughtfully key employees; systematic                                                                          | Books                                              | business                                           |            9.06 |             1226.4 |       0.4925730870982
 AAAAAAAAEGPBAAAA | Perhaps bright situations go then scientists. Separate, particular ties shall bring                                                                                                                      | Books                                              | business                                           |            5.19 |             2518.9 |      1.01169467473227
 AAAAAAAAFGIDAAAA | Successful centres follow early comfortable emotions. Adequate, possible questions may soften at a qualifications. Bright incentives might go therefore behind the forms. Little feet woul               | Books                                              | business                                           |            1.13 |            1748.16 |    0.7021335355035789
 AAAAAAAAFNBAAAAA | Following, widespread bombs can furnish violently into the developments; totally industrial examples deal quite even common terms. Jobs should see low numerous clouds. Miles shall i                    | Books                                              | business                                           |            3.13 |              12018 |     4.826927071710834
 AAAAAAAAGAGCAAAA | Often possible things kn                                                                                                                                                                                 | Books                                              | business                                           |            3.66 |            6552.46 |     2.631739603952602
 AAAAAAAAGCGCAAAA | Years cling                                                                                                                                                                                              | Books                                              | business                                           |             0.3 |            4087.48 |    1.6417014367678981
 AAAAAAAAGHMDAAAA | Current officers draw high defence                                                                                                                                                                       | Books                                              | business                                           |            1.04 |             3306.6 |    1.3280676531302251
 AAAAAAAAGJKDAAAA | Technical jobs should not give particularly european criteria; importantly individual priorities stimulate for the friends. In                                                                           | Books                                              | business                                           |            3.12 |            2776.56 |    1.1151816134323043
 AAAAAAAAGNICAAAA | Cases ought to lend such as a parts. Employees go also wages. Inevitably magic refugees object. Proper aspects cast under. Light years should not make no longer also financial years. Cold sorts c      | Books                                              | business                                           |            0.55 |            14339.1 |      5.75917706556572
 AAAAAAAAGOJAAAAA | Natural bombs experience. White, practical                                                                                                                                                               | Books                                              | business                                           |            2.07 |             3709.6 |    1.4899291616923374
 AAAAAAAAGPAEAAAA | Obvious, mathematical routes should go nevertheless in a words. Certainly visual stations form slowly social talks. As soviet centres assign labour, conservative stars. Stupid, possible yea            | Books                                              | business                                           |             2.7 |            2074.14 |    0.8330606187816866
 AAAAAAAAHEIAAAAA | Local individuals get complete, slow children. Just classical workshops shall return english, bad words. Possible sources form equally beyond the officers. Limited                                      | Books                                              | business                                           |            3.37 |               2118 |    0.8506766132371065
 AAAAAAAAIDNCAAAA | Police could not fill existing, limited investigations. Shops shoulder e                                                                                                                                 | Books                                              | business                                           |            4.69 |            1379.23 |    0.5539559514990625
 AAAAAAAAIEEAAAAA | Villages will not keep at a details. Better main representatives think by a boats. Working, british hours should not break electoral affairs. Roman courses shall not travel about                       | Books                                              | business                                           |            8.42 |             5971.2 |    2.3982814886503356
 AAAAAAAAIGBEAAAA | So minute christians live children. Special, previous things stimulate then little parties. Occupations put digital, rich liabilities; romantic, other men suffer of course sales. Rates may l           | Books                                              | business                                           |            4.44 |            5227.26 |     2.099484340561755
 AAAAAAAAIGLAAAAA | Members will pretend black windows. Sufficiently american objects keep still fundamental days. Top hands make frequently tight effects. Full                                                             | Books                                              | business                                           |            4.96 |             246.05 |   0.09882388134418794
 AAAAAAAAIOJBAAAA | Still extreme calls knock there aware types. Dead gardens describe convenient, russian children; almost other police coul                                                                                | Books                                              | business                                           |            2.03 |           15462.74 |     6.210477476187884
 AAAAAAAAIPJDAAAA | Absolute, ruling forms decide damages. French, mental commentators used to believe great, possible records. About national developments can calculate generally willingly running examples. Gentle       | Books                                              | business                                           |            4.53 |            9052.58 |    3.6358914520575856
 AAAAAAAAJKECAAAA | Times would add. Well human men ought to demand slightly. Dual reasons shall not make as recent premises. More relevant ideas shall obtain very with the ideas. Awa                                      | Books                                              | business                                           |            57.6 |            2394.76 |    0.9618349038317723
 AAAAAAAAJLIDAAAA | Major lights receive corners.                                                                                                                                                                            | Books                                              | business                                           |            1.43 |            9066.12 |    3.6413296774321045
 AAAAAAAAJMHAAAAA | Agreements witness still right wings. Available ro                                                                                                                                                       | Books                                              | business                                           |            6.18 |              991.3 |    0.3981471797459602
 AAAAAAAAKFIAAAAA | Well small classes ought to know altogether. Away base objects fit final sessions. Fixed partners live too. Years                                                                                        | Books                                              | business                                           |            9.76 |            3022.44 |    1.2139372157282156
 AAAAAAAAKLPCAAAA | Fixed, annual merchants might not turn in a trees. Super, full men add even central years. Branches must i                                                                                               | Books                                              | business                                           |            1.85 |           10973.59 |     4.407448714000274
 AAAAAAAAKMICAAAA | More accur                                                                                                                                                                                               | Books                                              | business                                           |           62.75 |             1107.4 |    0.4447777533044249
 AAAAAAAAKOGBAAAA | Tonnes must extend fully women. Even great pressures make just national problems. Smooth c                                                                                                               | Books                                              | business                                           |            1.54 |              170.4 |   0.06843970486100234
 AAAAAAAALHJBAAAA | Large qualities may not adjust general, great                                                                                                                                                            | Books                                              | business                                           |           76.81 |             126.91 |   0.05097231774594957
 AAAAAAAALIBCAAAA | Available applications know early, cold profits. Different sides find most                                                                                                                               | Books                                              | business                                           |            3.96 |  6328.340000000001 |    2.5417237198361247
(100 rows)

UPDATE time_statistics SET e_time = TRANSACTION_TIMESTAMP() WHERE template = '../query_postgresql/query20.tpl' AND stream = 1;
psql:/tmp/s1-basline/throughput/query_1.sql:3691: NOTICE:  duration: 0.057 ms  plan:
Query Text: UPDATE time_statistics SET e_time = TRANSACTION_TIMESTAMP() WHERE template = '../query_postgresql/query20.tpl' AND stream = 1;
Update on time_statistics  (cost=0.00..10.57 rows=0 width=0) (actual time=0.057..0.057 rows=0 loops=1)
  ->  Seq Scan on time_statistics  (cost=0.00..10.57 rows=1 width=14) (actual time=0.044..0.044 rows=1 loops=1)
        Filter: ((template = '../query_postgresql/query20.tpl'::text) AND (stream = 1))
        Rows Removed by Filter: 328
UPDATE 1
LOAD 'auto_explain'; SET auto_explain.log_min_duration TO 0; SET auto_explain.log_analyze TO on; SET auto_explain.log_level TO notice; INSERT INTO time_statistics (template, s_time, stream, query, seed) VALUES ('query65.tpl', TRANSACTION_TIMESTAMP(), 1, 72, 613041233);
LOAD
SET
SET
SET
psql:/tmp/s1-basline/throughput/query_1.sql:3692: NOTICE:  duration: 0.010 ms  plan:
Query Text: INSERT INTO time_statistics (template, s_time, stream, query, seed) VALUES ('query65.tpl', TRANSACTION_TIMESTAMP(), 1, 72, 613041233);
Insert on time_statistics  (cost=0.00..0.01 rows=0 width=0) (actual time=0.009..0.009 rows=0 loops=1)
  ->  Result  (cost=0.00..0.01 rows=1 width=64) (actual time=0.002..0.002 rows=1 loops=1)
INSERT 0 1
select 
	s_store_name,
	i_item_desc,
	sc.revenue,
	i_current_price,
	i_wholesale_cost,
	i_brand
 from store, item,
     (select ss_store_sk, avg(revenue) as ave
 	from
 	    (select  ss_store_sk, ss_item_sk, 
 		     sum(ss_sales_price) as revenue
 		from store_sales, date_dim
 		where ss_sold_date_sk = d_date_sk and d_month_seq between 1204 and 1204+11
 		group by ss_store_sk, ss_item_sk) sa
 	group by ss_store_sk) sb,
     (select  ss_store_sk, ss_item_sk, sum(ss_sales_price) as revenue
 	from store_sales, date_dim
 	where ss_sold_date_sk = d_date_sk and d_month_seq between 1204 and 1204+11
 	group by ss_store_sk, ss_item_sk) sc
 where sb.ss_store_sk = sc.ss_store_sk and 
       sc.revenue <= 0.1 * sb.ave and
       s_store_sk = sc.ss_store_sk and
       i_item_sk = sc.ss_item_sk
 order by s_store_name, i_item_desc
limit 100;
psql:/tmp/s1-basline/throughput/query_1.sql:3718: NOTICE:  duration: 1089.485 ms  plan:
Query Text: select 
	s_store_name,
	i_item_desc,
	sc.revenue,
	i_current_price,
	i_wholesale_cost,
	i_brand
 from store, item,
     (select ss_store_sk, avg(revenue) as ave
 	from
 	    (select  ss_store_sk, ss_item_sk, 
 		     sum(ss_sales_price) as revenue
 		from store_sales, date_dim
 		where ss_sold_date_sk = d_date_sk and d_month_seq between 1204 and 1204+11
 		group by ss_store_sk, ss_item_sk) sa
 	group by ss_store_sk) sb,
     (select  ss_store_sk, ss_item_sk, sum(ss_sales_price) as revenue
 	from store_sales, date_dim
 	where ss_sold_date_sk = d_date_sk and d_month_seq between 1204 and 1204+11
 	group by ss_store_sk, ss_item_sk) sc
 where sb.ss_store_sk = sc.ss_store_sk and 
       sc.revenue <= 0.1 * sb.ave and
       s_store_sk = sc.ss_store_sk and
       i_item_sk = sc.ss_item_sk
 order by s_store_name, i_item_desc
limit 100;
Limit  (cost=187895.63..187895.88 rows=100 width=182) (actual time=1013.099..1089.393 rows=100 loops=1)
  ->  Sort  (cost=187895.63..187896.29 rows=262 width=182) (actual time=1013.098..1089.385 rows=100 loops=1)
        Sort Key: store.s_store_name, item.i_item_desc
        Sort Method: top-N heapsort  Memory: 80kB
        ->  Nested Loop  (cost=184232.25..187885.62 rows=262 width=182) (actual time=807.553..1087.286 rows=3840 loops=1)
              ->  Merge Join  (cost=184231.97..187777.04 rows=262 width=21) (actual time=807.531..1080.161 rows=3840 loops=1)
                    Merge Cond: (store_sales.ss_store_sk = store_sales_1.ss_store_sk)
                    Join Filter: ((sum(store_sales.ss_sales_price)) <= ('0.1'::double precision * (avg((sum(store_sales_1.ss_sales_price))))))
                    Rows Removed by Join Filter: 65568
                    ->  Finalize GroupAggregate  (cost=92115.32..93697.30 rows=13098 width=24) (actual time=387.132..567.087 rows=69409 loops=1)
                          Group Key: store_sales.ss_store_sk, store_sales.ss_item_sk
                          ->  Gather Merge  (cost=92115.32..93484.45 rows=10916 width=24) (actual time=387.127..540.355 rows=179585 loops=1)
                                Workers Planned: 2
                                Workers Launched: 2
                                ->  Partial GroupAggregate  (cost=91115.29..91224.45 rows=5458 width=24) (actual time=361.372..409.430 rows=60945 loops=3)
                                      Group Key: store_sales.ss_store_sk, store_sales.ss_item_sk
                                      ->  Sort  (cost=91115.29..91128.94 rows=5458 width=24) (actual time=361.362..374.999 rows=178682 loops=3)
                                            Sort Key: store_sales.ss_store_sk, store_sales.ss_item_sk
                                            Sort Method: external merge  Disk: 6320kB
                                            Worker 0:  Sort Method: quicksort  Memory: 15475kB
                                            Worker 1:  Sort Method: quicksort  Memory: 15455kB
                                            ->  Hash Join  (cost=2505.08..90776.51 rows=5458 width=24) (actual time=13.889..261.946 rows=181703 loops=3)
                                                  Hash Cond: (store_sales.ss_sold_date_sk = date_dim.d_date_sk)
                                                  ->  Parallel Seq Scan on store_sales  (cost=0.00..85123.48 rows=1199148 width=32) (actual time=0.014..124.986 rows=959309 loops=3)
                                                  ->  Hash  (cost=2500.73..2500.73 rows=348 width=8) (actual time=13.813..13.814 rows=365 loops=3)
                                                        Buckets: 1024  Batches: 1  Memory Usage: 23kB
                                                        ->  Seq Scan on date_dim  (cost=0.00..2500.73 rows=348 width=8) (actual time=6.304..13.767 rows=365 loops=3)
                                                              Filter: ((d_month_seq >= 1204) AND (d_month_seq <= 1215))
                                                              Rows Removed by Filter: 72684
                    ->  Materialize  (cost=92116.65..93900.32 rows=12 width=29) (actual time=402.113..500.874 rows=57859 loops=1)
                          ->  Merge Join  (cost=92116.65..93900.29 rows=12 width=29) (actual time=402.110..498.324 rows=6 loops=1)
                                Merge Cond: (store.s_store_sk = store_sales_1.ss_store_sk)
                                ->  Sort  (cost=1.34..1.37 rows=12 width=13) (actual time=0.021..0.024 rows=11 loops=1)
                                      Sort Key: store.s_store_sk
                                      Sort Method: quicksort  Memory: 25kB
                                      ->  Seq Scan on store  (cost=0.00..1.12 rows=12 width=13) (actual time=0.010..0.012 rows=12 loops=1)
                                ->  GroupAggregate  (cost=92115.32..93896.27 rows=200 width=16) (actual time=402.085..498.293 rows=7 loops=1)
                                      Group Key: store_sales_1.ss_store_sk
                                      ->  Finalize GroupAggregate  (cost=92115.32..93697.30 rows=13098 width=24) (actual time=383.602..491.432 rows=76831 loops=1)
                                            Group Key: store_sales_1.ss_store_sk, store_sales_1.ss_item_sk
                                            ->  Gather Merge  (cost=92115.32..93484.45 rows=10916 width=24) (actual time=383.592..462.915 rows=190362 loops=1)
                                                  Workers Planned: 2
                                                  Workers Launched: 2
                                                  ->  Partial GroupAggregate  (cost=91115.29..91224.45 rows=5458 width=24) (actual time=362.225..409.122 rows=63454 loops=3)
                                                        Group Key: store_sales_1.ss_store_sk, store_sales_1.ss_item_sk
                                                        ->  Sort  (cost=91115.29..91128.94 rows=5458 width=24) (actual time=362.215..374.157 rows=181703 loops=3)
                                                              Sort Key: store_sales_1.ss_store_sk, store_sales_1.ss_item_sk
                                                              Sort Method: external merge  Disk: 6312kB
                                                              Worker 0:  Sort Method: quicksort  Memory: 15465kB
                                                              Worker 1:  Sort Method: quicksort  Memory: 15476kB
                                                              ->  Hash Join  (cost=2505.08..90776.51 rows=5458 width=24) (actual time=13.366..260.467 rows=181703 loops=3)
                                                                    Hash Cond: (store_sales_1.ss_sold_date_sk = date_dim_1.d_date_sk)
                                                                    ->  Parallel Seq Scan on store_sales store_sales_1  (cost=0.00..85123.48 rows=1199148 width=32) (actual time=0.015..123.965 rows=959309 loops=3)
                                                                    ->  Hash  (cost=2500.73..2500.73 rows=348 width=8) (actual time=13.288..13.289 rows=365 loops=3)
                                                                          Buckets: 1024  Batches: 1  Memory Usage: 23kB
                                                                          ->  Seq Scan on date_dim date_dim_1  (cost=0.00..2500.73 rows=348 width=8) (actual time=6.312..13.243 rows=365 loops=3)
                                                                                Filter: ((d_month_seq >= 1204) AND (d_month_seq <= 1215))
                                                                                Rows Removed by Filter: 72684
              ->  Index Scan using pk_item on item  (cost=0.29..0.41 rows=1 width=177) (actual time=0.001..0.001 rows=1 loops=3840)
                    Index Cond: (i_item_sk = store_sales.ss_item_sk)
 s_store_name |                                                                                             i_item_desc                                                                                             |      revenue       | i_current_price | i_wholesale_cost |                      i_brand                       
--------------+-----------------------------------------------------------------------------------------------------------------------------------------------------------------------------------------------------+--------------------+-----------------+------------------+----------------------------------------------------
 able         | Able engineers should please only countries. Too modern principles meet for the tons. Organic, economic men say early, given manufact                                                               | 10.940000000000001 |            6.16 |             2.36 | amalgamalg #2                                     
 able         | About good titles could not remove actually now occasional needs. Fun women may show seriously high authorities. True, united women might not use. Clear                                            |              15.81 |            2.79 |             1.06 | corpcorp #2                                       
 able         | About head benefits could not like sure systems. Books get thus environmental areas; big, thin cities find. Previously hot holid                                                                    |               4.97 |            5.35 |             0.26 | edu packnameless #8                               
 able         | Abruptly possible seats will need probably available problems; poor, small is                                                                                                                       |              25.45 |            3.26 |             0.67 | edu packedu pack #2                               
 able         | Acceptable items will carry of course working types; events take about low, tall years.                                                                                                             |               5.36 |            2.65 |             0.73 | edu packamalg #2                                  
 able         | Accounts cannot add once more. Temporary police must emulate. Users shall not open earlier to a tasks; hills rest even influential relationships. Molecular girls prod                              |               5.33 |            4.81 |             3.94 | amalgunivamalg #10                                
 able         | Actions might not keep possible, annual areas. Possibly material policies will shoot of course. New others should not call however traditional, huge prospects. Concerned fans can examin           |              21.76 |            5.62 |              4.1 | scholarcorp #4                                    
 able         | Actually red others can neg                                                                                                                                                                         |              11.49 |            1.52 |             0.46 | maxiunivamalg #6                                  
 able         | Acute types would not live. Environmental, inner ideas beli                                                                                                                                         |              17.13 |            2.01 |             0.64 | amalgunivamalg #9                                 
 able         | Administrative, obvious ideas deal short various, only measures. Young honours happen then on the ears. Lines cannot write for a woods. Strategic police us                                         |               4.29 |            9.54 |             4.96 | namelessnameless #2                               
 able         | Again established years occur                                                                                                                                                                       |              18.73 |            3.78 |             3.97 | edu packamalg #2                                  
 able         | Again nuclear priorities may give. Various, public countries should suggest quite honours; strategic protests mean among a firms. Difficul                                                          |               6.68 |            9.73 |              3.4 | importoamalg #2                                   
 able         | Alive studies improve now new causes. Affairs must see abroad other decisions. Months would follow theoretically happy houses. Safe effects used to indicate more australian effect                 |              20.17 |            7.48 |             5.11 | edu packamalg #2                                  
 able         | Allegedly permanent workers shall last of course active cases; areas might flush just about a fingers. Other tears will promise jointly on behalf of a fragments. However objective months stay     |               1.02 |            6.62 |             5.42 | maxicorp #2                                       
 able         | Alleged thanks may fire either funds. Liberal friends might occupy today soci                                                                                                                       |               1.45 |             3.7 |             2.96 | exportiunivamalg #4                               
 able         | Alleged varieties operate in a years. English, young incentives attract for a concerns. Increasingly conscious reasons                                                                              |               1.38 |            4.45 |             2.58 | importoimporto #2                                 
 able         | Alone high d                                                                                                                                                                                        |              25.75 |            3.98 |             3.54 | importoscholar #2                                 
 able         | Alone, new votes check. Yet inc profits relax outright organisational, white aspirations;                                                                                                           |               2.26 |            4.48 |             1.92 | brandunivamalg #15                                
 able         | Already dark quarters demonstrate completely islamic windows; determined statements solve in particular oral relatives. New stations may play old, stro                                             |              10.28 |            9.29 |             7.52 | scholarbrand #8                                   
 able         | Already resulting guests will stop studies. Friends know also rates. Only old processes welcome usually. Final, difficult others could improve therefore safe,                                      |              22.51 |            4.76 |             6.29 | importoscholar #2                                 
 able         | Also combined authorities might get bad, english police. Modules will shift actually american views. Mass, good d                                                                                   |              14.04 |             6.1 |             2.81 | corpcorp #4                                       
 able         | Also difficult groups will read musical, sheer employees. Things may bother nevertheless tragic a                                                                                                   |               7.17 |             1.1 |             0.64 | edu packscholar #2                                
 able         | Also small origins learn arab cases. Quickly other details might talk more outside western points. Public, present difficulties could find sure sorry relations. Industries shall support           |              24.07 |            5.33 |                2 | brandcorp #2                                      
 able         | Always eastern plans would claim. More big feelings hold against no changes. As classic police could use from                                                                                       | 13.559999999999999 |            7.64 |             6.79 | exportinameless #7                                
 able         | Always eastern plans would claim. More big feelings hold against no changes. As classic police could use from                                                                                       |               4.53 |           42.76 |             6.79 | brandunivamalg #1                                 
 able         | Always historical directors could enlist. Subtle, foreign reasons used to go again important gifts. So bizarre stores can like traditional, fine c                                                  |               1.38 |            5.65 |             2.14 | amalgimporto #2                                   
 able         | American conditions change seriously. Thereby main armies talk profits. Groups w                                                                                                                    | 24.939999999999998 |            2.25 |             0.99 | importoimporto #2                                 
 able         | American shows will take. Original, female studies shall intervene desirable sounds. Unemployed, relevant parties will not reply brothers; similar, natural items used to present sh                |              20.47 |               4 |              2.8 | importoscholar #2                                 
 able         | Animals might worry against a others. Policies may commence; clearly new questions give for a things. Possible theories provide fast. Feelings might allow techniqu                                 |               2.76 |            0.12 |             0.05 | amalgedu pack #2                                  
 able         | Applicants might not preserve a little in a influences; high decisions articulate shares. Months would not face too old, level                                                                      |              22.42 |            3.47 |             1.76 | edu packbrand #2                                  
 able         | Appropriate expectatio                                                                                                                                                                              |               15.5 |            5.48 |             4.47 | importoedu pack #2                                
 able         | Arbitrary houses make like a creatures. Uniquely new minutes must not make rough, historic genes. Normally international sectors can d                                                              |              18.32 |            9.57 |             0.91 | corpbrand #4                                      
 able         | Armed sciences may listen in a causes. Only sophisticated men forget afterwards. Sentences raise etc really personal recommendations. Future places admit tonight mental years. Standards go friend |              27.71 |            4.39 |             23.2 | importoimporto #2                                 
 able         | Arms kill less designers. Countries must provide with a years; vital, adequate police come still by a places. Local, material schools come now secure models. Old ways teach. Implica               |               3.79 |             4.4 |             2.33 | amalgamalg #2                                     
 able         | Asleep styles should                                                                                                                                                                                |               1.57 |            1.07 |             0.62 | importoexporti #2                                 
 able         | As left calls carry ge                                                                                                                                                                              |               5.74 |            8.38 |             4.94 | exportischolar #2                                 
 able         | As valid duties pay generously to a others; average, huge friends can play fully alone, financial flowers. Weeks ask civil prob                                                                     |               18.9 |            4.58 |             2.43 | edu packedu pack #2                               
 able         | At all elegant restaurants can                                                                                                                                                                      | 24.130000000000003 |            9.91 |            33.41 | scholarunivamalg #10                              
 able         | At last honest agencies sustain examinations. Boats make by the pockets. Realistic, national residents must understand wonderful categ                                                              |              21.97 |            1.15 |             1.68 | edu packnameless #8                               
 able         | Attractive buildings may oblige necessarily for a acts; elements go about for a enquiries. Anyway moral flowers s                                                                                   |               2.91 |            1.52 |             0.66 | importoexporti #2                                 
 able         | Auditors lick long, financial police. Years care remains. Welsh, opposite quantities must provide both outdoor affairs. Teeth appear visibly other, similar changes. Often indu                     |              10.82 |            4.26 |             2.04 | univmaxi #2                                       
 able         | Average, negative musicians ought to compete at least angry, long feet. Clean companies smooth                                                                                                      |              26.47 |               4 |             3.24 | exportischolar #2                                 
 able         | Aware police worry. Great, useful models should point too objectively financial fami                                                                                                                |               0.82 |             2.8 |             4.17 | exporticorp #2                                    
 able         | Bad, concerned families support vocational students. Legal courses help feet. International troops would take                                                                                       |               4.18 |            1.08 |             0.41 | univmaxi #10                                      
 able         | Bad firms hear widely farms. Only, adequate boys join else naked companies. Married, glad minutes should not offer sharp, efficient weeks. Sooner occasional markets can rise more than             |                  0 |            2.18 |              1.3 | brandnameless #8                                  
 able         | Barely early studies speak to a plants; new persons shall take doubtless huge, odd changes. Average doors should say finally for a kinds. Major republics                                           |               7.26 |            3.46 |             1.45 | maxicorp #6                                       
 able         | Barriers may want. Totally white women prevent specially instead official patients. Only important figures cover by the groups; politica                                                            |               0.32 |            2.62 |             0.99 | importoimporto #2                                 
 able         | Bas                                                                                                                                                                                                 |              20.23 |            3.62 |              1.3 | edu packimporto #2                                
 able         | Basic services continue. Wounds shall not say equally police. Terms run again factors. Wonderful, royal others can let seriously mechanical benefits; much collective officials ought               |              14.59 |            7.66 |             4.59 | importoedu pack #2                                
 able         | Best equal payments like chiefly with a sums. As opposite resources should not convince culturally modules. So social policies like generally all similar workers.                                  |              15.92 |            5.96 |             4.47 | corpcorp #6                                       
 able         | Bi                                                                                                                                                                                                  |              18.75 |            3.87 |              2.9 | importonameless #4                                
 able         | Big rights must help much young, maximum conditions. Simply other quantities used to blame as successful improvements. Plans m                                                                      |               3.61 |            2.54 |             2.13 | exportiexporti #2                                 
 able         | Bills take. Workers may not bring significant, visible agencies. Parties shall not generate very young boots. Earlier final shares meet still large foods. Following pages o                        |               0.34 |           85.57 |            64.17 | amalgscholar #2                                   
 able         | Birds could argue present                                                                                                                                                                           |              16.21 |            4.78 |             3.29 | importoimporto #2                                 
 able         | Black, necessary uses must get later. Moreover new sectors call. Proposals see as useful prices. Act                                                                                                |              24.13 |            3.24 |             0.69 | edu packexporti #2                                
 able         | Black, small girls welcome marine,                                                                                                                                                                  |              11.76 |            0.95 |             1.49 | edu packedu pack #2                               
 able         | Black, sound purposes can go generally then giant speeches. Complete, payable books mould dirty, possible changes. Efficient, terrible relation                                                     |              12.12 |            3.52 |             2.67 | exportiedu pack #2                                
 able         | Blocks will not sit sure, serious fragm                                                                                                                                                             |               3.66 |            4.15 |             4.24 | exportiamalg #2                                   
 able         | Blue actions turn. Other, young girls might not make in a sides. Now legal industries should allow only; central, dominant childr                                                                   |               7.35 |            8.48 |             5.14 | amalgamalg #2                                     
 able         | Blue errors fail for a comparisons. Councils would understand outside as a views. Black children hear obvious children. Only early windows will not discuss                                         |              12.63 |            6.39 |             3.77 | corpmaxi #10                                      
 able         | Boys must answer particularly patient, civil eyes; continuous years create fast mainly whole schemes; extended, alone                                                                               |              10.37 |             3.1 |             0.91 | univamalgamalg #4                                 
 able         | Brave lights experiment so. Glasses can act big, shared females. New signs ensure comm                                                                                                              |              15.43 |            3.51 |             0.23 | amalgscholar #2                                   
 able         | British masses account very never close views. Applicable, aware combinations try simply large days; well racial methods produce mo                                                                 |              11.72 |            7.91 |             0.97 | importoexporti #2                                 
 able         | British refugees shall enter often libraries. Hard pensions could e                                                                                                                                 |              28.21 |            8.71 |             5.22 | univbrand #8                                      
 able         | British, rough conditions see only industrial studies. Central waters would not stimulate all only sums. Engl                                                                                       |               0.64 |            3.38 |             1.08 | namelessnameless #4                               
 able         | British, specific gr                                                                                                                                                                                |              26.37 |           15.66 |            12.37 | edu packscholar #2                                
 able         | Broad effects reveal. Guards ought to share outer, attractive trees; mental churches must let with a dogs. Outer, essential authorities shall                                                       |              26.07 |            3.46 |             3.62 | amalgunivamalg #4                                 
 able         | C                                                                                                                                                                                                   |                3.2 |            5.66 |             2.37 | amalgimporto #2                                   
 able         | Careful firms should not drop late. Hurriedly early types raise perhaps clear, concerned poles. Final, new appr                                                                                     |                  0 |            0.44 |             0.17 | exportiexporti #2                                 
 able         | Cases ask to the things. Particular parts change royal, private pilots. Blue, social seconds stay else with the days. Considerations join. Eyes will argue                                          |              15.55 |           69.79 |             1.08 | brandmaxi #4                                      
 able         | Cases could get. Just, deep incentives shall invoke. Especially swiss entries make always. Permanent, isolated charges might find both so confident time                                            |              19.35 |            5.08 |              1.6 | exportiedu pack #2                                
 able         | Cases he                                                                                                                                                                                            |               10.1 |           84.77 |             5.05 | amalgedu pack #2                                  
 able         | Cases must complete for a                                                                                                                                                                           |               2.22 |            3.43 |             1.23 | namelessbrand #4                                  
 able         | Central councils would not take procedures. Increased problems will not depend much interested, different elections. A                                                                              |               27.9 |            2.52 |             3.03 | edu packedu pack #2                               
 able         | Central, historic buildings warn substantial, cold districts. Historical, autonomous shares see detectives; positions contemplate partial, dark w                                                   |              22.04 |            2.78 |             0.94 | importoedu pack #2                                
 able         | Certain, true employers should get surely by an germans. Then fie                                                                                                                                   |               1.94 |            4.39 |                3 | exportischolar #2                                 
 able         | Charges mean years; universal, empirical years affect most in a                                                                                                                                     |               6.46 |            9.02 |              3.4 | univunivamalg #10                                 
 able         | Childr                                                                                                                                                                                              |              15.52 |            6.12 |             4.52 | exportiamalgamalg #4                              
 able         | Children should evolve at a increases. Sufficient ideas might close children. Corporate parents use new moves. Young structures                                                                     |              27.32 |            8.83 |             0.89 | exporticorp #2                                    
 able         | Chinese arguments                                                                                                                                                                                   |              12.38 |            5.33 |             4.74 | scholarnameless #8                                
 able         | Chinese, representative opportunities develop pieces. Certainly bad characteristics take orders. Internal clothes must start frames; animals investig                                               |              15.36 |            1.42 |             1.15 | edu packmaxi #10                                  
 able         | Christian                                                                                                                                                                                           |              24.28 |            3.43 |             3.44 | importoexporti #2                                 
 able         | Chronic couples should                                                                                                                                                                              |               2.32 |            0.61 |             0.39 | importoimporto #2                                 
 able         | Clear, able sales deter in a groups. Bodies share long well similar persons. Important, retail others ought to apply main members. Be                                                               |              18.26 |             1.7 |             1.29 | edu packimporto #2                                
 able         | Clearly spiritual weeks think sort of common officers. Large, forward cases would not both                                                                                                          |                9.4 |           27.51 |             2.93 | amalgunivamalg #10                                
 able         | Clear, new years allow. Writers master select years. Rapid, tiny schools might explain kinds. Experiences write about servants; used holidays should attack kilometres.                             | 21.279999999999998 |            4.07 |             3.57 | amalgscholar #2                                   
 able         | Clients phone upstai                                                                                                                                                                                |               0.67 |            3.78 |             2.98 | namelesscorp #6                                   
 able         | Close, large techniques might not attach especial                                                                                                                                                   |               2.65 |            3.62 |             1.59 | exportiimporto #2                                 
 able         | Closely sufficient layers appear more available, surprised variations. Important stations discover so. Very strong hands set between a police. New, pale words change otherwise full terms. A       |               8.32 |           98.89 |            54.38 | corpmaxi #10                                      
 able         | Commitments shall deliver; problems declare stars. Exact, local centres avoid as elderly instances. Just bitter views shift true, interesting                                                       |              19.75 |            0.92 |             0.63 | scholarmaxi #4                                    
 able         | Common, blind details opt wildly for a forms; ordinary, other students must search safe sales. Great demands used to ensur                                                                          |              27.34 |            9.31 |             5.67 | exportiedu pack #2                                
 able         | Communist, strange seasons shall harden through a women. Main runs shall accept unique assets. Substantial, conf                                                                                    |              26.97 |           71.85 |            60.35 | corpunivamalg #5                                  
 able         | Companies will join personal stars. Positive, european hills would not mean anyway other than a women. Full, future things could not engage currently on the differences.                           |              24.89 |            6.78 |             2.04 | brandbrand #2                                     
 able         | Comparable items think early, full cultures. Most bare places realiz                                                                                                                                |              25.08 |            2.62 |             1.93 | amalgedu pack #2                                  
 able         | Complete applications would not make parents. Exhibitions must not read later. Advanced companies base significantly now other pp.. Now real pool                                                   |              27.39 |            0.42 |             0.26 | exportinameless #10                               
 able         | Complete, national kinds eliminate smoothly other definitions. So extra systems will not play sometimes towards a hors                                                                              |               9.31 |            4.01 |             3.04 | exportiedu pack #2                                
 able         | Complex, total negotiations can provide therefo                                                                                                                                                     |              20.01 |            1.27 |             3.19 | exportiimporto #2                                 
 able         | Comprehensive laws give also affairs. Clear wings shall not increase sometimes. Numb                                                                                                                |               1.18 |            9.85 |              6.3 | exportiedu pack #2                                
 able         | Concerns would not understand only existing men. Possible, marvellous magistra                                                                                                                      |              14.27 |            9.11 |             5.37 | edu packamalg #2                                  
 able         | Considerable, certain workers add conditions. Almost lon                                                                                                                                            |               2.94 |            3.58 |             1.76 | importoscholar #2                                 
(100 rows)

UPDATE time_statistics SET e_time = TRANSACTION_TIMESTAMP() WHERE template = 'query65.tpl' AND stream = 1;
psql:/tmp/s1-basline/throughput/query_1.sql:3720: NOTICE:  duration: 0.063 ms  plan:
Query Text: UPDATE time_statistics SET e_time = TRANSACTION_TIMESTAMP() WHERE template = 'query65.tpl' AND stream = 1;
Update on time_statistics  (cost=0.00..10.57 rows=0 width=0) (actual time=0.063..0.063 rows=0 loops=1)
  ->  Seq Scan on time_statistics  (cost=0.00..10.57 rows=1 width=14) (actual time=0.049..0.049 rows=1 loops=1)
        Filter: ((template = 'query65.tpl'::text) AND (stream = 1))
        Rows Removed by Filter: 329
UPDATE 1
LOAD 'auto_explain'; SET auto_explain.log_min_duration TO 0; SET auto_explain.log_analyze TO on; SET auto_explain.log_level TO notice; INSERT INTO time_statistics (template, s_time, stream, query, seed) VALUES ('../query_postgresql/query70.tpl', TRANSACTION_TIMESTAMP(), 1, 73, 1904948372);
LOAD
SET
SET
SET
psql:/tmp/s1-basline/throughput/query_1.sql:3721: NOTICE:  duration: 0.008 ms  plan:
Query Text: INSERT INTO time_statistics (template, s_time, stream, query, seed) VALUES ('../query_postgresql/query70.tpl', TRANSACTION_TIMESTAMP(), 1, 73, 1904948372);
Insert on time_statistics  (cost=0.00..0.01 rows=0 width=0) (actual time=0.008..0.008 rows=0 loops=1)
  ->  Result  (cost=0.00..0.01 rows=1 width=64) (actual time=0.001..0.002 rows=1 loops=1)
INSERT 0 1
with results as
( select
    sum(ss_net_profit) as total_sum ,s_state ,s_county, 0 as gstate, 0 as g_county
 from
    store_sales
  ,date_dim      d1
  ,store
 where
    d1.d_month_seq between 1195 and 1195 + 11
 and d1.d_date_sk = ss_sold_date_sk
 and s_store_sk  = ss_store_sk
 and s_state in
            ( select s_state
              from  (select s_state as s_state,
                 rank() over ( partition by s_state order by sum(ss_net_profit) desc) as ranking
                      from  store_sales, store, date_dim
                      where d_month_seq between 1195 and 1195 + 11
                 and d_date_sk = ss_sold_date_sk
                 and s_store_sk  = ss_store_sk
                      group by s_state
                    ) tmp1 
              where ranking <= 5)
  group by s_state,s_county) ,  
 results_rollup as 
(select total_sum ,s_state ,s_county, 0 as g_state, 0 as g_county, 0 as lochierarchy from results
 union
 select sum(total_sum) as total_sum,s_state, NULL as s_county, 0 as g_state, 1 as g_county, 1 as lochierarchy from results group by s_state
 union
 select sum(total_sum) as total_sum ,NULL as s_state ,NULL as s_county, 1 as g_state, 1 as g_county, 2 as lochierarchy from results)
  select  total_sum ,s_state ,s_county, lochierarchy 
  ,rank() over (
     partition by lochierarchy, 
     case when g_county = 0 then s_state end 
     order by total_sum desc) as rank_within_parent
 from results_rollup
 order by
  lochierarchy desc
  ,case when lochierarchy = 0 then s_state end
  ,rank_within_parent
 limit 100;
psql:/tmp/s1-basline/throughput/query_1.sql:3761: NOTICE:  duration: 1044.418 ms  plan:
Query Text: with results as
( select
    sum(ss_net_profit) as total_sum ,s_state ,s_county, 0 as gstate, 0 as g_county
 from
    store_sales
  ,date_dim      d1
  ,store
 where
    d1.d_month_seq between 1195 and 1195 + 11
 and d1.d_date_sk = ss_sold_date_sk
 and s_store_sk  = ss_store_sk
 and s_state in
            ( select s_state
              from  (select s_state as s_state,
                 rank() over ( partition by s_state order by sum(ss_net_profit) desc) as ranking
                      from  store_sales, store, date_dim
                      where d_month_seq between 1195 and 1195 + 11
                 and d_date_sk = ss_sold_date_sk
                 and s_store_sk  = ss_store_sk
                      group by s_state
                    ) tmp1 
              where ranking <= 5)
  group by s_state,s_county) ,  
 results_rollup as 
(select total_sum ,s_state ,s_county, 0 as g_state, 0 as g_county, 0 as lochierarchy from results
 union
 select sum(total_sum) as total_sum,s_state, NULL as s_county, 0 as g_state, 1 as g_county, 1 as lochierarchy from results group by s_state
 union
 select sum(total_sum) as total_sum ,NULL as s_state ,NULL as s_county, 1 as g_state, 1 as g_county, 2 as lochierarchy from results)
  select  total_sum ,s_state ,s_county, lochierarchy 
  ,rank() over (
     partition by lochierarchy, 
     case when g_county = 0 then s_state end 
     order by total_sum desc) as rank_within_parent
 from results_rollup
 order by
  lochierarchy desc
  ,case when lochierarchy = 0 then s_state end
  ,rank_within_parent
 limit 100;
Limit  (cost=185980.51..185980.52 rows=3 width=148) (actual time=971.675..1044.404 rows=3 loops=1)
  CTE results
    ->  GroupAggregate  (cost=184275.69..185980.14 rows=1 width=37) (actual time=971.632..1044.358 rows=1 loops=1)
          Group Key: store.s_state, store.s_county
          ->  Merge Join  (cost=184275.69..185886.46 rows=12489 width=29) (actual time=728.918..980.587 rows=539607 loops=1)
                Merge Cond: (store.s_state = store_1.s_state)
                ->  Gather Merge  (cost=92118.19..93572.74 rows=12489 width=29) (actual time=348.782..529.160 rows=539607 loops=1)
                      Workers Planned: 2
                      Workers Launched: 2
                      ->  Sort  (cost=91118.16..91131.17 rows=5204 width=29) (actual time=343.792..368.420 rows=179869 loops=3)
                            Sort Key: store.s_state, store.s_county
                            Sort Method: external merge  Disk: 8240kB
                            Worker 0:  Sort Method: quicksort  Memory: 15598kB
                            Worker 1:  Sort Method: quicksort  Memory: 15312kB
                            ->  Hash Join  (cost=2506.35..90796.94 rows=5204 width=29) (actual time=13.940..298.298 rows=179869 loops=3)
                                  Hash Cond: (store_sales.ss_store_sk = store.s_store_sk)
                                  ->  Hash Join  (cost=2505.08..90776.51 rows=5458 width=16) (actual time=13.807..270.383 rows=184278 loops=3)
                                        Hash Cond: (store_sales.ss_sold_date_sk = d1.d_date_sk)
                                        ->  Parallel Seq Scan on store_sales  (cost=0.00..85123.48 rows=1199148 width=24) (actual time=0.017..125.584 rows=959309 loops=3)
                                        ->  Hash  (cost=2500.73..2500.73 rows=348 width=8) (actual time=13.767..13.768 rows=366 loops=3)
                                              Buckets: 1024  Batches: 1  Memory Usage: 23kB
                                              ->  Seq Scan on date_dim d1  (cost=0.00..2500.73 rows=348 width=8) (actual time=6.389..13.721 rows=366 loops=3)
                                                    Filter: ((d_month_seq >= 1195) AND (d_month_seq <= 1206))
                                                    Rows Removed by Filter: 72683
                                  ->  Hash  (cost=1.12..1.12 rows=12 width=29) (actual time=0.032..0.033 rows=12 loops=3)
                                        Buckets: 1024  Batches: 1  Memory Usage: 9kB
                                        ->  Seq Scan on store  (cost=0.00..1.12 rows=12 width=29) (actual time=0.023..0.027 rows=12 loops=3)
                ->  WindowAgg  (cost=92157.50..92157.58 rows=2 width=19) (actual time=380.131..380.201 rows=1 loops=1)
                      Run Condition: (rank() OVER (?) <= 5)
                      ->  Incremental Sort  (cost=92157.50..92157.55 rows=2 width=11) (actual time=380.124..380.193 rows=1 loops=1)
                            Sort Key: store_1.s_state, (sum(store_sales_1.ss_net_profit)) DESC
                            Presorted Key: store_1.s_state
                            Full-sort Groups: 1  Sort Method: quicksort  Average Memory: 25kB  Peak Memory: 25kB
                            ->  Finalize GroupAggregate  (cost=92118.19..92157.48 rows=1 width=11) (actual time=380.109..380.178 rows=1 loops=1)
                                  Group Key: store_1.s_state
                                  ->  Gather Merge  (cost=92118.19..92157.46 rows=2 width=11) (actual time=380.104..380.173 rows=3 loops=1)
                                        Workers Planned: 2
                                        Workers Launched: 2
                                        ->  Partial GroupAggregate  (cost=91118.16..91157.20 rows=1 width=11) (actual time=358.866..358.869 rows=1 loops=3)
                                              Group Key: store_1.s_state
                                              ->  Sort  (cost=91118.16..91131.17 rows=5204 width=11) (actual time=326.921..337.827 rows=179869 loops=3)
                                                    Sort Key: store_1.s_state
                                                    Sort Method: external merge  Disk: 5648kB
                                                    Worker 0:  Sort Method: quicksort  Memory: 13565kB
                                                    Worker 1:  Sort Method: quicksort  Memory: 13558kB
                                                    ->  Hash Join  (cost=2506.35..90796.94 rows=5204 width=11) (actual time=13.844..295.972 rows=179869 loops=3)
                                                          Hash Cond: (store_sales_1.ss_store_sk = store_1.s_store_sk)
                                                          ->  Hash Join  (cost=2505.08..90776.51 rows=5458 width=16) (actual time=13.753..269.195 rows=184278 loops=3)
                                                                Hash Cond: (store_sales_1.ss_sold_date_sk = date_dim.d_date_sk)
                                                                ->  Parallel Seq Scan on store_sales store_sales_1  (cost=0.00..85123.48 rows=1199148 width=24) (actual time=0.015..124.073 rows=959309 loops=3)
                                                                ->  Hash  (cost=2500.73..2500.73 rows=348 width=8) (actual time=13.716..13.717 rows=366 loops=3)
                                                                      Buckets: 1024  Batches: 1  Memory Usage: 23kB
                                                                      ->  Seq Scan on date_dim  (cost=0.00..2500.73 rows=348 width=8) (actual time=6.596..13.669 rows=366 loops=3)
                                                                            Filter: ((d_month_seq >= 1195) AND (d_month_seq <= 1206))
                                                                            Rows Removed by Filter: 72683
                                                          ->  Hash  (cost=1.12..1.12 rows=12 width=11) (actual time=0.039..0.039 rows=12 loops=3)
                                                                Buckets: 1024  Batches: 1  Memory Usage: 9kB
                                                                ->  Seq Scan on store store_1  (cost=0.00..1.12 rows=12 width=11) (actual time=0.028..0.032 rows=12 loops=3)
  ->  Sort  (cost=0.38..0.38 rows=3 width=148) (actual time=971.674..971.677 rows=3 loops=1)
        Sort Key: results_rollup.lochierarchy DESC, (CASE WHEN (results_rollup.lochierarchy = 0) THEN results_rollup.s_state ELSE NULL::bpchar END), (rank() OVER (?))
        Sort Method: quicksort  Memory: 25kB
        ->  WindowAgg  (cost=0.27..0.35 rows=3 width=148) (actual time=971.667..971.672 rows=3 loops=1)
              ->  Sort  (cost=0.27..0.28 rows=3 width=108) (actual time=971.661..971.663 rows=3 loops=1)
                    Sort Key: results_rollup.lochierarchy, (CASE WHEN (results_rollup.g_county = 0) THEN results_rollup.s_state ELSE NULL::bpchar END), results_rollup.total_sum DESC
                    Sort Method: quicksort  Memory: 25kB
                    ->  Subquery Scan on results_rollup  (cost=0.18..0.24 rows=3 width=108) (actual time=971.655..971.658 rows=3 loops=1)
                          ->  HashAggregate  (cost=0.18..0.21 rows=3 width=84) (actual time=971.653..971.655 rows=3 loops=1)
                                Group Key: results.total_sum, results.s_state, results.s_county, (0), (0), (0)
                                Batches: 1  Memory Usage: 24kB
                                ->  Append  (cost=0.00..0.13 rows=3 width=84) (actual time=971.636..971.647 rows=3 loops=1)
                                      ->  CTE Scan on results  (cost=0.00..0.02 rows=1 width=110) (actual time=971.635..971.636 rows=1 loops=1)
                                      ->  HashAggregate  (cost=0.02..0.03 rows=1 width=64) (actual time=0.004..0.005 rows=1 loops=1)
                                            Group Key: results_1.s_state
                                            Batches: 1  Memory Usage: 24kB
                                            ->  CTE Scan on results results_1  (cost=0.00..0.02 rows=1 width=20) (actual time=0.000..0.001 rows=1 loops=1)
                                      ->  Aggregate  (cost=0.02..0.03 rows=1 width=84) (actual time=0.003..0.003 rows=1 loops=1)
                                            ->  CTE Scan on results results_2  (cost=0.00..0.02 rows=1 width=8) (actual time=0.000..0.001 rows=1 loops=1)
     total_sum      | s_state |     s_county      | lochierarchy | rank_within_parent 
--------------------+---------+-------------------+--------------+--------------------
 -442355173.8500047 |         |                   |            2 |                  1
 -442355173.8500047 | TN      |                   |            1 |                  1
 -442355173.8500047 | TN      | Williamson County |            0 |                  1
(3 rows)

UPDATE time_statistics SET e_time = TRANSACTION_TIMESTAMP() WHERE template = '../query_postgresql/query70.tpl' AND stream = 1;
psql:/tmp/s1-basline/throughput/query_1.sql:3763: NOTICE:  duration: 0.067 ms  plan:
Query Text: UPDATE time_statistics SET e_time = TRANSACTION_TIMESTAMP() WHERE template = '../query_postgresql/query70.tpl' AND stream = 1;
Update on time_statistics  (cost=0.00..10.57 rows=0 width=0) (actual time=0.066..0.066 rows=0 loops=1)
  ->  Seq Scan on time_statistics  (cost=0.00..10.57 rows=1 width=14) (actual time=0.052..0.052 rows=1 loops=1)
        Filter: ((template = '../query_postgresql/query70.tpl'::text) AND (stream = 1))
        Rows Removed by Filter: 330
UPDATE 1
LOAD 'auto_explain'; SET auto_explain.log_min_duration TO 0; SET auto_explain.log_analyze TO on; SET auto_explain.log_level TO notice; INSERT INTO time_statistics (template, s_time, stream, query, seed) VALUES ('../query_postgresql/query49.tpl', TRANSACTION_TIMESTAMP(), 1, 74, 815625963);
LOAD
SET
SET
SET
psql:/tmp/s1-basline/throughput/query_1.sql:3764: NOTICE:  duration: 0.009 ms  plan:
Query Text: INSERT INTO time_statistics (template, s_time, stream, query, seed) VALUES ('../query_postgresql/query49.tpl', TRANSACTION_TIMESTAMP(), 1, 74, 815625963);
Insert on time_statistics  (cost=0.00..0.01 rows=0 width=0) (actual time=0.008..0.008 rows=0 loops=1)
  ->  Result  (cost=0.00..0.01 rows=1 width=64) (actual time=0.001..0.001 rows=1 loops=1)
INSERT 0 1
select  channel, item, return_ratio, return_rank, currency_rank from
 (select
 'web' as channel
 ,web.item
 ,web.return_ratio
 ,web.return_rank
 ,web.currency_rank
 from (
 	select 
 	 item
 	,return_ratio
 	,currency_ratio
 	,rank() over (order by return_ratio) as return_rank
 	,rank() over (order by currency_ratio) as currency_rank
 	from
 	(	select ws.ws_item_sk as item
 		,(cast(sum(coalesce(wr.wr_return_quantity,0)) as decimal(15,4))/
 		cast(sum(coalesce(ws.ws_quantity,0)) as decimal(15,4) )) as return_ratio
 		,(cast(sum(coalesce(wr.wr_return_amt,0)) as decimal(15,4))/
 		cast(sum(coalesce(ws.ws_net_paid,0)) as decimal(15,4) )) as currency_ratio
 		from 
 		 web_sales ws left outer join web_returns wr 
 			on (ws.ws_order_number = wr.wr_order_number and 
 			ws.ws_item_sk = wr.wr_item_sk)
                 ,date_dim
 		where 
 			wr.wr_return_amt > 10000 
 			and ws.ws_net_profit > 1
                         and ws.ws_net_paid > 0
                         and ws.ws_quantity > 0
                         and ws_sold_date_sk = d_date_sk
                         and d_year = 2001
                         and d_moy = 11
 		group by ws.ws_item_sk
 	) in_web
 ) web
 where 
 (
 web.return_rank <= 10
 or
 web.currency_rank <= 10
 )
 union
 select 
 'catalog' as channel
 ,catalog.item
 ,catalog.return_ratio
 ,catalog.return_rank
 ,catalog.currency_rank
 from (
 	select 
 	 item
 	,return_ratio
 	,currency_ratio
 	,rank() over (order by return_ratio) as return_rank
 	,rank() over (order by currency_ratio) as currency_rank
 	from
 	(	select 
 		cs.cs_item_sk as item
 		,(cast(sum(coalesce(cr.cr_return_quantity,0)) as decimal(15,4))/
 		cast(sum(coalesce(cs.cs_quantity,0)) as decimal(15,4) )) as return_ratio
 		,(cast(sum(coalesce(cr.cr_return_amount,0)) as decimal(15,4))/
 		cast(sum(coalesce(cs.cs_net_paid,0)) as decimal(15,4) )) as currency_ratio
 		from 
 		catalog_sales cs left outer join catalog_returns cr
 			on (cs.cs_order_number = cr.cr_order_number and 
 			cs.cs_item_sk = cr.cr_item_sk)
                ,date_dim
 		where 
 			cr.cr_return_amount > 10000 
 			and cs.cs_net_profit > 1
                         and cs.cs_net_paid > 0
                         and cs.cs_quantity > 0
                         and cs_sold_date_sk = d_date_sk
                         and d_year = 2001
                         and d_moy = 11
                 group by cs.cs_item_sk
 	) in_cat
 ) catalog
 where 
 (
 catalog.return_rank <= 10
 or
 catalog.currency_rank <=10
 )
 union
 select 
 'store' as channel
 ,store.item
 ,store.return_ratio
 ,store.return_rank
 ,store.currency_rank
 from (
 	select 
 	 item
 	,return_ratio
 	,currency_ratio
 	,rank() over (order by return_ratio) as return_rank
 	,rank() over (order by currency_ratio) as currency_rank
 	from
 	(	select sts.ss_item_sk as item
 		,(cast(sum(coalesce(sr.sr_return_quantity,0)) as decimal(15,4))/cast(sum(coalesce(sts.ss_quantity,0)) as decimal(15,4) )) as return_ratio
 		,(cast(sum(coalesce(sr.sr_return_amt,0)) as decimal(15,4))/cast(sum(coalesce(sts.ss_net_paid,0)) as decimal(15,4) )) as currency_ratio
 		from 
 		store_sales sts left outer join store_returns sr
 			on (sts.ss_ticket_number = sr.sr_ticket_number and sts.ss_item_sk = sr.sr_item_sk)
                ,date_dim
 		where 
 			sr.sr_return_amt > 10000 
 			and sts.ss_net_profit > 1
                         and sts.ss_net_paid > 0 
                         and sts.ss_quantity > 0
                         and ss_sold_date_sk = d_date_sk
                         and d_year = 2001
                         and d_moy = 11
 		group by sts.ss_item_sk
 	) in_store
 ) store
 where  (
 store.return_rank <= 10
 or 
 store.currency_rank <= 10
 )
 ) query49
 order by 1,4,5,2
 limit 100;
psql:/tmp/s1-basline/throughput/query_1.sql:3890: NOTICE:  duration: 109.960 ms  plan:
Query Text: select  channel, item, return_ratio, return_rank, currency_rank from
 (select
 'web' as channel
 ,web.item
 ,web.return_ratio
 ,web.return_rank
 ,web.currency_rank
 from (
 	select 
 	 item
 	,return_ratio
 	,currency_ratio
 	,rank() over (order by return_ratio) as return_rank
 	,rank() over (order by currency_ratio) as currency_rank
 	from
 	(	select ws.ws_item_sk as item
 		,(cast(sum(coalesce(wr.wr_return_quantity,0)) as decimal(15,4))/
 		cast(sum(coalesce(ws.ws_quantity,0)) as decimal(15,4) )) as return_ratio
 		,(cast(sum(coalesce(wr.wr_return_amt,0)) as decimal(15,4))/
 		cast(sum(coalesce(ws.ws_net_paid,0)) as decimal(15,4) )) as currency_ratio
 		from 
 		 web_sales ws left outer join web_returns wr 
 			on (ws.ws_order_number = wr.wr_order_number and 
 			ws.ws_item_sk = wr.wr_item_sk)
                 ,date_dim
 		where 
 			wr.wr_return_amt > 10000 
 			and ws.ws_net_profit > 1
                         and ws.ws_net_paid > 0
                         and ws.ws_quantity > 0
                         and ws_sold_date_sk = d_date_sk
                         and d_year = 2001
                         and d_moy = 11
 		group by ws.ws_item_sk
 	) in_web
 ) web
 where 
 (
 web.return_rank <= 10
 or
 web.currency_rank <= 10
 )
 union
 select 
 'catalog' as channel
 ,catalog.item
 ,catalog.return_ratio
 ,catalog.return_rank
 ,catalog.currency_rank
 from (
 	select 
 	 item
 	,return_ratio
 	,currency_ratio
 	,rank() over (order by return_ratio) as return_rank
 	,rank() over (order by currency_ratio) as currency_rank
 	from
 	(	select 
 		cs.cs_item_sk as item
 		,(cast(sum(coalesce(cr.cr_return_quantity,0)) as decimal(15,4))/
 		cast(sum(coalesce(cs.cs_quantity,0)) as decimal(15,4) )) as return_ratio
 		,(cast(sum(coalesce(cr.cr_return_amount,0)) as decimal(15,4))/
 		cast(sum(coalesce(cs.cs_net_paid,0)) as decimal(15,4) )) as currency_ratio
 		from 
 		catalog_sales cs left outer join catalog_returns cr
 			on (cs.cs_order_number = cr.cr_order_number and 
 			cs.cs_item_sk = cr.cr_item_sk)
                ,date_dim
 		where 
 			cr.cr_return_amount > 10000 
 			and cs.cs_net_profit > 1
                         and cs.cs_net_paid > 0
                         and cs.cs_quantity > 0
                         and cs_sold_date_sk = d_date_sk
                         and d_year = 2001
                         and d_moy = 11
                 group by cs.cs_item_sk
 	) in_cat
 ) catalog
 where 
 (
 catalog.return_rank <= 10
 or
 catalog.currency_rank <=10
 )
 union
 select 
 'store' as channel
 ,store.item
 ,store.return_ratio
 ,store.return_rank
 ,store.currency_rank
 from (
 	select 
 	 item
 	,return_ratio
 	,currency_ratio
 	,rank() over (order by return_ratio) as return_rank
 	,rank() over (order by currency_ratio) as currency_rank
 	from
 	(	select sts.ss_item_sk as item
 		,(cast(sum(coalesce(sr.sr_return_quantity,0)) as decimal(15,4))/cast(sum(coalesce(sts.ss_quantity,0)) as decimal(15,4) )) as return_ratio
 		,(cast(sum(coalesce(sr.sr_return_amt,0)) as decimal(15,4))/cast(sum(coalesce(sts.ss_net_paid,0)) as decimal(15,4) )) as currency_ratio
 		from 
 		store_sales sts left outer join store_returns sr
 			on (sts.ss_ticket_number = sr.sr_ticket_number and sts.ss_item_sk = sr.sr_item_sk)
                ,date_dim
 		where 
 			sr.sr_return_amt > 10000 
 			and sts.ss_net_profit > 1
                         and sts.ss_net_paid > 0 
                         and sts.ss_quantity > 0
                         and ss_sold_date_sk = d_date_sk
                         and d_year = 2001
                         and d_moy = 11
 		group by sts.ss_item_sk
 	) in_store
 ) store
 where  (
 store.return_rank <= 10
 or 
 store.currency_rank <= 10
 )
 ) query49
 order by 1,4,5,2
 limit 100;
Limit  (cost=22516.98..22516.99 rows=3 width=88) (actual time=109.919..109.936 rows=35 loops=1)
  ->  Sort  (cost=22516.98..22516.99 rows=3 width=88) (actual time=109.918..109.932 rows=35 loops=1)
        Sort Key: ('web'::text), web.return_rank, web.currency_rank, web.item
        Sort Method: quicksort  Memory: 27kB
        ->  HashAggregate  (cost=22516.90..22516.93 rows=3 width=88) (actual time=109.887..109.906 rows=35 loops=1)
              Group Key: ('web'::text), web.item, web.return_ratio, web.return_rank, web.currency_rank
              Batches: 1  Memory Usage: 32kB
              ->  Append  (cost=4434.66..22516.86 rows=3 width=88) (actual time=14.769..109.846 rows=35 loops=1)
                    ->  Subquery Scan on web  (cost=4434.66..4434.69 rows=1 width=88) (actual time=14.768..14.789 rows=12 loops=1)
                          Filter: ((web.return_rank <= 10) OR (web.currency_rank <= 10))
                          Rows Removed by Filter: 8
                          ->  WindowAgg  (cost=4434.66..4434.68 rows=1 width=88) (actual time=14.767..14.784 rows=20 loops=1)
                                ->  Sort  (cost=4434.66..4434.66 rows=1 width=80) (actual time=14.764..14.769 rows=20 loops=1)
                                      Sort Key: in_web.return_ratio
                                      Sort Method: quicksort  Memory: 26kB
                                      ->  WindowAgg  (cost=4434.63..4434.65 rows=1 width=80) (actual time=14.742..14.761 rows=20 loops=1)
                                            ->  Sort  (cost=4434.63..4434.63 rows=1 width=72) (actual time=14.735..14.740 rows=20 loops=1)
                                                  Sort Key: in_web.currency_ratio
                                                  Sort Method: quicksort  Memory: 26kB
                                                  ->  Subquery Scan on in_web  (cost=4434.56..4434.62 rows=1 width=72) (actual time=14.678..14.731 rows=20 loops=1)
                                                        ->  GroupAggregate  (cost=4434.56..4434.61 rows=1 width=72) (actual time=14.677..14.728 rows=20 loops=1)
                                                              Group Key: ws.ws_item_sk
                                                              ->  Sort  (cost=4434.56..4434.56 rows=1 width=32) (actual time=14.658..14.661 rows=20 loops=1)
                                                                    Sort Key: ws.ws_item_sk
                                                                    Sort Method: quicksort  Memory: 26kB
                                                                    ->  Nested Loop  (cost=0.72..4434.55 rows=1 width=32) (actual time=0.304..14.650 rows=20 loops=1)
                                                                          ->  Nested Loop  (cost=0.42..4434.22 rows=1 width=40) (actual time=0.038..13.785 rows=545 loops=1)
                                                                                ->  Seq Scan on web_returns wr  (cost=0.00..2789.69 rows=654 width=28) (actual time=0.026..11.232 rows=601 loops=1)
                                                                                      Filter: (wr_return_amt > '10000'::double precision)
                                                                                      Rows Removed by Filter: 71214
                                                                                ->  Index Scan using pk_web_sales on web_sales ws  (cost=0.42..2.51 rows=1 width=36) (actual time=0.004..0.004 rows=1 loops=601)
                                                                                      Index Cond: ((ws_item_sk = wr.wr_item_sk) AND (ws_order_number = wr.wr_order_number))
                                                                                      Filter: ((ws_net_profit > '1'::double precision) AND (ws_net_paid > '0'::double precision) AND (ws_quantity > 0))
                                                                                      Rows Removed by Filter: 0
                                                                          ->  Index Scan using pk_date_dim on date_dim  (cost=0.29..0.32 rows=1 width=8) (actual time=0.001..0.001 rows=0 loops=545)
                                                                                Index Cond: (d_date_sk = ws.ws_sold_date_sk)
                                                                                Filter: ((d_year = 2001) AND (d_moy = 11))
                                                                                Rows Removed by Filter: 1
                    ->  Subquery Scan on catalog  (cost=4216.98..4217.01 rows=1 width=88) (actual time=53.897..53.929 rows=13 loops=1)
                          Filter: ((catalog.return_rank <= 10) OR (catalog.currency_rank <= 10))
                          Rows Removed by Filter: 25
                          ->  WindowAgg  (cost=4216.98..4217.00 rows=1 width=88) (actual time=53.895..53.924 rows=38 loops=1)
                                ->  Sort  (cost=4216.98..4216.98 rows=1 width=80) (actual time=53.892..53.898 rows=38 loops=1)
                                      Sort Key: in_cat.return_ratio
                                      Sort Method: quicksort  Memory: 28kB
                                      ->  WindowAgg  (cost=4216.95..4216.97 rows=1 width=80) (actual time=53.850..53.881 rows=38 loops=1)
                                            ->  Sort  (cost=4216.95..4216.95 rows=1 width=72) (actual time=53.842..53.847 rows=38 loops=1)
                                                  Sort Key: in_cat.currency_ratio
                                                  Sort Method: quicksort  Memory: 27kB
                                                  ->  Subquery Scan on in_cat  (cost=4216.88..4216.94 rows=1 width=72) (actual time=53.732..53.830 rows=38 loops=1)
                                                        ->  GroupAggregate  (cost=4216.88..4216.93 rows=1 width=72) (actual time=53.731..53.825 rows=38 loops=1)
                                                              Group Key: cs.cs_item_sk
                                                              ->  Sort  (cost=4216.88..4216.88 rows=1 width=32) (actual time=53.710..53.714 rows=38 loops=1)
                                                                    Sort Key: cs.cs_item_sk
                                                                    Sort Method: quicksort  Memory: 27kB
                                                                    ->  Nested Loop  (cost=0.85..4216.87 rows=1 width=32) (actual time=5.348..53.697 rows=38 loops=1)
                                                                          ->  Nested Loop  (cost=0.43..4117.86 rows=219 width=28) (actual time=4.292..26.208 rows=18049 loops=1)
                                                                                ->  Seq Scan on date_dim date_dim_1  (cost=0.00..2500.73 rows=29 width=8) (actual time=4.274..8.636 rows=30 loops=1)
                                                                                      Filter: ((d_year = 2001) AND (d_moy = 11))
                                                                                      Rows Removed by Filter: 73019
                                                                                ->  Index Scan using i_cs_sold_date_sk on catalog_sales cs  (cost=0.43..52.75 rows=301 width=36) (actual time=0.006..0.537 rows=602 loops=30)
                                                                                      Index Cond: (cs_sold_date_sk = date_dim_1.d_date_sk)
                                                                                      Filter: ((cs_net_profit > '1'::double precision) AND (cs_net_paid > '0'::double precision) AND (cs_quantity > 0))
                                                                                      Rows Removed by Filter: 938
                                                                          ->  Index Scan using pk_catalog_returns on catalog_returns cr  (cost=0.42..0.45 rows=1 width=28) (actual time=0.001..0.001 rows=0 loops=18049)
                                                                                Index Cond: ((cr_item_sk = cs.cs_item_sk) AND (cr_order_number = cs.cs_order_number))
                                                                                Filter: (cr_return_amount > '10000'::double precision)
                                                                                Rows Removed by Filter: 0
                    ->  Subquery Scan on store  (cost=13865.07..13865.11 rows=1 width=88) (actual time=41.112..41.121 rows=10 loops=1)
                          Filter: ((store.return_rank <= 10) OR (store.currency_rank <= 10))
                          ->  WindowAgg  (cost=13865.07..13865.09 rows=1 width=88) (actual time=41.111..41.118 rows=10 loops=1)
                                ->  Sort  (cost=13865.07..13865.08 rows=1 width=80) (actual time=41.108..41.109 rows=10 loops=1)
                                      Sort Key: in_store.return_ratio
                                      Sort Method: quicksort  Memory: 25kB
                                      ->  WindowAgg  (cost=13865.04..13865.06 rows=1 width=80) (actual time=41.092..41.100 rows=10 loops=1)
                                            ->  Sort  (cost=13865.04..13865.05 rows=1 width=72) (actual time=41.085..41.086 rows=10 loops=1)
                                                  Sort Key: in_store.currency_ratio
                                                  Sort Method: quicksort  Memory: 25kB
                                                  ->  Subquery Scan on in_store  (cost=13864.97..13865.03 rows=1 width=72) (actual time=41.053..41.079 rows=10 loops=1)
                                                        ->  GroupAggregate  (cost=13864.97..13865.02 rows=1 width=72) (actual time=41.053..41.077 rows=10 loops=1)
                                                              Group Key: sts.ss_item_sk
                                                              ->  Sort  (cost=13864.97..13864.98 rows=1 width=32) (actual time=41.032..41.033 rows=10 loops=1)
                                                                    Sort Key: sts.ss_item_sk
                                                                    Sort Method: quicksort  Memory: 25kB
                                                                    ->  Nested Loop  (cost=0.72..13864.96 rows=1 width=32) (actual time=0.115..41.023 rows=10 loops=1)
                                                                          ->  Nested Loop  (cost=0.43..13864.64 rows=1 width=40) (actual time=0.108..40.400 rows=348 loops=1)
                                                                                ->  Seq Scan on store_returns sr  (cost=0.00..10111.65 rows=1459 width=28) (actual time=0.096..38.268 rows=441 loops=1)
                                                                                      Filter: (sr_return_amt > '10000'::double precision)
                                                                                      Rows Removed by Filter: 286731
                                                                                ->  Index Scan using pk_store_sales on store_sales sts  (cost=0.43..2.57 rows=1 width=36) (actual time=0.004..0.004 rows=1 loops=441)
                                                                                      Index Cond: ((ss_item_sk = sr.sr_item_sk) AND (ss_ticket_number = sr.sr_ticket_number))
                                                                                      Filter: ((ss_net_profit > '1'::double precision) AND (ss_net_paid > '0'::double precision) AND (ss_quantity > 0))
                                                                                      Rows Removed by Filter: 0
                                                                          ->  Index Scan using pk_date_dim on date_dim date_dim_2  (cost=0.29..0.32 rows=1 width=8) (actual time=0.002..0.002 rows=0 loops=348)
                                                                                Index Cond: (d_date_sk = sts.ss_sold_date_sk)
                                                                                Filter: ((d_year = 2001) AND (d_moy = 11))
                                                                                Rows Removed by Filter: 1
 channel | item  |      return_ratio      | return_rank | currency_rank 
---------+-------+------------------------+-------------+---------------
 catalog |   223 | 0.62244897959183673469 |           1 |             1
 catalog | 12233 | 0.75000000000000000000 |           2 |            36
 catalog |  5065 | 0.76288659793814432990 |           3 |             2
 catalog | 10525 | 0.76315789473684210526 |           4 |             3
 catalog | 11309 | 0.77049180327868852459 |           5 |             4
 catalog | 16813 | 0.77049180327868852459 |           5 |             4
 catalog |   797 | 0.78481012658227848101 |           7 |            38
 catalog |  6109 | 0.82022471910112359551 |           8 |             6
 catalog |  4165 | 0.85542168674698795181 |           9 |            17
 catalog |   677 | 0.87142857142857142857 |          10 |             7
 catalog | 10417 | 0.87179487179487179487 |          11 |             8
 catalog | 12651 | 0.88043478260869565217 |          12 |             9
 catalog | 15775 | 0.88172043010752688172 |          13 |            10
 store   |  7989 | 0.78000000000000000000 |           1 |             1
 store   |  3259 | 0.83116883116883116883 |           2 |             2
 store   |  5085 | 0.88372093023255813953 |           3 |             3
 store   | 14363 | 0.88421052631578947368 |           4 |             4
 store   | 11225 | 0.94444444444444444444 |           5 |             5
 store   |  1045 | 0.95918367346938775510 |           6 |             6
 store   | 16111 | 0.96703296703296703297 |           7 |             7
 store   |  7071 | 0.96969696969696969697 |           8 |             8
 store   | 15923 | 0.96969696969696969697 |           8 |             8
 store   |  4203 | 0.97727272727272727273 |          10 |            10
 web     | 14983 | 0.60465116279069767442 |           1 |             1
 web     |    37 | 0.62244897959183673469 |           2 |             2
 web     |  3765 | 0.67241379310344827586 |           3 |            18
 web     |  7317 | 0.71134020618556701031 |           4 |             3
 web     | 16841 | 0.75641025641025641026 |           5 |             4
 web     | 13993 | 0.78888888888888888889 |           6 |            19
 web     |  6313 | 0.83333333333333333333 |           7 |             5
 web     |  5259 | 0.87234042553191489362 |           8 |             6
 web     |  5053 | 0.87878787878787878788 |           9 |             7
 web     | 12343 | 0.88000000000000000000 |          10 |             8
 web     | 15933 | 0.88059701492537313433 |          11 |             9
 web     | 17521 | 0.88709677419354838710 |          12 |            10
(35 rows)

UPDATE time_statistics SET e_time = TRANSACTION_TIMESTAMP() WHERE template = '../query_postgresql/query49.tpl' AND stream = 1;
psql:/tmp/s1-basline/throughput/query_1.sql:3892: NOTICE:  duration: 0.060 ms  plan:
Query Text: UPDATE time_statistics SET e_time = TRANSACTION_TIMESTAMP() WHERE template = '../query_postgresql/query49.tpl' AND stream = 1;
Update on time_statistics  (cost=0.00..10.57 rows=0 width=0) (actual time=0.059..0.059 rows=0 loops=1)
  ->  Seq Scan on time_statistics  (cost=0.00..10.57 rows=1 width=14) (actual time=0.044..0.044 rows=1 loops=1)
        Filter: ((template = '../query_postgresql/query49.tpl'::text) AND (stream = 1))
        Rows Removed by Filter: 331
UPDATE 1
LOAD 'auto_explain'; SET auto_explain.log_min_duration TO 0; SET auto_explain.log_analyze TO on; SET auto_explain.log_level TO notice; INSERT INTO time_statistics (template, s_time, stream, query, seed) VALUES ('query59.tpl', TRANSACTION_TIMESTAMP(), 1, 75, 837441340);
LOAD
SET
SET
SET
psql:/tmp/s1-basline/throughput/query_1.sql:3893: NOTICE:  duration: 0.008 ms  plan:
Query Text: INSERT INTO time_statistics (template, s_time, stream, query, seed) VALUES ('query59.tpl', TRANSACTION_TIMESTAMP(), 1, 75, 837441340);
Insert on time_statistics  (cost=0.00..0.01 rows=0 width=0) (actual time=0.008..0.008 rows=0 loops=1)
  ->  Result  (cost=0.00..0.01 rows=1 width=64) (actual time=0.001..0.002 rows=1 loops=1)
INSERT 0 1
with wss as 
 (select d_week_seq,
        ss_store_sk,
        sum(case when (d_day_name='Sunday') then ss_sales_price else null end) sun_sales,
        sum(case when (d_day_name='Monday') then ss_sales_price else null end) mon_sales,
        sum(case when (d_day_name='Tuesday') then ss_sales_price else  null end) tue_sales,
        sum(case when (d_day_name='Wednesday') then ss_sales_price else null end) wed_sales,
        sum(case when (d_day_name='Thursday') then ss_sales_price else null end) thu_sales,
        sum(case when (d_day_name='Friday') then ss_sales_price else null end) fri_sales,
        sum(case when (d_day_name='Saturday') then ss_sales_price else null end) sat_sales
 from store_sales,date_dim
 where d_date_sk = ss_sold_date_sk
 group by d_week_seq,ss_store_sk
 )
  select  s_store_name1,s_store_id1,d_week_seq1
       ,sun_sales1/sun_sales2,mon_sales1/mon_sales2
       ,tue_sales1/tue_sales2,wed_sales1/wed_sales2,thu_sales1/thu_sales2
       ,fri_sales1/fri_sales2,sat_sales1/sat_sales2
 from
 (select s_store_name s_store_name1,wss.d_week_seq d_week_seq1
        ,s_store_id s_store_id1,sun_sales sun_sales1
        ,mon_sales mon_sales1,tue_sales tue_sales1
        ,wed_sales wed_sales1,thu_sales thu_sales1
        ,fri_sales fri_sales1,sat_sales sat_sales1
  from wss,store,date_dim d
  where d.d_week_seq = wss.d_week_seq and
        ss_store_sk = s_store_sk and 
        d_month_seq between 1203 and 1203 + 11) y,
 (select s_store_name s_store_name2,wss.d_week_seq d_week_seq2
        ,s_store_id s_store_id2,sun_sales sun_sales2
        ,mon_sales mon_sales2,tue_sales tue_sales2
        ,wed_sales wed_sales2,thu_sales thu_sales2
        ,fri_sales fri_sales2,sat_sales sat_sales2
  from wss,store,date_dim d
  where d.d_week_seq = wss.d_week_seq and
        ss_store_sk = s_store_sk and 
        d_month_seq between 1203+ 12 and 1203 + 23) x
 where s_store_id1=s_store_id2
   and d_week_seq1=d_week_seq2-52
 order by s_store_name1,s_store_id1,d_week_seq1
limit 100;
psql:/tmp/s1-basline/throughput/query_1.sql:3934: NOTICE:  duration: 904.173 ms  plan:
Query Text: with wss as 
 (select d_week_seq,
        ss_store_sk,
        sum(case when (d_day_name='Sunday') then ss_sales_price else null end) sun_sales,
        sum(case when (d_day_name='Monday') then ss_sales_price else null end) mon_sales,
        sum(case when (d_day_name='Tuesday') then ss_sales_price else  null end) tue_sales,
        sum(case when (d_day_name='Wednesday') then ss_sales_price else null end) wed_sales,
        sum(case when (d_day_name='Thursday') then ss_sales_price else null end) thu_sales,
        sum(case when (d_day_name='Friday') then ss_sales_price else null end) fri_sales,
        sum(case when (d_day_name='Saturday') then ss_sales_price else null end) sat_sales
 from store_sales,date_dim
 where d_date_sk = ss_sold_date_sk
 group by d_week_seq,ss_store_sk
 )
  select  s_store_name1,s_store_id1,d_week_seq1
       ,sun_sales1/sun_sales2,mon_sales1/mon_sales2
       ,tue_sales1/tue_sales2,wed_sales1/wed_sales2,thu_sales1/thu_sales2
       ,fri_sales1/fri_sales2,sat_sales1/sat_sales2
 from
 (select s_store_name s_store_name1,wss.d_week_seq d_week_seq1
        ,s_store_id s_store_id1,sun_sales sun_sales1
        ,mon_sales mon_sales1,tue_sales tue_sales1
        ,wed_sales wed_sales1,thu_sales thu_sales1
        ,fri_sales fri_sales1,sat_sales sat_sales1
  from wss,store,date_dim d
  where d.d_week_seq = wss.d_week_seq and
        ss_store_sk = s_store_sk and 
        d_month_seq between 1203 and 1203 + 11) y,
 (select s_store_name s_store_name2,wss.d_week_seq d_week_seq2
        ,s_store_id s_store_id2,sun_sales sun_sales2
        ,mon_sales mon_sales2,tue_sales tue_sales2
        ,wed_sales wed_sales2,thu_sales thu_sales2
        ,fri_sales fri_sales2,sat_sales sat_sales2
  from wss,store,date_dim d
  where d.d_week_seq = wss.d_week_seq and
        ss_store_sk = s_store_sk and 
        d_month_seq between 1203+ 12 and 1203 + 23) x
 where s_store_id1=s_store_id2
   and d_week_seq1=d_week_seq2-52
 order by s_store_name1,s_store_id1,d_week_seq1
limit 100;
Limit  (cost=162699.38..162699.39 rows=1 width=82) (actual time=903.912..904.062 rows=100 loops=1)
  CTE wss
    ->  Finalize HashAggregate  (cost=154089.20..154714.46 rows=62526 width=68) (actual time=758.543..759.344 rows=1834 loops=1)
          Group Key: date_dim.d_week_seq, store_sales.ss_store_sk
          Batches: 1  Memory Usage: 3601kB
          ->  Gather  (cost=138145.07..151275.53 rows=125052 width=68) (actual time=754.998..756.679 rows=5502 loops=1)
                Workers Planned: 2
                Workers Launched: 2
                ->  Partial HashAggregate  (cost=137145.07..137770.33 rows=62526 width=68) (actual time=749.201..749.855 rows=1834 loops=3)
                      Group Key: date_dim.d_week_seq, store_sales.ss_store_sk
                      Batches: 1  Memory Usage: 3601kB
                      Worker 0:  Batches: 1  Memory Usage: 3601kB
                      Worker 1:  Batches: 1  Memory Usage: 3601kB
                      ->  Hash Join  (cost=3048.60..91320.03 rows=1145626 width=30) (actual time=30.100..406.382 rows=916119 loops=3)
                            Hash Cond: (store_sales.ss_sold_date_sk = date_dim.d_date_sk)
                            ->  Parallel Seq Scan on store_sales  (cost=0.00..85123.48 rows=1199148 width=24) (actual time=0.014..127.519 rows=959309 loops=3)
                            ->  Hash  (cost=2135.49..2135.49 rows=73049 width=22) (actual time=29.685..29.686 rows=73049 loops=3)
                                  Buckets: 131072  Batches: 1  Memory Usage: 5019kB
                                  ->  Seq Scan on date_dim  (cost=0.00..2135.49 rows=73049 width=22) (actual time=0.022..17.531 rows=73049 loops=3)
  ->  Sort  (cost=7984.93..7984.93 rows=1 width=82) (actual time=903.911..903.918 rows=100 loops=1)
        Sort Key: store.s_store_name, store.s_store_id, wss.d_week_seq
        Sort Method: top-N heapsort  Memory: 46kB
        ->  Nested Loop  (cost=3971.09..7984.92 rows=1 width=82) (actual time=772.913..899.832 rows=15210 loops=1)
              Join Filter: (wss_1.d_week_seq = d_1.d_week_seq)
              Rows Removed by Join Filter: 784140
              ->  Seq Scan on date_dim d_1  (cost=0.00..2500.73 rows=355 width=4) (actual time=3.662..6.749 rows=365 loops=1)
                    Filter: ((d_month_seq >= 1215) AND (d_month_seq <= 1226))
                    Rows Removed by Filter: 72684
              ->  Materialize  (cost=3971.09..5436.26 rows=9 width=142) (actual time=2.107..2.192 rows=2190 loops=365)
                    ->  Hash Join  (cost=3971.09..5436.22 rows=9 width=142) (actual time=769.144..770.237 rows=2190 loops=1)
                          Hash Cond: (((wss_1.d_week_seq - 52) = d.d_week_seq) AND (store_1.s_store_id = store.s_store_id))
                          ->  Hash Join  (cost=1.27..1419.40 rows=3752 width=77) (actual time=758.571..759.052 rows=1572 loops=1)
                                Hash Cond: (wss_1.ss_store_sk = store_1.s_store_sk)
                                ->  CTE Scan on wss wss_1  (cost=0.00..1250.52 rows=62526 width=68) (actual time=758.545..758.662 rows=1834 loops=1)
                                ->  Hash  (cost=1.12..1.12 rows=12 width=25) (actual time=0.017..0.017 rows=12 loops=1)
                                      Buckets: 1024  Batches: 1  Memory Usage: 9kB
                                      ->  Seq Scan on store store_1  (cost=0.00..1.12 rows=12 width=25) (actual time=0.008..0.010 rows=12 loops=1)
                          ->  Hash  (cost=3967.95..3967.95 rows=125 width=86) (actual time=10.552..10.553 rows=2190 loops=1)
                                Buckets: 4096 (originally 1024)  Batches: 1 (originally 1)  Memory Usage: 298kB
                                ->  Hash Join  (cost=2506.35..3967.95 rows=125 width=86) (actual time=7.737..9.831 rows=2190 loops=1)
                                      Hash Cond: (wss.d_week_seq = d.d_week_seq)
                                      ->  Hash Join  (cost=1.27..1419.40 rows=3752 width=82) (actual time=0.017..1.770 rows=1572 loops=1)
                                            Hash Cond: (wss.ss_store_sk = store.s_store_sk)
                                            ->  CTE Scan on wss  (cost=0.00..1250.52 rows=62526 width=68) (actual time=0.001..1.381 rows=1834 loops=1)
                                            ->  Hash  (cost=1.12..1.12 rows=12 width=30) (actual time=0.008..0.008 rows=12 loops=1)
                                                  Buckets: 1024  Batches: 1  Memory Usage: 9kB
                                                  ->  Seq Scan on store  (cost=0.00..1.12 rows=12 width=30) (actual time=0.002..0.003 rows=12 loops=1)
                                      ->  Hash  (cost=2500.73..2500.73 rows=348 width=4) (actual time=7.702..7.702 rows=365 loops=1)
                                            Buckets: 1024  Batches: 1  Memory Usage: 21kB
                                            ->  Seq Scan on date_dim d  (cost=0.00..2500.73 rows=348 width=4) (actual time=3.588..7.649 rows=365 loops=1)
                                                  Filter: ((d_month_seq >= 1203) AND (d_month_seq <= 1214))
                                                  Rows Removed by Filter: 72684
 s_store_name1 |   s_store_id1    | d_week_seq1 |      ?column?      |      ?column?      |      ?column?      |      ?column?      |      ?column?      |      ?column?      |      ?column?      
---------------+------------------+-------------+--------------------+--------------------+--------------------+--------------------+--------------------+--------------------+--------------------
 able          | AAAAAAAACAAAAAAA |        5231 | 1.2134950917514178 | 0.9097888420829057 | 1.2602325455918857 | 0.8799506178566961 |  2.201913713729273 | 0.7092575651531768 | 1.6057348960433107
 able          | AAAAAAAACAAAAAAA |        5231 | 1.2134950917514178 | 0.9097888420829057 | 1.2602325455918857 | 0.8799506178566961 |  2.201913713729273 | 0.7092575651531768 | 1.6057348960433107
 able          | AAAAAAAACAAAAAAA |        5231 | 1.2134950917514178 | 0.9097888420829057 | 1.2602325455918857 | 0.8799506178566961 |  2.201913713729273 | 0.7092575651531768 | 1.6057348960433107
 able          | AAAAAAAACAAAAAAA |        5231 | 1.2134950917514178 | 0.9097888420829057 | 1.2602325455918857 | 0.8799506178566961 |  2.201913713729273 | 0.7092575651531768 | 1.6057348960433107
 able          | AAAAAAAACAAAAAAA |        5231 | 1.2134950917514178 | 0.9097888420829057 | 1.2602325455918857 | 0.8799506178566961 |  2.201913713729273 | 0.7092575651531768 | 1.6057348960433107
 able          | AAAAAAAACAAAAAAA |        5231 | 1.2134950917514178 | 0.9097888420829057 | 1.2602325455918857 | 0.8799506178566961 |  2.201913713729273 | 0.7092575651531768 | 1.6057348960433107
 able          | AAAAAAAACAAAAAAA |        5232 | 0.8800969382695745 | 0.4640049113707487 | 1.8533273886595159 | 0.8773333860605667 | 0.7925364345320328 | 1.0914266606637846 | 2.2835643624816804
 able          | AAAAAAAACAAAAAAA |        5232 | 0.8800969382695745 | 0.4640049113707487 | 1.8533273886595159 | 0.8773333860605667 | 0.7925364345320328 | 1.0914266606637846 | 2.2835643624816804
 able          | AAAAAAAACAAAAAAA |        5232 | 0.8800969382695745 | 0.4640049113707487 | 1.8533273886595159 | 0.8773333860605667 | 0.7925364345320328 | 1.0914266606637846 | 2.2835643624816804
 able          | AAAAAAAACAAAAAAA |        5232 | 0.8800969382695745 | 0.4640049113707487 | 1.8533273886595159 | 0.8773333860605667 | 0.7925364345320328 | 1.0914266606637846 | 2.2835643624816804
 able          | AAAAAAAACAAAAAAA |        5232 | 0.8800969382695745 | 0.4640049113707487 | 1.8533273886595159 | 0.8773333860605667 | 0.7925364345320328 | 1.0914266606637846 | 2.2835643624816804
 able          | AAAAAAAACAAAAAAA |        5232 | 0.8800969382695745 | 0.4640049113707487 | 1.8533273886595159 | 0.8773333860605667 | 0.7925364345320328 | 1.0914266606637846 | 2.2835643624816804
 able          | AAAAAAAACAAAAAAA |        5232 | 0.8800969382695745 | 0.4640049113707487 | 1.8533273886595159 | 0.8773333860605667 | 0.7925364345320328 | 1.0914266606637846 | 2.2835643624816804
 able          | AAAAAAAACAAAAAAA |        5232 | 0.8800969382695745 | 0.4640049113707487 | 1.8533273886595159 | 0.8773333860605667 | 0.7925364345320328 | 1.0914266606637846 | 2.2835643624816804
 able          | AAAAAAAACAAAAAAA |        5232 | 0.8800969382695745 | 0.4640049113707487 | 1.8533273886595159 | 0.8773333860605667 | 0.7925364345320328 | 1.0914266606637846 | 2.2835643624816804
 able          | AAAAAAAACAAAAAAA |        5232 | 0.8800969382695745 | 0.4640049113707487 | 1.8533273886595159 | 0.8773333860605667 | 0.7925364345320328 | 1.0914266606637846 | 2.2835643624816804
 able          | AAAAAAAACAAAAAAA |        5232 | 0.8800969382695745 | 0.4640049113707487 | 1.8533273886595159 | 0.8773333860605667 | 0.7925364345320328 | 1.0914266606637846 | 2.2835643624816804
 able          | AAAAAAAACAAAAAAA |        5232 | 0.8800969382695745 | 0.4640049113707487 | 1.8533273886595159 | 0.8773333860605667 | 0.7925364345320328 | 1.0914266606637846 | 2.2835643624816804
 able          | AAAAAAAACAAAAAAA |        5232 | 0.8800969382695745 | 0.4640049113707487 | 1.8533273886595159 | 0.8773333860605667 | 0.7925364345320328 | 1.0914266606637846 | 2.2835643624816804
 able          | AAAAAAAACAAAAAAA |        5232 | 0.8800969382695745 | 0.4640049113707487 | 1.8533273886595159 | 0.8773333860605667 | 0.7925364345320328 | 1.0914266606637846 | 2.2835643624816804
 able          | AAAAAAAACAAAAAAA |        5232 | 0.8800969382695745 | 0.4640049113707487 | 1.8533273886595159 | 0.8773333860605667 | 0.7925364345320328 | 1.0914266606637846 | 2.2835643624816804
 able          | AAAAAAAACAAAAAAA |        5232 | 0.8800969382695745 | 0.4640049113707487 | 1.8533273886595159 | 0.8773333860605667 | 0.7925364345320328 | 1.0914266606637846 | 2.2835643624816804
 able          | AAAAAAAACAAAAAAA |        5232 | 0.8800969382695745 | 0.4640049113707487 | 1.8533273886595159 | 0.8773333860605667 | 0.7925364345320328 | 1.0914266606637846 | 2.2835643624816804
 able          | AAAAAAAACAAAAAAA |        5232 | 0.8800969382695745 | 0.4640049113707487 | 1.8533273886595159 | 0.8773333860605667 | 0.7925364345320328 | 1.0914266606637846 | 2.2835643624816804
 able          | AAAAAAAACAAAAAAA |        5232 | 0.8800969382695745 | 0.4640049113707487 | 1.8533273886595159 | 0.8773333860605667 | 0.7925364345320328 | 1.0914266606637846 | 2.2835643624816804
 able          | AAAAAAAACAAAAAAA |        5232 | 0.8800969382695745 | 0.4640049113707487 | 1.8533273886595159 | 0.8773333860605667 | 0.7925364345320328 | 1.0914266606637846 | 2.2835643624816804
 able          | AAAAAAAACAAAAAAA |        5232 | 0.8800969382695745 | 0.4640049113707487 | 1.8533273886595159 | 0.8773333860605667 | 0.7925364345320328 | 1.0914266606637846 | 2.2835643624816804
 able          | AAAAAAAACAAAAAAA |        5232 | 0.8800969382695745 | 0.4640049113707487 | 1.8533273886595159 | 0.8773333860605667 | 0.7925364345320328 | 1.0914266606637846 | 2.2835643624816804
 able          | AAAAAAAACAAAAAAA |        5232 | 0.8800969382695745 | 0.4640049113707487 | 1.8533273886595159 | 0.8773333860605667 | 0.7925364345320328 | 1.0914266606637846 | 2.2835643624816804
 able          | AAAAAAAACAAAAAAA |        5232 | 0.8800969382695745 | 0.4640049113707487 | 1.8533273886595159 | 0.8773333860605667 | 0.7925364345320328 | 1.0914266606637846 | 2.2835643624816804
 able          | AAAAAAAACAAAAAAA |        5232 | 0.8800969382695745 | 0.4640049113707487 | 1.8533273886595159 | 0.8773333860605667 | 0.7925364345320328 | 1.0914266606637846 | 2.2835643624816804
 able          | AAAAAAAACAAAAAAA |        5232 | 0.8800969382695745 | 0.4640049113707487 | 1.8533273886595159 | 0.8773333860605667 | 0.7925364345320328 | 1.0914266606637846 | 2.2835643624816804
 able          | AAAAAAAACAAAAAAA |        5232 | 0.8800969382695745 | 0.4640049113707487 | 1.8533273886595159 | 0.8773333860605667 | 0.7925364345320328 | 1.0914266606637846 | 2.2835643624816804
 able          | AAAAAAAACAAAAAAA |        5232 | 0.8800969382695745 | 0.4640049113707487 | 1.8533273886595159 | 0.8773333860605667 | 0.7925364345320328 | 1.0914266606637846 | 2.2835643624816804
 able          | AAAAAAAACAAAAAAA |        5232 | 0.8800969382695745 | 0.4640049113707487 | 1.8533273886595159 | 0.8773333860605667 | 0.7925364345320328 | 1.0914266606637846 | 2.2835643624816804
 able          | AAAAAAAACAAAAAAA |        5232 | 0.8800969382695745 | 0.4640049113707487 | 1.8533273886595159 | 0.8773333860605667 | 0.7925364345320328 | 1.0914266606637846 | 2.2835643624816804
 able          | AAAAAAAACAAAAAAA |        5232 | 0.8800969382695745 | 0.4640049113707487 | 1.8533273886595159 | 0.8773333860605667 | 0.7925364345320328 | 1.0914266606637846 | 2.2835643624816804
 able          | AAAAAAAACAAAAAAA |        5232 | 0.8800969382695745 | 0.4640049113707487 | 1.8533273886595159 | 0.8773333860605667 | 0.7925364345320328 | 1.0914266606637846 | 2.2835643624816804
 able          | AAAAAAAACAAAAAAA |        5232 | 0.8800969382695745 | 0.4640049113707487 | 1.8533273886595159 | 0.8773333860605667 | 0.7925364345320328 | 1.0914266606637846 | 2.2835643624816804
 able          | AAAAAAAACAAAAAAA |        5232 | 0.8800969382695745 | 0.4640049113707487 | 1.8533273886595159 | 0.8773333860605667 | 0.7925364345320328 | 1.0914266606637846 | 2.2835643624816804
 able          | AAAAAAAACAAAAAAA |        5232 | 0.8800969382695745 | 0.4640049113707487 | 1.8533273886595159 | 0.8773333860605667 | 0.7925364345320328 | 1.0914266606637846 | 2.2835643624816804
 able          | AAAAAAAACAAAAAAA |        5232 | 0.8800969382695745 | 0.4640049113707487 | 1.8533273886595159 | 0.8773333860605667 | 0.7925364345320328 | 1.0914266606637846 | 2.2835643624816804
 able          | AAAAAAAACAAAAAAA |        5232 | 0.8800969382695745 | 0.4640049113707487 | 1.8533273886595159 | 0.8773333860605667 | 0.7925364345320328 | 1.0914266606637846 | 2.2835643624816804
 able          | AAAAAAAACAAAAAAA |        5232 | 0.8800969382695745 | 0.4640049113707487 | 1.8533273886595159 | 0.8773333860605667 | 0.7925364345320328 | 1.0914266606637846 | 2.2835643624816804
 able          | AAAAAAAACAAAAAAA |        5232 | 0.8800969382695745 | 0.4640049113707487 | 1.8533273886595159 | 0.8773333860605667 | 0.7925364345320328 | 1.0914266606637846 | 2.2835643624816804
 able          | AAAAAAAACAAAAAAA |        5232 | 0.8800969382695745 | 0.4640049113707487 | 1.8533273886595159 | 0.8773333860605667 | 0.7925364345320328 | 1.0914266606637846 | 2.2835643624816804
 able          | AAAAAAAACAAAAAAA |        5232 | 0.8800969382695745 | 0.4640049113707487 | 1.8533273886595159 | 0.8773333860605667 | 0.7925364345320328 | 1.0914266606637846 | 2.2835643624816804
 able          | AAAAAAAACAAAAAAA |        5232 | 0.8800969382695745 | 0.4640049113707487 | 1.8533273886595159 | 0.8773333860605667 | 0.7925364345320328 | 1.0914266606637846 | 2.2835643624816804
 able          | AAAAAAAACAAAAAAA |        5232 | 0.8800969382695745 | 0.4640049113707487 | 1.8533273886595159 | 0.8773333860605667 | 0.7925364345320328 | 1.0914266606637846 | 2.2835643624816804
 able          | AAAAAAAACAAAAAAA |        5232 | 0.8800969382695745 | 0.4640049113707487 | 1.8533273886595159 | 0.8773333860605667 | 0.7925364345320328 | 1.0914266606637846 | 2.2835643624816804
 able          | AAAAAAAACAAAAAAA |        5232 | 0.8800969382695745 | 0.4640049113707487 | 1.8533273886595159 | 0.8773333860605667 | 0.7925364345320328 | 1.0914266606637846 | 2.2835643624816804
 able          | AAAAAAAACAAAAAAA |        5232 | 0.8800969382695745 | 0.4640049113707487 | 1.8533273886595159 | 0.8773333860605667 | 0.7925364345320328 | 1.0914266606637846 | 2.2835643624816804
 able          | AAAAAAAACAAAAAAA |        5232 | 0.8800969382695745 | 0.4640049113707487 | 1.8533273886595159 | 0.8773333860605667 | 0.7925364345320328 | 1.0914266606637846 | 2.2835643624816804
 able          | AAAAAAAACAAAAAAA |        5232 | 0.8800969382695745 | 0.4640049113707487 | 1.8533273886595159 | 0.8773333860605667 | 0.7925364345320328 | 1.0914266606637846 | 2.2835643624816804
 able          | AAAAAAAACAAAAAAA |        5232 | 0.8800969382695745 | 0.4640049113707487 | 1.8533273886595159 | 0.8773333860605667 | 0.7925364345320328 | 1.0914266606637846 | 2.2835643624816804
 able          | AAAAAAAACAAAAAAA |        5233 | 1.9262536386499782 | 0.9103270254498681 | 0.7084406008115388 | 0.9003490289435674 | 0.7198726268045651 |  1.232469037845708 | 0.9308518242186047
 able          | AAAAAAAACAAAAAAA |        5233 | 1.9262536386499782 | 0.9103270254498681 | 0.7084406008115388 | 0.9003490289435674 | 0.7198726268045651 |  1.232469037845708 | 0.9308518242186047
 able          | AAAAAAAACAAAAAAA |        5233 | 1.9262536386499782 | 0.9103270254498681 | 0.7084406008115388 | 0.9003490289435674 | 0.7198726268045651 |  1.232469037845708 | 0.9308518242186047
 able          | AAAAAAAACAAAAAAA |        5233 | 1.9262536386499782 | 0.9103270254498681 | 0.7084406008115388 | 0.9003490289435674 | 0.7198726268045651 |  1.232469037845708 | 0.9308518242186047
 able          | AAAAAAAACAAAAAAA |        5233 | 1.9262536386499782 | 0.9103270254498681 | 0.7084406008115388 | 0.9003490289435674 | 0.7198726268045651 |  1.232469037845708 | 0.9308518242186047
 able          | AAAAAAAACAAAAAAA |        5233 | 1.9262536386499782 | 0.9103270254498681 | 0.7084406008115388 | 0.9003490289435674 | 0.7198726268045651 |  1.232469037845708 | 0.9308518242186047
 able          | AAAAAAAACAAAAAAA |        5233 | 1.9262536386499782 | 0.9103270254498681 | 0.7084406008115388 | 0.9003490289435674 | 0.7198726268045651 |  1.232469037845708 | 0.9308518242186047
 able          | AAAAAAAACAAAAAAA |        5233 | 1.9262536386499782 | 0.9103270254498681 | 0.7084406008115388 | 0.9003490289435674 | 0.7198726268045651 |  1.232469037845708 | 0.9308518242186047
 able          | AAAAAAAACAAAAAAA |        5233 | 1.9262536386499782 | 0.9103270254498681 | 0.7084406008115388 | 0.9003490289435674 | 0.7198726268045651 |  1.232469037845708 | 0.9308518242186047
 able          | AAAAAAAACAAAAAAA |        5233 | 1.9262536386499782 | 0.9103270254498681 | 0.7084406008115388 | 0.9003490289435674 | 0.7198726268045651 |  1.232469037845708 | 0.9308518242186047
 able          | AAAAAAAACAAAAAAA |        5233 | 1.9262536386499782 | 0.9103270254498681 | 0.7084406008115388 | 0.9003490289435674 | 0.7198726268045651 |  1.232469037845708 | 0.9308518242186047
 able          | AAAAAAAACAAAAAAA |        5233 | 1.9262536386499782 | 0.9103270254498681 | 0.7084406008115388 | 0.9003490289435674 | 0.7198726268045651 |  1.232469037845708 | 0.9308518242186047
 able          | AAAAAAAACAAAAAAA |        5233 | 1.9262536386499782 | 0.9103270254498681 | 0.7084406008115388 | 0.9003490289435674 | 0.7198726268045651 |  1.232469037845708 | 0.9308518242186047
 able          | AAAAAAAACAAAAAAA |        5233 | 1.9262536386499782 | 0.9103270254498681 | 0.7084406008115388 | 0.9003490289435674 | 0.7198726268045651 |  1.232469037845708 | 0.9308518242186047
 able          | AAAAAAAACAAAAAAA |        5233 | 1.9262536386499782 | 0.9103270254498681 | 0.7084406008115388 | 0.9003490289435674 | 0.7198726268045651 |  1.232469037845708 | 0.9308518242186047
 able          | AAAAAAAACAAAAAAA |        5233 | 1.9262536386499782 | 0.9103270254498681 | 0.7084406008115388 | 0.9003490289435674 | 0.7198726268045651 |  1.232469037845708 | 0.9308518242186047
 able          | AAAAAAAACAAAAAAA |        5233 | 1.9262536386499782 | 0.9103270254498681 | 0.7084406008115388 | 0.9003490289435674 | 0.7198726268045651 |  1.232469037845708 | 0.9308518242186047
 able          | AAAAAAAACAAAAAAA |        5233 | 1.9262536386499782 | 0.9103270254498681 | 0.7084406008115388 | 0.9003490289435674 | 0.7198726268045651 |  1.232469037845708 | 0.9308518242186047
 able          | AAAAAAAACAAAAAAA |        5233 | 1.9262536386499782 | 0.9103270254498681 | 0.7084406008115388 | 0.9003490289435674 | 0.7198726268045651 |  1.232469037845708 | 0.9308518242186047
 able          | AAAAAAAACAAAAAAA |        5233 | 1.9262536386499782 | 0.9103270254498681 | 0.7084406008115388 | 0.9003490289435674 | 0.7198726268045651 |  1.232469037845708 | 0.9308518242186047
 able          | AAAAAAAACAAAAAAA |        5233 | 1.9262536386499782 | 0.9103270254498681 | 0.7084406008115388 | 0.9003490289435674 | 0.7198726268045651 |  1.232469037845708 | 0.9308518242186047
 able          | AAAAAAAACAAAAAAA |        5233 | 1.9262536386499782 | 0.9103270254498681 | 0.7084406008115388 | 0.9003490289435674 | 0.7198726268045651 |  1.232469037845708 | 0.9308518242186047
 able          | AAAAAAAACAAAAAAA |        5233 | 1.9262536386499782 | 0.9103270254498681 | 0.7084406008115388 | 0.9003490289435674 | 0.7198726268045651 |  1.232469037845708 | 0.9308518242186047
 able          | AAAAAAAACAAAAAAA |        5233 | 1.9262536386499782 | 0.9103270254498681 | 0.7084406008115388 | 0.9003490289435674 | 0.7198726268045651 |  1.232469037845708 | 0.9308518242186047
 able          | AAAAAAAACAAAAAAA |        5233 | 1.9262536386499782 | 0.9103270254498681 | 0.7084406008115388 | 0.9003490289435674 | 0.7198726268045651 |  1.232469037845708 | 0.9308518242186047
 able          | AAAAAAAACAAAAAAA |        5233 | 1.9262536386499782 | 0.9103270254498681 | 0.7084406008115388 | 0.9003490289435674 | 0.7198726268045651 |  1.232469037845708 | 0.9308518242186047
 able          | AAAAAAAACAAAAAAA |        5233 | 1.9262536386499782 | 0.9103270254498681 | 0.7084406008115388 | 0.9003490289435674 | 0.7198726268045651 |  1.232469037845708 | 0.9308518242186047
 able          | AAAAAAAACAAAAAAA |        5233 | 1.9262536386499782 | 0.9103270254498681 | 0.7084406008115388 | 0.9003490289435674 | 0.7198726268045651 |  1.232469037845708 | 0.9308518242186047
 able          | AAAAAAAACAAAAAAA |        5233 | 1.9262536386499782 | 0.9103270254498681 | 0.7084406008115388 | 0.9003490289435674 | 0.7198726268045651 |  1.232469037845708 | 0.9308518242186047
 able          | AAAAAAAACAAAAAAA |        5233 | 1.9262536386499782 | 0.9103270254498681 | 0.7084406008115388 | 0.9003490289435674 | 0.7198726268045651 |  1.232469037845708 | 0.9308518242186047
 able          | AAAAAAAACAAAAAAA |        5233 | 1.9262536386499782 | 0.9103270254498681 | 0.7084406008115388 | 0.9003490289435674 | 0.7198726268045651 |  1.232469037845708 | 0.9308518242186047
 able          | AAAAAAAACAAAAAAA |        5233 | 1.9262536386499782 | 0.9103270254498681 | 0.7084406008115388 | 0.9003490289435674 | 0.7198726268045651 |  1.232469037845708 | 0.9308518242186047
 able          | AAAAAAAACAAAAAAA |        5233 | 1.9262536386499782 | 0.9103270254498681 | 0.7084406008115388 | 0.9003490289435674 | 0.7198726268045651 |  1.232469037845708 | 0.9308518242186047
 able          | AAAAAAAACAAAAAAA |        5233 | 1.9262536386499782 | 0.9103270254498681 | 0.7084406008115388 | 0.9003490289435674 | 0.7198726268045651 |  1.232469037845708 | 0.9308518242186047
 able          | AAAAAAAACAAAAAAA |        5233 | 1.9262536386499782 | 0.9103270254498681 | 0.7084406008115388 | 0.9003490289435674 | 0.7198726268045651 |  1.232469037845708 | 0.9308518242186047
 able          | AAAAAAAACAAAAAAA |        5233 | 1.9262536386499782 | 0.9103270254498681 | 0.7084406008115388 | 0.9003490289435674 | 0.7198726268045651 |  1.232469037845708 | 0.9308518242186047
 able          | AAAAAAAACAAAAAAA |        5233 | 1.9262536386499782 | 0.9103270254498681 | 0.7084406008115388 | 0.9003490289435674 | 0.7198726268045651 |  1.232469037845708 | 0.9308518242186047
 able          | AAAAAAAACAAAAAAA |        5233 | 1.9262536386499782 | 0.9103270254498681 | 0.7084406008115388 | 0.9003490289435674 | 0.7198726268045651 |  1.232469037845708 | 0.9308518242186047
 able          | AAAAAAAACAAAAAAA |        5233 | 1.9262536386499782 | 0.9103270254498681 | 0.7084406008115388 | 0.9003490289435674 | 0.7198726268045651 |  1.232469037845708 | 0.9308518242186047
 able          | AAAAAAAACAAAAAAA |        5233 | 1.9262536386499782 | 0.9103270254498681 | 0.7084406008115388 | 0.9003490289435674 | 0.7198726268045651 |  1.232469037845708 | 0.9308518242186047
 able          | AAAAAAAACAAAAAAA |        5233 | 1.9262536386499782 | 0.9103270254498681 | 0.7084406008115388 | 0.9003490289435674 | 0.7198726268045651 |  1.232469037845708 | 0.9308518242186047
 able          | AAAAAAAACAAAAAAA |        5233 | 1.9262536386499782 | 0.9103270254498681 | 0.7084406008115388 | 0.9003490289435674 | 0.7198726268045651 |  1.232469037845708 | 0.9308518242186047
 able          | AAAAAAAACAAAAAAA |        5233 | 1.9262536386499782 | 0.9103270254498681 | 0.7084406008115388 | 0.9003490289435674 | 0.7198726268045651 |  1.232469037845708 | 0.9308518242186047
 able          | AAAAAAAACAAAAAAA |        5233 | 1.9262536386499782 | 0.9103270254498681 | 0.7084406008115388 | 0.9003490289435674 | 0.7198726268045651 |  1.232469037845708 | 0.9308518242186047
 able          | AAAAAAAACAAAAAAA |        5233 | 1.9262536386499782 | 0.9103270254498681 | 0.7084406008115388 | 0.9003490289435674 | 0.7198726268045651 |  1.232469037845708 | 0.9308518242186047
(100 rows)

UPDATE time_statistics SET e_time = TRANSACTION_TIMESTAMP() WHERE template = 'query59.tpl' AND stream = 1;
psql:/tmp/s1-basline/throughput/query_1.sql:3936: NOTICE:  duration: 0.062 ms  plan:
Query Text: UPDATE time_statistics SET e_time = TRANSACTION_TIMESTAMP() WHERE template = 'query59.tpl' AND stream = 1;
Update on time_statistics  (cost=0.00..10.57 rows=0 width=0) (actual time=0.061..0.062 rows=0 loops=1)
  ->  Seq Scan on time_statistics  (cost=0.00..10.57 rows=1 width=14) (actual time=0.047..0.048 rows=1 loops=1)
        Filter: ((template = 'query59.tpl'::text) AND (stream = 1))
        Rows Removed by Filter: 332
UPDATE 1
LOAD 'auto_explain'; SET auto_explain.log_min_duration TO 0; SET auto_explain.log_analyze TO on; SET auto_explain.log_level TO notice; INSERT INTO time_statistics (template, s_time, stream, query, seed) VALUES ('query48.tpl', TRANSACTION_TIMESTAMP(), 1, 76, 1365145475);
LOAD
SET
SET
SET
psql:/tmp/s1-basline/throughput/query_1.sql:3937: NOTICE:  duration: 0.009 ms  plan:
Query Text: INSERT INTO time_statistics (template, s_time, stream, query, seed) VALUES ('query48.tpl', TRANSACTION_TIMESTAMP(), 1, 76, 1365145475);
Insert on time_statistics  (cost=0.00..0.01 rows=0 width=0) (actual time=0.008..0.008 rows=0 loops=1)
  ->  Result  (cost=0.00..0.01 rows=1 width=64) (actual time=0.002..0.002 rows=1 loops=1)
INSERT 0 1
select sum (ss_quantity)
 from store_sales, store, customer_demographics, customer_address, date_dim
 where s_store_sk = ss_store_sk
 and  ss_sold_date_sk = d_date_sk and d_year = 2000
 and  
 (
  (
   cd_demo_sk = ss_cdemo_sk
   and 
   cd_marital_status = 'M'
   and 
   cd_education_status = 'Advanced Degree'
   and 
   ss_sales_price between 100.00 and 150.00  
   )
 or
  (
  cd_demo_sk = ss_cdemo_sk
   and 
   cd_marital_status = 'U'
   and 
   cd_education_status = '2 yr Degree'
   and 
   ss_sales_price between 50.00 and 100.00   
  )
 or 
 (
  cd_demo_sk = ss_cdemo_sk
  and 
   cd_marital_status = 'W'
   and 
   cd_education_status = 'Secondary'
   and 
   ss_sales_price between 150.00 and 200.00  
 )
 )
 and
 (
  (
  ss_addr_sk = ca_address_sk
  and
  ca_country = 'United States'
  and
  ca_state in ('GA', 'MO', 'MS')
  and ss_net_profit between 0 and 2000  
  )
 or
  (ss_addr_sk = ca_address_sk
  and
  ca_country = 'United States'
  and
  ca_state in ('AL', 'TN', 'PA')
  and ss_net_profit between 150 and 3000 
  )
 or
  (ss_addr_sk = ca_address_sk
  and
  ca_country = 'United States'
  and
  ca_state in ('MI', 'MT', 'OK')
  and ss_net_profit between 50 and 25000 
  )
 )
;
psql:/tmp/s1-basline/throughput/query_1.sql:4001: NOTICE:  duration: 460.339 ms  plan:
Query Text: select sum (ss_quantity)
 from store_sales, store, customer_demographics, customer_address, date_dim
 where s_store_sk = ss_store_sk
 and  ss_sold_date_sk = d_date_sk and d_year = 2000
 and  
 (
  (
   cd_demo_sk = ss_cdemo_sk
   and 
   cd_marital_status = 'M'
   and 
   cd_education_status = 'Advanced Degree'
   and 
   ss_sales_price between 100.00 and 150.00  
   )
 or
  (
  cd_demo_sk = ss_cdemo_sk
   and 
   cd_marital_status = 'U'
   and 
   cd_education_status = '2 yr Degree'
   and 
   ss_sales_price between 50.00 and 100.00   
  )
 or 
 (
  cd_demo_sk = ss_cdemo_sk
  and 
   cd_marital_status = 'W'
   and 
   cd_education_status = 'Secondary'
   and 
   ss_sales_price between 150.00 and 200.00  
 )
 )
 and
 (
  (
  ss_addr_sk = ca_address_sk
  and
  ca_country = 'United States'
  and
  ca_state in ('GA', 'MO', 'MS')
  and ss_net_profit between 0 and 2000  
  )
 or
  (ss_addr_sk = ca_address_sk
  and
  ca_country = 'United States'
  and
  ca_state in ('AL', 'TN', 'PA')
  and ss_net_profit between 150 and 3000 
  )
 or
  (ss_addr_sk = ca_address_sk
  and
  ca_country = 'United States'
  and
  ca_state in ('MI', 'MT', 'OK')
  and ss_net_profit between 50 and 25000 
  )
 )
;
Aggregate  (cost=111071.89..111071.90 rows=1 width=8) (actual time=460.330..460.332 rows=1 loops=1)
  ->  Nested Loop  (cost=1.15..111071.87 rows=5 width=4) (actual time=7.866..460.293 rows=515 loops=1)
        Join Filter: (store_sales.ss_store_sk = store.s_store_sk)
        Rows Removed by Join Filter: 5677
        ->  Seq Scan on store  (cost=0.00..1.12 rows=12 width=8) (actual time=0.003..0.006 rows=12 loops=1)
        ->  Materialize  (cost=1.15..111069.87 rows=5 width=12) (actual time=0.458..38.322 rows=516 loops=12)
              ->  Nested Loop  (cost=1.15..111069.84 rows=5 width=12) (actual time=5.492..459.525 rows=516 loops=1)
                    ->  Nested Loop  (cost=0.72..110973.31 rows=167 width=28) (actual time=3.996..407.700 rows=17706 loops=1)
                          ->  Nested Loop  (cost=0.43..110330.67 rows=1779 width=44) (actual time=3.897..241.644 rows=85874 loops=1)
                                ->  Seq Scan on date_dim  (cost=0.00..2318.11 rows=363 width=8) (actual time=3.879..8.402 rows=366 loops=1)
                                      Filter: (d_year = 2000)
                                      Rows Removed by Filter: 72683
                                ->  Index Scan using i_ss_sold_date_sk on store_sales  (cost=0.43..295.60 rows=196 width=52) (actual time=0.007..0.617 rows=235 loops=366)
                                      Index Cond: (ss_sold_date_sk = date_dim.d_date_sk)
                                      Filter: ((((ss_sales_price >= '100'::double precision) AND (ss_sales_price <= '150'::double precision)) OR ((ss_sales_price >= '50'::double precision) AND (ss_sales_price <= '100'::double precision)) OR ((ss_sales_price >= '150'::double precision) AND (ss_sales_price <= '200'::double precision))) AND (((ss_net_profit >= '0'::double precision) AND (ss_net_profit <= '2000'::double precision)) OR ((ss_net_profit >= '150'::double precision) AND (ss_net_profit <= '3000'::double precision)) OR ((ss_net_profit >= '50'::double precision) AND (ss_net_profit <= '25000'::double precision))))
                                      Rows Removed by Filter: 1272
                          ->  Index Scan using pk_customer_address on customer_address  (cost=0.29..0.35 rows=1 width=11) (actual time=0.002..0.002 rows=0 loops=85874)
                                Index Cond: (ca_address_sk = store_sales.ss_addr_sk)
                                Filter: (((ca_country)::text = 'United States'::text) AND ((ca_state = ANY ('{GA,MO,MS}'::bpchar[])) OR (ca_state = ANY ('{AL,TN,PA}'::bpchar[])) OR (ca_state = ANY ('{MI,MT,OK}'::bpchar[]))) AND (((ca_state = ANY ('{GA,MO,MS}'::bpchar[])) AND (store_sales.ss_net_profit >= '0'::double precision) AND (store_sales.ss_net_profit <= '2000'::double precision)) OR ((ca_state = ANY ('{AL,TN,PA}'::bpchar[])) AND (store_sales.ss_net_profit >= '150'::double precision) AND (store_sales.ss_net_profit <= '3000'::double precision)) OR ((ca_state = ANY ('{MI,MT,OK}'::bpchar[])) AND (store_sales.ss_net_profit >= '50'::double precision) AND (store_sales.ss_net_profit <= '25000'::double precision))))
                                Rows Removed by Filter: 1
                    ->  Index Scan using pk_customer_demographics on customer_demographics  (cost=0.43..0.57 rows=1 width=31) (actual time=0.003..0.003 rows=0 loops=17706)
                          Index Cond: (cd_demo_sk = store_sales.ss_cdemo_sk)
                          Filter: ((((cd_marital_status = 'M'::bpchar) AND (cd_education_status = 'Advanced Degree'::bpchar)) OR ((cd_marital_status = 'U'::bpchar) AND (cd_education_status = '2 yr Degree'::bpchar)) OR ((cd_marital_status = 'W'::bpchar) AND (cd_education_status = 'Secondary'::bpchar))) AND (((cd_marital_status = 'M'::bpchar) AND (cd_education_status = 'Advanced Degree'::bpchar) AND (store_sales.ss_sales_price >= '100'::double precision) AND (store_sales.ss_sales_price <= '150'::double precision)) OR ((cd_marital_status = 'U'::bpchar) AND (cd_education_status = '2 yr Degree'::bpchar) AND (store_sales.ss_sales_price >= '50'::double precision) AND (store_sales.ss_sales_price <= '100'::double precision)) OR ((cd_marital_status = 'W'::bpchar) AND (cd_education_status = 'Secondary'::bpchar) AND (store_sales.ss_sales_price >= '150'::double precision) AND (store_sales.ss_sales_price <= '200'::double precision))))
                          Rows Removed by Filter: 1
  sum  
-------
 25073
(1 row)

UPDATE time_statistics SET e_time = TRANSACTION_TIMESTAMP() WHERE template = 'query48.tpl' AND stream = 1;
psql:/tmp/s1-basline/throughput/query_1.sql:4003: NOTICE:  duration: 0.068 ms  plan:
Query Text: UPDATE time_statistics SET e_time = TRANSACTION_TIMESTAMP() WHERE template = 'query48.tpl' AND stream = 1;
Update on time_statistics  (cost=0.00..10.57 rows=0 width=0) (actual time=0.067..0.067 rows=0 loops=1)
  ->  Seq Scan on time_statistics  (cost=0.00..10.57 rows=1 width=14) (actual time=0.052..0.052 rows=1 loops=1)
        Filter: ((template = 'query48.tpl'::text) AND (stream = 1))
        Rows Removed by Filter: 333
UPDATE 1
LOAD 'auto_explain'; SET auto_explain.log_min_duration TO 0; SET auto_explain.log_analyze TO on; SET auto_explain.log_level TO notice; INSERT INTO time_statistics (template, s_time, stream, query, seed) VALUES ('query72.tpl', TRANSACTION_TIMESTAMP(), 1, 77, 1031794333);
LOAD
SET
SET
SET
psql:/tmp/s1-basline/throughput/query_1.sql:4004: NOTICE:  duration: 0.009 ms  plan:
Query Text: INSERT INTO time_statistics (template, s_time, stream, query, seed) VALUES ('query72.tpl', TRANSACTION_TIMESTAMP(), 1, 77, 1031794333);
Insert on time_statistics  (cost=0.00..0.01 rows=0 width=0) (actual time=0.009..0.009 rows=0 loops=1)
  ->  Result  (cost=0.00..0.01 rows=1 width=64) (actual time=0.002..0.002 rows=1 loops=1)
INSERT 0 1
select  i_item_desc
      ,w_warehouse_name
      ,d1.d_week_seq
      ,sum(case when p_promo_sk is null then 1 else 0 end) no_promo
      ,sum(case when p_promo_sk is not null then 1 else 0 end) promo
      ,count(*) total_cnt
from catalog_sales
join inventory on (cs_item_sk = inv_item_sk)
join warehouse on (w_warehouse_sk=inv_warehouse_sk)
join item on (i_item_sk = cs_item_sk)
join customer_demographics on (cs_bill_cdemo_sk = cd_demo_sk)
join household_demographics on (cs_bill_hdemo_sk = hd_demo_sk)
join date_dim d1 on (cs_sold_date_sk = d1.d_date_sk)
join date_dim d2 on (inv_date_sk = d2.d_date_sk)
join date_dim d3 on (cs_ship_date_sk = d3.d_date_sk)
left outer join promotion on (cs_promo_sk=p_promo_sk)
left outer join catalog_returns on (cr_item_sk = cs_item_sk and cr_order_number = cs_order_number)
where d1.d_week_seq = d2.d_week_seq
  and inv_quantity_on_hand < cs_quantity 
  and d3.d_date > d1.d_date + 5
  and hd_buy_potential = '501-1000'
  and d1.d_year = 2001
  and cd_marital_status = 'D'
group by i_item_desc,w_warehouse_name,d1.d_week_seq
order by total_cnt desc, i_item_desc, w_warehouse_name, d_week_seq
limit 100;
psql:/tmp/s1-basline/throughput/query_1.sql:4030: NOTICE:  duration: 521.865 ms  plan:
Query Text: select  i_item_desc
      ,w_warehouse_name
      ,d1.d_week_seq
      ,sum(case when p_promo_sk is null then 1 else 0 end) no_promo
      ,sum(case when p_promo_sk is not null then 1 else 0 end) promo
      ,count(*) total_cnt
from catalog_sales
join inventory on (cs_item_sk = inv_item_sk)
join warehouse on (w_warehouse_sk=inv_warehouse_sk)
join item on (i_item_sk = cs_item_sk)
join customer_demographics on (cs_bill_cdemo_sk = cd_demo_sk)
join household_demographics on (cs_bill_hdemo_sk = hd_demo_sk)
join date_dim d1 on (cs_sold_date_sk = d1.d_date_sk)
join date_dim d2 on (inv_date_sk = d2.d_date_sk)
join date_dim d3 on (cs_ship_date_sk = d3.d_date_sk)
left outer join promotion on (cs_promo_sk=p_promo_sk)
left outer join catalog_returns on (cr_item_sk = cs_item_sk and cr_order_number = cs_order_number)
where d1.d_week_seq = d2.d_week_seq
  and inv_quantity_on_hand < cs_quantity 
  and d3.d_date > d1.d_date + 5
  and hd_buy_potential = '501-1000'
  and d1.d_year = 2001
  and cd_marital_status = 'D'
group by i_item_desc,w_warehouse_name,d1.d_week_seq
order by total_cnt desc, i_item_desc, w_warehouse_name, d_week_seq
limit 100;
Limit  (cost=29266.61..29266.61 rows=2 width=144) (actual time=521.789..521.803 rows=100 loops=1)
  ->  Sort  (cost=29266.61..29266.61 rows=2 width=144) (actual time=521.788..521.796 rows=100 loops=1)
        Sort Key: (count(*)) DESC, item.i_item_desc, warehouse.w_warehouse_name, d1.d_week_seq
        Sort Method: top-N heapsort  Memory: 50kB
        ->  GroupAggregate  (cost=29266.54..29266.60 rows=2 width=144) (actual time=520.026..521.067 rows=2155 loops=1)
              Group Key: item.i_item_desc, warehouse.w_warehouse_name, d1.d_week_seq
              ->  Sort  (cost=29266.54..29266.55 rows=2 width=128) (actual time=520.017..520.108 rows=2166 loops=1)
                    Sort Key: item.i_item_desc, warehouse.w_warehouse_name, d1.d_week_seq
                    Sort Method: quicksort  Memory: 465kB
                    ->  Nested Loop Left Join  (cost=3215.60..29266.53 rows=2 width=128) (actual time=24.953..516.481 rows=2166 loops=1)
                          Join Filter: (catalog_sales.cs_promo_sk = promotion.p_promo_sk)
                          Rows Removed by Join Filter: 321495
                          ->  Nested Loop  (cost=3215.60..29245.78 rows=2 width=128) (actual time=24.895..486.914 rows=2166 loops=1)
                                Join Filter: (d3.d_date > (d1.d_date + 5))
                                Rows Removed by Join Filter: 125
                                ->  Nested Loop  (cost=3215.30..29244.15 rows=5 width=140) (actual time=24.883..483.068 rows=2291 loops=1)
                                      ->  Nested Loop  (cost=3215.02..29242.62 rows=5 width=54) (actual time=24.866..477.091 rows=2291 loops=1)
                                            Join Filter: (inventory.inv_warehouse_sk = warehouse.w_warehouse_sk)
                                            Rows Removed by Join Filter: 4523
                                            ->  Nested Loop  (cost=3215.02..29241.23 rows=5 width=48) (actual time=24.855..475.844 rows=2291 loops=1)
                                                  ->  Hash Join  (cost=3214.46..24971.76 rows=1654 width=44) (actual time=24.759..258.151 rows=67403 loops=1)
                                                        Hash Cond: (d1.d_week_seq = d2.d_week_seq)
                                                        ->  Nested Loop  (cost=165.86..21903.96 rows=236 width=36) (actual time=5.291..229.872 rows=9629 loops=1)
                                                              ->  Hash Join  (cost=165.43..21352.41 rows=1179 width=44) (actual time=4.861..137.804 rows=47689 loops=1)
                                                                    Hash Cond: (catalog_sales.cs_bill_hdemo_sk = household_demographics.hd_demo_sk)
                                                                    ->  Nested Loop  (cost=0.43..21168.73 rows=7110 width=52) (actual time=4.022..111.131 rows=284723 loops=1)
                                                                          ->  Seq Scan on date_dim d1  (cost=0.00..2318.11 rows=363 width=16) (actual time=4.009..8.478 rows=365 loops=1)
                                                                                Filter: (d_year = 2001)
                                                                                Rows Removed by Filter: 72684
                                                                          ->  Index Scan using i_cs_sold_date_sk on catalog_sales  (cost=0.43..44.11 rows=782 width=60) (actual time=0.004..0.137 rows=780 loops=365)
                                                                                Index Cond: (cs_sold_date_sk = d1.d_date_sk)
                                                                    ->  Hash  (cost=150.00..150.00 rows=1200 width=8) (actual time=0.827..0.827 rows=1200 loops=1)
                                                                          Buckets: 2048  Batches: 1  Memory Usage: 63kB
                                                                          ->  Seq Scan on household_demographics  (cost=0.00..150.00 rows=1200 width=8) (actual time=0.005..0.689 rows=1200 loops=1)
                                                                                Filter: (hd_buy_potential = '501-1000'::bpchar)
                                                                                Rows Removed by Filter: 6000
                                                              ->  Index Scan using pk_customer_demographics on customer_demographics  (cost=0.43..0.47 rows=1 width=8) (actual time=0.002..0.002 rows=0 loops=47689)
                                                                    Index Cond: (cd_demo_sk = catalog_sales.cs_bill_cdemo_sk)
                                                                    Filter: (cd_marital_status = 'D'::bpchar)
                                                                    Rows Removed by Filter: 1
                                                        ->  Hash  (cost=2135.49..2135.49 rows=73049 width=12) (actual time=18.905..18.906 rows=73049 loops=1)
                                                              Buckets: 131072  Batches: 1  Memory Usage: 4163kB
                                                              ->  Seq Scan on date_dim d2  (cost=0.00..2135.49 rows=73049 width=12) (actual time=0.002..8.747 rows=73049 loops=1)
                                                  ->  Index Scan using pk_inventory on inventory  (cost=0.56..2.57 rows=1 width=28) (actual time=0.003..0.003 rows=0 loops=67403)
                                                        Index Cond: ((inv_date_sk = d2.d_date_sk) AND (inv_item_sk = catalog_sales.cs_item_sk))
                                                        Filter: (inv_quantity_on_hand < catalog_sales.cs_quantity)
                                                        Rows Removed by Filter: 1
                                            ->  Materialize  (cost=0.00..1.07 rows=5 width=22) (actual time=0.000..0.000 rows=3 loops=2291)
                                                  ->  Seq Scan on warehouse  (cost=0.00..1.05 rows=5 width=22) (actual time=0.004..0.005 rows=5 loops=1)
                                      ->  Index Scan using pk_item on item  (cost=0.29..0.31 rows=1 width=110) (actual time=0.002..0.002 rows=1 loops=2291)
                                            Index Cond: (i_item_sk = catalog_sales.cs_item_sk)
                                ->  Index Scan using pk_date_dim on date_dim d3  (cost=0.29..0.31 rows=1 width=12) (actual time=0.001..0.001 rows=1 loops=2291)
                                      Index Cond: (d_date_sk = catalog_sales.cs_ship_date_sk)
                          ->  Materialize  (cost=0.00..12.50 rows=300 width=8) (actual time=0.000..0.005 rows=149 loops=2166)
                                ->  Seq Scan on promotion  (cost=0.00..11.00 rows=300 width=8) (actual time=0.004..0.048 rows=300 loops=1)
                                                                                               i_item_desc                                                                                               |  w_warehouse_name   | d_week_seq | no_promo | promo | total_cnt 
---------------------------------------------------------------------------------------------------------------------------------------------------------------------------------------------------------+---------------------+------------+----------+-------+-----------
 Big, special studies suggest quite lads. Detailed, arab services shed under future, little rules. Tickets must not implem                                                                               | Single, simple r    |       5316 |        0 |     2 |         2
 Black managers generate in the pieces; thinly young eyes cannot burn much new, main rows. Slightly contempora                                                                                           | Parties use         |       5319 |        0 |     2 |         2
 Capital experts go jobs. Central papers perform also as an faces; easy sides stay. Days used to devise now curious, suitable women. Thi                                                                 | Persons make more e |       5315 |        0 |     2 |         2
 Electrical rates will not kick past so foreign armies. Unions accept locally local shares. In particular n                                                                                              | Single, simple r    |       5310 |        0 |     2 |         2
 High, likely women would not highlight well. Otherwise united possibilities may shut tired regions. Likely, obvious patients shall determine then estates. Re                                           | Neither dea         |       5319 |        0 |     2 |         2
 Intelligent, young trades would go white children. Well available directions say necessary purposes. Seats determine. Weekly light groups escape tonight risks. European, unchanged leav                | Parties use         |       5319 |        0 |     2 |         2
 Just complex calculations boast with a women. Extremely black students announce frequently. Local, brief counties obtain colleagues.                                                                    | Persons make more e |       5306 |        0 |     2 |         2
 Managers ought to                                                                                                                                                                                       | Total, dea          |       5306 |        0 |     2 |         2
 Problems stay friends. Great, political others would enter above in a reasons. Again possible scientists sell true, individual fields. New titles regard still in                                       | Single, simple r    |       5319 |        0 |     2 |         2
 Solar aspects shall not generalize. Severely necessary resources ta                                                                                                                                     | Persons make more e |       5316 |        0 |     2 |         2
 Thick possible hours pump even. Wet remarks give perhaps by a colleagues; policies return significant, still links. Gradually                                                                           | Neither dea         |       5316 |        0 |     2 |         2
 A                                                                                                                                                                                                       | Total, dea          |       5296 |        0 |     1 |         1
 Able, appropriate agreements hire negative, black elements. Essen                                                                                                                                       | Neither dea         |       5288 |        0 |     1 |         1
 Able, appropriate agreements hire negative, black elements. Essen                                                                                                                                       | Single, simple r    |       5288 |        0 |     1 |         1
 Able, british pupils cannot increase also now just times.                                                                                                                                               | Parties use         |       5314 |        0 |     1 |         1
 Able changes will submit areas. Scottish                                                                                                                                                                | Single, simple r    |       5317 |        0 |     1 |         1
 Able cities should not limit. Kinds must seem tonight sexual firms. Critical weeks would get proposed, delicious guidelines; wrong procedures learn very. Important eyes may display in                 | Parties use         |       5271 |        0 |     1 |         1
 Able, environmental results make. However inland customs practise as the seeds. Early, international years help very unlikely themes. Determined children should contact as long-term, different issue  | Neither dea         |       5321 |        0 |     1 |         1
 Able, environmental results make. However inland customs practise as the seeds. Early, international years help very unlikely themes. Determined children should contact as long-term, different issue  | Persons make more e |       5313 |        0 |     1 |         1
 Able, environmental results make. However inland customs practise as the seeds. Early, international years help very unlikely themes. Determined children should contact as long-term, different issue  | Single, simple r    |       5315 |        0 |     1 |         1
 Able, environmental results make. However inland customs practise as the seeds. Early, international years help very unlikely themes. Determined children should contact as long-term, different issue  | Total, dea          |       5315 |        0 |     1 |         1
 Able, large numbers dispose inherently with the researchers. Public members                                                                                                                             | Persons make more e |       5314 |        0 |     1 |         1
 Able numbers get. Good, military hands show just rooms; other forms find never.                                                                                                                         | Parties use         |       5307 |        0 |     1 |         1
 Able, recent stands may give; users restrict also strange, grey changes. Movements ought to perform more sha                                                                                            | Persons make more e |       5320 |        0 |     1 |         1
 Able, social events will increase never british cultures. Past, other roots ensure pretty in spite of a authorities. Liable, fair pounds will not begin more heavy, typical cattle.                     | Total, dea          |       5277 |        0 |     1 |         1
 About fine eyes provide in a findings. Yellow, plain results understand more than distinct questions. Scottish                                                                                          | Parties use         |       5319 |        0 |     1 |         1
 About fine eyes provide in a findings. Yellow, plain results understand more than distinct questions. Scottish                                                                                          | Single, simple r    |       5321 |        0 |     1 |         1
 About full doctors know indeed representatives. Continued, coming countries used to tell                                                                                                                | Single, simple r    |       5297 |        0 |     1 |         1
 About new childre                                                                                                                                                                                       | Parties use         |       5317 |        0 |     1 |         1
 About random sides go flat schools; pleased times can make by a areas. New chemi                                                                                                                        | Persons make more e |       5288 |        0 |     1 |         1
 Above definite exhibitions might come even on a events; small, financial estates can feel really with a flames. Types                                                                                   | Persons make more e |       5305 |        0 |     1 |         1
 Above definite exhibitions might come even on a events; small, financial estates can feel really with a flames. Types                                                                                   | Total, dea          |       5305 |        0 |     1 |         1
 Above eventual females shoul                                                                                                                                                                            | Single, simple r    |       5280 |        0 |     1 |         1
 Above severe facilities should not see thick successful, cultural miles. High whole magistrates protest very common, great orders. Rights pick ever to a hundreds                                       | Persons make more e |       5318 |        0 |     1 |         1
 Absent, new agencies would not produce in a names. Quickly friendly wings remember previous times. Times shall care obvious hundreds. Net groups may not rest right pupils. Tiny, sweet costs aff       | Neither dea         |       5322 |        0 |     1 |         1
 Acceptable methods would not provide only. Cases read programmes. Lights send now soon clinical areas; aspects may not deal sure for the gates. Still political hands should join significant forms.    | Single, simple r    |       5301 |        0 |     1 |         1
 Acceptable methods would not provide only. Cases read programmes. Lights send now soon clinical areas; aspects may not deal sure for the gates. Still political hands should join significant forms.    | Total, dea          |       5301 |        0 |     1 |         1
 Accounts cannot add once more. Temporary police must emulate. Users shall not open earlier to a tasks; hills rest even influential relationships. Molecular girls prod                                  | Parties use         |       5319 |        0 |     1 |         1
 Accurate, key workers compete in the efforts. Final, soviet cases shall indicate societies. Yesterday common studies shall not                                                                          | Neither dea         |       5301 |        0 |     1 |         1
 Active, civil metres might not s                                                                                                                                                                        | Total, dea          |       5298 |        0 |     1 |         1
 Active friends should not remove only friends. Rumours sue additional activities. So western patients must n                                                                                            | Parties use         |       5310 |        0 |     1 |         1
 Active, severe years should not seek comments. Major grounds may allow almost new days. Married wives give. Insufficient, intact parties may emphasise assumptions. Financial pa                        | Single, simple r    |       5274 |        0 |     1 |         1
 Active weeks listen immediate rights; wide, necessary eyes hold otherwise royal outcomes. Romantic charges might support adequately good, young patients. Green rights ought to incl                    | Parties use         |       5314 |        0 |     1 |         1
 Active weeks listen immediate rights; wide, necessary eyes hold otherwise royal outcomes. Romantic charges might support adequately good, young patients. Green rights ought to incl                    | Single, simple r    |       5292 |        0 |     1 |         1
 Acts see critical volunteers; a lit                                                                                                                                                                     | Neither dea         |       5316 |        0 |     1 |         1
 Acts see critical volunteers; a lit                                                                                                                                                                     | Total, dea          |       5316 |        0 |     1 |         1
 Acts would not vote little recent, main generations; procedures might keep perhaps by                                                                                                                   | Parties use         |       5315 |        0 |     1 |         1
 Actually other privileges want too also annual studies. Brown, n                                                                                                                                        | Neither dea         |       5316 |        0 |     1 |         1
 Acute, lexical countrie                                                                                                                                                                                 | Total, dea          |       5309 |        0 |     1 |         1
 Acutely private days destroy on a costs. More only years examine even for a resources. Full, public circumstances decide great materials. Systems creep certainly now practical instruments. Contracts  | Total, dea          |       5304 |        0 |     1 |         1
 Acute, true services used to live still now urgent guidelines; healthy candidates grow different principles.                                                                                            | Parties use         |       5288 |        0 |     1 |         1
 Added, concerned moments may not know about over linear messages. Areas pay between a parts. Labour characters will go only for a                                                                       | Single, simple r    |       5314 |        0 |     1 |         1
 Additional wages buy possible directors. New, supreme standards return inextricably mean, democratic forces. Mountains shall not try safe days. Old citizens hear. Workers would find now circu         | Single, simple r    |       5306 |        0 |     1 |         1
 Adults will get significantly grateful metres. Results should not connect therefore profits; as european lines become from a services. S                                                                | Single, simple r    |       5283 |        0 |     1 |         1
 Affairs destroy please almost other girls. Old, desp                                                                                                                                                    | Neither dea         |       5273 |        0 |     1 |         1
 Affairs make however; successful magistrates tell services; usually normal measures could hold with a sides. Lights may not win soon new j                                                              | Parties use         |       5297 |        0 |     1 |         1
 Affairs might not believe too years. Little homes ad                                                                                                                                                    | Single, simple r    |       5275 |        0 |     1 |         1
 Affairs will not stop still miserable, new policies. Lips remedy howev                                                                                                                                  | Parties use         |       5280 |        0 |     1 |         1
 Affairs will not stop still miserable, new policies. Lips remedy howev                                                                                                                                  | Single, simple r    |       5280 |        0 |     1 |         1
 Again direct differences could deal closely often future stairs. Generally major employers ought to stay. Free members make generally trends. Just                                                      | Neither dea         |       5299 |        0 |     1 |         1
 Again established years occur                                                                                                                                                                           | Persons make more e |       5321 |        0 |     1 |         1
 Again g                                                                                                                                                                                                 | Total, dea          |       5304 |        0 |     1 |         1
 Again inc patients cannot move brilliantly activities. Later national patients must know more words; wines may expect over also inc women. Old, soviet brothers come already bad concepts. Units wi     | Persons make more e |       5322 |        0 |     1 |         1
 Again inc patients cannot move brilliantly activities. Later national patients must know more words; wines may expect over also inc women. Old, soviet brothers come already bad concepts. Units wi     | Single, simple r    |       5282 |        0 |     1 |         1
 Again interested consequences achieve to a trials. New, dramatic movements arrange very already peculiar problems. Groups shall exclude formidable eyes.                                                | Neither dea         |       5318 |        0 |     1 |         1
 Again specific attitudes help. Over necessary sides want inevitably scientific, appropriate bars. Parliamentary, expected comm                                                                          | Neither dea         |       5303 |        0 |     1 |         1
 Again tiny decisions used to mak                                                                                                                                                                        | Persons make more e |       5321 |        0 |     1 |         1
 Again top pressures conceive. Nuclear forms double further products. Major, nice questions give. Financial secrets can                                                                                  | Single, simple r    |       5307 |        0 |     1 |         1
 Again wrong hours might comment studies. Towns shall improve deliberate, foreign articles. Especially pale duties shall work increasingly quick mem                                                     | Persons make more e |       5297 |        0 |     1 |         1
 Agencies may come early in a week                                                                                                                                                                       | Single, simple r    |       5271 |        0 |     1 |         1
 Agencies may not acquire as cheap rates. Spanish, accessible models add therefore local days. National asso                                                                                             | Single, simple r    |       5306 |        0 |     1 |         1
 Agencies will preserve more. Impossible, supposed countries refer by a members. A                                                                                                                       | Single, simple r    |       5281 |        0 |     1 |         1
 Agencies will preserve more. Impossible, supposed countries refer by a members. A                                                                                                                       | Total, dea          |       5281 |        0 |     1 |         1
 Agents could not keep risks. Often material parts must not last open with a properties. Authorities shall prove other, responsible pensions. Unlike, scientific parents c                               | Parties use         |       5319 |        0 |     1 |         1
 Aggressive modules should see there still grateful products. Technical plans could not sell less for a changes; related, simple employers inclu                                                         | Total, dea          |       5304 |        0 |     1 |         1
 Ago autonomous daughters make. Big, political limits ought to assure ne                                                                                                                                 | Single, simple r    |       5316 |        0 |     1 |         1
 All but total charges execute later also v                                                                                                                                                              | Persons make more e |       5276 |        0 |     1 |         1
 Allies determine obviously years. Families seek most trees. Even physical policies explain as ashamed ministers. Crossly critical flowers find ever other opinions. Lines would not mean only. Other co | Persons make more e |       5307 |        0 |     1 |         1
 All main securities should see below brown, happy units. Ancient bom                                                                                                                                    | Parties use         |       5285 |        0 |     1 |         1
 All political parties assist offences. Only long teeth increase above for a words. Later fine observers could keep just after the prices. Various others set of course common, v                        | Neither dea         |       5317 |        0 |     1 |         1
 Almost domestic cars launch twice goods. Shops produce most with a paper                                                                                                                                | Neither dea         |       5320 |        0 |     1 |         1
 Almost rigid partners let materials. Adverse, vulnerable tea                                                                                                                                            | Parties use         |       5312 |        0 |     1 |         1
 Almost useful areas shall keep up to with a women. Systems can fall more united eyes. Artists                                                                                                           | Neither dea         |       5283 |        0 |     1 |         1
 Almost useful areas shall keep up to with a women. Systems can fall more united eyes. Artists                                                                                                           | Persons make more e |       5281 |        0 |     1 |         1
 Already bad cases come on a fingers. Minutes tackle; various objects stay by a phenomena. Different stude                                                                                               | Total, dea          |       5299 |        0 |     1 |         1
 Already different prospects must erect alternatively after a features. Ready, local results apply even for a coun                                                                                       | Total, dea          |       5316 |        0 |     1 |         1
 Already scottish situations cry etc letters. Things reflect so also full institutions. New elections speak effective farmers. Competent ele                                                             | Persons make more e |       5308 |        0 |     1 |         1
 Also                                                                                                                                                                                                    | Neither dea         |       5286 |        0 |     1 |         1
 Also common                                                                                                                                                                                             | Persons make more e |       5295 |        0 |     1 |         1
 Also difficult holes may make more pictures. Local, new newspapers may not reply perhaps other functions. Required, general teachers scrape. Things can teac                                            | Parties use         |       5305 |        0 |     1 |         1
 Also due scenes help completely familiar members. Aware concentrations can reduce problems. Cells know. So short numbers mean as from a laws; really practical                                          | Persons make more e |       5315 |        0 |     1 |         1
 Also gradual details contribute then nuclear, detailed developments. Certainly successful functions proceed here within a                                                                               | Single, simple r    |       5298 |        0 |     1 |         1
 Also modest churches may not get truly local important women. Firm, traditional                                                                                                                         | Neither dea         |       5286 |        0 |     1 |         1
 Also only targets would meet p                                                                                                                                                                          | Total, dea          |       5275 |        0 |     1 |         1
 Also outside prices might live                                                                                                                                                                          | Neither dea         |       5317 |        0 |     1 |         1
 Also physical years look only farmers. Sides must stand also activities. Great cities may remain separately domestic goods. Reports will hear                                                           | Persons make more e |       5298 |        0 |     1 |         1
 Also poor trees confront about only orders. Essential elections work alwa                                                                                                                               | Neither dea         |       5291 |        0 |     1 |         1
 Also public things may mean besides with a efforts. Ment                                                                                                                                                | Total, dea          |       5314 |        0 |     1 |         1
 Also ready eyes might not find particularly necessary considerable developments. Regular, numerous guidelines should not discover. Odd concepts may not send as encouraging                             | Neither dea         |       5321 |        0 |     1 |         1
 Also ready eyes might not find particularly necessary considerable developments. Regular, numerous guidelines should not discover. Odd concepts may not send as encouraging                             | Total, dea          |       5321 |        0 |     1 |         1
(100 rows)

UPDATE time_statistics SET e_time = TRANSACTION_TIMESTAMP() WHERE template = 'query72.tpl' AND stream = 1;
psql:/tmp/s1-basline/throughput/query_1.sql:4032: NOTICE:  duration: 0.065 ms  plan:
Query Text: UPDATE time_statistics SET e_time = TRANSACTION_TIMESTAMP() WHERE template = 'query72.tpl' AND stream = 1;
Update on time_statistics  (cost=0.00..10.57 rows=0 width=0) (actual time=0.064..0.065 rows=0 loops=1)
  ->  Seq Scan on time_statistics  (cost=0.00..10.57 rows=1 width=14) (actual time=0.050..0.050 rows=1 loops=1)
        Filter: ((template = 'query72.tpl'::text) AND (stream = 1))
        Rows Removed by Filter: 334
UPDATE 1
LOAD 'auto_explain'; SET auto_explain.log_min_duration TO 0; SET auto_explain.log_analyze TO on; SET auto_explain.log_level TO notice; INSERT INTO time_statistics (template, s_time, stream, query, seed) VALUES ('query87.tpl', TRANSACTION_TIMESTAMP(), 1, 78, 436905206);
LOAD
SET
SET
SET
psql:/tmp/s1-basline/throughput/query_1.sql:4033: NOTICE:  duration: 0.009 ms  plan:
Query Text: INSERT INTO time_statistics (template, s_time, stream, query, seed) VALUES ('query87.tpl', TRANSACTION_TIMESTAMP(), 1, 78, 436905206);
Insert on time_statistics  (cost=0.00..0.01 rows=0 width=0) (actual time=0.008..0.009 rows=0 loops=1)
  ->  Result  (cost=0.00..0.01 rows=1 width=64) (actual time=0.001..0.002 rows=1 loops=1)
INSERT 0 1
select count(*) 
from ((select distinct c_last_name, c_first_name, d_date
       from store_sales, date_dim, customer
       where store_sales.ss_sold_date_sk = date_dim.d_date_sk
         and store_sales.ss_customer_sk = customer.c_customer_sk
         and d_month_seq between 1214 and 1214+11)
       except
      (select distinct c_last_name, c_first_name, d_date
       from catalog_sales, date_dim, customer
       where catalog_sales.cs_sold_date_sk = date_dim.d_date_sk
         and catalog_sales.cs_bill_customer_sk = customer.c_customer_sk
         and d_month_seq between 1214 and 1214+11)
       except
      (select distinct c_last_name, c_first_name, d_date
       from web_sales, date_dim, customer
       where web_sales.ws_sold_date_sk = date_dim.d_date_sk
         and web_sales.ws_bill_customer_sk = customer.c_customer_sk
         and d_month_seq between 1214 and 1214+11)
) cool_cust
;
psql:/tmp/s1-basline/throughput/query_1.sql:4053: NOTICE:  duration: 2219.226 ms  plan:
Query Text: select count(*) 
from ((select distinct c_last_name, c_first_name, d_date
       from store_sales, date_dim, customer
       where store_sales.ss_sold_date_sk = date_dim.d_date_sk
         and store_sales.ss_customer_sk = customer.c_customer_sk
         and d_month_seq between 1214 and 1214+11)
       except
      (select distinct c_last_name, c_first_name, d_date
       from catalog_sales, date_dim, customer
       where catalog_sales.cs_sold_date_sk = date_dim.d_date_sk
         and catalog_sales.cs_bill_customer_sk = customer.c_customer_sk
         and d_month_seq between 1214 and 1214+11)
       except
      (select distinct c_last_name, c_first_name, d_date
       from web_sales, date_dim, customer
       where web_sales.ws_sold_date_sk = date_dim.d_date_sk
         and web_sales.ws_bill_customer_sk = customer.c_customer_sk
         and d_month_seq between 1214 and 1214+11)
) cool_cust
;
Aggregate  (cost=154473.04..154473.05 rows=1 width=8) (actual time=2183.591..2219.217 rows=1 loops=1)
  ->  Subquery Scan on cool_cust  (cost=93832.75..154441.24 rows=12718 width=0) (actual time=2175.128..2217.408 rows=47070 loops=1)
        ->  HashSetOp Except  (cost=93832.75..154314.06 rows=12718 width=216) (actual time=2175.128..2213.004 rows=47070 loops=1)
              ->  Append  (cost=93832.75..154192.54 rows=16203 width=216) (actual time=1808.727..2195.430 rows=59088 loops=1)
                    ->  Result  (cost=93832.75..119173.74 rows=12718 width=216) (actual time=1808.727..1820.055 rows=47141 loops=1)
                          ->  HashSetOp Except  (cost=93832.75..119046.56 rows=12718 width=216) (actual time=1808.726..1815.280 rows=47141 loops=1)
                                ->  Append  (cost=93832.75..118899.45 rows=19615 width=216) (actual time=888.725..1786.178 rows=79008 loops=1)
                                      ->  Subquery Scan on "*SELECT* 1"  (cost=93832.75..95536.53 rows=12718 width=60) (actual time=888.725..1190.709 rows=47457 loops=1)
                                            ->  Unique  (cost=93832.75..95409.35 rows=12718 width=56) (actual time=888.722..1185.212 rows=47457 loops=1)
                                                  ->  Gather Merge  (cost=93832.75..95313.97 rows=12718 width=56) (actual time=888.721..1101.706 rows=538409 loops=1)
                                                        Workers Planned: 2
                                                        Workers Launched: 2
                                                        ->  Sort  (cost=92832.72..92845.97 rows=5299 width=56) (actual time=843.403..886.697 rows=179470 loops=3)
                                                              Sort Key: customer.c_last_name, customer.c_first_name, date_dim.d_date
                                                              Sort Method: external merge  Disk: 13056kB
                                                              Worker 0:  Sort Method: external merge  Disk: 10336kB
                                                              Worker 1:  Sort Method: external merge  Disk: 10456kB
                                                              ->  Nested Loop  (cost=2505.45..92504.94 rows=5299 width=56) (actual time=13.643..546.225 rows=179470 loops=3)
                                                                    ->  Hash Join  (cost=2505.16..90776.58 rows=5552 width=12) (actual time=13.592..262.264 rows=183760 loops=3)
                                                                          Hash Cond: (store_sales.ss_sold_date_sk = date_dim.d_date_sk)
                                                                          ->  Parallel Seq Scan on store_sales  (cost=0.00..85123.48 rows=1199148 width=16) (actual time=0.014..121.963 rows=959309 loops=3)
                                                                          ->  Hash  (cost=2500.73..2500.73 rows=354 width=12) (actual time=13.480..13.481 rows=365 loops=3)
                                                                                Buckets: 1024  Batches: 1  Memory Usage: 26kB
                                                                                ->  Seq Scan on date_dim  (cost=0.00..2500.73 rows=354 width=12) (actual time=6.344..13.430 rows=365 loops=3)
                                                                                      Filter: ((d_month_seq >= 1214) AND (d_month_seq <= 1225))
                                                                                      Rows Removed by Filter: 72684
                                                                    ->  Index Scan using pk_customer on customer  (cost=0.29..0.31 rows=1 width=60) (actual time=0.001..0.001 rows=1 loops=551280)
                                                                          Index Cond: (c_customer_sk = store_sales.ss_customer_sk)
                                      ->  Subquery Scan on "*SELECT* 2"  (cost=23126.90..23264.84 rows=6897 width=60) (actual time=581.775..590.722 rows=31551 loops=1)
                                            ->  HashAggregate  (cost=23126.90..23195.87 rows=6897 width=56) (actual time=581.774..588.387 rows=31551 loops=1)
                                                  Group Key: customer_1.c_last_name, customer_1.c_first_name, date_dim_1.d_date
                                                  Batches: 1  Memory Usage: 6673kB
                                                  ->  Nested Loop  (cost=0.72..23075.17 rows=6897 width=56) (actual time=3.769..473.832 rows=283796 loops=1)
                                                        ->  Nested Loop  (cost=0.43..20907.56 rows=6934 width=12) (actual time=3.758..100.536 rows=284598 loops=1)
                                                              ->  Seq Scan on date_dim date_dim_1  (cost=0.00..2500.73 rows=354 width=12) (actual time=3.734..8.009 rows=365 loops=1)
                                                                    Filter: ((d_month_seq >= 1214) AND (d_month_seq <= 1225))
                                                                    Rows Removed by Filter: 72684
                                                              ->  Index Scan using i_cs_sold_date_sk on catalog_sales  (cost=0.43..44.18 rows=782 width=16) (actual time=0.004..0.173 rows=780 loops=365)
                                                                    Index Cond: (cs_sold_date_sk = date_dim_1.d_date_sk)
                                                        ->  Index Scan using pk_customer on customer customer_1  (cost=0.29..0.31 rows=1 width=60) (actual time=0.001..0.001 rows=1 loops=284598)
                                                              Index Cond: (c_customer_sk = catalog_sales.cs_bill_customer_sk)
                    ->  Subquery Scan on "*SELECT* 3"  (cost=34470.91..34937.78 rows=3485 width=60) (actual time=262.032..371.876 rows=11947 loops=1)
                          ->  Unique  (cost=34470.91..34902.93 rows=3485 width=56) (actual time=262.031..370.588 rows=11947 loops=1)
                                ->  Gather Merge  (cost=34470.91..34876.80 rows=3485 width=56) (actual time=262.029..347.906 rows=143850 loops=1)
                                      Workers Planned: 2
                                      Workers Launched: 2
                                      ->  Sort  (cost=33470.89..33474.52 rows=1452 width=56) (actual time=237.788..242.708 rows=47950 loops=3)
                                            Sort Key: customer_2.c_last_name, customer_2.c_first_name, date_dim_2.d_date
                                            Sort Method: quicksort  Memory: 7281kB
                                            Worker 0:  Sort Method: quicksort  Memory: 5294kB
                                            Worker 1:  Sort Method: quicksort  Memory: 5306kB
                                            ->  Nested Loop  (cost=2505.45..33394.63 rows=1452 width=56) (actual time=13.507..171.199 rows=47950 loops=3)
                                                  ->  Hash Join  (cost=2505.16..32936.94 rows=1452 width=12) (actual time=13.463..92.176 rows=47957 loops=3)
                                                        Hash Cond: (web_sales.ws_sold_date_sk = date_dim_2.d_date_sk)
                                                        ->  Parallel Seq Scan on web_sales  (cost=0.00..29644.81 rows=299781 width=16) (actual time=0.017..44.548 rows=239825 loops=3)
                                                        ->  Hash  (cost=2500.73..2500.73 rows=354 width=12) (actual time=13.339..13.339 rows=365 loops=3)
                                                              Buckets: 1024  Batches: 1  Memory Usage: 26kB
                                                              ->  Seq Scan on date_dim date_dim_2  (cost=0.00..2500.73 rows=354 width=12) (actual time=6.324..13.288 rows=365 loops=3)
                                                                    Filter: ((d_month_seq >= 1214) AND (d_month_seq <= 1225))
                                                                    Rows Removed by Filter: 72684
                                                  ->  Index Scan using pk_customer on customer customer_2  (cost=0.29..0.32 rows=1 width=60) (actual time=0.001..0.001 rows=1 loops=143872)
                                                        Index Cond: (c_customer_sk = web_sales.ws_bill_customer_sk)
 count 
-------
 47070
(1 row)

UPDATE time_statistics SET e_time = TRANSACTION_TIMESTAMP() WHERE template = 'query87.tpl' AND stream = 1;
psql:/tmp/s1-basline/throughput/query_1.sql:4055: NOTICE:  duration: 0.069 ms  plan:
Query Text: UPDATE time_statistics SET e_time = TRANSACTION_TIMESTAMP() WHERE template = 'query87.tpl' AND stream = 1;
Update on time_statistics  (cost=0.00..10.57 rows=0 width=0) (actual time=0.068..0.068 rows=0 loops=1)
  ->  Seq Scan on time_statistics  (cost=0.00..10.57 rows=1 width=14) (actual time=0.054..0.054 rows=1 loops=1)
        Filter: ((template = 'query87.tpl'::text) AND (stream = 1))
        Rows Removed by Filter: 335
UPDATE 1
LOAD 'auto_explain'; SET auto_explain.log_min_duration TO 0; SET auto_explain.log_analyze TO on; SET auto_explain.log_level TO notice; INSERT INTO time_statistics (template, s_time, stream, query, seed) VALUES ('query34.tpl', TRANSACTION_TIMESTAMP(), 1, 79, 794443938);
LOAD
SET
SET
SET
psql:/tmp/s1-basline/throughput/query_1.sql:4056: NOTICE:  duration: 0.008 ms  plan:
Query Text: INSERT INTO time_statistics (template, s_time, stream, query, seed) VALUES ('query34.tpl', TRANSACTION_TIMESTAMP(), 1, 79, 794443938);
Insert on time_statistics  (cost=0.00..0.01 rows=0 width=0) (actual time=0.008..0.008 rows=0 loops=1)
  ->  Result  (cost=0.00..0.01 rows=1 width=64) (actual time=0.002..0.002 rows=1 loops=1)
INSERT 0 1
select c_last_name
       ,c_first_name
       ,c_salutation
       ,c_preferred_cust_flag
       ,ss_ticket_number
       ,cnt from
   (select ss_ticket_number
          ,ss_customer_sk
          ,count(*) cnt
    from store_sales,date_dim,store,household_demographics
    where store_sales.ss_sold_date_sk = date_dim.d_date_sk
    and store_sales.ss_store_sk = store.s_store_sk  
    and store_sales.ss_hdemo_sk = household_demographics.hd_demo_sk
    and (date_dim.d_dom between 1 and 3 or date_dim.d_dom between 25 and 28)
    and (household_demographics.hd_buy_potential = '1001-5000' or
         household_demographics.hd_buy_potential = '5001-10000')
    and household_demographics.hd_vehicle_count > 0
    and (case when household_demographics.hd_vehicle_count > 0 
	then household_demographics.hd_dep_count/ household_demographics.hd_vehicle_count 
	else null 
	end)  > 1.2
    and date_dim.d_year in (1998,1998+1,1998+2)
    and store.s_county in ('Williamson County','Williamson County','Williamson County','Williamson County',
                           'Williamson County','Williamson County','Williamson County','Williamson County')
    group by ss_ticket_number,ss_customer_sk) dn,customer
    where ss_customer_sk = c_customer_sk
      and cnt between 15 and 20
    order by c_last_name,c_first_name,c_salutation,c_preferred_cust_flag desc, ss_ticket_number;
psql:/tmp/s1-basline/throughput/query_1.sql:4084: NOTICE:  duration: 382.934 ms  plan:
Query Text: select c_last_name
       ,c_first_name
       ,c_salutation
       ,c_preferred_cust_flag
       ,ss_ticket_number
       ,cnt from
   (select ss_ticket_number
          ,ss_customer_sk
          ,count(*) cnt
    from store_sales,date_dim,store,household_demographics
    where store_sales.ss_sold_date_sk = date_dim.d_date_sk
    and store_sales.ss_store_sk = store.s_store_sk  
    and store_sales.ss_hdemo_sk = household_demographics.hd_demo_sk
    and (date_dim.d_dom between 1 and 3 or date_dim.d_dom between 25 and 28)
    and (household_demographics.hd_buy_potential = '1001-5000' or
         household_demographics.hd_buy_potential = '5001-10000')
    and household_demographics.hd_vehicle_count > 0
    and (case when household_demographics.hd_vehicle_count > 0 
	then household_demographics.hd_dep_count/ household_demographics.hd_vehicle_count 
	else null 
	end)  > 1.2
    and date_dim.d_year in (1998,1998+1,1998+2)
    and store.s_county in ('Williamson County','Williamson County','Williamson County','Williamson County',
                           'Williamson County','Williamson County','Williamson County','Williamson County')
    group by ss_ticket_number,ss_customer_sk) dn,customer
    where ss_customer_sk = c_customer_sk
      and cnt between 15 and 20
    order by c_last_name,c_first_name,c_salutation,c_preferred_cust_flag desc, ss_ticket_number;
Sort  (cost=92299.45..92299.60 rows=61 width=81) (actual time=313.243..382.758 rows=364 loops=1)
  Sort Key: customer.c_last_name, customer.c_first_name, customer.c_salutation, customer.c_preferred_cust_flag DESC, store_sales.ss_ticket_number
  Sort Method: quicksort  Memory: 69kB
  ->  Nested Loop  (cost=92081.40..92297.64 rows=61 width=81) (actual time=308.100..382.242 rows=364 loops=1)
        ->  Finalize GroupAggregate  (cost=92081.11..92150.52 rows=61 width=24) (actual time=308.087..381.175 rows=364 loops=1)
              Group Key: store_sales.ss_ticket_number, store_sales.ss_customer_sk
              Filter: ((count(*) >= 15) AND (count(*) <= 20))
              Rows Removed by Filter: 3450
              ->  Gather Merge  (cost=92081.11..92138.80 rows=460 width=24) (actual time=308.075..380.339 rows=3842 loops=1)
                    Workers Planned: 2
                    Workers Launched: 2
                    ->  Partial GroupAggregate  (cost=91081.08..91085.68 rows=230 width=24) (actual time=302.939..304.741 rows=1281 loops=3)
                          Group Key: store_sales.ss_ticket_number, store_sales.ss_customer_sk
                          ->  Sort  (cost=91081.08..91081.66 rows=230 width=16) (actual time=302.931..303.431 rows=13293 loops=3)
                                Sort Key: store_sales.ss_ticket_number, store_sales.ss_customer_sk
                                Sort Method: quicksort  Memory: 1689kB
                                Worker 0:  Sort Method: quicksort  Memory: 1017kB
                                Worker 1:  Sort Method: quicksort  Memory: 1010kB
                                ->  Hash Join  (cost=265.81..91072.06 rows=230 width=16) (actual time=2.158..300.100 rows=13293 loops=3)
                                      Hash Cond: (store_sales.ss_store_sk = store.s_store_sk)
                                      ->  Nested Loop  (cost=264.42..91069.83 rows=241 width=24) (actual time=2.091..297.951 rows=13453 loops=3)
                                            ->  Hash Join  (cost=264.11..88537.13 rows=77644 width=32) (actual time=1.593..267.332 rows=100795 loops=3)
                                                  Hash Cond: (store_sales.ss_hdemo_sk = household_demographics.hd_demo_sk)
                                                  ->  Parallel Seq Scan on store_sales  (cost=0.00..85123.48 rows=1199148 width=40) (actual time=0.016..127.424 rows=959309 loops=3)
                                                  ->  Hash  (cost=258.00..258.00 rows=489 width=8) (actual time=1.543..1.544 rows=800 loops=3)
                                                        Buckets: 1024  Batches: 1  Memory Usage: 40kB
                                                        ->  Seq Scan on household_demographics  (cost=0.00..258.00 rows=489 width=8) (actual time=0.249..1.441 rows=800 loops=3)
                                                              Filter: ((hd_vehicle_count > 0) AND ((hd_buy_potential = '1001-5000'::bpchar) OR (hd_buy_potential = '5001-10000'::bpchar)) AND ((CASE WHEN (hd_vehicle_count > 0) THEN (hd_dep_count / hd_vehicle_count) ELSE NULL::integer END)::numeric > 1.2))
                                                              Rows Removed by Filter: 6400
                                            ->  Memoize  (cost=0.30..0.33 rows=1 width=8) (actual time=0.000..0.000 rows=0 loops=302384)
                                                  Cache Key: store_sales.ss_sold_date_sk
                                                  Cache Mode: logical
                                                  Hits: 126992  Misses: 1797  Evictions: 0  Overflows: 0  Memory Usage: 136kB
                                                  Worker 0:  Hits: 84496  Misses: 1733  Evictions: 0  Overflows: 0  Memory Usage: 131kB
                                                  Worker 1:  Hits: 85632  Misses: 1734  Evictions: 0  Overflows: 0  Memory Usage: 132kB
                                                  ->  Index Scan using pk_date_dim on date_dim  (cost=0.29..0.32 rows=1 width=8) (actual time=0.002..0.002 rows=0 loops=5264)
                                                        Index Cond: (d_date_sk = store_sales.ss_sold_date_sk)
                                                        Filter: ((d_year = ANY ('{1998,1999,2000}'::integer[])) AND (((d_dom >= 1) AND (d_dom <= 3)) OR ((d_dom >= 25) AND (d_dom <= 28))))
                                                        Rows Removed by Filter: 1
                                      ->  Hash  (cost=1.24..1.24 rows=12 width=8) (actual time=0.044..0.044 rows=12 loops=3)
                                            Buckets: 1024  Batches: 1  Memory Usage: 9kB
                                            ->  Seq Scan on store  (cost=0.00..1.24 rows=12 width=8) (actual time=0.036..0.040 rows=12 loops=3)
                                                  Filter: ((s_county)::text = ANY ('{"Williamson County","Williamson County","Williamson County","Williamson County","Williamson County","Williamson County","Williamson County","Williamson County"}'::text[]))
        ->  Index Scan using pk_customer on customer  (cost=0.29..2.40 rows=1 width=73) (actual time=0.003..0.003 rows=1 loops=364)
              Index Cond: (c_customer_sk = store_sales.ss_customer_sk)
          c_last_name           |     c_first_name     | c_salutation | c_preferred_cust_flag | ss_ticket_number | cnt 
--------------------------------+----------------------+--------------+-----------------------+------------------+-----
 Abney                          | Erma                 | Miss         | Y                     |            55729 |  16
 Adams                          | David                | Sir          | N                     |           228404 |  15
 Adkins                         | Robert               | Sir          | Y                     |            71245 |  15
 Alfred                         | Anne                 | Dr.          | Y                     |           113539 |  15
 Allen                          | Daniel               | Sir          | N                     |           192399 |  16
 Allison                        | Jacquelyn            | Ms.          | Y                     |            86866 |  15
 Anderson                       | Daniel               | Mr.          | Y                     |            85977 |  16
 Anderson                       | Joyce                | Miss         | Y                     |             4212 |  15
 Andrade                        | Marilyn              | Ms.          | N                     |            12245 |  15
 Babcock                        | Harold               | Mr.          | N                     |           158243 |  15
 Baker                          | Nelson               | Sir          | Y                     |           163080 |  15
 Barbee                         | Dale                 | Mr.          | N                     |            94345 |  16
 Bassett                        | Michael              | Mr.          | Y                     |           104078 |  15
 Beal                           | Frank                | Sir          | N                     |           239347 |  15
 Beatty                         | Kira                 | Miss         | N                     |            39285 |  15
 Belcher                        | Bill                 | Dr.          | Y                     |           205189 |  15
 Berlin                         | Anthony              | Miss         | N                     |           174757 |  16
 Bertrand                       | Rebecca              | Miss         | Y                     |           170498 |  15
 Bevins                         | Sandra               |              |                       |           195015 |  16
 Bishop                         |                      |              | Y                     |           209260 |  15
 Bivens                         | Jesse                | Mr.          | Y                     |            16992 |  16
 Blair                          | John                 | Mr.          | Y                     |           196888 |  15
 Bland                          | Lillie               | Ms.          | N                     |            30850 |  15
 Blevins                        | Hanh                 | Ms.          | N                     |            98017 |  16
 Blodgett                       | Martha               | Dr.          | Y                     |              357 |  16
 Blum                           | John                 | Mr.          | N                     |            62574 |  15
 Bolen                          | Gary                 | Sir          | Y                     |            18580 |  16
 Boone                          | Danny                | Mr.          | N                     |           219462 |  15
 Borrego                        | Pamela               | Ms.          | N                     |             2437 |  15
 Boyd                           | Richard              | Mr.          | Y                     |            67442 |  16
 Braxton                        | Arleen               | Miss         | N                     |            51405 |  16
 Braxton                        | Bruce                | Dr.          | Y                     |            32856 |  16
 Brown                          | Dora                 | Mrs.         | Y                     |             2798 |  15
 Brown                          | Joel                 | Mr.          | Y                     |           159779 |  16
 Brown                          | Margaret             | Dr.          | N                     |           161310 |  15
 Brunson                        | Jeremy               | Dr.          | N                     |           120310 |  15
 Bryant                         | Ernest               | Mr.          | Y                     |           183501 |  15
 Bryant                         | Manuel               | Dr.          | N                     |           162938 |  15
 Bryant                         | Shelly               | Mrs.         | N                     |            69948 |  16
 Burr                           | Robert               | Dr.          | Y                     |           117728 |  15
 Bustamante                     | Joseph               | Dr.          | Y                     |           144880 |  15
 Cable                          | Rosella              | Dr.          | Y                     |            86397 |  16
 Calvin                         | Donald               | Dr.          | Y                     |            49261 |  15
 Campbell                       | Juanita              | Mrs.         | Y                     |            41477 |  15
 Campbell                       | Rosalie              | Dr.          | Y                     |            65192 |  15
 Causey                         | Brenna               | Miss         | N                     |           101470 |  15
 Chapman                        | Illa                 | Ms.          | Y                     |           174244 |  15
 Chen                           | Bernice              | Miss         | Y                     |           178647 |  16
 Clark                          | Helen                | Ms.          | Y                     |           149614 |  15
 Clark                          | Rocco                | Dr.          | Y                     |           190834 |  15
 Cochran                        | Donnie               | Dr.          | N                     |           174055 |  15
 Cole                           | Lashonda             | Mrs.         | Y                     |           100216 |  15
 Collins                        | Grant                | Sir          | Y                     |           110712 |  15
 Conn                           | Luise                | Mrs.         | Y                     |           133687 |  16
 Cooper                         | Jason                | Dr.          | N                     |           213610 |  15
 Cooper                         | Mariam               | Dr.          | Y                     |           152320 |  16
 Costello                       | Henry                | Dr.          | Y                     |            56458 |  15
 Crawford                       | Cathern              | Dr.          | Y                     |            97499 |  15
 Crook                          | Charles              | Dr.          | Y                     |           162994 |  15
 Cummins                        | Betty                | Ms.          | N                     |           146367 |  15
 Dallas                         | Chester              | Dr.          | N                     |           128786 |  16
 Davis                          | Elmer                | Mr.          | N                     |            15441 |  15
 Davis                          | George               | Sir          | Y                     |            57594 |  16
 Davis                          | Loretta              | Ms.          | Y                     |           166993 |  15
 Davis                          | Melina               | Miss         | N                     |           104414 |  15
 Dell                           | Howard               | Sir          | N                     |            72550 |  15
 Denny                          | Charles              | Dr.          | Y                     |            71453 |  16
 Deyoung                        | Myrtle               | Miss         | Y                     |           166630 |  15
 Diehl                          | Peter                | Sir          | Y                     |           181574 |  16
 Dixon                          | Rick                 | Mr.          | N                     |           200418 |  15
 Dobson                         | Eleanor              | Dr.          | N                     |           207835 |  15
 Donaldson                      | Bryan                | Mr.          | Y                     |           139730 |  15
 Doss                           | David                | Mr.          | Y                     |           227855 |  15
 Driscoll                       | Micheline            | Ms.          | N                     |           213261 |  16
 Duffy                          | Jared                | Dr.          | N                     |           206881 |  15
 Duran                          | Cheryl               | Ms.          | Y                     |            78213 |  15
 Earnest                        |                      |              |                       |           140352 |  15
 Ellison                        | Ellen                | Miss         | Y                     |            42487 |  15
 Ennis                          | John                 | Mr.          | Y                     |           129866 |  15
 Escobar                        | Tammy                | Ms.          | N                     |           114733 |  15
 Evans                          | Timothy              | Mr.          | N                     |           158640 |  15
 Ferris                         | Kurt                 | Dr.          | N                     |            31710 |  15
 Figueroa                       | Carl                 | Sir          | Y                     |           192902 |  15
 Fischer                        | Donna                | Dr.          | Y                     |           136659 |  15
 Fisher                         | James                | Sir          | N                     |            32343 |  15
 Flores                         | Alisha               | Miss         | Y                     |           187494 |  15
 Floyd                          | Raymond              |              |                       |            41721 |  15
 Fox                            | Louann               | Ms.          | Y                     |            46781 |  15
 Freeman                        | Jack                 | Dr.          | N                     |           174591 |  15
 Frye                           | Loretta              | Ms.          | N                     |           214995 |  15
 Fulkerson                      | Lawrence             | Sir          | Y                     |           227615 |  15
 Gabriel                        | Tristan              | Dr.          | N                     |            70012 |  15
 Gaddis                         | Tricia               | Ms.          | N                     |             1306 |  15
 Gaines                         | Ruth                 | Mrs.         | Y                     |            52783 |  15
 Garber                         | Brian                | Mr.          | N                     |           207420 |  15
 Garcia                         | Christina            |              | N                     |           215880 |  16
 Garcia                         | Claire               | Dr.          | Y                     |           220949 |  15
 Garcia                         | Richard              | Mr.          | N                     |           198336 |  16
 Garrett                        | Timothy              | Sir          | N                     |            13000 |  15
 Garza                          |                      | Mr.          |                       |           150405 |  15
 Gibson                         | Millie               | Miss         | N                     |           104403 |  16
 Gillespie                      | Jerry                | Mr.          | Y                     |            34460 |  16
 Gillespie                      | Nathan               | Dr.          | Y                     |            32967 |  16
 Goff                           | James                | Mr.          | Y                     |            45214 |  16
 Goodwin                        | Iona                 | Dr.          | Y                     |            65406 |  15
 Gordon                         | Nancy                | Dr.          | N                     |            70863 |  15
 Graham                         | James                | Dr.          | N                     |            73542 |  15
 Gray                           | John                 | Sir          | Y                     |           193491 |  15
 Green                          | Barbara              | Ms.          | Y                     |            33262 |  15
 Greene                         | Pamela               | Ms.          | Y                     |           122538 |  15
 Gregory                        | Melinda              | Mrs.         | Y                     |           226448 |  15
 Grenier                        | Geneva               | Dr.          | Y                     |           104062 |  15
 Griffin                        | Edith                | Dr.          | Y                     |           200374 |  15
 Grooms                         | Pedro                | Mr.          | N                     |           125225 |  15
 Guzman                         | Chang                | Dr.          | Y                     |            58342 |  16
 Hall                           | Alan                 | Sir          | N                     |           228572 |  15
 Hall                           | Catherine            | Mrs.         | N                     |           194340 |  15
 Hall                           | Martha               | Dr.          | Y                     |           134870 |  15
 Hall                           | Marvin               | Dr.          | Y                     |           212003 |  15
 Hammond                        | Michael              | Mr.          | Y                     |           177898 |  15
 Hargrave                       | Sarah                | Dr.          | N                     |           125473 |  15
 Harman                         | Tim                  | Dr.          | N                     |            14871 |  15
 Harris                         | Albert               | Dr.          | Y                     |           181132 |  15
 Harris                         | Lester               | Sir          | Y                     |           224609 |  15
 Hatcher                        | Deborah              | Mrs.         | Y                     |            41727 |  15
 Hatfield                       | Gerald               | Sir          | N                     |            97748 |  15
 Hayes                          | Teresa               | Dr.          | Y                     |            33124 |  15
 Healy                          | Jamie                | Mr.          | N                     |             9874 |  15
 Hendrickson                    | Raymond              | Mr.          | Y                     |           222591 |  16
 Hensley                        | John                 | Mr.          | N                     |           171873 |  15
 Hernandez                      | Mae                  | Miss         | Y                     |             5761 |  15
 Hernandez                      | Monte                | Mr.          | Y                     |            47350 |  15
 Herrmann                       | Veronica             | Ms.          | N                     |           208244 |  16
 Hester                         | David                | Dr.          | Y                     |           154527 |  16
 High                           | Ashleigh             | Dr.          | N                     |           102192 |  16
 Hill                           | Cory                 | Mr.          | N                     |           157015 |  16
 Hindman                        | Bradley              | Mr.          | N                     |           210417 |  15
 Hite                           | Tony                 | Sir          | Y                     |           161641 |  15
 Hodgson                        | William              | Mr.          | N                     |           170755 |  15
 Hoffman                        | Edda                 | Ms.          | Y                     |           126480 |  15
 Hogan                          | David                | Mr.          | N                     |           109405 |  15
 Holguin                        | Theresa              | Mrs.         | N                     |            38972 |  15
 House                          | Margaret             | Miss         | N                     |           119451 |  15
 Howard                         | April                | Dr.          | Y                     |           180414 |  15
 Hudson                         | John                 | Mr.          | Y                     |            20632 |  16
 Hyatt                          | Joseph               | Dr.          | N                     |           112582 |  16
 Ingram                         | Lan                  | Miss         |                       |            63174 |  15
 Ingram                         | Todd                 | Dr.          | Y                     |           183768 |  15
 James                          | Salvador             | Dr.          | Y                     |            95391 |  15
 Jeffers                        | Claire               | Ms.          | N                     |            12310 |  16
 Jenkins                        | Chad                 | Sir          | Y                     |            29769 |  16
 Jenkins                        | Ray                  | Mr.          | Y                     |           122768 |  15
 Jennings                       | Raymond              | Sir          | N                     |            27543 |  15
 Jessup                         | Arthur               | Miss         | N                     |           168473 |  16
 John                           | Tony                 | Dr.          | Y                     |           229264 |  15
 Johnson                        | Barbara              | Ms.          | Y                     |           185142 |  15
 Johnson                        | Cindy                | Dr.          | N                     |            82544 |  15
 Johnson                        | Gregory              | Dr.          | Y                     |           220424 |  16
 Johnson                        | Jonathan             | Sir          | N                     |           169890 |  16
 Johnson                        | Kevin                | Sir          | N                     |           175278 |  15
 Johnson                        | Pearlie              | Mrs.         | N                     |            51326 |  15
 Jones                          | Mark                 | Mr.          | Y                     |           194956 |  15
 Julian                         | Elliot               | Dr.          | Y                     |            73540 |  15
 Justice                        | Tien                 | Dr.          | Y                     |           146672 |  15
 Keeler                         | Josh                 | Sir          | Y                     |            22785 |  15
 Keller                         | Calvin               | Dr.          | Y                     |             6601 |  15
 Kemp                           | Mark                 | Dr.          | Y                     |           132385 |  15
 King                           | Raymond              | Mr.          | N                     |           237108 |  15
 Kirk                           | Karen                | Dr.          | N                     |           168407 |  15
 Kirkland                       | Della                | Dr.          | N                     |           120471 |  15
 Knox                           | Michele              | Ms.          | Y                     |            56192 |  15
 Kowalski                       | Lester               | Mr.          | Y                     |            16032 |  15
 Langdon                        | Humberto             | Mr.          | N                     |           125177 |  15
 Laroche                        | Rosa                 | Dr.          | N                     |            83902 |  15
 Leal                           | Helen                | Dr.          | N                     |            85008 |  16
 Leblanc                        | Nicholas             | Sir          | Y                     |            33249 |  15
 Lee                            | Crystal              | Ms.          | Y                     |           160558 |  15
 Lee                            | Melva                | Dr.          | Y                     |            77355 |  15
 Leeper                         | Byron                | Dr.          | N                     |           119379 |  15
 Levin                          | Philip               | Sir          | Y                     |            98871 |  16
 Levy                           | Eric                 | Mr.          | Y                     |           141238 |  16
 Lewis                          | David                | Dr.          | N                     |           120379 |  15
 Lindberg                       | Ronald               | Dr.          | N                     |           215360 |  15
 Lott                           | Wendy                | Ms.          | N                     |           191118 |  16
 Love                           | Alexander            | Ms.          | N                     |            49917 |  15
 Lovett                         | Lucy                 | Ms.          | Y                     |            58198 |  16
 Lowe                           | Jonathan             | Mr.          | Y                     |            66515 |  15
 Lowery                         | David                | Sir          | Y                     |            71162 |  15
 Lowery                         | Robert               | Dr.          | Y                     |           136138 |  15
 Lozano                         | Robert               | Sir          | Y                     |           149831 |  16
 Luke                           | George               | Mr.          | Y                     |           221253 |  16
 Maldonado                      | Raymond              | Sir          | N                     |           120938 |  15
 Marler                         | Marcella             | Mrs.         | N                     |           184360 |  15
 Maxwell                        | Pamela               | Dr.          | N                     |           151577 |  16
 Mayes                          | Daniel               | Mr.          | N                     |           141541 |  15
 Mcguire                        | Aaron                | Mrs.         | N                     |            71495 |  16
 Mckinney                       | Marilyn              | Ms.          | Y                     |           170791 |  15
 Mclaughlin                     | Erica                | Mrs.         | Y                     |            78975 |  16
 Mead                           | Spencer              | Mr.          | Y                     |            85018 |  15
 Mears                          | Patty                | Dr.          | N                     |            61128 |  16
 Medrano                        | Patrica              | Miss         | Y                     |           138049 |  15
 Meeker                         | Jennifer             | Mrs.         | Y                     |           125219 |  15
 Middleton                      | Trisha               | Ms.          | Y                     |           109524 |  15
 Miller                         | Bradley              | Mr.          | Y                     |            15060 |  15
 Miller                         | Julia                | Ms.          | Y                     |           183408 |  15
 Miller                         | Richard              | Sir          | N                     |            85502 |  15
 Miller                         | Rita                 | Mrs.         | N                     |            38179 |  15
 Miller                         | Sarah                | Miss         | N                     |            97297 |  15
 Mitchell                       | Adam                 | Ms.          | Y                     |            67146 |  15
 Monson                         | Travis               | Mr.          | N                     |            75508 |  16
 Moody                          | Jane                 | Dr.          | Y                     |           192488 |  16
 Moon                           | Glen                 | Mr.          | Y                     |            87149 |  16
 Moon                           | Kristy               | Ms.          | N                     |           200106 |  15
 Moore                          | Donald               | Mr.          | N                     |           151261 |  15
 Moore                          | Dulce                | Dr.          | N                     |            28458 |  15
 Moore                          | Mildred              | Ms.          | Y                     |            99692 |  16
 Moore                          | Noreen               | Ms.          | Y                     |            81127 |  15
 Morgan                         | Jeanette             | Ms.          | Y                     |           103945 |  15
 Morris                         | Kenneth              | Sir          | Y                     |           101978 |  15
 Muller                         | Wayne                | Sir          | N                     |            10536 |  16
 Munoz                          | Natasha              | Ms.          | N                     |            66187 |  15
 Murray                         | Lisa                 | Ms.          | N                     |           126049 |  16
 Murry                          | Christopher          | Mr.          | N                     |            54602 |  15
 Myers                          | Diane                | Mrs.         | N                     |           160245 |  15
 Nall                           | Bonita               | Ms.          | Y                     |           148138 |  16
 Nance                          | Tiffany              | Ms.          | Y                     |           235796 |  16
 Nash                           | Horace               |              | N                     |            26807 |  15
 Neely                          | Derek                | Mr.          | N                     |            65333 |  15
 Neely                          | Marissa              | Dr.          | N                     |           113362 |  15
 Nelson                         | Ana                  | Ms.          | Y                     |            58108 |  15
 Nelson                         | Jimmy                | Sir          | N                     |           106959 |  15
 New                            | Agnes                | Miss         | N                     |             5343 |  15
 Nichols                        | Justin               | Dr.          | Y                     |           181441 |  15
 Numbers                        | Bridget              | Miss         | Y                     |           124234 |  15
 Ogden                          | Betty                | Ms.          | N                     |            97261 |  15
 Oneal                          | Ryan                 | Dr.          | N                     |            22844 |  15
 Oneill                         | Stephanie            | Dr.          | N                     |            43303 |  16
 Ortiz                          | Domingo              | Dr.          | N                     |            96842 |  16
 Osborn                         | Paula                |              | Y                     |            92258 |  15
 Outlaw                         | Dorothy              | Ms.          | N                     |           143564 |  15
 Overby                         | Emily                | Mrs.         | N                     |            53830 |  15
 Paige                          | Lorna                | Miss         | N                     |           162971 |  15
 Park                           | Crystal              | Mrs.         | N                     |            45505 |  15
 Parrish                        | Kaitlin              | Mrs.         | N                     |            67607 |  15
 Parrish                        | Robert               | Mr.          | Y                     |           212968 |  16
 Patel                          | Lan                  | Miss         | Y                     |           221610 |  16
 Pendleton                      | Rubi                 | Miss         | Y                     |            80038 |  15
 Penny                          | Charles              | Sir          | Y                     |           142799 |  15
 Perez                          | Rodney               | Dr.          | N                     |           159323 |  15
 Petrie                         | Charles              | Mr.          | N                     |             3985 |  16
 Phipps                         | James                | Dr.          | N                     |           133569 |  16
 Pineda                         | Dorothy              | Dr.          | N                     |           142812 |  15
 Polanco                        | Gregory              | Dr.          | Y                     |            94478 |  15
 Porter                         | Deborah              | Dr.          | Y                     |           202032 |  15
 Potts                          | Wilford              | Sir          | Y                     |            34659 |  15
 Powers                         | Taylor               | Sir          | Y                     |            37763 |  16
 Pritchett                      | Laure                | Dr.          | Y                     |            45065 |  15
 Putnam                         | Rickie               | Dr.          | Y                     |            32228 |  15
 Raymond                        | Andrew               | Ms.          | Y                     |           131932 |  16
 Reed                           | Richard              | Mr.          | N                     |           206734 |  15
 Reyes                          | Theodore             | Mr.          | Y                     |           111884 |  16
 Rhodes                         | Leroy                | Dr.          | Y                     |           239686 |  15
 Rice                           | David                | Dr.          | Y                     |           208686 |  15
 Richardson                     | Jamie                | Mr.          | Y                     |           148654 |  15
 Ricker                         | Sandra               | Miss         | N                     |            10596 |  15
 Roach                          | Robert               | Mr.          | N                     |           170503 |  15
 Roberts                        | Harold               | Sir          | N                     |           188756 |  15
 Roberts                        | James                | Sir          | Y                     |           221300 |  15
 Roberts                        | Philip               | Mr.          | N                     |           152644 |  16
 Rodriguez                      | Susie                | Miss         | N                     |           192984 |  15
 Roe                            | Robert               | Dr.          | Y                     |           124310 |  15
 Rogers                         | Nicholas             | Sir          | Y                     |           224152 |  16
 Roth                           | Bridgett             | Miss         | Y                     |            87961 |  15
 Ruffin                         | Shelia               | Dr.          | Y                     |            54846 |  15
 Sanders                        | Carmelo              | Mr.          | Y                     |           179166 |  15
 Sanford                        | Janet                | Mrs.         | N                     |            24340 |  15
 Sauer                          | Carey                | Dr.          | N                     |           154118 |  15
 Savage                         | Donna                | Ms.          | Y                     |           124380 |  16
 Schroeder                      | Lorita               | Miss         | N                     |            51459 |  15
 Scott                          | Callie               | Miss         | N                     |           189879 |  15
 Scott                          | Walter               | Mr.          | N                     |            59436 |  15
 Serrano                        | Nicholas             | Dr.          | N                     |           123372 |  15
 Shafer                         | Lewis                | Dr.          | N                     |           161330 |  15
 Shaw                           | Brenda               | Ms.          | N                     |           180506 |  16
 Sherrill                       | Blake                | Dr.          | N                     |           229634 |  15
 Shields                        | Richard              | Dr.          | N                     |           164918 |  15
 Silva                          | Cynthia              | Ms.          | Y                     |            85003 |  16
 Smith                          | Alvaro               | Mr.          | Y                     |           165143 |  15
 Smith                          | Danielle             |              | N                     |            64216 |  15
 Smith                          | Frank                | Dr.          | N                     |            64691 |  16
 Smith                          | Krista               | Dr.          | N                     |           216511 |  16
 Smith                          | Michael              | Dr.          | N                     |            94965 |  15
 Smith                          | Roy                  | Dr.          | N                     |           107716 |  15
 Smith                          | Sharee               | Mrs.         | Y                     |           181270 |  15
 Smith                          | Stephen              | Mr.          | Y                     |            89273 |  15
 Snyder                         | Ray                  | Sir          | Y                     |            49591 |  15
 Soto                           | Judy                 | Dr.          | N                     |           159484 |  16
 Southerland                    | Michael              | Mr.          | Y                     |           191544 |  15
 Spain                          | Hellen               | Mrs.         | Y                     |            71163 |  15
 Spence                         | Janet                | Ms.          | Y                     |           122509 |  15
 Stacy                          | Kira                 | Miss         | Y                     |           157833 |  15
 Stafford                       | Crystal              | Ms.          | N                     |            26517 |  15
 Stevens                        | Anthony              | Ms.          | Y                     |           117226 |  15
 Stewart                        | Joseph               | Mr.          | N                     |           106791 |  16
 Stone                          | Lorraine             | Mrs.         | N                     |           101271 |  16
 Suarez                         | Nicole               | Ms.          | N                     |           161938 |  15
 Swain                          | Carl                 | Mr.          | Y                     |           152458 |  15
 Sylvester                      | Susan                | Dr.          | Y                     |           167719 |  15
 Tapp                           | Derek                | Sir          | N                     |           130577 |  16
 Taylor                         | James                | Sir          | Y                     |            87185 |  15
 Taylor                         | Richard              | Sir          | Y                     |           129972 |  15
 Taylor                         |                      | Miss         | N                     |           188142 |  15
 Thomas                         | Clifton              | Dr.          |                       |            44406 |  15
 Thomas                         | Dorothy              | Dr.          | Y                     |           146387 |  15
 Thomason                       | Becky                | Miss         | Y                     |           195380 |  16
 Thrash                         | Guadalupe            | Mr.          | Y                     |           182818 |  16
 Tillman                        | Vivian               | Ms.          | Y                     |            79676 |  15
 Tipton                         | Alanna               | Miss         | N                     |            64051 |  16
 Todd                           | Francis              | Dr.          | N                     |           199350 |  16
 Toledo                         | Louisa               | Mrs.         | N                     |            35352 |  15
 Tripp                          | Floyd                | Sir          | Y                     |           221249 |  15
 Unger                          | Brian                | Sir          | N                     |           115013 |  15
 Unger                          | Richard              | Sir          | Y                     |           228347 |  15
 Valle                          | Harry                | Sir          | N                     |           195442 |  15
 Van                            | Joseph               | Sir          | Y                     |            81554 |  16
 Vandyke                        | Rita                 | Miss         | Y                     |            75228 |  16
 Vasquez                        | Anne                 | Mrs.         | Y                     |           136180 |  15
 Vasquez                        | Shelly               | Ms.          | N                     |           102251 |  15
 Vasquez                        | Stephen              | Mr.          | Y                     |           192716 |  16
 Vega                           | Kevin                | Mr.          | Y                     |              771 |  16
 Villegas                       | Tyler                | Sir          | N                     |           125550 |  15
 Wade                           | Evelyn               | Miss         | Y                     |           129716 |  15
 Waite                          | Madeline             | Miss         | Y                     |           140242 |  15
 Wall                           | James                | Dr.          | Y                     |           164653 |  15
 Wallace                        | John                 | Sir          | N                     |             6202 |  15
 Walsh                          | Aubrey               | Mr.          | Y                     |            10053 |  15
 Walters                        | Howard               | Sir          | N                     |           178763 |  15
 Watson                         |                      |              | N                     |           228956 |  15
 Webb                           | My                   | Dr.          | N                     |           110310 |  15
 Wheeler                        | Betty                | Miss         | Y                     |           227561 |  15
 White                          | Albert               | Dr.          | Y                     |           173687 |  15
 Whitfield                      | Harriett             | Dr.          | N                     |           222198 |  16
 Wiese                          | Eugene               | Sir          | Y                     |           196307 |  16
 Williams                       | Adam                 | Miss         | N                     |           219848 |  15
 Williams                       | Helen                | Mrs.         | N                     |           187902 |  15
 Williams                       | Nancy                | Ms.          | Y                     |           120062 |  16
 Wiseman                        | Rachel               | Mrs.         | N                     |            34511 |  15
 Wood                           | Larry                | Sir          | Y                     |            21950 |  16
 Yoder                          | Michael              | Mr.          | Y                     |            62700 |  15
 Young                          | Evelyn               | Mrs.         | N                     |            11904 |  15
 Yu                             | Florence             | Ms.          | Y                     |            53361 |  15
 Zepeda                         | Steve                | Mr.          | N                     |            67774 |  16
                                | Carl                 | Dr.          |                       |           160712 |  16
                                | Cori                 | Mrs.         |                       |           228512 |  16
                                | Douglas              |              | N                     |           169637 |  15
                                | Eleanor              |              | N                     |            90416 |  16
                                | Joseph               | Dr.          |                       |            63776 |  15
                                | Larry                | Sir          |                       |            47676 |  15
                                | Taylor               | Sir          | N                     |           107354 |  16
                                |                      | Mr.          |                       |           221961 |  15
                                |                      | Ms.          |                       |             7100 |  15
                                |                      | Ms.          | N                     |            13334 |  16
                                |                      | Ms.          | N                     |            82868 |  15
                                |                      |              |                       |           171307 |  15
(364 rows)

UPDATE time_statistics SET e_time = TRANSACTION_TIMESTAMP() WHERE template = 'query34.tpl' AND stream = 1;
psql:/tmp/s1-basline/throughput/query_1.sql:4086: NOTICE:  duration: 0.063 ms  plan:
Query Text: UPDATE time_statistics SET e_time = TRANSACTION_TIMESTAMP() WHERE template = 'query34.tpl' AND stream = 1;
Update on time_statistics  (cost=0.00..10.57 rows=0 width=0) (actual time=0.062..0.062 rows=0 loops=1)
  ->  Seq Scan on time_statistics  (cost=0.00..10.57 rows=1 width=14) (actual time=0.048..0.048 rows=1 loops=1)
        Filter: ((template = 'query34.tpl'::text) AND (stream = 1))
        Rows Removed by Filter: 336
UPDATE 1
LOAD 'auto_explain'; SET auto_explain.log_min_duration TO 0; SET auto_explain.log_analyze TO on; SET auto_explain.log_level TO notice; INSERT INTO time_statistics (template, s_time, stream, query, seed) VALUES ('../query_postgresql/query2.tpl', TRANSACTION_TIMESTAMP(), 1, 80, 1313432567);
LOAD
SET
SET
SET
psql:/tmp/s1-basline/throughput/query_1.sql:4087: NOTICE:  duration: 0.009 ms  plan:
Query Text: INSERT INTO time_statistics (template, s_time, stream, query, seed) VALUES ('../query_postgresql/query2.tpl', TRANSACTION_TIMESTAMP(), 1, 80, 1313432567);
Insert on time_statistics  (cost=0.00..0.01 rows=0 width=0) (actual time=0.008..0.009 rows=0 loops=1)
  ->  Result  (cost=0.00..0.01 rows=1 width=64) (actual time=0.002..0.002 rows=1 loops=1)
INSERT 0 1
with wscs as
 (select sold_date_sk
        ,sales_price
  from (select ws_sold_date_sk sold_date_sk
              ,ws_ext_sales_price sales_price
        from web_sales 
        union all
        select cs_sold_date_sk sold_date_sk
              ,cs_ext_sales_price sales_price
        from catalog_sales) x),
 wswscs as 
 (select d_week_seq,
        sum(case when (d_day_name='Sunday') then sales_price else null end) sun_sales,
        sum(case when (d_day_name='Monday') then sales_price else null end) mon_sales,
        sum(case when (d_day_name='Tuesday') then sales_price else  null end) tue_sales,
        sum(case when (d_day_name='Wednesday') then sales_price else null end) wed_sales,
        sum(case when (d_day_name='Thursday') then sales_price else null end) thu_sales,
        sum(case when (d_day_name='Friday') then sales_price else null end) fri_sales,
        sum(case when (d_day_name='Saturday') then sales_price else null end) sat_sales
 from wscs
     ,date_dim
 where d_date_sk = sold_date_sk
 group by d_week_seq)
 select d_week_seq1
       ,round(cast(sun_sales1/sun_sales2 AS NUMERIC),2)
       ,round(cast(mon_sales1/mon_sales2 AS NUMERIC),2)
       ,round(cast(tue_sales1/tue_sales2 AS NUMERIC),2)
       ,round(cast(wed_sales1/wed_sales2 AS NUMERIC),2)
       ,round(cast(thu_sales1/thu_sales2 AS NUMERIC),2)
       ,round(cast(fri_sales1/fri_sales2 AS NUMERIC),2)
       ,round(cast(sat_sales1/sat_sales2 AS NUMERIC),2)
 from
 (select wswscs.d_week_seq d_week_seq1
        ,sun_sales sun_sales1
        ,mon_sales mon_sales1
        ,tue_sales tue_sales1
        ,wed_sales wed_sales1
        ,thu_sales thu_sales1
        ,fri_sales fri_sales1
        ,sat_sales sat_sales1
  from wswscs,date_dim 
  where date_dim.d_week_seq = wswscs.d_week_seq and
        d_year = 2001) y,
 (select wswscs.d_week_seq d_week_seq2
        ,sun_sales sun_sales2
        ,mon_sales mon_sales2
        ,tue_sales tue_sales2
        ,wed_sales wed_sales2
        ,thu_sales thu_sales2
        ,fri_sales fri_sales2
        ,sat_sales sat_sales2
  from wswscs
      ,date_dim 
  where date_dim.d_week_seq = wswscs.d_week_seq and
        d_year = 2001+1) z
 where d_week_seq1=d_week_seq2-53
 order by d_week_seq1;
psql:/tmp/s1-basline/throughput/query_1.sql:4144: NOTICE:  duration: 755.321 ms  plan:
Query Text: with wscs as
 (select sold_date_sk
        ,sales_price
  from (select ws_sold_date_sk sold_date_sk
              ,ws_ext_sales_price sales_price
        from web_sales 
        union all
        select cs_sold_date_sk sold_date_sk
              ,cs_ext_sales_price sales_price
        from catalog_sales) x),
 wswscs as 
 (select d_week_seq,
        sum(case when (d_day_name='Sunday') then sales_price else null end) sun_sales,
        sum(case when (d_day_name='Monday') then sales_price else null end) mon_sales,
        sum(case when (d_day_name='Tuesday') then sales_price else  null end) tue_sales,
        sum(case when (d_day_name='Wednesday') then sales_price else null end) wed_sales,
        sum(case when (d_day_name='Thursday') then sales_price else null end) thu_sales,
        sum(case when (d_day_name='Friday') then sales_price else null end) fri_sales,
        sum(case when (d_day_name='Saturday') then sales_price else null end) sat_sales
 from wscs
     ,date_dim
 where d_date_sk = sold_date_sk
 group by d_week_seq)
 select d_week_seq1
       ,round(cast(sun_sales1/sun_sales2 AS NUMERIC),2)
       ,round(cast(mon_sales1/mon_sales2 AS NUMERIC),2)
       ,round(cast(tue_sales1/tue_sales2 AS NUMERIC),2)
       ,round(cast(wed_sales1/wed_sales2 AS NUMERIC),2)
       ,round(cast(thu_sales1/thu_sales2 AS NUMERIC),2)
       ,round(cast(fri_sales1/fri_sales2 AS NUMERIC),2)
       ,round(cast(sat_sales1/sat_sales2 AS NUMERIC),2)
 from
 (select wswscs.d_week_seq d_week_seq1
        ,sun_sales sun_sales1
        ,mon_sales mon_sales1
        ,tue_sales tue_sales1
        ,wed_sales wed_sales1
        ,thu_sales thu_sales1
        ,fri_sales fri_sales1
        ,sat_sales sat_sales1
  from wswscs,date_dim 
  where date_dim.d_week_seq = wswscs.d_week_seq and
        d_year = 2001) y,
 (select wswscs.d_week_seq d_week_seq2
        ,sun_sales sun_sales2
        ,mon_sales mon_sales2
        ,tue_sales tue_sales2
        ,wed_sales wed_sales2
        ,thu_sales thu_sales2
        ,fri_sales fri_sales2
        ,sat_sales sat_sales2
  from wswscs
      ,date_dim 
  where date_dim.d_week_seq = wswscs.d_week_seq and
        d_year = 2001+1) z
 where d_week_seq1=d_week_seq2-53
 order by d_week_seq1;
Sort  (cost=142559.23..142559.27 rows=13 width=228) (actual time=703.776..753.671 rows=2513 loops=1)
  Sort Key: wswscs.d_week_seq
  Sort Method: quicksort  Memory: 316kB
  CTE wswscs
    ->  Finalize GroupAggregate  (cost=134351.24..137304.03 rows=10421 width=60) (actual time=676.731..726.882 rows=263 loops=1)
          Group Key: date_dim_2.d_week_seq
          ->  Gather Merge  (cost=134351.24..136782.98 rows=20842 width=60) (actual time=676.724..726.658 rows=789 loops=1)
                Workers Planned: 2
                Workers Launched: 2
                ->  Sort  (cost=133351.22..133377.27 rows=10421 width=60) (actual time=672.060..672.075 rows=263 loops=3)
                      Sort Key: date_dim_2.d_week_seq
                      Sort Method: quicksort  Memory: 51kB
                      Worker 0:  Sort Method: quicksort  Memory: 51kB
                      Worker 1:  Sort Method: quicksort  Memory: 47kB
                      ->  Partial HashAggregate  (cost=132551.55..132655.76 rows=10421 width=60) (actual time=671.880..671.972 rows=263 loops=3)
                            Group Key: date_dim_2.d_week_seq
                            Batches: 1  Memory Usage: 465kB
                            Worker 0:  Batches: 1  Memory Usage: 465kB
                            Worker 1:  Batches: 1  Memory Usage: 465kB
                            ->  Hash Join  (cost=3048.60..98819.02 rows=899534 width=22) (actual time=30.027..425.837 rows=717171 loops=3)
                                  Hash Cond: (catalog_sales.cs_sold_date_sk = date_dim_2.d_date_sk)
                                  ->  Parallel Append  (cost=0.00..93409.01 rows=899534 width=16) (actual time=0.021..274.501 rows=719628 loops=3)
                                        ->  Parallel Seq Scan on catalog_sales  (cost=0.00..59266.53 rows=599753 width=16) (actual time=0.013..156.751 rows=479804 loops=3)
                                        ->  Parallel Seq Scan on web_sales  (cost=0.00..29644.81 rows=299781 width=16) (actual time=0.017..111.874 rows=359737 loops=2)
                                  ->  Hash  (cost=2135.49..2135.49 rows=73049 width=22) (actual time=29.570..29.571 rows=73049 loops=3)
                                        Buckets: 131072  Batches: 1  Memory Usage: 5019kB
                                        ->  Seq Scan on date_dim date_dim_2  (cost=0.00..2135.49 rows=73049 width=22) (actual time=0.021..17.449 rows=73049 loops=3)
  ->  Hash Join  (cost=5006.66..5254.97 rows=13 width=228) (actual time=693.515..703.159 rows=2513 loops=1)
        Hash Cond: (wswscs.d_week_seq = date_dim.d_week_seq)
        ->  CTE Scan on wswscs  (cost=0.00..208.42 rows=10421 width=60) (actual time=676.733..676.752 rows=263 loops=1)
        ->  Hash  (cost=5006.49..5006.49 rows=13 width=64) (actual time=16.735..16.736 rows=2513 loops=1)
              Buckets: 4096 (originally 1024)  Batches: 1 (originally 1)  Memory Usage: 278kB
              ->  Merge Join  (cost=5000.92..5006.49 rows=13 width=64) (actual time=15.620..16.077 rows=2513 loops=1)
                    Merge Cond: (((wswscs_1.d_week_seq - 53)) = date_dim.d_week_seq)
                    ->  Sort  (cost=2667.37..2668.28 rows=363 width=60) (actual time=8.993..9.009 rows=365 loops=1)
                          Sort Key: ((wswscs_1.d_week_seq - 53))
                          Sort Method: quicksort  Memory: 62kB
                          ->  Hash Join  (cost=2322.65..2651.94 rows=363 width=60) (actual time=8.764..8.902 rows=365 loops=1)
                                Hash Cond: (wswscs_1.d_week_seq = date_dim_1.d_week_seq)
                                ->  CTE Scan on wswscs wswscs_1  (cost=0.00..208.42 rows=10421 width=60) (actual time=0.001..0.444 rows=263 loops=1)
                                ->  Hash  (cost=2318.11..2318.11 rows=363 width=4) (actual time=8.371..8.372 rows=365 loops=1)
                                      Buckets: 1024  Batches: 1  Memory Usage: 21kB
                                      ->  Seq Scan on date_dim date_dim_1  (cost=0.00..2318.11 rows=363 width=4) (actual time=4.109..8.311 rows=365 loops=1)
                                            Filter: (d_year = 2002)
                                            Rows Removed by Filter: 72684
                    ->  Sort  (cost=2333.55..2334.45 rows=363 width=4) (actual time=6.622..6.726 rows=2513 loops=1)
                          Sort Key: date_dim.d_week_seq
                          Sort Method: quicksort  Memory: 25kB
                          ->  Seq Scan on date_dim  (cost=0.00..2318.11 rows=363 width=4) (actual time=3.347..6.594 rows=365 loops=1)
                                Filter: (d_year = 2001)
                                Rows Removed by Filter: 72684
 d_week_seq1 | round | round | round | round | round | round | round 
-------------+-------+-------+-------+-------+-------+-------+-------
        5270 |  3.36 |  1.64 |  1.71 |  1.76 |  4.20 |  3.71 |  3.28
        5270 |  3.36 |  1.64 |  1.71 |  1.76 |  4.20 |  3.71 |  3.28
        5270 |  3.36 |  1.64 |  1.71 |  1.76 |  4.20 |  3.71 |  3.28
        5270 |  3.36 |  1.64 |  1.71 |  1.76 |  4.20 |  3.71 |  3.28
        5270 |  3.36 |  1.64 |  1.71 |  1.76 |  4.20 |  3.71 |  3.28
        5270 |  3.36 |  1.64 |  1.71 |  1.76 |  4.20 |  3.71 |  3.28
        5270 |  3.36 |  1.64 |  1.71 |  1.76 |  4.20 |  3.71 |  3.28
        5271 |  0.97 |  1.27 |  1.15 |  1.08 |  1.03 |  0.77 |  0.87
        5271 |  0.97 |  1.27 |  1.15 |  1.08 |  1.03 |  0.77 |  0.87
        5271 |  0.97 |  1.27 |  1.15 |  1.08 |  1.03 |  0.77 |  0.87
        5271 |  0.97 |  1.27 |  1.15 |  1.08 |  1.03 |  0.77 |  0.87
        5271 |  0.97 |  1.27 |  1.15 |  1.08 |  1.03 |  0.77 |  0.87
        5271 |  0.97 |  1.27 |  1.15 |  1.08 |  1.03 |  0.77 |  0.87
        5271 |  0.97 |  1.27 |  1.15 |  1.08 |  1.03 |  0.77 |  0.87
        5271 |  0.97 |  1.27 |  1.15 |  1.08 |  1.03 |  0.77 |  0.87
        5271 |  0.97 |  1.27 |  1.15 |  1.08 |  1.03 |  0.77 |  0.87
        5271 |  0.97 |  1.27 |  1.15 |  1.08 |  1.03 |  0.77 |  0.87
        5271 |  0.97 |  1.27 |  1.15 |  1.08 |  1.03 |  0.77 |  0.87
        5271 |  0.97 |  1.27 |  1.15 |  1.08 |  1.03 |  0.77 |  0.87
        5271 |  0.97 |  1.27 |  1.15 |  1.08 |  1.03 |  0.77 |  0.87
        5271 |  0.97 |  1.27 |  1.15 |  1.08 |  1.03 |  0.77 |  0.87
        5271 |  0.97 |  1.27 |  1.15 |  1.08 |  1.03 |  0.77 |  0.87
        5271 |  0.97 |  1.27 |  1.15 |  1.08 |  1.03 |  0.77 |  0.87
        5271 |  0.97 |  1.27 |  1.15 |  1.08 |  1.03 |  0.77 |  0.87
        5271 |  0.97 |  1.27 |  1.15 |  1.08 |  1.03 |  0.77 |  0.87
        5271 |  0.97 |  1.27 |  1.15 |  1.08 |  1.03 |  0.77 |  0.87
        5271 |  0.97 |  1.27 |  1.15 |  1.08 |  1.03 |  0.77 |  0.87
        5271 |  0.97 |  1.27 |  1.15 |  1.08 |  1.03 |  0.77 |  0.87
        5271 |  0.97 |  1.27 |  1.15 |  1.08 |  1.03 |  0.77 |  0.87
        5271 |  0.97 |  1.27 |  1.15 |  1.08 |  1.03 |  0.77 |  0.87
        5271 |  0.97 |  1.27 |  1.15 |  1.08 |  1.03 |  0.77 |  0.87
        5271 |  0.97 |  1.27 |  1.15 |  1.08 |  1.03 |  0.77 |  0.87
        5271 |  0.97 |  1.27 |  1.15 |  1.08 |  1.03 |  0.77 |  0.87
        5271 |  0.97 |  1.27 |  1.15 |  1.08 |  1.03 |  0.77 |  0.87
        5271 |  0.97 |  1.27 |  1.15 |  1.08 |  1.03 |  0.77 |  0.87
        5271 |  0.97 |  1.27 |  1.15 |  1.08 |  1.03 |  0.77 |  0.87
        5271 |  0.97 |  1.27 |  1.15 |  1.08 |  1.03 |  0.77 |  0.87
        5271 |  0.97 |  1.27 |  1.15 |  1.08 |  1.03 |  0.77 |  0.87
        5271 |  0.97 |  1.27 |  1.15 |  1.08 |  1.03 |  0.77 |  0.87
        5271 |  0.97 |  1.27 |  1.15 |  1.08 |  1.03 |  0.77 |  0.87
        5271 |  0.97 |  1.27 |  1.15 |  1.08 |  1.03 |  0.77 |  0.87
        5271 |  0.97 |  1.27 |  1.15 |  1.08 |  1.03 |  0.77 |  0.87
        5271 |  0.97 |  1.27 |  1.15 |  1.08 |  1.03 |  0.77 |  0.87
        5271 |  0.97 |  1.27 |  1.15 |  1.08 |  1.03 |  0.77 |  0.87
        5271 |  0.97 |  1.27 |  1.15 |  1.08 |  1.03 |  0.77 |  0.87
        5271 |  0.97 |  1.27 |  1.15 |  1.08 |  1.03 |  0.77 |  0.87
        5271 |  0.97 |  1.27 |  1.15 |  1.08 |  1.03 |  0.77 |  0.87
        5271 |  0.97 |  1.27 |  1.15 |  1.08 |  1.03 |  0.77 |  0.87
        5271 |  0.97 |  1.27 |  1.15 |  1.08 |  1.03 |  0.77 |  0.87
        5271 |  0.97 |  1.27 |  1.15 |  1.08 |  1.03 |  0.77 |  0.87
        5271 |  0.97 |  1.27 |  1.15 |  1.08 |  1.03 |  0.77 |  0.87
        5271 |  0.97 |  1.27 |  1.15 |  1.08 |  1.03 |  0.77 |  0.87
        5271 |  0.97 |  1.27 |  1.15 |  1.08 |  1.03 |  0.77 |  0.87
        5271 |  0.97 |  1.27 |  1.15 |  1.08 |  1.03 |  0.77 |  0.87
        5271 |  0.97 |  1.27 |  1.15 |  1.08 |  1.03 |  0.77 |  0.87
        5271 |  0.97 |  1.27 |  1.15 |  1.08 |  1.03 |  0.77 |  0.87
        5272 |  1.04 |  1.34 |  0.88 |  1.23 |  1.15 |  0.90 |  0.65
        5272 |  1.04 |  1.34 |  0.88 |  1.23 |  1.15 |  0.90 |  0.65
        5272 |  1.04 |  1.34 |  0.88 |  1.23 |  1.15 |  0.90 |  0.65
        5272 |  1.04 |  1.34 |  0.88 |  1.23 |  1.15 |  0.90 |  0.65
        5272 |  1.04 |  1.34 |  0.88 |  1.23 |  1.15 |  0.90 |  0.65
        5272 |  1.04 |  1.34 |  0.88 |  1.23 |  1.15 |  0.90 |  0.65
        5272 |  1.04 |  1.34 |  0.88 |  1.23 |  1.15 |  0.90 |  0.65
        5272 |  1.04 |  1.34 |  0.88 |  1.23 |  1.15 |  0.90 |  0.65
        5272 |  1.04 |  1.34 |  0.88 |  1.23 |  1.15 |  0.90 |  0.65
        5272 |  1.04 |  1.34 |  0.88 |  1.23 |  1.15 |  0.90 |  0.65
        5272 |  1.04 |  1.34 |  0.88 |  1.23 |  1.15 |  0.90 |  0.65
        5272 |  1.04 |  1.34 |  0.88 |  1.23 |  1.15 |  0.90 |  0.65
        5272 |  1.04 |  1.34 |  0.88 |  1.23 |  1.15 |  0.90 |  0.65
        5272 |  1.04 |  1.34 |  0.88 |  1.23 |  1.15 |  0.90 |  0.65
        5272 |  1.04 |  1.34 |  0.88 |  1.23 |  1.15 |  0.90 |  0.65
        5272 |  1.04 |  1.34 |  0.88 |  1.23 |  1.15 |  0.90 |  0.65
        5272 |  1.04 |  1.34 |  0.88 |  1.23 |  1.15 |  0.90 |  0.65
        5272 |  1.04 |  1.34 |  0.88 |  1.23 |  1.15 |  0.90 |  0.65
        5272 |  1.04 |  1.34 |  0.88 |  1.23 |  1.15 |  0.90 |  0.65
        5272 |  1.04 |  1.34 |  0.88 |  1.23 |  1.15 |  0.90 |  0.65
        5272 |  1.04 |  1.34 |  0.88 |  1.23 |  1.15 |  0.90 |  0.65
        5272 |  1.04 |  1.34 |  0.88 |  1.23 |  1.15 |  0.90 |  0.65
        5272 |  1.04 |  1.34 |  0.88 |  1.23 |  1.15 |  0.90 |  0.65
        5272 |  1.04 |  1.34 |  0.88 |  1.23 |  1.15 |  0.90 |  0.65
        5272 |  1.04 |  1.34 |  0.88 |  1.23 |  1.15 |  0.90 |  0.65
        5272 |  1.04 |  1.34 |  0.88 |  1.23 |  1.15 |  0.90 |  0.65
        5272 |  1.04 |  1.34 |  0.88 |  1.23 |  1.15 |  0.90 |  0.65
        5272 |  1.04 |  1.34 |  0.88 |  1.23 |  1.15 |  0.90 |  0.65
        5272 |  1.04 |  1.34 |  0.88 |  1.23 |  1.15 |  0.90 |  0.65
        5272 |  1.04 |  1.34 |  0.88 |  1.23 |  1.15 |  0.90 |  0.65
        5272 |  1.04 |  1.34 |  0.88 |  1.23 |  1.15 |  0.90 |  0.65
        5272 |  1.04 |  1.34 |  0.88 |  1.23 |  1.15 |  0.90 |  0.65
        5272 |  1.04 |  1.34 |  0.88 |  1.23 |  1.15 |  0.90 |  0.65
        5272 |  1.04 |  1.34 |  0.88 |  1.23 |  1.15 |  0.90 |  0.65
        5272 |  1.04 |  1.34 |  0.88 |  1.23 |  1.15 |  0.90 |  0.65
        5272 |  1.04 |  1.34 |  0.88 |  1.23 |  1.15 |  0.90 |  0.65
        5272 |  1.04 |  1.34 |  0.88 |  1.23 |  1.15 |  0.90 |  0.65
        5272 |  1.04 |  1.34 |  0.88 |  1.23 |  1.15 |  0.90 |  0.65
        5272 |  1.04 |  1.34 |  0.88 |  1.23 |  1.15 |  0.90 |  0.65
        5272 |  1.04 |  1.34 |  0.88 |  1.23 |  1.15 |  0.90 |  0.65
        5272 |  1.04 |  1.34 |  0.88 |  1.23 |  1.15 |  0.90 |  0.65
        5272 |  1.04 |  1.34 |  0.88 |  1.23 |  1.15 |  0.90 |  0.65
        5272 |  1.04 |  1.34 |  0.88 |  1.23 |  1.15 |  0.90 |  0.65
        5272 |  1.04 |  1.34 |  0.88 |  1.23 |  1.15 |  0.90 |  0.65
        5272 |  1.04 |  1.34 |  0.88 |  1.23 |  1.15 |  0.90 |  0.65
        5272 |  1.04 |  1.34 |  0.88 |  1.23 |  1.15 |  0.90 |  0.65
        5272 |  1.04 |  1.34 |  0.88 |  1.23 |  1.15 |  0.90 |  0.65
        5272 |  1.04 |  1.34 |  0.88 |  1.23 |  1.15 |  0.90 |  0.65
        5272 |  1.04 |  1.34 |  0.88 |  1.23 |  1.15 |  0.90 |  0.65
        5273 |  1.04 |  0.96 |  0.91 |  1.15 |  1.04 |  1.28 |  1.06
        5273 |  1.04 |  0.96 |  0.91 |  1.15 |  1.04 |  1.28 |  1.06
        5273 |  1.04 |  0.96 |  0.91 |  1.15 |  1.04 |  1.28 |  1.06
        5273 |  1.04 |  0.96 |  0.91 |  1.15 |  1.04 |  1.28 |  1.06
        5273 |  1.04 |  0.96 |  0.91 |  1.15 |  1.04 |  1.28 |  1.06
        5273 |  1.04 |  0.96 |  0.91 |  1.15 |  1.04 |  1.28 |  1.06
        5273 |  1.04 |  0.96 |  0.91 |  1.15 |  1.04 |  1.28 |  1.06
        5273 |  1.04 |  0.96 |  0.91 |  1.15 |  1.04 |  1.28 |  1.06
        5273 |  1.04 |  0.96 |  0.91 |  1.15 |  1.04 |  1.28 |  1.06
        5273 |  1.04 |  0.96 |  0.91 |  1.15 |  1.04 |  1.28 |  1.06
        5273 |  1.04 |  0.96 |  0.91 |  1.15 |  1.04 |  1.28 |  1.06
        5273 |  1.04 |  0.96 |  0.91 |  1.15 |  1.04 |  1.28 |  1.06
        5273 |  1.04 |  0.96 |  0.91 |  1.15 |  1.04 |  1.28 |  1.06
        5273 |  1.04 |  0.96 |  0.91 |  1.15 |  1.04 |  1.28 |  1.06
        5273 |  1.04 |  0.96 |  0.91 |  1.15 |  1.04 |  1.28 |  1.06
        5273 |  1.04 |  0.96 |  0.91 |  1.15 |  1.04 |  1.28 |  1.06
        5273 |  1.04 |  0.96 |  0.91 |  1.15 |  1.04 |  1.28 |  1.06
        5273 |  1.04 |  0.96 |  0.91 |  1.15 |  1.04 |  1.28 |  1.06
        5273 |  1.04 |  0.96 |  0.91 |  1.15 |  1.04 |  1.28 |  1.06
        5273 |  1.04 |  0.96 |  0.91 |  1.15 |  1.04 |  1.28 |  1.06
        5273 |  1.04 |  0.96 |  0.91 |  1.15 |  1.04 |  1.28 |  1.06
        5273 |  1.04 |  0.96 |  0.91 |  1.15 |  1.04 |  1.28 |  1.06
        5273 |  1.04 |  0.96 |  0.91 |  1.15 |  1.04 |  1.28 |  1.06
        5273 |  1.04 |  0.96 |  0.91 |  1.15 |  1.04 |  1.28 |  1.06
        5273 |  1.04 |  0.96 |  0.91 |  1.15 |  1.04 |  1.28 |  1.06
        5273 |  1.04 |  0.96 |  0.91 |  1.15 |  1.04 |  1.28 |  1.06
        5273 |  1.04 |  0.96 |  0.91 |  1.15 |  1.04 |  1.28 |  1.06
        5273 |  1.04 |  0.96 |  0.91 |  1.15 |  1.04 |  1.28 |  1.06
        5273 |  1.04 |  0.96 |  0.91 |  1.15 |  1.04 |  1.28 |  1.06
        5273 |  1.04 |  0.96 |  0.91 |  1.15 |  1.04 |  1.28 |  1.06
        5273 |  1.04 |  0.96 |  0.91 |  1.15 |  1.04 |  1.28 |  1.06
        5273 |  1.04 |  0.96 |  0.91 |  1.15 |  1.04 |  1.28 |  1.06
        5273 |  1.04 |  0.96 |  0.91 |  1.15 |  1.04 |  1.28 |  1.06
        5273 |  1.04 |  0.96 |  0.91 |  1.15 |  1.04 |  1.28 |  1.06
        5273 |  1.04 |  0.96 |  0.91 |  1.15 |  1.04 |  1.28 |  1.06
        5273 |  1.04 |  0.96 |  0.91 |  1.15 |  1.04 |  1.28 |  1.06
        5273 |  1.04 |  0.96 |  0.91 |  1.15 |  1.04 |  1.28 |  1.06
        5273 |  1.04 |  0.96 |  0.91 |  1.15 |  1.04 |  1.28 |  1.06
        5273 |  1.04 |  0.96 |  0.91 |  1.15 |  1.04 |  1.28 |  1.06
        5273 |  1.04 |  0.96 |  0.91 |  1.15 |  1.04 |  1.28 |  1.06
        5273 |  1.04 |  0.96 |  0.91 |  1.15 |  1.04 |  1.28 |  1.06
        5273 |  1.04 |  0.96 |  0.91 |  1.15 |  1.04 |  1.28 |  1.06
        5273 |  1.04 |  0.96 |  0.91 |  1.15 |  1.04 |  1.28 |  1.06
        5273 |  1.04 |  0.96 |  0.91 |  1.15 |  1.04 |  1.28 |  1.06
        5273 |  1.04 |  0.96 |  0.91 |  1.15 |  1.04 |  1.28 |  1.06
        5273 |  1.04 |  0.96 |  0.91 |  1.15 |  1.04 |  1.28 |  1.06
        5273 |  1.04 |  0.96 |  0.91 |  1.15 |  1.04 |  1.28 |  1.06
        5273 |  1.04 |  0.96 |  0.91 |  1.15 |  1.04 |  1.28 |  1.06
        5273 |  1.04 |  0.96 |  0.91 |  1.15 |  1.04 |  1.28 |  1.06
        5274 |  0.99 |  1.17 |  1.07 |  1.24 |  1.00 |  1.13 |  1.07
        5274 |  0.99 |  1.17 |  1.07 |  1.24 |  1.00 |  1.13 |  1.07
        5274 |  0.99 |  1.17 |  1.07 |  1.24 |  1.00 |  1.13 |  1.07
        5274 |  0.99 |  1.17 |  1.07 |  1.24 |  1.00 |  1.13 |  1.07
        5274 |  0.99 |  1.17 |  1.07 |  1.24 |  1.00 |  1.13 |  1.07
        5274 |  0.99 |  1.17 |  1.07 |  1.24 |  1.00 |  1.13 |  1.07
        5274 |  0.99 |  1.17 |  1.07 |  1.24 |  1.00 |  1.13 |  1.07
        5274 |  0.99 |  1.17 |  1.07 |  1.24 |  1.00 |  1.13 |  1.07
        5274 |  0.99 |  1.17 |  1.07 |  1.24 |  1.00 |  1.13 |  1.07
        5274 |  0.99 |  1.17 |  1.07 |  1.24 |  1.00 |  1.13 |  1.07
        5274 |  0.99 |  1.17 |  1.07 |  1.24 |  1.00 |  1.13 |  1.07
        5274 |  0.99 |  1.17 |  1.07 |  1.24 |  1.00 |  1.13 |  1.07
        5274 |  0.99 |  1.17 |  1.07 |  1.24 |  1.00 |  1.13 |  1.07
        5274 |  0.99 |  1.17 |  1.07 |  1.24 |  1.00 |  1.13 |  1.07
        5274 |  0.99 |  1.17 |  1.07 |  1.24 |  1.00 |  1.13 |  1.07
        5274 |  0.99 |  1.17 |  1.07 |  1.24 |  1.00 |  1.13 |  1.07
        5274 |  0.99 |  1.17 |  1.07 |  1.24 |  1.00 |  1.13 |  1.07
        5274 |  0.99 |  1.17 |  1.07 |  1.24 |  1.00 |  1.13 |  1.07
        5274 |  0.99 |  1.17 |  1.07 |  1.24 |  1.00 |  1.13 |  1.07
        5274 |  0.99 |  1.17 |  1.07 |  1.24 |  1.00 |  1.13 |  1.07
        5274 |  0.99 |  1.17 |  1.07 |  1.24 |  1.00 |  1.13 |  1.07
        5274 |  0.99 |  1.17 |  1.07 |  1.24 |  1.00 |  1.13 |  1.07
        5274 |  0.99 |  1.17 |  1.07 |  1.24 |  1.00 |  1.13 |  1.07
        5274 |  0.99 |  1.17 |  1.07 |  1.24 |  1.00 |  1.13 |  1.07
        5274 |  0.99 |  1.17 |  1.07 |  1.24 |  1.00 |  1.13 |  1.07
        5274 |  0.99 |  1.17 |  1.07 |  1.24 |  1.00 |  1.13 |  1.07
        5274 |  0.99 |  1.17 |  1.07 |  1.24 |  1.00 |  1.13 |  1.07
        5274 |  0.99 |  1.17 |  1.07 |  1.24 |  1.00 |  1.13 |  1.07
        5274 |  0.99 |  1.17 |  1.07 |  1.24 |  1.00 |  1.13 |  1.07
        5274 |  0.99 |  1.17 |  1.07 |  1.24 |  1.00 |  1.13 |  1.07
        5274 |  0.99 |  1.17 |  1.07 |  1.24 |  1.00 |  1.13 |  1.07
        5274 |  0.99 |  1.17 |  1.07 |  1.24 |  1.00 |  1.13 |  1.07
        5274 |  0.99 |  1.17 |  1.07 |  1.24 |  1.00 |  1.13 |  1.07
        5274 |  0.99 |  1.17 |  1.07 |  1.24 |  1.00 |  1.13 |  1.07
        5274 |  0.99 |  1.17 |  1.07 |  1.24 |  1.00 |  1.13 |  1.07
        5274 |  0.99 |  1.17 |  1.07 |  1.24 |  1.00 |  1.13 |  1.07
        5274 |  0.99 |  1.17 |  1.07 |  1.24 |  1.00 |  1.13 |  1.07
        5274 |  0.99 |  1.17 |  1.07 |  1.24 |  1.00 |  1.13 |  1.07
        5274 |  0.99 |  1.17 |  1.07 |  1.24 |  1.00 |  1.13 |  1.07
        5274 |  0.99 |  1.17 |  1.07 |  1.24 |  1.00 |  1.13 |  1.07
        5274 |  0.99 |  1.17 |  1.07 |  1.24 |  1.00 |  1.13 |  1.07
        5274 |  0.99 |  1.17 |  1.07 |  1.24 |  1.00 |  1.13 |  1.07
        5274 |  0.99 |  1.17 |  1.07 |  1.24 |  1.00 |  1.13 |  1.07
        5274 |  0.99 |  1.17 |  1.07 |  1.24 |  1.00 |  1.13 |  1.07
        5274 |  0.99 |  1.17 |  1.07 |  1.24 |  1.00 |  1.13 |  1.07
        5274 |  0.99 |  1.17 |  1.07 |  1.24 |  1.00 |  1.13 |  1.07
        5274 |  0.99 |  1.17 |  1.07 |  1.24 |  1.00 |  1.13 |  1.07
        5274 |  0.99 |  1.17 |  1.07 |  1.24 |  1.00 |  1.13 |  1.07
        5274 |  0.99 |  1.17 |  1.07 |  1.24 |  1.00 |  1.13 |  1.07
        5275 |  0.97 |  1.00 |  0.94 |  0.99 |  0.98 |  1.14 |  0.97
        5275 |  0.97 |  1.00 |  0.94 |  0.99 |  0.98 |  1.14 |  0.97
        5275 |  0.97 |  1.00 |  0.94 |  0.99 |  0.98 |  1.14 |  0.97
        5275 |  0.97 |  1.00 |  0.94 |  0.99 |  0.98 |  1.14 |  0.97
        5275 |  0.97 |  1.00 |  0.94 |  0.99 |  0.98 |  1.14 |  0.97
        5275 |  0.97 |  1.00 |  0.94 |  0.99 |  0.98 |  1.14 |  0.97
        5275 |  0.97 |  1.00 |  0.94 |  0.99 |  0.98 |  1.14 |  0.97
        5275 |  0.97 |  1.00 |  0.94 |  0.99 |  0.98 |  1.14 |  0.97
        5275 |  0.97 |  1.00 |  0.94 |  0.99 |  0.98 |  1.14 |  0.97
        5275 |  0.97 |  1.00 |  0.94 |  0.99 |  0.98 |  1.14 |  0.97
        5275 |  0.97 |  1.00 |  0.94 |  0.99 |  0.98 |  1.14 |  0.97
        5275 |  0.97 |  1.00 |  0.94 |  0.99 |  0.98 |  1.14 |  0.97
        5275 |  0.97 |  1.00 |  0.94 |  0.99 |  0.98 |  1.14 |  0.97
        5275 |  0.97 |  1.00 |  0.94 |  0.99 |  0.98 |  1.14 |  0.97
        5275 |  0.97 |  1.00 |  0.94 |  0.99 |  0.98 |  1.14 |  0.97
        5275 |  0.97 |  1.00 |  0.94 |  0.99 |  0.98 |  1.14 |  0.97
        5275 |  0.97 |  1.00 |  0.94 |  0.99 |  0.98 |  1.14 |  0.97
        5275 |  0.97 |  1.00 |  0.94 |  0.99 |  0.98 |  1.14 |  0.97
        5275 |  0.97 |  1.00 |  0.94 |  0.99 |  0.98 |  1.14 |  0.97
        5275 |  0.97 |  1.00 |  0.94 |  0.99 |  0.98 |  1.14 |  0.97
        5275 |  0.97 |  1.00 |  0.94 |  0.99 |  0.98 |  1.14 |  0.97
        5275 |  0.97 |  1.00 |  0.94 |  0.99 |  0.98 |  1.14 |  0.97
        5275 |  0.97 |  1.00 |  0.94 |  0.99 |  0.98 |  1.14 |  0.97
        5275 |  0.97 |  1.00 |  0.94 |  0.99 |  0.98 |  1.14 |  0.97
        5275 |  0.97 |  1.00 |  0.94 |  0.99 |  0.98 |  1.14 |  0.97
        5275 |  0.97 |  1.00 |  0.94 |  0.99 |  0.98 |  1.14 |  0.97
        5275 |  0.97 |  1.00 |  0.94 |  0.99 |  0.98 |  1.14 |  0.97
        5275 |  0.97 |  1.00 |  0.94 |  0.99 |  0.98 |  1.14 |  0.97
        5275 |  0.97 |  1.00 |  0.94 |  0.99 |  0.98 |  1.14 |  0.97
        5275 |  0.97 |  1.00 |  0.94 |  0.99 |  0.98 |  1.14 |  0.97
        5275 |  0.97 |  1.00 |  0.94 |  0.99 |  0.98 |  1.14 |  0.97
        5275 |  0.97 |  1.00 |  0.94 |  0.99 |  0.98 |  1.14 |  0.97
        5275 |  0.97 |  1.00 |  0.94 |  0.99 |  0.98 |  1.14 |  0.97
        5275 |  0.97 |  1.00 |  0.94 |  0.99 |  0.98 |  1.14 |  0.97
        5275 |  0.97 |  1.00 |  0.94 |  0.99 |  0.98 |  1.14 |  0.97
        5275 |  0.97 |  1.00 |  0.94 |  0.99 |  0.98 |  1.14 |  0.97
        5275 |  0.97 |  1.00 |  0.94 |  0.99 |  0.98 |  1.14 |  0.97
        5275 |  0.97 |  1.00 |  0.94 |  0.99 |  0.98 |  1.14 |  0.97
        5275 |  0.97 |  1.00 |  0.94 |  0.99 |  0.98 |  1.14 |  0.97
        5275 |  0.97 |  1.00 |  0.94 |  0.99 |  0.98 |  1.14 |  0.97
        5275 |  0.97 |  1.00 |  0.94 |  0.99 |  0.98 |  1.14 |  0.97
        5275 |  0.97 |  1.00 |  0.94 |  0.99 |  0.98 |  1.14 |  0.97
        5275 |  0.97 |  1.00 |  0.94 |  0.99 |  0.98 |  1.14 |  0.97
        5275 |  0.97 |  1.00 |  0.94 |  0.99 |  0.98 |  1.14 |  0.97
        5275 |  0.97 |  1.00 |  0.94 |  0.99 |  0.98 |  1.14 |  0.97
        5275 |  0.97 |  1.00 |  0.94 |  0.99 |  0.98 |  1.14 |  0.97
        5275 |  0.97 |  1.00 |  0.94 |  0.99 |  0.98 |  1.14 |  0.97
        5275 |  0.97 |  1.00 |  0.94 |  0.99 |  0.98 |  1.14 |  0.97
        5275 |  0.97 |  1.00 |  0.94 |  0.99 |  0.98 |  1.14 |  0.97
        5276 |  0.90 |  0.92 |  0.74 |  1.18 |  0.95 |  1.16 |  1.12
        5276 |  0.90 |  0.92 |  0.74 |  1.18 |  0.95 |  1.16 |  1.12
        5276 |  0.90 |  0.92 |  0.74 |  1.18 |  0.95 |  1.16 |  1.12
        5276 |  0.90 |  0.92 |  0.74 |  1.18 |  0.95 |  1.16 |  1.12
        5276 |  0.90 |  0.92 |  0.74 |  1.18 |  0.95 |  1.16 |  1.12
        5276 |  0.90 |  0.92 |  0.74 |  1.18 |  0.95 |  1.16 |  1.12
        5276 |  0.90 |  0.92 |  0.74 |  1.18 |  0.95 |  1.16 |  1.12
        5276 |  0.90 |  0.92 |  0.74 |  1.18 |  0.95 |  1.16 |  1.12
        5276 |  0.90 |  0.92 |  0.74 |  1.18 |  0.95 |  1.16 |  1.12
        5276 |  0.90 |  0.92 |  0.74 |  1.18 |  0.95 |  1.16 |  1.12
        5276 |  0.90 |  0.92 |  0.74 |  1.18 |  0.95 |  1.16 |  1.12
        5276 |  0.90 |  0.92 |  0.74 |  1.18 |  0.95 |  1.16 |  1.12
        5276 |  0.90 |  0.92 |  0.74 |  1.18 |  0.95 |  1.16 |  1.12
        5276 |  0.90 |  0.92 |  0.74 |  1.18 |  0.95 |  1.16 |  1.12
        5276 |  0.90 |  0.92 |  0.74 |  1.18 |  0.95 |  1.16 |  1.12
        5276 |  0.90 |  0.92 |  0.74 |  1.18 |  0.95 |  1.16 |  1.12
        5276 |  0.90 |  0.92 |  0.74 |  1.18 |  0.95 |  1.16 |  1.12
        5276 |  0.90 |  0.92 |  0.74 |  1.18 |  0.95 |  1.16 |  1.12
        5276 |  0.90 |  0.92 |  0.74 |  1.18 |  0.95 |  1.16 |  1.12
        5276 |  0.90 |  0.92 |  0.74 |  1.18 |  0.95 |  1.16 |  1.12
        5276 |  0.90 |  0.92 |  0.74 |  1.18 |  0.95 |  1.16 |  1.12
        5276 |  0.90 |  0.92 |  0.74 |  1.18 |  0.95 |  1.16 |  1.12
        5276 |  0.90 |  0.92 |  0.74 |  1.18 |  0.95 |  1.16 |  1.12
        5276 |  0.90 |  0.92 |  0.74 |  1.18 |  0.95 |  1.16 |  1.12
        5276 |  0.90 |  0.92 |  0.74 |  1.18 |  0.95 |  1.16 |  1.12
        5276 |  0.90 |  0.92 |  0.74 |  1.18 |  0.95 |  1.16 |  1.12
        5276 |  0.90 |  0.92 |  0.74 |  1.18 |  0.95 |  1.16 |  1.12
        5276 |  0.90 |  0.92 |  0.74 |  1.18 |  0.95 |  1.16 |  1.12
        5276 |  0.90 |  0.92 |  0.74 |  1.18 |  0.95 |  1.16 |  1.12
        5276 |  0.90 |  0.92 |  0.74 |  1.18 |  0.95 |  1.16 |  1.12
        5276 |  0.90 |  0.92 |  0.74 |  1.18 |  0.95 |  1.16 |  1.12
        5276 |  0.90 |  0.92 |  0.74 |  1.18 |  0.95 |  1.16 |  1.12
        5276 |  0.90 |  0.92 |  0.74 |  1.18 |  0.95 |  1.16 |  1.12
        5276 |  0.90 |  0.92 |  0.74 |  1.18 |  0.95 |  1.16 |  1.12
        5276 |  0.90 |  0.92 |  0.74 |  1.18 |  0.95 |  1.16 |  1.12
        5276 |  0.90 |  0.92 |  0.74 |  1.18 |  0.95 |  1.16 |  1.12
        5276 |  0.90 |  0.92 |  0.74 |  1.18 |  0.95 |  1.16 |  1.12
        5276 |  0.90 |  0.92 |  0.74 |  1.18 |  0.95 |  1.16 |  1.12
        5276 |  0.90 |  0.92 |  0.74 |  1.18 |  0.95 |  1.16 |  1.12
        5276 |  0.90 |  0.92 |  0.74 |  1.18 |  0.95 |  1.16 |  1.12
        5276 |  0.90 |  0.92 |  0.74 |  1.18 |  0.95 |  1.16 |  1.12
        5276 |  0.90 |  0.92 |  0.74 |  1.18 |  0.95 |  1.16 |  1.12
        5276 |  0.90 |  0.92 |  0.74 |  1.18 |  0.95 |  1.16 |  1.12
        5276 |  0.90 |  0.92 |  0.74 |  1.18 |  0.95 |  1.16 |  1.12
        5276 |  0.90 |  0.92 |  0.74 |  1.18 |  0.95 |  1.16 |  1.12
        5276 |  0.90 |  0.92 |  0.74 |  1.18 |  0.95 |  1.16 |  1.12
        5276 |  0.90 |  0.92 |  0.74 |  1.18 |  0.95 |  1.16 |  1.12
        5276 |  0.90 |  0.92 |  0.74 |  1.18 |  0.95 |  1.16 |  1.12
        5276 |  0.90 |  0.92 |  0.74 |  1.18 |  0.95 |  1.16 |  1.12
        5277 |  0.96 |  1.02 |  0.84 |  0.98 |  1.22 |  0.87 |  1.17
        5277 |  0.96 |  1.02 |  0.84 |  0.98 |  1.22 |  0.87 |  1.17
        5277 |  0.96 |  1.02 |  0.84 |  0.98 |  1.22 |  0.87 |  1.17
        5277 |  0.96 |  1.02 |  0.84 |  0.98 |  1.22 |  0.87 |  1.17
        5277 |  0.96 |  1.02 |  0.84 |  0.98 |  1.22 |  0.87 |  1.17
        5277 |  0.96 |  1.02 |  0.84 |  0.98 |  1.22 |  0.87 |  1.17
        5277 |  0.96 |  1.02 |  0.84 |  0.98 |  1.22 |  0.87 |  1.17
        5277 |  0.96 |  1.02 |  0.84 |  0.98 |  1.22 |  0.87 |  1.17
        5277 |  0.96 |  1.02 |  0.84 |  0.98 |  1.22 |  0.87 |  1.17
        5277 |  0.96 |  1.02 |  0.84 |  0.98 |  1.22 |  0.87 |  1.17
        5277 |  0.96 |  1.02 |  0.84 |  0.98 |  1.22 |  0.87 |  1.17
        5277 |  0.96 |  1.02 |  0.84 |  0.98 |  1.22 |  0.87 |  1.17
        5277 |  0.96 |  1.02 |  0.84 |  0.98 |  1.22 |  0.87 |  1.17
        5277 |  0.96 |  1.02 |  0.84 |  0.98 |  1.22 |  0.87 |  1.17
        5277 |  0.96 |  1.02 |  0.84 |  0.98 |  1.22 |  0.87 |  1.17
        5277 |  0.96 |  1.02 |  0.84 |  0.98 |  1.22 |  0.87 |  1.17
        5277 |  0.96 |  1.02 |  0.84 |  0.98 |  1.22 |  0.87 |  1.17
        5277 |  0.96 |  1.02 |  0.84 |  0.98 |  1.22 |  0.87 |  1.17
        5277 |  0.96 |  1.02 |  0.84 |  0.98 |  1.22 |  0.87 |  1.17
        5277 |  0.96 |  1.02 |  0.84 |  0.98 |  1.22 |  0.87 |  1.17
        5277 |  0.96 |  1.02 |  0.84 |  0.98 |  1.22 |  0.87 |  1.17
        5277 |  0.96 |  1.02 |  0.84 |  0.98 |  1.22 |  0.87 |  1.17
        5277 |  0.96 |  1.02 |  0.84 |  0.98 |  1.22 |  0.87 |  1.17
        5277 |  0.96 |  1.02 |  0.84 |  0.98 |  1.22 |  0.87 |  1.17
        5277 |  0.96 |  1.02 |  0.84 |  0.98 |  1.22 |  0.87 |  1.17
        5277 |  0.96 |  1.02 |  0.84 |  0.98 |  1.22 |  0.87 |  1.17
        5277 |  0.96 |  1.02 |  0.84 |  0.98 |  1.22 |  0.87 |  1.17
        5277 |  0.96 |  1.02 |  0.84 |  0.98 |  1.22 |  0.87 |  1.17
        5277 |  0.96 |  1.02 |  0.84 |  0.98 |  1.22 |  0.87 |  1.17
        5277 |  0.96 |  1.02 |  0.84 |  0.98 |  1.22 |  0.87 |  1.17
        5277 |  0.96 |  1.02 |  0.84 |  0.98 |  1.22 |  0.87 |  1.17
        5277 |  0.96 |  1.02 |  0.84 |  0.98 |  1.22 |  0.87 |  1.17
        5277 |  0.96 |  1.02 |  0.84 |  0.98 |  1.22 |  0.87 |  1.17
        5277 |  0.96 |  1.02 |  0.84 |  0.98 |  1.22 |  0.87 |  1.17
        5277 |  0.96 |  1.02 |  0.84 |  0.98 |  1.22 |  0.87 |  1.17
        5277 |  0.96 |  1.02 |  0.84 |  0.98 |  1.22 |  0.87 |  1.17
        5277 |  0.96 |  1.02 |  0.84 |  0.98 |  1.22 |  0.87 |  1.17
        5277 |  0.96 |  1.02 |  0.84 |  0.98 |  1.22 |  0.87 |  1.17
        5277 |  0.96 |  1.02 |  0.84 |  0.98 |  1.22 |  0.87 |  1.17
        5277 |  0.96 |  1.02 |  0.84 |  0.98 |  1.22 |  0.87 |  1.17
        5277 |  0.96 |  1.02 |  0.84 |  0.98 |  1.22 |  0.87 |  1.17
        5277 |  0.96 |  1.02 |  0.84 |  0.98 |  1.22 |  0.87 |  1.17
        5277 |  0.96 |  1.02 |  0.84 |  0.98 |  1.22 |  0.87 |  1.17
        5277 |  0.96 |  1.02 |  0.84 |  0.98 |  1.22 |  0.87 |  1.17
        5277 |  0.96 |  1.02 |  0.84 |  0.98 |  1.22 |  0.87 |  1.17
        5277 |  0.96 |  1.02 |  0.84 |  0.98 |  1.22 |  0.87 |  1.17
        5277 |  0.96 |  1.02 |  0.84 |  0.98 |  1.22 |  0.87 |  1.17
        5277 |  0.96 |  1.02 |  0.84 |  0.98 |  1.22 |  0.87 |  1.17
        5277 |  0.96 |  1.02 |  0.84 |  0.98 |  1.22 |  0.87 |  1.17
        5278 |  1.26 |  1.14 |  1.13 |  1.04 |  1.06 |  3.68 |  1.29
        5278 |  1.26 |  1.14 |  1.13 |  1.04 |  1.06 |  3.68 |  1.29
        5278 |  1.26 |  1.14 |  1.13 |  1.04 |  1.06 |  3.68 |  1.29
        5278 |  1.26 |  1.14 |  1.13 |  1.04 |  1.06 |  3.68 |  1.29
        5278 |  1.26 |  1.14 |  1.13 |  1.04 |  1.06 |  3.68 |  1.29
        5278 |  1.26 |  1.14 |  1.13 |  1.04 |  1.06 |  3.68 |  1.29
        5278 |  1.26 |  1.14 |  1.13 |  1.04 |  1.06 |  3.68 |  1.29
        5278 |  1.26 |  1.14 |  1.13 |  1.04 |  1.06 |  3.68 |  1.29
        5278 |  1.26 |  1.14 |  1.13 |  1.04 |  1.06 |  3.68 |  1.29
        5278 |  1.26 |  1.14 |  1.13 |  1.04 |  1.06 |  3.68 |  1.29
        5278 |  1.26 |  1.14 |  1.13 |  1.04 |  1.06 |  3.68 |  1.29
        5278 |  1.26 |  1.14 |  1.13 |  1.04 |  1.06 |  3.68 |  1.29
        5278 |  1.26 |  1.14 |  1.13 |  1.04 |  1.06 |  3.68 |  1.29
        5278 |  1.26 |  1.14 |  1.13 |  1.04 |  1.06 |  3.68 |  1.29
        5278 |  1.26 |  1.14 |  1.13 |  1.04 |  1.06 |  3.68 |  1.29
        5278 |  1.26 |  1.14 |  1.13 |  1.04 |  1.06 |  3.68 |  1.29
        5278 |  1.26 |  1.14 |  1.13 |  1.04 |  1.06 |  3.68 |  1.29
        5278 |  1.26 |  1.14 |  1.13 |  1.04 |  1.06 |  3.68 |  1.29
        5278 |  1.26 |  1.14 |  1.13 |  1.04 |  1.06 |  3.68 |  1.29
        5278 |  1.26 |  1.14 |  1.13 |  1.04 |  1.06 |  3.68 |  1.29
        5278 |  1.26 |  1.14 |  1.13 |  1.04 |  1.06 |  3.68 |  1.29
        5278 |  1.26 |  1.14 |  1.13 |  1.04 |  1.06 |  3.68 |  1.29
        5278 |  1.26 |  1.14 |  1.13 |  1.04 |  1.06 |  3.68 |  1.29
        5278 |  1.26 |  1.14 |  1.13 |  1.04 |  1.06 |  3.68 |  1.29
        5278 |  1.26 |  1.14 |  1.13 |  1.04 |  1.06 |  3.68 |  1.29
        5278 |  1.26 |  1.14 |  1.13 |  1.04 |  1.06 |  3.68 |  1.29
        5278 |  1.26 |  1.14 |  1.13 |  1.04 |  1.06 |  3.68 |  1.29
        5278 |  1.26 |  1.14 |  1.13 |  1.04 |  1.06 |  3.68 |  1.29
        5278 |  1.26 |  1.14 |  1.13 |  1.04 |  1.06 |  3.68 |  1.29
        5278 |  1.26 |  1.14 |  1.13 |  1.04 |  1.06 |  3.68 |  1.29
        5278 |  1.26 |  1.14 |  1.13 |  1.04 |  1.06 |  3.68 |  1.29
        5278 |  1.26 |  1.14 |  1.13 |  1.04 |  1.06 |  3.68 |  1.29
        5278 |  1.26 |  1.14 |  1.13 |  1.04 |  1.06 |  3.68 |  1.29
        5278 |  1.26 |  1.14 |  1.13 |  1.04 |  1.06 |  3.68 |  1.29
        5278 |  1.26 |  1.14 |  1.13 |  1.04 |  1.06 |  3.68 |  1.29
        5278 |  1.26 |  1.14 |  1.13 |  1.04 |  1.06 |  3.68 |  1.29
        5278 |  1.26 |  1.14 |  1.13 |  1.04 |  1.06 |  3.68 |  1.29
        5278 |  1.26 |  1.14 |  1.13 |  1.04 |  1.06 |  3.68 |  1.29
        5278 |  1.26 |  1.14 |  1.13 |  1.04 |  1.06 |  3.68 |  1.29
        5278 |  1.26 |  1.14 |  1.13 |  1.04 |  1.06 |  3.68 |  1.29
        5278 |  1.26 |  1.14 |  1.13 |  1.04 |  1.06 |  3.68 |  1.29
        5278 |  1.26 |  1.14 |  1.13 |  1.04 |  1.06 |  3.68 |  1.29
        5278 |  1.26 |  1.14 |  1.13 |  1.04 |  1.06 |  3.68 |  1.29
        5278 |  1.26 |  1.14 |  1.13 |  1.04 |  1.06 |  3.68 |  1.29
        5278 |  1.26 |  1.14 |  1.13 |  1.04 |  1.06 |  3.68 |  1.29
        5278 |  1.26 |  1.14 |  1.13 |  1.04 |  1.06 |  3.68 |  1.29
        5278 |  1.26 |  1.14 |  1.13 |  1.04 |  1.06 |  3.68 |  1.29
        5278 |  1.26 |  1.14 |  1.13 |  1.04 |  1.06 |  3.68 |  1.29
        5278 |  1.26 |  1.14 |  1.13 |  1.04 |  1.06 |  3.68 |  1.29
        5279 |  0.99 |  1.18 |  0.90 |  0.89 |  0.23 |  0.68 |  1.08
        5279 |  0.99 |  1.18 |  0.90 |  0.89 |  0.23 |  0.68 |  1.08
        5279 |  0.99 |  1.18 |  0.90 |  0.89 |  0.23 |  0.68 |  1.08
        5279 |  0.99 |  1.18 |  0.90 |  0.89 |  0.23 |  0.68 |  1.08
        5279 |  0.99 |  1.18 |  0.90 |  0.89 |  0.23 |  0.68 |  1.08
        5279 |  0.99 |  1.18 |  0.90 |  0.89 |  0.23 |  0.68 |  1.08
        5279 |  0.99 |  1.18 |  0.90 |  0.89 |  0.23 |  0.68 |  1.08
        5279 |  0.99 |  1.18 |  0.90 |  0.89 |  0.23 |  0.68 |  1.08
        5279 |  0.99 |  1.18 |  0.90 |  0.89 |  0.23 |  0.68 |  1.08
        5279 |  0.99 |  1.18 |  0.90 |  0.89 |  0.23 |  0.68 |  1.08
        5279 |  0.99 |  1.18 |  0.90 |  0.89 |  0.23 |  0.68 |  1.08
        5279 |  0.99 |  1.18 |  0.90 |  0.89 |  0.23 |  0.68 |  1.08
        5279 |  0.99 |  1.18 |  0.90 |  0.89 |  0.23 |  0.68 |  1.08
        5279 |  0.99 |  1.18 |  0.90 |  0.89 |  0.23 |  0.68 |  1.08
        5279 |  0.99 |  1.18 |  0.90 |  0.89 |  0.23 |  0.68 |  1.08
        5279 |  0.99 |  1.18 |  0.90 |  0.89 |  0.23 |  0.68 |  1.08
        5279 |  0.99 |  1.18 |  0.90 |  0.89 |  0.23 |  0.68 |  1.08
        5279 |  0.99 |  1.18 |  0.90 |  0.89 |  0.23 |  0.68 |  1.08
        5279 |  0.99 |  1.18 |  0.90 |  0.89 |  0.23 |  0.68 |  1.08
        5279 |  0.99 |  1.18 |  0.90 |  0.89 |  0.23 |  0.68 |  1.08
        5279 |  0.99 |  1.18 |  0.90 |  0.89 |  0.23 |  0.68 |  1.08
        5279 |  0.99 |  1.18 |  0.90 |  0.89 |  0.23 |  0.68 |  1.08
        5279 |  0.99 |  1.18 |  0.90 |  0.89 |  0.23 |  0.68 |  1.08
        5279 |  0.99 |  1.18 |  0.90 |  0.89 |  0.23 |  0.68 |  1.08
        5279 |  0.99 |  1.18 |  0.90 |  0.89 |  0.23 |  0.68 |  1.08
        5279 |  0.99 |  1.18 |  0.90 |  0.89 |  0.23 |  0.68 |  1.08
        5279 |  0.99 |  1.18 |  0.90 |  0.89 |  0.23 |  0.68 |  1.08
        5279 |  0.99 |  1.18 |  0.90 |  0.89 |  0.23 |  0.68 |  1.08
        5279 |  0.99 |  1.18 |  0.90 |  0.89 |  0.23 |  0.68 |  1.08
        5279 |  0.99 |  1.18 |  0.90 |  0.89 |  0.23 |  0.68 |  1.08
        5279 |  0.99 |  1.18 |  0.90 |  0.89 |  0.23 |  0.68 |  1.08
        5279 |  0.99 |  1.18 |  0.90 |  0.89 |  0.23 |  0.68 |  1.08
        5279 |  0.99 |  1.18 |  0.90 |  0.89 |  0.23 |  0.68 |  1.08
        5279 |  0.99 |  1.18 |  0.90 |  0.89 |  0.23 |  0.68 |  1.08
        5279 |  0.99 |  1.18 |  0.90 |  0.89 |  0.23 |  0.68 |  1.08
        5279 |  0.99 |  1.18 |  0.90 |  0.89 |  0.23 |  0.68 |  1.08
        5279 |  0.99 |  1.18 |  0.90 |  0.89 |  0.23 |  0.68 |  1.08
        5279 |  0.99 |  1.18 |  0.90 |  0.89 |  0.23 |  0.68 |  1.08
        5279 |  0.99 |  1.18 |  0.90 |  0.89 |  0.23 |  0.68 |  1.08
        5279 |  0.99 |  1.18 |  0.90 |  0.89 |  0.23 |  0.68 |  1.08
        5279 |  0.99 |  1.18 |  0.90 |  0.89 |  0.23 |  0.68 |  1.08
        5279 |  0.99 |  1.18 |  0.90 |  0.89 |  0.23 |  0.68 |  1.08
        5279 |  0.99 |  1.18 |  0.90 |  0.89 |  0.23 |  0.68 |  1.08
        5279 |  0.99 |  1.18 |  0.90 |  0.89 |  0.23 |  0.68 |  1.08
        5279 |  0.99 |  1.18 |  0.90 |  0.89 |  0.23 |  0.68 |  1.08
        5279 |  0.99 |  1.18 |  0.90 |  0.89 |  0.23 |  0.68 |  1.08
        5279 |  0.99 |  1.18 |  0.90 |  0.89 |  0.23 |  0.68 |  1.08
        5279 |  0.99 |  1.18 |  0.90 |  0.89 |  0.23 |  0.68 |  1.08
        5279 |  0.99 |  1.18 |  0.90 |  0.89 |  0.23 |  0.68 |  1.08
        5280 |  1.38 |  0.86 |  0.95 |  1.35 |  1.24 |  0.89 |  0.97
        5280 |  1.38 |  0.86 |  0.95 |  1.35 |  1.24 |  0.89 |  0.97
        5280 |  1.38 |  0.86 |  0.95 |  1.35 |  1.24 |  0.89 |  0.97
        5280 |  1.38 |  0.86 |  0.95 |  1.35 |  1.24 |  0.89 |  0.97
        5280 |  1.38 |  0.86 |  0.95 |  1.35 |  1.24 |  0.89 |  0.97
        5280 |  1.38 |  0.86 |  0.95 |  1.35 |  1.24 |  0.89 |  0.97
        5280 |  1.38 |  0.86 |  0.95 |  1.35 |  1.24 |  0.89 |  0.97
        5280 |  1.38 |  0.86 |  0.95 |  1.35 |  1.24 |  0.89 |  0.97
        5280 |  1.38 |  0.86 |  0.95 |  1.35 |  1.24 |  0.89 |  0.97
        5280 |  1.38 |  0.86 |  0.95 |  1.35 |  1.24 |  0.89 |  0.97
        5280 |  1.38 |  0.86 |  0.95 |  1.35 |  1.24 |  0.89 |  0.97
        5280 |  1.38 |  0.86 |  0.95 |  1.35 |  1.24 |  0.89 |  0.97
        5280 |  1.38 |  0.86 |  0.95 |  1.35 |  1.24 |  0.89 |  0.97
        5280 |  1.38 |  0.86 |  0.95 |  1.35 |  1.24 |  0.89 |  0.97
        5280 |  1.38 |  0.86 |  0.95 |  1.35 |  1.24 |  0.89 |  0.97
        5280 |  1.38 |  0.86 |  0.95 |  1.35 |  1.24 |  0.89 |  0.97
        5280 |  1.38 |  0.86 |  0.95 |  1.35 |  1.24 |  0.89 |  0.97
        5280 |  1.38 |  0.86 |  0.95 |  1.35 |  1.24 |  0.89 |  0.97
        5280 |  1.38 |  0.86 |  0.95 |  1.35 |  1.24 |  0.89 |  0.97
        5280 |  1.38 |  0.86 |  0.95 |  1.35 |  1.24 |  0.89 |  0.97
        5280 |  1.38 |  0.86 |  0.95 |  1.35 |  1.24 |  0.89 |  0.97
        5280 |  1.38 |  0.86 |  0.95 |  1.35 |  1.24 |  0.89 |  0.97
        5280 |  1.38 |  0.86 |  0.95 |  1.35 |  1.24 |  0.89 |  0.97
        5280 |  1.38 |  0.86 |  0.95 |  1.35 |  1.24 |  0.89 |  0.97
        5280 |  1.38 |  0.86 |  0.95 |  1.35 |  1.24 |  0.89 |  0.97
        5280 |  1.38 |  0.86 |  0.95 |  1.35 |  1.24 |  0.89 |  0.97
        5280 |  1.38 |  0.86 |  0.95 |  1.35 |  1.24 |  0.89 |  0.97
        5280 |  1.38 |  0.86 |  0.95 |  1.35 |  1.24 |  0.89 |  0.97
        5280 |  1.38 |  0.86 |  0.95 |  1.35 |  1.24 |  0.89 |  0.97
        5280 |  1.38 |  0.86 |  0.95 |  1.35 |  1.24 |  0.89 |  0.97
        5280 |  1.38 |  0.86 |  0.95 |  1.35 |  1.24 |  0.89 |  0.97
        5280 |  1.38 |  0.86 |  0.95 |  1.35 |  1.24 |  0.89 |  0.97
        5280 |  1.38 |  0.86 |  0.95 |  1.35 |  1.24 |  0.89 |  0.97
        5280 |  1.38 |  0.86 |  0.95 |  1.35 |  1.24 |  0.89 |  0.97
        5280 |  1.38 |  0.86 |  0.95 |  1.35 |  1.24 |  0.89 |  0.97
        5280 |  1.38 |  0.86 |  0.95 |  1.35 |  1.24 |  0.89 |  0.97
        5280 |  1.38 |  0.86 |  0.95 |  1.35 |  1.24 |  0.89 |  0.97
        5280 |  1.38 |  0.86 |  0.95 |  1.35 |  1.24 |  0.89 |  0.97
        5280 |  1.38 |  0.86 |  0.95 |  1.35 |  1.24 |  0.89 |  0.97
        5280 |  1.38 |  0.86 |  0.95 |  1.35 |  1.24 |  0.89 |  0.97
        5280 |  1.38 |  0.86 |  0.95 |  1.35 |  1.24 |  0.89 |  0.97
        5280 |  1.38 |  0.86 |  0.95 |  1.35 |  1.24 |  0.89 |  0.97
        5280 |  1.38 |  0.86 |  0.95 |  1.35 |  1.24 |  0.89 |  0.97
        5280 |  1.38 |  0.86 |  0.95 |  1.35 |  1.24 |  0.89 |  0.97
        5280 |  1.38 |  0.86 |  0.95 |  1.35 |  1.24 |  0.89 |  0.97
        5280 |  1.38 |  0.86 |  0.95 |  1.35 |  1.24 |  0.89 |  0.97
        5280 |  1.38 |  0.86 |  0.95 |  1.35 |  1.24 |  0.89 |  0.97
        5280 |  1.38 |  0.86 |  0.95 |  1.35 |  1.24 |  0.89 |  0.97
        5280 |  1.38 |  0.86 |  0.95 |  1.35 |  1.24 |  0.89 |  0.97
        5281 |  0.84 |  1.29 |  1.11 |  0.90 |  0.89 |  1.19 |  0.96
        5281 |  0.84 |  1.29 |  1.11 |  0.90 |  0.89 |  1.19 |  0.96
        5281 |  0.84 |  1.29 |  1.11 |  0.90 |  0.89 |  1.19 |  0.96
        5281 |  0.84 |  1.29 |  1.11 |  0.90 |  0.89 |  1.19 |  0.96
        5281 |  0.84 |  1.29 |  1.11 |  0.90 |  0.89 |  1.19 |  0.96
        5281 |  0.84 |  1.29 |  1.11 |  0.90 |  0.89 |  1.19 |  0.96
        5281 |  0.84 |  1.29 |  1.11 |  0.90 |  0.89 |  1.19 |  0.96
        5281 |  0.84 |  1.29 |  1.11 |  0.90 |  0.89 |  1.19 |  0.96
        5281 |  0.84 |  1.29 |  1.11 |  0.90 |  0.89 |  1.19 |  0.96
        5281 |  0.84 |  1.29 |  1.11 |  0.90 |  0.89 |  1.19 |  0.96
        5281 |  0.84 |  1.29 |  1.11 |  0.90 |  0.89 |  1.19 |  0.96
        5281 |  0.84 |  1.29 |  1.11 |  0.90 |  0.89 |  1.19 |  0.96
        5281 |  0.84 |  1.29 |  1.11 |  0.90 |  0.89 |  1.19 |  0.96
        5281 |  0.84 |  1.29 |  1.11 |  0.90 |  0.89 |  1.19 |  0.96
        5281 |  0.84 |  1.29 |  1.11 |  0.90 |  0.89 |  1.19 |  0.96
        5281 |  0.84 |  1.29 |  1.11 |  0.90 |  0.89 |  1.19 |  0.96
        5281 |  0.84 |  1.29 |  1.11 |  0.90 |  0.89 |  1.19 |  0.96
        5281 |  0.84 |  1.29 |  1.11 |  0.90 |  0.89 |  1.19 |  0.96
        5281 |  0.84 |  1.29 |  1.11 |  0.90 |  0.89 |  1.19 |  0.96
        5281 |  0.84 |  1.29 |  1.11 |  0.90 |  0.89 |  1.19 |  0.96
        5281 |  0.84 |  1.29 |  1.11 |  0.90 |  0.89 |  1.19 |  0.96
        5281 |  0.84 |  1.29 |  1.11 |  0.90 |  0.89 |  1.19 |  0.96
        5281 |  0.84 |  1.29 |  1.11 |  0.90 |  0.89 |  1.19 |  0.96
        5281 |  0.84 |  1.29 |  1.11 |  0.90 |  0.89 |  1.19 |  0.96
        5281 |  0.84 |  1.29 |  1.11 |  0.90 |  0.89 |  1.19 |  0.96
        5281 |  0.84 |  1.29 |  1.11 |  0.90 |  0.89 |  1.19 |  0.96
        5281 |  0.84 |  1.29 |  1.11 |  0.90 |  0.89 |  1.19 |  0.96
        5281 |  0.84 |  1.29 |  1.11 |  0.90 |  0.89 |  1.19 |  0.96
        5281 |  0.84 |  1.29 |  1.11 |  0.90 |  0.89 |  1.19 |  0.96
        5281 |  0.84 |  1.29 |  1.11 |  0.90 |  0.89 |  1.19 |  0.96
        5281 |  0.84 |  1.29 |  1.11 |  0.90 |  0.89 |  1.19 |  0.96
        5281 |  0.84 |  1.29 |  1.11 |  0.90 |  0.89 |  1.19 |  0.96
        5281 |  0.84 |  1.29 |  1.11 |  0.90 |  0.89 |  1.19 |  0.96
        5281 |  0.84 |  1.29 |  1.11 |  0.90 |  0.89 |  1.19 |  0.96
        5281 |  0.84 |  1.29 |  1.11 |  0.90 |  0.89 |  1.19 |  0.96
        5281 |  0.84 |  1.29 |  1.11 |  0.90 |  0.89 |  1.19 |  0.96
        5281 |  0.84 |  1.29 |  1.11 |  0.90 |  0.89 |  1.19 |  0.96
        5281 |  0.84 |  1.29 |  1.11 |  0.90 |  0.89 |  1.19 |  0.96
        5281 |  0.84 |  1.29 |  1.11 |  0.90 |  0.89 |  1.19 |  0.96
        5281 |  0.84 |  1.29 |  1.11 |  0.90 |  0.89 |  1.19 |  0.96
        5281 |  0.84 |  1.29 |  1.11 |  0.90 |  0.89 |  1.19 |  0.96
        5281 |  0.84 |  1.29 |  1.11 |  0.90 |  0.89 |  1.19 |  0.96
        5281 |  0.84 |  1.29 |  1.11 |  0.90 |  0.89 |  1.19 |  0.96
        5281 |  0.84 |  1.29 |  1.11 |  0.90 |  0.89 |  1.19 |  0.96
        5281 |  0.84 |  1.29 |  1.11 |  0.90 |  0.89 |  1.19 |  0.96
        5281 |  0.84 |  1.29 |  1.11 |  0.90 |  0.89 |  1.19 |  0.96
        5281 |  0.84 |  1.29 |  1.11 |  0.90 |  0.89 |  1.19 |  0.96
        5281 |  0.84 |  1.29 |  1.11 |  0.90 |  0.89 |  1.19 |  0.96
        5281 |  0.84 |  1.29 |  1.11 |  0.90 |  0.89 |  1.19 |  0.96
        5282 |  0.97 |  0.89 |  0.95 |  1.20 |  0.83 |  0.80 |  1.14
        5282 |  0.97 |  0.89 |  0.95 |  1.20 |  0.83 |  0.80 |  1.14
        5282 |  0.97 |  0.89 |  0.95 |  1.20 |  0.83 |  0.80 |  1.14
        5282 |  0.97 |  0.89 |  0.95 |  1.20 |  0.83 |  0.80 |  1.14
        5282 |  0.97 |  0.89 |  0.95 |  1.20 |  0.83 |  0.80 |  1.14
        5282 |  0.97 |  0.89 |  0.95 |  1.20 |  0.83 |  0.80 |  1.14
        5282 |  0.97 |  0.89 |  0.95 |  1.20 |  0.83 |  0.80 |  1.14
        5282 |  0.97 |  0.89 |  0.95 |  1.20 |  0.83 |  0.80 |  1.14
        5282 |  0.97 |  0.89 |  0.95 |  1.20 |  0.83 |  0.80 |  1.14
        5282 |  0.97 |  0.89 |  0.95 |  1.20 |  0.83 |  0.80 |  1.14
        5282 |  0.97 |  0.89 |  0.95 |  1.20 |  0.83 |  0.80 |  1.14
        5282 |  0.97 |  0.89 |  0.95 |  1.20 |  0.83 |  0.80 |  1.14
        5282 |  0.97 |  0.89 |  0.95 |  1.20 |  0.83 |  0.80 |  1.14
        5282 |  0.97 |  0.89 |  0.95 |  1.20 |  0.83 |  0.80 |  1.14
        5282 |  0.97 |  0.89 |  0.95 |  1.20 |  0.83 |  0.80 |  1.14
        5282 |  0.97 |  0.89 |  0.95 |  1.20 |  0.83 |  0.80 |  1.14
        5282 |  0.97 |  0.89 |  0.95 |  1.20 |  0.83 |  0.80 |  1.14
        5282 |  0.97 |  0.89 |  0.95 |  1.20 |  0.83 |  0.80 |  1.14
        5282 |  0.97 |  0.89 |  0.95 |  1.20 |  0.83 |  0.80 |  1.14
        5282 |  0.97 |  0.89 |  0.95 |  1.20 |  0.83 |  0.80 |  1.14
        5282 |  0.97 |  0.89 |  0.95 |  1.20 |  0.83 |  0.80 |  1.14
        5282 |  0.97 |  0.89 |  0.95 |  1.20 |  0.83 |  0.80 |  1.14
        5282 |  0.97 |  0.89 |  0.95 |  1.20 |  0.83 |  0.80 |  1.14
        5282 |  0.97 |  0.89 |  0.95 |  1.20 |  0.83 |  0.80 |  1.14
        5282 |  0.97 |  0.89 |  0.95 |  1.20 |  0.83 |  0.80 |  1.14
        5282 |  0.97 |  0.89 |  0.95 |  1.20 |  0.83 |  0.80 |  1.14
        5282 |  0.97 |  0.89 |  0.95 |  1.20 |  0.83 |  0.80 |  1.14
        5282 |  0.97 |  0.89 |  0.95 |  1.20 |  0.83 |  0.80 |  1.14
        5282 |  0.97 |  0.89 |  0.95 |  1.20 |  0.83 |  0.80 |  1.14
        5282 |  0.97 |  0.89 |  0.95 |  1.20 |  0.83 |  0.80 |  1.14
        5282 |  0.97 |  0.89 |  0.95 |  1.20 |  0.83 |  0.80 |  1.14
        5282 |  0.97 |  0.89 |  0.95 |  1.20 |  0.83 |  0.80 |  1.14
        5282 |  0.97 |  0.89 |  0.95 |  1.20 |  0.83 |  0.80 |  1.14
        5282 |  0.97 |  0.89 |  0.95 |  1.20 |  0.83 |  0.80 |  1.14
        5282 |  0.97 |  0.89 |  0.95 |  1.20 |  0.83 |  0.80 |  1.14
        5282 |  0.97 |  0.89 |  0.95 |  1.20 |  0.83 |  0.80 |  1.14
        5282 |  0.97 |  0.89 |  0.95 |  1.20 |  0.83 |  0.80 |  1.14
        5282 |  0.97 |  0.89 |  0.95 |  1.20 |  0.83 |  0.80 |  1.14
        5282 |  0.97 |  0.89 |  0.95 |  1.20 |  0.83 |  0.80 |  1.14
        5282 |  0.97 |  0.89 |  0.95 |  1.20 |  0.83 |  0.80 |  1.14
        5282 |  0.97 |  0.89 |  0.95 |  1.20 |  0.83 |  0.80 |  1.14
        5282 |  0.97 |  0.89 |  0.95 |  1.20 |  0.83 |  0.80 |  1.14
        5282 |  0.97 |  0.89 |  0.95 |  1.20 |  0.83 |  0.80 |  1.14
        5282 |  0.97 |  0.89 |  0.95 |  1.20 |  0.83 |  0.80 |  1.14
        5282 |  0.97 |  0.89 |  0.95 |  1.20 |  0.83 |  0.80 |  1.14
        5282 |  0.97 |  0.89 |  0.95 |  1.20 |  0.83 |  0.80 |  1.14
        5282 |  0.97 |  0.89 |  0.95 |  1.20 |  0.83 |  0.80 |  1.14
        5282 |  0.97 |  0.89 |  0.95 |  1.20 |  0.83 |  0.80 |  1.14
        5282 |  0.97 |  0.89 |  0.95 |  1.20 |  0.83 |  0.80 |  1.14
        5283 |  0.79 |  0.99 |  1.03 |  1.08 |  1.05 |  1.03 |  1.15
        5283 |  0.79 |  0.99 |  1.03 |  1.08 |  1.05 |  1.03 |  1.15
        5283 |  0.79 |  0.99 |  1.03 |  1.08 |  1.05 |  1.03 |  1.15
        5283 |  0.79 |  0.99 |  1.03 |  1.08 |  1.05 |  1.03 |  1.15
        5283 |  0.79 |  0.99 |  1.03 |  1.08 |  1.05 |  1.03 |  1.15
        5283 |  0.79 |  0.99 |  1.03 |  1.08 |  1.05 |  1.03 |  1.15
        5283 |  0.79 |  0.99 |  1.03 |  1.08 |  1.05 |  1.03 |  1.15
        5283 |  0.79 |  0.99 |  1.03 |  1.08 |  1.05 |  1.03 |  1.15
        5283 |  0.79 |  0.99 |  1.03 |  1.08 |  1.05 |  1.03 |  1.15
        5283 |  0.79 |  0.99 |  1.03 |  1.08 |  1.05 |  1.03 |  1.15
        5283 |  0.79 |  0.99 |  1.03 |  1.08 |  1.05 |  1.03 |  1.15
        5283 |  0.79 |  0.99 |  1.03 |  1.08 |  1.05 |  1.03 |  1.15
        5283 |  0.79 |  0.99 |  1.03 |  1.08 |  1.05 |  1.03 |  1.15
        5283 |  0.79 |  0.99 |  1.03 |  1.08 |  1.05 |  1.03 |  1.15
        5283 |  0.79 |  0.99 |  1.03 |  1.08 |  1.05 |  1.03 |  1.15
        5283 |  0.79 |  0.99 |  1.03 |  1.08 |  1.05 |  1.03 |  1.15
        5283 |  0.79 |  0.99 |  1.03 |  1.08 |  1.05 |  1.03 |  1.15
        5283 |  0.79 |  0.99 |  1.03 |  1.08 |  1.05 |  1.03 |  1.15
        5283 |  0.79 |  0.99 |  1.03 |  1.08 |  1.05 |  1.03 |  1.15
        5283 |  0.79 |  0.99 |  1.03 |  1.08 |  1.05 |  1.03 |  1.15
        5283 |  0.79 |  0.99 |  1.03 |  1.08 |  1.05 |  1.03 |  1.15
        5283 |  0.79 |  0.99 |  1.03 |  1.08 |  1.05 |  1.03 |  1.15
        5283 |  0.79 |  0.99 |  1.03 |  1.08 |  1.05 |  1.03 |  1.15
        5283 |  0.79 |  0.99 |  1.03 |  1.08 |  1.05 |  1.03 |  1.15
        5283 |  0.79 |  0.99 |  1.03 |  1.08 |  1.05 |  1.03 |  1.15
        5283 |  0.79 |  0.99 |  1.03 |  1.08 |  1.05 |  1.03 |  1.15
        5283 |  0.79 |  0.99 |  1.03 |  1.08 |  1.05 |  1.03 |  1.15
        5283 |  0.79 |  0.99 |  1.03 |  1.08 |  1.05 |  1.03 |  1.15
        5283 |  0.79 |  0.99 |  1.03 |  1.08 |  1.05 |  1.03 |  1.15
        5283 |  0.79 |  0.99 |  1.03 |  1.08 |  1.05 |  1.03 |  1.15
        5283 |  0.79 |  0.99 |  1.03 |  1.08 |  1.05 |  1.03 |  1.15
        5283 |  0.79 |  0.99 |  1.03 |  1.08 |  1.05 |  1.03 |  1.15
        5283 |  0.79 |  0.99 |  1.03 |  1.08 |  1.05 |  1.03 |  1.15
        5283 |  0.79 |  0.99 |  1.03 |  1.08 |  1.05 |  1.03 |  1.15
        5283 |  0.79 |  0.99 |  1.03 |  1.08 |  1.05 |  1.03 |  1.15
        5283 |  0.79 |  0.99 |  1.03 |  1.08 |  1.05 |  1.03 |  1.15
        5283 |  0.79 |  0.99 |  1.03 |  1.08 |  1.05 |  1.03 |  1.15
        5283 |  0.79 |  0.99 |  1.03 |  1.08 |  1.05 |  1.03 |  1.15
        5283 |  0.79 |  0.99 |  1.03 |  1.08 |  1.05 |  1.03 |  1.15
        5283 |  0.79 |  0.99 |  1.03 |  1.08 |  1.05 |  1.03 |  1.15
        5283 |  0.79 |  0.99 |  1.03 |  1.08 |  1.05 |  1.03 |  1.15
        5283 |  0.79 |  0.99 |  1.03 |  1.08 |  1.05 |  1.03 |  1.15
        5283 |  0.79 |  0.99 |  1.03 |  1.08 |  1.05 |  1.03 |  1.15
        5283 |  0.79 |  0.99 |  1.03 |  1.08 |  1.05 |  1.03 |  1.15
        5283 |  0.79 |  0.99 |  1.03 |  1.08 |  1.05 |  1.03 |  1.15
        5283 |  0.79 |  0.99 |  1.03 |  1.08 |  1.05 |  1.03 |  1.15
        5283 |  0.79 |  0.99 |  1.03 |  1.08 |  1.05 |  1.03 |  1.15
        5283 |  0.79 |  0.99 |  1.03 |  1.08 |  1.05 |  1.03 |  1.15
        5283 |  0.79 |  0.99 |  1.03 |  1.08 |  1.05 |  1.03 |  1.15
        5284 |  0.79 |  1.15 |  1.08 |  1.03 |  0.97 |  1.09 |  0.77
        5284 |  0.79 |  1.15 |  1.08 |  1.03 |  0.97 |  1.09 |  0.77
        5284 |  0.79 |  1.15 |  1.08 |  1.03 |  0.97 |  1.09 |  0.77
        5284 |  0.79 |  1.15 |  1.08 |  1.03 |  0.97 |  1.09 |  0.77
        5284 |  0.79 |  1.15 |  1.08 |  1.03 |  0.97 |  1.09 |  0.77
        5284 |  0.79 |  1.15 |  1.08 |  1.03 |  0.97 |  1.09 |  0.77
        5284 |  0.79 |  1.15 |  1.08 |  1.03 |  0.97 |  1.09 |  0.77
        5284 |  0.79 |  1.15 |  1.08 |  1.03 |  0.97 |  1.09 |  0.77
        5284 |  0.79 |  1.15 |  1.08 |  1.03 |  0.97 |  1.09 |  0.77
        5284 |  0.79 |  1.15 |  1.08 |  1.03 |  0.97 |  1.09 |  0.77
        5284 |  0.79 |  1.15 |  1.08 |  1.03 |  0.97 |  1.09 |  0.77
        5284 |  0.79 |  1.15 |  1.08 |  1.03 |  0.97 |  1.09 |  0.77
        5284 |  0.79 |  1.15 |  1.08 |  1.03 |  0.97 |  1.09 |  0.77
        5284 |  0.79 |  1.15 |  1.08 |  1.03 |  0.97 |  1.09 |  0.77
        5284 |  0.79 |  1.15 |  1.08 |  1.03 |  0.97 |  1.09 |  0.77
        5284 |  0.79 |  1.15 |  1.08 |  1.03 |  0.97 |  1.09 |  0.77
        5284 |  0.79 |  1.15 |  1.08 |  1.03 |  0.97 |  1.09 |  0.77
        5284 |  0.79 |  1.15 |  1.08 |  1.03 |  0.97 |  1.09 |  0.77
        5284 |  0.79 |  1.15 |  1.08 |  1.03 |  0.97 |  1.09 |  0.77
        5284 |  0.79 |  1.15 |  1.08 |  1.03 |  0.97 |  1.09 |  0.77
        5284 |  0.79 |  1.15 |  1.08 |  1.03 |  0.97 |  1.09 |  0.77
        5284 |  0.79 |  1.15 |  1.08 |  1.03 |  0.97 |  1.09 |  0.77
        5284 |  0.79 |  1.15 |  1.08 |  1.03 |  0.97 |  1.09 |  0.77
        5284 |  0.79 |  1.15 |  1.08 |  1.03 |  0.97 |  1.09 |  0.77
        5284 |  0.79 |  1.15 |  1.08 |  1.03 |  0.97 |  1.09 |  0.77
        5284 |  0.79 |  1.15 |  1.08 |  1.03 |  0.97 |  1.09 |  0.77
        5284 |  0.79 |  1.15 |  1.08 |  1.03 |  0.97 |  1.09 |  0.77
        5284 |  0.79 |  1.15 |  1.08 |  1.03 |  0.97 |  1.09 |  0.77
        5284 |  0.79 |  1.15 |  1.08 |  1.03 |  0.97 |  1.09 |  0.77
        5284 |  0.79 |  1.15 |  1.08 |  1.03 |  0.97 |  1.09 |  0.77
        5284 |  0.79 |  1.15 |  1.08 |  1.03 |  0.97 |  1.09 |  0.77
        5284 |  0.79 |  1.15 |  1.08 |  1.03 |  0.97 |  1.09 |  0.77
        5284 |  0.79 |  1.15 |  1.08 |  1.03 |  0.97 |  1.09 |  0.77
        5284 |  0.79 |  1.15 |  1.08 |  1.03 |  0.97 |  1.09 |  0.77
        5284 |  0.79 |  1.15 |  1.08 |  1.03 |  0.97 |  1.09 |  0.77
        5284 |  0.79 |  1.15 |  1.08 |  1.03 |  0.97 |  1.09 |  0.77
        5284 |  0.79 |  1.15 |  1.08 |  1.03 |  0.97 |  1.09 |  0.77
        5284 |  0.79 |  1.15 |  1.08 |  1.03 |  0.97 |  1.09 |  0.77
        5284 |  0.79 |  1.15 |  1.08 |  1.03 |  0.97 |  1.09 |  0.77
        5284 |  0.79 |  1.15 |  1.08 |  1.03 |  0.97 |  1.09 |  0.77
        5284 |  0.79 |  1.15 |  1.08 |  1.03 |  0.97 |  1.09 |  0.77
        5284 |  0.79 |  1.15 |  1.08 |  1.03 |  0.97 |  1.09 |  0.77
        5284 |  0.79 |  1.15 |  1.08 |  1.03 |  0.97 |  1.09 |  0.77
        5284 |  0.79 |  1.15 |  1.08 |  1.03 |  0.97 |  1.09 |  0.77
        5284 |  0.79 |  1.15 |  1.08 |  1.03 |  0.97 |  1.09 |  0.77
        5284 |  0.79 |  1.15 |  1.08 |  1.03 |  0.97 |  1.09 |  0.77
        5284 |  0.79 |  1.15 |  1.08 |  1.03 |  0.97 |  1.09 |  0.77
        5284 |  0.79 |  1.15 |  1.08 |  1.03 |  0.97 |  1.09 |  0.77
        5284 |  0.79 |  1.15 |  1.08 |  1.03 |  0.97 |  1.09 |  0.77
        5285 |  1.14 |  1.05 |  1.17 |  1.21 |  1.26 |  0.93 |  1.00
        5285 |  1.14 |  1.05 |  1.17 |  1.21 |  1.26 |  0.93 |  1.00
        5285 |  1.14 |  1.05 |  1.17 |  1.21 |  1.26 |  0.93 |  1.00
        5285 |  1.14 |  1.05 |  1.17 |  1.21 |  1.26 |  0.93 |  1.00
        5285 |  1.14 |  1.05 |  1.17 |  1.21 |  1.26 |  0.93 |  1.00
        5285 |  1.14 |  1.05 |  1.17 |  1.21 |  1.26 |  0.93 |  1.00
        5285 |  1.14 |  1.05 |  1.17 |  1.21 |  1.26 |  0.93 |  1.00
        5285 |  1.14 |  1.05 |  1.17 |  1.21 |  1.26 |  0.93 |  1.00
        5285 |  1.14 |  1.05 |  1.17 |  1.21 |  1.26 |  0.93 |  1.00
        5285 |  1.14 |  1.05 |  1.17 |  1.21 |  1.26 |  0.93 |  1.00
        5285 |  1.14 |  1.05 |  1.17 |  1.21 |  1.26 |  0.93 |  1.00
        5285 |  1.14 |  1.05 |  1.17 |  1.21 |  1.26 |  0.93 |  1.00
        5285 |  1.14 |  1.05 |  1.17 |  1.21 |  1.26 |  0.93 |  1.00
        5285 |  1.14 |  1.05 |  1.17 |  1.21 |  1.26 |  0.93 |  1.00
        5285 |  1.14 |  1.05 |  1.17 |  1.21 |  1.26 |  0.93 |  1.00
        5285 |  1.14 |  1.05 |  1.17 |  1.21 |  1.26 |  0.93 |  1.00
        5285 |  1.14 |  1.05 |  1.17 |  1.21 |  1.26 |  0.93 |  1.00
        5285 |  1.14 |  1.05 |  1.17 |  1.21 |  1.26 |  0.93 |  1.00
        5285 |  1.14 |  1.05 |  1.17 |  1.21 |  1.26 |  0.93 |  1.00
        5285 |  1.14 |  1.05 |  1.17 |  1.21 |  1.26 |  0.93 |  1.00
        5285 |  1.14 |  1.05 |  1.17 |  1.21 |  1.26 |  0.93 |  1.00
        5285 |  1.14 |  1.05 |  1.17 |  1.21 |  1.26 |  0.93 |  1.00
        5285 |  1.14 |  1.05 |  1.17 |  1.21 |  1.26 |  0.93 |  1.00
        5285 |  1.14 |  1.05 |  1.17 |  1.21 |  1.26 |  0.93 |  1.00
        5285 |  1.14 |  1.05 |  1.17 |  1.21 |  1.26 |  0.93 |  1.00
        5285 |  1.14 |  1.05 |  1.17 |  1.21 |  1.26 |  0.93 |  1.00
        5285 |  1.14 |  1.05 |  1.17 |  1.21 |  1.26 |  0.93 |  1.00
        5285 |  1.14 |  1.05 |  1.17 |  1.21 |  1.26 |  0.93 |  1.00
        5285 |  1.14 |  1.05 |  1.17 |  1.21 |  1.26 |  0.93 |  1.00
        5285 |  1.14 |  1.05 |  1.17 |  1.21 |  1.26 |  0.93 |  1.00
        5285 |  1.14 |  1.05 |  1.17 |  1.21 |  1.26 |  0.93 |  1.00
        5285 |  1.14 |  1.05 |  1.17 |  1.21 |  1.26 |  0.93 |  1.00
        5285 |  1.14 |  1.05 |  1.17 |  1.21 |  1.26 |  0.93 |  1.00
        5285 |  1.14 |  1.05 |  1.17 |  1.21 |  1.26 |  0.93 |  1.00
        5285 |  1.14 |  1.05 |  1.17 |  1.21 |  1.26 |  0.93 |  1.00
        5285 |  1.14 |  1.05 |  1.17 |  1.21 |  1.26 |  0.93 |  1.00
        5285 |  1.14 |  1.05 |  1.17 |  1.21 |  1.26 |  0.93 |  1.00
        5285 |  1.14 |  1.05 |  1.17 |  1.21 |  1.26 |  0.93 |  1.00
        5285 |  1.14 |  1.05 |  1.17 |  1.21 |  1.26 |  0.93 |  1.00
        5285 |  1.14 |  1.05 |  1.17 |  1.21 |  1.26 |  0.93 |  1.00
        5285 |  1.14 |  1.05 |  1.17 |  1.21 |  1.26 |  0.93 |  1.00
        5285 |  1.14 |  1.05 |  1.17 |  1.21 |  1.26 |  0.93 |  1.00
        5285 |  1.14 |  1.05 |  1.17 |  1.21 |  1.26 |  0.93 |  1.00
        5285 |  1.14 |  1.05 |  1.17 |  1.21 |  1.26 |  0.93 |  1.00
        5285 |  1.14 |  1.05 |  1.17 |  1.21 |  1.26 |  0.93 |  1.00
        5285 |  1.14 |  1.05 |  1.17 |  1.21 |  1.26 |  0.93 |  1.00
        5285 |  1.14 |  1.05 |  1.17 |  1.21 |  1.26 |  0.93 |  1.00
        5285 |  1.14 |  1.05 |  1.17 |  1.21 |  1.26 |  0.93 |  1.00
        5285 |  1.14 |  1.05 |  1.17 |  1.21 |  1.26 |  0.93 |  1.00
        5286 |  0.99 |  1.01 |  0.90 |  1.05 |  1.38 |  1.00 |  0.92
        5286 |  0.99 |  1.01 |  0.90 |  1.05 |  1.38 |  1.00 |  0.92
        5286 |  0.99 |  1.01 |  0.90 |  1.05 |  1.38 |  1.00 |  0.92
        5286 |  0.99 |  1.01 |  0.90 |  1.05 |  1.38 |  1.00 |  0.92
        5286 |  0.99 |  1.01 |  0.90 |  1.05 |  1.38 |  1.00 |  0.92
        5286 |  0.99 |  1.01 |  0.90 |  1.05 |  1.38 |  1.00 |  0.92
        5286 |  0.99 |  1.01 |  0.90 |  1.05 |  1.38 |  1.00 |  0.92
        5286 |  0.99 |  1.01 |  0.90 |  1.05 |  1.38 |  1.00 |  0.92
        5286 |  0.99 |  1.01 |  0.90 |  1.05 |  1.38 |  1.00 |  0.92
        5286 |  0.99 |  1.01 |  0.90 |  1.05 |  1.38 |  1.00 |  0.92
        5286 |  0.99 |  1.01 |  0.90 |  1.05 |  1.38 |  1.00 |  0.92
        5286 |  0.99 |  1.01 |  0.90 |  1.05 |  1.38 |  1.00 |  0.92
        5286 |  0.99 |  1.01 |  0.90 |  1.05 |  1.38 |  1.00 |  0.92
        5286 |  0.99 |  1.01 |  0.90 |  1.05 |  1.38 |  1.00 |  0.92
        5286 |  0.99 |  1.01 |  0.90 |  1.05 |  1.38 |  1.00 |  0.92
        5286 |  0.99 |  1.01 |  0.90 |  1.05 |  1.38 |  1.00 |  0.92
        5286 |  0.99 |  1.01 |  0.90 |  1.05 |  1.38 |  1.00 |  0.92
        5286 |  0.99 |  1.01 |  0.90 |  1.05 |  1.38 |  1.00 |  0.92
        5286 |  0.99 |  1.01 |  0.90 |  1.05 |  1.38 |  1.00 |  0.92
        5286 |  0.99 |  1.01 |  0.90 |  1.05 |  1.38 |  1.00 |  0.92
        5286 |  0.99 |  1.01 |  0.90 |  1.05 |  1.38 |  1.00 |  0.92
        5286 |  0.99 |  1.01 |  0.90 |  1.05 |  1.38 |  1.00 |  0.92
        5286 |  0.99 |  1.01 |  0.90 |  1.05 |  1.38 |  1.00 |  0.92
        5286 |  0.99 |  1.01 |  0.90 |  1.05 |  1.38 |  1.00 |  0.92
        5286 |  0.99 |  1.01 |  0.90 |  1.05 |  1.38 |  1.00 |  0.92
        5286 |  0.99 |  1.01 |  0.90 |  1.05 |  1.38 |  1.00 |  0.92
        5286 |  0.99 |  1.01 |  0.90 |  1.05 |  1.38 |  1.00 |  0.92
        5286 |  0.99 |  1.01 |  0.90 |  1.05 |  1.38 |  1.00 |  0.92
        5286 |  0.99 |  1.01 |  0.90 |  1.05 |  1.38 |  1.00 |  0.92
        5286 |  0.99 |  1.01 |  0.90 |  1.05 |  1.38 |  1.00 |  0.92
        5286 |  0.99 |  1.01 |  0.90 |  1.05 |  1.38 |  1.00 |  0.92
        5286 |  0.99 |  1.01 |  0.90 |  1.05 |  1.38 |  1.00 |  0.92
        5286 |  0.99 |  1.01 |  0.90 |  1.05 |  1.38 |  1.00 |  0.92
        5286 |  0.99 |  1.01 |  0.90 |  1.05 |  1.38 |  1.00 |  0.92
        5286 |  0.99 |  1.01 |  0.90 |  1.05 |  1.38 |  1.00 |  0.92
        5286 |  0.99 |  1.01 |  0.90 |  1.05 |  1.38 |  1.00 |  0.92
        5286 |  0.99 |  1.01 |  0.90 |  1.05 |  1.38 |  1.00 |  0.92
        5286 |  0.99 |  1.01 |  0.90 |  1.05 |  1.38 |  1.00 |  0.92
        5286 |  0.99 |  1.01 |  0.90 |  1.05 |  1.38 |  1.00 |  0.92
        5286 |  0.99 |  1.01 |  0.90 |  1.05 |  1.38 |  1.00 |  0.92
        5286 |  0.99 |  1.01 |  0.90 |  1.05 |  1.38 |  1.00 |  0.92
        5286 |  0.99 |  1.01 |  0.90 |  1.05 |  1.38 |  1.00 |  0.92
        5286 |  0.99 |  1.01 |  0.90 |  1.05 |  1.38 |  1.00 |  0.92
        5286 |  0.99 |  1.01 |  0.90 |  1.05 |  1.38 |  1.00 |  0.92
        5286 |  0.99 |  1.01 |  0.90 |  1.05 |  1.38 |  1.00 |  0.92
        5286 |  0.99 |  1.01 |  0.90 |  1.05 |  1.38 |  1.00 |  0.92
        5286 |  0.99 |  1.01 |  0.90 |  1.05 |  1.38 |  1.00 |  0.92
        5286 |  0.99 |  1.01 |  0.90 |  1.05 |  1.38 |  1.00 |  0.92
        5286 |  0.99 |  1.01 |  0.90 |  1.05 |  1.38 |  1.00 |  0.92
        5287 |  1.15 |  0.96 |  1.17 |  0.98 |  1.19 |  0.96 |  0.97
        5287 |  1.15 |  0.96 |  1.17 |  0.98 |  1.19 |  0.96 |  0.97
        5287 |  1.15 |  0.96 |  1.17 |  0.98 |  1.19 |  0.96 |  0.97
        5287 |  1.15 |  0.96 |  1.17 |  0.98 |  1.19 |  0.96 |  0.97
        5287 |  1.15 |  0.96 |  1.17 |  0.98 |  1.19 |  0.96 |  0.97
        5287 |  1.15 |  0.96 |  1.17 |  0.98 |  1.19 |  0.96 |  0.97
        5287 |  1.15 |  0.96 |  1.17 |  0.98 |  1.19 |  0.96 |  0.97
        5287 |  1.15 |  0.96 |  1.17 |  0.98 |  1.19 |  0.96 |  0.97
        5287 |  1.15 |  0.96 |  1.17 |  0.98 |  1.19 |  0.96 |  0.97
        5287 |  1.15 |  0.96 |  1.17 |  0.98 |  1.19 |  0.96 |  0.97
        5287 |  1.15 |  0.96 |  1.17 |  0.98 |  1.19 |  0.96 |  0.97
        5287 |  1.15 |  0.96 |  1.17 |  0.98 |  1.19 |  0.96 |  0.97
        5287 |  1.15 |  0.96 |  1.17 |  0.98 |  1.19 |  0.96 |  0.97
        5287 |  1.15 |  0.96 |  1.17 |  0.98 |  1.19 |  0.96 |  0.97
        5287 |  1.15 |  0.96 |  1.17 |  0.98 |  1.19 |  0.96 |  0.97
        5287 |  1.15 |  0.96 |  1.17 |  0.98 |  1.19 |  0.96 |  0.97
        5287 |  1.15 |  0.96 |  1.17 |  0.98 |  1.19 |  0.96 |  0.97
        5287 |  1.15 |  0.96 |  1.17 |  0.98 |  1.19 |  0.96 |  0.97
        5287 |  1.15 |  0.96 |  1.17 |  0.98 |  1.19 |  0.96 |  0.97
        5287 |  1.15 |  0.96 |  1.17 |  0.98 |  1.19 |  0.96 |  0.97
        5287 |  1.15 |  0.96 |  1.17 |  0.98 |  1.19 |  0.96 |  0.97
        5287 |  1.15 |  0.96 |  1.17 |  0.98 |  1.19 |  0.96 |  0.97
        5287 |  1.15 |  0.96 |  1.17 |  0.98 |  1.19 |  0.96 |  0.97
        5287 |  1.15 |  0.96 |  1.17 |  0.98 |  1.19 |  0.96 |  0.97
        5287 |  1.15 |  0.96 |  1.17 |  0.98 |  1.19 |  0.96 |  0.97
        5287 |  1.15 |  0.96 |  1.17 |  0.98 |  1.19 |  0.96 |  0.97
        5287 |  1.15 |  0.96 |  1.17 |  0.98 |  1.19 |  0.96 |  0.97
        5287 |  1.15 |  0.96 |  1.17 |  0.98 |  1.19 |  0.96 |  0.97
        5287 |  1.15 |  0.96 |  1.17 |  0.98 |  1.19 |  0.96 |  0.97
        5287 |  1.15 |  0.96 |  1.17 |  0.98 |  1.19 |  0.96 |  0.97
        5287 |  1.15 |  0.96 |  1.17 |  0.98 |  1.19 |  0.96 |  0.97
        5287 |  1.15 |  0.96 |  1.17 |  0.98 |  1.19 |  0.96 |  0.97
        5287 |  1.15 |  0.96 |  1.17 |  0.98 |  1.19 |  0.96 |  0.97
        5287 |  1.15 |  0.96 |  1.17 |  0.98 |  1.19 |  0.96 |  0.97
        5287 |  1.15 |  0.96 |  1.17 |  0.98 |  1.19 |  0.96 |  0.97
        5287 |  1.15 |  0.96 |  1.17 |  0.98 |  1.19 |  0.96 |  0.97
        5287 |  1.15 |  0.96 |  1.17 |  0.98 |  1.19 |  0.96 |  0.97
        5287 |  1.15 |  0.96 |  1.17 |  0.98 |  1.19 |  0.96 |  0.97
        5287 |  1.15 |  0.96 |  1.17 |  0.98 |  1.19 |  0.96 |  0.97
        5287 |  1.15 |  0.96 |  1.17 |  0.98 |  1.19 |  0.96 |  0.97
        5287 |  1.15 |  0.96 |  1.17 |  0.98 |  1.19 |  0.96 |  0.97
        5287 |  1.15 |  0.96 |  1.17 |  0.98 |  1.19 |  0.96 |  0.97
        5287 |  1.15 |  0.96 |  1.17 |  0.98 |  1.19 |  0.96 |  0.97
        5287 |  1.15 |  0.96 |  1.17 |  0.98 |  1.19 |  0.96 |  0.97
        5287 |  1.15 |  0.96 |  1.17 |  0.98 |  1.19 |  0.96 |  0.97
        5287 |  1.15 |  0.96 |  1.17 |  0.98 |  1.19 |  0.96 |  0.97
        5287 |  1.15 |  0.96 |  1.17 |  0.98 |  1.19 |  0.96 |  0.97
        5287 |  1.15 |  0.96 |  1.17 |  0.98 |  1.19 |  0.96 |  0.97
        5287 |  1.15 |  0.96 |  1.17 |  0.98 |  1.19 |  0.96 |  0.97
        5288 |  1.13 |  0.79 |  0.71 |  0.99 |  1.47 |  1.13 |  1.17
        5288 |  1.13 |  0.79 |  0.71 |  0.99 |  1.47 |  1.13 |  1.17
        5288 |  1.13 |  0.79 |  0.71 |  0.99 |  1.47 |  1.13 |  1.17
        5288 |  1.13 |  0.79 |  0.71 |  0.99 |  1.47 |  1.13 |  1.17
        5288 |  1.13 |  0.79 |  0.71 |  0.99 |  1.47 |  1.13 |  1.17
        5288 |  1.13 |  0.79 |  0.71 |  0.99 |  1.47 |  1.13 |  1.17
        5288 |  1.13 |  0.79 |  0.71 |  0.99 |  1.47 |  1.13 |  1.17
        5288 |  1.13 |  0.79 |  0.71 |  0.99 |  1.47 |  1.13 |  1.17
        5288 |  1.13 |  0.79 |  0.71 |  0.99 |  1.47 |  1.13 |  1.17
        5288 |  1.13 |  0.79 |  0.71 |  0.99 |  1.47 |  1.13 |  1.17
        5288 |  1.13 |  0.79 |  0.71 |  0.99 |  1.47 |  1.13 |  1.17
        5288 |  1.13 |  0.79 |  0.71 |  0.99 |  1.47 |  1.13 |  1.17
        5288 |  1.13 |  0.79 |  0.71 |  0.99 |  1.47 |  1.13 |  1.17
        5288 |  1.13 |  0.79 |  0.71 |  0.99 |  1.47 |  1.13 |  1.17
        5288 |  1.13 |  0.79 |  0.71 |  0.99 |  1.47 |  1.13 |  1.17
        5288 |  1.13 |  0.79 |  0.71 |  0.99 |  1.47 |  1.13 |  1.17
        5288 |  1.13 |  0.79 |  0.71 |  0.99 |  1.47 |  1.13 |  1.17
        5288 |  1.13 |  0.79 |  0.71 |  0.99 |  1.47 |  1.13 |  1.17
        5288 |  1.13 |  0.79 |  0.71 |  0.99 |  1.47 |  1.13 |  1.17
        5288 |  1.13 |  0.79 |  0.71 |  0.99 |  1.47 |  1.13 |  1.17
        5288 |  1.13 |  0.79 |  0.71 |  0.99 |  1.47 |  1.13 |  1.17
        5288 |  1.13 |  0.79 |  0.71 |  0.99 |  1.47 |  1.13 |  1.17
        5288 |  1.13 |  0.79 |  0.71 |  0.99 |  1.47 |  1.13 |  1.17
        5288 |  1.13 |  0.79 |  0.71 |  0.99 |  1.47 |  1.13 |  1.17
        5288 |  1.13 |  0.79 |  0.71 |  0.99 |  1.47 |  1.13 |  1.17
        5288 |  1.13 |  0.79 |  0.71 |  0.99 |  1.47 |  1.13 |  1.17
        5288 |  1.13 |  0.79 |  0.71 |  0.99 |  1.47 |  1.13 |  1.17
        5288 |  1.13 |  0.79 |  0.71 |  0.99 |  1.47 |  1.13 |  1.17
        5288 |  1.13 |  0.79 |  0.71 |  0.99 |  1.47 |  1.13 |  1.17
        5288 |  1.13 |  0.79 |  0.71 |  0.99 |  1.47 |  1.13 |  1.17
        5288 |  1.13 |  0.79 |  0.71 |  0.99 |  1.47 |  1.13 |  1.17
        5288 |  1.13 |  0.79 |  0.71 |  0.99 |  1.47 |  1.13 |  1.17
        5288 |  1.13 |  0.79 |  0.71 |  0.99 |  1.47 |  1.13 |  1.17
        5288 |  1.13 |  0.79 |  0.71 |  0.99 |  1.47 |  1.13 |  1.17
        5288 |  1.13 |  0.79 |  0.71 |  0.99 |  1.47 |  1.13 |  1.17
        5288 |  1.13 |  0.79 |  0.71 |  0.99 |  1.47 |  1.13 |  1.17
        5288 |  1.13 |  0.79 |  0.71 |  0.99 |  1.47 |  1.13 |  1.17
        5288 |  1.13 |  0.79 |  0.71 |  0.99 |  1.47 |  1.13 |  1.17
        5288 |  1.13 |  0.79 |  0.71 |  0.99 |  1.47 |  1.13 |  1.17
        5288 |  1.13 |  0.79 |  0.71 |  0.99 |  1.47 |  1.13 |  1.17
        5288 |  1.13 |  0.79 |  0.71 |  0.99 |  1.47 |  1.13 |  1.17
        5288 |  1.13 |  0.79 |  0.71 |  0.99 |  1.47 |  1.13 |  1.17
        5288 |  1.13 |  0.79 |  0.71 |  0.99 |  1.47 |  1.13 |  1.17
        5288 |  1.13 |  0.79 |  0.71 |  0.99 |  1.47 |  1.13 |  1.17
        5288 |  1.13 |  0.79 |  0.71 |  0.99 |  1.47 |  1.13 |  1.17
        5288 |  1.13 |  0.79 |  0.71 |  0.99 |  1.47 |  1.13 |  1.17
        5288 |  1.13 |  0.79 |  0.71 |  0.99 |  1.47 |  1.13 |  1.17
        5288 |  1.13 |  0.79 |  0.71 |  0.99 |  1.47 |  1.13 |  1.17
        5288 |  1.13 |  0.79 |  0.71 |  0.99 |  1.47 |  1.13 |  1.17
        5289 |  0.85 |  1.00 |  0.85 |  1.25 |  1.24 |  0.99 |  0.93
        5289 |  0.85 |  1.00 |  0.85 |  1.25 |  1.24 |  0.99 |  0.93
        5289 |  0.85 |  1.00 |  0.85 |  1.25 |  1.24 |  0.99 |  0.93
        5289 |  0.85 |  1.00 |  0.85 |  1.25 |  1.24 |  0.99 |  0.93
        5289 |  0.85 |  1.00 |  0.85 |  1.25 |  1.24 |  0.99 |  0.93
        5289 |  0.85 |  1.00 |  0.85 |  1.25 |  1.24 |  0.99 |  0.93
        5289 |  0.85 |  1.00 |  0.85 |  1.25 |  1.24 |  0.99 |  0.93
        5289 |  0.85 |  1.00 |  0.85 |  1.25 |  1.24 |  0.99 |  0.93
        5289 |  0.85 |  1.00 |  0.85 |  1.25 |  1.24 |  0.99 |  0.93
        5289 |  0.85 |  1.00 |  0.85 |  1.25 |  1.24 |  0.99 |  0.93
        5289 |  0.85 |  1.00 |  0.85 |  1.25 |  1.24 |  0.99 |  0.93
        5289 |  0.85 |  1.00 |  0.85 |  1.25 |  1.24 |  0.99 |  0.93
        5289 |  0.85 |  1.00 |  0.85 |  1.25 |  1.24 |  0.99 |  0.93
        5289 |  0.85 |  1.00 |  0.85 |  1.25 |  1.24 |  0.99 |  0.93
        5289 |  0.85 |  1.00 |  0.85 |  1.25 |  1.24 |  0.99 |  0.93
        5289 |  0.85 |  1.00 |  0.85 |  1.25 |  1.24 |  0.99 |  0.93
        5289 |  0.85 |  1.00 |  0.85 |  1.25 |  1.24 |  0.99 |  0.93
        5289 |  0.85 |  1.00 |  0.85 |  1.25 |  1.24 |  0.99 |  0.93
        5289 |  0.85 |  1.00 |  0.85 |  1.25 |  1.24 |  0.99 |  0.93
        5289 |  0.85 |  1.00 |  0.85 |  1.25 |  1.24 |  0.99 |  0.93
        5289 |  0.85 |  1.00 |  0.85 |  1.25 |  1.24 |  0.99 |  0.93
        5289 |  0.85 |  1.00 |  0.85 |  1.25 |  1.24 |  0.99 |  0.93
        5289 |  0.85 |  1.00 |  0.85 |  1.25 |  1.24 |  0.99 |  0.93
        5289 |  0.85 |  1.00 |  0.85 |  1.25 |  1.24 |  0.99 |  0.93
        5289 |  0.85 |  1.00 |  0.85 |  1.25 |  1.24 |  0.99 |  0.93
        5289 |  0.85 |  1.00 |  0.85 |  1.25 |  1.24 |  0.99 |  0.93
        5289 |  0.85 |  1.00 |  0.85 |  1.25 |  1.24 |  0.99 |  0.93
        5289 |  0.85 |  1.00 |  0.85 |  1.25 |  1.24 |  0.99 |  0.93
        5289 |  0.85 |  1.00 |  0.85 |  1.25 |  1.24 |  0.99 |  0.93
        5289 |  0.85 |  1.00 |  0.85 |  1.25 |  1.24 |  0.99 |  0.93
        5289 |  0.85 |  1.00 |  0.85 |  1.25 |  1.24 |  0.99 |  0.93
        5289 |  0.85 |  1.00 |  0.85 |  1.25 |  1.24 |  0.99 |  0.93
        5289 |  0.85 |  1.00 |  0.85 |  1.25 |  1.24 |  0.99 |  0.93
        5289 |  0.85 |  1.00 |  0.85 |  1.25 |  1.24 |  0.99 |  0.93
        5289 |  0.85 |  1.00 |  0.85 |  1.25 |  1.24 |  0.99 |  0.93
        5289 |  0.85 |  1.00 |  0.85 |  1.25 |  1.24 |  0.99 |  0.93
        5289 |  0.85 |  1.00 |  0.85 |  1.25 |  1.24 |  0.99 |  0.93
        5289 |  0.85 |  1.00 |  0.85 |  1.25 |  1.24 |  0.99 |  0.93
        5289 |  0.85 |  1.00 |  0.85 |  1.25 |  1.24 |  0.99 |  0.93
        5289 |  0.85 |  1.00 |  0.85 |  1.25 |  1.24 |  0.99 |  0.93
        5289 |  0.85 |  1.00 |  0.85 |  1.25 |  1.24 |  0.99 |  0.93
        5289 |  0.85 |  1.00 |  0.85 |  1.25 |  1.24 |  0.99 |  0.93
        5289 |  0.85 |  1.00 |  0.85 |  1.25 |  1.24 |  0.99 |  0.93
        5289 |  0.85 |  1.00 |  0.85 |  1.25 |  1.24 |  0.99 |  0.93
        5289 |  0.85 |  1.00 |  0.85 |  1.25 |  1.24 |  0.99 |  0.93
        5289 |  0.85 |  1.00 |  0.85 |  1.25 |  1.24 |  0.99 |  0.93
        5289 |  0.85 |  1.00 |  0.85 |  1.25 |  1.24 |  0.99 |  0.93
        5289 |  0.85 |  1.00 |  0.85 |  1.25 |  1.24 |  0.99 |  0.93
        5289 |  0.85 |  1.00 |  0.85 |  1.25 |  1.24 |  0.99 |  0.93
        5290 |  1.17 |  1.08 |  1.11 |  0.90 |  1.04 |  0.86 |  1.04
        5290 |  1.17 |  1.08 |  1.11 |  0.90 |  1.04 |  0.86 |  1.04
        5290 |  1.17 |  1.08 |  1.11 |  0.90 |  1.04 |  0.86 |  1.04
        5290 |  1.17 |  1.08 |  1.11 |  0.90 |  1.04 |  0.86 |  1.04
        5290 |  1.17 |  1.08 |  1.11 |  0.90 |  1.04 |  0.86 |  1.04
        5290 |  1.17 |  1.08 |  1.11 |  0.90 |  1.04 |  0.86 |  1.04
        5290 |  1.17 |  1.08 |  1.11 |  0.90 |  1.04 |  0.86 |  1.04
        5290 |  1.17 |  1.08 |  1.11 |  0.90 |  1.04 |  0.86 |  1.04
        5290 |  1.17 |  1.08 |  1.11 |  0.90 |  1.04 |  0.86 |  1.04
        5290 |  1.17 |  1.08 |  1.11 |  0.90 |  1.04 |  0.86 |  1.04
        5290 |  1.17 |  1.08 |  1.11 |  0.90 |  1.04 |  0.86 |  1.04
        5290 |  1.17 |  1.08 |  1.11 |  0.90 |  1.04 |  0.86 |  1.04
        5290 |  1.17 |  1.08 |  1.11 |  0.90 |  1.04 |  0.86 |  1.04
        5290 |  1.17 |  1.08 |  1.11 |  0.90 |  1.04 |  0.86 |  1.04
        5290 |  1.17 |  1.08 |  1.11 |  0.90 |  1.04 |  0.86 |  1.04
        5290 |  1.17 |  1.08 |  1.11 |  0.90 |  1.04 |  0.86 |  1.04
        5290 |  1.17 |  1.08 |  1.11 |  0.90 |  1.04 |  0.86 |  1.04
        5290 |  1.17 |  1.08 |  1.11 |  0.90 |  1.04 |  0.86 |  1.04
        5290 |  1.17 |  1.08 |  1.11 |  0.90 |  1.04 |  0.86 |  1.04
        5290 |  1.17 |  1.08 |  1.11 |  0.90 |  1.04 |  0.86 |  1.04
        5290 |  1.17 |  1.08 |  1.11 |  0.90 |  1.04 |  0.86 |  1.04
        5290 |  1.17 |  1.08 |  1.11 |  0.90 |  1.04 |  0.86 |  1.04
        5290 |  1.17 |  1.08 |  1.11 |  0.90 |  1.04 |  0.86 |  1.04
        5290 |  1.17 |  1.08 |  1.11 |  0.90 |  1.04 |  0.86 |  1.04
        5290 |  1.17 |  1.08 |  1.11 |  0.90 |  1.04 |  0.86 |  1.04
        5290 |  1.17 |  1.08 |  1.11 |  0.90 |  1.04 |  0.86 |  1.04
        5290 |  1.17 |  1.08 |  1.11 |  0.90 |  1.04 |  0.86 |  1.04
        5290 |  1.17 |  1.08 |  1.11 |  0.90 |  1.04 |  0.86 |  1.04
        5290 |  1.17 |  1.08 |  1.11 |  0.90 |  1.04 |  0.86 |  1.04
        5290 |  1.17 |  1.08 |  1.11 |  0.90 |  1.04 |  0.86 |  1.04
        5290 |  1.17 |  1.08 |  1.11 |  0.90 |  1.04 |  0.86 |  1.04
        5290 |  1.17 |  1.08 |  1.11 |  0.90 |  1.04 |  0.86 |  1.04
        5290 |  1.17 |  1.08 |  1.11 |  0.90 |  1.04 |  0.86 |  1.04
        5290 |  1.17 |  1.08 |  1.11 |  0.90 |  1.04 |  0.86 |  1.04
        5290 |  1.17 |  1.08 |  1.11 |  0.90 |  1.04 |  0.86 |  1.04
        5290 |  1.17 |  1.08 |  1.11 |  0.90 |  1.04 |  0.86 |  1.04
        5290 |  1.17 |  1.08 |  1.11 |  0.90 |  1.04 |  0.86 |  1.04
        5290 |  1.17 |  1.08 |  1.11 |  0.90 |  1.04 |  0.86 |  1.04
        5290 |  1.17 |  1.08 |  1.11 |  0.90 |  1.04 |  0.86 |  1.04
        5290 |  1.17 |  1.08 |  1.11 |  0.90 |  1.04 |  0.86 |  1.04
        5290 |  1.17 |  1.08 |  1.11 |  0.90 |  1.04 |  0.86 |  1.04
        5290 |  1.17 |  1.08 |  1.11 |  0.90 |  1.04 |  0.86 |  1.04
        5290 |  1.17 |  1.08 |  1.11 |  0.90 |  1.04 |  0.86 |  1.04
        5290 |  1.17 |  1.08 |  1.11 |  0.90 |  1.04 |  0.86 |  1.04
        5290 |  1.17 |  1.08 |  1.11 |  0.90 |  1.04 |  0.86 |  1.04
        5290 |  1.17 |  1.08 |  1.11 |  0.90 |  1.04 |  0.86 |  1.04
        5290 |  1.17 |  1.08 |  1.11 |  0.90 |  1.04 |  0.86 |  1.04
        5290 |  1.17 |  1.08 |  1.11 |  0.90 |  1.04 |  0.86 |  1.04
        5290 |  1.17 |  1.08 |  1.11 |  0.90 |  1.04 |  0.86 |  1.04
        5291 |  1.26 |  1.10 |  1.05 |  1.11 |  0.90 |  0.69 |  0.81
        5291 |  1.26 |  1.10 |  1.05 |  1.11 |  0.90 |  0.69 |  0.81
        5291 |  1.26 |  1.10 |  1.05 |  1.11 |  0.90 |  0.69 |  0.81
        5291 |  1.26 |  1.10 |  1.05 |  1.11 |  0.90 |  0.69 |  0.81
        5291 |  1.26 |  1.10 |  1.05 |  1.11 |  0.90 |  0.69 |  0.81
        5291 |  1.26 |  1.10 |  1.05 |  1.11 |  0.90 |  0.69 |  0.81
        5291 |  1.26 |  1.10 |  1.05 |  1.11 |  0.90 |  0.69 |  0.81
        5291 |  1.26 |  1.10 |  1.05 |  1.11 |  0.90 |  0.69 |  0.81
        5291 |  1.26 |  1.10 |  1.05 |  1.11 |  0.90 |  0.69 |  0.81
        5291 |  1.26 |  1.10 |  1.05 |  1.11 |  0.90 |  0.69 |  0.81
        5291 |  1.26 |  1.10 |  1.05 |  1.11 |  0.90 |  0.69 |  0.81
        5291 |  1.26 |  1.10 |  1.05 |  1.11 |  0.90 |  0.69 |  0.81
        5291 |  1.26 |  1.10 |  1.05 |  1.11 |  0.90 |  0.69 |  0.81
        5291 |  1.26 |  1.10 |  1.05 |  1.11 |  0.90 |  0.69 |  0.81
        5291 |  1.26 |  1.10 |  1.05 |  1.11 |  0.90 |  0.69 |  0.81
        5291 |  1.26 |  1.10 |  1.05 |  1.11 |  0.90 |  0.69 |  0.81
        5291 |  1.26 |  1.10 |  1.05 |  1.11 |  0.90 |  0.69 |  0.81
        5291 |  1.26 |  1.10 |  1.05 |  1.11 |  0.90 |  0.69 |  0.81
        5291 |  1.26 |  1.10 |  1.05 |  1.11 |  0.90 |  0.69 |  0.81
        5291 |  1.26 |  1.10 |  1.05 |  1.11 |  0.90 |  0.69 |  0.81
        5291 |  1.26 |  1.10 |  1.05 |  1.11 |  0.90 |  0.69 |  0.81
        5291 |  1.26 |  1.10 |  1.05 |  1.11 |  0.90 |  0.69 |  0.81
        5291 |  1.26 |  1.10 |  1.05 |  1.11 |  0.90 |  0.69 |  0.81
        5291 |  1.26 |  1.10 |  1.05 |  1.11 |  0.90 |  0.69 |  0.81
        5291 |  1.26 |  1.10 |  1.05 |  1.11 |  0.90 |  0.69 |  0.81
        5291 |  1.26 |  1.10 |  1.05 |  1.11 |  0.90 |  0.69 |  0.81
        5291 |  1.26 |  1.10 |  1.05 |  1.11 |  0.90 |  0.69 |  0.81
        5291 |  1.26 |  1.10 |  1.05 |  1.11 |  0.90 |  0.69 |  0.81
        5291 |  1.26 |  1.10 |  1.05 |  1.11 |  0.90 |  0.69 |  0.81
        5291 |  1.26 |  1.10 |  1.05 |  1.11 |  0.90 |  0.69 |  0.81
        5291 |  1.26 |  1.10 |  1.05 |  1.11 |  0.90 |  0.69 |  0.81
        5291 |  1.26 |  1.10 |  1.05 |  1.11 |  0.90 |  0.69 |  0.81
        5291 |  1.26 |  1.10 |  1.05 |  1.11 |  0.90 |  0.69 |  0.81
        5291 |  1.26 |  1.10 |  1.05 |  1.11 |  0.90 |  0.69 |  0.81
        5291 |  1.26 |  1.10 |  1.05 |  1.11 |  0.90 |  0.69 |  0.81
        5291 |  1.26 |  1.10 |  1.05 |  1.11 |  0.90 |  0.69 |  0.81
        5291 |  1.26 |  1.10 |  1.05 |  1.11 |  0.90 |  0.69 |  0.81
        5291 |  1.26 |  1.10 |  1.05 |  1.11 |  0.90 |  0.69 |  0.81
        5291 |  1.26 |  1.10 |  1.05 |  1.11 |  0.90 |  0.69 |  0.81
        5291 |  1.26 |  1.10 |  1.05 |  1.11 |  0.90 |  0.69 |  0.81
        5291 |  1.26 |  1.10 |  1.05 |  1.11 |  0.90 |  0.69 |  0.81
        5291 |  1.26 |  1.10 |  1.05 |  1.11 |  0.90 |  0.69 |  0.81
        5291 |  1.26 |  1.10 |  1.05 |  1.11 |  0.90 |  0.69 |  0.81
        5291 |  1.26 |  1.10 |  1.05 |  1.11 |  0.90 |  0.69 |  0.81
        5291 |  1.26 |  1.10 |  1.05 |  1.11 |  0.90 |  0.69 |  0.81
        5291 |  1.26 |  1.10 |  1.05 |  1.11 |  0.90 |  0.69 |  0.81
        5291 |  1.26 |  1.10 |  1.05 |  1.11 |  0.90 |  0.69 |  0.81
        5291 |  1.26 |  1.10 |  1.05 |  1.11 |  0.90 |  0.69 |  0.81
        5291 |  1.26 |  1.10 |  1.05 |  1.11 |  0.90 |  0.69 |  0.81
        5292 |  1.10 |  0.96 |  1.03 |  0.97 |  0.96 |  1.06 |  1.15
        5292 |  1.10 |  0.96 |  1.03 |  0.97 |  0.96 |  1.06 |  1.15
        5292 |  1.10 |  0.96 |  1.03 |  0.97 |  0.96 |  1.06 |  1.15
        5292 |  1.10 |  0.96 |  1.03 |  0.97 |  0.96 |  1.06 |  1.15
        5292 |  1.10 |  0.96 |  1.03 |  0.97 |  0.96 |  1.06 |  1.15
        5292 |  1.10 |  0.96 |  1.03 |  0.97 |  0.96 |  1.06 |  1.15
        5292 |  1.10 |  0.96 |  1.03 |  0.97 |  0.96 |  1.06 |  1.15
        5292 |  1.10 |  0.96 |  1.03 |  0.97 |  0.96 |  1.06 |  1.15
        5292 |  1.10 |  0.96 |  1.03 |  0.97 |  0.96 |  1.06 |  1.15
        5292 |  1.10 |  0.96 |  1.03 |  0.97 |  0.96 |  1.06 |  1.15
        5292 |  1.10 |  0.96 |  1.03 |  0.97 |  0.96 |  1.06 |  1.15
        5292 |  1.10 |  0.96 |  1.03 |  0.97 |  0.96 |  1.06 |  1.15
        5292 |  1.10 |  0.96 |  1.03 |  0.97 |  0.96 |  1.06 |  1.15
        5292 |  1.10 |  0.96 |  1.03 |  0.97 |  0.96 |  1.06 |  1.15
        5292 |  1.10 |  0.96 |  1.03 |  0.97 |  0.96 |  1.06 |  1.15
        5292 |  1.10 |  0.96 |  1.03 |  0.97 |  0.96 |  1.06 |  1.15
        5292 |  1.10 |  0.96 |  1.03 |  0.97 |  0.96 |  1.06 |  1.15
        5292 |  1.10 |  0.96 |  1.03 |  0.97 |  0.96 |  1.06 |  1.15
        5292 |  1.10 |  0.96 |  1.03 |  0.97 |  0.96 |  1.06 |  1.15
        5292 |  1.10 |  0.96 |  1.03 |  0.97 |  0.96 |  1.06 |  1.15
        5292 |  1.10 |  0.96 |  1.03 |  0.97 |  0.96 |  1.06 |  1.15
        5292 |  1.10 |  0.96 |  1.03 |  0.97 |  0.96 |  1.06 |  1.15
        5292 |  1.10 |  0.96 |  1.03 |  0.97 |  0.96 |  1.06 |  1.15
        5292 |  1.10 |  0.96 |  1.03 |  0.97 |  0.96 |  1.06 |  1.15
        5292 |  1.10 |  0.96 |  1.03 |  0.97 |  0.96 |  1.06 |  1.15
        5292 |  1.10 |  0.96 |  1.03 |  0.97 |  0.96 |  1.06 |  1.15
        5292 |  1.10 |  0.96 |  1.03 |  0.97 |  0.96 |  1.06 |  1.15
        5292 |  1.10 |  0.96 |  1.03 |  0.97 |  0.96 |  1.06 |  1.15
        5292 |  1.10 |  0.96 |  1.03 |  0.97 |  0.96 |  1.06 |  1.15
        5292 |  1.10 |  0.96 |  1.03 |  0.97 |  0.96 |  1.06 |  1.15
        5292 |  1.10 |  0.96 |  1.03 |  0.97 |  0.96 |  1.06 |  1.15
        5292 |  1.10 |  0.96 |  1.03 |  0.97 |  0.96 |  1.06 |  1.15
        5292 |  1.10 |  0.96 |  1.03 |  0.97 |  0.96 |  1.06 |  1.15
        5292 |  1.10 |  0.96 |  1.03 |  0.97 |  0.96 |  1.06 |  1.15
        5292 |  1.10 |  0.96 |  1.03 |  0.97 |  0.96 |  1.06 |  1.15
        5292 |  1.10 |  0.96 |  1.03 |  0.97 |  0.96 |  1.06 |  1.15
        5292 |  1.10 |  0.96 |  1.03 |  0.97 |  0.96 |  1.06 |  1.15
        5292 |  1.10 |  0.96 |  1.03 |  0.97 |  0.96 |  1.06 |  1.15
        5292 |  1.10 |  0.96 |  1.03 |  0.97 |  0.96 |  1.06 |  1.15
        5292 |  1.10 |  0.96 |  1.03 |  0.97 |  0.96 |  1.06 |  1.15
        5292 |  1.10 |  0.96 |  1.03 |  0.97 |  0.96 |  1.06 |  1.15
        5292 |  1.10 |  0.96 |  1.03 |  0.97 |  0.96 |  1.06 |  1.15
        5292 |  1.10 |  0.96 |  1.03 |  0.97 |  0.96 |  1.06 |  1.15
        5292 |  1.10 |  0.96 |  1.03 |  0.97 |  0.96 |  1.06 |  1.15
        5292 |  1.10 |  0.96 |  1.03 |  0.97 |  0.96 |  1.06 |  1.15
        5292 |  1.10 |  0.96 |  1.03 |  0.97 |  0.96 |  1.06 |  1.15
        5292 |  1.10 |  0.96 |  1.03 |  0.97 |  0.96 |  1.06 |  1.15
        5292 |  1.10 |  0.96 |  1.03 |  0.97 |  0.96 |  1.06 |  1.15
        5292 |  1.10 |  0.96 |  1.03 |  0.97 |  0.96 |  1.06 |  1.15
        5293 |  1.34 |  1.01 |  1.08 |  1.10 |  0.97 |  1.06 |  1.07
        5293 |  1.34 |  1.01 |  1.08 |  1.10 |  0.97 |  1.06 |  1.07
        5293 |  1.34 |  1.01 |  1.08 |  1.10 |  0.97 |  1.06 |  1.07
        5293 |  1.34 |  1.01 |  1.08 |  1.10 |  0.97 |  1.06 |  1.07
        5293 |  1.34 |  1.01 |  1.08 |  1.10 |  0.97 |  1.06 |  1.07
        5293 |  1.34 |  1.01 |  1.08 |  1.10 |  0.97 |  1.06 |  1.07
        5293 |  1.34 |  1.01 |  1.08 |  1.10 |  0.97 |  1.06 |  1.07
        5293 |  1.34 |  1.01 |  1.08 |  1.10 |  0.97 |  1.06 |  1.07
        5293 |  1.34 |  1.01 |  1.08 |  1.10 |  0.97 |  1.06 |  1.07
        5293 |  1.34 |  1.01 |  1.08 |  1.10 |  0.97 |  1.06 |  1.07
        5293 |  1.34 |  1.01 |  1.08 |  1.10 |  0.97 |  1.06 |  1.07
        5293 |  1.34 |  1.01 |  1.08 |  1.10 |  0.97 |  1.06 |  1.07
        5293 |  1.34 |  1.01 |  1.08 |  1.10 |  0.97 |  1.06 |  1.07
        5293 |  1.34 |  1.01 |  1.08 |  1.10 |  0.97 |  1.06 |  1.07
        5293 |  1.34 |  1.01 |  1.08 |  1.10 |  0.97 |  1.06 |  1.07
        5293 |  1.34 |  1.01 |  1.08 |  1.10 |  0.97 |  1.06 |  1.07
        5293 |  1.34 |  1.01 |  1.08 |  1.10 |  0.97 |  1.06 |  1.07
        5293 |  1.34 |  1.01 |  1.08 |  1.10 |  0.97 |  1.06 |  1.07
        5293 |  1.34 |  1.01 |  1.08 |  1.10 |  0.97 |  1.06 |  1.07
        5293 |  1.34 |  1.01 |  1.08 |  1.10 |  0.97 |  1.06 |  1.07
        5293 |  1.34 |  1.01 |  1.08 |  1.10 |  0.97 |  1.06 |  1.07
        5293 |  1.34 |  1.01 |  1.08 |  1.10 |  0.97 |  1.06 |  1.07
        5293 |  1.34 |  1.01 |  1.08 |  1.10 |  0.97 |  1.06 |  1.07
        5293 |  1.34 |  1.01 |  1.08 |  1.10 |  0.97 |  1.06 |  1.07
        5293 |  1.34 |  1.01 |  1.08 |  1.10 |  0.97 |  1.06 |  1.07
        5293 |  1.34 |  1.01 |  1.08 |  1.10 |  0.97 |  1.06 |  1.07
        5293 |  1.34 |  1.01 |  1.08 |  1.10 |  0.97 |  1.06 |  1.07
        5293 |  1.34 |  1.01 |  1.08 |  1.10 |  0.97 |  1.06 |  1.07
        5293 |  1.34 |  1.01 |  1.08 |  1.10 |  0.97 |  1.06 |  1.07
        5293 |  1.34 |  1.01 |  1.08 |  1.10 |  0.97 |  1.06 |  1.07
        5293 |  1.34 |  1.01 |  1.08 |  1.10 |  0.97 |  1.06 |  1.07
        5293 |  1.34 |  1.01 |  1.08 |  1.10 |  0.97 |  1.06 |  1.07
        5293 |  1.34 |  1.01 |  1.08 |  1.10 |  0.97 |  1.06 |  1.07
        5293 |  1.34 |  1.01 |  1.08 |  1.10 |  0.97 |  1.06 |  1.07
        5293 |  1.34 |  1.01 |  1.08 |  1.10 |  0.97 |  1.06 |  1.07
        5293 |  1.34 |  1.01 |  1.08 |  1.10 |  0.97 |  1.06 |  1.07
        5293 |  1.34 |  1.01 |  1.08 |  1.10 |  0.97 |  1.06 |  1.07
        5293 |  1.34 |  1.01 |  1.08 |  1.10 |  0.97 |  1.06 |  1.07
        5293 |  1.34 |  1.01 |  1.08 |  1.10 |  0.97 |  1.06 |  1.07
        5293 |  1.34 |  1.01 |  1.08 |  1.10 |  0.97 |  1.06 |  1.07
        5293 |  1.34 |  1.01 |  1.08 |  1.10 |  0.97 |  1.06 |  1.07
        5293 |  1.34 |  1.01 |  1.08 |  1.10 |  0.97 |  1.06 |  1.07
        5293 |  1.34 |  1.01 |  1.08 |  1.10 |  0.97 |  1.06 |  1.07
        5293 |  1.34 |  1.01 |  1.08 |  1.10 |  0.97 |  1.06 |  1.07
        5293 |  1.34 |  1.01 |  1.08 |  1.10 |  0.97 |  1.06 |  1.07
        5293 |  1.34 |  1.01 |  1.08 |  1.10 |  0.97 |  1.06 |  1.07
        5293 |  1.34 |  1.01 |  1.08 |  1.10 |  0.97 |  1.06 |  1.07
        5293 |  1.34 |  1.01 |  1.08 |  1.10 |  0.97 |  1.06 |  1.07
        5293 |  1.34 |  1.01 |  1.08 |  1.10 |  0.97 |  1.06 |  1.07
        5294 |  0.99 |  1.31 |  1.06 |  0.99 |  1.16 |  1.05 |  1.24
        5294 |  0.99 |  1.31 |  1.06 |  0.99 |  1.16 |  1.05 |  1.24
        5294 |  0.99 |  1.31 |  1.06 |  0.99 |  1.16 |  1.05 |  1.24
        5294 |  0.99 |  1.31 |  1.06 |  0.99 |  1.16 |  1.05 |  1.24
        5294 |  0.99 |  1.31 |  1.06 |  0.99 |  1.16 |  1.05 |  1.24
        5294 |  0.99 |  1.31 |  1.06 |  0.99 |  1.16 |  1.05 |  1.24
        5294 |  0.99 |  1.31 |  1.06 |  0.99 |  1.16 |  1.05 |  1.24
        5294 |  0.99 |  1.31 |  1.06 |  0.99 |  1.16 |  1.05 |  1.24
        5294 |  0.99 |  1.31 |  1.06 |  0.99 |  1.16 |  1.05 |  1.24
        5294 |  0.99 |  1.31 |  1.06 |  0.99 |  1.16 |  1.05 |  1.24
        5294 |  0.99 |  1.31 |  1.06 |  0.99 |  1.16 |  1.05 |  1.24
        5294 |  0.99 |  1.31 |  1.06 |  0.99 |  1.16 |  1.05 |  1.24
        5294 |  0.99 |  1.31 |  1.06 |  0.99 |  1.16 |  1.05 |  1.24
        5294 |  0.99 |  1.31 |  1.06 |  0.99 |  1.16 |  1.05 |  1.24
        5294 |  0.99 |  1.31 |  1.06 |  0.99 |  1.16 |  1.05 |  1.24
        5294 |  0.99 |  1.31 |  1.06 |  0.99 |  1.16 |  1.05 |  1.24
        5294 |  0.99 |  1.31 |  1.06 |  0.99 |  1.16 |  1.05 |  1.24
        5294 |  0.99 |  1.31 |  1.06 |  0.99 |  1.16 |  1.05 |  1.24
        5294 |  0.99 |  1.31 |  1.06 |  0.99 |  1.16 |  1.05 |  1.24
        5294 |  0.99 |  1.31 |  1.06 |  0.99 |  1.16 |  1.05 |  1.24
        5294 |  0.99 |  1.31 |  1.06 |  0.99 |  1.16 |  1.05 |  1.24
        5294 |  0.99 |  1.31 |  1.06 |  0.99 |  1.16 |  1.05 |  1.24
        5294 |  0.99 |  1.31 |  1.06 |  0.99 |  1.16 |  1.05 |  1.24
        5294 |  0.99 |  1.31 |  1.06 |  0.99 |  1.16 |  1.05 |  1.24
        5294 |  0.99 |  1.31 |  1.06 |  0.99 |  1.16 |  1.05 |  1.24
        5294 |  0.99 |  1.31 |  1.06 |  0.99 |  1.16 |  1.05 |  1.24
        5294 |  0.99 |  1.31 |  1.06 |  0.99 |  1.16 |  1.05 |  1.24
        5294 |  0.99 |  1.31 |  1.06 |  0.99 |  1.16 |  1.05 |  1.24
        5294 |  0.99 |  1.31 |  1.06 |  0.99 |  1.16 |  1.05 |  1.24
        5294 |  0.99 |  1.31 |  1.06 |  0.99 |  1.16 |  1.05 |  1.24
        5294 |  0.99 |  1.31 |  1.06 |  0.99 |  1.16 |  1.05 |  1.24
        5294 |  0.99 |  1.31 |  1.06 |  0.99 |  1.16 |  1.05 |  1.24
        5294 |  0.99 |  1.31 |  1.06 |  0.99 |  1.16 |  1.05 |  1.24
        5294 |  0.99 |  1.31 |  1.06 |  0.99 |  1.16 |  1.05 |  1.24
        5294 |  0.99 |  1.31 |  1.06 |  0.99 |  1.16 |  1.05 |  1.24
        5294 |  0.99 |  1.31 |  1.06 |  0.99 |  1.16 |  1.05 |  1.24
        5294 |  0.99 |  1.31 |  1.06 |  0.99 |  1.16 |  1.05 |  1.24
        5294 |  0.99 |  1.31 |  1.06 |  0.99 |  1.16 |  1.05 |  1.24
        5294 |  0.99 |  1.31 |  1.06 |  0.99 |  1.16 |  1.05 |  1.24
        5294 |  0.99 |  1.31 |  1.06 |  0.99 |  1.16 |  1.05 |  1.24
        5294 |  0.99 |  1.31 |  1.06 |  0.99 |  1.16 |  1.05 |  1.24
        5294 |  0.99 |  1.31 |  1.06 |  0.99 |  1.16 |  1.05 |  1.24
        5294 |  0.99 |  1.31 |  1.06 |  0.99 |  1.16 |  1.05 |  1.24
        5294 |  0.99 |  1.31 |  1.06 |  0.99 |  1.16 |  1.05 |  1.24
        5294 |  0.99 |  1.31 |  1.06 |  0.99 |  1.16 |  1.05 |  1.24
        5294 |  0.99 |  1.31 |  1.06 |  0.99 |  1.16 |  1.05 |  1.24
        5294 |  0.99 |  1.31 |  1.06 |  0.99 |  1.16 |  1.05 |  1.24
        5294 |  0.99 |  1.31 |  1.06 |  0.99 |  1.16 |  1.05 |  1.24
        5294 |  0.99 |  1.31 |  1.06 |  0.99 |  1.16 |  1.05 |  1.24
        5295 |  0.96 |  1.16 |  0.89 |  1.36 |  1.12 |  0.84 |  1.06
        5295 |  0.96 |  1.16 |  0.89 |  1.36 |  1.12 |  0.84 |  1.06
        5295 |  0.96 |  1.16 |  0.89 |  1.36 |  1.12 |  0.84 |  1.06
        5295 |  0.96 |  1.16 |  0.89 |  1.36 |  1.12 |  0.84 |  1.06
        5295 |  0.96 |  1.16 |  0.89 |  1.36 |  1.12 |  0.84 |  1.06
        5295 |  0.96 |  1.16 |  0.89 |  1.36 |  1.12 |  0.84 |  1.06
        5295 |  0.96 |  1.16 |  0.89 |  1.36 |  1.12 |  0.84 |  1.06
        5295 |  0.96 |  1.16 |  0.89 |  1.36 |  1.12 |  0.84 |  1.06
        5295 |  0.96 |  1.16 |  0.89 |  1.36 |  1.12 |  0.84 |  1.06
        5295 |  0.96 |  1.16 |  0.89 |  1.36 |  1.12 |  0.84 |  1.06
        5295 |  0.96 |  1.16 |  0.89 |  1.36 |  1.12 |  0.84 |  1.06
        5295 |  0.96 |  1.16 |  0.89 |  1.36 |  1.12 |  0.84 |  1.06
        5295 |  0.96 |  1.16 |  0.89 |  1.36 |  1.12 |  0.84 |  1.06
        5295 |  0.96 |  1.16 |  0.89 |  1.36 |  1.12 |  0.84 |  1.06
        5295 |  0.96 |  1.16 |  0.89 |  1.36 |  1.12 |  0.84 |  1.06
        5295 |  0.96 |  1.16 |  0.89 |  1.36 |  1.12 |  0.84 |  1.06
        5295 |  0.96 |  1.16 |  0.89 |  1.36 |  1.12 |  0.84 |  1.06
        5295 |  0.96 |  1.16 |  0.89 |  1.36 |  1.12 |  0.84 |  1.06
        5295 |  0.96 |  1.16 |  0.89 |  1.36 |  1.12 |  0.84 |  1.06
        5295 |  0.96 |  1.16 |  0.89 |  1.36 |  1.12 |  0.84 |  1.06
        5295 |  0.96 |  1.16 |  0.89 |  1.36 |  1.12 |  0.84 |  1.06
        5295 |  0.96 |  1.16 |  0.89 |  1.36 |  1.12 |  0.84 |  1.06
        5295 |  0.96 |  1.16 |  0.89 |  1.36 |  1.12 |  0.84 |  1.06
        5295 |  0.96 |  1.16 |  0.89 |  1.36 |  1.12 |  0.84 |  1.06
        5295 |  0.96 |  1.16 |  0.89 |  1.36 |  1.12 |  0.84 |  1.06
        5295 |  0.96 |  1.16 |  0.89 |  1.36 |  1.12 |  0.84 |  1.06
        5295 |  0.96 |  1.16 |  0.89 |  1.36 |  1.12 |  0.84 |  1.06
        5295 |  0.96 |  1.16 |  0.89 |  1.36 |  1.12 |  0.84 |  1.06
        5295 |  0.96 |  1.16 |  0.89 |  1.36 |  1.12 |  0.84 |  1.06
        5295 |  0.96 |  1.16 |  0.89 |  1.36 |  1.12 |  0.84 |  1.06
        5295 |  0.96 |  1.16 |  0.89 |  1.36 |  1.12 |  0.84 |  1.06
        5295 |  0.96 |  1.16 |  0.89 |  1.36 |  1.12 |  0.84 |  1.06
        5295 |  0.96 |  1.16 |  0.89 |  1.36 |  1.12 |  0.84 |  1.06
        5295 |  0.96 |  1.16 |  0.89 |  1.36 |  1.12 |  0.84 |  1.06
        5295 |  0.96 |  1.16 |  0.89 |  1.36 |  1.12 |  0.84 |  1.06
        5295 |  0.96 |  1.16 |  0.89 |  1.36 |  1.12 |  0.84 |  1.06
        5295 |  0.96 |  1.16 |  0.89 |  1.36 |  1.12 |  0.84 |  1.06
        5295 |  0.96 |  1.16 |  0.89 |  1.36 |  1.12 |  0.84 |  1.06
        5295 |  0.96 |  1.16 |  0.89 |  1.36 |  1.12 |  0.84 |  1.06
        5295 |  0.96 |  1.16 |  0.89 |  1.36 |  1.12 |  0.84 |  1.06
        5295 |  0.96 |  1.16 |  0.89 |  1.36 |  1.12 |  0.84 |  1.06
        5295 |  0.96 |  1.16 |  0.89 |  1.36 |  1.12 |  0.84 |  1.06
        5295 |  0.96 |  1.16 |  0.89 |  1.36 |  1.12 |  0.84 |  1.06
        5295 |  0.96 |  1.16 |  0.89 |  1.36 |  1.12 |  0.84 |  1.06
        5295 |  0.96 |  1.16 |  0.89 |  1.36 |  1.12 |  0.84 |  1.06
        5295 |  0.96 |  1.16 |  0.89 |  1.36 |  1.12 |  0.84 |  1.06
        5295 |  0.96 |  1.16 |  0.89 |  1.36 |  1.12 |  0.84 |  1.06
        5295 |  0.96 |  1.16 |  0.89 |  1.36 |  1.12 |  0.84 |  1.06
        5295 |  0.96 |  1.16 |  0.89 |  1.36 |  1.12 |  0.84 |  1.06
        5296 |  1.19 |  0.86 |  0.99 |  0.98 |  0.95 |  1.03 |  0.87
        5296 |  1.19 |  0.86 |  0.99 |  0.98 |  0.95 |  1.03 |  0.87
        5296 |  1.19 |  0.86 |  0.99 |  0.98 |  0.95 |  1.03 |  0.87
        5296 |  1.19 |  0.86 |  0.99 |  0.98 |  0.95 |  1.03 |  0.87
        5296 |  1.19 |  0.86 |  0.99 |  0.98 |  0.95 |  1.03 |  0.87
        5296 |  1.19 |  0.86 |  0.99 |  0.98 |  0.95 |  1.03 |  0.87
        5296 |  1.19 |  0.86 |  0.99 |  0.98 |  0.95 |  1.03 |  0.87
        5296 |  1.19 |  0.86 |  0.99 |  0.98 |  0.95 |  1.03 |  0.87
        5296 |  1.19 |  0.86 |  0.99 |  0.98 |  0.95 |  1.03 |  0.87
        5296 |  1.19 |  0.86 |  0.99 |  0.98 |  0.95 |  1.03 |  0.87
        5296 |  1.19 |  0.86 |  0.99 |  0.98 |  0.95 |  1.03 |  0.87
        5296 |  1.19 |  0.86 |  0.99 |  0.98 |  0.95 |  1.03 |  0.87
        5296 |  1.19 |  0.86 |  0.99 |  0.98 |  0.95 |  1.03 |  0.87
        5296 |  1.19 |  0.86 |  0.99 |  0.98 |  0.95 |  1.03 |  0.87
        5296 |  1.19 |  0.86 |  0.99 |  0.98 |  0.95 |  1.03 |  0.87
        5296 |  1.19 |  0.86 |  0.99 |  0.98 |  0.95 |  1.03 |  0.87
        5296 |  1.19 |  0.86 |  0.99 |  0.98 |  0.95 |  1.03 |  0.87
        5296 |  1.19 |  0.86 |  0.99 |  0.98 |  0.95 |  1.03 |  0.87
        5296 |  1.19 |  0.86 |  0.99 |  0.98 |  0.95 |  1.03 |  0.87
        5296 |  1.19 |  0.86 |  0.99 |  0.98 |  0.95 |  1.03 |  0.87
        5296 |  1.19 |  0.86 |  0.99 |  0.98 |  0.95 |  1.03 |  0.87
        5296 |  1.19 |  0.86 |  0.99 |  0.98 |  0.95 |  1.03 |  0.87
        5296 |  1.19 |  0.86 |  0.99 |  0.98 |  0.95 |  1.03 |  0.87
        5296 |  1.19 |  0.86 |  0.99 |  0.98 |  0.95 |  1.03 |  0.87
        5296 |  1.19 |  0.86 |  0.99 |  0.98 |  0.95 |  1.03 |  0.87
        5296 |  1.19 |  0.86 |  0.99 |  0.98 |  0.95 |  1.03 |  0.87
        5296 |  1.19 |  0.86 |  0.99 |  0.98 |  0.95 |  1.03 |  0.87
        5296 |  1.19 |  0.86 |  0.99 |  0.98 |  0.95 |  1.03 |  0.87
        5296 |  1.19 |  0.86 |  0.99 |  0.98 |  0.95 |  1.03 |  0.87
        5296 |  1.19 |  0.86 |  0.99 |  0.98 |  0.95 |  1.03 |  0.87
        5296 |  1.19 |  0.86 |  0.99 |  0.98 |  0.95 |  1.03 |  0.87
        5296 |  1.19 |  0.86 |  0.99 |  0.98 |  0.95 |  1.03 |  0.87
        5296 |  1.19 |  0.86 |  0.99 |  0.98 |  0.95 |  1.03 |  0.87
        5296 |  1.19 |  0.86 |  0.99 |  0.98 |  0.95 |  1.03 |  0.87
        5296 |  1.19 |  0.86 |  0.99 |  0.98 |  0.95 |  1.03 |  0.87
        5296 |  1.19 |  0.86 |  0.99 |  0.98 |  0.95 |  1.03 |  0.87
        5296 |  1.19 |  0.86 |  0.99 |  0.98 |  0.95 |  1.03 |  0.87
        5296 |  1.19 |  0.86 |  0.99 |  0.98 |  0.95 |  1.03 |  0.87
        5296 |  1.19 |  0.86 |  0.99 |  0.98 |  0.95 |  1.03 |  0.87
        5296 |  1.19 |  0.86 |  0.99 |  0.98 |  0.95 |  1.03 |  0.87
        5296 |  1.19 |  0.86 |  0.99 |  0.98 |  0.95 |  1.03 |  0.87
        5296 |  1.19 |  0.86 |  0.99 |  0.98 |  0.95 |  1.03 |  0.87
        5296 |  1.19 |  0.86 |  0.99 |  0.98 |  0.95 |  1.03 |  0.87
        5296 |  1.19 |  0.86 |  0.99 |  0.98 |  0.95 |  1.03 |  0.87
        5296 |  1.19 |  0.86 |  0.99 |  0.98 |  0.95 |  1.03 |  0.87
        5296 |  1.19 |  0.86 |  0.99 |  0.98 |  0.95 |  1.03 |  0.87
        5296 |  1.19 |  0.86 |  0.99 |  0.98 |  0.95 |  1.03 |  0.87
        5296 |  1.19 |  0.86 |  0.99 |  0.98 |  0.95 |  1.03 |  0.87
        5296 |  1.19 |  0.86 |  0.99 |  0.98 |  0.95 |  1.03 |  0.87
        5297 |  1.01 |  1.20 |  0.79 |  0.98 |  1.04 |  0.98 |  1.25
        5297 |  1.01 |  1.20 |  0.79 |  0.98 |  1.04 |  0.98 |  1.25
        5297 |  1.01 |  1.20 |  0.79 |  0.98 |  1.04 |  0.98 |  1.25
        5297 |  1.01 |  1.20 |  0.79 |  0.98 |  1.04 |  0.98 |  1.25
        5297 |  1.01 |  1.20 |  0.79 |  0.98 |  1.04 |  0.98 |  1.25
        5297 |  1.01 |  1.20 |  0.79 |  0.98 |  1.04 |  0.98 |  1.25
        5297 |  1.01 |  1.20 |  0.79 |  0.98 |  1.04 |  0.98 |  1.25
        5297 |  1.01 |  1.20 |  0.79 |  0.98 |  1.04 |  0.98 |  1.25
        5297 |  1.01 |  1.20 |  0.79 |  0.98 |  1.04 |  0.98 |  1.25
        5297 |  1.01 |  1.20 |  0.79 |  0.98 |  1.04 |  0.98 |  1.25
        5297 |  1.01 |  1.20 |  0.79 |  0.98 |  1.04 |  0.98 |  1.25
        5297 |  1.01 |  1.20 |  0.79 |  0.98 |  1.04 |  0.98 |  1.25
        5297 |  1.01 |  1.20 |  0.79 |  0.98 |  1.04 |  0.98 |  1.25
        5297 |  1.01 |  1.20 |  0.79 |  0.98 |  1.04 |  0.98 |  1.25
        5297 |  1.01 |  1.20 |  0.79 |  0.98 |  1.04 |  0.98 |  1.25
        5297 |  1.01 |  1.20 |  0.79 |  0.98 |  1.04 |  0.98 |  1.25
        5297 |  1.01 |  1.20 |  0.79 |  0.98 |  1.04 |  0.98 |  1.25
        5297 |  1.01 |  1.20 |  0.79 |  0.98 |  1.04 |  0.98 |  1.25
        5297 |  1.01 |  1.20 |  0.79 |  0.98 |  1.04 |  0.98 |  1.25
        5297 |  1.01 |  1.20 |  0.79 |  0.98 |  1.04 |  0.98 |  1.25
        5297 |  1.01 |  1.20 |  0.79 |  0.98 |  1.04 |  0.98 |  1.25
        5297 |  1.01 |  1.20 |  0.79 |  0.98 |  1.04 |  0.98 |  1.25
        5297 |  1.01 |  1.20 |  0.79 |  0.98 |  1.04 |  0.98 |  1.25
        5297 |  1.01 |  1.20 |  0.79 |  0.98 |  1.04 |  0.98 |  1.25
        5297 |  1.01 |  1.20 |  0.79 |  0.98 |  1.04 |  0.98 |  1.25
        5297 |  1.01 |  1.20 |  0.79 |  0.98 |  1.04 |  0.98 |  1.25
        5297 |  1.01 |  1.20 |  0.79 |  0.98 |  1.04 |  0.98 |  1.25
        5297 |  1.01 |  1.20 |  0.79 |  0.98 |  1.04 |  0.98 |  1.25
        5297 |  1.01 |  1.20 |  0.79 |  0.98 |  1.04 |  0.98 |  1.25
        5297 |  1.01 |  1.20 |  0.79 |  0.98 |  1.04 |  0.98 |  1.25
        5297 |  1.01 |  1.20 |  0.79 |  0.98 |  1.04 |  0.98 |  1.25
        5297 |  1.01 |  1.20 |  0.79 |  0.98 |  1.04 |  0.98 |  1.25
        5297 |  1.01 |  1.20 |  0.79 |  0.98 |  1.04 |  0.98 |  1.25
        5297 |  1.01 |  1.20 |  0.79 |  0.98 |  1.04 |  0.98 |  1.25
        5297 |  1.01 |  1.20 |  0.79 |  0.98 |  1.04 |  0.98 |  1.25
        5297 |  1.01 |  1.20 |  0.79 |  0.98 |  1.04 |  0.98 |  1.25
        5297 |  1.01 |  1.20 |  0.79 |  0.98 |  1.04 |  0.98 |  1.25
        5297 |  1.01 |  1.20 |  0.79 |  0.98 |  1.04 |  0.98 |  1.25
        5297 |  1.01 |  1.20 |  0.79 |  0.98 |  1.04 |  0.98 |  1.25
        5297 |  1.01 |  1.20 |  0.79 |  0.98 |  1.04 |  0.98 |  1.25
        5297 |  1.01 |  1.20 |  0.79 |  0.98 |  1.04 |  0.98 |  1.25
        5297 |  1.01 |  1.20 |  0.79 |  0.98 |  1.04 |  0.98 |  1.25
        5297 |  1.01 |  1.20 |  0.79 |  0.98 |  1.04 |  0.98 |  1.25
        5297 |  1.01 |  1.20 |  0.79 |  0.98 |  1.04 |  0.98 |  1.25
        5297 |  1.01 |  1.20 |  0.79 |  0.98 |  1.04 |  0.98 |  1.25
        5297 |  1.01 |  1.20 |  0.79 |  0.98 |  1.04 |  0.98 |  1.25
        5297 |  1.01 |  1.20 |  0.79 |  0.98 |  1.04 |  0.98 |  1.25
        5297 |  1.01 |  1.20 |  0.79 |  0.98 |  1.04 |  0.98 |  1.25
        5297 |  1.01 |  1.20 |  0.79 |  0.98 |  1.04 |  0.98 |  1.25
        5298 |  1.02 |  1.15 |  0.96 |  1.26 |  0.89 |  1.27 |  0.83
        5298 |  1.02 |  1.15 |  0.96 |  1.26 |  0.89 |  1.27 |  0.83
        5298 |  1.02 |  1.15 |  0.96 |  1.26 |  0.89 |  1.27 |  0.83
        5298 |  1.02 |  1.15 |  0.96 |  1.26 |  0.89 |  1.27 |  0.83
        5298 |  1.02 |  1.15 |  0.96 |  1.26 |  0.89 |  1.27 |  0.83
        5298 |  1.02 |  1.15 |  0.96 |  1.26 |  0.89 |  1.27 |  0.83
        5298 |  1.02 |  1.15 |  0.96 |  1.26 |  0.89 |  1.27 |  0.83
        5298 |  1.02 |  1.15 |  0.96 |  1.26 |  0.89 |  1.27 |  0.83
        5298 |  1.02 |  1.15 |  0.96 |  1.26 |  0.89 |  1.27 |  0.83
        5298 |  1.02 |  1.15 |  0.96 |  1.26 |  0.89 |  1.27 |  0.83
        5298 |  1.02 |  1.15 |  0.96 |  1.26 |  0.89 |  1.27 |  0.83
        5298 |  1.02 |  1.15 |  0.96 |  1.26 |  0.89 |  1.27 |  0.83
        5298 |  1.02 |  1.15 |  0.96 |  1.26 |  0.89 |  1.27 |  0.83
        5298 |  1.02 |  1.15 |  0.96 |  1.26 |  0.89 |  1.27 |  0.83
        5298 |  1.02 |  1.15 |  0.96 |  1.26 |  0.89 |  1.27 |  0.83
        5298 |  1.02 |  1.15 |  0.96 |  1.26 |  0.89 |  1.27 |  0.83
        5298 |  1.02 |  1.15 |  0.96 |  1.26 |  0.89 |  1.27 |  0.83
        5298 |  1.02 |  1.15 |  0.96 |  1.26 |  0.89 |  1.27 |  0.83
        5298 |  1.02 |  1.15 |  0.96 |  1.26 |  0.89 |  1.27 |  0.83
        5298 |  1.02 |  1.15 |  0.96 |  1.26 |  0.89 |  1.27 |  0.83
        5298 |  1.02 |  1.15 |  0.96 |  1.26 |  0.89 |  1.27 |  0.83
        5298 |  1.02 |  1.15 |  0.96 |  1.26 |  0.89 |  1.27 |  0.83
        5298 |  1.02 |  1.15 |  0.96 |  1.26 |  0.89 |  1.27 |  0.83
        5298 |  1.02 |  1.15 |  0.96 |  1.26 |  0.89 |  1.27 |  0.83
        5298 |  1.02 |  1.15 |  0.96 |  1.26 |  0.89 |  1.27 |  0.83
        5298 |  1.02 |  1.15 |  0.96 |  1.26 |  0.89 |  1.27 |  0.83
        5298 |  1.02 |  1.15 |  0.96 |  1.26 |  0.89 |  1.27 |  0.83
        5298 |  1.02 |  1.15 |  0.96 |  1.26 |  0.89 |  1.27 |  0.83
        5298 |  1.02 |  1.15 |  0.96 |  1.26 |  0.89 |  1.27 |  0.83
        5298 |  1.02 |  1.15 |  0.96 |  1.26 |  0.89 |  1.27 |  0.83
        5298 |  1.02 |  1.15 |  0.96 |  1.26 |  0.89 |  1.27 |  0.83
        5298 |  1.02 |  1.15 |  0.96 |  1.26 |  0.89 |  1.27 |  0.83
        5298 |  1.02 |  1.15 |  0.96 |  1.26 |  0.89 |  1.27 |  0.83
        5298 |  1.02 |  1.15 |  0.96 |  1.26 |  0.89 |  1.27 |  0.83
        5298 |  1.02 |  1.15 |  0.96 |  1.26 |  0.89 |  1.27 |  0.83
        5298 |  1.02 |  1.15 |  0.96 |  1.26 |  0.89 |  1.27 |  0.83
        5298 |  1.02 |  1.15 |  0.96 |  1.26 |  0.89 |  1.27 |  0.83
        5298 |  1.02 |  1.15 |  0.96 |  1.26 |  0.89 |  1.27 |  0.83
        5298 |  1.02 |  1.15 |  0.96 |  1.26 |  0.89 |  1.27 |  0.83
        5298 |  1.02 |  1.15 |  0.96 |  1.26 |  0.89 |  1.27 |  0.83
        5298 |  1.02 |  1.15 |  0.96 |  1.26 |  0.89 |  1.27 |  0.83
        5298 |  1.02 |  1.15 |  0.96 |  1.26 |  0.89 |  1.27 |  0.83
        5298 |  1.02 |  1.15 |  0.96 |  1.26 |  0.89 |  1.27 |  0.83
        5298 |  1.02 |  1.15 |  0.96 |  1.26 |  0.89 |  1.27 |  0.83
        5298 |  1.02 |  1.15 |  0.96 |  1.26 |  0.89 |  1.27 |  0.83
        5298 |  1.02 |  1.15 |  0.96 |  1.26 |  0.89 |  1.27 |  0.83
        5298 |  1.02 |  1.15 |  0.96 |  1.26 |  0.89 |  1.27 |  0.83
        5298 |  1.02 |  1.15 |  0.96 |  1.26 |  0.89 |  1.27 |  0.83
        5298 |  1.02 |  1.15 |  0.96 |  1.26 |  0.89 |  1.27 |  0.83
        5299 |  1.18 |  0.88 |  1.17 |  0.96 |  1.13 |  0.79 |  0.88
        5299 |  1.18 |  0.88 |  1.17 |  0.96 |  1.13 |  0.79 |  0.88
        5299 |  1.18 |  0.88 |  1.17 |  0.96 |  1.13 |  0.79 |  0.88
        5299 |  1.18 |  0.88 |  1.17 |  0.96 |  1.13 |  0.79 |  0.88
        5299 |  1.18 |  0.88 |  1.17 |  0.96 |  1.13 |  0.79 |  0.88
        5299 |  1.18 |  0.88 |  1.17 |  0.96 |  1.13 |  0.79 |  0.88
        5299 |  1.18 |  0.88 |  1.17 |  0.96 |  1.13 |  0.79 |  0.88
        5299 |  1.18 |  0.88 |  1.17 |  0.96 |  1.13 |  0.79 |  0.88
        5299 |  1.18 |  0.88 |  1.17 |  0.96 |  1.13 |  0.79 |  0.88
        5299 |  1.18 |  0.88 |  1.17 |  0.96 |  1.13 |  0.79 |  0.88
        5299 |  1.18 |  0.88 |  1.17 |  0.96 |  1.13 |  0.79 |  0.88
        5299 |  1.18 |  0.88 |  1.17 |  0.96 |  1.13 |  0.79 |  0.88
        5299 |  1.18 |  0.88 |  1.17 |  0.96 |  1.13 |  0.79 |  0.88
        5299 |  1.18 |  0.88 |  1.17 |  0.96 |  1.13 |  0.79 |  0.88
        5299 |  1.18 |  0.88 |  1.17 |  0.96 |  1.13 |  0.79 |  0.88
        5299 |  1.18 |  0.88 |  1.17 |  0.96 |  1.13 |  0.79 |  0.88
        5299 |  1.18 |  0.88 |  1.17 |  0.96 |  1.13 |  0.79 |  0.88
        5299 |  1.18 |  0.88 |  1.17 |  0.96 |  1.13 |  0.79 |  0.88
        5299 |  1.18 |  0.88 |  1.17 |  0.96 |  1.13 |  0.79 |  0.88
        5299 |  1.18 |  0.88 |  1.17 |  0.96 |  1.13 |  0.79 |  0.88
        5299 |  1.18 |  0.88 |  1.17 |  0.96 |  1.13 |  0.79 |  0.88
        5299 |  1.18 |  0.88 |  1.17 |  0.96 |  1.13 |  0.79 |  0.88
        5299 |  1.18 |  0.88 |  1.17 |  0.96 |  1.13 |  0.79 |  0.88
        5299 |  1.18 |  0.88 |  1.17 |  0.96 |  1.13 |  0.79 |  0.88
        5299 |  1.18 |  0.88 |  1.17 |  0.96 |  1.13 |  0.79 |  0.88
        5299 |  1.18 |  0.88 |  1.17 |  0.96 |  1.13 |  0.79 |  0.88
        5299 |  1.18 |  0.88 |  1.17 |  0.96 |  1.13 |  0.79 |  0.88
        5299 |  1.18 |  0.88 |  1.17 |  0.96 |  1.13 |  0.79 |  0.88
        5299 |  1.18 |  0.88 |  1.17 |  0.96 |  1.13 |  0.79 |  0.88
        5299 |  1.18 |  0.88 |  1.17 |  0.96 |  1.13 |  0.79 |  0.88
        5299 |  1.18 |  0.88 |  1.17 |  0.96 |  1.13 |  0.79 |  0.88
        5299 |  1.18 |  0.88 |  1.17 |  0.96 |  1.13 |  0.79 |  0.88
        5299 |  1.18 |  0.88 |  1.17 |  0.96 |  1.13 |  0.79 |  0.88
        5299 |  1.18 |  0.88 |  1.17 |  0.96 |  1.13 |  0.79 |  0.88
        5299 |  1.18 |  0.88 |  1.17 |  0.96 |  1.13 |  0.79 |  0.88
        5299 |  1.18 |  0.88 |  1.17 |  0.96 |  1.13 |  0.79 |  0.88
        5299 |  1.18 |  0.88 |  1.17 |  0.96 |  1.13 |  0.79 |  0.88
        5299 |  1.18 |  0.88 |  1.17 |  0.96 |  1.13 |  0.79 |  0.88
        5299 |  1.18 |  0.88 |  1.17 |  0.96 |  1.13 |  0.79 |  0.88
        5299 |  1.18 |  0.88 |  1.17 |  0.96 |  1.13 |  0.79 |  0.88
        5299 |  1.18 |  0.88 |  1.17 |  0.96 |  1.13 |  0.79 |  0.88
        5299 |  1.18 |  0.88 |  1.17 |  0.96 |  1.13 |  0.79 |  0.88
        5299 |  1.18 |  0.88 |  1.17 |  0.96 |  1.13 |  0.79 |  0.88
        5299 |  1.18 |  0.88 |  1.17 |  0.96 |  1.13 |  0.79 |  0.88
        5299 |  1.18 |  0.88 |  1.17 |  0.96 |  1.13 |  0.79 |  0.88
        5299 |  1.18 |  0.88 |  1.17 |  0.96 |  1.13 |  0.79 |  0.88
        5299 |  1.18 |  0.88 |  1.17 |  0.96 |  1.13 |  0.79 |  0.88
        5299 |  1.18 |  0.88 |  1.17 |  0.96 |  1.13 |  0.79 |  0.88
        5299 |  1.18 |  0.88 |  1.17 |  0.96 |  1.13 |  0.79 |  0.88
        5300 |  0.45 |  0.38 |  0.93 |  0.87 |  1.15 |  0.51 |  0.47
        5300 |  0.45 |  0.38 |  0.93 |  0.87 |  1.15 |  0.51 |  0.47
        5300 |  0.45 |  0.38 |  0.93 |  0.87 |  1.15 |  0.51 |  0.47
        5300 |  0.45 |  0.38 |  0.93 |  0.87 |  1.15 |  0.51 |  0.47
        5300 |  0.45 |  0.38 |  0.93 |  0.87 |  1.15 |  0.51 |  0.47
        5300 |  0.45 |  0.38 |  0.93 |  0.87 |  1.15 |  0.51 |  0.47
        5300 |  0.45 |  0.38 |  0.93 |  0.87 |  1.15 |  0.51 |  0.47
        5300 |  0.45 |  0.38 |  0.93 |  0.87 |  1.15 |  0.51 |  0.47
        5300 |  0.45 |  0.38 |  0.93 |  0.87 |  1.15 |  0.51 |  0.47
        5300 |  0.45 |  0.38 |  0.93 |  0.87 |  1.15 |  0.51 |  0.47
        5300 |  0.45 |  0.38 |  0.93 |  0.87 |  1.15 |  0.51 |  0.47
        5300 |  0.45 |  0.38 |  0.93 |  0.87 |  1.15 |  0.51 |  0.47
        5300 |  0.45 |  0.38 |  0.93 |  0.87 |  1.15 |  0.51 |  0.47
        5300 |  0.45 |  0.38 |  0.93 |  0.87 |  1.15 |  0.51 |  0.47
        5300 |  0.45 |  0.38 |  0.93 |  0.87 |  1.15 |  0.51 |  0.47
        5300 |  0.45 |  0.38 |  0.93 |  0.87 |  1.15 |  0.51 |  0.47
        5300 |  0.45 |  0.38 |  0.93 |  0.87 |  1.15 |  0.51 |  0.47
        5300 |  0.45 |  0.38 |  0.93 |  0.87 |  1.15 |  0.51 |  0.47
        5300 |  0.45 |  0.38 |  0.93 |  0.87 |  1.15 |  0.51 |  0.47
        5300 |  0.45 |  0.38 |  0.93 |  0.87 |  1.15 |  0.51 |  0.47
        5300 |  0.45 |  0.38 |  0.93 |  0.87 |  1.15 |  0.51 |  0.47
        5300 |  0.45 |  0.38 |  0.93 |  0.87 |  1.15 |  0.51 |  0.47
        5300 |  0.45 |  0.38 |  0.93 |  0.87 |  1.15 |  0.51 |  0.47
        5300 |  0.45 |  0.38 |  0.93 |  0.87 |  1.15 |  0.51 |  0.47
        5300 |  0.45 |  0.38 |  0.93 |  0.87 |  1.15 |  0.51 |  0.47
        5300 |  0.45 |  0.38 |  0.93 |  0.87 |  1.15 |  0.51 |  0.47
        5300 |  0.45 |  0.38 |  0.93 |  0.87 |  1.15 |  0.51 |  0.47
        5300 |  0.45 |  0.38 |  0.93 |  0.87 |  1.15 |  0.51 |  0.47
        5300 |  0.45 |  0.38 |  0.93 |  0.87 |  1.15 |  0.51 |  0.47
        5300 |  0.45 |  0.38 |  0.93 |  0.87 |  1.15 |  0.51 |  0.47
        5300 |  0.45 |  0.38 |  0.93 |  0.87 |  1.15 |  0.51 |  0.47
        5300 |  0.45 |  0.38 |  0.93 |  0.87 |  1.15 |  0.51 |  0.47
        5300 |  0.45 |  0.38 |  0.93 |  0.87 |  1.15 |  0.51 |  0.47
        5300 |  0.45 |  0.38 |  0.93 |  0.87 |  1.15 |  0.51 |  0.47
        5300 |  0.45 |  0.38 |  0.93 |  0.87 |  1.15 |  0.51 |  0.47
        5300 |  0.45 |  0.38 |  0.93 |  0.87 |  1.15 |  0.51 |  0.47
        5300 |  0.45 |  0.38 |  0.93 |  0.87 |  1.15 |  0.51 |  0.47
        5300 |  0.45 |  0.38 |  0.93 |  0.87 |  1.15 |  0.51 |  0.47
        5300 |  0.45 |  0.38 |  0.93 |  0.87 |  1.15 |  0.51 |  0.47
        5300 |  0.45 |  0.38 |  0.93 |  0.87 |  1.15 |  0.51 |  0.47
        5300 |  0.45 |  0.38 |  0.93 |  0.87 |  1.15 |  0.51 |  0.47
        5300 |  0.45 |  0.38 |  0.93 |  0.87 |  1.15 |  0.51 |  0.47
        5300 |  0.45 |  0.38 |  0.93 |  0.87 |  1.15 |  0.51 |  0.47
        5300 |  0.45 |  0.38 |  0.93 |  0.87 |  1.15 |  0.51 |  0.47
        5300 |  0.45 |  0.38 |  0.93 |  0.87 |  1.15 |  0.51 |  0.47
        5300 |  0.45 |  0.38 |  0.93 |  0.87 |  1.15 |  0.51 |  0.47
        5300 |  0.45 |  0.38 |  0.93 |  0.87 |  1.15 |  0.51 |  0.47
        5300 |  0.45 |  0.38 |  0.93 |  0.87 |  1.15 |  0.51 |  0.47
        5300 |  0.45 |  0.38 |  0.93 |  0.87 |  1.15 |  0.51 |  0.47
        5301 |  0.91 |  1.09 |  0.54 |  0.50 |  1.00 |  1.06 |  0.98
        5301 |  0.91 |  1.09 |  0.54 |  0.50 |  1.00 |  1.06 |  0.98
        5301 |  0.91 |  1.09 |  0.54 |  0.50 |  1.00 |  1.06 |  0.98
        5301 |  0.91 |  1.09 |  0.54 |  0.50 |  1.00 |  1.06 |  0.98
        5301 |  0.91 |  1.09 |  0.54 |  0.50 |  1.00 |  1.06 |  0.98
        5301 |  0.91 |  1.09 |  0.54 |  0.50 |  1.00 |  1.06 |  0.98
        5301 |  0.91 |  1.09 |  0.54 |  0.50 |  1.00 |  1.06 |  0.98
        5301 |  0.91 |  1.09 |  0.54 |  0.50 |  1.00 |  1.06 |  0.98
        5301 |  0.91 |  1.09 |  0.54 |  0.50 |  1.00 |  1.06 |  0.98
        5301 |  0.91 |  1.09 |  0.54 |  0.50 |  1.00 |  1.06 |  0.98
        5301 |  0.91 |  1.09 |  0.54 |  0.50 |  1.00 |  1.06 |  0.98
        5301 |  0.91 |  1.09 |  0.54 |  0.50 |  1.00 |  1.06 |  0.98
        5301 |  0.91 |  1.09 |  0.54 |  0.50 |  1.00 |  1.06 |  0.98
        5301 |  0.91 |  1.09 |  0.54 |  0.50 |  1.00 |  1.06 |  0.98
        5301 |  0.91 |  1.09 |  0.54 |  0.50 |  1.00 |  1.06 |  0.98
        5301 |  0.91 |  1.09 |  0.54 |  0.50 |  1.00 |  1.06 |  0.98
        5301 |  0.91 |  1.09 |  0.54 |  0.50 |  1.00 |  1.06 |  0.98
        5301 |  0.91 |  1.09 |  0.54 |  0.50 |  1.00 |  1.06 |  0.98
        5301 |  0.91 |  1.09 |  0.54 |  0.50 |  1.00 |  1.06 |  0.98
        5301 |  0.91 |  1.09 |  0.54 |  0.50 |  1.00 |  1.06 |  0.98
        5301 |  0.91 |  1.09 |  0.54 |  0.50 |  1.00 |  1.06 |  0.98
        5301 |  0.91 |  1.09 |  0.54 |  0.50 |  1.00 |  1.06 |  0.98
        5301 |  0.91 |  1.09 |  0.54 |  0.50 |  1.00 |  1.06 |  0.98
        5301 |  0.91 |  1.09 |  0.54 |  0.50 |  1.00 |  1.06 |  0.98
        5301 |  0.91 |  1.09 |  0.54 |  0.50 |  1.00 |  1.06 |  0.98
        5301 |  0.91 |  1.09 |  0.54 |  0.50 |  1.00 |  1.06 |  0.98
        5301 |  0.91 |  1.09 |  0.54 |  0.50 |  1.00 |  1.06 |  0.98
        5301 |  0.91 |  1.09 |  0.54 |  0.50 |  1.00 |  1.06 |  0.98
        5301 |  0.91 |  1.09 |  0.54 |  0.50 |  1.00 |  1.06 |  0.98
        5301 |  0.91 |  1.09 |  0.54 |  0.50 |  1.00 |  1.06 |  0.98
        5301 |  0.91 |  1.09 |  0.54 |  0.50 |  1.00 |  1.06 |  0.98
        5301 |  0.91 |  1.09 |  0.54 |  0.50 |  1.00 |  1.06 |  0.98
        5301 |  0.91 |  1.09 |  0.54 |  0.50 |  1.00 |  1.06 |  0.98
        5301 |  0.91 |  1.09 |  0.54 |  0.50 |  1.00 |  1.06 |  0.98
        5301 |  0.91 |  1.09 |  0.54 |  0.50 |  1.00 |  1.06 |  0.98
        5301 |  0.91 |  1.09 |  0.54 |  0.50 |  1.00 |  1.06 |  0.98
        5301 |  0.91 |  1.09 |  0.54 |  0.50 |  1.00 |  1.06 |  0.98
        5301 |  0.91 |  1.09 |  0.54 |  0.50 |  1.00 |  1.06 |  0.98
        5301 |  0.91 |  1.09 |  0.54 |  0.50 |  1.00 |  1.06 |  0.98
        5301 |  0.91 |  1.09 |  0.54 |  0.50 |  1.00 |  1.06 |  0.98
        5301 |  0.91 |  1.09 |  0.54 |  0.50 |  1.00 |  1.06 |  0.98
        5301 |  0.91 |  1.09 |  0.54 |  0.50 |  1.00 |  1.06 |  0.98
        5301 |  0.91 |  1.09 |  0.54 |  0.50 |  1.00 |  1.06 |  0.98
        5301 |  0.91 |  1.09 |  0.54 |  0.50 |  1.00 |  1.06 |  0.98
        5301 |  0.91 |  1.09 |  0.54 |  0.50 |  1.00 |  1.06 |  0.98
        5301 |  0.91 |  1.09 |  0.54 |  0.50 |  1.00 |  1.06 |  0.98
        5301 |  0.91 |  1.09 |  0.54 |  0.50 |  1.00 |  1.06 |  0.98
        5301 |  0.91 |  1.09 |  0.54 |  0.50 |  1.00 |  1.06 |  0.98
        5301 |  0.91 |  1.09 |  0.54 |  0.50 |  1.00 |  1.06 |  0.98
        5302 |  1.02 |  1.05 |  0.92 |  1.04 |  0.89 |  0.94 |  1.04
        5302 |  1.02 |  1.05 |  0.92 |  1.04 |  0.89 |  0.94 |  1.04
        5302 |  1.02 |  1.05 |  0.92 |  1.04 |  0.89 |  0.94 |  1.04
        5302 |  1.02 |  1.05 |  0.92 |  1.04 |  0.89 |  0.94 |  1.04
        5302 |  1.02 |  1.05 |  0.92 |  1.04 |  0.89 |  0.94 |  1.04
        5302 |  1.02 |  1.05 |  0.92 |  1.04 |  0.89 |  0.94 |  1.04
        5302 |  1.02 |  1.05 |  0.92 |  1.04 |  0.89 |  0.94 |  1.04
        5302 |  1.02 |  1.05 |  0.92 |  1.04 |  0.89 |  0.94 |  1.04
        5302 |  1.02 |  1.05 |  0.92 |  1.04 |  0.89 |  0.94 |  1.04
        5302 |  1.02 |  1.05 |  0.92 |  1.04 |  0.89 |  0.94 |  1.04
        5302 |  1.02 |  1.05 |  0.92 |  1.04 |  0.89 |  0.94 |  1.04
        5302 |  1.02 |  1.05 |  0.92 |  1.04 |  0.89 |  0.94 |  1.04
        5302 |  1.02 |  1.05 |  0.92 |  1.04 |  0.89 |  0.94 |  1.04
        5302 |  1.02 |  1.05 |  0.92 |  1.04 |  0.89 |  0.94 |  1.04
        5302 |  1.02 |  1.05 |  0.92 |  1.04 |  0.89 |  0.94 |  1.04
        5302 |  1.02 |  1.05 |  0.92 |  1.04 |  0.89 |  0.94 |  1.04
        5302 |  1.02 |  1.05 |  0.92 |  1.04 |  0.89 |  0.94 |  1.04
        5302 |  1.02 |  1.05 |  0.92 |  1.04 |  0.89 |  0.94 |  1.04
        5302 |  1.02 |  1.05 |  0.92 |  1.04 |  0.89 |  0.94 |  1.04
        5302 |  1.02 |  1.05 |  0.92 |  1.04 |  0.89 |  0.94 |  1.04
        5302 |  1.02 |  1.05 |  0.92 |  1.04 |  0.89 |  0.94 |  1.04
        5302 |  1.02 |  1.05 |  0.92 |  1.04 |  0.89 |  0.94 |  1.04
        5302 |  1.02 |  1.05 |  0.92 |  1.04 |  0.89 |  0.94 |  1.04
        5302 |  1.02 |  1.05 |  0.92 |  1.04 |  0.89 |  0.94 |  1.04
        5302 |  1.02 |  1.05 |  0.92 |  1.04 |  0.89 |  0.94 |  1.04
        5302 |  1.02 |  1.05 |  0.92 |  1.04 |  0.89 |  0.94 |  1.04
        5302 |  1.02 |  1.05 |  0.92 |  1.04 |  0.89 |  0.94 |  1.04
        5302 |  1.02 |  1.05 |  0.92 |  1.04 |  0.89 |  0.94 |  1.04
        5302 |  1.02 |  1.05 |  0.92 |  1.04 |  0.89 |  0.94 |  1.04
        5302 |  1.02 |  1.05 |  0.92 |  1.04 |  0.89 |  0.94 |  1.04
        5302 |  1.02 |  1.05 |  0.92 |  1.04 |  0.89 |  0.94 |  1.04
        5302 |  1.02 |  1.05 |  0.92 |  1.04 |  0.89 |  0.94 |  1.04
        5302 |  1.02 |  1.05 |  0.92 |  1.04 |  0.89 |  0.94 |  1.04
        5302 |  1.02 |  1.05 |  0.92 |  1.04 |  0.89 |  0.94 |  1.04
        5302 |  1.02 |  1.05 |  0.92 |  1.04 |  0.89 |  0.94 |  1.04
        5302 |  1.02 |  1.05 |  0.92 |  1.04 |  0.89 |  0.94 |  1.04
        5302 |  1.02 |  1.05 |  0.92 |  1.04 |  0.89 |  0.94 |  1.04
        5302 |  1.02 |  1.05 |  0.92 |  1.04 |  0.89 |  0.94 |  1.04
        5302 |  1.02 |  1.05 |  0.92 |  1.04 |  0.89 |  0.94 |  1.04
        5302 |  1.02 |  1.05 |  0.92 |  1.04 |  0.89 |  0.94 |  1.04
        5302 |  1.02 |  1.05 |  0.92 |  1.04 |  0.89 |  0.94 |  1.04
        5302 |  1.02 |  1.05 |  0.92 |  1.04 |  0.89 |  0.94 |  1.04
        5302 |  1.02 |  1.05 |  0.92 |  1.04 |  0.89 |  0.94 |  1.04
        5302 |  1.02 |  1.05 |  0.92 |  1.04 |  0.89 |  0.94 |  1.04
        5302 |  1.02 |  1.05 |  0.92 |  1.04 |  0.89 |  0.94 |  1.04
        5302 |  1.02 |  1.05 |  0.92 |  1.04 |  0.89 |  0.94 |  1.04
        5302 |  1.02 |  1.05 |  0.92 |  1.04 |  0.89 |  0.94 |  1.04
        5302 |  1.02 |  1.05 |  0.92 |  1.04 |  0.89 |  0.94 |  1.04
        5302 |  1.02 |  1.05 |  0.92 |  1.04 |  0.89 |  0.94 |  1.04
        5303 |  1.02 |  0.91 |  0.85 |  1.00 |  0.88 |  0.92 |  0.96
        5303 |  1.02 |  0.91 |  0.85 |  1.00 |  0.88 |  0.92 |  0.96
        5303 |  1.02 |  0.91 |  0.85 |  1.00 |  0.88 |  0.92 |  0.96
        5303 |  1.02 |  0.91 |  0.85 |  1.00 |  0.88 |  0.92 |  0.96
        5303 |  1.02 |  0.91 |  0.85 |  1.00 |  0.88 |  0.92 |  0.96
        5303 |  1.02 |  0.91 |  0.85 |  1.00 |  0.88 |  0.92 |  0.96
        5303 |  1.02 |  0.91 |  0.85 |  1.00 |  0.88 |  0.92 |  0.96
        5303 |  1.02 |  0.91 |  0.85 |  1.00 |  0.88 |  0.92 |  0.96
        5303 |  1.02 |  0.91 |  0.85 |  1.00 |  0.88 |  0.92 |  0.96
        5303 |  1.02 |  0.91 |  0.85 |  1.00 |  0.88 |  0.92 |  0.96
        5303 |  1.02 |  0.91 |  0.85 |  1.00 |  0.88 |  0.92 |  0.96
        5303 |  1.02 |  0.91 |  0.85 |  1.00 |  0.88 |  0.92 |  0.96
        5303 |  1.02 |  0.91 |  0.85 |  1.00 |  0.88 |  0.92 |  0.96
        5303 |  1.02 |  0.91 |  0.85 |  1.00 |  0.88 |  0.92 |  0.96
        5303 |  1.02 |  0.91 |  0.85 |  1.00 |  0.88 |  0.92 |  0.96
        5303 |  1.02 |  0.91 |  0.85 |  1.00 |  0.88 |  0.92 |  0.96
        5303 |  1.02 |  0.91 |  0.85 |  1.00 |  0.88 |  0.92 |  0.96
        5303 |  1.02 |  0.91 |  0.85 |  1.00 |  0.88 |  0.92 |  0.96
        5303 |  1.02 |  0.91 |  0.85 |  1.00 |  0.88 |  0.92 |  0.96
        5303 |  1.02 |  0.91 |  0.85 |  1.00 |  0.88 |  0.92 |  0.96
        5303 |  1.02 |  0.91 |  0.85 |  1.00 |  0.88 |  0.92 |  0.96
        5303 |  1.02 |  0.91 |  0.85 |  1.00 |  0.88 |  0.92 |  0.96
        5303 |  1.02 |  0.91 |  0.85 |  1.00 |  0.88 |  0.92 |  0.96
        5303 |  1.02 |  0.91 |  0.85 |  1.00 |  0.88 |  0.92 |  0.96
        5303 |  1.02 |  0.91 |  0.85 |  1.00 |  0.88 |  0.92 |  0.96
        5303 |  1.02 |  0.91 |  0.85 |  1.00 |  0.88 |  0.92 |  0.96
        5303 |  1.02 |  0.91 |  0.85 |  1.00 |  0.88 |  0.92 |  0.96
        5303 |  1.02 |  0.91 |  0.85 |  1.00 |  0.88 |  0.92 |  0.96
        5303 |  1.02 |  0.91 |  0.85 |  1.00 |  0.88 |  0.92 |  0.96
        5303 |  1.02 |  0.91 |  0.85 |  1.00 |  0.88 |  0.92 |  0.96
        5303 |  1.02 |  0.91 |  0.85 |  1.00 |  0.88 |  0.92 |  0.96
        5303 |  1.02 |  0.91 |  0.85 |  1.00 |  0.88 |  0.92 |  0.96
        5303 |  1.02 |  0.91 |  0.85 |  1.00 |  0.88 |  0.92 |  0.96
        5303 |  1.02 |  0.91 |  0.85 |  1.00 |  0.88 |  0.92 |  0.96
        5303 |  1.02 |  0.91 |  0.85 |  1.00 |  0.88 |  0.92 |  0.96
        5303 |  1.02 |  0.91 |  0.85 |  1.00 |  0.88 |  0.92 |  0.96
        5303 |  1.02 |  0.91 |  0.85 |  1.00 |  0.88 |  0.92 |  0.96
        5303 |  1.02 |  0.91 |  0.85 |  1.00 |  0.88 |  0.92 |  0.96
        5303 |  1.02 |  0.91 |  0.85 |  1.00 |  0.88 |  0.92 |  0.96
        5303 |  1.02 |  0.91 |  0.85 |  1.00 |  0.88 |  0.92 |  0.96
        5303 |  1.02 |  0.91 |  0.85 |  1.00 |  0.88 |  0.92 |  0.96
        5303 |  1.02 |  0.91 |  0.85 |  1.00 |  0.88 |  0.92 |  0.96
        5303 |  1.02 |  0.91 |  0.85 |  1.00 |  0.88 |  0.92 |  0.96
        5303 |  1.02 |  0.91 |  0.85 |  1.00 |  0.88 |  0.92 |  0.96
        5303 |  1.02 |  0.91 |  0.85 |  1.00 |  0.88 |  0.92 |  0.96
        5303 |  1.02 |  0.91 |  0.85 |  1.00 |  0.88 |  0.92 |  0.96
        5303 |  1.02 |  0.91 |  0.85 |  1.00 |  0.88 |  0.92 |  0.96
        5303 |  1.02 |  0.91 |  0.85 |  1.00 |  0.88 |  0.92 |  0.96
        5303 |  1.02 |  0.91 |  0.85 |  1.00 |  0.88 |  0.92 |  0.96
        5304 |  0.97 |  1.04 |  0.91 |  0.97 |  1.04 |  0.84 |  0.96
        5304 |  0.97 |  1.04 |  0.91 |  0.97 |  1.04 |  0.84 |  0.96
        5304 |  0.97 |  1.04 |  0.91 |  0.97 |  1.04 |  0.84 |  0.96
        5304 |  0.97 |  1.04 |  0.91 |  0.97 |  1.04 |  0.84 |  0.96
        5304 |  0.97 |  1.04 |  0.91 |  0.97 |  1.04 |  0.84 |  0.96
        5304 |  0.97 |  1.04 |  0.91 |  0.97 |  1.04 |  0.84 |  0.96
        5304 |  0.97 |  1.04 |  0.91 |  0.97 |  1.04 |  0.84 |  0.96
        5304 |  0.97 |  1.04 |  0.91 |  0.97 |  1.04 |  0.84 |  0.96
        5304 |  0.97 |  1.04 |  0.91 |  0.97 |  1.04 |  0.84 |  0.96
        5304 |  0.97 |  1.04 |  0.91 |  0.97 |  1.04 |  0.84 |  0.96
        5304 |  0.97 |  1.04 |  0.91 |  0.97 |  1.04 |  0.84 |  0.96
        5304 |  0.97 |  1.04 |  0.91 |  0.97 |  1.04 |  0.84 |  0.96
        5304 |  0.97 |  1.04 |  0.91 |  0.97 |  1.04 |  0.84 |  0.96
        5304 |  0.97 |  1.04 |  0.91 |  0.97 |  1.04 |  0.84 |  0.96
        5304 |  0.97 |  1.04 |  0.91 |  0.97 |  1.04 |  0.84 |  0.96
        5304 |  0.97 |  1.04 |  0.91 |  0.97 |  1.04 |  0.84 |  0.96
        5304 |  0.97 |  1.04 |  0.91 |  0.97 |  1.04 |  0.84 |  0.96
        5304 |  0.97 |  1.04 |  0.91 |  0.97 |  1.04 |  0.84 |  0.96
        5304 |  0.97 |  1.04 |  0.91 |  0.97 |  1.04 |  0.84 |  0.96
        5304 |  0.97 |  1.04 |  0.91 |  0.97 |  1.04 |  0.84 |  0.96
        5304 |  0.97 |  1.04 |  0.91 |  0.97 |  1.04 |  0.84 |  0.96
        5304 |  0.97 |  1.04 |  0.91 |  0.97 |  1.04 |  0.84 |  0.96
        5304 |  0.97 |  1.04 |  0.91 |  0.97 |  1.04 |  0.84 |  0.96
        5304 |  0.97 |  1.04 |  0.91 |  0.97 |  1.04 |  0.84 |  0.96
        5304 |  0.97 |  1.04 |  0.91 |  0.97 |  1.04 |  0.84 |  0.96
        5304 |  0.97 |  1.04 |  0.91 |  0.97 |  1.04 |  0.84 |  0.96
        5304 |  0.97 |  1.04 |  0.91 |  0.97 |  1.04 |  0.84 |  0.96
        5304 |  0.97 |  1.04 |  0.91 |  0.97 |  1.04 |  0.84 |  0.96
        5304 |  0.97 |  1.04 |  0.91 |  0.97 |  1.04 |  0.84 |  0.96
        5304 |  0.97 |  1.04 |  0.91 |  0.97 |  1.04 |  0.84 |  0.96
        5304 |  0.97 |  1.04 |  0.91 |  0.97 |  1.04 |  0.84 |  0.96
        5304 |  0.97 |  1.04 |  0.91 |  0.97 |  1.04 |  0.84 |  0.96
        5304 |  0.97 |  1.04 |  0.91 |  0.97 |  1.04 |  0.84 |  0.96
        5304 |  0.97 |  1.04 |  0.91 |  0.97 |  1.04 |  0.84 |  0.96
        5304 |  0.97 |  1.04 |  0.91 |  0.97 |  1.04 |  0.84 |  0.96
        5304 |  0.97 |  1.04 |  0.91 |  0.97 |  1.04 |  0.84 |  0.96
        5304 |  0.97 |  1.04 |  0.91 |  0.97 |  1.04 |  0.84 |  0.96
        5304 |  0.97 |  1.04 |  0.91 |  0.97 |  1.04 |  0.84 |  0.96
        5304 |  0.97 |  1.04 |  0.91 |  0.97 |  1.04 |  0.84 |  0.96
        5304 |  0.97 |  1.04 |  0.91 |  0.97 |  1.04 |  0.84 |  0.96
        5304 |  0.97 |  1.04 |  0.91 |  0.97 |  1.04 |  0.84 |  0.96
        5304 |  0.97 |  1.04 |  0.91 |  0.97 |  1.04 |  0.84 |  0.96
        5304 |  0.97 |  1.04 |  0.91 |  0.97 |  1.04 |  0.84 |  0.96
        5304 |  0.97 |  1.04 |  0.91 |  0.97 |  1.04 |  0.84 |  0.96
        5304 |  0.97 |  1.04 |  0.91 |  0.97 |  1.04 |  0.84 |  0.96
        5304 |  0.97 |  1.04 |  0.91 |  0.97 |  1.04 |  0.84 |  0.96
        5304 |  0.97 |  1.04 |  0.91 |  0.97 |  1.04 |  0.84 |  0.96
        5304 |  0.97 |  1.04 |  0.91 |  0.97 |  1.04 |  0.84 |  0.96
        5304 |  0.97 |  1.04 |  0.91 |  0.97 |  1.04 |  0.84 |  0.96
        5305 |  0.99 |  1.04 |  0.84 |  0.91 |  0.96 |  0.86 |  0.98
        5305 |  0.99 |  1.04 |  0.84 |  0.91 |  0.96 |  0.86 |  0.98
        5305 |  0.99 |  1.04 |  0.84 |  0.91 |  0.96 |  0.86 |  0.98
        5305 |  0.99 |  1.04 |  0.84 |  0.91 |  0.96 |  0.86 |  0.98
        5305 |  0.99 |  1.04 |  0.84 |  0.91 |  0.96 |  0.86 |  0.98
        5305 |  0.99 |  1.04 |  0.84 |  0.91 |  0.96 |  0.86 |  0.98
        5305 |  0.99 |  1.04 |  0.84 |  0.91 |  0.96 |  0.86 |  0.98
        5305 |  0.99 |  1.04 |  0.84 |  0.91 |  0.96 |  0.86 |  0.98
        5305 |  0.99 |  1.04 |  0.84 |  0.91 |  0.96 |  0.86 |  0.98
        5305 |  0.99 |  1.04 |  0.84 |  0.91 |  0.96 |  0.86 |  0.98
        5305 |  0.99 |  1.04 |  0.84 |  0.91 |  0.96 |  0.86 |  0.98
        5305 |  0.99 |  1.04 |  0.84 |  0.91 |  0.96 |  0.86 |  0.98
        5305 |  0.99 |  1.04 |  0.84 |  0.91 |  0.96 |  0.86 |  0.98
        5305 |  0.99 |  1.04 |  0.84 |  0.91 |  0.96 |  0.86 |  0.98
        5305 |  0.99 |  1.04 |  0.84 |  0.91 |  0.96 |  0.86 |  0.98
        5305 |  0.99 |  1.04 |  0.84 |  0.91 |  0.96 |  0.86 |  0.98
        5305 |  0.99 |  1.04 |  0.84 |  0.91 |  0.96 |  0.86 |  0.98
        5305 |  0.99 |  1.04 |  0.84 |  0.91 |  0.96 |  0.86 |  0.98
        5305 |  0.99 |  1.04 |  0.84 |  0.91 |  0.96 |  0.86 |  0.98
        5305 |  0.99 |  1.04 |  0.84 |  0.91 |  0.96 |  0.86 |  0.98
        5305 |  0.99 |  1.04 |  0.84 |  0.91 |  0.96 |  0.86 |  0.98
        5305 |  0.99 |  1.04 |  0.84 |  0.91 |  0.96 |  0.86 |  0.98
        5305 |  0.99 |  1.04 |  0.84 |  0.91 |  0.96 |  0.86 |  0.98
        5305 |  0.99 |  1.04 |  0.84 |  0.91 |  0.96 |  0.86 |  0.98
        5305 |  0.99 |  1.04 |  0.84 |  0.91 |  0.96 |  0.86 |  0.98
        5305 |  0.99 |  1.04 |  0.84 |  0.91 |  0.96 |  0.86 |  0.98
        5305 |  0.99 |  1.04 |  0.84 |  0.91 |  0.96 |  0.86 |  0.98
        5305 |  0.99 |  1.04 |  0.84 |  0.91 |  0.96 |  0.86 |  0.98
        5305 |  0.99 |  1.04 |  0.84 |  0.91 |  0.96 |  0.86 |  0.98
        5305 |  0.99 |  1.04 |  0.84 |  0.91 |  0.96 |  0.86 |  0.98
        5305 |  0.99 |  1.04 |  0.84 |  0.91 |  0.96 |  0.86 |  0.98
        5305 |  0.99 |  1.04 |  0.84 |  0.91 |  0.96 |  0.86 |  0.98
        5305 |  0.99 |  1.04 |  0.84 |  0.91 |  0.96 |  0.86 |  0.98
        5305 |  0.99 |  1.04 |  0.84 |  0.91 |  0.96 |  0.86 |  0.98
        5305 |  0.99 |  1.04 |  0.84 |  0.91 |  0.96 |  0.86 |  0.98
        5305 |  0.99 |  1.04 |  0.84 |  0.91 |  0.96 |  0.86 |  0.98
        5305 |  0.99 |  1.04 |  0.84 |  0.91 |  0.96 |  0.86 |  0.98
        5305 |  0.99 |  1.04 |  0.84 |  0.91 |  0.96 |  0.86 |  0.98
        5305 |  0.99 |  1.04 |  0.84 |  0.91 |  0.96 |  0.86 |  0.98
        5305 |  0.99 |  1.04 |  0.84 |  0.91 |  0.96 |  0.86 |  0.98
        5305 |  0.99 |  1.04 |  0.84 |  0.91 |  0.96 |  0.86 |  0.98
        5305 |  0.99 |  1.04 |  0.84 |  0.91 |  0.96 |  0.86 |  0.98
        5305 |  0.99 |  1.04 |  0.84 |  0.91 |  0.96 |  0.86 |  0.98
        5305 |  0.99 |  1.04 |  0.84 |  0.91 |  0.96 |  0.86 |  0.98
        5305 |  0.99 |  1.04 |  0.84 |  0.91 |  0.96 |  0.86 |  0.98
        5305 |  0.99 |  1.04 |  0.84 |  0.91 |  0.96 |  0.86 |  0.98
        5305 |  0.99 |  1.04 |  0.84 |  0.91 |  0.96 |  0.86 |  0.98
        5305 |  0.99 |  1.04 |  0.84 |  0.91 |  0.96 |  0.86 |  0.98
        5305 |  0.99 |  1.04 |  0.84 |  0.91 |  0.96 |  0.86 |  0.98
        5306 |  0.96 |  0.93 |  0.95 |  0.91 |  0.98 |  1.02 |  1.02
        5306 |  0.96 |  0.93 |  0.95 |  0.91 |  0.98 |  1.02 |  1.02
        5306 |  0.96 |  0.93 |  0.95 |  0.91 |  0.98 |  1.02 |  1.02
        5306 |  0.96 |  0.93 |  0.95 |  0.91 |  0.98 |  1.02 |  1.02
        5306 |  0.96 |  0.93 |  0.95 |  0.91 |  0.98 |  1.02 |  1.02
        5306 |  0.96 |  0.93 |  0.95 |  0.91 |  0.98 |  1.02 |  1.02
        5306 |  0.96 |  0.93 |  0.95 |  0.91 |  0.98 |  1.02 |  1.02
        5306 |  0.96 |  0.93 |  0.95 |  0.91 |  0.98 |  1.02 |  1.02
        5306 |  0.96 |  0.93 |  0.95 |  0.91 |  0.98 |  1.02 |  1.02
        5306 |  0.96 |  0.93 |  0.95 |  0.91 |  0.98 |  1.02 |  1.02
        5306 |  0.96 |  0.93 |  0.95 |  0.91 |  0.98 |  1.02 |  1.02
        5306 |  0.96 |  0.93 |  0.95 |  0.91 |  0.98 |  1.02 |  1.02
        5306 |  0.96 |  0.93 |  0.95 |  0.91 |  0.98 |  1.02 |  1.02
        5306 |  0.96 |  0.93 |  0.95 |  0.91 |  0.98 |  1.02 |  1.02
        5306 |  0.96 |  0.93 |  0.95 |  0.91 |  0.98 |  1.02 |  1.02
        5306 |  0.96 |  0.93 |  0.95 |  0.91 |  0.98 |  1.02 |  1.02
        5306 |  0.96 |  0.93 |  0.95 |  0.91 |  0.98 |  1.02 |  1.02
        5306 |  0.96 |  0.93 |  0.95 |  0.91 |  0.98 |  1.02 |  1.02
        5306 |  0.96 |  0.93 |  0.95 |  0.91 |  0.98 |  1.02 |  1.02
        5306 |  0.96 |  0.93 |  0.95 |  0.91 |  0.98 |  1.02 |  1.02
        5306 |  0.96 |  0.93 |  0.95 |  0.91 |  0.98 |  1.02 |  1.02
        5306 |  0.96 |  0.93 |  0.95 |  0.91 |  0.98 |  1.02 |  1.02
        5306 |  0.96 |  0.93 |  0.95 |  0.91 |  0.98 |  1.02 |  1.02
        5306 |  0.96 |  0.93 |  0.95 |  0.91 |  0.98 |  1.02 |  1.02
        5306 |  0.96 |  0.93 |  0.95 |  0.91 |  0.98 |  1.02 |  1.02
        5306 |  0.96 |  0.93 |  0.95 |  0.91 |  0.98 |  1.02 |  1.02
        5306 |  0.96 |  0.93 |  0.95 |  0.91 |  0.98 |  1.02 |  1.02
        5306 |  0.96 |  0.93 |  0.95 |  0.91 |  0.98 |  1.02 |  1.02
        5306 |  0.96 |  0.93 |  0.95 |  0.91 |  0.98 |  1.02 |  1.02
        5306 |  0.96 |  0.93 |  0.95 |  0.91 |  0.98 |  1.02 |  1.02
        5306 |  0.96 |  0.93 |  0.95 |  0.91 |  0.98 |  1.02 |  1.02
        5306 |  0.96 |  0.93 |  0.95 |  0.91 |  0.98 |  1.02 |  1.02
        5306 |  0.96 |  0.93 |  0.95 |  0.91 |  0.98 |  1.02 |  1.02
        5306 |  0.96 |  0.93 |  0.95 |  0.91 |  0.98 |  1.02 |  1.02
        5306 |  0.96 |  0.93 |  0.95 |  0.91 |  0.98 |  1.02 |  1.02
        5306 |  0.96 |  0.93 |  0.95 |  0.91 |  0.98 |  1.02 |  1.02
        5306 |  0.96 |  0.93 |  0.95 |  0.91 |  0.98 |  1.02 |  1.02
        5306 |  0.96 |  0.93 |  0.95 |  0.91 |  0.98 |  1.02 |  1.02
        5306 |  0.96 |  0.93 |  0.95 |  0.91 |  0.98 |  1.02 |  1.02
        5306 |  0.96 |  0.93 |  0.95 |  0.91 |  0.98 |  1.02 |  1.02
        5306 |  0.96 |  0.93 |  0.95 |  0.91 |  0.98 |  1.02 |  1.02
        5306 |  0.96 |  0.93 |  0.95 |  0.91 |  0.98 |  1.02 |  1.02
        5306 |  0.96 |  0.93 |  0.95 |  0.91 |  0.98 |  1.02 |  1.02
        5306 |  0.96 |  0.93 |  0.95 |  0.91 |  0.98 |  1.02 |  1.02
        5306 |  0.96 |  0.93 |  0.95 |  0.91 |  0.98 |  1.02 |  1.02
        5306 |  0.96 |  0.93 |  0.95 |  0.91 |  0.98 |  1.02 |  1.02
        5306 |  0.96 |  0.93 |  0.95 |  0.91 |  0.98 |  1.02 |  1.02
        5306 |  0.96 |  0.93 |  0.95 |  0.91 |  0.98 |  1.02 |  1.02
        5306 |  0.96 |  0.93 |  0.95 |  0.91 |  0.98 |  1.02 |  1.02
        5307 |  0.96 |  0.96 |  0.91 |  0.96 |  1.08 |  0.92 |  0.88
        5307 |  0.96 |  0.96 |  0.91 |  0.96 |  1.08 |  0.92 |  0.88
        5307 |  0.96 |  0.96 |  0.91 |  0.96 |  1.08 |  0.92 |  0.88
        5307 |  0.96 |  0.96 |  0.91 |  0.96 |  1.08 |  0.92 |  0.88
        5307 |  0.96 |  0.96 |  0.91 |  0.96 |  1.08 |  0.92 |  0.88
        5307 |  0.96 |  0.96 |  0.91 |  0.96 |  1.08 |  0.92 |  0.88
        5307 |  0.96 |  0.96 |  0.91 |  0.96 |  1.08 |  0.92 |  0.88
        5307 |  0.96 |  0.96 |  0.91 |  0.96 |  1.08 |  0.92 |  0.88
        5307 |  0.96 |  0.96 |  0.91 |  0.96 |  1.08 |  0.92 |  0.88
        5307 |  0.96 |  0.96 |  0.91 |  0.96 |  1.08 |  0.92 |  0.88
        5307 |  0.96 |  0.96 |  0.91 |  0.96 |  1.08 |  0.92 |  0.88
        5307 |  0.96 |  0.96 |  0.91 |  0.96 |  1.08 |  0.92 |  0.88
        5307 |  0.96 |  0.96 |  0.91 |  0.96 |  1.08 |  0.92 |  0.88
        5307 |  0.96 |  0.96 |  0.91 |  0.96 |  1.08 |  0.92 |  0.88
        5307 |  0.96 |  0.96 |  0.91 |  0.96 |  1.08 |  0.92 |  0.88
        5307 |  0.96 |  0.96 |  0.91 |  0.96 |  1.08 |  0.92 |  0.88
        5307 |  0.96 |  0.96 |  0.91 |  0.96 |  1.08 |  0.92 |  0.88
        5307 |  0.96 |  0.96 |  0.91 |  0.96 |  1.08 |  0.92 |  0.88
        5307 |  0.96 |  0.96 |  0.91 |  0.96 |  1.08 |  0.92 |  0.88
        5307 |  0.96 |  0.96 |  0.91 |  0.96 |  1.08 |  0.92 |  0.88
        5307 |  0.96 |  0.96 |  0.91 |  0.96 |  1.08 |  0.92 |  0.88
        5307 |  0.96 |  0.96 |  0.91 |  0.96 |  1.08 |  0.92 |  0.88
        5307 |  0.96 |  0.96 |  0.91 |  0.96 |  1.08 |  0.92 |  0.88
        5307 |  0.96 |  0.96 |  0.91 |  0.96 |  1.08 |  0.92 |  0.88
        5307 |  0.96 |  0.96 |  0.91 |  0.96 |  1.08 |  0.92 |  0.88
        5307 |  0.96 |  0.96 |  0.91 |  0.96 |  1.08 |  0.92 |  0.88
        5307 |  0.96 |  0.96 |  0.91 |  0.96 |  1.08 |  0.92 |  0.88
        5307 |  0.96 |  0.96 |  0.91 |  0.96 |  1.08 |  0.92 |  0.88
        5307 |  0.96 |  0.96 |  0.91 |  0.96 |  1.08 |  0.92 |  0.88
        5307 |  0.96 |  0.96 |  0.91 |  0.96 |  1.08 |  0.92 |  0.88
        5307 |  0.96 |  0.96 |  0.91 |  0.96 |  1.08 |  0.92 |  0.88
        5307 |  0.96 |  0.96 |  0.91 |  0.96 |  1.08 |  0.92 |  0.88
        5307 |  0.96 |  0.96 |  0.91 |  0.96 |  1.08 |  0.92 |  0.88
        5307 |  0.96 |  0.96 |  0.91 |  0.96 |  1.08 |  0.92 |  0.88
        5307 |  0.96 |  0.96 |  0.91 |  0.96 |  1.08 |  0.92 |  0.88
        5307 |  0.96 |  0.96 |  0.91 |  0.96 |  1.08 |  0.92 |  0.88
        5307 |  0.96 |  0.96 |  0.91 |  0.96 |  1.08 |  0.92 |  0.88
        5307 |  0.96 |  0.96 |  0.91 |  0.96 |  1.08 |  0.92 |  0.88
        5307 |  0.96 |  0.96 |  0.91 |  0.96 |  1.08 |  0.92 |  0.88
        5307 |  0.96 |  0.96 |  0.91 |  0.96 |  1.08 |  0.92 |  0.88
        5307 |  0.96 |  0.96 |  0.91 |  0.96 |  1.08 |  0.92 |  0.88
        5307 |  0.96 |  0.96 |  0.91 |  0.96 |  1.08 |  0.92 |  0.88
        5307 |  0.96 |  0.96 |  0.91 |  0.96 |  1.08 |  0.92 |  0.88
        5307 |  0.96 |  0.96 |  0.91 |  0.96 |  1.08 |  0.92 |  0.88
        5307 |  0.96 |  0.96 |  0.91 |  0.96 |  1.08 |  0.92 |  0.88
        5307 |  0.96 |  0.96 |  0.91 |  0.96 |  1.08 |  0.92 |  0.88
        5307 |  0.96 |  0.96 |  0.91 |  0.96 |  1.08 |  0.92 |  0.88
        5307 |  0.96 |  0.96 |  0.91 |  0.96 |  1.08 |  0.92 |  0.88
        5307 |  0.96 |  0.96 |  0.91 |  0.96 |  1.08 |  0.92 |  0.88
        5308 |  1.13 |  1.09 |  1.02 |  1.02 |  1.00 |  0.93 |  1.00
        5308 |  1.13 |  1.09 |  1.02 |  1.02 |  1.00 |  0.93 |  1.00
        5308 |  1.13 |  1.09 |  1.02 |  1.02 |  1.00 |  0.93 |  1.00
        5308 |  1.13 |  1.09 |  1.02 |  1.02 |  1.00 |  0.93 |  1.00
        5308 |  1.13 |  1.09 |  1.02 |  1.02 |  1.00 |  0.93 |  1.00
        5308 |  1.13 |  1.09 |  1.02 |  1.02 |  1.00 |  0.93 |  1.00
        5308 |  1.13 |  1.09 |  1.02 |  1.02 |  1.00 |  0.93 |  1.00
        5308 |  1.13 |  1.09 |  1.02 |  1.02 |  1.00 |  0.93 |  1.00
        5308 |  1.13 |  1.09 |  1.02 |  1.02 |  1.00 |  0.93 |  1.00
        5308 |  1.13 |  1.09 |  1.02 |  1.02 |  1.00 |  0.93 |  1.00
        5308 |  1.13 |  1.09 |  1.02 |  1.02 |  1.00 |  0.93 |  1.00
        5308 |  1.13 |  1.09 |  1.02 |  1.02 |  1.00 |  0.93 |  1.00
        5308 |  1.13 |  1.09 |  1.02 |  1.02 |  1.00 |  0.93 |  1.00
        5308 |  1.13 |  1.09 |  1.02 |  1.02 |  1.00 |  0.93 |  1.00
        5308 |  1.13 |  1.09 |  1.02 |  1.02 |  1.00 |  0.93 |  1.00
        5308 |  1.13 |  1.09 |  1.02 |  1.02 |  1.00 |  0.93 |  1.00
        5308 |  1.13 |  1.09 |  1.02 |  1.02 |  1.00 |  0.93 |  1.00
        5308 |  1.13 |  1.09 |  1.02 |  1.02 |  1.00 |  0.93 |  1.00
        5308 |  1.13 |  1.09 |  1.02 |  1.02 |  1.00 |  0.93 |  1.00
        5308 |  1.13 |  1.09 |  1.02 |  1.02 |  1.00 |  0.93 |  1.00
        5308 |  1.13 |  1.09 |  1.02 |  1.02 |  1.00 |  0.93 |  1.00
        5308 |  1.13 |  1.09 |  1.02 |  1.02 |  1.00 |  0.93 |  1.00
        5308 |  1.13 |  1.09 |  1.02 |  1.02 |  1.00 |  0.93 |  1.00
        5308 |  1.13 |  1.09 |  1.02 |  1.02 |  1.00 |  0.93 |  1.00
        5308 |  1.13 |  1.09 |  1.02 |  1.02 |  1.00 |  0.93 |  1.00
        5308 |  1.13 |  1.09 |  1.02 |  1.02 |  1.00 |  0.93 |  1.00
        5308 |  1.13 |  1.09 |  1.02 |  1.02 |  1.00 |  0.93 |  1.00
        5308 |  1.13 |  1.09 |  1.02 |  1.02 |  1.00 |  0.93 |  1.00
        5308 |  1.13 |  1.09 |  1.02 |  1.02 |  1.00 |  0.93 |  1.00
        5308 |  1.13 |  1.09 |  1.02 |  1.02 |  1.00 |  0.93 |  1.00
        5308 |  1.13 |  1.09 |  1.02 |  1.02 |  1.00 |  0.93 |  1.00
        5308 |  1.13 |  1.09 |  1.02 |  1.02 |  1.00 |  0.93 |  1.00
        5308 |  1.13 |  1.09 |  1.02 |  1.02 |  1.00 |  0.93 |  1.00
        5308 |  1.13 |  1.09 |  1.02 |  1.02 |  1.00 |  0.93 |  1.00
        5308 |  1.13 |  1.09 |  1.02 |  1.02 |  1.00 |  0.93 |  1.00
        5308 |  1.13 |  1.09 |  1.02 |  1.02 |  1.00 |  0.93 |  1.00
        5308 |  1.13 |  1.09 |  1.02 |  1.02 |  1.00 |  0.93 |  1.00
        5308 |  1.13 |  1.09 |  1.02 |  1.02 |  1.00 |  0.93 |  1.00
        5308 |  1.13 |  1.09 |  1.02 |  1.02 |  1.00 |  0.93 |  1.00
        5308 |  1.13 |  1.09 |  1.02 |  1.02 |  1.00 |  0.93 |  1.00
        5308 |  1.13 |  1.09 |  1.02 |  1.02 |  1.00 |  0.93 |  1.00
        5308 |  1.13 |  1.09 |  1.02 |  1.02 |  1.00 |  0.93 |  1.00
        5308 |  1.13 |  1.09 |  1.02 |  1.02 |  1.00 |  0.93 |  1.00
        5308 |  1.13 |  1.09 |  1.02 |  1.02 |  1.00 |  0.93 |  1.00
        5308 |  1.13 |  1.09 |  1.02 |  1.02 |  1.00 |  0.93 |  1.00
        5308 |  1.13 |  1.09 |  1.02 |  1.02 |  1.00 |  0.93 |  1.00
        5308 |  1.13 |  1.09 |  1.02 |  1.02 |  1.00 |  0.93 |  1.00
        5308 |  1.13 |  1.09 |  1.02 |  1.02 |  1.00 |  0.93 |  1.00
        5308 |  1.13 |  1.09 |  1.02 |  1.02 |  1.00 |  0.93 |  1.00
        5309 |  1.16 |  0.98 |  0.96 |  1.03 |  1.03 |  1.09 |  0.99
        5309 |  1.16 |  0.98 |  0.96 |  1.03 |  1.03 |  1.09 |  0.99
        5309 |  1.16 |  0.98 |  0.96 |  1.03 |  1.03 |  1.09 |  0.99
        5309 |  1.16 |  0.98 |  0.96 |  1.03 |  1.03 |  1.09 |  0.99
        5309 |  1.16 |  0.98 |  0.96 |  1.03 |  1.03 |  1.09 |  0.99
        5309 |  1.16 |  0.98 |  0.96 |  1.03 |  1.03 |  1.09 |  0.99
        5309 |  1.16 |  0.98 |  0.96 |  1.03 |  1.03 |  1.09 |  0.99
        5309 |  1.16 |  0.98 |  0.96 |  1.03 |  1.03 |  1.09 |  0.99
        5309 |  1.16 |  0.98 |  0.96 |  1.03 |  1.03 |  1.09 |  0.99
        5309 |  1.16 |  0.98 |  0.96 |  1.03 |  1.03 |  1.09 |  0.99
        5309 |  1.16 |  0.98 |  0.96 |  1.03 |  1.03 |  1.09 |  0.99
        5309 |  1.16 |  0.98 |  0.96 |  1.03 |  1.03 |  1.09 |  0.99
        5309 |  1.16 |  0.98 |  0.96 |  1.03 |  1.03 |  1.09 |  0.99
        5309 |  1.16 |  0.98 |  0.96 |  1.03 |  1.03 |  1.09 |  0.99
        5309 |  1.16 |  0.98 |  0.96 |  1.03 |  1.03 |  1.09 |  0.99
        5309 |  1.16 |  0.98 |  0.96 |  1.03 |  1.03 |  1.09 |  0.99
        5309 |  1.16 |  0.98 |  0.96 |  1.03 |  1.03 |  1.09 |  0.99
        5309 |  1.16 |  0.98 |  0.96 |  1.03 |  1.03 |  1.09 |  0.99
        5309 |  1.16 |  0.98 |  0.96 |  1.03 |  1.03 |  1.09 |  0.99
        5309 |  1.16 |  0.98 |  0.96 |  1.03 |  1.03 |  1.09 |  0.99
        5309 |  1.16 |  0.98 |  0.96 |  1.03 |  1.03 |  1.09 |  0.99
        5309 |  1.16 |  0.98 |  0.96 |  1.03 |  1.03 |  1.09 |  0.99
        5309 |  1.16 |  0.98 |  0.96 |  1.03 |  1.03 |  1.09 |  0.99
        5309 |  1.16 |  0.98 |  0.96 |  1.03 |  1.03 |  1.09 |  0.99
        5309 |  1.16 |  0.98 |  0.96 |  1.03 |  1.03 |  1.09 |  0.99
        5309 |  1.16 |  0.98 |  0.96 |  1.03 |  1.03 |  1.09 |  0.99
        5309 |  1.16 |  0.98 |  0.96 |  1.03 |  1.03 |  1.09 |  0.99
        5309 |  1.16 |  0.98 |  0.96 |  1.03 |  1.03 |  1.09 |  0.99
        5309 |  1.16 |  0.98 |  0.96 |  1.03 |  1.03 |  1.09 |  0.99
        5309 |  1.16 |  0.98 |  0.96 |  1.03 |  1.03 |  1.09 |  0.99
        5309 |  1.16 |  0.98 |  0.96 |  1.03 |  1.03 |  1.09 |  0.99
        5309 |  1.16 |  0.98 |  0.96 |  1.03 |  1.03 |  1.09 |  0.99
        5309 |  1.16 |  0.98 |  0.96 |  1.03 |  1.03 |  1.09 |  0.99
        5309 |  1.16 |  0.98 |  0.96 |  1.03 |  1.03 |  1.09 |  0.99
        5309 |  1.16 |  0.98 |  0.96 |  1.03 |  1.03 |  1.09 |  0.99
        5309 |  1.16 |  0.98 |  0.96 |  1.03 |  1.03 |  1.09 |  0.99
        5309 |  1.16 |  0.98 |  0.96 |  1.03 |  1.03 |  1.09 |  0.99
        5309 |  1.16 |  0.98 |  0.96 |  1.03 |  1.03 |  1.09 |  0.99
        5309 |  1.16 |  0.98 |  0.96 |  1.03 |  1.03 |  1.09 |  0.99
        5309 |  1.16 |  0.98 |  0.96 |  1.03 |  1.03 |  1.09 |  0.99
        5309 |  1.16 |  0.98 |  0.96 |  1.03 |  1.03 |  1.09 |  0.99
        5309 |  1.16 |  0.98 |  0.96 |  1.03 |  1.03 |  1.09 |  0.99
        5309 |  1.16 |  0.98 |  0.96 |  1.03 |  1.03 |  1.09 |  0.99
        5309 |  1.16 |  0.98 |  0.96 |  1.03 |  1.03 |  1.09 |  0.99
        5309 |  1.16 |  0.98 |  0.96 |  1.03 |  1.03 |  1.09 |  0.99
        5309 |  1.16 |  0.98 |  0.96 |  1.03 |  1.03 |  1.09 |  0.99
        5309 |  1.16 |  0.98 |  0.96 |  1.03 |  1.03 |  1.09 |  0.99
        5309 |  1.16 |  0.98 |  0.96 |  1.03 |  1.03 |  1.09 |  0.99
        5309 |  1.16 |  0.98 |  0.96 |  1.03 |  1.03 |  1.09 |  0.99
        5310 |  0.97 |  1.00 |  0.90 |  0.88 |  0.99 |  0.95 |  0.87
        5310 |  0.97 |  1.00 |  0.90 |  0.88 |  0.99 |  0.95 |  0.87
        5310 |  0.97 |  1.00 |  0.90 |  0.88 |  0.99 |  0.95 |  0.87
        5310 |  0.97 |  1.00 |  0.90 |  0.88 |  0.99 |  0.95 |  0.87
        5310 |  0.97 |  1.00 |  0.90 |  0.88 |  0.99 |  0.95 |  0.87
        5310 |  0.97 |  1.00 |  0.90 |  0.88 |  0.99 |  0.95 |  0.87
        5310 |  0.97 |  1.00 |  0.90 |  0.88 |  0.99 |  0.95 |  0.87
        5310 |  0.97 |  1.00 |  0.90 |  0.88 |  0.99 |  0.95 |  0.87
        5310 |  0.97 |  1.00 |  0.90 |  0.88 |  0.99 |  0.95 |  0.87
        5310 |  0.97 |  1.00 |  0.90 |  0.88 |  0.99 |  0.95 |  0.87
        5310 |  0.97 |  1.00 |  0.90 |  0.88 |  0.99 |  0.95 |  0.87
        5310 |  0.97 |  1.00 |  0.90 |  0.88 |  0.99 |  0.95 |  0.87
        5310 |  0.97 |  1.00 |  0.90 |  0.88 |  0.99 |  0.95 |  0.87
        5310 |  0.97 |  1.00 |  0.90 |  0.88 |  0.99 |  0.95 |  0.87
        5310 |  0.97 |  1.00 |  0.90 |  0.88 |  0.99 |  0.95 |  0.87
        5310 |  0.97 |  1.00 |  0.90 |  0.88 |  0.99 |  0.95 |  0.87
        5310 |  0.97 |  1.00 |  0.90 |  0.88 |  0.99 |  0.95 |  0.87
        5310 |  0.97 |  1.00 |  0.90 |  0.88 |  0.99 |  0.95 |  0.87
        5310 |  0.97 |  1.00 |  0.90 |  0.88 |  0.99 |  0.95 |  0.87
        5310 |  0.97 |  1.00 |  0.90 |  0.88 |  0.99 |  0.95 |  0.87
        5310 |  0.97 |  1.00 |  0.90 |  0.88 |  0.99 |  0.95 |  0.87
        5310 |  0.97 |  1.00 |  0.90 |  0.88 |  0.99 |  0.95 |  0.87
        5310 |  0.97 |  1.00 |  0.90 |  0.88 |  0.99 |  0.95 |  0.87
        5310 |  0.97 |  1.00 |  0.90 |  0.88 |  0.99 |  0.95 |  0.87
        5310 |  0.97 |  1.00 |  0.90 |  0.88 |  0.99 |  0.95 |  0.87
        5310 |  0.97 |  1.00 |  0.90 |  0.88 |  0.99 |  0.95 |  0.87
        5310 |  0.97 |  1.00 |  0.90 |  0.88 |  0.99 |  0.95 |  0.87
        5310 |  0.97 |  1.00 |  0.90 |  0.88 |  0.99 |  0.95 |  0.87
        5310 |  0.97 |  1.00 |  0.90 |  0.88 |  0.99 |  0.95 |  0.87
        5310 |  0.97 |  1.00 |  0.90 |  0.88 |  0.99 |  0.95 |  0.87
        5310 |  0.97 |  1.00 |  0.90 |  0.88 |  0.99 |  0.95 |  0.87
        5310 |  0.97 |  1.00 |  0.90 |  0.88 |  0.99 |  0.95 |  0.87
        5310 |  0.97 |  1.00 |  0.90 |  0.88 |  0.99 |  0.95 |  0.87
        5310 |  0.97 |  1.00 |  0.90 |  0.88 |  0.99 |  0.95 |  0.87
        5310 |  0.97 |  1.00 |  0.90 |  0.88 |  0.99 |  0.95 |  0.87
        5310 |  0.97 |  1.00 |  0.90 |  0.88 |  0.99 |  0.95 |  0.87
        5310 |  0.97 |  1.00 |  0.90 |  0.88 |  0.99 |  0.95 |  0.87
        5310 |  0.97 |  1.00 |  0.90 |  0.88 |  0.99 |  0.95 |  0.87
        5310 |  0.97 |  1.00 |  0.90 |  0.88 |  0.99 |  0.95 |  0.87
        5310 |  0.97 |  1.00 |  0.90 |  0.88 |  0.99 |  0.95 |  0.87
        5310 |  0.97 |  1.00 |  0.90 |  0.88 |  0.99 |  0.95 |  0.87
        5310 |  0.97 |  1.00 |  0.90 |  0.88 |  0.99 |  0.95 |  0.87
        5310 |  0.97 |  1.00 |  0.90 |  0.88 |  0.99 |  0.95 |  0.87
        5310 |  0.97 |  1.00 |  0.90 |  0.88 |  0.99 |  0.95 |  0.87
        5310 |  0.97 |  1.00 |  0.90 |  0.88 |  0.99 |  0.95 |  0.87
        5310 |  0.97 |  1.00 |  0.90 |  0.88 |  0.99 |  0.95 |  0.87
        5310 |  0.97 |  1.00 |  0.90 |  0.88 |  0.99 |  0.95 |  0.87
        5310 |  0.97 |  1.00 |  0.90 |  0.88 |  0.99 |  0.95 |  0.87
        5310 |  0.97 |  1.00 |  0.90 |  0.88 |  0.99 |  0.95 |  0.87
        5311 |  1.13 |  1.09 |  1.03 |  0.88 |  0.98 |  1.05 |  0.84
        5311 |  1.13 |  1.09 |  1.03 |  0.88 |  0.98 |  1.05 |  0.84
        5311 |  1.13 |  1.09 |  1.03 |  0.88 |  0.98 |  1.05 |  0.84
        5311 |  1.13 |  1.09 |  1.03 |  0.88 |  0.98 |  1.05 |  0.84
        5311 |  1.13 |  1.09 |  1.03 |  0.88 |  0.98 |  1.05 |  0.84
        5311 |  1.13 |  1.09 |  1.03 |  0.88 |  0.98 |  1.05 |  0.84
        5311 |  1.13 |  1.09 |  1.03 |  0.88 |  0.98 |  1.05 |  0.84
        5311 |  1.13 |  1.09 |  1.03 |  0.88 |  0.98 |  1.05 |  0.84
        5311 |  1.13 |  1.09 |  1.03 |  0.88 |  0.98 |  1.05 |  0.84
        5311 |  1.13 |  1.09 |  1.03 |  0.88 |  0.98 |  1.05 |  0.84
        5311 |  1.13 |  1.09 |  1.03 |  0.88 |  0.98 |  1.05 |  0.84
        5311 |  1.13 |  1.09 |  1.03 |  0.88 |  0.98 |  1.05 |  0.84
        5311 |  1.13 |  1.09 |  1.03 |  0.88 |  0.98 |  1.05 |  0.84
        5311 |  1.13 |  1.09 |  1.03 |  0.88 |  0.98 |  1.05 |  0.84
        5311 |  1.13 |  1.09 |  1.03 |  0.88 |  0.98 |  1.05 |  0.84
        5311 |  1.13 |  1.09 |  1.03 |  0.88 |  0.98 |  1.05 |  0.84
        5311 |  1.13 |  1.09 |  1.03 |  0.88 |  0.98 |  1.05 |  0.84
        5311 |  1.13 |  1.09 |  1.03 |  0.88 |  0.98 |  1.05 |  0.84
        5311 |  1.13 |  1.09 |  1.03 |  0.88 |  0.98 |  1.05 |  0.84
        5311 |  1.13 |  1.09 |  1.03 |  0.88 |  0.98 |  1.05 |  0.84
        5311 |  1.13 |  1.09 |  1.03 |  0.88 |  0.98 |  1.05 |  0.84
        5311 |  1.13 |  1.09 |  1.03 |  0.88 |  0.98 |  1.05 |  0.84
        5311 |  1.13 |  1.09 |  1.03 |  0.88 |  0.98 |  1.05 |  0.84
        5311 |  1.13 |  1.09 |  1.03 |  0.88 |  0.98 |  1.05 |  0.84
        5311 |  1.13 |  1.09 |  1.03 |  0.88 |  0.98 |  1.05 |  0.84
        5311 |  1.13 |  1.09 |  1.03 |  0.88 |  0.98 |  1.05 |  0.84
        5311 |  1.13 |  1.09 |  1.03 |  0.88 |  0.98 |  1.05 |  0.84
        5311 |  1.13 |  1.09 |  1.03 |  0.88 |  0.98 |  1.05 |  0.84
        5311 |  1.13 |  1.09 |  1.03 |  0.88 |  0.98 |  1.05 |  0.84
        5311 |  1.13 |  1.09 |  1.03 |  0.88 |  0.98 |  1.05 |  0.84
        5311 |  1.13 |  1.09 |  1.03 |  0.88 |  0.98 |  1.05 |  0.84
        5311 |  1.13 |  1.09 |  1.03 |  0.88 |  0.98 |  1.05 |  0.84
        5311 |  1.13 |  1.09 |  1.03 |  0.88 |  0.98 |  1.05 |  0.84
        5311 |  1.13 |  1.09 |  1.03 |  0.88 |  0.98 |  1.05 |  0.84
        5311 |  1.13 |  1.09 |  1.03 |  0.88 |  0.98 |  1.05 |  0.84
        5311 |  1.13 |  1.09 |  1.03 |  0.88 |  0.98 |  1.05 |  0.84
        5311 |  1.13 |  1.09 |  1.03 |  0.88 |  0.98 |  1.05 |  0.84
        5311 |  1.13 |  1.09 |  1.03 |  0.88 |  0.98 |  1.05 |  0.84
        5311 |  1.13 |  1.09 |  1.03 |  0.88 |  0.98 |  1.05 |  0.84
        5311 |  1.13 |  1.09 |  1.03 |  0.88 |  0.98 |  1.05 |  0.84
        5311 |  1.13 |  1.09 |  1.03 |  0.88 |  0.98 |  1.05 |  0.84
        5311 |  1.13 |  1.09 |  1.03 |  0.88 |  0.98 |  1.05 |  0.84
        5311 |  1.13 |  1.09 |  1.03 |  0.88 |  0.98 |  1.05 |  0.84
        5311 |  1.13 |  1.09 |  1.03 |  0.88 |  0.98 |  1.05 |  0.84
        5311 |  1.13 |  1.09 |  1.03 |  0.88 |  0.98 |  1.05 |  0.84
        5311 |  1.13 |  1.09 |  1.03 |  0.88 |  0.98 |  1.05 |  0.84
        5311 |  1.13 |  1.09 |  1.03 |  0.88 |  0.98 |  1.05 |  0.84
        5311 |  1.13 |  1.09 |  1.03 |  0.88 |  0.98 |  1.05 |  0.84
        5311 |  1.13 |  1.09 |  1.03 |  0.88 |  0.98 |  1.05 |  0.84
        5312 |  0.96 |  1.08 |  1.05 |  1.12 |  1.00 |  1.07 |  1.09
        5312 |  0.96 |  1.08 |  1.05 |  1.12 |  1.00 |  1.07 |  1.09
        5312 |  0.96 |  1.08 |  1.05 |  1.12 |  1.00 |  1.07 |  1.09
        5312 |  0.96 |  1.08 |  1.05 |  1.12 |  1.00 |  1.07 |  1.09
        5312 |  0.96 |  1.08 |  1.05 |  1.12 |  1.00 |  1.07 |  1.09
        5312 |  0.96 |  1.08 |  1.05 |  1.12 |  1.00 |  1.07 |  1.09
        5312 |  0.96 |  1.08 |  1.05 |  1.12 |  1.00 |  1.07 |  1.09
        5312 |  0.96 |  1.08 |  1.05 |  1.12 |  1.00 |  1.07 |  1.09
        5312 |  0.96 |  1.08 |  1.05 |  1.12 |  1.00 |  1.07 |  1.09
        5312 |  0.96 |  1.08 |  1.05 |  1.12 |  1.00 |  1.07 |  1.09
        5312 |  0.96 |  1.08 |  1.05 |  1.12 |  1.00 |  1.07 |  1.09
        5312 |  0.96 |  1.08 |  1.05 |  1.12 |  1.00 |  1.07 |  1.09
        5312 |  0.96 |  1.08 |  1.05 |  1.12 |  1.00 |  1.07 |  1.09
        5312 |  0.96 |  1.08 |  1.05 |  1.12 |  1.00 |  1.07 |  1.09
        5312 |  0.96 |  1.08 |  1.05 |  1.12 |  1.00 |  1.07 |  1.09
        5312 |  0.96 |  1.08 |  1.05 |  1.12 |  1.00 |  1.07 |  1.09
        5312 |  0.96 |  1.08 |  1.05 |  1.12 |  1.00 |  1.07 |  1.09
        5312 |  0.96 |  1.08 |  1.05 |  1.12 |  1.00 |  1.07 |  1.09
        5312 |  0.96 |  1.08 |  1.05 |  1.12 |  1.00 |  1.07 |  1.09
        5312 |  0.96 |  1.08 |  1.05 |  1.12 |  1.00 |  1.07 |  1.09
        5312 |  0.96 |  1.08 |  1.05 |  1.12 |  1.00 |  1.07 |  1.09
        5312 |  0.96 |  1.08 |  1.05 |  1.12 |  1.00 |  1.07 |  1.09
        5312 |  0.96 |  1.08 |  1.05 |  1.12 |  1.00 |  1.07 |  1.09
        5312 |  0.96 |  1.08 |  1.05 |  1.12 |  1.00 |  1.07 |  1.09
        5312 |  0.96 |  1.08 |  1.05 |  1.12 |  1.00 |  1.07 |  1.09
        5312 |  0.96 |  1.08 |  1.05 |  1.12 |  1.00 |  1.07 |  1.09
        5312 |  0.96 |  1.08 |  1.05 |  1.12 |  1.00 |  1.07 |  1.09
        5312 |  0.96 |  1.08 |  1.05 |  1.12 |  1.00 |  1.07 |  1.09
        5312 |  0.96 |  1.08 |  1.05 |  1.12 |  1.00 |  1.07 |  1.09
        5312 |  0.96 |  1.08 |  1.05 |  1.12 |  1.00 |  1.07 |  1.09
        5312 |  0.96 |  1.08 |  1.05 |  1.12 |  1.00 |  1.07 |  1.09
        5312 |  0.96 |  1.08 |  1.05 |  1.12 |  1.00 |  1.07 |  1.09
        5312 |  0.96 |  1.08 |  1.05 |  1.12 |  1.00 |  1.07 |  1.09
        5312 |  0.96 |  1.08 |  1.05 |  1.12 |  1.00 |  1.07 |  1.09
        5312 |  0.96 |  1.08 |  1.05 |  1.12 |  1.00 |  1.07 |  1.09
        5312 |  0.96 |  1.08 |  1.05 |  1.12 |  1.00 |  1.07 |  1.09
        5312 |  0.96 |  1.08 |  1.05 |  1.12 |  1.00 |  1.07 |  1.09
        5312 |  0.96 |  1.08 |  1.05 |  1.12 |  1.00 |  1.07 |  1.09
        5312 |  0.96 |  1.08 |  1.05 |  1.12 |  1.00 |  1.07 |  1.09
        5312 |  0.96 |  1.08 |  1.05 |  1.12 |  1.00 |  1.07 |  1.09
        5312 |  0.96 |  1.08 |  1.05 |  1.12 |  1.00 |  1.07 |  1.09
        5312 |  0.96 |  1.08 |  1.05 |  1.12 |  1.00 |  1.07 |  1.09
        5312 |  0.96 |  1.08 |  1.05 |  1.12 |  1.00 |  1.07 |  1.09
        5312 |  0.96 |  1.08 |  1.05 |  1.12 |  1.00 |  1.07 |  1.09
        5312 |  0.96 |  1.08 |  1.05 |  1.12 |  1.00 |  1.07 |  1.09
        5312 |  0.96 |  1.08 |  1.05 |  1.12 |  1.00 |  1.07 |  1.09
        5312 |  0.96 |  1.08 |  1.05 |  1.12 |  1.00 |  1.07 |  1.09
        5312 |  0.96 |  1.08 |  1.05 |  1.12 |  1.00 |  1.07 |  1.09
        5312 |  0.96 |  1.08 |  1.05 |  1.12 |  1.00 |  1.07 |  1.09
        5313 |  0.64 |  0.58 |  0.98 |  0.86 |  1.06 |  1.19 |  0.74
        5313 |  0.64 |  0.58 |  0.98 |  0.86 |  1.06 |  1.19 |  0.74
        5313 |  0.64 |  0.58 |  0.98 |  0.86 |  1.06 |  1.19 |  0.74
        5313 |  0.64 |  0.58 |  0.98 |  0.86 |  1.06 |  1.19 |  0.74
        5313 |  0.64 |  0.58 |  0.98 |  0.86 |  1.06 |  1.19 |  0.74
        5313 |  0.64 |  0.58 |  0.98 |  0.86 |  1.06 |  1.19 |  0.74
        5313 |  0.64 |  0.58 |  0.98 |  0.86 |  1.06 |  1.19 |  0.74
        5313 |  0.64 |  0.58 |  0.98 |  0.86 |  1.06 |  1.19 |  0.74
        5313 |  0.64 |  0.58 |  0.98 |  0.86 |  1.06 |  1.19 |  0.74
        5313 |  0.64 |  0.58 |  0.98 |  0.86 |  1.06 |  1.19 |  0.74
        5313 |  0.64 |  0.58 |  0.98 |  0.86 |  1.06 |  1.19 |  0.74
        5313 |  0.64 |  0.58 |  0.98 |  0.86 |  1.06 |  1.19 |  0.74
        5313 |  0.64 |  0.58 |  0.98 |  0.86 |  1.06 |  1.19 |  0.74
        5313 |  0.64 |  0.58 |  0.98 |  0.86 |  1.06 |  1.19 |  0.74
        5313 |  0.64 |  0.58 |  0.98 |  0.86 |  1.06 |  1.19 |  0.74
        5313 |  0.64 |  0.58 |  0.98 |  0.86 |  1.06 |  1.19 |  0.74
        5313 |  0.64 |  0.58 |  0.98 |  0.86 |  1.06 |  1.19 |  0.74
        5313 |  0.64 |  0.58 |  0.98 |  0.86 |  1.06 |  1.19 |  0.74
        5313 |  0.64 |  0.58 |  0.98 |  0.86 |  1.06 |  1.19 |  0.74
        5313 |  0.64 |  0.58 |  0.98 |  0.86 |  1.06 |  1.19 |  0.74
        5313 |  0.64 |  0.58 |  0.98 |  0.86 |  1.06 |  1.19 |  0.74
        5313 |  0.64 |  0.58 |  0.98 |  0.86 |  1.06 |  1.19 |  0.74
        5313 |  0.64 |  0.58 |  0.98 |  0.86 |  1.06 |  1.19 |  0.74
        5313 |  0.64 |  0.58 |  0.98 |  0.86 |  1.06 |  1.19 |  0.74
        5313 |  0.64 |  0.58 |  0.98 |  0.86 |  1.06 |  1.19 |  0.74
        5313 |  0.64 |  0.58 |  0.98 |  0.86 |  1.06 |  1.19 |  0.74
        5313 |  0.64 |  0.58 |  0.98 |  0.86 |  1.06 |  1.19 |  0.74
        5313 |  0.64 |  0.58 |  0.98 |  0.86 |  1.06 |  1.19 |  0.74
        5313 |  0.64 |  0.58 |  0.98 |  0.86 |  1.06 |  1.19 |  0.74
        5313 |  0.64 |  0.58 |  0.98 |  0.86 |  1.06 |  1.19 |  0.74
        5313 |  0.64 |  0.58 |  0.98 |  0.86 |  1.06 |  1.19 |  0.74
        5313 |  0.64 |  0.58 |  0.98 |  0.86 |  1.06 |  1.19 |  0.74
        5313 |  0.64 |  0.58 |  0.98 |  0.86 |  1.06 |  1.19 |  0.74
        5313 |  0.64 |  0.58 |  0.98 |  0.86 |  1.06 |  1.19 |  0.74
        5313 |  0.64 |  0.58 |  0.98 |  0.86 |  1.06 |  1.19 |  0.74
        5313 |  0.64 |  0.58 |  0.98 |  0.86 |  1.06 |  1.19 |  0.74
        5313 |  0.64 |  0.58 |  0.98 |  0.86 |  1.06 |  1.19 |  0.74
        5313 |  0.64 |  0.58 |  0.98 |  0.86 |  1.06 |  1.19 |  0.74
        5313 |  0.64 |  0.58 |  0.98 |  0.86 |  1.06 |  1.19 |  0.74
        5313 |  0.64 |  0.58 |  0.98 |  0.86 |  1.06 |  1.19 |  0.74
        5313 |  0.64 |  0.58 |  0.98 |  0.86 |  1.06 |  1.19 |  0.74
        5313 |  0.64 |  0.58 |  0.98 |  0.86 |  1.06 |  1.19 |  0.74
        5313 |  0.64 |  0.58 |  0.98 |  0.86 |  1.06 |  1.19 |  0.74
        5313 |  0.64 |  0.58 |  0.98 |  0.86 |  1.06 |  1.19 |  0.74
        5313 |  0.64 |  0.58 |  0.98 |  0.86 |  1.06 |  1.19 |  0.74
        5313 |  0.64 |  0.58 |  0.98 |  0.86 |  1.06 |  1.19 |  0.74
        5313 |  0.64 |  0.58 |  0.98 |  0.86 |  1.06 |  1.19 |  0.74
        5313 |  0.64 |  0.58 |  0.98 |  0.86 |  1.06 |  1.19 |  0.74
        5313 |  0.64 |  0.58 |  0.98 |  0.86 |  1.06 |  1.19 |  0.74
        5314 |  1.02 |  1.02 |  0.60 |  0.73 |  0.61 |  0.91 |  0.84
        5314 |  1.02 |  1.02 |  0.60 |  0.73 |  0.61 |  0.91 |  0.84
        5314 |  1.02 |  1.02 |  0.60 |  0.73 |  0.61 |  0.91 |  0.84
        5314 |  1.02 |  1.02 |  0.60 |  0.73 |  0.61 |  0.91 |  0.84
        5314 |  1.02 |  1.02 |  0.60 |  0.73 |  0.61 |  0.91 |  0.84
        5314 |  1.02 |  1.02 |  0.60 |  0.73 |  0.61 |  0.91 |  0.84
        5314 |  1.02 |  1.02 |  0.60 |  0.73 |  0.61 |  0.91 |  0.84
        5314 |  1.02 |  1.02 |  0.60 |  0.73 |  0.61 |  0.91 |  0.84
        5314 |  1.02 |  1.02 |  0.60 |  0.73 |  0.61 |  0.91 |  0.84
        5314 |  1.02 |  1.02 |  0.60 |  0.73 |  0.61 |  0.91 |  0.84
        5314 |  1.02 |  1.02 |  0.60 |  0.73 |  0.61 |  0.91 |  0.84
        5314 |  1.02 |  1.02 |  0.60 |  0.73 |  0.61 |  0.91 |  0.84
        5314 |  1.02 |  1.02 |  0.60 |  0.73 |  0.61 |  0.91 |  0.84
        5314 |  1.02 |  1.02 |  0.60 |  0.73 |  0.61 |  0.91 |  0.84
        5314 |  1.02 |  1.02 |  0.60 |  0.73 |  0.61 |  0.91 |  0.84
        5314 |  1.02 |  1.02 |  0.60 |  0.73 |  0.61 |  0.91 |  0.84
        5314 |  1.02 |  1.02 |  0.60 |  0.73 |  0.61 |  0.91 |  0.84
        5314 |  1.02 |  1.02 |  0.60 |  0.73 |  0.61 |  0.91 |  0.84
        5314 |  1.02 |  1.02 |  0.60 |  0.73 |  0.61 |  0.91 |  0.84
        5314 |  1.02 |  1.02 |  0.60 |  0.73 |  0.61 |  0.91 |  0.84
        5314 |  1.02 |  1.02 |  0.60 |  0.73 |  0.61 |  0.91 |  0.84
        5314 |  1.02 |  1.02 |  0.60 |  0.73 |  0.61 |  0.91 |  0.84
        5314 |  1.02 |  1.02 |  0.60 |  0.73 |  0.61 |  0.91 |  0.84
        5314 |  1.02 |  1.02 |  0.60 |  0.73 |  0.61 |  0.91 |  0.84
        5314 |  1.02 |  1.02 |  0.60 |  0.73 |  0.61 |  0.91 |  0.84
        5314 |  1.02 |  1.02 |  0.60 |  0.73 |  0.61 |  0.91 |  0.84
        5314 |  1.02 |  1.02 |  0.60 |  0.73 |  0.61 |  0.91 |  0.84
        5314 |  1.02 |  1.02 |  0.60 |  0.73 |  0.61 |  0.91 |  0.84
        5314 |  1.02 |  1.02 |  0.60 |  0.73 |  0.61 |  0.91 |  0.84
        5314 |  1.02 |  1.02 |  0.60 |  0.73 |  0.61 |  0.91 |  0.84
        5314 |  1.02 |  1.02 |  0.60 |  0.73 |  0.61 |  0.91 |  0.84
        5314 |  1.02 |  1.02 |  0.60 |  0.73 |  0.61 |  0.91 |  0.84
        5314 |  1.02 |  1.02 |  0.60 |  0.73 |  0.61 |  0.91 |  0.84
        5314 |  1.02 |  1.02 |  0.60 |  0.73 |  0.61 |  0.91 |  0.84
        5314 |  1.02 |  1.02 |  0.60 |  0.73 |  0.61 |  0.91 |  0.84
        5314 |  1.02 |  1.02 |  0.60 |  0.73 |  0.61 |  0.91 |  0.84
        5314 |  1.02 |  1.02 |  0.60 |  0.73 |  0.61 |  0.91 |  0.84
        5314 |  1.02 |  1.02 |  0.60 |  0.73 |  0.61 |  0.91 |  0.84
        5314 |  1.02 |  1.02 |  0.60 |  0.73 |  0.61 |  0.91 |  0.84
        5314 |  1.02 |  1.02 |  0.60 |  0.73 |  0.61 |  0.91 |  0.84
        5314 |  1.02 |  1.02 |  0.60 |  0.73 |  0.61 |  0.91 |  0.84
        5314 |  1.02 |  1.02 |  0.60 |  0.73 |  0.61 |  0.91 |  0.84
        5314 |  1.02 |  1.02 |  0.60 |  0.73 |  0.61 |  0.91 |  0.84
        5314 |  1.02 |  1.02 |  0.60 |  0.73 |  0.61 |  0.91 |  0.84
        5314 |  1.02 |  1.02 |  0.60 |  0.73 |  0.61 |  0.91 |  0.84
        5314 |  1.02 |  1.02 |  0.60 |  0.73 |  0.61 |  0.91 |  0.84
        5314 |  1.02 |  1.02 |  0.60 |  0.73 |  0.61 |  0.91 |  0.84
        5314 |  1.02 |  1.02 |  0.60 |  0.73 |  0.61 |  0.91 |  0.84
        5314 |  1.02 |  1.02 |  0.60 |  0.73 |  0.61 |  0.91 |  0.84
        5315 |  1.06 |  0.95 |  0.93 |  0.97 |  1.10 |  0.99 |  1.02
        5315 |  1.06 |  0.95 |  0.93 |  0.97 |  1.10 |  0.99 |  1.02
        5315 |  1.06 |  0.95 |  0.93 |  0.97 |  1.10 |  0.99 |  1.02
        5315 |  1.06 |  0.95 |  0.93 |  0.97 |  1.10 |  0.99 |  1.02
        5315 |  1.06 |  0.95 |  0.93 |  0.97 |  1.10 |  0.99 |  1.02
        5315 |  1.06 |  0.95 |  0.93 |  0.97 |  1.10 |  0.99 |  1.02
        5315 |  1.06 |  0.95 |  0.93 |  0.97 |  1.10 |  0.99 |  1.02
        5315 |  1.06 |  0.95 |  0.93 |  0.97 |  1.10 |  0.99 |  1.02
        5315 |  1.06 |  0.95 |  0.93 |  0.97 |  1.10 |  0.99 |  1.02
        5315 |  1.06 |  0.95 |  0.93 |  0.97 |  1.10 |  0.99 |  1.02
        5315 |  1.06 |  0.95 |  0.93 |  0.97 |  1.10 |  0.99 |  1.02
        5315 |  1.06 |  0.95 |  0.93 |  0.97 |  1.10 |  0.99 |  1.02
        5315 |  1.06 |  0.95 |  0.93 |  0.97 |  1.10 |  0.99 |  1.02
        5315 |  1.06 |  0.95 |  0.93 |  0.97 |  1.10 |  0.99 |  1.02
        5315 |  1.06 |  0.95 |  0.93 |  0.97 |  1.10 |  0.99 |  1.02
        5315 |  1.06 |  0.95 |  0.93 |  0.97 |  1.10 |  0.99 |  1.02
        5315 |  1.06 |  0.95 |  0.93 |  0.97 |  1.10 |  0.99 |  1.02
        5315 |  1.06 |  0.95 |  0.93 |  0.97 |  1.10 |  0.99 |  1.02
        5315 |  1.06 |  0.95 |  0.93 |  0.97 |  1.10 |  0.99 |  1.02
        5315 |  1.06 |  0.95 |  0.93 |  0.97 |  1.10 |  0.99 |  1.02
        5315 |  1.06 |  0.95 |  0.93 |  0.97 |  1.10 |  0.99 |  1.02
        5315 |  1.06 |  0.95 |  0.93 |  0.97 |  1.10 |  0.99 |  1.02
        5315 |  1.06 |  0.95 |  0.93 |  0.97 |  1.10 |  0.99 |  1.02
        5315 |  1.06 |  0.95 |  0.93 |  0.97 |  1.10 |  0.99 |  1.02
        5315 |  1.06 |  0.95 |  0.93 |  0.97 |  1.10 |  0.99 |  1.02
        5315 |  1.06 |  0.95 |  0.93 |  0.97 |  1.10 |  0.99 |  1.02
        5315 |  1.06 |  0.95 |  0.93 |  0.97 |  1.10 |  0.99 |  1.02
        5315 |  1.06 |  0.95 |  0.93 |  0.97 |  1.10 |  0.99 |  1.02
        5315 |  1.06 |  0.95 |  0.93 |  0.97 |  1.10 |  0.99 |  1.02
        5315 |  1.06 |  0.95 |  0.93 |  0.97 |  1.10 |  0.99 |  1.02
        5315 |  1.06 |  0.95 |  0.93 |  0.97 |  1.10 |  0.99 |  1.02
        5315 |  1.06 |  0.95 |  0.93 |  0.97 |  1.10 |  0.99 |  1.02
        5315 |  1.06 |  0.95 |  0.93 |  0.97 |  1.10 |  0.99 |  1.02
        5315 |  1.06 |  0.95 |  0.93 |  0.97 |  1.10 |  0.99 |  1.02
        5315 |  1.06 |  0.95 |  0.93 |  0.97 |  1.10 |  0.99 |  1.02
        5315 |  1.06 |  0.95 |  0.93 |  0.97 |  1.10 |  0.99 |  1.02
        5315 |  1.06 |  0.95 |  0.93 |  0.97 |  1.10 |  0.99 |  1.02
        5315 |  1.06 |  0.95 |  0.93 |  0.97 |  1.10 |  0.99 |  1.02
        5315 |  1.06 |  0.95 |  0.93 |  0.97 |  1.10 |  0.99 |  1.02
        5315 |  1.06 |  0.95 |  0.93 |  0.97 |  1.10 |  0.99 |  1.02
        5315 |  1.06 |  0.95 |  0.93 |  0.97 |  1.10 |  0.99 |  1.02
        5315 |  1.06 |  0.95 |  0.93 |  0.97 |  1.10 |  0.99 |  1.02
        5315 |  1.06 |  0.95 |  0.93 |  0.97 |  1.10 |  0.99 |  1.02
        5315 |  1.06 |  0.95 |  0.93 |  0.97 |  1.10 |  0.99 |  1.02
        5315 |  1.06 |  0.95 |  0.93 |  0.97 |  1.10 |  0.99 |  1.02
        5315 |  1.06 |  0.95 |  0.93 |  0.97 |  1.10 |  0.99 |  1.02
        5315 |  1.06 |  0.95 |  0.93 |  0.97 |  1.10 |  0.99 |  1.02
        5315 |  1.06 |  0.95 |  0.93 |  0.97 |  1.10 |  0.99 |  1.02
        5315 |  1.06 |  0.95 |  0.93 |  0.97 |  1.10 |  0.99 |  1.02
        5316 |  0.97 |  1.06 |  1.02 |  1.02 |  1.02 |  1.02 |  1.11
        5316 |  0.97 |  1.06 |  1.02 |  1.02 |  1.02 |  1.02 |  1.11
        5316 |  0.97 |  1.06 |  1.02 |  1.02 |  1.02 |  1.02 |  1.11
        5316 |  0.97 |  1.06 |  1.02 |  1.02 |  1.02 |  1.02 |  1.11
        5316 |  0.97 |  1.06 |  1.02 |  1.02 |  1.02 |  1.02 |  1.11
        5316 |  0.97 |  1.06 |  1.02 |  1.02 |  1.02 |  1.02 |  1.11
        5316 |  0.97 |  1.06 |  1.02 |  1.02 |  1.02 |  1.02 |  1.11
        5316 |  0.97 |  1.06 |  1.02 |  1.02 |  1.02 |  1.02 |  1.11
        5316 |  0.97 |  1.06 |  1.02 |  1.02 |  1.02 |  1.02 |  1.11
        5316 |  0.97 |  1.06 |  1.02 |  1.02 |  1.02 |  1.02 |  1.11
        5316 |  0.97 |  1.06 |  1.02 |  1.02 |  1.02 |  1.02 |  1.11
        5316 |  0.97 |  1.06 |  1.02 |  1.02 |  1.02 |  1.02 |  1.11
        5316 |  0.97 |  1.06 |  1.02 |  1.02 |  1.02 |  1.02 |  1.11
        5316 |  0.97 |  1.06 |  1.02 |  1.02 |  1.02 |  1.02 |  1.11
        5316 |  0.97 |  1.06 |  1.02 |  1.02 |  1.02 |  1.02 |  1.11
        5316 |  0.97 |  1.06 |  1.02 |  1.02 |  1.02 |  1.02 |  1.11
        5316 |  0.97 |  1.06 |  1.02 |  1.02 |  1.02 |  1.02 |  1.11
        5316 |  0.97 |  1.06 |  1.02 |  1.02 |  1.02 |  1.02 |  1.11
        5316 |  0.97 |  1.06 |  1.02 |  1.02 |  1.02 |  1.02 |  1.11
        5316 |  0.97 |  1.06 |  1.02 |  1.02 |  1.02 |  1.02 |  1.11
        5316 |  0.97 |  1.06 |  1.02 |  1.02 |  1.02 |  1.02 |  1.11
        5316 |  0.97 |  1.06 |  1.02 |  1.02 |  1.02 |  1.02 |  1.11
        5316 |  0.97 |  1.06 |  1.02 |  1.02 |  1.02 |  1.02 |  1.11
        5316 |  0.97 |  1.06 |  1.02 |  1.02 |  1.02 |  1.02 |  1.11
        5316 |  0.97 |  1.06 |  1.02 |  1.02 |  1.02 |  1.02 |  1.11
        5316 |  0.97 |  1.06 |  1.02 |  1.02 |  1.02 |  1.02 |  1.11
        5316 |  0.97 |  1.06 |  1.02 |  1.02 |  1.02 |  1.02 |  1.11
        5316 |  0.97 |  1.06 |  1.02 |  1.02 |  1.02 |  1.02 |  1.11
        5316 |  0.97 |  1.06 |  1.02 |  1.02 |  1.02 |  1.02 |  1.11
        5316 |  0.97 |  1.06 |  1.02 |  1.02 |  1.02 |  1.02 |  1.11
        5316 |  0.97 |  1.06 |  1.02 |  1.02 |  1.02 |  1.02 |  1.11
        5316 |  0.97 |  1.06 |  1.02 |  1.02 |  1.02 |  1.02 |  1.11
        5316 |  0.97 |  1.06 |  1.02 |  1.02 |  1.02 |  1.02 |  1.11
        5316 |  0.97 |  1.06 |  1.02 |  1.02 |  1.02 |  1.02 |  1.11
        5316 |  0.97 |  1.06 |  1.02 |  1.02 |  1.02 |  1.02 |  1.11
        5316 |  0.97 |  1.06 |  1.02 |  1.02 |  1.02 |  1.02 |  1.11
        5316 |  0.97 |  1.06 |  1.02 |  1.02 |  1.02 |  1.02 |  1.11
        5316 |  0.97 |  1.06 |  1.02 |  1.02 |  1.02 |  1.02 |  1.11
        5316 |  0.97 |  1.06 |  1.02 |  1.02 |  1.02 |  1.02 |  1.11
        5316 |  0.97 |  1.06 |  1.02 |  1.02 |  1.02 |  1.02 |  1.11
        5316 |  0.97 |  1.06 |  1.02 |  1.02 |  1.02 |  1.02 |  1.11
        5316 |  0.97 |  1.06 |  1.02 |  1.02 |  1.02 |  1.02 |  1.11
        5316 |  0.97 |  1.06 |  1.02 |  1.02 |  1.02 |  1.02 |  1.11
        5316 |  0.97 |  1.06 |  1.02 |  1.02 |  1.02 |  1.02 |  1.11
        5316 |  0.97 |  1.06 |  1.02 |  1.02 |  1.02 |  1.02 |  1.11
        5316 |  0.97 |  1.06 |  1.02 |  1.02 |  1.02 |  1.02 |  1.11
        5316 |  0.97 |  1.06 |  1.02 |  1.02 |  1.02 |  1.02 |  1.11
        5316 |  0.97 |  1.06 |  1.02 |  1.02 |  1.02 |  1.02 |  1.11
        5316 |  0.97 |  1.06 |  1.02 |  1.02 |  1.02 |  1.02 |  1.11
        5317 |  1.12 |  1.11 |  1.06 |  1.07 |  0.96 |  0.82 |  0.96
        5317 |  1.12 |  1.11 |  1.06 |  1.07 |  0.96 |  0.82 |  0.96
        5317 |  1.12 |  1.11 |  1.06 |  1.07 |  0.96 |  0.82 |  0.96
        5317 |  1.12 |  1.11 |  1.06 |  1.07 |  0.96 |  0.82 |  0.96
        5317 |  1.12 |  1.11 |  1.06 |  1.07 |  0.96 |  0.82 |  0.96
        5317 |  1.12 |  1.11 |  1.06 |  1.07 |  0.96 |  0.82 |  0.96
        5317 |  1.12 |  1.11 |  1.06 |  1.07 |  0.96 |  0.82 |  0.96
        5317 |  1.12 |  1.11 |  1.06 |  1.07 |  0.96 |  0.82 |  0.96
        5317 |  1.12 |  1.11 |  1.06 |  1.07 |  0.96 |  0.82 |  0.96
        5317 |  1.12 |  1.11 |  1.06 |  1.07 |  0.96 |  0.82 |  0.96
        5317 |  1.12 |  1.11 |  1.06 |  1.07 |  0.96 |  0.82 |  0.96
        5317 |  1.12 |  1.11 |  1.06 |  1.07 |  0.96 |  0.82 |  0.96
        5317 |  1.12 |  1.11 |  1.06 |  1.07 |  0.96 |  0.82 |  0.96
        5317 |  1.12 |  1.11 |  1.06 |  1.07 |  0.96 |  0.82 |  0.96
        5317 |  1.12 |  1.11 |  1.06 |  1.07 |  0.96 |  0.82 |  0.96
        5317 |  1.12 |  1.11 |  1.06 |  1.07 |  0.96 |  0.82 |  0.96
        5317 |  1.12 |  1.11 |  1.06 |  1.07 |  0.96 |  0.82 |  0.96
        5317 |  1.12 |  1.11 |  1.06 |  1.07 |  0.96 |  0.82 |  0.96
        5317 |  1.12 |  1.11 |  1.06 |  1.07 |  0.96 |  0.82 |  0.96
        5317 |  1.12 |  1.11 |  1.06 |  1.07 |  0.96 |  0.82 |  0.96
        5317 |  1.12 |  1.11 |  1.06 |  1.07 |  0.96 |  0.82 |  0.96
        5317 |  1.12 |  1.11 |  1.06 |  1.07 |  0.96 |  0.82 |  0.96
        5317 |  1.12 |  1.11 |  1.06 |  1.07 |  0.96 |  0.82 |  0.96
        5317 |  1.12 |  1.11 |  1.06 |  1.07 |  0.96 |  0.82 |  0.96
        5317 |  1.12 |  1.11 |  1.06 |  1.07 |  0.96 |  0.82 |  0.96
        5317 |  1.12 |  1.11 |  1.06 |  1.07 |  0.96 |  0.82 |  0.96
        5317 |  1.12 |  1.11 |  1.06 |  1.07 |  0.96 |  0.82 |  0.96
        5317 |  1.12 |  1.11 |  1.06 |  1.07 |  0.96 |  0.82 |  0.96
        5317 |  1.12 |  1.11 |  1.06 |  1.07 |  0.96 |  0.82 |  0.96
        5317 |  1.12 |  1.11 |  1.06 |  1.07 |  0.96 |  0.82 |  0.96
        5317 |  1.12 |  1.11 |  1.06 |  1.07 |  0.96 |  0.82 |  0.96
        5317 |  1.12 |  1.11 |  1.06 |  1.07 |  0.96 |  0.82 |  0.96
        5317 |  1.12 |  1.11 |  1.06 |  1.07 |  0.96 |  0.82 |  0.96
        5317 |  1.12 |  1.11 |  1.06 |  1.07 |  0.96 |  0.82 |  0.96
        5317 |  1.12 |  1.11 |  1.06 |  1.07 |  0.96 |  0.82 |  0.96
        5317 |  1.12 |  1.11 |  1.06 |  1.07 |  0.96 |  0.82 |  0.96
        5317 |  1.12 |  1.11 |  1.06 |  1.07 |  0.96 |  0.82 |  0.96
        5317 |  1.12 |  1.11 |  1.06 |  1.07 |  0.96 |  0.82 |  0.96
        5317 |  1.12 |  1.11 |  1.06 |  1.07 |  0.96 |  0.82 |  0.96
        5317 |  1.12 |  1.11 |  1.06 |  1.07 |  0.96 |  0.82 |  0.96
        5317 |  1.12 |  1.11 |  1.06 |  1.07 |  0.96 |  0.82 |  0.96
        5317 |  1.12 |  1.11 |  1.06 |  1.07 |  0.96 |  0.82 |  0.96
        5317 |  1.12 |  1.11 |  1.06 |  1.07 |  0.96 |  0.82 |  0.96
        5317 |  1.12 |  1.11 |  1.06 |  1.07 |  0.96 |  0.82 |  0.96
        5317 |  1.12 |  1.11 |  1.06 |  1.07 |  0.96 |  0.82 |  0.96
        5317 |  1.12 |  1.11 |  1.06 |  1.07 |  0.96 |  0.82 |  0.96
        5317 |  1.12 |  1.11 |  1.06 |  1.07 |  0.96 |  0.82 |  0.96
        5317 |  1.12 |  1.11 |  1.06 |  1.07 |  0.96 |  0.82 |  0.96
        5317 |  1.12 |  1.11 |  1.06 |  1.07 |  0.96 |  0.82 |  0.96
        5318 |  1.08 |  1.00 |  1.06 |  0.91 |  1.01 |  1.03 |  0.94
        5318 |  1.08 |  1.00 |  1.06 |  0.91 |  1.01 |  1.03 |  0.94
        5318 |  1.08 |  1.00 |  1.06 |  0.91 |  1.01 |  1.03 |  0.94
        5318 |  1.08 |  1.00 |  1.06 |  0.91 |  1.01 |  1.03 |  0.94
        5318 |  1.08 |  1.00 |  1.06 |  0.91 |  1.01 |  1.03 |  0.94
        5318 |  1.08 |  1.00 |  1.06 |  0.91 |  1.01 |  1.03 |  0.94
        5318 |  1.08 |  1.00 |  1.06 |  0.91 |  1.01 |  1.03 |  0.94
        5318 |  1.08 |  1.00 |  1.06 |  0.91 |  1.01 |  1.03 |  0.94
        5318 |  1.08 |  1.00 |  1.06 |  0.91 |  1.01 |  1.03 |  0.94
        5318 |  1.08 |  1.00 |  1.06 |  0.91 |  1.01 |  1.03 |  0.94
        5318 |  1.08 |  1.00 |  1.06 |  0.91 |  1.01 |  1.03 |  0.94
        5318 |  1.08 |  1.00 |  1.06 |  0.91 |  1.01 |  1.03 |  0.94
        5318 |  1.08 |  1.00 |  1.06 |  0.91 |  1.01 |  1.03 |  0.94
        5318 |  1.08 |  1.00 |  1.06 |  0.91 |  1.01 |  1.03 |  0.94
        5318 |  1.08 |  1.00 |  1.06 |  0.91 |  1.01 |  1.03 |  0.94
        5318 |  1.08 |  1.00 |  1.06 |  0.91 |  1.01 |  1.03 |  0.94
        5318 |  1.08 |  1.00 |  1.06 |  0.91 |  1.01 |  1.03 |  0.94
        5318 |  1.08 |  1.00 |  1.06 |  0.91 |  1.01 |  1.03 |  0.94
        5318 |  1.08 |  1.00 |  1.06 |  0.91 |  1.01 |  1.03 |  0.94
        5318 |  1.08 |  1.00 |  1.06 |  0.91 |  1.01 |  1.03 |  0.94
        5318 |  1.08 |  1.00 |  1.06 |  0.91 |  1.01 |  1.03 |  0.94
        5318 |  1.08 |  1.00 |  1.06 |  0.91 |  1.01 |  1.03 |  0.94
        5318 |  1.08 |  1.00 |  1.06 |  0.91 |  1.01 |  1.03 |  0.94
        5318 |  1.08 |  1.00 |  1.06 |  0.91 |  1.01 |  1.03 |  0.94
        5318 |  1.08 |  1.00 |  1.06 |  0.91 |  1.01 |  1.03 |  0.94
        5318 |  1.08 |  1.00 |  1.06 |  0.91 |  1.01 |  1.03 |  0.94
        5318 |  1.08 |  1.00 |  1.06 |  0.91 |  1.01 |  1.03 |  0.94
        5318 |  1.08 |  1.00 |  1.06 |  0.91 |  1.01 |  1.03 |  0.94
        5318 |  1.08 |  1.00 |  1.06 |  0.91 |  1.01 |  1.03 |  0.94
        5318 |  1.08 |  1.00 |  1.06 |  0.91 |  1.01 |  1.03 |  0.94
        5318 |  1.08 |  1.00 |  1.06 |  0.91 |  1.01 |  1.03 |  0.94
        5318 |  1.08 |  1.00 |  1.06 |  0.91 |  1.01 |  1.03 |  0.94
        5318 |  1.08 |  1.00 |  1.06 |  0.91 |  1.01 |  1.03 |  0.94
        5318 |  1.08 |  1.00 |  1.06 |  0.91 |  1.01 |  1.03 |  0.94
        5318 |  1.08 |  1.00 |  1.06 |  0.91 |  1.01 |  1.03 |  0.94
        5318 |  1.08 |  1.00 |  1.06 |  0.91 |  1.01 |  1.03 |  0.94
        5318 |  1.08 |  1.00 |  1.06 |  0.91 |  1.01 |  1.03 |  0.94
        5318 |  1.08 |  1.00 |  1.06 |  0.91 |  1.01 |  1.03 |  0.94
        5318 |  1.08 |  1.00 |  1.06 |  0.91 |  1.01 |  1.03 |  0.94
        5318 |  1.08 |  1.00 |  1.06 |  0.91 |  1.01 |  1.03 |  0.94
        5318 |  1.08 |  1.00 |  1.06 |  0.91 |  1.01 |  1.03 |  0.94
        5318 |  1.08 |  1.00 |  1.06 |  0.91 |  1.01 |  1.03 |  0.94
        5318 |  1.08 |  1.00 |  1.06 |  0.91 |  1.01 |  1.03 |  0.94
        5318 |  1.08 |  1.00 |  1.06 |  0.91 |  1.01 |  1.03 |  0.94
        5318 |  1.08 |  1.00 |  1.06 |  0.91 |  1.01 |  1.03 |  0.94
        5318 |  1.08 |  1.00 |  1.06 |  0.91 |  1.01 |  1.03 |  0.94
        5318 |  1.08 |  1.00 |  1.06 |  0.91 |  1.01 |  1.03 |  0.94
        5318 |  1.08 |  1.00 |  1.06 |  0.91 |  1.01 |  1.03 |  0.94
        5318 |  1.08 |  1.00 |  1.06 |  0.91 |  1.01 |  1.03 |  0.94
        5319 |  0.90 |  0.91 |  0.94 |  1.01 |  1.02 |  1.01 |  0.97
        5319 |  0.90 |  0.91 |  0.94 |  1.01 |  1.02 |  1.01 |  0.97
        5319 |  0.90 |  0.91 |  0.94 |  1.01 |  1.02 |  1.01 |  0.97
        5319 |  0.90 |  0.91 |  0.94 |  1.01 |  1.02 |  1.01 |  0.97
        5319 |  0.90 |  0.91 |  0.94 |  1.01 |  1.02 |  1.01 |  0.97
        5319 |  0.90 |  0.91 |  0.94 |  1.01 |  1.02 |  1.01 |  0.97
        5319 |  0.90 |  0.91 |  0.94 |  1.01 |  1.02 |  1.01 |  0.97
        5319 |  0.90 |  0.91 |  0.94 |  1.01 |  1.02 |  1.01 |  0.97
        5319 |  0.90 |  0.91 |  0.94 |  1.01 |  1.02 |  1.01 |  0.97
        5319 |  0.90 |  0.91 |  0.94 |  1.01 |  1.02 |  1.01 |  0.97
        5319 |  0.90 |  0.91 |  0.94 |  1.01 |  1.02 |  1.01 |  0.97
        5319 |  0.90 |  0.91 |  0.94 |  1.01 |  1.02 |  1.01 |  0.97
        5319 |  0.90 |  0.91 |  0.94 |  1.01 |  1.02 |  1.01 |  0.97
        5319 |  0.90 |  0.91 |  0.94 |  1.01 |  1.02 |  1.01 |  0.97
        5319 |  0.90 |  0.91 |  0.94 |  1.01 |  1.02 |  1.01 |  0.97
        5319 |  0.90 |  0.91 |  0.94 |  1.01 |  1.02 |  1.01 |  0.97
        5319 |  0.90 |  0.91 |  0.94 |  1.01 |  1.02 |  1.01 |  0.97
        5319 |  0.90 |  0.91 |  0.94 |  1.01 |  1.02 |  1.01 |  0.97
        5319 |  0.90 |  0.91 |  0.94 |  1.01 |  1.02 |  1.01 |  0.97
        5319 |  0.90 |  0.91 |  0.94 |  1.01 |  1.02 |  1.01 |  0.97
        5319 |  0.90 |  0.91 |  0.94 |  1.01 |  1.02 |  1.01 |  0.97
        5319 |  0.90 |  0.91 |  0.94 |  1.01 |  1.02 |  1.01 |  0.97
        5319 |  0.90 |  0.91 |  0.94 |  1.01 |  1.02 |  1.01 |  0.97
        5319 |  0.90 |  0.91 |  0.94 |  1.01 |  1.02 |  1.01 |  0.97
        5319 |  0.90 |  0.91 |  0.94 |  1.01 |  1.02 |  1.01 |  0.97
        5319 |  0.90 |  0.91 |  0.94 |  1.01 |  1.02 |  1.01 |  0.97
        5319 |  0.90 |  0.91 |  0.94 |  1.01 |  1.02 |  1.01 |  0.97
        5319 |  0.90 |  0.91 |  0.94 |  1.01 |  1.02 |  1.01 |  0.97
        5319 |  0.90 |  0.91 |  0.94 |  1.01 |  1.02 |  1.01 |  0.97
        5319 |  0.90 |  0.91 |  0.94 |  1.01 |  1.02 |  1.01 |  0.97
        5319 |  0.90 |  0.91 |  0.94 |  1.01 |  1.02 |  1.01 |  0.97
        5319 |  0.90 |  0.91 |  0.94 |  1.01 |  1.02 |  1.01 |  0.97
        5319 |  0.90 |  0.91 |  0.94 |  1.01 |  1.02 |  1.01 |  0.97
        5319 |  0.90 |  0.91 |  0.94 |  1.01 |  1.02 |  1.01 |  0.97
        5319 |  0.90 |  0.91 |  0.94 |  1.01 |  1.02 |  1.01 |  0.97
        5319 |  0.90 |  0.91 |  0.94 |  1.01 |  1.02 |  1.01 |  0.97
        5319 |  0.90 |  0.91 |  0.94 |  1.01 |  1.02 |  1.01 |  0.97
        5319 |  0.90 |  0.91 |  0.94 |  1.01 |  1.02 |  1.01 |  0.97
        5319 |  0.90 |  0.91 |  0.94 |  1.01 |  1.02 |  1.01 |  0.97
        5319 |  0.90 |  0.91 |  0.94 |  1.01 |  1.02 |  1.01 |  0.97
        5319 |  0.90 |  0.91 |  0.94 |  1.01 |  1.02 |  1.01 |  0.97
        5319 |  0.90 |  0.91 |  0.94 |  1.01 |  1.02 |  1.01 |  0.97
        5319 |  0.90 |  0.91 |  0.94 |  1.01 |  1.02 |  1.01 |  0.97
        5319 |  0.90 |  0.91 |  0.94 |  1.01 |  1.02 |  1.01 |  0.97
        5319 |  0.90 |  0.91 |  0.94 |  1.01 |  1.02 |  1.01 |  0.97
        5319 |  0.90 |  0.91 |  0.94 |  1.01 |  1.02 |  1.01 |  0.97
        5319 |  0.90 |  0.91 |  0.94 |  1.01 |  1.02 |  1.01 |  0.97
        5319 |  0.90 |  0.91 |  0.94 |  1.01 |  1.02 |  1.01 |  0.97
        5319 |  0.90 |  0.91 |  0.94 |  1.01 |  1.02 |  1.01 |  0.97
        5320 |  1.02 |  1.07 |  1.00 |  1.00 |  0.99 |  1.21 |  0.94
        5320 |  1.02 |  1.07 |  1.00 |  1.00 |  0.99 |  1.21 |  0.94
        5320 |  1.02 |  1.07 |  1.00 |  1.00 |  0.99 |  1.21 |  0.94
        5320 |  1.02 |  1.07 |  1.00 |  1.00 |  0.99 |  1.21 |  0.94
        5320 |  1.02 |  1.07 |  1.00 |  1.00 |  0.99 |  1.21 |  0.94
        5320 |  1.02 |  1.07 |  1.00 |  1.00 |  0.99 |  1.21 |  0.94
        5320 |  1.02 |  1.07 |  1.00 |  1.00 |  0.99 |  1.21 |  0.94
        5320 |  1.02 |  1.07 |  1.00 |  1.00 |  0.99 |  1.21 |  0.94
        5320 |  1.02 |  1.07 |  1.00 |  1.00 |  0.99 |  1.21 |  0.94
        5320 |  1.02 |  1.07 |  1.00 |  1.00 |  0.99 |  1.21 |  0.94
        5320 |  1.02 |  1.07 |  1.00 |  1.00 |  0.99 |  1.21 |  0.94
        5320 |  1.02 |  1.07 |  1.00 |  1.00 |  0.99 |  1.21 |  0.94
        5320 |  1.02 |  1.07 |  1.00 |  1.00 |  0.99 |  1.21 |  0.94
        5320 |  1.02 |  1.07 |  1.00 |  1.00 |  0.99 |  1.21 |  0.94
        5320 |  1.02 |  1.07 |  1.00 |  1.00 |  0.99 |  1.21 |  0.94
        5320 |  1.02 |  1.07 |  1.00 |  1.00 |  0.99 |  1.21 |  0.94
        5320 |  1.02 |  1.07 |  1.00 |  1.00 |  0.99 |  1.21 |  0.94
        5320 |  1.02 |  1.07 |  1.00 |  1.00 |  0.99 |  1.21 |  0.94
        5320 |  1.02 |  1.07 |  1.00 |  1.00 |  0.99 |  1.21 |  0.94
        5320 |  1.02 |  1.07 |  1.00 |  1.00 |  0.99 |  1.21 |  0.94
        5320 |  1.02 |  1.07 |  1.00 |  1.00 |  0.99 |  1.21 |  0.94
        5320 |  1.02 |  1.07 |  1.00 |  1.00 |  0.99 |  1.21 |  0.94
        5320 |  1.02 |  1.07 |  1.00 |  1.00 |  0.99 |  1.21 |  0.94
        5320 |  1.02 |  1.07 |  1.00 |  1.00 |  0.99 |  1.21 |  0.94
        5320 |  1.02 |  1.07 |  1.00 |  1.00 |  0.99 |  1.21 |  0.94
        5320 |  1.02 |  1.07 |  1.00 |  1.00 |  0.99 |  1.21 |  0.94
        5320 |  1.02 |  1.07 |  1.00 |  1.00 |  0.99 |  1.21 |  0.94
        5320 |  1.02 |  1.07 |  1.00 |  1.00 |  0.99 |  1.21 |  0.94
        5320 |  1.02 |  1.07 |  1.00 |  1.00 |  0.99 |  1.21 |  0.94
        5320 |  1.02 |  1.07 |  1.00 |  1.00 |  0.99 |  1.21 |  0.94
        5320 |  1.02 |  1.07 |  1.00 |  1.00 |  0.99 |  1.21 |  0.94
        5320 |  1.02 |  1.07 |  1.00 |  1.00 |  0.99 |  1.21 |  0.94
        5320 |  1.02 |  1.07 |  1.00 |  1.00 |  0.99 |  1.21 |  0.94
        5320 |  1.02 |  1.07 |  1.00 |  1.00 |  0.99 |  1.21 |  0.94
        5320 |  1.02 |  1.07 |  1.00 |  1.00 |  0.99 |  1.21 |  0.94
        5320 |  1.02 |  1.07 |  1.00 |  1.00 |  0.99 |  1.21 |  0.94
        5320 |  1.02 |  1.07 |  1.00 |  1.00 |  0.99 |  1.21 |  0.94
        5320 |  1.02 |  1.07 |  1.00 |  1.00 |  0.99 |  1.21 |  0.94
        5320 |  1.02 |  1.07 |  1.00 |  1.00 |  0.99 |  1.21 |  0.94
        5320 |  1.02 |  1.07 |  1.00 |  1.00 |  0.99 |  1.21 |  0.94
        5320 |  1.02 |  1.07 |  1.00 |  1.00 |  0.99 |  1.21 |  0.94
        5320 |  1.02 |  1.07 |  1.00 |  1.00 |  0.99 |  1.21 |  0.94
        5320 |  1.02 |  1.07 |  1.00 |  1.00 |  0.99 |  1.21 |  0.94
        5320 |  1.02 |  1.07 |  1.00 |  1.00 |  0.99 |  1.21 |  0.94
        5320 |  1.02 |  1.07 |  1.00 |  1.00 |  0.99 |  1.21 |  0.94
        5320 |  1.02 |  1.07 |  1.00 |  1.00 |  0.99 |  1.21 |  0.94
        5320 |  1.02 |  1.07 |  1.00 |  1.00 |  0.99 |  1.21 |  0.94
        5320 |  1.02 |  1.07 |  1.00 |  1.00 |  0.99 |  1.21 |  0.94
        5320 |  1.02 |  1.07 |  1.00 |  1.00 |  0.99 |  1.21 |  0.94
        5321 |  1.02 |  1.07 |  1.05 |  1.08 |  0.98 |  1.09 |  0.93
        5321 |  1.02 |  1.07 |  1.05 |  1.08 |  0.98 |  1.09 |  0.93
        5321 |  1.02 |  1.07 |  1.05 |  1.08 |  0.98 |  1.09 |  0.93
        5321 |  1.02 |  1.07 |  1.05 |  1.08 |  0.98 |  1.09 |  0.93
        5321 |  1.02 |  1.07 |  1.05 |  1.08 |  0.98 |  1.09 |  0.93
        5321 |  1.02 |  1.07 |  1.05 |  1.08 |  0.98 |  1.09 |  0.93
        5321 |  1.02 |  1.07 |  1.05 |  1.08 |  0.98 |  1.09 |  0.93
        5321 |  1.02 |  1.07 |  1.05 |  1.08 |  0.98 |  1.09 |  0.93
        5321 |  1.02 |  1.07 |  1.05 |  1.08 |  0.98 |  1.09 |  0.93
        5321 |  1.02 |  1.07 |  1.05 |  1.08 |  0.98 |  1.09 |  0.93
        5321 |  1.02 |  1.07 |  1.05 |  1.08 |  0.98 |  1.09 |  0.93
        5321 |  1.02 |  1.07 |  1.05 |  1.08 |  0.98 |  1.09 |  0.93
        5321 |  1.02 |  1.07 |  1.05 |  1.08 |  0.98 |  1.09 |  0.93
        5321 |  1.02 |  1.07 |  1.05 |  1.08 |  0.98 |  1.09 |  0.93
        5321 |  1.02 |  1.07 |  1.05 |  1.08 |  0.98 |  1.09 |  0.93
        5321 |  1.02 |  1.07 |  1.05 |  1.08 |  0.98 |  1.09 |  0.93
        5321 |  1.02 |  1.07 |  1.05 |  1.08 |  0.98 |  1.09 |  0.93
        5321 |  1.02 |  1.07 |  1.05 |  1.08 |  0.98 |  1.09 |  0.93
        5321 |  1.02 |  1.07 |  1.05 |  1.08 |  0.98 |  1.09 |  0.93
        5321 |  1.02 |  1.07 |  1.05 |  1.08 |  0.98 |  1.09 |  0.93
        5321 |  1.02 |  1.07 |  1.05 |  1.08 |  0.98 |  1.09 |  0.93
        5321 |  1.02 |  1.07 |  1.05 |  1.08 |  0.98 |  1.09 |  0.93
        5321 |  1.02 |  1.07 |  1.05 |  1.08 |  0.98 |  1.09 |  0.93
        5321 |  1.02 |  1.07 |  1.05 |  1.08 |  0.98 |  1.09 |  0.93
        5321 |  1.02 |  1.07 |  1.05 |  1.08 |  0.98 |  1.09 |  0.93
        5321 |  1.02 |  1.07 |  1.05 |  1.08 |  0.98 |  1.09 |  0.93
        5321 |  1.02 |  1.07 |  1.05 |  1.08 |  0.98 |  1.09 |  0.93
        5321 |  1.02 |  1.07 |  1.05 |  1.08 |  0.98 |  1.09 |  0.93
        5321 |  1.02 |  1.07 |  1.05 |  1.08 |  0.98 |  1.09 |  0.93
        5321 |  1.02 |  1.07 |  1.05 |  1.08 |  0.98 |  1.09 |  0.93
        5321 |  1.02 |  1.07 |  1.05 |  1.08 |  0.98 |  1.09 |  0.93
        5321 |  1.02 |  1.07 |  1.05 |  1.08 |  0.98 |  1.09 |  0.93
        5321 |  1.02 |  1.07 |  1.05 |  1.08 |  0.98 |  1.09 |  0.93
        5321 |  1.02 |  1.07 |  1.05 |  1.08 |  0.98 |  1.09 |  0.93
        5321 |  1.02 |  1.07 |  1.05 |  1.08 |  0.98 |  1.09 |  0.93
        5321 |  1.02 |  1.07 |  1.05 |  1.08 |  0.98 |  1.09 |  0.93
        5321 |  1.02 |  1.07 |  1.05 |  1.08 |  0.98 |  1.09 |  0.93
        5321 |  1.02 |  1.07 |  1.05 |  1.08 |  0.98 |  1.09 |  0.93
        5321 |  1.02 |  1.07 |  1.05 |  1.08 |  0.98 |  1.09 |  0.93
        5321 |  1.02 |  1.07 |  1.05 |  1.08 |  0.98 |  1.09 |  0.93
        5321 |  1.02 |  1.07 |  1.05 |  1.08 |  0.98 |  1.09 |  0.93
        5321 |  1.02 |  1.07 |  1.05 |  1.08 |  0.98 |  1.09 |  0.93
        5321 |  1.02 |  1.07 |  1.05 |  1.08 |  0.98 |  1.09 |  0.93
        5321 |  1.02 |  1.07 |  1.05 |  1.08 |  0.98 |  1.09 |  0.93
        5321 |  1.02 |  1.07 |  1.05 |  1.08 |  0.98 |  1.09 |  0.93
        5321 |  1.02 |  1.07 |  1.05 |  1.08 |  0.98 |  1.09 |  0.93
        5321 |  1.02 |  1.07 |  1.05 |  1.08 |  0.98 |  1.09 |  0.93
        5321 |  1.02 |  1.07 |  1.05 |  1.08 |  0.98 |  1.09 |  0.93
        5321 |  1.02 |  1.07 |  1.05 |  1.08 |  0.98 |  1.09 |  0.93
        5322 |  5.04 |  5.06 |  1.06 |  1.92 |  2.07 |  6.30 |  5.21
        5322 |  5.04 |  5.06 |  1.06 |  1.92 |  2.07 |  6.30 |  5.21
        5322 |  5.04 |  5.06 |  1.06 |  1.92 |  2.07 |  6.30 |  5.21
        5322 |  5.04 |  5.06 |  1.06 |  1.92 |  2.07 |  6.30 |  5.21
        5322 |  5.04 |  5.06 |  1.06 |  1.92 |  2.07 |  6.30 |  5.21
        5322 |  5.04 |  5.06 |  1.06 |  1.92 |  2.07 |  6.30 |  5.21
        5322 |  5.04 |  5.06 |  1.06 |  1.92 |  2.07 |  6.30 |  5.21
(2513 rows)

UPDATE time_statistics SET e_time = TRANSACTION_TIMESTAMP() WHERE template = '../query_postgresql/query2.tpl' AND stream = 1;
psql:/tmp/s1-basline/throughput/query_1.sql:4146: NOTICE:  duration: 0.059 ms  plan:
Query Text: UPDATE time_statistics SET e_time = TRANSACTION_TIMESTAMP() WHERE template = '../query_postgresql/query2.tpl' AND stream = 1;
Update on time_statistics  (cost=0.00..10.57 rows=0 width=0) (actual time=0.059..0.059 rows=0 loops=1)
  ->  Seq Scan on time_statistics  (cost=0.00..10.57 rows=1 width=14) (actual time=0.044..0.044 rows=1 loops=1)
        Filter: ((template = '../query_postgresql/query2.tpl'::text) AND (stream = 1))
        Rows Removed by Filter: 337
UPDATE 1
LOAD 'auto_explain'; SET auto_explain.log_min_duration TO 0; SET auto_explain.log_analyze TO on; SET auto_explain.log_level TO notice; INSERT INTO time_statistics (template, s_time, stream, query, seed) VALUES ('query38.tpl', TRANSACTION_TIMESTAMP(), 1, 81, 876746056);
LOAD
SET
SET
SET
psql:/tmp/s1-basline/throughput/query_1.sql:4147: NOTICE:  duration: 0.008 ms  plan:
Query Text: INSERT INTO time_statistics (template, s_time, stream, query, seed) VALUES ('query38.tpl', TRANSACTION_TIMESTAMP(), 1, 81, 876746056);
Insert on time_statistics  (cost=0.00..0.01 rows=0 width=0) (actual time=0.008..0.008 rows=0 loops=1)
  ->  Result  (cost=0.00..0.01 rows=1 width=64) (actual time=0.001..0.001 rows=1 loops=1)
INSERT 0 1
select  count(*) from (
    select distinct c_last_name, c_first_name, d_date
    from store_sales, date_dim, customer
          where store_sales.ss_sold_date_sk = date_dim.d_date_sk
      and store_sales.ss_customer_sk = customer.c_customer_sk
      and d_month_seq between 1208 and 1208 + 11
  intersect
    select distinct c_last_name, c_first_name, d_date
    from catalog_sales, date_dim, customer
          where catalog_sales.cs_sold_date_sk = date_dim.d_date_sk
      and catalog_sales.cs_bill_customer_sk = customer.c_customer_sk
      and d_month_seq between 1208 and 1208 + 11
  intersect
    select distinct c_last_name, c_first_name, d_date
    from web_sales, date_dim, customer
          where web_sales.ws_sold_date_sk = date_dim.d_date_sk
      and web_sales.ws_bill_customer_sk = customer.c_customer_sk
      and d_month_seq between 1208 and 1208 + 11
) hot_cust
limit 100;
psql:/tmp/s1-basline/throughput/query_1.sql:4167: NOTICE:  duration: 2222.450 ms  plan:
Query Text: select  count(*) from (
    select distinct c_last_name, c_first_name, d_date
    from store_sales, date_dim, customer
          where store_sales.ss_sold_date_sk = date_dim.d_date_sk
      and store_sales.ss_customer_sk = customer.c_customer_sk
      and d_month_seq between 1208 and 1208 + 11
  intersect
    select distinct c_last_name, c_first_name, d_date
    from catalog_sales, date_dim, customer
          where catalog_sales.cs_sold_date_sk = date_dim.d_date_sk
      and catalog_sales.cs_bill_customer_sk = customer.c_customer_sk
      and d_month_seq between 1208 and 1208 + 11
  intersect
    select distinct c_last_name, c_first_name, d_date
    from web_sales, date_dim, customer
          where web_sales.ws_sold_date_sk = date_dim.d_date_sk
      and web_sales.ws_bill_customer_sk = customer.c_customer_sk
      and d_month_seq between 1208 and 1208 + 11
) hot_cust
limit 100;
Limit  (cost=153800.60..153800.61 rows=1 width=8) (actual time=2145.155..2222.441 rows=1 loops=1)
  ->  Aggregate  (cost=153800.60..153800.61 rows=1 width=8) (actual time=2145.154..2222.439 rows=1 loops=1)
        ->  Subquery Scan on hot_cust  (cost=34461.84..153792.03 rows=3426 width=0) (actual time=2144.582..2222.428 rows=110 loops=1)
              ->  HashSetOp Intersect  (cost=34461.84..153757.77 rows=3426 width=216) (actual time=2144.581..2222.416 rows=110 loops=1)
                    ->  Append  (cost=34461.84..153681.22 rows=10207 width=216) (actual time=261.569..2217.707 rows=12226 loops=1)
                          ->  Subquery Scan on "*SELECT* 3"  (cost=34461.84..34920.81 rows=3426 width=60) (actual time=261.568..336.480 rows=11901 loops=1)
                                ->  Unique  (cost=34461.84..34886.55 rows=3426 width=56) (actual time=261.566..335.184 rows=11901 loops=1)
                                      ->  Gather Merge  (cost=34461.84..34860.85 rows=3426 width=56) (actual time=261.565..312.436 rows=143366 loops=1)
                                            Workers Planned: 2
                                            Workers Launched: 2
                                            ->  Sort  (cost=33461.81..33465.38 rows=1428 width=56) (actual time=235.708..240.544 rows=47789 loops=3)
                                                  Sort Key: customer.c_last_name, customer.c_first_name, date_dim.d_date
                                                  Sort Method: quicksort  Memory: 7378kB
                                                  Worker 0:  Sort Method: quicksort  Memory: 5198kB
                                                  Worker 1:  Sort Method: quicksort  Memory: 5261kB
                                                  ->  Nested Loop  (cost=2505.38..33386.99 rows=1428 width=56) (actual time=13.367..169.717 rows=47789 loops=3)
                                                        ->  Hash Join  (cost=2505.08..32936.86 rows=1428 width=12) (actual time=13.323..91.416 rows=47796 loops=3)
                                                              Hash Cond: (web_sales.ws_sold_date_sk = date_dim.d_date_sk)
                                                              ->  Parallel Seq Scan on web_sales  (cost=0.00..29644.81 rows=299781 width=16) (actual time=0.016..44.080 rows=239825 loops=3)
                                                              ->  Hash  (cost=2500.73..2500.73 rows=348 width=12) (actual time=13.172..13.173 rows=365 loops=3)
                                                                    Buckets: 1024  Batches: 1  Memory Usage: 26kB
                                                                    ->  Seq Scan on date_dim  (cost=0.00..2500.73 rows=348 width=12) (actual time=6.187..13.123 rows=365 loops=3)
                                                                          Filter: ((d_month_seq >= 1208) AND (d_month_seq <= 1219))
                                                                          Rows Removed by Filter: 72684
                                                        ->  Index Scan using pk_customer on customer  (cost=0.29..0.32 rows=1 width=60) (actual time=0.001..0.001 rows=1 loops=143387)
                                                              Index Cond: (c_customer_sk = web_sales.ws_bill_customer_sk)
                          ->  Result  (cost=22792.86..118709.38 rows=6781 width=216) (actual time=1802.358..1880.492 rows=325 loops=1)
                                ->  HashSetOp Intersect  (cost=22792.86..118641.57 rows=6781 width=216) (actual time=1802.356..1880.455 rows=325 loops=1)
                                      ->  Append  (cost=22792.86..118496.95 rows=19283 width=216) (actual time=591.170..1859.896 rows=78586 loops=1)
                                            ->  Subquery Scan on "*SELECT* 2"  (cost=22792.86..22928.48 rows=6781 width=60) (actual time=591.169..600.256 rows=31526 loops=1)
                                                  ->  HashAggregate  (cost=22792.86..22860.67 rows=6781 width=56) (actual time=591.168..597.792 rows=31526 loops=1)
                                                        Group Key: customer_1.c_last_name, customer_1.c_first_name, date_dim_1.d_date
                                                        Batches: 1  Memory Usage: 6673kB
                                                        ->  Nested Loop  (cost=0.72..22742.00 rows=6781 width=56) (actual time=3.597..479.680 rows=285258 loops=1)
                                                              ->  Nested Loop  (cost=0.43..20610.97 rows=6817 width=12) (actual time=3.588..100.906 rows=285953 loops=1)
                                                                    ->  Seq Scan on date_dim date_dim_1  (cost=0.00..2500.73 rows=348 width=12) (actual time=3.569..7.735 rows=365 loops=1)
                                                                          Filter: ((d_month_seq >= 1208) AND (d_month_seq <= 1219))
                                                                          Rows Removed by Filter: 72684
                                                                    ->  Index Scan using i_cs_sold_date_sk on catalog_sales  (cost=0.43..44.22 rows=782 width=16) (actual time=0.004..0.177 rows=783 loops=365)
                                                                          Index Cond: (cs_sold_date_sk = date_dim_1.d_date_sk)
                                                              ->  Index Scan using pk_customer on customer customer_1  (cost=0.29..0.31 rows=1 width=60) (actual time=0.001..0.001 rows=1 loops=285953)
                                                                    Index Cond: (c_customer_sk = catalog_sales.cs_bill_customer_sk)
                                            ->  Subquery Scan on "*SELECT* 1"  (cost=93797.20..95472.05 rows=12502 width=60) (actual time=879.529..1254.947 rows=47060 loops=1)
                                                  ->  Unique  (cost=93797.20..95347.03 rows=12502 width=56) (actual time=879.526..1249.552 rows=47060 loops=1)
                                                        ->  Gather Merge  (cost=93797.20..95253.26 rows=12502 width=56) (actual time=879.525..1166.954 rows=532926 loops=1)
                                                              Workers Planned: 2
                                                              Workers Launched: 2
                                                              ->  Sort  (cost=92797.18..92810.20 rows=5209 width=56) (actual time=836.886..879.323 rows=177642 loops=3)
                                                                    Sort Key: customer_2.c_last_name, customer_2.c_first_name, date_dim_2.d_date
                                                                    Sort Method: external merge  Disk: 12904kB
                                                                    Worker 0:  Sort Method: external merge  Disk: 10232kB
                                                                    Worker 1:  Sort Method: external merge  Disk: 10392kB
                                                                    ->  Nested Loop  (cost=2505.38..92475.60 rows=5209 width=56) (actual time=13.661..543.539 rows=177642 loops=3)
                                                                          ->  Hash Join  (cost=2505.08..90776.51 rows=5458 width=12) (actual time=13.607..262.225 rows=181964 loops=3)
                                                                                Hash Cond: (store_sales.ss_sold_date_sk = date_dim_2.d_date_sk)
                                                                                ->  Parallel Seq Scan on store_sales  (cost=0.00..85123.48 rows=1199148 width=16) (actual time=0.015..122.689 rows=959309 loops=3)
                                                                                ->  Hash  (cost=2500.73..2500.73 rows=348 width=12) (actual time=13.478..13.478 rows=365 loops=3)
                                                                                      Buckets: 1024  Batches: 1  Memory Usage: 26kB
                                                                                      ->  Seq Scan on date_dim date_dim_2  (cost=0.00..2500.73 rows=348 width=12) (actual time=6.299..13.426 rows=365 loops=3)
                                                                                            Filter: ((d_month_seq >= 1208) AND (d_month_seq <= 1219))
                                                                                            Rows Removed by Filter: 72684
                                                                          ->  Index Scan using pk_customer on customer customer_2  (cost=0.29..0.31 rows=1 width=60) (actual time=0.001..0.001 rows=1 loops=545892)
                                                                                Index Cond: (c_customer_sk = store_sales.ss_customer_sk)
 count 
-------
   110
(1 row)

UPDATE time_statistics SET e_time = TRANSACTION_TIMESTAMP() WHERE template = 'query38.tpl' AND stream = 1;
psql:/tmp/s1-basline/throughput/query_1.sql:4169: NOTICE:  duration: 0.070 ms  plan:
Query Text: UPDATE time_statistics SET e_time = TRANSACTION_TIMESTAMP() WHERE template = 'query38.tpl' AND stream = 1;
Update on time_statistics  (cost=0.00..10.09 rows=0 width=0) (actual time=0.069..0.069 rows=0 loops=1)
  ->  Seq Scan on time_statistics  (cost=0.00..10.09 rows=1 width=14) (actual time=0.049..0.049 rows=1 loops=1)
        Filter: ((template = 'query38.tpl'::text) AND (stream = 1))
        Rows Removed by Filter: 338
UPDATE 1
LOAD 'auto_explain'; SET auto_explain.log_min_duration TO 0; SET auto_explain.log_analyze TO on; SET auto_explain.log_level TO notice; INSERT INTO time_statistics (template, s_time, stream, query, seed) VALUES ('query22.tpl', TRANSACTION_TIMESTAMP(), 1, 82, 1585661125);
LOAD
SET
SET
SET
psql:/tmp/s1-basline/throughput/query_1.sql:4170: NOTICE:  duration: 0.021 ms  plan:
Query Text: INSERT INTO time_statistics (template, s_time, stream, query, seed) VALUES ('query22.tpl', TRANSACTION_TIMESTAMP(), 1, 82, 1585661125);
Insert on time_statistics  (cost=0.00..0.01 rows=0 width=0) (actual time=0.021..0.021 rows=0 loops=1)
  ->  Result  (cost=0.00..0.01 rows=1 width=64) (actual time=0.002..0.002 rows=1 loops=1)
INSERT 0 1
select  i_product_name
             ,i_brand
             ,i_class
             ,i_category
             ,avg(inv_quantity_on_hand) qoh
       from inventory
           ,date_dim
           ,item
       where inv_date_sk=d_date_sk
              and inv_item_sk=i_item_sk
              and d_month_seq between 1182 and 1182 + 11
       group by rollup(i_product_name
                       ,i_brand
                       ,i_class
                       ,i_category)
order by qoh, i_product_name, i_brand, i_class, i_category
limit 100;
psql:/tmp/s1-basline/throughput/query_1.sql:4187: NOTICE:  duration: 4769.720 ms  plan:
Query Text: select  i_product_name
             ,i_brand
             ,i_class
             ,i_category
             ,avg(inv_quantity_on_hand) qoh
       from inventory
           ,date_dim
           ,item
       where inv_date_sk=d_date_sk
              and inv_item_sk=i_item_sk
              and d_month_seq between 1182 and 1182 + 11
       group by rollup(i_product_name
                       ,i_brand
                       ,i_class
                       ,i_category)
order by qoh, i_product_name, i_brand, i_class, i_category
limit 100;
Limit  (cost=151027.17..151027.42 rows=100 width=236) (actual time=4754.562..4769.648 rows=100 loops=1)
  ->  Sort  (cost=151027.17..151206.75 rows=71833 width=236) (actual time=4754.561..4769.640 rows=100 loops=1)
        Sort Key: (avg(inventory.inv_quantity_on_hand)), item.i_product_name, item.i_brand, item.i_class, item.i_category
        Sort Method: top-N heapsort  Memory: 63kB
        ->  MixedAggregate  (cost=5166.43..148281.76 rows=71833 width=236) (actual time=4730.911..4761.135 rows=35971 loops=1)
              Hash Key: item.i_product_name, item.i_brand, item.i_class, item.i_category
              Hash Key: item.i_product_name, item.i_brand, item.i_class
              Hash Key: item.i_product_name, item.i_brand
              Hash Key: item.i_product_name
              Group Key: ()
              Batches: 1  Memory Usage: 12849kB
              ->  Gather  (cost=5166.43..145116.75 rows=60456 width=208) (actual time=22.181..249.501 rows=2340000 loops=1)
                    Workers Planned: 3
                    Workers Launched: 3
                    ->  Hash Join  (cost=4166.43..138071.15 rows=19502 width=208) (actual time=36.974..669.937 rows=585000 loops=4)
                          Hash Cond: (inventory.inv_item_sk = item.i_item_sk)
                          ->  Hash Join  (cost=2505.43..136358.94 rows=19502 width=12) (actual time=12.878..489.941 rows=585000 loops=4)
                                Hash Cond: (inventory.inv_date_sk = date_dim.d_date_sk)
                                ->  Parallel Seq Scan on inventory  (cost=0.00..123907.26 rows=3788826 width=20) (actual time=0.017..198.775 rows=2936250 loops=4)
                                ->  Hash  (cost=2500.73..2500.73 rows=376 width=8) (actual time=12.687..12.687 rows=365 loops=4)
                                      Buckets: 1024  Batches: 1  Memory Usage: 23kB
                                      ->  Seq Scan on date_dim  (cost=0.00..2500.73 rows=376 width=8) (actual time=5.835..12.639 rows=365 loops=4)
                                            Filter: ((d_month_seq >= 1182) AND (d_month_seq <= 1193))
                                            Rows Removed by Filter: 72684
                          ->  Hash  (cost=1436.00..1436.00 rows=18000 width=212) (actual time=23.788..23.789 rows=18000 loops=4)
                                Buckets: 32768  Batches: 1  Memory Usage: 4606kB
                                ->  Seq Scan on item  (cost=0.00..1436.00 rows=18000 width=212) (actual time=0.028..18.280 rows=18000 loops=4)
                   i_product_name                   |                      i_brand                       |                      i_class                       |                     i_category                     |         qoh          
----------------------------------------------------+----------------------------------------------------+----------------------------------------------------+----------------------------------------------------+----------------------
 esen stn stcallyought                              | importonameless #5                                 | paint                                              | Home                                               | 424.0487804878048780
 esen stn stcallyought                              | importonameless #5                                 | paint                                              |                                                    | 424.0487804878048780
 esen stn stcallyought                              | importonameless #5                                 |                                                    |                                                    | 424.0487804878048780
 esen stn stcallyought                              |                                                    |                                                    |                                                    | 424.0487804878048780
 ablebarablecally                                   | namelesscorp #3                                    | mens watch                                         | Jewelry                                            | 434.7160000000000000
 ablebarablecally                                   | namelesscorp #3                                    | mens watch                                         |                                                    | 434.7160000000000000
 ablebarablecally                                   | namelesscorp #3                                    |                                                    |                                                    | 434.7160000000000000
 ablebarablecally                                   |                                                    |                                                    |                                                    | 434.7160000000000000
 anticallyn steseought                              | amalgscholar #2                                    | rock                                               | Music                                              | 436.9087301587301587
 anticallyn steseought                              | amalgscholar #2                                    | rock                                               |                                                    | 436.9087301587301587
 anticallyn steseought                              | amalgscholar #2                                    |                                                    |                                                    | 436.9087301587301587
 anticallyn steseought                              |                                                    |                                                    |                                                    | 436.9087301587301587
 ationcallyableought                                | exportiamalg #2                                    | maternity                                          | Women                                              | 437.4426877470355731
 ationcallyableought                                | exportiamalg #2                                    | maternity                                          |                                                    | 437.4426877470355731
 ationcallyableought                                | exportiamalg #2                                    |                                                    |                                                    | 437.4426877470355731
 ationcallyableought                                |                                                    |                                                    |                                                    | 437.4426877470355731
 ablen stanti                                       | amalgmaxi #3                                       | archery                                            | Sports                                             | 439.5406504065040650
 ablen stanti                                       | amalgmaxi #3                                       | archery                                            |                                                    | 439.5406504065040650
 ablen stanti                                       | amalgmaxi #3                                       |                                                    |                                                    | 439.5406504065040650
 ablen stanti                                       |                                                    |                                                    |                                                    | 439.5406504065040650
 eingeseoughtation                                  | importoamalg #1                                    | fragrances                                         | Women                                              | 441.4377510040160643
 eingeseoughtation                                  | importoamalg #1                                    | fragrances                                         |                                                    | 441.4377510040160643
 eingeseoughtation                                  | importoamalg #1                                    |                                                    |                                                    | 441.4377510040160643
 eingeseoughtation                                  |                                                    |                                                    |                                                    | 441.4377510040160643
 callyantibarationought                             | importoamalg #1                                    | fragrances                                         | Women                                              | 441.5901639344262295
 callyantibarationought                             | importoamalg #1                                    | fragrances                                         |                                                    | 441.5901639344262295
 callyantibarationought                             | importoamalg #1                                    |                                                    |                                                    | 441.5901639344262295
 callyantibarationought                             |                                                    |                                                    |                                                    | 441.5901639344262295
 eingoughtationpri                                  | exportiamalg #1                                    | maternity                                          | Women                                              | 441.8353413654618474
 eingoughtationpri                                  | exportiamalg #1                                    | maternity                                          |                                                    | 441.8353413654618474
 eingoughtationpri                                  | exportiamalg #1                                    |                                                    |                                                    | 441.8353413654618474
 eingoughtationpri                                  |                                                    |                                                    |                                                    | 441.8353413654618474
 barpricallyese                                     | scholarmaxi #1                                     | fishing                                            | Sports                                             | 444.1726907630522088
 barpricallyese                                     | scholarmaxi #1                                     | fishing                                            |                                                    | 444.1726907630522088
 barpricallyese                                     | scholarmaxi #1                                     |                                                    |                                                    | 444.1726907630522088
 barpricallyese                                     |                                                    |                                                    |                                                    | 444.1726907630522088
 callyeingeseeing                                   | amalgunivamalg #4                                  | cameras                                            | Electronics                                        | 444.2520000000000000
 callyeingeseeing                                   | amalgunivamalg #4                                  | cameras                                            |                                                    | 444.2520000000000000
 callyeingeseeing                                   | amalgunivamalg #4                                  |                                                    |                                                    | 444.2520000000000000
 callyeingeseeing                                   |                                                    |                                                    |                                                    | 444.2520000000000000
 ableeingn stableought                              | amalgimporto #1                                    | accessories                                        | Men                                                | 444.3466135458167331
 ableeingn stableought                              | amalgimporto #1                                    | accessories                                        |                                                    | 444.3466135458167331
 ableeingn stableought                              | amalgimporto #1                                    |                                                    |                                                    | 444.3466135458167331
 ableeingn stableought                              |                                                    |                                                    |                                                    | 444.3466135458167331
 callyn stantiable                                  | amalgimporto #1                                    | accessories                                        | Men                                                | 444.4713114754098361
 callyn stantiable                                  | amalgimporto #1                                    | accessories                                        |                                                    | 444.4713114754098361
 callyn stantiable                                  | amalgimporto #1                                    |                                                    |                                                    | 444.4713114754098361
 callyn stantiable                                  |                                                    |                                                    |                                                    | 444.4713114754098361
 antioughtoughtpri                                  | importoamalgamalg #5                               | monitors                                           | Electronics                                        | 445.0199203187250996
 antioughtoughtpri                                  | importoamalgamalg #5                               | monitors                                           |                                                    | 445.0199203187250996
 antioughtoughtpri                                  | importoamalgamalg #5                               |                                                    |                                                    | 445.0199203187250996
 antioughtoughtpri                                  |                                                    |                                                    |                                                    | 445.0199203187250996
 ableoughtantipri                                   | corpunivamalg #11                                  | musical                                            | Electronics                                        | 445.2892561983471074
 ableoughtantipri                                   | corpunivamalg #11                                  | musical                                            |                                                    | 445.2892561983471074
 ableoughtantipri                                   | corpunivamalg #11                                  |                                                    |                                                    | 445.2892561983471074
 ableoughtantipri                                   |                                                    |                                                    |                                                    | 445.2892561983471074
 prieingantipri                                     | exportischolar #2                                  | pop                                                | Music                                              | 445.5650406504065041
 prieingantipri                                     | exportischolar #2                                  | pop                                                |                                                    | 445.5650406504065041
 prieingantipri                                     | exportischolar #2                                  |                                                    |                                                    | 445.5650406504065041
 prieingantipri                                     |                                                    |                                                    |                                                    | 445.5650406504065041
 baroughtantieing                                   | edu packnameless #1                                | camping                                            | Sports                                             | 446.8200000000000000
 baroughtantieing                                   | edu packnameless #1                                | camping                                            |                                                    | 446.8200000000000000
 baroughtantieing                                   | edu packnameless #1                                |                                                    |                                                    | 446.8200000000000000
 baroughtantieing                                   |                                                    |                                                    |                                                    | 446.8200000000000000
 baroughteingpriought                               | amalgscholar #1                                    | rock                                               | Music                                              | 447.4939759036144578
 baroughteingpriought                               | amalgscholar #1                                    | rock                                               |                                                    | 447.4939759036144578
 baroughteingpriought                               | amalgscholar #1                                    |                                                    |                                                    | 447.4939759036144578
 baroughteingpriought                               |                                                    |                                                    |                                                    | 447.4939759036144578
 eseableeingationought                              | corpunivamalg #9                                   | musical                                            | Electronics                                        | 447.6071428571428571
 eseableeingationought                              | corpunivamalg #9                                   | musical                                            |                                                    | 447.6071428571428571
 eseableeingationought                              | corpunivamalg #9                                   |                                                    |                                                    | 447.6071428571428571
 eseableeingationought                              |                                                    |                                                    |                                                    | 447.6071428571428571
 baroughteingoughtought                             | exportiexporti #1                                  | toddlers                                           | Children                                           | 447.6829268292682927
 baroughteingoughtought                             | exportiexporti #1                                  | toddlers                                           |                                                    | 447.6829268292682927
 baroughteingoughtought                             | exportiexporti #1                                  |                                                    |                                                    | 447.6829268292682927
 baroughteingoughtought                             |                                                    |                                                    |                                                    | 447.6829268292682927
 bareingbarableought                                | edu packbrand #1                                   | estate                                             | Jewelry                                            | 447.7119341563786008
 bareingbarableought                                | edu packbrand #1                                   | estate                                             |                                                    | 447.7119341563786008
 bareingbarableought                                | edu packbrand #1                                   |                                                    |                                                    | 447.7119341563786008
 bareingbarableought                                |                                                    |                                                    |                                                    | 447.7119341563786008
 esebaroughteing                                    | importoedu pack #1                                 | mens                                               | Shoes                                              | 447.8373983739837398
 esebaroughteing                                    | importoedu pack #1                                 | mens                                               |                                                    | 447.8373983739837398
 esebaroughteing                                    | importoedu pack #1                                 |                                                    |                                                    | 447.8373983739837398
 esebaroughteing                                    |                                                    |                                                    |                                                    | 447.8373983739837398
 ablen stableantiought                              | amalgmaxi #3                                       | archery                                            | Sports                                             | 448.1411290322580645
 ablen stableantiought                              | amalgmaxi #3                                       | archery                                            |                                                    | 448.1411290322580645
 ablen stableantiought                              | amalgmaxi #3                                       |                                                    |                                                    | 448.1411290322580645
 ablen stableantiought                              |                                                    |                                                    |                                                    | 448.1411290322580645
 esepriantiese                                      | namelessmaxi #11                                   | romance                                            | Books                                              | 448.3560000000000000
 esepriantiese                                      | namelessmaxi #11                                   | romance                                            |                                                    | 448.3560000000000000
 esepriantiese                                      | namelessmaxi #11                                   |                                                    |                                                    | 448.3560000000000000
 esepriantiese                                      |                                                    |                                                    |                                                    | 448.3560000000000000
 pribarbaration                                     | amalgedu pack #2                                   | womens                                             | Shoes                                              | 448.4065040650406504
 pribarbaration                                     | amalgedu pack #2                                   | womens                                             |                                                    | 448.4065040650406504
 pribarbaration                                     | amalgedu pack #2                                   |                                                    |                                                    | 448.4065040650406504
 pribarbaration                                     |                                                    |                                                    |                                                    | 448.4065040650406504
 eseoughtbarn st                                    | edu packnameless #5                                | glassware                                          | Home                                               | 448.9672131147540984
 eseoughtbarn st                                    | edu packnameless #5                                | glassware                                          |                                                    | 448.9672131147540984
 eseoughtbarn st                                    | edu packnameless #5                                |                                                    |                                                    | 448.9672131147540984
 eseoughtbarn st                                    |                                                    |                                                    |                                                    | 448.9672131147540984
(100 rows)

UPDATE time_statistics SET e_time = TRANSACTION_TIMESTAMP() WHERE template = 'query22.tpl' AND stream = 1;
psql:/tmp/s1-basline/throughput/query_1.sql:4189: NOTICE:  duration: 0.070 ms  plan:
Query Text: UPDATE time_statistics SET e_time = TRANSACTION_TIMESTAMP() WHERE template = 'query22.tpl' AND stream = 1;
Update on time_statistics  (cost=0.00..10.09 rows=0 width=0) (actual time=0.070..0.070 rows=0 loops=1)
  ->  Seq Scan on time_statistics  (cost=0.00..10.09 rows=1 width=14) (actual time=0.054..0.054 rows=1 loops=1)
        Filter: ((template = 'query22.tpl'::text) AND (stream = 1))
        Rows Removed by Filter: 339
UPDATE 1
LOAD 'auto_explain'; SET auto_explain.log_min_duration TO 0; SET auto_explain.log_analyze TO on; SET auto_explain.log_level TO notice; INSERT INTO time_statistics (template, s_time, stream, query, seed) VALUES ('query89.tpl', TRANSACTION_TIMESTAMP(), 1, 83, 856796786);
LOAD
SET
SET
SET
psql:/tmp/s1-basline/throughput/query_1.sql:4190: NOTICE:  duration: 0.008 ms  plan:
Query Text: INSERT INTO time_statistics (template, s_time, stream, query, seed) VALUES ('query89.tpl', TRANSACTION_TIMESTAMP(), 1, 83, 856796786);
Insert on time_statistics  (cost=0.00..0.01 rows=0 width=0) (actual time=0.008..0.008 rows=0 loops=1)
  ->  Result  (cost=0.00..0.01 rows=1 width=64) (actual time=0.001..0.001 rows=1 loops=1)
INSERT 0 1
select  *
from(
select i_category, i_class, i_brand,
       s_store_name, s_company_name,
       d_moy,
       sum(ss_sales_price) sum_sales,
       avg(sum(ss_sales_price)) over
         (partition by i_category, i_brand, s_store_name, s_company_name)
         avg_monthly_sales
from item, store_sales, date_dim, store
where ss_item_sk = i_item_sk and
      ss_sold_date_sk = d_date_sk and
      ss_store_sk = s_store_sk and
      d_year in (1999) and
        ((i_category in ('Sports','Men','Women') and
          i_class in ('golf','sports-apparel','fragrances')
         )
      or (i_category in ('Music','Home','Shoes') and
          i_class in ('country','rugs','athletic') 
        ))
group by i_category, i_class, i_brand,
         s_store_name, s_company_name, d_moy) tmp1
where case when (avg_monthly_sales <> 0) then (abs(sum_sales - avg_monthly_sales) / avg_monthly_sales) else null end > 0.1
order by sum_sales - avg_monthly_sales, s_store_name
limit 100;
psql:/tmp/s1-basline/throughput/query_1.sql:4215: NOTICE:  duration: 626.714 ms  plan:
Query Text: select  *
from(
select i_category, i_class, i_brand,
       s_store_name, s_company_name,
       d_moy,
       sum(ss_sales_price) sum_sales,
       avg(sum(ss_sales_price)) over
         (partition by i_category, i_brand, s_store_name, s_company_name)
         avg_monthly_sales
from item, store_sales, date_dim, store
where ss_item_sk = i_item_sk and
      ss_sold_date_sk = d_date_sk and
      ss_store_sk = s_store_sk and
      d_year in (1999) and
        ((i_category in ('Sports','Men','Women') and
          i_class in ('golf','sports-apparel','fragrances')
         )
      or (i_category in ('Music','Home','Shoes') and
          i_class in ('country','rugs','athletic') 
        ))
group by i_category, i_class, i_brand,
         s_store_name, s_company_name, d_moy) tmp1
where case when (avg_monthly_sales <> 0) then (abs(sum_sales - avg_monthly_sales) / avg_monthly_sales) else null end > 0.1
order by sum_sales - avg_monthly_sales, s_store_name
limit 100;
Limit  (cost=73303.32..73303.57 rows=100 width=194) (actual time=626.613..626.627 rows=100 loops=1)
  ->  Sort  (cost=73303.32..73303.67 rows=138 width=194) (actual time=626.613..626.620 rows=100 loops=1)
        Sort Key: ((tmp1.sum_sales - tmp1.avg_monthly_sales)), tmp1.s_store_name
        Sort Method: top-N heapsort  Memory: 70kB
        ->  Subquery Scan on tmp1  (cost=73245.86..73298.42 rows=138 width=194) (actual time=599.145..626.066 rows=1743 loops=1)
              Filter: (CASE WHEN (tmp1.avg_monthly_sales <> '0'::double precision) THEN (abs((tmp1.sum_sales - tmp1.avg_monthly_sales)) / tmp1.avg_monthly_sales) ELSE NULL::double precision END > '0.1'::double precision)
              Rows Removed by Filter: 135
              ->  WindowAgg  (cost=73245.86..73288.78 rows=413 width=186) (actual time=599.143..625.791 rows=1878 loops=1)
                    ->  Incremental Sort  (cost=73245.86..73279.49 rows=413 width=178) (actual time=599.126..624.511 rows=1878 loops=1)
                          Sort Key: item.i_category, item.i_brand, store.s_store_name, store.s_company_name
                          Presorted Key: item.i_category
                          Full-sort Groups: 6  Sort Method: quicksort  Average Memory: 39kB  Peak Memory: 39kB
                          Pre-sorted Groups: 6  Sort Method: quicksort  Average Memory: 181kB  Peak Memory: 181kB
                          ->  GroupAggregate  (cost=73242.78..73255.17 rows=413 width=178) (actual time=596.666..623.402 rows=1878 loops=1)
                                Group Key: item.i_category, item.i_class, item.i_brand, store.s_store_name, store.s_company_name, date_dim.d_moy
                                ->  Sort  (cost=73242.78..73243.81 rows=413 width=178) (actual time=596.652..599.348 rows=56312 loops=1)
                                      Sort Key: item.i_category, item.i_class, item.i_brand, store.s_store_name, store.s_company_name, date_dim.d_moy
                                      Sort Method: quicksort  Memory: 13846kB
                                      ->  Nested Loop  (cost=0.73..73224.84 rows=413 width=178) (actual time=0.284..463.285 rows=56312 loops=1)
                                            Join Filter: (store_sales.ss_store_sk = store.s_store_sk)
                                            Rows Removed by Join Filter: 261892
                                            ->  Nested Loop  (cost=0.73..73150.93 rows=433 width=173) (actual time=0.277..423.746 rows=57734 loops=1)
                                                  ->  Nested Loop  (cost=0.43..70301.47 rows=91135 width=177) (actual time=0.034..330.520 rows=309922 loops=1)
                                                        ->  Seq Scan on item  (cost=0.00..1706.00 rows=570 width=161) (actual time=0.024..15.188 rows=1939 loops=1)
                                                              Filter: (((i_category = ANY ('{Sports,Men,Women}'::bpchar[])) AND (i_class = ANY ('{golf,sports-apparel,fragrances}'::bpchar[]))) OR ((i_category = ANY ('{Music,Home,Shoes}'::bpchar[])) AND (i_class = ANY ('{country,rugs,athletic}'::bpchar[]))))
                                                              Rows Removed by Filter: 16061
                                                        ->  Index Scan using pk_store_sales on store_sales  (cost=0.43..118.60 rows=174 width=32) (actual time=0.005..0.139 rows=160 loops=1939)
                                                              Index Cond: (ss_item_sk = item.i_item_sk)
                                                  ->  Memoize  (cost=0.30..0.32 rows=1 width=12) (actual time=0.000..0.000 rows=0 loops=309922)
                                                        Cache Key: store_sales.ss_sold_date_sk
                                                        Cache Mode: logical
                                                        Hits: 308098  Misses: 1824  Evictions: 0  Overflows: 0  Memory Usage: 146kB
                                                        ->  Index Scan using pk_date_dim on date_dim  (cost=0.29..0.31 rows=1 width=12) (actual time=0.001..0.001 rows=0 loops=1824)
                                                              Index Cond: (d_date_sk = store_sales.ss_sold_date_sk)
                                                              Filter: (d_year = 1999)
                                                              Rows Removed by Filter: 1
                                            ->  Materialize  (cost=0.00..1.18 rows=12 width=21) (actual time=0.000..0.000 rows=6 loops=57734)
                                                  ->  Seq Scan on store  (cost=0.00..1.12 rows=12 width=21) (actual time=0.002..0.005 rows=12 loops=1)
                     i_category                     |                      i_class                       |                      i_brand                       | s_store_name | s_company_name | d_moy |     sum_sales      | avg_monthly_sales  
----------------------------------------------------+----------------------------------------------------+----------------------------------------------------+--------------+----------------+-------+--------------------+--------------------
 Men                                                | sports-apparel                                     | edu packimporto #1                                 | eing         | Unknown        |     2 |            1542.76 |  4567.530000000001
 Men                                                | sports-apparel                                     | edu packimporto #1                                 | ese          | Unknown        |     2 |             1283.3 |  4290.868333333333
 Men                                                | sports-apparel                                     | edu packimporto #1                                 | eing         | Unknown        |     6 | 1788.3800000000003 |  4567.530000000001
 Shoes                                              | athletic                                           | edu packedu pack #1                                | ation        | Unknown        |     4 | 1798.7000000000003 |  4443.064166666667
 Women                                              | fragrances                                         | importoamalg #1                                    | eing         | Unknown        |     5 | 1410.2300000000002 |  3957.996666666666
 Men                                                | sports-apparel                                     | edu packimporto #1                                 | able         | Unknown        |     2 | 1928.2699999999993 |  4445.153333333335
 Music                                              | country                                            | importoscholar #1                                  | ese          | Unknown        |     2 |            1626.92 |  4111.225833333333
 Men                                                | sports-apparel                                     | edu packimporto #1                                 | bar          | Unknown        |     6 | 1944.0800000000002 |  4428.158333333333
 Music                                              | country                                            | importoscholar #1                                  | ought        | Unknown        |     4 | 1823.7700000000002 |  4248.094166666666
 Shoes                                              | athletic                                           | edu packedu pack #1                                | ought        | Unknown        |     1 | 1671.0000000000002 |  4090.981666666667
 Music                                              | country                                            | importoscholar #1                                  | bar          | Unknown        |     5 |             1774.1 |  4146.174166666665
 Music                                              | country                                            | importoscholar #1                                  | ought        | Unknown        |     2 |            1908.81 |  4248.094166666666
 Men                                                | sports-apparel                                     | edu packimporto #1                                 | ese          | Unknown        |     5 |               2008 |  4290.868333333333
 Men                                                | sports-apparel                                     | edu packimporto #1                                 | eing         | Unknown        |     7 | 2296.3800000000006 |  4567.530000000001
 Music                                              | country                                            | importoscholar #1                                  | ought        | Unknown        |     6 | 1987.2300000000002 |  4248.094166666666
 Music                                              | country                                            | importoscholar #1                                  | bar          | Unknown        |     2 |            1912.69 |  4146.174166666665
 Men                                                | sports-apparel                                     | edu packimporto #1                                 | able         | Unknown        |     4 |            2220.72 |  4445.153333333335
 Shoes                                              | athletic                                           | edu packedu pack #1                                | ought        | Unknown        |     4 |            1869.49 |  4090.981666666667
 Shoes                                              | athletic                                           | edu packedu pack #1                                | able         | Unknown        |     7 |            1729.74 |  3948.419166666668
 Shoes                                              | athletic                                           | edu packedu pack #1                                | eing         | Unknown        |     7 |            1645.16 | 3860.0399999999995
 Men                                                | sports-apparel                                     | edu packimporto #1                                 | able         | Unknown        |     5 |             2234.7 |  4445.153333333335
 Men                                                | sports-apparel                                     | edu packimporto #1                                 | bar          | Unknown        |     5 |            2226.22 |  4428.158333333333
 Women                                              | fragrances                                         | importoamalg #1                                    | able         | Unknown        |     2 | 1786.2099999999998 |  3978.433333333334
 Men                                                | sports-apparel                                     | edu packimporto #1                                 | ation        | Unknown        |     6 | 2201.2499999999995 |  4391.635833333334
 Shoes                                              | athletic                                           | edu packedu pack #1                                | ation        | Unknown        |     5 |  2284.640000000001 |  4443.064166666667
 Women                                              | fragrances                                         | importoamalg #1                                    | ation        | Unknown        |     4 | 1651.7199999999998 |  3789.901666666667
 Shoes                                              | athletic                                           | edu packedu pack #1                                | ation        | Unknown        |     6 |            2326.25 |  4443.064166666667
 Shoes                                              | athletic                                           | edu packedu pack #1                                | able         | Unknown        |     2 | 1832.0799999999995 |  3948.419166666668
 Music                                              | country                                            | importoscholar #1                                  | able         | Unknown        |     2 | 1739.6300000000008 |  3853.210000000001
 Women                                              | fragrances                                         | importoamalg #1                                    | eing         | Unknown        |     2 |             1844.9 |  3957.996666666666
 Women                                              | fragrances                                         | importoamalg #1                                    | eing         | Unknown        |     6 |            1853.35 |  3957.996666666666
 Music                                              | country                                            | importoscholar #1                                  | eing         | Unknown        |     2 | 1931.0699999999997 |  4025.149999999999
 Women                                              | fragrances                                         | importoamalg #1                                    | ese          | Unknown        |     2 |            2050.15 |  4135.718333333333
 Men                                                | sports-apparel                                     | edu packimporto #1                                 | able         | Unknown        |     3 | 2367.8200000000006 |  4445.153333333335
 Women                                              | fragrances                                         | importoamalg #1                                    | bar          | Unknown        |     4 |            1812.86 | 3885.8108333333334
 Shoes                                              | athletic                                           | edu packedu pack #1                                | eing         | Unknown        |     5 | 1792.7700000000002 | 3860.0399999999995
 Women                                              | fragrances                                         | importoamalg #1                                    | ought        | Unknown        |     2 |            2150.59 |  4212.942499999999
 Music                                              | country                                            | importoscholar #1                                  | ation        | Unknown        |     5 | 1616.4699999999996 | 3669.8724999999995
 Women                                              | fragrances                                         | importoamalg #1                                    | eing         | Unknown        |     4 |            1938.52 |  3957.996666666666
 Shoes                                              | athletic                                           | edu packedu pack #1                                | ation        | Unknown        |     7 | 2424.0299999999993 |  4443.064166666667
 Women                                              | fragrances                                         | importoamalg #1                                    | bar          | Unknown        |     5 | 1873.8300000000002 | 3885.8108333333334
 Women                                              | fragrances                                         | importoamalg #1                                    | ought        | Unknown        |     3 |            2201.02 |  4212.942499999999
 Men                                                | sports-apparel                                     | edu packimporto #1                                 | ese          | Unknown        |     7 |            2282.16 |  4290.868333333333
 Shoes                                              | athletic                                           | edu packedu pack #1                                | ation        | Unknown        |     2 | 2440.7700000000004 |  4443.064166666667
 Music                                              | country                                            | importoscholar #1                                  | eing         | Unknown        |     3 | 2033.9799999999998 |  4025.149999999999
 Shoes                                              | athletic                                           | edu packedu pack #1                                | ese          | Unknown        |     4 | 1862.0100000000004 |          3851.6625
 Music                                              | country                                            | importoscholar #1                                  | eing         | Unknown        |     6 | 2050.9499999999994 |  4025.149999999999
 Shoes                                              | athletic                                           | edu packedu pack #1                                | ese          | Unknown        |     2 | 1878.5300000000004 |          3851.6625
 Shoes                                              | athletic                                           | edu packedu pack #1                                | bar          | Unknown        |     4 | 1866.5699999999997 |  3838.866666666667
 Music                                              | country                                            | importoscholar #1                                  | ation        | Unknown        |     3 | 1701.7699999999998 | 3669.8724999999995
 Shoes                                              | athletic                                           | edu packedu pack #1                                | eing         | Unknown        |     4 | 1899.5700000000002 | 3860.0399999999995
 Women                                              | fragrances                                         | importoamalg #1                                    | ought        | Unknown        |     5 |  2255.920000000001 |  4212.942499999999
 Shoes                                              | athletic                                           | edu packedu pack #1                                | eing         | Unknown        |     2 | 1916.8600000000004 | 3860.0399999999995
 Men                                                | sports-apparel                                     | edu packimporto #1                                 | ought        | Unknown        |     2 | 2233.5800000000004 |  4162.274166666667
 Music                                              | country                                            | importoscholar #1                                  | able         | Unknown        |     5 | 1931.3000000000002 |  3853.210000000001
 Men                                                | sports-apparel                                     | edu packimporto #1                                 | able         | Unknown        |     6 | 2525.0200000000013 |  4445.153333333335
 Men                                                | sports-apparel                                     | edu packimporto #1                                 | bar          | Unknown        |     3 | 2513.3500000000004 |  4428.158333333333
 Men                                                | sports-apparel                                     | edu packimporto #1                                 | eing         | Unknown        |     3 |            2654.89 |  4567.530000000001
 Shoes                                              | athletic                                           | edu packedu pack #1                                | able         | Unknown        |     6 | 2045.4300000000003 |  3948.419166666668
 Women                                              | fragrances                                         | importoamalg #2                                    | ese          | Unknown        |     2 |  555.4599999999999 | 2453.6916666666666
 Women                                              | fragrances                                         | importoamalg #1                                    | eing         | Unknown        |     3 | 2065.2299999999996 |  3957.996666666666
 Women                                              | fragrances                                         | importoamalg #1                                    | ought        | Unknown        |     4 | 2320.5900000000006 |  4212.942499999999
 Music                                              | country                                            | importoscholar #1                                  | bar          | Unknown        |     4 | 2259.4799999999996 |  4146.174166666665
 Men                                                | sports-apparel                                     | edu packimporto #1                                 | bar          | Unknown        |     7 |  2547.489999999999 |  4428.158333333333
 Music                                              | country                                            | importoscholar #1                                  | bar          | Unknown        |     3 | 2284.6600000000003 |  4146.174166666665
 Music                                              | country                                            | importoscholar #1                                  | ought        | Unknown        |     3 |  2388.969999999999 |  4248.094166666666
 Men                                                | sports-apparel                                     | edu packimporto #1                                 | ation        | Unknown        |     7 |            2533.63 |  4391.635833333334
 Shoes                                              | athletic                                           | edu packedu pack #1                                | eing         | Unknown        |     6 | 2006.6300000000008 | 3860.0399999999995
 Women                                              | fragrances                                         | importoamalg #1                                    | ation        | Unknown        |     7 | 1957.0100000000002 |  3789.901666666667
 Women                                              | fragrances                                         | importoamalg #1                                    | ese          | Unknown        |     5 | 2304.2700000000004 |  4135.718333333333
 Shoes                                              | athletic                                           | edu packedu pack #1                                | ought        | Unknown        |     7 | 2264.0499999999997 |  4090.981666666667
 Men                                                | sports-apparel                                     | edu packimporto #1                                 | ought        | Unknown        |     6 |            2337.68 |  4162.274166666667
 Music                                              | country                                            | importoscholar #1                                  | eing         | Unknown        |     5 | 2200.5700000000006 |  4025.149999999999
 Men                                                | sports-apparel                                     | edu packimporto #1                                 | ought        | Unknown        |     4 | 2340.5299999999997 |  4162.274166666667
 Men                                                | sports-apparel                                     | edu packimporto #1                                 | eing         | Unknown        |     5 |  2749.890000000001 |  4567.530000000001
 Women                                              | fragrances                                         | importoamalg #1                                    | able         | Unknown        |     6 |            2170.37 |  3978.433333333334
 Shoes                                              | athletic                                           | edu packedu pack #1                                | able         | Unknown        |     4 |             2145.1 |  3948.419166666668
 Women                                              | fragrances                                         | importoamalg #1                                    | bar          | Unknown        |     3 | 2087.2899999999995 | 3885.8108333333334
 Music                                              | country                                            | importoscholar #1                                  | able         | Unknown        |     6 | 2087.0499999999993 |  3853.210000000001
 Men                                                | sports-apparel                                     | edu packimporto #1                                 | ought        | Unknown        |     7 |             2397.5 |  4162.274166666667
 Men                                                | sports-apparel                                     | edu packimporto #1                                 | ation        | Unknown        |     3 |            2634.04 |  4391.635833333334
 Women                                              | fragrances                                         | importoamalg #1                                    | ese          | Unknown        |     6 | 2387.6800000000003 |  4135.718333333333
 Shoes                                              | athletic                                           | edu packedu pack #1                                | able         | Unknown        |     3 | 2218.2099999999996 |  3948.419166666668
 Women                                              | fragrances                                         | importoamalg #1                                    | ation        | Unknown        |     6 |            2065.34 |  3789.901666666667
 Women                                              | fragrances                                         | importoamalg #1                                    | ation        | Unknown        |     5 | 2075.1400000000003 |  3789.901666666667
 Men                                                | sports-apparel                                     | edu packimporto #1                                 | ation        | Unknown        |     4 | 2682.4100000000008 |  4391.635833333334
 Shoes                                              | athletic                                           | edu packedu pack #1                                | ese          | Unknown        |     7 | 2150.2799999999997 |          3851.6625
 Music                                              | country                                            | importoscholar #1                                  | ation        | Unknown        |     2 |            1969.97 | 3669.8724999999995
 Shoes                                              | athletic                                           | edu packedu pack #1                                | ese          | Unknown        |     3 |             2152.4 |          3851.6625
 Men                                                | sports-apparel                                     | edu packimporto #1                                 | ought        | Unknown        |     1 | 2469.6999999999994 |  4162.274166666667
 Music                                              | country                                            | importoscholar #2                                  | eing         | Unknown        |     7 |  663.4900000000001 |  2346.261666666667
 Music                                              | country                                            | importoscholar #1                                  | ese          | Unknown        |     1 | 2432.7200000000003 |  4111.225833333333
 Women                                              | fragrances                                         | importoamalg #1                                    | ese          | Unknown        |     4 | 2466.4499999999994 |  4135.718333333333
 Men                                                | sports-apparel                                     | edu packimporto #1                                 | ought        | Unknown        |     5 |            2493.39 |  4162.274166666667
 Women                                              | fragrances                                         | importoamalg #1                                    | able         | Unknown        |     5 | 2309.6000000000004 |  3978.433333333334
 Women                                              | fragrances                                         | importoamalg #1                                    | ation        | Unknown        |     2 | 2122.7800000000007 |  3789.901666666667
 Men                                                | sports-apparel                                     | edu packimporto #1                                 | bar          | Unknown        |     2 |            2767.83 |  4428.158333333333
 Music                                              | country                                            | importoscholar #1                                  | ation        | Unknown        |     6 |            2011.59 | 3669.8724999999995
 Men                                                | sports-apparel                                     | edu packimporto #2                                 | eing         | Unknown        |     2 |             336.41 | 1986.9191666666666
 Women                                              | fragrances                                         | importoamalg #1                                    | bar          | Unknown        |     2 |            2235.74 | 3885.8108333333334
(100 rows)

UPDATE time_statistics SET e_time = TRANSACTION_TIMESTAMP() WHERE template = 'query89.tpl' AND stream = 1;
psql:/tmp/s1-basline/throughput/query_1.sql:4217: NOTICE:  duration: 0.067 ms  plan:
Query Text: UPDATE time_statistics SET e_time = TRANSACTION_TIMESTAMP() WHERE template = 'query89.tpl' AND stream = 1;
Update on time_statistics  (cost=0.00..10.09 rows=0 width=0) (actual time=0.067..0.067 rows=0 loops=1)
  ->  Seq Scan on time_statistics  (cost=0.00..10.09 rows=1 width=14) (actual time=0.051..0.051 rows=1 loops=1)
        Filter: ((template = 'query89.tpl'::text) AND (stream = 1))
        Rows Removed by Filter: 340
UPDATE 1
LOAD 'auto_explain'; SET auto_explain.log_min_duration TO 0; SET auto_explain.log_analyze TO on; SET auto_explain.log_level TO notice; INSERT INTO time_statistics (template, s_time, stream, query, seed) VALUES ('query7.tpl', TRANSACTION_TIMESTAMP(), 1, 84, 1998206362);
LOAD
SET
SET
SET
psql:/tmp/s1-basline/throughput/query_1.sql:4218: NOTICE:  duration: 0.009 ms  plan:
Query Text: INSERT INTO time_statistics (template, s_time, stream, query, seed) VALUES ('query7.tpl', TRANSACTION_TIMESTAMP(), 1, 84, 1998206362);
Insert on time_statistics  (cost=0.00..0.01 rows=0 width=0) (actual time=0.009..0.009 rows=0 loops=1)
  ->  Result  (cost=0.00..0.01 rows=1 width=64) (actual time=0.001..0.002 rows=1 loops=1)
INSERT 0 1
select  i_item_id, 
        avg(ss_quantity) agg1,
        avg(ss_list_price) agg2,
        avg(ss_coupon_amt) agg3,
        avg(ss_sales_price) agg4 
 from store_sales, customer_demographics, date_dim, item, promotion
 where ss_sold_date_sk = d_date_sk and
       ss_item_sk = i_item_sk and
       ss_cdemo_sk = cd_demo_sk and
       ss_promo_sk = p_promo_sk and
       cd_gender = 'F' and 
       cd_marital_status = 'S' and
       cd_education_status = 'Secondary' and
       (p_channel_email = 'N' or p_channel_event = 'N') and
       d_year = 2000 
 group by i_item_id
 order by i_item_id
 limit 100;
psql:/tmp/s1-basline/throughput/query_1.sql:4236: NOTICE:  duration: 1022.884 ms  plan:
Query Text: select  i_item_id, 
        avg(ss_quantity) agg1,
        avg(ss_list_price) agg2,
        avg(ss_coupon_amt) agg3,
        avg(ss_sales_price) agg4 
 from store_sales, customer_demographics, date_dim, item, promotion
 where ss_sold_date_sk = d_date_sk and
       ss_item_sk = i_item_sk and
       ss_cdemo_sk = cd_demo_sk and
       ss_promo_sk = p_promo_sk and
       cd_gender = 'F' and 
       cd_marital_status = 'S' and
       cd_education_status = 'Secondary' and
       (p_channel_email = 'N' or p_channel_event = 'N') and
       d_year = 2000 
 group by i_item_id
 order by i_item_id
 limit 100;
Limit  (cost=3323.51..84518.46 rows=100 width=73) (actual time=681.537..1022.802 rows=100 loops=1)
  ->  GroupAggregate  (cost=3323.51..142166.87 rows=171 width=73) (actual time=681.536..1022.790 rows=100 loops=1)
        Group Key: item.i_item_id
        ->  Nested Loop  (cost=3323.51..142161.32 rows=171 width=45) (actual time=677.814..1022.620 rows=148 loops=1)
              Join Filter: (store_sales.ss_item_sk = item.i_item_sk)
              Rows Removed by Join Filter: 3454792
              ->  Index Scan using i_i_item_id on item  (cost=0.29..1714.59 rows=18000 width=25) (actual time=0.008..0.353 rows=470 loops=1)
              ->  Materialize  (cost=3323.22..94277.16 rows=171 width=36) (actual time=0.020..1.705 rows=7351 loops=470)
                    ->  Nested Loop  (cost=3323.22..94276.30 rows=171 width=36) (actual time=9.567..675.312 rows=7358 loops=1)
                          ->  Gather  (cost=3323.08..94245.89 rows=179 width=44) (actual time=9.561..666.279 rows=7489 loops=1)
                                Workers Planned: 2
                                Workers Launched: 2
                                ->  Nested Loop  (cost=2323.08..93227.99 rows=75 width=44) (actual time=26.260..668.610 rows=2496 loops=3)
                                      ->  Hash Join  (cost=2322.65..90594.07 rows=5693 width=52) (actual time=17.211..289.730 rows=183784 loops=3)
                                            Hash Cond: (store_sales.ss_sold_date_sk = date_dim.d_date_sk)
                                            ->  Parallel Seq Scan on store_sales  (cost=0.00..85123.48 rows=1199148 width=60) (actual time=0.017..123.539 rows=959309 loops=3)
                                            ->  Hash  (cost=2318.11..2318.11 rows=363 width=8) (actual time=17.059..17.060 rows=366 loops=3)
                                                  Buckets: 1024  Batches: 1  Memory Usage: 23kB
                                                  ->  Seq Scan on date_dim  (cost=0.00..2318.11 rows=363 width=8) (actual time=8.541..17.008 rows=366 loops=3)
                                                        Filter: (d_year = 2000)
                                                        Rows Removed by Filter: 72683
                                      ->  Index Scan using pk_customer_demographics on customer_demographics  (cost=0.43..0.46 rows=1 width=8) (actual time=0.002..0.002 rows=0 loops=551351)
                                            Index Cond: (cd_demo_sk = store_sales.ss_cdemo_sk)
                                            Filter: ((cd_gender = 'F'::bpchar) AND (cd_marital_status = 'S'::bpchar) AND (cd_education_status = 'Secondary'::bpchar))
                                            Rows Removed by Filter: 1
                          ->  Index Scan using pk_promotion on promotion  (cost=0.15..0.17 rows=1 width=8) (actual time=0.001..0.001 rows=1 loops=7489)
                                Index Cond: (p_promo_sk = store_sales.ss_promo_sk)
                                Filter: ((p_channel_email = 'N'::bpchar) OR (p_channel_event = 'N'::bpchar))
                                Rows Removed by Filter: 0
    i_item_id     |         agg1         |        agg2        |       agg3        |        agg4        
------------------+----------------------+--------------------+-------------------+--------------------
 AAAAAAAAAAABAAAA |  76.5000000000000000 |             171.32 |              1004 |            146.425
 AAAAAAAAAAAEAAAA |  45.0000000000000000 |             41.905 |                 0 |             19.265
 AAAAAAAAAABBAAAA |  67.0000000000000000 |               5.67 |                 0 |               2.83
 AAAAAAAAAABEAAAA |  76.0000000000000000 |             102.28 |           6031.77 |              81.82
 AAAAAAAAAACAAAAA |  37.0000000000000000 |             33.185 |                 0 |              24.92
 AAAAAAAAAADCAAAA |  73.3333333333333333 | 56.196666666666665 | 93.88666666666666 |  9.963333333333333
 AAAAAAAAAADEAAAA |  41.0000000000000000 |               1.73 |                 0 |               1.17
 AAAAAAAAAAEBAAAA |  91.0000000000000000 |             107.23 |                 0 |              34.31
 AAAAAAAAAAEDAAAA |  59.0000000000000000 |             122.03 |                 0 |             115.92
 AAAAAAAAAAEEAAAA |   4.0000000000000000 |              73.72 |                 0 |              58.97
 AAAAAAAAAAFAAAAA |  81.0000000000000000 |               43.5 |            439.73 |              20.88
 AAAAAAAAAAFCAAAA |  38.0000000000000000 |              62.82 |                 0 |              18.84
 AAAAAAAAAAGBAAAA |  50.0000000000000000 | 114.44999999999999 |                 0 |             78.985
 AAAAAAAAAAGCAAAA |   8.0000000000000000 |              66.31 |                 0 |              33.81
 AAAAAAAAAAGEAAAA |  97.0000000000000000 |              63.09 |                 0 |              49.21
 AAAAAAAAAAHBAAAA |   7.5000000000000000 |              84.38 |                 0 |             47.485
 AAAAAAAAAAHDAAAA |  81.5000000000000000 |             73.535 |                 0 |             45.035
 AAAAAAAAAAIAAAAA |  16.0000000000000000 |              44.69 |                 0 |              43.79
 AAAAAAAAAAICAAAA |  45.0000000000000000 |               4.05 |                 0 |               3.03
 AAAAAAAAAAIDAAAA |  65.0000000000000000 |              90.48 |            703.93 |              17.19
 AAAAAAAAAAJBAAAA |  78.0000000000000000 |             38.345 |           1093.23 | 13.084999999999999
 AAAAAAAAAAJCAAAA |  17.0000000000000000 |              47.61 |            357.87 |              31.42
 AAAAAAAAAAKAAAAA |  68.0000000000000000 |             76.655 |                 0 |              71.69
 AAAAAAAAAAKDAAAA |  77.0000000000000000 |              85.17 |                 0 |              56.21
 AAAAAAAAAALAAAAA |  99.5000000000000000 | 105.75999999999999 |           110.965 |             73.475
 AAAAAAAAAANBAAAA |  34.0000000000000000 |               90.7 |            198.07 |              82.53
 AAAAAAAAAANDAAAA |  87.0000000000000000 |             116.83 |                 0 |              35.04
 AAAAAAAAAAPBAAAA |  15.5000000000000000 |             39.025 |                 0 |              20.96
 AAAAAAAAAAPCAAAA |  60.0000000000000000 |              94.24 |           2663.95 |              58.42
 AAAAAAAAABAAAAAA |  47.0000000000000000 |              71.11 |                 0 |              51.91
 AAAAAAAAABADAAAA |  63.0000000000000000 |              80.39 |                 0 |              25.72
 AAAAAAAAABBDAAAA |  31.0000000000000000 |             64.375 |              2.19 |              30.83
 AAAAAAAAABCBAAAA |  86.0000000000000000 |              40.15 |                 0 |              35.33
 AAAAAAAAABCCAAAA |  24.3333333333333333 | 30.843333333333334 |            421.78 | 23.146666666666665
 AAAAAAAAABDAAAAA |  57.0000000000000000 |             105.48 |           3712.41 |              100.2
 AAAAAAAAABDDAAAA |  72.0000000000000000 |              80.16 |            221.41 |              6.335
 AAAAAAAAABDEAAAA |  95.0000000000000000 |              56.05 |                 0 |                2.8
 AAAAAAAAABFBAAAA |  88.0000000000000000 |             135.38 |                 0 |              79.87
 AAAAAAAAABFCAAAA |  64.5000000000000000 |              94.88 |                 0 | 53.394999999999996
 AAAAAAAAABFEAAAA |  70.3333333333333333 | 43.366666666666674 |                 0 |              28.03
 AAAAAAAAABGAAAAA |  53.0000000000000000 |              33.11 |                 0 |               13.9
 AAAAAAAAABGEAAAA |  27.5000000000000000 |             47.825 |                 0 |             39.055
 AAAAAAAAABHCAAAA |  26.0000000000000000 |              146.3 |            778.91 |              46.81
 AAAAAAAAABHDAAAA |  66.5000000000000000 |             58.815 |           1186.01 |               29.3
 AAAAAAAAABIBAAAA |  52.0000000000000000 |              96.37 |                 0 |               4.81
 AAAAAAAAABJBAAAA |  88.5000000000000000 |              90.17 |            596.06 |              61.59
 AAAAAAAAABJDAAAA |  59.5000000000000000 |             86.445 |                 0 |             41.295
 AAAAAAAAABKAAAAA |  53.5000000000000000 |             112.48 |                 0 | 42.144999999999996
 AAAAAAAAABKCAAAA |  14.5000000000000000 |              95.95 |                 0 |              43.85
 AAAAAAAAABLBAAAA |  33.5000000000000000 |             61.805 |           115.885 | 44.584999999999994
 AAAAAAAAABLCAAAA |   6.0000000000000000 |              89.48 |             22.21 |               16.1
 AAAAAAAAABNAAAAA |  63.0000000000000000 |               91.5 |                 0 |  69.94500000000001
 AAAAAAAAABOBAAAA |  37.3333333333333333 | 56.839999999999996 |                 0 |  23.61666666666667
 AAAAAAAAABOCAAAA |  56.0000000000000000 |              13.74 |                 0 |              10.44
 AAAAAAAAACAAAAAA |  42.0000000000000000 |             88.205 |                 0 |              10.95
 AAAAAAAAACBBAAAA |  41.0000000000000000 |              26.92 |                 0 |              19.65
 AAAAAAAAACBEAAAA |  98.0000000000000000 |  87.13499999999999 |                 0 |              48.01
 AAAAAAAAACCDAAAA |  68.0000000000000000 |              37.68 |            766.42 |              33.15
 AAAAAAAAACDCAAAA |  67.0000000000000000 |             110.12 |                 0 |              75.98
 AAAAAAAAACDDAAAA |  79.5000000000000000 |             57.455 |                 0 | 32.934999999999995
 AAAAAAAAACEBAAAA |  61.0000000000000000 |              14.88 |                 0 |               11.3
 AAAAAAAAACECAAAA |  35.0000000000000000 |              14.43 |            318.92 |              11.39
 AAAAAAAAACEEAAAA |  36.0000000000000000 |             164.72 |                 0 |              32.94
 AAAAAAAAACFEAAAA |  38.0000000000000000 |              15.77 |                 0 |               8.04
 AAAAAAAAACGAAAAA | 100.0000000000000000 |             122.15 |                 0 |               8.55
 AAAAAAAAACGCAAAA |  35.0000000000000000 |             155.27 |                 0 |              80.74
 AAAAAAAAACGDAAAA |  63.0000000000000000 |             143.27 |            972.97 |              140.4
 AAAAAAAAACIAAAAA |  36.0000000000000000 |              33.33 |            734.09 |              23.99
 AAAAAAAAACJCAAAA |  18.0000000000000000 |              25.93 |             18.69 |               1.55
 AAAAAAAAACKCAAAA |  22.0000000000000000 |             105.96 |            141.82 |               7.41
 AAAAAAAAACLAAAAA |  71.0000000000000000 |             35.355 |                 0 |             30.325
 AAAAAAAAACLDAAAA |   5.0000000000000000 |             146.87 |                 0 |              26.43
 AAAAAAAAACMDAAAA |  17.0000000000000000 |               9.05 |                 0 |               2.62
 AAAAAAAAACNCAAAA |  88.0000000000000000 |              10.09 |                 0 |               8.37
 AAAAAAAAACOBAAAA |  17.0000000000000000 |             122.83 |                 0 |              25.79
 AAAAAAAAACODAAAA |  56.0000000000000000 |             127.67 |                 0 |              54.89
 AAAAAAAAACPAAAAA |  21.0000000000000000 |              95.48 |                 0 |              88.79
 AAAAAAAAACPDAAAA |  92.0000000000000000 |              97.11 |                 0 |              48.55
 AAAAAAAAADABAAAA |  21.0000000000000000 |             195.94 |                 0 |              115.6
 AAAAAAAAADACAAAA |  15.0000000000000000 |             153.05 |                 0 |              59.68
 AAAAAAAAADBAAAAA |  16.0000000000000000 |                 46 |                 0 |               7.36
 AAAAAAAAADCAAAAA |  44.0000000000000000 |             143.24 |                 0 |             118.88
 AAAAAAAAADCCAAAA |  66.5000000000000000 | 102.85499999999999 |                 0 |              77.19
 AAAAAAAAADCDAAAA |  78.0000000000000000 |                5.6 |                 0 |               0.56
 AAAAAAAAADDBAAAA |  54.0000000000000000 |              116.3 |                 0 |              86.06
 AAAAAAAAADEDAAAA |  58.5000000000000000 |             56.295 |                 0 |              20.27
 AAAAAAAAADHBAAAA |  53.0000000000000000 |               18.4 |                 0 |              18.03
 AAAAAAAAADHDAAAA |  37.6666666666666667 |  76.82333333333334 |                 0 | 21.599999999999998
 AAAAAAAAADIAAAAA |  13.0000000000000000 |             166.03 |                 0 |              96.29
 AAAAAAAAADIDAAAA |  90.0000000000000000 |              47.16 |                 0 |              27.82
 AAAAAAAAADKAAAAA |  29.5000000000000000 |             39.755 |             19.53 | 16.994999999999997
 AAAAAAAAADKBAAAA |  52.0000000000000000 |              36.64 |                 0 |              15.75
 AAAAAAAAADKDAAAA |  60.5000000000000000 |  88.94500000000001 |                 0 |              62.46
 AAAAAAAAADLCAAAA |  55.0000000000000000 |             52.635 |                 0 | 7.6899999999999995
 AAAAAAAAADLDAAAA |  54.0000000000000000 |  72.69500000000001 |            54.325 |              19.83
 AAAAAAAAADMBAAAA |  38.5000000000000000 | 32.480000000000004 |           42.8175 |              16.89
 AAAAAAAAADMCAAAA |  53.5000000000000000 |              30.64 |            800.99 |             24.155
 AAAAAAAAADNAAAAA |  64.5000000000000000 |            105.155 |                 0 |  67.88499999999999
 AAAAAAAAADNDAAAA |  34.0000000000000000 |               51.2 |           1489.01 |              46.59
 AAAAAAAAADODAAAA |  54.0000000000000000 |               7.61 |                 0 |               0.38
(100 rows)

UPDATE time_statistics SET e_time = TRANSACTION_TIMESTAMP() WHERE template = 'query7.tpl' AND stream = 1;
psql:/tmp/s1-basline/throughput/query_1.sql:4238: NOTICE:  duration: 0.060 ms  plan:
Query Text: UPDATE time_statistics SET e_time = TRANSACTION_TIMESTAMP() WHERE template = 'query7.tpl' AND stream = 1;
Update on time_statistics  (cost=0.00..10.09 rows=0 width=0) (actual time=0.059..0.059 rows=0 loops=1)
  ->  Seq Scan on time_statistics  (cost=0.00..10.09 rows=1 width=14) (actual time=0.045..0.045 rows=1 loops=1)
        Filter: ((template = 'query7.tpl'::text) AND (stream = 1))
        Rows Removed by Filter: 341
UPDATE 1
LOAD 'auto_explain'; SET auto_explain.log_min_duration TO 0; SET auto_explain.log_analyze TO on; SET auto_explain.log_level TO notice; INSERT INTO time_statistics (template, s_time, stream, query, seed) VALUES ('query10.tpl', TRANSACTION_TIMESTAMP(), 1, 85, 757045422);
LOAD
SET
SET
SET
psql:/tmp/s1-basline/throughput/query_1.sql:4239: NOTICE:  duration: 0.009 ms  plan:
Query Text: INSERT INTO time_statistics (template, s_time, stream, query, seed) VALUES ('query10.tpl', TRANSACTION_TIMESTAMP(), 1, 85, 757045422);
Insert on time_statistics  (cost=0.00..0.01 rows=0 width=0) (actual time=0.009..0.009 rows=0 loops=1)
  ->  Result  (cost=0.00..0.01 rows=1 width=64) (actual time=0.001..0.001 rows=1 loops=1)
INSERT 0 1
select  
  cd_gender,
  cd_marital_status,
  cd_education_status,
  count(*) cnt1,
  cd_purchase_estimate,
  count(*) cnt2,
  cd_credit_rating,
  count(*) cnt3,
  cd_dep_count,
  count(*) cnt4,
  cd_dep_employed_count,
  count(*) cnt5,
  cd_dep_college_count,
  count(*) cnt6
 from
  customer c,customer_address ca,customer_demographics
 where
  c.c_current_addr_sk = ca.ca_address_sk and
  ca_county in ('Adams County','Randolph County','White County','Benewah County','Forsyth County') and
  cd_demo_sk = c.c_current_cdemo_sk and 
  exists (select *
          from store_sales,date_dim
          where c.c_customer_sk = ss_customer_sk and
                ss_sold_date_sk = d_date_sk and
                d_year = 1999 and
                d_moy between 4 and 4+3) and
   (exists (select *
            from web_sales,date_dim
            where c.c_customer_sk = ws_bill_customer_sk and
                  ws_sold_date_sk = d_date_sk and
                  d_year = 1999 and
                  d_moy between 4 ANd 4+3) or 
    exists (select * 
            from catalog_sales,date_dim
            where c.c_customer_sk = cs_ship_customer_sk and
                  cs_sold_date_sk = d_date_sk and
                  d_year = 1999 and
                  d_moy between 4 and 4+3))
 group by cd_gender,
          cd_marital_status,
          cd_education_status,
          cd_purchase_estimate,
          cd_credit_rating,
          cd_dep_count,
          cd_dep_employed_count,
          cd_dep_college_count
 order by cd_gender,
          cd_marital_status,
          cd_education_status,
          cd_purchase_estimate,
          cd_credit_rating,
          cd_dep_count,
          cd_dep_employed_count,
          cd_dep_college_count
limit 100;
psql:/tmp/s1-basline/throughput/query_1.sql:4295: NOTICE:  duration: 8540.066 ms  plan:
Query Text: select  
  cd_gender,
  cd_marital_status,
  cd_education_status,
  count(*) cnt1,
  cd_purchase_estimate,
  count(*) cnt2,
  cd_credit_rating,
  count(*) cnt3,
  cd_dep_count,
  count(*) cnt4,
  cd_dep_employed_count,
  count(*) cnt5,
  cd_dep_college_count,
  count(*) cnt6
 from
  customer c,customer_address ca,customer_demographics
 where
  c.c_current_addr_sk = ca.ca_address_sk and
  ca_county in ('Adams County','Randolph County','White County','Benewah County','Forsyth County') and
  cd_demo_sk = c.c_current_cdemo_sk and 
  exists (select *
          from store_sales,date_dim
          where c.c_customer_sk = ss_customer_sk and
                ss_sold_date_sk = d_date_sk and
                d_year = 1999 and
                d_moy between 4 and 4+3) and
   (exists (select *
            from web_sales,date_dim
            where c.c_customer_sk = ws_bill_customer_sk and
                  ws_sold_date_sk = d_date_sk and
                  d_year = 1999 and
                  d_moy between 4 ANd 4+3) or 
    exists (select * 
            from catalog_sales,date_dim
            where c.c_customer_sk = cs_ship_customer_sk and
                  cs_sold_date_sk = d_date_sk and
                  d_year = 1999 and
                  d_moy between 4 and 4+3))
 group by cd_gender,
          cd_marital_status,
          cd_education_status,
          cd_purchase_estimate,
          cd_credit_rating,
          cd_dep_count,
          cd_dep_employed_count,
          cd_dep_college_count
 order by cd_gender,
          cd_marital_status,
          cd_education_status,
          cd_purchase_estimate,
          cd_credit_rating,
          cd_dep_count,
          cd_dep_employed_count,
          cd_dep_college_count
limit 100;
Limit  (cost=261071.67..176579638.83 rows=28 width=100) (actual time=5746.835..8540.036 rows=7 loops=1)
  ->  GroupAggregate  (cost=261071.67..176579638.83 rows=28 width=100) (actual time=5746.834..8540.033 rows=7 loops=1)
        Group Key: customer_demographics.cd_gender, customer_demographics.cd_marital_status, customer_demographics.cd_education_status, customer_demographics.cd_purchase_estimate, customer_demographics.cd_credit_rating, customer_demographics.cd_dep_count, customer_demographics.cd_dep_employed_count, customer_demographics.cd_dep_college_count
        ->  Nested Loop  (cost=261071.67..176579637.92 rows=28 width=52) (actual time=5509.184..8540.006 rows=7 loops=1)
              Join Filter: (c.c_current_cdemo_sk = customer_demographics.cd_demo_sk)
              Rows Removed by Join Filter: 13445593
              ->  Gather Merge  (cost=172607.60..391522.31 rows=1920800 width=60) (actual time=4448.268..6895.600 rows=1920800 loops=1)
                    Workers Planned: 1
                    Workers Launched: 1
                    ->  Sort  (cost=171607.59..174432.30 rows=1129882 width=60) (actual time=4270.048..5939.819 rows=960400 loops=2)
                          Sort Key: customer_demographics.cd_gender, customer_demographics.cd_marital_status, customer_demographics.cd_education_status, customer_demographics.cd_purchase_estimate, customer_demographics.cd_credit_rating, customer_demographics.cd_dep_count, customer_demographics.cd_dep_employed_count, customer_demographics.cd_dep_college_count
                          Sort Method: external merge  Disk: 73576kB
                          Worker 0:  Sort Method: external merge  Disk: 65576kB
                          ->  Parallel Seq Scan on customer_demographics  (cost=0.00..33127.82 rows=1129882 width=60) (actual time=0.013..156.178 rows=960400 loops=2)
              ->  Materialize  (cost=88464.07..175352567.68 rows=29 width=8) (actual time=0.000..0.000 rows=7 loops=1920800)
                    ->  Nested Loop  (cost=88464.07..175352567.53 rows=29 width=8) (actual time=118.590..134.033 rows=7 loops=1)
                          ->  Nested Loop  (cost=88463.78..175351483.79 rows=3260 width=16) (actual time=113.150..132.212 rows=731 loops=1)
                                ->  HashAggregate  (cost=88463.48..88509.02 rows=4554 width=8) (actual time=58.062..59.413 rows=8913 loops=1)
                                      Group Key: store_sales.ss_customer_sk
                                      Batches: 1  Memory Usage: 913kB
                                      ->  Nested Loop  (cost=0.43..88452.10 rows=4554 width=8) (actual time=4.750..44.507 rows=106676 loops=1)
                                            ->  Seq Scan on date_dim  (cost=0.00..2683.36 rows=121 width=8) (actual time=4.727..9.891 rows=122 loops=1)
                                                  Filter: ((d_moy >= 4) AND (d_moy <= 7) AND (d_year = 1999))
                                                  Rows Removed by Filter: 72927
                                            ->  Index Scan using i_ss_sold_date_sk on store_sales  (cost=0.43..693.75 rows=1508 width=16) (actual time=0.005..0.198 rows=874 loops=122)
                                                  Index Cond: (ss_sold_date_sk = date_dim.d_date_sk)
                                ->  Index Scan using pk_customer on customer c  (cost=0.29..40026.53 rows=1 width=24) (actual time=0.008..0.008 rows=0 loops=8913)
                                      Index Cond: (c_customer_sk = store_sales.ss_customer_sk)
                                      Filter: ((hashed SubPlan 2) OR (hashed SubPlan 4))
                                      Rows Removed by Filter: 1
                                      SubPlan 2
                                        ->  Nested Loop  (cost=0.42..31889.03 rows=1192 width=8) (actual time=4.710..19.516 rows=27736 loops=1)
                                              ->  Seq Scan on date_dim date_dim_1  (cost=0.00..2683.36 rows=121 width=8) (actual time=4.701..9.450 rows=122 loops=1)
                                                    Filter: ((d_moy >= 4) AND (d_moy <= 7) AND (d_year = 1999))
                                                    Rows Removed by Filter: 72927
                                              ->  Index Scan using i_ws_sold_date_sk on web_sales  (cost=0.42..237.42 rows=395 width=16) (actual time=0.003..0.057 rows=227 loops=122)
                                                    Index Cond: (ws_sold_date_sk = date_dim_1.d_date_sk)
                                      SubPlan 4
                                        ->  Nested Loop  (cost=0.43..9202.83 rows=2370 width=8) (actual time=4.352..25.479 rows=55305 loops=1)
                                              ->  Seq Scan on date_dim date_dim_2  (cost=0.00..2683.36 rows=121 width=8) (actual time=4.342..9.210 rows=122 loops=1)
                                                    Filter: ((d_moy >= 4) AND (d_moy <= 7) AND (d_year = 1999))
                                                    Rows Removed by Filter: 72927
                                              ->  Index Scan using i_cs_sold_date_sk on catalog_sales  (cost=0.43..46.06 rows=782 width=16) (actual time=0.003..0.075 rows=453 loops=122)
                                                    Index Cond: (cs_sold_date_sk = date_dim_2.d_date_sk)
                          ->  Index Scan using pk_customer_address on customer_address ca  (cost=0.29..0.33 rows=1 width=8) (actual time=0.002..0.002 rows=0 loops=731)
                                Index Cond: (ca_address_sk = c.c_current_addr_sk)
                                Filter: ((ca_county)::text = ANY ('{"Adams County","Randolph County","White County","Benewah County","Forsyth County"}'::text[]))
                                Rows Removed by Filter: 1
 cd_gender | cd_marital_status | cd_education_status  | cnt1 | cd_purchase_estimate | cnt2 | cd_credit_rating | cnt3 | cd_dep_count | cnt4 | cd_dep_employed_count | cnt5 | cd_dep_college_count | cnt6 
-----------+-------------------+----------------------+------+----------------------+------+------------------+------+--------------+------+-----------------------+------+----------------------+------
 F         | S                 | Advanced Degree      |    1 |                 6000 |    1 | Good             |    1 |            0 |    1 |                     5 |    1 |                    3 |    1
 F         | S                 | Unknown              |    1 |                 7500 |    1 | Low Risk         |    1 |            6 |    1 |                     6 |    1 |                    4 |    1
 M         | D                 | 2 yr Degree          |    1 |                 6500 |    1 | High Risk        |    1 |            5 |    1 |                     5 |    1 |                    2 |    1
 M         | D                 | Advanced Degree      |    1 |                 1000 |    1 | High Risk        |    1 |            1 |    1 |                     3 |    1 |                    4 |    1
 M         | S                 | 4 yr Degree          |    1 |                 6000 |    1 | Good             |    1 |            2 |    1 |                     1 |    1 |                    0 |    1
 M         | S                 | Unknown              |    1 |                10000 |    1 | Unknown          |    1 |            2 |    1 |                     5 |    1 |                    4 |    1
 M         | W                 | Unknown              |    1 |                 6000 |    1 | High Risk        |    1 |            5 |    1 |                     0 |    1 |                    3 |    1
(7 rows)

UPDATE time_statistics SET e_time = TRANSACTION_TIMESTAMP() WHERE template = 'query10.tpl' AND stream = 1;
psql:/tmp/s1-basline/throughput/query_1.sql:4297: NOTICE:  duration: 0.071 ms  plan:
Query Text: UPDATE time_statistics SET e_time = TRANSACTION_TIMESTAMP() WHERE template = 'query10.tpl' AND stream = 1;
Update on time_statistics  (cost=0.00..10.09 rows=0 width=0) (actual time=0.070..0.070 rows=0 loops=1)
  ->  Seq Scan on time_statistics  (cost=0.00..10.09 rows=1 width=14) (actual time=0.055..0.055 rows=1 loops=1)
        Filter: ((template = 'query10.tpl'::text) AND (stream = 1))
        Rows Removed by Filter: 342
UPDATE 1
LOAD 'auto_explain'; SET auto_explain.log_min_duration TO 0; SET auto_explain.log_analyze TO on; SET auto_explain.log_level TO notice; INSERT INTO time_statistics (template, s_time, stream, query, seed) VALUES ('query90.tpl', TRANSACTION_TIMESTAMP(), 1, 86, 14140956);
LOAD
SET
SET
SET
psql:/tmp/s1-basline/throughput/query_1.sql:4298: NOTICE:  duration: 0.009 ms  plan:
Query Text: INSERT INTO time_statistics (template, s_time, stream, query, seed) VALUES ('query90.tpl', TRANSACTION_TIMESTAMP(), 1, 86, 14140956);
Insert on time_statistics  (cost=0.00..0.01 rows=0 width=0) (actual time=0.008..0.008 rows=0 loops=1)
  ->  Result  (cost=0.00..0.01 rows=1 width=64) (actual time=0.001..0.002 rows=1 loops=1)
INSERT 0 1
select  cast(amc as decimal(15,4))/cast(pmc as decimal(15,4)) am_pm_ratio
 from ( select count(*) amc
       from web_sales, household_demographics , time_dim, web_page
       where ws_sold_time_sk = time_dim.t_time_sk
         and ws_ship_hdemo_sk = household_demographics.hd_demo_sk
         and ws_web_page_sk = web_page.wp_web_page_sk
         and time_dim.t_hour between 8 and 8+1
         and household_demographics.hd_dep_count = 6
         and web_page.wp_char_count between 5000 and 5200) at,
      ( select count(*) pmc
       from web_sales, household_demographics , time_dim, web_page
       where ws_sold_time_sk = time_dim.t_time_sk
         and ws_ship_hdemo_sk = household_demographics.hd_demo_sk
         and ws_web_page_sk = web_page.wp_web_page_sk
         and time_dim.t_hour between 20 and 20+1
         and household_demographics.hd_dep_count = 6
         and web_page.wp_char_count between 5000 and 5200) pt
 order by am_pm_ratio
 limit 100;
psql:/tmp/s1-basline/throughput/query_1.sql:4317: ERROR:  division by zero
UPDATE time_statistics SET e_time = TRANSACTION_TIMESTAMP() WHERE template = 'query90.tpl' AND stream = 1;
psql:/tmp/s1-basline/throughput/query_1.sql:4319: NOTICE:  duration: 0.071 ms  plan:
Query Text: UPDATE time_statistics SET e_time = TRANSACTION_TIMESTAMP() WHERE template = 'query90.tpl' AND stream = 1;
Update on time_statistics  (cost=0.00..10.09 rows=0 width=0) (actual time=0.070..0.071 rows=0 loops=1)
  ->  Seq Scan on time_statistics  (cost=0.00..10.09 rows=1 width=14) (actual time=0.054..0.055 rows=1 loops=1)
        Filter: ((template = 'query90.tpl'::text) AND (stream = 1))
        Rows Removed by Filter: 343
UPDATE 1
LOAD 'auto_explain'; SET auto_explain.log_min_duration TO 0; SET auto_explain.log_analyze TO on; SET auto_explain.log_level TO notice; INSERT INTO time_statistics (template, s_time, stream, query, seed) VALUES ('query71.tpl', TRANSACTION_TIMESTAMP(), 1, 87, 159922754);
LOAD
SET
SET
SET
psql:/tmp/s1-basline/throughput/query_1.sql:4320: NOTICE:  duration: 0.010 ms  plan:
Query Text: INSERT INTO time_statistics (template, s_time, stream, query, seed) VALUES ('query71.tpl', TRANSACTION_TIMESTAMP(), 1, 87, 159922754);
Insert on time_statistics  (cost=0.00..0.01 rows=0 width=0) (actual time=0.009..0.010 rows=0 loops=1)
  ->  Result  (cost=0.00..0.01 rows=1 width=64) (actual time=0.002..0.002 rows=1 loops=1)
INSERT 0 1
select i_brand_id brand_id, i_brand brand,t_hour,t_minute,
 	sum(ext_price) ext_price
 from item, (select ws_ext_sales_price as ext_price, 
                        ws_sold_date_sk as sold_date_sk,
                        ws_item_sk as sold_item_sk,
                        ws_sold_time_sk as time_sk  
                 from web_sales,date_dim
                 where d_date_sk = ws_sold_date_sk
                   and d_moy=11
                   and d_year=2002
                 union all
                 select cs_ext_sales_price as ext_price,
                        cs_sold_date_sk as sold_date_sk,
                        cs_item_sk as sold_item_sk,
                        cs_sold_time_sk as time_sk
                 from catalog_sales,date_dim
                 where d_date_sk = cs_sold_date_sk
                   and d_moy=11
                   and d_year=2002
                 union all
                 select ss_ext_sales_price as ext_price,
                        ss_sold_date_sk as sold_date_sk,
                        ss_item_sk as sold_item_sk,
                        ss_sold_time_sk as time_sk
                 from store_sales,date_dim
                 where d_date_sk = ss_sold_date_sk
                   and d_moy=11
                   and d_year=2002
                 ) tmp,time_dim
 where
   sold_item_sk = i_item_sk
   and i_manager_id=1
   and time_sk = t_time_sk
   and (t_meal_time = 'breakfast' or t_meal_time = 'dinner')
 group by i_brand, i_brand_id,t_hour,t_minute
 order by ext_price desc, i_brand_id
 ;
psql:/tmp/s1-basline/throughput/query_1.sql:4357: NOTICE:  duration: 341.291 ms  plan:
Query Text: select i_brand_id brand_id, i_brand brand,t_hour,t_minute,
 	sum(ext_price) ext_price
 from item, (select ws_ext_sales_price as ext_price, 
                        ws_sold_date_sk as sold_date_sk,
                        ws_item_sk as sold_item_sk,
                        ws_sold_time_sk as time_sk  
                 from web_sales,date_dim
                 where d_date_sk = ws_sold_date_sk
                   and d_moy=11
                   and d_year=2002
                 union all
                 select cs_ext_sales_price as ext_price,
                        cs_sold_date_sk as sold_date_sk,
                        cs_item_sk as sold_item_sk,
                        cs_sold_time_sk as time_sk
                 from catalog_sales,date_dim
                 where d_date_sk = cs_sold_date_sk
                   and d_moy=11
                   and d_year=2002
                 union all
                 select ss_ext_sales_price as ext_price,
                        ss_sold_date_sk as sold_date_sk,
                        ss_item_sk as sold_item_sk,
                        ss_sold_time_sk as time_sk
                 from store_sales,date_dim
                 where d_date_sk = ss_sold_date_sk
                   and d_moy=11
                   and d_year=2002
                 ) tmp,time_dim
 where
   sold_item_sk = i_item_sk
   and i_manager_id=1
   and time_sk = t_time_sk
   and (t_meal_time = 'breakfast' or t_meal_time = 'dinner')
 group by i_brand, i_brand_id,t_hour,t_minute
 order by ext_price desc, i_brand_id
 ;
Sort  (cost=42618.65..42618.68 rows=9 width=71) (actual time=295.975..340.794 rows=1017 loops=1)
  Sort Key: (sum("*SELECT* 3".ext_price)) DESC, item.i_brand_id
  Sort Method: quicksort  Memory: 136kB
  ->  GroupAggregate  (cost=42618.29..42618.51 rows=9 width=71) (actual time=295.274..340.465 rows=1017 loops=1)
        Group Key: item.i_brand, item.i_brand_id, time_dim.t_hour, time_dim.t_minute
        ->  Sort  (cost=42618.29..42618.31 rows=9 width=71) (actual time=295.266..340.081 rows=1045 loops=1)
              Sort Key: item.i_brand, item.i_brand_id, time_dim.t_hour, time_dim.t_minute
              Sort Method: quicksort  Memory: 163kB
              ->  Gather  (cost=1001.00..42618.14 rows=9 width=71) (actual time=5.324..338.339 rows=1045 loops=1)
                    Workers Planned: 2
                    Workers Launched: 2
                    ->  Nested Loop  (cost=1.00..41617.24 rows=4 width=71) (actual time=8.108..171.502 rows=348 loops=3)
                          ->  Nested Loop  (cost=0.71..41601.92 rows=14 width=71) (actual time=7.613..167.682 rows=873 loops=3)
                                ->  Parallel Append  (cost=0.42..40828.09 rows=811 width=24) (actual time=7.166..65.137 rows=52888 loops=3)
                                      ->  Subquery Scan on "*SELECT* 3"  (cost=0.43..40824.04 rows=1092 width=24) (actual time=8.674..109.738 rows=89671 loops=1)
                                            ->  Nested Loop  (cost=0.43..40813.12 rows=1092 width=32) (actual time=8.673..102.879 rows=89671 loops=1)
                                                  ->  Seq Scan on date_dim  (cost=0.00..2500.73 rows=29 width=8) (actual time=8.578..14.562 rows=30 loops=1)
                                                        Filter: ((d_moy = 11) AND (d_year = 2002))
                                                        Rows Removed by Filter: 73019
                                                  ->  Index Scan using i_ss_sold_date_sk on store_sales  (cost=0.43..1306.04 rows=1508 width=32) (actual time=0.013..2.484 rows=2989 loops=30)
                                                        Index Cond: (ss_sold_date_sk = date_dim.d_date_sk)
                                      ->  Subquery Scan on "*SELECT* 1"  (cost=0.42..13234.73 rows=286 width=24) (actual time=8.437..44.091 rows=22246 loops=1)
                                            ->  Nested Loop  (cost=0.42..13231.87 rows=286 width=32) (actual time=8.436..42.364 rows=22246 loops=1)
                                                  ->  Seq Scan on date_dim date_dim_1  (cost=0.00..2500.73 rows=29 width=8) (actual time=8.339..14.511 rows=30 loops=1)
                                                        Filter: ((d_moy = 11) AND (d_year = 2002))
                                                        Rows Removed by Filter: 73019
                                                  ->  Index Scan using i_ws_sold_date_sk on web_sales  (cost=0.42..366.09 rows=395 width=32) (actual time=0.014..0.798 rows=742 loops=30)
                                                        Index Cond: (ws_sold_date_sk = date_dim_1.d_date_sk)
                                      ->  Subquery Scan on "*SELECT* 2"  (cost=0.43..4092.95 rows=568 width=24) (actual time=4.385..31.849 rows=46746 loops=1)
                                            ->  Nested Loop  (cost=0.43..4087.27 rows=568 width=32) (actual time=4.385..28.319 rows=46746 loops=1)
                                                  ->  Seq Scan on date_dim date_dim_2  (cost=0.00..2500.73 rows=29 width=8) (actual time=4.375..9.115 rows=30 loops=1)
                                                        Filter: ((d_moy = 11) AND (d_year = 2002))
                                                        Rows Removed by Filter: 73019
                                                  ->  Index Scan using i_cs_sold_date_sk on catalog_sales  (cost=0.43..46.89 rows=782 width=32) (actual time=0.005..0.385 rows=1558 loops=30)
                                                        Index Cond: (cs_sold_date_sk = date_dim_2.d_date_sk)
                                ->  Index Scan using pk_item on item  (cost=0.29..0.95 rows=1 width=63) (actual time=0.002..0.002 rows=0 loops=158663)
                                      Index Cond: (i_item_sk = "*SELECT* 3".sold_item_sk)
                                      Filter: (i_manager_id = 1)
                                      Rows Removed by Filter: 1
                          ->  Index Scan using pk_time_dim on time_dim  (cost=0.29..1.09 rows=1 width=16) (actual time=0.004..0.004 rows=0 loops=2620)
                                Index Cond: (t_time_sk = "*SELECT* 3".time_sk)
                                Filter: ((t_meal_time = 'breakfast'::bpchar) OR (t_meal_time = 'dinner'::bpchar))
                                Rows Removed by Filter: 1
 brand_id |                       brand                        | t_hour | t_minute |     ext_price      
----------+----------------------------------------------------+--------+----------+--------------------
  1003002 | exportiamalg #2                                    |     19 |       53 |                   
  1004002 | edu packamalg #2                                   |     18 |       48 |                   
  2004002 | edu packimporto #2                                 |      9 |       34 |                   
  3003002 | exportiexporti #2                                  |     17 |       14 |                   
  1004002 | importoamalg #1                                    |     18 |       38 |            22926.6
 10008007 | amalgbrand #1                                      |     17 |       43 |           18078.06
  2004001 | amalgscholar #1                                    |     19 |       20 |            17595.9
  1002002 | importoamalg #2                                    |     18 |       43 |           15475.22
  6005001 | amalgnameless #10                                  |     17 |       22 |           14438.83
  4002001 | exportiimporto #2                                  |      8 |       25 |           13573.53
  9014004 | edu packunivamalg #4                               |      9 |       41 |            13134.7
  5004002 | edu packscholar #2                                 |     17 |        5 |           12839.04
  5004002 | edu packscholar #2                                 |     18 |       38 |           12674.52
  1003001 | namelessunivamalg #1                               |      8 |       47 |           12514.59
 10006001 | corpunivamalg #1                                   |     18 |       41 |           12070.62
  8012003 | amalgexporti #2                                    |     19 |        5 |           11950.03
  4002002 | importoedu pack #2                                 |     19 |       18 |            11504.1
  8013005 | exportimaxi #5                                     |     18 |       28 |           11171.16
  9014004 | edu packunivamalg #4                               |     19 |       57 |           11159.71
  9005002 | scholarmaxi #2                                     |     19 |       15 |            10870.4
  1003002 | exportiamalg #2                                    |     19 |       13 |           10807.94
  5003001 | scholarnameless #7                                 |     17 |       41 |           10572.59
 10006014 | amalgscholar #2                                    |     19 |       57 |            10472.8
  9016009 | importounivamalg #10                               |     18 |       24 |           10421.24
  6006002 | corpcorp #2                                        |      8 |       54 |            10382.4
  7001007 | importomaxi #8                                     |     18 |        0 |            10354.6
  2001001 | importoimporto #2                                  |     19 |       56 |           10303.66
  1003001 | exportiamalg #1                                    |      8 |       56 |           10255.36
  6001002 | exportischolar #1                                  |     17 |       33 |           10172.08
  4001001 | importounivamalg #12                               |      8 |       57 |           10077.03
  6016008 | corpbrand #8                                       |      9 |       56 |            9959.52
  1003002 | exportiamalg #2                                    |     19 |       32 |            9807.49
  1003002 | exportiamalg #2                                    |     19 |       12 |  9751.529999999999
  7016001 | univnameless #2                                    |     19 |       33 |            9615.32
 10002010 | importounivamalg #10                               |     18 |        5 |             9535.4
  7006001 | corpbrand #1                                       |      7 |       26 |             9366.4
 10006001 | corpunivamalg #1                                   |      8 |        4 |            9338.88
  1003002 | exportiamalg #2                                    |      9 |       35 |            9268.35
  4004001 | maxiunivamalg #4                                   |      9 |       18 |            9268.02
  8012001 | importomaxi #1                                     |      9 |       12 |             9164.5
  2003002 | exportiimporto #2                                  |     17 |       33 |            8828.05
  8008009 | namelessnameless #9                                |     19 |       48 |            8705.04
  9005008 | scholarmaxi #8                                     |     17 |       49 |            8688.05
  4001002 | amalgedu pack #2                                   |     18 |       22 |            8617.64
  3003001 | namelesscorp #6                                    |     18 |       31 |            8572.08
 10004013 | edu packunivamalg #13                              |     18 |       28 |             8524.8
  5001001 | amalgscholar #1                                    |     17 |       18 |               8333
  9012002 | importounivamalg #2                                |      9 |       56 |            8226.96
  3003001 | namelesscorp #6                                    |     18 |       18 |            8224.56
  7006004 | corpbrand #4                                       |     17 |       36 |               8203
  9005002 | scholarmaxi #2                                     |     17 |       38 |            8093.82
  4003002 | exportiedu pack #2                                 |     17 |       31 |            8082.24
  1004001 | amalgscholar #1                                    |      6 |        2 |             8036.7
  1003001 | exportiamalg #1                                    |     18 |       56 |            7605.78
  2001002 | amalgimporto #2                                    |     17 |       53 |            7550.55
  8003006 | exportinameless #6                                 |      8 |       44 |            7531.35
  8008009 | namelessnameless #9                                |     19 |       22 |            7496.47
  1004002 | importoamalg #1                                    |     18 |       40 |             7491.2
  1002002 | importoamalg #2                                    |      9 |       49 |            7462.93
  5004002 | edu packscholar #2                                 |      8 |       22 |            7458.48
  1003001 | exportiamalg #1                                    |     19 |        2 |            7426.08
  1002001 | importoamalg #1                                    |      9 |       34 |            7379.38
  3002002 | importoexporti #2                                  |      9 |        2 |            7335.86
  2003002 | exportiimporto #2                                  |     19 |       36 |             7298.2
  2004002 | edu packimporto #2                                 |     19 |       34 |             7272.2
  1004001 | amalgscholar #1                                    |     19 |       15 |            7197.66
 10007003 | brandunivamalg #3                                  |      8 |        3 |            7185.28
  3002002 | importoexporti #2                                  |     19 |       14 |               7123
  6016008 | corpbrand #8                                       |     19 |       42 |            7089.48
  8015006 | scholarmaxi #6                                     |      9 |       14 |            7086.82
  7002006 | importobrand #6                                    |     17 |       11 |             7075.5
  8005002 | scholarnameless #2                                 |      8 |       59 |            7052.72
  9004008 | edu packmaxi #8                                    |     18 |       55 |            6974.88
  2004002 | edu packimporto #2                                 |      9 |       20 |            6914.97
  6006002 | corpcorp #2                                        |      9 |       25 |            6886.36
  1004001 | amalgimporto #2                                    |     17 |       53 |            6862.56
  8013005 | exportimaxi #5                                     |     19 |       26 |               6813
  7002010 | importobrand #10                                   |     18 |       49 |            6744.75
  8012003 | amalgexporti #2                                    |     18 |       12 |               6713
  7007010 | brandbrand #10                                     |     18 |       28 |            6632.82
  6001004 | amalgcorp #4                                       |      7 |       17 |            6507.68
  2004001 | edu packimporto #1                                 |     17 |       45 |            6475.59
  1004002 | edu packamalg #2                                   |     18 |       14 |            6468.88
  1004002 | importoamalg #1                                    |      8 |        6 |            6330.28
  2003001 | edu packexporti #1                                 |     17 |       55 |            6327.95
  7003008 | exportibrand #8                                    |     17 |       40 |            6326.59
  5002001 | corpcorp #6                                        |      7 |       26 |            6298.53
  8006001 | corpnameless #1                                    |     18 |       53 |            6266.44
  3002002 | importoexporti #2                                  |      7 |       32 |            6202.38
  6001004 | amalgcorp #4                                       |     17 |       17 |            6193.33
  4001002 | amalgedu pack #2                                   |      8 |       26 |            6191.01
 10006014 | amalgscholar #2                                    |     19 |       27 |             6174.4
 10011001 | namelessunivamalg #2                               |     19 |       53 |             6171.3
  7001007 | importomaxi #8                                     |      8 |       49 |            6147.12
  9003011 | amalgscholar #1                                    |     17 |       53 |             6123.8
  2001002 | amalgimporto #2                                    |     18 |       19 |            6099.84
 10003012 | exportiamalg #2                                    |     17 |       21 |            6086.96
 10003012 | exportiamalg #2                                    |      9 |       13 |            6079.05
  1003001 | namelessunivamalg #1                               |     17 |       46 |            6069.12
  8009010 | maxinameless #10                                   |     19 |       14 |            6025.78
  5003001 | scholarnameless #7                                 |      9 |       36 |            6002.53
  3004002 | edu packexporti #2                                 |      9 |       32 |            5998.72
  2004002 | edu packimporto #2                                 |      8 |       17 |            5976.82
  6015006 | scholarbrand #6                                    |      8 |       52 |            5892.72
  4002001 | exportiimporto #2                                  |     17 |       39 |            5867.46
  2004002 | edu packimporto #2                                 |     19 |       39 |             5791.2
  4004001 | maxiunivamalg #4                                   |     17 |       59 |             5768.3
  4002001 | exportiimporto #2                                  |     17 |       45 |             5762.4
  6004006 | exportiexporti #1                                  |     17 |       13 |            5757.56
  5001002 | amalgscholar #2                                    |     17 |        9 |            5744.75
  3002002 | importoexporti #2                                  |     19 |       27 |            5717.76
  2002001 | importoimporto #1                                  |     17 |       20 |            5712.21
  6013008 | exportibrand #8                                    |     17 |       35 |             5695.2
  8006001 | corpnameless #1                                    |     17 |       22 |            5631.01
  6009006 | maxicorp #6                                        |     19 |       10 |            5629.48
  9014004 | edu packunivamalg #4                               |     18 |        9 |            5599.44
  9005002 | scholarmaxi #2                                     |      9 |       18 |            5574.91
  3002002 | importoexporti #2                                  |     19 |       10 |            5556.52
  9012002 | importounivamalg #2                                |     17 |        0 |            5543.23
  4002002 | importoedu pack #2                                 |     19 |       21 |             5521.2
  6015006 | scholarbrand #6                                    |     19 |       25 |             5501.2
  6005001 | amalgnameless #10                                  |      7 |       52 |            5492.52
  1003001 | exportiamalg #1                                    |     18 |        0 |            5491.85
  8002010 | importonameless #10                                |     19 |        3 |            5471.43
  6015006 | scholarbrand #6                                    |     19 |       27 |            5452.09
  7007010 | brandbrand #10                                     |     19 |       22 |            5443.64
  5001002 | amalgscholar #2                                    |      9 |       18 |            5425.28
  9014009 | importoedu pack #2                                 |      8 |       27 |            5398.06
  7007010 | brandbrand #10                                     |      6 |       19 |            5365.02
  6015006 | scholarbrand #6                                    |     17 |       21 |             5356.8
  2003002 | exportiimporto #2                                  |      9 |       29 |            5290.11
  9014009 | importoedu pack #2                                 |     17 |       31 |            5275.44
  4002002 | importoedu pack #2                                 |     19 |       48 |            5214.78
  3002002 | importoexporti #2                                  |     17 |       35 |            5189.08
  4003002 | exportiedu pack #2                                 |     19 |        3 |             5175.5
  3004002 | edu packexporti #2                                 |      8 |       20 |            5128.86
  2003002 | exportiimporto #2                                  |     18 |       56 |            5118.12
  1004001 | amalgimporto #2                                    |     18 |       25 |            5109.75
 10012005 | importoamalgamalg #5                               |     18 |        2 |            5102.05
  3002002 | importoexporti #2                                  |     19 |       38 |            5098.38
  9016009 | importounivamalg #10                               |     18 |       44 |             5088.8
  5002001 | exportiunivamalg #10                               |     18 |       39 |             5068.8
  2002001 | importounivamalg #10                               |     17 |        1 |            5056.42
  6008003 | edu packedu pack #2                                |     19 |       56 |            4986.86
  7016004 | corpnameless #4                                    |      9 |       35 |            4964.14
  2003002 | exportiimporto #2                                  |     18 |       44 |             4949.3
  6004006 | exportiexporti #1                                  |     17 |        4 |            4945.05
  2001002 | amalgimporto #2                                    |     18 |       32 |             4916.6
  3004001 | edu packexporti #1                                 |     19 |       24 |            4895.22
  9011003 | edu packamalg #2                                   |      6 |       53 |            4881.03
  6001002 | exportischolar #1                                  |      9 |       13 |             4873.2
  2001001 | importoimporto #2                                  |      9 |       56 |            4869.12
  2004002 | edu packimporto #2                                 |     17 |       25 |            4865.28
  1003002 | exportiamalg #2                                    |      9 |        9 |             4826.8
  3002002 | importoscholar #1                                  |     17 |        5 |            4799.48
  3004002 | edu packexporti #2                                 |     18 |       41 |            4797.56
  3004001 | edu packexporti #1                                 |     17 |       45 |            4786.32
  4002001 | exportiimporto #2                                  |      6 |        4 |            4706.35
  6001002 | exportischolar #1                                  |     17 |       51 |            4634.72
  4002002 | importoedu pack #2                                 |     17 |       36 |            4634.04
 10009013 | maxiunivamalg #13                                  |     17 |       36 |            4536.95
  5003001 | scholarnameless #7                                 |     18 |       56 |            4525.29
  3004001 | edu packexporti #1                                 |     19 |       48 |            4518.64
  8005002 | scholarnameless #2                                 |     19 |       29 |            4517.92
 10006014 | amalgscholar #2                                    |     17 |       43 |            4514.51
  8005002 | scholarnameless #2                                 |      9 |       11 |            4510.81
 10002010 | importounivamalg #10                               |     18 |       33 |            4491.06
 10013002 | exportiamalgamalg #2                               |     17 |       53 |            4471.68
  1003001 | exportiamalg #1                                    |      9 |       40 |            4457.18
 10006001 | corpunivamalg #1                                   |      7 |        7 |            4417.82
  7016001 | univnameless #2                                    |     18 |       48 |            4410.94
  8008009 | namelessnameless #9                                |     18 |       20 |            4402.66
  9009006 | namelessunivamalg #7                               |     18 |       16 |            4395.61
  5002001 | exportiunivamalg #10                               |      8 |       25 |            4364.24
 10006012 | corpunivamalg #12                                  |     17 |        6 |            4324.48
  6016008 | corpbrand #8                                       |      8 |       16 |            4305.51
  3002002 | importoexporti #2                                  |      8 |       24 |            4289.96
  1004002 | edu packamalg #2                                   |      9 |        1 |             4280.5
  5001002 | amalgscholar #2                                    |     18 |        4 |            4236.58
  7001007 | importomaxi #8                                     |      9 |       55 |            4230.52
  8003005 | importoexporti #2                                  |      7 |       18 |            4210.38
  1003001 | namelessunivamalg #1                               |     17 |       39 |             4204.2
  2001001 | importoimporto #2                                  |     17 |       22 |            4178.97
  6009006 | maxicorp #6                                        |     19 |       38 |               4129
  1004002 | edu packamalg #2                                   |     19 |       33 |               4117
  1003002 | exportiamalg #2                                    |     17 |       22 |             4105.5
  2003002 | exportiimporto #2                                  |     18 |       41 |            4095.65
  3004002 | edu packexporti #2                                 |     17 |       15 |            4083.54
  2003001 | maxiunivamalg #8                                   |     18 |       27 |            4070.43
  6008007 | brandnameless #3                                   |     19 |       42 |            4051.21
  6006002 | corpcorp #2                                        |     19 |       45 |            4018.56
  8012003 | amalgexporti #2                                    |      9 |       42 |             3984.8
  7006004 | corpbrand #4                                       |      9 |       46 |            3979.55
  9016009 | importounivamalg #10                               |     19 |       32 |            3972.22
  5001002 | amalgscholar #2                                    |     18 |       13 |             3971.8
  1003002 | exportiamalg #2                                    |     19 |        7 |            3970.54
  2002002 | importoimporto #2                                  |      9 |       49 |            3962.44
  6001002 | exportischolar #1                                  |     17 |       25 |             3955.8
  2004002 | edu packimporto #2                                 |      8 |       14 |            3945.06
  4001001 | amalgedu pack #1                                   |      7 |       14 |               3939
  4001002 | amalgedu pack #2                                   |     17 |       29 |            3936.82
  2004002 | edu packimporto #2                                 |      9 |       11 |             3932.5
  2004002 | edu packimporto #2                                 |      9 |       42 |            3921.56
  8003005 | importoexporti #2                                  |     19 |       56 |            3912.72
  2002001 | edu packunivamalg #15                              |      8 |       57 |            3893.25
  6006002 | corpcorp #2                                        |     19 |       17 |            3891.42
 10004013 | edu packunivamalg #13                              |     19 |       14 |             3888.5
  6009006 | maxicorp #6                                        |     19 |       50 |             3864.6
  3002002 | importoexporti #2                                  |      8 |       19 |            3861.52
  6008007 | brandnameless #3                                   |     19 |       33 |            3845.28
  5004002 | edu packscholar #2                                 |     18 |       17 |            3818.24
  9004008 | edu packmaxi #8                                    |     19 |       56 |            3809.19
  6009003 | amalgnameless #1                                   |      9 |       54 |            3808.17
 10004013 | edu packunivamalg #13                              |     19 |       22 |            3793.47
  8011004 | amalgmaxi #4                                       |      7 |       34 |            3780.48
  3004002 | edu packexporti #2                                 |      9 |       20 |            3760.68
  8002003 | edu packscholar #2                                 |     18 |       32 |            3749.76
 10006012 | corpunivamalg #12                                  |     19 |       39 |            3747.64
  7002006 | importobrand #6                                    |      6 |       25 |            3736.12
 10009013 | maxiunivamalg #13                                  |     17 |       43 |             3729.6
  5004002 | edu packscholar #2                                 |     18 |       27 |            3726.43
  3004002 | edu packexporti #2                                 |      9 |        0 |            3690.96
  5001002 | amalgscholar #2                                    |     19 |       39 |            3690.72
  6016008 | corpbrand #8                                       |     17 |       10 |            3688.23
  1004001 | edu packamalg #2                                   |     17 |       43 |            3666.18
  1004001 | edu packamalg #2                                   |     18 |       32 |            3659.04
  4004001 | exportinameless #6                                 |     17 |       31 |            3654.24
  4002001 | exportiimporto #2                                  |     19 |        2 |            3622.08
  2002001 | importounivamalg #10                               |     17 |       35 |             3621.6
  1003001 | namelessunivamalg #1                               |     18 |       45 |            3591.54
  1004002 | edu packamalg #2                                   |     19 |       32 |            3575.04
  3002002 | importoexporti #2                                  |     18 |       11 |            3563.16
  2001002 | amalgimporto #2                                    |      9 |        4 |            3559.36
  4004001 | exportinameless #6                                 |     19 |        2 |            3549.36
  5002001 | exportiunivamalg #10                               |      9 |       52 |               3528
 10003012 | exportiamalg #2                                    |     17 |       10 |            3513.25
  7016004 | corpnameless #4                                    |      9 |       37 |            3487.05
 10004017 | univmaxi #7                                        |      9 |       40 |             3404.7
  6004006 | exportiexporti #1                                  |      8 |       35 |             3401.7
  7002006 | importobrand #6                                    |     17 |       29 |               3395
  5001002 | amalgscholar #2                                    |     18 |        0 |             3372.8
  7006004 | corpbrand #4                                       |     19 |       26 |            3371.55
  8013005 | exportimaxi #5                                     |     17 |       27 |            3362.25
  3002002 | importoexporti #2                                  |     18 |       54 |            3352.62
  2003001 | edu packexporti #1                                 |      7 |       10 |            3352.32
  9005002 | scholarmaxi #2                                     |     19 |       12 |            3348.48
  2002002 | brandbrand #7                                      |      9 |       58 |            3342.57
  1004002 | edu packamalg #2                                   |     17 |       10 |            3328.78
  8003006 | exportinameless #6                                 |      9 |       39 |               3318
  5001002 | amalgscholar #2                                    |      7 |       21 |            3312.25
  4003002 | exportiedu pack #2                                 |     18 |        3 |            3294.83
  2002002 | brandbrand #7                                      |     17 |       57 |             3275.9
  8012003 | amalgexporti #2                                    |     19 |       25 |            3270.96
  1004002 | importoamalg #1                                    |     19 |       22 |            3264.24
  7002006 | importobrand #6                                    |     19 |        4 |            3255.93
 10004017 | univmaxi #7                                        |     18 |       41 |            3253.38
  4001001 | importounivamalg #12                               |      8 |       10 |            3253.25
  8011004 | amalgmaxi #4                                       |      8 |       36 |            3247.95
  8002003 | edu packscholar #2                                 |      9 |       23 |            3194.73
  4001002 | amalgedu pack #2                                   |     17 |       39 |            3185.82
  8015006 | scholarmaxi #6                                     |     17 |       36 |            3182.76
  6001002 | exportischolar #1                                  |     18 |       12 |            3181.62
  3004002 | edu packexporti #2                                 |     18 |       26 |             3179.4
  4001002 | amalgedu pack #2                                   |     18 |       38 |            3178.11
  5004002 | edu packscholar #2                                 |     19 |       55 |            3165.62
  1003001 | namelessunivamalg #1                               |      6 |       11 |            3152.96
  8002010 | importonameless #10                                |     18 |        8 |            3139.82
  1002002 | importoamalg #2                                    |     17 |       26 |               3132
  1001001 | amalgedu pack #1                                   |     19 |       37 |            3125.85
  5002002 | importoscholar #2                                  |     17 |        6 |             3105.2
  3003001 | namelesscorp #6                                    |      7 |       24 |             3104.4
  2002002 | brandbrand #7                                      |     17 |       39 |            3103.45
  8006001 | corpnameless #1                                    |     19 |       47 |            3096.04
  4002002 | importoedu pack #2                                 |      7 |       55 |            3067.68
  3002002 | importoexporti #2                                  |     19 |       18 |            3062.88
  7003008 | exportibrand #8                                    |     19 |       38 |            3049.94
  4004001 | exportinameless #6                                 |     17 |       23 |            2991.45
  2003001 | maxiunivamalg #8                                   |      8 |        8 |             2969.1
  6009006 | maxicorp #6                                        |      7 |       51 |            2961.75
  9004008 | edu packmaxi #8                                    |     19 |       24 |               2958
  7016004 | corpnameless #4                                    |     18 |       55 |            2943.48
  1001001 | importoimporto #2                                  |     17 |       10 |            2934.22
  4001002 | amalgedu pack #2                                   |     17 |       12 |             2928.5
  9005008 | scholarmaxi #8                                     |      8 |       24 |             2900.2
  1003002 | exportiamalg #2                                    |     18 |        1 |            2889.25
  7016004 | corpnameless #4                                    |      9 |       38 |            2885.58
  7016001 | univnameless #2                                    |     19 |       44 |            2881.56
  1002002 | importoamalg #2                                    |      9 |       42 |             2870.4
  4001002 | amalgedu pack #2                                   |      9 |       12 |            2849.28
  1002002 | importoamalg #2                                    |      8 |       50 |            2848.32
  3003002 | exportiexporti #2                                  |     19 |       56 |            2845.44
  1003002 | exportiamalg #2                                    |      9 |       58 |            2840.22
  3004002 | edu packexporti #2                                 |     18 |       18 |             2831.4
  9014009 | importoedu pack #2                                 |     17 |        6 |            2827.71
  1002002 | importoamalg #2                                    |     17 |       53 |            2821.64
  2001001 | importoimporto #2                                  |      8 |       30 |            2821.41
  3004002 | edu packexporti #2                                 |     18 |        6 |            2813.83
  4004001 | maxiunivamalg #4                                   |      9 |       53 |            2809.68
 10002012 | importounivamalg #12                               |      8 |       26 |            2809.62
  6013008 | exportibrand #8                                    |      9 |       42 |            2781.46
  2003002 | exportiimporto #2                                  |     17 |       55 |             2779.7
  6016008 | corpbrand #8                                       |      7 |        8 |             2778.4
  1003002 | exportiamalg #2                                    |      7 |       48 |               2772
  6002005 | exportiedu pack #2                                 |      9 |       33 |            2761.11
  1004002 | edu packamalg #2                                   |      9 |       20 |            2745.12
  7002010 | importobrand #10                                   |      6 |       45 |            2741.69
  1004002 | edu packamalg #2                                   |     17 |       35 |            2722.34
  2004001 | amalgscholar #1                                    |     17 |       13 |             2717.4
  2003002 | exportiimporto #2                                  |     17 |       45 |            2715.39
  2004002 | edu packimporto #2                                 |     17 |       46 |            2712.05
  2004002 | edu packimporto #2                                 |      9 |        2 |            2706.72
  5004001 | importounivamalg #5                                |     18 |       55 |             2688.4
  9016007 | corpunivamalg #7                                   |     18 |       12 |               2685
  8005002 | scholarnameless #2                                 |     19 |       26 |            2684.36
  5002002 | importoscholar #2                                  |     17 |       26 |            2683.28
 10013002 | exportiamalgamalg #2                               |     17 |       35 | 2677.2599999999998
  1003002 | exportiamalg #2                                    |      8 |       29 |            2670.99
  1004002 | edu packamalg #2                                   |      6 |       34 |            2669.85
  1004002 | edu packamalg #2                                   |      9 |       58 |            2658.95
  9005002 | scholarmaxi #2                                     |     17 |       28 |             2656.2
 10002012 | importounivamalg #12                               |     19 |       30 |            2640.05
 10011001 | namelessunivamalg #2                               |     19 |       14 |            2609.52
  2004002 | edu packimporto #2                                 |      8 |       11 |            2591.04
  6009003 | amalgnameless #1                                   |      8 |       20 |             2585.2
  2002001 | edu packunivamalg #15                              |     17 |        8 |            2574.72
 10007003 | brandunivamalg #3                                  |     18 |       12 |             2566.8
  1003001 | namelessunivamalg #1                               |     19 |       23 |            2548.48
  9009006 | namelessunivamalg #7                               |     19 |        6 |            2533.08
  1003001 | exportiamalg #1                                    |      9 |       23 |            2531.34
  2004002 | edu packimporto #2                                 |     19 |       47 |            2521.26
  8003006 | exportinameless #6                                 |     17 |       43 |            2517.06
 10011001 | namelessunivamalg #2                               |     18 |       34 |            2511.39
  9003011 | amalgscholar #1                                    |     17 |       37 |            2505.91
  1003002 | exportiamalg #2                                    |      8 |       23 |            2503.08
  7002006 | importobrand #6                                    |     17 |       25 |            2493.57
  2002002 | brandbrand #7                                      |      9 |       11 |             2490.9
  6016008 | corpbrand #8                                       |     19 |       37 |             2484.9
  3004002 | edu packexporti #2                                 |     17 |       16 |             2475.7
  8011004 | amalgmaxi #4                                       |      9 |       35 |             2469.6
  2001001 | importoimporto #2                                  |     18 |        2 |            2442.56
  2004002 | edu packimporto #2                                 |      8 |       29 |               2436
  1004002 | edu packamalg #2                                   |     19 |        0 |            2434.78
  5002002 | importoscholar #2                                  |     19 |       44 |             2413.2
  3002002 | importoexporti #2                                  |      9 |       49 |            2409.98
  8005002 | scholarnameless #2                                 |     17 |        7 |            2403.15
  9016009 | importounivamalg #10                               |     19 |       58 |            2394.47
  2004002 | edu packimporto #2                                 |      6 |       47 |            2388.72
 10002012 | importounivamalg #12                               |     17 |       10 |            2383.15
 10002010 | importounivamalg #10                               |     18 |       14 |             2370.5
  3004002 | edu packexporti #2                                 |     19 |       16 |            2362.42
  8006001 | corpnameless #1                                    |      6 |       50 |             2354.1
  1004002 | importoamalg #1                                    |     19 |       39 |            2352.35
  3002002 | importoexporti #2                                  |      8 |       15 |            2352.06
  7003008 | exportibrand #8                                    |     17 |       58 |             2347.2
  1003002 | exportiamalg #2                                    |     17 |       47 |            2332.43
  6001004 | amalgcorp #4                                       |     17 |       36 |             2331.9
  5002001 | exportiunivamalg #10                               |     17 |       45 |            2322.74
  2004002 | edu packimporto #2                                 |     19 |       38 |            2318.68
  6016008 | corpbrand #8                                       |      6 |       42 |            2313.82
  7002010 | importobrand #10                                   |     19 |       41 |            2301.75
  4002002 | importoedu pack #2                                 |      9 |       11 |             2301.6
  4001001 | amalgedu pack #1                                   |     19 |       57 |            2300.65
  1004001 | edu packamalg #2                                   |     19 |       24 |            2273.67
  5001002 | amalgscholar #2                                    |     19 |       10 |            2269.16
  5002002 | importoscholar #2                                  |      8 |       35 |            2263.04
  5001002 | amalgscholar #2                                    |      8 |       45 |            2261.82
  4001002 | amalgedu pack #2                                   |     17 |        9 |            2244.09
  1003001 | exportiamalg #1                                    |     18 |       14 |             2224.8
  2001001 | importoimporto #2                                  |      8 |       42 |            2206.08
  7002006 | importobrand #6                                    |      9 |       33 |            2203.03
  1004002 | importoamalg #1                                    |     18 |       18 |            2187.36
  3002002 | importoexporti #2                                  |     18 |       36 |             2179.8
  8008009 | namelessnameless #9                                |     18 |       28 |             2179.2
  1003002 | exportiamalg #2                                    |     17 |       14 |            2178.55
  4002002 | importoedu pack #2                                 |      8 |       52 |             2150.4
  1002002 | importoamalg #2                                    |      8 |       11 |            2147.84
  3004002 | edu packexporti #2                                 |      9 |       24 |            2139.84
  9009006 | namelessunivamalg #7                               |      9 |       34 |            2130.75
  1003002 | exportiamalg #2                                    |      8 |       45 |            2095.92
  6009006 | maxicorp #6                                        |     17 |       49 |             2077.4
  4002002 | importoedu pack #2                                 |     19 |       47 |            2076.44
  3002002 | importoexporti #2                                  |      9 |       38 |            2067.12
  4003002 | exportiedu pack #2                                 |     17 |        2 |            2064.96
  6006002 | corpcorp #2                                        |     18 |       57 |            2058.96
  7016004 | corpnameless #4                                    |     19 |       30 |            2052.02
  1004002 | edu packamalg #2                                   |     17 |        4 |            2050.71
  4004001 | exportinameless #6                                 |      7 |        8 |             2042.1
  2001001 | importoimporto #2                                  |     17 |       41 |             2032.8
  7007010 | brandbrand #10                                     |      8 |       11 |            2024.88
  8003006 | exportinameless #6                                 |     18 |        5 |             2023.9
  3003002 | exportiexporti #2                                  |      8 |       44 |            2017.92
  3002002 | importoexporti #2                                  |      7 |       48 |            2017.11
  2004002 | edu packimporto #2                                 |     17 |       43 |             2014.5
 10005016 | importoexporti #2                                  |      9 |        2 |            2007.85
  1004002 | edu packamalg #2                                   |     17 |        1 |            2005.15
  8011004 | amalgmaxi #4                                       |      8 |        0 |            2001.36
  5003001 | scholarnameless #7                                 |     18 |       53 |            1998.36
  1003001 | exportiamalg #1                                    |     17 |       28 |             1992.6
 10004013 | edu packunivamalg #13                              |      9 |        5 |             1990.5
  3004002 | edu packexporti #2                                 |     17 |       36 |            1979.77
  2003001 | exportiimporto #1                                  |     18 |       37 |            1976.85
  1003002 | exportiamalg #2                                    |     19 |        8 |            1976.56
  9012010 | importounivamalg #10                               |      9 |       57 |            1973.06
  9014009 | importoedu pack #2                                 |     17 |       33 |            1971.06
  7002006 | importobrand #6                                    |      8 |       35 |            1959.94
  4002001 | exportiimporto #2                                  |     19 |        8 |            1958.52
  6001002 | exportischolar #1                                  |     18 |       27 |            1947.68
  7016004 | corpnameless #4                                    |     17 |       32 |            1941.88
  8002003 | edu packscholar #2                                 |     17 |       53 |             1929.3
 10006012 | corpunivamalg #12                                  |      9 |       25 |            1922.62
  5002001 | corpcorp #6                                        |     18 |       19 |            1920.04
  6009006 | maxicorp #6                                        |     19 |       25 |             1917.5
 10007003 | brandunivamalg #3                                  |      9 |       58 |             1909.8
  5002001 | exportiunivamalg #10                               |     17 |        8 |            1897.27
  3004002 | edu packexporti #2                                 |      9 |        4 |            1892.88
  9003011 | amalgscholar #1                                    |     17 |       18 |            1892.86
  1002002 | importoamalg #2                                    |     18 |        7 |            1891.41
  9012010 | importounivamalg #10                               |     19 |       14 |             1890.6
 10008007 | amalgbrand #1                                      |      9 |       26 |               1890
 10009013 | maxiunivamalg #13                                  |      9 |       53 |            1887.08
  3004001 | edu packexporti #1                                 |     17 |       36 |            1884.96
  8012003 | amalgexporti #2                                    |     18 |        2 |            1884.36
  1004002 | edu packamalg #2                                   |     19 |       21 |            1877.68
  1004002 | edu packamalg #2                                   |     18 |       36 |            1875.25
  9005008 | scholarmaxi #8                                     |     17 |       59 |            1874.46
  2003001 | maxiunivamalg #8                                   |     19 |       18 |            1872.75
 10013002 | exportiamalgamalg #2                               |     17 |       12 |            1843.95
 10012005 | importoamalgamalg #5                               |     19 |       46 |            1837.88
 10002010 | importounivamalg #10                               |      6 |       32 |            1831.83
 10011001 | namelessunivamalg #2                               |     18 |       40 |            1830.39
  6001002 | exportischolar #1                                  |      9 |       43 |            1822.48
  2004002 | edu packimporto #2                                 |     17 |        0 |            1811.48
  2001001 | importoimporto #2                                  |     18 |       14 |            1805.65
  2004002 | edu packimporto #2                                 |      9 |       44 |             1795.5
  9016009 | importounivamalg #10                               |      9 |       43 |            1786.08
  3004002 | edu packexporti #2                                 |      6 |       54 |            1785.24
  2001002 | amalgimporto #2                                    |      7 |       27 |            1781.25
  8013005 | exportimaxi #5                                     |     19 |       20 |               1769
  5001002 | amalgscholar #2                                    |     17 |       37 |            1765.46
  3002002 | importoexporti #2                                  |     19 |       15 |             1761.5
  3002002 | importoexporti #2                                  |      8 |        2 |            1754.08
  9005002 | scholarmaxi #2                                     |      6 |       16 |            1750.04
  8015006 | scholarmaxi #6                                     |      9 |        3 |            1747.77
 10006014 | amalgscholar #2                                    |     19 |       12 |             1747.2
  2001001 | importoimporto #2                                  |     18 |       28 |            1746.77
  4002001 | exportiimporto #2                                  |      8 |       34 |            1745.93
  9014004 | edu packunivamalg #4                               |     17 |       36 |            1737.34
  3003002 | exportiexporti #2                                  |      9 |       46 |            1730.43
  6006002 | corpcorp #2                                        |      9 |       33 |            1726.45
  3004002 | edu packexporti #2                                 |      8 |        3 |            1723.12
  4004001 | exportinameless #6                                 |     19 |       31 |            1718.92
  5001002 | amalgscholar #2                                    |      9 |       34 |            1714.62
  7002006 | importobrand #6                                    |     17 |       36 |            1710.18
  3002002 | importoexporti #2                                  |      7 |       36 |            1704.08
  1002002 | importoamalg #2                                    |     18 |       38 |            1692.94
  1004002 | importoamalg #1                                    |     19 |       47 |            1688.38
  8015006 | scholarmaxi #6                                     |     17 |        1 |            1676.24
  3004002 | edu packexporti #2                                 |      7 |        6 |            1670.18
  1004002 | edu packamalg #2                                   |     18 |       46 |            1667.52
  6009003 | amalgnameless #1                                   |      9 |       24 |            1658.37
  8006001 | corpnameless #1                                    |     17 |       14 |            1658.19
 10012005 | importoamalgamalg #5                               |      8 |       27 |            1657.24
  1002002 | importoamalg #2                                    |     19 |       35 |             1657.2
  8002003 | edu packscholar #2                                 |     17 |       40 |            1643.58
  7001007 | importomaxi #8                                     |     17 |        2 |            1643.07
  9007001 | brandmaxi #1                                       |     18 |       49 |            1642.21
 10012005 | importoamalgamalg #5                               |     18 |       34 |            1635.52
  2002001 | edu packunivamalg #15                              |      9 |       35 |            1630.16
  6008003 | edu packedu pack #2                                |     17 |       52 |            1628.12
 10011001 | namelessunivamalg #2                               |     18 |        0 |             1621.5
 10006001 | corpunivamalg #1                                   |      9 |       24 |            1615.95
  6001002 | exportischolar #1                                  |     19 |       12 |            1609.44
  5003001 | scholarnameless #7                                 |     18 |       51 |             1606.5
  2002001 | importoimporto #1                                  |     19 |       57 |            1603.84
  9014004 | edu packunivamalg #4                               |      9 |       30 |             1591.6
  2003002 | exportiimporto #2                                  |     17 |       43 |             1587.6
  1003002 | exportiamalg #2                                    |      8 |       39 |            1586.77
  5004002 | edu packscholar #2                                 |      9 |       18 |            1563.12
  8009010 | maxinameless #10                                   |      8 |       19 |            1558.02
  8013005 | exportimaxi #5                                     |      9 |       30 |            1557.33
  1004001 | amalgscholar #1                                    |     19 |        7 |            1555.72
  1004002 | importoamalg #1                                    |      8 |       22 |            1548.48
  2004002 | edu packimporto #2                                 |      9 |       18 |            1546.11
  8012003 | amalgexporti #2                                    |     19 |        4 |            1539.35
  2003002 | exportiimporto #2                                  |      7 |       57 |            1532.55
  1002001 | importoamalg #1                                    |     17 |       12 |             1525.8
  7002006 | importobrand #6                                    |     17 |       17 |            1522.18
 10009013 | maxiunivamalg #13                                  |      9 |       57 |            1520.55
  9004008 | edu packmaxi #8                                    |     17 |        5 |            1507.98
 10006012 | corpunivamalg #12                                  |     18 |       30 |            1507.88
  8016007 | corpmaxi #7                                        |     18 |       56 |             1502.6
  9016009 | importounivamalg #10                               |     17 |       21 |             1495.9
  6005001 | amalgnameless #10                                  |      8 |       20 |            1494.22
  6001004 | amalgcorp #4                                       |      8 |       35 |            1486.56
  5001002 | amalgscholar #2                                    |     18 |        7 |             1486.1
  1003002 | exportiamalg #2                                    |     19 |       10 |            1466.19
 10005016 | importoexporti #2                                  |     19 |       36 |            1461.86
  4003002 | exportiedu pack #2                                 |     18 |       59 |            1460.88
  3004002 | edu packexporti #2                                 |      9 |       51 |            1455.22
  4002002 | importoedu pack #2                                 |      9 |       53 |            1448.56
  4001002 | amalgedu pack #2                                   |     18 |       47 |             1447.6
  8008009 | namelessnameless #9                                |      8 |       23 |            1429.26
  2002002 | importoimporto #2                                  |     19 |       19 |            1426.45
  8012001 | importomaxi #1                                     |     18 |       38 |             1416.2
  9004008 | edu packmaxi #8                                    |     17 |        3 |            1399.83
  6005001 | amalgnameless #10                                  |      7 |       42 |               1398
  3004002 | edu packexporti #2                                 |     19 |        3 |            1394.12
 10006012 | corpunivamalg #12                                  |     18 |       10 |             1388.4
  8003005 | importoexporti #2                                  |     18 |        4 |            1386.77
  9009006 | namelessunivamalg #7                               |     19 |       46 |            1385.67
  5002002 | importoscholar #2                                  |     19 |       27 |             1377.5
 10009013 | maxiunivamalg #13                                  |     17 |       44 |            1370.04
 10009013 | maxiunivamalg #13                                  |      9 |       39 |             1359.6
 10005016 | importoexporti #2                                  |     18 |       57 |            1355.34
  7002006 | importobrand #6                                    |      9 |       37 |            1342.92
  8015006 | scholarmaxi #6                                     |     19 |       17 |            1340.64
  1004002 | importoamalg #1                                    |     18 |        3 |             1338.7
  9007001 | brandmaxi #1                                       |     19 |       38 |            1320.15
 10003012 | exportiamalg #2                                    |     17 |       26 |            1315.38
  4001002 | amalgedu pack #2                                   |     19 |       25 |            1307.25
  7007010 | brandbrand #10                                     |     19 |        0 |            1291.36
  2004002 | edu packimporto #2                                 |      8 |       42 |            1290.96
  8013005 | exportimaxi #5                                     |      9 |       20 |               1276
  8008009 | namelessnameless #9                                |     19 |       43 |            1254.19
  9014009 | importoedu pack #2                                 |     17 |        0 |            1249.03
  1004001 | amalgscholar #1                                    |     19 |       14 |            1247.52
  9003011 | amalgscholar #1                                    |      8 |       51 |             1246.3
 10012005 | importoamalgamalg #5                               |      9 |       52 |               1242
  7016001 | univnameless #2                                    |     17 |       51 |            1239.28
  6009003 | amalgnameless #1                                   |     19 |       50 |            1225.68
  5002001 | exportiunivamalg #10                               |     19 |       46 |             1221.2
 10006012 | corpunivamalg #12                                  |     19 |       33 |            1220.37
  1003001 | exportiamalg #1                                    |     19 |        8 |            1217.92
  8011004 | amalgmaxi #4                                       |     17 |       39 |            1217.28
  8006001 | corpnameless #1                                    |     18 |       12 |             1212.2
  8016007 | corpmaxi #7                                        |      9 |       40 |            1208.88
  8012001 | importomaxi #1                                     |     19 |        7 |            1208.16
 10004013 | edu packunivamalg #13                              |     19 |       44 |            1207.92
 10004017 | univmaxi #7                                        |      8 |       46 |            1181.72
 10009013 | maxiunivamalg #13                                  |     18 |       39 |            1181.25
  5001002 | amalgscholar #2                                    |     18 |       59 |            1176.45
  1001001 | importoimporto #2                                  |     18 |       20 |            1164.67
  2001001 | importoimporto #2                                  |      8 |       59 |            1163.47
  4001002 | amalgedu pack #2                                   |     18 |       36 |             1163.2
  3004001 | edu packexporti #1                                 |     19 |       12 |             1162.8
  8009010 | maxinameless #10                                   |     17 |       51 |            1154.64
  6005001 | amalgnameless #10                                  |      8 |       15 |            1144.94
  7002006 | importobrand #6                                    |     18 |        1 |            1140.97
  1002002 | importoamalg #2                                    |     18 |       45 |             1139.5
  6005001 | amalgnameless #10                                  |     18 |       10 |            1137.65
  1001002 | amalgamalg #2                                      |      9 |       21 |            1132.98
  2003001 | edu packexporti #1                                 |      6 |       33 |            1123.44
 10002012 | importounivamalg #12                               |      9 |       42 |            1121.12
  1004002 | edu packamalg #2                                   |      9 |        8 |            1118.91
  2004002 | edu packimporto #2                                 |     17 |        9 |               1110
  3004002 | edu packexporti #2                                 |     18 |       45 |            1104.09
  2002002 | importoimporto #2                                  |     18 |       45 |             1103.9
  8012003 | amalgexporti #2                                    |     18 |       36 |             1102.2
  7007010 | brandbrand #10                                     |     18 |       22 |             1101.5
  4001002 | amalgedu pack #2                                   |      9 |       19 |            1092.14
  2004002 | edu packimporto #2                                 |      9 |       26 |             1079.7
  8015006 | scholarmaxi #6                                     |     17 |       46 |             1076.7
  2002001 | importoimporto #1                                  |     17 |       24 |             1074.4
  3002002 | importoexporti #2                                  |     18 |       52 |             1070.3
  5002001 | corpcorp #6                                        |     19 |       57 |             1065.6
  7002010 | importobrand #10                                   |     19 |       21 |             1065.6
  2003002 | exportiimporto #2                                  |     17 |       25 |            1057.32
  7016004 | corpnameless #4                                    |     18 |        9 |            1053.45
  9003011 | amalgscholar #1                                    |     17 |       48 |            1038.24
  3002002 | importoexporti #2                                  |      9 |       41 |            1033.76
  7001007 | importomaxi #8                                     |     17 |       35 |            1033.56
 10005016 | importoexporti #2                                  |     17 |       34 |            1024.88
  1003001 | namelessunivamalg #1                               |     18 |       44 |             1019.7
 10006012 | corpunivamalg #12                                  |     17 |       52 |            1016.52
 10002012 | importounivamalg #12                               |     19 |       48 |            1015.41
 10003012 | exportiamalg #2                                    |     19 |        6 |            1009.78
  4002002 | importoedu pack #2                                 |     19 |       36 |             1001.7
  1001001 | importoimporto #2                                  |     17 |       21 |             984.34
  4002002 | importoedu pack #2                                 |     17 |       39 |             983.25
  2003001 | maxiunivamalg #8                                   |     17 |        8 |                983
  2002001 | importoimporto #1                                  |     17 |       42 |              973.8
  5003001 | scholarnameless #7                                 |      9 |       13 |             969.38
  2003002 | exportiimporto #2                                  |     17 |       32 |             962.64
  1002002 | importoamalg #2                                    |     19 |        2 |              961.8
 10008007 | amalgbrand #1                                      |      9 |        2 |             959.27
  8012001 | importomaxi #1                                     |     19 |       53 |             953.19
  2004001 | edu packimporto #1                                 |     18 |        9 |             952.36
  9004008 | edu packmaxi #8                                    |     18 |       54 |             949.75
 10008007 | amalgbrand #1                                      |     19 |        6 |             949.44
 10007003 | brandunivamalg #3                                  |     19 |       53 |              947.5
  8008009 | namelessnameless #9                                |     19 |       34 |             945.88
  4001002 | amalgedu pack #2                                   |      8 |       20 |             942.48
  9011003 | edu packamalg #2                                   |     18 |       55 |             938.39
  8012001 | importomaxi #1                                     |     17 |        0 |              930.6
  6001002 | exportischolar #1                                  |      9 |       38 |             927.83
  2003002 | exportiimporto #2                                  |      9 |       39 |             922.32
  7006001 | corpbrand #1                                       |      9 |       35 |             921.44
  2004002 | edu packimporto #2                                 |      8 |        7 |             917.85
  5001002 | amalgscholar #2                                    |      8 |       20 |             910.37
  2003001 | exportiimporto #1                                  |      9 |       50 |                906
  1002001 | importoamalg #1                                    |     17 |       52 |              901.2
 10005016 | importoexporti #2                                  |      9 |       35 |             899.64
  4001002 | amalgedu pack #2                                   |     18 |       45 |              893.1
  5004001 | importounivamalg #5                                |     19 |       19 |             891.36
  9003011 | amalgscholar #1                                    |     17 |       26 |             883.47
  5003001 | scholarnameless #7                                 |      9 |       35 |             879.36
  2002001 | importoimporto #1                                  |      9 |       55 |             877.89
  7002006 | importobrand #6                                    |      9 |        2 |             871.64
  1004002 | edu packamalg #2                                   |      8 |       53 |              870.6
  9012010 | importounivamalg #10                               |      9 |        5 |             869.82
 10006014 | amalgscholar #2                                    |      9 |       44 |             857.46
  9012002 | importounivamalg #2                                |     19 |       50 |             847.56
 10002010 | importounivamalg #10                               |     19 |       36 |             840.62
  5002001 | exportiunivamalg #10                               |     19 |       13 |             840.54
  7007010 | brandbrand #10                                     |     19 |       24 |             840.14
  9005002 | scholarmaxi #2                                     |      6 |       27 |             839.52
  2003001 | edu packexporti #1                                 |     19 |       43 |             836.88
  9003011 | amalgscholar #1                                    |     17 |       33 |             830.88
  3002002 | importoexporti #2                                  |      9 |       14 |             827.86
  8003005 | importoexporti #2                                  |      8 |        6 |             823.04
  6001002 | exportischolar #1                                  |     17 |       18 |             823.02
  5003001 | scholarnameless #7                                 |     17 |       22 |              822.8
  2001002 | amalgimporto #2                                    |      9 |       43 |              821.8
  6008007 | brandnameless #3                                   |     17 |       28 |             817.92
 10005016 | importoexporti #2                                  |      9 |       56 |             816.04
  4003002 | exportiedu pack #2                                 |     17 |       10 |             813.77
  2002002 | importoimporto #2                                  |     18 |        1 |              811.8
  8012003 | amalgexporti #2                                    |      7 |       11 |             811.49
  3002002 | importoexporti #2                                  |     19 |        8 |             808.28
  6013008 | exportibrand #8                                    |     17 |       56 |             807.84
  2001002 | amalgimporto #2                                    |      8 |       31 |                807
  4003002 | exportiedu pack #2                                 |     19 |        4 |             806.82
  5001002 | amalgscholar #2                                    |     17 |       42 |             796.05
  8002010 | importonameless #10                                |     17 |       45 |             792.88
 10002010 | importounivamalg #10                               |     17 |       31 |              792.8
  2004002 | edu packimporto #2                                 |     18 |        3 |             784.29
  4002001 | exportiimporto #2                                  |     19 |       47 |             773.01
  3004002 | edu packexporti #2                                 |      9 |        7 |              768.6
 10004013 | edu packunivamalg #13                              |     17 |       25 |             768.24
  2003002 | exportiimporto #2                                  |      9 |       38 |             759.78
  1004001 | amalgimporto #2                                    |     19 |       24 |              752.8
  8015006 | scholarmaxi #6                                     |     17 |       51 |             751.06
  6006002 | corpcorp #2                                        |     18 |       51 |             749.52
  9007001 | brandmaxi #1                                       |      8 |       44 |             748.68
  4001002 | amalgedu pack #2                                   |      9 |       47 |             747.24
  7001007 | importomaxi #8                                     |     17 |       19 |             745.33
  4001002 | amalgedu pack #2                                   |      7 |       52 |              745.2
  1003002 | exportiamalg #2                                    |      6 |       59 |             742.05
  4003002 | exportiedu pack #2                                 |     17 |       57 |              741.6
  2003001 | edu packexporti #1                                 |     19 |       36 |             738.01
  3004002 | edu packexporti #2                                 |     19 |       43 |             733.95
  3002002 | importoexporti #2                                  |      6 |       42 |             733.59
  4001002 | amalgedu pack #2                                   |      9 |       45 |             725.16
  9012010 | importounivamalg #10                               |     17 |       51 |             723.33
  8015006 | scholarmaxi #6                                     |     17 |       23 |             722.67
  2003001 | edu packexporti #1                                 |     17 |       14 |             721.92
  2001002 | amalgimporto #2                                    |     17 |       21 |             716.24
 10012005 | importoamalgamalg #5                               |     19 |       45 |              713.4
  1004002 | edu packamalg #2                                   |      7 |       26 |             712.46
  4001002 | amalgedu pack #2                                   |      9 |       54 |             711.76
  1004002 | edu packamalg #2                                   |     17 |       40 |              708.2
  4003002 | exportiedu pack #2                                 |      8 |       36 |              705.6
  3004001 | edu packexporti #1                                 |      9 |       49 |             700.32
  2004002 | edu packimporto #2                                 |      9 |       10 |             697.76
  6009006 | maxicorp #6                                        |      9 |       10 |             697.76
  1001001 | amalgedu pack #1                                   |     17 |        5 |             695.52
  9005002 | scholarmaxi #2                                     |     19 |       31 |             694.62
  5003001 | scholarnameless #7                                 |     17 |       55 |             694.26
  1003002 | exportiamalg #2                                    |     17 |       18 |              693.6
  3004001 | edu packexporti #1                                 |     17 |       29 |             690.93
  6001002 | exportischolar #1                                  |     18 |       18 |             690.12
  4002002 | importoedu pack #2                                 |      9 |       34 |             680.16
  4002002 | importoedu pack #2                                 |      9 |       19 |                674
  3004002 | edu packexporti #2                                 |      8 |       38 |             669.13
  4004001 | exportinameless #6                                 |     19 |        7 |             666.06
  2004002 | edu packimporto #2                                 |     18 |       33 |             665.28
  3002002 | importoexporti #2                                  |     17 |       51 |  665.0600000000001
  8006001 | corpnameless #1                                    |     19 |       56 |             661.76
  4002002 | importoedu pack #2                                 |     17 |       55 |             658.58
  2004001 | amalgscholar #1                                    |     17 |       12 |             658.56
  2002001 | edu packunivamalg #15                              |     18 |       38 |             652.68
  8016007 | corpmaxi #7                                        |      9 |       37 |             648.12
  6004006 | exportiexporti #1                                  |      7 |       14 |             647.78
  5002001 | corpcorp #6                                        |     17 |        7 |             635.18
  6004006 | exportiexporti #1                                  |     18 |        8 |             632.32
  2003002 | exportiimporto #2                                  |      8 |       26 |             627.67
  4001001 | amalgedu pack #1                                   |      8 |       32 |             625.66
 10003012 | exportiamalg #2                                    |     18 |       26 |              624.8
  7007010 | brandbrand #10                                     |      8 |       34 |             621.18
  6013008 | exportibrand #8                                    |     17 |       12 |             619.74
  9005002 | scholarmaxi #2                                     |     19 |       39 |             619.36
  7007010 | brandbrand #10                                     |     18 |       41 |              612.3
 10008007 | amalgbrand #1                                      |     17 |       13 |             611.03
  9012010 | importounivamalg #10                               |     18 |       28 |              607.2
  3003002 | exportiexporti #2                                  |      9 |       14 |             597.76
  4001001 | importounivamalg #12                               |      7 |       12 |             589.76
  9009006 | namelessunivamalg #7                               |     17 |       13 |             589.44
 10002010 | importounivamalg #10                               |     17 |       50 |             586.95
  4004001 | exportinameless #6                                 |      6 |       44 |             580.26
  9011003 | edu packamalg #2                                   |     18 |       17 |             579.69
  3004002 | edu packexporti #2                                 |     17 |       29 |             572.28
  5001001 | amalgscholar #1                                    |     18 |        8 |             569.13
  2001002 | amalgimporto #2                                    |      7 |       13 |             568.14
  9005002 | scholarmaxi #2                                     |      9 |       34 |             567.54
  9007001 | brandmaxi #1                                       |     19 |       41 |             566.16
  9005008 | scholarmaxi #8                                     |     19 |       45 |             565.11
  3003001 | namelesscorp #6                                    |      8 |       15 |             564.98
  6004006 | exportiexporti #1                                  |     19 |       45 |              564.3
  8008009 | namelessnameless #9                                |     19 |       14 |             561.06
  4002002 | importoedu pack #2                                 |     19 |       42 |             556.37
  2001001 | importoimporto #2                                  |     18 |       15 |              554.4
  3002002 | importoexporti #2                                  |     18 |       45 |             551.93
  6013008 | exportibrand #8                                    |     17 |       29 |              551.3
  1004001 | amalgimporto #2                                    |      8 |       15 |              545.3
  8013005 | exportimaxi #5                                     |     19 |       14 |             538.74
  4002002 | importoedu pack #2                                 |     19 |       52 |             536.82
  2001001 | importoimporto #2                                  |      9 |       43 |              536.8
  2004002 | edu packimporto #2                                 |     19 |       27 |             534.86
  9007001 | brandmaxi #1                                       |     18 |        0 |                528
  1002001 | importoamalg #1                                    |     19 |       31 |              525.9
  6008003 | edu packedu pack #2                                |     18 |       13 |             521.12
  9005008 | scholarmaxi #8                                     |     17 |       32 |             517.31
  4001002 | amalgedu pack #2                                   |      6 |       33 |             515.84
  1003001 | exportiamalg #1                                    |     19 |       14 |              514.8
  2002002 | importoimporto #2                                  |      9 |        6 |             512.72
  6008007 | brandnameless #3                                   |      9 |       28 |             511.53
  2002001 | importoimporto #1                                  |     19 |       38 |             509.76
  4001002 | amalgedu pack #2                                   |      9 |       41 |              508.2
  5002002 | importoscholar #2                                  |     19 |        3 |                504
  2004002 | edu packimporto #2                                 |     18 |       20 |             502.39
  8003006 | exportinameless #6                                 |     17 |       58 |             500.75
  8005002 | scholarnameless #2                                 |     17 |       29 |                496
  7006004 | corpbrand #4                                       |      7 |       45 |             494.55
  5002001 | corpcorp #6                                        |      7 |       11 |              492.8
  1001001 | amalgedu pack #1                                   |     17 |        0 |             490.25
  5004002 | edu packscholar #2                                 |     17 |       46 |             488.84
  8015006 | scholarmaxi #6                                     |     18 |       34 |             487.83
  4004001 | exportinameless #6                                 |     18 |       58 |             486.54
 10004013 | edu packunivamalg #13                              |     17 |       51 |             485.76
 10006001 | corpunivamalg #1                                   |     19 |       39 |             481.44
 10013002 | exportiamalgamalg #2                               |      7 |       39 |             479.52
  5004002 | edu packscholar #2                                 |     19 |       25 |             476.96
  2002001 | importounivamalg #10                               |      8 |       49 |             476.37
  7002006 | importobrand #6                                    |      7 |        6 |             474.72
  2002001 | importoimporto #1                                  |     17 |       41 |             473.97
  2003002 | exportiimporto #2                                  |      6 |       49 |              471.1
  8012001 | importomaxi #1                                     |      9 |       45 |             463.68
 10003012 | exportiamalg #2                                    |      7 |       37 |             462.52
  6009006 | maxicorp #6                                        |     18 |       21 |             461.97
 10006014 | amalgscholar #2                                    |     17 |        6 |             457.24
  9016009 | importounivamalg #10                               |     17 |       25 |             454.88
  4002002 | importoedu pack #2                                 |     17 |       45 |             454.74
  9012002 | importounivamalg #2                                |     17 |       39 |             453.72
  1004001 | amalgimporto #2                                    |      9 |       25 |             453.24
 10004017 | univmaxi #7                                        |      8 |       48 |             453.18
  6009003 | amalgnameless #1                                   |     19 |       48 |             452.55
 10009013 | maxiunivamalg #13                                  |     17 |        9 |                448
  3002002 | importoexporti #2                                  |     17 |       59 |             447.39
  7006004 | corpbrand #4                                       |     19 |       10 |             445.74
  5004001 | importounivamalg #5                                |     19 |       55 |                441
  1003002 | exportiamalg #2                                    |     18 |       25 |             436.32
 10004013 | edu packunivamalg #13                              |      7 |        3 |             432.39
  2002001 | importounivamalg #10                               |     19 |        7 |              431.8
  2001002 | amalgimporto #2                                    |     19 |       25 |                425
  5001002 | amalgscholar #2                                    |     18 |       29 |              420.6
  3002002 | importoexporti #2                                  |     19 |       48 |             420.48
  5001002 | amalgscholar #2                                    |     19 |       12 |             419.76
  4002002 | importoedu pack #2                                 |     18 |        1 |             419.34
  8009010 | maxinameless #10                                   |      9 |       49 |             415.53
  8002010 | importonameless #10                                |     19 |       49 |              409.6
  6013008 | exportibrand #8                                    |     18 |       56 |                406
  6006002 | corpcorp #2                                        |     19 |       41 |             402.79
  6006002 | corpcorp #2                                        |     19 |       40 |             400.71
  3003001 | namelesscorp #6                                    |      8 |       46 |             394.88
  6002005 | exportiedu pack #2                                 |     18 |       57 |             394.38
  3002002 | importoexporti #2                                  |     17 |       26 |             393.68
  4001002 | amalgedu pack #2                                   |      9 |       27 |              392.4
  6016008 | corpbrand #8                                       |     17 |       46 |             392.04
  2004002 | edu packimporto #2                                 |      6 |       11 |             391.46
  5001001 | amalgscholar #1                                    |     17 |       56 |             387.59
  7002010 | importobrand #10                                   |     18 |       25 |             385.86
  8015006 | scholarmaxi #6                                     |     19 |        3 |             385.28
  1001002 | amalgamalg #2                                      |      9 |        0 |              384.3
  4001002 | amalgedu pack #2                                   |     19 |        9 |             379.75
 10006001 | corpunivamalg #1                                   |      9 |       17 |             374.96
  9014004 | edu packunivamalg #4                               |     18 |        5 |             373.45
  9005008 | scholarmaxi #8                                     |     19 |       23 |             368.95
  7006004 | corpbrand #4                                       |      8 |       58 |             368.61
  5004001 | importounivamalg #5                                |     17 |       26 |              358.4
  9005008 | scholarmaxi #8                                     |      9 |       46 |             358.11
  3002002 | importoexporti #2                                  |     17 |       10 |             356.49
  8006001 | corpnameless #1                                    |      9 |       31 |             355.74
  3003001 | namelesscorp #6                                    |      9 |       17 |             355.12
  2001001 | importoimporto #2                                  |     17 |       28 |             352.92
  9005008 | scholarmaxi #8                                     |     17 |        7 |             350.35
  4002002 | importoedu pack #2                                 |     17 |       13 |             349.83
  9004008 | edu packmaxi #8                                    |     17 |       31 |              349.7
  2004001 | amalgscholar #1                                    |      9 |       12 |             348.39
 10013002 | exportiamalgamalg #2                               |     19 |       58 |             346.23
  9005008 | scholarmaxi #8                                     |     19 |       27 |             345.28
  4003002 | exportiedu pack #2                                 |     17 |       43 |             344.96
  9004008 | edu packmaxi #8                                    |     19 |       10 |                344
  7002010 | importobrand #10                                   |     17 |       58 |              336.6
  4004001 | maxiunivamalg #4                                   |     18 |       58 |              333.5
  3003002 | exportiexporti #2                                  |     18 |       12 |             332.99
  9016009 | importounivamalg #10                               |      6 |       49 |                332
  8013005 | exportimaxi #5                                     |      8 |       15 |                330
  7006001 | corpbrand #1                                       |     17 |        4 |             329.68
  6001004 | amalgcorp #4                                       |     19 |       58 |             328.44
  9009006 | namelessunivamalg #7                               |     18 |       42 |             325.13
  2004002 | edu packimporto #2                                 |      9 |       37 |             324.36
  8016007 | corpmaxi #7                                        |      8 |       38 |             319.13
  5002001 | exportiunivamalg #10                               |     18 |       16 |             314.93
  1004001 | amalgscholar #1                                    |     18 |       13 |              314.2
  2001001 | importoimporto #2                                  |      9 |       13 |             312.72
  2003001 | exportiimporto #1                                  |     18 |       28 |             311.85
  2003002 | exportiimporto #2                                  |     17 |       51 |             309.32
  4002002 | importoedu pack #2                                 |      8 |       43 |             300.78
  6002005 | exportiedu pack #2                                 |      6 |       27 |             300.09
 10006014 | amalgscholar #2                                    |      9 |       31 |             298.48
  9014009 | importoedu pack #2                                 |     18 |       51 |             298.45
  6015006 | scholarbrand #6                                    |     18 |       52 |              297.9
  9012002 | importounivamalg #2                                |     18 |       50 |             296.96
 10002012 | importounivamalg #12                               |      8 |       16 |              291.2
  6016008 | corpbrand #8                                       |     17 |       29 |             287.28
  4001002 | amalgedu pack #2                                   |      8 |       24 |              286.4
  7006001 | corpbrand #1                                       |     17 |       38 |             285.78
  1001001 | importoimporto #2                                  |     17 |       26 |              285.3
  1003002 | exportiamalg #2                                    |     19 |       44 |             284.92
  2004002 | edu packimporto #2                                 |     19 |       45 |              282.1
  5002001 | corpcorp #6                                        |      8 |       12 |             280.33
  7007010 | brandbrand #10                                     |      9 |        1 |             277.56
  3002002 | importoexporti #2                                  |     17 |       11 |             277.28
  5001002 | amalgscholar #2                                    |     19 |       58 |             276.96
  2003002 | exportiimporto #2                                  |      9 |       43 |              276.3
 10006014 | amalgscholar #2                                    |      9 |       18 |             276.25
  1004002 | edu packamalg #2                                   |     19 |       56 |             275.31
  7006001 | corpbrand #1                                       |     18 |        6 |              274.7
  7001007 | importomaxi #8                                     |     17 |       26 |             274.43
  3004001 | edu packexporti #1                                 |     17 |       18 |              271.7
  7003008 | exportibrand #8                                    |      7 |       23 |             265.28
 10006001 | corpunivamalg #1                                   |     17 |       18 |             262.08
  3004002 | edu packexporti #2                                 |     18 |       53 |             260.49
  2003001 | exportiimporto #1                                  |     18 |       30 |             260.26
  9014009 | importoedu pack #2                                 |     17 |       36 |             254.64
  3002002 | importoscholar #1                                  |     18 |       50 |              250.2
  2004002 | edu packimporto #2                                 |     19 |       23 |             249.92
  5002001 | exportiunivamalg #10                               |     19 |        7 |              249.9
  2004001 | amalgscholar #1                                    |     17 |       55 |             247.47
  6009006 | maxicorp #6                                        |      8 |       21 |              244.8
 10002010 | importounivamalg #10                               |     18 |       25 |             244.56
  8013005 | exportimaxi #5                                     |      9 |       33 |             239.16
  9011003 | edu packamalg #2                                   |     18 |       14 |             237.05
  6005001 | amalgnameless #10                                  |     17 |       49 |             236.72
  1003001 | namelessunivamalg #1                               |      9 |       28 |             236.35
  5004002 | edu packscholar #2                                 |      8 |       40 |             235.98
  4001002 | amalgedu pack #2                                   |     17 |       48 |              235.2
  2002002 | importoimporto #2                                  |     17 |       18 |             234.36
  5001001 | amalgscholar #1                                    |      7 |       50 |             232.75
 10008007 | amalgbrand #1                                      |      8 |       22 |              230.4
  4002002 | importoedu pack #2                                 |      9 |       55 |             227.97
  8006001 | corpnameless #1                                    |     18 |       41 |             225.33
  8008009 | namelessnameless #9                                |     17 |       23 |              223.2
  5002001 | exportiunivamalg #10                               |     18 |       38 |              221.9
  4004001 | maxiunivamalg #4                                   |     17 |       57 |             220.16
  3002002 | importoexporti #2                                  |     19 |        4 |                219
 10006012 | corpunivamalg #12                                  |      9 |       15 |             204.56
  8015006 | scholarmaxi #6                                     |     17 |       19 |                203
  6009006 | maxicorp #6                                        |     17 |       17 |             202.59
  9012002 | importounivamalg #2                                |     18 |       14 |             197.96
  3004001 | edu packexporti #1                                 |      9 |       32 |             195.36
  4002002 | importoedu pack #2                                 |      7 |       26 |             195.16
  6002005 | exportiedu pack #2                                 |      9 |       36 |              193.2
  4001002 | amalgedu pack #2                                   |     17 |       10 |              192.4
  2002001 | edu packunivamalg #15                              |      7 |       15 |             192.36
  1004002 | edu packamalg #2                                   |     17 |       46 |             190.99
  2003001 | edu packexporti #1                                 |     17 |       19 |             189.43
  6005001 | amalgnameless #10                                  |      9 |        0 |              187.8
  5001002 | amalgscholar #2                                    |     19 |       47 |              186.2
  2004002 | edu packimporto #2                                 |     18 |       49 |              181.8
  9005002 | scholarmaxi #2                                     |     17 |        9 |             177.48
  7016001 | univnameless #2                                    |     19 |        5 |             174.58
  8009010 | maxinameless #10                                   |     17 |       27 |              171.2
  1003002 | exportiamalg #2                                    |     18 |       52 |             169.19
  1002001 | importoamalg #1                                    |     18 |       15 |                165
  7003008 | exportibrand #8                                    |      8 |       44 |                165
  4001001 | importounivamalg #12                               |     18 |       45 |              159.6
  6015006 | scholarbrand #6                                    |     18 |       10 |              158.4
  1002002 | importoamalg #2                                    |      9 |       26 |             158.06
  5001002 | amalgscholar #2                                    |     17 |        4 |              157.8
  6001002 | exportischolar #1                                  |      7 |       28 |             152.88
  4001002 | amalgedu pack #2                                   |     17 |        8 | 152.70999999999998
  8005002 | scholarnameless #2                                 |      9 |       47 |             151.32
  2002001 | edu packunivamalg #15                              |     19 |       28 |             150.84
  8003005 | importoexporti #2                                  |     17 |       44 |             150.08
  4004001 | exportinameless #6                                 |      9 |       29 |             149.06
  2001002 | amalgimporto #2                                    |      9 |       10 |             146.75
  1003002 | exportiamalg #2                                    |     19 |       28 |              146.4
 10013002 | exportiamalgamalg #2                               |      9 |       52 |             142.24
  9011003 | edu packamalg #2                                   |     19 |       56 |             136.89
  8012003 | amalgexporti #2                                    |     19 |       38 |             136.37
  5004001 | importounivamalg #5                                |      8 |        7 |             136.18
  1002001 | importoamalg #1                                    |      9 |       30 |              135.8
  8002010 | importonameless #10                                |     19 |       38 |                135
  8003006 | exportinameless #6                                 |      9 |       37 |              134.7
 10008007 | amalgbrand #1                                      |     19 |       27 |             132.24
  1004001 | amalgscholar #1                                    |      7 |       14 |             131.58
  2001001 | importoimporto #2                                  |     17 |       39 |             131.52
  2003002 | exportiimporto #2                                  |     17 |       53 |              130.2
  8012001 | importomaxi #1                                     |      9 |       57 |              128.4
  6005001 | amalgnameless #10                                  |      9 |       24 |             124.74
  2002001 | importounivamalg #10                               |     19 |       48 |             123.96
  5001002 | amalgscholar #2                                    |      9 |       42 |              120.8
  1003001 | namelessunivamalg #1                               |     17 |        4 |             118.02
  2001002 | amalgimporto #2                                    |     18 |       22 |             111.96
  4001002 | amalgedu pack #2                                   |     19 |       15 |              111.5
 10007003 | brandunivamalg #3                                  |      8 |       56 |             111.02
  8003006 | exportinameless #6                                 |     18 |       48 |             110.49
  2001002 | amalgimporto #2                                    |     19 |       50 |              109.2
  4001002 | amalgedu pack #2                                   |     18 |        6 |             108.81
  8008009 | namelessnameless #9                                |     18 |       13 |             104.84
  6009006 | maxicorp #6                                        |      8 |       39 |              102.9
  6009003 | amalgnameless #1                                   |     19 |       27 |             102.85
  1002002 | importoamalg #2                                    |     19 |       39 |              100.8
 10013002 | exportiamalgamalg #2                               |      8 |       25 |              99.75
  1001001 | importoimporto #2                                  |     18 |       49 |              99.68
 10008007 | amalgbrand #1                                      |     19 |       15 |              98.04
  3004002 | edu packexporti #2                                 |     18 |       37 |              97.03
  1003002 | exportiamalg #2                                    |      9 |       37 |               96.2
  9009006 | namelessunivamalg #7                               |     17 |       22 |               91.7
  6009006 | maxicorp #6                                        |      9 |        9 |              91.56
  8012003 | amalgexporti #2                                    |      8 |       43 |              89.52
  9012010 | importounivamalg #10                               |     19 |       44 |              88.89
  7001007 | importomaxi #8                                     |     18 |       55 |                 88
  5002001 | corpcorp #6                                        |     19 |       12 |              87.36
  3004001 | edu packexporti #1                                 |     18 |       24 |              87.12
  2002002 | brandbrand #7                                      |     18 |       36 |              86.25
  1004002 | importoamalg #1                                    |      6 |       52 |              82.08
  1004002 | edu packamalg #2                                   |     17 |       58 |              81.27
  3004002 | edu packexporti #2                                 |      8 |       33 |              81.27
  6008003 | edu packedu pack #2                                |     19 |        8 |              80.15
  4002002 | importoedu pack #2                                 |     18 |       11 |              79.44
  9009006 | namelessunivamalg #7                               |     18 |        0 |              78.03
  9005002 | scholarmaxi #2                                     |     19 |       47 |              77.22
  9014009 | importoedu pack #2                                 |      9 |       42 |              76.35
  4003002 | exportiedu pack #2                                 |     17 |       14 |               74.7
  4002002 | importoedu pack #2                                 |     17 |       48 |              74.39
  1001002 | amalgamalg #2                                      |     17 |       14 |               71.7
  9005008 | scholarmaxi #8                                     |     19 |       38 |               70.4
  1003002 | exportiamalg #2                                    |      9 |        6 |              69.46
  1002002 | importoamalg #2                                    |     17 |       38 |              69.36
  8016007 | corpmaxi #7                                        |     18 |       14 |              68.53
  5003001 | scholarnameless #7                                 |      8 |       29 |               68.4
  5002001 | exportiunivamalg #10                               |     18 |       53 |              67.58
  2004002 | edu packimporto #2                                 |      9 |       39 |              66.85
  7001007 | importomaxi #8                                     |     17 |        5 |               66.5
  9005002 | scholarmaxi #2                                     |     18 |       12 |                 62
  6002005 | exportiedu pack #2                                 |      8 |       26 |              61.64
  2002002 | brandbrand #7                                      |     18 |       21 |              61.56
  3004001 | edu packexporti #1                                 |     17 |       54 |              59.64
  2003001 | exportiimporto #1                                  |      6 |       54 |              58.56
  6009006 | maxicorp #6                                        |      9 |       17 |               58.2
 10006012 | corpunivamalg #12                                  |     19 |       43 |              55.44
  1004001 | edu packamalg #2                                   |     17 |        1 |               52.8
  7006004 | corpbrand #4                                       |      8 |       50 |              52.77
  4001001 | amalgedu pack #1                                   |      9 |       27 |              50.31
  8006001 | corpnameless #1                                    |     17 |       11 |              49.02
  7002006 | importobrand #6                                    |     17 |       21 |              48.36
  7003008 | exportibrand #8                                    |     19 |       56 |              44.77
  2004002 | edu packimporto #2                                 |     19 |       24 |              43.54
 10006012 | corpunivamalg #12                                  |      7 |       13 |               43.4
  3004002 | edu packexporti #2                                 |      8 |       52 |              43.02
  1004002 | importoamalg #1                                    |      9 |       43 |              42.18
  3002002 | importoscholar #1                                  |     18 |       36 |               37.5
  2004001 | amalgscholar #1                                    |     18 |        0 |              35.61
  6002005 | exportiedu pack #2                                 |     18 |       42 |              34.95
  8003006 | exportinameless #6                                 |     17 |       32 |              34.13
 10008007 | amalgbrand #1                                      |     18 |       19 |                 34
  2001002 | amalgimporto #2                                    |     17 |       49 |              32.16
  9016009 | importounivamalg #10                               |      8 |       42 |               30.6
  1001001 | amalgedu pack #1                                   |      9 |       34 |              28.67
  2002002 | importoimporto #2                                  |     17 |        1 |              28.28
  7006004 | corpbrand #4                                       |     18 |        3 |                 27
  1003002 | exportiamalg #2                                    |      6 |       44 |              25.12
  2002001 | importoimporto #1                                  |     18 |       59 |              24.43
 10003012 | exportiamalg #2                                    |     18 |       50 |              23.76
  9011003 | edu packamalg #2                                   |     17 |       49 |              22.54
  6008007 | brandnameless #3                                   |      9 |       23 |               21.6
  1002002 | importoamalg #2                                    |     18 |       15 |              19.52
  4001002 | amalgedu pack #2                                   |      8 |       53 |              18.92
  1004002 | edu packamalg #2                                   |     17 |       54 |              18.48
  1001001 | amalgedu pack #1                                   |      6 |        9 |              16.36
  4001001 | amalgedu pack #1                                   |      9 |       15 |              14.04
  9011003 | edu packamalg #2                                   |     19 |       20 |                 14
  1004001 | amalgscholar #1                                    |      9 |       27 |              13.63
  4001002 | amalgedu pack #2                                   |     19 |       58 |               12.8
  6006002 | corpcorp #2                                        |     17 |       36 |              12.32
  6015006 | scholarbrand #6                                    |      8 |       41 |               11.2
  9005002 | scholarmaxi #2                                     |      6 |       13 |              10.16
  7006004 | corpbrand #4                                       |      9 |       25 |                 10
  8012003 | amalgexporti #2                                    |     19 |       43 |               8.73
  4002002 | importoedu pack #2                                 |      9 |       13 |               8.58
  2002001 | importoimporto #1                                  |     19 |       12 |               8.06
  3002002 | importoexporti #2                                  |     19 |       20 |                7.2
  4001001 | importounivamalg #12                               |     18 |       56 |                6.4
  7007010 | brandbrand #10                                     |     19 |       39 |               2.54
  4001002 | amalgedu pack #2                                   |     19 |        6 |                2.3
  5002001 | corpcorp #6                                        |      9 |       55 |               2.29
 10013002 | exportiamalgamalg #2                               |     18 |        3 |               0.99
  7016001 | univnameless #2                                    |     17 |       53 |               0.96
  2004002 | edu packimporto #2                                 |     17 |       37 |               0.63
  1004002 | importoamalg #1                                    |     17 |       15 |                  0
  3004002 | edu packexporti #2                                 |     18 |       55 |                  0
  4001001 | amalgedu pack #1                                   |     18 |       48 |                  0
  8002010 | importonameless #10                                |     19 |        7 |                  0
 10004013 | edu packunivamalg #13                              |     18 |       16 |                  0
 10007003 | brandunivamalg #3                                  |     19 |       28 |                  0
(1017 rows)

UPDATE time_statistics SET e_time = TRANSACTION_TIMESTAMP() WHERE template = 'query71.tpl' AND stream = 1;
psql:/tmp/s1-basline/throughput/query_1.sql:4359: NOTICE:  duration: 0.064 ms  plan:
Query Text: UPDATE time_statistics SET e_time = TRANSACTION_TIMESTAMP() WHERE template = 'query71.tpl' AND stream = 1;
Update on time_statistics  (cost=0.00..10.09 rows=0 width=0) (actual time=0.064..0.064 rows=0 loops=1)
  ->  Seq Scan on time_statistics  (cost=0.00..10.09 rows=1 width=14) (actual time=0.049..0.049 rows=1 loops=1)
        Filter: ((template = 'query71.tpl'::text) AND (stream = 1))
        Rows Removed by Filter: 344
UPDATE 1
LOAD 'auto_explain'; SET auto_explain.log_min_duration TO 0; SET auto_explain.log_analyze TO on; SET auto_explain.log_level TO notice; INSERT INTO time_statistics (template, s_time, stream, query, seed) VALUES ('query29.tpl', TRANSACTION_TIMESTAMP(), 1, 88, 134189894);
LOAD
SET
SET
SET
psql:/tmp/s1-basline/throughput/query_1.sql:4360: NOTICE:  duration: 0.008 ms  plan:
Query Text: INSERT INTO time_statistics (template, s_time, stream, query, seed) VALUES ('query29.tpl', TRANSACTION_TIMESTAMP(), 1, 88, 134189894);
Insert on time_statistics  (cost=0.00..0.01 rows=0 width=0) (actual time=0.008..0.008 rows=0 loops=1)
  ->  Result  (cost=0.00..0.01 rows=1 width=64) (actual time=0.001..0.002 rows=1 loops=1)
INSERT 0 1
select   
     i_item_id
    ,i_item_desc
    ,s_store_id
    ,s_store_name
    ,min(ss_quantity)        as store_sales_quantity
    ,min(sr_return_quantity) as store_returns_quantity
    ,min(cs_quantity)        as catalog_sales_quantity
 from
    store_sales
   ,store_returns
   ,catalog_sales
   ,date_dim             d1
   ,date_dim             d2
   ,date_dim             d3
   ,store
   ,item
 where
     d1.d_moy               = 4 
 and d1.d_year              = 2000
 and d1.d_date_sk           = ss_sold_date_sk
 and i_item_sk              = ss_item_sk
 and s_store_sk             = ss_store_sk
 and ss_customer_sk         = sr_customer_sk
 and ss_item_sk             = sr_item_sk
 and ss_ticket_number       = sr_ticket_number
 and sr_returned_date_sk    = d2.d_date_sk
 and d2.d_moy               between 4 and  4 + 3 
 and d2.d_year              = 2000
 and sr_customer_sk         = cs_bill_customer_sk
 and sr_item_sk             = cs_item_sk
 and cs_sold_date_sk        = d3.d_date_sk     
 and d3.d_year              in (2000,2000+1,2000+2)
 group by
    i_item_id
   ,i_item_desc
   ,s_store_id
   ,s_store_name
 order by
    i_item_id 
   ,i_item_desc
   ,s_store_id
   ,s_store_name
 limit 100;
psql:/tmp/s1-basline/throughput/query_1.sql:4404: NOTICE:  duration: 1076.525 ms  plan:
Query Text: select   
     i_item_id
    ,i_item_desc
    ,s_store_id
    ,s_store_name
    ,min(ss_quantity)        as store_sales_quantity
    ,min(sr_return_quantity) as store_returns_quantity
    ,min(cs_quantity)        as catalog_sales_quantity
 from
    store_sales
   ,store_returns
   ,catalog_sales
   ,date_dim             d1
   ,date_dim             d2
   ,date_dim             d3
   ,store
   ,item
 where
     d1.d_moy               = 4 
 and d1.d_year              = 2000
 and d1.d_date_sk           = ss_sold_date_sk
 and i_item_sk              = ss_item_sk
 and s_store_sk             = ss_store_sk
 and ss_customer_sk         = sr_customer_sk
 and ss_item_sk             = sr_item_sk
 and ss_ticket_number       = sr_ticket_number
 and sr_returned_date_sk    = d2.d_date_sk
 and d2.d_moy               between 4 and  4 + 3 
 and d2.d_year              = 2000
 and sr_customer_sk         = cs_bill_customer_sk
 and sr_item_sk             = cs_item_sk
 and cs_sold_date_sk        = d3.d_date_sk     
 and d3.d_year              in (2000,2000+1,2000+2)
 group by
    i_item_id
   ,i_item_desc
   ,s_store_id
   ,s_store_name
 order by
    i_item_id 
   ,i_item_desc
   ,s_store_id
   ,s_store_name
 limit 100;
Limit  (cost=10845.06..10845.09 rows=1 width=153) (actual time=1076.516..1076.522 rows=0 loops=1)
  ->  GroupAggregate  (cost=10845.06..10845.09 rows=1 width=153) (actual time=1076.516..1076.521 rows=0 loops=1)
        Group Key: item.i_item_id, item.i_item_desc, store.s_store_id, store.s_store_name
        ->  Sort  (cost=10845.06..10845.07 rows=1 width=153) (actual time=1076.514..1076.519 rows=0 loops=1)
              Sort Key: item.i_item_id, item.i_item_desc, store.s_store_id, store.s_store_name
              Sort Method: quicksort  Memory: 25kB
              ->  Nested Loop  (cost=2.15..10845.05 rows=1 width=153) (actual time=1076.507..1076.511 rows=0 loops=1)
                    ->  Nested Loop  (cost=1.86..10844.75 rows=1 width=58) (actual time=1076.506..1076.510 rows=0 loops=1)
                          Join Filter: (store_sales.ss_store_sk = store.s_store_sk)
                          ->  Nested Loop  (cost=1.86..10843.48 rows=1 width=44) (actual time=1076.506..1076.509 rows=0 loops=1)
                                ->  Nested Loop  (cost=1.57..10843.16 rows=1 width=52) (actual time=664.983..1076.487 rows=3 loops=1)
                                      ->  Nested Loop  (cost=1.28..10842.84 rows=1 width=60) (actual time=31.060..1076.411 rows=11 loops=1)
                                            ->  Nested Loop  (cost=0.85..10840.62 rows=1 width=56) (actual time=4.502..91.320 rows=11510 loops=1)
                                                  ->  Nested Loop  (cost=0.42..10482.16 rows=459 width=28) (actual time=4.493..26.784 rows=15487 loops=1)
                                                        ->  Seq Scan on date_dim d2  (cost=0.00..2683.36 rows=121 width=8) (actual time=4.484..9.593 rows=122 loops=1)
                                                              Filter: ((d_moy >= 4) AND (d_moy <= 7) AND (d_year = 2000))
                                                              Rows Removed by Filter: 72927
                                                        ->  Index Scan using i_sr_returned_date_sk on store_returns  (cost=0.42..63.05 rows=140 width=36) (actual time=0.003..0.118 rows=127 loops=122)
                                                              Index Cond: (sr_returned_date_sk = d2.d_date_sk)
                                                  ->  Index Scan using pk_store_sales on store_sales  (cost=0.43..0.77 rows=1 width=44) (actual time=0.004..0.004 rows=1 loops=15487)
                                                        Index Cond: ((ss_item_sk = store_returns.sr_item_sk) AND (ss_ticket_number = store_returns.sr_ticket_number))
                                                        Filter: (store_returns.sr_customer_sk = ss_customer_sk)
                                                        Rows Removed by Filter: 0
                                            ->  Index Scan using pk_catalog_sales on catalog_sales  (cost=0.43..2.21 rows=1 width=28) (actual time=0.085..0.085 rows=0 loops=11510)
                                                  Index Cond: (cs_item_sk = store_sales.ss_item_sk)
                                                  Filter: (store_sales.ss_customer_sk = cs_bill_customer_sk)
                                                  Rows Removed by Filter: 107
                                      ->  Index Scan using pk_date_dim on date_dim d1  (cost=0.29..0.32 rows=1 width=8) (actual time=0.005..0.005 rows=0 loops=11)
                                            Index Cond: (d_date_sk = store_sales.ss_sold_date_sk)
                                            Filter: ((d_moy = 4) AND (d_year = 2000))
                                            Rows Removed by Filter: 1
                                ->  Index Scan using pk_date_dim on date_dim d3  (cost=0.29..0.31 rows=1 width=8) (actual time=0.006..0.006 rows=0 loops=3)
                                      Index Cond: (d_date_sk = catalog_sales.cs_sold_date_sk)
                                      Filter: (d_year = ANY ('{2000,2001,2002}'::integer[]))
                                      Rows Removed by Filter: 1
                          ->  Seq Scan on store  (cost=0.00..1.12 rows=12 width=30) (never executed)
                    ->  Index Scan using pk_item on item  (cost=0.29..0.31 rows=1 width=127) (never executed)
                          Index Cond: (i_item_sk = store_sales.ss_item_sk)
 i_item_id | i_item_desc | s_store_id | s_store_name | store_sales_quantity | store_returns_quantity | catalog_sales_quantity 
-----------+-------------+------------+--------------+----------------------+------------------------+------------------------
(0 rows)

UPDATE time_statistics SET e_time = TRANSACTION_TIMESTAMP() WHERE template = 'query29.tpl' AND stream = 1;
psql:/tmp/s1-basline/throughput/query_1.sql:4406: NOTICE:  duration: 0.065 ms  plan:
Query Text: UPDATE time_statistics SET e_time = TRANSACTION_TIMESTAMP() WHERE template = 'query29.tpl' AND stream = 1;
Update on time_statistics  (cost=0.00..10.09 rows=0 width=0) (actual time=0.064..0.064 rows=0 loops=1)
  ->  Seq Scan on time_statistics  (cost=0.00..10.09 rows=1 width=14) (actual time=0.050..0.050 rows=1 loops=1)
        Filter: ((template = 'query29.tpl'::text) AND (stream = 1))
        Rows Removed by Filter: 345
UPDATE 1
LOAD 'auto_explain'; SET auto_explain.log_min_duration TO 0; SET auto_explain.log_analyze TO on; SET auto_explain.log_level TO notice; INSERT INTO time_statistics (template, s_time, stream, query, seed) VALUES ('query73.tpl', TRANSACTION_TIMESTAMP(), 1, 89, 1258197088);
LOAD
SET
SET
SET
psql:/tmp/s1-basline/throughput/query_1.sql:4407: NOTICE:  duration: 0.009 ms  plan:
Query Text: INSERT INTO time_statistics (template, s_time, stream, query, seed) VALUES ('query73.tpl', TRANSACTION_TIMESTAMP(), 1, 89, 1258197088);
Insert on time_statistics  (cost=0.00..0.01 rows=0 width=0) (actual time=0.008..0.008 rows=0 loops=1)
  ->  Result  (cost=0.00..0.01 rows=1 width=64) (actual time=0.001..0.002 rows=1 loops=1)
INSERT 0 1
select c_last_name
       ,c_first_name
       ,c_salutation
       ,c_preferred_cust_flag 
       ,ss_ticket_number
       ,cnt from
   (select ss_ticket_number
          ,ss_customer_sk
          ,count(*) cnt
    from store_sales,date_dim,store,household_demographics
    where store_sales.ss_sold_date_sk = date_dim.d_date_sk
    and store_sales.ss_store_sk = store.s_store_sk  
    and store_sales.ss_hdemo_sk = household_demographics.hd_demo_sk
    and date_dim.d_dom between 1 and 2 
    and (household_demographics.hd_buy_potential = '>10000' or
         household_demographics.hd_buy_potential = '0-500')
    and household_demographics.hd_vehicle_count > 0
    and case when household_demographics.hd_vehicle_count > 0 then 
             household_demographics.hd_dep_count/ household_demographics.hd_vehicle_count else null end > 1
    and date_dim.d_year in (1999,1999+1,1999+2)
    and store.s_county in ('Williamson County','Williamson County','Williamson County','Williamson County')
    group by ss_ticket_number,ss_customer_sk) dj,customer
    where ss_customer_sk = c_customer_sk
      and cnt between 1 and 5
    order by cnt desc, c_last_name asc;
psql:/tmp/s1-basline/throughput/query_1.sql:4432: NOTICE:  duration: 194.131 ms  plan:
Query Text: select c_last_name
       ,c_first_name
       ,c_salutation
       ,c_preferred_cust_flag 
       ,ss_ticket_number
       ,cnt from
   (select ss_ticket_number
          ,ss_customer_sk
          ,count(*) cnt
    from store_sales,date_dim,store,household_demographics
    where store_sales.ss_sold_date_sk = date_dim.d_date_sk
    and store_sales.ss_store_sk = store.s_store_sk  
    and store_sales.ss_hdemo_sk = household_demographics.hd_demo_sk
    and date_dim.d_dom between 1 and 2 
    and (household_demographics.hd_buy_potential = '>10000' or
         household_demographics.hd_buy_potential = '0-500')
    and household_demographics.hd_vehicle_count > 0
    and case when household_demographics.hd_vehicle_count > 0 then 
             household_demographics.hd_dep_count/ household_demographics.hd_vehicle_count else null end > 1
    and date_dim.d_year in (1999,1999+1,1999+2)
    and store.s_county in ('Williamson County','Williamson County','Williamson County','Williamson County')
    group by ss_ticket_number,ss_customer_sk) dj,customer
    where ss_customer_sk = c_customer_sk
      and cnt between 1 and 5
    order by cnt desc, c_last_name asc;
Sort  (cost=75436.70..75436.75 rows=19 width=81) (actual time=194.117..194.119 rows=3 loops=1)
  Sort Key: (count(*)) DESC, customer.c_last_name
  Sort Method: quicksort  Memory: 25kB
  ->  Nested Loop  (cost=75384.54..75436.30 rows=19 width=81) (actual time=192.701..194.109 rows=3 loops=1)
        ->  GroupAggregate  (cost=75384.25..75388.42 rows=19 width=24) (actual time=192.566..194.069 rows=77 loops=1)
              Group Key: store_sales.ss_ticket_number, store_sales.ss_customer_sk
              Filter: ((count(*) >= 1) AND (count(*) <= 5))
              Rows Removed by Filter: 993
              ->  Sort  (cost=75384.25..75384.66 rows=167 width=16) (actual time=192.550..192.973 rows=10919 loops=1)
                    Sort Key: store_sales.ss_ticket_number, store_sales.ss_customer_sk
                    Sort Method: quicksort  Memory: 981kB
                    ->  Nested Loop  (cost=0.71..75378.08 rows=167 width=16) (actual time=4.491..190.436 rows=10919 loops=1)
                          Join Filter: (store_sales.ss_store_sk = store.s_store_sk)
                          Rows Removed by Join Filter: 49909
                          ->  Nested Loop  (cost=0.71..75347.50 rows=175 width=24) (actual time=4.484..183.452 rows=11060 loops=1)
                                ->  Nested Loop  (cost=0.43..74493.77 rows=2710 width=32) (actual time=4.424..51.432 rows=108685 loops=1)
                                      ->  Seq Scan on date_dim  (cost=0.00..2774.67 rows=72 width=8) (actual time=4.414..9.969 rows=72 loops=1)
                                            Filter: ((d_dom >= 1) AND (d_dom <= 2) AND (d_year = ANY ('{1999,2000,2001}'::integer[])))
                                            Rows Removed by Filter: 72977
                                      ->  Index Scan using i_ss_sold_date_sk on store_sales  (cost=0.43..981.02 rows=1508 width=40) (actual time=0.005..0.389 rows=1510 loops=72)
                                            Index Cond: (ss_sold_date_sk = date_dim.d_date_sk)
                                ->  Index Scan using pk_household_demographics on household_demographics  (cost=0.28..0.32 rows=1 width=8) (actual time=0.001..0.001 rows=0 loops=108685)
                                      Index Cond: (hd_demo_sk = store_sales.ss_hdemo_sk)
                                      Filter: ((hd_vehicle_count > 0) AND ((hd_buy_potential = '>10000'::bpchar) OR (hd_buy_potential = '0-500'::bpchar)) AND (CASE WHEN (hd_vehicle_count > 0) THEN (hd_dep_count / hd_vehicle_count) ELSE NULL::integer END > 1))
                                      Rows Removed by Filter: 1
                          ->  Materialize  (cost=0.00..1.24 rows=12 width=8) (actual time=0.000..0.000 rows=5 loops=11060)
                                ->  Seq Scan on store  (cost=0.00..1.18 rows=12 width=8) (actual time=0.003..0.008 rows=12 loops=1)
                                      Filter: ((s_county)::text = ANY ('{"Williamson County","Williamson County","Williamson County","Williamson County"}'::text[]))
        ->  Index Scan using pk_customer on customer  (cost=0.29..2.51 rows=1 width=73) (actual time=0.000..0.000 rows=0 loops=77)
              Index Cond: (c_customer_sk = store_sales.ss_customer_sk)
          c_last_name           |     c_first_name     | c_salutation | c_preferred_cust_flag | ss_ticket_number | cnt 
--------------------------------+----------------------+--------------+-----------------------+------------------+-----
 Frazier                        | Eva                  | Miss         | N                     |           236424 |   5
 Gonzalez                       | Evelyn               | Dr.          | N                     |           161006 |   5
 Murphy                         | Herman               | Dr.          | Y                     |            21048 |   5
(3 rows)

UPDATE time_statistics SET e_time = TRANSACTION_TIMESTAMP() WHERE template = 'query73.tpl' AND stream = 1;
psql:/tmp/s1-basline/throughput/query_1.sql:4434: NOTICE:  duration: 0.063 ms  plan:
Query Text: UPDATE time_statistics SET e_time = TRANSACTION_TIMESTAMP() WHERE template = 'query73.tpl' AND stream = 1;
Update on time_statistics  (cost=0.00..10.09 rows=0 width=0) (actual time=0.063..0.063 rows=0 loops=1)
  ->  Seq Scan on time_statistics  (cost=0.00..10.09 rows=1 width=14) (actual time=0.048..0.048 rows=1 loops=1)
        Filter: ((template = 'query73.tpl'::text) AND (stream = 1))
        Rows Removed by Filter: 346
UPDATE 1
LOAD 'auto_explain'; SET auto_explain.log_min_duration TO 0; SET auto_explain.log_analyze TO on; SET auto_explain.log_level TO notice; INSERT INTO time_statistics (template, s_time, stream, query, seed) VALUES ('query45.tpl', TRANSACTION_TIMESTAMP(), 1, 90, 135490272);
LOAD
SET
SET
SET
psql:/tmp/s1-basline/throughput/query_1.sql:4435: NOTICE:  duration: 0.009 ms  plan:
Query Text: INSERT INTO time_statistics (template, s_time, stream, query, seed) VALUES ('query45.tpl', TRANSACTION_TIMESTAMP(), 1, 90, 135490272);
Insert on time_statistics  (cost=0.00..0.01 rows=0 width=0) (actual time=0.008..0.008 rows=0 loops=1)
  ->  Result  (cost=0.00..0.01 rows=1 width=64) (actual time=0.002..0.002 rows=1 loops=1)
INSERT 0 1
select  ca_zip, ca_city, sum(ws_sales_price)
 from web_sales, customer, customer_address, date_dim, item
 where ws_bill_customer_sk = c_customer_sk
 	and c_current_addr_sk = ca_address_sk 
 	and ws_item_sk = i_item_sk 
 	and ( substr(ca_zip,1,5) in ('85669', '86197','88274','83405','86475', '85392', '85460', '80348', '81792')
 	      or 
 	      i_item_id in (select i_item_id
                             from item
                             where i_item_sk in (2, 3, 5, 7, 11, 13, 17, 19, 23, 29)
                             )
 	    )
 	and ws_sold_date_sk = d_date_sk
 	and d_qoy = 2 and d_year = 2001
 group by ca_zip, ca_city
 order by ca_zip, ca_city
 limit 100;
psql:/tmp/s1-basline/throughput/query_1.sql:4452: NOTICE:  duration: 119.527 ms  plan:
Query Text: select  ca_zip, ca_city, sum(ws_sales_price)
 from web_sales, customer, customer_address, date_dim, item
 where ws_bill_customer_sk = c_customer_sk
 	and c_current_addr_sk = ca_address_sk 
 	and ws_item_sk = i_item_sk 
 	and ( substr(ca_zip,1,5) in ('85669', '86197','88274','83405','86475', '85392', '85460', '80348', '81792')
 	      or 
 	      i_item_id in (select i_item_id
                             from item
                             where i_item_sk in (2, 3, 5, 7, 11, 13, 17, 19, 23, 29)
                             )
 	    )
 	and ws_sold_date_sk = d_date_sk
 	and d_qoy = 2 and d_year = 2001
 group by ca_zip, ca_city
 order by ca_zip, ca_city
 limit 100;
Limit  (cost=27960.48..27962.48 rows=100 width=28) (actual time=119.499..119.512 rows=22 loops=1)
  ->  GroupAggregate  (cost=27960.48..27969.74 rows=463 width=28) (actual time=119.498..119.509 rows=22 loops=1)
        Group Key: customer_address.ca_zip, customer_address.ca_city
        ->  Sort  (cost=27960.48..27961.63 rows=463 width=28) (actual time=119.489..119.492 rows=22 loops=1)
              Sort Key: customer_address.ca_zip, customer_address.ca_city
              Sort Method: quicksort  Memory: 26kB
              ->  Nested Loop  (cost=16.50..27939.98 rows=463 width=28) (actual time=7.827..119.464 rows=22 loops=1)
                    Join Filter: ((substr((customer_address.ca_zip)::text, 1, 5) = ANY ('{85669,86197,88274,83405,86475,85392,85460,80348,81792}'::text[])) OR (hashed SubPlan 1))
                    Rows Removed by Join Filter: 21637
                    ->  Nested Loop  (cost=1.01..27632.84 rows=886 width=36) (actual time=4.559..78.051 rows=21659 loops=1)
                          ->  Nested Loop  (cost=0.72..27347.98 rows=886 width=24) (actual time=4.553..50.232 rows=21659 loops=1)
                                ->  Nested Loop  (cost=0.42..27068.70 rows=886 width=24) (actual time=4.548..21.297 rows=21661 loops=1)
                                      ->  Seq Scan on date_dim  (cost=0.00..2500.73 rows=90 width=8) (actual time=4.538..10.072 rows=91 loops=1)
                                            Filter: ((d_qoy = 2) AND (d_year = 2001))
                                            Rows Removed by Filter: 72958
                                      ->  Index Scan using i_ws_sold_date_sk on web_sales  (cost=0.42..269.03 rows=395 width=32) (actual time=0.003..0.077 rows=238 loops=91)
                                            Index Cond: (ws_sold_date_sk = date_dim.d_date_sk)
                                ->  Index Scan using pk_customer on customer  (cost=0.29..0.32 rows=1 width=16) (actual time=0.001..0.001 rows=1 loops=21661)
                                      Index Cond: (c_customer_sk = web_sales.ws_bill_customer_sk)
                          ->  Index Scan using pk_customer_address on customer_address  (cost=0.29..0.32 rows=1 width=28) (actual time=0.001..0.001 rows=1 loops=21659)
                                Index Cond: (ca_address_sk = customer.c_current_addr_sk)
                    ->  Index Scan using pk_item on item  (cost=0.29..0.31 rows=1 width=25) (actual time=0.001..0.001 rows=1 loops=21659)
                          Index Cond: (i_item_sk = web_sales.ws_item_sk)
                    SubPlan 1
                      ->  Index Scan using pk_item on item item_1  (cost=0.29..15.16 rows=10 width=17) (actual time=0.016..0.027 rows=10 loops=1)
                            Index Cond: (i_item_sk = ANY ('{2,3,5,7,11,13,17,19,23,29}'::bigint[]))
   ca_zip   |   ca_city   |  sum   
------------+-------------+--------
 01011      | Cedar Grove |   6.41
 11711      | Unionville  |   7.53
 23003      | Hillcrest   |  22.82
 30268      | Vance       |  36.81
 38579      | Lakeview    |   3.61
 40744      | Roy         |   3.76
 50069      | Edgewood    |   7.09
 52808      | Hamilton    |   6.55
 55038      | Greenfield  |  28.29
 59145      | Farmington  |  11.31
 59454      | Highland    | 117.54
 65804      | Harmony     | 142.81
 66668      | White Oak   |  44.33
 69089      | Prosperity  |   3.22
 77057      | Georgetown  |   3.54
 78048      | Salem       |  17.01
 79858      | Springtown  |  83.49
 80534      | Crossroads  | 168.29
 83003      | Hillcrest   |  112.4
 84107      | Concord     |  28.53
 91289      | Lincoln     |  81.49
 94107      | Concord     |    100
(22 rows)

UPDATE time_statistics SET e_time = TRANSACTION_TIMESTAMP() WHERE template = 'query45.tpl' AND stream = 1;
psql:/tmp/s1-basline/throughput/query_1.sql:4454: NOTICE:  duration: 0.064 ms  plan:
Query Text: UPDATE time_statistics SET e_time = TRANSACTION_TIMESTAMP() WHERE template = 'query45.tpl' AND stream = 1;
Update on time_statistics  (cost=0.00..10.09 rows=0 width=0) (actual time=0.064..0.064 rows=0 loops=1)
  ->  Seq Scan on time_statistics  (cost=0.00..10.09 rows=1 width=14) (actual time=0.049..0.049 rows=1 loops=1)
        Filter: ((template = 'query45.tpl'::text) AND (stream = 1))
        Rows Removed by Filter: 347
UPDATE 1
LOAD 'auto_explain'; SET auto_explain.log_min_duration TO 0; SET auto_explain.log_analyze TO on; SET auto_explain.log_level TO notice; INSERT INTO time_statistics (template, s_time, stream, query, seed) VALUES ('query91.tpl', TRANSACTION_TIMESTAMP(), 1, 91, 273039719);
LOAD
SET
SET
SET
psql:/tmp/s1-basline/throughput/query_1.sql:4455: NOTICE:  duration: 0.009 ms  plan:
Query Text: INSERT INTO time_statistics (template, s_time, stream, query, seed) VALUES ('query91.tpl', TRANSACTION_TIMESTAMP(), 1, 91, 273039719);
Insert on time_statistics  (cost=0.00..0.01 rows=0 width=0) (actual time=0.008..0.008 rows=0 loops=1)
  ->  Result  (cost=0.00..0.01 rows=1 width=64) (actual time=0.001..0.002 rows=1 loops=1)
INSERT 0 1
select  
        cc_call_center_id Call_Center,
        cc_name Call_Center_Name,
        cc_manager Manager,
        sum(cr_net_loss) Returns_Loss
from
        call_center,
        catalog_returns,
        date_dim,
        customer,
        customer_address,
        customer_demographics,
        household_demographics
where
        cr_call_center_sk       = cc_call_center_sk
and     cr_returned_date_sk     = d_date_sk
and     cr_returning_customer_sk= c_customer_sk
and     cd_demo_sk              = c_current_cdemo_sk
and     hd_demo_sk              = c_current_hdemo_sk
and     ca_address_sk           = c_current_addr_sk
and     d_year                  = 2002 
and     d_moy                   = 11
and     ( (cd_marital_status       = 'M' and cd_education_status     = 'Unknown')
        or(cd_marital_status       = 'W' and cd_education_status     = 'Advanced Degree'))
and     hd_buy_potential like 'Unknown%'
and     ca_gmt_offset           = -6
group by cc_call_center_id,cc_name,cc_manager,cd_marital_status,cd_education_status
order by sum(cr_net_loss) desc;
psql:/tmp/s1-basline/throughput/query_1.sql:4483: NOTICE:  duration: 19.388 ms  plan:
Query Text: select  
        cc_call_center_id Call_Center,
        cc_name Call_Center_Name,
        cc_manager Manager,
        sum(cr_net_loss) Returns_Loss
from
        call_center,
        catalog_returns,
        date_dim,
        customer,
        customer_address,
        customer_demographics,
        household_demographics
where
        cr_call_center_sk       = cc_call_center_sk
and     cr_returned_date_sk     = d_date_sk
and     cr_returning_customer_sk= c_customer_sk
and     cd_demo_sk              = c_current_cdemo_sk
and     hd_demo_sk              = c_current_hdemo_sk
and     ca_address_sk           = c_current_addr_sk
and     d_year                  = 2002 
and     d_moy                   = 11
and     ( (cd_marital_status       = 'M' and cd_education_status     = 'Unknown')
        or(cd_marital_status       = 'W' and cd_education_status     = 'Advanced Degree'))
and     hd_buy_potential like 'Unknown%'
and     ca_gmt_offset           = -6
group by cc_call_center_id,cc_name,cc_manager,cd_marital_status,cd_education_status
order by sum(cr_net_loss) desc;
Sort  (cost=2766.47..2766.48 rows=1 width=74) (actual time=19.377..19.379 rows=5 loops=1)
  Sort Key: (sum(catalog_returns.cr_net_loss)) DESC
  Sort Method: quicksort  Memory: 25kB
  ->  GroupAggregate  (cost=1384.04..2766.46 rows=1 width=74) (actual time=19.366..19.373 rows=5 loops=1)
        Group Key: call_center.cc_call_center_id, call_center.cc_name, call_center.cc_manager, customer_demographics.cd_marital_status, customer_demographics.cd_education_status
        ->  Incremental Sort  (cost=1384.04..2766.42 rows=2 width=74) (actual time=19.360..19.362 rows=8 loops=1)
              Sort Key: call_center.cc_call_center_id, call_center.cc_name, call_center.cc_manager, customer_demographics.cd_marital_status, customer_demographics.cd_education_status
              Presorted Key: call_center.cc_call_center_id
              Full-sort Groups: 1  Sort Method: quicksort  Average Memory: 25kB  Peak Memory: 25kB
              ->  Nested Loop  (cost=1.72..2766.33 rows=1 width=74) (actual time=7.703..19.345 rows=8 loops=1)
                    Join Filter: (catalog_returns.cr_call_center_sk = call_center.cc_call_center_sk)
                    Rows Removed by Join Filter: 40
                    ->  Index Scan using i_cc_call_center_id on call_center  (cost=0.13..3.52 rows=6 width=51) (actual time=0.004..0.006 rows=6 loops=1)
                    ->  Materialize  (cost=1.59..2762.72 rows=1 width=39) (actual time=0.804..3.222 rows=8 loops=6)
                          ->  Nested Loop  (cost=1.59..2762.72 rows=1 width=39) (actual time=4.824..19.324 rows=8 loops=1)
                                ->  Nested Loop  (cost=1.16..2759.73 rows=4 width=24) (actual time=4.439..18.679 rows=149 loops=1)
                                      ->  Nested Loop  (cost=0.87..2756.81 rows=9 width=32) (actual time=4.322..17.921 rows=288 loops=1)
                                            ->  Nested Loop  (cost=0.59..2739.82 rows=56 width=40) (actual time=4.288..15.081 rows=1918 loops=1)
                                                  ->  Nested Loop  (cost=0.29..2720.67 rows=57 width=24) (actual time=4.283..10.884 rows=1954 loops=1)
                                                        ->  Seq Scan on date_dim  (cost=0.00..2500.73 rows=29 width=8) (actual time=4.275..9.271 rows=30 loops=1)
                                                              Filter: ((d_year = 2002) AND (d_moy = 11))
                                                              Rows Removed by Filter: 73019
                                                        ->  Index Scan using i_cr_returned_date_sk on catalog_returns  (cost=0.29..6.86 rows=72 width=32) (actual time=0.002..0.041 rows=65 loops=30)
                                                              Index Cond: (cr_returned_date_sk = date_dim.d_date_sk)
                                                  ->  Index Scan using pk_customer on customer  (cost=0.29..0.34 rows=1 width=32) (actual time=0.002..0.002 rows=1 loops=1954)
                                                        Index Cond: (c_customer_sk = catalog_returns.cr_returning_customer_sk)
                                            ->  Index Scan using pk_household_demographics on household_demographics  (cost=0.28..0.30 rows=1 width=8) (actual time=0.001..0.001 rows=0 loops=1918)
                                                  Index Cond: (hd_demo_sk = customer.c_current_hdemo_sk)
                                                  Filter: (hd_buy_potential ~~ 'Unknown%'::text)
                                                  Rows Removed by Filter: 1
                                      ->  Index Scan using pk_customer_address on customer_address  (cost=0.29..0.32 rows=1 width=8) (actual time=0.002..0.002 rows=1 loops=288)
                                            Index Cond: (ca_address_sk = customer.c_current_addr_sk)
                                            Filter: (ca_gmt_offset = '-6'::double precision)
                                            Rows Removed by Filter: 0
                                ->  Index Scan using pk_customer_demographics on customer_demographics  (cost=0.43..0.75 rows=1 width=31) (actual time=0.004..0.004 rows=0 loops=149)
                                      Index Cond: (cd_demo_sk = customer.c_current_cdemo_sk)
                                      Filter: (((cd_marital_status = 'M'::bpchar) AND (cd_education_status = 'Unknown'::bpchar)) OR ((cd_marital_status = 'W'::bpchar) AND (cd_education_status = 'Advanced Degree'::bpchar)))
                                      Rows Removed by Filter: 1
   call_center    | call_center_name |    manager     |   returns_loss    
------------------+------------------+----------------+-------------------
 AAAAAAAAEAAAAAAA | North Midwest    | William Fisher |           2025.74
 AAAAAAAAEAAAAAAA | North Midwest    | William Fisher |           1656.24
 AAAAAAAACAAAAAAA | Mid Atlantic     | Dale Robinson  |           1218.88
 AAAAAAAABAAAAAAA | NY Metro         | Lloyd Ledesma  |           1032.68
 AAAAAAAABAAAAAAA | NY Metro         | Lloyd Ledesma  | 585.0699999999999
(5 rows)

UPDATE time_statistics SET e_time = TRANSACTION_TIMESTAMP() WHERE template = 'query91.tpl' AND stream = 1;
psql:/tmp/s1-basline/throughput/query_1.sql:4485: NOTICE:  duration: 0.062 ms  plan:
Query Text: UPDATE time_statistics SET e_time = TRANSACTION_TIMESTAMP() WHERE template = 'query91.tpl' AND stream = 1;
Update on time_statistics  (cost=0.00..10.09 rows=0 width=0) (actual time=0.062..0.062 rows=0 loops=1)
  ->  Seq Scan on time_statistics  (cost=0.00..10.09 rows=1 width=14) (actual time=0.048..0.048 rows=1 loops=1)
        Filter: ((template = 'query91.tpl'::text) AND (stream = 1))
        Rows Removed by Filter: 348
UPDATE 1
LOAD 'auto_explain'; SET auto_explain.log_min_duration TO 0; SET auto_explain.log_analyze TO on; SET auto_explain.log_level TO notice; INSERT INTO time_statistics (template, s_time, stream, query, seed) VALUES ('query62.tpl', TRANSACTION_TIMESTAMP(), 1, 92, 1953487241);
LOAD
SET
SET
SET
psql:/tmp/s1-basline/throughput/query_1.sql:4486: NOTICE:  duration: 0.009 ms  plan:
Query Text: INSERT INTO time_statistics (template, s_time, stream, query, seed) VALUES ('query62.tpl', TRANSACTION_TIMESTAMP(), 1, 92, 1953487241);
Insert on time_statistics  (cost=0.00..0.01 rows=0 width=0) (actual time=0.008..0.009 rows=0 loops=1)
  ->  Result  (cost=0.00..0.01 rows=1 width=64) (actual time=0.002..0.002 rows=1 loops=1)
INSERT 0 1
select  
   substr(w_warehouse_name,1,20)
  ,sm_type
  ,web_name
  ,sum(case when (ws_ship_date_sk - ws_sold_date_sk <= 30 ) then 1 else 0 end)  as "30 days" 
  ,sum(case when (ws_ship_date_sk - ws_sold_date_sk > 30) and 
                 (ws_ship_date_sk - ws_sold_date_sk <= 60) then 1 else 0 end )  as "31-60 days" 
  ,sum(case when (ws_ship_date_sk - ws_sold_date_sk > 60) and 
                 (ws_ship_date_sk - ws_sold_date_sk <= 90) then 1 else 0 end)  as "61-90 days" 
  ,sum(case when (ws_ship_date_sk - ws_sold_date_sk > 90) and
                 (ws_ship_date_sk - ws_sold_date_sk <= 120) then 1 else 0 end)  as "91-120 days" 
  ,sum(case when (ws_ship_date_sk - ws_sold_date_sk  > 120) then 1 else 0 end)  as ">120 days" 
from
   web_sales
  ,warehouse
  ,ship_mode
  ,web_site
  ,date_dim
where
    d_month_seq between 1203 and 1203 + 11
and ws_ship_date_sk   = d_date_sk
and ws_warehouse_sk   = w_warehouse_sk
and ws_ship_mode_sk   = sm_ship_mode_sk
and ws_web_site_sk    = web_site_sk
group by
   substr(w_warehouse_name,1,20)
  ,sm_type
  ,web_name
order by substr(w_warehouse_name,1,20)
        ,sm_type
       ,web_name
limit 100;
psql:/tmp/s1-basline/throughput/query_1.sql:4518: NOTICE:  duration: 229.610 ms  plan:
Query Text: select  
   substr(w_warehouse_name,1,20)
  ,sm_type
  ,web_name
  ,sum(case when (ws_ship_date_sk - ws_sold_date_sk <= 30 ) then 1 else 0 end)  as "30 days" 
  ,sum(case when (ws_ship_date_sk - ws_sold_date_sk > 30) and 
                 (ws_ship_date_sk - ws_sold_date_sk <= 60) then 1 else 0 end )  as "31-60 days" 
  ,sum(case when (ws_ship_date_sk - ws_sold_date_sk > 60) and 
                 (ws_ship_date_sk - ws_sold_date_sk <= 90) then 1 else 0 end)  as "61-90 days" 
  ,sum(case when (ws_ship_date_sk - ws_sold_date_sk > 90) and
                 (ws_ship_date_sk - ws_sold_date_sk <= 120) then 1 else 0 end)  as "91-120 days" 
  ,sum(case when (ws_ship_date_sk - ws_sold_date_sk  > 120) then 1 else 0 end)  as ">120 days" 
from
   web_sales
  ,warehouse
  ,ship_mode
  ,web_site
  ,date_dim
where
    d_month_seq between 1203 and 1203 + 11
and ws_ship_date_sk   = d_date_sk
and ws_warehouse_sk   = w_warehouse_sk
and ws_ship_mode_sk   = sm_ship_mode_sk
and ws_web_site_sk    = web_site_sk
group by
   substr(w_warehouse_name,1,20)
  ,sm_type
  ,web_name
order by substr(w_warehouse_name,1,20)
        ,sm_type
       ,web_name
limit 100;
Limit  (cost=34036.27..34125.36 rows=100 width=110) (actual time=198.541..229.534 rows=100 loops=1)
  ->  Finalize GroupAggregate  (cost=34036.27..34169.90 rows=150 width=110) (actual time=198.540..229.525 rows=100 loops=1)
        Group Key: (substr((warehouse.w_warehouse_name)::text, 1, 20)), ship_mode.sm_type, web_site.web_name
        ->  Gather Merge  (cost=34036.27..34162.02 rows=300 width=110) (actual time=198.301..229.406 rows=301 loops=1)
              Workers Planned: 2
              Workers Launched: 2
              ->  Partial GroupAggregate  (cost=33036.25..33127.37 rows=150 width=110) (actual time=177.299..194.113 rows=134 loops=3)
                    Group Key: (substr((warehouse.w_warehouse_name)::text, 1, 20)), ship_mode.sm_type, web_site.web_name
                    ->  Sort  (cost=33036.25..33039.82 rows=1428 width=86) (actual time=177.116..178.934 rows=40210 loops=3)
                          Sort Key: (substr((warehouse.w_warehouse_name)::text, 1, 20)), ship_mode.sm_type, web_site.web_name
                          Sort Method: quicksort  Memory: 10371kB
                          Worker 0:  Sort Method: quicksort  Memory: 5649kB
                          Worker 1:  Sort Method: quicksort  Memory: 5729kB
                          ->  Hash Join  (cost=2510.32..32961.42 rows=1428 width=86) (actual time=13.630..127.321 rows=47523 loops=3)
                                Hash Cond: (web_sales.ws_web_site_sk = web_site.web_site_sk)
                                ->  Hash Join  (cost=2507.65..32950.89 rows=1428 width=69) (actual time=13.546..113.808 rows=47525 loops=3)
                                      Hash Cond: (web_sales.ws_ship_mode_sk = ship_mode.sm_ship_mode_sk)
                                      ->  Hash Join  (cost=2506.20..32944.91 rows=1428 width=46) (actual time=13.507..106.534 rows=47528 loops=3)
                                            Hash Cond: (web_sales.ws_warehouse_sk = warehouse.w_warehouse_sk)
                                            ->  Hash Join  (cost=2505.08..32936.86 rows=1428 width=40) (actual time=13.480..98.454 rows=47532 loops=3)
                                                  Hash Cond: (web_sales.ws_ship_date_sk = date_dim.d_date_sk)
                                                  ->  Parallel Seq Scan on web_sales  (cost=0.00..29644.81 rows=299781 width=40) (actual time=0.015..45.494 rows=239825 loops=3)
                                                  ->  Hash  (cost=2500.73..2500.73 rows=348 width=8) (actual time=13.444..13.445 rows=365 loops=3)
                                                        Buckets: 1024  Batches: 1  Memory Usage: 23kB
                                                        ->  Seq Scan on date_dim  (cost=0.00..2500.73 rows=348 width=8) (actual time=6.275..13.394 rows=365 loops=3)
                                                              Filter: ((d_month_seq >= 1203) AND (d_month_seq <= 1214))
                                                              Rows Removed by Filter: 72684
                                            ->  Hash  (cost=1.05..1.05 rows=5 width=22) (actual time=0.016..0.017 rows=5 loops=3)
                                                  Buckets: 1024  Batches: 1  Memory Usage: 9kB
                                                  ->  Seq Scan on warehouse  (cost=0.00..1.05 rows=5 width=22) (actual time=0.013..0.014 rows=5 loops=3)
                                      ->  Hash  (cost=1.20..1.20 rows=20 width=39) (actual time=0.024..0.025 rows=20 loops=3)
                                            Buckets: 1024  Batches: 1  Memory Usage: 10kB
                                            ->  Seq Scan on ship_mode  (cost=0.00..1.20 rows=20 width=39) (actual time=0.018..0.020 rows=20 loops=3)
                                ->  Hash  (cost=2.30..2.30 rows=30 width=15) (actual time=0.042..0.042 rows=30 loops=3)
                                      Buckets: 1024  Batches: 1  Memory Usage: 10kB
                                      ->  Seq Scan on web_site  (cost=0.00..2.30 rows=30 width=15) (actual time=0.023..0.035 rows=30 loops=3)
       substr        |            sm_type             | web_name | 30 days | 31-60 days | 61-90 days | 91-120 days | >120 days 
---------------------+--------------------------------+----------+---------+------------+------------+-------------+-----------
 Neither dea         | EXPRESS                        | site_0   |     294 |        304 |        297 |         318 |         0
 Neither dea         | EXPRESS                        | site_1   |     325 |        308 |        278 |         296 |         0
 Neither dea         | EXPRESS                        | site_2   |     294 |        295 |        300 |         300 |         0
 Neither dea         | EXPRESS                        | site_3   |     274 |        245 |        247 |         273 |         0
 Neither dea         | EXPRESS                        | site_4   |     256 |        268 |        256 |         272 |         0
 Neither dea         | LIBRARY                        | site_0   |     162 |        153 |        183 |         156 |         0
 Neither dea         | LIBRARY                        | site_1   |     217 |        195 |        228 |         195 |         0
 Neither dea         | LIBRARY                        | site_2   |     255 |        239 |        229 |         229 |         0
 Neither dea         | LIBRARY                        | site_3   |     231 |        239 |        258 |         240 |         0
 Neither dea         | LIBRARY                        | site_4   |     209 |        213 |        199 |         186 |         0
 Neither dea         | NEXT DAY                       | site_0   |     295 |        278 |        335 |         289 |         0
 Neither dea         | NEXT DAY                       | site_1   |     280 |        322 |        298 |         308 |         0
 Neither dea         | NEXT DAY                       | site_2   |     266 |        269 |        297 |         265 |         0
 Neither dea         | NEXT DAY                       | site_3   |     250 |        258 |        279 |         244 |         0
 Neither dea         | NEXT DAY                       | site_4   |     242 |        319 |        284 |         311 |         0
 Neither dea         | OVERNIGHT                      | site_0   |     227 |        254 |        233 |         252 |         0
 Neither dea         | OVERNIGHT                      | site_1   |     202 |        235 |        218 |         185 |         0
 Neither dea         | OVERNIGHT                      | site_2   |     195 |        151 |        172 |         203 |         0
 Neither dea         | OVERNIGHT                      | site_3   |     231 |        176 |        215 |         199 |         0
 Neither dea         | OVERNIGHT                      | site_4   |     272 |        242 |        238 |         236 |         0
 Neither dea         | REGULAR                        | site_0   |     229 |        229 |        214 |         224 |         0
 Neither dea         | REGULAR                        | site_1   |     236 |        232 |        268 |         215 |         0
 Neither dea         | REGULAR                        | site_2   |     216 |        238 |        244 |         225 |         0
 Neither dea         | REGULAR                        | site_3   |     211 |        209 |        191 |         206 |         0
 Neither dea         | REGULAR                        | site_4   |     172 |        166 |        154 |         176 |         0
 Neither dea         | TWO DAY                        | site_0   |     199 |        246 |        185 |         230 |         0
 Neither dea         | TWO DAY                        | site_1   |     215 |        160 |        182 |         174 |         0
 Neither dea         | TWO DAY                        | site_2   |     209 |        198 |        217 |         240 |         0
 Neither dea         | TWO DAY                        | site_3   |     239 |        253 |        237 |         215 |         0
 Neither dea         | TWO DAY                        | site_4   |     244 |        242 |        232 |         204 |         0
 Parties use         | EXPRESS                        | site_0   |     306 |        294 |        281 |         282 |         0
 Parties use         | EXPRESS                        | site_1   |     297 |        256 |        296 |         303 |         0
 Parties use         | EXPRESS                        | site_2   |     292 |        263 |        290 |         268 |         0
 Parties use         | EXPRESS                        | site_3   |     262 |        229 |        249 |         274 |         0
 Parties use         | EXPRESS                        | site_4   |     318 |        313 |        309 |         283 |         0
 Parties use         | LIBRARY                        | site_0   |     188 |        215 |        223 |         204 |         0
 Parties use         | LIBRARY                        | site_1   |     230 |        237 |        250 |         243 |         0
 Parties use         | LIBRARY                        | site_2   |     241 |        223 |        237 |         206 |         0
 Parties use         | LIBRARY                        | site_3   |     219 |        203 |        238 |         206 |         0
 Parties use         | LIBRARY                        | site_4   |     202 |        161 |        176 |         186 |         0
 Parties use         | NEXT DAY                       | site_0   |     296 |        298 |        289 |         338 |         0
 Parties use         | NEXT DAY                       | site_1   |     285 |        247 |        284 |         263 |         0
 Parties use         | NEXT DAY                       | site_2   |     306 |        257 |        272 |         255 |         0
 Parties use         | NEXT DAY                       | site_3   |     310 |        283 |        306 |         298 |         0
 Parties use         | NEXT DAY                       | site_4   |     313 |        285 |        294 |         335 |         0
 Parties use         | OVERNIGHT                      | site_0   |     208 |        213 |        194 |         229 |         0
 Parties use         | OVERNIGHT                      | site_1   |     186 |        167 |        196 |         192 |         0
 Parties use         | OVERNIGHT                      | site_2   |     206 |        206 |        194 |         224 |         0
 Parties use         | OVERNIGHT                      | site_3   |     238 |        256 |        220 |         231 |         0
 Parties use         | OVERNIGHT                      | site_4   |     256 |        213 |        236 |         242 |         0
 Parties use         | REGULAR                        | site_0   |     240 |        224 |        236 |         249 |         0
 Parties use         | REGULAR                        | site_1   |     221 |        252 |        247 |         220 |         0
 Parties use         | REGULAR                        | site_2   |     213 |        220 |        214 |         197 |         0
 Parties use         | REGULAR                        | site_3   |     198 |        193 |        165 |         198 |         0
 Parties use         | REGULAR                        | site_4   |     200 |        207 |        212 |         198 |         0
 Parties use         | TWO DAY                        | site_0   |     177 |        180 |        192 |         175 |         0
 Parties use         | TWO DAY                        | site_1   |     225 |        234 |        196 |         199 |         0
 Parties use         | TWO DAY                        | site_2   |     219 |        199 |        233 |         246 |         0
 Parties use         | TWO DAY                        | site_3   |     228 |        252 |        244 |         240 |         0
 Parties use         | TWO DAY                        | site_4   |     189 |        205 |        204 |         228 |         0
 Persons make more e | EXPRESS                        | site_0   |     264 |        242 |        284 |         295 |         0
 Persons make more e | EXPRESS                        | site_1   |     288 |        281 |        290 |         269 |         0
 Persons make more e | EXPRESS                        | site_2   |     284 |        278 |        282 |         264 |         0
 Persons make more e | EXPRESS                        | site_3   |     267 |        282 |        310 |         288 |         0
 Persons make more e | EXPRESS                        | site_4   |     272 |        274 |        264 |         286 |         0
 Persons make more e | LIBRARY                        | site_0   |     212 |        197 |        216 |         234 |         0
 Persons make more e | LIBRARY                        | site_1   |     146 |        181 |        192 |         176 |         0
 Persons make more e | LIBRARY                        | site_2   |     195 |        221 |        184 |         186 |         0
 Persons make more e | LIBRARY                        | site_3   |     231 |        232 |        242 |         248 |         0
 Persons make more e | LIBRARY                        | site_4   |     215 |        263 |        249 |         268 |         0
 Persons make more e | NEXT DAY                       | site_0   |     291 |        268 |        261 |         308 |         0
 Persons make more e | NEXT DAY                       | site_1   |     285 |        325 |        301 |         316 |         0
 Persons make more e | NEXT DAY                       | site_2   |     338 |        314 |        275 |         307 |         0
 Persons make more e | NEXT DAY                       | site_3   |     256 |        269 |        275 |         290 |         0
 Persons make more e | NEXT DAY                       | site_4   |     247 |        248 |        272 |         271 |         0
 Persons make more e | OVERNIGHT                      | site_0   |     217 |        245 |        244 |         248 |         0
 Persons make more e | OVERNIGHT                      | site_1   |     260 |        231 |        233 |         254 |         0
 Persons make more e | OVERNIGHT                      | site_2   |     223 |        205 |        214 |         213 |         0
 Persons make more e | OVERNIGHT                      | site_3   |     164 |        190 |        182 |         168 |         0
 Persons make more e | OVERNIGHT                      | site_4   |     208 |        219 |        194 |         222 |         0
 Persons make more e | REGULAR                        | site_0   |     160 |        199 |        167 |         200 |         0
 Persons make more e | REGULAR                        | site_1   |     228 |        192 |        194 |         207 |         0
 Persons make more e | REGULAR                        | site_2   |     236 |        251 |        250 |         269 |         0
 Persons make more e | REGULAR                        | site_3   |     269 |        227 |        248 |         245 |         0
 Persons make more e | REGULAR                        | site_4   |     224 |        221 |        216 |         192 |         0
 Persons make more e | TWO DAY                        | site_0   |     227 |        231 |        221 |         241 |         0
 Persons make more e | TWO DAY                        | site_1   |     229 |        213 |        203 |         179 |         0
 Persons make more e | TWO DAY                        | site_2   |     168 |        183 |        189 |         197 |         0
 Persons make more e | TWO DAY                        | site_3   |     214 |        212 |        213 |         186 |         0
 Persons make more e | TWO DAY                        | site_4   |     250 |        246 |        232 |         248 |         0
 Single, simple r    | EXPRESS                        | site_0   |     264 |        276 |        259 |         278 |         0
 Single, simple r    | EXPRESS                        | site_1   |     239 |        261 |        274 |         276 |         0
 Single, simple r    | EXPRESS                        | site_2   |     289 |        308 |        285 |         316 |         0
 Single, simple r    | EXPRESS                        | site_3   |     312 |        289 |        297 |         269 |         0
 Single, simple r    | EXPRESS                        | site_4   |     286 |        310 |        277 |         294 |         0
 Single, simple r    | LIBRARY                        | site_0   |     225 |        246 |        240 |         215 |         0
 Single, simple r    | LIBRARY                        | site_1   |     233 |        203 |        198 |         211 |         0
 Single, simple r    | LIBRARY                        | site_2   |     178 |        163 |        224 |         182 |         0
 Single, simple r    | LIBRARY                        | site_3   |     195 |        242 |        210 |         199 |         0
 Single, simple r    | LIBRARY                        | site_4   |     263 |        217 |        243 |         236 |         0
(100 rows)

UPDATE time_statistics SET e_time = TRANSACTION_TIMESTAMP() WHERE template = 'query62.tpl' AND stream = 1;
psql:/tmp/s1-basline/throughput/query_1.sql:4520: NOTICE:  duration: 0.065 ms  plan:
Query Text: UPDATE time_statistics SET e_time = TRANSACTION_TIMESTAMP() WHERE template = 'query62.tpl' AND stream = 1;
Update on time_statistics  (cost=0.00..10.09 rows=0 width=0) (actual time=0.065..0.065 rows=0 loops=1)
  ->  Seq Scan on time_statistics  (cost=0.00..10.09 rows=1 width=14) (actual time=0.050..0.050 rows=1 loops=1)
        Filter: ((template = 'query62.tpl'::text) AND (stream = 1))
        Rows Removed by Filter: 349
UPDATE 1
LOAD 'auto_explain'; SET auto_explain.log_min_duration TO 0; SET auto_explain.log_analyze TO on; SET auto_explain.log_level TO notice; INSERT INTO time_statistics (template, s_time, stream, query, seed) VALUES ('query44.tpl', TRANSACTION_TIMESTAMP(), 1, 93, 1818996679);
LOAD
SET
SET
SET
psql:/tmp/s1-basline/throughput/query_1.sql:4521: NOTICE:  duration: 0.008 ms  plan:
Query Text: INSERT INTO time_statistics (template, s_time, stream, query, seed) VALUES ('query44.tpl', TRANSACTION_TIMESTAMP(), 1, 93, 1818996679);
Insert on time_statistics  (cost=0.00..0.01 rows=0 width=0) (actual time=0.008..0.008 rows=0 loops=1)
  ->  Result  (cost=0.00..0.01 rows=1 width=64) (actual time=0.001..0.002 rows=1 loops=1)
INSERT 0 1
select  asceding.rnk, i1.i_product_name best_performing, i2.i_product_name worst_performing
from(select *
     from (select item_sk,rank() over (order by rank_col asc) rnk
           from (select ss_item_sk item_sk,avg(ss_net_profit) rank_col 
                 from store_sales ss1
                 where ss_store_sk = 6
                 group by ss_item_sk
                 having avg(ss_net_profit) > 0.9*(select avg(ss_net_profit) rank_col
                                                  from store_sales
                                                  where ss_store_sk = 6
                                                    and ss_promo_sk is null
                                                  group by ss_store_sk))V1)V11
     where rnk  < 11) asceding,
    (select *
     from (select item_sk,rank() over (order by rank_col desc) rnk
           from (select ss_item_sk item_sk,avg(ss_net_profit) rank_col
                 from store_sales ss1
                 where ss_store_sk = 6
                 group by ss_item_sk
                 having avg(ss_net_profit) > 0.9*(select avg(ss_net_profit) rank_col
                                                  from store_sales
                                                  where ss_store_sk = 6
                                                    and ss_promo_sk is null
                                                  group by ss_store_sk))V2)V21
     where rnk  < 11) descending,
item i1,
item i2
where asceding.rnk = descending.rnk 
  and i1.i_item_sk=asceding.item_sk
  and i2.i_item_sk=descending.item_sk
order by asceding.rnk
limit 100;
psql:/tmp/s1-basline/throughput/query_1.sql:4553: NOTICE:  duration: 249.976 ms  plan:
Query Text: select  asceding.rnk, i1.i_product_name best_performing, i2.i_product_name worst_performing
from(select *
     from (select item_sk,rank() over (order by rank_col asc) rnk
           from (select ss_item_sk item_sk,avg(ss_net_profit) rank_col 
                 from store_sales ss1
                 where ss_store_sk = 6
                 group by ss_item_sk
                 having avg(ss_net_profit) > 0.9*(select avg(ss_net_profit) rank_col
                                                  from store_sales
                                                  where ss_store_sk = 6
                                                    and ss_promo_sk is null
                                                  group by ss_store_sk))V1)V11
     where rnk  < 11) asceding,
    (select *
     from (select item_sk,rank() over (order by rank_col desc) rnk
           from (select ss_item_sk item_sk,avg(ss_net_profit) rank_col
                 from store_sales ss1
                 where ss_store_sk = 6
                 group by ss_item_sk
                 having avg(ss_net_profit) > 0.9*(select avg(ss_net_profit) rank_col
                                                  from store_sales
                                                  where ss_store_sk = 6
                                                    and ss_promo_sk is null
                                                  group by ss_store_sk))V2)V21
     where rnk  < 11) descending,
item i1,
item i2
where asceding.rnk = descending.rnk 
  and i1.i_item_sk=asceding.item_sk
  and i2.i_item_sk=descending.item_sk
order by asceding.rnk
limit 100;
Limit  (cost=356486.05..359808.07 rows=1 width=110) (actual time=182.274..249.973 rows=0 loops=1)
  ->  Nested Loop  (cost=356486.05..359808.07 rows=1 width=110) (actual time=182.273..249.972 rows=0 loops=1)
        Join Filter: (v21.item_sk = i2.i_item_sk)
        ->  Nested Loop  (cost=356486.05..358147.07 rows=1 width=67) (actual time=182.273..249.971 rows=0 loops=1)
              Join Filter: (v11.item_sk = i1.i_item_sk)
              ->  Merge Join  (cost=356486.05..356486.07 rows=1 width=24) (actual time=182.272..249.971 rows=0 loops=1)
                    Merge Cond: (v11.rnk = v21.rnk)
                    ->  Sort  (cost=178243.02..178243.03 rows=1 width=16) (actual time=182.271..249.966 rows=0 loops=1)
                          Sort Key: v11.rnk
                          Sort Method: quicksort  Memory: 25kB
                          ->  Subquery Scan on v11  (cost=178242.98..178243.01 rows=1 width=16) (actual time=182.269..249.964 rows=0 loops=1)
                                ->  WindowAgg  (cost=178242.98..178243.00 rows=1 width=24) (actual time=182.268..249.962 rows=0 loops=1)
                                      Run Condition: (rank() OVER (?) < 11)
                                      ->  Sort  (cost=178242.98..178242.99 rows=1 width=16) (actual time=182.266..249.960 rows=0 loops=1)
                                            Sort Key: v1.rank_col
                                            Sort Method: quicksort  Memory: 25kB
                                            ->  Subquery Scan on v1  (cost=178242.94..178242.97 rows=1 width=16) (actual time=182.264..249.958 rows=0 loops=1)
                                                  ->  GroupAggregate  (cost=178242.94..178242.96 rows=1 width=16) (actual time=182.264..249.958 rows=0 loops=1)
                                                        Group Key: ss1.ss_item_sk
                                                        Filter: (avg(ss1.ss_net_profit) > ('0.9'::double precision * $1))
                                                        InitPlan 1 (returns $1)
                                                          ->  GroupAggregate  (cost=1000.00..89121.47 rows=1 width=16) (never executed)
                                                                Group Key: store_sales.ss_store_sk
                                                                ->  Gather  (cost=1000.00..89121.45 rows=1 width=16) (never executed)
                                                                      Workers Planned: 2
                                                                      Workers Launched: 0
                                                                      ->  Parallel Seq Scan on store_sales  (cost=0.00..88121.35 rows=1 width=16) (never executed)
                                                                            Filter: ((ss_promo_sk IS NULL) AND (ss_store_sk = 6))
                                                        ->  Sort  (cost=89121.46..89121.47 rows=1 width=16) (actual time=182.263..249.955 rows=0 loops=1)
                                                              Sort Key: ss1.ss_item_sk
                                                              Sort Method: quicksort  Memory: 25kB
                                                              ->  Gather  (cost=1000.00..89121.45 rows=1 width=16) (actual time=182.260..249.952 rows=0 loops=1)
                                                                    Workers Planned: 2
                                                                    Workers Launched: 2
                                                                    ->  Parallel Seq Scan on store_sales ss1  (cost=0.00..88121.35 rows=1 width=16) (actual time=178.211..178.211 rows=0 loops=3)
                                                                          Filter: (ss_store_sk = 6)
                                                                          Rows Removed by Filter: 959309
                    ->  Sort  (cost=178243.02..178243.03 rows=1 width=16) (never executed)
                          Sort Key: v21.rnk
                          ->  Subquery Scan on v21  (cost=178242.98..178243.01 rows=1 width=16) (never executed)
                                ->  WindowAgg  (cost=178242.98..178243.00 rows=1 width=24) (never executed)
                                      Run Condition: (rank() OVER (?) < 11)
                                      ->  Sort  (cost=178242.98..178242.99 rows=1 width=16) (never executed)
                                            Sort Key: v2.rank_col DESC
                                            ->  Subquery Scan on v2  (cost=178242.94..178242.97 rows=1 width=16) (never executed)
                                                  ->  GroupAggregate  (cost=178242.94..178242.96 rows=1 width=16) (never executed)
                                                        Group Key: ss1_1.ss_item_sk
                                                        Filter: (avg(ss1_1.ss_net_profit) > ('0.9'::double precision * $3))
                                                        InitPlan 2 (returns $3)
                                                          ->  GroupAggregate  (cost=1000.00..89121.47 rows=1 width=16) (never executed)
                                                                Group Key: store_sales_1.ss_store_sk
                                                                ->  Gather  (cost=1000.00..89121.45 rows=1 width=16) (never executed)
                                                                      Workers Planned: 2
                                                                      Workers Launched: 0
                                                                      ->  Parallel Seq Scan on store_sales store_sales_1  (cost=0.00..88121.35 rows=1 width=16) (never executed)
                                                                            Filter: ((ss_promo_sk IS NULL) AND (ss_store_sk = 6))
                                                        ->  Sort  (cost=89121.46..89121.47 rows=1 width=16) (never executed)
                                                              Sort Key: ss1_1.ss_item_sk
                                                              ->  Gather  (cost=1000.00..89121.45 rows=1 width=16) (never executed)
                                                                    Workers Planned: 2
                                                                    Workers Launched: 0
                                                                    ->  Parallel Seq Scan on store_sales ss1_1  (cost=0.00..88121.35 rows=1 width=16) (never executed)
                                                                          Filter: (ss_store_sk = 6)
              ->  Seq Scan on item i1  (cost=0.00..1436.00 rows=18000 width=59) (never executed)
        ->  Seq Scan on item i2  (cost=0.00..1436.00 rows=18000 width=59) (never executed)
 rnk | best_performing | worst_performing 
-----+-----------------+------------------
(0 rows)

UPDATE time_statistics SET e_time = TRANSACTION_TIMESTAMP() WHERE template = 'query44.tpl' AND stream = 1;
psql:/tmp/s1-basline/throughput/query_1.sql:4555: NOTICE:  duration: 0.064 ms  plan:
Query Text: UPDATE time_statistics SET e_time = TRANSACTION_TIMESTAMP() WHERE template = 'query44.tpl' AND stream = 1;
Update on time_statistics  (cost=0.00..10.09 rows=0 width=0) (actual time=0.064..0.064 rows=0 loops=1)
  ->  Seq Scan on time_statistics  (cost=0.00..10.09 rows=1 width=14) (actual time=0.050..0.050 rows=1 loops=1)
        Filter: ((template = 'query44.tpl'::text) AND (stream = 1))
        Rows Removed by Filter: 350
UPDATE 1
LOAD 'auto_explain'; SET auto_explain.log_min_duration TO 0; SET auto_explain.log_analyze TO on; SET auto_explain.log_level TO notice; INSERT INTO time_statistics (template, s_time, stream, query, seed) VALUES ('query76.tpl', TRANSACTION_TIMESTAMP(), 1, 94, 1519324130);
LOAD
SET
SET
SET
psql:/tmp/s1-basline/throughput/query_1.sql:4556: NOTICE:  duration: 0.009 ms  plan:
Query Text: INSERT INTO time_statistics (template, s_time, stream, query, seed) VALUES ('query76.tpl', TRANSACTION_TIMESTAMP(), 1, 94, 1519324130);
Insert on time_statistics  (cost=0.00..0.01 rows=0 width=0) (actual time=0.009..0.009 rows=0 loops=1)
  ->  Result  (cost=0.00..0.01 rows=1 width=64) (actual time=0.002..0.002 rows=1 loops=1)
INSERT 0 1
select  channel, col_name, d_year, d_qoy, i_category, COUNT(*) sales_cnt, SUM(ext_sales_price) sales_amt FROM (
        SELECT 'store' as channel, 'ss_hdemo_sk' col_name, d_year, d_qoy, i_category, ss_ext_sales_price ext_sales_price
         FROM store_sales, item, date_dim
         WHERE ss_hdemo_sk IS NULL
           AND ss_sold_date_sk=d_date_sk
           AND ss_item_sk=i_item_sk
        UNION ALL
        SELECT 'web' as channel, 'ws_ship_mode_sk' col_name, d_year, d_qoy, i_category, ws_ext_sales_price ext_sales_price
         FROM web_sales, item, date_dim
         WHERE ws_ship_mode_sk IS NULL
           AND ws_sold_date_sk=d_date_sk
           AND ws_item_sk=i_item_sk
        UNION ALL
        SELECT 'catalog' as channel, 'cs_bill_customer_sk' col_name, d_year, d_qoy, i_category, cs_ext_sales_price ext_sales_price
         FROM catalog_sales, item, date_dim
         WHERE cs_bill_customer_sk IS NULL
           AND cs_sold_date_sk=d_date_sk
           AND cs_item_sk=i_item_sk) foo
GROUP BY channel, col_name, d_year, d_qoy, i_category
ORDER BY channel, col_name, d_year, d_qoy, i_category
limit 100;
psql:/tmp/s1-basline/throughput/query_1.sql:4577: NOTICE:  duration: 460.923 ms  plan:
Query Text: select  channel, col_name, d_year, d_qoy, i_category, COUNT(*) sales_cnt, SUM(ext_sales_price) sales_amt FROM (
        SELECT 'store' as channel, 'ss_hdemo_sk' col_name, d_year, d_qoy, i_category, ss_ext_sales_price ext_sales_price
         FROM store_sales, item, date_dim
         WHERE ss_hdemo_sk IS NULL
           AND ss_sold_date_sk=d_date_sk
           AND ss_item_sk=i_item_sk
        UNION ALL
        SELECT 'web' as channel, 'ws_ship_mode_sk' col_name, d_year, d_qoy, i_category, ws_ext_sales_price ext_sales_price
         FROM web_sales, item, date_dim
         WHERE ws_ship_mode_sk IS NULL
           AND ws_sold_date_sk=d_date_sk
           AND ws_item_sk=i_item_sk
        UNION ALL
        SELECT 'catalog' as channel, 'cs_bill_customer_sk' col_name, d_year, d_qoy, i_category, cs_ext_sales_price ext_sales_price
         FROM catalog_sales, item, date_dim
         WHERE cs_bill_customer_sk IS NULL
           AND cs_sold_date_sk=d_date_sk
           AND cs_item_sk=i_item_sk) foo
GROUP BY channel, col_name, d_year, d_qoy, i_category
ORDER BY channel, col_name, d_year, d_qoy, i_category
limit 100;
Limit  (cost=184430.19..184458.02 rows=100 width=139) (actual time=364.147..460.851 rows=100 loops=1)
  ->  Finalize GroupAggregate  (cost=184430.19..188211.57 rows=13585 width=139) (actual time=364.146..460.844 rows=100 loops=1)
        Group Key: ('store'::text), ('ss_hdemo_sk'::text), date_dim.d_year, date_dim.d_qoy, item.i_category
        ->  Gather Merge  (cost=184430.19..187600.24 rows=27170 width=139) (actual time=364.140..460.778 rows=147 loops=1)
              Workers Planned: 2
              Workers Launched: 2
              ->  Sort  (cost=183430.16..183464.13 rows=13585 width=139) (actual time=358.555..358.570 rows=237 loops=3)
                    Sort Key: ('store'::text), ('ss_hdemo_sk'::text), date_dim.d_year, date_dim.d_qoy, item.i_category
                    Sort Method: quicksort  Memory: 86kB
                    Worker 0:  Sort Method: quicksort  Memory: 82kB
                    Worker 1:  Sort Method: quicksort  Memory: 54kB
                    ->  Partial HashAggregate  (cost=182361.72..182497.57 rows=13585 width=139) (actual time=357.681..357.790 rows=374 loops=3)
                          Group Key: ('store'::text), ('ss_hdemo_sk'::text), date_dim.d_year, date_dim.d_qoy, item.i_category
                          Batches: 1  Memory Usage: 529kB
                          Worker 0:  Batches: 1  Memory Usage: 529kB
                          Worker 1:  Batches: 1  Memory Usage: 465kB
                          ->  Parallel Append  (cost=0.59..181371.13 rows=56605 width=131) (actual time=7.107..345.239 rows=22890 loops=3)
                                ->  Hash Join  (cost=1661.30..88911.89 rows=53425 width=131) (actual time=14.225..202.994 rows=21639 loops=3)
                                      Hash Cond: (store_sales.ss_item_sk = item.i_item_sk)
                                      ->  Nested Loop  (cost=0.30..87110.62 rows=53425 width=24) (actual time=0.057..181.033 rows=21639 loops=3)
                                            ->  Parallel Seq Scan on store_sales  (cost=0.00..85123.48 rows=55920 width=24) (actual time=0.014..160.162 rows=43125 loops=3)
                                                  Filter: (ss_hdemo_sk IS NULL)
                                                  Rows Removed by Filter: 916184
                                            ->  Memoize  (cost=0.30..0.33 rows=1 width=16) (actual time=0.000..0.000 rows=1 loops=129375)
                                                  Cache Key: store_sales.ss_sold_date_sk
                                                  Cache Mode: logical
                                                  Hits: 34944  Misses: 1818  Evictions: 0  Overflows: 0  Memory Usage: 213kB
                                                  Worker 0:  Hits: 27951  Misses: 1810  Evictions: 0  Overflows: 0  Memory Usage: 213kB
                                                  Worker 1:  Hits: 61028  Misses: 1824  Evictions: 0  Overflows: 0  Memory Usage: 214kB
                                                  ->  Index Scan using pk_date_dim on date_dim  (cost=0.29..0.32 rows=1 width=16) (actual time=0.002..0.002 rows=1 loops=5452)
                                                        Index Cond: (d_date_sk = store_sales.ss_sold_date_sk)
                                      ->  Hash  (cost=1436.00..1436.00 rows=18000 width=59) (actual time=14.035..14.036 rows=18000 loops=3)
                                            Buckets: 32768  Batches: 1  Memory Usage: 1941kB
                                            ->  Seq Scan on item  (cost=0.00..1436.00 rows=18000 width=59) (actual time=0.028..10.393 rows=18000 loops=3)
                                ->  Nested Loop  (cost=0.59..61874.68 rows=3160 width=131) (actual time=0.173..151.624 rows=1830 loops=2)
                                      ->  Nested Loop  (cost=0.30..60317.20 rows=3160 width=24) (actual time=0.132..144.452 rows=1830 loops=2)
                                            ->  Parallel Seq Scan on catalog_sales  (cost=0.00..59266.53 rows=3179 width=24) (actual time=0.077..140.627 rows=3638 loops=2)
                                                  Filter: (cs_bill_customer_sk IS NULL)
                                                  Rows Removed by Filter: 716067
                                            ->  Memoize  (cost=0.30..0.55 rows=1 width=16) (actual time=0.001..0.001 rows=1 loops=7277)
                                                  Cache Key: catalog_sales.cs_sold_date_sk
                                                  Cache Mode: logical
                                                  Hits: 2594  Misses: 838  Evictions: 0  Overflows: 0  Memory Usage: 99kB
                                                  Worker 0:  Hits: 2905  Misses: 940  Evictions: 0  Overflows: 0  Memory Usage: 111kB
                                                  ->  Index Scan using pk_date_dim on date_dim date_dim_1  (cost=0.29..0.54 rows=1 width=16) (actual time=0.002..0.002 rows=1 loops=1778)
                                                        Index Cond: (d_date_sk = catalog_sales.cs_sold_date_sk)
                                      ->  Index Scan using pk_item on item item_1  (cost=0.29..0.49 rows=1 width=59) (actual time=0.003..0.003 rows=1 loops=3660)
                                            Index Cond: (i_item_sk = catalog_sales.cs_item_sk)
                                ->  Nested Loop  (cost=0.58..29735.48 rows=20 width=131) (actual time=0.492..118.667 rows=94 loops=1)
                                      ->  Nested Loop  (cost=0.29..29687.58 rows=20 width=67) (actual time=0.159..118.318 rows=176 loops=1)
                                            ->  Parallel Seq Scan on web_sales  (cost=0.00..29644.81 rows=20 width=24) (actual time=0.150..117.542 rows=176 loops=1)
                                                  Filter: (ws_ship_mode_sk IS NULL)
                                                  Rows Removed by Filter: 719298
                                            ->  Index Scan using pk_item on item item_2  (cost=0.29..2.14 rows=1 width=59) (actual time=0.004..0.004 rows=1 loops=176)
                                                  Index Cond: (i_item_sk = web_sales.ws_item_sk)
                                      ->  Index Scan using pk_date_dim on date_dim date_dim_2  (cost=0.29..2.40 rows=1 width=16) (actual time=0.002..0.002 rows=1 loops=176)
                                            Index Cond: (d_date_sk = web_sales.ws_sold_date_sk)
 channel |      col_name       | d_year | d_qoy |                     i_category                     | sales_cnt |     sales_amt      
---------+---------------------+--------+-------+----------------------------------------------------+-----------+--------------------
 catalog | cs_bill_customer_sk |   1998 |     1 | Books                                              |        13 |           24823.48
 catalog | cs_bill_customer_sk |   1998 |     1 | Children                                           |        10 |           19840.19
 catalog | cs_bill_customer_sk |   1998 |     1 | Electronics                                        |         7 | 16511.399999999998
 catalog | cs_bill_customer_sk |   1998 |     1 | Home                                               |         9 | 10851.060000000001
 catalog | cs_bill_customer_sk |   1998 |     1 | Jewelry                                            |         7 |             9562.5
 catalog | cs_bill_customer_sk |   1998 |     1 | Men                                                |        13 | 10677.470000000001
 catalog | cs_bill_customer_sk |   1998 |     1 | Music                                              |        12 |            6766.89
 catalog | cs_bill_customer_sk |   1998 |     1 | Shoes                                              |        13 |            6215.48
 catalog | cs_bill_customer_sk |   1998 |     1 | Sports                                             |        11 |            9261.89
 catalog | cs_bill_customer_sk |   1998 |     1 | Women                                              |        10 |             4074.6
 catalog | cs_bill_customer_sk |   1998 |     2 | Books                                              |        17 |           13674.45
 catalog | cs_bill_customer_sk |   1998 |     2 | Children                                           |         8 |            4914.99
 catalog | cs_bill_customer_sk |   1998 |     2 | Electronics                                        |         4 |           10297.56
 catalog | cs_bill_customer_sk |   1998 |     2 | Home                                               |         8 |            3874.93
 catalog | cs_bill_customer_sk |   1998 |     2 | Jewelry                                            |        14 |            8832.76
 catalog | cs_bill_customer_sk |   1998 |     2 | Men                                                |         8 |           11478.33
 catalog | cs_bill_customer_sk |   1998 |     2 | Music                                              |         7 | 2099.1099999999997
 catalog | cs_bill_customer_sk |   1998 |     2 | Shoes                                              |         7 |           17580.92
 catalog | cs_bill_customer_sk |   1998 |     2 | Sports                                             |        13 | 12762.130000000001
 catalog | cs_bill_customer_sk |   1998 |     2 | Women                                              |        14 |           14626.59
 catalog | cs_bill_customer_sk |   1998 |     3 | Books                                              |        16 |           21241.98
 catalog | cs_bill_customer_sk |   1998 |     3 | Children                                           |        12 |           17361.65
 catalog | cs_bill_customer_sk |   1998 |     3 | Electronics                                        |        25 |           26973.59
 catalog | cs_bill_customer_sk |   1998 |     3 | Home                                               |        18 |           20333.18
 catalog | cs_bill_customer_sk |   1998 |     3 | Jewelry                                            |        24 | 13435.829999999998
 catalog | cs_bill_customer_sk |   1998 |     3 | Men                                                |        20 |            8569.32
 catalog | cs_bill_customer_sk |   1998 |     3 | Music                                              |        13 |            7672.02
 catalog | cs_bill_customer_sk |   1998 |     3 | Shoes                                              |        21 |           44554.95
 catalog | cs_bill_customer_sk |   1998 |     3 | Sports                                             |        15 |           12485.07
 catalog | cs_bill_customer_sk |   1998 |     3 | Women                                              |        28 |           36794.68
 catalog | cs_bill_customer_sk |   1998 |     3 |                                                    |         1 |                   
 catalog | cs_bill_customer_sk |   1998 |     4 | Books                                              |        29 |  46994.65000000001
 catalog | cs_bill_customer_sk |   1998 |     4 | Children                                           |        39 |           60310.74
 catalog | cs_bill_customer_sk |   1998 |     4 | Electronics                                        |        31 | 64273.170000000006
 catalog | cs_bill_customer_sk |   1998 |     4 | Home                                               |        31 |           29685.88
 catalog | cs_bill_customer_sk |   1998 |     4 | Jewelry                                            |        38 | 48323.399999999994
 catalog | cs_bill_customer_sk |   1998 |     4 | Men                                                |        38 | 35068.090000000004
 catalog | cs_bill_customer_sk |   1998 |     4 | Music                                              |        35 | 14025.689999999999
 catalog | cs_bill_customer_sk |   1998 |     4 | Shoes                                              |        32 |           52443.34
 catalog | cs_bill_customer_sk |   1998 |     4 | Sports                                             |        28 |           34516.84
 catalog | cs_bill_customer_sk |   1998 |     4 | Women                                              |        33 |  84011.89000000001
 catalog | cs_bill_customer_sk |   1999 |     1 | Books                                              |         9 |            3083.77
 catalog | cs_bill_customer_sk |   1999 |     1 | Children                                           |         9 | 11081.060000000001
 catalog | cs_bill_customer_sk |   1999 |     1 | Electronics                                        |         8 | 34023.990000000005
 catalog | cs_bill_customer_sk |   1999 |     1 | Home                                               |         8 | 2579.9700000000003
 catalog | cs_bill_customer_sk |   1999 |     1 | Jewelry                                            |         9 |             476.78
 catalog | cs_bill_customer_sk |   1999 |     1 | Men                                                |         9 | 10008.890000000001
 catalog | cs_bill_customer_sk |   1999 |     1 | Music                                              |        10 |            4585.98
 catalog | cs_bill_customer_sk |   1999 |     1 | Shoes                                              |         8 |            7519.02
 catalog | cs_bill_customer_sk |   1999 |     1 | Sports                                             |         4 |            2882.47
 catalog | cs_bill_customer_sk |   1999 |     1 | Women                                              |        10 |            2724.48
 catalog | cs_bill_customer_sk |   1999 |     2 | Books                                              |         7 | 12148.740000000002
 catalog | cs_bill_customer_sk |   1999 |     2 | Children                                           |         6 |            18752.4
 catalog | cs_bill_customer_sk |   1999 |     2 | Electronics                                        |         6 | 7270.6900000000005
 catalog | cs_bill_customer_sk |   1999 |     2 | Home                                               |        12 |           24520.56
 catalog | cs_bill_customer_sk |   1999 |     2 | Jewelry                                            |        11 | 4219.3099999999995
 catalog | cs_bill_customer_sk |   1999 |     2 | Men                                                |         9 | 3871.2799999999997
 catalog | cs_bill_customer_sk |   1999 |     2 | Music                                              |         6 |  7722.200000000001
 catalog | cs_bill_customer_sk |   1999 |     2 | Shoes                                              |        15 |           15451.66
 catalog | cs_bill_customer_sk |   1999 |     2 | Sports                                             |        13 |            3952.86
 catalog | cs_bill_customer_sk |   1999 |     2 | Women                                              |         7 |            3223.38
 catalog | cs_bill_customer_sk |   1999 |     3 | Books                                              |        17 |            4143.65
 catalog | cs_bill_customer_sk |   1999 |     3 | Children                                           |        20 |              51082
 catalog | cs_bill_customer_sk |   1999 |     3 | Electronics                                        |        23 |           30787.93
 catalog | cs_bill_customer_sk |   1999 |     3 | Home                                               |        20 | 30305.829999999994
 catalog | cs_bill_customer_sk |   1999 |     3 | Jewelry                                            |        34 | 51080.229999999996
 catalog | cs_bill_customer_sk |   1999 |     3 | Men                                                |        10 |            4722.63
 catalog | cs_bill_customer_sk |   1999 |     3 | Music                                              |        19 |           15066.75
 catalog | cs_bill_customer_sk |   1999 |     3 | Shoes                                              |        21 |           25608.33
 catalog | cs_bill_customer_sk |   1999 |     3 | Sports                                             |        15 |           34867.25
 catalog | cs_bill_customer_sk |   1999 |     3 | Women                                              |        17 |  6491.980000000001
 catalog | cs_bill_customer_sk |   1999 |     3 |                                                    |         1 |            5023.96
 catalog | cs_bill_customer_sk |   1999 |     4 | Books                                              |        36 |            51727.5
 catalog | cs_bill_customer_sk |   1999 |     4 | Children                                           |        30 | 29628.929999999997
 catalog | cs_bill_customer_sk |   1999 |     4 | Electronics                                        |        36 |           73655.12
 catalog | cs_bill_customer_sk |   1999 |     4 | Home                                               |        36 | 48738.119999999995
 catalog | cs_bill_customer_sk |   1999 |     4 | Jewelry                                            |        36 | 35485.630000000005
 catalog | cs_bill_customer_sk |   1999 |     4 | Men                                                |        29 |           42018.03
 catalog | cs_bill_customer_sk |   1999 |     4 | Music                                              |        33 |  48789.67999999999
 catalog | cs_bill_customer_sk |   1999 |     4 | Shoes                                              |        30 | 45379.130000000005
 catalog | cs_bill_customer_sk |   1999 |     4 | Sports                                             |        28 |           38752.48
 catalog | cs_bill_customer_sk |   1999 |     4 | Women                                              |        23 | 26696.559999999998
 catalog | cs_bill_customer_sk |   2000 |     1 | Books                                              |         6 |            9530.53
 catalog | cs_bill_customer_sk |   2000 |     1 | Children                                           |        10 | 1772.7600000000002
 catalog | cs_bill_customer_sk |   2000 |     1 | Electronics                                        |         4 | 4855.5599999999995
 catalog | cs_bill_customer_sk |   2000 |     1 | Home                                               |         6 | 14793.619999999999
 catalog | cs_bill_customer_sk |   2000 |     1 | Jewelry                                            |        18 | 11207.050000000001
 catalog | cs_bill_customer_sk |   2000 |     1 | Men                                                |         6 |             1673.4
 catalog | cs_bill_customer_sk |   2000 |     1 | Music                                              |        19 |           11149.46
 catalog | cs_bill_customer_sk |   2000 |     1 | Shoes                                              |         8 |            2672.16
 catalog | cs_bill_customer_sk |   2000 |     1 | Sports                                             |         8 |           19843.13
 catalog | cs_bill_customer_sk |   2000 |     1 | Women                                              |         7 |             7074.3
 catalog | cs_bill_customer_sk |   2000 |     2 | Books                                              |         7 |           17064.21
 catalog | cs_bill_customer_sk |   2000 |     2 | Children                                           |         9 |            11105.5
 catalog | cs_bill_customer_sk |   2000 |     2 | Electronics                                        |         9 |           22765.56
 catalog | cs_bill_customer_sk |   2000 |     2 | Home                                               |         8 |            4548.07
 catalog | cs_bill_customer_sk |   2000 |     2 | Jewelry                                            |         6 |            9554.69
 catalog | cs_bill_customer_sk |   2000 |     2 | Men                                                |         7 |            2189.16
 catalog | cs_bill_customer_sk |   2000 |     2 | Music                                              |        11 | 20952.089999999997
 catalog | cs_bill_customer_sk |   2000 |     2 | Shoes                                              |        10 |            2993.79
(100 rows)

UPDATE time_statistics SET e_time = TRANSACTION_TIMESTAMP() WHERE template = 'query76.tpl' AND stream = 1;
psql:/tmp/s1-basline/throughput/query_1.sql:4579: NOTICE:  duration: 0.064 ms  plan:
Query Text: UPDATE time_statistics SET e_time = TRANSACTION_TIMESTAMP() WHERE template = 'query76.tpl' AND stream = 1;
Update on time_statistics  (cost=0.00..10.09 rows=0 width=0) (actual time=0.063..0.064 rows=0 loops=1)
  ->  Seq Scan on time_statistics  (cost=0.00..10.09 rows=1 width=14) (actual time=0.049..0.049 rows=1 loops=1)
        Filter: ((template = 'query76.tpl'::text) AND (stream = 1))
        Rows Removed by Filter: 351
UPDATE 1
LOAD 'auto_explain'; SET auto_explain.log_min_duration TO 0; SET auto_explain.log_analyze TO on; SET auto_explain.log_level TO notice; INSERT INTO time_statistics (template, s_time, stream, query, seed) VALUES ('../query_postgresql/query23.tpl', TRANSACTION_TIMESTAMP(), 1, 95, 1647846984);
LOAD
SET
SET
SET
psql:/tmp/s1-basline/throughput/query_1.sql:4580: NOTICE:  duration: 0.008 ms  plan:
Query Text: INSERT INTO time_statistics (template, s_time, stream, query, seed) VALUES ('../query_postgresql/query23.tpl', TRANSACTION_TIMESTAMP(), 1, 95, 1647846984);
Insert on time_statistics  (cost=0.00..0.01 rows=0 width=0) (actual time=0.008..0.008 rows=0 loops=1)
  ->  Result  (cost=0.00..0.01 rows=1 width=64) (actual time=0.001..0.002 rows=1 loops=1)
INSERT 0 1
with frequent_ss_items as 
 (select substr(i_item_desc,1,30) itemdesc,i_item_sk item_sk,d_date solddate,count(*) cnt
  from store_sales
      ,date_dim 
      ,item
  where ss_sold_date_sk = d_date_sk
    and ss_item_sk = i_item_sk 
    and d_year in (1998,1998+1,1998+2,1998+3)
  group by substr(i_item_desc,1,30),i_item_sk,d_date
  having count(*) >4),
 max_store_sales as
 (select max(csales) tpcds_cmax 
  from (select c_customer_sk,sum(ss_quantity*ss_sales_price) csales
        from store_sales
            ,customer
            ,date_dim 
        where ss_customer_sk = c_customer_sk
         and ss_sold_date_sk = d_date_sk
         and d_year in (1998,1998+1,1998+2,1998+3) 
        group by c_customer_sk) x),
 best_ss_customer as
 (select c_customer_sk,sum(ss_quantity*ss_sales_price) ssales
  from store_sales
      ,customer
  where ss_customer_sk = c_customer_sk
  group by c_customer_sk
  having sum(ss_quantity*ss_sales_price) > (95/100.0) * (select
  *
from
 max_store_sales))
  select  sum(sales)
 from (select cs_quantity*cs_list_price sales
       from catalog_sales
           ,date_dim 
       where d_year = 1998 
         and d_moy = 3 
         and cs_sold_date_sk = d_date_sk 
         and cs_item_sk in (select item_sk from frequent_ss_items)
         and cs_bill_customer_sk in (select c_customer_sk from best_ss_customer)
      union all
      select ws_quantity*ws_list_price sales
       from web_sales 
           ,date_dim 
       where d_year = 1998 
         and d_moy = 3 
         and ws_sold_date_sk = d_date_sk 
         and ws_item_sk in (select item_sk from frequent_ss_items)
         and ws_bill_customer_sk in (select c_customer_sk from best_ss_customer)) y 
 limit 100;
psql:/tmp/s1-basline/throughput/query_1.sql:4629: NOTICE:  duration: 4742.875 ms  plan:
Query Text: with frequent_ss_items as 
 (select substr(i_item_desc,1,30) itemdesc,i_item_sk item_sk,d_date solddate,count(*) cnt
  from store_sales
      ,date_dim 
      ,item
  where ss_sold_date_sk = d_date_sk
    and ss_item_sk = i_item_sk 
    and d_year in (1998,1998+1,1998+2,1998+3)
  group by substr(i_item_desc,1,30),i_item_sk,d_date
  having count(*) >4),
 max_store_sales as
 (select max(csales) tpcds_cmax 
  from (select c_customer_sk,sum(ss_quantity*ss_sales_price) csales
        from store_sales
            ,customer
            ,date_dim 
        where ss_customer_sk = c_customer_sk
         and ss_sold_date_sk = d_date_sk
         and d_year in (1998,1998+1,1998+2,1998+3) 
        group by c_customer_sk) x),
 best_ss_customer as
 (select c_customer_sk,sum(ss_quantity*ss_sales_price) ssales
  from store_sales
      ,customer
  where ss_customer_sk = c_customer_sk
  group by c_customer_sk
  having sum(ss_quantity*ss_sales_price) > (95/100.0) * (select
  *
from
 max_store_sales))
  select  sum(sales)
 from (select cs_quantity*cs_list_price sales
       from catalog_sales
           ,date_dim 
       where d_year = 1998 
         and d_moy = 3 
         and cs_sold_date_sk = d_date_sk 
         and cs_item_sk in (select item_sk from frequent_ss_items)
         and cs_bill_customer_sk in (select c_customer_sk from best_ss_customer)
      union all
      select ws_quantity*ws_list_price sales
       from web_sales 
           ,date_dim 
       where d_year = 1998 
         and d_moy = 3 
         and ws_sold_date_sk = d_date_sk 
         and ws_item_sk in (select item_sk from frequent_ss_items)
         and ws_bill_customer_sk in (select c_customer_sk from best_ss_customer)) y 
 limit 100;
Limit  (cost=348519.78..348519.79 rows=1 width=8) (actual time=4708.623..4742.868 rows=1 loops=1)
  CTE frequent_ss_items
    ->  Finalize HashAggregate  (cost=99086.26..99814.45 rows=18205 width=52) (actual time=2145.568..3141.456 rows=122 loops=1)
          Group Key: (substr((item.i_item_desc)::text, 1, 30)), item.i_item_sk, date_dim_2.d_date
          Filter: (count(*) > 4)
          Batches: 21  Memory Usage: 32825kB  Disk Usage: 138792kB
          Rows Removed by Filter: 1975839
          ->  Gather  (cost=93795.49..98631.14 rows=45512 width=52) (actual time=976.095..1437.525 rows=2118289 loops=1)
                Workers Planned: 2
                Workers Launched: 2
                ->  Partial HashAggregate  (cost=92795.49..93079.94 rows=22756 width=52) (actual time=971.197..1301.750 rows=706096 loops=3)
                      Group Key: substr((item.i_item_desc)::text, 1, 30), item.i_item_sk, date_dim_2.d_date
                      Batches: 5  Memory Usage: 34865kB  Disk Usage: 36432kB
                      Worker 0:  Batches: 5  Memory Usage: 34865kB  Disk Usage: 31696kB
                      Worker 1:  Batches: 5  Memory Usage: 34865kB  Disk Usage: 31728kB
                      ->  Hash Join  (cost=4179.87..92567.93 rows=22756 width=44) (actual time=31.631..707.048 rows=731641 loops=3)
                            Hash Cond: (store_sales.ss_item_sk = item.i_item_sk)
                            ->  Hash Join  (cost=2518.87..90790.30 rows=22756 width=12) (actual time=15.776..328.324 rows=731641 loops=3)
                                  Hash Cond: (store_sales.ss_sold_date_sk = date_dim_2.d_date_sk)
                                  ->  Parallel Seq Scan on store_sales  (cost=0.00..85123.48 rows=1199148 width=16) (actual time=0.012..128.466 rows=959309 loops=3)
                                  ->  Hash  (cost=2500.73..2500.73 rows=1451 width=12) (actual time=15.744..15.745 rows=1461 loops=3)
                                        Buckets: 2048  Batches: 1  Memory Usage: 85kB
                                        ->  Seq Scan on date_dim date_dim_2  (cost=0.00..2500.73 rows=1451 width=12) (actual time=7.454..15.544 rows=1461 loops=3)
                                              Filter: (d_year = ANY ('{1998,1999,2000,2001}'::integer[]))
                                              Rows Removed by Filter: 71588
                            ->  Hash  (cost=1436.00..1436.00 rows=18000 width=110) (actual time=15.742..15.742 rows=18000 loops=3)
                                  Buckets: 32768  Batches: 1  Memory Usage: 2822kB
                                  ->  Seq Scan on item  (cost=0.00..1436.00 rows=18000 width=110) (actual time=0.029..11.873 rows=18000 loops=3)
  CTE best_ss_customer
    ->  Finalize HashAggregate  (cost=228367.88..229867.88 rows=33333 width=16) (actual time=1528.759..1570.934 rows=10 loops=1)
          Group Key: customer_1.c_customer_sk
          Filter: (sum(((store_sales_2.ss_quantity)::double precision * store_sales_2.ss_sales_price)) > ('0.95'::double precision * $3))
          Batches: 1  Memory Usage: 10257kB
          Rows Removed by Filter: 90891
          InitPlan 2 (returns $3)
            ->  Aggregate  (cost=102626.03..102626.04 rows=1 width=8) (actual time=908.084..942.102 rows=1 loops=1)
                  ->  Finalize GroupAggregate  (cost=93437.47..101974.39 rows=52131 width=16) (actual time=576.341..938.009 rows=85146 loops=1)
                        Group Key: customer.c_customer_sk
                        ->  Gather Merge  (cost=93437.47..101235.87 rows=43442 width=16) (actual time=576.331..913.796 rows=141321 loops=1)
                              Workers Planned: 2
                              Workers Launched: 2
                              ->  Partial GroupAggregate  (cost=92437.45..95221.56 rows=21721 width=16) (actual time=562.338..804.422 rows=47107 loops=3)
                                    Group Key: customer.c_customer_sk
                                    ->  Merge Join  (cost=92437.45..94787.14 rows=21721 width=20) (actual time=562.314..738.721 rows=714351 loops=3)
                                          Merge Cond: (store_sales_1.ss_customer_sk = customer.c_customer_sk)
                                          ->  Sort  (cost=92437.14..92494.03 rows=22756 width=20) (actual time=562.254..630.831 rows=714352 loops=3)
                                                Sort Key: store_sales_1.ss_customer_sk
                                                Sort Method: external merge  Disk: 28912kB
                                                Worker 0:  Sort Method: external merge  Disk: 24360kB
                                                Worker 1:  Sort Method: external merge  Disk: 18552kB
                                                ->  Hash Join  (cost=2518.87..90790.30 rows=22756 width=20) (actual time=16.733..370.513 rows=731641 loops=3)
                                                      Hash Cond: (store_sales_1.ss_sold_date_sk = date_dim_3.d_date_sk)
                                                      ->  Parallel Seq Scan on store_sales store_sales_1  (cost=0.00..85123.48 rows=1199148 width=28) (actual time=0.015..132.740 rows=959309 loops=3)
                                                      ->  Hash  (cost=2500.73..2500.73 rows=1451 width=8) (actual time=16.673..16.674 rows=1461 loops=3)
                                                            Buckets: 2048  Batches: 1  Memory Usage: 74kB
                                                            ->  Seq Scan on date_dim date_dim_3  (cost=0.00..2500.73 rows=1451 width=8) (actual time=7.879..16.497 rows=1461 loops=3)
                                                                  Filter: (d_year = ANY ('{1998,1999,2000,2001}'::integer[]))
                                                                  Rows Removed by Filter: 71588
                                          ->  Index Only Scan using pk_customer on customer  (cost=0.29..1774.19 rows=100000 width=8) (actual time=0.054..10.002 rows=99998 loops=3)
                                                Heap Fetches: 0
          ->  Gather  (cost=103741.83..124741.83 rows=200000 width=16) (actual time=563.157..584.165 rows=166007 loops=1)
                Workers Planned: 2
                Workers Launched: 2
                ->  Partial HashAggregate  (cost=102741.83..103741.83 rows=100000 width=16) (actual time=557.758..569.401 rows=55336 loops=3)
                      Group Key: customer_1.c_customer_sk
                      Batches: 1  Memory Usage: 8209kB
                      Worker 0:  Batches: 1  Memory Usage: 8209kB
                      Worker 1:  Batches: 1  Memory Usage: 8209kB
                      ->  Hash Join  (cost=3024.19..91295.56 rows=1144627 width=20) (actual time=23.171..410.683 rows=916143 loops=3)
                            Hash Cond: (store_sales_2.ss_customer_sk = customer_1.c_customer_sk)
                            ->  Parallel Seq Scan on store_sales store_sales_2  (cost=0.00..85123.48 rows=1199148 width=20) (actual time=0.014..130.969 rows=959309 loops=3)
                            ->  Hash  (cost=1774.19..1774.19 rows=100000 width=8) (actual time=22.768..22.769 rows=100000 loops=3)
                                  Buckets: 131072  Batches: 1  Memory Usage: 4931kB
                                  ->  Index Only Scan using pk_customer on customer customer_1  (cost=0.29..1774.19 rows=100000 width=8) (actual time=0.069..10.560 rows=100000 loops=3)
                                        Heap Fetches: 0
  ->  Aggregate  (cost=18837.45..18837.46 rows=1 width=8) (actual time=4708.622..4708.629 rows=1 loops=1)
        ->  Append  (cost=1169.03..18836.88 rows=227 width=8) (actual time=4708.620..4708.627 rows=0 loops=1)
              ->  Hash Join  (cost=1169.03..5372.82 rows=151 width=8) (actual time=4693.208..4693.212 rows=0 loops=1)
                    Hash Cond: (catalog_sales.cs_item_sk = frequent_ss_items.item_sk)
                    ->  Hash Join  (cost=754.92..4955.48 rows=302 width=20) (actual time=1551.680..1551.682 rows=0 loops=1)
                          Hash Cond: (catalog_sales.cs_bill_customer_sk = best_ss_customer.c_customer_sk)
                          ->  Nested Loop  (cost=0.43..4196.04 rows=607 width=28) (actual time=4.370..13.962 rows=13618 loops=1)
                                ->  Seq Scan on date_dim  (cost=0.00..2500.73 rows=31 width=8) (actual time=4.344..9.010 rows=31 loops=1)
                                      Filter: ((d_year = 1998) AND (d_moy = 3))
                                      Rows Removed by Filter: 73018
                                ->  Index Scan using i_cs_sold_date_sk on catalog_sales  (cost=0.43..46.87 rows=782 width=36) (actual time=0.004..0.076 rows=439 loops=31)
                                      Index Cond: (cs_sold_date_sk = date_dim.d_date_sk)
                          ->  Hash  (cost=751.99..751.99 rows=200 width=8) (actual time=1536.860..1536.861 rows=10 loops=1)
                                Buckets: 1024  Batches: 1  Memory Usage: 9kB
                                ->  HashAggregate  (cost=749.99..751.99 rows=200 width=8) (actual time=1536.854..1536.856 rows=10 loops=1)
                                      Group Key: best_ss_customer.c_customer_sk
                                      Batches: 1  Memory Usage: 40kB
                                      ->  CTE Scan on best_ss_customer  (cost=0.00..666.66 rows=33333 width=8) (actual time=1528.763..1536.845 rows=10 loops=1)
                    ->  Hash  (cost=411.61..411.61 rows=200 width=8) (actual time=3141.524..3141.525 rows=122 loops=1)
                          Buckets: 1024  Batches: 1  Memory Usage: 13kB
                          ->  HashAggregate  (cost=409.61..411.61 rows=200 width=8) (actual time=3141.488..3141.503 rows=122 loops=1)
                                Group Key: frequent_ss_items.item_sk
                                Batches: 1  Memory Usage: 40kB
                                ->  CTE Scan on frequent_ss_items  (cost=0.00..364.10 rows=18205 width=8) (actual time=2145.571..3141.412 rows=122 loops=1)
              ->  Hash Join  (cost=3665.65..13460.65 rows=76 width=8) (actual time=15.409..15.412 rows=0 loops=1)
                    Hash Cond: (web_sales.ws_bill_customer_sk = best_ss_customer_1.c_customer_sk)
                    ->  Hash Join  (cost=2911.16..12704.54 rows=152 width=20) (actual time=8.105..15.382 rows=68 loops=1)
                          Hash Cond: (web_sales.ws_sold_date_sk = date_dim_1.d_date_sk)
                          ->  Nested Loop  (cost=410.04..9259.05 rows=359737 width=28) (actual time=0.051..7.212 rows=5980 loops=1)
                                ->  HashAggregate  (cost=409.61..411.61 rows=200 width=8) (actual time=0.036..0.055 rows=122 loops=1)
                                      Group Key: frequent_ss_items_1.item_sk
                                      Batches: 1  Memory Usage: 40kB
                                      ->  CTE Scan on frequent_ss_items frequent_ss_items_1  (cost=0.00..364.10 rows=18205 width=8) (actual time=0.001..0.011 rows=122 loops=1)
                                ->  Index Scan using pk_web_sales on web_sales  (cost=0.42..43.80 rows=44 width=36) (actual time=0.005..0.051 rows=49 loops=122)
                                      Index Cond: (ws_item_sk = frequent_ss_items_1.item_sk)
                          ->  Hash  (cost=2500.73..2500.73 rows=31 width=8) (actual time=7.767..7.767 rows=31 loops=1)
                                Buckets: 1024  Batches: 1  Memory Usage: 10kB
                                ->  Seq Scan on date_dim date_dim_1  (cost=0.00..2500.73 rows=31 width=8) (actual time=4.165..7.763 rows=31 loops=1)
                                      Filter: ((d_year = 1998) AND (d_moy = 3))
                                      Rows Removed by Filter: 73018
                    ->  Hash  (cost=751.99..751.99 rows=200 width=8) (actual time=0.012..0.013 rows=10 loops=1)
                          Buckets: 1024  Batches: 1  Memory Usage: 9kB
                          ->  HashAggregate  (cost=749.99..751.99 rows=200 width=8) (actual time=0.008..0.011 rows=10 loops=1)
                                Group Key: best_ss_customer_1.c_customer_sk
                                Batches: 1  Memory Usage: 40kB
                                ->  CTE Scan on best_ss_customer best_ss_customer_1  (cost=0.00..666.66 rows=33333 width=8) (actual time=0.001..0.002 rows=10 loops=1)
 sum 
-----
    
(1 row)

with frequent_ss_items as
 (select substr(i_item_desc,1,30) itemdesc,i_item_sk item_sk,d_date solddate,count(*) cnt
  from store_sales
      ,date_dim
      ,item
  where ss_sold_date_sk = d_date_sk
    and ss_item_sk = i_item_sk
    and d_year in (1998,1998 + 1,1998 + 2,1998 + 3)
  group by substr(i_item_desc,1,30),i_item_sk,d_date
  having count(*) >4),
 max_store_sales as
 (select max(csales) tpcds_cmax
  from (select c_customer_sk,sum(ss_quantity*ss_sales_price) csales
        from store_sales
            ,customer
            ,date_dim 
        where ss_customer_sk = c_customer_sk
         and ss_sold_date_sk = d_date_sk
         and d_year in (1998,1998+1,1998+2,1998+3)
        group by c_customer_sk) x),
 best_ss_customer as
 (select c_customer_sk,sum(ss_quantity*ss_sales_price) ssales
  from store_sales
      ,customer
  where ss_customer_sk = c_customer_sk
  group by c_customer_sk
  having sum(ss_quantity*ss_sales_price) > (95/100.0) * (select
  *
 from max_store_sales))
  select  c_last_name,c_first_name,sales
 from (select c_last_name,c_first_name,sum(cs_quantity*cs_list_price) sales
        from catalog_sales
            ,customer
            ,date_dim 
        where d_year = 1998 
         and d_moy = 3 
         and cs_sold_date_sk = d_date_sk 
         and cs_item_sk in (select item_sk from frequent_ss_items)
         and cs_bill_customer_sk in (select c_customer_sk from best_ss_customer)
         and cs_bill_customer_sk = c_customer_sk 
       group by c_last_name,c_first_name
      union all
      select c_last_name,c_first_name,sum(ws_quantity*ws_list_price) sales
       from web_sales
           ,customer
           ,date_dim 
       where d_year = 1998 
         and d_moy = 3 
         and ws_sold_date_sk = d_date_sk 
         and ws_item_sk in (select item_sk from frequent_ss_items)
         and ws_bill_customer_sk in (select c_customer_sk from best_ss_customer)
         and ws_bill_customer_sk = c_customer_sk
       group by c_last_name,c_first_name) y 
     order by c_last_name,c_first_name,sales
  limit 100;
psql:/tmp/s1-basline/throughput/query_1.sql:4684: NOTICE:  duration: 4675.319 ms  plan:
Query Text: with frequent_ss_items as
 (select substr(i_item_desc,1,30) itemdesc,i_item_sk item_sk,d_date solddate,count(*) cnt
  from store_sales
      ,date_dim
      ,item
  where ss_sold_date_sk = d_date_sk
    and ss_item_sk = i_item_sk
    and d_year in (1998,1998 + 1,1998 + 2,1998 + 3)
  group by substr(i_item_desc,1,30),i_item_sk,d_date
  having count(*) >4),
 max_store_sales as
 (select max(csales) tpcds_cmax
  from (select c_customer_sk,sum(ss_quantity*ss_sales_price) csales
        from store_sales
            ,customer
            ,date_dim 
        where ss_customer_sk = c_customer_sk
         and ss_sold_date_sk = d_date_sk
         and d_year in (1998,1998+1,1998+2,1998+3)
        group by c_customer_sk) x),
 best_ss_customer as
 (select c_customer_sk,sum(ss_quantity*ss_sales_price) ssales
  from store_sales
      ,customer
  where ss_customer_sk = c_customer_sk
  group by c_customer_sk
  having sum(ss_quantity*ss_sales_price) > (95/100.0) * (select
  *
 from max_store_sales))
  select  c_last_name,c_first_name,sales
 from (select c_last_name,c_first_name,sum(cs_quantity*cs_list_price) sales
        from catalog_sales
            ,customer
            ,date_dim 
        where d_year = 1998 
         and d_moy = 3 
         and cs_sold_date_sk = d_date_sk 
         and cs_item_sk in (select item_sk from frequent_ss_items)
         and cs_bill_customer_sk in (select c_customer_sk from best_ss_customer)
         and cs_bill_customer_sk = c_customer_sk 
       group by c_last_name,c_first_name
      union all
      select c_last_name,c_first_name,sum(ws_quantity*ws_list_price) sales
       from web_sales
           ,customer
           ,date_dim 
       where d_year = 1998 
         and d_moy = 3 
         and ws_sold_date_sk = d_date_sk 
         and ws_item_sk in (select item_sk from frequent_ss_items)
         and ws_bill_customer_sk in (select c_customer_sk from best_ss_customer)
         and ws_bill_customer_sk = c_customer_sk
       group by c_last_name,c_first_name) y 
     order by c_last_name,c_first_name,sales
  limit 100;
Limit  (cost=348611.31..348611.56 rows=100 width=60) (actual time=4639.467..4675.316 rows=0 loops=1)
  CTE frequent_ss_items
    ->  Finalize HashAggregate  (cost=99086.26..99814.45 rows=18205 width=52) (actual time=2144.360..3134.162 rows=122 loops=1)
          Group Key: (substr((item.i_item_desc)::text, 1, 30)), item.i_item_sk, date_dim_2.d_date
          Filter: (count(*) > 4)
          Batches: 21  Memory Usage: 33841kB  Disk Usage: 138552kB
          Rows Removed by Filter: 1975839
          ->  Gather  (cost=93795.49..98631.14 rows=45512 width=52) (actual time=982.249..1436.249 rows=2117727 loops=1)
                Workers Planned: 2
                Workers Launched: 2
                ->  Partial HashAggregate  (cost=92795.49..93079.94 rows=22756 width=52) (actual time=977.344..1305.811 rows=705909 loops=3)
                      Group Key: substr((item.i_item_desc)::text, 1, 30), item.i_item_sk, date_dim_2.d_date
                      Batches: 5  Memory Usage: 35889kB  Disk Usage: 36176kB
                      Worker 0:  Batches: 5  Memory Usage: 34865kB  Disk Usage: 31768kB
                      Worker 1:  Batches: 5  Memory Usage: 35889kB  Disk Usage: 31584kB
                      ->  Hash Join  (cost=4179.87..92567.93 rows=22756 width=44) (actual time=31.855..710.671 rows=731641 loops=3)
                            Hash Cond: (store_sales.ss_item_sk = item.i_item_sk)
                            ->  Hash Join  (cost=2518.87..90790.30 rows=22756 width=12) (actual time=15.507..329.941 rows=731641 loops=3)
                                  Hash Cond: (store_sales.ss_sold_date_sk = date_dim_2.d_date_sk)
                                  ->  Parallel Seq Scan on store_sales  (cost=0.00..85123.48 rows=1199148 width=16) (actual time=0.012..129.551 rows=959309 loops=3)
                                  ->  Hash  (cost=2500.73..2500.73 rows=1451 width=12) (actual time=15.474..15.475 rows=1461 loops=3)
                                        Buckets: 2048  Batches: 1  Memory Usage: 85kB
                                        ->  Seq Scan on date_dim date_dim_2  (cost=0.00..2500.73 rows=1451 width=12) (actual time=7.214..15.271 rows=1461 loops=3)
                                              Filter: (d_year = ANY ('{1998,1999,2000,2001}'::integer[]))
                                              Rows Removed by Filter: 71588
                            ->  Hash  (cost=1436.00..1436.00 rows=18000 width=110) (actual time=16.232..16.233 rows=18000 loops=3)
                                  Buckets: 32768  Batches: 1  Memory Usage: 2822kB
                                  ->  Seq Scan on item  (cost=0.00..1436.00 rows=18000 width=110) (actual time=0.028..12.339 rows=18000 loops=3)
  CTE best_ss_customer
    ->  Finalize HashAggregate  (cost=228367.88..229867.88 rows=33333 width=16) (actual time=1467.004..1510.912 rows=10 loops=1)
          Group Key: customer_3.c_customer_sk
          Filter: (sum(((store_sales_2.ss_quantity)::double precision * store_sales_2.ss_sales_price)) > ('0.95'::double precision * $3))
          Batches: 1  Memory Usage: 10257kB
          Rows Removed by Filter: 90891
          InitPlan 2 (returns $3)
            ->  Aggregate  (cost=102626.03..102626.04 rows=1 width=8) (actual time=854.331..889.949 rows=1 loops=1)
                  ->  Finalize GroupAggregate  (cost=93437.47..101974.39 rows=52131 width=16) (actual time=528.176..886.014 rows=85146 loops=1)
                        Group Key: customer_2.c_customer_sk
                        ->  Gather Merge  (cost=93437.47..101235.87 rows=43442 width=16) (actual time=528.166..861.402 rows=141863 loops=1)
                              Workers Planned: 2
                              Workers Launched: 2
                              ->  Partial GroupAggregate  (cost=92437.45..95221.56 rows=21721 width=16) (actual time=521.463..762.264 rows=47288 loops=3)
                                    Group Key: customer_2.c_customer_sk
                                    ->  Merge Join  (cost=92437.45..94787.14 rows=21721 width=20) (actual time=521.443..697.257 rows=714351 loops=3)
                                          Merge Cond: (store_sales_1.ss_customer_sk = customer_2.c_customer_sk)
                                          ->  Sort  (cost=92437.14..92494.03 rows=22756 width=20) (actual time=521.383..589.276 rows=714352 loops=3)
                                                Sort Key: store_sales_1.ss_customer_sk
                                                Sort Method: external merge  Disk: 28120kB
                                                Worker 0:  Sort Method: external merge  Disk: 21864kB
                                                Worker 1:  Sort Method: external merge  Disk: 21832kB
                                                ->  Hash Join  (cost=2518.87..90790.30 rows=22756 width=20) (actual time=16.886..349.341 rows=731641 loops=3)
                                                      Hash Cond: (store_sales_1.ss_sold_date_sk = date_dim_3.d_date_sk)
                                                      ->  Parallel Seq Scan on store_sales store_sales_1  (cost=0.00..85123.48 rows=1199148 width=28) (actual time=0.016..127.588 rows=959309 loops=3)
                                                      ->  Hash  (cost=2500.73..2500.73 rows=1451 width=8) (actual time=16.824..16.825 rows=1461 loops=3)
                                                            Buckets: 2048  Batches: 1  Memory Usage: 74kB
                                                            ->  Seq Scan on date_dim date_dim_3  (cost=0.00..2500.73 rows=1451 width=8) (actual time=7.869..16.650 rows=1461 loops=3)
                                                                  Filter: (d_year = ANY ('{1998,1999,2000,2001}'::integer[]))
                                                                  Rows Removed by Filter: 71588
                                          ->  Index Only Scan using pk_customer on customer customer_2  (cost=0.29..1774.19 rows=100000 width=8) (actual time=0.053..9.995 rows=99998 loops=3)
                                                Heap Fetches: 0
          ->  Gather  (cost=103741.83..124741.83 rows=200000 width=16) (actual time=555.249..576.556 rows=165848 loops=1)
                Workers Planned: 2
                Workers Launched: 2
                ->  Partial HashAggregate  (cost=102741.83..103741.83 rows=100000 width=16) (actual time=549.751..561.527 rows=55283 loops=3)
                      Group Key: customer_3.c_customer_sk
                      Batches: 1  Memory Usage: 8209kB
                      Worker 0:  Batches: 1  Memory Usage: 8209kB
                      Worker 1:  Batches: 1  Memory Usage: 8209kB
                      ->  Hash Join  (cost=3024.19..91295.56 rows=1144627 width=20) (actual time=23.100..406.378 rows=916143 loops=3)
                            Hash Cond: (store_sales_2.ss_customer_sk = customer_3.c_customer_sk)
                            ->  Parallel Seq Scan on store_sales store_sales_2  (cost=0.00..85123.48 rows=1199148 width=20) (actual time=0.014..130.748 rows=959309 loops=3)
                            ->  Hash  (cost=1774.19..1774.19 rows=100000 width=8) (actual time=22.684..22.684 rows=100000 loops=3)
                                  Buckets: 131072  Batches: 1  Memory Usage: 4931kB
                                  ->  Index Only Scan using pk_customer on customer customer_3  (cost=0.29..1774.19 rows=100000 width=8) (actual time=0.061..10.447 rows=100000 loops=3)
                                        Heap Fetches: 0
  ->  Sort  (cost=18928.98..18929.54 rows=226 width=60) (actual time=4639.466..4639.473 rows=0 loops=1)
        Sort Key: customer.c_last_name, customer.c_first_name, (sum(((catalog_sales.cs_quantity)::double precision * catalog_sales.cs_list_price)))
        Sort Method: quicksort  Memory: 25kB
        ->  Append  (cost=5424.69..18920.34 rows=226 width=60) (actual time=4639.461..4639.468 rows=0 loops=1)
              ->  GroupAggregate  (cost=5424.69..5428.44 rows=150 width=60) (actual time=4624.274..4624.278 rows=0 loops=1)
                    Group Key: customer.c_last_name, customer.c_first_name
                    ->  Sort  (cost=5424.69..5425.07 rows=150 width=64) (actual time=4624.273..4624.277 rows=0 loops=1)
                          Sort Key: customer.c_last_name, customer.c_first_name
                          Sort Method: quicksort  Memory: 25kB
                          ->  Nested Loop  (cost=1169.33..5419.27 rows=150 width=64) (actual time=4624.269..4624.273 rows=0 loops=1)
                                ->  Hash Join  (cost=1169.03..5372.07 rows=151 width=28) (actual time=4624.269..4624.272 rows=0 loops=1)
                                      Hash Cond: (catalog_sales.cs_item_sk = frequent_ss_items.item_sk)
                                      ->  Hash Join  (cost=754.92..4955.48 rows=302 width=36) (actual time=1490.039..1490.041 rows=0 loops=1)
                                            Hash Cond: (catalog_sales.cs_bill_customer_sk = best_ss_customer.c_customer_sk)
                                            ->  Nested Loop  (cost=0.43..4196.04 rows=607 width=28) (actual time=4.416..13.948 rows=13618 loops=1)
                                                  ->  Seq Scan on date_dim  (cost=0.00..2500.73 rows=31 width=8) (actual time=4.392..8.980 rows=31 loops=1)
                                                        Filter: ((d_year = 1998) AND (d_moy = 3))
                                                        Rows Removed by Filter: 73018
                                                  ->  Index Scan using i_cs_sold_date_sk on catalog_sales  (cost=0.43..46.87 rows=782 width=36) (actual time=0.004..0.075 rows=439 loops=31)
                                                        Index Cond: (cs_sold_date_sk = date_dim.d_date_sk)
                                            ->  Hash  (cost=751.99..751.99 rows=200 width=8) (actual time=1475.237..1475.238 rows=10 loops=1)
                                                  Buckets: 1024  Batches: 1  Memory Usage: 9kB
                                                  ->  HashAggregate  (cost=749.99..751.99 rows=200 width=8) (actual time=1475.231..1475.233 rows=10 loops=1)
                                                        Group Key: best_ss_customer.c_customer_sk
                                                        Batches: 1  Memory Usage: 40kB
                                                        ->  CTE Scan on best_ss_customer  (cost=0.00..666.66 rows=33333 width=8) (actual time=1467.008..1475.224 rows=10 loops=1)
                                      ->  Hash  (cost=411.61..411.61 rows=200 width=8) (actual time=3134.226..3134.226 rows=122 loops=1)
                                            Buckets: 1024  Batches: 1  Memory Usage: 13kB
                                            ->  HashAggregate  (cost=409.61..411.61 rows=200 width=8) (actual time=3134.190..3134.205 rows=122 loops=1)
                                                  Group Key: frequent_ss_items.item_sk
                                                  Batches: 1  Memory Usage: 40kB
                                                  ->  CTE Scan on frequent_ss_items  (cost=0.00..364.10 rows=18205 width=8) (actual time=2144.365..3134.114 rows=122 loops=1)
                                ->  Index Scan using pk_customer on customer  (cost=0.29..0.31 rows=1 width=60) (never executed)
                                      Index Cond: (c_customer_sk = catalog_sales.cs_bill_customer_sk)
              ->  GroupAggregate  (cost=13486.60..13488.50 rows=76 width=60) (actual time=15.184..15.186 rows=0 loops=1)
                    Group Key: customer_1.c_last_name, customer_1.c_first_name
                    ->  Sort  (cost=13486.60..13486.79 rows=76 width=64) (actual time=15.183..15.185 rows=0 loops=1)
                          Sort Key: customer_1.c_last_name, customer_1.c_first_name
                          Sort Method: quicksort  Memory: 25kB
                          ->  Nested Loop  (cost=3665.94..13484.23 rows=76 width=64) (actual time=15.173..15.176 rows=0 loops=1)
                                ->  Hash Join  (cost=3665.65..13460.27 rows=76 width=28) (actual time=15.173..15.175 rows=0 loops=1)
                                      Hash Cond: (web_sales.ws_bill_customer_sk = best_ss_customer_1.c_customer_sk)
                                      ->  Hash Join  (cost=2911.16..12704.54 rows=152 width=20) (actual time=7.894..15.152 rows=68 loops=1)
                                            Hash Cond: (web_sales.ws_sold_date_sk = date_dim_1.d_date_sk)
                                            ->  Nested Loop  (cost=410.04..9259.05 rows=359737 width=28) (actual time=0.051..7.177 rows=5980 loops=1)
                                                  ->  HashAggregate  (cost=409.61..411.61 rows=200 width=8) (actual time=0.035..0.053 rows=122 loops=1)
                                                        Group Key: frequent_ss_items_1.item_sk
                                                        Batches: 1  Memory Usage: 40kB
                                                        ->  CTE Scan on frequent_ss_items frequent_ss_items_1  (cost=0.00..364.10 rows=18205 width=8) (actual time=0.001..0.011 rows=122 loops=1)
                                                  ->  Index Scan using pk_web_sales on web_sales  (cost=0.42..43.80 rows=44 width=36) (actual time=0.005..0.051 rows=49 loops=122)
                                                        Index Cond: (ws_item_sk = frequent_ss_items_1.item_sk)
                                            ->  Hash  (cost=2500.73..2500.73 rows=31 width=8) (actual time=7.567..7.567 rows=31 loops=1)
                                                  Buckets: 1024  Batches: 1  Memory Usage: 10kB
                                                  ->  Seq Scan on date_dim date_dim_1  (cost=0.00..2500.73 rows=31 width=8) (actual time=4.050..7.563 rows=31 loops=1)
                                                        Filter: ((d_year = 1998) AND (d_moy = 3))
                                                        Rows Removed by Filter: 73018
                                      ->  Hash  (cost=751.99..751.99 rows=200 width=8) (actual time=0.010..0.011 rows=10 loops=1)
                                            Buckets: 1024  Batches: 1  Memory Usage: 9kB
                                            ->  HashAggregate  (cost=749.99..751.99 rows=200 width=8) (actual time=0.007..0.009 rows=10 loops=1)
                                                  Group Key: best_ss_customer_1.c_customer_sk
                                                  Batches: 1  Memory Usage: 40kB
                                                  ->  CTE Scan on best_ss_customer best_ss_customer_1  (cost=0.00..666.66 rows=33333 width=8) (actual time=0.001..0.002 rows=10 loops=1)
                                ->  Index Scan using pk_customer on customer customer_1  (cost=0.29..0.32 rows=1 width=60) (never executed)
                                      Index Cond: (c_customer_sk = web_sales.ws_bill_customer_sk)
 c_last_name | c_first_name | sales 
-------------+--------------+-------
(0 rows)

UPDATE time_statistics SET e_time = TRANSACTION_TIMESTAMP() WHERE template = '../query_postgresql/query23.tpl' AND stream = 1;
psql:/tmp/s1-basline/throughput/query_1.sql:4686: NOTICE:  duration: 0.061 ms  plan:
Query Text: UPDATE time_statistics SET e_time = TRANSACTION_TIMESTAMP() WHERE template = '../query_postgresql/query23.tpl' AND stream = 1;
Update on time_statistics  (cost=0.00..10.30 rows=0 width=0) (actual time=0.060..0.060 rows=0 loops=1)
  ->  Seq Scan on time_statistics  (cost=0.00..10.30 rows=1 width=14) (actual time=0.045..0.046 rows=1 loops=1)
        Filter: ((template = '../query_postgresql/query23.tpl'::text) AND (stream = 1))
        Rows Removed by Filter: 352
UPDATE 1
LOAD 'auto_explain'; SET auto_explain.log_min_duration TO 0; SET auto_explain.log_analyze TO on; SET auto_explain.log_level TO notice; INSERT INTO time_statistics (template, s_time, stream, query, seed) VALUES ('query56.tpl', TRANSACTION_TIMESTAMP(), 1, 96, 368031070);
LOAD
SET
SET
SET
psql:/tmp/s1-basline/throughput/query_1.sql:4687: NOTICE:  duration: 0.020 ms  plan:
Query Text: INSERT INTO time_statistics (template, s_time, stream, query, seed) VALUES ('query56.tpl', TRANSACTION_TIMESTAMP(), 1, 96, 368031070);
Insert on time_statistics  (cost=0.00..0.01 rows=0 width=0) (actual time=0.019..0.019 rows=0 loops=1)
  ->  Result  (cost=0.00..0.01 rows=1 width=64) (actual time=0.001..0.002 rows=1 loops=1)
INSERT 0 1
with ss as (
 select i_item_id,sum(ss_ext_sales_price) total_sales
 from
 	store_sales,
 	date_dim,
         customer_address,
         item
 where i_item_id in (select
     i_item_id
from item
where i_color in ('steel','forest','saddle'))
 and     ss_item_sk              = i_item_sk
 and     ss_sold_date_sk         = d_date_sk
 and     d_year                  = 1998
 and     d_moy                   = 4
 and     ss_addr_sk              = ca_address_sk
 and     ca_gmt_offset           = -5 
 group by i_item_id),
 cs as (
 select i_item_id,sum(cs_ext_sales_price) total_sales
 from
 	catalog_sales,
 	date_dim,
         customer_address,
         item
 where
         i_item_id               in (select
  i_item_id
from item
where i_color in ('steel','forest','saddle'))
 and     cs_item_sk              = i_item_sk
 and     cs_sold_date_sk         = d_date_sk
 and     d_year                  = 1998
 and     d_moy                   = 4
 and     cs_bill_addr_sk         = ca_address_sk
 and     ca_gmt_offset           = -5 
 group by i_item_id),
 ws as (
 select i_item_id,sum(ws_ext_sales_price) total_sales
 from
 	web_sales,
 	date_dim,
         customer_address,
         item
 where
         i_item_id               in (select
  i_item_id
from item
where i_color in ('steel','forest','saddle'))
 and     ws_item_sk              = i_item_sk
 and     ws_sold_date_sk         = d_date_sk
 and     d_year                  = 1998
 and     d_moy                   = 4
 and     ws_bill_addr_sk         = ca_address_sk
 and     ca_gmt_offset           = -5
 group by i_item_id)
  select  i_item_id ,sum(total_sales) total_sales
 from  (select * from ss 
        union all
        select * from cs 
        union all
        select * from ws) tmp1
 group by i_item_id
 order by total_sales,
          i_item_id
 limit 100;
psql:/tmp/s1-basline/throughput/query_1.sql:4753: NOTICE:  duration: 578.089 ms  plan:
Query Text: with ss as (
 select i_item_id,sum(ss_ext_sales_price) total_sales
 from
 	store_sales,
 	date_dim,
         customer_address,
         item
 where i_item_id in (select
     i_item_id
from item
where i_color in ('steel','forest','saddle'))
 and     ss_item_sk              = i_item_sk
 and     ss_sold_date_sk         = d_date_sk
 and     d_year                  = 1998
 and     d_moy                   = 4
 and     ss_addr_sk              = ca_address_sk
 and     ca_gmt_offset           = -5 
 group by i_item_id),
 cs as (
 select i_item_id,sum(cs_ext_sales_price) total_sales
 from
 	catalog_sales,
 	date_dim,
         customer_address,
         item
 where
         i_item_id               in (select
  i_item_id
from item
where i_color in ('steel','forest','saddle'))
 and     cs_item_sk              = i_item_sk
 and     cs_sold_date_sk         = d_date_sk
 and     d_year                  = 1998
 and     d_moy                   = 4
 and     cs_bill_addr_sk         = ca_address_sk
 and     ca_gmt_offset           = -5 
 group by i_item_id),
 ws as (
 select i_item_id,sum(ws_ext_sales_price) total_sales
 from
 	web_sales,
 	date_dim,
         customer_address,
         item
 where
         i_item_id               in (select
  i_item_id
from item
where i_color in ('steel','forest','saddle'))
 and     ws_item_sk              = i_item_sk
 and     ws_sold_date_sk         = d_date_sk
 and     d_year                  = 1998
 and     d_moy                   = 4
 and     ws_bill_addr_sk         = ca_address_sk
 and     ca_gmt_offset           = -5
 group by i_item_id)
  select  i_item_id ,sum(total_sales) total_sales
 from  (select * from ss 
        union all
        select * from cs 
        union all
        select * from ws) tmp1
 group by i_item_id
 order by total_sales,
          i_item_id
 limit 100;
Limit  (cost=23640.82..23640.98 rows=64 width=25) (actual time=474.498..578.058 rows=100 loops=1)
  ->  Sort  (cost=23640.82..23640.98 rows=64 width=25) (actual time=474.497..578.050 rows=100 loops=1)
        Sort Key: (sum((sum(store_sales.ss_ext_sales_price)))), item.i_item_id
        Sort Method: top-N heapsort  Memory: 38kB
        ->  Finalize GroupAggregate  (cost=23631.29..23638.90 rows=64 width=25) (actual time=473.491..577.912 rows=662 loops=1)
              Group Key: item.i_item_id
              ->  Gather Merge  (cost=23631.29..23637.99 rows=54 width=25) (actual time=473.486..577.683 rows=1032 loops=1)
                    Workers Planned: 2
                    Workers Launched: 2
                    ->  Partial GroupAggregate  (cost=22631.26..22631.73 rows=27 width=25) (actual time=250.104..250.243 rows=344 loops=3)
                          Group Key: item.i_item_id
                          ->  Sort  (cost=22631.26..22631.33 rows=27 width=25) (actual time=250.101..250.123 rows=344 loops=3)
                                Sort Key: item.i_item_id
                                Sort Method: quicksort  Memory: 47kB
                                Worker 0:  Sort Method: quicksort  Memory: 39kB
                                Worker 1:  Sort Method: quicksort  Memory: 60kB
                                ->  Parallel Append  (cost=10598.24..22630.62 rows=27 width=25) (actual time=249.764..249.945 rows=344 loops=3)
                                      ->  GroupAggregate  (cost=22629.52..22630.14 rows=35 width=25) (actual time=465.071..465.312 rows=505 loops=1)
                                            Group Key: item.i_item_id
                                            ->  Sort  (cost=22629.52..22629.61 rows=35 width=25) (actual time=465.064..465.099 rows=825 loops=1)
                                                  Sort Key: item.i_item_id
                                                  Worker 1:  Sort Method: quicksort  Memory: 82kB
                                                  ->  Nested Loop  (cost=4007.62..22628.62 rows=35 width=25) (actual time=37.121..463.349 rows=825 loops=1)
                                                        ->  Hash Join  (cost=4007.33..22597.27 rows=101 width=33) (actual time=37.066..455.101 rows=2303 loops=1)
                                                              Hash Cond: (store_sales.ss_sold_date_sk = date_dim.d_date_sk)
                                                              ->  Nested Loop  (cost=1506.22..19421.03 rows=257178 width=41) (actual time=22.100..423.157 rows=249789 loops=1)
                                                                    ->  Nested Loop  (cost=1505.79..2907.16 rows=1609 width=25) (actual time=22.025..28.286 rows=1795 loops=1)
                                                                          ->  HashAggregate  (cost=1505.51..1513.35 rows=784 width=17) (actual time=21.958..22.201 rows=779 loops=1)
                                                                                Group Key: item_1.i_item_id
                                                                                Worker 1:  Batches: 1  Memory Usage: 105kB
                                                                                ->  Seq Scan on item item_1  (cost=0.00..1503.50 rows=802 width=17) (actual time=0.041..21.722 rows=802 loops=1)
                                                                                      Filter: (i_color = ANY ('{steel,forest,saddle}'::bpchar[]))
                                                                                      Rows Removed by Filter: 17198
                                                                          ->  Index Scan using i_i_item_id on item  (cost=0.29..1.76 rows=2 width=25) (actual time=0.007..0.007 rows=2 loops=779)
                                                                                Index Cond: (i_item_id = item_1.i_item_id)
                                                                    ->  Index Scan using pk_store_sales on store_sales  (cost=0.43..8.52 rows=174 width=32) (actual time=0.006..0.199 rows=139 loops=1795)
                                                                          Index Cond: (ss_item_sk = item.i_item_sk)
                                                              ->  Hash  (cost=2500.73..2500.73 rows=30 width=8) (actual time=14.542..14.543 rows=30 loops=1)
                                                                    Buckets: 1024  Batches: 1  Memory Usage: 10kB
                                                                    ->  Seq Scan on date_dim  (cost=0.00..2500.73 rows=30 width=8) (actual time=7.207..14.529 rows=30 loops=1)
                                                                          Filter: ((d_year = 1998) AND (d_moy = 4))
                                                                          Rows Removed by Filter: 73019
                                                        ->  Index Scan using pk_customer_address on customer_address  (cost=0.29..0.31 rows=1 width=8) (actual time=0.003..0.003 rows=0 loops=2303)
                                                              Index Cond: (ca_address_sk = store_sales.ss_addr_sk)
                                                              Filter: (ca_gmt_offset = '-5'::double precision)
                                                              Rows Removed by Filter: 1
                                      ->  GroupAggregate  (cost=10598.24..10598.42 rows=10 width=25) (actual time=213.724..213.803 rows=208 loops=1)
                                            Group Key: item_2.i_item_id
                                            ->  Sort  (cost=10598.24..10598.27 rows=10 width=25) (actual time=213.718..213.728 rows=232 loops=1)
                                                  Sort Key: item_2.i_item_id
                                                  Worker 0:  Sort Method: quicksort  Memory: 41kB
                                                  ->  Nested Loop  (cost=1506.81..10598.08 rows=10 width=25) (actual time=24.762..213.267 rows=232 loops=1)
                                                        ->  Nested Loop  (cost=1506.52..10589.97 rows=26 width=33) (actual time=24.654..210.280 rows=580 loops=1)
                                                              ->  Nested Loop  (cost=1506.22..8404.32 rows=64293 width=41) (actual time=21.925..188.074 rows=62742 loops=1)
                                                                    ->  Nested Loop  (cost=1505.79..2907.16 rows=1609 width=25) (actual time=21.846..27.753 rows=1795 loops=1)
                                                                          ->  HashAggregate  (cost=1505.51..1513.35 rows=784 width=17) (actual time=21.782..21.996 rows=779 loops=1)
                                                                                Group Key: item_3.i_item_id
                                                                                Worker 0:  Batches: 1  Memory Usage: 105kB
                                                                                ->  Seq Scan on item item_3  (cost=0.00..1503.50 rows=802 width=17) (actual time=0.042..21.537 rows=802 loops=1)
                                                                                      Filter: (i_color = ANY ('{steel,forest,saddle}'::bpchar[]))
                                                                                      Rows Removed by Filter: 17198
                                                                          ->  Index Scan using i_i_item_id on item item_2  (cost=0.29..1.76 rows=2 width=25) (actual time=0.006..0.007 rows=2 loops=779)
                                                                                Index Cond: (i_item_id = item_3.i_item_id)
                                                                    ->  Index Scan using pk_web_sales on web_sales  (cost=0.42..2.98 rows=44 width=32) (actual time=0.006..0.083 rows=35 loops=1795)
                                                                          Index Cond: (ws_item_sk = item_2.i_item_sk)
                                                              ->  Memoize  (cost=0.30..0.33 rows=1 width=8) (actual time=0.000..0.000 rows=0 loops=62742)
                                                                    Cache Key: web_sales.ws_sold_date_sk
                                                                    Cache Mode: logical
                                                                    Worker 0:  Hits: 60918  Misses: 1824  Evictions: 0  Overflows: 0  Memory Usage: 130kB
                                                                    ->  Index Scan using pk_date_dim on date_dim date_dim_1  (cost=0.29..0.32 rows=1 width=8) (actual time=0.002..0.002 rows=0 loops=1824)
                                                                          Index Cond: (d_date_sk = web_sales.ws_sold_date_sk)
                                                                          Filter: ((d_year = 1998) AND (d_moy = 4))
                                                                          Rows Removed by Filter: 1
                                                        ->  Index Scan using pk_customer_address on customer_address customer_address_1  (cost=0.29..0.31 rows=1 width=8) (actual time=0.005..0.005 rows=0 loops=580)
                                                              Index Cond: (ca_address_sk = web_sales.ws_bill_addr_sk)
                                                              Filter: (ca_gmt_offset = '-5'::double precision)
                                                              Rows Removed by Filter: 1
                                      ->  GroupAggregate  (cost=4477.82..4478.16 rows=19 width=25) (actual time=70.494..70.637 rows=319 loops=1)
                                            Group Key: item_4.i_item_id
                                            ->  Sort  (cost=4477.82..4477.87 rows=19 width=25) (actual time=70.488..70.506 rows=417 loops=1)
                                                  Sort Key: item_4.i_item_id
                                                  Sort Method: quicksort  Memory: 54kB
                                                  ->  Nested Loop Semi Join  (cost=1.29..4477.42 rows=19 width=25) (actual time=4.447..69.673 rows=417 loops=1)
                                                        ->  Nested Loop  (cost=1.00..4389.44 rows=214 width=25) (actual time=4.286..43.174 rows=4979 loops=1)
                                                              ->  Nested Loop  (cost=0.72..4323.96 rows=214 width=16) (actual time=4.282..34.557 rows=4979 loops=1)
                                                                    ->  Nested Loop  (cost=0.43..4141.10 rows=588 width=24) (actual time=4.174..15.732 rows=13673 loops=1)
                                                                          ->  Seq Scan on date_dim date_dim_2  (cost=0.00..2500.73 rows=30 width=8) (actual time=4.162..9.569 rows=30 loops=1)
                                                                                Filter: ((d_year = 1998) AND (d_moy = 4))
                                                                                Rows Removed by Filter: 73019
                                                                          ->  Index Scan using i_cs_sold_date_sk on catalog_sales  (cost=0.43..46.86 rows=782 width=32) (actual time=0.004..0.113 rows=456 loops=30)
                                                                                Index Cond: (cs_sold_date_sk = date_dim_2.d_date_sk)
                                                                    ->  Index Scan using pk_customer_address on customer_address customer_address_2  (cost=0.29..0.31 rows=1 width=8) (actual time=0.001..0.001 rows=0 loops=13673)
                                                                          Index Cond: (ca_address_sk = catalog_sales.cs_bill_addr_sk)
                                                                          Filter: (ca_gmt_offset = '-5'::double precision)
                                                                          Rows Removed by Filter: 1
                                                              ->  Index Scan using pk_item on item item_4  (cost=0.29..0.31 rows=1 width=25) (actual time=0.001..0.001 rows=1 loops=4979)
                                                                    Index Cond: (i_item_sk = catalog_sales.cs_item_sk)
                                                        ->  Index Scan using i_i_item_id on item item_5  (cost=0.29..0.41 rows=1 width=17) (actual time=0.005..0.005 rows=0 loops=4979)
                                                              Index Cond: (i_item_id = item_4.i_item_id)
                                                              Filter: (i_color = ANY ('{steel,forest,saddle}'::bpchar[]))
                                                              Rows Removed by Filter: 2
    i_item_id     |    total_sales     
------------------+--------------------
 AAAAAAAAAKNCAAAA |                  0
 AAAAAAAAALNBAAAA |                  0
 AAAAAAAACKKDAAAA |               4.65
 AAAAAAAAMMDBAAAA |              10.76
 AAAAAAAAMFNCAAAA |              11.97
 AAAAAAAAMOECAAAA |              15.48
 AAAAAAAAKJPBAAAA |              15.77
 AAAAAAAAIENAAAAA |              15.95
 AAAAAAAAIDHBAAAA |              20.96
 AAAAAAAAOAKCAAAA |               27.6
 AAAAAAAAJCJCAAAA |               28.8
 AAAAAAAAKOPCAAAA |               29.7
 AAAAAAAAENFAAAAA |               35.1
 AAAAAAAACMPCAAAA |              38.38
 AAAAAAAAONEEAAAA |               44.1
 AAAAAAAAFBCCAAAA |              49.58
 AAAAAAAAFGBEAAAA |              57.06
 AAAAAAAAGLDCAAAA |              59.12
 AAAAAAAAMJGCAAAA |              67.76
 AAAAAAAAKDPAAAAA |              75.65
 AAAAAAAAMFDCAAAA |                 76
 AAAAAAAAECHBAAAA |              78.66
 AAAAAAAAEPKDAAAA |              80.52
 AAAAAAAADLCAAAAA |                101
 AAAAAAAALNFCAAAA |              101.5
 AAAAAAAAKAHCAAAA |              104.4
 AAAAAAAAMFDAAAAA |             106.75
 AAAAAAAANELDAAAA |              106.8
 AAAAAAAAOOKDAAAA |             107.35
 AAAAAAAAEHCBAAAA |             107.61
 AAAAAAAAKMBCAAAA |             108.77
 AAAAAAAAMENAAAAA |              117.6
 AAAAAAAAEKCDAAAA |             139.24
 AAAAAAAADHOBAAAA |             147.69
 AAAAAAAADAPBAAAA |             161.03
 AAAAAAAAGIFEAAAA |             163.08
 AAAAAAAABPPAAAAA |             163.82
 AAAAAAAAOPCEAAAA |              165.8
 AAAAAAAAOIBCAAAA |             168.21
 AAAAAAAAACODAAAA |             175.38
 AAAAAAAADDKAAAAA |             176.64
 AAAAAAAAMNPAAAAA |             178.57
 AAAAAAAAMOJDAAAA |             185.54
 AAAAAAAALBPBAAAA | 186.29999999999998
 AAAAAAAANNFAAAAA |             203.25
 AAAAAAAAIEEAAAAA |             209.58
 AAAAAAAAIGPCAAAA |             215.46
 AAAAAAAAOEBBAAAA |             215.74
 AAAAAAAAGILBAAAA |             223.72
 AAAAAAAADKDAAAAA |             224.64
 AAAAAAAAPGHAAAAA |             226.45
 AAAAAAAAEAPBAAAA |             228.48
 AAAAAAAACNLAAAAA |              231.6
 AAAAAAAAOIDAAAAA |             234.65
 AAAAAAAAGCCDAAAA |             237.44
 AAAAAAAAHNHBAAAA |             238.38
 AAAAAAAACINCAAAA |              246.4
 AAAAAAAACHEAAAAA |             246.81
 AAAAAAAALAHBAAAA |                252
 AAAAAAAAABICAAAA |             256.65
 AAAAAAAAEAGDAAAA |             256.88
 AAAAAAAACNGBAAAA |             257.07
 AAAAAAAAABHCAAAA |             263.72
 AAAAAAAAOJCAAAAA |             286.95
 AAAAAAAAEGADAAAA |             292.04
 AAAAAAAAAPPBAAAA |                295
 AAAAAAAAKMGDAAAA |              297.2
 AAAAAAAAJKPAAAAA |              299.2
 AAAAAAAAKMFBAAAA |             312.08
 AAAAAAAAEGLBAAAA |             318.06
 AAAAAAAAKHLBAAAA |             333.78
 AAAAAAAAMFMCAAAA |             335.54
 AAAAAAAAOHMCAAAA |             351.09
 AAAAAAAACIJAAAAA |             358.61
 AAAAAAAAGDICAAAA |              361.8
 AAAAAAAAMDGBAAAA |             361.92
 AAAAAAAALCECAAAA |             373.23
 AAAAAAAAEEDDAAAA |             407.49
 AAAAAAAAGENDAAAA |             414.99
 AAAAAAAAOBBDAAAA |             417.75
 AAAAAAAACBOCAAAA |             423.36
 AAAAAAAAMPIDAAAA |             429.48
 AAAAAAAAKGFBAAAA |             431.94
 AAAAAAAAAAIDAAAA |             445.37
 AAAAAAAACCIBAAAA |             466.26
 AAAAAAAAAHKAAAAA | 480.20000000000005
 AAAAAAAAFLADAAAA |             485.76
 AAAAAAAAIDCEAAAA |             487.22
 AAAAAAAAEPNAAAAA |             489.46
 AAAAAAAACNGCAAAA |             509.01
 AAAAAAAAGNDBAAAA |             511.14
 AAAAAAAAENPCAAAA |             518.49
 AAAAAAAACCOBAAAA |             522.75
 AAAAAAAAEPMBAAAA |             529.87
 AAAAAAAACKBBAAAA |             550.22
 AAAAAAAACEHDAAAA |             557.31
 AAAAAAAAOKLDAAAA |             564.26
 AAAAAAAAEHMCAAAA |              569.7
 AAAAAAAAGGICAAAA |             570.48
 AAAAAAAAAHBCAAAA |              587.5
(100 rows)

UPDATE time_statistics SET e_time = TRANSACTION_TIMESTAMP() WHERE template = 'query56.tpl' AND stream = 1;
psql:/tmp/s1-basline/throughput/query_1.sql:4755: NOTICE:  duration: 0.065 ms  plan:
Query Text: UPDATE time_statistics SET e_time = TRANSACTION_TIMESTAMP() WHERE template = 'query56.tpl' AND stream = 1;
Update on time_statistics  (cost=0.00..10.30 rows=0 width=0) (actual time=0.064..0.064 rows=0 loops=1)
  ->  Seq Scan on time_statistics  (cost=0.00..10.30 rows=1 width=14) (actual time=0.019..0.050 rows=1 loops=1)
        Filter: ((template = 'query56.tpl'::text) AND (stream = 1))
        Rows Removed by Filter: 353
UPDATE 1
LOAD 'auto_explain'; SET auto_explain.log_min_duration TO 0; SET auto_explain.log_analyze TO on; SET auto_explain.log_level TO notice; INSERT INTO time_statistics (template, s_time, stream, query, seed) VALUES ('query42.tpl', TRANSACTION_TIMESTAMP(), 1, 97, 1966585606);
LOAD
SET
SET
SET
psql:/tmp/s1-basline/throughput/query_1.sql:4756: NOTICE:  duration: 0.011 ms  plan:
Query Text: INSERT INTO time_statistics (template, s_time, stream, query, seed) VALUES ('query42.tpl', TRANSACTION_TIMESTAMP(), 1, 97, 1966585606);
Insert on time_statistics  (cost=0.00..0.01 rows=0 width=0) (actual time=0.010..0.010 rows=0 loops=1)
  ->  Result  (cost=0.00..0.01 rows=1 width=64) (actual time=0.002..0.002 rows=1 loops=1)
INSERT 0 1
select  dt.d_year
 	,item.i_category_id
 	,item.i_category
 	,sum(ss_ext_sales_price)
 from 	date_dim dt
 	,store_sales
 	,item
 where dt.d_date_sk = store_sales.ss_sold_date_sk
 	and store_sales.ss_item_sk = item.i_item_sk
 	and item.i_manager_id = 1  	
 	and dt.d_moy=11
 	and dt.d_year=1998
 group by 	dt.d_year
 		,item.i_category_id
 		,item.i_category
 order by       sum(ss_ext_sales_price) desc,dt.d_year
 		,item.i_category_id
 		,item.i_category
limit 100 ;
psql:/tmp/s1-basline/throughput/query_1.sql:4775: NOTICE:  duration: 182.859 ms  plan:
Query Text: select  dt.d_year
 	,item.i_category_id
 	,item.i_category
 	,sum(ss_ext_sales_price)
 from 	date_dim dt
 	,store_sales
 	,item
 where dt.d_date_sk = store_sales.ss_sold_date_sk
 	and store_sales.ss_item_sk = item.i_item_sk
 	and item.i_manager_id = 1  	
 	and dt.d_moy=11
 	and dt.d_year=1998
 group by 	dt.d_year
 		,item.i_category_id
 		,item.i_category
 order by       sum(ss_ext_sales_price) desc,dt.d_year
 		,item.i_category_id
 		,item.i_category
limit 100 ;
Limit  (cost=41150.69..41150.73 rows=19 width=67) (actual time=182.841..182.845 rows=10 loops=1)
  ->  Sort  (cost=41150.69..41150.73 rows=19 width=67) (actual time=182.840..182.843 rows=10 loops=1)
        Sort Key: (sum(store_sales.ss_ext_sales_price)) DESC, item.i_category_id, item.i_category
        Sort Method: quicksort  Memory: 26kB
        ->  GroupAggregate  (cost=41149.85..41150.28 rows=19 width=67) (actual time=182.542..182.834 rows=10 loops=1)
              Group Key: dt.d_year, item.i_category_id, item.i_category
              ->  Sort  (cost=41149.85..41149.90 rows=19 width=67) (actual time=182.497..182.553 rows=1429 loops=1)
                    Sort Key: item.i_category_id, item.i_category
                    Sort Method: quicksort  Memory: 205kB
                    ->  Nested Loop  (cost=0.72..41149.45 rows=19 width=67) (actual time=4.305..182.116 rows=1429 loops=1)
                          ->  Nested Loop  (cost=0.43..40813.12 rows=1092 width=20) (actual time=4.160..49.460 rows=88819 loops=1)
                                ->  Seq Scan on date_dim dt  (cost=0.00..2500.73 rows=29 width=12) (actual time=4.148..8.897 rows=30 loops=1)
                                      Filter: ((d_moy = 11) AND (d_year = 1998))
                                      Rows Removed by Filter: 73019
                                ->  Index Scan using i_ss_sold_date_sk on store_sales  (cost=0.43..1306.04 rows=1508 width=24) (actual time=0.005..0.928 rows=2961 loops=30)
                                      Index Cond: (ss_sold_date_sk = dt.d_date_sk)
                          ->  Index Scan using pk_item on item  (cost=0.29..0.31 rows=1 width=63) (actual time=0.001..0.001 rows=0 loops=88819)
                                Index Cond: (i_item_sk = store_sales.ss_item_sk)
                                Filter: (i_manager_id = 1)
                                Rows Removed by Filter: 1
 d_year | i_category_id |                     i_category                     |        sum         
--------+---------------+----------------------------------------------------+--------------------
   1998 |             6 | Jewelry                                            | 399807.97000000003
   1998 |             8 | Sports                                             |  325588.0799999997
   1998 |             1 | Women                                              |           296219.1
   1998 |             2 | Men                                                | 284942.85999999987
   1998 |             3 | Children                                           | 268704.27999999997
   1998 |             4 | Shoes                                              | 259099.40000000005
   1998 |            10 | Electronics                                        |  241519.3699999999
   1998 |             5 | Music                                              | 210014.69999999998
   1998 |             9 | Books                                              | 181944.95999999993
   1998 |             7 | Home                                               |  160320.5000000001
(10 rows)

UPDATE time_statistics SET e_time = TRANSACTION_TIMESTAMP() WHERE template = 'query42.tpl' AND stream = 1;
psql:/tmp/s1-basline/throughput/query_1.sql:4777: NOTICE:  duration: 0.064 ms  plan:
Query Text: UPDATE time_statistics SET e_time = TRANSACTION_TIMESTAMP() WHERE template = 'query42.tpl' AND stream = 1;
Update on time_statistics  (cost=0.00..10.30 rows=0 width=0) (actual time=0.064..0.064 rows=0 loops=1)
  ->  Seq Scan on time_statistics  (cost=0.00..10.30 rows=1 width=14) (actual time=0.025..0.049 rows=1 loops=1)
        Filter: ((template = 'query42.tpl'::text) AND (stream = 1))
        Rows Removed by Filter: 354
UPDATE 1
LOAD 'auto_explain'; SET auto_explain.log_min_duration TO 0; SET auto_explain.log_analyze TO on; SET auto_explain.log_level TO notice; INSERT INTO time_statistics (template, s_time, stream, query, seed) VALUES ('query39.tpl', TRANSACTION_TIMESTAMP(), 1, 98, 1733938854);
LOAD
SET
SET
SET
psql:/tmp/s1-basline/throughput/query_1.sql:4778: NOTICE:  duration: 0.009 ms  plan:
Query Text: INSERT INTO time_statistics (template, s_time, stream, query, seed) VALUES ('query39.tpl', TRANSACTION_TIMESTAMP(), 1, 98, 1733938854);
Insert on time_statistics  (cost=0.00..0.01 rows=0 width=0) (actual time=0.009..0.009 rows=0 loops=1)
  ->  Result  (cost=0.00..0.01 rows=1 width=64) (actual time=0.002..0.002 rows=1 loops=1)
INSERT 0 1
with inv as
(select w_warehouse_name,w_warehouse_sk,i_item_sk,d_moy
       ,stdev,mean, case mean when 0 then null else stdev/mean end cov
 from(select w_warehouse_name,w_warehouse_sk,i_item_sk,d_moy
            ,stddev_samp(inv_quantity_on_hand) stdev,avg(inv_quantity_on_hand) mean
      from inventory
          ,item
          ,warehouse
          ,date_dim
      where inv_item_sk = i_item_sk
        and inv_warehouse_sk = w_warehouse_sk
        and inv_date_sk = d_date_sk
        and d_year =1998
      group by w_warehouse_name,w_warehouse_sk,i_item_sk,d_moy) foo
 where case mean when 0 then 0 else stdev/mean end > 1)
select inv1.w_warehouse_sk,inv1.i_item_sk,inv1.d_moy,inv1.mean, inv1.cov
        ,inv2.w_warehouse_sk,inv2.i_item_sk,inv2.d_moy,inv2.mean, inv2.cov
from inv inv1,inv inv2
where inv1.i_item_sk = inv2.i_item_sk
  and inv1.w_warehouse_sk =  inv2.w_warehouse_sk
  and inv1.d_moy=3
  and inv2.d_moy=3+1
order by inv1.w_warehouse_sk,inv1.i_item_sk,inv1.d_moy,inv1.mean,inv1.cov
        ,inv2.d_moy,inv2.mean, inv2.cov
;
psql:/tmp/s1-basline/throughput/query_1.sql:4803: NOTICE:  duration: 2441.586 ms  plan:
Query Text: with inv as
(select w_warehouse_name,w_warehouse_sk,i_item_sk,d_moy
       ,stdev,mean, case mean when 0 then null else stdev/mean end cov
 from(select w_warehouse_name,w_warehouse_sk,i_item_sk,d_moy
            ,stddev_samp(inv_quantity_on_hand) stdev,avg(inv_quantity_on_hand) mean
      from inventory
          ,item
          ,warehouse
          ,date_dim
      where inv_item_sk = i_item_sk
        and inv_warehouse_sk = w_warehouse_sk
        and inv_date_sk = d_date_sk
        and d_year =1998
      group by w_warehouse_name,w_warehouse_sk,i_item_sk,d_moy) foo
 where case mean when 0 then 0 else stdev/mean end > 1)
select inv1.w_warehouse_sk,inv1.i_item_sk,inv1.d_moy,inv1.mean, inv1.cov
        ,inv2.w_warehouse_sk,inv2.i_item_sk,inv2.d_moy,inv2.mean, inv2.cov
from inv inv1,inv inv2
where inv1.i_item_sk = inv2.i_item_sk
  and inv1.w_warehouse_sk =  inv2.w_warehouse_sk
  and inv1.d_moy=3
  and inv2.d_moy=3+1
order by inv1.w_warehouse_sk,inv1.i_item_sk,inv1.d_moy,inv1.mean,inv1.cov
        ,inv2.d_moy,inv2.mean, inv2.cov
;
Sort  (cost=147062.02..147062.03 rows=1 width=168) (actual time=2441.272..2441.435 rows=166 loops=1)
  Sort Key: inv1.w_warehouse_sk, inv1.i_item_sk, inv1.mean, inv1.cov, inv2.mean, inv2.cov
  Sort Method: quicksort  Memory: 44kB
  CTE inv
    ->  Subquery Scan on foo  (cost=144577.10..146182.16 rows=19455 width=130) (actual time=1098.087..2423.148 rows=32474 loops=1)
          ->  HashAggregate  (cost=144577.10..145890.34 rows=19455 width=98) (actual time=1098.085..2413.703 rows=32474 loops=1)
                Group Key: warehouse.w_warehouse_name, warehouse.w_warehouse_sk, item.i_item_sk, date_dim.d_moy
                Filter: (CASE avg(inventory.inv_quantity_on_hand) WHEN '0'::numeric THEN '0'::numeric ELSE (stddev_samp(inventory.inv_quantity_on_hand) / avg(inventory.inv_quantity_on_hand)) END > '1'::numeric)
                Batches: 21  Memory Usage: 32825kB  Disk Usage: 121616kB
                Rows Removed by Filter: 507526
                ->  Gather  (cost=3870.75..143701.61 rows=58366 width=38) (actual time=12.383..362.056 rows=2385000 loops=1)
                      Workers Planned: 3
                      Workers Launched: 3
                      ->  Hash Join  (cost=2870.75..136865.01 rows=18828 width=38) (actual time=19.347..744.576 rows=596250 loops=4)
                            Hash Cond: (inventory.inv_warehouse_sk = warehouse.w_warehouse_sk)
                            ->  Hash Join  (cost=2869.64..136772.58 rows=18828 width=24) (actual time=19.121..604.622 rows=596250 loops=4)
                                  Hash Cond: (inventory.inv_item_sk = item.i_item_sk)
                                  ->  Hash Join  (cost=2322.65..136176.16 rows=18828 width=24) (actual time=14.706..507.531 rows=596250 loops=4)
                                        Hash Cond: (inventory.inv_date_sk = date_dim.d_date_sk)
                                        ->  Parallel Seq Scan on inventory  (cost=0.00..123907.26 rows=3788826 width=28) (actual time=0.019..205.044 rows=2936250 loops=4)
                                        ->  Hash  (cost=2318.11..2318.11 rows=363 width=12) (actual time=14.673..14.673 rows=365 loops=4)
                                              Buckets: 1024  Batches: 1  Memory Usage: 26kB
                                              ->  Seq Scan on date_dim  (cost=0.00..2318.11 rows=363 width=12) (actual time=6.801..14.616 rows=365 loops=4)
                                                    Filter: (d_year = 1998)
                                                    Rows Removed by Filter: 72684
                                  ->  Hash  (cost=321.99..321.99 rows=18000 width=8) (actual time=4.302..4.303 rows=18000 loops=4)
                                        Buckets: 32768  Batches: 1  Memory Usage: 960kB
                                        ->  Index Only Scan using pk_item on item  (cost=0.29..321.99 rows=18000 width=8) (actual time=0.077..2.086 rows=18000 loops=4)
                                              Heap Fetches: 0
                            ->  Hash  (cost=1.05..1.05 rows=5 width=22) (actual time=0.029..0.030 rows=5 loops=4)
                                  Buckets: 1024  Batches: 1  Memory Usage: 9kB
                                  ->  Seq Scan on warehouse  (cost=0.00..1.05 rows=5 width=22) (actual time=0.024..0.025 rows=5 loops=4)
  ->  Hash Join  (cost=439.19..879.85 rows=1 width=168) (actual time=2438.199..2441.202 rows=166 loops=1)
        Hash Cond: ((inv1.i_item_sk = inv2.i_item_sk) AND (inv1.w_warehouse_sk = inv2.w_warehouse_sk))
        ->  CTE Scan on inv inv1  (cost=0.00..437.74 rows=97 width=84) (actual time=1098.228..1100.955 rows=3143 loops=1)
              Filter: (d_moy = 3)
              Rows Removed by Filter: 29331
        ->  Hash  (cost=437.74..437.74 rows=97 width=84) (actual time=1339.925..1339.925 rows=2097 loops=1)
              Buckets: 4096 (originally 1024)  Batches: 1 (originally 1)  Memory Usage: 179kB
              ->  CTE Scan on inv inv2  (cost=0.00..437.74 rows=97 width=84) (actual time=2.765..1339.448 rows=2097 loops=1)
                    Filter: (d_moy = 4)
                    Rows Removed by Filter: 30377
 w_warehouse_sk | i_item_sk | d_moy |         mean         |          cov           | w_warehouse_sk | i_item_sk | d_moy |         mean         |          cov           
----------------+-----------+-------+----------------------+------------------------+----------------+-----------+-------+----------------------+------------------------
              1 |      1111 |     3 | 199.7500000000000000 |     1.1147770155463680 |              1 |      1111 |     4 | 203.6000000000000000 |     1.2677501391649411
              1 |      1693 |     3 | 159.7500000000000000 |     1.1227003296073740 |              1 |      1693 |     4 | 311.0000000000000000 |     1.1936697254058296
              1 |      3769 |     3 | 311.2500000000000000 |     1.0469636374164016 |              1 |      3769 |     4 | 295.2000000000000000 |     1.2434865847843835
              1 |      4405 |     3 | 424.0000000000000000 |     1.1687671275466321 |              1 |      4405 |     4 | 193.0000000000000000 |     1.1769149957680570
              1 |      4862 |     3 | 340.6666666666666667 |     1.0413478352651977 |              1 |      4862 |     4 | 272.2000000000000000 |     1.2809037986430088
              1 |      5276 |     3 | 291.2500000000000000 |     1.2427172830976824 |              1 |      5276 |     4 | 451.2000000000000000 |     1.0871472642563763
              1 |      5581 |     3 | 469.5000000000000000 |     1.0241693624656315 |              1 |      5581 |     4 | 303.0000000000000000 |     1.2962568763848845
              1 |      5905 |     3 | 326.5000000000000000 |     1.0325923872712037 |              1 |      5905 |     4 | 234.2000000000000000 |     1.0941431130129974
              1 |      6254 |     3 | 416.0000000000000000 |     1.2292941130063990 |              1 |      6254 |     4 | 248.5000000000000000 |     1.4854473660329175
              1 |      6271 |     3 | 295.0000000000000000 |     1.3566650561915356 |              1 |      6271 |     4 | 290.7500000000000000 |     1.0242904246805159
              1 |      6446 |     3 | 333.3333333333333333 |     1.3949333317402650 |              1 |      6446 |     4 | 362.3333333333333333 |     1.1438080474270046
              1 |      6758 |     3 | 209.0000000000000000 |     1.1974028757349043 |              1 |      6758 |     4 | 355.2000000000000000 |     1.2396076625853238
              1 |      8290 |     3 | 320.7500000000000000 |     1.0881876006562369 |              1 |      8290 |     4 | 303.6000000000000000 |     1.2189148955149078
              1 |     10570 |     3 | 195.3333333333333333 |     1.2916285192921945 |              1 |     10570 |     4 | 293.6000000000000000 |     1.3466942380299149
              1 |     11888 |     3 | 369.2500000000000000 |     1.0066740259494353 |              1 |     11888 |     4 | 360.0000000000000000 |     1.0141209780024722
              1 |     12812 |     3 | 375.2500000000000000 |     1.0960084674753551 |              1 |     12812 |     4 | 453.4000000000000000 |     1.0264812448817865
              1 |     12937 |     3 | 356.5000000000000000 | 1.00090739347581767181 |              1 |     12937 |     4 | 359.0000000000000000 |     1.1196610896205209
              1 |     13153 |     3 | 376.2500000000000000 | 1.00087620689684252492 |              1 |     13153 |     4 | 353.0000000000000000 |     1.0820268974210822
              1 |     13300 |     3 | 360.0000000000000000 |     1.0113222205335222 |              1 |     13300 |     4 | 328.5000000000000000 |     1.0524876615734094
              1 |     14596 |     3 | 488.0000000000000000 |     1.0374763428884590 |              1 |     14596 |     4 | 314.2000000000000000 |     1.1637134186870719
              1 |     14858 |     3 | 305.5000000000000000 |     1.0563334861748609 |              1 |     14858 |     4 | 321.2000000000000000 |     1.0029242079772540
              1 |     15067 |     3 | 344.6666666666666667 |     1.3931162581508646 |              1 |     15067 |     4 | 343.0000000000000000 |     1.0393780231176064
              1 |     15266 |     3 | 293.3333333333333333 |     1.5261321329393727 |              1 |     15266 |     4 | 156.8000000000000000 |     1.2433640495547194
              1 |     15608 |     3 | 226.7500000000000000 |     1.3420048760840617 |              1 |     15608 |     4 | 278.6000000000000000 |     1.1668854774346411
              1 |     15782 |     3 | 132.0000000000000000 |     1.4556104056005379 |              1 |     15782 |     4 | 419.6000000000000000 |     1.1795464081119233
              1 |     17107 |     3 | 428.0000000000000000 | 1.00183435855773130841 |              1 |     17107 |     4 | 285.0000000000000000 |     1.2953191292729789
              1 |     17992 |     3 | 305.7500000000000000 |     1.4796082619637678 |              1 |     17992 |     4 | 372.0000000000000000 |     1.0208932801103629
              2 |       175 |     3 | 297.2500000000000000 |     1.0667921024775071 |              2 |       175 |     4 | 247.6000000000000000 |     1.0375895867625687
              2 |      2122 |     3 | 402.0000000000000000 |     1.1648362449167189 |              2 |      2122 |     4 | 215.6666666666666667 |     1.4308095255372612
              2 |      2656 |     3 | 242.2500000000000000 |     1.1942238902423282 |              2 |      2656 |     4 | 284.6000000000000000 |     1.1356020997291321
              2 |      2995 |     3 | 352.2500000000000000 |     1.1714355108060440 |              2 |      2995 |     4 | 205.0000000000000000 | 1.00080475253012682927
              2 |      4327 |     3 | 323.5000000000000000 |     1.2093798187321329 |              2 |      4327 |     4 | 420.0000000000000000 |     1.0130064031333238
              2 |      4363 |     3 | 267.0000000000000000 |     1.5459138936058614 |              2 |      4363 |     4 | 185.0000000000000000 |     1.4068322625148649
              2 |      5362 |     3 | 402.0000000000000000 |     1.0247035309316567 |              2 |      5362 |     4 | 349.0000000000000000 |     1.0314091791667851
              2 |      5413 |     3 | 156.0000000000000000 |     1.1117498985605449 |              2 |      5413 |     4 | 369.8000000000000000 |     1.0168078912621796
              2 |      6055 |     3 | 179.0000000000000000 |     1.0593137327078547 |              2 |      6055 |     4 | 351.3333333333333333 |     1.0724068024285560
              2 |      6248 |     3 | 410.0000000000000000 | 1.00196713122948780488 |              2 |      6248 |     4 | 249.8000000000000000 |     1.3001764696647798
              2 |      6260 |     3 | 415.0000000000000000 |     1.2038719166975518 |              2 |      6260 |     4 | 269.0000000000000000 |     1.0624103466500558
              2 |      6662 |     3 | 388.0000000000000000 |     1.0268971893677784 |              2 |      6662 |     4 | 272.6000000000000000 |     1.3124866959244791
              2 |      6691 |     3 | 440.5000000000000000 |     1.0220547871967015 |              2 |      6691 |     4 | 411.4000000000000000 |     1.0435802015182158
              2 |      6856 |     3 | 271.2500000000000000 |     1.1645777962453530 |              2 |      6856 |     4 | 432.6000000000000000 |     1.0920496559709686
              2 |      7627 |     3 | 261.3333333333333333 |     1.4708485510836620 |              2 |      7627 |     4 | 244.4000000000000000 |     1.0733693523306137
              2 |      7648 |     3 | 158.0000000000000000 |     1.4360674417185000 |              2 |      7648 |     4 | 354.6000000000000000 |     1.0241558507518472
              2 |      8845 |     3 | 254.0000000000000000 |     1.6305772957957677 |              2 |      8845 |     4 | 291.6666666666666667 |     1.2362856812704286
              2 |      9088 |     3 | 343.7500000000000000 |     1.0801894334426764 |              2 |      9088 |     4 | 221.2000000000000000 |     1.1718081995251899
              2 |      9331 |     3 | 356.0000000000000000 |     1.3217538359613062 |              2 |      9331 |     4 | 326.6000000000000000 |     1.0733378319741182
              2 |     10972 |     3 | 256.5000000000000000 |     1.0215144139872320 |              2 |     10972 |     4 | 385.3333333333333333 |     1.2831341443359394
              2 |     11233 |     3 | 441.0000000000000000 |     1.0173600227912426 |              2 |     11233 |     4 | 330.0000000000000000 |     1.3569172284486364
              2 |     12404 |     3 | 327.0000000000000000 |     1.2649785886983609 |              2 |     12404 |     4 | 322.8000000000000000 |     1.1104455076557776
              2 |     12721 |     3 | 112.3333333333333333 |     1.5655090051399585 |              2 |     12721 |     4 | 400.0000000000000000 |     1.0083546829695725
              2 |     12757 |     3 | 342.0000000000000000 |     1.2321361262749737 |              2 |     12757 |     4 | 321.2500000000000000 |     1.1543655254009276
              2 |     13687 |     3 | 407.0000000000000000 |     1.0440342840740835 |              2 |     13687 |     4 | 349.6000000000000000 |     1.0403381388899514
              2 |     13888 |     3 | 458.5000000000000000 |     1.0369644702018386 |              2 |     13888 |     4 | 409.0000000000000000 |     1.1158456519345232
              2 |     14365 |     3 | 485.0000000000000000 |     1.1401185626554227 |              2 |     14365 |     4 | 357.8000000000000000 | 1.00028452256803242035
              2 |     14554 |     3 | 301.5000000000000000 |     1.0295849981455854 |              2 |     14554 |     4 | 252.6000000000000000 |     1.1450139781943072
              2 |     15883 |     3 | 219.7500000000000000 |     1.1768530160719863 |              2 |     15883 |     4 | 397.0000000000000000 |     1.0459134720530605
              2 |     15892 |     3 | 371.2500000000000000 |     1.0338906018670411 |              2 |     15892 |     4 | 226.2000000000000000 |     1.0083036075905305
              2 |     15902 |     3 | 359.5000000000000000 |     1.0602894672484506 |              2 |     15902 |     4 | 301.0000000000000000 |     1.1342875806344286
              2 |     15904 |     3 | 370.7500000000000000 |     1.1623955170641915 |              2 |     15904 |     4 | 300.8000000000000000 |     1.1178332993900366
              2 |     16714 |     3 | 256.7500000000000000 |     1.0297284196821032 |              2 |     16714 |     4 | 373.2500000000000000 |     1.0459160389416906
              2 |     17750 |     3 | 334.3333333333333333 |     1.2271827821141665 |              2 |     17750 |     4 | 314.2000000000000000 |     1.2084936478052960
              3 |       313 |     3 | 180.0000000000000000 |     1.2333917236761889 |              3 |       313 |     4 | 244.0000000000000000 |     1.3152226179633893
              3 |       844 |     3 | 405.7500000000000000 |     1.0178121986895182 |              3 |       844 |     4 | 358.0000000000000000 |     1.0154831908605782
              3 |      1112 |     3 | 121.2500000000000000 |     1.4272946736323381 |              3 |      1112 |     4 | 320.6000000000000000 |     1.0745570034738366
              3 |      3196 |     3 | 339.2500000000000000 |     1.1952594830140781 |              3 |      3196 |     4 | 241.2000000000000000 |     1.4424864111908458
              3 |      3302 |     3 | 375.2500000000000000 |     1.0833258888210899 |              3 |      3302 |     4 | 233.2000000000000000 |     1.1541314587118825
              3 |      4417 |     3 | 189.2500000000000000 |     1.2629230844008719 |              3 |      4417 |     4 | 222.5000000000000000 |     1.1603080880675371
              3 |      4564 |     3 | 271.5000000000000000 |     1.0489135619577864 |              3 |      4564 |     4 | 443.6000000000000000 |     1.0420575898128359
              3 |      5449 |     3 | 350.5000000000000000 |     1.2394193062643652 |              3 |      5449 |     4 | 406.0000000000000000 |     1.0054833607411823
              3 |      5953 |     3 | 265.7500000000000000 |     1.5197114678828786 |              3 |      5953 |     4 | 258.4000000000000000 |     1.0283404187855534
              3 |      6403 |     3 | 237.7500000000000000 |     1.1974972208059558 |              3 |      6403 |     4 | 341.4000000000000000 |     1.0405795339765231
              3 |      6416 |     3 | 180.0000000000000000 |     1.3749298523071778 |              3 |      6416 |     4 | 239.6000000000000000 |     1.4765502074256511
              3 |      6949 |     3 | 388.5000000000000000 |     1.0889896829299511 |              3 |      6949 |     4 | 277.0000000000000000 |     1.0254487057656751
              3 |      7549 |     3 | 361.2500000000000000 |     1.1751864896607253 |              3 |      7549 |     4 | 362.0000000000000000 |     1.0868565617787790
              3 |      7960 |     3 | 342.5000000000000000 |     1.3398899298980117 |              3 |      7960 |     4 | 204.5000000000000000 |     1.0904426193153007
              3 |      8047 |     3 | 369.2500000000000000 |     1.0696990986341693 |              3 |      8047 |     4 | 371.0000000000000000 |     1.0843706303235445
              3 |      8306 |     3 | 323.5000000000000000 |     1.2026027379833539 |              3 |      8306 |     4 | 354.8000000000000000 |     1.0087738958576663
              3 |      8516 |     3 | 417.3333333333333333 |     1.1938327162631597 |              3 |      8516 |     4 | 333.0000000000000000 |     1.1126980523999640
              3 |      9682 |     3 | 367.7500000000000000 |     1.0679683441338355 |              3 |      9682 |     4 | 406.8000000000000000 |     1.0966241732812045
              3 |     10790 |     3 | 283.0000000000000000 |     1.1666023019711131 |              3 |     10790 |     4 | 436.7500000000000000 |     1.0372872964836428
              3 |     11149 |     3 | 431.6666666666666667 |     1.1575626989655220 |              3 |     11149 |     4 | 350.3333333333333333 |     1.2513789005255252
              3 |     11666 |     3 | 327.0000000000000000 |     1.1942277791906208 |              3 |     11666 |     4 | 364.6000000000000000 |     1.2182848943226358
              3 |     11708 |     3 | 293.5000000000000000 |     1.2478144192605724 |              3 |     11708 |     4 | 336.8000000000000000 |     1.1330035554004780
              3 |     13378 |     3 | 377.2500000000000000 |     1.0734711039418820 |              3 |     13378 |     4 | 135.2500000000000000 |     1.3036355870046802
              3 |     13714 |     3 | 383.0000000000000000 |     1.0449672014401723 |              3 |     13714 |     4 | 303.8000000000000000 |     1.1277801650742923
              3 |     13898 |     3 | 396.5000000000000000 |     1.0179922069078260 |              3 |     13898 |     4 | 344.2000000000000000 |     1.0558720189212464
              3 |     14368 |     3 | 283.0000000000000000 |     1.1460136275520071 |              3 |     14368 |     4 | 277.0000000000000000 |     1.2741005981262708
              3 |     14755 |     3 | 241.3333333333333333 |     1.0120370371792583 |              3 |     14755 |     4 | 159.2000000000000000 |     1.3134781086106658
              3 |     14995 |     3 | 286.6666666666666667 |     1.2564597822548930 |              3 |     14995 |     4 | 239.5000000000000000 |     1.0110564774656701
              3 |     15679 |     3 | 224.3333333333333333 |     1.0909354593630446 |              3 |     15679 |     4 | 297.2000000000000000 |     1.0336904195908042
              3 |     15766 |     3 | 324.5000000000000000 |     1.2697465814711556 |              3 |     15766 |     4 | 394.8000000000000000 |     1.0059797332060740
              3 |     15788 |     3 | 387.7500000000000000 |     1.0504938825983959 |              3 |     15788 |     4 | 128.0000000000000000 |     1.0632608718657109
              3 |     16108 |     3 | 353.2500000000000000 |     1.1074146315662279 |              3 |     16108 |     4 | 281.8000000000000000 |     1.3185780525053478
              3 |     16234 |     3 | 312.2500000000000000 |     1.2009689529122434 |              3 |     16234 |     4 | 328.3333333333333333 |     1.1174483288302203
              3 |     16567 |     3 | 296.2500000000000000 |     1.2907626561665215 |              3 |     16567 |     4 | 394.4000000000000000 |     1.1011073911682556
              3 |     16846 |     3 | 326.5000000000000000 |     1.3495009931960092 |              3 |     16846 |     4 | 292.6000000000000000 |     1.3327913286804101
              3 |     16990 |     3 | 408.6666666666666667 |     1.1878234985984755 |              3 |     16990 |     4 | 400.7500000000000000 |     1.0171964784258740
              3 |     17084 |     3 | 370.5000000000000000 |     1.1818462364149852 |              3 |     17084 |     4 | 320.0000000000000000 |     1.1095642444221063
              4 |        19 |     3 | 329.3333333333333333 |     1.1012071326254818 |              4 |        19 |     4 | 345.2500000000000000 |     1.0148867894014772
              4 |       517 |     3 | 417.5000000000000000 |     1.0647642805876072 |              4 |       517 |     4 | 311.0000000000000000 | 1.00222042337440514469
              4 |       631 |     3 | 345.5000000000000000 |     1.1704691232602229 |              4 |       631 |     4 | 320.6000000000000000 |     1.0733340090205833
              4 |       662 |     3 | 322.6666666666666667 |     1.0015670351264845 |              4 |       662 |     4 | 310.0000000000000000 |     1.0696795595137935
              4 |       829 |     3 | 311.7500000000000000 |     1.2411302812103031 |              4 |       829 |     4 | 287.0000000000000000 |     1.1764041826432300
              4 |      1216 |     3 | 179.5000000000000000 |     1.0213944451132368 |              4 |      1216 |     4 | 262.4000000000000000 | 1.00061372150155868902
              4 |      2050 |     3 | 436.0000000000000000 |     1.0754459734209472 |              4 |      2050 |     4 | 369.0000000000000000 |     1.1521344844872358
              4 |      2122 |     3 | 362.7500000000000000 |     1.0010381389596527 |              4 |      2122 |     4 | 210.6000000000000000 |     1.0108418868226781
              4 |      2776 |     3 | 160.2500000000000000 |     1.5497558665857348 |              4 |      2776 |     4 | 448.8000000000000000 |     1.0065203993306974
              4 |      2840 |     3 | 353.6666666666666667 |     1.2702159758757059 |              4 |      2840 |     4 | 344.2000000000000000 |     1.1470486155886665
              4 |      2851 |     3 | 278.5000000000000000 |     1.3195955818334686 |              4 |      2851 |     4 | 238.7500000000000000 |     1.2018114485761843
              4 |      3055 |     3 | 381.2500000000000000 |     1.0138677591381430 |              4 |      3055 |     4 | 295.4000000000000000 |     1.0686925526880061
              4 |      3278 |     3 | 220.7500000000000000 |     1.2055356549671166 |              4 |      3278 |     4 | 382.4000000000000000 |     1.0603629671776203
              4 |      4090 |     3 | 346.0000000000000000 |     1.1985964148252717 |              4 |      4090 |     4 | 291.0000000000000000 |     1.2704021642502646
              4 |      4237 |     3 | 380.2500000000000000 |     1.0903725919317949 |              4 |      4237 |     4 | 220.0000000000000000 |     1.4665602265408773
              4 |      5330 |     3 | 310.7500000000000000 |     1.0559861804138954 |              4 |      5330 |     4 | 439.6000000000000000 |     1.0889316882076956
              4 |      5552 |     3 | 373.2500000000000000 |     1.0995118543722384 |              4 |      5552 |     4 | 365.0000000000000000 |     1.0548976999882110
              4 |      7120 |     3 | 405.5000000000000000 |     1.0151782753437953 |              4 |      7120 |     4 | 387.5000000000000000 |     1.1131259244224026
              4 |      7579 |     3 |  79.7500000000000000 |     1.0706327376731051 |              4 |      7579 |     4 | 338.8000000000000000 |     1.0285603735868949
              4 |      7597 |     3 | 295.0000000000000000 |     1.4824027639648881 |              4 |      7597 |     4 | 177.8000000000000000 |     1.0698027870788695
              4 |      7621 |     3 | 307.0000000000000000 |     1.3346333323054593 |              4 |      7621 |     4 | 224.8000000000000000 |     1.2219071546732429
              4 |      9241 |     3 | 312.7500000000000000 |     1.0430308029293653 |              4 |      9241 |     4 | 333.8000000000000000 |     1.1612282265998113
              4 |      9715 |     3 | 123.5000000000000000 |     1.2424467329350688 |              4 |      9715 |     4 | 287.0000000000000000 |     1.1143109184874983
              4 |     10285 |     3 | 266.7500000000000000 |     1.0240885288320975 |              4 |     10285 |     4 | 254.6000000000000000 |     1.1779869917369599
              4 |     10382 |     3 | 138.2500000000000000 |     1.5910172872114141 |              4 |     10382 |     4 | 357.6000000000000000 |     1.0898089082269938
              4 |     10772 |     3 | 381.3333333333333333 |     1.0578371426004336 |              4 |     10772 |     4 | 258.0000000000000000 |     1.0535757845442442
              4 |     11056 |     3 | 338.0000000000000000 |     1.0352887916029053 |              4 |     11056 |     4 | 355.2500000000000000 |     1.0478114814954229
              4 |     12992 |     3 | 240.2500000000000000 |     1.2399991749665265 |              4 |     12992 |     4 | 311.7500000000000000 |     1.3615193855880449
              4 |     13012 |     3 | 395.2500000000000000 |     1.0860903291428033 |              4 |     13012 |     4 | 304.8000000000000000 |     1.1401175906763189
              4 |     13550 |     3 | 151.0000000000000000 |     1.3392883405255166 |              4 |     13550 |     4 | 318.8000000000000000 |     1.1199657942003450
              4 |     14434 |     3 | 220.2500000000000000 |     1.1427804962720772 |              4 |     14434 |     4 | 416.0000000000000000 |     1.0258876406231971
              4 |     14887 |     3 | 454.2500000000000000 |     1.0620809169030182 |              4 |     14887 |     4 | 387.0000000000000000 |     1.0296906354431266
              4 |     15481 |     3 | 358.6666666666666667 |     1.2529242615165000 |              4 |     15481 |     4 | 282.4000000000000000 |     1.2849170654614554
              4 |     15823 |     3 | 179.0000000000000000 |     1.0241459266438547 |              4 |     15823 |     4 | 335.8000000000000000 |     1.0900024225629690
              4 |     16033 |     3 | 267.5000000000000000 |     1.2115091369979888 |              4 |     16033 |     4 | 234.8000000000000000 |     1.2597672062167078
              4 |     16249 |     3 | 343.5000000000000000 |     1.2861665775891528 |              4 |     16249 |     4 | 321.6000000000000000 |     1.0823231827332743
              4 |     17924 |     3 | 378.0000000000000000 |     1.1140739032019286 |              4 |     17924 |     4 | 425.4000000000000000 |     1.0751154907162153
              5 |      1036 |     3 | 412.3333333333333333 |     1.1421672815994907 |              5 |      1036 |     4 | 267.0000000000000000 |     1.0920927022386592
              5 |      2386 |     3 | 258.2500000000000000 |     1.0841855662029119 |              5 |      2386 |     4 | 297.4000000000000000 |     1.0652668236925824
              5 |      3082 |     3 | 317.0000000000000000 |     1.1138550662000126 |              5 |      3082 |     4 | 313.7500000000000000 |     1.0350091538284845
              5 |      3103 |     3 | 343.7500000000000000 |     1.1433563081484800 |              5 |      3103 |     4 | 216.0000000000000000 |     1.5037485549474769
              5 |      3248 |     3 | 266.7500000000000000 |     1.2489896932121087 |              5 |      3248 |     4 | 387.0000000000000000 | 1.00041277283287338501
              5 |      3704 |     3 | 349.5000000000000000 |     1.1241795445678541 |              5 |      3704 |     4 | 352.7500000000000000 |     1.0275122316885755
              5 |      3838 |     3 | 288.6666666666666667 |     1.2546172105898453 |              5 |      3838 |     4 | 175.0000000000000000 |     1.4713962086131257
              5 |      4357 |     3 | 384.0000000000000000 |     1.0589857972098255 |              5 |      4357 |     4 | 300.8000000000000000 |     1.0152954923044016
              5 |      4816 |     3 | 338.2500000000000000 |     1.3077963796396305 |              5 |      4816 |     4 | 252.2000000000000000 |     1.2136188108389532
              5 |      5924 |     3 | 334.7500000000000000 |     1.0928726033720239 |              5 |      5924 |     4 | 240.3333333333333333 |     1.1514262054135090
              5 |      6038 |     3 |  74.2500000000000000 |     1.0248308720328356 |              5 |      6038 |     4 | 308.2000000000000000 |     1.0511913033379818
              5 |      6181 |     3 | 412.5000000000000000 |     1.1982245819379321 |              5 |      6181 |     4 | 404.2500000000000000 |     1.0978312523392356
              5 |      6229 |     3 | 209.3333333333333333 |     1.1243312480785605 |              5 |      6229 |     4 | 310.7500000000000000 |     1.1609829058843701
              5 |      7033 |     3 | 327.0000000000000000 |     1.3551127810294434 |              5 |      7033 |     4 | 312.4000000000000000 |     1.2377384670809123
              5 |      7724 |     3 | 364.0000000000000000 |     1.0243704518807995 |              5 |      7724 |     4 | 366.4000000000000000 |     1.1411897297574918
              5 |      9481 |     3 | 260.6666666666666667 |     1.1764010876835729 |              5 |      9481 |     4 | 391.8000000000000000 |     1.1451418580655590
              5 |     10808 |     3 | 322.7500000000000000 |     1.1828764799875786 |              5 |     10808 |     4 | 152.4000000000000000 |     1.4290504037969882
              5 |     11245 |     3 | 255.2500000000000000 |     1.0356809190439021 |              5 |     11245 |     4 | 298.6000000000000000 |     1.3033026118066510
              5 |     12850 |     3 | 427.0000000000000000 |     1.0248642434799204 |              5 |     12850 |     4 | 311.2500000000000000 |     1.3856775829681189
              5 |     12908 |     3 | 349.5000000000000000 |     1.1854048822744235 |              5 |     12908 |     4 | 333.2500000000000000 |     1.1143720585730773
              5 |     13051 |     3 | 285.7500000000000000 |     1.3964624968660227 |              5 |     13051 |     4 | 189.2500000000000000 |     1.2812576268187424
              5 |     13135 |     3 | 207.0000000000000000 |     1.1881701192018406 |              5 |     13135 |     4 | 309.8000000000000000 |     1.1108380175006714
              5 |     13177 |     3 | 448.6666666666666667 |     1.0679132352521902 |              5 |     13177 |     4 | 415.0000000000000000 |     1.2280672715285687
              5 |     14798 |     3 | 423.5000000000000000 |     1.0347783502909540 |              5 |     14798 |     4 | 415.4000000000000000 |     1.0952260978276023
              5 |     15016 |     3 | 274.0000000000000000 |     1.1641706501997518 |              5 |     15016 |     4 | 358.4000000000000000 |     1.0522906112772991
              5 |     15208 |     3 | 190.2500000000000000 |     1.0600018823783233 |              5 |     15208 |     4 | 355.4000000000000000 |     1.0838775254862662
              5 |     16468 |     3 | 262.0000000000000000 |     1.1963015768826069 |              5 |     16468 |     4 | 444.8000000000000000 |     1.0969764818620549
              5 |     17590 |     3 | 299.2500000000000000 |     1.4871132249581287 |              5 |     17590 |     4 | 276.4000000000000000 |     1.3045353504204486
              5 |     17653 |     3 | 379.5000000000000000 |     1.1294290456686219 |              5 |     17653 |     4 | 422.7500000000000000 |     1.0114461966874039
              5 |     17767 |     3 | 178.0000000000000000 |     1.1141598188802753 |              5 |     17767 |     4 | 377.4000000000000000 |     1.1670087677214891
              5 |     17911 |     3 | 214.0000000000000000 |     1.2844603589972196 |              5 |     17911 |     4 | 259.6000000000000000 |     1.0242209486673767
(166 rows)

with inv as
(select w_warehouse_name,w_warehouse_sk,i_item_sk,d_moy
       ,stdev,mean, case mean when 0 then null else stdev/mean end cov
 from(select w_warehouse_name,w_warehouse_sk,i_item_sk,d_moy
            ,stddev_samp(inv_quantity_on_hand) stdev,avg(inv_quantity_on_hand) mean
      from inventory
          ,item
          ,warehouse
          ,date_dim
      where inv_item_sk = i_item_sk
        and inv_warehouse_sk = w_warehouse_sk
        and inv_date_sk = d_date_sk
        and d_year =1998
      group by w_warehouse_name,w_warehouse_sk,i_item_sk,d_moy) foo
 where case mean when 0 then 0 else stdev/mean end > 1)
select inv1.w_warehouse_sk,inv1.i_item_sk,inv1.d_moy,inv1.mean, inv1.cov
        ,inv2.w_warehouse_sk,inv2.i_item_sk,inv2.d_moy,inv2.mean, inv2.cov
from inv inv1,inv inv2
where inv1.i_item_sk = inv2.i_item_sk
  and inv1.w_warehouse_sk =  inv2.w_warehouse_sk
  and inv1.d_moy=3
  and inv2.d_moy=3+1
  and inv1.cov > 1.5
order by inv1.w_warehouse_sk,inv1.i_item_sk,inv1.d_moy,inv1.mean,inv1.cov
        ,inv2.d_moy,inv2.mean, inv2.cov
;
psql:/tmp/s1-basline/throughput/query_1.sql:4829: NOTICE:  duration: 2452.502 ms  plan:
Query Text: with inv as
(select w_warehouse_name,w_warehouse_sk,i_item_sk,d_moy
       ,stdev,mean, case mean when 0 then null else stdev/mean end cov
 from(select w_warehouse_name,w_warehouse_sk,i_item_sk,d_moy
            ,stddev_samp(inv_quantity_on_hand) stdev,avg(inv_quantity_on_hand) mean
      from inventory
          ,item
          ,warehouse
          ,date_dim
      where inv_item_sk = i_item_sk
        and inv_warehouse_sk = w_warehouse_sk
        and inv_date_sk = d_date_sk
        and d_year =1998
      group by w_warehouse_name,w_warehouse_sk,i_item_sk,d_moy) foo
 where case mean when 0 then 0 else stdev/mean end > 1)
select inv1.w_warehouse_sk,inv1.i_item_sk,inv1.d_moy,inv1.mean, inv1.cov
        ,inv2.w_warehouse_sk,inv2.i_item_sk,inv2.d_moy,inv2.mean, inv2.cov
from inv inv1,inv inv2
where inv1.i_item_sk = inv2.i_item_sk
  and inv1.w_warehouse_sk =  inv2.w_warehouse_sk
  and inv1.d_moy=3
  and inv2.d_moy=3+1
  and inv1.cov > 1.5
order by inv1.w_warehouse_sk,inv1.i_item_sk,inv1.d_moy,inv1.mean,inv1.cov
        ,inv2.d_moy,inv2.mean, inv2.cov
;
Sort  (cost=147108.71..147108.72 rows=1 width=168) (actual time=2452.315..2452.483 rows=7 loops=1)
  Sort Key: inv1.w_warehouse_sk, inv1.i_item_sk, inv1.mean, inv1.cov, inv2.mean, inv2.cov
  Sort Method: quicksort  Memory: 25kB
  CTE inv
    ->  Subquery Scan on foo  (cost=144577.10..146182.16 rows=19455 width=130) (actual time=1105.787..2432.417 rows=32474 loops=1)
          ->  HashAggregate  (cost=144577.10..145890.34 rows=19455 width=98) (actual time=1105.786..2423.029 rows=32474 loops=1)
                Group Key: warehouse.w_warehouse_name, warehouse.w_warehouse_sk, item.i_item_sk, date_dim.d_moy
                Filter: (CASE avg(inventory.inv_quantity_on_hand) WHEN '0'::numeric THEN '0'::numeric ELSE (stddev_samp(inventory.inv_quantity_on_hand) / avg(inventory.inv_quantity_on_hand)) END > '1'::numeric)
                Batches: 21  Memory Usage: 32825kB  Disk Usage: 121608kB
                Rows Removed by Filter: 507526
                ->  Gather  (cost=3870.75..143701.61 rows=58366 width=38) (actual time=12.436..365.180 rows=2385000 loops=1)
                      Workers Planned: 3
                      Workers Launched: 3
                      ->  Hash Join  (cost=2870.75..136865.01 rows=18828 width=38) (actual time=19.000..744.379 rows=596250 loops=4)
                            Hash Cond: (inventory.inv_warehouse_sk = warehouse.w_warehouse_sk)
                            ->  Hash Join  (cost=2869.64..136772.58 rows=18828 width=24) (actual time=18.766..603.162 rows=596250 loops=4)
                                  Hash Cond: (inventory.inv_item_sk = item.i_item_sk)
                                  ->  Hash Join  (cost=2322.65..136176.16 rows=18828 width=24) (actual time=14.378..506.354 rows=596250 loops=4)
                                        Hash Cond: (inventory.inv_date_sk = date_dim.d_date_sk)
                                        ->  Parallel Seq Scan on inventory  (cost=0.00..123907.26 rows=3788826 width=28) (actual time=0.019..204.603 rows=2936250 loops=4)
                                        ->  Hash  (cost=2318.11..2318.11 rows=363 width=12) (actual time=14.344..14.345 rows=365 loops=4)
                                              Buckets: 1024  Batches: 1  Memory Usage: 26kB
                                              ->  Seq Scan on date_dim  (cost=0.00..2318.11 rows=363 width=12) (actual time=6.736..14.289 rows=365 loops=4)
                                                    Filter: (d_year = 1998)
                                                    Rows Removed by Filter: 72684
                                  ->  Hash  (cost=321.99..321.99 rows=18000 width=8) (actual time=4.269..4.270 rows=18000 loops=4)
                                        Buckets: 32768  Batches: 1  Memory Usage: 960kB
                                        ->  Index Only Scan using pk_item on item  (cost=0.29..321.99 rows=18000 width=8) (actual time=0.086..2.097 rows=18000 loops=4)
                                              Heap Fetches: 0
                            ->  Hash  (cost=1.05..1.05 rows=5 width=22) (actual time=0.032..0.033 rows=5 loops=4)
                                  Buckets: 1024  Batches: 1  Memory Usage: 9kB
                                  ->  Seq Scan on warehouse  (cost=0.00..1.05 rows=5 width=22) (actual time=0.027..0.028 rows=5 loops=4)
  ->  Hash Join  (cost=439.19..926.54 rows=1 width=168) (actual time=2447.751..2452.306 rows=7 loops=1)
        Hash Cond: ((inv1.i_item_sk = inv2.i_item_sk) AND (inv1.w_warehouse_sk = inv2.w_warehouse_sk))
        ->  CTE Scan on inv inv1  (cost=0.00..486.38 rows=32 width=84) (actual time=1107.483..1112.088 rows=129 loops=1)
              Filter: ((cov > 1.5) AND (d_moy = 3))
              Rows Removed by Filter: 32345
        ->  Hash  (cost=437.74..437.74 rows=97 width=84) (actual time=1340.188..1340.188 rows=2097 loops=1)
              Buckets: 4096 (originally 1024)  Batches: 1 (originally 1)  Memory Usage: 179kB
              ->  CTE Scan on inv inv2  (cost=0.00..437.74 rows=97 width=84) (actual time=1.227..1339.709 rows=2097 loops=1)
                    Filter: (d_moy = 4)
                    Rows Removed by Filter: 30377
 w_warehouse_sk | i_item_sk | d_moy |         mean         |        cov         | w_warehouse_sk | i_item_sk | d_moy |         mean         |        cov         
----------------+-----------+-------+----------------------+--------------------+----------------+-----------+-------+----------------------+--------------------
              1 |     15266 |     3 | 293.3333333333333333 | 1.5261321329393727 |              1 |     15266 |     4 | 156.8000000000000000 | 1.2433640495547194
              2 |      4363 |     3 | 267.0000000000000000 | 1.5459138936058614 |              2 |      4363 |     4 | 185.0000000000000000 | 1.4068322625148649
              2 |      8845 |     3 | 254.0000000000000000 | 1.6305772957957677 |              2 |      8845 |     4 | 291.6666666666666667 | 1.2362856812704286
              2 |     12721 |     3 | 112.3333333333333333 | 1.5655090051399585 |              2 |     12721 |     4 | 400.0000000000000000 | 1.0083546829695725
              3 |      5953 |     3 | 265.7500000000000000 | 1.5197114678828786 |              3 |      5953 |     4 | 258.4000000000000000 | 1.0283404187855534
              4 |      2776 |     3 | 160.2500000000000000 | 1.5497558665857348 |              4 |      2776 |     4 | 448.8000000000000000 | 1.0065203993306974
              4 |     10382 |     3 | 138.2500000000000000 | 1.5910172872114141 |              4 |     10382 |     4 | 357.6000000000000000 | 1.0898089082269938
(7 rows)

UPDATE time_statistics SET e_time = TRANSACTION_TIMESTAMP() WHERE template = 'query39.tpl' AND stream = 1;
psql:/tmp/s1-basline/throughput/query_1.sql:4831: NOTICE:  duration: 0.075 ms  plan:
Query Text: UPDATE time_statistics SET e_time = TRANSACTION_TIMESTAMP() WHERE template = 'query39.tpl' AND stream = 1;
Update on time_statistics  (cost=0.00..10.30 rows=0 width=0) (actual time=0.074..0.074 rows=0 loops=1)
  ->  Seq Scan on time_statistics  (cost=0.00..10.30 rows=1 width=14) (actual time=0.033..0.059 rows=1 loops=1)
        Filter: ((template = 'query39.tpl'::text) AND (stream = 1))
        Rows Removed by Filter: 355
UPDATE 1
LOAD 'auto_explain'; SET auto_explain.log_min_duration TO 0; SET auto_explain.log_analyze TO on; SET auto_explain.log_level TO notice; INSERT INTO time_statistics (template, s_time, stream, query, seed) VALUES ('query74.tpl', TRANSACTION_TIMESTAMP(), 1, 99, 187266209);
LOAD
SET
SET
SET
psql:/tmp/s1-basline/throughput/query_1.sql:4832: NOTICE:  duration: 0.008 ms  plan:
Query Text: INSERT INTO time_statistics (template, s_time, stream, query, seed) VALUES ('query74.tpl', TRANSACTION_TIMESTAMP(), 1, 99, 187266209);
Insert on time_statistics  (cost=0.00..0.01 rows=0 width=0) (actual time=0.008..0.008 rows=0 loops=1)
  ->  Result  (cost=0.00..0.01 rows=1 width=64) (actual time=0.001..0.002 rows=1 loops=1)
INSERT 0 1
with year_total as (
 select c_customer_id customer_id
       ,c_first_name customer_first_name
       ,c_last_name customer_last_name
       ,d_year as year
       ,sum(ss_net_paid) year_total
       ,'s' sale_type
 from customer
     ,store_sales
     ,date_dim
 where c_customer_sk = ss_customer_sk
   and ss_sold_date_sk = d_date_sk
   and d_year in (1999,1999+1)
 group by c_customer_id
         ,c_first_name
         ,c_last_name
         ,d_year
 union all
 select c_customer_id customer_id
       ,c_first_name customer_first_name
       ,c_last_name customer_last_name
       ,d_year as year
       ,sum(ws_net_paid) year_total
       ,'w' sale_type
 from customer
     ,web_sales
     ,date_dim
 where c_customer_sk = ws_bill_customer_sk
   and ws_sold_date_sk = d_date_sk
   and d_year in (1999,1999+1)
 group by c_customer_id
         ,c_first_name
         ,c_last_name
         ,d_year
         )
  select 
        t_s_secyear.customer_id, t_s_secyear.customer_first_name, t_s_secyear.customer_last_name
 from year_total t_s_firstyear
     ,year_total t_s_secyear
     ,year_total t_w_firstyear
     ,year_total t_w_secyear
 where t_s_secyear.customer_id = t_s_firstyear.customer_id
         and t_s_firstyear.customer_id = t_w_secyear.customer_id
         and t_s_firstyear.customer_id = t_w_firstyear.customer_id
         and t_s_firstyear.sale_type = 's'
         and t_w_firstyear.sale_type = 'w'
         and t_s_secyear.sale_type = 's'
         and t_w_secyear.sale_type = 'w'
         and t_s_firstyear.year = 1999
         and t_s_secyear.year = 1999+1
         and t_w_firstyear.year = 1999
         and t_w_secyear.year = 1999+1
         and t_s_firstyear.year_total > 0
         and t_w_firstyear.year_total > 0
         and case when t_w_firstyear.year_total > 0 then t_w_secyear.year_total / t_w_firstyear.year_total else null end
           > case when t_s_firstyear.year_total > 0 then t_s_secyear.year_total / t_s_firstyear.year_total else null end
 order by 3,2,1
limit 100;
psql:/tmp/s1-basline/throughput/query_1.sql:4890: NOTICE:  duration: 842435.531 ms  plan:
Query Text: with year_total as (
 select c_customer_id customer_id
       ,c_first_name customer_first_name
       ,c_last_name customer_last_name
       ,d_year as year
       ,sum(ss_net_paid) year_total
       ,'s' sale_type
 from customer
     ,store_sales
     ,date_dim
 where c_customer_sk = ss_customer_sk
   and ss_sold_date_sk = d_date_sk
   and d_year in (1999,1999+1)
 group by c_customer_id
         ,c_first_name
         ,c_last_name
         ,d_year
 union all
 select c_customer_id customer_id
       ,c_first_name customer_first_name
       ,c_last_name customer_last_name
       ,d_year as year
       ,sum(ws_net_paid) year_total
       ,'w' sale_type
 from customer
     ,web_sales
     ,date_dim
 where c_customer_sk = ws_bill_customer_sk
   and ws_sold_date_sk = d_date_sk
   and d_year in (1999,1999+1)
 group by c_customer_id
         ,c_first_name
         ,c_last_name
         ,d_year
         )
  select 
        t_s_secyear.customer_id, t_s_secyear.customer_first_name, t_s_secyear.customer_last_name
 from year_total t_s_firstyear
     ,year_total t_s_secyear
     ,year_total t_w_firstyear
     ,year_total t_w_secyear
 where t_s_secyear.customer_id = t_s_firstyear.customer_id
         and t_s_firstyear.customer_id = t_w_secyear.customer_id
         and t_s_firstyear.customer_id = t_w_firstyear.customer_id
         and t_s_firstyear.sale_type = 's'
         and t_w_firstyear.sale_type = 'w'
         and t_s_secyear.sale_type = 's'
         and t_w_secyear.sale_type = 'w'
         and t_s_firstyear.year = 1999
         and t_s_secyear.year = 1999+1
         and t_w_firstyear.year = 1999
         and t_w_secyear.year = 1999+1
         and t_s_firstyear.year_total > 0
         and t_w_firstyear.year_total > 0
         and case when t_w_firstyear.year_total > 0 then t_w_secyear.year_total / t_w_firstyear.year_total else null end
           > case when t_s_firstyear.year_total > 0 then t_s_secyear.year_total / t_s_firstyear.year_total else null end
 order by 3,2,1
limit 100;
Limit  (cost=138931.47..138931.47 rows=1 width=276) (actual time=842435.240..842435.498 rows=86 loops=1)
  CTE year_total
    ->  Append  (cost=95865.61..135446.88 rows=33186 width=113) (actual time=1816.750..2847.621 rows=99146 loops=1)
          ->  Finalize GroupAggregate  (cost=95865.61..99174.15 rows=26048 width=113) (actual time=1816.748..2238.943 rows=76541 loops=1)
                Group Key: customer.c_customer_id, customer.c_first_name, customer.c_last_name, date_dim.d_year
                ->  Gather Merge  (cost=95865.61..98642.34 rows=21706 width=81) (actual time=1816.736..2204.180 rows=89641 loops=1)
                      Workers Planned: 2
                      Workers Launched: 2
                      ->  Partial GroupAggregate  (cost=94865.59..95136.91 rows=10853 width=81) (actual time=1762.964..2067.925 rows=29880 loops=3)
                            Group Key: customer.c_customer_id, customer.c_first_name, customer.c_last_name, date_dim.d_year
                            ->  Sort  (cost=94865.59..94892.72 rows=10853 width=81) (actual time=1762.941..1970.468 rows=359262 loops=3)
                                  Sort Key: customer.c_customer_id, customer.c_first_name, customer.c_last_name, date_dim.d_year
                                  Sort Method: external merge  Disk: 35968kB
                                  Worker 0:  Sort Method: external merge  Disk: 32736kB
                                  Worker 1:  Sort Method: external merge  Disk: 32488kB
                                  ->  Nested Loop  (cost=2327.47..94138.12 rows=10853 width=81) (actual time=16.091..935.436 rows=359262 loops=3)
                                        ->  Hash Join  (cost=2327.18..90598.60 rows=11370 width=20) (actual time=16.044..342.802 rows=368046 loops=3)
                                              Hash Cond: (store_sales.ss_sold_date_sk = date_dim.d_date_sk)
                                              ->  Parallel Seq Scan on store_sales  (cost=0.00..85123.48 rows=1199148 width=24) (actual time=0.014..128.409 rows=959309 loops=3)
                                              ->  Hash  (cost=2318.11..2318.11 rows=725 width=12) (actual time=15.975..15.976 rows=731 loops=3)
                                                    Buckets: 1024  Batches: 1  Memory Usage: 43kB
                                                    ->  Seq Scan on date_dim  (cost=0.00..2318.11 rows=725 width=12) (actual time=7.700..15.876 rows=731 loops=3)
                                                          Filter: (d_year = ANY ('{1999,2000}'::integer[]))
                                                          Rows Removed by Filter: 72318
                                        ->  Index Scan using pk_customer on customer  (cost=0.29..0.31 rows=1 width=77) (actual time=0.001..0.001 rows=1 loops=1104139)
                                              Index Cond: (c_customer_sk = store_sales.ss_customer_sk)
          ->  Finalize GroupAggregate  (cost=34868.31..35774.94 rows=7138 width=113) (actual time=532.629..602.698 rows=22605 loops=1)
                Group Key: customer_1.c_customer_id, customer_1.c_first_name, customer_1.c_last_name, date_dim_1.d_year
                ->  Gather Merge  (cost=34868.31..35629.21 rows=5948 width=81) (actual time=532.624..593.081 rows=24158 loops=1)
                      Workers Planned: 2
                      Workers Launched: 2
                      ->  Partial GroupAggregate  (cost=33868.29..33942.64 rows=2974 width=81) (actual time=490.823..523.539 rows=8053 loops=3)
                            Group Key: customer_1.c_customer_id, customer_1.c_first_name, customer_1.c_last_name, date_dim_1.d_year
                            ->  Sort  (cost=33868.29..33875.72 rows=2974 width=81) (actual time=490.809..497.712 rows=96105 loops=3)
                                  Sort Key: customer_1.c_customer_id, customer_1.c_first_name, customer_1.c_last_name, date_dim_1.d_year
                                  Sort Method: external merge  Disk: 10520kB
                                  Worker 0:  Sort Method: quicksort  Memory: 13451kB
                                  Worker 1:  Sort Method: quicksort  Memory: 13504kB
                                  ->  Nested Loop  (cost=2327.47..33696.71 rows=2974 width=81) (actual time=15.590..277.586 rows=96105 loops=3)
                                        ->  Hash Join  (cost=2327.18..32758.95 rows=2975 width=20) (actual time=15.543..118.425 rows=96122 loops=3)
                                              Hash Cond: (web_sales.ws_sold_date_sk = date_dim_1.d_date_sk)
                                              ->  Parallel Seq Scan on web_sales  (cost=0.00..29644.81 rows=299781 width=24) (actual time=0.017..47.367 rows=239825 loops=3)
                                              ->  Hash  (cost=2318.11..2318.11 rows=725 width=12) (actual time=15.470..15.471 rows=731 loops=3)
                                                    Buckets: 1024  Batches: 1  Memory Usage: 43kB
                                                    ->  Seq Scan on date_dim date_dim_1  (cost=0.00..2318.11 rows=725 width=12) (actual time=7.499..15.362 rows=731 loops=3)
                                                          Filter: (d_year = ANY ('{1999,2000}'::integer[]))
                                                          Rows Removed by Filter: 72318
                                        ->  Index Scan using pk_customer on customer customer_1  (cost=0.29..0.32 rows=1 width=77) (actual time=0.001..0.001 rows=1 loops=288365)
                                              Index Cond: (c_customer_sk = web_sales.ws_bill_customer_sk)
  ->  Sort  (cost=3484.59..3484.60 rows=1 width=276) (actual time=842435.239..842435.245 rows=86 loops=1)
        Sort Key: t_s_secyear.customer_last_name, t_s_secyear.customer_first_name, t_s_secyear.customer_id
        Sort Method: quicksort  Memory: 36kB
        ->  Nested Loop  (cost=0.00..3484.58 rows=1 width=276) (actual time=10783.278..842434.958 rows=86 loops=1)
              Join Filter: ((t_s_secyear.customer_id = t_w_secyear.customer_id) AND (CASE WHEN (t_w_firstyear.year_total > '0'::double precision) THEN (t_w_secyear.year_total / t_w_firstyear.year_total) ELSE NULL::double precision END > CASE WHEN (t_s_firstyear.year_total > '0'::double precision) THEN (t_s_secyear.year_total / t_s_firstyear.year_total) ELSE NULL::double precision END))
              Rows Removed by Join Filter: 18788638
              ->  Nested Loop  (cost=0.00..2654.91 rows=1 width=436) (actual time=3643.130..821225.772 rows=1671 loops=1)
                    Join Filter: (t_s_secyear.customer_id = t_w_firstyear.customer_id)
                    Rows Removed by Join Filter: 166255203
                    ->  Nested Loop  (cost=0.00..1742.28 rows=1 width=360) (actual time=2894.321..622152.646 rows=14634 loops=1)
                          Join Filter: (t_s_firstyear.customer_id = t_s_secyear.customer_id)
                          Rows Removed by Join Filter: 1464613780
                          ->  CTE Scan on year_total t_s_firstyear  (cost=0.00..912.62 rows=1 width=76) (actual time=1816.777..1838.108 rows=38323 loops=1)
                                Filter: ((year_total > '0'::double precision) AND (sale_type = 's'::text) AND (year = 1999))
                                Rows Removed by Filter: 60823
                          ->  CTE Scan on year_total t_s_secyear  (cost=0.00..829.65 rows=1 width=284) (actual time=0.000..13.504 rows=38218 loops=38323)
                                Filter: ((sale_type = 's'::text) AND (year = 2000))
                                Rows Removed by Filter: 60928
                    ->  CTE Scan on year_total t_w_firstyear  (cost=0.00..912.62 rows=1 width=76) (actual time=9.407..12.816 rows=11361 loops=14634)
                          Filter: ((year_total > '0'::double precision) AND (sale_type = 'w'::text) AND (year = 1999))
                          Rows Removed by Filter: 87785
              ->  CTE Scan on year_total t_w_secyear  (cost=0.00..829.65 rows=1 width=76) (actual time=8.697..11.913 rows=11244 loops=1671)
                    Filter: ((sale_type = 'w'::text) AND (year = 2000))
                    Rows Removed by Filter: 87902
   customer_id    | customer_first_name  |       customer_last_name       
------------------+----------------------+--------------------------------
 AAAAAAAAMDCFAAAA | Angelina             | Adler                         
 AAAAAAAAOBFBAAAA | Leo                  | Alvarado                      
 AAAAAAAABCCNAAAA | James                | Anderson                      
 AAAAAAAAGHGJAAAA | Michael              | Andrews                       
 AAAAAAAAIDDOAAAA | James                | Bartholomew                   
 AAAAAAAAMCCMAAAA | Maureen              | Brooks                        
 AAAAAAAAFMPGBAAA | Joseph               | Brown                         
 AAAAAAAAFDNDAAAA | Ernest               | Bryant                        
 AAAAAAAAECBFBAAA | Donald               | Calvert                       
 AAAAAAAACEPNAAAA | Rhonda               | Cardenas                      
 AAAAAAAAGJAGAAAA | Russell              | Carroll                       
 AAAAAAAAEPHJAAAA | Nadine               | Chambers                      
 AAAAAAAAPCODAAAA | William              | Chavez                        
 AAAAAAAAOCBFBAAA |                      | Clark                         
 AAAAAAAAJDDDAAAA | Edna                 | Cole                          
 AAAAAAAAAGIFBAAA | Charles              | Conklin                       
 AAAAAAAAPAHCBAAA | Chad                 | Curtis                        
 AAAAAAAAEEADAAAA | Debra                | Curtis                        
 AAAAAAAAKPJBAAAA | Manuel               | Davis                         
 AAAAAAAAOKEHBAAA | Theresa              | Dunn                          
 AAAAAAAAMIKNAAAA | Lucille              | Ellis                         
 AAAAAAAAPOBHAAAA | David                | Finney                        
 AAAAAAAAICJIAAAA | Brandon              | Fitzgerald                    
 AAAAAAAAFCALAAAA | Karla                | Flores                        
 AAAAAAAAFMOLAAAA | Emily                | Gaines                        
 AAAAAAAAKOIEAAAA | Matthew              | Garcia                        
 AAAAAAAAMAFKAAAA | Flora                | Greene                        
 AAAAAAAAMANJAAAA | Richard              | Gutierrez                     
 AAAAAAAADBEHAAAA | Andrea               | Hammond                       
 AAAAAAAANLJCAAAA | Deborah              | Harrell                       
 AAAAAAAAHJMFBAAA | Brian                | Hofmann                       
 AAAAAAAAOKLGAAAA | Helen                | Holloway                      
 AAAAAAAANCCHAAAA | Jeffrey              | Hood                          
 AAAAAAAAPPPDAAAA | Martin               | Hudson                        
 AAAAAAAAHFMHBAAA | Grace                | Hutchinson                    
 AAAAAAAANJFGBAAA | Barbara              | James                         
 AAAAAAAALIOBAAAA | Brandy               | John                          
 AAAAAAAAODOFAAAA | Joshua               | Kern                          
 AAAAAAAAKGLCAAAA | Gregory              | King                          
 AAAAAAAAHDMBBAAA | Irwin                | Knight                        
 AAAAAAAAACFHAAAA | Joseph               | Landry                        
 AAAAAAAALBIIAAAA | Richard              | Lang                          
 AAAAAAAABLHEBAAA | Johanna              | Longo                         
 AAAAAAAAOKHABAAA | Robert               | Lozano                        
 AAAAAAAAOJLIAAAA | Jose                 | Macias                        
 AAAAAAAAAEPBBAAA | Joseph               | Mackie                        
 AAAAAAAALMOMAAAA | Melanie              | Maestas                       
 AAAAAAAAHGALAAAA | Jason                | Maloney                       
 AAAAAAAAKJDCAAAA | Agustin              | Martinez                      
 AAAAAAAAENDIAAAA | Linda                | Martinez                      
 AAAAAAAALPKLAAAA | John                 | Mathias                       
 AAAAAAAAHMDBBAAA | Ronald               | Mcgowan                       
 AAAAAAAAOLBIAAAA | Jacquelyn            | Mcgrath                       
 AAAAAAAAMDEBAAAA | Virginia             | Mckenzie                      
 AAAAAAAAFOGCAAAA | Juan                 | Mcrae                         
 AAAAAAAANCCHBAAA | Robyn                | Mitchell                      
 AAAAAAAAGAJFBAAA | Cindy                | Moore                         
 AAAAAAAAFIPAAAAA | Billy                | Mosley                        
 AAAAAAAACDCGBAAA | Robert               | Ng                            
 AAAAAAAAMLOLAAAA | James                | Owen                          
 AAAAAAAALPNGBAAA | Maxine               | Pitts                         
 AAAAAAAALMNOAAAA | David                | Prather                       
 AAAAAAAANIFHAAAA | Wayne                | Reynolds                      
 AAAAAAAAAHOGBAAA | Ralph                | Richardson                    
 AAAAAAAAMCGLAAAA | Erika                | Rollins                       
 AAAAAAAALBMKAAAA | Elaine               | Russell                       
 AAAAAAAAIKFHAAAA | Brian                | Shaffer                       
 AAAAAAAAJKOJAAAA | Julie                | Sheridan                      
 AAAAAAAANGGFBAAA | Norma                | Sherry                        
 AAAAAAAALCIDAAAA | Justin               | Smith                         
 AAAAAAAAJNAHBAAA | Virginia             | Smith                         
 AAAAAAAAEKBGAAAA | Alvin                | Spann                         
 AAAAAAAAJGMDBAAA | Carmella             | Spicer                        
 AAAAAAAADKBFBAAA | Laura                | Stephens                      
 AAAAAAAAAHMABAAA | James                | Stock                         
 AAAAAAAALKCFBAAA | Janel                | Thompson                      
 AAAAAAAABCCEAAAA | Sarah                | Warren                        
 AAAAAAAAOFCAAAAA | Dorothy              | Washington                    
 AAAAAAAAIBEDBAAA | Dorothy              | West                          
 AAAAAAAAECJAAAAA |                      | Williams                      
 AAAAAAAALOAOAAAA | Edward               | Wilson                        
 AAAAAAAACJGNAAAA | Ella                 | Wong                          
 AAAAAAAANHAJAAAA | Joseph               | Yazzie                        
 AAAAAAAADGELAAAA | Wayne                | Zeigler                       
 AAAAAAAAONOJAAAA | James                | 
 AAAAAAAANLEBAAAA |                      | 
(86 rows)

UPDATE time_statistics SET e_time = TRANSACTION_TIMESTAMP() WHERE template = 'query74.tpl' AND stream = 1;
psql:/tmp/s1-basline/throughput/query_1.sql:4892: NOTICE:  duration: 0.090 ms  plan:
Query Text: UPDATE time_statistics SET e_time = TRANSACTION_TIMESTAMP() WHERE template = 'query74.tpl' AND stream = 1;
Update on time_statistics  (cost=0.00..12.86 rows=0 width=0) (actual time=0.089..0.090 rows=0 loops=1)
  ->  Seq Scan on time_statistics  (cost=0.00..12.86 rows=1 width=14) (actual time=0.041..0.078 rows=1 loops=1)
        Filter: ((template = 'query74.tpl'::text) AND (stream = 1))
        Rows Removed by Filter: 396
UPDATE 1
