BEGIN;
BEGIN
EXPLAIN
select
	l_shipmode,
	sum(case
		when o_orderpriority = '1-URGENT'
			or o_orderpriority = '2-HIGH'
			then 1
		else 0
	end) as high_line_count,
	sum(case
		when o_orderpriority <> '1-URGENT'
			and o_orderpriority <> '2-HIGH'
			then 1
		else 0
	end) as low_line_count
from
	orders,
	lineitem
where
	o_orderkey = l_orderkey
	and l_shipmode in ('RAIL', 'MAIL')
	and l_commitdate < l_receiptdate
	and l_shipdate < l_commitdate
	and l_receiptdate >= date '1994-01-01'
	and l_receiptdate < date '1994-01-01' + interval '1 year'
group by
	l_shipmode
order by
	l_shipmode;
                                                                                                QUERY PLAN                                                                                                 
-----------------------------------------------------------------------------------------------------------------------------------------------------------------------------------------------------------
 Finalize GroupAggregate  (cost=760850.14..760851.95 rows=7 width=27)
   Group Key: lineitem.l_shipmode
   ->  Gather Merge  (cost=760850.14..760851.78 rows=14 width=27)
         Workers Planned: 2
         ->  Sort  (cost=759850.12..759850.14 rows=7 width=27)
               Sort Key: lineitem.l_shipmode
               ->  Partial HashAggregate  (cost=759849.95..759850.02 rows=7 width=27)
                     Group Key: lineitem.l_shipmode
                     ->  Parallel Hash Join  (cost=445730.59..757697.33 rows=123007 width=27)
                           Hash Cond: (lineitem.l_orderkey = orders.o_orderkey)
                           ->  Parallel Index Scan using lineitem_l_orderkey_idx_part2 on lineitem  (cost=0.43..273546.28 rows=123007 width=19)
                                 Filter: ((l_shipmode = ANY ('{RAIL,MAIL}'::bpchar[])) AND (l_receiptdate >= '1994-01-01'::date) AND (l_receiptdate < '1995-01-01 00:00:00'::timestamp without time zone))
                           ->  Parallel Hash  (cost=330875.18..330875.18 rows=6255918 width=24)
                                 ->  Parallel Seq Scan on orders  (cost=0.00..330875.18 rows=6255918 width=24)
(14 rows)

COMMIT;
COMMIT
