BEGIN;
BEGIN
explain (analyze, buffers)
select
	n_name,
	sum(l_extendedprice * (1 - l_discount)) as revenue
from
	customer,
	orders,
	lineitem,
	supplier,
	nation,
	region
where
	c_custkey = o_custkey
	and l_orderkey = o_orderkey
	and l_suppkey = s_suppkey
	and c_nationkey = s_nationkey
	and s_nationkey = n_nationkey
	and n_regionkey = r_regionkey
	and r_name = 'ASIA'
	and o_orderdate >= date '1996-01-01'
	and o_orderdate < date '1996-01-01' + interval '1 year'
group by
	n_name
order by
	revenue desc;
                                                                                                            QUERY PLAN                                                                                                             
-----------------------------------------------------------------------------------------------------------------------------------------------------------------------------------------------------------------------------------
 Sort  (cost=2082880.09..2082880.15 rows=25 width=58) (actual time=30327.985..30796.246 rows=5 loops=1)
   Sort Key: (sum((lineitem.l_extendedprice * ('1'::numeric - lineitem.l_discount)))) DESC
   Sort Method: quicksort  Memory: 25kB
   Buffers: shared hit=1661 read=1431425 written=4, temp read=149490 written=150308
   ->  Finalize GroupAggregate  (cost=2082508.94..2082879.51 rows=25 width=58) (actual time=30308.232..30796.187 rows=5 loops=1)
         Group Key: nation.n_name
         Buffers: shared hit=1658 read=1431425 written=4, temp read=149490 written=150308
         ->  Gather Merge  (cost=2082508.94..2082878.82 rows=50 width=58) (actual time=30303.401..30796.134 rows=15 loops=1)
               Workers Planned: 2
               Workers Launched: 2
               Buffers: shared hit=1658 read=1431425 written=4, temp read=149490 written=150308
               ->  Partial GroupAggregate  (cost=2081508.91..2081873.03 rows=25 width=58) (actual time=30287.570..30307.992 rows=5 loops=3)
                     Group Key: nation.n_name
                     Buffers: shared hit=1658 read=1431425 written=4, temp read=149490 written=150308
                     ->  Sort  (cost=2081508.91..2081581.67 rows=29104 width=38) (actual time=30282.945..30286.618 rows=24253 loops=3)
                           Sort Key: nation.n_name
                           Sort Method: quicksort  Memory: 2690kB
                           Buffers: shared hit=1658 read=1431425 written=4, temp read=149490 written=150308
                           Worker 0:  Sort Method: quicksort  Memory: 2663kB
                           Worker 1:  Sort Method: quicksort  Memory: 2636kB
                           ->  Parallel Hash Join  (cost=422290.38..2079351.01 rows=29104 width=38) (actual time=29982.687..30266.719 rows=24253 loops=3)
                                 Hash Cond: ((orders.o_custkey = customer.c_custkey) AND (supplier.s_nationkey = customer.c_nationkey))
                                 Buffers: shared hit=1644 read=1431425 written=4, temp read=149490 written=150308
                                 ->  Parallel Hash Join  (cost=381877.54..2018461.83 rows=727683 width=50) (actual time=26884.039..28953.049 rows=609748 loops=3)
                                       Hash Cond: (lineitem.l_orderkey = orders.o_orderkey)
                                       Buffers: shared hit=1144 read=1427727, temp read=127647 written=128232
                                       ->  Parallel Hash Join  (cost=2248.79..1526940.05 rows=4842298 width=54) (actual time=30.581..20136.758 rows=4007184 loops=3)
                                             Hash Cond: (lineitem.l_suppkey = supplier.s_suppkey)
                                             Buffers: shared hit=1129 read=1158589
                                             ->  Parallel Seq Scan on lineitem  (cost=0.00..1410415.15 rows=25093515 width=24) (actual time=0.045..7522.156 rows=19995260 loops=3)
                                                   Buffers: shared hit=1119 read=1158361
                                             ->  Parallel Hash  (cost=2144.63..2144.63 rows=8333 width=38) (actual time=29.023..29.028 rows=6679 loops=3)
                                                   Buckets: 32768  Batches: 1  Memory Usage: 1728kB
                                                   Buffers: shared hit=10 read=228
                                                   ->  Merge Join  (cost=2.80..2144.63 rows=8333 width=38) (actual time=6.578..23.804 rows=6679 loops=3)
                                                         Merge Cond: (supplier.s_nationkey = nation.n_nationkey)
                                                         Buffers: shared hit=10 read=228
                                                         ->  Parallel Index Only Scan using supplier_s_nationkey_s_suppkey_idx on supplier  (cost=0.29..1912.96 rows=41667 width=8) (actual time=0.139..14.913 rows=29335 loops=3)
                                                               Heap Fetches: 0
                                                               Buffers: shared hit=2 read=222
                                                         ->  Sort  (cost=2.50..2.52 rows=5 width=30) (actual time=0.110..1.809 rows=5351 loops=3)
                                                               Sort Key: nation.n_nationkey
                                                               Sort Method: quicksort  Memory: 25kB
                                                               Buffers: shared hit=8 read=6
                                                               Worker 0:  Sort Method: quicksort  Memory: 25kB
                                                               Worker 1:  Sort Method: quicksort  Memory: 25kB
                                                               ->  Hash Join  (cost=1.07..2.45 rows=5 width=30) (actual time=0.052..0.061 rows=5 loops=3)
                                                                     Hash Cond: (nation.n_regionkey = region.r_regionkey)
                                                                     Buffers: shared hit=4 read=2
                                                                     ->  Seq Scan on nation  (cost=0.00..1.25 rows=25 width=34) (actual time=0.019..0.022 rows=25 loops=3)
                                                                           Buffers: shared hit=2 read=1
                                                                     ->  Hash  (cost=1.06..1.06 rows=1 width=4) (actual time=0.021..0.022 rows=1 loops=3)
                                                                           Buckets: 1024  Batches: 1  Memory Usage: 9kB
                                                                           Buffers: shared hit=2 read=1
                                                                           ->  Seq Scan on region  (cost=0.00..1.06 rows=1 width=4) (actual time=0.017..0.019 rows=1 loops=3)
                                                                                 Filter: (r_name = 'ASIA'::bpchar)
                                                                                 Rows Removed by Filter: 4
                                                                                 Buffers: shared hit=2 read=1
                                       ->  Parallel Hash  (cost=363238.62..363238.62 rows=942890 width=12) (actual time=2693.014..2693.015 rows=760560 loops=3)
                                             Buckets: 131072  Batches: 64  Memory Usage: 2752kB
                                             Buffers: shared read=269123, temp written=10292
                                             ->  Parallel Seq Scan on orders  (cost=0.00..363238.62 rows=942890 width=12) (actual time=0.043..2207.370 rows=760560 loops=3)
                                                   Filter: ((o_orderdate >= '1996-01-01'::date) AND (o_orderdate < '1997-01-01 00:00:00'::timestamp without time zone))
                                                   Rows Removed by Filter: 4239440
                                                   Buffers: shared read=269123
                                 ->  Parallel Hash  (cost=28595.27..28595.27 rows=625038 width=8) (actual time=582.883..582.884 rows=500000 loops=3)
                                       Buckets: 131072  Batches: 32  Memory Usage: 2880kB
                                       Buffers: shared hit=472 read=3698 written=4, temp written=5096
                                       ->  Parallel Index Only Scan using customer_c_nationkey_c_custkey_idx on customer  (cost=0.43..28595.27 rows=625038 width=8) (actual time=0.079..303.490 rows=500000 loops=3)
                                             Heap Fetches: 0
                                             Buffers: shared hit=472 read=3698 written=4
 Planning:
   Buffers: shared hit=757 read=93
 Planning Time: 11.467 ms
 Execution Time: 30797.167 ms
(75 rows)

COMMIT;
COMMIT
